{"name": ".//00/00/create_dir_example_workflow_0_local.out", "timestamp": "2017-01-21T16:35:26.116087", "exitcode": 0, "app_exitcode": 0, "retry": 0, "std_out": "", "std_err": ""}
{"name": ".//00/00/stage_in_local_local_0_0.out", "timestamp": "2017-01-21T16:35:41.873031", "exitcode": 0, "app_exitcode": 0, "retry": 0, "std_out": "", "std_err": ""}
{"name": ".//00/00/stage_in_remote_local_1_1.out", "timestamp": "2017-01-21T16:35:41.954808", "exitcode": 0, "app_exitcode": 0, "retry": 0, "std_out": "", "std_err": ""}
{"name": ".//00/00/stage_in_local_local_1_0.out", "timestamp": "2017-01-21T16:35:42.039226", "exitcode": 0, "app_exitcode": 0, "retry": 0, "std_out": "", "std_err": ""}
{"name": ".//00/00/stage_in_local_local_4_0.out", "timestamp": "2017-01-21T16:35:42.059133", "exitcode": 0, "app_exitcode": 0, "retry": 0, "std_out": "", "std_err": ""}
{"name": ".//00/00/stage_in_local_local_2_0.out", "timestamp": "2017-01-21T16:35:42.097661", "exitcode": 0, "app_exitcode": 0, "retry": 0, "std_out": "", "std_err": ""}
{"name": ".//00/00/stage_in_remote_local_2_0.out", "timestamp": "2017-01-21T16:35:47.141723", "exitcode": 0, "app_exitcode": 0, "retry": 0, "std_out": "", "std_err": ""}
{"name": ".//00/00/stage_in_remote_local_3_0.out", "timestamp": "2017-01-21T16:35:47.240226", "exitcode": 0, "app_exitcode": 0, "retry": 0, "std_out": "", "std_err": ""}
{"name": ".//00/00/stage_in_local_local_3_0.out", "timestamp": "2017-01-21T16:35:47.333252", "exitcode": 0, "app_exitcode": 0, "retry": 0, "std_out": "", "std_err": ""}
{"name": ".//00/00/stage_in_remote_local_1_0.out", "timestamp": "2017-01-21T16:35:47.309672", "exitcode": 0, "app_exitcode": 0, "retry": 0, "std_out": "", "std_err": ""}
{"name": ".//00/00/init_0_ID0000001.out", "timestamp": "2017-01-21T16:41:36.910127", "exitcode": 0, "app_exitcode": 0, "retry": 0, "std_out": "", "std_err": ""}
{"name": ".//00/00/clean_up_local_level_3_0.out", "timestamp": "2017-01-21T16:41:52.262485", "exitcode": 0, "app_exitcode": 0, "retry": 0, "std_out": "", "std_err": ""}
{"name": ".//00/00/computeusergroup_0_ID0000002.out", "timestamp": "2017-01-21T17:37:24.829644", "exitcode": 0, "app_exitcode": 0, "retry": 0, "std_out": "", "std_err": ""}
{"name": ".//00/00/stage_out_local_local_1_0.out", "timestamp": "2017-01-21T17:37:45.650231", "exitcode": 0, "app_exitcode": 0, "retry": 0, "std_out": "", "std_err": ""}
{"name": ".//00/00/clean_up_local_level_4_0.out", "timestamp": "2017-01-21T17:37:45.688032", "exitcode": 0, "app_exitcode": 0, "retry": 0, "std_out": "", "std_err": ""}
{"name": ".//00/00/sessioncompute_0_ID0000003.out", "timestamp": "2017-01-21T17:58:17.092707", "exitcode": 0, "app_exitcode": 0, "retry": 0, "std_out": "", "std_err": ""}
{"name": ".//00/00/clean_up_local_level_5_1.out", "timestamp": "2017-01-21T17:58:36.531876", "exitcode": 0, "app_exitcode": 0, "retry": 0, "std_out": "", "std_err": ""}
{"name": ".//00/00/clean_up_local_level_5_0.out", "timestamp": "2017-01-21T17:58:36.563107", "exitcode": 0, "app_exitcode": 0, "retry": 0, "std_out": "", "std_err": ""}
{"name": ".//00/00/longestsession_0_ID0000004.out", "timestamp": "2017-01-21T17:58:46.726888", "exitcode": 0, "app_exitcode": 0, "retry": 0, "std_out": "", "std_err": ""}
{"name": ".//00/00/terminate_0_ID0000005.out", "timestamp": "2017-01-21T17:59:02.000572", "exitcode": 0, "app_exitcode": 0, "retry": 0, "std_out": "", "std_err": ""}
{"name": ".//00/00/clean_up_local_level_6_0.out", "timestamp": "2017-01-21T17:59:11.286483", "exitcode": 0, "app_exitcode": 0, "retry": 0, "std_out": "", "std_err": ""}
{"name": ".//00/00/clean_up_local_level_7_0.out", "timestamp": "2017-01-21T17:59:16.449461", "exitcode": 0, "app_exitcode": 0, "retry": 0, "std_out": "", "std_err": ""}
