1479856681 INTERNAL *** MONITORD_STARTED ***
1479856679 INTERNAL *** DAGMAN_STARTED 6293.0 ***
1479856683 create_dir_example_workflow_0_local SUBMIT 6294.0 local - 1
1479856688 create_dir_example_workflow_0_local EXECUTE 6294.0 local - 1
1479856688 create_dir_example_workflow_0_local JOB_TERMINATED 6294.0 local - 1
1479856688 create_dir_example_workflow_0_local JOB_SUCCESS 0 local - 1
1479856688 create_dir_example_workflow_0_local POST_SCRIPT_STARTED 6294.0 local - 1
1479856693 create_dir_example_workflow_0_local POST_SCRIPT_TERMINATED 6294.0 local - 1
1479856693 create_dir_example_workflow_0_local POST_SCRIPT_SUCCESS 0 local - 1
1479856699 stage_in_local_local_0_0 SUBMIT 6295.0 local - 2
1479856699 stage_in_local_local_0_0 EXECUTE 6295.0 local - 2
1479856699 stage_in_remote_local_2_1 SUBMIT 6296.0 local - 3
1479856699 stage_in_local_local_6_0 SUBMIT 6297.0 local - 4
1479856699 stage_in_remote_local_5_1 SUBMIT 6298.0 local - 5
1479856699 stage_in_remote_local_5_0 SUBMIT 6299.0 local - 6
1479856704 stage_in_local_local_0_0 JOB_TERMINATED 6295.0 local - 2
1479856704 stage_in_local_local_0_0 JOB_SUCCESS 0 local - 2
1479856704 stage_in_local_local_0_0 POST_SCRIPT_STARTED 6295.0 local - 2
1479856704 stage_in_remote_local_2_1 EXECUTE 6296.0 local - 3
1479856704 stage_in_remote_local_5_0 EXECUTE 6299.0 local - 6
1479856704 stage_in_remote_local_5_1 EXECUTE 6298.0 local - 5
1479856704 stage_in_local_local_6_0 EXECUTE 6297.0 local - 4
1479856704 stage_in_local_local_6_0 JOB_TERMINATED 6297.0 local - 4
1479856704 stage_in_local_local_6_0 JOB_SUCCESS 0 local - 4
1479856704 stage_in_local_local_6_0 POST_SCRIPT_STARTED 6297.0 local - 4
1479856704 stage_in_remote_local_2_1 JOB_TERMINATED 6296.0 local - 3
1479856704 stage_in_remote_local_2_1 JOB_SUCCESS 0 local - 3
1479856704 stage_in_remote_local_2_1 POST_SCRIPT_STARTED 6296.0 local - 3
1479856704 stage_in_local_local_2_0 SUBMIT 6300.0 local - 7
1479856704 stage_in_local_local_2_1 SUBMIT 6301.0 local - 8
1479856704 stage_in_local_local_2_0 EXECUTE 6300.0 local - 7
1479856704 stage_in_local_local_2_1 EXECUTE 6301.0 local - 8
1479856704 stage_in_remote_local_1_0 SUBMIT 6302.0 local - 9
1479856704 stage_in_local_local_3_1 SUBMIT 6303.0 local - 10
1479856704 stage_in_local_local_5_0 SUBMIT 6304.0 local - 11
1479856709 stage_in_local_local_0_0 POST_SCRIPT_TERMINATED 6295.0 local - 2
1479856709 stage_in_local_local_0_0 POST_SCRIPT_SUCCESS 0 local - 2
1479856709 stage_in_remote_local_2_1 POST_SCRIPT_TERMINATED 6296.0 local - 3
1479856709 stage_in_remote_local_2_1 POST_SCRIPT_SUCCESS 0 local - 3
1479856709 stage_in_local_local_6_0 POST_SCRIPT_TERMINATED 6297.0 local - 4
1479856709 stage_in_local_local_6_0 POST_SCRIPT_SUCCESS 0 local - 4
1479856709 stage_in_remote_local_5_0 JOB_TERMINATED 6299.0 local - 6
1479856709 stage_in_remote_local_5_0 JOB_SUCCESS 0 local - 6
1479856709 stage_in_remote_local_5_0 POST_SCRIPT_STARTED 6299.0 local - 6
1479856709 stage_in_remote_local_5_1 JOB_TERMINATED 6298.0 local - 5
1479856709 stage_in_remote_local_5_1 JOB_SUCCESS 0 local - 5
1479856709 stage_in_remote_local_5_1 POST_SCRIPT_STARTED 6298.0 local - 5
1479856709 stage_in_remote_local_1_0 EXECUTE 6302.0 local - 9
1479856709 stage_in_local_local_5_0 EXECUTE 6304.0 local - 11
1479856709 stage_in_local_local_3_1 EXECUTE 6303.0 local - 10
1479856709 stage_in_local_local_2_1 JOB_TERMINATED 6301.0 local - 8
1479856709 stage_in_local_local_2_1 JOB_SUCCESS 0 local - 8
1479856709 stage_in_local_local_2_1 POST_SCRIPT_STARTED 6301.0 local - 8
1479856709 stage_in_remote_local_1_0 JOB_TERMINATED 6302.0 local - 9
1479856709 stage_in_remote_local_1_0 JOB_SUCCESS 0 local - 9
1479856709 stage_in_remote_local_1_0 POST_SCRIPT_STARTED 6302.0 local - 9
1479856709 stage_in_local_local_2_0 JOB_TERMINATED 6300.0 local - 7
1479856709 stage_in_local_local_2_0 JOB_SUCCESS 0 local - 7
1479856709 stage_in_local_local_2_0 POST_SCRIPT_STARTED 6300.0 local - 7
1479856709 stage_in_local_local_3_0 SUBMIT 6305.0 local - 12
1479856709 stage_in_local_local_5_1 SUBMIT 6306.0 local - 13
1479856709 stage_in_local_local_4_0 SUBMIT 6307.0 local - 14
1479856709 stage_in_local_local_7_0 SUBMIT 6308.0 local - 15
1479856709 stage_in_local_local_4_1 SUBMIT 6309.0 local - 16
1479856714 stage_in_local_local_2_1 POST_SCRIPT_TERMINATED 6301.0 local - 8
1479856714 stage_in_local_local_2_1 POST_SCRIPT_SUCCESS 0 local - 8
1479856714 stage_in_local_local_2_0 POST_SCRIPT_TERMINATED 6300.0 local - 7
1479856714 stage_in_local_local_2_0 POST_SCRIPT_SUCCESS 0 local - 7
1479856714 stage_in_remote_local_5_0 POST_SCRIPT_TERMINATED 6299.0 local - 6
1479856714 stage_in_remote_local_5_0 POST_SCRIPT_SUCCESS 0 local - 6
1479856714 stage_in_remote_local_5_1 POST_SCRIPT_TERMINATED 6298.0 local - 5
1479856714 stage_in_remote_local_5_1 POST_SCRIPT_SUCCESS 0 local - 5
1479856714 stage_in_remote_local_1_0 POST_SCRIPT_TERMINATED 6302.0 local - 9
1479856714 stage_in_remote_local_1_0 POST_SCRIPT_SUCCESS 0 local - 9
1479856714 stage_in_local_local_3_1 JOB_TERMINATED 6303.0 local - 10
1479856714 stage_in_local_local_3_1 JOB_SUCCESS 0 local - 10
1479856714 stage_in_local_local_3_1 POST_SCRIPT_STARTED 6303.0 local - 10
1479856714 stage_in_local_local_5_0 JOB_TERMINATED 6304.0 local - 11
1479856714 stage_in_local_local_5_0 JOB_SUCCESS 0 local - 11
1479856714 stage_in_local_local_5_0 POST_SCRIPT_STARTED 6304.0 local - 11
1479856714 stage_in_local_local_3_0 EXECUTE 6305.0 local - 12
1479856714 stage_in_local_local_4_0 EXECUTE 6307.0 local - 14
1479856714 stage_in_local_local_7_0 EXECUTE 6308.0 local - 15
1479856714 stage_in_local_local_5_1 EXECUTE 6306.0 local - 13
1479856714 stage_in_local_local_4_1 EXECUTE 6309.0 local - 16
1479856714 stage_in_local_local_7_0 JOB_TERMINATED 6308.0 local - 15
1479856714 stage_in_local_local_7_0 JOB_SUCCESS 0 local - 15
1479856714 stage_in_local_local_7_0 POST_SCRIPT_STARTED 6308.0 local - 15
1479856714 stage_in_local_local_1_0 SUBMIT 6310.0 local - 17
1479856714 stage_in_remote_local_4_1 SUBMIT 6311.0 local - 18
1479856714 stage_in_remote_local_4_0 SUBMIT 6312.0 local - 19
1479856714 stage_in_remote_local_2_0 SUBMIT 6313.0 local - 20
1479856714 stage_in_remote_local_3_1 SUBMIT 6314.0 local - 21
1479856720 stage_in_local_local_7_0 POST_SCRIPT_TERMINATED 6308.0 local - 15
1479856720 stage_in_local_local_7_0 POST_SCRIPT_SUCCESS 0 local - 15
1479856720 stage_in_local_local_3_1 POST_SCRIPT_TERMINATED 6303.0 local - 10
1479856720 stage_in_local_local_3_1 POST_SCRIPT_SUCCESS 0 local - 10
1479856720 stage_in_local_local_5_0 POST_SCRIPT_TERMINATED 6304.0 local - 11
1479856720 stage_in_local_local_5_0 POST_SCRIPT_SUCCESS 0 local - 11
1479856720 stage_in_local_local_4_0 JOB_TERMINATED 6307.0 local - 14
1479856720 stage_in_local_local_4_0 JOB_SUCCESS 0 local - 14
1479856720 stage_in_local_local_4_0 POST_SCRIPT_STARTED 6307.0 local - 14
1479856720 stage_in_local_local_3_0 JOB_TERMINATED 6305.0 local - 12
1479856720 stage_in_local_local_3_0 JOB_SUCCESS 0 local - 12
1479856720 stage_in_local_local_3_0 POST_SCRIPT_STARTED 6305.0 local - 12
1479856720 stage_in_remote_local_4_1 EXECUTE 6311.0 local - 18
1479856720 stage_in_local_local_4_1 JOB_TERMINATED 6309.0 local - 16
1479856720 stage_in_local_local_4_1 JOB_SUCCESS 0 local - 16
1479856720 stage_in_local_local_4_1 POST_SCRIPT_STARTED 6309.0 local - 16
1479856720 stage_in_local_local_5_1 JOB_TERMINATED 6306.0 local - 13
1479856720 stage_in_local_local_5_1 JOB_SUCCESS 0 local - 13
1479856720 stage_in_local_local_5_1 POST_SCRIPT_STARTED 6306.0 local - 13
1479856720 stage_in_local_local_1_0 EXECUTE 6310.0 local - 17
1479856720 stage_in_remote_local_4_0 EXECUTE 6312.0 local - 19
1479856720 stage_in_remote_local_3_1 EXECUTE 6314.0 local - 21
1479856720 stage_in_remote_local_2_0 EXECUTE 6313.0 local - 20
1479856720 stage_in_local_local_1_0 JOB_TERMINATED 6310.0 local - 17
1479856720 stage_in_local_local_1_0 JOB_SUCCESS 0 local - 17
1479856720 stage_in_local_local_1_0 POST_SCRIPT_STARTED 6310.0 local - 17
1479856720 stage_in_remote_local_3_0 SUBMIT 6315.0 local - 22
1479856720 stage_in_remote_local_6_0 SUBMIT 6316.0 local - 23
1479856720 init_0_ID0000001 SUBMIT 6317.0 condorpool - 24
1479856725 stage_in_remote_local_4_1 JOB_TERMINATED 6311.0 local - 18
1479856725 stage_in_remote_local_4_1 JOB_SUCCESS 0 local - 18
1479856725 stage_in_remote_local_4_1 POST_SCRIPT_STARTED 6311.0 local - 18
1479856725 stage_in_remote_local_4_0 JOB_TERMINATED 6312.0 local - 19
1479856725 stage_in_remote_local_4_0 JOB_SUCCESS 0 local - 19
1479856725 stage_in_remote_local_4_0 POST_SCRIPT_STARTED 6312.0 local - 19
1479856725 stage_in_remote_local_6_0 EXECUTE 6316.0 local - 23
1479856725 stage_in_remote_local_2_0 JOB_TERMINATED 6313.0 local - 20
1479856725 stage_in_remote_local_2_0 JOB_SUCCESS 0 local - 20
1479856725 stage_in_remote_local_2_0 POST_SCRIPT_STARTED 6313.0 local - 20
1479856725 stage_in_remote_local_3_0 EXECUTE 6315.0 local - 22
1479856725 stage_in_remote_local_3_1 JOB_TERMINATED 6314.0 local - 21
1479856725 stage_in_remote_local_3_1 JOB_SUCCESS 0 local - 21
1479856725 stage_in_remote_local_3_1 POST_SCRIPT_STARTED 6314.0 local - 21
1479856725 stage_in_local_local_4_1 POST_SCRIPT_TERMINATED 6309.0 local - 16
1479856725 stage_in_local_local_4_1 POST_SCRIPT_SUCCESS 0 local - 16
1479856725 stage_in_local_local_3_0 POST_SCRIPT_TERMINATED 6305.0 local - 12
1479856725 stage_in_local_local_3_0 POST_SCRIPT_SUCCESS 0 local - 12
1479856725 stage_in_local_local_1_0 POST_SCRIPT_TERMINATED 6310.0 local - 17
1479856725 stage_in_local_local_1_0 POST_SCRIPT_SUCCESS 0 local - 17
1479856725 stage_in_local_local_4_0 POST_SCRIPT_TERMINATED 6307.0 local - 14
1479856725 stage_in_local_local_4_0 POST_SCRIPT_SUCCESS 0 local - 14
1479856725 stage_in_local_local_5_1 POST_SCRIPT_TERMINATED 6306.0 local - 13
1479856725 stage_in_local_local_5_1 POST_SCRIPT_SUCCESS 0 local - 13
1479856725 stage_in_remote_local_6_0 JOB_TERMINATED 6316.0 local - 23
1479856725 stage_in_remote_local_6_0 JOB_SUCCESS 0 local - 23
1479856725 stage_in_remote_local_6_0 POST_SCRIPT_STARTED 6316.0 local - 23
1479856725 stage_in_remote_local_3_0 JOB_TERMINATED 6315.0 local - 22
1479856725 stage_in_remote_local_3_0 JOB_SUCCESS 0 local - 22
1479856725 stage_in_remote_local_3_0 POST_SCRIPT_STARTED 6315.0 local - 22
1479856730 stage_in_remote_local_2_0 POST_SCRIPT_TERMINATED 6313.0 local - 20
1479856730 stage_in_remote_local_2_0 POST_SCRIPT_SUCCESS 0 local - 20
1479856730 stage_in_remote_local_4_1 POST_SCRIPT_TERMINATED 6311.0 local - 18
1479856730 stage_in_remote_local_4_1 POST_SCRIPT_SUCCESS 0 local - 18
1479856730 stage_in_remote_local_3_0 POST_SCRIPT_TERMINATED 6315.0 local - 22
1479856730 stage_in_remote_local_3_0 POST_SCRIPT_SUCCESS 0 local - 22
1479856730 stage_in_remote_local_4_0 POST_SCRIPT_TERMINATED 6312.0 local - 19
1479856730 stage_in_remote_local_4_0 POST_SCRIPT_SUCCESS 0 local - 19
1479856730 stage_in_remote_local_6_0 POST_SCRIPT_TERMINATED 6316.0 local - 23
1479856730 stage_in_remote_local_6_0 POST_SCRIPT_SUCCESS 0 local - 23
1479856730 stage_in_remote_local_3_1 POST_SCRIPT_TERMINATED 6314.0 local - 21
1479856730 stage_in_remote_local_3_1 POST_SCRIPT_SUCCESS 0 local - 21
1479856740 init_0_ID0000001 EXECUTE 6317.0 condorpool - 24
1479857135 init_0_ID0000001 JOB_TERMINATED 6317.0 condorpool - 24
1479857135 init_0_ID0000001 JOB_FAILURE 1 condorpool - 24
1479857135 init_0_ID0000001 POST_SCRIPT_STARTED 6317.0 condorpool - 24
1479857140 init_0_ID0000001 POST_SCRIPT_TERMINATED 6317.0 condorpool - 24
1479857140 init_0_ID0000001 POST_SCRIPT_FAILURE 1 condorpool - 24
1479857145 init_0_ID0000001 SUBMIT 6318.0 condorpool - 25
1479857151 init_0_ID0000001 EXECUTE 6318.0 condorpool - 25
1479857151 init_0_ID0000001 JOB_TERMINATED 6318.0 condorpool - 25
1479857151 init_0_ID0000001 JOB_SUCCESS 0 condorpool - 25
1479857151 init_0_ID0000001 POST_SCRIPT_STARTED 6318.0 condorpool - 25
1479857156 init_0_ID0000001 POST_SCRIPT_TERMINATED 6318.0 condorpool - 25
1479857156 init_0_ID0000001 POST_SCRIPT_SUCCESS 0 condorpool - 25
1479857161 clean_up_local_level_3_0 SUBMIT 6319.0 local - 26
1479857161 clean_up_local_level_3_0 EXECUTE 6319.0 local - 26
1479857161 generalinfo_0_ID0000002 SUBMIT 6320.0 condorpool - 27
1479857166 generalinfo_0_ID0000002 EXECUTE 6320.0 condorpool - 27
1479857166 clean_up_local_level_3_0 JOB_TERMINATED 6319.0 local - 26
1479857166 clean_up_local_level_3_0 JOB_SUCCESS 0 local - 26
1479857166 clean_up_local_level_3_0 POST_SCRIPT_STARTED 6319.0 local - 26
1479857171 clean_up_local_level_3_0 POST_SCRIPT_TERMINATED 6319.0 local - 26
1479857171 clean_up_local_level_3_0 POST_SCRIPT_SUCCESS 0 local - 26
1479860840 generalinfo_0_ID0000002 JOB_TERMINATED 6320.0 condorpool - 27
1479860840 generalinfo_0_ID0000002 JOB_SUCCESS 0 condorpool - 27
1479860840 generalinfo_0_ID0000002 POST_SCRIPT_STARTED 6320.0 condorpool - 27
1479860845 generalinfo_0_ID0000002 POST_SCRIPT_TERMINATED 6320.0 condorpool - 27
1479860845 generalinfo_0_ID0000002 POST_SCRIPT_SUCCESS 0 condorpool - 27
1479860850 clean_up_local_level_4_0 SUBMIT 6321.0 local - 28
1479860850 clean_up_local_level_4_0 EXECUTE 6321.0 local - 28
1479860850 statscpumemory_0_ID0000003 SUBMIT 6322.0 condorpool - 29
1479860850 medianmemory_0_ID0000005 SUBMIT 6323.0 condorpool - 30
1479860850 mediancpu_0_ID0000004 SUBMIT 6324.0 condorpool - 31
1479860855 clean_up_local_level_4_0 JOB_TERMINATED 6321.0 local - 28
1479860855 clean_up_local_level_4_0 JOB_SUCCESS 0 local - 28
1479860855 clean_up_local_level_4_0 POST_SCRIPT_STARTED 6321.0 local - 28
1479860860 clean_up_local_level_4_0 POST_SCRIPT_TERMINATED 6321.0 local - 28
1479860860 clean_up_local_level_4_0 POST_SCRIPT_SUCCESS 0 local - 28
1479860875 statscpumemory_0_ID0000003 EXECUTE 6322.0 condorpool - 29
1479860875 medianmemory_0_ID0000005 EXECUTE 6323.0 condorpool - 30
1479860875 mediancpu_0_ID0000004 EXECUTE 6324.0 condorpool - 31
1479868759 statscpumemory_0_ID0000003 JOB_TERMINATED 6322.0 condorpool - 29
1479868759 statscpumemory_0_ID0000003 JOB_SUCCESS 0 condorpool - 29
1479868759 statscpumemory_0_ID0000003 POST_SCRIPT_STARTED 6322.0 condorpool - 29
1479868764 statscpumemory_0_ID0000003 POST_SCRIPT_TERMINATED 6322.0 condorpool - 29
1479868764 statscpumemory_0_ID0000003 POST_SCRIPT_SUCCESS 0 condorpool - 29
1479869044 medianmemory_0_ID0000005 JOB_TERMINATED 6323.0 condorpool - 30
1479869044 medianmemory_0_ID0000005 JOB_SUCCESS 0 condorpool - 30
1479869044 medianmemory_0_ID0000005 POST_SCRIPT_STARTED 6323.0 condorpool - 30
1479869049 medianmemory_0_ID0000005 POST_SCRIPT_TERMINATED 6323.0 condorpool - 30
1479869049 medianmemory_0_ID0000005 POST_SCRIPT_SUCCESS 0 condorpool - 30
1479869054 clean_up_local_level_5_0 SUBMIT 6325.0 local - 32
1479869059 clean_up_local_level_5_0 EXECUTE 6325.0 local - 32
1479869064 clean_up_local_level_5_0 JOB_TERMINATED 6325.0 local - 32
1479869064 clean_up_local_level_5_0 JOB_SUCCESS 0 local - 32
1479869064 clean_up_local_level_5_0 POST_SCRIPT_STARTED 6325.0 local - 32
1479869069 clean_up_local_level_5_0 POST_SCRIPT_TERMINATED 6325.0 local - 32
1479869069 clean_up_local_level_5_0 POST_SCRIPT_SUCCESS 0 local - 32
1479869180 mediancpu_0_ID0000004 JOB_TERMINATED 6324.0 condorpool - 31
1479869180 mediancpu_0_ID0000004 JOB_SUCCESS 0 condorpool - 31
1479869180 mediancpu_0_ID0000004 POST_SCRIPT_STARTED 6324.0 condorpool - 31
1479869185 mediancpu_0_ID0000004 POST_SCRIPT_TERMINATED 6324.0 condorpool - 31
1479869185 mediancpu_0_ID0000004 POST_SCRIPT_SUCCESS 0 condorpool - 31
1479869190 taskevent_6_ID0000012 SUBMIT 6326.0 condorpool - 33
1479869190 taskevent_0_ID0000006 SUBMIT 6327.0 condorpool - 34
1479869190 taskevent_3_ID0000009 SUBMIT 6328.0 condorpool - 35
1479869190 taskevent_1_ID0000007 SUBMIT 6329.0 condorpool - 36
1479869190 taskevent_5_ID0000011 SUBMIT 6330.0 condorpool - 37
1479869196 taskevent_4_ID0000010 SUBMIT 6331.0 condorpool - 38
1479869196 taskevent_2_ID0000008 SUBMIT 6332.0 condorpool - 39
1479869196 taskevent_8_ID0000014 SUBMIT 6333.0 condorpool - 40
1479869196 taskevent_7_ID0000013 SUBMIT 6334.0 condorpool - 41
1479869196 clean_up_local_level_5_1 SUBMIT 6335.0 local - 42
1479869201 clean_up_local_level_5_1 EXECUTE 6335.0 local - 42
1479869206 taskevent_6_ID0000012 EXECUTE 6326.0 condorpool - 33
1479869206 taskevent_3_ID0000009 EXECUTE 6328.0 condorpool - 35
1479869206 taskevent_0_ID0000006 EXECUTE 6327.0 condorpool - 34
1479869206 taskevent_5_ID0000011 EXECUTE 6330.0 condorpool - 37
1479869206 taskevent_4_ID0000010 EXECUTE 6331.0 condorpool - 38
1479869206 taskevent_2_ID0000008 EXECUTE 6332.0 condorpool - 39
1479869206 taskevent_8_ID0000014 EXECUTE 6333.0 condorpool - 40
1479869206 taskevent_1_ID0000007 EXECUTE 6329.0 condorpool - 36
1479869206 taskevent_7_ID0000013 EXECUTE 6334.0 condorpool - 41
1479869206 taskevent_6_ID0000012 JOB_TERMINATED 6326.0 condorpool - 33
1479869206 taskevent_6_ID0000012 JOB_SUCCESS 0 condorpool - 33
1479869206 taskevent_6_ID0000012 POST_SCRIPT_STARTED 6326.0 condorpool - 33
1479869206 taskevent_7_ID0000013 JOB_TERMINATED 6334.0 condorpool - 41
1479869206 taskevent_7_ID0000013 JOB_SUCCESS 0 condorpool - 41
1479869206 taskevent_7_ID0000013 POST_SCRIPT_STARTED 6334.0 condorpool - 41
1479869206 clean_up_local_level_5_1 JOB_TERMINATED 6335.0 local - 42
1479869206 clean_up_local_level_5_1 JOB_SUCCESS 0 local - 42
1479869206 clean_up_local_level_5_1 POST_SCRIPT_STARTED 6335.0 local - 42
1479869211 taskevent_7_ID0000013 POST_SCRIPT_TERMINATED 6334.0 condorpool - 41
1479869211 taskevent_7_ID0000013 POST_SCRIPT_SUCCESS 0 condorpool - 41
1479869211 taskevent_6_ID0000012 POST_SCRIPT_TERMINATED 6326.0 condorpool - 33
1479869211 taskevent_6_ID0000012 POST_SCRIPT_SUCCESS 0 condorpool - 33
1479869211 clean_up_local_level_5_1 POST_SCRIPT_TERMINATED 6335.0 local - 42
1479869211 clean_up_local_level_5_1 POST_SCRIPT_SUCCESS 0 local - 42
1479870292 taskevent_8_ID0000014 JOB_TERMINATED 6333.0 condorpool - 40
1479870292 taskevent_8_ID0000014 JOB_SUCCESS 0 condorpool - 40
1479870292 taskevent_8_ID0000014 POST_SCRIPT_STARTED 6333.0 condorpool - 40
1479870297 taskevent_8_ID0000014 POST_SCRIPT_TERMINATED 6333.0 condorpool - 40
1479870297 taskevent_8_ID0000014 POST_SCRIPT_SUCCESS 0 condorpool - 40
1479870658 taskevent_2_ID0000008 JOB_TERMINATED 6332.0 condorpool - 39
1479870658 taskevent_2_ID0000008 JOB_SUCCESS 0 condorpool - 39
1479870658 taskevent_2_ID0000008 POST_SCRIPT_STARTED 6332.0 condorpool - 39
1479870663 taskevent_2_ID0000008 POST_SCRIPT_TERMINATED 6332.0 condorpool - 39
1479870663 taskevent_2_ID0000008 POST_SCRIPT_SUCCESS 0 condorpool - 39
1479870938 taskevent_5_ID0000011 JOB_TERMINATED 6330.0 condorpool - 37
1479870938 taskevent_5_ID0000011 JOB_SUCCESS 0 condorpool - 37
1479870938 taskevent_5_ID0000011 POST_SCRIPT_STARTED 6330.0 condorpool - 37
1479870943 taskevent_5_ID0000011 POST_SCRIPT_TERMINATED 6330.0 condorpool - 37
1479870943 taskevent_5_ID0000011 POST_SCRIPT_SUCCESS 0 condorpool - 37
1479871194 taskevent_3_ID0000009 JOB_TERMINATED 6328.0 condorpool - 35
1479871194 taskevent_3_ID0000009 JOB_SUCCESS 0 condorpool - 35
1479871194 taskevent_3_ID0000009 POST_SCRIPT_STARTED 6328.0 condorpool - 35
1479871199 taskevent_3_ID0000009 POST_SCRIPT_TERMINATED 6328.0 condorpool - 35
1479871199 taskevent_3_ID0000009 POST_SCRIPT_SUCCESS 0 condorpool - 35
1479871444 taskevent_4_ID0000010 JOB_TERMINATED 6331.0 condorpool - 38
1479871444 taskevent_4_ID0000010 JOB_SUCCESS 0 condorpool - 38
1479871444 taskevent_4_ID0000010 POST_SCRIPT_STARTED 6331.0 condorpool - 38
1479871449 taskevent_4_ID0000010 POST_SCRIPT_TERMINATED 6331.0 condorpool - 38
1479871449 taskevent_4_ID0000010 POST_SCRIPT_SUCCESS 0 condorpool - 38
1479871454 clean_up_local_level_6_1 SUBMIT 6336.0 local - 43
1479871459 clean_up_local_level_6_1 EXECUTE 6336.0 local - 43
1479871474 clean_up_local_level_6_1 JOB_TERMINATED 6336.0 local - 43
1479871474 clean_up_local_level_6_1 JOB_SUCCESS 0 local - 43
1479871474 clean_up_local_level_6_1 POST_SCRIPT_STARTED 6336.0 local - 43
1479871479 clean_up_local_level_6_1 POST_SCRIPT_TERMINATED 6336.0 local - 43
1479871479 clean_up_local_level_6_1 POST_SCRIPT_SUCCESS 0 local - 43
1479873281 taskevent_1_ID0000007 JOB_TERMINATED 6329.0 condorpool - 36
1479873281 taskevent_1_ID0000007 JOB_SUCCESS 0 condorpool - 36
1479873281 taskevent_1_ID0000007 POST_SCRIPT_STARTED 6329.0 condorpool - 36
1479873286 taskevent_1_ID0000007 POST_SCRIPT_TERMINATED 6329.0 condorpool - 36
1479873286 taskevent_1_ID0000007 POST_SCRIPT_SUCCESS 0 condorpool - 36
1479873306 taskevent_0_ID0000006 JOB_TERMINATED 6327.0 condorpool - 34
1479873306 taskevent_0_ID0000006 JOB_SUCCESS 0 condorpool - 34
1479873306 taskevent_0_ID0000006 POST_SCRIPT_STARTED 6327.0 condorpool - 34
1479873311 taskevent_0_ID0000006 POST_SCRIPT_TERMINATED 6327.0 condorpool - 34
1479873311 taskevent_0_ID0000006 POST_SCRIPT_SUCCESS 0 condorpool - 34
1479873316 clean_up_local_level_6_0 SUBMIT 6337.0 local - 44
1479873316 clean_up_local_level_6_0 EXECUTE 6337.0 local - 44
1479873316 calculateratio_8_ID0000023 SUBMIT 6338.0 condorpool - 45
1479873316 calculateratio_6_ID0000021 SUBMIT 6339.0 condorpool - 46
1479873316 calculateratio_7_ID0000022 SUBMIT 6340.0 condorpool - 47
1479873316 calculateratio_5_ID0000020 SUBMIT 6341.0 condorpool - 48
1479873321 calculateratio_1_ID0000016 SUBMIT 6342.0 condorpool - 49
1479873321 calculateratio_4_ID0000019 SUBMIT 6343.0 condorpool - 50
1479873321 calculateratio_3_ID0000018 SUBMIT 6344.0 condorpool - 51
1479873321 calculateratio_2_ID0000017 SUBMIT 6345.0 condorpool - 52
1479873321 calculateratio_0_ID0000015 SUBMIT 6346.0 condorpool - 53
1479873331 clean_up_local_level_6_0 JOB_TERMINATED 6337.0 local - 44
1479873331 clean_up_local_level_6_0 JOB_SUCCESS 0 local - 44
1479873331 clean_up_local_level_6_0 POST_SCRIPT_STARTED 6337.0 local - 44
1479873336 clean_up_local_level_6_0 POST_SCRIPT_TERMINATED 6337.0 local - 44
1479873336 clean_up_local_level_6_0 POST_SCRIPT_SUCCESS 0 local - 44
1479873341 calculateratio_4_ID0000019 EXECUTE 6343.0 condorpool - 50
1479873341 calculateratio_8_ID0000023 EXECUTE 6338.0 condorpool - 45
1479873341 calculateratio_1_ID0000016 EXECUTE 6342.0 condorpool - 49
1479873341 calculateratio_6_ID0000021 EXECUTE 6339.0 condorpool - 46
1479873341 calculateratio_2_ID0000017 EXECUTE 6345.0 condorpool - 52
1479873341 calculateratio_3_ID0000018 EXECUTE 6344.0 condorpool - 51
1479873341 calculateratio_7_ID0000022 EXECUTE 6340.0 condorpool - 47
1479873341 calculateratio_5_ID0000020 EXECUTE 6341.0 condorpool - 48
1479873341 calculateratio_0_ID0000015 EXECUTE 6346.0 condorpool - 53
1479873341 calculateratio_1_ID0000016 JOB_TERMINATED 6342.0 condorpool - 49
1479873341 calculateratio_1_ID0000016 JOB_SUCCESS 0 condorpool - 49
1479873341 calculateratio_1_ID0000016 POST_SCRIPT_STARTED 6342.0 condorpool - 49
1479873341 calculateratio_4_ID0000019 JOB_TERMINATED 6343.0 condorpool - 50
1479873341 calculateratio_4_ID0000019 JOB_SUCCESS 0 condorpool - 50
1479873341 calculateratio_4_ID0000019 POST_SCRIPT_STARTED 6343.0 condorpool - 50
1479873341 calculateratio_8_ID0000023 JOB_TERMINATED 6338.0 condorpool - 45
1479873341 calculateratio_8_ID0000023 JOB_SUCCESS 0 condorpool - 45
1479873341 calculateratio_8_ID0000023 POST_SCRIPT_STARTED 6338.0 condorpool - 45
1479873341 calculateratio_6_ID0000021 JOB_TERMINATED 6339.0 condorpool - 46
1479873341 calculateratio_6_ID0000021 JOB_SUCCESS 0 condorpool - 46
1479873341 calculateratio_6_ID0000021 POST_SCRIPT_STARTED 6339.0 condorpool - 46
1479873342 calculateratio_2_ID0000017 JOB_TERMINATED 6345.0 condorpool - 52
1479873342 calculateratio_2_ID0000017 JOB_SUCCESS 0 condorpool - 52
1479873342 calculateratio_2_ID0000017 POST_SCRIPT_STARTED 6345.0 condorpool - 52
1479873342 calculateratio_3_ID0000018 JOB_TERMINATED 6344.0 condorpool - 51
1479873342 calculateratio_3_ID0000018 JOB_SUCCESS 0 condorpool - 51
1479873342 calculateratio_3_ID0000018 POST_SCRIPT_STARTED 6344.0 condorpool - 51
1479873342 calculateratio_5_ID0000020 JOB_TERMINATED 6341.0 condorpool - 48
1479873342 calculateratio_5_ID0000020 JOB_SUCCESS 0 condorpool - 48
1479873342 calculateratio_5_ID0000020 POST_SCRIPT_STARTED 6341.0 condorpool - 48
1479873342 calculateratio_7_ID0000022 JOB_TERMINATED 6340.0 condorpool - 47
1479873342 calculateratio_7_ID0000022 JOB_SUCCESS 0 condorpool - 47
1479873342 calculateratio_7_ID0000022 POST_SCRIPT_STARTED 6340.0 condorpool - 47
1479873342 calculateratio_0_ID0000015 JOB_TERMINATED 6346.0 condorpool - 53
1479873342 calculateratio_0_ID0000015 JOB_SUCCESS 0 condorpool - 53
1479873342 calculateratio_0_ID0000015 POST_SCRIPT_STARTED 6346.0 condorpool - 53
1479873347 calculateratio_5_ID0000020 POST_SCRIPT_TERMINATED 6341.0 condorpool - 48
1479873347 calculateratio_5_ID0000020 POST_SCRIPT_SUCCESS 0 condorpool - 48
1479873347 calculateratio_8_ID0000023 POST_SCRIPT_TERMINATED 6338.0 condorpool - 45
1479873347 calculateratio_8_ID0000023 POST_SCRIPT_SUCCESS 0 condorpool - 45
1479873347 calculateratio_3_ID0000018 POST_SCRIPT_TERMINATED 6344.0 condorpool - 51
1479873347 calculateratio_3_ID0000018 POST_SCRIPT_SUCCESS 0 condorpool - 51
1479873347 calculateratio_2_ID0000017 POST_SCRIPT_TERMINATED 6345.0 condorpool - 52
1479873347 calculateratio_2_ID0000017 POST_SCRIPT_SUCCESS 0 condorpool - 52
1479873347 calculateratio_7_ID0000022 POST_SCRIPT_TERMINATED 6340.0 condorpool - 47
1479873347 calculateratio_7_ID0000022 POST_SCRIPT_SUCCESS 0 condorpool - 47
1479873347 calculateratio_1_ID0000016 POST_SCRIPT_TERMINATED 6342.0 condorpool - 49
1479873347 calculateratio_1_ID0000016 POST_SCRIPT_SUCCESS 0 condorpool - 49
1479873347 calculateratio_6_ID0000021 POST_SCRIPT_TERMINATED 6339.0 condorpool - 46
1479873347 calculateratio_6_ID0000021 POST_SCRIPT_SUCCESS 0 condorpool - 46
1479873347 calculateratio_4_ID0000019 POST_SCRIPT_TERMINATED 6343.0 condorpool - 50
1479873347 calculateratio_4_ID0000019 POST_SCRIPT_SUCCESS 0 condorpool - 50
1479873347 calculateratio_0_ID0000015 POST_SCRIPT_TERMINATED 6346.0 condorpool - 53
1479873347 calculateratio_0_ID0000015 POST_SCRIPT_SUCCESS 0 condorpool - 53
1479873352 clean_up_local_level_7_0 SUBMIT 6347.0 local - 54
1479873352 clean_up_local_level_7_1 SUBMIT 6348.0 local - 55
1479873352 clean_up_local_level_7_0 EXECUTE 6347.0 local - 54
1479873352 averageratioevent_1_ID0000025 SUBMIT 6349.0 condorpool - 56
1479873352 averageratioevent_3_ID0000027 SUBMIT 6350.0 condorpool - 57
1479873352 averageratioevent_0_ID0000024 SUBMIT 6351.0 condorpool - 58
1479873357 averageratioevent_1_ID0000025 EXECUTE 6349.0 condorpool - 56
1479873357 averageratioevent_0_ID0000024 EXECUTE 6351.0 condorpool - 58
1479873357 averageratioevent_3_ID0000027 EXECUTE 6350.0 condorpool - 57
1479873357 averageratioevent_1_ID0000025 JOB_TERMINATED 6349.0 condorpool - 56
1479873357 averageratioevent_1_ID0000025 JOB_SUCCESS 0 condorpool - 56
1479873357 averageratioevent_1_ID0000025 POST_SCRIPT_STARTED 6349.0 condorpool - 56
1479873357 averageratioevent_0_ID0000024 JOB_TERMINATED 6351.0 condorpool - 58
1479873357 averageratioevent_0_ID0000024 JOB_SUCCESS 0 condorpool - 58
1479873357 averageratioevent_0_ID0000024 POST_SCRIPT_STARTED 6351.0 condorpool - 58
1479873357 averageratioevent_3_ID0000027 JOB_TERMINATED 6350.0 condorpool - 57
1479873357 averageratioevent_3_ID0000027 JOB_SUCCESS 0 condorpool - 57
1479873357 averageratioevent_3_ID0000027 POST_SCRIPT_STARTED 6350.0 condorpool - 57
1479873357 clean_up_local_level_7_1 EXECUTE 6348.0 local - 55
1479873357 averageratioevent_2_ID0000026 SUBMIT 6352.0 condorpool - 59
1479873362 averageratioevent_1_ID0000025 POST_SCRIPT_TERMINATED 6349.0 condorpool - 56
1479873362 averageratioevent_1_ID0000025 POST_SCRIPT_SUCCESS 0 condorpool - 56
1479873362 averageratioevent_0_ID0000024 POST_SCRIPT_TERMINATED 6351.0 condorpool - 58
1479873362 averageratioevent_0_ID0000024 POST_SCRIPT_SUCCESS 0 condorpool - 58
1479873362 averageratioevent_3_ID0000027 POST_SCRIPT_TERMINATED 6350.0 condorpool - 57
1479873362 averageratioevent_3_ID0000027 POST_SCRIPT_SUCCESS 0 condorpool - 57
1479873362 averageratioevent_2_ID0000026 EXECUTE 6352.0 condorpool - 59
1479873362 averageratioevent_2_ID0000026 JOB_TERMINATED 6352.0 condorpool - 59
1479873362 averageratioevent_2_ID0000026 JOB_SUCCESS 0 condorpool - 59
1479873362 averageratioevent_2_ID0000026 POST_SCRIPT_STARTED 6352.0 condorpool - 59
1479873367 averageratioevent_2_ID0000026 POST_SCRIPT_TERMINATED 6352.0 condorpool - 59
1479873367 averageratioevent_2_ID0000026 POST_SCRIPT_SUCCESS 0 condorpool - 59
1479873367 clean_up_local_level_7_0 JOB_TERMINATED 6347.0 local - 54
1479873367 clean_up_local_level_7_0 JOB_SUCCESS 0 local - 54
1479873367 clean_up_local_level_7_0 POST_SCRIPT_STARTED 6347.0 local - 54
1479873367 clean_up_local_level_8_0 SUBMIT 6353.0 local - 60
1479873372 clean_up_local_level_8_0 EXECUTE 6353.0 local - 60
1479873372 clean_up_local_level_7_0 POST_SCRIPT_TERMINATED 6347.0 local - 54
1479873372 clean_up_local_level_7_0 POST_SCRIPT_SUCCESS 0 local - 54
1479873372 analysisevent_0_ID0000028 SUBMIT 6354.0 condorpool - 61
1479873372 clean_up_local_level_8_1 SUBMIT 6355.0 local - 62
1479873377 analysisevent_0_ID0000028 EXECUTE 6354.0 condorpool - 61
1479873377 clean_up_local_level_7_1 JOB_TERMINATED 6348.0 local - 55
1479873377 clean_up_local_level_7_1 JOB_SUCCESS 0 local - 55
1479873377 clean_up_local_level_7_1 POST_SCRIPT_STARTED 6348.0 local - 55
1479873377 clean_up_local_level_8_1 EXECUTE 6355.0 local - 62
1479873377 analysisevent_0_ID0000028 JOB_TERMINATED 6354.0 condorpool - 61
1479873377 analysisevent_0_ID0000028 JOB_SUCCESS 0 condorpool - 61
1479873377 analysisevent_0_ID0000028 POST_SCRIPT_STARTED 6354.0 condorpool - 61
1479873377 clean_up_local_level_8_0 JOB_TERMINATED 6353.0 local - 60
1479873377 clean_up_local_level_8_0 JOB_SUCCESS 0 local - 60
1479873377 clean_up_local_level_8_0 POST_SCRIPT_STARTED 6353.0 local - 60
1479873382 clean_up_local_level_7_1 POST_SCRIPT_TERMINATED 6348.0 local - 55
1479873382 clean_up_local_level_7_1 POST_SCRIPT_SUCCESS 0 local - 55
1479873382 clean_up_local_level_8_0 POST_SCRIPT_TERMINATED 6353.0 local - 60
1479873382 clean_up_local_level_8_0 POST_SCRIPT_SUCCESS 0 local - 60
1479873382 analysisevent_0_ID0000028 POST_SCRIPT_TERMINATED 6354.0 condorpool - 61
1479873382 analysisevent_0_ID0000028 POST_SCRIPT_SUCCESS 0 condorpool - 61
1479873382 clean_up_local_level_8_1 JOB_TERMINATED 6355.0 local - 62
1479873382 clean_up_local_level_8_1 JOB_SUCCESS 0 local - 62
1479873382 clean_up_local_level_8_1 POST_SCRIPT_STARTED 6355.0 local - 62
1479873387 clean_up_local_level_8_1 POST_SCRIPT_TERMINATED 6355.0 local - 62
1479873387 clean_up_local_level_8_1 POST_SCRIPT_SUCCESS 0 local - 62
1479873387 terminate_0_ID0000029 SUBMIT 6356.0 condorpool - 63
1479873387 clean_up_local_level_9_0 SUBMIT 6357.0 local - 64
1479873392 terminate_0_ID0000029 EXECUTE 6356.0 condorpool - 63
1479873392 terminate_0_ID0000029 JOB_TERMINATED 6356.0 condorpool - 63
1479873392 terminate_0_ID0000029 JOB_SUCCESS 0 condorpool - 63
1479873392 terminate_0_ID0000029 POST_SCRIPT_STARTED 6356.0 condorpool - 63
1479873397 terminate_0_ID0000029 POST_SCRIPT_TERMINATED 6356.0 condorpool - 63
1479873397 terminate_0_ID0000029 POST_SCRIPT_SUCCESS 0 condorpool - 63
1479873397 clean_up_local_level_9_0 EXECUTE 6357.0 local - 64
1479873402 clean_up_local_level_9_0 JOB_TERMINATED 6357.0 local - 64
1479873402 clean_up_local_level_9_0 JOB_SUCCESS 0 local - 64
1479873402 clean_up_local_level_9_0 POST_SCRIPT_STARTED 6357.0 local - 64
1479873402 clean_up_local_level_10_0 SUBMIT 6358.0 local - 65
1479873407 clean_up_local_level_10_0 EXECUTE 6358.0 local - 65
1479873407 clean_up_local_level_9_0 POST_SCRIPT_TERMINATED 6357.0 local - 64
1479873407 clean_up_local_level_9_0 POST_SCRIPT_SUCCESS 0 local - 64
1479873407 clean_up_local_level_10_0 JOB_TERMINATED 6358.0 local - 65
1479873407 clean_up_local_level_10_0 JOB_SUCCESS 0 local - 65
1479873407 clean_up_local_level_10_0 POST_SCRIPT_STARTED 6358.0 local - 65
1479873412 clean_up_local_level_10_0 POST_SCRIPT_TERMINATED 6358.0 local - 65
1479873412 clean_up_local_level_10_0 POST_SCRIPT_SUCCESS 0 local - 65
1479873417 cleanup_example_workflow_0_local SUBMIT 6359.0 local - 66
1479873422 cleanup_example_workflow_0_local EXECUTE 6359.0 local - 66
1479873422 cleanup_example_workflow_0_local JOB_TERMINATED 6359.0 local - 66
1479873422 cleanup_example_workflow_0_local JOB_SUCCESS 0 local - 66
1479873422 INTERNAL *** DAGMAN_FINISHED 0 ***
1479873423 INTERNAL *** MONITORD_FINISHED 0 ***
