11/01/16 13:30:06 ******************************************************
11/01/16 13:30:06 ** condor_scheduniv_exec.1372.0 (CONDOR_DAGMAN) STARTING UP
11/01/16 13:30:06 ** /usr/bin/condor_dagman
11/01/16 13:30:06 ** SubsystemInfo: name=DAGMAN type=DAGMAN(10) class=DAEMON(1)
11/01/16 13:30:06 ** Configuration: subsystem:DAGMAN local:<NONE> class:DAEMON
11/01/16 13:30:06 ** $CondorVersion: 8.4.8 Jun 30 2016 BuildID: 373513 $
11/01/16 13:30:06 ** $CondorPlatform: x86_64_Ubuntu14 $
11/01/16 13:30:06 ** PID = 19300
11/01/16 13:30:06 ** Log last touched time unavailable (No such file or directory)
11/01/16 13:30:06 ******************************************************
11/01/16 13:30:06 Using config source: /etc/condor/condor_config
11/01/16 13:30:06 Using local config sources: 
11/01/16 13:30:06    /etc/condor/condor_config.local
11/01/16 13:30:06 config Macros = 63, Sorted = 63, StringBytes = 2026, TablesBytes = 2308
11/01/16 13:30:06 CLASSAD_CACHING is ENABLED
11/01/16 13:30:06 Daemon Log is logging: D_ALWAYS D_ERROR
11/01/16 13:30:06 DaemonCore: No command port requested.
11/01/16 13:30:06 DAGMAN_USE_STRICT setting: 1
11/01/16 13:30:06 DAGMAN_VERBOSITY setting: 3
11/01/16 13:30:06 DAGMAN_DEBUG_CACHE_SIZE setting: 5242880
11/01/16 13:30:06 DAGMAN_DEBUG_CACHE_ENABLE setting: False
11/01/16 13:30:06 DAGMAN_SUBMIT_DELAY setting: 0
11/01/16 13:30:06 DAGMAN_MAX_SUBMIT_ATTEMPTS setting: 6
11/01/16 13:30:06 DAGMAN_STARTUP_CYCLE_DETECT setting: False
11/01/16 13:30:06 DAGMAN_MAX_SUBMITS_PER_INTERVAL setting: 5
11/01/16 13:30:06 DAGMAN_USER_LOG_SCAN_INTERVAL setting: 5
11/01/16 13:30:06 DAGMAN_DEFAULT_PRIORITY setting: 0
11/01/16 13:30:06 DAGMAN_SUPPRESS_NOTIFICATION setting: True
11/01/16 13:30:06 allow_events (DAGMAN_ALLOW_EVENTS) setting: 114
11/01/16 13:30:06 DAGMAN_RETRY_SUBMIT_FIRST setting: True
11/01/16 13:30:06 DAGMAN_RETRY_NODE_FIRST setting: False
11/01/16 13:30:06 DAGMAN_MAX_JOBS_IDLE setting: 1000
11/01/16 13:30:06 DAGMAN_MAX_JOBS_SUBMITTED setting: 0
11/01/16 13:30:06 DAGMAN_MAX_PRE_SCRIPTS setting: 20
11/01/16 13:30:06 DAGMAN_MAX_POST_SCRIPTS setting: 20
11/01/16 13:30:06 DAGMAN_ALLOW_LOG_ERROR setting: False
11/01/16 13:30:06 DAGMAN_MUNGE_NODE_NAMES setting: True
11/01/16 13:30:06 DAGMAN_PROHIBIT_MULTI_JOBS setting: False
11/01/16 13:30:06 DAGMAN_SUBMIT_DEPTH_FIRST setting: False
11/01/16 13:30:06 DAGMAN_ALWAYS_RUN_POST setting: True
11/01/16 13:30:06 DAGMAN_ABORT_DUPLICATES setting: True
11/01/16 13:30:06 DAGMAN_ABORT_ON_SCARY_SUBMIT setting: True
11/01/16 13:30:06 DAGMAN_PENDING_REPORT_INTERVAL setting: 600
11/01/16 13:30:06 DAGMAN_AUTO_RESCUE setting: True
11/01/16 13:30:06 DAGMAN_MAX_RESCUE_NUM setting: 100
11/01/16 13:30:06 DAGMAN_WRITE_PARTIAL_RESCUE setting: True
11/01/16 13:30:06 DAGMAN_DEFAULT_NODE_LOG setting: @(DAG_DIR)/@(DAG_FILE).nodes.log
11/01/16 13:30:06 DAGMAN_GENERATE_SUBDAG_SUBMITS setting: True
11/01/16 13:30:06 DAGMAN_MAX_JOB_HOLDS setting: 100
11/01/16 13:30:06 DAGMAN_HOLD_CLAIM_TIME setting: 20
11/01/16 13:30:06 ALL_DEBUG setting: 
11/01/16 13:30:06 DAGMAN_DEBUG setting: 
11/01/16 13:30:06 DAGMAN_SUPPRESS_JOB_LOGS setting: False
11/01/16 13:30:06 argv[0] == "condor_scheduniv_exec.1372.0"
11/01/16 13:30:06 argv[1] == "-Lockfile"
11/01/16 13:30:06 argv[2] == "example_workflow-0.dag.lock"
11/01/16 13:30:06 argv[3] == "-AutoRescue"
11/01/16 13:30:06 argv[4] == "1"
11/01/16 13:30:06 argv[5] == "-DoRescueFrom"
11/01/16 13:30:06 argv[6] == "0"
11/01/16 13:30:06 argv[7] == "-Dag"
11/01/16 13:30:06 argv[8] == "example_workflow-0.dag"
11/01/16 13:30:06 argv[9] == "-MaxPost"
11/01/16 13:30:06 argv[10] == "20"
11/01/16 13:30:06 argv[11] == "-Suppress_notification"
11/01/16 13:30:06 argv[12] == "-CsdVersion"
11/01/16 13:30:06 argv[13] == "$CondorVersion: 8.4.8 Jun 30 2016 BuildID: 373513 $"
11/01/16 13:30:06 argv[14] == "-Dagman"
11/01/16 13:30:06 argv[15] == "/usr/bin/condor_dagman"
11/01/16 13:30:06 Warning: failed to get attribute DAGNodeName
11/01/16 13:30:06 DAGMAN_LOG_ON_NFS_IS_ERROR setting: False
11/01/16 13:30:06 Default node log file is: </home/ubuntu/0_experiments/1-postgres-small/1_workflow_full_10files_primary_1sh_1rs_noannot_with_proj_1s/dags/ubuntu/pegasus/example_workflow/20161101T133001+0000/./example_workflow-0.dag.nodes.log>
11/01/16 13:30:06 DAG Lockfile will be written to example_workflow-0.dag.lock
11/01/16 13:30:06 DAG Input file is example_workflow-0.dag
11/01/16 13:30:06 Parsing 1 dagfiles
11/01/16 13:30:06 Parsing example_workflow-0.dag ...
11/01/16 13:30:06 Warning: category stage-in has no throttle value set
11/01/16 13:30:06 Dag contains 41 total jobs
11/01/16 13:30:06 Sleeping for 3 seconds to ensure ProcessId uniqueness
11/01/16 13:30:09 Bootstrapping...
11/01/16 13:30:09 Number of pre-completed nodes: 0
11/01/16 13:30:09 MultiLogFiles: truncating log file /home/ubuntu/0_experiments/1-postgres-small/1_workflow_full_10files_primary_1sh_1rs_noannot_with_proj_1s/dags/ubuntu/pegasus/example_workflow/20161101T133001+0000/./example_workflow-0.dag.nodes.log
11/01/16 13:30:09 DAG status: 0 (DAG_STATUS_OK)
11/01/16 13:30:09 Of 41 nodes total:
11/01/16 13:30:09  Done     Pre   Queued    Post   Ready   Un-Ready   Failed
11/01/16 13:30:09   ===     ===      ===     ===     ===        ===      ===
11/01/16 13:30:09     0       0        0       0       1         40        0
11/01/16 13:30:09 0 job proc(s) currently held
11/01/16 13:30:09 Registering condor_event_timer...
11/01/16 13:30:10 Submitting Condor Node create_dir_example_workflow_0_local job(s)...
11/01/16 13:30:10 Adding a DAGMan workflow log /home/ubuntu/0_experiments/1-postgres-small/1_workflow_full_10files_primary_1sh_1rs_noannot_with_proj_1s/dags/ubuntu/pegasus/example_workflow/20161101T133001+0000/./example_workflow-0.dag.nodes.log
11/01/16 13:30:10 Masking the events recorded in the DAGMAN workflow log
11/01/16 13:30:10 Mask for workflow log is 0,1,2,4,5,7,9,10,11,12,13,16,17,24,27
11/01/16 13:30:10 submitting: /usr/bin/condor_submit -a dag_node_name' '=' 'create_dir_example_workflow_0_local -a +DAGManJobId' '=' '1372 -a DAGManJobId' '=' '1372 -a submit_event_notes' '=' 'DAG' 'Node:' 'create_dir_example_workflow_0_local -a dagman_log' '=' '/home/ubuntu/0_experiments/1-postgres-small/1_workflow_full_10files_primary_1sh_1rs_noannot_with_proj_1s/dags/ubuntu/pegasus/example_workflow/20161101T133001+0000/./example_workflow-0.dag.nodes.log -a +DAGManNodesMask' '=' '"0,1,2,4,5,7,9,10,11,12,13,16,17,24,27" -a DAG_STATUS' '=' '0 -a FAILED_COUNT' '=' '0 -a +DAGParentNodeNames' '=' '"" -a +KeepClaimIdle' '=' '20 -a notification' '=' 'never 00/00/create_dir_example_workflow_0_local.sub
11/01/16 13:30:10 From submit: Submitting job(s).
11/01/16 13:30:10 From submit: 1 job(s) submitted to cluster 1373.
11/01/16 13:30:10 	assigned Condor ID (1373.0.0)
11/01/16 13:30:10 Just submitted 1 job this cycle...
11/01/16 13:30:10 Currently monitoring 1 Condor log file(s)
11/01/16 13:30:10 Reassigning the id of job create_dir_example_workflow_0_local from (1373.0.0) to (1373.0.0)
11/01/16 13:30:10 Event: ULOG_SUBMIT for Condor Node create_dir_example_workflow_0_local (1373.0.0)
11/01/16 13:30:10 Number of idle job procs: 1
11/01/16 13:30:10 DAG status: 0 (DAG_STATUS_OK)
11/01/16 13:30:10 Of 41 nodes total:
11/01/16 13:30:10  Done     Pre   Queued    Post   Ready   Un-Ready   Failed
11/01/16 13:30:10   ===     ===      ===     ===     ===        ===      ===
11/01/16 13:30:10     0       0        1       0       0         40        0
11/01/16 13:30:10 0 job proc(s) currently held
11/01/16 13:30:15 Currently monitoring 1 Condor log file(s)
11/01/16 13:30:15 Event: ULOG_EXECUTE for Condor Node create_dir_example_workflow_0_local (1373.0.0)
11/01/16 13:30:15 Number of idle job procs: 0
11/01/16 13:30:15 Event: ULOG_JOB_TERMINATED for Condor Node create_dir_example_workflow_0_local (1373.0.0)
11/01/16 13:30:15 Number of idle job procs: 0
11/01/16 13:30:15 Node create_dir_example_workflow_0_local job proc (1373.0.0) completed successfully.
11/01/16 13:30:15 Node create_dir_example_workflow_0_local job completed
11/01/16 13:30:15 Running POST script of Node create_dir_example_workflow_0_local...
11/01/16 13:30:15 Warning: mysin has length 0 (ignore if produced by DAGMan; see gittrac #4987, #5031)
11/01/16 13:30:15 DAG status: 0 (DAG_STATUS_OK)
11/01/16 13:30:15 Of 41 nodes total:
11/01/16 13:30:15  Done     Pre   Queued    Post   Ready   Un-Ready   Failed
11/01/16 13:30:15   ===     ===      ===     ===     ===        ===      ===
11/01/16 13:30:15     0       0        0       1       0         40        0
11/01/16 13:30:15 0 job proc(s) currently held
11/01/16 13:30:15 Initializing user log writer for /home/ubuntu/0_experiments/1-postgres-small/1_workflow_full_10files_primary_1sh_1rs_noannot_with_proj_1s/dags/ubuntu/pegasus/example_workflow/20161101T133001+0000/./example_workflow-0.dag.nodes.log, (1373.0.0)
11/01/16 13:30:20 Currently monitoring 1 Condor log file(s)
11/01/16 13:30:20 Event: ULOG_POST_SCRIPT_TERMINATED for Condor Node create_dir_example_workflow_0_local (1373.0.0)
11/01/16 13:30:20 POST Script of Node create_dir_example_workflow_0_local completed successfully.
11/01/16 13:30:20 DAG status: 0 (DAG_STATUS_OK)
11/01/16 13:30:20 Of 41 nodes total:
11/01/16 13:30:20  Done     Pre   Queued    Post   Ready   Un-Ready   Failed
11/01/16 13:30:20   ===     ===      ===     ===     ===        ===      ===
11/01/16 13:30:20     1       0        0       0      20         20        0
11/01/16 13:30:20 0 job proc(s) currently held
11/01/16 13:30:25 Submitting Condor Node stage_in_local_local_0_0 job(s)...
11/01/16 13:30:25 Adding a DAGMan workflow log /home/ubuntu/0_experiments/1-postgres-small/1_workflow_full_10files_primary_1sh_1rs_noannot_with_proj_1s/dags/ubuntu/pegasus/example_workflow/20161101T133001+0000/./example_workflow-0.dag.nodes.log
11/01/16 13:30:25 Masking the events recorded in the DAGMAN workflow log
11/01/16 13:30:25 Mask for workflow log is 0,1,2,4,5,7,9,10,11,12,13,16,17,24,27
11/01/16 13:30:25 submitting: /usr/bin/condor_submit -a dag_node_name' '=' 'stage_in_local_local_0_0 -a +DAGManJobId' '=' '1372 -a DAGManJobId' '=' '1372 -a submit_event_notes' '=' 'DAG' 'Node:' 'stage_in_local_local_0_0 -a dagman_log' '=' '/home/ubuntu/0_experiments/1-postgres-small/1_workflow_full_10files_primary_1sh_1rs_noannot_with_proj_1s/dags/ubuntu/pegasus/example_workflow/20161101T133001+0000/./example_workflow-0.dag.nodes.log -a +DAGManNodesMask' '=' '"0,1,2,4,5,7,9,10,11,12,13,16,17,24,27" -a DAG_STATUS' '=' '0 -a FAILED_COUNT' '=' '0 -a +DAGParentNodeNames' '=' '"create_dir_example_workflow_0_local" -a +KeepClaimIdle' '=' '20 -a notification' '=' 'never 00/00/stage_in_local_local_0_0.sub
11/01/16 13:30:25 From submit: Submitting job(s).
11/01/16 13:30:25 From submit: 1 job(s) submitted to cluster 1374.
11/01/16 13:30:25 	assigned Condor ID (1374.0.0)
11/01/16 13:30:25 Submitting Condor Node stage_in_local_local_6_0 job(s)...
11/01/16 13:30:25 Adding a DAGMan workflow log /home/ubuntu/0_experiments/1-postgres-small/1_workflow_full_10files_primary_1sh_1rs_noannot_with_proj_1s/dags/ubuntu/pegasus/example_workflow/20161101T133001+0000/./example_workflow-0.dag.nodes.log
11/01/16 13:30:25 Masking the events recorded in the DAGMAN workflow log
11/01/16 13:30:25 Mask for workflow log is 0,1,2,4,5,7,9,10,11,12,13,16,17,24,27
11/01/16 13:30:25 submitting: /usr/bin/condor_submit -a dag_node_name' '=' 'stage_in_local_local_6_0 -a +DAGManJobId' '=' '1372 -a DAGManJobId' '=' '1372 -a submit_event_notes' '=' 'DAG' 'Node:' 'stage_in_local_local_6_0 -a dagman_log' '=' '/home/ubuntu/0_experiments/1-postgres-small/1_workflow_full_10files_primary_1sh_1rs_noannot_with_proj_1s/dags/ubuntu/pegasus/example_workflow/20161101T133001+0000/./example_workflow-0.dag.nodes.log -a +DAGManNodesMask' '=' '"0,1,2,4,5,7,9,10,11,12,13,16,17,24,27" -a DAG_STATUS' '=' '0 -a FAILED_COUNT' '=' '0 -a +DAGParentNodeNames' '=' '"create_dir_example_workflow_0_local" -a +KeepClaimIdle' '=' '20 -a notification' '=' 'never 00/00/stage_in_local_local_6_0.sub
11/01/16 13:30:25 From submit: Submitting job(s).
11/01/16 13:30:25 From submit: 1 job(s) submitted to cluster 1375.
11/01/16 13:30:25 	assigned Condor ID (1375.0.0)
11/01/16 13:30:25 Submitting Condor Node stage_in_remote_local_2_1 job(s)...
11/01/16 13:30:25 Adding a DAGMan workflow log /home/ubuntu/0_experiments/1-postgres-small/1_workflow_full_10files_primary_1sh_1rs_noannot_with_proj_1s/dags/ubuntu/pegasus/example_workflow/20161101T133001+0000/./example_workflow-0.dag.nodes.log
11/01/16 13:30:25 Masking the events recorded in the DAGMAN workflow log
11/01/16 13:30:25 Mask for workflow log is 0,1,2,4,5,7,9,10,11,12,13,16,17,24,27
11/01/16 13:30:25 submitting: /usr/bin/condor_submit -a dag_node_name' '=' 'stage_in_remote_local_2_1 -a +DAGManJobId' '=' '1372 -a DAGManJobId' '=' '1372 -a submit_event_notes' '=' 'DAG' 'Node:' 'stage_in_remote_local_2_1 -a dagman_log' '=' '/home/ubuntu/0_experiments/1-postgres-small/1_workflow_full_10files_primary_1sh_1rs_noannot_with_proj_1s/dags/ubuntu/pegasus/example_workflow/20161101T133001+0000/./example_workflow-0.dag.nodes.log -a +DAGManNodesMask' '=' '"0,1,2,4,5,7,9,10,11,12,13,16,17,24,27" -a DAG_STATUS' '=' '0 -a FAILED_COUNT' '=' '0 -a +DAGParentNodeNames' '=' '"create_dir_example_workflow_0_local" -a +KeepClaimIdle' '=' '20 -a notification' '=' 'never 00/00/stage_in_remote_local_2_1.sub
11/01/16 13:30:25 From submit: Submitting job(s).
11/01/16 13:30:25 From submit: 1 job(s) submitted to cluster 1376.
11/01/16 13:30:25 	assigned Condor ID (1376.0.0)
11/01/16 13:30:25 Submitting Condor Node stage_in_remote_local_5_0 job(s)...
11/01/16 13:30:25 Adding a DAGMan workflow log /home/ubuntu/0_experiments/1-postgres-small/1_workflow_full_10files_primary_1sh_1rs_noannot_with_proj_1s/dags/ubuntu/pegasus/example_workflow/20161101T133001+0000/./example_workflow-0.dag.nodes.log
11/01/16 13:30:25 Masking the events recorded in the DAGMAN workflow log
11/01/16 13:30:25 Mask for workflow log is 0,1,2,4,5,7,9,10,11,12,13,16,17,24,27
11/01/16 13:30:25 submitting: /usr/bin/condor_submit -a dag_node_name' '=' 'stage_in_remote_local_5_0 -a +DAGManJobId' '=' '1372 -a DAGManJobId' '=' '1372 -a submit_event_notes' '=' 'DAG' 'Node:' 'stage_in_remote_local_5_0 -a dagman_log' '=' '/home/ubuntu/0_experiments/1-postgres-small/1_workflow_full_10files_primary_1sh_1rs_noannot_with_proj_1s/dags/ubuntu/pegasus/example_workflow/20161101T133001+0000/./example_workflow-0.dag.nodes.log -a +DAGManNodesMask' '=' '"0,1,2,4,5,7,9,10,11,12,13,16,17,24,27" -a DAG_STATUS' '=' '0 -a FAILED_COUNT' '=' '0 -a +DAGParentNodeNames' '=' '"create_dir_example_workflow_0_local" -a +KeepClaimIdle' '=' '20 -a notification' '=' 'never 00/00/stage_in_remote_local_5_0.sub
11/01/16 13:30:25 From submit: Submitting job(s).
11/01/16 13:30:25 From submit: 1 job(s) submitted to cluster 1377.
11/01/16 13:30:25 	assigned Condor ID (1377.0.0)
11/01/16 13:30:25 Submitting Condor Node stage_in_local_local_2_0 job(s)...
11/01/16 13:30:25 Adding a DAGMan workflow log /home/ubuntu/0_experiments/1-postgres-small/1_workflow_full_10files_primary_1sh_1rs_noannot_with_proj_1s/dags/ubuntu/pegasus/example_workflow/20161101T133001+0000/./example_workflow-0.dag.nodes.log
11/01/16 13:30:25 Masking the events recorded in the DAGMAN workflow log
11/01/16 13:30:25 Mask for workflow log is 0,1,2,4,5,7,9,10,11,12,13,16,17,24,27
11/01/16 13:30:25 submitting: /usr/bin/condor_submit -a dag_node_name' '=' 'stage_in_local_local_2_0 -a +DAGManJobId' '=' '1372 -a DAGManJobId' '=' '1372 -a submit_event_notes' '=' 'DAG' 'Node:' 'stage_in_local_local_2_0 -a dagman_log' '=' '/home/ubuntu/0_experiments/1-postgres-small/1_workflow_full_10files_primary_1sh_1rs_noannot_with_proj_1s/dags/ubuntu/pegasus/example_workflow/20161101T133001+0000/./example_workflow-0.dag.nodes.log -a +DAGManNodesMask' '=' '"0,1,2,4,5,7,9,10,11,12,13,16,17,24,27" -a DAG_STATUS' '=' '0 -a FAILED_COUNT' '=' '0 -a +DAGParentNodeNames' '=' '"create_dir_example_workflow_0_local" -a +KeepClaimIdle' '=' '20 -a notification' '=' 'never 00/00/stage_in_local_local_2_0.sub
11/01/16 13:30:25 From submit: Submitting job(s).
11/01/16 13:30:25 From submit: 1 job(s) submitted to cluster 1378.
11/01/16 13:30:25 	assigned Condor ID (1378.0.0)
11/01/16 13:30:25 Just submitted 5 jobs this cycle...
11/01/16 13:30:25 Currently monitoring 1 Condor log file(s)
11/01/16 13:30:25 Reassigning the id of job stage_in_local_local_0_0 from (1374.0.0) to (1374.0.0)
11/01/16 13:30:25 Event: ULOG_SUBMIT for Condor Node stage_in_local_local_0_0 (1374.0.0)
11/01/16 13:30:25 Number of idle job procs: 1
11/01/16 13:30:25 Event: ULOG_EXECUTE for Condor Node stage_in_local_local_0_0 (1374.0.0)
11/01/16 13:30:25 Number of idle job procs: 0
11/01/16 13:30:25 Reassigning the id of job stage_in_local_local_6_0 from (1375.0.0) to (1375.0.0)
11/01/16 13:30:25 Event: ULOG_SUBMIT for Condor Node stage_in_local_local_6_0 (1375.0.0)
11/01/16 13:30:25 Number of idle job procs: 1
11/01/16 13:30:25 Reassigning the id of job stage_in_remote_local_2_1 from (1376.0.0) to (1376.0.0)
11/01/16 13:30:25 Event: ULOG_SUBMIT for Condor Node stage_in_remote_local_2_1 (1376.0.0)
11/01/16 13:30:25 Number of idle job procs: 2
11/01/16 13:30:25 Reassigning the id of job stage_in_remote_local_5_0 from (1377.0.0) to (1377.0.0)
11/01/16 13:30:25 Event: ULOG_SUBMIT for Condor Node stage_in_remote_local_5_0 (1377.0.0)
11/01/16 13:30:25 Number of idle job procs: 3
11/01/16 13:30:25 Reassigning the id of job stage_in_local_local_2_0 from (1378.0.0) to (1378.0.0)
11/01/16 13:30:25 Event: ULOG_SUBMIT for Condor Node stage_in_local_local_2_0 (1378.0.0)
11/01/16 13:30:25 Number of idle job procs: 4
11/01/16 13:30:25 DAG status: 0 (DAG_STATUS_OK)
11/01/16 13:30:25 Of 41 nodes total:
11/01/16 13:30:25  Done     Pre   Queued    Post   Ready   Un-Ready   Failed
11/01/16 13:30:25   ===     ===      ===     ===     ===        ===      ===
11/01/16 13:30:25     1       0        5       0      15         20        0
11/01/16 13:30:25 0 job proc(s) currently held
11/01/16 13:30:30 Submitting Condor Node stage_in_local_local_2_1 job(s)...
11/01/16 13:30:30 Adding a DAGMan workflow log /home/ubuntu/0_experiments/1-postgres-small/1_workflow_full_10files_primary_1sh_1rs_noannot_with_proj_1s/dags/ubuntu/pegasus/example_workflow/20161101T133001+0000/./example_workflow-0.dag.nodes.log
11/01/16 13:30:30 Masking the events recorded in the DAGMAN workflow log
11/01/16 13:30:30 Mask for workflow log is 0,1,2,4,5,7,9,10,11,12,13,16,17,24,27
11/01/16 13:30:30 submitting: /usr/bin/condor_submit -a dag_node_name' '=' 'stage_in_local_local_2_1 -a +DAGManJobId' '=' '1372 -a DAGManJobId' '=' '1372 -a submit_event_notes' '=' 'DAG' 'Node:' 'stage_in_local_local_2_1 -a dagman_log' '=' '/home/ubuntu/0_experiments/1-postgres-small/1_workflow_full_10files_primary_1sh_1rs_noannot_with_proj_1s/dags/ubuntu/pegasus/example_workflow/20161101T133001+0000/./example_workflow-0.dag.nodes.log -a +DAGManNodesMask' '=' '"0,1,2,4,5,7,9,10,11,12,13,16,17,24,27" -a DAG_STATUS' '=' '0 -a FAILED_COUNT' '=' '0 -a +DAGParentNodeNames' '=' '"create_dir_example_workflow_0_local" -a +KeepClaimIdle' '=' '20 -a notification' '=' 'never 00/00/stage_in_local_local_2_1.sub
11/01/16 13:30:30 From submit: Submitting job(s).
11/01/16 13:30:30 From submit: 1 job(s) submitted to cluster 1379.
11/01/16 13:30:30 	assigned Condor ID (1379.0.0)
11/01/16 13:30:30 Submitting Condor Node stage_in_remote_local_1_0 job(s)...
11/01/16 13:30:30 Adding a DAGMan workflow log /home/ubuntu/0_experiments/1-postgres-small/1_workflow_full_10files_primary_1sh_1rs_noannot_with_proj_1s/dags/ubuntu/pegasus/example_workflow/20161101T133001+0000/./example_workflow-0.dag.nodes.log
11/01/16 13:30:30 Masking the events recorded in the DAGMAN workflow log
11/01/16 13:30:30 Mask for workflow log is 0,1,2,4,5,7,9,10,11,12,13,16,17,24,27
11/01/16 13:30:30 submitting: /usr/bin/condor_submit -a dag_node_name' '=' 'stage_in_remote_local_1_0 -a +DAGManJobId' '=' '1372 -a DAGManJobId' '=' '1372 -a submit_event_notes' '=' 'DAG' 'Node:' 'stage_in_remote_local_1_0 -a dagman_log' '=' '/home/ubuntu/0_experiments/1-postgres-small/1_workflow_full_10files_primary_1sh_1rs_noannot_with_proj_1s/dags/ubuntu/pegasus/example_workflow/20161101T133001+0000/./example_workflow-0.dag.nodes.log -a +DAGManNodesMask' '=' '"0,1,2,4,5,7,9,10,11,12,13,16,17,24,27" -a DAG_STATUS' '=' '0 -a FAILED_COUNT' '=' '0 -a +DAGParentNodeNames' '=' '"create_dir_example_workflow_0_local" -a +KeepClaimIdle' '=' '20 -a notification' '=' 'never 00/00/stage_in_remote_local_1_0.sub
11/01/16 13:30:30 From submit: Submitting job(s).
11/01/16 13:30:30 From submit: 1 job(s) submitted to cluster 1380.
11/01/16 13:30:30 	assigned Condor ID (1380.0.0)
11/01/16 13:30:30 Submitting Condor Node stage_in_local_local_5_0 job(s)...
11/01/16 13:30:30 Adding a DAGMan workflow log /home/ubuntu/0_experiments/1-postgres-small/1_workflow_full_10files_primary_1sh_1rs_noannot_with_proj_1s/dags/ubuntu/pegasus/example_workflow/20161101T133001+0000/./example_workflow-0.dag.nodes.log
11/01/16 13:30:30 Masking the events recorded in the DAGMAN workflow log
11/01/16 13:30:30 Mask for workflow log is 0,1,2,4,5,7,9,10,11,12,13,16,17,24,27
11/01/16 13:30:30 submitting: /usr/bin/condor_submit -a dag_node_name' '=' 'stage_in_local_local_5_0 -a +DAGManJobId' '=' '1372 -a DAGManJobId' '=' '1372 -a submit_event_notes' '=' 'DAG' 'Node:' 'stage_in_local_local_5_0 -a dagman_log' '=' '/home/ubuntu/0_experiments/1-postgres-small/1_workflow_full_10files_primary_1sh_1rs_noannot_with_proj_1s/dags/ubuntu/pegasus/example_workflow/20161101T133001+0000/./example_workflow-0.dag.nodes.log -a +DAGManNodesMask' '=' '"0,1,2,4,5,7,9,10,11,12,13,16,17,24,27" -a DAG_STATUS' '=' '0 -a FAILED_COUNT' '=' '0 -a +DAGParentNodeNames' '=' '"create_dir_example_workflow_0_local" -a +KeepClaimIdle' '=' '20 -a notification' '=' 'never 00/00/stage_in_local_local_5_0.sub
11/01/16 13:30:30 From submit: Submitting job(s).
11/01/16 13:30:30 From submit: 1 job(s) submitted to cluster 1381.
11/01/16 13:30:30 	assigned Condor ID (1381.0.0)
11/01/16 13:30:30 Submitting Condor Node stage_in_local_local_3_0 job(s)...
11/01/16 13:30:30 Adding a DAGMan workflow log /home/ubuntu/0_experiments/1-postgres-small/1_workflow_full_10files_primary_1sh_1rs_noannot_with_proj_1s/dags/ubuntu/pegasus/example_workflow/20161101T133001+0000/./example_workflow-0.dag.nodes.log
11/01/16 13:30:30 Masking the events recorded in the DAGMAN workflow log
11/01/16 13:30:30 Mask for workflow log is 0,1,2,4,5,7,9,10,11,12,13,16,17,24,27
11/01/16 13:30:30 submitting: /usr/bin/condor_submit -a dag_node_name' '=' 'stage_in_local_local_3_0 -a +DAGManJobId' '=' '1372 -a DAGManJobId' '=' '1372 -a submit_event_notes' '=' 'DAG' 'Node:' 'stage_in_local_local_3_0 -a dagman_log' '=' '/home/ubuntu/0_experiments/1-postgres-small/1_workflow_full_10files_primary_1sh_1rs_noannot_with_proj_1s/dags/ubuntu/pegasus/example_workflow/20161101T133001+0000/./example_workflow-0.dag.nodes.log -a +DAGManNodesMask' '=' '"0,1,2,4,5,7,9,10,11,12,13,16,17,24,27" -a DAG_STATUS' '=' '0 -a FAILED_COUNT' '=' '0 -a +DAGParentNodeNames' '=' '"create_dir_example_workflow_0_local" -a +KeepClaimIdle' '=' '20 -a notification' '=' 'never 00/00/stage_in_local_local_3_0.sub
11/01/16 13:30:30 From submit: Submitting job(s).
11/01/16 13:30:30 From submit: 1 job(s) submitted to cluster 1382.
11/01/16 13:30:30 	assigned Condor ID (1382.0.0)
11/01/16 13:30:30 Submitting Condor Node stage_in_remote_local_7_0 job(s)...
11/01/16 13:30:30 Adding a DAGMan workflow log /home/ubuntu/0_experiments/1-postgres-small/1_workflow_full_10files_primary_1sh_1rs_noannot_with_proj_1s/dags/ubuntu/pegasus/example_workflow/20161101T133001+0000/./example_workflow-0.dag.nodes.log
11/01/16 13:30:30 Masking the events recorded in the DAGMAN workflow log
11/01/16 13:30:30 Mask for workflow log is 0,1,2,4,5,7,9,10,11,12,13,16,17,24,27
11/01/16 13:30:30 submitting: /usr/bin/condor_submit -a dag_node_name' '=' 'stage_in_remote_local_7_0 -a +DAGManJobId' '=' '1372 -a DAGManJobId' '=' '1372 -a submit_event_notes' '=' 'DAG' 'Node:' 'stage_in_remote_local_7_0 -a dagman_log' '=' '/home/ubuntu/0_experiments/1-postgres-small/1_workflow_full_10files_primary_1sh_1rs_noannot_with_proj_1s/dags/ubuntu/pegasus/example_workflow/20161101T133001+0000/./example_workflow-0.dag.nodes.log -a +DAGManNodesMask' '=' '"0,1,2,4,5,7,9,10,11,12,13,16,17,24,27" -a DAG_STATUS' '=' '0 -a FAILED_COUNT' '=' '0 -a +DAGParentNodeNames' '=' '"create_dir_example_workflow_0_local" -a +KeepClaimIdle' '=' '20 -a notification' '=' 'never 00/00/stage_in_remote_local_7_0.sub
11/01/16 13:30:31 From submit: Submitting job(s).
11/01/16 13:30:31 From submit: 1 job(s) submitted to cluster 1383.
11/01/16 13:30:31 	assigned Condor ID (1383.0.0)
11/01/16 13:30:31 Just submitted 5 jobs this cycle...
11/01/16 13:30:31 Currently monitoring 1 Condor log file(s)
11/01/16 13:30:31 Event: ULOG_JOB_TERMINATED for Condor Node stage_in_local_local_0_0 (1374.0.0)
11/01/16 13:30:31 Number of idle job procs: 4
11/01/16 13:30:31 Node stage_in_local_local_0_0 job proc (1374.0.0) completed successfully.
11/01/16 13:30:31 Node stage_in_local_local_0_0 job completed
11/01/16 13:30:31 Running POST script of Node stage_in_local_local_0_0...
11/01/16 13:30:31 Warning: mysin has length 0 (ignore if produced by DAGMan; see gittrac #4987, #5031)
11/01/16 13:30:31 Event: ULOG_EXECUTE for Condor Node stage_in_local_local_6_0 (1375.0.0)
11/01/16 13:30:31 Number of idle job procs: 3
11/01/16 13:30:31 Event: ULOG_EXECUTE for Condor Node stage_in_local_local_2_0 (1378.0.0)
11/01/16 13:30:31 Number of idle job procs: 2
11/01/16 13:30:31 Event: ULOG_EXECUTE for Condor Node stage_in_remote_local_5_0 (1377.0.0)
11/01/16 13:30:31 Number of idle job procs: 1
11/01/16 13:30:31 Event: ULOG_EXECUTE for Condor Node stage_in_remote_local_2_1 (1376.0.0)
11/01/16 13:30:31 Number of idle job procs: 0
11/01/16 13:30:31 Event: ULOG_JOB_TERMINATED for Condor Node stage_in_local_local_6_0 (1375.0.0)
11/01/16 13:30:31 Number of idle job procs: 0
11/01/16 13:30:31 Node stage_in_local_local_6_0 job proc (1375.0.0) completed successfully.
11/01/16 13:30:31 Node stage_in_local_local_6_0 job completed
11/01/16 13:30:31 Running POST script of Node stage_in_local_local_6_0...
11/01/16 13:30:31 Warning: mysin has length 0 (ignore if produced by DAGMan; see gittrac #4987, #5031)
11/01/16 13:30:31 Event: ULOG_JOB_TERMINATED for Condor Node stage_in_remote_local_5_0 (1377.0.0)
11/01/16 13:30:31 Number of idle job procs: 0
11/01/16 13:30:31 Node stage_in_remote_local_5_0 job proc (1377.0.0) completed successfully.
11/01/16 13:30:31 Node stage_in_remote_local_5_0 job completed
11/01/16 13:30:31 Running POST script of Node stage_in_remote_local_5_0...
11/01/16 13:30:31 Warning: mysin has length 0 (ignore if produced by DAGMan; see gittrac #4987, #5031)
11/01/16 13:30:31 Event: ULOG_JOB_TERMINATED for Condor Node stage_in_remote_local_2_1 (1376.0.0)
11/01/16 13:30:31 Number of idle job procs: 0
11/01/16 13:30:31 Node stage_in_remote_local_2_1 job proc (1376.0.0) completed successfully.
11/01/16 13:30:31 Node stage_in_remote_local_2_1 job completed
11/01/16 13:30:31 Running POST script of Node stage_in_remote_local_2_1...
11/01/16 13:30:31 Warning: mysin has length 0 (ignore if produced by DAGMan; see gittrac #4987, #5031)
11/01/16 13:30:31 Reassigning the id of job stage_in_local_local_2_1 from (1379.0.0) to (1379.0.0)
11/01/16 13:30:31 Event: ULOG_SUBMIT for Condor Node stage_in_local_local_2_1 (1379.0.0)
11/01/16 13:30:31 Number of idle job procs: 1
11/01/16 13:30:31 Reassigning the id of job stage_in_remote_local_1_0 from (1380.0.0) to (1380.0.0)
11/01/16 13:30:31 Event: ULOG_SUBMIT for Condor Node stage_in_remote_local_1_0 (1380.0.0)
11/01/16 13:30:31 Number of idle job procs: 2
11/01/16 13:30:31 Event: ULOG_EXECUTE for Condor Node stage_in_local_local_2_1 (1379.0.0)
11/01/16 13:30:31 Number of idle job procs: 1
11/01/16 13:30:31 Reassigning the id of job stage_in_local_local_5_0 from (1381.0.0) to (1381.0.0)
11/01/16 13:30:31 Event: ULOG_SUBMIT for Condor Node stage_in_local_local_5_0 (1381.0.0)
11/01/16 13:30:31 Number of idle job procs: 2
11/01/16 13:30:31 Event: ULOG_EXECUTE for Condor Node stage_in_remote_local_1_0 (1380.0.0)
11/01/16 13:30:31 Number of idle job procs: 1
11/01/16 13:30:31 Event: ULOG_EXECUTE for Condor Node stage_in_local_local_5_0 (1381.0.0)
11/01/16 13:30:31 Number of idle job procs: 0
11/01/16 13:30:31 Reassigning the id of job stage_in_local_local_3_0 from (1382.0.0) to (1382.0.0)
11/01/16 13:30:31 Event: ULOG_SUBMIT for Condor Node stage_in_local_local_3_0 (1382.0.0)
11/01/16 13:30:31 Number of idle job procs: 1
11/01/16 13:30:31 Reassigning the id of job stage_in_remote_local_7_0 from (1383.0.0) to (1383.0.0)
11/01/16 13:30:31 Event: ULOG_SUBMIT for Condor Node stage_in_remote_local_7_0 (1383.0.0)
11/01/16 13:30:31 Number of idle job procs: 2
11/01/16 13:30:31 DAG status: 0 (DAG_STATUS_OK)
11/01/16 13:30:31 Of 41 nodes total:
11/01/16 13:30:31  Done     Pre   Queued    Post   Ready   Un-Ready   Failed
11/01/16 13:30:31   ===     ===      ===     ===     ===        ===      ===
11/01/16 13:30:31     1       0        6       4      10         20        0
11/01/16 13:30:31 0 job proc(s) currently held
11/01/16 13:30:31 Initializing user log writer for /home/ubuntu/0_experiments/1-postgres-small/1_workflow_full_10files_primary_1sh_1rs_noannot_with_proj_1s/dags/ubuntu/pegasus/example_workflow/20161101T133001+0000/./example_workflow-0.dag.nodes.log, (1376.0.0)
11/01/16 13:30:31 Initializing user log writer for /home/ubuntu/0_experiments/1-postgres-small/1_workflow_full_10files_primary_1sh_1rs_noannot_with_proj_1s/dags/ubuntu/pegasus/example_workflow/20161101T133001+0000/./example_workflow-0.dag.nodes.log, (1377.0.0)
11/01/16 13:30:31 Initializing user log writer for /home/ubuntu/0_experiments/1-postgres-small/1_workflow_full_10files_primary_1sh_1rs_noannot_with_proj_1s/dags/ubuntu/pegasus/example_workflow/20161101T133001+0000/./example_workflow-0.dag.nodes.log, (1375.0.0)
11/01/16 13:30:32 Initializing user log writer for /home/ubuntu/0_experiments/1-postgres-small/1_workflow_full_10files_primary_1sh_1rs_noannot_with_proj_1s/dags/ubuntu/pegasus/example_workflow/20161101T133001+0000/./example_workflow-0.dag.nodes.log, (1374.0.0)
11/01/16 13:30:36 Submitting Condor Node stage_in_local_local_4_0 job(s)...
11/01/16 13:30:36 Adding a DAGMan workflow log /home/ubuntu/0_experiments/1-postgres-small/1_workflow_full_10files_primary_1sh_1rs_noannot_with_proj_1s/dags/ubuntu/pegasus/example_workflow/20161101T133001+0000/./example_workflow-0.dag.nodes.log
11/01/16 13:30:36 Masking the events recorded in the DAGMAN workflow log
11/01/16 13:30:36 Mask for workflow log is 0,1,2,4,5,7,9,10,11,12,13,16,17,24,27
11/01/16 13:30:36 submitting: /usr/bin/condor_submit -a dag_node_name' '=' 'stage_in_local_local_4_0 -a +DAGManJobId' '=' '1372 -a DAGManJobId' '=' '1372 -a submit_event_notes' '=' 'DAG' 'Node:' 'stage_in_local_local_4_0 -a dagman_log' '=' '/home/ubuntu/0_experiments/1-postgres-small/1_workflow_full_10files_primary_1sh_1rs_noannot_with_proj_1s/dags/ubuntu/pegasus/example_workflow/20161101T133001+0000/./example_workflow-0.dag.nodes.log -a +DAGManNodesMask' '=' '"0,1,2,4,5,7,9,10,11,12,13,16,17,24,27" -a DAG_STATUS' '=' '0 -a FAILED_COUNT' '=' '0 -a +DAGParentNodeNames' '=' '"create_dir_example_workflow_0_local" -a +KeepClaimIdle' '=' '20 -a notification' '=' 'never 00/00/stage_in_local_local_4_0.sub
11/01/16 13:30:36 From submit: Submitting job(s).
11/01/16 13:30:36 From submit: 1 job(s) submitted to cluster 1384.
11/01/16 13:30:36 	assigned Condor ID (1384.0.0)
11/01/16 13:30:36 Submitting Condor Node stage_in_local_local_1_0 job(s)...
11/01/16 13:30:36 Adding a DAGMan workflow log /home/ubuntu/0_experiments/1-postgres-small/1_workflow_full_10files_primary_1sh_1rs_noannot_with_proj_1s/dags/ubuntu/pegasus/example_workflow/20161101T133001+0000/./example_workflow-0.dag.nodes.log
11/01/16 13:30:36 Masking the events recorded in the DAGMAN workflow log
11/01/16 13:30:36 Mask for workflow log is 0,1,2,4,5,7,9,10,11,12,13,16,17,24,27
11/01/16 13:30:36 submitting: /usr/bin/condor_submit -a dag_node_name' '=' 'stage_in_local_local_1_0 -a +DAGManJobId' '=' '1372 -a DAGManJobId' '=' '1372 -a submit_event_notes' '=' 'DAG' 'Node:' 'stage_in_local_local_1_0 -a dagman_log' '=' '/home/ubuntu/0_experiments/1-postgres-small/1_workflow_full_10files_primary_1sh_1rs_noannot_with_proj_1s/dags/ubuntu/pegasus/example_workflow/20161101T133001+0000/./example_workflow-0.dag.nodes.log -a +DAGManNodesMask' '=' '"0,1,2,4,5,7,9,10,11,12,13,16,17,24,27" -a DAG_STATUS' '=' '0 -a FAILED_COUNT' '=' '0 -a +DAGParentNodeNames' '=' '"create_dir_example_workflow_0_local" -a +KeepClaimIdle' '=' '20 -a notification' '=' 'never 00/00/stage_in_local_local_1_0.sub
11/01/16 13:30:36 From submit: Submitting job(s).
11/01/16 13:30:36 From submit: 1 job(s) submitted to cluster 1385.
11/01/16 13:30:36 	assigned Condor ID (1385.0.0)
11/01/16 13:30:36 Submitting Condor Node stage_in_local_local_7_0 job(s)...
11/01/16 13:30:36 Adding a DAGMan workflow log /home/ubuntu/0_experiments/1-postgres-small/1_workflow_full_10files_primary_1sh_1rs_noannot_with_proj_1s/dags/ubuntu/pegasus/example_workflow/20161101T133001+0000/./example_workflow-0.dag.nodes.log
11/01/16 13:30:36 Masking the events recorded in the DAGMAN workflow log
11/01/16 13:30:36 Mask for workflow log is 0,1,2,4,5,7,9,10,11,12,13,16,17,24,27
11/01/16 13:30:36 submitting: /usr/bin/condor_submit -a dag_node_name' '=' 'stage_in_local_local_7_0 -a +DAGManJobId' '=' '1372 -a DAGManJobId' '=' '1372 -a submit_event_notes' '=' 'DAG' 'Node:' 'stage_in_local_local_7_0 -a dagman_log' '=' '/home/ubuntu/0_experiments/1-postgres-small/1_workflow_full_10files_primary_1sh_1rs_noannot_with_proj_1s/dags/ubuntu/pegasus/example_workflow/20161101T133001+0000/./example_workflow-0.dag.nodes.log -a +DAGManNodesMask' '=' '"0,1,2,4,5,7,9,10,11,12,13,16,17,24,27" -a DAG_STATUS' '=' '0 -a FAILED_COUNT' '=' '0 -a +DAGParentNodeNames' '=' '"create_dir_example_workflow_0_local" -a +KeepClaimIdle' '=' '20 -a notification' '=' 'never 00/00/stage_in_local_local_7_0.sub
11/01/16 13:30:36 From submit: Submitting job(s).
11/01/16 13:30:36 From submit: 1 job(s) submitted to cluster 1386.
11/01/16 13:30:36 	assigned Condor ID (1386.0.0)
11/01/16 13:30:36 Submitting Condor Node stage_in_remote_local_4_1 job(s)...
11/01/16 13:30:36 Adding a DAGMan workflow log /home/ubuntu/0_experiments/1-postgres-small/1_workflow_full_10files_primary_1sh_1rs_noannot_with_proj_1s/dags/ubuntu/pegasus/example_workflow/20161101T133001+0000/./example_workflow-0.dag.nodes.log
11/01/16 13:30:36 Masking the events recorded in the DAGMAN workflow log
11/01/16 13:30:36 Mask for workflow log is 0,1,2,4,5,7,9,10,11,12,13,16,17,24,27
11/01/16 13:30:36 submitting: /usr/bin/condor_submit -a dag_node_name' '=' 'stage_in_remote_local_4_1 -a +DAGManJobId' '=' '1372 -a DAGManJobId' '=' '1372 -a submit_event_notes' '=' 'DAG' 'Node:' 'stage_in_remote_local_4_1 -a dagman_log' '=' '/home/ubuntu/0_experiments/1-postgres-small/1_workflow_full_10files_primary_1sh_1rs_noannot_with_proj_1s/dags/ubuntu/pegasus/example_workflow/20161101T133001+0000/./example_workflow-0.dag.nodes.log -a +DAGManNodesMask' '=' '"0,1,2,4,5,7,9,10,11,12,13,16,17,24,27" -a DAG_STATUS' '=' '0 -a FAILED_COUNT' '=' '0 -a +DAGParentNodeNames' '=' '"create_dir_example_workflow_0_local" -a +KeepClaimIdle' '=' '20 -a notification' '=' 'never 00/00/stage_in_remote_local_4_1.sub
11/01/16 13:30:36 From submit: Submitting job(s).
11/01/16 13:30:36 From submit: 1 job(s) submitted to cluster 1387.
11/01/16 13:30:36 	assigned Condor ID (1387.0.0)
11/01/16 13:30:36 Submitting Condor Node stage_in_remote_local_4_0 job(s)...
11/01/16 13:30:36 Adding a DAGMan workflow log /home/ubuntu/0_experiments/1-postgres-small/1_workflow_full_10files_primary_1sh_1rs_noannot_with_proj_1s/dags/ubuntu/pegasus/example_workflow/20161101T133001+0000/./example_workflow-0.dag.nodes.log
11/01/16 13:30:36 Masking the events recorded in the DAGMAN workflow log
11/01/16 13:30:36 Mask for workflow log is 0,1,2,4,5,7,9,10,11,12,13,16,17,24,27
11/01/16 13:30:36 submitting: /usr/bin/condor_submit -a dag_node_name' '=' 'stage_in_remote_local_4_0 -a +DAGManJobId' '=' '1372 -a DAGManJobId' '=' '1372 -a submit_event_notes' '=' 'DAG' 'Node:' 'stage_in_remote_local_4_0 -a dagman_log' '=' '/home/ubuntu/0_experiments/1-postgres-small/1_workflow_full_10files_primary_1sh_1rs_noannot_with_proj_1s/dags/ubuntu/pegasus/example_workflow/20161101T133001+0000/./example_workflow-0.dag.nodes.log -a +DAGManNodesMask' '=' '"0,1,2,4,5,7,9,10,11,12,13,16,17,24,27" -a DAG_STATUS' '=' '0 -a FAILED_COUNT' '=' '0 -a +DAGParentNodeNames' '=' '"create_dir_example_workflow_0_local" -a +KeepClaimIdle' '=' '20 -a notification' '=' 'never 00/00/stage_in_remote_local_4_0.sub
11/01/16 13:30:36 From submit: Submitting job(s).
11/01/16 13:30:36 From submit: 1 job(s) submitted to cluster 1388.
11/01/16 13:30:36 	assigned Condor ID (1388.0.0)
11/01/16 13:30:36 Just submitted 5 jobs this cycle...
11/01/16 13:30:36 Currently monitoring 1 Condor log file(s)
11/01/16 13:30:36 Event: ULOG_POST_SCRIPT_TERMINATED for Condor Node stage_in_remote_local_2_1 (1376.0.0)
11/01/16 13:30:36 POST Script of Node stage_in_remote_local_2_1 completed successfully.
11/01/16 13:30:36 Event: ULOG_POST_SCRIPT_TERMINATED for Condor Node stage_in_remote_local_5_0 (1377.0.0)
11/01/16 13:30:36 POST Script of Node stage_in_remote_local_5_0 completed successfully.
11/01/16 13:30:36 Event: ULOG_POST_SCRIPT_TERMINATED for Condor Node stage_in_local_local_6_0 (1375.0.0)
11/01/16 13:30:36 POST Script of Node stage_in_local_local_6_0 completed successfully.
11/01/16 13:30:36 Event: ULOG_POST_SCRIPT_TERMINATED for Condor Node stage_in_local_local_0_0 (1374.0.0)
11/01/16 13:30:36 POST Script of Node stage_in_local_local_0_0 completed successfully.
11/01/16 13:30:36 Event: ULOG_JOB_TERMINATED for Condor Node stage_in_local_local_2_0 (1378.0.0)
11/01/16 13:30:36 Number of idle job procs: 2
11/01/16 13:30:36 Node stage_in_local_local_2_0 job proc (1378.0.0) completed successfully.
11/01/16 13:30:36 Node stage_in_local_local_2_0 job completed
11/01/16 13:30:36 Running POST script of Node stage_in_local_local_2_0...
11/01/16 13:30:36 Warning: mysin has length 0 (ignore if produced by DAGMan; see gittrac #4987, #5031)
11/01/16 13:30:36 Event: ULOG_EXECUTE for Condor Node stage_in_local_local_3_0 (1382.0.0)
11/01/16 13:30:36 Number of idle job procs: 1
11/01/16 13:30:36 Event: ULOG_EXECUTE for Condor Node stage_in_remote_local_7_0 (1383.0.0)
11/01/16 13:30:36 Number of idle job procs: 0
11/01/16 13:30:36 Event: ULOG_JOB_TERMINATED for Condor Node stage_in_remote_local_1_0 (1380.0.0)
11/01/16 13:30:36 Number of idle job procs: 0
11/01/16 13:30:36 Node stage_in_remote_local_1_0 job proc (1380.0.0) completed successfully.
11/01/16 13:30:36 Node stage_in_remote_local_1_0 job completed
11/01/16 13:30:36 Running POST script of Node stage_in_remote_local_1_0...
11/01/16 13:30:36 Warning: mysin has length 0 (ignore if produced by DAGMan; see gittrac #4987, #5031)
11/01/16 13:30:36 Event: ULOG_JOB_TERMINATED for Condor Node stage_in_local_local_2_1 (1379.0.0)
11/01/16 13:30:36 Number of idle job procs: 0
11/01/16 13:30:36 Node stage_in_local_local_2_1 job proc (1379.0.0) completed successfully.
11/01/16 13:30:36 Node stage_in_local_local_2_1 job completed
11/01/16 13:30:36 Running POST script of Node stage_in_local_local_2_1...
11/01/16 13:30:36 Warning: mysin has length 0 (ignore if produced by DAGMan; see gittrac #4987, #5031)
11/01/16 13:30:36 Event: ULOG_JOB_TERMINATED for Condor Node stage_in_local_local_5_0 (1381.0.0)
11/01/16 13:30:36 Number of idle job procs: 0
11/01/16 13:30:36 Node stage_in_local_local_5_0 job proc (1381.0.0) completed successfully.
11/01/16 13:30:36 Node stage_in_local_local_5_0 job completed
11/01/16 13:30:36 Running POST script of Node stage_in_local_local_5_0...
11/01/16 13:30:36 Warning: mysin has length 0 (ignore if produced by DAGMan; see gittrac #4987, #5031)
11/01/16 13:30:36 Event: ULOG_JOB_TERMINATED for Condor Node stage_in_local_local_3_0 (1382.0.0)
11/01/16 13:30:36 Number of idle job procs: 0
11/01/16 13:30:36 Node stage_in_local_local_3_0 job proc (1382.0.0) completed successfully.
11/01/16 13:30:36 Node stage_in_local_local_3_0 job completed
11/01/16 13:30:36 Running POST script of Node stage_in_local_local_3_0...
11/01/16 13:30:36 Warning: mysin has length 0 (ignore if produced by DAGMan; see gittrac #4987, #5031)
11/01/16 13:30:36 Event: ULOG_JOB_TERMINATED for Condor Node stage_in_remote_local_7_0 (1383.0.0)
11/01/16 13:30:36 Number of idle job procs: 0
11/01/16 13:30:36 Node stage_in_remote_local_7_0 job proc (1383.0.0) completed successfully.
11/01/16 13:30:36 Node stage_in_remote_local_7_0 job completed
11/01/16 13:30:36 Running POST script of Node stage_in_remote_local_7_0...
11/01/16 13:30:36 Warning: mysin has length 0 (ignore if produced by DAGMan; see gittrac #4987, #5031)
11/01/16 13:30:36 Reassigning the id of job stage_in_local_local_4_0 from (1384.0.0) to (1384.0.0)
11/01/16 13:30:36 Event: ULOG_SUBMIT for Condor Node stage_in_local_local_4_0 (1384.0.0)
11/01/16 13:30:36 Number of idle job procs: 1
11/01/16 13:30:36 Reassigning the id of job stage_in_local_local_1_0 from (1385.0.0) to (1385.0.0)
11/01/16 13:30:36 Event: ULOG_SUBMIT for Condor Node stage_in_local_local_1_0 (1385.0.0)
11/01/16 13:30:36 Number of idle job procs: 2
11/01/16 13:30:36 Reassigning the id of job stage_in_local_local_7_0 from (1386.0.0) to (1386.0.0)
11/01/16 13:30:36 Event: ULOG_SUBMIT for Condor Node stage_in_local_local_7_0 (1386.0.0)
11/01/16 13:30:36 Number of idle job procs: 3
11/01/16 13:30:36 Reassigning the id of job stage_in_remote_local_4_1 from (1387.0.0) to (1387.0.0)
11/01/16 13:30:36 Event: ULOG_SUBMIT for Condor Node stage_in_remote_local_4_1 (1387.0.0)
11/01/16 13:30:36 Number of idle job procs: 4
11/01/16 13:30:36 Reassigning the id of job stage_in_remote_local_4_0 from (1388.0.0) to (1388.0.0)
11/01/16 13:30:36 Event: ULOG_SUBMIT for Condor Node stage_in_remote_local_4_0 (1388.0.0)
11/01/16 13:30:36 Number of idle job procs: 5
11/01/16 13:30:36 DAG status: 0 (DAG_STATUS_OK)
11/01/16 13:30:36 Of 41 nodes total:
11/01/16 13:30:36  Done     Pre   Queued    Post   Ready   Un-Ready   Failed
11/01/16 13:30:36   ===     ===      ===     ===     ===        ===      ===
11/01/16 13:30:36     5       0        5       6       5         20        0
11/01/16 13:30:36 0 job proc(s) currently held
11/01/16 13:30:36 Initializing user log writer for /home/ubuntu/0_experiments/1-postgres-small/1_workflow_full_10files_primary_1sh_1rs_noannot_with_proj_1s/dags/ubuntu/pegasus/example_workflow/20161101T133001+0000/./example_workflow-0.dag.nodes.log, (1378.0.0)
11/01/16 13:30:36 Initializing user log writer for /home/ubuntu/0_experiments/1-postgres-small/1_workflow_full_10files_primary_1sh_1rs_noannot_with_proj_1s/dags/ubuntu/pegasus/example_workflow/20161101T133001+0000/./example_workflow-0.dag.nodes.log, (1380.0.0)
11/01/16 13:30:36 Initializing user log writer for /home/ubuntu/0_experiments/1-postgres-small/1_workflow_full_10files_primary_1sh_1rs_noannot_with_proj_1s/dags/ubuntu/pegasus/example_workflow/20161101T133001+0000/./example_workflow-0.dag.nodes.log, (1382.0.0)
11/01/16 13:30:37 Initializing user log writer for /home/ubuntu/0_experiments/1-postgres-small/1_workflow_full_10files_primary_1sh_1rs_noannot_with_proj_1s/dags/ubuntu/pegasus/example_workflow/20161101T133001+0000/./example_workflow-0.dag.nodes.log, (1379.0.0)
11/01/16 13:30:37 Initializing user log writer for /home/ubuntu/0_experiments/1-postgres-small/1_workflow_full_10files_primary_1sh_1rs_noannot_with_proj_1s/dags/ubuntu/pegasus/example_workflow/20161101T133001+0000/./example_workflow-0.dag.nodes.log, (1381.0.0)
11/01/16 13:30:37 Initializing user log writer for /home/ubuntu/0_experiments/1-postgres-small/1_workflow_full_10files_primary_1sh_1rs_noannot_with_proj_1s/dags/ubuntu/pegasus/example_workflow/20161101T133001+0000/./example_workflow-0.dag.nodes.log, (1383.0.0)
11/01/16 13:30:41 Submitting Condor Node stage_in_remote_local_0_0 job(s)...
11/01/16 13:30:41 Adding a DAGMan workflow log /home/ubuntu/0_experiments/1-postgres-small/1_workflow_full_10files_primary_1sh_1rs_noannot_with_proj_1s/dags/ubuntu/pegasus/example_workflow/20161101T133001+0000/./example_workflow-0.dag.nodes.log
11/01/16 13:30:41 Masking the events recorded in the DAGMAN workflow log
11/01/16 13:30:41 Mask for workflow log is 0,1,2,4,5,7,9,10,11,12,13,16,17,24,27
11/01/16 13:30:41 submitting: /usr/bin/condor_submit -a dag_node_name' '=' 'stage_in_remote_local_0_0 -a +DAGManJobId' '=' '1372 -a DAGManJobId' '=' '1372 -a submit_event_notes' '=' 'DAG' 'Node:' 'stage_in_remote_local_0_0 -a dagman_log' '=' '/home/ubuntu/0_experiments/1-postgres-small/1_workflow_full_10files_primary_1sh_1rs_noannot_with_proj_1s/dags/ubuntu/pegasus/example_workflow/20161101T133001+0000/./example_workflow-0.dag.nodes.log -a +DAGManNodesMask' '=' '"0,1,2,4,5,7,9,10,11,12,13,16,17,24,27" -a DAG_STATUS' '=' '0 -a FAILED_COUNT' '=' '0 -a +DAGParentNodeNames' '=' '"create_dir_example_workflow_0_local" -a +KeepClaimIdle' '=' '20 -a notification' '=' 'never 00/00/stage_in_remote_local_0_0.sub
11/01/16 13:30:41 From submit: Submitting job(s).
11/01/16 13:30:41 From submit: 1 job(s) submitted to cluster 1389.
11/01/16 13:30:41 	assigned Condor ID (1389.0.0)
11/01/16 13:30:41 Submitting Condor Node stage_in_remote_local_2_0 job(s)...
11/01/16 13:30:41 Adding a DAGMan workflow log /home/ubuntu/0_experiments/1-postgres-small/1_workflow_full_10files_primary_1sh_1rs_noannot_with_proj_1s/dags/ubuntu/pegasus/example_workflow/20161101T133001+0000/./example_workflow-0.dag.nodes.log
11/01/16 13:30:41 Masking the events recorded in the DAGMAN workflow log
11/01/16 13:30:41 Mask for workflow log is 0,1,2,4,5,7,9,10,11,12,13,16,17,24,27
11/01/16 13:30:41 submitting: /usr/bin/condor_submit -a dag_node_name' '=' 'stage_in_remote_local_2_0 -a +DAGManJobId' '=' '1372 -a DAGManJobId' '=' '1372 -a submit_event_notes' '=' 'DAG' 'Node:' 'stage_in_remote_local_2_0 -a dagman_log' '=' '/home/ubuntu/0_experiments/1-postgres-small/1_workflow_full_10files_primary_1sh_1rs_noannot_with_proj_1s/dags/ubuntu/pegasus/example_workflow/20161101T133001+0000/./example_workflow-0.dag.nodes.log -a +DAGManNodesMask' '=' '"0,1,2,4,5,7,9,10,11,12,13,16,17,24,27" -a DAG_STATUS' '=' '0 -a FAILED_COUNT' '=' '0 -a +DAGParentNodeNames' '=' '"create_dir_example_workflow_0_local" -a +KeepClaimIdle' '=' '20 -a notification' '=' 'never 00/00/stage_in_remote_local_2_0.sub
11/01/16 13:30:41 From submit: Submitting job(s).
11/01/16 13:30:41 From submit: 1 job(s) submitted to cluster 1390.
11/01/16 13:30:41 	assigned Condor ID (1390.0.0)
11/01/16 13:30:41 Submitting Condor Node stage_in_remote_local_3_1 job(s)...
11/01/16 13:30:41 Adding a DAGMan workflow log /home/ubuntu/0_experiments/1-postgres-small/1_workflow_full_10files_primary_1sh_1rs_noannot_with_proj_1s/dags/ubuntu/pegasus/example_workflow/20161101T133001+0000/./example_workflow-0.dag.nodes.log
11/01/16 13:30:41 Masking the events recorded in the DAGMAN workflow log
11/01/16 13:30:41 Mask for workflow log is 0,1,2,4,5,7,9,10,11,12,13,16,17,24,27
11/01/16 13:30:41 submitting: /usr/bin/condor_submit -a dag_node_name' '=' 'stage_in_remote_local_3_1 -a +DAGManJobId' '=' '1372 -a DAGManJobId' '=' '1372 -a submit_event_notes' '=' 'DAG' 'Node:' 'stage_in_remote_local_3_1 -a dagman_log' '=' '/home/ubuntu/0_experiments/1-postgres-small/1_workflow_full_10files_primary_1sh_1rs_noannot_with_proj_1s/dags/ubuntu/pegasus/example_workflow/20161101T133001+0000/./example_workflow-0.dag.nodes.log -a +DAGManNodesMask' '=' '"0,1,2,4,5,7,9,10,11,12,13,16,17,24,27" -a DAG_STATUS' '=' '0 -a FAILED_COUNT' '=' '0 -a +DAGParentNodeNames' '=' '"create_dir_example_workflow_0_local" -a +KeepClaimIdle' '=' '20 -a notification' '=' 'never 00/00/stage_in_remote_local_3_1.sub
11/01/16 13:30:41 From submit: Submitting job(s).
11/01/16 13:30:41 From submit: 1 job(s) submitted to cluster 1391.
11/01/16 13:30:41 	assigned Condor ID (1391.0.0)
11/01/16 13:30:41 Submitting Condor Node stage_in_remote_local_3_0 job(s)...
11/01/16 13:30:41 Adding a DAGMan workflow log /home/ubuntu/0_experiments/1-postgres-small/1_workflow_full_10files_primary_1sh_1rs_noannot_with_proj_1s/dags/ubuntu/pegasus/example_workflow/20161101T133001+0000/./example_workflow-0.dag.nodes.log
11/01/16 13:30:41 Masking the events recorded in the DAGMAN workflow log
11/01/16 13:30:41 Mask for workflow log is 0,1,2,4,5,7,9,10,11,12,13,16,17,24,27
11/01/16 13:30:41 submitting: /usr/bin/condor_submit -a dag_node_name' '=' 'stage_in_remote_local_3_0 -a +DAGManJobId' '=' '1372 -a DAGManJobId' '=' '1372 -a submit_event_notes' '=' 'DAG' 'Node:' 'stage_in_remote_local_3_0 -a dagman_log' '=' '/home/ubuntu/0_experiments/1-postgres-small/1_workflow_full_10files_primary_1sh_1rs_noannot_with_proj_1s/dags/ubuntu/pegasus/example_workflow/20161101T133001+0000/./example_workflow-0.dag.nodes.log -a +DAGManNodesMask' '=' '"0,1,2,4,5,7,9,10,11,12,13,16,17,24,27" -a DAG_STATUS' '=' '0 -a FAILED_COUNT' '=' '0 -a +DAGParentNodeNames' '=' '"create_dir_example_workflow_0_local" -a +KeepClaimIdle' '=' '20 -a notification' '=' 'never 00/00/stage_in_remote_local_3_0.sub
11/01/16 13:30:42 From submit: Submitting job(s).
11/01/16 13:30:42 From submit: 1 job(s) submitted to cluster 1392.
11/01/16 13:30:42 	assigned Condor ID (1392.0.0)
11/01/16 13:30:42 Submitting Condor Node stage_in_remote_local_6_0 job(s)...
11/01/16 13:30:42 Adding a DAGMan workflow log /home/ubuntu/0_experiments/1-postgres-small/1_workflow_full_10files_primary_1sh_1rs_noannot_with_proj_1s/dags/ubuntu/pegasus/example_workflow/20161101T133001+0000/./example_workflow-0.dag.nodes.log
11/01/16 13:30:42 Masking the events recorded in the DAGMAN workflow log
11/01/16 13:30:42 Mask for workflow log is 0,1,2,4,5,7,9,10,11,12,13,16,17,24,27
11/01/16 13:30:42 submitting: /usr/bin/condor_submit -a dag_node_name' '=' 'stage_in_remote_local_6_0 -a +DAGManJobId' '=' '1372 -a DAGManJobId' '=' '1372 -a submit_event_notes' '=' 'DAG' 'Node:' 'stage_in_remote_local_6_0 -a dagman_log' '=' '/home/ubuntu/0_experiments/1-postgres-small/1_workflow_full_10files_primary_1sh_1rs_noannot_with_proj_1s/dags/ubuntu/pegasus/example_workflow/20161101T133001+0000/./example_workflow-0.dag.nodes.log -a +DAGManNodesMask' '=' '"0,1,2,4,5,7,9,10,11,12,13,16,17,24,27" -a DAG_STATUS' '=' '0 -a FAILED_COUNT' '=' '0 -a +DAGParentNodeNames' '=' '"create_dir_example_workflow_0_local" -a +KeepClaimIdle' '=' '20 -a notification' '=' 'never 00/00/stage_in_remote_local_6_0.sub
11/01/16 13:30:42 From submit: Submitting job(s).
11/01/16 13:30:42 From submit: 1 job(s) submitted to cluster 1393.
11/01/16 13:30:42 	assigned Condor ID (1393.0.0)
11/01/16 13:30:42 Just submitted 5 jobs this cycle...
11/01/16 13:30:42 Currently monitoring 1 Condor log file(s)
11/01/16 13:30:42 Event: ULOG_POST_SCRIPT_TERMINATED for Condor Node stage_in_local_local_2_0 (1378.0.0)
11/01/16 13:30:42 POST Script of Node stage_in_local_local_2_0 completed successfully.
11/01/16 13:30:42 Event: ULOG_POST_SCRIPT_TERMINATED for Condor Node stage_in_remote_local_1_0 (1380.0.0)
11/01/16 13:30:42 POST Script of Node stage_in_remote_local_1_0 completed successfully.
11/01/16 13:30:42 Event: ULOG_POST_SCRIPT_TERMINATED for Condor Node stage_in_local_local_3_0 (1382.0.0)
11/01/16 13:30:42 POST Script of Node stage_in_local_local_3_0 completed successfully.
11/01/16 13:30:42 Event: ULOG_POST_SCRIPT_TERMINATED for Condor Node stage_in_local_local_2_1 (1379.0.0)
11/01/16 13:30:42 POST Script of Node stage_in_local_local_2_1 completed successfully.
11/01/16 13:30:42 Event: ULOG_POST_SCRIPT_TERMINATED for Condor Node stage_in_local_local_5_0 (1381.0.0)
11/01/16 13:30:42 POST Script of Node stage_in_local_local_5_0 completed successfully.
11/01/16 13:30:42 Event: ULOG_POST_SCRIPT_TERMINATED for Condor Node stage_in_remote_local_7_0 (1383.0.0)
11/01/16 13:30:42 POST Script of Node stage_in_remote_local_7_0 completed successfully.
11/01/16 13:30:42 Event: ULOG_EXECUTE for Condor Node stage_in_local_local_7_0 (1386.0.0)
11/01/16 13:30:42 Number of idle job procs: 4
11/01/16 13:30:42 Event: ULOG_EXECUTE for Condor Node stage_in_remote_local_4_1 (1387.0.0)
11/01/16 13:30:42 Number of idle job procs: 3
11/01/16 13:30:42 Event: ULOG_EXECUTE for Condor Node stage_in_remote_local_4_0 (1388.0.0)
11/01/16 13:30:42 Number of idle job procs: 2
11/01/16 13:30:42 Event: ULOG_EXECUTE for Condor Node stage_in_local_local_4_0 (1384.0.0)
11/01/16 13:30:42 Number of idle job procs: 1
11/01/16 13:30:42 Reassigning the id of job stage_in_remote_local_0_0 from (1389.0.0) to (1389.0.0)
11/01/16 13:30:42 Event: ULOG_SUBMIT for Condor Node stage_in_remote_local_0_0 (1389.0.0)
11/01/16 13:30:42 Number of idle job procs: 2
11/01/16 13:30:42 Event: ULOG_EXECUTE for Condor Node stage_in_local_local_1_0 (1385.0.0)
11/01/16 13:30:42 Number of idle job procs: 1
11/01/16 13:30:42 Reassigning the id of job stage_in_remote_local_2_0 from (1390.0.0) to (1390.0.0)
11/01/16 13:30:42 Event: ULOG_SUBMIT for Condor Node stage_in_remote_local_2_0 (1390.0.0)
11/01/16 13:30:42 Number of idle job procs: 2
11/01/16 13:30:42 Reassigning the id of job stage_in_remote_local_3_1 from (1391.0.0) to (1391.0.0)
11/01/16 13:30:42 Event: ULOG_SUBMIT for Condor Node stage_in_remote_local_3_1 (1391.0.0)
11/01/16 13:30:42 Number of idle job procs: 3
11/01/16 13:30:42 Reassigning the id of job stage_in_remote_local_3_0 from (1392.0.0) to (1392.0.0)
11/01/16 13:30:42 Event: ULOG_SUBMIT for Condor Node stage_in_remote_local_3_0 (1392.0.0)
11/01/16 13:30:42 Number of idle job procs: 4
11/01/16 13:30:42 Reassigning the id of job stage_in_remote_local_6_0 from (1393.0.0) to (1393.0.0)
11/01/16 13:30:42 Event: ULOG_SUBMIT for Condor Node stage_in_remote_local_6_0 (1393.0.0)
11/01/16 13:30:42 Number of idle job procs: 5
11/01/16 13:30:42 DAG status: 0 (DAG_STATUS_OK)
11/01/16 13:30:42 Of 41 nodes total:
11/01/16 13:30:42  Done     Pre   Queued    Post   Ready   Un-Ready   Failed
11/01/16 13:30:42   ===     ===      ===     ===     ===        ===      ===
11/01/16 13:30:42    11       0       10       0       0         20        0
11/01/16 13:30:42 0 job proc(s) currently held
11/01/16 13:30:47 Currently monitoring 1 Condor log file(s)
11/01/16 13:30:47 Event: ULOG_JOB_TERMINATED for Condor Node stage_in_local_local_7_0 (1386.0.0)
11/01/16 13:30:47 Number of idle job procs: 5
11/01/16 13:30:47 Node stage_in_local_local_7_0 job proc (1386.0.0) completed successfully.
11/01/16 13:30:47 Node stage_in_local_local_7_0 job completed
11/01/16 13:30:47 Running POST script of Node stage_in_local_local_7_0...
11/01/16 13:30:47 Warning: mysin has length 0 (ignore if produced by DAGMan; see gittrac #4987, #5031)
11/01/16 13:30:47 Event: ULOG_EXECUTE for Condor Node stage_in_remote_local_0_0 (1389.0.0)
11/01/16 13:30:47 Number of idle job procs: 4
11/01/16 13:30:47 Event: ULOG_EXECUTE for Condor Node stage_in_remote_local_2_0 (1390.0.0)
11/01/16 13:30:47 Number of idle job procs: 3
11/01/16 13:30:47 Event: ULOG_JOB_TERMINATED for Condor Node stage_in_local_local_4_0 (1384.0.0)
11/01/16 13:30:47 Number of idle job procs: 3
11/01/16 13:30:47 Node stage_in_local_local_4_0 job proc (1384.0.0) completed successfully.
11/01/16 13:30:47 Node stage_in_local_local_4_0 job completed
11/01/16 13:30:47 Running POST script of Node stage_in_local_local_4_0...
11/01/16 13:30:47 Warning: mysin has length 0 (ignore if produced by DAGMan; see gittrac #4987, #5031)
11/01/16 13:30:47 Event: ULOG_EXECUTE for Condor Node stage_in_remote_local_3_0 (1392.0.0)
11/01/16 13:30:47 Number of idle job procs: 2
11/01/16 13:30:47 Event: ULOG_EXECUTE for Condor Node stage_in_remote_local_3_1 (1391.0.0)
11/01/16 13:30:47 Number of idle job procs: 1
11/01/16 13:30:47 Event: ULOG_JOB_TERMINATED for Condor Node stage_in_remote_local_4_1 (1387.0.0)
11/01/16 13:30:47 Number of idle job procs: 1
11/01/16 13:30:47 Node stage_in_remote_local_4_1 job proc (1387.0.0) completed successfully.
11/01/16 13:30:47 Node stage_in_remote_local_4_1 job completed
11/01/16 13:30:47 Running POST script of Node stage_in_remote_local_4_1...
11/01/16 13:30:47 Warning: mysin has length 0 (ignore if produced by DAGMan; see gittrac #4987, #5031)
11/01/16 13:30:47 Event: ULOG_JOB_TERMINATED for Condor Node stage_in_local_local_1_0 (1385.0.0)
11/01/16 13:30:47 Number of idle job procs: 1
11/01/16 13:30:47 Node stage_in_local_local_1_0 job proc (1385.0.0) completed successfully.
11/01/16 13:30:47 Node stage_in_local_local_1_0 job completed
11/01/16 13:30:47 Running POST script of Node stage_in_local_local_1_0...
11/01/16 13:30:47 Warning: mysin has length 0 (ignore if produced by DAGMan; see gittrac #4987, #5031)
11/01/16 13:30:47 Event: ULOG_EXECUTE for Condor Node stage_in_remote_local_6_0 (1393.0.0)
11/01/16 13:30:47 Number of idle job procs: 0
11/01/16 13:30:47 Event: ULOG_JOB_TERMINATED for Condor Node stage_in_remote_local_4_0 (1388.0.0)
11/01/16 13:30:47 Number of idle job procs: 0
11/01/16 13:30:47 Node stage_in_remote_local_4_0 job proc (1388.0.0) completed successfully.
11/01/16 13:30:47 Node stage_in_remote_local_4_0 job completed
11/01/16 13:30:47 Running POST script of Node stage_in_remote_local_4_0...
11/01/16 13:30:47 Warning: mysin has length 0 (ignore if produced by DAGMan; see gittrac #4987, #5031)
11/01/16 13:30:47 Event: ULOG_JOB_TERMINATED for Condor Node stage_in_remote_local_0_0 (1389.0.0)
11/01/16 13:30:47 Number of idle job procs: 0
11/01/16 13:30:47 Node stage_in_remote_local_0_0 job proc (1389.0.0) completed successfully.
11/01/16 13:30:47 Node stage_in_remote_local_0_0 job completed
11/01/16 13:30:47 Running POST script of Node stage_in_remote_local_0_0...
11/01/16 13:30:47 Warning: mysin has length 0 (ignore if produced by DAGMan; see gittrac #4987, #5031)
11/01/16 13:30:47 Event: ULOG_JOB_TERMINATED for Condor Node stage_in_remote_local_3_1 (1391.0.0)
11/01/16 13:30:47 Number of idle job procs: 0
11/01/16 13:30:47 Node stage_in_remote_local_3_1 job proc (1391.0.0) completed successfully.
11/01/16 13:30:47 Node stage_in_remote_local_3_1 job completed
11/01/16 13:30:47 Running POST script of Node stage_in_remote_local_3_1...
11/01/16 13:30:47 Warning: mysin has length 0 (ignore if produced by DAGMan; see gittrac #4987, #5031)
11/01/16 13:30:47 Event: ULOG_JOB_TERMINATED for Condor Node stage_in_remote_local_6_0 (1393.0.0)
11/01/16 13:30:47 Number of idle job procs: 0
11/01/16 13:30:47 Node stage_in_remote_local_6_0 job proc (1393.0.0) completed successfully.
11/01/16 13:30:47 Node stage_in_remote_local_6_0 job completed
11/01/16 13:30:47 Running POST script of Node stage_in_remote_local_6_0...
11/01/16 13:30:47 Warning: mysin has length 0 (ignore if produced by DAGMan; see gittrac #4987, #5031)
11/01/16 13:30:47 DAG status: 0 (DAG_STATUS_OK)
11/01/16 13:30:47 Of 41 nodes total:
11/01/16 13:30:47  Done     Pre   Queued    Post   Ready   Un-Ready   Failed
11/01/16 13:30:47   ===     ===      ===     ===     ===        ===      ===
11/01/16 13:30:47    11       0        2       8       0         20        0
11/01/16 13:30:47 0 job proc(s) currently held
11/01/16 13:30:48 Initializing user log writer for /home/ubuntu/0_experiments/1-postgres-small/1_workflow_full_10files_primary_1sh_1rs_noannot_with_proj_1s/dags/ubuntu/pegasus/example_workflow/20161101T133001+0000/./example_workflow-0.dag.nodes.log, (1389.0.0)
11/01/16 13:30:48 Initializing user log writer for /home/ubuntu/0_experiments/1-postgres-small/1_workflow_full_10files_primary_1sh_1rs_noannot_with_proj_1s/dags/ubuntu/pegasus/example_workflow/20161101T133001+0000/./example_workflow-0.dag.nodes.log, (1386.0.0)
11/01/16 13:30:48 Initializing user log writer for /home/ubuntu/0_experiments/1-postgres-small/1_workflow_full_10files_primary_1sh_1rs_noannot_with_proj_1s/dags/ubuntu/pegasus/example_workflow/20161101T133001+0000/./example_workflow-0.dag.nodes.log, (1385.0.0)
11/01/16 13:30:48 Initializing user log writer for /home/ubuntu/0_experiments/1-postgres-small/1_workflow_full_10files_primary_1sh_1rs_noannot_with_proj_1s/dags/ubuntu/pegasus/example_workflow/20161101T133001+0000/./example_workflow-0.dag.nodes.log, (1393.0.0)
11/01/16 13:30:48 Initializing user log writer for /home/ubuntu/0_experiments/1-postgres-small/1_workflow_full_10files_primary_1sh_1rs_noannot_with_proj_1s/dags/ubuntu/pegasus/example_workflow/20161101T133001+0000/./example_workflow-0.dag.nodes.log, (1388.0.0)
11/01/16 13:30:48 Initializing user log writer for /home/ubuntu/0_experiments/1-postgres-small/1_workflow_full_10files_primary_1sh_1rs_noannot_with_proj_1s/dags/ubuntu/pegasus/example_workflow/20161101T133001+0000/./example_workflow-0.dag.nodes.log, (1391.0.0)
11/01/16 13:30:48 Initializing user log writer for /home/ubuntu/0_experiments/1-postgres-small/1_workflow_full_10files_primary_1sh_1rs_noannot_with_proj_1s/dags/ubuntu/pegasus/example_workflow/20161101T133001+0000/./example_workflow-0.dag.nodes.log, (1387.0.0)
11/01/16 13:30:48 Initializing user log writer for /home/ubuntu/0_experiments/1-postgres-small/1_workflow_full_10files_primary_1sh_1rs_noannot_with_proj_1s/dags/ubuntu/pegasus/example_workflow/20161101T133001+0000/./example_workflow-0.dag.nodes.log, (1384.0.0)
11/01/16 13:30:52 Currently monitoring 1 Condor log file(s)
11/01/16 13:30:52 Event: ULOG_POST_SCRIPT_TERMINATED for Condor Node stage_in_remote_local_0_0 (1389.0.0)
11/01/16 13:30:52 POST Script of Node stage_in_remote_local_0_0 completed successfully.
11/01/16 13:30:52 Event: ULOG_POST_SCRIPT_TERMINATED for Condor Node stage_in_local_local_7_0 (1386.0.0)
11/01/16 13:30:52 POST Script of Node stage_in_local_local_7_0 completed successfully.
11/01/16 13:30:52 Event: ULOG_POST_SCRIPT_TERMINATED for Condor Node stage_in_local_local_1_0 (1385.0.0)
11/01/16 13:30:52 POST Script of Node stage_in_local_local_1_0 completed successfully.
11/01/16 13:30:52 Event: ULOG_POST_SCRIPT_TERMINATED for Condor Node stage_in_remote_local_6_0 (1393.0.0)
11/01/16 13:30:52 POST Script of Node stage_in_remote_local_6_0 completed successfully.
11/01/16 13:30:52 Event: ULOG_POST_SCRIPT_TERMINATED for Condor Node stage_in_remote_local_4_0 (1388.0.0)
11/01/16 13:30:52 POST Script of Node stage_in_remote_local_4_0 completed successfully.
11/01/16 13:30:52 Event: ULOG_POST_SCRIPT_TERMINATED for Condor Node stage_in_remote_local_3_1 (1391.0.0)
11/01/16 13:30:52 POST Script of Node stage_in_remote_local_3_1 completed successfully.
11/01/16 13:30:52 Event: ULOG_POST_SCRIPT_TERMINATED for Condor Node stage_in_remote_local_4_1 (1387.0.0)
11/01/16 13:30:52 POST Script of Node stage_in_remote_local_4_1 completed successfully.
11/01/16 13:30:52 Event: ULOG_POST_SCRIPT_TERMINATED for Condor Node stage_in_local_local_4_0 (1384.0.0)
11/01/16 13:30:52 POST Script of Node stage_in_local_local_4_0 completed successfully.
11/01/16 13:30:52 Event: ULOG_JOB_TERMINATED for Condor Node stage_in_remote_local_2_0 (1390.0.0)
11/01/16 13:30:52 Number of idle job procs: 0
11/01/16 13:30:52 Node stage_in_remote_local_2_0 job proc (1390.0.0) completed successfully.
11/01/16 13:30:52 Node stage_in_remote_local_2_0 job completed
11/01/16 13:30:52 Running POST script of Node stage_in_remote_local_2_0...
11/01/16 13:30:52 Warning: mysin has length 0 (ignore if produced by DAGMan; see gittrac #4987, #5031)
11/01/16 13:30:52 Event: ULOG_JOB_TERMINATED for Condor Node stage_in_remote_local_3_0 (1392.0.0)
11/01/16 13:30:52 Number of idle job procs: 0
11/01/16 13:30:52 Node stage_in_remote_local_3_0 job proc (1392.0.0) completed successfully.
11/01/16 13:30:52 Node stage_in_remote_local_3_0 job completed
11/01/16 13:30:52 Running POST script of Node stage_in_remote_local_3_0...
11/01/16 13:30:52 Warning: mysin has length 0 (ignore if produced by DAGMan; see gittrac #4987, #5031)
11/01/16 13:30:52 DAG status: 0 (DAG_STATUS_OK)
11/01/16 13:30:52 Of 41 nodes total:
11/01/16 13:30:52  Done     Pre   Queued    Post   Ready   Un-Ready   Failed
11/01/16 13:30:52   ===     ===      ===     ===     ===        ===      ===
11/01/16 13:30:52    19       0        0       2       1         19        0
11/01/16 13:30:52 0 job proc(s) currently held
11/01/16 13:30:52 Initializing user log writer for /home/ubuntu/0_experiments/1-postgres-small/1_workflow_full_10files_primary_1sh_1rs_noannot_with_proj_1s/dags/ubuntu/pegasus/example_workflow/20161101T133001+0000/./example_workflow-0.dag.nodes.log, (1390.0.0)
11/01/16 13:30:52 Initializing user log writer for /home/ubuntu/0_experiments/1-postgres-small/1_workflow_full_10files_primary_1sh_1rs_noannot_with_proj_1s/dags/ubuntu/pegasus/example_workflow/20161101T133001+0000/./example_workflow-0.dag.nodes.log, (1392.0.0)
11/01/16 13:30:57 Submitting Condor Node init_0_ID0000001 job(s)...
11/01/16 13:30:57 Adding a DAGMan workflow log /home/ubuntu/0_experiments/1-postgres-small/1_workflow_full_10files_primary_1sh_1rs_noannot_with_proj_1s/dags/ubuntu/pegasus/example_workflow/20161101T133001+0000/./example_workflow-0.dag.nodes.log
11/01/16 13:30:57 Masking the events recorded in the DAGMAN workflow log
11/01/16 13:30:57 Mask for workflow log is 0,1,2,4,5,7,9,10,11,12,13,16,17,24,27
11/01/16 13:30:57 submitting: /usr/bin/condor_submit -a dag_node_name' '=' 'init_0_ID0000001 -a +DAGManJobId' '=' '1372 -a DAGManJobId' '=' '1372 -a submit_event_notes' '=' 'DAG' 'Node:' 'init_0_ID0000001 -a dagman_log' '=' '/home/ubuntu/0_experiments/1-postgres-small/1_workflow_full_10files_primary_1sh_1rs_noannot_with_proj_1s/dags/ubuntu/pegasus/example_workflow/20161101T133001+0000/./example_workflow-0.dag.nodes.log -a +DAGManNodesMask' '=' '"0,1,2,4,5,7,9,10,11,12,13,16,17,24,27" -a DAG_STATUS' '=' '0 -a FAILED_COUNT' '=' '0 -a +DAGParentNodeNames' '=' '"stage_in_local_local_0_0,stage_in_remote_local_0_0" -a +KeepClaimIdle' '=' '20 -a notification' '=' 'never 00/00/init_0_ID0000001.sub
11/01/16 13:30:57 From submit: Submitting job(s).
11/01/16 13:30:57 From submit: 1 job(s) submitted to cluster 1394.
11/01/16 13:30:57 	assigned Condor ID (1394.0.0)
11/01/16 13:30:57 Just submitted 1 job this cycle...
11/01/16 13:30:57 Currently monitoring 1 Condor log file(s)
11/01/16 13:30:57 Event: ULOG_POST_SCRIPT_TERMINATED for Condor Node stage_in_remote_local_2_0 (1390.0.0)
11/01/16 13:30:57 POST Script of Node stage_in_remote_local_2_0 completed successfully.
11/01/16 13:30:57 Event: ULOG_POST_SCRIPT_TERMINATED for Condor Node stage_in_remote_local_3_0 (1392.0.0)
11/01/16 13:30:57 POST Script of Node stage_in_remote_local_3_0 completed successfully.
11/01/16 13:30:57 Reassigning the id of job init_0_ID0000001 from (1394.0.0) to (1394.0.0)
11/01/16 13:30:57 Event: ULOG_SUBMIT for Condor Node init_0_ID0000001 (1394.0.0)
11/01/16 13:30:57 Number of idle job procs: 1
11/01/16 13:30:57 DAG status: 0 (DAG_STATUS_OK)
11/01/16 13:30:57 Of 41 nodes total:
11/01/16 13:30:57  Done     Pre   Queued    Post   Ready   Un-Ready   Failed
11/01/16 13:30:57   ===     ===      ===     ===     ===        ===      ===
11/01/16 13:30:57    21       0        1       0       0         19        0
11/01/16 13:30:57 0 job proc(s) currently held
11/01/16 13:31:17 Currently monitoring 1 Condor log file(s)
11/01/16 13:31:17 Event: ULOG_EXECUTE for Condor Node init_0_ID0000001 (1394.0.0)
11/01/16 13:31:17 Number of idle job procs: 0
11/01/16 13:32:17 Received SIGUSR1
11/01/16 13:32:17 Aborting DAG...
11/01/16 13:32:17 Writing Rescue DAG to example_workflow-0.dag.rescue001...
11/01/16 13:32:17 Removing submitted jobs...
11/01/16 13:32:17 Note: 0 total job deferrals because of -MaxJobs limit (0)
11/01/16 13:32:17 Note: 0 total job deferrals because of -MaxIdle limit (1000)
11/01/16 13:32:17 Note: 0 total job deferrals because of node category throttles
11/01/16 13:32:17 Note: 0 total PRE script deferrals because of -MaxPre limit (20) or DEFER
11/01/16 13:32:17 Note: 0 total POST script deferrals because of -MaxPost limit (20) or DEFER
11/01/16 13:32:17 DAG status: 4 (DAG_STATUS_RM)
11/01/16 13:32:17 Of 41 nodes total:
11/01/16 13:32:17  Done     Pre   Queued    Post   Ready   Un-Ready   Failed
11/01/16 13:32:17   ===     ===      ===     ===     ===        ===      ===
11/01/16 13:32:17    21       0        1       0       0         19        0
11/01/16 13:32:17 0 job proc(s) currently held
11/01/16 13:32:17 Wrote metrics file example_workflow-0.dag.metrics.
11/01/16 13:32:17 Reporting metrics to Pegasus metrics server(s); output is in example_workflow-0.dag.metrics.out.
11/01/16 13:32:17 Running command </usr/lib/condor/libexec/condor_dagman_metrics_reporter -f example_workflow-0.dag.metrics -s -t 100>
11/01/16 13:32:17 Warning: mysin has length 0 (ignore if produced by DAGMan; see gittrac #4987, #5031)
11/01/16 13:32:17 **** condor_scheduniv_exec.1372.0 (condor_DAGMAN) pid 19300 EXITING WITH STATUS 2
