000 (343.000.000) 10/24 15:14:30 Job submitted from host: <54.183.250.128:60753?addrs=54.183.250.128-60753>
    DAG Node: create_dir_example_workflow_0_local
    pool:local
...
001 (343.000.000) 10/24 15:14:32 Job executing on host: <54.183.250.128:45772?addrs=54.183.250.128-45772>
...
005 (343.000.000) 10/24 15:14:34 Job terminated.
	(1) Normal termination (return value 0)
		Usr 0 00:00:00, Sys 0 00:00:00  -  Run Remote Usage
		Usr 0 00:00:00, Sys 0 00:00:00  -  Run Local Usage
		Usr 0 00:00:00, Sys 0 00:00:00  -  Total Remote Usage
		Usr 0 00:00:00, Sys 0 00:00:00  -  Total Local Usage
	0  -  Run Bytes Sent By Job
	0  -  Run Bytes Received By Job
	0  -  Total Bytes Sent By Job
	0  -  Total Bytes Received By Job
...
016 (343.000.000) 10/24 15:14:36 POST Script terminated.
	(1) Normal termination (return value 0)
    DAG Node: create_dir_example_workflow_0_local
...
000 (344.000.000) 10/24 15:14:45 Job submitted from host: <54.183.250.128:60753?addrs=54.183.250.128-60753>
    DAG Node: stage_in_local_local_0_0
    pool:local
...
000 (345.000.000) 10/24 15:14:45 Job submitted from host: <54.183.250.128:60753?addrs=54.183.250.128-60753>
    DAG Node: stage_in_local_local_6_0
    pool:local
...
001 (344.000.000) 10/24 15:14:45 Job executing on host: <54.183.250.128:27606?addrs=54.183.250.128-27606>
...
000 (346.000.000) 10/24 15:14:45 Job submitted from host: <54.183.250.128:60753?addrs=54.183.250.128-60753>
    DAG Node: stage_in_remote_local_2_1
    pool:local
...
000 (347.000.000) 10/24 15:14:45 Job submitted from host: <54.183.250.128:60753?addrs=54.183.250.128-60753>
    DAG Node: stage_in_remote_local_5_0
    pool:local
...
000 (348.000.000) 10/24 15:14:45 Job submitted from host: <54.183.250.128:60753?addrs=54.183.250.128-60753>
    DAG Node: stage_in_local_local_2_0
    pool:local
...
005 (344.000.000) 10/24 15:14:47 Job terminated.
	(1) Normal termination (return value 0)
		Usr 0 00:00:00, Sys 0 00:00:00  -  Run Remote Usage
		Usr 0 00:00:00, Sys 0 00:00:00  -  Run Local Usage
		Usr 0 00:00:00, Sys 0 00:00:00  -  Total Remote Usage
		Usr 0 00:00:00, Sys 0 00:00:00  -  Total Local Usage
	0  -  Run Bytes Sent By Job
	0  -  Run Bytes Received By Job
	0  -  Total Bytes Sent By Job
	0  -  Total Bytes Received By Job
...
001 (347.000.000) 10/24 15:14:47 Job executing on host: <54.183.250.128:14170?addrs=54.183.250.128-14170>
...
001 (345.000.000) 10/24 15:14:47 Job executing on host: <54.183.250.128:13516?addrs=54.183.250.128-13516>
...
001 (346.000.000) 10/24 15:14:47 Job executing on host: <54.183.250.128:24972?addrs=54.183.250.128-24972>
...
001 (348.000.000) 10/24 15:14:47 Job executing on host: <54.183.250.128:48387?addrs=54.183.250.128-48387>
...
005 (345.000.000) 10/24 15:14:50 Job terminated.
	(1) Normal termination (return value 0)
		Usr 0 00:00:00, Sys 0 00:00:00  -  Run Remote Usage
		Usr 0 00:00:00, Sys 0 00:00:00  -  Run Local Usage
		Usr 0 00:00:00, Sys 0 00:00:00  -  Total Remote Usage
		Usr 0 00:00:00, Sys 0 00:00:00  -  Total Local Usage
	0  -  Run Bytes Sent By Job
	0  -  Run Bytes Received By Job
	0  -  Total Bytes Sent By Job
	0  -  Total Bytes Received By Job
...
005 (347.000.000) 10/24 15:14:50 Job terminated.
	(1) Normal termination (return value 0)
		Usr 0 00:00:00, Sys 0 00:00:00  -  Run Remote Usage
		Usr 0 00:00:00, Sys 0 00:00:00  -  Run Local Usage
		Usr 0 00:00:00, Sys 0 00:00:00  -  Total Remote Usage
		Usr 0 00:00:00, Sys 0 00:00:00  -  Total Local Usage
	0  -  Run Bytes Sent By Job
	0  -  Run Bytes Received By Job
	0  -  Total Bytes Sent By Job
	0  -  Total Bytes Received By Job
...
005 (346.000.000) 10/24 15:14:50 Job terminated.
	(1) Normal termination (return value 0)
		Usr 0 00:00:00, Sys 0 00:00:00  -  Run Remote Usage
		Usr 0 00:00:00, Sys 0 00:00:00  -  Run Local Usage
		Usr 0 00:00:00, Sys 0 00:00:00  -  Total Remote Usage
		Usr 0 00:00:00, Sys 0 00:00:00  -  Total Local Usage
	0  -  Run Bytes Sent By Job
	0  -  Run Bytes Received By Job
	0  -  Total Bytes Sent By Job
	0  -  Total Bytes Received By Job
...
000 (349.000.000) 10/24 15:14:50 Job submitted from host: <54.183.250.128:60753?addrs=54.183.250.128-60753>
    DAG Node: stage_in_local_local_2_1
    pool:local
...
001 (349.000.000) 10/24 15:14:50 Job executing on host: <54.183.250.128:59797?addrs=54.183.250.128-59797>
...
000 (350.000.000) 10/24 15:14:50 Job submitted from host: <54.183.250.128:60753?addrs=54.183.250.128-60753>
    DAG Node: stage_in_remote_local_1_0
    pool:local
...
001 (350.000.000) 10/24 15:14:50 Job executing on host: <54.183.250.128:4384?addrs=54.183.250.128-4384>
...
000 (351.000.000) 10/24 15:14:50 Job submitted from host: <54.183.250.128:60753?addrs=54.183.250.128-60753>
    DAG Node: stage_in_local_local_3_0
    pool:local
...
001 (351.000.000) 10/24 15:14:50 Job executing on host: <54.183.250.128:20864?addrs=54.183.250.128-20864>
...
000 (352.000.000) 10/24 15:14:51 Job submitted from host: <54.183.250.128:60753?addrs=54.183.250.128-60753>
    DAG Node: stage_in_local_local_5_0
    pool:local
...
000 (353.000.000) 10/24 15:14:51 Job submitted from host: <54.183.250.128:60753?addrs=54.183.250.128-60753>
    DAG Node: stage_in_local_local_4_0
    pool:local
...
016 (345.000.000) 10/24 15:14:51 POST Script terminated.
	(1) Normal termination (return value 0)
    DAG Node: stage_in_local_local_6_0
...
016 (344.000.000) 10/24 15:14:51 POST Script terminated.
	(1) Normal termination (return value 0)
    DAG Node: stage_in_local_local_0_0
...
016 (346.000.000) 10/24 15:14:51 POST Script terminated.
	(1) Normal termination (return value 0)
    DAG Node: stage_in_remote_local_2_1
...
016 (347.000.000) 10/24 15:14:51 POST Script terminated.
	(1) Normal termination (return value 0)
    DAG Node: stage_in_remote_local_5_0
...
005 (348.000.000) 10/24 15:14:52 Job terminated.
	(1) Normal termination (return value 0)
		Usr 0 00:00:00, Sys 0 00:00:00  -  Run Remote Usage
		Usr 0 00:00:00, Sys 0 00:00:00  -  Run Local Usage
		Usr 0 00:00:00, Sys 0 00:00:00  -  Total Remote Usage
		Usr 0 00:00:00, Sys 0 00:00:00  -  Total Local Usage
	0  -  Run Bytes Sent By Job
	0  -  Run Bytes Received By Job
	0  -  Total Bytes Sent By Job
	0  -  Total Bytes Received By Job
...
001 (353.000.000) 10/24 15:14:52 Job executing on host: <54.183.250.128:3934?addrs=54.183.250.128-3934>
...
001 (352.000.000) 10/24 15:14:52 Job executing on host: <54.183.250.128:49840?addrs=54.183.250.128-49840>
...
005 (349.000.000) 10/24 15:14:53 Job terminated.
	(1) Normal termination (return value 0)
		Usr 0 00:00:00, Sys 0 00:00:00  -  Run Remote Usage
		Usr 0 00:00:00, Sys 0 00:00:00  -  Run Local Usage
		Usr 0 00:00:00, Sys 0 00:00:00  -  Total Remote Usage
		Usr 0 00:00:00, Sys 0 00:00:00  -  Total Local Usage
	0  -  Run Bytes Sent By Job
	0  -  Run Bytes Received By Job
	0  -  Total Bytes Sent By Job
	0  -  Total Bytes Received By Job
...
005 (350.000.000) 10/24 15:14:53 Job terminated.
	(1) Normal termination (return value 0)
		Usr 0 00:00:00, Sys 0 00:00:00  -  Run Remote Usage
		Usr 0 00:00:00, Sys 0 00:00:00  -  Run Local Usage
		Usr 0 00:00:00, Sys 0 00:00:00  -  Total Remote Usage
		Usr 0 00:00:00, Sys 0 00:00:00  -  Total Local Usage
	0  -  Run Bytes Sent By Job
	0  -  Run Bytes Received By Job
	0  -  Total Bytes Sent By Job
	0  -  Total Bytes Received By Job
...
005 (351.000.000) 10/24 15:14:53 Job terminated.
	(1) Normal termination (return value 0)
		Usr 0 00:00:00, Sys 0 00:00:00  -  Run Remote Usage
		Usr 0 00:00:00, Sys 0 00:00:00  -  Run Local Usage
		Usr 0 00:00:00, Sys 0 00:00:00  -  Total Remote Usage
		Usr 0 00:00:00, Sys 0 00:00:00  -  Total Local Usage
	0  -  Run Bytes Sent By Job
	0  -  Run Bytes Received By Job
	0  -  Total Bytes Sent By Job
	0  -  Total Bytes Received By Job
...
005 (353.000.000) 10/24 15:14:54 Job terminated.
	(1) Normal termination (return value 0)
		Usr 0 00:00:00, Sys 0 00:00:00  -  Run Remote Usage
		Usr 0 00:00:00, Sys 0 00:00:00  -  Run Local Usage
		Usr 0 00:00:00, Sys 0 00:00:00  -  Total Remote Usage
		Usr 0 00:00:00, Sys 0 00:00:00  -  Total Local Usage
	0  -  Run Bytes Sent By Job
	0  -  Run Bytes Received By Job
	0  -  Total Bytes Sent By Job
	0  -  Total Bytes Received By Job
...
005 (352.000.000) 10/24 15:14:54 Job terminated.
	(1) Normal termination (return value 0)
		Usr 0 00:00:00, Sys 0 00:00:00  -  Run Remote Usage
		Usr 0 00:00:00, Sys 0 00:00:00  -  Run Local Usage
		Usr 0 00:00:00, Sys 0 00:00:00  -  Total Remote Usage
		Usr 0 00:00:00, Sys 0 00:00:00  -  Total Local Usage
	0  -  Run Bytes Sent By Job
	0  -  Run Bytes Received By Job
	0  -  Total Bytes Sent By Job
	0  -  Total Bytes Received By Job
...
000 (354.000.000) 10/24 15:14:56 Job submitted from host: <54.183.250.128:60753?addrs=54.183.250.128-60753>
    DAG Node: stage_in_local_local_7_0
    pool:local
...
000 (355.000.000) 10/24 15:14:56 Job submitted from host: <54.183.250.128:60753?addrs=54.183.250.128-60753>
    DAG Node: stage_in_local_local_1_0
    pool:local
...
000 (356.000.000) 10/24 15:14:56 Job submitted from host: <54.183.250.128:60753?addrs=54.183.250.128-60753>
    DAG Node: stage_in_remote_local_4_1
    pool:local
...
000 (357.000.000) 10/24 15:14:56 Job submitted from host: <54.183.250.128:60753?addrs=54.183.250.128-60753>
    DAG Node: stage_in_remote_local_4_0
    pool:local
...
000 (358.000.000) 10/24 15:14:57 Job submitted from host: <54.183.250.128:60753?addrs=54.183.250.128-60753>
    DAG Node: stage_in_remote_local_2_0
    pool:local
...
016 (353.000.000) 10/24 15:14:57 POST Script terminated.
	(1) Normal termination (return value 0)
    DAG Node: stage_in_local_local_4_0
...
016 (351.000.000) 10/24 15:14:57 POST Script terminated.
	(1) Normal termination (return value 0)
    DAG Node: stage_in_local_local_3_0
...
016 (348.000.000) 10/24 15:14:57 POST Script terminated.
	(1) Normal termination (return value 0)
    DAG Node: stage_in_local_local_2_0
...
016 (349.000.000) 10/24 15:14:57 POST Script terminated.
	(1) Normal termination (return value 0)
    DAG Node: stage_in_local_local_2_1
...
016 (350.000.000) 10/24 15:14:57 POST Script terminated.
	(1) Normal termination (return value 0)
    DAG Node: stage_in_remote_local_1_0
...
016 (352.000.000) 10/24 15:14:57 POST Script terminated.
	(1) Normal termination (return value 0)
    DAG Node: stage_in_local_local_5_0
...
001 (358.000.000) 10/24 15:15:01 Job executing on host: <54.183.250.128:45521?addrs=54.183.250.128-45521>
...
001 (356.000.000) 10/24 15:15:01 Job executing on host: <54.183.250.128:17402?addrs=54.183.250.128-17402>
...
001 (354.000.000) 10/24 15:15:01 Job executing on host: <54.183.250.128:32329?addrs=54.183.250.128-32329>
...
001 (355.000.000) 10/24 15:15:01 Job executing on host: <54.183.250.128:21997?addrs=54.183.250.128-21997>
...
001 (357.000.000) 10/24 15:15:01 Job executing on host: <54.183.250.128:18056?addrs=54.183.250.128-18056>
...
000 (359.000.000) 10/24 15:15:02 Job submitted from host: <54.183.250.128:60753?addrs=54.183.250.128-60753>
    DAG Node: stage_in_remote_local_3_1
    pool:local
...
000 (360.000.000) 10/24 15:15:02 Job submitted from host: <54.183.250.128:60753?addrs=54.183.250.128-60753>
    DAG Node: stage_in_remote_local_3_0
    pool:local
...
000 (361.000.000) 10/24 15:15:03 Job submitted from host: <54.183.250.128:60753?addrs=54.183.250.128-60753>
    DAG Node: stage_in_remote_local_6_0
    pool:local
...
000 (362.000.000) 10/24 15:15:03 Job submitted from host: <54.183.250.128:60753?addrs=54.183.250.128-60753>
    DAG Node: init_0_ID0000001
    pool:condorpool
...
005 (356.000.000) 10/24 15:15:03 Job terminated.
	(1) Normal termination (return value 0)
		Usr 0 00:00:00, Sys 0 00:00:00  -  Run Remote Usage
		Usr 0 00:00:00, Sys 0 00:00:00  -  Run Local Usage
		Usr 0 00:00:00, Sys 0 00:00:00  -  Total Remote Usage
		Usr 0 00:00:00, Sys 0 00:00:00  -  Total Local Usage
	0  -  Run Bytes Sent By Job
	0  -  Run Bytes Received By Job
	0  -  Total Bytes Sent By Job
	0  -  Total Bytes Received By Job
...
001 (359.000.000) 10/24 15:15:03 Job executing on host: <54.183.250.128:37946?addrs=54.183.250.128-37946>
...
001 (361.000.000) 10/24 15:15:03 Job executing on host: <54.183.250.128:5570?addrs=54.183.250.128-5570>
...
001 (360.000.000) 10/24 15:15:03 Job executing on host: <54.183.250.128:46778?addrs=54.183.250.128-46778>
...
005 (355.000.000) 10/24 15:15:04 Job terminated.
	(1) Normal termination (return value 0)
		Usr 0 00:00:00, Sys 0 00:00:00  -  Run Remote Usage
		Usr 0 00:00:00, Sys 0 00:00:00  -  Run Local Usage
		Usr 0 00:00:00, Sys 0 00:00:00  -  Total Remote Usage
		Usr 0 00:00:00, Sys 0 00:00:00  -  Total Local Usage
	0  -  Run Bytes Sent By Job
	0  -  Run Bytes Received By Job
	0  -  Total Bytes Sent By Job
	0  -  Total Bytes Received By Job
...
005 (354.000.000) 10/24 15:15:04 Job terminated.
	(1) Normal termination (return value 0)
		Usr 0 00:00:00, Sys 0 00:00:00  -  Run Remote Usage
		Usr 0 00:00:00, Sys 0 00:00:00  -  Run Local Usage
		Usr 0 00:00:00, Sys 0 00:00:00  -  Total Remote Usage
		Usr 0 00:00:00, Sys 0 00:00:00  -  Total Local Usage
	0  -  Run Bytes Sent By Job
	0  -  Run Bytes Received By Job
	0  -  Total Bytes Sent By Job
	0  -  Total Bytes Received By Job
...
005 (357.000.000) 10/24 15:15:06 Job terminated.
	(1) Normal termination (return value 0)
		Usr 0 00:00:00, Sys 0 00:00:00  -  Run Remote Usage
		Usr 0 00:00:00, Sys 0 00:00:00  -  Run Local Usage
		Usr 0 00:00:00, Sys 0 00:00:00  -  Total Remote Usage
		Usr 0 00:00:00, Sys 0 00:00:00  -  Total Local Usage
	0  -  Run Bytes Sent By Job
	0  -  Run Bytes Received By Job
	0  -  Total Bytes Sent By Job
	0  -  Total Bytes Received By Job
...
005 (358.000.000) 10/24 15:15:06 Job terminated.
	(1) Normal termination (return value 0)
		Usr 0 00:00:00, Sys 0 00:00:00  -  Run Remote Usage
		Usr 0 00:00:00, Sys 0 00:00:00  -  Run Local Usage
		Usr 0 00:00:00, Sys 0 00:00:00  -  Total Remote Usage
		Usr 0 00:00:00, Sys 0 00:00:00  -  Total Local Usage
	0  -  Run Bytes Sent By Job
	0  -  Run Bytes Received By Job
	0  -  Total Bytes Sent By Job
	0  -  Total Bytes Received By Job
...
005 (359.000.000) 10/24 15:15:06 Job terminated.
	(1) Normal termination (return value 0)
		Usr 0 00:00:00, Sys 0 00:00:00  -  Run Remote Usage
		Usr 0 00:00:00, Sys 0 00:00:00  -  Run Local Usage
		Usr 0 00:00:00, Sys 0 00:00:00  -  Total Remote Usage
		Usr 0 00:00:00, Sys 0 00:00:00  -  Total Local Usage
	0  -  Run Bytes Sent By Job
	0  -  Run Bytes Received By Job
	0  -  Total Bytes Sent By Job
	0  -  Total Bytes Received By Job
...
005 (361.000.000) 10/24 15:15:06 Job terminated.
	(1) Normal termination (return value 0)
		Usr 0 00:00:00, Sys 0 00:00:00  -  Run Remote Usage
		Usr 0 00:00:00, Sys 0 00:00:00  -  Run Local Usage
		Usr 0 00:00:00, Sys 0 00:00:00  -  Total Remote Usage
		Usr 0 00:00:00, Sys 0 00:00:00  -  Total Local Usage
	0  -  Run Bytes Sent By Job
	0  -  Run Bytes Received By Job
	0  -  Total Bytes Sent By Job
	0  -  Total Bytes Received By Job
...
001 (362.000.000) 10/24 15:15:06 Job executing on host: <54.200.206.239:6350?addrs=54.200.206.239-6350&noUDP>
...
005 (360.000.000) 10/24 15:15:08 Job terminated.
	(1) Normal termination (return value 0)
		Usr 0 00:00:00, Sys 0 00:00:00  -  Run Remote Usage
		Usr 0 00:00:00, Sys 0 00:00:00  -  Run Local Usage
		Usr 0 00:00:00, Sys 0 00:00:00  -  Total Remote Usage
		Usr 0 00:00:00, Sys 0 00:00:00  -  Total Local Usage
	0  -  Run Bytes Sent By Job
	0  -  Run Bytes Received By Job
	0  -  Total Bytes Sent By Job
	0  -  Total Bytes Received By Job
...
016 (354.000.000) 10/24 15:15:08 POST Script terminated.
	(1) Normal termination (return value 0)
    DAG Node: stage_in_local_local_7_0
...
016 (355.000.000) 10/24 15:15:09 POST Script terminated.
	(1) Normal termination (return value 0)
    DAG Node: stage_in_local_local_1_0
...
016 (358.000.000) 10/24 15:15:09 POST Script terminated.
	(1) Normal termination (return value 0)
    DAG Node: stage_in_remote_local_2_0
...
016 (357.000.000) 10/24 15:15:09 POST Script terminated.
	(1) Normal termination (return value 0)
    DAG Node: stage_in_remote_local_4_0
...
016 (356.000.000) 10/24 15:15:09 POST Script terminated.
	(1) Normal termination (return value 0)
    DAG Node: stage_in_remote_local_4_1
...
016 (361.000.000) 10/24 15:15:09 POST Script terminated.
	(1) Normal termination (return value 0)
    DAG Node: stage_in_remote_local_6_0
...
016 (359.000.000) 10/24 15:15:09 POST Script terminated.
	(1) Normal termination (return value 0)
    DAG Node: stage_in_remote_local_3_1
...
016 (360.000.000) 10/24 15:15:13 POST Script terminated.
	(1) Normal termination (return value 0)
    DAG Node: stage_in_remote_local_3_0
...
005 (362.000.000) 10/24 15:15:49 Job terminated.
	(1) Normal termination (return value 0)
		Usr 0 00:00:00, Sys 0 00:00:00  -  Run Remote Usage
		Usr 0 00:00:00, Sys 0 00:00:00  -  Run Local Usage
		Usr 0 00:00:00, Sys 0 00:00:00  -  Total Remote Usage
		Usr 0 00:00:00, Sys 0 00:00:00  -  Total Local Usage
	4437  -  Run Bytes Sent By Job
	3169717  -  Run Bytes Received By Job
	4437  -  Total Bytes Sent By Job
	3169717  -  Total Bytes Received By Job
	Partitionable Resources :    Usage  Request Allocated
	   Cpus                 :                 1         1
	   Disk (KB)            :     6105     3250  27893672
	   Memory (MB)          :        2        1      3764
...
016 (362.000.000) 10/24 15:15:53 POST Script terminated.
	(1) Normal termination (return value 0)
    DAG Node: init_0_ID0000001
...
000 (363.000.000) 10/24 15:16:03 Job submitted from host: <54.183.250.128:60753?addrs=54.183.250.128-60753>
    DAG Node: clean_up_local_level_3_0
    pool:local
...
000 (364.000.000) 10/24 15:16:03 Job submitted from host: <54.183.250.128:60753?addrs=54.183.250.128-60753>
    DAG Node: generalinfo_0_ID0000002
    pool:condorpool
...
001 (363.000.000) 10/24 15:16:03 Job executing on host: <54.183.250.128:39414?addrs=54.183.250.128-39414>
...
001 (364.000.000) 10/24 15:16:04 Job executing on host: <54.200.206.239:6350?addrs=54.200.206.239-6350&noUDP>
...
005 (363.000.000) 10/24 15:16:05 Job terminated.
	(1) Normal termination (return value 0)
		Usr 0 00:00:00, Sys 0 00:00:00  -  Run Remote Usage
		Usr 0 00:00:00, Sys 0 00:00:00  -  Run Local Usage
		Usr 0 00:00:00, Sys 0 00:00:00  -  Total Remote Usage
		Usr 0 00:00:00, Sys 0 00:00:00  -  Total Local Usage
	0  -  Run Bytes Sent By Job
	0  -  Run Bytes Received By Job
	0  -  Total Bytes Sent By Job
	0  -  Total Bytes Received By Job
...
016 (363.000.000) 10/24 15:16:08 POST Script terminated.
	(1) Normal termination (return value 0)
    DAG Node: clean_up_local_level_3_0
...
005 (364.000.000) 10/24 15:20:21 Job terminated.
	(1) Normal termination (return value 0)
		Usr 0 00:04:02, Sys 0 00:00:01  -  Run Remote Usage
		Usr 0 00:00:00, Sys 0 00:00:00  -  Run Local Usage
		Usr 0 00:04:02, Sys 0 00:00:01  -  Total Remote Usage
		Usr 0 00:00:00, Sys 0 00:00:00  -  Total Local Usage
	4993  -  Run Bytes Sent By Job
	3168725  -  Run Bytes Received By Job
	4993  -  Total Bytes Sent By Job
	3168725  -  Total Bytes Received By Job
	Partitionable Resources :    Usage  Request Allocated
	   Cpus                 :                 1         1
	   Disk (KB)            :     6106     3250  27893672
	   Memory (MB)          :        2        1      3764
...
016 (364.000.000) 10/24 15:20:23 POST Script terminated.
	(1) Normal termination (return value 0)
    DAG Node: generalinfo_0_ID0000002
...
000 (365.000.000) 10/24 15:20:33 Job submitted from host: <54.183.250.128:60753?addrs=54.183.250.128-60753>
    DAG Node: clean_up_local_level_4_0
    pool:local
...
001 (365.000.000) 10/24 15:20:33 Job executing on host: <54.183.250.128:11672?addrs=54.183.250.128-11672>
...
000 (366.000.000) 10/24 15:20:33 Job submitted from host: <54.183.250.128:60753?addrs=54.183.250.128-60753>
    DAG Node: statscpumemory_0_ID0000003
    pool:condorpool
...
000 (367.000.000) 10/24 15:20:33 Job submitted from host: <54.183.250.128:60753?addrs=54.183.250.128-60753>
    DAG Node: medianmemory_0_ID0000005
    pool:condorpool
...
000 (368.000.000) 10/24 15:20:33 Job submitted from host: <54.183.250.128:60753?addrs=54.183.250.128-60753>
    DAG Node: mediancpu_0_ID0000004
    pool:condorpool
...
001 (366.000.000) 10/24 15:20:34 Job executing on host: <54.200.206.239:6350?addrs=54.200.206.239-6350&noUDP>
...
005 (365.000.000) 10/24 15:20:37 Job terminated.
	(1) Normal termination (return value 0)
		Usr 0 00:00:00, Sys 0 00:00:00  -  Run Remote Usage
		Usr 0 00:00:00, Sys 0 00:00:00  -  Run Local Usage
		Usr 0 00:00:00, Sys 0 00:00:00  -  Total Remote Usage
		Usr 0 00:00:00, Sys 0 00:00:00  -  Total Local Usage
	0  -  Run Bytes Sent By Job
	0  -  Run Bytes Received By Job
	0  -  Total Bytes Sent By Job
	0  -  Total Bytes Received By Job
...
016 (365.000.000) 10/24 15:20:38 POST Script terminated.
	(1) Normal termination (return value 0)
    DAG Node: clean_up_local_level_4_0
...
005 (366.000.000) 10/24 15:29:21 Job terminated.
	(1) Normal termination (return value 0)
		Usr 0 00:08:17, Sys 0 00:00:07  -  Run Remote Usage
		Usr 0 00:00:00, Sys 0 00:00:00  -  Run Local Usage
		Usr 0 00:08:17, Sys 0 00:00:07  -  Total Remote Usage
		Usr 0 00:00:00, Sys 0 00:00:00  -  Total Local Usage
	5264  -  Run Bytes Sent By Job
	3170897  -  Run Bytes Received By Job
	5264  -  Total Bytes Sent By Job
	3170897  -  Total Bytes Received By Job
	Partitionable Resources :    Usage  Request Allocated
	   Cpus                 :                 1         1
	   Disk (KB)            :     6108     3250  27893672
	   Memory (MB)          :      104        1      3764
...
001 (367.000.000) 10/24 15:29:21 Job executing on host: <54.200.206.239:6350?addrs=54.200.206.239-6350&noUDP>
...
016 (366.000.000) 10/24 15:29:24 POST Script terminated.
	(1) Normal termination (return value 0)
    DAG Node: statscpumemory_0_ID0000003
...
005 (367.000.000) 10/24 15:38:10 Job terminated.
	(1) Normal termination (return value 0)
		Usr 0 00:08:16, Sys 0 00:00:09  -  Run Remote Usage
		Usr 0 00:00:00, Sys 0 00:00:00  -  Run Local Usage
		Usr 0 00:08:16, Sys 0 00:00:09  -  Total Remote Usage
		Usr 0 00:00:00, Sys 0 00:00:00  -  Total Local Usage
	379694  -  Run Bytes Sent By Job
	3168620  -  Run Bytes Received By Job
	379694  -  Total Bytes Sent By Job
	3168620  -  Total Bytes Received By Job
	Partitionable Resources :    Usage  Request Allocated
	   Cpus                 :                 1         1
	   Disk (KB)            :   400085     3250  27893672
	   Memory (MB)          :       90        1      3764
...
016 (367.000.000) 10/24 15:38:15 POST Script terminated.
	(1) Normal termination (return value 0)
    DAG Node: medianmemory_0_ID0000005
...
000 (369.000.000) 10/24 15:38:25 Job submitted from host: <54.183.250.128:60753?addrs=54.183.250.128-60753>
    DAG Node: clean_up_local_level_5_0
    pool:local
...
001 (369.000.000) 10/24 15:38:25 Job executing on host: <54.183.250.128:64658?addrs=54.183.250.128-64658>
...
001 (368.000.000) 10/24 15:38:26 Job executing on host: <54.200.206.239:6350?addrs=54.200.206.239-6350&noUDP>
...
005 (369.000.000) 10/24 15:38:33 Job terminated.
	(1) Normal termination (return value 0)
		Usr 0 00:00:00, Sys 0 00:00:00  -  Run Remote Usage
		Usr 0 00:00:00, Sys 0 00:00:00  -  Run Local Usage
		Usr 0 00:00:00, Sys 0 00:00:00  -  Total Remote Usage
		Usr 0 00:00:00, Sys 0 00:00:00  -  Total Local Usage
	0  -  Run Bytes Sent By Job
	0  -  Run Bytes Received By Job
	0  -  Total Bytes Sent By Job
	0  -  Total Bytes Received By Job
...
016 (369.000.000) 10/24 15:38:35 POST Script terminated.
	(1) Normal termination (return value 0)
    DAG Node: clean_up_local_level_5_0
...
005 (368.000.000) 10/24 15:47:30 Job terminated.
	(1) Normal termination (return value 0)
		Usr 0 00:08:34, Sys 0 00:00:06  -  Run Remote Usage
		Usr 0 00:00:00, Sys 0 00:00:00  -  Run Local Usage
		Usr 0 00:08:34, Sys 0 00:00:06  -  Total Remote Usage
		Usr 0 00:00:00, Sys 0 00:00:00  -  Total Local Usage
	381343  -  Run Bytes Sent By Job
	3168584  -  Run Bytes Received By Job
	381343  -  Total Bytes Sent By Job
	3168584  -  Total Bytes Received By Job
	Partitionable Resources :    Usage  Request Allocated
	   Cpus                 :                 1         1
	   Disk (KB)            :   391569     3250  27893564
	   Memory (MB)          :      150        1      3764
...
016 (368.000.000) 10/24 15:47:31 POST Script terminated.
	(1) Normal termination (return value 0)
    DAG Node: mediancpu_0_ID0000004
...
000 (370.000.000) 10/24 15:47:41 Job submitted from host: <54.183.250.128:60753?addrs=54.183.250.128-60753>
    DAG Node: taskevent_0_ID0000006
    pool:condorpool
...
000 (371.000.000) 10/24 15:47:43 Job submitted from host: <54.183.250.128:60753?addrs=54.183.250.128-60753>
    DAG Node: clean_up_local_level_5_1
    pool:local
...
001 (370.000.000) 10/24 15:47:43 Job executing on host: <54.200.206.239:6350?addrs=54.200.206.239-6350&noUDP>
...
001 (371.000.000) 10/24 15:47:47 Job executing on host: <54.183.250.128:18618?addrs=54.183.250.128-18618>
...
005 (371.000.000) 10/24 15:47:51 Job terminated.
	(1) Normal termination (return value 0)
		Usr 0 00:00:00, Sys 0 00:00:00  -  Run Remote Usage
		Usr 0 00:00:00, Sys 0 00:00:00  -  Run Local Usage
		Usr 0 00:00:00, Sys 0 00:00:00  -  Total Remote Usage
		Usr 0 00:00:00, Sys 0 00:00:00  -  Total Local Usage
	0  -  Run Bytes Sent By Job
	0  -  Run Bytes Received By Job
	0  -  Total Bytes Sent By Job
	0  -  Total Bytes Received By Job
...
016 (371.000.000) 10/24 15:47:53 POST Script terminated.
	(1) Normal termination (return value 0)
    DAG Node: clean_up_local_level_5_1
...
005 (370.000.000) 10/24 16:03:05 Job terminated.
	(1) Normal termination (return value 0)
		Usr 0 00:08:39, Sys 0 00:00:07  -  Run Remote Usage
		Usr 0 00:00:00, Sys 0 00:00:00  -  Run Local Usage
		Usr 0 00:08:39, Sys 0 00:00:07  -  Total Remote Usage
		Usr 0 00:00:00, Sys 0 00:00:00  -  Total Local Usage
	12510  -  Run Bytes Sent By Job
	3174530  -  Run Bytes Received By Job
	12510  -  Total Bytes Sent By Job
	3174530  -  Total Bytes Received By Job
	Partitionable Resources :    Usage  Request Allocated
	   Cpus                 :                 1         1
	   Disk (KB)            :     6120     3250  27893564
	   Memory (MB)          :      119        1      3764
...
016 (370.000.000) 10/24 16:03:09 POST Script terminated.
	(1) Normal termination (return value 0)
    DAG Node: taskevent_0_ID0000006
...
000 (372.000.000) 10/24 16:03:19 Job submitted from host: <54.183.250.128:60753?addrs=54.183.250.128-60753>
    DAG Node: clean_up_local_level_6_0
    pool:local
...
001 (372.000.000) 10/24 16:03:19 Job executing on host: <54.183.250.128:27026?addrs=54.183.250.128-27026>
...
000 (373.000.000) 10/24 16:03:19 Job submitted from host: <54.183.250.128:60753?addrs=54.183.250.128-60753>
    DAG Node: calculateratio_0_ID0000007
    pool:condorpool
...
005 (372.000.000) 10/24 16:03:27 Job terminated.
	(1) Normal termination (return value 0)
		Usr 0 00:00:00, Sys 0 00:00:00  -  Run Remote Usage
		Usr 0 00:00:00, Sys 0 00:00:00  -  Run Local Usage
		Usr 0 00:00:00, Sys 0 00:00:00  -  Total Remote Usage
		Usr 0 00:00:00, Sys 0 00:00:00  -  Total Local Usage
	0  -  Run Bytes Sent By Job
	0  -  Run Bytes Received By Job
	0  -  Total Bytes Sent By Job
	0  -  Total Bytes Received By Job
...
016 (372.000.000) 10/24 16:03:29 POST Script terminated.
	(1) Normal termination (return value 0)
    DAG Node: clean_up_local_level_6_0
...
001 (373.000.000) 10/24 16:03:44 Job executing on host: <54.200.206.239:6350?addrs=54.200.206.239-6350&noUDP>
...
005 (373.000.000) 10/24 16:18:20 Job terminated.
	(1) Normal termination (return value 0)
		Usr 0 00:07:16, Sys 0 00:00:15  -  Run Remote Usage
		Usr 0 00:00:00, Sys 0 00:00:00  -  Run Local Usage
		Usr 0 00:07:16, Sys 0 00:00:15  -  Total Remote Usage
		Usr 0 00:00:00, Sys 0 00:00:00  -  Total Local Usage
	360517  -  Run Bytes Sent By Job
	3173260  -  Run Bytes Received By Job
	360517  -  Total Bytes Sent By Job
	3173260  -  Total Bytes Received By Job
	Partitionable Resources :    Usage  Request Allocated
	   Cpus                 :                 1         1
	   Disk (KB)            :     6459     3250  27893508
	   Memory (MB)          :      149        1      3764
...
016 (373.000.000) 10/24 16:18:20 POST Script terminated.
	(1) Normal termination (return value 0)
    DAG Node: calculateratio_0_ID0000007
...
000 (374.000.000) 10/24 16:18:30 Job submitted from host: <54.183.250.128:60753?addrs=54.183.250.128-60753>
    DAG Node: clean_up_local_level_7_0
    pool:local
...
000 (375.000.000) 10/24 16:18:30 Job submitted from host: <54.183.250.128:60753?addrs=54.183.250.128-60753>
    DAG Node: averageratioevent_0_ID0000008
    pool:condorpool
...
001 (374.000.000) 10/24 16:18:30 Job executing on host: <54.183.250.128:54272?addrs=54.183.250.128-54272>
...
001 (375.000.000) 10/24 16:18:31 Job executing on host: <54.200.206.239:6350?addrs=54.200.206.239-6350&noUDP>
...
005 (374.000.000) 10/24 16:18:39 Job terminated.
	(1) Normal termination (return value 0)
		Usr 0 00:00:00, Sys 0 00:00:00  -  Run Remote Usage
		Usr 0 00:00:00, Sys 0 00:00:00  -  Run Local Usage
		Usr 0 00:00:00, Sys 0 00:00:00  -  Total Remote Usage
		Usr 0 00:00:00, Sys 0 00:00:00  -  Total Local Usage
	0  -  Run Bytes Sent By Job
	0  -  Run Bytes Received By Job
	0  -  Total Bytes Sent By Job
	0  -  Total Bytes Received By Job
...
016 (374.000.000) 10/24 16:18:41 POST Script terminated.
	(1) Normal termination (return value 0)
    DAG Node: clean_up_local_level_7_0
...
005 (375.000.000) 10/24 16:19:39 Job terminated.
	(1) Normal termination (return value 0)
		Usr 0 00:00:50, Sys 0 00:00:01  -  Run Remote Usage
		Usr 0 00:00:00, Sys 0 00:00:00  -  Run Local Usage
		Usr 0 00:00:50, Sys 0 00:00:01  -  Total Remote Usage
		Usr 0 00:00:00, Sys 0 00:00:00  -  Total Local Usage
	266679  -  Run Bytes Sent By Job
	3169520  -  Run Bytes Received By Job
	266679  -  Total Bytes Sent By Job
	3169520  -  Total Bytes Received By Job
	Partitionable Resources :    Usage  Request Allocated
	   Cpus                 :                 1         1
	   Disk (KB)            :     7186     3250  27893508
	   Memory (MB)          :        2        1      3764
...
016 (375.000.000) 10/24 16:19:41 POST Script terminated.
	(1) Normal termination (return value 0)
    DAG Node: averageratioevent_0_ID0000008
...
000 (376.000.000) 10/24 16:19:51 Job submitted from host: <54.183.250.128:60753?addrs=54.183.250.128-60753>
    DAG Node: clean_up_local_level_8_0
    pool:local
...
001 (376.000.000) 10/24 16:19:51 Job executing on host: <54.183.250.128:14358?addrs=54.183.250.128-14358>
...
000 (377.000.000) 10/24 16:19:51 Job submitted from host: <54.183.250.128:60753?addrs=54.183.250.128-60753>
    DAG Node: analysisevent_0_ID0000009
    pool:condorpool
...
001 (377.000.000) 10/24 16:19:52 Job executing on host: <54.200.206.239:6350?addrs=54.200.206.239-6350&noUDP>
...
005 (377.000.000) 10/24 16:19:53 Job terminated.
	(1) Normal termination (return value 0)
		Usr 0 00:00:00, Sys 0 00:00:00  -  Run Remote Usage
		Usr 0 00:00:00, Sys 0 00:00:00  -  Run Local Usage
		Usr 0 00:00:00, Sys 0 00:00:00  -  Total Remote Usage
		Usr 0 00:00:00, Sys 0 00:00:00  -  Total Local Usage
	5055  -  Run Bytes Sent By Job
	3169007  -  Run Bytes Received By Job
	5055  -  Total Bytes Sent By Job
	3169007  -  Total Bytes Received By Job
	Partitionable Resources :    Usage  Request Allocated
	   Cpus                 :                 1         1
	   Disk (KB)            :     6106     3250  27893508
	   Memory (MB)          :        0        1      3764
...
005 (376.000.000) 10/24 16:19:55 Job terminated.
	(1) Normal termination (return value 0)
		Usr 0 00:00:00, Sys 0 00:00:00  -  Run Remote Usage
		Usr 0 00:00:00, Sys 0 00:00:00  -  Run Local Usage
		Usr 0 00:00:00, Sys 0 00:00:00  -  Total Remote Usage
		Usr 0 00:00:00, Sys 0 00:00:00  -  Total Local Usage
	0  -  Run Bytes Sent By Job
	0  -  Run Bytes Received By Job
	0  -  Total Bytes Sent By Job
	0  -  Total Bytes Received By Job
...
016 (377.000.000) 10/24 16:19:56 POST Script terminated.
	(1) Normal termination (return value 0)
    DAG Node: analysisevent_0_ID0000009
...
016 (376.000.000) 10/24 16:19:56 POST Script terminated.
	(1) Normal termination (return value 0)
    DAG Node: clean_up_local_level_8_0
...
000 (378.000.000) 10/24 16:20:06 Job submitted from host: <54.183.250.128:60753?addrs=54.183.250.128-60753>
    DAG Node: terminate_0_ID0000010
    pool:condorpool
...
000 (379.000.000) 10/24 16:20:06 Job submitted from host: <54.183.250.128:60753?addrs=54.183.250.128-60753>
    DAG Node: clean_up_local_level_9_0
    pool:local
...
001 (378.000.000) 10/24 16:20:07 Job executing on host: <54.200.206.239:6350?addrs=54.200.206.239-6350&noUDP>
...
005 (378.000.000) 10/24 16:20:08 Job terminated.
	(1) Normal termination (return value 0)
		Usr 0 00:00:00, Sys 0 00:00:00  -  Run Remote Usage
		Usr 0 00:00:00, Sys 0 00:00:00  -  Run Local Usage
		Usr 0 00:00:00, Sys 0 00:00:00  -  Total Remote Usage
		Usr 0 00:00:00, Sys 0 00:00:00  -  Total Local Usage
	4443  -  Run Bytes Sent By Job
	3167466  -  Run Bytes Received By Job
	4443  -  Total Bytes Sent By Job
	3167466  -  Total Bytes Received By Job
	Partitionable Resources :    Usage  Request Allocated
	   Cpus                 :                 1         1
	   Disk (KB)            :     6103     3250  27893508
	   Memory (MB)          :        0        1      3764
...
001 (379.000.000) 10/24 16:20:12 Job executing on host: <54.183.250.128:48511?addrs=54.183.250.128-48511>
...
016 (378.000.000) 10/24 16:20:12 POST Script terminated.
	(1) Normal termination (return value 0)
    DAG Node: terminate_0_ID0000010
...
005 (379.000.000) 10/24 16:20:16 Job terminated.
	(1) Normal termination (return value 0)
		Usr 0 00:00:00, Sys 0 00:00:00  -  Run Remote Usage
		Usr 0 00:00:00, Sys 0 00:00:00  -  Run Local Usage
		Usr 0 00:00:00, Sys 0 00:00:00  -  Total Remote Usage
		Usr 0 00:00:00, Sys 0 00:00:00  -  Total Local Usage
	0  -  Run Bytes Sent By Job
	0  -  Run Bytes Received By Job
	0  -  Total Bytes Sent By Job
	0  -  Total Bytes Received By Job
...
016 (379.000.000) 10/24 16:20:17 POST Script terminated.
	(1) Normal termination (return value 0)
    DAG Node: clean_up_local_level_9_0
...
000 (380.000.000) 10/24 16:20:22 Job submitted from host: <54.183.250.128:60753?addrs=54.183.250.128-60753>
    DAG Node: clean_up_local_level_10_0
    pool:local
...
001 (380.000.000) 10/24 16:20:22 Job executing on host: <54.183.250.128:47829?addrs=54.183.250.128-47829>
...
005 (380.000.000) 10/24 16:20:24 Job terminated.
	(1) Normal termination (return value 0)
		Usr 0 00:00:00, Sys 0 00:00:00  -  Run Remote Usage
		Usr 0 00:00:00, Sys 0 00:00:00  -  Run Local Usage
		Usr 0 00:00:00, Sys 0 00:00:00  -  Total Remote Usage
		Usr 0 00:00:00, Sys 0 00:00:00  -  Total Local Usage
	0  -  Run Bytes Sent By Job
	0  -  Run Bytes Received By Job
	0  -  Total Bytes Sent By Job
	0  -  Total Bytes Received By Job
...
016 (380.000.000) 10/24 16:20:27 POST Script terminated.
	(1) Normal termination (return value 0)
    DAG Node: clean_up_local_level_10_0
...
000 (381.000.000) 10/24 16:20:37 Job submitted from host: <54.183.250.128:60753?addrs=54.183.250.128-60753>
    DAG Node: cleanup_example_workflow_0_local
    pool:local
...
001 (381.000.000) 10/24 16:20:37 Job executing on host: <54.183.250.128:23042?addrs=54.183.250.128-23042>
...
005 (381.000.000) 10/24 16:20:39 Job terminated.
	(1) Normal termination (return value 0)
		Usr 0 00:00:00, Sys 0 00:00:00  -  Run Remote Usage
		Usr 0 00:00:00, Sys 0 00:00:00  -  Run Local Usage
		Usr 0 00:00:00, Sys 0 00:00:00  -  Total Remote Usage
		Usr 0 00:00:00, Sys 0 00:00:00  -  Total Local Usage
	0  -  Run Bytes Sent By Job
	0  -  Run Bytes Received By Job
	0  -  Total Bytes Sent By Job
	0  -  Total Bytes Received By Job
...
