000 (1661.000.000) 11/02 03:15:10 Job submitted from host: <54.193.12.226:15509?addrs=54.193.12.226-15509>
    DAG Node: create_dir_example_workflow_0_local
    pool:local
...
001 (1661.000.000) 11/02 03:15:11 Job executing on host: <54.193.12.226:16499?addrs=54.193.12.226-16499>
...
005 (1661.000.000) 11/02 03:15:13 Job terminated.
	(1) Normal termination (return value 0)
		Usr 0 00:00:00, Sys 0 00:00:00  -  Run Remote Usage
		Usr 0 00:00:00, Sys 0 00:00:00  -  Run Local Usage
		Usr 0 00:00:00, Sys 0 00:00:00  -  Total Remote Usage
		Usr 0 00:00:00, Sys 0 00:00:00  -  Total Local Usage
	0  -  Run Bytes Sent By Job
	0  -  Run Bytes Received By Job
	0  -  Total Bytes Sent By Job
	0  -  Total Bytes Received By Job
...
016 (1661.000.000) 11/02 03:15:15 POST Script terminated.
	(1) Normal termination (return value 0)
    DAG Node: create_dir_example_workflow_0_local
...
000 (1662.000.000) 11/02 03:15:25 Job submitted from host: <54.193.12.226:15509?addrs=54.193.12.226-15509>
    DAG Node: stage_in_local_local_0_0
    pool:local
...
001 (1662.000.000) 11/02 03:15:25 Job executing on host: <54.193.12.226:44700?addrs=54.193.12.226-44700>
...
000 (1663.000.000) 11/02 03:15:25 Job submitted from host: <54.193.12.226:15509?addrs=54.193.12.226-15509>
    DAG Node: stage_in_local_local_6_0
    pool:local
...
000 (1664.000.000) 11/02 03:15:25 Job submitted from host: <54.193.12.226:15509?addrs=54.193.12.226-15509>
    DAG Node: stage_in_remote_local_2_1
    pool:local
...
000 (1665.000.000) 11/02 03:15:25 Job submitted from host: <54.193.12.226:15509?addrs=54.193.12.226-15509>
    DAG Node: stage_in_remote_local_5_0
    pool:local
...
000 (1666.000.000) 11/02 03:15:25 Job submitted from host: <54.193.12.226:15509?addrs=54.193.12.226-15509>
    DAG Node: stage_in_local_local_2_0
    pool:local
...
005 (1662.000.000) 11/02 03:15:27 Job terminated.
	(1) Normal termination (return value 0)
		Usr 0 00:00:00, Sys 0 00:00:00  -  Run Remote Usage
		Usr 0 00:00:00, Sys 0 00:00:00  -  Run Local Usage
		Usr 0 00:00:00, Sys 0 00:00:00  -  Total Remote Usage
		Usr 0 00:00:00, Sys 0 00:00:00  -  Total Local Usage
	0  -  Run Bytes Sent By Job
	0  -  Run Bytes Received By Job
	0  -  Total Bytes Sent By Job
	0  -  Total Bytes Received By Job
...
001 (1665.000.000) 11/02 03:15:27 Job executing on host: <54.193.12.226:31918?addrs=54.193.12.226-31918>
...
001 (1664.000.000) 11/02 03:15:27 Job executing on host: <54.193.12.226:2898?addrs=54.193.12.226-2898>
...
001 (1666.000.000) 11/02 03:15:27 Job executing on host: <54.193.12.226:54466?addrs=54.193.12.226-54466>
...
001 (1663.000.000) 11/02 03:15:27 Job executing on host: <54.193.12.226:46690?addrs=54.193.12.226-46690>
...
005 (1665.000.000) 11/02 03:15:30 Job terminated.
	(1) Normal termination (return value 0)
		Usr 0 00:00:00, Sys 0 00:00:00  -  Run Remote Usage
		Usr 0 00:00:00, Sys 0 00:00:00  -  Run Local Usage
		Usr 0 00:00:00, Sys 0 00:00:00  -  Total Remote Usage
		Usr 0 00:00:00, Sys 0 00:00:00  -  Total Local Usage
	0  -  Run Bytes Sent By Job
	0  -  Run Bytes Received By Job
	0  -  Total Bytes Sent By Job
	0  -  Total Bytes Received By Job
...
005 (1664.000.000) 11/02 03:15:30 Job terminated.
	(1) Normal termination (return value 0)
		Usr 0 00:00:00, Sys 0 00:00:00  -  Run Remote Usage
		Usr 0 00:00:00, Sys 0 00:00:00  -  Run Local Usage
		Usr 0 00:00:00, Sys 0 00:00:00  -  Total Remote Usage
		Usr 0 00:00:00, Sys 0 00:00:00  -  Total Local Usage
	0  -  Run Bytes Sent By Job
	0  -  Run Bytes Received By Job
	0  -  Total Bytes Sent By Job
	0  -  Total Bytes Received By Job
...
005 (1663.000.000) 11/02 03:15:30 Job terminated.
	(1) Normal termination (return value 0)
		Usr 0 00:00:00, Sys 0 00:00:00  -  Run Remote Usage
		Usr 0 00:00:00, Sys 0 00:00:00  -  Run Local Usage
		Usr 0 00:00:00, Sys 0 00:00:00  -  Total Remote Usage
		Usr 0 00:00:00, Sys 0 00:00:00  -  Total Local Usage
	0  -  Run Bytes Sent By Job
	0  -  Run Bytes Received By Job
	0  -  Total Bytes Sent By Job
	0  -  Total Bytes Received By Job
...
000 (1667.000.000) 11/02 03:15:30 Job submitted from host: <54.193.12.226:15509?addrs=54.193.12.226-15509>
    DAG Node: stage_in_local_local_2_1
    pool:local
...
001 (1667.000.000) 11/02 03:15:30 Job executing on host: <54.193.12.226:29470?addrs=54.193.12.226-29470>
...
000 (1668.000.000) 11/02 03:15:30 Job submitted from host: <54.193.12.226:15509?addrs=54.193.12.226-15509>
    DAG Node: stage_in_remote_local_1_0
    pool:local
...
001 (1668.000.000) 11/02 03:15:31 Job executing on host: <54.193.12.226:54354?addrs=54.193.12.226-54354>
...
000 (1669.000.000) 11/02 03:15:31 Job submitted from host: <54.193.12.226:15509?addrs=54.193.12.226-15509>
    DAG Node: stage_in_local_local_5_0
    pool:local
...
001 (1669.000.000) 11/02 03:15:31 Job executing on host: <54.193.12.226:48667?addrs=54.193.12.226-48667>
...
000 (1670.000.000) 11/02 03:15:31 Job submitted from host: <54.193.12.226:15509?addrs=54.193.12.226-15509>
    DAG Node: stage_in_local_local_3_0
    pool:local
...
000 (1671.000.000) 11/02 03:15:31 Job submitted from host: <54.193.12.226:15509?addrs=54.193.12.226-15509>
    DAG Node: stage_in_remote_local_7_0
    pool:local
...
016 (1665.000.000) 11/02 03:15:32 POST Script terminated.
	(1) Normal termination (return value 0)
    DAG Node: stage_in_remote_local_5_0
...
016 (1663.000.000) 11/02 03:15:32 POST Script terminated.
	(1) Normal termination (return value 0)
    DAG Node: stage_in_local_local_6_0
...
016 (1662.000.000) 11/02 03:15:32 POST Script terminated.
	(1) Normal termination (return value 0)
    DAG Node: stage_in_local_local_0_0
...
016 (1664.000.000) 11/02 03:15:32 POST Script terminated.
	(1) Normal termination (return value 0)
    DAG Node: stage_in_remote_local_2_1
...
005 (1666.000.000) 11/02 03:15:32 Job terminated.
	(1) Normal termination (return value 0)
		Usr 0 00:00:00, Sys 0 00:00:00  -  Run Remote Usage
		Usr 0 00:00:00, Sys 0 00:00:00  -  Run Local Usage
		Usr 0 00:00:00, Sys 0 00:00:00  -  Total Remote Usage
		Usr 0 00:00:00, Sys 0 00:00:00  -  Total Local Usage
	0  -  Run Bytes Sent By Job
	0  -  Run Bytes Received By Job
	0  -  Total Bytes Sent By Job
	0  -  Total Bytes Received By Job
...
001 (1670.000.000) 11/02 03:15:32 Job executing on host: <54.193.12.226:64992?addrs=54.193.12.226-64992>
...
001 (1671.000.000) 11/02 03:15:32 Job executing on host: <54.193.12.226:1480?addrs=54.193.12.226-1480>
...
005 (1667.000.000) 11/02 03:15:33 Job terminated.
	(1) Normal termination (return value 0)
		Usr 0 00:00:00, Sys 0 00:00:00  -  Run Remote Usage
		Usr 0 00:00:00, Sys 0 00:00:00  -  Run Local Usage
		Usr 0 00:00:00, Sys 0 00:00:00  -  Total Remote Usage
		Usr 0 00:00:00, Sys 0 00:00:00  -  Total Local Usage
	0  -  Run Bytes Sent By Job
	0  -  Run Bytes Received By Job
	0  -  Total Bytes Sent By Job
	0  -  Total Bytes Received By Job
...
005 (1669.000.000) 11/02 03:15:33 Job terminated.
	(1) Normal termination (return value 0)
		Usr 0 00:00:00, Sys 0 00:00:00  -  Run Remote Usage
		Usr 0 00:00:00, Sys 0 00:00:00  -  Run Local Usage
		Usr 0 00:00:00, Sys 0 00:00:00  -  Total Remote Usage
		Usr 0 00:00:00, Sys 0 00:00:00  -  Total Local Usage
	0  -  Run Bytes Sent By Job
	0  -  Run Bytes Received By Job
	0  -  Total Bytes Sent By Job
	0  -  Total Bytes Received By Job
...
005 (1668.000.000) 11/02 03:15:33 Job terminated.
	(1) Normal termination (return value 0)
		Usr 0 00:00:00, Sys 0 00:00:00  -  Run Remote Usage
		Usr 0 00:00:00, Sys 0 00:00:00  -  Run Local Usage
		Usr 0 00:00:00, Sys 0 00:00:00  -  Total Remote Usage
		Usr 0 00:00:00, Sys 0 00:00:00  -  Total Local Usage
	0  -  Run Bytes Sent By Job
	0  -  Run Bytes Received By Job
	0  -  Total Bytes Sent By Job
	0  -  Total Bytes Received By Job
...
005 (1671.000.000) 11/02 03:15:34 Job terminated.
	(1) Normal termination (return value 0)
		Usr 0 00:00:00, Sys 0 00:00:00  -  Run Remote Usage
		Usr 0 00:00:00, Sys 0 00:00:00  -  Run Local Usage
		Usr 0 00:00:00, Sys 0 00:00:00  -  Total Remote Usage
		Usr 0 00:00:00, Sys 0 00:00:00  -  Total Local Usage
	0  -  Run Bytes Sent By Job
	0  -  Run Bytes Received By Job
	0  -  Total Bytes Sent By Job
	0  -  Total Bytes Received By Job
...
005 (1670.000.000) 11/02 03:15:34 Job terminated.
	(1) Normal termination (return value 0)
		Usr 0 00:00:00, Sys 0 00:00:00  -  Run Remote Usage
		Usr 0 00:00:00, Sys 0 00:00:00  -  Run Local Usage
		Usr 0 00:00:00, Sys 0 00:00:00  -  Total Remote Usage
		Usr 0 00:00:00, Sys 0 00:00:00  -  Total Local Usage
	0  -  Run Bytes Sent By Job
	0  -  Run Bytes Received By Job
	0  -  Total Bytes Sent By Job
	0  -  Total Bytes Received By Job
...
000 (1672.000.000) 11/02 03:15:36 Job submitted from host: <54.193.12.226:15509?addrs=54.193.12.226-15509>
    DAG Node: stage_in_local_local_4_0
    pool:local
...
000 (1673.000.000) 11/02 03:15:36 Job submitted from host: <54.193.12.226:15509?addrs=54.193.12.226-15509>
    DAG Node: stage_in_local_local_1_0
    pool:local
...
000 (1674.000.000) 11/02 03:15:36 Job submitted from host: <54.193.12.226:15509?addrs=54.193.12.226-15509>
    DAG Node: stage_in_local_local_7_0
    pool:local
...
000 (1675.000.000) 11/02 03:15:36 Job submitted from host: <54.193.12.226:15509?addrs=54.193.12.226-15509>
    DAG Node: stage_in_remote_local_4_1
    pool:local
...
000 (1676.000.000) 11/02 03:15:36 Job submitted from host: <54.193.12.226:15509?addrs=54.193.12.226-15509>
    DAG Node: stage_in_remote_local_4_0
    pool:local
...
016 (1669.000.000) 11/02 03:15:37 POST Script terminated.
	(1) Normal termination (return value 0)
    DAG Node: stage_in_local_local_5_0
...
016 (1666.000.000) 11/02 03:15:37 POST Script terminated.
	(1) Normal termination (return value 0)
    DAG Node: stage_in_local_local_2_0
...
016 (1671.000.000) 11/02 03:15:37 POST Script terminated.
	(1) Normal termination (return value 0)
    DAG Node: stage_in_remote_local_7_0
...
016 (1667.000.000) 11/02 03:15:37 POST Script terminated.
	(1) Normal termination (return value 0)
    DAG Node: stage_in_local_local_2_1
...
016 (1670.000.000) 11/02 03:15:37 POST Script terminated.
	(1) Normal termination (return value 0)
    DAG Node: stage_in_local_local_3_0
...
016 (1668.000.000) 11/02 03:15:37 POST Script terminated.
	(1) Normal termination (return value 0)
    DAG Node: stage_in_remote_local_1_0
...
001 (1676.000.000) 11/02 03:15:41 Job executing on host: <54.193.12.226:61344?addrs=54.193.12.226-61344>
...
001 (1672.000.000) 11/02 03:15:41 Job executing on host: <54.193.12.226:50107?addrs=54.193.12.226-50107>
...
001 (1673.000.000) 11/02 03:15:41 Job executing on host: <54.193.12.226:54662?addrs=54.193.12.226-54662>
...
001 (1674.000.000) 11/02 03:15:41 Job executing on host: <54.193.12.226:54924?addrs=54.193.12.226-54924>
...
001 (1675.000.000) 11/02 03:15:41 Job executing on host: <54.193.12.226:12183?addrs=54.193.12.226-12183>
...
000 (1677.000.000) 11/02 03:15:41 Job submitted from host: <54.193.12.226:15509?addrs=54.193.12.226-15509>
    DAG Node: stage_in_remote_local_0_0
    pool:local
...
000 (1678.000.000) 11/02 03:15:41 Job submitted from host: <54.193.12.226:15509?addrs=54.193.12.226-15509>
    DAG Node: stage_in_remote_local_2_0
    pool:local
...
000 (1679.000.000) 11/02 03:15:42 Job submitted from host: <54.193.12.226:15509?addrs=54.193.12.226-15509>
    DAG Node: stage_in_remote_local_3_1
    pool:local
...
000 (1680.000.000) 11/02 03:15:42 Job submitted from host: <54.193.12.226:15509?addrs=54.193.12.226-15509>
    DAG Node: stage_in_remote_local_3_0
    pool:local
...
000 (1681.000.000) 11/02 03:15:42 Job submitted from host: <54.193.12.226:15509?addrs=54.193.12.226-15509>
    DAG Node: stage_in_remote_local_6_0
    pool:local
...
005 (1674.000.000) 11/02 03:15:44 Job terminated.
	(1) Normal termination (return value 0)
		Usr 0 00:00:00, Sys 0 00:00:00  -  Run Remote Usage
		Usr 0 00:00:00, Sys 0 00:00:00  -  Run Local Usage
		Usr 0 00:00:00, Sys 0 00:00:00  -  Total Remote Usage
		Usr 0 00:00:00, Sys 0 00:00:00  -  Total Local Usage
	0  -  Run Bytes Sent By Job
	0  -  Run Bytes Received By Job
	0  -  Total Bytes Sent By Job
	0  -  Total Bytes Received By Job
...
001 (1677.000.000) 11/02 03:15:44 Job executing on host: <54.193.12.226:2852?addrs=54.193.12.226-2852>
...
001 (1678.000.000) 11/02 03:15:44 Job executing on host: <54.193.12.226:37484?addrs=54.193.12.226-37484>
...
001 (1679.000.000) 11/02 03:15:44 Job executing on host: <54.193.12.226:48941?addrs=54.193.12.226-48941>
...
005 (1675.000.000) 11/02 03:15:44 Job terminated.
	(1) Normal termination (return value 0)
		Usr 0 00:00:00, Sys 0 00:00:00  -  Run Remote Usage
		Usr 0 00:00:00, Sys 0 00:00:00  -  Run Local Usage
		Usr 0 00:00:00, Sys 0 00:00:00  -  Total Remote Usage
		Usr 0 00:00:00, Sys 0 00:00:00  -  Total Local Usage
	0  -  Run Bytes Sent By Job
	0  -  Run Bytes Received By Job
	0  -  Total Bytes Sent By Job
	0  -  Total Bytes Received By Job
...
001 (1680.000.000) 11/02 03:15:44 Job executing on host: <54.193.12.226:48814?addrs=54.193.12.226-48814>
...
001 (1681.000.000) 11/02 03:15:44 Job executing on host: <54.193.12.226:15878?addrs=54.193.12.226-15878>
...
005 (1672.000.000) 11/02 03:15:44 Job terminated.
	(1) Normal termination (return value 0)
		Usr 0 00:00:00, Sys 0 00:00:00  -  Run Remote Usage
		Usr 0 00:00:00, Sys 0 00:00:00  -  Run Local Usage
		Usr 0 00:00:00, Sys 0 00:00:00  -  Total Remote Usage
		Usr 0 00:00:00, Sys 0 00:00:00  -  Total Local Usage
	0  -  Run Bytes Sent By Job
	0  -  Run Bytes Received By Job
	0  -  Total Bytes Sent By Job
	0  -  Total Bytes Received By Job
...
005 (1673.000.000) 11/02 03:15:44 Job terminated.
	(1) Normal termination (return value 0)
		Usr 0 00:00:00, Sys 0 00:00:00  -  Run Remote Usage
		Usr 0 00:00:00, Sys 0 00:00:00  -  Run Local Usage
		Usr 0 00:00:00, Sys 0 00:00:00  -  Total Remote Usage
		Usr 0 00:00:00, Sys 0 00:00:00  -  Total Local Usage
	0  -  Run Bytes Sent By Job
	0  -  Run Bytes Received By Job
	0  -  Total Bytes Sent By Job
	0  -  Total Bytes Received By Job
...
005 (1676.000.000) 11/02 03:15:46 Job terminated.
	(1) Normal termination (return value 0)
		Usr 0 00:00:00, Sys 0 00:00:00  -  Run Remote Usage
		Usr 0 00:00:00, Sys 0 00:00:00  -  Run Local Usage
		Usr 0 00:00:00, Sys 0 00:00:00  -  Total Remote Usage
		Usr 0 00:00:00, Sys 0 00:00:00  -  Total Local Usage
	0  -  Run Bytes Sent By Job
	0  -  Run Bytes Received By Job
	0  -  Total Bytes Sent By Job
	0  -  Total Bytes Received By Job
...
005 (1677.000.000) 11/02 03:15:46 Job terminated.
	(1) Normal termination (return value 0)
		Usr 0 00:00:00, Sys 0 00:00:00  -  Run Remote Usage
		Usr 0 00:00:00, Sys 0 00:00:00  -  Run Local Usage
		Usr 0 00:00:00, Sys 0 00:00:00  -  Total Remote Usage
		Usr 0 00:00:00, Sys 0 00:00:00  -  Total Local Usage
	0  -  Run Bytes Sent By Job
	0  -  Run Bytes Received By Job
	0  -  Total Bytes Sent By Job
	0  -  Total Bytes Received By Job
...
005 (1679.000.000) 11/02 03:15:47 Job terminated.
	(1) Normal termination (return value 0)
		Usr 0 00:00:00, Sys 0 00:00:00  -  Run Remote Usage
		Usr 0 00:00:00, Sys 0 00:00:00  -  Run Local Usage
		Usr 0 00:00:00, Sys 0 00:00:00  -  Total Remote Usage
		Usr 0 00:00:00, Sys 0 00:00:00  -  Total Local Usage
	0  -  Run Bytes Sent By Job
	0  -  Run Bytes Received By Job
	0  -  Total Bytes Sent By Job
	0  -  Total Bytes Received By Job
...
005 (1681.000.000) 11/02 03:15:47 Job terminated.
	(1) Normal termination (return value 0)
		Usr 0 00:00:00, Sys 0 00:00:00  -  Run Remote Usage
		Usr 0 00:00:00, Sys 0 00:00:00  -  Run Local Usage
		Usr 0 00:00:00, Sys 0 00:00:00  -  Total Remote Usage
		Usr 0 00:00:00, Sys 0 00:00:00  -  Total Local Usage
	0  -  Run Bytes Sent By Job
	0  -  Run Bytes Received By Job
	0  -  Total Bytes Sent By Job
	0  -  Total Bytes Received By Job
...
016 (1677.000.000) 11/02 03:15:48 POST Script terminated.
	(1) Normal termination (return value 0)
    DAG Node: stage_in_remote_local_0_0
...
016 (1681.000.000) 11/02 03:15:48 POST Script terminated.
	(1) Normal termination (return value 0)
    DAG Node: stage_in_remote_local_6_0
...
016 (1673.000.000) 11/02 03:15:48 POST Script terminated.
	(1) Normal termination (return value 0)
    DAG Node: stage_in_local_local_1_0
...
016 (1675.000.000) 11/02 03:15:48 POST Script terminated.
	(1) Normal termination (return value 0)
    DAG Node: stage_in_remote_local_4_1
...
016 (1674.000.000) 11/02 03:15:48 POST Script terminated.
	(1) Normal termination (return value 0)
    DAG Node: stage_in_local_local_7_0
...
016 (1672.000.000) 11/02 03:15:48 POST Script terminated.
	(1) Normal termination (return value 0)
    DAG Node: stage_in_local_local_4_0
...
016 (1679.000.000) 11/02 03:15:48 POST Script terminated.
	(1) Normal termination (return value 0)
    DAG Node: stage_in_remote_local_3_1
...
016 (1676.000.000) 11/02 03:15:48 POST Script terminated.
	(1) Normal termination (return value 0)
    DAG Node: stage_in_remote_local_4_0
...
005 (1680.000.000) 11/02 03:15:49 Job terminated.
	(1) Normal termination (return value 0)
		Usr 0 00:00:00, Sys 0 00:00:00  -  Run Remote Usage
		Usr 0 00:00:00, Sys 0 00:00:00  -  Run Local Usage
		Usr 0 00:00:00, Sys 0 00:00:00  -  Total Remote Usage
		Usr 0 00:00:00, Sys 0 00:00:00  -  Total Local Usage
	0  -  Run Bytes Sent By Job
	0  -  Run Bytes Received By Job
	0  -  Total Bytes Sent By Job
	0  -  Total Bytes Received By Job
...
005 (1678.000.000) 11/02 03:15:49 Job terminated.
	(1) Normal termination (return value 0)
		Usr 0 00:00:00, Sys 0 00:00:00  -  Run Remote Usage
		Usr 0 00:00:00, Sys 0 00:00:00  -  Run Local Usage
		Usr 0 00:00:00, Sys 0 00:00:00  -  Total Remote Usage
		Usr 0 00:00:00, Sys 0 00:00:00  -  Total Local Usage
	0  -  Run Bytes Sent By Job
	0  -  Run Bytes Received By Job
	0  -  Total Bytes Sent By Job
	0  -  Total Bytes Received By Job
...
016 (1678.000.000) 11/02 03:15:52 POST Script terminated.
	(1) Normal termination (return value 0)
    DAG Node: stage_in_remote_local_2_0
...
016 (1680.000.000) 11/02 03:15:52 POST Script terminated.
	(1) Normal termination (return value 0)
    DAG Node: stage_in_remote_local_3_0
...
000 (1682.000.000) 11/02 03:15:57 Job submitted from host: <54.193.12.226:15509?addrs=54.193.12.226-15509>
    DAG Node: init_0_ID0000001
    pool:condorpool
...
001 (1682.000.000) 11/02 03:16:05 Job executing on host: <54.218.179.175:16540?addrs=54.218.179.175-16540&noUDP>
...
005 (1682.000.000) 11/02 03:19:07 Job terminated.
	(1) Normal termination (return value 0)
		Usr 0 00:00:00, Sys 0 00:00:00  -  Run Remote Usage
		Usr 0 00:00:00, Sys 0 00:00:00  -  Run Local Usage
		Usr 0 00:00:00, Sys 0 00:00:00  -  Total Remote Usage
		Usr 0 00:00:00, Sys 0 00:00:00  -  Total Local Usage
	9131  -  Run Bytes Sent By Job
	3172207  -  Run Bytes Received By Job
	9131  -  Total Bytes Sent By Job
	3172207  -  Total Bytes Received By Job
	Partitionable Resources :    Usage  Request Allocated
	   Cpus                 :                 1         1
	   Disk (KB)            :     6112     3250  27891228
	   Memory (MB)          :        2        1      3764
...
016 (1682.000.000) 11/02 03:19:08 POST Script terminated.
	(1) Normal termination (return value 0)
    DAG Node: init_0_ID0000001
...
000 (1683.000.000) 11/02 03:19:18 Job submitted from host: <54.193.12.226:15509?addrs=54.193.12.226-15509>
    DAG Node: clean_up_local_level_3_0
    pool:local
...
001 (1683.000.000) 11/02 03:19:18 Job executing on host: <54.193.12.226:27984?addrs=54.193.12.226-27984>
...
000 (1684.000.000) 11/02 03:19:18 Job submitted from host: <54.193.12.226:15509?addrs=54.193.12.226-15509>
    DAG Node: generalinfo_0_ID0000002
    pool:condorpool
...
001 (1684.000.000) 11/02 03:19:19 Job executing on host: <54.218.179.175:16540?addrs=54.218.179.175-16540&noUDP>
...
005 (1683.000.000) 11/02 03:19:22 Job terminated.
	(1) Normal termination (return value 0)
		Usr 0 00:00:00, Sys 0 00:00:00  -  Run Remote Usage
		Usr 0 00:00:00, Sys 0 00:00:00  -  Run Local Usage
		Usr 0 00:00:00, Sys 0 00:00:00  -  Total Remote Usage
		Usr 0 00:00:00, Sys 0 00:00:00  -  Total Local Usage
	0  -  Run Bytes Sent By Job
	0  -  Run Bytes Received By Job
	0  -  Total Bytes Sent By Job
	0  -  Total Bytes Received By Job
...
016 (1683.000.000) 11/02 03:19:23 POST Script terminated.
	(1) Normal termination (return value 0)
    DAG Node: clean_up_local_level_3_0
...
005 (1684.000.000) 11/02 03:25:38 Job terminated.
	(1) Normal termination (return value 0)
		Usr 0 00:00:14, Sys 0 00:00:00  -  Run Remote Usage
		Usr 0 00:00:00, Sys 0 00:00:00  -  Run Local Usage
		Usr 0 00:00:14, Sys 0 00:00:00  -  Total Remote Usage
		Usr 0 00:00:00, Sys 0 00:00:00  -  Total Local Usage
	4903  -  Run Bytes Sent By Job
	3168730  -  Run Bytes Received By Job
	4903  -  Total Bytes Sent By Job
	3168730  -  Total Bytes Received By Job
	Partitionable Resources :    Usage  Request Allocated
	   Cpus                 :                 1         1
	   Disk (KB)            :     6106     3250  27891228
	   Memory (MB)          :       14        1      3764
...
016 (1684.000.000) 11/02 03:25:39 POST Script terminated.
	(1) Normal termination (return value 0)
    DAG Node: generalinfo_0_ID0000002
...
000 (1685.000.000) 11/02 03:25:49 Job submitted from host: <54.193.12.226:15509?addrs=54.193.12.226-15509>
    DAG Node: clean_up_local_level_4_0
    pool:local
...
001 (1685.000.000) 11/02 03:25:49 Job executing on host: <54.193.12.226:14380?addrs=54.193.12.226-14380>
...
000 (1686.000.000) 11/02 03:25:49 Job submitted from host: <54.193.12.226:15509?addrs=54.193.12.226-15509>
    DAG Node: statscpumemory_0_ID0000003
    pool:condorpool
...
000 (1687.000.000) 11/02 03:25:49 Job submitted from host: <54.193.12.226:15509?addrs=54.193.12.226-15509>
    DAG Node: medianmemory_0_ID0000005
    pool:condorpool
...
000 (1688.000.000) 11/02 03:25:49 Job submitted from host: <54.193.12.226:15509?addrs=54.193.12.226-15509>
    DAG Node: mediancpu_0_ID0000004
    pool:condorpool
...
001 (1686.000.000) 11/02 03:25:49 Job executing on host: <54.218.179.175:16540?addrs=54.218.179.175-16540&noUDP>
...
005 (1685.000.000) 11/02 03:25:53 Job terminated.
	(1) Normal termination (return value 0)
		Usr 0 00:00:00, Sys 0 00:00:00  -  Run Remote Usage
		Usr 0 00:00:00, Sys 0 00:00:00  -  Run Local Usage
		Usr 0 00:00:00, Sys 0 00:00:00  -  Total Remote Usage
		Usr 0 00:00:00, Sys 0 00:00:00  -  Total Local Usage
	0  -  Run Bytes Sent By Job
	0  -  Run Bytes Received By Job
	0  -  Total Bytes Sent By Job
	0  -  Total Bytes Received By Job
...
016 (1685.000.000) 11/02 03:25:54 POST Script terminated.
	(1) Normal termination (return value 0)
    DAG Node: clean_up_local_level_4_0
...
005 (1686.000.000) 11/02 03:38:39 Job terminated.
	(1) Normal termination (return value 0)
		Usr 0 00:00:48, Sys 0 00:00:00  -  Run Remote Usage
		Usr 0 00:00:00, Sys 0 00:00:00  -  Run Local Usage
		Usr 0 00:00:48, Sys 0 00:00:00  -  Total Remote Usage
		Usr 0 00:00:00, Sys 0 00:00:00  -  Total Local Usage
	5120  -  Run Bytes Sent By Job
	3170902  -  Run Bytes Received By Job
	5120  -  Total Bytes Sent By Job
	3170902  -  Total Bytes Received By Job
	Partitionable Resources :    Usage  Request Allocated
	   Cpus                 :                 1         1
	   Disk (KB)            :     6108     3250  27891228
	   Memory (MB)          :      178        1      3764
...
016 (1686.000.000) 11/02 03:38:40 POST Script terminated.
	(1) Normal termination (return value 0)
    DAG Node: statscpumemory_0_ID0000003
...
001 (1687.000.000) 11/02 03:39:10 Job executing on host: <54.218.179.175:16540?addrs=54.218.179.175-16540&noUDP>
...
005 (1687.000.000) 11/02 03:42:17 Job terminated.
	(1) Normal termination (return value 0)
		Usr 0 00:00:25, Sys 0 00:00:00  -  Run Remote Usage
		Usr 0 00:00:00, Sys 0 00:00:00  -  Run Local Usage
		Usr 0 00:00:25, Sys 0 00:00:00  -  Total Remote Usage
		Usr 0 00:00:00, Sys 0 00:00:00  -  Total Local Usage
	446299  -  Run Bytes Sent By Job
	3168633  -  Run Bytes Received By Job
	446299  -  Total Bytes Sent By Job
	3168633  -  Total Bytes Received By Job
	Partitionable Resources :    Usage  Request Allocated
	   Cpus                 :                 1         1
	   Disk (KB)            :     6536     3250  27884276
	   Memory (MB)          :        2        1      3764
...
001 (1688.000.000) 11/02 03:42:17 Job executing on host: <54.218.179.175:16540?addrs=54.218.179.175-16540&noUDP>
...
016 (1687.000.000) 11/02 03:42:21 POST Script terminated.
	(1) Normal termination (return value 0)
    DAG Node: medianmemory_0_ID0000005
...
000 (1689.000.000) 11/02 03:42:31 Job submitted from host: <54.193.12.226:15509?addrs=54.193.12.226-15509>
    DAG Node: clean_up_local_level_5_0
    pool:local
...
001 (1689.000.000) 11/02 03:42:31 Job executing on host: <54.193.12.226:27927?addrs=54.193.12.226-27927>
...
005 (1689.000.000) 11/02 03:42:39 Job terminated.
	(1) Normal termination (return value 0)
		Usr 0 00:00:00, Sys 0 00:00:00  -  Run Remote Usage
		Usr 0 00:00:00, Sys 0 00:00:00  -  Run Local Usage
		Usr 0 00:00:00, Sys 0 00:00:00  -  Total Remote Usage
		Usr 0 00:00:00, Sys 0 00:00:00  -  Total Local Usage
	0  -  Run Bytes Sent By Job
	0  -  Run Bytes Received By Job
	0  -  Total Bytes Sent By Job
	0  -  Total Bytes Received By Job
...
016 (1689.000.000) 11/02 03:42:41 POST Script terminated.
	(1) Normal termination (return value 0)
    DAG Node: clean_up_local_level_5_0
...
005 (1688.000.000) 11/02 03:45:22 Job terminated.
	(1) Normal termination (return value 0)
		Usr 0 00:00:17, Sys 0 00:00:00  -  Run Remote Usage
		Usr 0 00:00:00, Sys 0 00:00:00  -  Run Local Usage
		Usr 0 00:00:17, Sys 0 00:00:00  -  Total Remote Usage
		Usr 0 00:00:00, Sys 0 00:00:00  -  Total Local Usage
	472338  -  Run Bytes Sent By Job
	3168597  -  Run Bytes Received By Job
	472338  -  Total Bytes Sent By Job
	3168597  -  Total Bytes Received By Job
	Partitionable Resources :    Usage  Request Allocated
	   Cpus                 :                 1         1
	   Disk (KB)            :     6562     3250  27884276
	   Memory (MB)          :       14        1      3764
...
016 (1688.000.000) 11/02 03:45:27 POST Script terminated.
	(1) Normal termination (return value 0)
    DAG Node: mediancpu_0_ID0000004
...
000 (1690.000.000) 11/02 03:45:36 Job submitted from host: <54.193.12.226:15509?addrs=54.193.12.226-15509>
    DAG Node: taskevent_0_ID0000006
    pool:condorpool
...
000 (1691.000.000) 11/02 03:45:36 Job submitted from host: <54.193.12.226:15509?addrs=54.193.12.226-15509>
    DAG Node: clean_up_local_level_5_1
    pool:local
...
001 (1690.000.000) 11/02 03:45:36 Job executing on host: <54.218.179.175:16540?addrs=54.218.179.175-16540&noUDP>
...
001 (1691.000.000) 11/02 03:45:41 Job executing on host: <54.193.12.226:25820?addrs=54.193.12.226-25820>
...
005 (1691.000.000) 11/02 03:45:46 Job terminated.
	(1) Normal termination (return value 0)
		Usr 0 00:00:00, Sys 0 00:00:00  -  Run Remote Usage
		Usr 0 00:00:00, Sys 0 00:00:00  -  Run Local Usage
		Usr 0 00:00:00, Sys 0 00:00:00  -  Total Remote Usage
		Usr 0 00:00:00, Sys 0 00:00:00  -  Total Local Usage
	0  -  Run Bytes Sent By Job
	0  -  Run Bytes Received By Job
	0  -  Total Bytes Sent By Job
	0  -  Total Bytes Received By Job
...
016 (1691.000.000) 11/02 03:45:46 POST Script terminated.
	(1) Normal termination (return value 0)
    DAG Node: clean_up_local_level_5_1
...
005 (1690.000.000) 11/02 03:57:27 Job terminated.
	(1) Normal termination (return value 0)
		Usr 0 00:00:44, Sys 0 00:00:00  -  Run Remote Usage
		Usr 0 00:00:00, Sys 0 00:00:00  -  Run Local Usage
		Usr 0 00:00:44, Sys 0 00:00:00  -  Total Remote Usage
		Usr 0 00:00:00, Sys 0 00:00:00  -  Total Local Usage
	5543  -  Run Bytes Sent By Job
	3174597  -  Run Bytes Received By Job
	5543  -  Total Bytes Sent By Job
	3174597  -  Total Bytes Received By Job
	Partitionable Resources :    Usage  Request Allocated
	   Cpus                 :                 1         1
	   Disk (KB)            :     6113     3250  27884276
	   Memory (MB)          :      401        1      3764
...
016 (1690.000.000) 11/02 03:57:32 POST Script terminated.
	(1) Normal termination (return value 0)
    DAG Node: taskevent_0_ID0000006
...
000 (1692.000.000) 11/02 03:57:42 Job submitted from host: <54.193.12.226:15509?addrs=54.193.12.226-15509>
    DAG Node: clean_up_local_level_6_0
    pool:local
...
000 (1693.000.000) 11/02 03:57:42 Job submitted from host: <54.193.12.226:15509?addrs=54.193.12.226-15509>
    DAG Node: calculateratio_0_ID0000007
    pool:condorpool
...
001 (1692.000.000) 11/02 03:57:42 Job executing on host: <54.193.12.226:1447?addrs=54.193.12.226-1447>
...
001 (1693.000.000) 11/02 03:57:43 Job executing on host: <54.218.179.175:16540?addrs=54.218.179.175-16540&noUDP>
...
005 (1692.000.000) 11/02 03:57:50 Job terminated.
	(1) Normal termination (return value 0)
		Usr 0 00:00:00, Sys 0 00:00:00  -  Run Remote Usage
		Usr 0 00:00:00, Sys 0 00:00:00  -  Run Local Usage
		Usr 0 00:00:00, Sys 0 00:00:00  -  Total Remote Usage
		Usr 0 00:00:00, Sys 0 00:00:00  -  Total Local Usage
	0  -  Run Bytes Sent By Job
	0  -  Run Bytes Received By Job
	0  -  Total Bytes Sent By Job
	0  -  Total Bytes Received By Job
...
016 (1692.000.000) 11/02 03:57:52 POST Script terminated.
	(1) Normal termination (return value 0)
    DAG Node: clean_up_local_level_6_0
...
005 (1693.000.000) 11/02 04:29:00 Job terminated.
	(1) Normal termination (return value 0)
		Usr 0 00:01:46, Sys 0 00:00:03  -  Run Remote Usage
		Usr 0 00:00:00, Sys 0 00:00:00  -  Run Local Usage
		Usr 0 00:01:46, Sys 0 00:00:03  -  Total Remote Usage
		Usr 0 00:00:00, Sys 0 00:00:00  -  Total Local Usage
	361335  -  Run Bytes Sent By Job
	3173829  -  Run Bytes Received By Job
	361335  -  Total Bytes Sent By Job
	3173829  -  Total Bytes Received By Job
	Partitionable Resources :    Usage  Request Allocated
	   Cpus                 :                 1         1
	   Disk (KB)            :     6460     3250  27884276
	   Memory (MB)          :      452        1      3764
...
016 (1693.000.000) 11/02 04:29:04 POST Script terminated.
	(1) Normal termination (return value 0)
    DAG Node: calculateratio_0_ID0000007
...
000 (1694.000.000) 11/02 04:29:14 Job submitted from host: <54.193.12.226:15509?addrs=54.193.12.226-15509>
    DAG Node: clean_up_local_level_7_0
    pool:local
...
001 (1694.000.000) 11/02 04:29:14 Job executing on host: <54.193.12.226:12326?addrs=54.193.12.226-12326>
...
000 (1695.000.000) 11/02 04:29:14 Job submitted from host: <54.193.12.226:15509?addrs=54.193.12.226-15509>
    DAG Node: averageratioevent_0_ID0000008
    pool:condorpool
...
005 (1694.000.000) 11/02 04:29:23 Job terminated.
	(1) Normal termination (return value 0)
		Usr 0 00:00:00, Sys 0 00:00:00  -  Run Remote Usage
		Usr 0 00:00:00, Sys 0 00:00:00  -  Run Local Usage
		Usr 0 00:00:00, Sys 0 00:00:00  -  Total Remote Usage
		Usr 0 00:00:00, Sys 0 00:00:00  -  Total Local Usage
	0  -  Run Bytes Sent By Job
	0  -  Run Bytes Received By Job
	0  -  Total Bytes Sent By Job
	0  -  Total Bytes Received By Job
...
016 (1694.000.000) 11/02 04:29:24 POST Script terminated.
	(1) Normal termination (return value 0)
    DAG Node: clean_up_local_level_7_0
...
001 (1695.000.000) 11/02 04:29:27 Job executing on host: <54.218.179.175:16540?addrs=54.218.179.175-16540&noUDP>
...
005 (1695.000.000) 11/02 04:30:44 Job terminated.
	(1) Normal termination (return value 0)
		Usr 0 00:00:03, Sys 0 00:00:00  -  Run Remote Usage
		Usr 0 00:00:00, Sys 0 00:00:00  -  Run Local Usage
		Usr 0 00:00:03, Sys 0 00:00:00  -  Total Remote Usage
		Usr 0 00:00:00, Sys 0 00:00:00  -  Total Local Usage
	266707  -  Run Bytes Sent By Job
	3169525  -  Run Bytes Received By Job
	266707  -  Total Bytes Sent By Job
	3169525  -  Total Bytes Received By Job
	Partitionable Resources :    Usage  Request Allocated
	   Cpus                 :                 1         1
	   Disk (KB)            :     6362     3250  27890980
	   Memory (MB)          :        2        1      3764
...
016 (1695.000.000) 11/02 04:30:49 POST Script terminated.
	(1) Normal termination (return value 0)
    DAG Node: averageratioevent_0_ID0000008
...
000 (1696.000.000) 11/02 04:30:59 Job submitted from host: <54.193.12.226:15509?addrs=54.193.12.226-15509>
    DAG Node: clean_up_local_level_8_0
    pool:local
...
001 (1696.000.000) 11/02 04:30:59 Job executing on host: <54.193.12.226:38964?addrs=54.193.12.226-38964>
...
000 (1697.000.000) 11/02 04:30:59 Job submitted from host: <54.193.12.226:15509?addrs=54.193.12.226-15509>
    DAG Node: analysisevent_0_ID0000009
    pool:condorpool
...
001 (1697.000.000) 11/02 04:31:00 Job executing on host: <54.218.179.175:16540?addrs=54.218.179.175-16540&noUDP>
...
005 (1697.000.000) 11/02 04:31:00 Job terminated.
	(1) Normal termination (return value 0)
		Usr 0 00:00:00, Sys 0 00:00:00  -  Run Remote Usage
		Usr 0 00:00:00, Sys 0 00:00:00  -  Run Local Usage
		Usr 0 00:00:00, Sys 0 00:00:00  -  Total Remote Usage
		Usr 0 00:00:00, Sys 0 00:00:00  -  Total Local Usage
	4898  -  Run Bytes Sent By Job
	3169034  -  Run Bytes Received By Job
	4898  -  Total Bytes Sent By Job
	3169034  -  Total Bytes Received By Job
	Partitionable Resources :    Usage  Request Allocated
	   Cpus                 :                 1         1
	   Disk (KB)            :     6106     3250  27890980
	   Memory (MB)          :        0        1      3764
...
005 (1696.000.000) 11/02 04:31:03 Job terminated.
	(1) Normal termination (return value 0)
		Usr 0 00:00:00, Sys 0 00:00:00  -  Run Remote Usage
		Usr 0 00:00:00, Sys 0 00:00:00  -  Run Local Usage
		Usr 0 00:00:00, Sys 0 00:00:00  -  Total Remote Usage
		Usr 0 00:00:00, Sys 0 00:00:00  -  Total Local Usage
	0  -  Run Bytes Sent By Job
	0  -  Run Bytes Received By Job
	0  -  Total Bytes Sent By Job
	0  -  Total Bytes Received By Job
...
016 (1696.000.000) 11/02 04:31:04 POST Script terminated.
	(1) Normal termination (return value 0)
    DAG Node: clean_up_local_level_8_0
...
016 (1697.000.000) 11/02 04:31:04 POST Script terminated.
	(1) Normal termination (return value 0)
    DAG Node: analysisevent_0_ID0000009
...
000 (1698.000.000) 11/02 04:31:14 Job submitted from host: <54.193.12.226:15509?addrs=54.193.12.226-15509>
    DAG Node: terminate_0_ID0000010
    pool:condorpool
...
000 (1699.000.000) 11/02 04:31:15 Job submitted from host: <54.193.12.226:15509?addrs=54.193.12.226-15509>
    DAG Node: clean_up_local_level_9_0
    pool:local
...
001 (1698.000.000) 11/02 04:31:15 Job executing on host: <54.218.179.175:16540?addrs=54.218.179.175-16540&noUDP>
...
005 (1698.000.000) 11/02 04:31:15 Job terminated.
	(1) Normal termination (return value 0)
		Usr 0 00:00:00, Sys 0 00:00:00  -  Run Remote Usage
		Usr 0 00:00:00, Sys 0 00:00:00  -  Run Local Usage
		Usr 0 00:00:00, Sys 0 00:00:00  -  Total Remote Usage
		Usr 0 00:00:00, Sys 0 00:00:00  -  Total Local Usage
	4631  -  Run Bytes Sent By Job
	3167983  -  Run Bytes Received By Job
	4631  -  Total Bytes Sent By Job
	3167983  -  Total Bytes Received By Job
	Partitionable Resources :    Usage  Request Allocated
	   Cpus                 :                 1         1
	   Disk (KB)            :     6104     3250  27890980
	   Memory (MB)          :        0        1      3764
...
001 (1699.000.000) 11/02 04:31:20 Job executing on host: <54.193.12.226:59163?addrs=54.193.12.226-59163>
...
016 (1698.000.000) 11/02 04:31:20 POST Script terminated.
	(1) Normal termination (return value 0)
    DAG Node: terminate_0_ID0000010
...
005 (1699.000.000) 11/02 04:31:24 Job terminated.
	(1) Normal termination (return value 0)
		Usr 0 00:00:00, Sys 0 00:00:00  -  Run Remote Usage
		Usr 0 00:00:00, Sys 0 00:00:00  -  Run Local Usage
		Usr 0 00:00:00, Sys 0 00:00:00  -  Total Remote Usage
		Usr 0 00:00:00, Sys 0 00:00:00  -  Total Local Usage
	0  -  Run Bytes Sent By Job
	0  -  Run Bytes Received By Job
	0  -  Total Bytes Sent By Job
	0  -  Total Bytes Received By Job
...
016 (1699.000.000) 11/02 04:31:25 POST Script terminated.
	(1) Normal termination (return value 0)
    DAG Node: clean_up_local_level_9_0
...
000 (1700.000.000) 11/02 04:31:30 Job submitted from host: <54.193.12.226:15509?addrs=54.193.12.226-15509>
    DAG Node: clean_up_local_level_10_0
    pool:local
...
001 (1700.000.000) 11/02 04:31:30 Job executing on host: <54.193.12.226:43439?addrs=54.193.12.226-43439>
...
005 (1700.000.000) 11/02 04:31:34 Job terminated.
	(1) Normal termination (return value 0)
		Usr 0 00:00:00, Sys 0 00:00:00  -  Run Remote Usage
		Usr 0 00:00:00, Sys 0 00:00:00  -  Run Local Usage
		Usr 0 00:00:00, Sys 0 00:00:00  -  Total Remote Usage
		Usr 0 00:00:00, Sys 0 00:00:00  -  Total Local Usage
	0  -  Run Bytes Sent By Job
	0  -  Run Bytes Received By Job
	0  -  Total Bytes Sent By Job
	0  -  Total Bytes Received By Job
...
016 (1700.000.000) 11/02 04:31:35 POST Script terminated.
	(1) Normal termination (return value 0)
    DAG Node: clean_up_local_level_10_0
...
000 (1701.000.000) 11/02 04:31:45 Job submitted from host: <54.193.12.226:15509?addrs=54.193.12.226-15509>
    DAG Node: cleanup_example_workflow_0_local
    pool:local
...
001 (1701.000.000) 11/02 04:31:45 Job executing on host: <54.193.12.226:61728?addrs=54.193.12.226-61728>
...
005 (1701.000.000) 11/02 04:31:47 Job terminated.
	(1) Normal termination (return value 0)
		Usr 0 00:00:00, Sys 0 00:00:00  -  Run Remote Usage
		Usr 0 00:00:00, Sys 0 00:00:00  -  Run Local Usage
		Usr 0 00:00:00, Sys 0 00:00:00  -  Total Remote Usage
		Usr 0 00:00:00, Sys 0 00:00:00  -  Total Local Usage
	0  -  Run Bytes Sent By Job
	0  -  Run Bytes Received By Job
	0  -  Total Bytes Sent By Job
	0  -  Total Bytes Received By Job
...
