000 (11030.000.000) 01/25 13:53:19 Job submitted from host: <52.53.227.117:37519?addrs=52.53.227.117-37519>
    DAG Node: create_dir_example_workflow_0_local
    pool:local
...
001 (11030.000.000) 01/25 13:53:20 Job executing on host: <52.53.227.117:24977?addrs=52.53.227.117-24977>
...
005 (11030.000.000) 01/25 13:53:22 Job terminated.
	(1) Normal termination (return value 0)
		Usr 0 00:00:00, Sys 0 00:00:00  -  Run Remote Usage
		Usr 0 00:00:00, Sys 0 00:00:00  -  Run Local Usage
		Usr 0 00:00:00, Sys 0 00:00:00  -  Total Remote Usage
		Usr 0 00:00:00, Sys 0 00:00:00  -  Total Local Usage
	0  -  Run Bytes Sent By Job
	0  -  Run Bytes Received By Job
	0  -  Total Bytes Sent By Job
	0  -  Total Bytes Received By Job
...
016 (11030.000.000) 01/25 13:53:24 POST Script terminated.
	(1) Normal termination (return value 0)
    DAG Node: create_dir_example_workflow_0_local
...
000 (11031.000.000) 01/25 13:53:34 Job submitted from host: <52.53.227.117:37519?addrs=52.53.227.117-37519>
    DAG Node: stage_in_local_local_0_0
    pool:local
...
000 (11032.000.000) 01/25 13:53:34 Job submitted from host: <52.53.227.117:37519?addrs=52.53.227.117-37519>
    DAG Node: stage_in_local_local_4_0
    pool:local
...
001 (11031.000.000) 01/25 13:53:34 Job executing on host: <52.53.227.117:42531?addrs=52.53.227.117-42531>
...
000 (11033.000.000) 01/25 13:53:34 Job submitted from host: <52.53.227.117:37519?addrs=52.53.227.117-37519>
    DAG Node: stage_in_local_local_1_0
    pool:local
...
000 (11034.000.000) 01/25 13:53:34 Job submitted from host: <52.53.227.117:37519?addrs=52.53.227.117-37519>
    DAG Node: stage_in_local_local_2_0
    pool:local
...
000 (11035.000.000) 01/25 13:53:34 Job submitted from host: <52.53.227.117:37519?addrs=52.53.227.117-37519>
    DAG Node: stage_in_local_local_2_1
    pool:local
...
005 (11031.000.000) 01/25 13:53:36 Job terminated.
	(1) Normal termination (return value 0)
		Usr 0 00:00:00, Sys 0 00:00:00  -  Run Remote Usage
		Usr 0 00:00:00, Sys 0 00:00:00  -  Run Local Usage
		Usr 0 00:00:00, Sys 0 00:00:00  -  Total Remote Usage
		Usr 0 00:00:00, Sys 0 00:00:00  -  Total Local Usage
	0  -  Run Bytes Sent By Job
	0  -  Run Bytes Received By Job
	0  -  Total Bytes Sent By Job
	0  -  Total Bytes Received By Job
...
001 (11035.000.000) 01/25 13:53:37 Job executing on host: <52.53.227.117:65222?addrs=52.53.227.117-65222>
...
001 (11032.000.000) 01/25 13:53:37 Job executing on host: <52.53.227.117:64285?addrs=52.53.227.117-64285>
...
001 (11033.000.000) 01/25 13:53:37 Job executing on host: <52.53.227.117:45448?addrs=52.53.227.117-45448>
...
001 (11034.000.000) 01/25 13:53:37 Job executing on host: <52.53.227.117:8627?addrs=52.53.227.117-8627>
...
005 (11032.000.000) 01/25 13:53:39 Job terminated.
	(1) Normal termination (return value 0)
		Usr 0 00:00:00, Sys 0 00:00:00  -  Run Remote Usage
		Usr 0 00:00:00, Sys 0 00:00:00  -  Run Local Usage
		Usr 0 00:00:00, Sys 0 00:00:00  -  Total Remote Usage
		Usr 0 00:00:00, Sys 0 00:00:00  -  Total Local Usage
	0  -  Run Bytes Sent By Job
	0  -  Run Bytes Received By Job
	0  -  Total Bytes Sent By Job
	0  -  Total Bytes Received By Job
...
005 (11033.000.000) 01/25 13:53:39 Job terminated.
	(1) Normal termination (return value 0)
		Usr 0 00:00:00, Sys 0 00:00:00  -  Run Remote Usage
		Usr 0 00:00:00, Sys 0 00:00:00  -  Run Local Usage
		Usr 0 00:00:00, Sys 0 00:00:00  -  Total Remote Usage
		Usr 0 00:00:00, Sys 0 00:00:00  -  Total Local Usage
	0  -  Run Bytes Sent By Job
	0  -  Run Bytes Received By Job
	0  -  Total Bytes Sent By Job
	0  -  Total Bytes Received By Job
...
000 (11036.000.000) 01/25 13:53:39 Job submitted from host: <52.53.227.117:37519?addrs=52.53.227.117-37519>
    DAG Node: stage_in_remote_local_1_0
    pool:local
...
001 (11036.000.000) 01/25 13:53:40 Job executing on host: <52.53.227.117:55615?addrs=52.53.227.117-55615>
...
000 (11037.000.000) 01/25 13:53:40 Job submitted from host: <52.53.227.117:37519?addrs=52.53.227.117-37519>
    DAG Node: stage_in_local_local_3_1
    pool:local
...
000 (11038.000.000) 01/25 13:53:40 Job submitted from host: <52.53.227.117:37519?addrs=52.53.227.117-37519>
    DAG Node: stage_in_local_local_3_0
    pool:local
...
000 (11039.000.000) 01/25 13:53:40 Job submitted from host: <52.53.227.117:37519?addrs=52.53.227.117-37519>
    DAG Node: stage_in_remote_local_3_1
    pool:local
...
000 (11040.000.000) 01/25 13:53:40 Job submitted from host: <52.53.227.117:37519?addrs=52.53.227.117-37519>
    DAG Node: stage_in_remote_local_3_0
    pool:local
...
016 (11033.000.000) 01/25 13:53:40 POST Script terminated.
	(1) Normal termination (return value 0)
    DAG Node: stage_in_local_local_1_0
...
016 (11032.000.000) 01/25 13:53:40 POST Script terminated.
	(1) Normal termination (return value 0)
    DAG Node: stage_in_local_local_4_0
...
016 (11031.000.000) 01/25 13:53:40 POST Script terminated.
	(1) Normal termination (return value 0)
    DAG Node: stage_in_local_local_0_0
...
005 (11035.000.000) 01/25 13:53:41 Job terminated.
	(1) Normal termination (return value 0)
		Usr 0 00:00:00, Sys 0 00:00:00  -  Run Remote Usage
		Usr 0 00:00:00, Sys 0 00:00:00  -  Run Local Usage
		Usr 0 00:00:00, Sys 0 00:00:00  -  Total Remote Usage
		Usr 0 00:00:00, Sys 0 00:00:00  -  Total Local Usage
	0  -  Run Bytes Sent By Job
	0  -  Run Bytes Received By Job
	0  -  Total Bytes Sent By Job
	0  -  Total Bytes Received By Job
...
001 (11039.000.000) 01/25 13:53:41 Job executing on host: <52.53.227.117:35166?addrs=52.53.227.117-35166>
...
001 (11038.000.000) 01/25 13:53:41 Job executing on host: <52.53.227.117:30490?addrs=52.53.227.117-30490>
...
001 (11037.000.000) 01/25 13:53:41 Job executing on host: <52.53.227.117:4191?addrs=52.53.227.117-4191>
...
001 (11040.000.000) 01/25 13:53:41 Job executing on host: <52.53.227.117:58416?addrs=52.53.227.117-58416>
...
005 (11034.000.000) 01/25 13:53:41 Job terminated.
	(1) Normal termination (return value 0)
		Usr 0 00:00:00, Sys 0 00:00:00  -  Run Remote Usage
		Usr 0 00:00:00, Sys 0 00:00:00  -  Run Local Usage
		Usr 0 00:00:00, Sys 0 00:00:00  -  Total Remote Usage
		Usr 0 00:00:00, Sys 0 00:00:00  -  Total Local Usage
	0  -  Run Bytes Sent By Job
	0  -  Run Bytes Received By Job
	0  -  Total Bytes Sent By Job
	0  -  Total Bytes Received By Job
...
005 (11036.000.000) 01/25 13:53:42 Job terminated.
	(1) Normal termination (return value 0)
		Usr 0 00:00:00, Sys 0 00:00:00  -  Run Remote Usage
		Usr 0 00:00:00, Sys 0 00:00:00  -  Run Local Usage
		Usr 0 00:00:00, Sys 0 00:00:00  -  Total Remote Usage
		Usr 0 00:00:00, Sys 0 00:00:00  -  Total Local Usage
	0  -  Run Bytes Sent By Job
	0  -  Run Bytes Received By Job
	0  -  Total Bytes Sent By Job
	0  -  Total Bytes Received By Job
...
005 (11038.000.000) 01/25 13:53:46 Job terminated.
	(1) Normal termination (return value 0)
		Usr 0 00:00:00, Sys 0 00:00:00  -  Run Remote Usage
		Usr 0 00:00:00, Sys 0 00:00:00  -  Run Local Usage
		Usr 0 00:00:00, Sys 0 00:00:00  -  Total Remote Usage
		Usr 0 00:00:00, Sys 0 00:00:00  -  Total Local Usage
	0  -  Run Bytes Sent By Job
	0  -  Run Bytes Received By Job
	0  -  Total Bytes Sent By Job
	0  -  Total Bytes Received By Job
...
005 (11037.000.000) 01/25 13:53:46 Job terminated.
	(1) Normal termination (return value 0)
		Usr 0 00:00:00, Sys 0 00:00:00  -  Run Remote Usage
		Usr 0 00:00:00, Sys 0 00:00:00  -  Run Local Usage
		Usr 0 00:00:00, Sys 0 00:00:00  -  Total Remote Usage
		Usr 0 00:00:00, Sys 0 00:00:00  -  Total Local Usage
	0  -  Run Bytes Sent By Job
	0  -  Run Bytes Received By Job
	0  -  Total Bytes Sent By Job
	0  -  Total Bytes Received By Job
...
016 (11034.000.000) 01/25 13:53:46 POST Script terminated.
	(1) Normal termination (return value 0)
    DAG Node: stage_in_local_local_2_0
...
005 (11040.000.000) 01/25 13:53:46 Job terminated.
	(1) Normal termination (return value 0)
		Usr 0 00:00:00, Sys 0 00:00:00  -  Run Remote Usage
		Usr 0 00:00:00, Sys 0 00:00:00  -  Run Local Usage
		Usr 0 00:00:00, Sys 0 00:00:00  -  Total Remote Usage
		Usr 0 00:00:00, Sys 0 00:00:00  -  Total Local Usage
	0  -  Run Bytes Sent By Job
	0  -  Run Bytes Received By Job
	0  -  Total Bytes Sent By Job
	0  -  Total Bytes Received By Job
...
005 (11039.000.000) 01/25 13:53:46 Job terminated.
	(1) Normal termination (return value 0)
		Usr 0 00:00:00, Sys 0 00:00:00  -  Run Remote Usage
		Usr 0 00:00:00, Sys 0 00:00:00  -  Run Local Usage
		Usr 0 00:00:00, Sys 0 00:00:00  -  Total Remote Usage
		Usr 0 00:00:00, Sys 0 00:00:00  -  Total Local Usage
	0  -  Run Bytes Sent By Job
	0  -  Run Bytes Received By Job
	0  -  Total Bytes Sent By Job
	0  -  Total Bytes Received By Job
...
016 (11035.000.000) 01/25 13:53:46 POST Script terminated.
	(1) Normal termination (return value 0)
    DAG Node: stage_in_local_local_2_1
...
016 (11036.000.000) 01/25 13:53:46 POST Script terminated.
	(1) Normal termination (return value 0)
    DAG Node: stage_in_remote_local_1_0
...
000 (11041.000.000) 01/25 13:53:51 Job submitted from host: <52.53.227.117:37519?addrs=52.53.227.117-37519>
    DAG Node: init_0_ID0000001
    pool:condorpool
...
016 (11037.000.000) 01/25 13:53:52 POST Script terminated.
	(1) Normal termination (return value 0)
    DAG Node: stage_in_local_local_3_1
...
016 (11040.000.000) 01/25 13:53:52 POST Script terminated.
	(1) Normal termination (return value 0)
    DAG Node: stage_in_remote_local_3_0
...
016 (11039.000.000) 01/25 13:53:52 POST Script terminated.
	(1) Normal termination (return value 0)
    DAG Node: stage_in_remote_local_3_1
...
016 (11038.000.000) 01/25 13:53:52 POST Script terminated.
	(1) Normal termination (return value 0)
    DAG Node: stage_in_local_local_3_0
...
001 (11041.000.000) 01/25 13:53:56 Job executing on host: <54.202.85.81:50698?addrs=54.202.85.81-50698&noUDP>
...
005 (11041.000.000) 01/25 14:00:17 Job terminated.
	(1) Normal termination (return value 0)
		Usr 0 00:00:00, Sys 0 00:00:00  -  Run Remote Usage
		Usr 0 00:00:00, Sys 0 00:00:00  -  Run Local Usage
		Usr 0 00:00:00, Sys 0 00:00:00  -  Total Remote Usage
		Usr 0 00:00:00, Sys 0 00:00:00  -  Total Local Usage
	4454  -  Run Bytes Sent By Job
	3168879  -  Run Bytes Received By Job
	4454  -  Total Bytes Sent By Job
	3168879  -  Total Bytes Received By Job
	Partitionable Resources :    Usage  Request Allocated
	   Cpus                 :                 1         1
	   Disk (KB)            :     6104     3250  27749188
	   Memory (MB)          :       15        1      3764
...
016 (11041.000.000) 01/25 14:00:21 POST Script terminated.
	(1) Normal termination (return value 0)
    DAG Node: init_0_ID0000001
...
000 (11042.000.000) 01/25 14:00:31 Job submitted from host: <52.53.227.117:37519?addrs=52.53.227.117-37519>
    DAG Node: clean_up_local_level_3_0
    pool:local
...
001 (11042.000.000) 01/25 14:00:32 Job executing on host: <52.53.227.117:29959?addrs=52.53.227.117-29959>
...
000 (11043.000.000) 01/25 14:00:32 Job submitted from host: <52.53.227.117:37519?addrs=52.53.227.117-37519>
    DAG Node: computeusergroup_0_ID0000002
    pool:condorpool
...
001 (11043.000.000) 01/25 14:00:32 Job executing on host: <54.202.85.81:50698?addrs=54.202.85.81-50698&noUDP>
...
005 (11042.000.000) 01/25 14:00:34 Job terminated.
	(1) Normal termination (return value 0)
		Usr 0 00:00:00, Sys 0 00:00:00  -  Run Remote Usage
		Usr 0 00:00:00, Sys 0 00:00:00  -  Run Local Usage
		Usr 0 00:00:00, Sys 0 00:00:00  -  Total Remote Usage
		Usr 0 00:00:00, Sys 0 00:00:00  -  Total Local Usage
	0  -  Run Bytes Sent By Job
	0  -  Run Bytes Received By Job
	0  -  Total Bytes Sent By Job
	0  -  Total Bytes Received By Job
...
016 (11042.000.000) 01/25 14:00:37 POST Script terminated.
	(1) Normal termination (return value 0)
    DAG Node: clean_up_local_level_3_0
...
005 (11043.000.000) 01/25 14:55:53 Job terminated.
	(1) Normal termination (return value 0)
		Usr 0 00:05:26, Sys 0 00:00:17  -  Run Remote Usage
		Usr 0 00:00:00, Sys 0 00:00:00  -  Run Local Usage
		Usr 0 00:05:26, Sys 0 00:00:17  -  Total Remote Usage
		Usr 0 00:00:00, Sys 0 00:00:00  -  Total Local Usage
	526518  -  Run Bytes Sent By Job
	3171474  -  Run Bytes Received By Job
	526518  -  Total Bytes Sent By Job
	3171474  -  Total Bytes Received By Job
	Partitionable Resources :    Usage  Request Allocated
	   Cpus                 :                 1         1
	   Disk (KB)            :    81636     3250  27749188
	   Memory (MB)          :      554        1      3764
...
016 (11043.000.000) 01/25 14:55:56 POST Script terminated.
	(1) Normal termination (return value 0)
    DAG Node: computeusergroup_0_ID0000002
...
000 (11044.000.000) 01/25 14:56:06 Job submitted from host: <52.53.227.117:37519?addrs=52.53.227.117-37519>
    DAG Node: clean_up_local_level_4_0
    pool:local
...
001 (11044.000.000) 01/25 14:56:06 Job executing on host: <52.53.227.117:17266?addrs=52.53.227.117-17266>
...
000 (11045.000.000) 01/25 14:56:06 Job submitted from host: <52.53.227.117:37519?addrs=52.53.227.117-37519>
    DAG Node: stage_out_local_local_1_0
    pool:local
...
000 (11046.000.000) 01/25 14:56:06 Job submitted from host: <52.53.227.117:37519?addrs=52.53.227.117-37519>
    DAG Node: stage_out_local_local_1_1
    pool:local
...
000 (11047.000.000) 01/25 14:56:06 Job submitted from host: <52.53.227.117:37519?addrs=52.53.227.117-37519>
    DAG Node: sessioncompute_0_ID0000003
    pool:condorpool
...
000 (11048.000.000) 01/25 14:56:06 Job submitted from host: <52.53.227.117:37519?addrs=52.53.227.117-37519>
    DAG Node: sessioncompute_5_ID0000008
    pool:condorpool
...
005 (11044.000.000) 01/25 14:56:10 Job terminated.
	(1) Normal termination (return value 0)
		Usr 0 00:00:00, Sys 0 00:00:00  -  Run Remote Usage
		Usr 0 00:00:00, Sys 0 00:00:00  -  Run Local Usage
		Usr 0 00:00:00, Sys 0 00:00:00  -  Total Remote Usage
		Usr 0 00:00:00, Sys 0 00:00:00  -  Total Local Usage
	0  -  Run Bytes Sent By Job
	0  -  Run Bytes Received By Job
	0  -  Total Bytes Sent By Job
	0  -  Total Bytes Received By Job
...
001 (11046.000.000) 01/25 14:56:10 Job executing on host: <52.53.227.117:40852?addrs=52.53.227.117-40852>
...
001 (11045.000.000) 01/25 14:56:10 Job executing on host: <52.53.227.117:9425?addrs=52.53.227.117-9425>
...
000 (11049.000.000) 01/25 14:56:12 Job submitted from host: <52.53.227.117:37519?addrs=52.53.227.117-37519>
    DAG Node: sessioncompute_6_ID0000009
    pool:condorpool
...
000 (11050.000.000) 01/25 14:56:12 Job submitted from host: <52.53.227.117:37519?addrs=52.53.227.117-37519>
    DAG Node: sessioncompute_1_ID0000004
    pool:condorpool
...
000 (11051.000.000) 01/25 14:56:12 Job submitted from host: <52.53.227.117:37519?addrs=52.53.227.117-37519>
    DAG Node: sessioncompute_3_ID0000006
    pool:condorpool
...
000 (11052.000.000) 01/25 14:56:12 Job submitted from host: <52.53.227.117:37519?addrs=52.53.227.117-37519>
    DAG Node: sessioncompute_7_ID0000010
    pool:condorpool
...
000 (11053.000.000) 01/25 14:56:12 Job submitted from host: <52.53.227.117:37519?addrs=52.53.227.117-37519>
    DAG Node: sessioncompute_8_ID0000011
    pool:condorpool
...
016 (11044.000.000) 01/25 14:56:12 POST Script terminated.
	(1) Normal termination (return value 0)
    DAG Node: clean_up_local_level_4_0
...
005 (11046.000.000) 01/25 14:56:15 Job terminated.
	(1) Normal termination (return value 0)
		Usr 0 00:00:00, Sys 0 00:00:00  -  Run Remote Usage
		Usr 0 00:00:00, Sys 0 00:00:00  -  Run Local Usage
		Usr 0 00:00:00, Sys 0 00:00:00  -  Total Remote Usage
		Usr 0 00:00:00, Sys 0 00:00:00  -  Total Local Usage
	0  -  Run Bytes Sent By Job
	0  -  Run Bytes Received By Job
	0  -  Total Bytes Sent By Job
	0  -  Total Bytes Received By Job
...
005 (11045.000.000) 01/25 14:56:15 Job terminated.
	(1) Normal termination (return value 0)
		Usr 0 00:00:00, Sys 0 00:00:00  -  Run Remote Usage
		Usr 0 00:00:00, Sys 0 00:00:00  -  Run Local Usage
		Usr 0 00:00:00, Sys 0 00:00:00  -  Total Remote Usage
		Usr 0 00:00:00, Sys 0 00:00:00  -  Total Local Usage
	0  -  Run Bytes Sent By Job
	0  -  Run Bytes Received By Job
	0  -  Total Bytes Sent By Job
	0  -  Total Bytes Received By Job
...
000 (11054.000.000) 01/25 14:56:17 Job submitted from host: <52.53.227.117:37519?addrs=52.53.227.117-37519>
    DAG Node: sessioncompute_2_ID0000005
    pool:condorpool
...
000 (11055.000.000) 01/25 14:56:17 Job submitted from host: <52.53.227.117:37519?addrs=52.53.227.117-37519>
    DAG Node: sessioncompute_4_ID0000007
    pool:condorpool
...
016 (11046.000.000) 01/25 14:56:18 POST Script terminated.
	(1) Normal termination (return value 0)
    DAG Node: stage_out_local_local_1_1
...
016 (11045.000.000) 01/25 14:56:18 POST Script terminated.
	(1) Normal termination (return value 0)
    DAG Node: stage_out_local_local_1_0
...
001 (11048.000.000) 01/25 14:56:26 Job executing on host: <54.201.201.111:3492?addrs=54.201.201.111-3492&noUDP>
...
001 (11049.000.000) 01/25 14:56:26 Job executing on host: <54.200.250.27:7208?addrs=54.200.250.27-7208&noUDP>
...
001 (11047.000.000) 01/25 14:56:26 Job executing on host: <54.202.85.81:50698?addrs=54.202.85.81-50698&noUDP>
...
001 (11053.000.000) 01/25 14:56:26 Job executing on host: <54.202.85.173:30231?addrs=54.202.85.173-30231&noUDP>
...
001 (11052.000.000) 01/25 14:56:27 Job executing on host: <54.201.224.38:13656?addrs=54.201.224.38-13656&noUDP>
...
001 (11050.000.000) 01/25 14:56:27 Job executing on host: <54.203.103.253:55703?addrs=54.203.103.253-55703&noUDP>
...
001 (11051.000.000) 01/25 14:56:27 Job executing on host: <54.202.88.95:31883?addrs=54.202.88.95-31883&noUDP>
...
001 (11055.000.000) 01/25 14:56:27 Job executing on host: <54.201.97.210:35661?addrs=54.201.97.210-35661&noUDP>
...
001 (11054.000.000) 01/25 14:56:27 Job executing on host: <54.202.123.4:36246?addrs=54.202.123.4-36246&noUDP>
...
005 (11050.000.000) 01/25 14:56:51 Job terminated.
	(1) Normal termination (return value 0)
		Usr 0 00:00:03, Sys 0 00:00:00  -  Run Remote Usage
		Usr 0 00:00:00, Sys 0 00:00:00  -  Run Local Usage
		Usr 0 00:00:03, Sys 0 00:00:00  -  Total Remote Usage
		Usr 0 00:00:00, Sys 0 00:00:00  -  Total Local Usage
	376322  -  Run Bytes Sent By Job
	3186189  -  Run Bytes Received By Job
	376322  -  Total Bytes Sent By Job
	3186189  -  Total Bytes Received By Job
	Partitionable Resources :    Usage  Request Allocated
	   Cpus                 :                 1         1
	   Disk (KB)            :     6504     3250  27751140
	   Memory (MB)          :        2        1      3764
...
016 (11050.000.000) 01/25 14:56:52 POST Script terminated.
	(1) Normal termination (return value 0)
    DAG Node: sessioncompute_1_ID0000004
...
005 (11048.000.000) 01/25 14:56:57 Job terminated.
	(1) Normal termination (return value 0)
		Usr 0 00:00:05, Sys 0 00:00:00  -  Run Remote Usage
		Usr 0 00:00:00, Sys 0 00:00:00  -  Run Local Usage
		Usr 0 00:00:05, Sys 0 00:00:00  -  Total Remote Usage
		Usr 0 00:00:00, Sys 0 00:00:00  -  Total Local Usage
	376355  -  Run Bytes Sent By Job
	3185643  -  Run Bytes Received By Job
	376355  -  Total Bytes Sent By Job
	3185643  -  Total Bytes Received By Job
	Partitionable Resources :    Usage  Request Allocated
	   Cpus                 :                 1         1
	   Disk (KB)            :     6503     3250  27753356
	   Memory (MB)          :        2        1      3764
...
016 (11048.000.000) 01/25 14:56:57 POST Script terminated.
	(1) Normal termination (return value 0)
    DAG Node: sessioncompute_5_ID0000008
...
005 (11055.000.000) 01/25 14:56:59 Job terminated.
	(1) Normal termination (return value 0)
		Usr 0 00:00:05, Sys 0 00:00:00  -  Run Remote Usage
		Usr 0 00:00:00, Sys 0 00:00:00  -  Run Local Usage
		Usr 0 00:00:05, Sys 0 00:00:00  -  Total Remote Usage
		Usr 0 00:00:00, Sys 0 00:00:00  -  Total Local Usage
	375350  -  Run Bytes Sent By Job
	3184978  -  Run Bytes Received By Job
	375350  -  Total Bytes Sent By Job
	3184978  -  Total Bytes Received By Job
	Partitionable Resources :    Usage  Request Allocated
	   Cpus                 :                 1         1
	   Disk (KB)            :     6500     3250  27749556
	   Memory (MB)          :        2        1      3764
...
016 (11055.000.000) 01/25 14:57:02 POST Script terminated.
	(1) Normal termination (return value 0)
    DAG Node: sessioncompute_4_ID0000007
...
005 (11054.000.000) 01/25 14:57:04 Job terminated.
	(1) Normal termination (return value 0)
		Usr 0 00:00:06, Sys 0 00:00:00  -  Run Remote Usage
		Usr 0 00:00:00, Sys 0 00:00:00  -  Run Local Usage
		Usr 0 00:00:06, Sys 0 00:00:00  -  Total Remote Usage
		Usr 0 00:00:00, Sys 0 00:00:00  -  Total Local Usage
	377019  -  Run Bytes Sent By Job
	3186459  -  Run Bytes Received By Job
	377019  -  Total Bytes Sent By Job
	3186459  -  Total Bytes Received By Job
	Partitionable Resources :    Usage  Request Allocated
	   Cpus                 :                 1         1
	   Disk (KB)            :     6505     3250  27753540
	   Memory (MB)          :        2        1      3764
...
016 (11054.000.000) 01/25 14:57:08 POST Script terminated.
	(1) Normal termination (return value 0)
    DAG Node: sessioncompute_2_ID0000005
...
005 (11049.000.000) 01/25 14:57:09 Job terminated.
	(1) Normal termination (return value 0)
		Usr 0 00:00:05, Sys 0 00:00:00  -  Run Remote Usage
		Usr 0 00:00:00, Sys 0 00:00:00  -  Run Local Usage
		Usr 0 00:00:05, Sys 0 00:00:00  -  Total Remote Usage
		Usr 0 00:00:00, Sys 0 00:00:00  -  Total Local Usage
	375603  -  Run Bytes Sent By Job
	3185269  -  Run Bytes Received By Job
	375603  -  Total Bytes Sent By Job
	3185269  -  Total Bytes Received By Job
	Partitionable Resources :    Usage  Request Allocated
	   Cpus                 :                 1         1
	   Disk (KB)            :     6501     3250  27745808
	   Memory (MB)          :        2        1      3764
...
016 (11049.000.000) 01/25 14:57:12 POST Script terminated.
	(1) Normal termination (return value 0)
    DAG Node: sessioncompute_6_ID0000009
...
005 (11051.000.000) 01/25 14:57:12 Job terminated.
	(1) Normal termination (return value 0)
		Usr 0 00:00:08, Sys 0 00:00:00  -  Run Remote Usage
		Usr 0 00:00:00, Sys 0 00:00:00  -  Run Local Usage
		Usr 0 00:00:08, Sys 0 00:00:00  -  Total Remote Usage
		Usr 0 00:00:00, Sys 0 00:00:00  -  Total Local Usage
	375989  -  Run Bytes Sent By Job
	3186786  -  Run Bytes Received By Job
	375989  -  Total Bytes Sent By Job
	3186786  -  Total Bytes Received By Job
	Partitionable Resources :    Usage  Request Allocated
	   Cpus                 :                 1         1
	   Disk (KB)            :     6504     3250  27752800
	   Memory (MB)          :        2        1      3764
...
005 (11047.000.000) 01/25 14:57:14 Job terminated.
	(1) Normal termination (return value 0)
		Usr 0 00:00:09, Sys 0 00:00:00  -  Run Remote Usage
		Usr 0 00:00:00, Sys 0 00:00:00  -  Run Local Usage
		Usr 0 00:00:09, Sys 0 00:00:00  -  Total Remote Usage
		Usr 0 00:00:00, Sys 0 00:00:00  -  Total Local Usage
	376302  -  Run Bytes Sent By Job
	3187426  -  Run Bytes Received By Job
	376302  -  Total Bytes Sent By Job
	3187426  -  Total Bytes Received By Job
	Partitionable Resources :    Usage  Request Allocated
	   Cpus                 :                 1         1
	   Disk (KB)            :     6506     3250  27748964
	   Memory (MB)          :        2        1      3764
...
016 (11047.000.000) 01/25 14:57:17 POST Script terminated.
	(1) Normal termination (return value 0)
    DAG Node: sessioncompute_0_ID0000003
...
016 (11051.000.000) 01/25 14:57:17 POST Script terminated.
	(1) Normal termination (return value 0)
    DAG Node: sessioncompute_3_ID0000006
...
005 (11053.000.000) 01/25 14:57:21 Job terminated.
	(1) Normal termination (return value 0)
		Usr 0 00:00:10, Sys 0 00:00:00  -  Run Remote Usage
		Usr 0 00:00:00, Sys 0 00:00:00  -  Run Local Usage
		Usr 0 00:00:10, Sys 0 00:00:00  -  Total Remote Usage
		Usr 0 00:00:00, Sys 0 00:00:00  -  Total Local Usage
	378585  -  Run Bytes Sent By Job
	3184761  -  Run Bytes Received By Job
	378585  -  Total Bytes Sent By Job
	3184761  -  Total Bytes Received By Job
	Partitionable Resources :    Usage  Request Allocated
	   Cpus                 :                 1         1
	   Disk (KB)            :     6503     3250  27777996
	   Memory (MB)          :        2        1      3764
...
016 (11053.000.000) 01/25 14:57:23 POST Script terminated.
	(1) Normal termination (return value 0)
    DAG Node: sessioncompute_8_ID0000011
...
000 (11056.000.000) 01/25 14:57:27 Job submitted from host: <52.53.227.117:37519?addrs=52.53.227.117-37519>
    DAG Node: clean_up_local_level_5_1
    pool:local
...
001 (11056.000.000) 01/25 14:57:27 Job executing on host: <52.53.227.117:4802?addrs=52.53.227.117-4802>
...
005 (11052.000.000) 01/25 14:57:31 Job terminated.
	(1) Normal termination (return value 0)
		Usr 0 00:00:12, Sys 0 00:00:00  -  Run Remote Usage
		Usr 0 00:00:00, Sys 0 00:00:00  -  Run Local Usage
		Usr 0 00:00:12, Sys 0 00:00:00  -  Total Remote Usage
		Usr 0 00:00:00, Sys 0 00:00:00  -  Total Local Usage
	376895  -  Run Bytes Sent By Job
	3187863  -  Run Bytes Received By Job
	376895  -  Total Bytes Sent By Job
	3187863  -  Total Bytes Received By Job
	Partitionable Resources :    Usage  Request Allocated
	   Cpus                 :                 1         1
	   Disk (KB)            :     6507     3250  27752704
	   Memory (MB)          :        2        1      3764
...
016 (11052.000.000) 01/25 14:57:32 POST Script terminated.
	(1) Normal termination (return value 0)
    DAG Node: sessioncompute_7_ID0000010
...
005 (11056.000.000) 01/25 14:57:37 Job terminated.
	(1) Normal termination (return value 0)
		Usr 0 00:00:00, Sys 0 00:00:00  -  Run Remote Usage
		Usr 0 00:00:00, Sys 0 00:00:00  -  Run Local Usage
		Usr 0 00:00:00, Sys 0 00:00:00  -  Total Remote Usage
		Usr 0 00:00:00, Sys 0 00:00:00  -  Total Local Usage
	0  -  Run Bytes Sent By Job
	0  -  Run Bytes Received By Job
	0  -  Total Bytes Sent By Job
	0  -  Total Bytes Received By Job
...
000 (11057.000.000) 01/25 14:57:42 Job submitted from host: <52.53.227.117:37519?addrs=52.53.227.117-37519>
    DAG Node: longestsession_3_ID0000015
    pool:condorpool
...
000 (11058.000.000) 01/25 14:57:42 Job submitted from host: <52.53.227.117:37519?addrs=52.53.227.117-37519>
    DAG Node: longestsession_1_ID0000013
    pool:condorpool
...
000 (11059.000.000) 01/25 14:57:43 Job submitted from host: <52.53.227.117:37519?addrs=52.53.227.117-37519>
    DAG Node: longestsession_6_ID0000018
    pool:condorpool
...
000 (11060.000.000) 01/25 14:57:43 Job submitted from host: <52.53.227.117:37519?addrs=52.53.227.117-37519>
    DAG Node: longestsession_2_ID0000014
    pool:condorpool
...
000 (11061.000.000) 01/25 14:57:43 Job submitted from host: <52.53.227.117:37519?addrs=52.53.227.117-37519>
    DAG Node: longestsession_8_ID0000020
    pool:condorpool
...
016 (11056.000.000) 01/25 14:57:43 POST Script terminated.
	(1) Normal termination (return value 0)
    DAG Node: clean_up_local_level_5_1
...
001 (11057.000.000) 01/25 14:57:43 Job executing on host: <54.201.224.38:13656?addrs=54.201.224.38-13656&noUDP>
...
005 (11057.000.000) 01/25 14:57:47 Job terminated.
	(1) Normal termination (return value 0)
		Usr 0 00:00:00, Sys 0 00:00:00  -  Run Remote Usage
		Usr 0 00:00:00, Sys 0 00:00:00  -  Run Local Usage
		Usr 0 00:00:00, Sys 0 00:00:00  -  Total Remote Usage
		Usr 0 00:00:00, Sys 0 00:00:00  -  Total Local Usage
	16846  -  Run Bytes Sent By Job
	3170141  -  Run Bytes Received By Job
	16846  -  Total Bytes Sent By Job
	3170141  -  Total Bytes Received By Job
	Partitionable Resources :    Usage  Request Allocated
	   Cpus                 :                 1         1
	   Disk (KB)            :     6119     3250  27752704
	   Memory (MB)          :        0        1      3764
...
000 (11062.000.000) 01/25 14:57:48 Job submitted from host: <52.53.227.117:37519?addrs=52.53.227.117-37519>
    DAG Node: longestsession_7_ID0000019
    pool:condorpool
...
001 (11058.000.000) 01/25 14:57:48 Job executing on host: <54.201.224.38:13656?addrs=54.201.224.38-13656&noUDP>
...
000 (11063.000.000) 01/25 14:57:48 Job submitted from host: <52.53.227.117:37519?addrs=52.53.227.117-37519>
    DAG Node: clean_up_local_level_5_0
    pool:local
...
000 (11064.000.000) 01/25 14:57:48 Job submitted from host: <52.53.227.117:37519?addrs=52.53.227.117-37519>
    DAG Node: longestsession_0_ID0000012
    pool:condorpool
...
000 (11065.000.000) 01/25 14:57:49 Job submitted from host: <52.53.227.117:37519?addrs=52.53.227.117-37519>
    DAG Node: longestsession_5_ID0000017
    pool:condorpool
...
000 (11066.000.000) 01/25 14:57:49 Job submitted from host: <52.53.227.117:37519?addrs=52.53.227.117-37519>
    DAG Node: longestsession_4_ID0000016
    pool:condorpool
...
016 (11057.000.000) 01/25 14:57:49 POST Script terminated.
	(1) Normal termination (return value 0)
    DAG Node: longestsession_3_ID0000015
...
005 (11058.000.000) 01/25 14:57:52 Job terminated.
	(1) Normal termination (return value 0)
		Usr 0 00:00:00, Sys 0 00:00:00  -  Run Remote Usage
		Usr 0 00:00:00, Sys 0 00:00:00  -  Run Local Usage
		Usr 0 00:00:00, Sys 0 00:00:00  -  Total Remote Usage
		Usr 0 00:00:00, Sys 0 00:00:00  -  Total Local Usage
	17808  -  Run Bytes Sent By Job
	3170166  -  Run Bytes Received By Job
	17808  -  Total Bytes Sent By Job
	3170166  -  Total Bytes Received By Job
	Partitionable Resources :    Usage  Request Allocated
	   Cpus                 :                 1         1
	   Disk (KB)            :     6120     3250  27752704
	   Memory (MB)          :        0        1      3764
...
001 (11063.000.000) 01/25 14:57:53 Job executing on host: <52.53.227.117:60065?addrs=52.53.227.117-60065>
...
001 (11059.000.000) 01/25 14:57:53 Job executing on host: <54.201.224.38:13656?addrs=54.201.224.38-13656&noUDP>
...
016 (11058.000.000) 01/25 14:57:54 POST Script terminated.
	(1) Normal termination (return value 0)
    DAG Node: longestsession_1_ID0000013
...
005 (11059.000.000) 01/25 14:57:59 Job terminated.
	(1) Normal termination (return value 0)
		Usr 0 00:00:02, Sys 0 00:00:00  -  Run Remote Usage
		Usr 0 00:00:00, Sys 0 00:00:00  -  Run Local Usage
		Usr 0 00:00:02, Sys 0 00:00:00  -  Total Remote Usage
		Usr 0 00:00:00, Sys 0 00:00:00  -  Total Local Usage
	16870  -  Run Bytes Sent By Job
	3170141  -  Run Bytes Received By Job
	16870  -  Total Bytes Sent By Job
	3170141  -  Total Bytes Received By Job
	Partitionable Resources :    Usage  Request Allocated
	   Cpus                 :                 1         1
	   Disk (KB)            :     6119     3250  27752704
	   Memory (MB)          :        0        1      3764
...
001 (11060.000.000) 01/25 14:58:00 Job executing on host: <54.201.224.38:13656?addrs=54.201.224.38-13656&noUDP>
...
016 (11059.000.000) 01/25 14:58:04 POST Script terminated.
	(1) Normal termination (return value 0)
    DAG Node: longestsession_6_ID0000018
...
005 (11060.000.000) 01/25 14:58:04 Job terminated.
	(1) Normal termination (return value 0)
		Usr 0 00:00:00, Sys 0 00:00:00  -  Run Remote Usage
		Usr 0 00:00:00, Sys 0 00:00:00  -  Run Local Usage
		Usr 0 00:00:00, Sys 0 00:00:00  -  Total Remote Usage
		Usr 0 00:00:00, Sys 0 00:00:00  -  Total Local Usage
	17778  -  Run Bytes Sent By Job
	3170166  -  Run Bytes Received By Job
	17778  -  Total Bytes Sent By Job
	3170166  -  Total Bytes Received By Job
	Partitionable Resources :    Usage  Request Allocated
	   Cpus                 :                 1         1
	   Disk (KB)            :     6120     3250  27752704
	   Memory (MB)          :        0        1      3764
...
001 (11061.000.000) 01/25 14:58:05 Job executing on host: <54.201.224.38:13656?addrs=54.201.224.38-13656&noUDP>
...
001 (11064.000.000) 01/25 14:58:06 Job executing on host: <54.201.201.111:3492?addrs=54.201.201.111-3492&noUDP>
...
001 (11062.000.000) 01/25 14:58:06 Job executing on host: <54.202.85.81:50698?addrs=54.202.85.81-50698&noUDP>
...
001 (11065.000.000) 01/25 14:58:06 Job executing on host: <54.200.250.27:7208?addrs=54.200.250.27-7208&noUDP>
...
001 (11066.000.000) 01/25 14:58:07 Job executing on host: <54.203.103.253:55703?addrs=54.203.103.253-55703&noUDP>
...
005 (11063.000.000) 01/25 14:58:07 Job terminated.
	(1) Normal termination (return value 0)
		Usr 0 00:00:00, Sys 0 00:00:00  -  Run Remote Usage
		Usr 0 00:00:00, Sys 0 00:00:00  -  Run Local Usage
		Usr 0 00:00:00, Sys 0 00:00:00  -  Total Remote Usage
		Usr 0 00:00:00, Sys 0 00:00:00  -  Total Local Usage
	0  -  Run Bytes Sent By Job
	0  -  Run Bytes Received By Job
	0  -  Total Bytes Sent By Job
	0  -  Total Bytes Received By Job
...
016 (11060.000.000) 01/25 14:58:10 POST Script terminated.
	(1) Normal termination (return value 0)
    DAG Node: longestsession_2_ID0000014
...
016 (11063.000.000) 01/25 14:58:10 POST Script terminated.
	(1) Normal termination (return value 0)
    DAG Node: clean_up_local_level_5_0
...
005 (11064.000.000) 01/25 14:58:14 Job terminated.
	(1) Normal termination (return value 0)
		Usr 0 00:00:00, Sys 0 00:00:00  -  Run Remote Usage
		Usr 0 00:00:00, Sys 0 00:00:00  -  Run Local Usage
		Usr 0 00:00:00, Sys 0 00:00:00  -  Total Remote Usage
		Usr 0 00:00:00, Sys 0 00:00:00  -  Total Local Usage
	14627  -  Run Bytes Sent By Job
	3170151  -  Run Bytes Received By Job
	14627  -  Total Bytes Sent By Job
	3170151  -  Total Bytes Received By Job
	Partitionable Resources :    Usage  Request Allocated
	   Cpus                 :                 1         1
	   Disk (KB)            :     6117     3250  27753300
	   Memory (MB)          :        0        1      3764
...
005 (11066.000.000) 01/25 14:58:15 Job terminated.
	(1) Normal termination (return value 0)
		Usr 0 00:00:00, Sys 0 00:00:00  -  Run Remote Usage
		Usr 0 00:00:00, Sys 0 00:00:00  -  Run Local Usage
		Usr 0 00:00:00, Sys 0 00:00:00  -  Total Remote Usage
		Usr 0 00:00:00, Sys 0 00:00:00  -  Total Local Usage
	16848  -  Run Bytes Sent By Job
	3170141  -  Run Bytes Received By Job
	16848  -  Total Bytes Sent By Job
	3170141  -  Total Bytes Received By Job
	Partitionable Resources :    Usage  Request Allocated
	   Cpus                 :                 1         1
	   Disk (KB)            :     6119     3250  27751100
	   Memory (MB)          :        2        1      3764
...
005 (11061.000.000) 01/25 14:58:15 Job terminated.
	(1) Normal termination (return value 0)
		Usr 0 00:00:01, Sys 0 00:00:00  -  Run Remote Usage
		Usr 0 00:00:00, Sys 0 00:00:00  -  Run Local Usage
		Usr 0 00:00:01, Sys 0 00:00:00  -  Total Remote Usage
		Usr 0 00:00:00, Sys 0 00:00:00  -  Total Local Usage
	16831  -  Run Bytes Sent By Job
	3170141  -  Run Bytes Received By Job
	16831  -  Total Bytes Sent By Job
	3170141  -  Total Bytes Received By Job
	Partitionable Resources :    Usage  Request Allocated
	   Cpus                 :                 1         1
	   Disk (KB)            :     6119     3250  27752704
	   Memory (MB)          :       32        1      3764
...
005 (11065.000.000) 01/25 14:58:16 Job terminated.
	(1) Normal termination (return value 0)
		Usr 0 00:00:00, Sys 0 00:00:00  -  Run Remote Usage
		Usr 0 00:00:00, Sys 0 00:00:00  -  Run Local Usage
		Usr 0 00:00:00, Sys 0 00:00:00  -  Total Remote Usage
		Usr 0 00:00:00, Sys 0 00:00:00  -  Total Local Usage
	16907  -  Run Bytes Sent By Job
	3170141  -  Run Bytes Received By Job
	16907  -  Total Bytes Sent By Job
	3170141  -  Total Bytes Received By Job
	Partitionable Resources :    Usage  Request Allocated
	   Cpus                 :                 1         1
	   Disk (KB)            :     6119     3250  27745776
	   Memory (MB)          :       27        1      3764
...
005 (11062.000.000) 01/25 14:58:17 Job terminated.
	(1) Normal termination (return value 0)
		Usr 0 00:00:00, Sys 0 00:00:00  -  Run Remote Usage
		Usr 0 00:00:00, Sys 0 00:00:00  -  Run Local Usage
		Usr 0 00:00:00, Sys 0 00:00:00  -  Total Remote Usage
		Usr 0 00:00:00, Sys 0 00:00:00  -  Total Local Usage
	16880  -  Run Bytes Sent By Job
	3170141  -  Run Bytes Received By Job
	16880  -  Total Bytes Sent By Job
	3170141  -  Total Bytes Received By Job
	Partitionable Resources :    Usage  Request Allocated
	   Cpus                 :                 1         1
	   Disk (KB)            :     6119     3250  27748944
	   Memory (MB)          :        2        1      3764
...
016 (11062.000.000) 01/25 14:58:19 POST Script terminated.
	(1) Normal termination (return value 0)
    DAG Node: longestsession_7_ID0000019
...
016 (11064.000.000) 01/25 14:58:19 POST Script terminated.
	(1) Normal termination (return value 0)
    DAG Node: longestsession_0_ID0000012
...
016 (11065.000.000) 01/25 14:58:19 POST Script terminated.
	(1) Normal termination (return value 0)
    DAG Node: longestsession_5_ID0000017
...
016 (11066.000.000) 01/25 14:58:20 POST Script terminated.
	(1) Normal termination (return value 0)
    DAG Node: longestsession_4_ID0000016
...
016 (11061.000.000) 01/25 14:58:20 POST Script terminated.
	(1) Normal termination (return value 0)
    DAG Node: longestsession_8_ID0000020
...
000 (11067.000.000) 01/25 14:58:29 Job submitted from host: <52.53.227.117:37519?addrs=52.53.227.117-37519>
    DAG Node: clean_up_local_level_6_1
    pool:local
...
001 (11067.000.000) 01/25 14:58:29 Job executing on host: <52.53.227.117:5549?addrs=52.53.227.117-5549>
...
000 (11068.000.000) 01/25 14:58:29 Job submitted from host: <52.53.227.117:37519?addrs=52.53.227.117-37519>
    DAG Node: clean_up_local_level_6_0
    pool:local
...
000 (11069.000.000) 01/25 14:58:29 Job submitted from host: <52.53.227.117:37519?addrs=52.53.227.117-37519>
    DAG Node: terminate_0_ID0000021
    pool:condorpool
...
001 (11069.000.000) 01/25 14:58:29 Job executing on host: <54.201.201.111:3492?addrs=54.201.201.111-3492&noUDP>
...
005 (11069.000.000) 01/25 14:58:30 Job terminated.
	(1) Normal termination (return value 0)
		Usr 0 00:00:00, Sys 0 00:00:00  -  Run Remote Usage
		Usr 0 00:00:00, Sys 0 00:00:00  -  Run Local Usage
		Usr 0 00:00:00, Sys 0 00:00:00  -  Total Remote Usage
		Usr 0 00:00:00, Sys 0 00:00:00  -  Total Local Usage
	4448  -  Run Bytes Sent By Job
	3167828  -  Run Bytes Received By Job
	4448  -  Total Bytes Sent By Job
	3167828  -  Total Bytes Received By Job
	Partitionable Resources :    Usage  Request Allocated
	   Cpus                 :                 1         1
	   Disk (KB)            :     6103     3250  27753300
	   Memory (MB)          :        0        1      3764
...
001 (11068.000.000) 01/25 14:58:34 Job executing on host: <52.53.227.117:2659?addrs=52.53.227.117-2659>
...
016 (11069.000.000) 01/25 14:58:34 POST Script terminated.
	(1) Normal termination (return value 0)
    DAG Node: terminate_0_ID0000021
...
000 (11070.000.000) 01/25 14:58:44 Job submitted from host: <52.53.227.117:37519?addrs=52.53.227.117-37519>
    DAG Node: clean_up_local_level_7_0
    pool:local
...
005 (11068.000.000) 01/25 14:58:44 Job terminated.
	(1) Normal termination (return value 0)
		Usr 0 00:00:00, Sys 0 00:00:00  -  Run Remote Usage
		Usr 0 00:00:00, Sys 0 00:00:00  -  Run Local Usage
		Usr 0 00:00:00, Sys 0 00:00:00  -  Total Remote Usage
		Usr 0 00:00:00, Sys 0 00:00:00  -  Total Local Usage
	0  -  Run Bytes Sent By Job
	0  -  Run Bytes Received By Job
	0  -  Total Bytes Sent By Job
	0  -  Total Bytes Received By Job
...
001 (11070.000.000) 01/25 14:58:44 Job executing on host: <52.53.227.117:56128?addrs=52.53.227.117-56128>
...
005 (11067.000.000) 01/25 14:58:45 Job terminated.
	(1) Normal termination (return value 0)
		Usr 0 00:00:00, Sys 0 00:00:00  -  Run Remote Usage
		Usr 0 00:00:00, Sys 0 00:00:00  -  Run Local Usage
		Usr 0 00:00:00, Sys 0 00:00:00  -  Total Remote Usage
		Usr 0 00:00:00, Sys 0 00:00:00  -  Total Local Usage
	0  -  Run Bytes Sent By Job
	0  -  Run Bytes Received By Job
	0  -  Total Bytes Sent By Job
	0  -  Total Bytes Received By Job
...
005 (11070.000.000) 01/25 14:58:47 Job terminated.
	(1) Normal termination (return value 0)
		Usr 0 00:00:00, Sys 0 00:00:00  -  Run Remote Usage
		Usr 0 00:00:00, Sys 0 00:00:00  -  Run Local Usage
		Usr 0 00:00:00, Sys 0 00:00:00  -  Total Remote Usage
		Usr 0 00:00:00, Sys 0 00:00:00  -  Total Local Usage
	0  -  Run Bytes Sent By Job
	0  -  Run Bytes Received By Job
	0  -  Total Bytes Sent By Job
	0  -  Total Bytes Received By Job
...
016 (11068.000.000) 01/25 14:58:50 POST Script terminated.
	(1) Normal termination (return value 0)
    DAG Node: clean_up_local_level_6_0
...
016 (11070.000.000) 01/25 14:58:50 POST Script terminated.
	(1) Normal termination (return value 0)
    DAG Node: clean_up_local_level_7_0
...
016 (11067.000.000) 01/25 14:58:50 POST Script terminated.
	(1) Normal termination (return value 0)
    DAG Node: clean_up_local_level_6_1
...
000 (11071.000.000) 01/25 14:58:59 Job submitted from host: <52.53.227.117:37519?addrs=52.53.227.117-37519>
    DAG Node: cleanup_example_workflow_0_local
    pool:local
...
001 (11071.000.000) 01/25 14:58:59 Job executing on host: <52.53.227.117:8285?addrs=52.53.227.117-8285>
...
005 (11071.000.000) 01/25 14:59:01 Job terminated.
	(1) Normal termination (return value 0)
		Usr 0 00:00:00, Sys 0 00:00:00  -  Run Remote Usage
		Usr 0 00:00:00, Sys 0 00:00:00  -  Run Local Usage
		Usr 0 00:00:00, Sys 0 00:00:00  -  Total Remote Usage
		Usr 0 00:00:00, Sys 0 00:00:00  -  Total Local Usage
	0  -  Run Bytes Sent By Job
	0  -  Run Bytes Received By Job
	0  -  Total Bytes Sent By Job
	0  -  Total Bytes Received By Job
...
