000 (10918.000.000) 01/18 23:39:27 Job submitted from host: <52.53.186.156:50814?addrs=52.53.186.156-50814>
    DAG Node: create_dir_example_workflow_0_local
    pool:local
...
001 (10918.000.000) 01/18 23:39:28 Job executing on host: <52.53.186.156:28632?addrs=52.53.186.156-28632>
...
005 (10918.000.000) 01/18 23:39:30 Job terminated.
	(1) Normal termination (return value 0)
		Usr 0 00:00:00, Sys 0 00:00:00  -  Run Remote Usage
		Usr 0 00:00:00, Sys 0 00:00:00  -  Run Local Usage
		Usr 0 00:00:00, Sys 0 00:00:00  -  Total Remote Usage
		Usr 0 00:00:00, Sys 0 00:00:00  -  Total Local Usage
	0  -  Run Bytes Sent By Job
	0  -  Run Bytes Received By Job
	0  -  Total Bytes Sent By Job
	0  -  Total Bytes Received By Job
...
016 (10918.000.000) 01/18 23:39:32 POST Script terminated.
	(1) Normal termination (return value 0)
    DAG Node: create_dir_example_workflow_0_local
...
000 (10919.000.000) 01/18 23:39:42 Job submitted from host: <52.53.186.156:50814?addrs=52.53.186.156-50814>
    DAG Node: stage_in_local_local_0_0
    pool:local
...
001 (10919.000.000) 01/18 23:39:42 Job executing on host: <52.53.186.156:30067?addrs=52.53.186.156-30067>
...
000 (10920.000.000) 01/18 23:39:42 Job submitted from host: <52.53.186.156:50814?addrs=52.53.186.156-50814>
    DAG Node: stage_in_local_local_4_0
    pool:local
...
000 (10921.000.000) 01/18 23:39:42 Job submitted from host: <52.53.186.156:50814?addrs=52.53.186.156-50814>
    DAG Node: stage_in_local_local_1_0
    pool:local
...
000 (10922.000.000) 01/18 23:39:42 Job submitted from host: <52.53.186.156:50814?addrs=52.53.186.156-50814>
    DAG Node: stage_in_local_local_2_0
    pool:local
...
000 (10923.000.000) 01/18 23:39:42 Job submitted from host: <52.53.186.156:50814?addrs=52.53.186.156-50814>
    DAG Node: stage_in_local_local_2_1
    pool:local
...
005 (10919.000.000) 01/18 23:39:44 Job terminated.
	(1) Normal termination (return value 0)
		Usr 0 00:00:00, Sys 0 00:00:00  -  Run Remote Usage
		Usr 0 00:00:00, Sys 0 00:00:00  -  Run Local Usage
		Usr 0 00:00:00, Sys 0 00:00:00  -  Total Remote Usage
		Usr 0 00:00:00, Sys 0 00:00:00  -  Total Local Usage
	0  -  Run Bytes Sent By Job
	0  -  Run Bytes Received By Job
	0  -  Total Bytes Sent By Job
	0  -  Total Bytes Received By Job
...
001 (10920.000.000) 01/18 23:39:44 Job executing on host: <52.53.186.156:51522?addrs=52.53.186.156-51522>
...
001 (10921.000.000) 01/18 23:39:44 Job executing on host: <52.53.186.156:31870?addrs=52.53.186.156-31870>
...
001 (10922.000.000) 01/18 23:39:44 Job executing on host: <52.53.186.156:46833?addrs=52.53.186.156-46833>
...
001 (10923.000.000) 01/18 23:39:44 Job executing on host: <52.53.186.156:12170?addrs=52.53.186.156-12170>
...
005 (10920.000.000) 01/18 23:39:47 Job terminated.
	(1) Normal termination (return value 0)
		Usr 0 00:00:00, Sys 0 00:00:00  -  Run Remote Usage
		Usr 0 00:00:00, Sys 0 00:00:00  -  Run Local Usage
		Usr 0 00:00:00, Sys 0 00:00:00  -  Total Remote Usage
		Usr 0 00:00:00, Sys 0 00:00:00  -  Total Local Usage
	0  -  Run Bytes Sent By Job
	0  -  Run Bytes Received By Job
	0  -  Total Bytes Sent By Job
	0  -  Total Bytes Received By Job
...
005 (10923.000.000) 01/18 23:39:47 Job terminated.
	(1) Normal termination (return value 0)
		Usr 0 00:00:00, Sys 0 00:00:00  -  Run Remote Usage
		Usr 0 00:00:00, Sys 0 00:00:00  -  Run Local Usage
		Usr 0 00:00:00, Sys 0 00:00:00  -  Total Remote Usage
		Usr 0 00:00:00, Sys 0 00:00:00  -  Total Local Usage
	0  -  Run Bytes Sent By Job
	0  -  Run Bytes Received By Job
	0  -  Total Bytes Sent By Job
	0  -  Total Bytes Received By Job
...
005 (10921.000.000) 01/18 23:39:47 Job terminated.
	(1) Normal termination (return value 0)
		Usr 0 00:00:00, Sys 0 00:00:00  -  Run Remote Usage
		Usr 0 00:00:00, Sys 0 00:00:00  -  Run Local Usage
		Usr 0 00:00:00, Sys 0 00:00:00  -  Total Remote Usage
		Usr 0 00:00:00, Sys 0 00:00:00  -  Total Local Usage
	0  -  Run Bytes Sent By Job
	0  -  Run Bytes Received By Job
	0  -  Total Bytes Sent By Job
	0  -  Total Bytes Received By Job
...
000 (10924.000.000) 01/18 23:39:47 Job submitted from host: <52.53.186.156:50814?addrs=52.53.186.156-50814>
    DAG Node: stage_in_remote_local_1_0
    pool:local
...
001 (10924.000.000) 01/18 23:39:47 Job executing on host: <52.53.186.156:20580?addrs=52.53.186.156-20580>
...
000 (10925.000.000) 01/18 23:39:47 Job submitted from host: <52.53.186.156:50814?addrs=52.53.186.156-50814>
    DAG Node: stage_in_local_local_3_1
    pool:local
...
001 (10925.000.000) 01/18 23:39:47 Job executing on host: <52.53.186.156:35240?addrs=52.53.186.156-35240>
...
000 (10926.000.000) 01/18 23:39:47 Job submitted from host: <52.53.186.156:50814?addrs=52.53.186.156-50814>
    DAG Node: stage_in_local_local_3_0
    pool:local
...
001 (10926.000.000) 01/18 23:39:48 Job executing on host: <52.53.186.156:28462?addrs=52.53.186.156-28462>
...
000 (10927.000.000) 01/18 23:39:48 Job submitted from host: <52.53.186.156:50814?addrs=52.53.186.156-50814>
    DAG Node: stage_in_remote_local_3_1
    pool:local
...
000 (10928.000.000) 01/18 23:39:48 Job submitted from host: <52.53.186.156:50814?addrs=52.53.186.156-50814>
    DAG Node: stage_in_remote_local_3_0
    pool:local
...
016 (10923.000.000) 01/18 23:39:48 POST Script terminated.
	(1) Normal termination (return value 0)
    DAG Node: stage_in_local_local_2_1
...
016 (10920.000.000) 01/18 23:39:48 POST Script terminated.
	(1) Normal termination (return value 0)
    DAG Node: stage_in_local_local_4_0
...
016 (10921.000.000) 01/18 23:39:49 POST Script terminated.
	(1) Normal termination (return value 0)
    DAG Node: stage_in_local_local_1_0
...
016 (10919.000.000) 01/18 23:39:49 POST Script terminated.
	(1) Normal termination (return value 0)
    DAG Node: stage_in_local_local_0_0
...
005 (10922.000.000) 01/18 23:39:49 Job terminated.
	(1) Normal termination (return value 0)
		Usr 0 00:00:00, Sys 0 00:00:00  -  Run Remote Usage
		Usr 0 00:00:00, Sys 0 00:00:00  -  Run Local Usage
		Usr 0 00:00:00, Sys 0 00:00:00  -  Total Remote Usage
		Usr 0 00:00:00, Sys 0 00:00:00  -  Total Local Usage
	0  -  Run Bytes Sent By Job
	0  -  Run Bytes Received By Job
	0  -  Total Bytes Sent By Job
	0  -  Total Bytes Received By Job
...
001 (10928.000.000) 01/18 23:39:49 Job executing on host: <52.53.186.156:6799?addrs=52.53.186.156-6799>
...
001 (10927.000.000) 01/18 23:39:49 Job executing on host: <52.53.186.156:33129?addrs=52.53.186.156-33129>
...
005 (10924.000.000) 01/18 23:39:50 Job terminated.
	(1) Normal termination (return value 0)
		Usr 0 00:00:00, Sys 0 00:00:00  -  Run Remote Usage
		Usr 0 00:00:00, Sys 0 00:00:00  -  Run Local Usage
		Usr 0 00:00:00, Sys 0 00:00:00  -  Total Remote Usage
		Usr 0 00:00:00, Sys 0 00:00:00  -  Total Local Usage
	0  -  Run Bytes Sent By Job
	0  -  Run Bytes Received By Job
	0  -  Total Bytes Sent By Job
	0  -  Total Bytes Received By Job
...
005 (10925.000.000) 01/18 23:39:50 Job terminated.
	(1) Normal termination (return value 0)
		Usr 0 00:00:00, Sys 0 00:00:00  -  Run Remote Usage
		Usr 0 00:00:00, Sys 0 00:00:00  -  Run Local Usage
		Usr 0 00:00:00, Sys 0 00:00:00  -  Total Remote Usage
		Usr 0 00:00:00, Sys 0 00:00:00  -  Total Local Usage
	0  -  Run Bytes Sent By Job
	0  -  Run Bytes Received By Job
	0  -  Total Bytes Sent By Job
	0  -  Total Bytes Received By Job
...
005 (10927.000.000) 01/18 23:39:51 Job terminated.
	(1) Normal termination (return value 0)
		Usr 0 00:00:00, Sys 0 00:00:00  -  Run Remote Usage
		Usr 0 00:00:00, Sys 0 00:00:00  -  Run Local Usage
		Usr 0 00:00:00, Sys 0 00:00:00  -  Total Remote Usage
		Usr 0 00:00:00, Sys 0 00:00:00  -  Total Local Usage
	0  -  Run Bytes Sent By Job
	0  -  Run Bytes Received By Job
	0  -  Total Bytes Sent By Job
	0  -  Total Bytes Received By Job
...
005 (10926.000.000) 01/18 23:39:52 Job terminated.
	(1) Normal termination (return value 0)
		Usr 0 00:00:00, Sys 0 00:00:00  -  Run Remote Usage
		Usr 0 00:00:00, Sys 0 00:00:00  -  Run Local Usage
		Usr 0 00:00:00, Sys 0 00:00:00  -  Total Remote Usage
		Usr 0 00:00:00, Sys 0 00:00:00  -  Total Local Usage
	0  -  Run Bytes Sent By Job
	0  -  Run Bytes Received By Job
	0  -  Total Bytes Sent By Job
	0  -  Total Bytes Received By Job
...
005 (10928.000.000) 01/18 23:39:53 Job terminated.
	(1) Normal termination (return value 0)
		Usr 0 00:00:00, Sys 0 00:00:00  -  Run Remote Usage
		Usr 0 00:00:00, Sys 0 00:00:00  -  Run Local Usage
		Usr 0 00:00:00, Sys 0 00:00:00  -  Total Remote Usage
		Usr 0 00:00:00, Sys 0 00:00:00  -  Total Local Usage
	0  -  Run Bytes Sent By Job
	0  -  Run Bytes Received By Job
	0  -  Total Bytes Sent By Job
	0  -  Total Bytes Received By Job
...
016 (10925.000.000) 01/18 23:39:53 POST Script terminated.
	(1) Normal termination (return value 0)
    DAG Node: stage_in_local_local_3_1
...
016 (10927.000.000) 01/18 23:39:53 POST Script terminated.
	(1) Normal termination (return value 0)
    DAG Node: stage_in_remote_local_3_1
...
016 (10924.000.000) 01/18 23:39:53 POST Script terminated.
	(1) Normal termination (return value 0)
    DAG Node: stage_in_remote_local_1_0
...
016 (10926.000.000) 01/18 23:39:53 POST Script terminated.
	(1) Normal termination (return value 0)
    DAG Node: stage_in_local_local_3_0
...
016 (10922.000.000) 01/18 23:39:53 POST Script terminated.
	(1) Normal termination (return value 0)
    DAG Node: stage_in_local_local_2_0
...
000 (10929.000.000) 01/18 23:39:58 Job submitted from host: <52.53.186.156:50814?addrs=52.53.186.156-50814>
    DAG Node: init_0_ID0000001
    pool:condorpool
...
016 (10928.000.000) 01/18 23:39:59 POST Script terminated.
	(1) Normal termination (return value 0)
    DAG Node: stage_in_remote_local_3_0
...
001 (10929.000.000) 01/18 23:40:03 Job executing on host: <54.214.127.201:57167?addrs=54.214.127.201-57167&noUDP>
...
005 (10929.000.000) 01/18 23:49:02 Job terminated.
	(1) Normal termination (return value 0)
		Usr 0 00:00:00, Sys 0 00:00:00  -  Run Remote Usage
		Usr 0 00:00:00, Sys 0 00:00:00  -  Run Local Usage
		Usr 0 00:00:00, Sys 0 00:00:00  -  Total Remote Usage
		Usr 0 00:00:00, Sys 0 00:00:00  -  Total Local Usage
	4453  -  Run Bytes Sent By Job
	3168470  -  Run Bytes Received By Job
	4453  -  Total Bytes Sent By Job
	3168470  -  Total Bytes Received By Job
	Partitionable Resources :    Usage  Request Allocated
	   Cpus                 :                 1         1
	   Disk (KB)            :     6104     3250  27727044
	   Memory (MB)          :       15        1      3764
...
016 (10929.000.000) 01/18 23:49:03 POST Script terminated.
	(1) Normal termination (return value 0)
    DAG Node: init_0_ID0000001
...
000 (10930.000.000) 01/18 23:49:13 Job submitted from host: <52.53.186.156:50814?addrs=52.53.186.156-50814>
    DAG Node: clean_up_local_level_3_0
    pool:local
...
000 (10931.000.000) 01/18 23:49:13 Job submitted from host: <52.53.186.156:50814?addrs=52.53.186.156-50814>
    DAG Node: computeusergroup_0_ID0000002
    pool:condorpool
...
001 (10930.000.000) 01/18 23:49:13 Job executing on host: <52.53.186.156:59221?addrs=52.53.186.156-59221>
...
001 (10931.000.000) 01/18 23:49:14 Job executing on host: <54.214.127.201:57167?addrs=54.214.127.201-57167&noUDP>
...
005 (10930.000.000) 01/18 23:49:16 Job terminated.
	(1) Normal termination (return value 0)
		Usr 0 00:00:00, Sys 0 00:00:00  -  Run Remote Usage
		Usr 0 00:00:00, Sys 0 00:00:00  -  Run Local Usage
		Usr 0 00:00:00, Sys 0 00:00:00  -  Total Remote Usage
		Usr 0 00:00:00, Sys 0 00:00:00  -  Total Local Usage
	0  -  Run Bytes Sent By Job
	0  -  Run Bytes Received By Job
	0  -  Total Bytes Sent By Job
	0  -  Total Bytes Received By Job
...
016 (10930.000.000) 01/18 23:49:19 POST Script terminated.
	(1) Normal termination (return value 0)
    DAG Node: clean_up_local_level_3_0
...
005 (10931.000.000) 01/19 01:30:47 Job terminated.
	(1) Normal termination (return value 0)
		Usr 0 00:05:02, Sys 0 00:00:17  -  Run Remote Usage
		Usr 0 00:00:00, Sys 0 00:00:00  -  Run Local Usage
		Usr 0 00:05:02, Sys 0 00:00:17  -  Total Remote Usage
		Usr 0 00:00:00, Sys 0 00:00:00  -  Total Local Usage
	520016  -  Run Bytes Sent By Job
	3170920  -  Run Bytes Received By Job
	520016  -  Total Bytes Sent By Job
	3170920  -  Total Bytes Received By Job
	Partitionable Resources :    Usage  Request Allocated
	   Cpus                 :                 1         1
	   Disk (KB)            :    81635     3250  27727044
	   Memory (MB)          :      563        1      3764
...
016 (10931.000.000) 01/19 01:30:47 POST Script terminated.
	(1) Normal termination (return value 0)
    DAG Node: computeusergroup_0_ID0000002
...
000 (10932.000.000) 01/19 01:30:57 Job submitted from host: <52.53.186.156:50814?addrs=52.53.186.156-50814>
    DAG Node: clean_up_local_level_4_0
    pool:local
...
001 (10932.000.000) 01/19 01:30:57 Job executing on host: <52.53.186.156:38086?addrs=52.53.186.156-38086>
...
000 (10933.000.000) 01/19 01:30:57 Job submitted from host: <52.53.186.156:50814?addrs=52.53.186.156-50814>
    DAG Node: sessioncompute_1_ID0000004
    pool:condorpool
...
000 (10934.000.000) 01/19 01:30:58 Job submitted from host: <52.53.186.156:50814?addrs=52.53.186.156-50814>
    DAG Node: stage_out_local_local_1_0
    pool:local
...
000 (10935.000.000) 01/19 01:30:58 Job submitted from host: <52.53.186.156:50814?addrs=52.53.186.156-50814>
    DAG Node: stage_out_local_local_1_1
    pool:local
...
000 (10936.000.000) 01/19 01:30:58 Job submitted from host: <52.53.186.156:50814?addrs=52.53.186.156-50814>
    DAG Node: sessioncompute_0_ID0000003
    pool:condorpool
...
005 (10932.000.000) 01/19 01:31:02 Job terminated.
	(1) Normal termination (return value 0)
		Usr 0 00:00:00, Sys 0 00:00:00  -  Run Remote Usage
		Usr 0 00:00:00, Sys 0 00:00:00  -  Run Local Usage
		Usr 0 00:00:00, Sys 0 00:00:00  -  Total Remote Usage
		Usr 0 00:00:00, Sys 0 00:00:00  -  Total Local Usage
	0  -  Run Bytes Sent By Job
	0  -  Run Bytes Received By Job
	0  -  Total Bytes Sent By Job
	0  -  Total Bytes Received By Job
...
001 (10935.000.000) 01/19 01:31:02 Job executing on host: <52.53.186.156:42367?addrs=52.53.186.156-42367>
...
001 (10934.000.000) 01/19 01:31:02 Job executing on host: <52.53.186.156:26124?addrs=52.53.186.156-26124>
...
000 (10937.000.000) 01/19 01:31:03 Job submitted from host: <52.53.186.156:50814?addrs=52.53.186.156-50814>
    DAG Node: sessioncompute_2_ID0000005
    pool:condorpool
...
016 (10932.000.000) 01/19 01:31:03 POST Script terminated.
	(1) Normal termination (return value 0)
    DAG Node: clean_up_local_level_4_0
...
005 (10935.000.000) 01/19 01:31:04 Job terminated.
	(1) Normal termination (return value 0)
		Usr 0 00:00:00, Sys 0 00:00:00  -  Run Remote Usage
		Usr 0 00:00:00, Sys 0 00:00:00  -  Run Local Usage
		Usr 0 00:00:00, Sys 0 00:00:00  -  Total Remote Usage
		Usr 0 00:00:00, Sys 0 00:00:00  -  Total Local Usage
	0  -  Run Bytes Sent By Job
	0  -  Run Bytes Received By Job
	0  -  Total Bytes Sent By Job
	0  -  Total Bytes Received By Job
...
005 (10934.000.000) 01/19 01:31:07 Job terminated.
	(1) Normal termination (return value 0)
		Usr 0 00:00:00, Sys 0 00:00:00  -  Run Remote Usage
		Usr 0 00:00:00, Sys 0 00:00:00  -  Run Local Usage
		Usr 0 00:00:00, Sys 0 00:00:00  -  Total Remote Usage
		Usr 0 00:00:00, Sys 0 00:00:00  -  Total Local Usage
	0  -  Run Bytes Sent By Job
	0  -  Run Bytes Received By Job
	0  -  Total Bytes Sent By Job
	0  -  Total Bytes Received By Job
...
016 (10934.000.000) 01/19 01:31:09 POST Script terminated.
	(1) Normal termination (return value 0)
    DAG Node: stage_out_local_local_1_0
...
016 (10935.000.000) 01/19 01:31:09 POST Script terminated.
	(1) Normal termination (return value 0)
    DAG Node: stage_out_local_local_1_1
...
001 (10937.000.000) 01/19 01:31:11 Job executing on host: <54.201.168.39:41677?addrs=54.201.168.39-41677&noUDP>
...
001 (10933.000.000) 01/19 01:31:11 Job executing on host: <54.214.127.201:57167?addrs=54.214.127.201-57167&noUDP>
...
001 (10936.000.000) 01/19 01:31:11 Job executing on host: <54.213.252.53:23695?addrs=54.213.252.53-23695&noUDP>
...
005 (10933.000.000) 01/19 01:42:43 Job terminated.
	(1) Normal termination (return value 0)
		Usr 0 00:07:18, Sys 0 00:00:04  -  Run Remote Usage
		Usr 0 00:00:00, Sys 0 00:00:00  -  Run Local Usage
		Usr 0 00:07:18, Sys 0 00:00:04  -  Total Remote Usage
		Usr 0 00:00:00, Sys 0 00:00:00  -  Total Local Usage
	341762  -  Run Bytes Sent By Job
	3216468  -  Run Bytes Received By Job
	341762  -  Total Bytes Sent By Job
	3216468  -  Total Bytes Received By Job
	Partitionable Resources :    Usage  Request Allocated
	   Cpus                 :                 1         1
	   Disk (KB)            :    13358     3250  27727612
	   Memory (MB)          :       44        1      3764
...
016 (10933.000.000) 01/19 01:42:43 POST Script terminated.
	(1) Normal termination (return value 0)
    DAG Node: sessioncompute_1_ID0000004
...
005 (10936.000.000) 01/19 01:42:53 Job terminated.
	(1) Normal termination (return value 0)
		Usr 0 00:07:18, Sys 0 00:00:04  -  Run Remote Usage
		Usr 0 00:00:00, Sys 0 00:00:00  -  Run Local Usage
		Usr 0 00:07:18, Sys 0 00:00:04  -  Total Remote Usage
		Usr 0 00:00:00, Sys 0 00:00:00  -  Total Local Usage
	344245  -  Run Bytes Sent By Job
	3219100  -  Run Bytes Received By Job
	344245  -  Total Bytes Sent By Job
	3219100  -  Total Bytes Received By Job
	Partitionable Resources :    Usage  Request Allocated
	   Cpus                 :                 1         1
	   Disk (KB)            :    13843     3250  27726540
	   Memory (MB)          :       48        1      3764
...
016 (10936.000.000) 01/19 01:42:54 POST Script terminated.
	(1) Normal termination (return value 0)
    DAG Node: sessioncompute_0_ID0000003
...
005 (10937.000.000) 01/19 01:46:19 Job terminated.
	(1) Normal termination (return value 0)
		Usr 0 00:08:20, Sys 0 00:00:04  -  Run Remote Usage
		Usr 0 00:00:00, Sys 0 00:00:00  -  Run Local Usage
		Usr 0 00:08:20, Sys 0 00:00:04  -  Total Remote Usage
		Usr 0 00:00:00, Sys 0 00:00:00  -  Total Local Usage
	357232  -  Run Bytes Sent By Job
	3216907  -  Run Bytes Received By Job
	357232  -  Total Bytes Sent By Job
	3216907  -  Total Bytes Received By Job
	Partitionable Resources :    Usage  Request Allocated
	   Cpus                 :                 1         1
	   Disk (KB)            :    15423     3250  27730564
	   Memory (MB)          :       52        1      3764
...
016 (10937.000.000) 01/19 01:46:23 POST Script terminated.
	(1) Normal termination (return value 0)
    DAG Node: sessioncompute_2_ID0000005
...
000 (10938.000.000) 01/19 01:46:33 Job submitted from host: <52.53.186.156:50814?addrs=52.53.186.156-50814>
    DAG Node: longestsession_2_ID0000008
    pool:condorpool
...
000 (10939.000.000) 01/19 01:46:33 Job submitted from host: <52.53.186.156:50814?addrs=52.53.186.156-50814>
    DAG Node: longestsession_1_ID0000007
    pool:condorpool
...
000 (10940.000.000) 01/19 01:46:33 Job submitted from host: <52.53.186.156:50814?addrs=52.53.186.156-50814>
    DAG Node: clean_up_local_level_5_0
    pool:local
...
000 (10941.000.000) 01/19 01:46:33 Job submitted from host: <52.53.186.156:50814?addrs=52.53.186.156-50814>
    DAG Node: clean_up_local_level_5_1
    pool:local
...
000 (10942.000.000) 01/19 01:46:33 Job submitted from host: <52.53.186.156:50814?addrs=52.53.186.156-50814>
    DAG Node: longestsession_0_ID0000006
    pool:condorpool
...
001 (10938.000.000) 01/19 01:46:34 Job executing on host: <54.201.168.39:41677?addrs=54.201.168.39-41677&noUDP>
...
001 (10941.000.000) 01/19 01:46:39 Job executing on host: <52.53.186.156:55542?addrs=52.53.186.156-55542>
...
001 (10940.000.000) 01/19 01:46:39 Job executing on host: <52.53.186.156:43396?addrs=52.53.186.156-43396>
...
005 (10941.000.000) 01/19 01:46:43 Job terminated.
	(1) Normal termination (return value 0)
		Usr 0 00:00:00, Sys 0 00:00:00  -  Run Remote Usage
		Usr 0 00:00:00, Sys 0 00:00:00  -  Run Local Usage
		Usr 0 00:00:00, Sys 0 00:00:00  -  Total Remote Usage
		Usr 0 00:00:00, Sys 0 00:00:00  -  Total Local Usage
	0  -  Run Bytes Sent By Job
	0  -  Run Bytes Received By Job
	0  -  Total Bytes Sent By Job
	0  -  Total Bytes Received By Job
...
016 (10941.000.000) 01/19 01:46:44 POST Script terminated.
	(1) Normal termination (return value 0)
    DAG Node: clean_up_local_level_5_1
...
005 (10938.000.000) 01/19 01:46:46 Job terminated.
	(1) Normal termination (return value 0)
		Usr 0 00:00:00, Sys 0 00:00:00  -  Run Remote Usage
		Usr 0 00:00:00, Sys 0 00:00:00  -  Run Local Usage
		Usr 0 00:00:00, Sys 0 00:00:00  -  Total Remote Usage
		Usr 0 00:00:00, Sys 0 00:00:00  -  Total Local Usage
	40710  -  Run Bytes Sent By Job
	3170653  -  Run Bytes Received By Job
	40710  -  Total Bytes Sent By Job
	3170653  -  Total Bytes Received By Job
	Partitionable Resources :    Usage  Request Allocated
	   Cpus                 :                 1         1
	   Disk (KB)            :     6143     3250  27730564
	   Memory (MB)          :        2        1      3764
...
001 (10939.000.000) 01/19 01:46:46 Job executing on host: <54.201.168.39:41677?addrs=54.201.168.39-41677&noUDP>
...
005 (10940.000.000) 01/19 01:46:47 Job terminated.
	(1) Normal termination (return value 0)
		Usr 0 00:00:00, Sys 0 00:00:00  -  Run Remote Usage
		Usr 0 00:00:00, Sys 0 00:00:00  -  Run Local Usage
		Usr 0 00:00:00, Sys 0 00:00:00  -  Total Remote Usage
		Usr 0 00:00:00, Sys 0 00:00:00  -  Total Local Usage
	0  -  Run Bytes Sent By Job
	0  -  Run Bytes Received By Job
	0  -  Total Bytes Sent By Job
	0  -  Total Bytes Received By Job
...
016 (10938.000.000) 01/19 01:46:48 POST Script terminated.
	(1) Normal termination (return value 0)
    DAG Node: longestsession_2_ID0000008
...
016 (10940.000.000) 01/19 01:46:48 POST Script terminated.
	(1) Normal termination (return value 0)
    DAG Node: clean_up_local_level_5_0
...
001 (10942.000.000) 01/19 01:46:53 Job executing on host: <54.214.127.201:57167?addrs=54.214.127.201-57167&noUDP>
...
005 (10939.000.000) 01/19 01:46:55 Job terminated.
	(1) Normal termination (return value 0)
		Usr 0 00:00:00, Sys 0 00:00:00  -  Run Remote Usage
		Usr 0 00:00:00, Sys 0 00:00:00  -  Run Local Usage
		Usr 0 00:00:00, Sys 0 00:00:00  -  Total Remote Usage
		Usr 0 00:00:00, Sys 0 00:00:00  -  Total Local Usage
	40723  -  Run Bytes Sent By Job
	3170653  -  Run Bytes Received By Job
	40723  -  Total Bytes Sent By Job
	3170653  -  Total Bytes Received By Job
	Partitionable Resources :    Usage  Request Allocated
	   Cpus                 :                 1         1
	   Disk (KB)            :     6143     3250  27730564
	   Memory (MB)          :        0        1      3764
...
016 (10939.000.000) 01/19 01:46:58 POST Script terminated.
	(1) Normal termination (return value 0)
    DAG Node: longestsession_1_ID0000007
...
005 (10942.000.000) 01/19 01:46:59 Job terminated.
	(1) Normal termination (return value 0)
		Usr 0 00:00:00, Sys 0 00:00:00  -  Run Remote Usage
		Usr 0 00:00:00, Sys 0 00:00:00  -  Run Local Usage
		Usr 0 00:00:00, Sys 0 00:00:00  -  Total Remote Usage
		Usr 0 00:00:00, Sys 0 00:00:00  -  Total Local Usage
	37469  -  Run Bytes Sent By Job
	3170638  -  Run Bytes Received By Job
	37469  -  Total Bytes Sent By Job
	3170638  -  Total Bytes Received By Job
	Partitionable Resources :    Usage  Request Allocated
	   Cpus                 :                 1         1
	   Disk (KB)            :     6140     3250  27723720
	   Memory (MB)          :        0        1      3764
...
016 (10942.000.000) 01/19 01:47:03 POST Script terminated.
	(1) Normal termination (return value 0)
    DAG Node: longestsession_0_ID0000006
...
000 (10943.000.000) 01/19 01:47:08 Job submitted from host: <52.53.186.156:50814?addrs=52.53.186.156-50814>
    DAG Node: clean_up_local_level_6_0
    pool:local
...
001 (10943.000.000) 01/19 01:47:08 Job executing on host: <52.53.186.156:1860?addrs=52.53.186.156-1860>
...
000 (10944.000.000) 01/19 01:47:13 Job submitted from host: <52.53.186.156:50814?addrs=52.53.186.156-50814>
    DAG Node: clean_up_local_level_6_1
    pool:local
...
000 (10945.000.000) 01/19 01:47:13 Job submitted from host: <52.53.186.156:50814?addrs=52.53.186.156-50814>
    DAG Node: terminate_0_ID0000009
    pool:condorpool
...
001 (10944.000.000) 01/19 01:47:14 Job executing on host: <52.53.186.156:3528?addrs=52.53.186.156-3528>
...
001 (10945.000.000) 01/19 01:47:14 Job executing on host: <54.214.127.201:57167?addrs=54.214.127.201-57167&noUDP>
...
005 (10945.000.000) 01/19 01:47:15 Job terminated.
	(1) Normal termination (return value 0)
		Usr 0 00:00:00, Sys 0 00:00:00  -  Run Remote Usage
		Usr 0 00:00:00, Sys 0 00:00:00  -  Run Local Usage
		Usr 0 00:00:00, Sys 0 00:00:00  -  Total Remote Usage
		Usr 0 00:00:00, Sys 0 00:00:00  -  Total Local Usage
	4456  -  Run Bytes Sent By Job
	3167676  -  Run Bytes Received By Job
	4456  -  Total Bytes Sent By Job
	3167676  -  Total Bytes Received By Job
	Partitionable Resources :    Usage  Request Allocated
	   Cpus                 :                 1         1
	   Disk (KB)            :     6103     3250  27723720
	   Memory (MB)          :        0        1      3764
...
005 (10943.000.000) 01/19 01:47:17 Job terminated.
	(1) Normal termination (return value 0)
		Usr 0 00:00:00, Sys 0 00:00:00  -  Run Remote Usage
		Usr 0 00:00:00, Sys 0 00:00:00  -  Run Local Usage
		Usr 0 00:00:00, Sys 0 00:00:00  -  Total Remote Usage
		Usr 0 00:00:00, Sys 0 00:00:00  -  Total Local Usage
	0  -  Run Bytes Sent By Job
	0  -  Run Bytes Received By Job
	0  -  Total Bytes Sent By Job
	0  -  Total Bytes Received By Job
...
005 (10944.000.000) 01/19 01:47:18 Job terminated.
	(1) Normal termination (return value 0)
		Usr 0 00:00:00, Sys 0 00:00:00  -  Run Remote Usage
		Usr 0 00:00:00, Sys 0 00:00:00  -  Run Local Usage
		Usr 0 00:00:00, Sys 0 00:00:00  -  Total Remote Usage
		Usr 0 00:00:00, Sys 0 00:00:00  -  Total Local Usage
	0  -  Run Bytes Sent By Job
	0  -  Run Bytes Received By Job
	0  -  Total Bytes Sent By Job
	0  -  Total Bytes Received By Job
...
016 (10944.000.000) 01/19 01:47:19 POST Script terminated.
	(1) Normal termination (return value 0)
    DAG Node: clean_up_local_level_6_1
...
016 (10945.000.000) 01/19 01:47:19 POST Script terminated.
	(1) Normal termination (return value 0)
    DAG Node: terminate_0_ID0000009
...
016 (10943.000.000) 01/19 01:47:19 POST Script terminated.
	(1) Normal termination (return value 0)
    DAG Node: clean_up_local_level_6_0
...
000 (10946.000.000) 01/19 01:47:29 Job submitted from host: <52.53.186.156:50814?addrs=52.53.186.156-50814>
    DAG Node: clean_up_local_level_7_0
    pool:local
...
001 (10946.000.000) 01/19 01:47:29 Job executing on host: <52.53.186.156:20552?addrs=52.53.186.156-20552>
...
005 (10946.000.000) 01/19 01:47:31 Job terminated.
	(1) Normal termination (return value 0)
		Usr 0 00:00:00, Sys 0 00:00:00  -  Run Remote Usage
		Usr 0 00:00:00, Sys 0 00:00:00  -  Run Local Usage
		Usr 0 00:00:00, Sys 0 00:00:00  -  Total Remote Usage
		Usr 0 00:00:00, Sys 0 00:00:00  -  Total Local Usage
	0  -  Run Bytes Sent By Job
	0  -  Run Bytes Received By Job
	0  -  Total Bytes Sent By Job
	0  -  Total Bytes Received By Job
...
016 (10946.000.000) 01/19 01:47:34 POST Script terminated.
	(1) Normal termination (return value 0)
    DAG Node: clean_up_local_level_7_0
...
000 (10947.000.000) 01/19 01:47:44 Job submitted from host: <52.53.186.156:50814?addrs=52.53.186.156-50814>
    DAG Node: cleanup_example_workflow_0_local
    pool:local
...
001 (10947.000.000) 01/19 01:47:44 Job executing on host: <52.53.186.156:5981?addrs=52.53.186.156-5981>
...
005 (10947.000.000) 01/19 01:47:47 Job terminated.
	(1) Normal termination (return value 0)
		Usr 0 00:00:00, Sys 0 00:00:00  -  Run Remote Usage
		Usr 0 00:00:00, Sys 0 00:00:00  -  Run Local Usage
		Usr 0 00:00:00, Sys 0 00:00:00  -  Total Remote Usage
		Usr 0 00:00:00, Sys 0 00:00:00  -  Total Local Usage
	0  -  Run Bytes Sent By Job
	0  -  Run Bytes Received By Job
	0  -  Total Bytes Sent By Job
	0  -  Total Bytes Received By Job
...
