1478532308 INTERNAL *** MONITORD_STARTED ***
1478532307 INTERNAL *** DAGMAN_STARTED 2281.0 ***
1478532311 create_dir_example_workflow_0_local SUBMIT 2282.0 local - 1
1478532316 create_dir_example_workflow_0_local EXECUTE 2282.0 local - 1
1478532316 create_dir_example_workflow_0_local JOB_TERMINATED 2282.0 local - 1
1478532316 create_dir_example_workflow_0_local JOB_SUCCESS 0 local - 1
1478532316 create_dir_example_workflow_0_local POST_SCRIPT_STARTED 2282.0 local - 1
1478532321 create_dir_example_workflow_0_local POST_SCRIPT_TERMINATED 2282.0 local - 1
1478532321 create_dir_example_workflow_0_local POST_SCRIPT_SUCCESS 0 local - 1
1478532326 stage_in_local_local_0_0 SUBMIT 2283.0 local - 2
1478532326 stage_in_local_local_0_0 EXECUTE 2283.0 local - 2
1478532326 stage_in_remote_local_2_1 SUBMIT 2284.0 local - 3
1478532326 stage_in_local_local_6_0 SUBMIT 2285.0 local - 4
1478532326 stage_in_remote_local_5_1 SUBMIT 2286.0 local - 5
1478532326 stage_in_remote_local_5_0 SUBMIT 2287.0 local - 6
1478532332 stage_in_local_local_0_0 JOB_TERMINATED 2283.0 local - 2
1478532332 stage_in_local_local_0_0 JOB_SUCCESS 0 local - 2
1478532332 stage_in_local_local_0_0 POST_SCRIPT_STARTED 2283.0 local - 2
1478532332 stage_in_remote_local_2_1 EXECUTE 2284.0 local - 3
1478532332 stage_in_remote_local_5_1 EXECUTE 2286.0 local - 5
1478532332 stage_in_local_local_6_0 EXECUTE 2285.0 local - 4
1478532332 stage_in_remote_local_5_0 EXECUTE 2287.0 local - 6
1478532332 stage_in_remote_local_2_1 JOB_TERMINATED 2284.0 local - 3
1478532332 stage_in_remote_local_2_1 JOB_SUCCESS 0 local - 3
1478532332 stage_in_remote_local_2_1 POST_SCRIPT_STARTED 2284.0 local - 3
1478532332 stage_in_local_local_6_0 JOB_TERMINATED 2285.0 local - 4
1478532332 stage_in_local_local_6_0 JOB_SUCCESS 0 local - 4
1478532332 stage_in_local_local_6_0 POST_SCRIPT_STARTED 2285.0 local - 4
1478532332 stage_in_local_local_2_0 SUBMIT 2288.0 local - 7
1478532332 stage_in_local_local_2_0 EXECUTE 2288.0 local - 7
1478532332 stage_in_local_local_2_1 SUBMIT 2289.0 local - 8
1478532332 stage_in_local_local_2_1 EXECUTE 2289.0 local - 8
1478532332 stage_in_remote_local_1_0 SUBMIT 2290.0 local - 9
1478532332 stage_in_local_local_3_1 SUBMIT 2291.0 local - 10
1478532332 stage_in_local_local_5_0 SUBMIT 2292.0 local - 11
1478532338 stage_in_remote_local_2_1 POST_SCRIPT_TERMINATED 2284.0 local - 3
1478532338 stage_in_remote_local_2_1 POST_SCRIPT_SUCCESS 0 local - 3
1478532338 stage_in_local_local_0_0 POST_SCRIPT_TERMINATED 2283.0 local - 2
1478532338 stage_in_local_local_0_0 POST_SCRIPT_SUCCESS 0 local - 2
1478532338 stage_in_local_local_6_0 POST_SCRIPT_TERMINATED 2285.0 local - 4
1478532338 stage_in_local_local_6_0 POST_SCRIPT_SUCCESS 0 local - 4
1478532338 stage_in_remote_local_5_0 JOB_TERMINATED 2287.0 local - 6
1478532338 stage_in_remote_local_5_0 JOB_SUCCESS 0 local - 6
1478532338 stage_in_remote_local_5_0 POST_SCRIPT_STARTED 2287.0 local - 6
1478532338 stage_in_remote_local_1_0 EXECUTE 2290.0 local - 9
1478532338 stage_in_local_local_3_1 EXECUTE 2291.0 local - 10
1478532338 stage_in_remote_local_5_1 JOB_TERMINATED 2286.0 local - 5
1478532338 stage_in_remote_local_5_1 JOB_SUCCESS 0 local - 5
1478532338 stage_in_remote_local_5_1 POST_SCRIPT_STARTED 2286.0 local - 5
1478532338 stage_in_local_local_5_0 EXECUTE 2292.0 local - 11
1478532338 stage_in_local_local_2_1 JOB_TERMINATED 2289.0 local - 8
1478532338 stage_in_local_local_2_1 JOB_SUCCESS 0 local - 8
1478532338 stage_in_local_local_2_1 POST_SCRIPT_STARTED 2289.0 local - 8
1478532338 stage_in_remote_local_1_0 JOB_TERMINATED 2290.0 local - 9
1478532338 stage_in_remote_local_1_0 JOB_SUCCESS 0 local - 9
1478532338 stage_in_remote_local_1_0 POST_SCRIPT_STARTED 2290.0 local - 9
1478532338 stage_in_local_local_2_0 JOB_TERMINATED 2288.0 local - 7
1478532338 stage_in_local_local_2_0 JOB_SUCCESS 0 local - 7
1478532338 stage_in_local_local_2_0 POST_SCRIPT_STARTED 2288.0 local - 7
1478532338 stage_in_local_local_3_0 SUBMIT 2293.0 local - 12
1478532338 stage_in_local_local_3_0 EXECUTE 2293.0 local - 12
1478532338 stage_in_local_local_5_1 SUBMIT 2294.0 local - 13
1478532338 stage_in_local_local_4_0 SUBMIT 2295.0 local - 14
1478532338 stage_in_local_local_5_0 JOB_TERMINATED 2292.0 local - 11
1478532338 stage_in_local_local_5_0 JOB_SUCCESS 0 local - 11
1478532338 stage_in_local_local_5_0 POST_SCRIPT_STARTED 2292.0 local - 11
1478532338 stage_in_local_local_3_1 JOB_TERMINATED 2291.0 local - 10
1478532338 stage_in_local_local_3_1 JOB_SUCCESS 0 local - 10
1478532338 stage_in_local_local_3_1 POST_SCRIPT_STARTED 2291.0 local - 10
1478532338 stage_in_local_local_5_1 EXECUTE 2294.0 local - 13
1478532338 stage_in_local_local_7_0 SUBMIT 2296.0 local - 15
1478532338 stage_in_local_local_4_0 EXECUTE 2295.0 local - 14
1478532338 stage_in_local_local_4_1 SUBMIT 2297.0 local - 16
1478532344 stage_in_remote_local_5_1 POST_SCRIPT_TERMINATED 2286.0 local - 5
1478532344 stage_in_remote_local_5_1 POST_SCRIPT_SUCCESS 0 local - 5
1478532344 stage_in_local_local_3_1 POST_SCRIPT_TERMINATED 2291.0 local - 10
1478532344 stage_in_local_local_3_1 POST_SCRIPT_SUCCESS 0 local - 10
1478532344 stage_in_local_local_5_0 POST_SCRIPT_TERMINATED 2292.0 local - 11
1478532344 stage_in_local_local_5_0 POST_SCRIPT_SUCCESS 0 local - 11
1478532344 stage_in_local_local_2_0 POST_SCRIPT_TERMINATED 2288.0 local - 7
1478532344 stage_in_local_local_2_0 POST_SCRIPT_SUCCESS 0 local - 7
1478532344 stage_in_local_local_2_1 POST_SCRIPT_TERMINATED 2289.0 local - 8
1478532344 stage_in_local_local_2_1 POST_SCRIPT_SUCCESS 0 local - 8
1478532344 stage_in_remote_local_5_0 POST_SCRIPT_TERMINATED 2287.0 local - 6
1478532344 stage_in_remote_local_5_0 POST_SCRIPT_SUCCESS 0 local - 6
1478532344 stage_in_remote_local_1_0 POST_SCRIPT_TERMINATED 2290.0 local - 9
1478532344 stage_in_remote_local_1_0 POST_SCRIPT_SUCCESS 0 local - 9
1478532344 stage_in_local_local_7_0 EXECUTE 2296.0 local - 15
1478532344 stage_in_local_local_4_1 EXECUTE 2297.0 local - 16
1478532344 stage_in_local_local_3_0 JOB_TERMINATED 2293.0 local - 12
1478532344 stage_in_local_local_3_0 JOB_SUCCESS 0 local - 12
1478532344 stage_in_local_local_3_0 POST_SCRIPT_STARTED 2293.0 local - 12
1478532344 stage_in_local_local_5_1 JOB_TERMINATED 2294.0 local - 13
1478532344 stage_in_local_local_5_1 JOB_SUCCESS 0 local - 13
1478532344 stage_in_local_local_5_1 POST_SCRIPT_STARTED 2294.0 local - 13
1478532344 stage_in_local_local_4_0 JOB_TERMINATED 2295.0 local - 14
1478532344 stage_in_local_local_4_0 JOB_SUCCESS 0 local - 14
1478532344 stage_in_local_local_4_0 POST_SCRIPT_STARTED 2295.0 local - 14
1478532344 stage_in_local_local_1_0 SUBMIT 2298.0 local - 17
1478532344 stage_in_local_local_1_0 EXECUTE 2298.0 local - 17
1478532344 stage_in_remote_local_4_1 SUBMIT 2299.0 local - 18
1478532344 stage_in_remote_local_4_0 SUBMIT 2300.0 local - 19
1478532344 stage_in_remote_local_4_1 EXECUTE 2299.0 local - 18
1478532344 stage_in_local_local_7_0 JOB_TERMINATED 2296.0 local - 15
1478532344 stage_in_local_local_7_0 JOB_SUCCESS 0 local - 15
1478532344 stage_in_local_local_7_0 POST_SCRIPT_STARTED 2296.0 local - 15
1478532344 stage_in_remote_local_4_0 EXECUTE 2300.0 local - 19
1478532344 stage_in_remote_local_2_0 SUBMIT 2301.0 local - 20
1478532344 stage_in_remote_local_2_0 EXECUTE 2301.0 local - 20
1478532344 stage_in_remote_local_3_1 SUBMIT 2302.0 local - 21
1478532349 stage_in_local_local_4_0 POST_SCRIPT_TERMINATED 2295.0 local - 14
1478532349 stage_in_local_local_4_0 POST_SCRIPT_SUCCESS 0 local - 14
1478532349 stage_in_local_local_3_0 POST_SCRIPT_TERMINATED 2293.0 local - 12
1478532349 stage_in_local_local_3_0 POST_SCRIPT_SUCCESS 0 local - 12
1478532349 stage_in_local_local_7_0 POST_SCRIPT_TERMINATED 2296.0 local - 15
1478532349 stage_in_local_local_7_0 POST_SCRIPT_SUCCESS 0 local - 15
1478532349 stage_in_local_local_5_1 POST_SCRIPT_TERMINATED 2294.0 local - 13
1478532349 stage_in_local_local_5_1 POST_SCRIPT_SUCCESS 0 local - 13
1478532349 stage_in_local_local_4_1 JOB_TERMINATED 2297.0 local - 16
1478532349 stage_in_local_local_4_1 JOB_SUCCESS 0 local - 16
1478532349 stage_in_local_local_4_1 POST_SCRIPT_STARTED 2297.0 local - 16
1478532349 stage_in_remote_local_3_1 EXECUTE 2302.0 local - 21
1478532349 stage_in_local_local_1_0 JOB_TERMINATED 2298.0 local - 17
1478532349 stage_in_local_local_1_0 JOB_SUCCESS 0 local - 17
1478532349 stage_in_local_local_1_0 POST_SCRIPT_STARTED 2298.0 local - 17
1478532349 stage_in_remote_local_4_0 JOB_TERMINATED 2300.0 local - 19
1478532349 stage_in_remote_local_4_0 JOB_SUCCESS 0 local - 19
1478532349 stage_in_remote_local_4_0 POST_SCRIPT_STARTED 2300.0 local - 19
1478532349 stage_in_remote_local_4_1 JOB_TERMINATED 2299.0 local - 18
1478532349 stage_in_remote_local_4_1 JOB_SUCCESS 0 local - 18
1478532349 stage_in_remote_local_4_1 POST_SCRIPT_STARTED 2299.0 local - 18
1478532349 stage_in_remote_local_2_0 JOB_TERMINATED 2301.0 local - 20
1478532349 stage_in_remote_local_2_0 JOB_SUCCESS 0 local - 20
1478532349 stage_in_remote_local_2_0 POST_SCRIPT_STARTED 2301.0 local - 20
1478532349 stage_in_remote_local_3_0 SUBMIT 2303.0 local - 22
1478532349 stage_in_remote_local_3_0 EXECUTE 2303.0 local - 22
1478532349 stage_in_remote_local_6_0 SUBMIT 2304.0 local - 23
1478532349 stage_in_remote_local_6_0 EXECUTE 2304.0 local - 23
1478532349 init_0_ID0000001 SUBMIT 2305.0 condorpool - 24
1478532354 stage_in_remote_local_3_1 JOB_TERMINATED 2302.0 local - 21
1478532354 stage_in_remote_local_3_1 JOB_SUCCESS 0 local - 21
1478532354 stage_in_remote_local_3_1 POST_SCRIPT_STARTED 2302.0 local - 21
1478532354 stage_in_local_local_1_0 POST_SCRIPT_TERMINATED 2298.0 local - 17
1478532354 stage_in_local_local_1_0 POST_SCRIPT_SUCCESS 0 local - 17
1478532354 stage_in_local_local_4_1 POST_SCRIPT_TERMINATED 2297.0 local - 16
1478532354 stage_in_local_local_4_1 POST_SCRIPT_SUCCESS 0 local - 16
1478532354 stage_in_remote_local_4_1 POST_SCRIPT_TERMINATED 2299.0 local - 18
1478532354 stage_in_remote_local_4_1 POST_SCRIPT_SUCCESS 0 local - 18
1478532354 stage_in_remote_local_4_0 POST_SCRIPT_TERMINATED 2300.0 local - 19
1478532354 stage_in_remote_local_4_0 POST_SCRIPT_SUCCESS 0 local - 19
1478532354 stage_in_remote_local_2_0 POST_SCRIPT_TERMINATED 2301.0 local - 20
1478532354 stage_in_remote_local_2_0 POST_SCRIPT_SUCCESS 0 local - 20
1478532354 stage_in_remote_local_6_0 JOB_TERMINATED 2304.0 local - 23
1478532354 stage_in_remote_local_6_0 JOB_SUCCESS 0 local - 23
1478532354 stage_in_remote_local_6_0 POST_SCRIPT_STARTED 2304.0 local - 23
1478532354 stage_in_remote_local_3_0 JOB_TERMINATED 2303.0 local - 22
1478532354 stage_in_remote_local_3_0 JOB_SUCCESS 0 local - 22
1478532354 stage_in_remote_local_3_0 POST_SCRIPT_STARTED 2303.0 local - 22
1478532359 stage_in_remote_local_6_0 POST_SCRIPT_TERMINATED 2304.0 local - 23
1478532359 stage_in_remote_local_6_0 POST_SCRIPT_SUCCESS 0 local - 23
1478532359 stage_in_remote_local_3_1 POST_SCRIPT_TERMINATED 2302.0 local - 21
1478532359 stage_in_remote_local_3_1 POST_SCRIPT_SUCCESS 0 local - 21
1478532359 stage_in_remote_local_3_0 POST_SCRIPT_TERMINATED 2303.0 local - 22
1478532359 stage_in_remote_local_3_0 POST_SCRIPT_SUCCESS 0 local - 22
1478532369 init_0_ID0000001 EXECUTE 2305.0 condorpool - 24
1478532394 init_0_ID0000001 JOB_TERMINATED 2305.0 condorpool - 24
1478532394 init_0_ID0000001 JOB_SUCCESS 0 condorpool - 24
1478532394 init_0_ID0000001 POST_SCRIPT_STARTED 2305.0 condorpool - 24
1478532399 init_0_ID0000001 POST_SCRIPT_TERMINATED 2305.0 condorpool - 24
1478532399 init_0_ID0000001 POST_SCRIPT_SUCCESS 0 condorpool - 24
1478532404 clean_up_local_level_3_0 SUBMIT 2306.0 local - 25
1478532404 clean_up_local_level_3_0 EXECUTE 2306.0 local - 25
1478532404 generalinfo_0_ID0000002 SUBMIT 2307.0 condorpool - 26
1478532409 generalinfo_0_ID0000002 EXECUTE 2307.0 condorpool - 26
1478532409 clean_up_local_level_3_0 JOB_TERMINATED 2306.0 local - 25
1478532409 clean_up_local_level_3_0 JOB_SUCCESS 0 local - 25
1478532409 clean_up_local_level_3_0 POST_SCRIPT_STARTED 2306.0 local - 25
1478532414 clean_up_local_level_3_0 POST_SCRIPT_TERMINATED 2306.0 local - 25
1478532414 clean_up_local_level_3_0 POST_SCRIPT_SUCCESS 0 local - 25
1478532659 generalinfo_0_ID0000002 JOB_TERMINATED 2307.0 condorpool - 26
1478532659 generalinfo_0_ID0000002 JOB_SUCCESS 0 condorpool - 26
1478532659 generalinfo_0_ID0000002 POST_SCRIPT_STARTED 2307.0 condorpool - 26
1478532664 generalinfo_0_ID0000002 POST_SCRIPT_TERMINATED 2307.0 condorpool - 26
1478532664 generalinfo_0_ID0000002 POST_SCRIPT_SUCCESS 0 condorpool - 26
1478532669 clean_up_local_level_4_0 SUBMIT 2308.0 local - 27
1478532669 clean_up_local_level_4_0 EXECUTE 2308.0 local - 27
1478532669 statscpumemory_0_ID0000003 SUBMIT 2309.0 condorpool - 28
1478532669 medianmemory_0_ID0000005 SUBMIT 2310.0 condorpool - 29
1478532669 mediancpu_0_ID0000004 SUBMIT 2311.0 condorpool - 30
1478532674 statscpumemory_0_ID0000003 EXECUTE 2309.0 condorpool - 28
1478532674 clean_up_local_level_4_0 JOB_TERMINATED 2308.0 local - 27
1478532674 clean_up_local_level_4_0 JOB_SUCCESS 0 local - 27
1478532674 clean_up_local_level_4_0 POST_SCRIPT_STARTED 2308.0 local - 27
1478532679 clean_up_local_level_4_0 POST_SCRIPT_TERMINATED 2308.0 local - 27
1478532679 clean_up_local_level_4_0 POST_SCRIPT_SUCCESS 0 local - 27
1478532689 medianmemory_0_ID0000005 EXECUTE 2310.0 condorpool - 29
1478532689 mediancpu_0_ID0000004 EXECUTE 2311.0 condorpool - 30
1478533205 statscpumemory_0_ID0000003 JOB_TERMINATED 2309.0 condorpool - 28
1478533205 statscpumemory_0_ID0000003 JOB_SUCCESS 0 condorpool - 28
1478533205 statscpumemory_0_ID0000003 POST_SCRIPT_STARTED 2309.0 condorpool - 28
1478533210 statscpumemory_0_ID0000003 POST_SCRIPT_TERMINATED 2309.0 condorpool - 28
1478533210 statscpumemory_0_ID0000003 POST_SCRIPT_SUCCESS 0 condorpool - 28
1478533250 mediancpu_0_ID0000004 JOB_TERMINATED 2311.0 condorpool - 30
1478533250 mediancpu_0_ID0000004 JOB_SUCCESS 0 condorpool - 30
1478533250 mediancpu_0_ID0000004 POST_SCRIPT_STARTED 2311.0 condorpool - 30
1478533255 mediancpu_0_ID0000004 POST_SCRIPT_TERMINATED 2311.0 condorpool - 30
1478533255 mediancpu_0_ID0000004 POST_SCRIPT_SUCCESS 0 condorpool - 30
1478533255 medianmemory_0_ID0000005 JOB_TERMINATED 2310.0 condorpool - 29
1478533255 medianmemory_0_ID0000005 JOB_SUCCESS 0 condorpool - 29
1478533255 medianmemory_0_ID0000005 POST_SCRIPT_STARTED 2310.0 condorpool - 29
1478533260 medianmemory_0_ID0000005 POST_SCRIPT_TERMINATED 2310.0 condorpool - 29
1478533260 medianmemory_0_ID0000005 POST_SCRIPT_SUCCESS 0 condorpool - 29
1478533260 clean_up_local_level_5_1 SUBMIT 2312.0 local - 31
1478533266 clean_up_local_level_5_1 EXECUTE 2312.0 local - 31
1478533266 clean_up_local_level_5_1 JOB_TERMINATED 2312.0 local - 31
1478533266 clean_up_local_level_5_1 JOB_SUCCESS 0 local - 31
1478533266 clean_up_local_level_5_1 POST_SCRIPT_STARTED 2312.0 local - 31
1478533266 clean_up_local_level_5_0 SUBMIT 2313.0 local - 32
1478533266 clean_up_local_level_5_0 EXECUTE 2313.0 local - 32
1478533266 taskevent_6_ID0000012 SUBMIT 2314.0 condorpool - 33
1478533266 taskevent_0_ID0000006 SUBMIT 2315.0 condorpool - 34
1478533266 taskevent_3_ID0000009 SUBMIT 2316.0 condorpool - 35
1478533266 taskevent_1_ID0000007 SUBMIT 2317.0 condorpool - 36
1478533272 taskevent_6_ID0000012 EXECUTE 2314.0 condorpool - 33
1478533272 taskevent_0_ID0000006 EXECUTE 2315.0 condorpool - 34
1478533272 clean_up_local_level_5_1 POST_SCRIPT_TERMINATED 2312.0 local - 31
1478533272 clean_up_local_level_5_1 POST_SCRIPT_SUCCESS 0 local - 31
1478533272 taskevent_5_ID0000011 SUBMIT 2318.0 condorpool - 37
1478533272 taskevent_4_ID0000010 SUBMIT 2319.0 condorpool - 38
1478533272 taskevent_2_ID0000008 SUBMIT 2320.0 condorpool - 39
1478533272 taskevent_8_ID0000014 SUBMIT 2321.0 condorpool - 40
1478533272 taskevent_7_ID0000013 SUBMIT 2322.0 condorpool - 41
1478533277 clean_up_local_level_5_0 JOB_TERMINATED 2313.0 local - 32
1478533277 clean_up_local_level_5_0 JOB_SUCCESS 0 local - 32
1478533277 clean_up_local_level_5_0 POST_SCRIPT_STARTED 2313.0 local - 32
1478533282 clean_up_local_level_5_0 POST_SCRIPT_TERMINATED 2313.0 local - 32
1478533282 clean_up_local_level_5_0 POST_SCRIPT_SUCCESS 0 local - 32
1478533282 taskevent_6_ID0000012 JOB_TERMINATED 2314.0 condorpool - 33
1478533282 taskevent_6_ID0000012 JOB_SUCCESS 0 condorpool - 33
1478533282 taskevent_6_ID0000012 POST_SCRIPT_STARTED 2314.0 condorpool - 33
1478533282 taskevent_3_ID0000009 EXECUTE 2316.0 condorpool - 35
1478533282 taskevent_1_ID0000007 EXECUTE 2317.0 condorpool - 36
1478533282 taskevent_5_ID0000011 EXECUTE 2318.0 condorpool - 37
1478533282 taskevent_2_ID0000008 EXECUTE 2320.0 condorpool - 39
1478533282 taskevent_7_ID0000013 EXECUTE 2322.0 condorpool - 41
1478533282 taskevent_4_ID0000010 EXECUTE 2319.0 condorpool - 38
1478533282 taskevent_8_ID0000014 EXECUTE 2321.0 condorpool - 40
1478533287 taskevent_6_ID0000012 POST_SCRIPT_TERMINATED 2314.0 condorpool - 33
1478533287 taskevent_6_ID0000012 POST_SCRIPT_SUCCESS 0 condorpool - 33
1478533307 taskevent_7_ID0000013 JOB_TERMINATED 2322.0 condorpool - 41
1478533307 taskevent_7_ID0000013 JOB_SUCCESS 0 condorpool - 41
1478533307 taskevent_7_ID0000013 POST_SCRIPT_STARTED 2322.0 condorpool - 41
1478533312 taskevent_7_ID0000013 POST_SCRIPT_TERMINATED 2322.0 condorpool - 41
1478533312 taskevent_7_ID0000013 POST_SCRIPT_SUCCESS 0 condorpool - 41
1478533357 taskevent_8_ID0000014 JOB_TERMINATED 2321.0 condorpool - 40
1478533357 taskevent_8_ID0000014 JOB_SUCCESS 0 condorpool - 40
1478533357 taskevent_8_ID0000014 POST_SCRIPT_STARTED 2321.0 condorpool - 40
1478533357 taskevent_3_ID0000009 JOB_TERMINATED 2316.0 condorpool - 35
1478533357 taskevent_3_ID0000009 JOB_SUCCESS 0 condorpool - 35
1478533357 taskevent_3_ID0000009 POST_SCRIPT_STARTED 2316.0 condorpool - 35
1478533362 taskevent_3_ID0000009 POST_SCRIPT_TERMINATED 2316.0 condorpool - 35
1478533362 taskevent_3_ID0000009 POST_SCRIPT_SUCCESS 0 condorpool - 35
1478533362 taskevent_8_ID0000014 POST_SCRIPT_TERMINATED 2321.0 condorpool - 40
1478533362 taskevent_8_ID0000014 POST_SCRIPT_SUCCESS 0 condorpool - 40
1478533377 taskevent_2_ID0000008 JOB_TERMINATED 2320.0 condorpool - 39
1478533377 taskevent_2_ID0000008 JOB_SUCCESS 0 condorpool - 39
1478533377 taskevent_2_ID0000008 POST_SCRIPT_STARTED 2320.0 condorpool - 39
1478533382 taskevent_2_ID0000008 POST_SCRIPT_TERMINATED 2320.0 condorpool - 39
1478533382 taskevent_2_ID0000008 POST_SCRIPT_SUCCESS 0 condorpool - 39
1478533412 taskevent_5_ID0000011 JOB_TERMINATED 2318.0 condorpool - 37
1478533412 taskevent_5_ID0000011 JOB_SUCCESS 0 condorpool - 37
1478533412 taskevent_5_ID0000011 POST_SCRIPT_STARTED 2318.0 condorpool - 37
1478533417 taskevent_5_ID0000011 POST_SCRIPT_TERMINATED 2318.0 condorpool - 37
1478533417 taskevent_5_ID0000011 POST_SCRIPT_SUCCESS 0 condorpool - 37
1478533452 taskevent_4_ID0000010 JOB_TERMINATED 2319.0 condorpool - 38
1478533452 taskevent_4_ID0000010 JOB_SUCCESS 0 condorpool - 38
1478533452 taskevent_4_ID0000010 POST_SCRIPT_STARTED 2319.0 condorpool - 38
1478533457 taskevent_4_ID0000010 POST_SCRIPT_TERMINATED 2319.0 condorpool - 38
1478533457 taskevent_4_ID0000010 POST_SCRIPT_SUCCESS 0 condorpool - 38
1478533463 clean_up_local_level_6_1 SUBMIT 2323.0 local - 42
1478533468 clean_up_local_level_6_1 EXECUTE 2323.0 local - 42
1478533483 clean_up_local_level_6_1 JOB_TERMINATED 2323.0 local - 42
1478533483 clean_up_local_level_6_1 JOB_SUCCESS 0 local - 42
1478533483 clean_up_local_level_6_1 POST_SCRIPT_STARTED 2323.0 local - 42
1478533488 clean_up_local_level_6_1 POST_SCRIPT_TERMINATED 2323.0 local - 42
1478533488 clean_up_local_level_6_1 POST_SCRIPT_SUCCESS 0 local - 42
1478533548 taskevent_1_ID0000007 JOB_TERMINATED 2317.0 condorpool - 36
1478533548 taskevent_1_ID0000007 JOB_SUCCESS 0 condorpool - 36
1478533548 taskevent_1_ID0000007 POST_SCRIPT_STARTED 2317.0 condorpool - 36
1478533548 taskevent_0_ID0000006 JOB_TERMINATED 2315.0 condorpool - 34
1478533548 taskevent_0_ID0000006 JOB_SUCCESS 0 condorpool - 34
1478533548 taskevent_0_ID0000006 POST_SCRIPT_STARTED 2315.0 condorpool - 34
1478533553 taskevent_0_ID0000006 POST_SCRIPT_TERMINATED 2315.0 condorpool - 34
1478533553 taskevent_0_ID0000006 POST_SCRIPT_SUCCESS 0 condorpool - 34
1478533553 taskevent_1_ID0000007 POST_SCRIPT_TERMINATED 2317.0 condorpool - 36
1478533553 taskevent_1_ID0000007 POST_SCRIPT_SUCCESS 0 condorpool - 36
1478533559 clean_up_local_level_6_0 SUBMIT 2324.0 local - 43
1478533559 clean_up_local_level_6_0 EXECUTE 2324.0 local - 43
1478533559 calculateratio_8_ID0000023 SUBMIT 2325.0 condorpool - 44
1478533559 calculateratio_6_ID0000021 SUBMIT 2326.0 condorpool - 45
1478533559 calculateratio_7_ID0000022 SUBMIT 2327.0 condorpool - 46
1478533559 calculateratio_5_ID0000020 SUBMIT 2328.0 condorpool - 47
1478533564 calculateratio_8_ID0000023 EXECUTE 2325.0 condorpool - 44
1478533564 calculateratio_6_ID0000021 EXECUTE 2326.0 condorpool - 45
1478533564 calculateratio_1_ID0000016 SUBMIT 2329.0 condorpool - 48
1478533564 calculateratio_4_ID0000019 SUBMIT 2330.0 condorpool - 49
1478533564 calculateratio_3_ID0000018 SUBMIT 2331.0 condorpool - 50
1478533564 calculateratio_2_ID0000017 SUBMIT 2332.0 condorpool - 51
1478533564 calculateratio_0_ID0000015 SUBMIT 2333.0 condorpool - 52
1478533574 clean_up_local_level_6_0 JOB_TERMINATED 2324.0 local - 43
1478533574 clean_up_local_level_6_0 JOB_SUCCESS 0 local - 43
1478533574 clean_up_local_level_6_0 POST_SCRIPT_STARTED 2324.0 local - 43
1478533579 clean_up_local_level_6_0 POST_SCRIPT_TERMINATED 2324.0 local - 43
1478533579 clean_up_local_level_6_0 POST_SCRIPT_SUCCESS 0 local - 43
1478533584 calculateratio_1_ID0000016 EXECUTE 2329.0 condorpool - 48
1478533584 calculateratio_5_ID0000020 EXECUTE 2328.0 condorpool - 47
1478533584 calculateratio_7_ID0000022 EXECUTE 2327.0 condorpool - 46
1478533584 calculateratio_4_ID0000019 EXECUTE 2330.0 condorpool - 49
1478533584 calculateratio_0_ID0000015 EXECUTE 2333.0 condorpool - 52
1478533584 calculateratio_3_ID0000018 EXECUTE 2331.0 condorpool - 50
1478533584 calculateratio_2_ID0000017 EXECUTE 2332.0 condorpool - 51
1478533819 calculateratio_6_ID0000021 JOB_TERMINATED 2326.0 condorpool - 45
1478533819 calculateratio_6_ID0000021 JOB_SUCCESS 0 condorpool - 45
1478533819 calculateratio_6_ID0000021 POST_SCRIPT_STARTED 2326.0 condorpool - 45
1478533824 calculateratio_6_ID0000021 POST_SCRIPT_TERMINATED 2326.0 condorpool - 45
1478533824 calculateratio_6_ID0000021 POST_SCRIPT_SUCCESS 0 condorpool - 45
1478533834 calculateratio_1_ID0000016 JOB_TERMINATED 2329.0 condorpool - 48
1478533834 calculateratio_1_ID0000016 JOB_SUCCESS 0 condorpool - 48
1478533834 calculateratio_1_ID0000016 POST_SCRIPT_STARTED 2329.0 condorpool - 48
1478533839 calculateratio_1_ID0000016 POST_SCRIPT_TERMINATED 2329.0 condorpool - 48
1478533839 calculateratio_1_ID0000016 POST_SCRIPT_SUCCESS 0 condorpool - 48
1478533849 calculateratio_8_ID0000023 JOB_TERMINATED 2325.0 condorpool - 44
1478533849 calculateratio_8_ID0000023 JOB_SUCCESS 0 condorpool - 44
1478533849 calculateratio_8_ID0000023 POST_SCRIPT_STARTED 2325.0 condorpool - 44
1478533854 calculateratio_8_ID0000023 POST_SCRIPT_TERMINATED 2325.0 condorpool - 44
1478533854 calculateratio_8_ID0000023 POST_SCRIPT_SUCCESS 0 condorpool - 44
1478533854 calculateratio_0_ID0000015 JOB_TERMINATED 2333.0 condorpool - 52
1478533854 calculateratio_0_ID0000015 JOB_SUCCESS 0 condorpool - 52
1478533854 calculateratio_0_ID0000015 POST_SCRIPT_STARTED 2333.0 condorpool - 52
1478533859 calculateratio_0_ID0000015 POST_SCRIPT_TERMINATED 2333.0 condorpool - 52
1478533859 calculateratio_0_ID0000015 POST_SCRIPT_SUCCESS 0 condorpool - 52
1478533864 calculateratio_7_ID0000022 JOB_TERMINATED 2327.0 condorpool - 46
1478533864 calculateratio_7_ID0000022 JOB_SUCCESS 0 condorpool - 46
1478533864 calculateratio_7_ID0000022 POST_SCRIPT_STARTED 2327.0 condorpool - 46
1478533869 calculateratio_7_ID0000022 POST_SCRIPT_TERMINATED 2327.0 condorpool - 46
1478533869 calculateratio_7_ID0000022 POST_SCRIPT_SUCCESS 0 condorpool - 46
1478533869 calculateratio_2_ID0000017 JOB_TERMINATED 2332.0 condorpool - 51
1478533869 calculateratio_2_ID0000017 JOB_SUCCESS 0 condorpool - 51
1478533869 calculateratio_2_ID0000017 POST_SCRIPT_STARTED 2332.0 condorpool - 51
1478533874 calculateratio_2_ID0000017 POST_SCRIPT_TERMINATED 2332.0 condorpool - 51
1478533874 calculateratio_2_ID0000017 POST_SCRIPT_SUCCESS 0 condorpool - 51
1478533884 calculateratio_4_ID0000019 JOB_TERMINATED 2330.0 condorpool - 49
1478533884 calculateratio_4_ID0000019 JOB_SUCCESS 0 condorpool - 49
1478533884 calculateratio_4_ID0000019 POST_SCRIPT_STARTED 2330.0 condorpool - 49
1478533889 calculateratio_4_ID0000019 POST_SCRIPT_TERMINATED 2330.0 condorpool - 49
1478533889 calculateratio_4_ID0000019 POST_SCRIPT_SUCCESS 0 condorpool - 49
1478533909 calculateratio_5_ID0000020 JOB_TERMINATED 2328.0 condorpool - 47
1478533909 calculateratio_5_ID0000020 JOB_SUCCESS 0 condorpool - 47
1478533909 calculateratio_5_ID0000020 POST_SCRIPT_STARTED 2328.0 condorpool - 47
1478533914 calculateratio_5_ID0000020 POST_SCRIPT_TERMINATED 2328.0 condorpool - 47
1478533914 calculateratio_5_ID0000020 POST_SCRIPT_SUCCESS 0 condorpool - 47
1478533919 calculateratio_3_ID0000018 JOB_TERMINATED 2331.0 condorpool - 50
1478533919 calculateratio_3_ID0000018 JOB_SUCCESS 0 condorpool - 50
1478533919 calculateratio_3_ID0000018 POST_SCRIPT_STARTED 2331.0 condorpool - 50
1478533919 clean_up_local_level_7_0 SUBMIT 2334.0 local - 53
1478533924 clean_up_local_level_7_0 EXECUTE 2334.0 local - 53
1478533924 calculateratio_3_ID0000018 POST_SCRIPT_TERMINATED 2331.0 condorpool - 50
1478533924 calculateratio_3_ID0000018 POST_SCRIPT_SUCCESS 0 condorpool - 50
1478533929 clean_up_local_level_7_1 SUBMIT 2335.0 local - 54
1478533929 averageratioevent_1_ID0000025 SUBMIT 2336.0 condorpool - 55
1478533929 clean_up_local_level_7_1 EXECUTE 2335.0 local - 54
1478533929 averageratioevent_3_ID0000027 SUBMIT 2337.0 condorpool - 56
1478533929 averageratioevent_0_ID0000024 SUBMIT 2338.0 condorpool - 57
1478533929 averageratioevent_2_ID0000026 SUBMIT 2339.0 condorpool - 58
1478533934 averageratioevent_1_ID0000025 EXECUTE 2336.0 condorpool - 55
1478533934 clean_up_local_level_7_0 JOB_TERMINATED 2334.0 local - 53
1478533934 clean_up_local_level_7_0 JOB_SUCCESS 0 local - 53
1478533934 clean_up_local_level_7_0 POST_SCRIPT_STARTED 2334.0 local - 53
1478533939 clean_up_local_level_7_0 POST_SCRIPT_TERMINATED 2334.0 local - 53
1478533939 clean_up_local_level_7_0 POST_SCRIPT_SUCCESS 0 local - 53
1478533944 averageratioevent_3_ID0000027 EXECUTE 2337.0 condorpool - 56
1478533944 averageratioevent_0_ID0000024 EXECUTE 2338.0 condorpool - 57
1478533944 averageratioevent_2_ID0000026 EXECUTE 2339.0 condorpool - 58
1478533944 averageratioevent_1_ID0000025 JOB_TERMINATED 2336.0 condorpool - 55
1478533944 averageratioevent_1_ID0000025 JOB_SUCCESS 0 condorpool - 55
1478533944 averageratioevent_1_ID0000025 POST_SCRIPT_STARTED 2336.0 condorpool - 55
1478533944 averageratioevent_3_ID0000027 JOB_TERMINATED 2337.0 condorpool - 56
1478533944 averageratioevent_3_ID0000027 JOB_SUCCESS 0 condorpool - 56
1478533944 averageratioevent_3_ID0000027 POST_SCRIPT_STARTED 2337.0 condorpool - 56
1478533949 averageratioevent_3_ID0000027 POST_SCRIPT_TERMINATED 2337.0 condorpool - 56
1478533949 averageratioevent_3_ID0000027 POST_SCRIPT_SUCCESS 0 condorpool - 56
1478533949 averageratioevent_1_ID0000025 POST_SCRIPT_TERMINATED 2336.0 condorpool - 55
1478533949 averageratioevent_1_ID0000025 POST_SCRIPT_SUCCESS 0 condorpool - 55
1478533949 clean_up_local_level_7_1 JOB_TERMINATED 2335.0 local - 54
1478533949 clean_up_local_level_7_1 JOB_SUCCESS 0 local - 54
1478533949 clean_up_local_level_7_1 POST_SCRIPT_STARTED 2335.0 local - 54
1478533954 clean_up_local_level_7_1 POST_SCRIPT_TERMINATED 2335.0 local - 54
1478533954 clean_up_local_level_7_1 POST_SCRIPT_SUCCESS 0 local - 54
1478533954 clean_up_local_level_8_0 SUBMIT 2340.0 local - 59
1478533959 clean_up_local_level_8_0 EXECUTE 2340.0 local - 59
1478533964 averageratioevent_0_ID0000024 JOB_TERMINATED 2338.0 condorpool - 57
1478533964 averageratioevent_0_ID0000024 JOB_SUCCESS 0 condorpool - 57
1478533964 averageratioevent_0_ID0000024 POST_SCRIPT_STARTED 2338.0 condorpool - 57
1478533964 clean_up_local_level_8_0 JOB_TERMINATED 2340.0 local - 59
1478533964 clean_up_local_level_8_0 JOB_SUCCESS 0 local - 59
1478533964 clean_up_local_level_8_0 POST_SCRIPT_STARTED 2340.0 local - 59
1478533969 averageratioevent_0_ID0000024 POST_SCRIPT_TERMINATED 2338.0 condorpool - 57
1478533969 averageratioevent_0_ID0000024 POST_SCRIPT_SUCCESS 0 condorpool - 57
1478533969 clean_up_local_level_8_0 POST_SCRIPT_TERMINATED 2340.0 local - 59
1478533969 clean_up_local_level_8_0 POST_SCRIPT_SUCCESS 0 local - 59
1478533994 averageratioevent_2_ID0000026 JOB_TERMINATED 2339.0 condorpool - 58
1478533994 averageratioevent_2_ID0000026 JOB_SUCCESS 0 condorpool - 58
1478533994 averageratioevent_2_ID0000026 POST_SCRIPT_STARTED 2339.0 condorpool - 58
1478533999 averageratioevent_2_ID0000026 POST_SCRIPT_TERMINATED 2339.0 condorpool - 58
1478533999 averageratioevent_2_ID0000026 POST_SCRIPT_SUCCESS 0 condorpool - 58
1478534004 analysisevent_0_ID0000028 SUBMIT 2341.0 condorpool - 60
1478534004 clean_up_local_level_8_1 SUBMIT 2342.0 local - 61
1478534009 analysisevent_0_ID0000028 EXECUTE 2341.0 condorpool - 60
1478534009 analysisevent_0_ID0000028 JOB_TERMINATED 2341.0 condorpool - 60
1478534009 analysisevent_0_ID0000028 JOB_SUCCESS 0 condorpool - 60
1478534009 analysisevent_0_ID0000028 POST_SCRIPT_STARTED 2341.0 condorpool - 60
1478534014 clean_up_local_level_8_1 EXECUTE 2342.0 local - 61
1478534014 analysisevent_0_ID0000028 POST_SCRIPT_TERMINATED 2341.0 condorpool - 60
1478534014 analysisevent_0_ID0000028 POST_SCRIPT_SUCCESS 0 condorpool - 60
1478534019 clean_up_local_level_8_1 JOB_TERMINATED 2342.0 local - 61
1478534019 clean_up_local_level_8_1 JOB_SUCCESS 0 local - 61
1478534019 clean_up_local_level_8_1 POST_SCRIPT_STARTED 2342.0 local - 61
1478534019 terminate_0_ID0000029 SUBMIT 2343.0 condorpool - 62
1478534019 clean_up_local_level_9_0 SUBMIT 2344.0 local - 63
1478534024 clean_up_local_level_8_1 POST_SCRIPT_TERMINATED 2342.0 local - 61
1478534024 clean_up_local_level_8_1 POST_SCRIPT_SUCCESS 0 local - 61
1478534024 terminate_0_ID0000029 EXECUTE 2343.0 condorpool - 62
1478534024 terminate_0_ID0000029 JOB_TERMINATED 2343.0 condorpool - 62
1478534024 terminate_0_ID0000029 JOB_SUCCESS 0 condorpool - 62
1478534024 terminate_0_ID0000029 POST_SCRIPT_STARTED 2343.0 condorpool - 62
1478534029 terminate_0_ID0000029 POST_SCRIPT_TERMINATED 2343.0 condorpool - 62
1478534029 terminate_0_ID0000029 POST_SCRIPT_SUCCESS 0 condorpool - 62
1478534029 clean_up_local_level_9_0 EXECUTE 2344.0 local - 63
1478534034 clean_up_local_level_9_0 JOB_TERMINATED 2344.0 local - 63
1478534034 clean_up_local_level_9_0 JOB_SUCCESS 0 local - 63
1478534034 clean_up_local_level_9_0 POST_SCRIPT_STARTED 2344.0 local - 63
1478534035 clean_up_local_level_10_0 SUBMIT 2345.0 local - 64
1478534040 clean_up_local_level_10_0 EXECUTE 2345.0 local - 64
1478534040 clean_up_local_level_9_0 POST_SCRIPT_TERMINATED 2344.0 local - 63
1478534040 clean_up_local_level_9_0 POST_SCRIPT_SUCCESS 0 local - 63
1478534040 clean_up_local_level_10_0 JOB_TERMINATED 2345.0 local - 64
1478534040 clean_up_local_level_10_0 JOB_SUCCESS 0 local - 64
1478534040 clean_up_local_level_10_0 POST_SCRIPT_STARTED 2345.0 local - 64
1478534045 clean_up_local_level_10_0 POST_SCRIPT_TERMINATED 2345.0 local - 64
1478534045 clean_up_local_level_10_0 POST_SCRIPT_SUCCESS 0 local - 64
1478534050 cleanup_example_workflow_0_local SUBMIT 2346.0 local - 65
1478534055 cleanup_example_workflow_0_local EXECUTE 2346.0 local - 65
1478534055 cleanup_example_workflow_0_local JOB_TERMINATED 2346.0 local - 65
1478534055 cleanup_example_workflow_0_local JOB_SUCCESS 0 local - 65
1478534055 INTERNAL *** DAGMAN_FINISHED 0 ***
1478534057 INTERNAL *** MONITORD_FINISHED 0 ***
