000 (4074.000.000) 05/22 00:11:15 Job submitted from host: <10.240.0.3:18881?addrs=10.240.0.3-18881>
    DAG Node: create_dir_example_workflow_0_local
    pool:local
...
000 (4075.000.000) 05/22 00:11:15 Job submitted from host: <10.240.0.3:18881?addrs=10.240.0.3-18881>
    DAG Node: stage_worker_local_example_workflow_0_local
    pool:local
...
001 (4075.000.000) 05/22 00:11:16 Job executing on host: <10.240.0.3:39291?addrs=10.240.0.3-39291>
...
001 (4074.000.000) 05/22 00:11:16 Job executing on host: <10.240.0.3:50032?addrs=10.240.0.3-50032>
...
005 (4075.000.000) 05/22 00:11:18 Job terminated.
	(1) Normal termination (return value 0)
		Usr 0 00:00:00, Sys 0 00:00:00  -  Run Remote Usage
		Usr 0 00:00:00, Sys 0 00:00:00  -  Run Local Usage
		Usr 0 00:00:00, Sys 0 00:00:00  -  Total Remote Usage
		Usr 0 00:00:00, Sys 0 00:00:00  -  Total Local Usage
	0  -  Run Bytes Sent By Job
	0  -  Run Bytes Received By Job
	0  -  Total Bytes Sent By Job
	0  -  Total Bytes Received By Job
...
005 (4074.000.000) 05/22 00:11:18 Job terminated.
	(1) Normal termination (return value 0)
		Usr 0 00:00:00, Sys 0 00:00:00  -  Run Remote Usage
		Usr 0 00:00:00, Sys 0 00:00:00  -  Run Local Usage
		Usr 0 00:00:00, Sys 0 00:00:00  -  Total Remote Usage
		Usr 0 00:00:00, Sys 0 00:00:00  -  Total Local Usage
	0  -  Run Bytes Sent By Job
	0  -  Run Bytes Received By Job
	0  -  Total Bytes Sent By Job
	0  -  Total Bytes Received By Job
...
016 (4074.000.000) 05/22 00:11:20 POST Script terminated.
	(1) Normal termination (return value 0)
    DAG Node: create_dir_example_workflow_0_local
...
000 (4076.000.000) 05/22 00:11:30 Job submitted from host: <10.240.0.3:18881?addrs=10.240.0.3-18881>
    DAG Node: stage_in_local_local_0_0
    pool:local
...
001 (4076.000.000) 05/22 00:11:30 Job executing on host: <10.240.0.3:58518?addrs=10.240.0.3-58518>
...
000 (4077.000.000) 05/22 00:11:30 Job submitted from host: <10.240.0.3:18881?addrs=10.240.0.3-18881>
    DAG Node: stage_in_remote_local_2_1
    pool:local
...
000 (4078.000.000) 05/22 00:11:30 Job submitted from host: <10.240.0.3:18881?addrs=10.240.0.3-18881>
    DAG Node: stage_in_local_local_1_1
    pool:local
...
000 (4079.000.000) 05/22 00:11:30 Job submitted from host: <10.240.0.3:18881?addrs=10.240.0.3-18881>
    DAG Node: stage_in_local_local_4_0
    pool:local
...
000 (4080.000.000) 05/22 00:11:30 Job submitted from host: <10.240.0.3:18881?addrs=10.240.0.3-18881>
    DAG Node: stage_in_local_local_1_0
    pool:local
...
005 (4076.000.000) 05/22 00:11:32 Job terminated.
	(1) Normal termination (return value 0)
		Usr 0 00:00:00, Sys 0 00:00:00  -  Run Remote Usage
		Usr 0 00:00:00, Sys 0 00:00:00  -  Run Local Usage
		Usr 0 00:00:00, Sys 0 00:00:00  -  Total Remote Usage
		Usr 0 00:00:00, Sys 0 00:00:00  -  Total Local Usage
	0  -  Run Bytes Sent By Job
	0  -  Run Bytes Received By Job
	0  -  Total Bytes Sent By Job
	0  -  Total Bytes Received By Job
...
001 (4079.000.000) 05/22 00:11:32 Job executing on host: <10.240.0.3:22231?addrs=10.240.0.3-22231>
...
001 (4078.000.000) 05/22 00:11:32 Job executing on host: <10.240.0.3:44078?addrs=10.240.0.3-44078>
...
001 (4077.000.000) 05/22 00:11:32 Job executing on host: <10.240.0.3:54602?addrs=10.240.0.3-54602>
...
001 (4080.000.000) 05/22 00:11:32 Job executing on host: <10.240.0.3:44437?addrs=10.240.0.3-44437>
...
005 (4079.000.000) 05/22 00:11:34 Job terminated.
	(1) Normal termination (return value 0)
		Usr 0 00:00:00, Sys 0 00:00:00  -  Run Remote Usage
		Usr 0 00:00:00, Sys 0 00:00:00  -  Run Local Usage
		Usr 0 00:00:00, Sys 0 00:00:00  -  Total Remote Usage
		Usr 0 00:00:00, Sys 0 00:00:00  -  Total Local Usage
	0  -  Run Bytes Sent By Job
	0  -  Run Bytes Received By Job
	0  -  Total Bytes Sent By Job
	0  -  Total Bytes Received By Job
...
005 (4078.000.000) 05/22 00:11:34 Job terminated.
	(1) Normal termination (return value 0)
		Usr 0 00:00:00, Sys 0 00:00:00  -  Run Remote Usage
		Usr 0 00:00:00, Sys 0 00:00:00  -  Run Local Usage
		Usr 0 00:00:00, Sys 0 00:00:00  -  Total Remote Usage
		Usr 0 00:00:00, Sys 0 00:00:00  -  Total Local Usage
	0  -  Run Bytes Sent By Job
	0  -  Run Bytes Received By Job
	0  -  Total Bytes Sent By Job
	0  -  Total Bytes Received By Job
...
000 (4081.000.000) 05/22 00:11:35 Job submitted from host: <10.240.0.3:18881?addrs=10.240.0.3-18881>
    DAG Node: stage_in_local_local_2_0
    pool:local
...
000 (4082.000.000) 05/22 00:11:35 Job submitted from host: <10.240.0.3:18881?addrs=10.240.0.3-18881>
    DAG Node: stage_in_local_local_2_1
    pool:local
...
000 (4083.000.000) 05/22 00:11:35 Job submitted from host: <10.240.0.3:18881?addrs=10.240.0.3-18881>
    DAG Node: stage_in_remote_local_1_1
    pool:local
...
000 (4084.000.000) 05/22 00:11:35 Job submitted from host: <10.240.0.3:18881?addrs=10.240.0.3-18881>
    DAG Node: stage_in_remote_local_4_0
    pool:local
...
000 (4085.000.000) 05/22 00:11:35 Job submitted from host: <10.240.0.3:18881?addrs=10.240.0.3-18881>
    DAG Node: stage_in_remote_local_1_0
    pool:local
...
016 (4076.000.000) 05/22 00:11:35 POST Script terminated.
	(1) Normal termination (return value 0)
    DAG Node: stage_in_local_local_0_0
...
016 (4078.000.000) 05/22 00:11:35 POST Script terminated.
	(1) Normal termination (return value 0)
    DAG Node: stage_in_local_local_1_1
...
016 (4079.000.000) 05/22 00:11:35 POST Script terminated.
	(1) Normal termination (return value 0)
    DAG Node: stage_in_local_local_4_0
...
005 (4080.000.000) 05/22 00:11:36 Job terminated.
	(1) Normal termination (return value 0)
		Usr 0 00:00:00, Sys 0 00:00:00  -  Run Remote Usage
		Usr 0 00:00:00, Sys 0 00:00:00  -  Run Local Usage
		Usr 0 00:00:00, Sys 0 00:00:00  -  Total Remote Usage
		Usr 0 00:00:00, Sys 0 00:00:00  -  Total Local Usage
	0  -  Run Bytes Sent By Job
	0  -  Run Bytes Received By Job
	0  -  Total Bytes Sent By Job
	0  -  Total Bytes Received By Job
...
005 (4077.000.000) 05/22 00:11:36 Job terminated.
	(1) Normal termination (return value 0)
		Usr 0 00:00:00, Sys 0 00:00:00  -  Run Remote Usage
		Usr 0 00:00:00, Sys 0 00:00:00  -  Run Local Usage
		Usr 0 00:00:00, Sys 0 00:00:00  -  Total Remote Usage
		Usr 0 00:00:00, Sys 0 00:00:00  -  Total Local Usage
	0  -  Run Bytes Sent By Job
	0  -  Run Bytes Received By Job
	0  -  Total Bytes Sent By Job
	0  -  Total Bytes Received By Job
...
001 (4083.000.000) 05/22 00:11:36 Job executing on host: <10.240.0.3:6709?addrs=10.240.0.3-6709>
...
001 (4084.000.000) 05/22 00:11:36 Job executing on host: <10.240.0.3:26281?addrs=10.240.0.3-26281>
...
001 (4085.000.000) 05/22 00:11:36 Job executing on host: <10.240.0.3:62137?addrs=10.240.0.3-62137>
...
001 (4081.000.000) 05/22 00:11:36 Job executing on host: <10.240.0.3:48759?addrs=10.240.0.3-48759>
...
001 (4082.000.000) 05/22 00:11:36 Job executing on host: <10.240.0.3:44476?addrs=10.240.0.3-44476>
...
005 (4083.000.000) 05/22 00:11:39 Job terminated.
	(1) Normal termination (return value 0)
		Usr 0 00:00:00, Sys 0 00:00:00  -  Run Remote Usage
		Usr 0 00:00:00, Sys 0 00:00:00  -  Run Local Usage
		Usr 0 00:00:00, Sys 0 00:00:00  -  Total Remote Usage
		Usr 0 00:00:00, Sys 0 00:00:00  -  Total Local Usage
	0  -  Run Bytes Sent By Job
	0  -  Run Bytes Received By Job
	0  -  Total Bytes Sent By Job
	0  -  Total Bytes Received By Job
...
005 (4084.000.000) 05/22 00:11:39 Job terminated.
	(1) Normal termination (return value 0)
		Usr 0 00:00:00, Sys 0 00:00:00  -  Run Remote Usage
		Usr 0 00:00:00, Sys 0 00:00:00  -  Run Local Usage
		Usr 0 00:00:00, Sys 0 00:00:00  -  Total Remote Usage
		Usr 0 00:00:00, Sys 0 00:00:00  -  Total Local Usage
	0  -  Run Bytes Sent By Job
	0  -  Run Bytes Received By Job
	0  -  Total Bytes Sent By Job
	0  -  Total Bytes Received By Job
...
000 (4086.000.000) 05/22 00:11:40 Job submitted from host: <10.240.0.3:18881?addrs=10.240.0.3-18881>
    DAG Node: stage_in_local_local_3_1
    pool:local
...
000 (4087.000.000) 05/22 00:11:40 Job submitted from host: <10.240.0.3:18881?addrs=10.240.0.3-18881>
    DAG Node: stage_in_local_local_3_0
    pool:local
...
000 (4088.000.000) 05/22 00:11:40 Job submitted from host: <10.240.0.3:18881?addrs=10.240.0.3-18881>
    DAG Node: stage_in_remote_local_2_0
    pool:local
...
000 (4089.000.000) 05/22 00:11:40 Job submitted from host: <10.240.0.3:18881?addrs=10.240.0.3-18881>
    DAG Node: stage_in_remote_local_3_1
    pool:local
...
000 (4090.000.000) 05/22 00:11:40 Job submitted from host: <10.240.0.3:18881?addrs=10.240.0.3-18881>
    DAG Node: stage_in_remote_local_3_0
    pool:local
...
016 (4080.000.000) 05/22 00:11:41 POST Script terminated.
	(1) Normal termination (return value 0)
    DAG Node: stage_in_local_local_1_0
...
016 (4077.000.000) 05/22 00:11:41 POST Script terminated.
	(1) Normal termination (return value 0)
    DAG Node: stage_in_remote_local_2_1
...
016 (4083.000.000) 05/22 00:11:41 POST Script terminated.
	(1) Normal termination (return value 0)
    DAG Node: stage_in_remote_local_1_1
...
016 (4084.000.000) 05/22 00:11:41 POST Script terminated.
	(1) Normal termination (return value 0)
    DAG Node: stage_in_remote_local_4_0
...
005 (4085.000.000) 05/22 00:11:41 Job terminated.
	(1) Normal termination (return value 0)
		Usr 0 00:00:00, Sys 0 00:00:00  -  Run Remote Usage
		Usr 0 00:00:00, Sys 0 00:00:00  -  Run Local Usage
		Usr 0 00:00:00, Sys 0 00:00:00  -  Total Remote Usage
		Usr 0 00:00:00, Sys 0 00:00:00  -  Total Local Usage
	0  -  Run Bytes Sent By Job
	0  -  Run Bytes Received By Job
	0  -  Total Bytes Sent By Job
	0  -  Total Bytes Received By Job
...
005 (4081.000.000) 05/22 00:11:41 Job terminated.
	(1) Normal termination (return value 0)
		Usr 0 00:00:00, Sys 0 00:00:00  -  Run Remote Usage
		Usr 0 00:00:00, Sys 0 00:00:00  -  Run Local Usage
		Usr 0 00:00:00, Sys 0 00:00:00  -  Total Remote Usage
		Usr 0 00:00:00, Sys 0 00:00:00  -  Total Local Usage
	0  -  Run Bytes Sent By Job
	0  -  Run Bytes Received By Job
	0  -  Total Bytes Sent By Job
	0  -  Total Bytes Received By Job
...
005 (4082.000.000) 05/22 00:11:41 Job terminated.
	(1) Normal termination (return value 0)
		Usr 0 00:00:00, Sys 0 00:00:00  -  Run Remote Usage
		Usr 0 00:00:00, Sys 0 00:00:00  -  Run Local Usage
		Usr 0 00:00:00, Sys 0 00:00:00  -  Total Remote Usage
		Usr 0 00:00:00, Sys 0 00:00:00  -  Total Local Usage
	0  -  Run Bytes Sent By Job
	0  -  Run Bytes Received By Job
	0  -  Total Bytes Sent By Job
	0  -  Total Bytes Received By Job
...
001 (4086.000.000) 05/22 00:11:41 Job executing on host: <10.240.0.3:6914?addrs=10.240.0.3-6914>
...
001 (4087.000.000) 05/22 00:11:41 Job executing on host: <10.240.0.3:56476?addrs=10.240.0.3-56476>
...
001 (4088.000.000) 05/22 00:11:41 Job executing on host: <10.240.0.3:19249?addrs=10.240.0.3-19249>
...
001 (4089.000.000) 05/22 00:11:41 Job executing on host: <10.240.0.3:21619?addrs=10.240.0.3-21619>
...
001 (4090.000.000) 05/22 00:11:41 Job executing on host: <10.240.0.3:40179?addrs=10.240.0.3-40179>
...
000 (4091.000.000) 05/22 00:11:45 Job submitted from host: <10.240.0.3:18881?addrs=10.240.0.3-18881>
    DAG Node: init_0_ID0000001
    pool:condorpool
...
016 (4081.000.000) 05/22 00:11:45 POST Script terminated.
	(1) Normal termination (return value 0)
    DAG Node: stage_in_local_local_2_0
...
016 (4085.000.000) 05/22 00:11:45 POST Script terminated.
	(1) Normal termination (return value 0)
    DAG Node: stage_in_remote_local_1_0
...
016 (4082.000.000) 05/22 00:11:45 POST Script terminated.
	(1) Normal termination (return value 0)
    DAG Node: stage_in_local_local_2_1
...
005 (4087.000.000) 05/22 00:11:45 Job terminated.
	(1) Normal termination (return value 0)
		Usr 0 00:00:00, Sys 0 00:00:00  -  Run Remote Usage
		Usr 0 00:00:00, Sys 0 00:00:00  -  Run Local Usage
		Usr 0 00:00:00, Sys 0 00:00:00  -  Total Remote Usage
		Usr 0 00:00:00, Sys 0 00:00:00  -  Total Local Usage
	0  -  Run Bytes Sent By Job
	0  -  Run Bytes Received By Job
	0  -  Total Bytes Sent By Job
	0  -  Total Bytes Received By Job
...
005 (4086.000.000) 05/22 00:11:45 Job terminated.
	(1) Normal termination (return value 0)
		Usr 0 00:00:00, Sys 0 00:00:00  -  Run Remote Usage
		Usr 0 00:00:00, Sys 0 00:00:00  -  Run Local Usage
		Usr 0 00:00:00, Sys 0 00:00:00  -  Total Remote Usage
		Usr 0 00:00:00, Sys 0 00:00:00  -  Total Local Usage
	0  -  Run Bytes Sent By Job
	0  -  Run Bytes Received By Job
	0  -  Total Bytes Sent By Job
	0  -  Total Bytes Received By Job
...
005 (4090.000.000) 05/22 00:11:45 Job terminated.
	(1) Normal termination (return value 0)
		Usr 0 00:00:00, Sys 0 00:00:00  -  Run Remote Usage
		Usr 0 00:00:00, Sys 0 00:00:00  -  Run Local Usage
		Usr 0 00:00:00, Sys 0 00:00:00  -  Total Remote Usage
		Usr 0 00:00:00, Sys 0 00:00:00  -  Total Local Usage
	0  -  Run Bytes Sent By Job
	0  -  Run Bytes Received By Job
	0  -  Total Bytes Sent By Job
	0  -  Total Bytes Received By Job
...
005 (4089.000.000) 05/22 00:11:45 Job terminated.
	(1) Normal termination (return value 0)
		Usr 0 00:00:00, Sys 0 00:00:00  -  Run Remote Usage
		Usr 0 00:00:00, Sys 0 00:00:00  -  Run Local Usage
		Usr 0 00:00:00, Sys 0 00:00:00  -  Total Remote Usage
		Usr 0 00:00:00, Sys 0 00:00:00  -  Total Local Usage
	0  -  Run Bytes Sent By Job
	0  -  Run Bytes Received By Job
	0  -  Total Bytes Sent By Job
	0  -  Total Bytes Received By Job
...
005 (4088.000.000) 05/22 00:11:45 Job terminated.
	(1) Normal termination (return value 0)
		Usr 0 00:00:00, Sys 0 00:00:00  -  Run Remote Usage
		Usr 0 00:00:00, Sys 0 00:00:00  -  Run Local Usage
		Usr 0 00:00:00, Sys 0 00:00:00  -  Total Remote Usage
		Usr 0 00:00:00, Sys 0 00:00:00  -  Total Local Usage
	0  -  Run Bytes Sent By Job
	0  -  Run Bytes Received By Job
	0  -  Total Bytes Sent By Job
	0  -  Total Bytes Received By Job
...
016 (4087.000.000) 05/22 00:11:50 POST Script terminated.
	(1) Normal termination (return value 0)
    DAG Node: stage_in_local_local_3_0
...
016 (4086.000.000) 05/22 00:11:50 POST Script terminated.
	(1) Normal termination (return value 0)
    DAG Node: stage_in_local_local_3_1
...
016 (4089.000.000) 05/22 00:11:50 POST Script terminated.
	(1) Normal termination (return value 0)
    DAG Node: stage_in_remote_local_3_1
...
016 (4090.000.000) 05/22 00:11:50 POST Script terminated.
	(1) Normal termination (return value 0)
    DAG Node: stage_in_remote_local_3_0
...
016 (4088.000.000) 05/22 00:11:50 POST Script terminated.
	(1) Normal termination (return value 0)
    DAG Node: stage_in_remote_local_2_0
...
001 (4091.000.000) 05/22 00:12:13 Job executing on host: <10.240.0.75:48422?addrs=10.240.0.75-48422>
...
005 (4091.000.000) 05/22 00:12:15 Job terminated.
	(1) Normal termination (return value 0)
		Usr 0 00:00:00, Sys 0 00:00:00  -  Run Remote Usage
		Usr 0 00:00:00, Sys 0 00:00:00  -  Run Local Usage
		Usr 0 00:00:00, Sys 0 00:00:00  -  Total Remote Usage
		Usr 0 00:00:00, Sys 0 00:00:00  -  Total Local Usage
	4045  -  Run Bytes Sent By Job
	1662622  -  Run Bytes Received By Job
	4045  -  Total Bytes Sent By Job
	1662622  -  Total Bytes Received By Job
	Partitionable Resources :    Usage  Request Allocated
	   Cpus                 :                 1         1
	   Disk (KB)            :     7003     1750   7219680
	   Memory (MB)          :        0        1      3700
...
016 (4091.000.000) 05/22 00:12:15 POST Script terminated.
	(1) Normal termination (return value 0)
    DAG Node: init_0_ID0000001
...
000 (4092.000.000) 05/22 00:12:25 Job submitted from host: <10.240.0.3:18881?addrs=10.240.0.3-18881>
    DAG Node: mediancpu_0_ID0000002
    pool:condorpool
...
000 (4093.000.000) 05/22 00:12:25 Job submitted from host: <10.240.0.3:18881?addrs=10.240.0.3-18881>
    DAG Node: clean_up_local_level_3_0
    pool:local
...
000 (4094.000.000) 05/22 00:12:25 Job submitted from host: <10.240.0.3:18881?addrs=10.240.0.3-18881>
    DAG Node: averagecpu_0_ID0000004
    pool:condorpool
...
000 (4095.000.000) 05/22 00:12:25 Job submitted from host: <10.240.0.3:18881?addrs=10.240.0.3-18881>
    DAG Node: maxmincpu_0_ID0000003
    pool:condorpool
...
001 (4092.000.000) 05/22 00:12:28 Job executing on host: <10.240.0.75:48422?addrs=10.240.0.75-48422>
...
001 (4093.000.000) 05/22 00:12:31 Job executing on host: <10.240.0.3:21613?addrs=10.240.0.3-21613>
...
005 (4093.000.000) 05/22 00:12:33 Job terminated.
	(1) Normal termination (return value 0)
		Usr 0 00:00:00, Sys 0 00:00:00  -  Run Remote Usage
		Usr 0 00:00:00, Sys 0 00:00:00  -  Run Local Usage
		Usr 0 00:00:00, Sys 0 00:00:00  -  Total Remote Usage
		Usr 0 00:00:00, Sys 0 00:00:00  -  Total Local Usage
	0  -  Run Bytes Sent By Job
	0  -  Run Bytes Received By Job
	0  -  Total Bytes Sent By Job
	0  -  Total Bytes Received By Job
...
016 (4093.000.000) 05/22 00:12:35 POST Script terminated.
	(1) Normal termination (return value 0)
    DAG Node: clean_up_local_level_3_0
...
001 (4094.000.000) 05/22 00:12:42 Job executing on host: <10.240.0.77:21055?addrs=10.240.0.77-21055>
...
001 (4095.000.000) 05/22 00:12:53 Job executing on host: <10.240.0.74:43555?addrs=10.240.0.74-43555>
...
005 (4095.000.000) 05/22 00:15:02 Job terminated.
	(1) Normal termination (return value 0)
		Usr 0 00:01:57, Sys 0 00:00:01  -  Run Remote Usage
		Usr 0 00:00:00, Sys 0 00:00:00  -  Run Local Usage
		Usr 0 00:01:57, Sys 0 00:00:01  -  Total Remote Usage
		Usr 0 00:00:00, Sys 0 00:00:00  -  Total Local Usage
	4836  -  Run Bytes Sent By Job
	1662091  -  Run Bytes Received By Job
	4836  -  Total Bytes Sent By Job
	1662091  -  Total Bytes Received By Job
	Partitionable Resources :    Usage  Request Allocated
	   Cpus                 :                 1         1
	   Disk (KB)            :     7004     1750   7219680
	   Memory (MB)          :      157        1      3700
...
016 (4095.000.000) 05/22 00:15:06 POST Script terminated.
	(1) Normal termination (return value 0)
    DAG Node: maxmincpu_0_ID0000003
...
000 (4096.000.000) 05/22 00:15:16 Job submitted from host: <10.240.0.3:18881?addrs=10.240.0.3-18881>
    DAG Node: clean_up_local_level_4_1
    pool:local
...
001 (4096.000.000) 05/22 00:15:16 Job executing on host: <10.240.0.3:24026?addrs=10.240.0.3-24026>
...
005 (4096.000.000) 05/22 00:15:20 Job terminated.
	(1) Normal termination (return value 0)
		Usr 0 00:00:00, Sys 0 00:00:00  -  Run Remote Usage
		Usr 0 00:00:00, Sys 0 00:00:00  -  Run Local Usage
		Usr 0 00:00:00, Sys 0 00:00:00  -  Total Remote Usage
		Usr 0 00:00:00, Sys 0 00:00:00  -  Total Local Usage
	0  -  Run Bytes Sent By Job
	0  -  Run Bytes Received By Job
	0  -  Total Bytes Sent By Job
	0  -  Total Bytes Received By Job
...
016 (4096.000.000) 05/22 00:15:21 POST Script terminated.
	(1) Normal termination (return value 0)
    DAG Node: clean_up_local_level_4_1
...
005 (4092.000.000) 05/22 00:17:47 Job terminated.
	(1) Normal termination (return value 0)
		Usr 0 00:04:55, Sys 0 00:00:03  -  Run Remote Usage
		Usr 0 00:00:00, Sys 0 00:00:00  -  Run Local Usage
		Usr 0 00:04:55, Sys 0 00:00:03  -  Total Remote Usage
		Usr 0 00:00:00, Sys 0 00:00:00  -  Total Local Usage
	381083  -  Run Bytes Sent By Job
	1661953  -  Run Bytes Received By Job
	381083  -  Total Bytes Sent By Job
	1661953  -  Total Bytes Received By Job
	Partitionable Resources :    Usage  Request Allocated
	   Cpus                 :                 1         1
	   Disk (KB)            :   392468     1750   7219680
	   Memory (MB)          :      162        1      3700
...
016 (4092.000.000) 05/22 00:17:51 POST Script terminated.
	(1) Normal termination (return value 0)
    DAG Node: mediancpu_0_ID0000002
...
005 (4094.000.000) 05/22 00:18:35 Job terminated.
	(1) Normal termination (return value 0)
		Usr 0 00:05:26, Sys 0 00:00:04  -  Run Remote Usage
		Usr 0 00:00:00, Sys 0 00:00:00  -  Run Local Usage
		Usr 0 00:05:26, Sys 0 00:00:04  -  Total Remote Usage
		Usr 0 00:00:00, Sys 0 00:00:00  -  Total Local Usage
	381179  -  Run Bytes Sent By Job
	1662579  -  Run Bytes Received By Job
	381179  -  Total Bytes Sent By Job
	1662579  -  Total Bytes Received By Job
	Partitionable Resources :    Usage  Request Allocated
	   Cpus                 :                 1         1
	   Disk (KB)            :   690140     1750   7219680
	   Memory (MB)          :      159        1      3700
...
016 (4094.000.000) 05/22 00:18:36 POST Script terminated.
	(1) Normal termination (return value 0)
    DAG Node: averagecpu_0_ID0000004
...
000 (4097.000.000) 05/22 00:18:46 Job submitted from host: <10.240.0.3:18881?addrs=10.240.0.3-18881>
    DAG Node: clean_up_local_level_4_0
    pool:local
...
001 (4097.000.000) 05/22 00:18:46 Job executing on host: <10.240.0.3:57720?addrs=10.240.0.3-57720>
...
000 (4098.000.000) 05/22 00:18:46 Job submitted from host: <10.240.0.3:18881?addrs=10.240.0.3-18881>
    DAG Node: calculateratio_6_ID0000011
    pool:condorpool
...
000 (4099.000.000) 05/22 00:18:46 Job submitted from host: <10.240.0.3:18881?addrs=10.240.0.3-18881>
    DAG Node: calculateratio_5_ID0000010
    pool:condorpool
...
000 (4100.000.000) 05/22 00:18:46 Job submitted from host: <10.240.0.3:18881?addrs=10.240.0.3-18881>
    DAG Node: calculateratio_8_ID0000013
    pool:condorpool
...
000 (4101.000.000) 05/22 00:18:46 Job submitted from host: <10.240.0.3:18881?addrs=10.240.0.3-18881>
    DAG Node: calculateratio_4_ID0000009
    pool:condorpool
...
001 (4098.000.000) 05/22 00:18:49 Job executing on host: <10.240.0.77:21055?addrs=10.240.0.77-21055>
...
000 (4102.000.000) 05/22 00:18:51 Job submitted from host: <10.240.0.3:18881?addrs=10.240.0.3-18881>
    DAG Node: calculateratio_7_ID0000012
    pool:condorpool
...
000 (4103.000.000) 05/22 00:18:51 Job submitted from host: <10.240.0.3:18881?addrs=10.240.0.3-18881>
    DAG Node: calculateratio_1_ID0000006
    pool:condorpool
...
000 (4104.000.000) 05/22 00:18:51 Job submitted from host: <10.240.0.3:18881?addrs=10.240.0.3-18881>
    DAG Node: calculateratio_2_ID0000007
    pool:condorpool
...
000 (4105.000.000) 05/22 00:18:51 Job submitted from host: <10.240.0.3:18881?addrs=10.240.0.3-18881>
    DAG Node: calculateratio_0_ID0000005
    pool:condorpool
...
000 (4106.000.000) 05/22 00:18:52 Job submitted from host: <10.240.0.3:18881?addrs=10.240.0.3-18881>
    DAG Node: calculateratio_3_ID0000008
    pool:condorpool
...
005 (4097.000.000) 05/22 00:18:54 Job terminated.
	(1) Normal termination (return value 0)
		Usr 0 00:00:00, Sys 0 00:00:00  -  Run Remote Usage
		Usr 0 00:00:00, Sys 0 00:00:00  -  Run Local Usage
		Usr 0 00:00:00, Sys 0 00:00:00  -  Total Remote Usage
		Usr 0 00:00:00, Sys 0 00:00:00  -  Total Local Usage
	0  -  Run Bytes Sent By Job
	0  -  Run Bytes Received By Job
	0  -  Total Bytes Sent By Job
	0  -  Total Bytes Received By Job
...
016 (4097.000.000) 05/22 00:18:57 POST Script terminated.
	(1) Normal termination (return value 0)
    DAG Node: clean_up_local_level_4_0
...
001 (4099.000.000) 05/22 00:19:09 Job executing on host: <10.240.0.78:26513?addrs=10.240.0.78-26513>
...
001 (4100.000.000) 05/22 00:19:09 Job executing on host: <10.240.0.81:1915?addrs=10.240.0.81-1915>
...
001 (4105.000.000) 05/22 00:19:09 Job executing on host: <10.240.0.82:15484?addrs=10.240.0.82-15484>
...
001 (4102.000.000) 05/22 00:19:09 Job executing on host: <10.240.0.74:43555?addrs=10.240.0.74-43555>
...
001 (4106.000.000) 05/22 00:19:09 Job executing on host: <10.240.0.79:55619?addrs=10.240.0.79-55619>
...
001 (4103.000.000) 05/22 00:19:09 Job executing on host: <10.240.0.80:37323?addrs=10.240.0.80-37323>
...
001 (4104.000.000) 05/22 00:19:09 Job executing on host: <10.240.0.76:37107?addrs=10.240.0.76-37107>
...
001 (4101.000.000) 05/22 00:19:09 Job executing on host: <10.240.0.75:48422?addrs=10.240.0.75-48422>
...
005 (4102.000.000) 05/22 01:02:52 Job terminated.
	(1) Normal termination (return value 0)
		Usr 0 00:11:56, Sys 0 00:05:03  -  Run Remote Usage
		Usr 0 00:00:00, Sys 0 00:00:00  -  Run Local Usage
		Usr 0 00:11:56, Sys 0 00:05:03  -  Total Remote Usage
		Usr 0 00:00:00, Sys 0 00:00:00  -  Total Local Usage
	286441  -  Run Bytes Sent By Job
	1665387  -  Run Bytes Received By Job
	286441  -  Total Bytes Sent By Job
	1665387  -  Total Bytes Received By Job
	Partitionable Resources :    Usage  Request Allocated
	   Cpus                 :                 1         1
	   Disk (KB)            :    66537     1750   7219576
	   Memory (MB)          :      155        1      3700
...
016 (4102.000.000) 05/22 01:02:54 POST Script terminated.
	(1) Normal termination (return value 0)
    DAG Node: calculateratio_7_ID0000012
...
005 (4106.000.000) 05/22 01:03:25 Job terminated.
	(1) Normal termination (return value 0)
		Usr 0 00:13:07, Sys 0 00:04:50  -  Run Remote Usage
		Usr 0 00:00:00, Sys 0 00:00:00  -  Run Local Usage
		Usr 0 00:13:07, Sys 0 00:04:50  -  Total Remote Usage
		Usr 0 00:00:00, Sys 0 00:00:00  -  Total Local Usage
	286465  -  Run Bytes Sent By Job
	1665386  -  Run Bytes Received By Job
	286465  -  Total Bytes Sent By Job
	1665386  -  Total Bytes Received By Job
	Partitionable Resources :    Usage  Request Allocated
	   Cpus                 :                 1         1
	   Disk (KB)            :    65729     1750   7331544
	   Memory (MB)          :      163        1      3700
...
016 (4106.000.000) 05/22 01:03:29 POST Script terminated.
	(1) Normal termination (return value 0)
    DAG Node: calculateratio_3_ID0000008
...
005 (4098.000.000) 05/22 01:03:34 Job terminated.
	(1) Normal termination (return value 0)
		Usr 0 00:12:37, Sys 0 00:05:21  -  Run Remote Usage
		Usr 0 00:00:00, Sys 0 00:00:00  -  Run Local Usage
		Usr 0 00:12:37, Sys 0 00:05:21  -  Total Remote Usage
		Usr 0 00:00:00, Sys 0 00:00:00  -  Total Local Usage
	286441  -  Run Bytes Sent By Job
	1665387  -  Run Bytes Received By Job
	286441  -  Total Bytes Sent By Job
	1665387  -  Total Bytes Received By Job
	Partitionable Resources :    Usage  Request Allocated
	   Cpus                 :                 1         1
	   Disk (KB)            :    65037     1750   7219680
	   Memory (MB)          :      161        1      3700
...
016 (4098.000.000) 05/22 01:03:34 POST Script terminated.
	(1) Normal termination (return value 0)
    DAG Node: calculateratio_6_ID0000011
...
005 (4103.000.000) 05/22 01:04:29 Job terminated.
	(1) Normal termination (return value 0)
		Usr 0 00:12:53, Sys 0 00:05:35  -  Run Remote Usage
		Usr 0 00:00:00, Sys 0 00:00:00  -  Run Local Usage
		Usr 0 00:12:53, Sys 0 00:05:35  -  Total Remote Usage
		Usr 0 00:00:00, Sys 0 00:00:00  -  Total Local Usage
	286444  -  Run Bytes Sent By Job
	1665385  -  Run Bytes Received By Job
	286444  -  Total Bytes Sent By Job
	1665385  -  Total Bytes Received By Job
	Partitionable Resources :    Usage  Request Allocated
	   Cpus                 :                 1         1
	   Disk (KB)            :    72185     1750   7219596
	   Memory (MB)          :      158        1      3700
...
016 (4103.000.000) 05/22 01:04:30 POST Script terminated.
	(1) Normal termination (return value 0)
    DAG Node: calculateratio_1_ID0000006
...
005 (4100.000.000) 05/22 01:04:44 Job terminated.
	(1) Normal termination (return value 0)
		Usr 0 00:13:25, Sys 0 00:05:33  -  Run Remote Usage
		Usr 0 00:00:00, Sys 0 00:00:00  -  Run Local Usage
		Usr 0 00:13:25, Sys 0 00:05:33  -  Total Remote Usage
		Usr 0 00:00:00, Sys 0 00:00:00  -  Total Local Usage
	286441  -  Run Bytes Sent By Job
	1665387  -  Run Bytes Received By Job
	286441  -  Total Bytes Sent By Job
	1665387  -  Total Bytes Received By Job
	Partitionable Resources :    Usage  Request Allocated
	   Cpus                 :                 1         1
	   Disk (KB)            :    85249     1750   7219572
	   Memory (MB)          :      161        1      3700
...
016 (4100.000.000) 05/22 01:04:49 POST Script terminated.
	(1) Normal termination (return value 0)
    DAG Node: calculateratio_8_ID0000013
...
005 (4104.000.000) 05/22 01:05:18 Job terminated.
	(1) Normal termination (return value 0)
		Usr 0 00:12:38, Sys 0 00:05:16  -  Run Remote Usage
		Usr 0 00:00:00, Sys 0 00:00:00  -  Run Local Usage
		Usr 0 00:12:38, Sys 0 00:05:16  -  Total Remote Usage
		Usr 0 00:00:00, Sys 0 00:00:00  -  Total Local Usage
	286444  -  Run Bytes Sent By Job
	1665385  -  Run Bytes Received By Job
	286444  -  Total Bytes Sent By Job
	1665385  -  Total Bytes Received By Job
	Partitionable Resources :    Usage  Request Allocated
	   Cpus                 :                 1         1
	   Disk (KB)            :    70485     1750   7219596
	   Memory (MB)          :      157        1      3700
...
016 (4104.000.000) 05/22 01:05:19 POST Script terminated.
	(1) Normal termination (return value 0)
    DAG Node: calculateratio_2_ID0000007
...
005 (4099.000.000) 05/22 01:06:26 Job terminated.
	(1) Normal termination (return value 0)
		Usr 0 00:14:18, Sys 0 00:05:36  -  Run Remote Usage
		Usr 0 00:00:00, Sys 0 00:00:00  -  Run Local Usage
		Usr 0 00:14:18, Sys 0 00:05:36  -  Total Remote Usage
		Usr 0 00:00:00, Sys 0 00:00:00  -  Total Local Usage
	286441  -  Run Bytes Sent By Job
	1665387  -  Run Bytes Received By Job
	286441  -  Total Bytes Sent By Job
	1665387  -  Total Bytes Received By Job
	Partitionable Resources :    Usage  Request Allocated
	   Cpus                 :                 1         1
	   Disk (KB)            :    67985     1750   7219560
	   Memory (MB)          :      162        1      3700
...
016 (4099.000.000) 05/22 01:06:29 POST Script terminated.
	(1) Normal termination (return value 0)
    DAG Node: calculateratio_5_ID0000010
...
005 (4105.000.000) 05/22 01:06:50 Job terminated.
	(1) Normal termination (return value 0)
		Usr 0 00:14:45, Sys 0 00:05:51  -  Run Remote Usage
		Usr 0 00:00:00, Sys 0 00:00:00  -  Run Local Usage
		Usr 0 00:14:45, Sys 0 00:05:51  -  Total Remote Usage
		Usr 0 00:00:00, Sys 0 00:00:00  -  Total Local Usage
	286444  -  Run Bytes Sent By Job
	1665381  -  Run Bytes Received By Job
	286444  -  Total Bytes Sent By Job
	1665381  -  Total Bytes Received By Job
	Partitionable Resources :    Usage  Request Allocated
	   Cpus                 :                 1         1
	   Disk (KB)            :    67453     1750   7219596
	   Memory (MB)          :      159        1      3700
...
016 (4105.000.000) 05/22 01:06:54 POST Script terminated.
	(1) Normal termination (return value 0)
    DAG Node: calculateratio_0_ID0000005
...
000 (4107.000.000) 05/22 01:07:04 Job submitted from host: <10.240.0.3:18881?addrs=10.240.0.3-18881>
    DAG Node: clean_up_local_level_5_1
    pool:local
...
001 (4107.000.000) 05/22 01:07:04 Job executing on host: <10.240.0.3:53148?addrs=10.240.0.3-53148>
...
005 (4107.000.000) 05/22 01:07:18 Job terminated.
	(1) Normal termination (return value 0)
		Usr 0 00:00:00, Sys 0 00:00:00  -  Run Remote Usage
		Usr 0 00:00:00, Sys 0 00:00:00  -  Run Local Usage
		Usr 0 00:00:00, Sys 0 00:00:00  -  Total Remote Usage
		Usr 0 00:00:00, Sys 0 00:00:00  -  Total Local Usage
	0  -  Run Bytes Sent By Job
	0  -  Run Bytes Received By Job
	0  -  Total Bytes Sent By Job
	0  -  Total Bytes Received By Job
...
016 (4107.000.000) 05/22 01:07:19 POST Script terminated.
	(1) Normal termination (return value 0)
    DAG Node: clean_up_local_level_5_1
...
005 (4101.000.000) 05/22 01:07:20 Job terminated.
	(1) Normal termination (return value 0)
		Usr 0 00:14:21, Sys 0 00:05:54  -  Run Remote Usage
		Usr 0 00:00:00, Sys 0 00:00:00  -  Run Local Usage
		Usr 0 00:14:21, Sys 0 00:05:54  -  Total Remote Usage
		Usr 0 00:00:00, Sys 0 00:00:00  -  Total Local Usage
	286441  -  Run Bytes Sent By Job
	1665387  -  Run Bytes Received By Job
	286441  -  Total Bytes Sent By Job
	1665387  -  Total Bytes Received By Job
	Partitionable Resources :    Usage  Request Allocated
	   Cpus                 :                 1         1
	   Disk (KB)            :    66461     1750   7219564
	   Memory (MB)          :      161        1      3700
...
016 (4101.000.000) 05/22 01:07:24 POST Script terminated.
	(1) Normal termination (return value 0)
    DAG Node: calculateratio_4_ID0000009
...
000 (4108.000.000) 05/22 01:07:34 Job submitted from host: <10.240.0.3:18881?addrs=10.240.0.3-18881>
    DAG Node: clean_up_local_level_5_0
    pool:local
...
001 (4108.000.000) 05/22 01:07:34 Job executing on host: <10.240.0.3:17136?addrs=10.240.0.3-17136>
...
000 (4109.000.000) 05/22 01:07:34 Job submitted from host: <10.240.0.3:18881?addrs=10.240.0.3-18881>
    DAG Node: averageratio_6_ID0000020
    pool:condorpool
...
000 (4110.000.000) 05/22 01:07:34 Job submitted from host: <10.240.0.3:18881?addrs=10.240.0.3-18881>
    DAG Node: averageratio_4_ID0000018
    pool:condorpool
...
000 (4111.000.000) 05/22 01:07:34 Job submitted from host: <10.240.0.3:18881?addrs=10.240.0.3-18881>
    DAG Node: averageratio_5_ID0000019
    pool:condorpool
...
000 (4112.000.000) 05/22 01:07:34 Job submitted from host: <10.240.0.3:18881?addrs=10.240.0.3-18881>
    DAG Node: averageratio_7_ID0000021
    pool:condorpool
...
000 (4113.000.000) 05/22 01:07:39 Job submitted from host: <10.240.0.3:18881?addrs=10.240.0.3-18881>
    DAG Node: averageratio_1_ID0000015
    pool:condorpool
...
000 (4114.000.000) 05/22 01:07:39 Job submitted from host: <10.240.0.3:18881?addrs=10.240.0.3-18881>
    DAG Node: averageratio_3_ID0000017
    pool:condorpool
...
000 (4115.000.000) 05/22 01:07:39 Job submitted from host: <10.240.0.3:18881?addrs=10.240.0.3-18881>
    DAG Node: averageratio_2_ID0000016
    pool:condorpool
...
000 (4116.000.000) 05/22 01:07:39 Job submitted from host: <10.240.0.3:18881?addrs=10.240.0.3-18881>
    DAG Node: averageratio_0_ID0000014
    pool:condorpool
...
000 (4117.000.000) 05/22 01:07:39 Job submitted from host: <10.240.0.3:18881?addrs=10.240.0.3-18881>
    DAG Node: averageratio_8_ID0000022
    pool:condorpool
...
005 (4108.000.000) 05/22 01:07:48 Job terminated.
	(1) Normal termination (return value 0)
		Usr 0 00:00:00, Sys 0 00:00:00  -  Run Remote Usage
		Usr 0 00:00:00, Sys 0 00:00:00  -  Run Local Usage
		Usr 0 00:00:00, Sys 0 00:00:00  -  Total Remote Usage
		Usr 0 00:00:00, Sys 0 00:00:00  -  Total Local Usage
	0  -  Run Bytes Sent By Job
	0  -  Run Bytes Received By Job
	0  -  Total Bytes Sent By Job
	0  -  Total Bytes Received By Job
...
016 (4108.000.000) 05/22 01:07:50 POST Script terminated.
	(1) Normal termination (return value 0)
    DAG Node: clean_up_local_level_5_0
...
001 (4109.000.000) 05/22 01:07:57 Job executing on host: <10.240.0.78:26513?addrs=10.240.0.78-26513>
...
001 (4110.000.000) 05/22 01:07:58 Job executing on host: <10.240.0.81:1915?addrs=10.240.0.81-1915>
...
001 (4112.000.000) 05/22 01:07:58 Job executing on host: <10.240.0.75:48422?addrs=10.240.0.75-48422>
...
001 (4114.000.000) 05/22 01:07:58 Job executing on host: <10.240.0.80:37323?addrs=10.240.0.80-37323>
...
001 (4115.000.000) 05/22 01:07:58 Job executing on host: <10.240.0.76:37107?addrs=10.240.0.76-37107>
...
001 (4117.000.000) 05/22 01:07:58 Job executing on host: <10.240.0.79:55619?addrs=10.240.0.79-55619>
...
001 (4116.000.000) 05/22 01:07:58 Job executing on host: <10.240.0.82:15484?addrs=10.240.0.82-15484>
...
001 (4113.000.000) 05/22 01:07:58 Job executing on host: <10.240.0.74:43555?addrs=10.240.0.74-43555>
...
001 (4111.000.000) 05/22 01:07:58 Job executing on host: <10.240.0.77:21055?addrs=10.240.0.77-21055>
...
005 (4112.000.000) 05/22 01:08:39 Job terminated.
	(1) Normal termination (return value 0)
		Usr 0 00:00:00, Sys 0 00:00:00  -  Run Remote Usage
		Usr 0 00:00:00, Sys 0 00:00:00  -  Run Local Usage
		Usr 0 00:00:00, Sys 0 00:00:00  -  Total Remote Usage
		Usr 0 00:00:00, Sys 0 00:00:00  -  Total Local Usage
	4807  -  Run Bytes Sent By Job
	1662409  -  Run Bytes Received By Job
	4807  -  Total Bytes Sent By Job
	1662409  -  Total Bytes Received By Job
	Partitionable Resources :    Usage  Request Allocated
	   Cpus                 :                 1         1
	   Disk (KB)            :     7004     1750   7219420
	   Memory (MB)          :        3        1      3700
...
005 (4109.000.000) 05/22 01:08:39 Job terminated.
	(1) Normal termination (return value 0)
		Usr 0 00:00:00, Sys 0 00:00:00  -  Run Remote Usage
		Usr 0 00:00:00, Sys 0 00:00:00  -  Run Local Usage
		Usr 0 00:00:00, Sys 0 00:00:00  -  Total Remote Usage
		Usr 0 00:00:00, Sys 0 00:00:00  -  Total Local Usage
	4807  -  Run Bytes Sent By Job
	1662409  -  Run Bytes Received By Job
	4807  -  Total Bytes Sent By Job
	1662409  -  Total Bytes Received By Job
	Partitionable Resources :    Usage  Request Allocated
	   Cpus                 :                 1         1
	   Disk (KB)            :     7004     1750   7219420
	   Memory (MB)          :        3        1      3700
...
016 (4109.000.000) 05/22 01:08:44 POST Script terminated.
	(1) Normal termination (return value 0)
    DAG Node: averageratio_6_ID0000020
...
016 (4112.000.000) 05/22 01:08:44 POST Script terminated.
	(1) Normal termination (return value 0)
    DAG Node: averageratio_7_ID0000021
...
005 (4117.000.000) 05/22 01:08:46 Job terminated.
	(1) Normal termination (return value 0)
		Usr 0 00:00:00, Sys 0 00:00:00  -  Run Remote Usage
		Usr 0 00:00:00, Sys 0 00:00:00  -  Run Local Usage
		Usr 0 00:00:00, Sys 0 00:00:00  -  Total Remote Usage
		Usr 0 00:00:00, Sys 0 00:00:00  -  Total Local Usage
	4811  -  Run Bytes Sent By Job
	1662409  -  Run Bytes Received By Job
	4811  -  Total Bytes Sent By Job
	1662409  -  Total Bytes Received By Job
	Partitionable Resources :    Usage  Request Allocated
	   Cpus                 :                 1         1
	   Disk (KB)            :     7004     1750   7331396
	   Memory (MB)          :        3        1      3700
...
005 (4114.000.000) 05/22 01:08:47 Job terminated.
	(1) Normal termination (return value 0)
		Usr 0 00:00:00, Sys 0 00:00:00  -  Run Remote Usage
		Usr 0 00:00:00, Sys 0 00:00:00  -  Run Local Usage
		Usr 0 00:00:00, Sys 0 00:00:00  -  Total Remote Usage
		Usr 0 00:00:00, Sys 0 00:00:00  -  Total Local Usage
	4809  -  Run Bytes Sent By Job
	1662409  -  Run Bytes Received By Job
	4809  -  Total Bytes Sent By Job
	1662409  -  Total Bytes Received By Job
	Partitionable Resources :    Usage  Request Allocated
	   Cpus                 :                 1         1
	   Disk (KB)            :     7004     1750   7210592
	   Memory (MB)          :        3        1      3700
...
016 (4117.000.000) 05/22 01:08:49 POST Script terminated.
	(1) Normal termination (return value 0)
    DAG Node: averageratio_8_ID0000022
...
016 (4114.000.000) 05/22 01:08:49 POST Script terminated.
	(1) Normal termination (return value 0)
    DAG Node: averageratio_3_ID0000017
...
005 (4115.000.000) 05/22 01:08:52 Job terminated.
	(1) Normal termination (return value 0)
		Usr 0 00:00:01, Sys 0 00:00:00  -  Run Remote Usage
		Usr 0 00:00:00, Sys 0 00:00:00  -  Run Local Usage
		Usr 0 00:00:01, Sys 0 00:00:00  -  Total Remote Usage
		Usr 0 00:00:00, Sys 0 00:00:00  -  Total Local Usage
	4810  -  Run Bytes Sent By Job
	1662409  -  Run Bytes Received By Job
	4810  -  Total Bytes Sent By Job
	1662409  -  Total Bytes Received By Job
	Partitionable Resources :    Usage  Request Allocated
	   Cpus                 :                 1         1
	   Disk (KB)            :     7004     1750   7219456
	   Memory (MB)          :        3        1      3700
...
016 (4115.000.000) 05/22 01:08:54 POST Script terminated.
	(1) Normal termination (return value 0)
    DAG Node: averageratio_2_ID0000016
...
005 (4111.000.000) 05/22 01:08:57 Job terminated.
	(1) Normal termination (return value 0)
		Usr 0 00:00:12, Sys 0 00:00:00  -  Run Remote Usage
		Usr 0 00:00:00, Sys 0 00:00:00  -  Run Local Usage
		Usr 0 00:00:12, Sys 0 00:00:00  -  Total Remote Usage
		Usr 0 00:00:00, Sys 0 00:00:00  -  Total Local Usage
	4813  -  Run Bytes Sent By Job
	1662409  -  Run Bytes Received By Job
	4813  -  Total Bytes Sent By Job
	1662409  -  Total Bytes Received By Job
	Partitionable Resources :    Usage  Request Allocated
	   Cpus                 :                 1         1
	   Disk (KB)            :     7004     1750   7219420
	   Memory (MB)          :        3        1      3700
...
016 (4111.000.000) 05/22 01:08:59 POST Script terminated.
	(1) Normal termination (return value 0)
    DAG Node: averageratio_5_ID0000019
...
005 (4110.000.000) 05/22 01:09:03 Job terminated.
	(1) Normal termination (return value 0)
		Usr 0 00:00:14, Sys 0 00:00:00  -  Run Remote Usage
		Usr 0 00:00:00, Sys 0 00:00:00  -  Run Local Usage
		Usr 0 00:00:14, Sys 0 00:00:00  -  Total Remote Usage
		Usr 0 00:00:00, Sys 0 00:00:00  -  Total Local Usage
	4813  -  Run Bytes Sent By Job
	1662409  -  Run Bytes Received By Job
	4813  -  Total Bytes Sent By Job
	1662409  -  Total Bytes Received By Job
	Partitionable Resources :    Usage  Request Allocated
	   Cpus                 :                 1         1
	   Disk (KB)            :     7004     1750   7210568
	   Memory (MB)          :        3        1      3700
...
016 (4110.000.000) 05/22 01:09:04 POST Script terminated.
	(1) Normal termination (return value 0)
    DAG Node: averageratio_4_ID0000018
...
005 (4113.000.000) 05/22 01:09:20 Job terminated.
	(1) Normal termination (return value 0)
		Usr 0 00:00:32, Sys 0 00:00:00  -  Run Remote Usage
		Usr 0 00:00:00, Sys 0 00:00:00  -  Run Local Usage
		Usr 0 00:00:32, Sys 0 00:00:00  -  Total Remote Usage
		Usr 0 00:00:00, Sys 0 00:00:00  -  Total Local Usage
	4813  -  Run Bytes Sent By Job
	1662409  -  Run Bytes Received By Job
	4813  -  Total Bytes Sent By Job
	1662409  -  Total Bytes Received By Job
	Partitionable Resources :    Usage  Request Allocated
	   Cpus                 :                 1         1
	   Disk (KB)            :     7004     1750   7219448
	   Memory (MB)          :       21        1      3700
...
016 (4113.000.000) 05/22 01:09:24 POST Script terminated.
	(1) Normal termination (return value 0)
    DAG Node: averageratio_1_ID0000015
...
005 (4116.000.000) 05/22 01:09:33 Job terminated.
	(1) Normal termination (return value 0)
		Usr 0 00:00:44, Sys 0 00:00:00  -  Run Remote Usage
		Usr 0 00:00:00, Sys 0 00:00:00  -  Run Local Usage
		Usr 0 00:00:44, Sys 0 00:00:00  -  Total Remote Usage
		Usr 0 00:00:00, Sys 0 00:00:00  -  Total Local Usage
	4813  -  Run Bytes Sent By Job
	1662409  -  Run Bytes Received By Job
	4813  -  Total Bytes Sent By Job
	1662409  -  Total Bytes Received By Job
	Partitionable Resources :    Usage  Request Allocated
	   Cpus                 :                 1         1
	   Disk (KB)            :     7004     1750   7219452
	   Memory (MB)          :        3        1      3700
...
000 (4118.000.000) 05/22 01:09:34 Job submitted from host: <10.240.0.3:18881?addrs=10.240.0.3-18881>
    DAG Node: clean_up_local_level_6_0
    pool:local
...
001 (4118.000.000) 05/22 01:09:34 Job executing on host: <10.240.0.3:30086?addrs=10.240.0.3-30086>
...
016 (4116.000.000) 05/22 01:09:34 POST Script terminated.
	(1) Normal termination (return value 0)
    DAG Node: averageratio_0_ID0000014
...
005 (4118.000.000) 05/22 01:09:44 Job terminated.
	(1) Normal termination (return value 0)
		Usr 0 00:00:00, Sys 0 00:00:00  -  Run Remote Usage
		Usr 0 00:00:00, Sys 0 00:00:00  -  Run Local Usage
		Usr 0 00:00:00, Sys 0 00:00:00  -  Total Remote Usage
		Usr 0 00:00:00, Sys 0 00:00:00  -  Total Local Usage
	0  -  Run Bytes Sent By Job
	0  -  Run Bytes Received By Job
	0  -  Total Bytes Sent By Job
	0  -  Total Bytes Received By Job
...
000 (4119.000.000) 05/22 01:09:44 Job submitted from host: <10.240.0.3:18881?addrs=10.240.0.3-18881>
    DAG Node: maxminratio_0_ID0000023
    pool:condorpool
...
000 (4120.000.000) 05/22 01:09:44 Job submitted from host: <10.240.0.3:18881?addrs=10.240.0.3-18881>
    DAG Node: clean_up_local_level_6_1
    pool:local
...
016 (4118.000.000) 05/22 01:09:44 POST Script terminated.
	(1) Normal termination (return value 0)
    DAG Node: clean_up_local_level_6_0
...
001 (4119.000.000) 05/22 01:09:47 Job executing on host: <10.240.0.74:43555?addrs=10.240.0.74-43555>
...
005 (4119.000.000) 05/22 01:09:49 Job terminated.
	(1) Normal termination (return value 0)
		Usr 0 00:00:00, Sys 0 00:00:00  -  Run Remote Usage
		Usr 0 00:00:00, Sys 0 00:00:00  -  Run Local Usage
		Usr 0 00:00:00, Sys 0 00:00:00  -  Total Remote Usage
		Usr 0 00:00:00, Sys 0 00:00:00  -  Total Local Usage
	7034  -  Run Bytes Sent By Job
	1662226  -  Run Bytes Received By Job
	7034  -  Total Bytes Sent By Job
	1662226  -  Total Bytes Received By Job
	Partitionable Resources :    Usage  Request Allocated
	   Cpus                 :                 1         1
	   Disk (KB)            :     7007     1750   7219448
	   Memory (MB)          :        0        1      3700
...
016 (4119.000.000) 05/22 01:09:50 POST Script terminated.
	(1) Normal termination (return value 0)
    DAG Node: maxminratio_0_ID0000023
...
001 (4120.000.000) 05/22 01:09:50 Job executing on host: <10.240.0.3:26332?addrs=10.240.0.3-26332>
...
000 (4121.000.000) 05/22 01:09:59 Job submitted from host: <10.240.0.3:18881?addrs=10.240.0.3-18881>
    DAG Node: clean_up_local_level_7_0
    pool:local
...
001 (4121.000.000) 05/22 01:09:59 Job executing on host: <10.240.0.3:13507?addrs=10.240.0.3-13507>
...
005 (4121.000.000) 05/22 01:10:03 Job terminated.
	(1) Normal termination (return value 0)
		Usr 0 00:00:00, Sys 0 00:00:00  -  Run Remote Usage
		Usr 0 00:00:00, Sys 0 00:00:00  -  Run Local Usage
		Usr 0 00:00:00, Sys 0 00:00:00  -  Total Remote Usage
		Usr 0 00:00:00, Sys 0 00:00:00  -  Total Local Usage
	0  -  Run Bytes Sent By Job
	0  -  Run Bytes Received By Job
	0  -  Total Bytes Sent By Job
	0  -  Total Bytes Received By Job
...
016 (4121.000.000) 05/22 01:10:04 POST Script terminated.
	(1) Normal termination (return value 0)
    DAG Node: clean_up_local_level_7_0
...
005 (4120.000.000) 05/22 01:10:07 Job terminated.
	(1) Normal termination (return value 0)
		Usr 0 00:00:00, Sys 0 00:00:00  -  Run Remote Usage
		Usr 0 00:00:00, Sys 0 00:00:00  -  Run Local Usage
		Usr 0 00:00:00, Sys 0 00:00:00  -  Total Remote Usage
		Usr 0 00:00:00, Sys 0 00:00:00  -  Total Local Usage
	0  -  Run Bytes Sent By Job
	0  -  Run Bytes Received By Job
	0  -  Total Bytes Sent By Job
	0  -  Total Bytes Received By Job
...
016 (4120.000.000) 05/22 01:10:09 POST Script terminated.
	(1) Normal termination (return value 0)
    DAG Node: clean_up_local_level_6_1
...
000 (4122.000.000) 05/22 01:10:19 Job submitted from host: <10.240.0.3:18881?addrs=10.240.0.3-18881>
    DAG Node: cleanup_example_workflow_0_local
    pool:local
...
001 (4122.000.000) 05/22 01:10:19 Job executing on host: <10.240.0.3:52988?addrs=10.240.0.3-52988>
...
005 (4122.000.000) 05/22 01:10:21 Job terminated.
	(1) Normal termination (return value 0)
		Usr 0 00:00:00, Sys 0 00:00:00  -  Run Remote Usage
		Usr 0 00:00:00, Sys 0 00:00:00  -  Run Local Usage
		Usr 0 00:00:00, Sys 0 00:00:00  -  Total Remote Usage
		Usr 0 00:00:00, Sys 0 00:00:00  -  Total Local Usage
	0  -  Run Bytes Sent By Job
	0  -  Run Bytes Received By Job
	0  -  Total Bytes Sent By Job
	0  -  Total Bytes Received By Job
...
