000 (2048.000.000) 05/09 00:00:48 Job submitted from host: <10.240.0.3:1901?addrs=10.240.0.3-1901>
    DAG Node: create_dir_example_workflow_0_local
    pool:local
...
000 (2049.000.000) 05/09 00:00:48 Job submitted from host: <10.240.0.3:1901?addrs=10.240.0.3-1901>
    DAG Node: stage_worker_local_example_workflow_0_local
    pool:local
...
001 (2049.000.000) 05/09 00:00:49 Job executing on host: <10.240.0.3:51483?addrs=10.240.0.3-51483>
...
001 (2048.000.000) 05/09 00:00:49 Job executing on host: <10.240.0.3:24470?addrs=10.240.0.3-24470>
...
005 (2049.000.000) 05/09 00:00:51 Job terminated.
	(1) Normal termination (return value 0)
		Usr 0 00:00:00, Sys 0 00:00:00  -  Run Remote Usage
		Usr 0 00:00:00, Sys 0 00:00:00  -  Run Local Usage
		Usr 0 00:00:00, Sys 0 00:00:00  -  Total Remote Usage
		Usr 0 00:00:00, Sys 0 00:00:00  -  Total Local Usage
	0  -  Run Bytes Sent By Job
	0  -  Run Bytes Received By Job
	0  -  Total Bytes Sent By Job
	0  -  Total Bytes Received By Job
...
005 (2048.000.000) 05/09 00:00:51 Job terminated.
	(1) Normal termination (return value 0)
		Usr 0 00:00:00, Sys 0 00:00:00  -  Run Remote Usage
		Usr 0 00:00:00, Sys 0 00:00:00  -  Run Local Usage
		Usr 0 00:00:00, Sys 0 00:00:00  -  Total Remote Usage
		Usr 0 00:00:00, Sys 0 00:00:00  -  Total Local Usage
	0  -  Run Bytes Sent By Job
	0  -  Run Bytes Received By Job
	0  -  Total Bytes Sent By Job
	0  -  Total Bytes Received By Job
...
000 (2050.000.000) 05/09 00:01:03 Job submitted from host: <10.240.0.3:1901?addrs=10.240.0.3-1901>
    DAG Node: stage_in_local_local_0_0
    pool:local
...
001 (2050.000.000) 05/09 00:01:03 Job executing on host: <10.240.0.3:7109?addrs=10.240.0.3-7109>
...
000 (2051.000.000) 05/09 00:01:03 Job submitted from host: <10.240.0.3:1901?addrs=10.240.0.3-1901>
    DAG Node: stage_in_remote_local_2_1
    pool:local
...
000 (2052.000.000) 05/09 00:01:03 Job submitted from host: <10.240.0.3:1901?addrs=10.240.0.3-1901>
    DAG Node: stage_in_local_local_1_1
    pool:local
...
000 (2053.000.000) 05/09 00:01:03 Job submitted from host: <10.240.0.3:1901?addrs=10.240.0.3-1901>
    DAG Node: stage_in_local_local_4_0
    pool:local
...
000 (2054.000.000) 05/09 00:01:03 Job submitted from host: <10.240.0.3:1901?addrs=10.240.0.3-1901>
    DAG Node: stage_in_local_local_1_0
    pool:local
...
005 (2050.000.000) 05/09 00:01:05 Job terminated.
	(1) Normal termination (return value 0)
		Usr 0 00:00:00, Sys 0 00:00:00  -  Run Remote Usage
		Usr 0 00:00:00, Sys 0 00:00:00  -  Run Local Usage
		Usr 0 00:00:00, Sys 0 00:00:00  -  Total Remote Usage
		Usr 0 00:00:00, Sys 0 00:00:00  -  Total Local Usage
	0  -  Run Bytes Sent By Job
	0  -  Run Bytes Received By Job
	0  -  Total Bytes Sent By Job
	0  -  Total Bytes Received By Job
...
001 (2052.000.000) 05/09 00:01:05 Job executing on host: <10.240.0.3:53560?addrs=10.240.0.3-53560>
...
001 (2051.000.000) 05/09 00:01:05 Job executing on host: <10.240.0.3:33974?addrs=10.240.0.3-33974>
...
001 (2054.000.000) 05/09 00:01:05 Job executing on host: <10.240.0.3:47557?addrs=10.240.0.3-47557>
...
001 (2053.000.000) 05/09 00:01:05 Job executing on host: <10.240.0.3:56082?addrs=10.240.0.3-56082>
...
005 (2052.000.000) 05/09 00:01:08 Job terminated.
	(1) Normal termination (return value 0)
		Usr 0 00:00:00, Sys 0 00:00:00  -  Run Remote Usage
		Usr 0 00:00:00, Sys 0 00:00:00  -  Run Local Usage
		Usr 0 00:00:00, Sys 0 00:00:00  -  Total Remote Usage
		Usr 0 00:00:00, Sys 0 00:00:00  -  Total Local Usage
	0  -  Run Bytes Sent By Job
	0  -  Run Bytes Received By Job
	0  -  Total Bytes Sent By Job
	0  -  Total Bytes Received By Job
...
005 (2053.000.000) 05/09 00:01:08 Job terminated.
	(1) Normal termination (return value 0)
		Usr 0 00:00:00, Sys 0 00:00:00  -  Run Remote Usage
		Usr 0 00:00:00, Sys 0 00:00:00  -  Run Local Usage
		Usr 0 00:00:00, Sys 0 00:00:00  -  Total Remote Usage
		Usr 0 00:00:00, Sys 0 00:00:00  -  Total Local Usage
	0  -  Run Bytes Sent By Job
	0  -  Run Bytes Received By Job
	0  -  Total Bytes Sent By Job
	0  -  Total Bytes Received By Job
...
000 (2055.000.000) 05/09 00:01:08 Job submitted from host: <10.240.0.3:1901?addrs=10.240.0.3-1901>
    DAG Node: stage_in_local_local_2_0
    pool:local
...
001 (2055.000.000) 05/09 00:01:08 Job executing on host: <10.240.0.3:15607?addrs=10.240.0.3-15607>
...
000 (2056.000.000) 05/09 00:01:08 Job submitted from host: <10.240.0.3:1901?addrs=10.240.0.3-1901>
    DAG Node: stage_in_remote_local_1_1
    pool:local
...
001 (2056.000.000) 05/09 00:01:08 Job executing on host: <10.240.0.3:20365?addrs=10.240.0.3-20365>
...
000 (2057.000.000) 05/09 00:01:08 Job submitted from host: <10.240.0.3:1901?addrs=10.240.0.3-1901>
    DAG Node: stage_in_remote_local_4_0
    pool:local
...
000 (2058.000.000) 05/09 00:01:08 Job submitted from host: <10.240.0.3:1901?addrs=10.240.0.3-1901>
    DAG Node: stage_in_remote_local_1_0
    pool:local
...
000 (2059.000.000) 05/09 00:01:08 Job submitted from host: <10.240.0.3:1901?addrs=10.240.0.3-1901>
    DAG Node: stage_in_local_local_3_0
    pool:local
...
005 (2051.000.000) 05/09 00:01:10 Job terminated.
	(1) Normal termination (return value 0)
		Usr 0 00:00:00, Sys 0 00:00:00  -  Run Remote Usage
		Usr 0 00:00:00, Sys 0 00:00:00  -  Run Local Usage
		Usr 0 00:00:00, Sys 0 00:00:00  -  Total Remote Usage
		Usr 0 00:00:00, Sys 0 00:00:00  -  Total Local Usage
	0  -  Run Bytes Sent By Job
	0  -  Run Bytes Received By Job
	0  -  Total Bytes Sent By Job
	0  -  Total Bytes Received By Job
...
005 (2054.000.000) 05/09 00:01:10 Job terminated.
	(1) Normal termination (return value 0)
		Usr 0 00:00:00, Sys 0 00:00:00  -  Run Remote Usage
		Usr 0 00:00:00, Sys 0 00:00:00  -  Run Local Usage
		Usr 0 00:00:00, Sys 0 00:00:00  -  Total Remote Usage
		Usr 0 00:00:00, Sys 0 00:00:00  -  Total Local Usage
	0  -  Run Bytes Sent By Job
	0  -  Run Bytes Received By Job
	0  -  Total Bytes Sent By Job
	0  -  Total Bytes Received By Job
...
001 (2058.000.000) 05/09 00:01:10 Job executing on host: <10.240.0.3:7608?addrs=10.240.0.3-7608>
...
001 (2057.000.000) 05/09 00:01:10 Job executing on host: <10.240.0.3:5983?addrs=10.240.0.3-5983>
...
001 (2059.000.000) 05/09 00:01:10 Job executing on host: <10.240.0.3:18639?addrs=10.240.0.3-18639>
...
005 (2055.000.000) 05/09 00:01:10 Job terminated.
	(1) Normal termination (return value 0)
		Usr 0 00:00:00, Sys 0 00:00:00  -  Run Remote Usage
		Usr 0 00:00:00, Sys 0 00:00:00  -  Run Local Usage
		Usr 0 00:00:00, Sys 0 00:00:00  -  Total Remote Usage
		Usr 0 00:00:00, Sys 0 00:00:00  -  Total Local Usage
	0  -  Run Bytes Sent By Job
	0  -  Run Bytes Received By Job
	0  -  Total Bytes Sent By Job
	0  -  Total Bytes Received By Job
...
005 (2056.000.000) 05/09 00:01:10 Job terminated.
	(1) Normal termination (return value 0)
		Usr 0 00:00:00, Sys 0 00:00:00  -  Run Remote Usage
		Usr 0 00:00:00, Sys 0 00:00:00  -  Run Local Usage
		Usr 0 00:00:00, Sys 0 00:00:00  -  Total Remote Usage
		Usr 0 00:00:00, Sys 0 00:00:00  -  Total Local Usage
	0  -  Run Bytes Sent By Job
	0  -  Run Bytes Received By Job
	0  -  Total Bytes Sent By Job
	0  -  Total Bytes Received By Job
...
005 (2057.000.000) 05/09 00:01:12 Job terminated.
	(1) Normal termination (return value 0)
		Usr 0 00:00:00, Sys 0 00:00:00  -  Run Remote Usage
		Usr 0 00:00:00, Sys 0 00:00:00  -  Run Local Usage
		Usr 0 00:00:00, Sys 0 00:00:00  -  Total Remote Usage
		Usr 0 00:00:00, Sys 0 00:00:00  -  Total Local Usage
	0  -  Run Bytes Sent By Job
	0  -  Run Bytes Received By Job
	0  -  Total Bytes Sent By Job
	0  -  Total Bytes Received By Job
...
005 (2059.000.000) 05/09 00:01:12 Job terminated.
	(1) Normal termination (return value 0)
		Usr 0 00:00:00, Sys 0 00:00:00  -  Run Remote Usage
		Usr 0 00:00:00, Sys 0 00:00:00  -  Run Local Usage
		Usr 0 00:00:00, Sys 0 00:00:00  -  Total Remote Usage
		Usr 0 00:00:00, Sys 0 00:00:00  -  Total Local Usage
	0  -  Run Bytes Sent By Job
	0  -  Run Bytes Received By Job
	0  -  Total Bytes Sent By Job
	0  -  Total Bytes Received By Job
...
000 (2060.000.000) 05/09 00:01:13 Job submitted from host: <10.240.0.3:1901?addrs=10.240.0.3-1901>
    DAG Node: stage_in_remote_local_2_0
    pool:local
...
000 (2061.000.000) 05/09 00:01:13 Job submitted from host: <10.240.0.3:1901?addrs=10.240.0.3-1901>
    DAG Node: stage_in_remote_local_3_0
    pool:local
...
005 (2058.000.000) 05/09 00:01:14 Job terminated.
	(1) Normal termination (return value 0)
		Usr 0 00:00:00, Sys 0 00:00:00  -  Run Remote Usage
		Usr 0 00:00:00, Sys 0 00:00:00  -  Run Local Usage
		Usr 0 00:00:00, Sys 0 00:00:00  -  Total Remote Usage
		Usr 0 00:00:00, Sys 0 00:00:00  -  Total Local Usage
	0  -  Run Bytes Sent By Job
	0  -  Run Bytes Received By Job
	0  -  Total Bytes Sent By Job
	0  -  Total Bytes Received By Job
...
001 (2061.000.000) 05/09 00:01:14 Job executing on host: <10.240.0.3:60402?addrs=10.240.0.3-60402>
...
001 (2060.000.000) 05/09 00:01:14 Job executing on host: <10.240.0.3:2332?addrs=10.240.0.3-2332>
...
005 (2061.000.000) 05/09 00:01:16 Job terminated.
	(1) Normal termination (return value 0)
		Usr 0 00:00:00, Sys 0 00:00:00  -  Run Remote Usage
		Usr 0 00:00:00, Sys 0 00:00:00  -  Run Local Usage
		Usr 0 00:00:00, Sys 0 00:00:00  -  Total Remote Usage
		Usr 0 00:00:00, Sys 0 00:00:00  -  Total Local Usage
	0  -  Run Bytes Sent By Job
	0  -  Run Bytes Received By Job
	0  -  Total Bytes Sent By Job
	0  -  Total Bytes Received By Job
...
005 (2060.000.000) 05/09 00:01:18 Job terminated.
	(1) Normal termination (return value 0)
		Usr 0 00:00:00, Sys 0 00:00:00  -  Run Remote Usage
		Usr 0 00:00:00, Sys 0 00:00:00  -  Run Local Usage
		Usr 0 00:00:00, Sys 0 00:00:00  -  Total Remote Usage
		Usr 0 00:00:00, Sys 0 00:00:00  -  Total Local Usage
	0  -  Run Bytes Sent By Job
	0  -  Run Bytes Received By Job
	0  -  Total Bytes Sent By Job
	0  -  Total Bytes Received By Job
...
000 (2062.000.000) 05/09 00:01:18 Job submitted from host: <10.240.0.3:1901?addrs=10.240.0.3-1901>
    DAG Node: init_0_ID0000001
    pool:condorpool
...
001 (2062.000.000) 05/09 00:01:51 Job executing on host: <10.240.0.74:52635?addrs=10.240.0.74-52635>
...
006 (2062.000.000) 05/09 00:01:52 Image size of job updated: 2
	0  -  MemoryUsage of job (MB)
	0  -  ResidentSetSize of job (KB)
...
005 (2062.000.000) 05/09 00:01:53 Job terminated.
	(1) Normal termination (return value 0)
		Usr 0 00:00:00, Sys 0 00:00:00  -  Run Remote Usage
		Usr 0 00:00:00, Sys 0 00:00:00  -  Run Local Usage
		Usr 0 00:00:00, Sys 0 00:00:00  -  Total Remote Usage
		Usr 0 00:00:00, Sys 0 00:00:00  -  Total Local Usage
	4051  -  Run Bytes Sent By Job
	1662418  -  Run Bytes Received By Job
	4051  -  Total Bytes Sent By Job
	1662418  -  Total Bytes Received By Job
	Partitionable Resources :    Usage  Request Allocated
	   Cpus                 :                 1         1
	   Disk (KB)            :     7003     1750   7341108
	   Memory (MB)          :        0        1      3700
...
000 (2063.000.000) 05/09 00:02:03 Job submitted from host: <10.240.0.3:1901?addrs=10.240.0.3-1901>
    DAG Node: mediancpu_0_ID0000002
    pool:condorpool
...
000 (2064.000.000) 05/09 00:02:04 Job submitted from host: <10.240.0.3:1901?addrs=10.240.0.3-1901>
    DAG Node: clean_up_local_level_3_0
    pool:local
...
000 (2065.000.000) 05/09 00:02:04 Job submitted from host: <10.240.0.3:1901?addrs=10.240.0.3-1901>
    DAG Node: averagecpu_0_ID0000004
    pool:condorpool
...
000 (2066.000.000) 05/09 00:02:04 Job submitted from host: <10.240.0.3:1901?addrs=10.240.0.3-1901>
    DAG Node: maxmincpu_0_ID0000003
    pool:condorpool
...
001 (2064.000.000) 05/09 00:02:09 Job executing on host: <10.240.0.3:36154?addrs=10.240.0.3-36154>
...
005 (2064.000.000) 05/09 00:02:11 Job terminated.
	(1) Normal termination (return value 0)
		Usr 0 00:00:00, Sys 0 00:00:00  -  Run Remote Usage
		Usr 0 00:00:00, Sys 0 00:00:00  -  Run Local Usage
		Usr 0 00:00:00, Sys 0 00:00:00  -  Total Remote Usage
		Usr 0 00:00:00, Sys 0 00:00:00  -  Total Local Usage
	0  -  Run Bytes Sent By Job
	0  -  Run Bytes Received By Job
	0  -  Total Bytes Sent By Job
	0  -  Total Bytes Received By Job
...
001 (2063.000.000) 05/09 00:02:11 Job executing on host: <10.240.0.74:52635?addrs=10.240.0.74-52635>
...
006 (2063.000.000) 05/09 00:02:20 Image size of job updated: 498812
	157  -  MemoryUsage of job (MB)
	160456  -  ResidentSetSize of job (KB)
...
001 (2066.000.000) 05/09 00:02:27 Job executing on host: <10.240.0.76:11275?addrs=10.240.0.76-11275>
...
001 (2065.000.000) 05/09 00:02:27 Job executing on host: <10.240.0.79:65234?addrs=10.240.0.79-65234>
...
006 (2066.000.000) 05/09 00:02:35 Image size of job updated: 2
	3  -  MemoryUsage of job (MB)
	2776  -  ResidentSetSize of job (KB)
...
006 (2065.000.000) 05/09 00:02:35 Image size of job updated: 2
	3  -  MemoryUsage of job (MB)
	2952  -  ResidentSetSize of job (KB)
...
006 (2066.000.000) 05/09 00:04:38 Image size of job updated: 512012
	3  -  MemoryUsage of job (MB)
	2776  -  ResidentSetSize of job (KB)
...
005 (2066.000.000) 05/09 00:04:39 Job terminated.
	(1) Normal termination (return value 0)
		Usr 0 00:01:50, Sys 0 00:00:01  -  Run Remote Usage
		Usr 0 00:00:00, Sys 0 00:00:00  -  Run Local Usage
		Usr 0 00:01:50, Sys 0 00:00:01  -  Total Remote Usage
		Usr 0 00:00:00, Sys 0 00:00:00  -  Total Local Usage
	4645  -  Run Bytes Sent By Job
	1662101  -  Run Bytes Received By Job
	4645  -  Total Bytes Sent By Job
	1662101  -  Total Bytes Received By Job
	Partitionable Resources :    Usage  Request Allocated
	   Cpus                 :                 1         1
	   Disk (KB)            :     7004     1750   7341492
	   Memory (MB)          :        3        1      3700
...
000 (2067.000.000) 05/09 00:04:54 Job submitted from host: <10.240.0.3:1901?addrs=10.240.0.3-1901>
    DAG Node: clean_up_local_level_4_1
    pool:local
...
001 (2067.000.000) 05/09 00:04:54 Job executing on host: <10.240.0.3:49562?addrs=10.240.0.3-49562>
...
005 (2067.000.000) 05/09 00:04:58 Job terminated.
	(1) Normal termination (return value 0)
		Usr 0 00:00:00, Sys 0 00:00:00  -  Run Remote Usage
		Usr 0 00:00:00, Sys 0 00:00:00  -  Run Local Usage
		Usr 0 00:00:00, Sys 0 00:00:00  -  Total Remote Usage
		Usr 0 00:00:00, Sys 0 00:00:00  -  Total Local Usage
	0  -  Run Bytes Sent By Job
	0  -  Run Bytes Received By Job
	0  -  Total Bytes Sent By Job
	0  -  Total Bytes Received By Job
...
006 (2063.000.000) 05/09 00:07:03 Image size of job updated: 777904
	157  -  MemoryUsage of job (MB)
	160456  -  ResidentSetSize of job (KB)
...
005 (2063.000.000) 05/09 00:07:05 Job terminated.
	(1) Normal termination (return value 0)
		Usr 0 00:04:20, Sys 0 00:00:04  -  Run Remote Usage
		Usr 0 00:00:00, Sys 0 00:00:00  -  Run Local Usage
		Usr 0 00:04:20, Sys 0 00:00:04  -  Total Remote Usage
		Usr 0 00:00:00, Sys 0 00:00:00  -  Total Local Usage
	381139  -  Run Bytes Sent By Job
	1661963  -  Run Bytes Received By Job
	381139  -  Total Bytes Sent By Job
	1661963  -  Total Bytes Received By Job
	Partitionable Resources :    Usage  Request Allocated
	   Cpus                 :                 1         1
	   Disk (KB)            :    24732     1750   7341108
	   Memory (MB)          :      157        1      3700
...
006 (2065.000.000) 05/09 00:07:35 Image size of job updated: 778788
	165  -  MemoryUsage of job (MB)
	168832  -  ResidentSetSize of job (KB)
...
005 (2065.000.000) 05/09 00:08:17 Job terminated.
	(1) Normal termination (return value 0)
		Usr 0 00:05:24, Sys 0 00:00:04  -  Run Remote Usage
		Usr 0 00:00:00, Sys 0 00:00:00  -  Run Local Usage
		Usr 0 00:05:24, Sys 0 00:00:04  -  Total Remote Usage
		Usr 0 00:00:00, Sys 0 00:00:00  -  Total Local Usage
	381256  -  Run Bytes Sent By Job
	1662589  -  Run Bytes Received By Job
	381256  -  Total Bytes Sent By Job
	1662589  -  Total Bytes Received By Job
	Partitionable Resources :    Usage  Request Allocated
	   Cpus                 :                 1         1
	   Disk (KB)            :   690140     1750   7470552
	   Memory (MB)          :      165        1      3700
...
000 (2068.000.000) 05/09 00:08:30 Job submitted from host: <10.240.0.3:1901?addrs=10.240.0.3-1901>
    DAG Node: clean_up_local_level_4_0
    pool:local
...
001 (2068.000.000) 05/09 00:08:30 Job executing on host: <10.240.0.3:42463?addrs=10.240.0.3-42463>
...
000 (2069.000.000) 05/09 00:08:30 Job submitted from host: <10.240.0.3:1901?addrs=10.240.0.3-1901>
    DAG Node: calculateratio_0_ID0000005
    pool:condorpool
...
001 (2069.000.000) 05/09 00:08:33 Job executing on host: <10.240.0.79:65234?addrs=10.240.0.79-65234>
...
005 (2068.000.000) 05/09 00:08:38 Job terminated.
	(1) Normal termination (return value 0)
		Usr 0 00:00:00, Sys 0 00:00:00  -  Run Remote Usage
		Usr 0 00:00:00, Sys 0 00:00:00  -  Run Local Usage
		Usr 0 00:00:00, Sys 0 00:00:00  -  Total Remote Usage
		Usr 0 00:00:00, Sys 0 00:00:00  -  Total Local Usage
	0  -  Run Bytes Sent By Job
	0  -  Run Bytes Received By Job
	0  -  Total Bytes Sent By Job
	0  -  Total Bytes Received By Job
...
006 (2069.000.000) 05/09 00:08:41 Image size of job updated: 2
	3  -  MemoryUsage of job (MB)
	2712  -  ResidentSetSize of job (KB)
...
006 (2069.000.000) 05/09 00:13:41 Image size of job updated: 1659416
	125  -  MemoryUsage of job (MB)
	127220  -  ResidentSetSize of job (KB)
...
006 (2069.000.000) 05/09 00:18:42 Image size of job updated: 1669932
	133  -  MemoryUsage of job (MB)
	135848  -  ResidentSetSize of job (KB)
...
006 (2069.000.000) 05/09 00:23:42 Image size of job updated: 1669932
	139  -  MemoryUsage of job (MB)
	141416  -  ResidentSetSize of job (KB)
...
006 (2069.000.000) 05/09 00:33:43 Image size of job updated: 1675072
	142  -  MemoryUsage of job (MB)
	144912  -  ResidentSetSize of job (KB)
...
006 (2069.000.000) 05/09 00:38:44 Image size of job updated: 1675072
	151  -  MemoryUsage of job (MB)
	154556  -  ResidentSetSize of job (KB)
...
006 (2069.000.000) 05/09 00:43:44 Image size of job updated: 1677416
	161  -  MemoryUsage of job (MB)
	164220  -  ResidentSetSize of job (KB)
...
006 (2069.000.000) 05/09 01:03:47 Image size of job updated: 1691768
	161  -  MemoryUsage of job (MB)
	164632  -  ResidentSetSize of job (KB)
...
006 (2069.000.000) 05/09 01:08:48 Image size of job updated: 1691768
	164  -  MemoryUsage of job (MB)
	167352  -  ResidentSetSize of job (KB)
...
006 (2069.000.000) 05/09 01:18:48 Image size of job updated: 1691768
	164  -  MemoryUsage of job (MB)
	167872  -  ResidentSetSize of job (KB)
...
006 (2069.000.000) 05/09 01:33:50 Image size of job updated: 1691768
	165  -  MemoryUsage of job (MB)
	168736  -  ResidentSetSize of job (KB)
...
006 (2069.000.000) 05/09 02:13:53 Image size of job updated: 1691768
	166  -  MemoryUsage of job (MB)
	169224  -  ResidentSetSize of job (KB)
...
006 (2069.000.000) 05/09 02:48:57 Image size of job updated: 1691768
	166  -  MemoryUsage of job (MB)
	169428  -  ResidentSetSize of job (KB)
...
006 (2069.000.000) 05/09 03:54:04 Image size of job updated: 1691768
	166  -  MemoryUsage of job (MB)
	169440  -  ResidentSetSize of job (KB)
...
005 (2069.000.000) 05/09 04:15:20 Job terminated.
	(1) Normal termination (return value 0)
		Usr 0 02:01:02, Sys 0 00:47:31  -  Run Remote Usage
		Usr 0 00:00:00, Sys 0 00:00:00  -  Run Local Usage
		Usr 0 02:01:02, Sys 0 00:47:31  -  Total Remote Usage
		Usr 0 00:00:00, Sys 0 00:00:00  -  Total Local Usage
	286474  -  Run Bytes Sent By Job
	1665226  -  Run Bytes Received By Job
	286474  -  Total Bytes Sent By Job
	1665226  -  Total Bytes Received By Job
	Partitionable Resources :    Usage  Request Allocated
	   Cpus                 :                 1         1
	   Disk (KB)            :   591877     1750   7470552
	   Memory (MB)          :      166        1      3700
...
000 (2070.000.000) 05/09 04:15:34 Job submitted from host: <10.240.0.3:1901?addrs=10.240.0.3-1901>
    DAG Node: averageratio_0_ID0000006
    pool:condorpool
...
000 (2071.000.000) 05/09 04:15:35 Job submitted from host: <10.240.0.3:1901?addrs=10.240.0.3-1901>
    DAG Node: clean_up_local_level_5_0
    pool:local
...
001 (2071.000.000) 05/09 04:15:40 Job executing on host: <10.240.0.3:5057?addrs=10.240.0.3-5057>
...
001 (2070.000.000) 05/09 04:15:43 Job executing on host: <10.240.0.74:52635?addrs=10.240.0.74-52635>
...
005 (2071.000.000) 05/09 04:15:50 Job terminated.
	(1) Normal termination (return value 0)
		Usr 0 00:00:00, Sys 0 00:00:00  -  Run Remote Usage
		Usr 0 00:00:00, Sys 0 00:00:00  -  Run Local Usage
		Usr 0 00:00:00, Sys 0 00:00:00  -  Total Remote Usage
		Usr 0 00:00:00, Sys 0 00:00:00  -  Total Local Usage
	0  -  Run Bytes Sent By Job
	0  -  Run Bytes Received By Job
	0  -  Total Bytes Sent By Job
	0  -  Total Bytes Received By Job
...
006 (2070.000.000) 05/09 04:15:51 Image size of job updated: 488684
	147  -  MemoryUsage of job (MB)
	150336  -  ResidentSetSize of job (KB)
...
006 (2070.000.000) 05/09 04:19:31 Image size of job updated: 500084
	147  -  MemoryUsage of job (MB)
	150336  -  ResidentSetSize of job (KB)
...
005 (2070.000.000) 05/09 04:19:32 Job terminated.
	(1) Normal termination (return value 0)
		Usr 0 00:02:09, Sys 0 00:00:01  -  Run Remote Usage
		Usr 0 00:00:00, Sys 0 00:00:00  -  Run Local Usage
		Usr 0 00:02:09, Sys 0 00:00:01  -  Total Remote Usage
		Usr 0 00:00:00, Sys 0 00:00:00  -  Total Local Usage
	7462  -  Run Bytes Sent By Job
	1662452  -  Run Bytes Received By Job
	7462  -  Total Bytes Sent By Job
	1662452  -  Total Bytes Received By Job
	Partitionable Resources :    Usage  Request Allocated
	   Cpus                 :                 1         1
	   Disk (KB)            :     7007     1750   7340788
	   Memory (MB)          :      147        1      3700
...
000 (2072.000.000) 05/09 04:19:45 Job submitted from host: <10.240.0.3:1901?addrs=10.240.0.3-1901>
    DAG Node: maxminratio_0_ID0000007
    pool:condorpool
...
000 (2073.000.000) 05/09 04:19:45 Job submitted from host: <10.240.0.3:1901?addrs=10.240.0.3-1901>
    DAG Node: clean_up_local_level_6_0
    pool:local
...
001 (2073.000.000) 05/09 04:19:50 Job executing on host: <10.240.0.3:3069?addrs=10.240.0.3-3069>
...
001 (2072.000.000) 05/09 04:19:53 Job executing on host: <10.240.0.74:52635?addrs=10.240.0.74-52635>
...
006 (2072.000.000) 05/09 04:19:54 Image size of job updated: 2
	0  -  MemoryUsage of job (MB)
	0  -  ResidentSetSize of job (KB)
...
005 (2073.000.000) 05/09 04:19:54 Job terminated.
	(1) Normal termination (return value 0)
		Usr 0 00:00:00, Sys 0 00:00:00  -  Run Remote Usage
		Usr 0 00:00:00, Sys 0 00:00:00  -  Run Local Usage
		Usr 0 00:00:00, Sys 0 00:00:00  -  Total Remote Usage
		Usr 0 00:00:00, Sys 0 00:00:00  -  Total Local Usage
	0  -  Run Bytes Sent By Job
	0  -  Run Bytes Received By Job
	0  -  Total Bytes Sent By Job
	0  -  Total Bytes Received By Job
...
005 (2072.000.000) 05/09 04:19:55 Job terminated.
	(1) Normal termination (return value 0)
		Usr 0 00:00:00, Sys 0 00:00:00  -  Run Remote Usage
		Usr 0 00:00:00, Sys 0 00:00:00  -  Run Local Usage
		Usr 0 00:00:00, Sys 0 00:00:00  -  Total Remote Usage
		Usr 0 00:00:00, Sys 0 00:00:00  -  Total Local Usage
	7038  -  Run Bytes Sent By Job
	1662244  -  Run Bytes Received By Job
	7038  -  Total Bytes Sent By Job
	1662244  -  Total Bytes Received By Job
	Partitionable Resources :    Usage  Request Allocated
	   Cpus                 :                 1         1
	   Disk (KB)            :     7006     1750   7340788
	   Memory (MB)          :        0        1      3700
...
000 (2074.000.000) 05/09 04:20:05 Job submitted from host: <10.240.0.3:1901?addrs=10.240.0.3-1901>
    DAG Node: clean_up_local_level_7_0
    pool:local
...
001 (2074.000.000) 05/09 04:20:05 Job executing on host: <10.240.0.3:14393?addrs=10.240.0.3-14393>
...
005 (2074.000.000) 05/09 04:20:09 Job terminated.
	(1) Normal termination (return value 0)
		Usr 0 00:00:00, Sys 0 00:00:00  -  Run Remote Usage
		Usr 0 00:00:00, Sys 0 00:00:00  -  Run Local Usage
		Usr 0 00:00:00, Sys 0 00:00:00  -  Total Remote Usage
		Usr 0 00:00:00, Sys 0 00:00:00  -  Total Local Usage
	0  -  Run Bytes Sent By Job
	0  -  Run Bytes Received By Job
	0  -  Total Bytes Sent By Job
	0  -  Total Bytes Received By Job
...
000 (2075.000.000) 05/09 04:20:20 Job submitted from host: <10.240.0.3:1901?addrs=10.240.0.3-1901>
    DAG Node: cleanup_example_workflow_0_local
    pool:local
...
001 (2075.000.000) 05/09 04:20:20 Job executing on host: <10.240.0.3:62369?addrs=10.240.0.3-62369>
...
005 (2075.000.000) 05/09 04:20:22 Job terminated.
	(1) Normal termination (return value 0)
		Usr 0 00:00:00, Sys 0 00:00:00  -  Run Remote Usage
		Usr 0 00:00:00, Sys 0 00:00:00  -  Run Local Usage
		Usr 0 00:00:00, Sys 0 00:00:00  -  Total Remote Usage
		Usr 0 00:00:00, Sys 0 00:00:00  -  Total Local Usage
	0  -  Run Bytes Sent By Job
	0  -  Run Bytes Received By Job
	0  -  Total Bytes Sent By Job
	0  -  Total Bytes Received By Job
...
