000 (2033.000.000) 12/07 18:39:51 Job submitted from host: <54.193.25.121:42932?addrs=54.193.25.121-42932>
    DAG Node: create_dir_example_workflow_0_local
    pool:local
...
001 (2033.000.000) 12/07 18:39:52 Job executing on host: <54.193.25.121:58200?addrs=54.193.25.121-58200>
...
005 (2033.000.000) 12/07 18:39:54 Job terminated.
	(1) Normal termination (return value 0)
		Usr 0 00:00:00, Sys 0 00:00:00  -  Run Remote Usage
		Usr 0 00:00:00, Sys 0 00:00:00  -  Run Local Usage
		Usr 0 00:00:00, Sys 0 00:00:00  -  Total Remote Usage
		Usr 0 00:00:00, Sys 0 00:00:00  -  Total Local Usage
	0  -  Run Bytes Sent By Job
	0  -  Run Bytes Received By Job
	0  -  Total Bytes Sent By Job
	0  -  Total Bytes Received By Job
...
016 (2033.000.000) 12/07 18:39:56 POST Script terminated.
	(1) Normal termination (return value 0)
    DAG Node: create_dir_example_workflow_0_local
...
000 (2034.000.000) 12/07 18:40:06 Job submitted from host: <54.193.25.121:42932?addrs=54.193.25.121-42932>
    DAG Node: stage_in_local_local_0_0
    pool:local
...
000 (2035.000.000) 12/07 18:40:06 Job submitted from host: <54.193.25.121:42932?addrs=54.193.25.121-42932>
    DAG Node: stage_in_local_local_6_0
    pool:local
...
001 (2034.000.000) 12/07 18:40:06 Job executing on host: <54.193.25.121:57231?addrs=54.193.25.121-57231>
...
000 (2036.000.000) 12/07 18:40:06 Job submitted from host: <54.193.25.121:42932?addrs=54.193.25.121-42932>
    DAG Node: stage_in_remote_local_2_1
    pool:local
...
000 (2037.000.000) 12/07 18:40:06 Job submitted from host: <54.193.25.121:42932?addrs=54.193.25.121-42932>
    DAG Node: stage_in_remote_local_5_0
    pool:local
...
000 (2038.000.000) 12/07 18:40:06 Job submitted from host: <54.193.25.121:42932?addrs=54.193.25.121-42932>
    DAG Node: stage_in_local_local_2_0
    pool:local
...
005 (2034.000.000) 12/07 18:40:08 Job terminated.
	(1) Normal termination (return value 0)
		Usr 0 00:00:00, Sys 0 00:00:00  -  Run Remote Usage
		Usr 0 00:00:00, Sys 0 00:00:00  -  Run Local Usage
		Usr 0 00:00:00, Sys 0 00:00:00  -  Total Remote Usage
		Usr 0 00:00:00, Sys 0 00:00:00  -  Total Local Usage
	0  -  Run Bytes Sent By Job
	0  -  Run Bytes Received By Job
	0  -  Total Bytes Sent By Job
	0  -  Total Bytes Received By Job
...
001 (2036.000.000) 12/07 18:40:08 Job executing on host: <54.193.25.121:28341?addrs=54.193.25.121-28341>
...
001 (2038.000.000) 12/07 18:40:08 Job executing on host: <54.193.25.121:22453?addrs=54.193.25.121-22453>
...
001 (2035.000.000) 12/07 18:40:08 Job executing on host: <54.193.25.121:41641?addrs=54.193.25.121-41641>
...
001 (2037.000.000) 12/07 18:40:08 Job executing on host: <54.193.25.121:47664?addrs=54.193.25.121-47664>
...
005 (2035.000.000) 12/07 18:40:11 Job terminated.
	(1) Normal termination (return value 0)
		Usr 0 00:00:00, Sys 0 00:00:00  -  Run Remote Usage
		Usr 0 00:00:00, Sys 0 00:00:00  -  Run Local Usage
		Usr 0 00:00:00, Sys 0 00:00:00  -  Total Remote Usage
		Usr 0 00:00:00, Sys 0 00:00:00  -  Total Local Usage
	0  -  Run Bytes Sent By Job
	0  -  Run Bytes Received By Job
	0  -  Total Bytes Sent By Job
	0  -  Total Bytes Received By Job
...
005 (2036.000.000) 12/07 18:40:11 Job terminated.
	(1) Normal termination (return value 0)
		Usr 0 00:00:00, Sys 0 00:00:00  -  Run Remote Usage
		Usr 0 00:00:00, Sys 0 00:00:00  -  Run Local Usage
		Usr 0 00:00:00, Sys 0 00:00:00  -  Total Remote Usage
		Usr 0 00:00:00, Sys 0 00:00:00  -  Total Local Usage
	0  -  Run Bytes Sent By Job
	0  -  Run Bytes Received By Job
	0  -  Total Bytes Sent By Job
	0  -  Total Bytes Received By Job
...
005 (2037.000.000) 12/07 18:40:11 Job terminated.
	(1) Normal termination (return value 0)
		Usr 0 00:00:00, Sys 0 00:00:00  -  Run Remote Usage
		Usr 0 00:00:00, Sys 0 00:00:00  -  Run Local Usage
		Usr 0 00:00:00, Sys 0 00:00:00  -  Total Remote Usage
		Usr 0 00:00:00, Sys 0 00:00:00  -  Total Local Usage
	0  -  Run Bytes Sent By Job
	0  -  Run Bytes Received By Job
	0  -  Total Bytes Sent By Job
	0  -  Total Bytes Received By Job
...
000 (2039.000.000) 12/07 18:40:11 Job submitted from host: <54.193.25.121:42932?addrs=54.193.25.121-42932>
    DAG Node: stage_in_local_local_2_1
    pool:local
...
001 (2039.000.000) 12/07 18:40:11 Job executing on host: <54.193.25.121:19079?addrs=54.193.25.121-19079>
...
000 (2040.000.000) 12/07 18:40:11 Job submitted from host: <54.193.25.121:42932?addrs=54.193.25.121-42932>
    DAG Node: stage_in_remote_local_1_0
    pool:local
...
000 (2041.000.000) 12/07 18:40:12 Job submitted from host: <54.193.25.121:42932?addrs=54.193.25.121-42932>
    DAG Node: stage_in_local_local_3_0
    pool:local
...
001 (2040.000.000) 12/07 18:40:12 Job executing on host: <54.193.25.121:48220?addrs=54.193.25.121-48220>
...
000 (2042.000.000) 12/07 18:40:12 Job submitted from host: <54.193.25.121:42932?addrs=54.193.25.121-42932>
    DAG Node: stage_in_local_local_5_0
    pool:local
...
001 (2041.000.000) 12/07 18:40:12 Job executing on host: <54.193.25.121:32705?addrs=54.193.25.121-32705>
...
000 (2043.000.000) 12/07 18:40:12 Job submitted from host: <54.193.25.121:42932?addrs=54.193.25.121-42932>
    DAG Node: stage_in_local_local_4_0
    pool:local
...
016 (2036.000.000) 12/07 18:40:13 POST Script terminated.
	(1) Normal termination (return value 0)
    DAG Node: stage_in_remote_local_2_1
...
016 (2035.000.000) 12/07 18:40:13 POST Script terminated.
	(1) Normal termination (return value 0)
    DAG Node: stage_in_local_local_6_0
...
016 (2034.000.000) 12/07 18:40:13 POST Script terminated.
	(1) Normal termination (return value 0)
    DAG Node: stage_in_local_local_0_0
...
016 (2037.000.000) 12/07 18:40:13 POST Script terminated.
	(1) Normal termination (return value 0)
    DAG Node: stage_in_remote_local_5_0
...
005 (2038.000.000) 12/07 18:40:13 Job terminated.
	(1) Normal termination (return value 0)
		Usr 0 00:00:00, Sys 0 00:00:00  -  Run Remote Usage
		Usr 0 00:00:00, Sys 0 00:00:00  -  Run Local Usage
		Usr 0 00:00:00, Sys 0 00:00:00  -  Total Remote Usage
		Usr 0 00:00:00, Sys 0 00:00:00  -  Total Local Usage
	0  -  Run Bytes Sent By Job
	0  -  Run Bytes Received By Job
	0  -  Total Bytes Sent By Job
	0  -  Total Bytes Received By Job
...
001 (2042.000.000) 12/07 18:40:13 Job executing on host: <54.193.25.121:7559?addrs=54.193.25.121-7559>
...
001 (2043.000.000) 12/07 18:40:13 Job executing on host: <54.193.25.121:9192?addrs=54.193.25.121-9192>
...
005 (2039.000.000) 12/07 18:40:14 Job terminated.
	(1) Normal termination (return value 0)
		Usr 0 00:00:00, Sys 0 00:00:00  -  Run Remote Usage
		Usr 0 00:00:00, Sys 0 00:00:00  -  Run Local Usage
		Usr 0 00:00:00, Sys 0 00:00:00  -  Total Remote Usage
		Usr 0 00:00:00, Sys 0 00:00:00  -  Total Local Usage
	0  -  Run Bytes Sent By Job
	0  -  Run Bytes Received By Job
	0  -  Total Bytes Sent By Job
	0  -  Total Bytes Received By Job
...
005 (2041.000.000) 12/07 18:40:14 Job terminated.
	(1) Normal termination (return value 0)
		Usr 0 00:00:00, Sys 0 00:00:00  -  Run Remote Usage
		Usr 0 00:00:00, Sys 0 00:00:00  -  Run Local Usage
		Usr 0 00:00:00, Sys 0 00:00:00  -  Total Remote Usage
		Usr 0 00:00:00, Sys 0 00:00:00  -  Total Local Usage
	0  -  Run Bytes Sent By Job
	0  -  Run Bytes Received By Job
	0  -  Total Bytes Sent By Job
	0  -  Total Bytes Received By Job
...
005 (2040.000.000) 12/07 18:40:14 Job terminated.
	(1) Normal termination (return value 0)
		Usr 0 00:00:00, Sys 0 00:00:00  -  Run Remote Usage
		Usr 0 00:00:00, Sys 0 00:00:00  -  Run Local Usage
		Usr 0 00:00:00, Sys 0 00:00:00  -  Total Remote Usage
		Usr 0 00:00:00, Sys 0 00:00:00  -  Total Local Usage
	0  -  Run Bytes Sent By Job
	0  -  Run Bytes Received By Job
	0  -  Total Bytes Sent By Job
	0  -  Total Bytes Received By Job
...
005 (2042.000.000) 12/07 18:40:15 Job terminated.
	(1) Normal termination (return value 0)
		Usr 0 00:00:00, Sys 0 00:00:00  -  Run Remote Usage
		Usr 0 00:00:00, Sys 0 00:00:00  -  Run Local Usage
		Usr 0 00:00:00, Sys 0 00:00:00  -  Total Remote Usage
		Usr 0 00:00:00, Sys 0 00:00:00  -  Total Local Usage
	0  -  Run Bytes Sent By Job
	0  -  Run Bytes Received By Job
	0  -  Total Bytes Sent By Job
	0  -  Total Bytes Received By Job
...
005 (2043.000.000) 12/07 18:40:16 Job terminated.
	(1) Normal termination (return value 0)
		Usr 0 00:00:00, Sys 0 00:00:00  -  Run Remote Usage
		Usr 0 00:00:00, Sys 0 00:00:00  -  Run Local Usage
		Usr 0 00:00:00, Sys 0 00:00:00  -  Total Remote Usage
		Usr 0 00:00:00, Sys 0 00:00:00  -  Total Local Usage
	0  -  Run Bytes Sent By Job
	0  -  Run Bytes Received By Job
	0  -  Total Bytes Sent By Job
	0  -  Total Bytes Received By Job
...
000 (2044.000.000) 12/07 18:40:17 Job submitted from host: <54.193.25.121:42932?addrs=54.193.25.121-42932>
    DAG Node: stage_in_local_local_7_0
    pool:local
...
001 (2044.000.000) 12/07 18:40:17 Job executing on host: <54.193.25.121:33399?addrs=54.193.25.121-33399>
...
000 (2045.000.000) 12/07 18:40:17 Job submitted from host: <54.193.25.121:42932?addrs=54.193.25.121-42932>
    DAG Node: stage_in_local_local_1_0
    pool:local
...
000 (2046.000.000) 12/07 18:40:17 Job submitted from host: <54.193.25.121:42932?addrs=54.193.25.121-42932>
    DAG Node: stage_in_remote_local_4_1
    pool:local
...
000 (2047.000.000) 12/07 18:40:17 Job submitted from host: <54.193.25.121:42932?addrs=54.193.25.121-42932>
    DAG Node: stage_in_remote_local_4_0
    pool:local
...
000 (2048.000.000) 12/07 18:40:17 Job submitted from host: <54.193.25.121:42932?addrs=54.193.25.121-42932>
    DAG Node: stage_in_remote_local_2_0
    pool:local
...
016 (2039.000.000) 12/07 18:40:18 POST Script terminated.
	(1) Normal termination (return value 0)
    DAG Node: stage_in_local_local_2_1
...
016 (2038.000.000) 12/07 18:40:18 POST Script terminated.
	(1) Normal termination (return value 0)
    DAG Node: stage_in_local_local_2_0
...
016 (2042.000.000) 12/07 18:40:18 POST Script terminated.
	(1) Normal termination (return value 0)
    DAG Node: stage_in_local_local_5_0
...
016 (2040.000.000) 12/07 18:40:18 POST Script terminated.
	(1) Normal termination (return value 0)
    DAG Node: stage_in_remote_local_1_0
...
016 (2041.000.000) 12/07 18:40:18 POST Script terminated.
	(1) Normal termination (return value 0)
    DAG Node: stage_in_local_local_3_0
...
016 (2043.000.000) 12/07 18:40:18 POST Script terminated.
	(1) Normal termination (return value 0)
    DAG Node: stage_in_local_local_4_0
...
005 (2044.000.000) 12/07 18:40:19 Job terminated.
	(1) Normal termination (return value 0)
		Usr 0 00:00:00, Sys 0 00:00:00  -  Run Remote Usage
		Usr 0 00:00:00, Sys 0 00:00:00  -  Run Local Usage
		Usr 0 00:00:00, Sys 0 00:00:00  -  Total Remote Usage
		Usr 0 00:00:00, Sys 0 00:00:00  -  Total Local Usage
	0  -  Run Bytes Sent By Job
	0  -  Run Bytes Received By Job
	0  -  Total Bytes Sent By Job
	0  -  Total Bytes Received By Job
...
001 (2046.000.000) 12/07 18:40:20 Job executing on host: <54.193.25.121:31510?addrs=54.193.25.121-31510>
...
001 (2045.000.000) 12/07 18:40:20 Job executing on host: <54.193.25.121:51109?addrs=54.193.25.121-51109>
...
001 (2048.000.000) 12/07 18:40:20 Job executing on host: <54.193.25.121:24015?addrs=54.193.25.121-24015>
...
001 (2047.000.000) 12/07 18:40:20 Job executing on host: <54.193.25.121:42538?addrs=54.193.25.121-42538>
...
005 (2046.000.000) 12/07 18:40:22 Job terminated.
	(1) Normal termination (return value 0)
		Usr 0 00:00:00, Sys 0 00:00:00  -  Run Remote Usage
		Usr 0 00:00:00, Sys 0 00:00:00  -  Run Local Usage
		Usr 0 00:00:00, Sys 0 00:00:00  -  Total Remote Usage
		Usr 0 00:00:00, Sys 0 00:00:00  -  Total Local Usage
	0  -  Run Bytes Sent By Job
	0  -  Run Bytes Received By Job
	0  -  Total Bytes Sent By Job
	0  -  Total Bytes Received By Job
...
005 (2045.000.000) 12/07 18:40:22 Job terminated.
	(1) Normal termination (return value 0)
		Usr 0 00:00:00, Sys 0 00:00:00  -  Run Remote Usage
		Usr 0 00:00:00, Sys 0 00:00:00  -  Run Local Usage
		Usr 0 00:00:00, Sys 0 00:00:00  -  Total Remote Usage
		Usr 0 00:00:00, Sys 0 00:00:00  -  Total Local Usage
	0  -  Run Bytes Sent By Job
	0  -  Run Bytes Received By Job
	0  -  Total Bytes Sent By Job
	0  -  Total Bytes Received By Job
...
000 (2049.000.000) 12/07 18:40:22 Job submitted from host: <54.193.25.121:42932?addrs=54.193.25.121-42932>
    DAG Node: stage_in_remote_local_3_1
    pool:local
...
001 (2049.000.000) 12/07 18:40:23 Job executing on host: <54.193.25.121:9072?addrs=54.193.25.121-9072>
...
000 (2050.000.000) 12/07 18:40:23 Job submitted from host: <54.193.25.121:42932?addrs=54.193.25.121-42932>
    DAG Node: stage_in_remote_local_3_0
    pool:local
...
000 (2051.000.000) 12/07 18:40:23 Job submitted from host: <54.193.25.121:42932?addrs=54.193.25.121-42932>
    DAG Node: stage_in_remote_local_6_0
    pool:local
...
001 (2050.000.000) 12/07 18:40:23 Job executing on host: <54.193.25.121:36914?addrs=54.193.25.121-36914>
...
000 (2052.000.000) 12/07 18:40:23 Job submitted from host: <54.193.25.121:42932?addrs=54.193.25.121-42932>
    DAG Node: init_0_ID0000001
    pool:condorpool
...
016 (2044.000.000) 12/07 18:40:23 POST Script terminated.
	(1) Normal termination (return value 0)
    DAG Node: stage_in_local_local_7_0
...
016 (2045.000.000) 12/07 18:40:24 POST Script terminated.
	(1) Normal termination (return value 0)
    DAG Node: stage_in_local_local_1_0
...
016 (2046.000.000) 12/07 18:40:24 POST Script terminated.
	(1) Normal termination (return value 0)
    DAG Node: stage_in_remote_local_4_1
...
005 (2048.000.000) 12/07 18:40:24 Job terminated.
	(1) Normal termination (return value 0)
		Usr 0 00:00:00, Sys 0 00:00:00  -  Run Remote Usage
		Usr 0 00:00:00, Sys 0 00:00:00  -  Run Local Usage
		Usr 0 00:00:00, Sys 0 00:00:00  -  Total Remote Usage
		Usr 0 00:00:00, Sys 0 00:00:00  -  Total Local Usage
	0  -  Run Bytes Sent By Job
	0  -  Run Bytes Received By Job
	0  -  Total Bytes Sent By Job
	0  -  Total Bytes Received By Job
...
001 (2051.000.000) 12/07 18:40:24 Job executing on host: <54.193.25.121:64133?addrs=54.193.25.121-64133>
...
005 (2047.000.000) 12/07 18:40:24 Job terminated.
	(1) Normal termination (return value 0)
		Usr 0 00:00:00, Sys 0 00:00:00  -  Run Remote Usage
		Usr 0 00:00:00, Sys 0 00:00:00  -  Run Local Usage
		Usr 0 00:00:00, Sys 0 00:00:00  -  Total Remote Usage
		Usr 0 00:00:00, Sys 0 00:00:00  -  Total Local Usage
	0  -  Run Bytes Sent By Job
	0  -  Run Bytes Received By Job
	0  -  Total Bytes Sent By Job
	0  -  Total Bytes Received By Job
...
005 (2049.000.000) 12/07 18:40:25 Job terminated.
	(1) Normal termination (return value 0)
		Usr 0 00:00:00, Sys 0 00:00:00  -  Run Remote Usage
		Usr 0 00:00:00, Sys 0 00:00:00  -  Run Local Usage
		Usr 0 00:00:00, Sys 0 00:00:00  -  Total Remote Usage
		Usr 0 00:00:00, Sys 0 00:00:00  -  Total Local Usage
	0  -  Run Bytes Sent By Job
	0  -  Run Bytes Received By Job
	0  -  Total Bytes Sent By Job
	0  -  Total Bytes Received By Job
...
005 (2051.000.000) 12/07 18:40:27 Job terminated.
	(1) Normal termination (return value 0)
		Usr 0 00:00:00, Sys 0 00:00:00  -  Run Remote Usage
		Usr 0 00:00:00, Sys 0 00:00:00  -  Run Local Usage
		Usr 0 00:00:00, Sys 0 00:00:00  -  Total Remote Usage
		Usr 0 00:00:00, Sys 0 00:00:00  -  Total Local Usage
	0  -  Run Bytes Sent By Job
	0  -  Run Bytes Received By Job
	0  -  Total Bytes Sent By Job
	0  -  Total Bytes Received By Job
...
005 (2050.000.000) 12/07 18:40:27 Job terminated.
	(1) Normal termination (return value 0)
		Usr 0 00:00:00, Sys 0 00:00:00  -  Run Remote Usage
		Usr 0 00:00:00, Sys 0 00:00:00  -  Run Local Usage
		Usr 0 00:00:00, Sys 0 00:00:00  -  Total Remote Usage
		Usr 0 00:00:00, Sys 0 00:00:00  -  Total Local Usage
	0  -  Run Bytes Sent By Job
	0  -  Run Bytes Received By Job
	0  -  Total Bytes Sent By Job
	0  -  Total Bytes Received By Job
...
016 (2048.000.000) 12/07 18:40:28 POST Script terminated.
	(1) Normal termination (return value 0)
    DAG Node: stage_in_remote_local_2_0
...
016 (2051.000.000) 12/07 18:40:28 POST Script terminated.
	(1) Normal termination (return value 0)
    DAG Node: stage_in_remote_local_6_0
...
016 (2047.000.000) 12/07 18:40:28 POST Script terminated.
	(1) Normal termination (return value 0)
    DAG Node: stage_in_remote_local_4_0
...
016 (2049.000.000) 12/07 18:40:28 POST Script terminated.
	(1) Normal termination (return value 0)
    DAG Node: stage_in_remote_local_3_1
...
016 (2050.000.000) 12/07 18:40:28 POST Script terminated.
	(1) Normal termination (return value 0)
    DAG Node: stage_in_remote_local_3_0
...
001 (2052.000.000) 12/07 18:40:47 Job executing on host: <54.191.58.231:56510?addrs=54.191.58.231-56510&noUDP>
...
005 (2052.000.000) 12/07 18:50:39 Job terminated.
	(1) Normal termination (return value 0)
		Usr 0 00:00:00, Sys 0 00:00:00  -  Run Remote Usage
		Usr 0 00:00:00, Sys 0 00:00:00  -  Run Local Usage
		Usr 0 00:00:00, Sys 0 00:00:00  -  Total Remote Usage
		Usr 0 00:00:00, Sys 0 00:00:00  -  Total Local Usage
	4456  -  Run Bytes Sent By Job
	3169717  -  Run Bytes Received By Job
	4456  -  Total Bytes Sent By Job
	3169717  -  Total Bytes Received By Job
	Partitionable Resources :    Usage  Request Allocated
	   Cpus                 :                 1         1
	   Disk (KB)            :     6105     3250  28003436
	   Memory (MB)          :       15        1      3764
...
016 (2052.000.000) 12/07 18:50:44 POST Script terminated.
	(1) Normal termination (return value 0)
    DAG Node: init_0_ID0000001
...
000 (2053.000.000) 12/07 18:50:54 Job submitted from host: <54.193.25.121:42932?addrs=54.193.25.121-42932>
    DAG Node: clean_up_local_level_3_0
    pool:local
...
000 (2054.000.000) 12/07 18:50:54 Job submitted from host: <54.193.25.121:42932?addrs=54.193.25.121-42932>
    DAG Node: generalinfo_0_ID0000002
    pool:condorpool
...
001 (2053.000.000) 12/07 18:50:54 Job executing on host: <54.193.25.121:1259?addrs=54.193.25.121-1259>
...
001 (2054.000.000) 12/07 18:50:55 Job executing on host: <54.191.58.231:56510?addrs=54.191.58.231-56510&noUDP>
...
005 (2053.000.000) 12/07 18:50:57 Job terminated.
	(1) Normal termination (return value 0)
		Usr 0 00:00:00, Sys 0 00:00:00  -  Run Remote Usage
		Usr 0 00:00:00, Sys 0 00:00:00  -  Run Local Usage
		Usr 0 00:00:00, Sys 0 00:00:00  -  Total Remote Usage
		Usr 0 00:00:00, Sys 0 00:00:00  -  Total Local Usage
	0  -  Run Bytes Sent By Job
	0  -  Run Bytes Received By Job
	0  -  Total Bytes Sent By Job
	0  -  Total Bytes Received By Job
...
016 (2053.000.000) 12/07 18:51:00 POST Script terminated.
	(1) Normal termination (return value 0)
    DAG Node: clean_up_local_level_3_0
...
005 (2054.000.000) 12/07 19:53:22 Job terminated.
	(1) Normal termination (return value 0)
		Usr 0 00:58:53, Sys 0 00:00:42  -  Run Remote Usage
		Usr 0 00:00:00, Sys 0 00:00:00  -  Run Local Usage
		Usr 0 00:58:53, Sys 0 00:00:42  -  Total Remote Usage
		Usr 0 00:00:00, Sys 0 00:00:00  -  Total Local Usage
	5016  -  Run Bytes Sent By Job
	3168725  -  Run Bytes Received By Job
	5016  -  Total Bytes Sent By Job
	3168725  -  Total Bytes Received By Job
	Partitionable Resources :    Usage  Request Allocated
	   Cpus                 :                 1         1
	   Disk (KB)            :     6106     3250  28003436
	   Memory (MB)          :      130        1      3764
...
016 (2054.000.000) 12/07 19:53:23 POST Script terminated.
	(1) Normal termination (return value 0)
    DAG Node: generalinfo_0_ID0000002
...
000 (2055.000.000) 12/07 19:53:33 Job submitted from host: <54.193.25.121:42932?addrs=54.193.25.121-42932>
    DAG Node: clean_up_local_level_4_0
    pool:local
...
001 (2055.000.000) 12/07 19:53:33 Job executing on host: <54.193.25.121:41305?addrs=54.193.25.121-41305>
...
000 (2056.000.000) 12/07 19:53:33 Job submitted from host: <54.193.25.121:42932?addrs=54.193.25.121-42932>
    DAG Node: statscpumemory_0_ID0000003
    pool:condorpool
...
000 (2057.000.000) 12/07 19:53:33 Job submitted from host: <54.193.25.121:42932?addrs=54.193.25.121-42932>
    DAG Node: medianmemory_0_ID0000005
    pool:condorpool
...
000 (2058.000.000) 12/07 19:53:33 Job submitted from host: <54.193.25.121:42932?addrs=54.193.25.121-42932>
    DAG Node: mediancpu_0_ID0000004
    pool:condorpool
...
005 (2055.000.000) 12/07 19:53:37 Job terminated.
	(1) Normal termination (return value 0)
		Usr 0 00:00:00, Sys 0 00:00:00  -  Run Remote Usage
		Usr 0 00:00:00, Sys 0 00:00:00  -  Run Local Usage
		Usr 0 00:00:00, Sys 0 00:00:00  -  Total Remote Usage
		Usr 0 00:00:00, Sys 0 00:00:00  -  Total Local Usage
	0  -  Run Bytes Sent By Job
	0  -  Run Bytes Received By Job
	0  -  Total Bytes Sent By Job
	0  -  Total Bytes Received By Job
...
016 (2055.000.000) 12/07 19:53:38 POST Script terminated.
	(1) Normal termination (return value 0)
    DAG Node: clean_up_local_level_4_0
...
001 (2057.000.000) 12/07 19:53:48 Job executing on host: <54.203.38.135:36490?addrs=54.203.38.135-36490&noUDP>
...
001 (2056.000.000) 12/07 19:53:48 Job executing on host: <54.191.58.231:56510?addrs=54.191.58.231-56510&noUDP>
...
001 (2058.000.000) 12/07 19:53:48 Job executing on host: <54.244.70.179:30476?addrs=54.244.70.179-30476&noUDP>
...
005 (2056.000.000) 12/07 22:03:28 Job terminated.
	(1) Normal termination (return value 0)
		Usr 0 02:02:30, Sys 0 00:01:37  -  Run Remote Usage
		Usr 0 00:00:00, Sys 0 00:00:00  -  Run Local Usage
		Usr 0 02:02:30, Sys 0 00:01:37  -  Total Remote Usage
		Usr 0 00:00:00, Sys 0 00:00:00  -  Total Local Usage
	5289  -  Run Bytes Sent By Job
	3170897  -  Run Bytes Received By Job
	5289  -  Total Bytes Sent By Job
	3170897  -  Total Bytes Received By Job
	Partitionable Resources :    Usage  Request Allocated
	   Cpus                 :                 1         1
	   Disk (KB)            :     6108     3250  28003216
	   Memory (MB)          :      135        1      3764
...
016 (2056.000.000) 12/07 22:03:32 POST Script terminated.
	(1) Normal termination (return value 0)
    DAG Node: statscpumemory_0_ID0000003
...
005 (2057.000.000) 12/07 22:04:01 Job terminated.
	(1) Normal termination (return value 0)
		Usr 0 02:02:54, Sys 0 00:02:02  -  Run Remote Usage
		Usr 0 00:00:00, Sys 0 00:00:00  -  Run Local Usage
		Usr 0 02:02:54, Sys 0 00:02:02  -  Total Remote Usage
		Usr 0 00:00:00, Sys 0 00:00:00  -  Total Local Usage
	379620  -  Run Bytes Sent By Job
	3168620  -  Run Bytes Received By Job
	379620  -  Total Bytes Sent By Job
	3168620  -  Total Bytes Received By Job
	Partitionable Resources :    Usage  Request Allocated
	   Cpus                 :                 1         1
	   Disk (KB)            :  5910481     3250  28004112
	   Memory (MB)          :      149        1      3764
...
016 (2057.000.000) 12/07 22:04:06 POST Script terminated.
	(1) Normal termination (return value 0)
    DAG Node: medianmemory_0_ID0000005
...
000 (2059.000.000) 12/07 22:04:16 Job submitted from host: <54.193.25.121:42932?addrs=54.193.25.121-42932>
    DAG Node: clean_up_local_level_5_0
    pool:local
...
001 (2059.000.000) 12/07 22:04:16 Job executing on host: <54.193.25.121:17763?addrs=54.193.25.121-17763>
...
005 (2059.000.000) 12/07 22:04:24 Job terminated.
	(1) Normal termination (return value 0)
		Usr 0 00:00:00, Sys 0 00:00:00  -  Run Remote Usage
		Usr 0 00:00:00, Sys 0 00:00:00  -  Run Local Usage
		Usr 0 00:00:00, Sys 0 00:00:00  -  Total Remote Usage
		Usr 0 00:00:00, Sys 0 00:00:00  -  Total Local Usage
	0  -  Run Bytes Sent By Job
	0  -  Run Bytes Received By Job
	0  -  Total Bytes Sent By Job
	0  -  Total Bytes Received By Job
...
016 (2059.000.000) 12/07 22:04:26 POST Script terminated.
	(1) Normal termination (return value 0)
    DAG Node: clean_up_local_level_5_0
...
005 (2058.000.000) 12/07 22:09:00 Job terminated.
	(1) Normal termination (return value 0)
		Usr 0 02:08:36, Sys 0 00:01:33  -  Run Remote Usage
		Usr 0 00:00:00, Sys 0 00:00:00  -  Run Local Usage
		Usr 0 02:08:36, Sys 0 00:01:33  -  Total Remote Usage
		Usr 0 00:00:00, Sys 0 00:00:00  -  Total Local Usage
	382101  -  Run Bytes Sent By Job
	3168584  -  Run Bytes Received By Job
	382101  -  Total Bytes Sent By Job
	3168584  -  Total Bytes Received By Job
	Partitionable Resources :    Usage  Request Allocated
	   Cpus                 :                 1         1
	   Disk (KB)            :  5780489     3250  28003904
	   Memory (MB)          :      153        1      3764
...
016 (2058.000.000) 12/07 22:09:02 POST Script terminated.
	(1) Normal termination (return value 0)
    DAG Node: mediancpu_0_ID0000004
...
000 (2060.000.000) 12/07 22:09:11 Job submitted from host: <54.193.25.121:42932?addrs=54.193.25.121-42932>
    DAG Node: taskevent_0_ID0000006
    pool:condorpool
...
000 (2061.000.000) 12/07 22:09:11 Job submitted from host: <54.193.25.121:42932?addrs=54.193.25.121-42932>
    DAG Node: clean_up_local_level_5_1
    pool:local
...
001 (2060.000.000) 12/07 22:09:12 Job executing on host: <54.191.58.231:56510?addrs=54.191.58.231-56510&noUDP>
...
001 (2061.000.000) 12/07 22:09:16 Job executing on host: <54.193.25.121:30921?addrs=54.193.25.121-30921>
...
005 (2061.000.000) 12/07 22:09:20 Job terminated.
	(1) Normal termination (return value 0)
		Usr 0 00:00:00, Sys 0 00:00:00  -  Run Remote Usage
		Usr 0 00:00:00, Sys 0 00:00:00  -  Run Local Usage
		Usr 0 00:00:00, Sys 0 00:00:00  -  Total Remote Usage
		Usr 0 00:00:00, Sys 0 00:00:00  -  Total Local Usage
	0  -  Run Bytes Sent By Job
	0  -  Run Bytes Received By Job
	0  -  Total Bytes Sent By Job
	0  -  Total Bytes Received By Job
...
016 (2061.000.000) 12/07 22:09:21 POST Script terminated.
	(1) Normal termination (return value 0)
    DAG Node: clean_up_local_level_5_1
...
005 (2060.000.000) 12/08 01:19:29 Job terminated.
	(1) Normal termination (return value 0)
		Usr 0 02:09:36, Sys 0 00:01:34  -  Run Remote Usage
		Usr 0 00:00:00, Sys 0 00:00:00  -  Run Local Usage
		Usr 0 02:09:36, Sys 0 00:01:34  -  Total Remote Usage
		Usr 0 00:00:00, Sys 0 00:00:00  -  Total Local Usage
	12542  -  Run Bytes Sent By Job
	3174530  -  Run Bytes Received By Job
	12542  -  Total Bytes Sent By Job
	3174530  -  Total Bytes Received By Job
	Partitionable Resources :    Usage  Request Allocated
	   Cpus                 :                 1         1
	   Disk (KB)            :     6120     3250  28002864
	   Memory (MB)          :      131        1      3764
...
016 (2060.000.000) 12/08 01:19:33 POST Script terminated.
	(1) Normal termination (return value 0)
    DAG Node: taskevent_0_ID0000006
...
000 (2062.000.000) 12/08 01:19:43 Job submitted from host: <54.193.25.121:42932?addrs=54.193.25.121-42932>
    DAG Node: clean_up_local_level_6_0
    pool:local
...
001 (2062.000.000) 12/08 01:19:43 Job executing on host: <54.193.25.121:34199?addrs=54.193.25.121-34199>
...
000 (2063.000.000) 12/08 01:19:43 Job submitted from host: <54.193.25.121:42932?addrs=54.193.25.121-42932>
    DAG Node: calculateratio_0_ID0000007
    pool:condorpool
...
005 (2062.000.000) 12/08 01:19:51 Job terminated.
	(1) Normal termination (return value 0)
		Usr 0 00:00:00, Sys 0 00:00:00  -  Run Remote Usage
		Usr 0 00:00:00, Sys 0 00:00:00  -  Run Local Usage
		Usr 0 00:00:00, Sys 0 00:00:00  -  Total Remote Usage
		Usr 0 00:00:00, Sys 0 00:00:00  -  Total Local Usage
	0  -  Run Bytes Sent By Job
	0  -  Run Bytes Received By Job
	0  -  Total Bytes Sent By Job
	0  -  Total Bytes Received By Job
...
016 (2062.000.000) 12/08 01:19:54 POST Script terminated.
	(1) Normal termination (return value 0)
    DAG Node: clean_up_local_level_6_0
...
001 (2063.000.000) 12/08 01:19:57 Job executing on host: <54.191.58.231:56510?addrs=54.191.58.231-56510&noUDP>
...
005 (2063.000.000) 12/08 05:45:31 Job terminated.
	(1) Normal termination (return value 0)
		Usr 0 01:55:22, Sys 0 00:04:20  -  Run Remote Usage
		Usr 0 00:00:00, Sys 0 00:00:00  -  Run Local Usage
		Usr 0 01:55:22, Sys 0 00:04:20  -  Total Remote Usage
		Usr 0 00:00:00, Sys 0 00:00:00  -  Total Local Usage
	359357  -  Run Bytes Sent By Job
	3173260  -  Run Bytes Received By Job
	359357  -  Total Bytes Sent By Job
	3173260  -  Total Bytes Received By Job
	Partitionable Resources :    Usage  Request Allocated
	   Cpus                 :                 1         1
	   Disk (KB)            :     7391     3250  28002072
	   Memory (MB)          :      151        1      3764
...
016 (2063.000.000) 12/08 05:45:34 POST Script terminated.
	(1) Normal termination (return value 0)
    DAG Node: calculateratio_0_ID0000007
...
000 (2064.000.000) 12/08 05:45:44 Job submitted from host: <54.193.25.121:42932?addrs=54.193.25.121-42932>
    DAG Node: clean_up_local_level_7_0
    pool:local
...
001 (2064.000.000) 12/08 05:45:44 Job executing on host: <54.193.25.121:14068?addrs=54.193.25.121-14068>
...
000 (2065.000.000) 12/08 05:45:44 Job submitted from host: <54.193.25.121:42932?addrs=54.193.25.121-42932>
    DAG Node: averageratioevent_0_ID0000008
    pool:condorpool
...
005 (2064.000.000) 12/08 05:45:53 Job terminated.
	(1) Normal termination (return value 0)
		Usr 0 00:00:00, Sys 0 00:00:00  -  Run Remote Usage
		Usr 0 00:00:00, Sys 0 00:00:00  -  Run Local Usage
		Usr 0 00:00:00, Sys 0 00:00:00  -  Total Remote Usage
		Usr 0 00:00:00, Sys 0 00:00:00  -  Total Local Usage
	0  -  Run Bytes Sent By Job
	0  -  Run Bytes Received By Job
	0  -  Total Bytes Sent By Job
	0  -  Total Bytes Received By Job
...
016 (2064.000.000) 12/08 05:45:55 POST Script terminated.
	(1) Normal termination (return value 0)
    DAG Node: clean_up_local_level_7_0
...
001 (2065.000.000) 12/08 05:46:04 Job executing on host: <54.191.58.231:56510?addrs=54.191.58.231-56510&noUDP>
...
005 (2065.000.000) 12/08 06:07:26 Job terminated.
	(1) Normal termination (return value 0)
		Usr 0 00:15:50, Sys 0 00:00:14  -  Run Remote Usage
		Usr 0 00:00:00, Sys 0 00:00:00  -  Run Local Usage
		Usr 0 00:15:50, Sys 0 00:00:14  -  Total Remote Usage
		Usr 0 00:00:00, Sys 0 00:00:00  -  Total Local Usage
	266709  -  Run Bytes Sent By Job
	3169520  -  Run Bytes Received By Job
	266709  -  Total Bytes Sent By Job
	3169520  -  Total Bytes Received By Job
	Partitionable Resources :    Usage  Request Allocated
	   Cpus                 :                 1         1
	   Disk (KB)            :   189042     3250  27995300
	   Memory (MB)          :      141        1      3764
...
016 (2065.000.000) 12/08 06:07:26 POST Script terminated.
	(1) Normal termination (return value 0)
    DAG Node: averageratioevent_0_ID0000008
...
000 (2066.000.000) 12/08 06:07:36 Job submitted from host: <54.193.25.121:42932?addrs=54.193.25.121-42932>
    DAG Node: clean_up_local_level_8_0
    pool:local
...
000 (2067.000.000) 12/08 06:07:36 Job submitted from host: <54.193.25.121:42932?addrs=54.193.25.121-42932>
    DAG Node: analysisevent_0_ID0000009
    pool:condorpool
...
001 (2066.000.000) 12/08 06:07:36 Job executing on host: <54.193.25.121:6747?addrs=54.193.25.121-6747>
...
005 (2066.000.000) 12/08 06:07:41 Job terminated.
	(1) Normal termination (return value 0)
		Usr 0 00:00:00, Sys 0 00:00:00  -  Run Remote Usage
		Usr 0 00:00:00, Sys 0 00:00:00  -  Run Local Usage
		Usr 0 00:00:00, Sys 0 00:00:00  -  Total Remote Usage
		Usr 0 00:00:00, Sys 0 00:00:00  -  Total Local Usage
	0  -  Run Bytes Sent By Job
	0  -  Run Bytes Received By Job
	0  -  Total Bytes Sent By Job
	0  -  Total Bytes Received By Job
...
016 (2066.000.000) 12/08 06:07:42 POST Script terminated.
	(1) Normal termination (return value 0)
    DAG Node: clean_up_local_level_8_0
...
001 (2067.000.000) 12/08 06:07:57 Job executing on host: <54.191.58.231:56510?addrs=54.191.58.231-56510&noUDP>
...
005 (2067.000.000) 12/08 06:07:58 Job terminated.
	(1) Normal termination (return value 0)
		Usr 0 00:00:00, Sys 0 00:00:00  -  Run Remote Usage
		Usr 0 00:00:00, Sys 0 00:00:00  -  Run Local Usage
		Usr 0 00:00:00, Sys 0 00:00:00  -  Total Remote Usage
		Usr 0 00:00:00, Sys 0 00:00:00  -  Total Local Usage
	5072  -  Run Bytes Sent By Job
	3169007  -  Run Bytes Received By Job
	5072  -  Total Bytes Sent By Job
	3169007  -  Total Bytes Received By Job
	Partitionable Resources :    Usage  Request Allocated
	   Cpus                 :                 1         1
	   Disk (KB)            :     6106     3250  28002468
	   Memory (MB)          :        0        1      3764
...
016 (2067.000.000) 12/08 06:08:01 POST Script terminated.
	(1) Normal termination (return value 0)
    DAG Node: analysisevent_0_ID0000009
...
000 (2068.000.000) 12/08 06:08:11 Job submitted from host: <54.193.25.121:42932?addrs=54.193.25.121-42932>
    DAG Node: terminate_0_ID0000010
    pool:condorpool
...
000 (2069.000.000) 12/08 06:08:17 Job submitted from host: <54.193.25.121:42932?addrs=54.193.25.121-42932>
    DAG Node: clean_up_local_level_9_0
    pool:local
...
001 (2069.000.000) 12/08 06:08:17 Job executing on host: <54.193.25.121:49309?addrs=54.193.25.121-49309>
...
001 (2068.000.000) 12/08 06:08:17 Job executing on host: <54.191.58.231:56510?addrs=54.191.58.231-56510&noUDP>
...
005 (2068.000.000) 12/08 06:08:18 Job terminated.
	(1) Normal termination (return value 0)
		Usr 0 00:00:00, Sys 0 00:00:00  -  Run Remote Usage
		Usr 0 00:00:00, Sys 0 00:00:00  -  Run Local Usage
		Usr 0 00:00:00, Sys 0 00:00:00  -  Total Remote Usage
		Usr 0 00:00:00, Sys 0 00:00:00  -  Total Local Usage
	4460  -  Run Bytes Sent By Job
	3167466  -  Run Bytes Received By Job
	4460  -  Total Bytes Sent By Job
	3167466  -  Total Bytes Received By Job
	Partitionable Resources :    Usage  Request Allocated
	   Cpus                 :                 1         1
	   Disk (KB)            :     6103     3250  28002468
	   Memory (MB)          :        0        1      3764
...
005 (2069.000.000) 12/08 06:08:21 Job terminated.
	(1) Normal termination (return value 0)
		Usr 0 00:00:00, Sys 0 00:00:00  -  Run Remote Usage
		Usr 0 00:00:00, Sys 0 00:00:00  -  Run Local Usage
		Usr 0 00:00:00, Sys 0 00:00:00  -  Total Remote Usage
		Usr 0 00:00:00, Sys 0 00:00:00  -  Total Local Usage
	0  -  Run Bytes Sent By Job
	0  -  Run Bytes Received By Job
	0  -  Total Bytes Sent By Job
	0  -  Total Bytes Received By Job
...
016 (2068.000.000) 12/08 06:08:22 POST Script terminated.
	(1) Normal termination (return value 0)
    DAG Node: terminate_0_ID0000010
...
016 (2069.000.000) 12/08 06:08:22 POST Script terminated.
	(1) Normal termination (return value 0)
    DAG Node: clean_up_local_level_9_0
...
000 (2070.000.000) 12/08 06:08:32 Job submitted from host: <54.193.25.121:42932?addrs=54.193.25.121-42932>
    DAG Node: clean_up_local_level_10_0
    pool:local
...
001 (2070.000.000) 12/08 06:08:32 Job executing on host: <54.193.25.121:59718?addrs=54.193.25.121-59718>
...
005 (2070.000.000) 12/08 06:08:34 Job terminated.
	(1) Normal termination (return value 0)
		Usr 0 00:00:00, Sys 0 00:00:00  -  Run Remote Usage
		Usr 0 00:00:00, Sys 0 00:00:00  -  Run Local Usage
		Usr 0 00:00:00, Sys 0 00:00:00  -  Total Remote Usage
		Usr 0 00:00:00, Sys 0 00:00:00  -  Total Local Usage
	0  -  Run Bytes Sent By Job
	0  -  Run Bytes Received By Job
	0  -  Total Bytes Sent By Job
	0  -  Total Bytes Received By Job
...
016 (2070.000.000) 12/08 06:08:37 POST Script terminated.
	(1) Normal termination (return value 0)
    DAG Node: clean_up_local_level_10_0
...
000 (2071.000.000) 12/08 06:08:47 Job submitted from host: <54.193.25.121:42932?addrs=54.193.25.121-42932>
    DAG Node: cleanup_example_workflow_0_local
    pool:local
...
001 (2071.000.000) 12/08 06:08:47 Job executing on host: <54.193.25.121:44231?addrs=54.193.25.121-44231>
...
005 (2071.000.000) 12/08 06:08:50 Job terminated.
	(1) Normal termination (return value 0)
		Usr 0 00:00:00, Sys 0 00:00:00  -  Run Remote Usage
		Usr 0 00:00:00, Sys 0 00:00:00  -  Run Local Usage
		Usr 0 00:00:00, Sys 0 00:00:00  -  Total Remote Usage
		Usr 0 00:00:00, Sys 0 00:00:00  -  Total Local Usage
	0  -  Run Bytes Sent By Job
	0  -  Run Bytes Received By Job
	0  -  Total Bytes Sent By Job
	0  -  Total Bytes Received By Job
...
