000 (8586.000.000) 12/07 13:55:52 Job submitted from host: <54.67.10.246:6432?addrs=54.67.10.246-6432>
    DAG Node: create_dir_example_workflow_0_local
    pool:local
...
001 (8586.000.000) 12/07 13:55:53 Job executing on host: <54.67.10.246:60138?addrs=54.67.10.246-60138>
...
005 (8586.000.000) 12/07 13:55:56 Job terminated.
	(1) Normal termination (return value 0)
		Usr 0 00:00:00, Sys 0 00:00:00  -  Run Remote Usage
		Usr 0 00:00:00, Sys 0 00:00:00  -  Run Local Usage
		Usr 0 00:00:00, Sys 0 00:00:00  -  Total Remote Usage
		Usr 0 00:00:00, Sys 0 00:00:00  -  Total Local Usage
	0  -  Run Bytes Sent By Job
	0  -  Run Bytes Received By Job
	0  -  Total Bytes Sent By Job
	0  -  Total Bytes Received By Job
...
016 (8586.000.000) 12/07 13:55:58 POST Script terminated.
	(1) Normal termination (return value 0)
    DAG Node: create_dir_example_workflow_0_local
...
000 (8587.000.000) 12/07 13:56:07 Job submitted from host: <54.67.10.246:6432?addrs=54.67.10.246-6432>
    DAG Node: stage_in_local_local_0_0
    pool:local
...
001 (8587.000.000) 12/07 13:56:07 Job executing on host: <54.67.10.246:24486?addrs=54.67.10.246-24486>
...
000 (8588.000.000) 12/07 13:56:07 Job submitted from host: <54.67.10.246:6432?addrs=54.67.10.246-6432>
    DAG Node: stage_in_local_local_6_0
    pool:local
...
000 (8589.000.000) 12/07 13:56:07 Job submitted from host: <54.67.10.246:6432?addrs=54.67.10.246-6432>
    DAG Node: stage_in_remote_local_2_1
    pool:local
...
000 (8590.000.000) 12/07 13:56:07 Job submitted from host: <54.67.10.246:6432?addrs=54.67.10.246-6432>
    DAG Node: stage_in_remote_local_5_0
    pool:local
...
000 (8591.000.000) 12/07 13:56:07 Job submitted from host: <54.67.10.246:6432?addrs=54.67.10.246-6432>
    DAG Node: stage_in_local_local_2_0
    pool:local
...
005 (8587.000.000) 12/07 13:56:09 Job terminated.
	(1) Normal termination (return value 0)
		Usr 0 00:00:00, Sys 0 00:00:00  -  Run Remote Usage
		Usr 0 00:00:00, Sys 0 00:00:00  -  Run Local Usage
		Usr 0 00:00:00, Sys 0 00:00:00  -  Total Remote Usage
		Usr 0 00:00:00, Sys 0 00:00:00  -  Total Local Usage
	0  -  Run Bytes Sent By Job
	0  -  Run Bytes Received By Job
	0  -  Total Bytes Sent By Job
	0  -  Total Bytes Received By Job
...
001 (8590.000.000) 12/07 13:56:09 Job executing on host: <54.67.10.246:53420?addrs=54.67.10.246-53420>
...
001 (8589.000.000) 12/07 13:56:09 Job executing on host: <54.67.10.246:26466?addrs=54.67.10.246-26466>
...
001 (8588.000.000) 12/07 13:56:09 Job executing on host: <54.67.10.246:55988?addrs=54.67.10.246-55988>
...
001 (8591.000.000) 12/07 13:56:09 Job executing on host: <54.67.10.246:60292?addrs=54.67.10.246-60292>
...
005 (8589.000.000) 12/07 13:56:12 Job terminated.
	(1) Normal termination (return value 0)
		Usr 0 00:00:00, Sys 0 00:00:00  -  Run Remote Usage
		Usr 0 00:00:00, Sys 0 00:00:00  -  Run Local Usage
		Usr 0 00:00:00, Sys 0 00:00:00  -  Total Remote Usage
		Usr 0 00:00:00, Sys 0 00:00:00  -  Total Local Usage
	0  -  Run Bytes Sent By Job
	0  -  Run Bytes Received By Job
	0  -  Total Bytes Sent By Job
	0  -  Total Bytes Received By Job
...
005 (8590.000.000) 12/07 13:56:12 Job terminated.
	(1) Normal termination (return value 0)
		Usr 0 00:00:00, Sys 0 00:00:00  -  Run Remote Usage
		Usr 0 00:00:00, Sys 0 00:00:00  -  Run Local Usage
		Usr 0 00:00:00, Sys 0 00:00:00  -  Total Remote Usage
		Usr 0 00:00:00, Sys 0 00:00:00  -  Total Local Usage
	0  -  Run Bytes Sent By Job
	0  -  Run Bytes Received By Job
	0  -  Total Bytes Sent By Job
	0  -  Total Bytes Received By Job
...
005 (8588.000.000) 12/07 13:56:12 Job terminated.
	(1) Normal termination (return value 0)
		Usr 0 00:00:00, Sys 0 00:00:00  -  Run Remote Usage
		Usr 0 00:00:00, Sys 0 00:00:00  -  Run Local Usage
		Usr 0 00:00:00, Sys 0 00:00:00  -  Total Remote Usage
		Usr 0 00:00:00, Sys 0 00:00:00  -  Total Local Usage
	0  -  Run Bytes Sent By Job
	0  -  Run Bytes Received By Job
	0  -  Total Bytes Sent By Job
	0  -  Total Bytes Received By Job
...
000 (8592.000.000) 12/07 13:56:12 Job submitted from host: <54.67.10.246:6432?addrs=54.67.10.246-6432>
    DAG Node: stage_in_local_local_2_1
    pool:local
...
001 (8592.000.000) 12/07 13:56:12 Job executing on host: <54.67.10.246:46924?addrs=54.67.10.246-46924>
...
000 (8593.000.000) 12/07 13:56:12 Job submitted from host: <54.67.10.246:6432?addrs=54.67.10.246-6432>
    DAG Node: stage_in_remote_local_1_0
    pool:local
...
000 (8594.000.000) 12/07 13:56:12 Job submitted from host: <54.67.10.246:6432?addrs=54.67.10.246-6432>
    DAG Node: stage_in_local_local_3_0
    pool:local
...
001 (8593.000.000) 12/07 13:56:12 Job executing on host: <54.67.10.246:25912?addrs=54.67.10.246-25912>
...
000 (8595.000.000) 12/07 13:56:12 Job submitted from host: <54.67.10.246:6432?addrs=54.67.10.246-6432>
    DAG Node: stage_in_local_local_5_0
    pool:local
...
001 (8594.000.000) 12/07 13:56:12 Job executing on host: <54.67.10.246:20216?addrs=54.67.10.246-20216>
...
000 (8596.000.000) 12/07 13:56:12 Job submitted from host: <54.67.10.246:6432?addrs=54.67.10.246-6432>
    DAG Node: stage_in_local_local_4_0
    pool:local
...
016 (8589.000.000) 12/07 13:56:13 POST Script terminated.
	(1) Normal termination (return value 0)
    DAG Node: stage_in_remote_local_2_1
...
016 (8587.000.000) 12/07 13:56:13 POST Script terminated.
	(1) Normal termination (return value 0)
    DAG Node: stage_in_local_local_0_0
...
016 (8588.000.000) 12/07 13:56:13 POST Script terminated.
	(1) Normal termination (return value 0)
    DAG Node: stage_in_local_local_6_0
...
016 (8590.000.000) 12/07 13:56:13 POST Script terminated.
	(1) Normal termination (return value 0)
    DAG Node: stage_in_remote_local_5_0
...
005 (8591.000.000) 12/07 13:56:14 Job terminated.
	(1) Normal termination (return value 0)
		Usr 0 00:00:00, Sys 0 00:00:00  -  Run Remote Usage
		Usr 0 00:00:00, Sys 0 00:00:00  -  Run Local Usage
		Usr 0 00:00:00, Sys 0 00:00:00  -  Total Remote Usage
		Usr 0 00:00:00, Sys 0 00:00:00  -  Total Local Usage
	0  -  Run Bytes Sent By Job
	0  -  Run Bytes Received By Job
	0  -  Total Bytes Sent By Job
	0  -  Total Bytes Received By Job
...
001 (8595.000.000) 12/07 13:56:14 Job executing on host: <54.67.10.246:17913?addrs=54.67.10.246-17913>
...
001 (8596.000.000) 12/07 13:56:14 Job executing on host: <54.67.10.246:13971?addrs=54.67.10.246-13971>
...
005 (8592.000.000) 12/07 13:56:14 Job terminated.
	(1) Normal termination (return value 0)
		Usr 0 00:00:00, Sys 0 00:00:00  -  Run Remote Usage
		Usr 0 00:00:00, Sys 0 00:00:00  -  Run Local Usage
		Usr 0 00:00:00, Sys 0 00:00:00  -  Total Remote Usage
		Usr 0 00:00:00, Sys 0 00:00:00  -  Total Local Usage
	0  -  Run Bytes Sent By Job
	0  -  Run Bytes Received By Job
	0  -  Total Bytes Sent By Job
	0  -  Total Bytes Received By Job
...
005 (8593.000.000) 12/07 13:56:15 Job terminated.
	(1) Normal termination (return value 0)
		Usr 0 00:00:00, Sys 0 00:00:00  -  Run Remote Usage
		Usr 0 00:00:00, Sys 0 00:00:00  -  Run Local Usage
		Usr 0 00:00:00, Sys 0 00:00:00  -  Total Remote Usage
		Usr 0 00:00:00, Sys 0 00:00:00  -  Total Local Usage
	0  -  Run Bytes Sent By Job
	0  -  Run Bytes Received By Job
	0  -  Total Bytes Sent By Job
	0  -  Total Bytes Received By Job
...
005 (8594.000.000) 12/07 13:56:15 Job terminated.
	(1) Normal termination (return value 0)
		Usr 0 00:00:00, Sys 0 00:00:00  -  Run Remote Usage
		Usr 0 00:00:00, Sys 0 00:00:00  -  Run Local Usage
		Usr 0 00:00:00, Sys 0 00:00:00  -  Total Remote Usage
		Usr 0 00:00:00, Sys 0 00:00:00  -  Total Local Usage
	0  -  Run Bytes Sent By Job
	0  -  Run Bytes Received By Job
	0  -  Total Bytes Sent By Job
	0  -  Total Bytes Received By Job
...
005 (8595.000.000) 12/07 13:56:16 Job terminated.
	(1) Normal termination (return value 0)
		Usr 0 00:00:00, Sys 0 00:00:00  -  Run Remote Usage
		Usr 0 00:00:00, Sys 0 00:00:00  -  Run Local Usage
		Usr 0 00:00:00, Sys 0 00:00:00  -  Total Remote Usage
		Usr 0 00:00:00, Sys 0 00:00:00  -  Total Local Usage
	0  -  Run Bytes Sent By Job
	0  -  Run Bytes Received By Job
	0  -  Total Bytes Sent By Job
	0  -  Total Bytes Received By Job
...
005 (8596.000.000) 12/07 13:56:16 Job terminated.
	(1) Normal termination (return value 0)
		Usr 0 00:00:00, Sys 0 00:00:00  -  Run Remote Usage
		Usr 0 00:00:00, Sys 0 00:00:00  -  Run Local Usage
		Usr 0 00:00:00, Sys 0 00:00:00  -  Total Remote Usage
		Usr 0 00:00:00, Sys 0 00:00:00  -  Total Local Usage
	0  -  Run Bytes Sent By Job
	0  -  Run Bytes Received By Job
	0  -  Total Bytes Sent By Job
	0  -  Total Bytes Received By Job
...
000 (8597.000.000) 12/07 13:56:18 Job submitted from host: <54.67.10.246:6432?addrs=54.67.10.246-6432>
    DAG Node: stage_in_local_local_7_0
    pool:local
...
000 (8598.000.000) 12/07 13:56:18 Job submitted from host: <54.67.10.246:6432?addrs=54.67.10.246-6432>
    DAG Node: stage_in_local_local_1_0
    pool:local
...
000 (8599.000.000) 12/07 13:56:18 Job submitted from host: <54.67.10.246:6432?addrs=54.67.10.246-6432>
    DAG Node: stage_in_remote_local_4_1
    pool:local
...
000 (8600.000.000) 12/07 13:56:18 Job submitted from host: <54.67.10.246:6432?addrs=54.67.10.246-6432>
    DAG Node: stage_in_remote_local_4_0
    pool:local
...
000 (8601.000.000) 12/07 13:56:18 Job submitted from host: <54.67.10.246:6432?addrs=54.67.10.246-6432>
    DAG Node: stage_in_remote_local_2_0
    pool:local
...
016 (8593.000.000) 12/07 13:56:19 POST Script terminated.
	(1) Normal termination (return value 0)
    DAG Node: stage_in_remote_local_1_0
...
016 (8591.000.000) 12/07 13:56:19 POST Script terminated.
	(1) Normal termination (return value 0)
    DAG Node: stage_in_local_local_2_0
...
016 (8595.000.000) 12/07 13:56:19 POST Script terminated.
	(1) Normal termination (return value 0)
    DAG Node: stage_in_local_local_5_0
...
016 (8592.000.000) 12/07 13:56:19 POST Script terminated.
	(1) Normal termination (return value 0)
    DAG Node: stage_in_local_local_2_1
...
016 (8596.000.000) 12/07 13:56:19 POST Script terminated.
	(1) Normal termination (return value 0)
    DAG Node: stage_in_local_local_4_0
...
016 (8594.000.000) 12/07 13:56:19 POST Script terminated.
	(1) Normal termination (return value 0)
    DAG Node: stage_in_local_local_3_0
...
001 (8598.000.000) 12/07 13:56:22 Job executing on host: <54.67.10.246:57232?addrs=54.67.10.246-57232>
...
001 (8599.000.000) 12/07 13:56:22 Job executing on host: <54.67.10.246:6303?addrs=54.67.10.246-6303>
...
001 (8601.000.000) 12/07 13:56:22 Job executing on host: <54.67.10.246:49278?addrs=54.67.10.246-49278>
...
001 (8600.000.000) 12/07 13:56:22 Job executing on host: <54.67.10.246:9918?addrs=54.67.10.246-9918>
...
001 (8597.000.000) 12/07 13:56:22 Job executing on host: <54.67.10.246:34940?addrs=54.67.10.246-34940>
...
005 (8598.000.000) 12/07 13:56:24 Job terminated.
	(1) Normal termination (return value 0)
		Usr 0 00:00:00, Sys 0 00:00:00  -  Run Remote Usage
		Usr 0 00:00:00, Sys 0 00:00:00  -  Run Local Usage
		Usr 0 00:00:00, Sys 0 00:00:00  -  Total Remote Usage
		Usr 0 00:00:00, Sys 0 00:00:00  -  Total Local Usage
	0  -  Run Bytes Sent By Job
	0  -  Run Bytes Received By Job
	0  -  Total Bytes Sent By Job
	0  -  Total Bytes Received By Job
...
000 (8602.000.000) 12/07 13:56:24 Job submitted from host: <54.67.10.246:6432?addrs=54.67.10.246-6432>
    DAG Node: stage_in_remote_local_3_1
    pool:local
...
001 (8602.000.000) 12/07 13:56:24 Job executing on host: <54.67.10.246:60775?addrs=54.67.10.246-60775>
...
000 (8603.000.000) 12/07 13:56:24 Job submitted from host: <54.67.10.246:6432?addrs=54.67.10.246-6432>
    DAG Node: stage_in_remote_local_3_0
    pool:local
...
005 (8599.000.000) 12/07 13:56:25 Job terminated.
	(1) Normal termination (return value 0)
		Usr 0 00:00:00, Sys 0 00:00:00  -  Run Remote Usage
		Usr 0 00:00:00, Sys 0 00:00:00  -  Run Local Usage
		Usr 0 00:00:00, Sys 0 00:00:00  -  Total Remote Usage
		Usr 0 00:00:00, Sys 0 00:00:00  -  Total Local Usage
	0  -  Run Bytes Sent By Job
	0  -  Run Bytes Received By Job
	0  -  Total Bytes Sent By Job
	0  -  Total Bytes Received By Job
...
005 (8597.000.000) 12/07 13:56:25 Job terminated.
	(1) Normal termination (return value 0)
		Usr 0 00:00:00, Sys 0 00:00:00  -  Run Remote Usage
		Usr 0 00:00:00, Sys 0 00:00:00  -  Run Local Usage
		Usr 0 00:00:00, Sys 0 00:00:00  -  Total Remote Usage
		Usr 0 00:00:00, Sys 0 00:00:00  -  Total Local Usage
	0  -  Run Bytes Sent By Job
	0  -  Run Bytes Received By Job
	0  -  Total Bytes Sent By Job
	0  -  Total Bytes Received By Job
...
000 (8604.000.000) 12/07 13:56:25 Job submitted from host: <54.67.10.246:6432?addrs=54.67.10.246-6432>
    DAG Node: stage_in_remote_local_6_0
    pool:local
...
001 (8604.000.000) 12/07 13:56:25 Job executing on host: <54.67.10.246:64267?addrs=54.67.10.246-64267>
...
001 (8603.000.000) 12/07 13:56:25 Job executing on host: <54.67.10.246:13369?addrs=54.67.10.246-13369>
...
000 (8605.000.000) 12/07 13:56:25 Job submitted from host: <54.67.10.246:6432?addrs=54.67.10.246-6432>
    DAG Node: init_0_ID0000001
    pool:condorpool
...
016 (8598.000.000) 12/07 13:56:25 POST Script terminated.
	(1) Normal termination (return value 0)
    DAG Node: stage_in_local_local_1_0
...
016 (8597.000.000) 12/07 13:56:25 POST Script terminated.
	(1) Normal termination (return value 0)
    DAG Node: stage_in_local_local_7_0
...
016 (8599.000.000) 12/07 13:56:25 POST Script terminated.
	(1) Normal termination (return value 0)
    DAG Node: stage_in_remote_local_4_1
...
005 (8601.000.000) 12/07 13:56:26 Job terminated.
	(1) Normal termination (return value 0)
		Usr 0 00:00:00, Sys 0 00:00:00  -  Run Remote Usage
		Usr 0 00:00:00, Sys 0 00:00:00  -  Run Local Usage
		Usr 0 00:00:00, Sys 0 00:00:00  -  Total Remote Usage
		Usr 0 00:00:00, Sys 0 00:00:00  -  Total Local Usage
	0  -  Run Bytes Sent By Job
	0  -  Run Bytes Received By Job
	0  -  Total Bytes Sent By Job
	0  -  Total Bytes Received By Job
...
005 (8600.000.000) 12/07 13:56:26 Job terminated.
	(1) Normal termination (return value 0)
		Usr 0 00:00:00, Sys 0 00:00:00  -  Run Remote Usage
		Usr 0 00:00:00, Sys 0 00:00:00  -  Run Local Usage
		Usr 0 00:00:00, Sys 0 00:00:00  -  Total Remote Usage
		Usr 0 00:00:00, Sys 0 00:00:00  -  Total Local Usage
	0  -  Run Bytes Sent By Job
	0  -  Run Bytes Received By Job
	0  -  Total Bytes Sent By Job
	0  -  Total Bytes Received By Job
...
005 (8602.000.000) 12/07 13:56:27 Job terminated.
	(1) Normal termination (return value 0)
		Usr 0 00:00:00, Sys 0 00:00:00  -  Run Remote Usage
		Usr 0 00:00:00, Sys 0 00:00:00  -  Run Local Usage
		Usr 0 00:00:00, Sys 0 00:00:00  -  Total Remote Usage
		Usr 0 00:00:00, Sys 0 00:00:00  -  Total Local Usage
	0  -  Run Bytes Sent By Job
	0  -  Run Bytes Received By Job
	0  -  Total Bytes Sent By Job
	0  -  Total Bytes Received By Job
...
005 (8604.000.000) 12/07 13:56:27 Job terminated.
	(1) Normal termination (return value 0)
		Usr 0 00:00:00, Sys 0 00:00:00  -  Run Remote Usage
		Usr 0 00:00:00, Sys 0 00:00:00  -  Run Local Usage
		Usr 0 00:00:00, Sys 0 00:00:00  -  Total Remote Usage
		Usr 0 00:00:00, Sys 0 00:00:00  -  Total Local Usage
	0  -  Run Bytes Sent By Job
	0  -  Run Bytes Received By Job
	0  -  Total Bytes Sent By Job
	0  -  Total Bytes Received By Job
...
001 (8605.000.000) 12/07 13:56:28 Job executing on host: <54.213.17.0:8127?addrs=54.213.17.0-8127&noUDP>
...
005 (8603.000.000) 12/07 13:56:29 Job terminated.
	(1) Normal termination (return value 0)
		Usr 0 00:00:00, Sys 0 00:00:00  -  Run Remote Usage
		Usr 0 00:00:00, Sys 0 00:00:00  -  Run Local Usage
		Usr 0 00:00:00, Sys 0 00:00:00  -  Total Remote Usage
		Usr 0 00:00:00, Sys 0 00:00:00  -  Total Local Usage
	0  -  Run Bytes Sent By Job
	0  -  Run Bytes Received By Job
	0  -  Total Bytes Sent By Job
	0  -  Total Bytes Received By Job
...
016 (8600.000.000) 12/07 13:56:31 POST Script terminated.
	(1) Normal termination (return value 0)
    DAG Node: stage_in_remote_local_4_0
...
016 (8604.000.000) 12/07 13:56:31 POST Script terminated.
	(1) Normal termination (return value 0)
    DAG Node: stage_in_remote_local_6_0
...
016 (8601.000.000) 12/07 13:56:31 POST Script terminated.
	(1) Normal termination (return value 0)
    DAG Node: stage_in_remote_local_2_0
...
016 (8603.000.000) 12/07 13:56:31 POST Script terminated.
	(1) Normal termination (return value 0)
    DAG Node: stage_in_remote_local_3_0
...
016 (8602.000.000) 12/07 13:56:31 POST Script terminated.
	(1) Normal termination (return value 0)
    DAG Node: stage_in_remote_local_3_1
...
005 (8605.000.000) 12/07 14:02:14 Job terminated.
	(1) Normal termination (return value 0)
		Usr 0 00:00:00, Sys 0 00:00:00  -  Run Remote Usage
		Usr 0 00:00:00, Sys 0 00:00:00  -  Run Local Usage
		Usr 0 00:00:00, Sys 0 00:00:00  -  Total Remote Usage
		Usr 0 00:00:00, Sys 0 00:00:00  -  Total Local Usage
	4469  -  Run Bytes Sent By Job
	3170148  -  Run Bytes Received By Job
	4469  -  Total Bytes Sent By Job
	3170148  -  Total Bytes Received By Job
	Partitionable Resources :    Usage  Request Allocated
	   Cpus                 :                 1         1
	   Disk (KB)            :     6106     3250  27751360
	   Memory (MB)          :       15        1      3764
...
016 (8605.000.000) 12/07 14:02:17 POST Script terminated.
	(1) Normal termination (return value 0)
    DAG Node: init_0_ID0000001
...
000 (8606.000.000) 12/07 14:02:27 Job submitted from host: <54.67.10.246:6432?addrs=54.67.10.246-6432>
    DAG Node: clean_up_local_level_3_0
    pool:local
...
001 (8606.000.000) 12/07 14:02:27 Job executing on host: <54.67.10.246:26680?addrs=54.67.10.246-26680>
...
000 (8607.000.000) 12/07 14:02:27 Job submitted from host: <54.67.10.246:6432?addrs=54.67.10.246-6432>
    DAG Node: generalinfo_0_ID0000002
    pool:condorpool
...
001 (8607.000.000) 12/07 14:02:27 Job executing on host: <54.213.17.0:8127?addrs=54.213.17.0-8127&noUDP>
...
005 (8606.000.000) 12/07 14:02:29 Job terminated.
	(1) Normal termination (return value 0)
		Usr 0 00:00:00, Sys 0 00:00:00  -  Run Remote Usage
		Usr 0 00:00:00, Sys 0 00:00:00  -  Run Local Usage
		Usr 0 00:00:00, Sys 0 00:00:00  -  Total Remote Usage
		Usr 0 00:00:00, Sys 0 00:00:00  -  Total Local Usage
	0  -  Run Bytes Sent By Job
	0  -  Run Bytes Received By Job
	0  -  Total Bytes Sent By Job
	0  -  Total Bytes Received By Job
...
016 (8606.000.000) 12/07 14:02:32 POST Script terminated.
	(1) Normal termination (return value 0)
    DAG Node: clean_up_local_level_3_0
...
005 (8607.000.000) 12/07 15:04:10 Job terminated.
	(1) Normal termination (return value 0)
		Usr 0 00:50:49, Sys 0 00:00:39  -  Run Remote Usage
		Usr 0 00:00:00, Sys 0 00:00:00  -  Run Local Usage
		Usr 0 00:50:49, Sys 0 00:00:39  -  Total Remote Usage
		Usr 0 00:00:00, Sys 0 00:00:00  -  Total Local Usage
	5891  -  Run Bytes Sent By Job
	3169156  -  Run Bytes Received By Job
	5891  -  Total Bytes Sent By Job
	3169156  -  Total Bytes Received By Job
	Partitionable Resources :    Usage  Request Allocated
	   Cpus                 :                 1         1
	   Disk (KB)            :     6107     3250  27751360
	   Memory (MB)          :      142        1      3764
...
016 (8607.000.000) 12/07 15:04:10 POST Script terminated.
	(1) Normal termination (return value 0)
    DAG Node: generalinfo_0_ID0000002
...
000 (8608.000.000) 12/07 15:04:20 Job submitted from host: <54.67.10.246:6432?addrs=54.67.10.246-6432>
    DAG Node: clean_up_local_level_4_0
    pool:local
...
000 (8609.000.000) 12/07 15:04:20 Job submitted from host: <54.67.10.246:6432?addrs=54.67.10.246-6432>
    DAG Node: statscpumemory_0_ID0000003
    pool:condorpool
...
001 (8608.000.000) 12/07 15:04:20 Job executing on host: <54.67.10.246:46652?addrs=54.67.10.246-46652>
...
000 (8610.000.000) 12/07 15:04:20 Job submitted from host: <54.67.10.246:6432?addrs=54.67.10.246-6432>
    DAG Node: medianmemory_0_ID0000005
    pool:condorpool
...
000 (8611.000.000) 12/07 15:04:20 Job submitted from host: <54.67.10.246:6432?addrs=54.67.10.246-6432>
    DAG Node: mediancpu_0_ID0000004
    pool:condorpool
...
005 (8608.000.000) 12/07 15:04:25 Job terminated.
	(1) Normal termination (return value 0)
		Usr 0 00:00:00, Sys 0 00:00:00  -  Run Remote Usage
		Usr 0 00:00:00, Sys 0 00:00:00  -  Run Local Usage
		Usr 0 00:00:00, Sys 0 00:00:00  -  Total Remote Usage
		Usr 0 00:00:00, Sys 0 00:00:00  -  Total Local Usage
	0  -  Run Bytes Sent By Job
	0  -  Run Bytes Received By Job
	0  -  Total Bytes Sent By Job
	0  -  Total Bytes Received By Job
...
016 (8608.000.000) 12/07 15:04:26 POST Script terminated.
	(1) Normal termination (return value 0)
    DAG Node: clean_up_local_level_4_0
...
001 (8609.000.000) 12/07 15:04:40 Job executing on host: <54.213.17.0:8127?addrs=54.213.17.0-8127&noUDP>
...
001 (8610.000.000) 12/07 15:04:40 Job executing on host: <54.200.31.33:26015?addrs=54.200.31.33-26015&noUDP>
...
001 (8611.000.000) 12/07 15:04:40 Job executing on host: <54.201.173.21:12532?addrs=54.201.173.21-12532&noUDP>
...
005 (8609.000.000) 12/07 17:16:26 Job terminated.
	(1) Normal termination (return value 0)
		Usr 0 01:49:54, Sys 0 00:01:07  -  Run Remote Usage
		Usr 0 00:00:00, Sys 0 00:00:00  -  Run Local Usage
		Usr 0 01:49:54, Sys 0 00:01:07  -  Total Remote Usage
		Usr 0 00:00:00, Sys 0 00:00:00  -  Total Local Usage
	6592  -  Run Bytes Sent By Job
	3171328  -  Run Bytes Received By Job
	6592  -  Total Bytes Sent By Job
	3171328  -  Total Bytes Received By Job
	Partitionable Resources :    Usage  Request Allocated
	   Cpus                 :                 1         1
	   Disk (KB)            :     6110     3250  27751084
	   Memory (MB)          :      146        1      3764
...
016 (8609.000.000) 12/07 17:16:28 POST Script terminated.
	(1) Normal termination (return value 0)
    DAG Node: statscpumemory_0_ID0000003
...
005 (8611.000.000) 12/07 17:17:51 Job terminated.
	(1) Normal termination (return value 0)
		Usr 0 01:54:03, Sys 0 00:01:25  -  Run Remote Usage
		Usr 0 00:00:00, Sys 0 00:00:00  -  Run Local Usage
		Usr 0 01:54:03, Sys 0 00:01:25  -  Total Remote Usage
		Usr 0 00:00:00, Sys 0 00:00:00  -  Total Local Usage
	381772  -  Run Bytes Sent By Job
	3169015  -  Run Bytes Received By Job
	381772  -  Total Bytes Sent By Job
	3169015  -  Total Bytes Received By Job
	Partitionable Resources :    Usage  Request Allocated
	   Cpus                 :                 1         1
	   Disk (KB)            :  5780490     3250  27753868
	   Memory (MB)          :      163        1      3764
...
016 (8611.000.000) 12/07 17:17:53 POST Script terminated.
	(1) Normal termination (return value 0)
    DAG Node: mediancpu_0_ID0000004
...
000 (8612.000.000) 12/07 17:18:03 Job submitted from host: <54.67.10.246:6432?addrs=54.67.10.246-6432>
    DAG Node: clean_up_local_level_5_1
    pool:local
...
001 (8612.000.000) 12/07 17:18:03 Job executing on host: <54.67.10.246:28347?addrs=54.67.10.246-28347>
...
005 (8612.000.000) 12/07 17:18:08 Job terminated.
	(1) Normal termination (return value 0)
		Usr 0 00:00:00, Sys 0 00:00:00  -  Run Remote Usage
		Usr 0 00:00:00, Sys 0 00:00:00  -  Run Local Usage
		Usr 0 00:00:00, Sys 0 00:00:00  -  Total Remote Usage
		Usr 0 00:00:00, Sys 0 00:00:00  -  Total Local Usage
	0  -  Run Bytes Sent By Job
	0  -  Run Bytes Received By Job
	0  -  Total Bytes Sent By Job
	0  -  Total Bytes Received By Job
...
016 (8612.000.000) 12/07 17:18:09 POST Script terminated.
	(1) Normal termination (return value 0)
    DAG Node: clean_up_local_level_5_1
...
005 (8610.000.000) 12/07 17:20:39 Job terminated.
	(1) Normal termination (return value 0)
		Usr 0 01:57:22, Sys 0 00:01:24  -  Run Remote Usage
		Usr 0 00:00:00, Sys 0 00:00:00  -  Run Local Usage
		Usr 0 01:57:22, Sys 0 00:01:24  -  Total Remote Usage
		Usr 0 00:00:00, Sys 0 00:00:00  -  Total Local Usage
	379318  -  Run Bytes Sent By Job
	3169051  -  Run Bytes Received By Job
	379318  -  Total Bytes Sent By Job
	3169051  -  Total Bytes Received By Job
	Partitionable Resources :    Usage  Request Allocated
	   Cpus                 :                 1         1
	   Disk (KB)            :  5910482     3250  27757696
	   Memory (MB)          :      161        1      3764
...
016 (8610.000.000) 12/07 17:20:43 POST Script terminated.
	(1) Normal termination (return value 0)
    DAG Node: medianmemory_0_ID0000005
...
000 (8613.000.000) 12/07 17:20:53 Job submitted from host: <54.67.10.246:6432?addrs=54.67.10.246-6432>
    DAG Node: clean_up_local_level_5_0
    pool:local
...
000 (8614.000.000) 12/07 17:20:53 Job submitted from host: <54.67.10.246:6432?addrs=54.67.10.246-6432>
    DAG Node: taskevent_0_ID0000006
    pool:condorpool
...
001 (8613.000.000) 12/07 17:20:53 Job executing on host: <54.67.10.246:13283?addrs=54.67.10.246-13283>
...
005 (8613.000.000) 12/07 17:21:01 Job terminated.
	(1) Normal termination (return value 0)
		Usr 0 00:00:00, Sys 0 00:00:00  -  Run Remote Usage
		Usr 0 00:00:00, Sys 0 00:00:00  -  Run Local Usage
		Usr 0 00:00:00, Sys 0 00:00:00  -  Total Remote Usage
		Usr 0 00:00:00, Sys 0 00:00:00  -  Total Local Usage
	0  -  Run Bytes Sent By Job
	0  -  Run Bytes Received By Job
	0  -  Total Bytes Sent By Job
	0  -  Total Bytes Received By Job
...
016 (8613.000.000) 12/07 17:21:03 POST Script terminated.
	(1) Normal termination (return value 0)
    DAG Node: clean_up_local_level_5_0
...
001 (8614.000.000) 12/07 17:21:14 Job executing on host: <54.213.17.0:8127?addrs=54.213.17.0-8127&noUDP>
...
005 (8614.000.000) 12/07 21:15:10 Job terminated.
	(1) Normal termination (return value 0)
		Usr 0 01:57:27, Sys 0 00:01:23  -  Run Remote Usage
		Usr 0 00:00:00, Sys 0 00:00:00  -  Run Local Usage
		Usr 0 01:57:27, Sys 0 00:01:23  -  Total Remote Usage
		Usr 0 00:00:00, Sys 0 00:00:00  -  Total Local Usage
	14701  -  Run Bytes Sent By Job
	3175823  -  Run Bytes Received By Job
	14701  -  Total Bytes Sent By Job
	3175823  -  Total Bytes Received By Job
	Partitionable Resources :    Usage  Request Allocated
	   Cpus                 :                 1         1
	   Disk (KB)            :     6125     3250  27751304
	   Memory (MB)          :      137        1      3764
...
016 (8614.000.000) 12/07 21:15:13 POST Script terminated.
	(1) Normal termination (return value 0)
    DAG Node: taskevent_0_ID0000006
...
000 (8615.000.000) 12/07 21:15:23 Job submitted from host: <54.67.10.246:6432?addrs=54.67.10.246-6432>
    DAG Node: clean_up_local_level_6_0
    pool:local
...
000 (8616.000.000) 12/07 21:15:23 Job submitted from host: <54.67.10.246:6432?addrs=54.67.10.246-6432>
    DAG Node: calculateratio_0_ID0000007
    pool:condorpool
...
001 (8615.000.000) 12/07 21:15:23 Job executing on host: <54.67.10.246:15906?addrs=54.67.10.246-15906>
...
005 (8615.000.000) 12/07 21:15:32 Job terminated.
	(1) Normal termination (return value 0)
		Usr 0 00:00:00, Sys 0 00:00:00  -  Run Remote Usage
		Usr 0 00:00:00, Sys 0 00:00:00  -  Run Local Usage
		Usr 0 00:00:00, Sys 0 00:00:00  -  Total Remote Usage
		Usr 0 00:00:00, Sys 0 00:00:00  -  Total Local Usage
	0  -  Run Bytes Sent By Job
	0  -  Run Bytes Received By Job
	0  -  Total Bytes Sent By Job
	0  -  Total Bytes Received By Job
...
016 (8615.000.000) 12/07 21:15:34 POST Script terminated.
	(1) Normal termination (return value 0)
    DAG Node: clean_up_local_level_6_0
...
001 (8616.000.000) 12/07 21:15:37 Job executing on host: <54.213.17.0:8127?addrs=54.213.17.0-8127&noUDP>
...
005 (8616.000.000) 12/08 02:05:58 Job terminated.
	(1) Normal termination (return value 0)
		Usr 0 01:56:14, Sys 0 00:04:19  -  Run Remote Usage
		Usr 0 00:00:00, Sys 0 00:00:00  -  Run Local Usage
		Usr 0 01:56:14, Sys 0 00:04:19  -  Total Remote Usage
		Usr 0 00:00:00, Sys 0 00:00:00  -  Total Local Usage
	359914  -  Run Bytes Sent By Job
	3174554  -  Run Bytes Received By Job
	359914  -  Total Bytes Sent By Job
	3174554  -  Total Bytes Received By Job
	Partitionable Resources :    Usage  Request Allocated
	   Cpus                 :                 1         1
	   Disk (KB)            :     8422     3250  27750328
	   Memory (MB)          :      155        1      3764
...
016 (8616.000.000) 12/08 02:06:00 POST Script terminated.
	(1) Normal termination (return value 0)
    DAG Node: calculateratio_0_ID0000007
...
000 (8617.000.000) 12/08 02:06:10 Job submitted from host: <54.67.10.246:6432?addrs=54.67.10.246-6432>
    DAG Node: clean_up_local_level_7_0
    pool:local
...
001 (8617.000.000) 12/08 02:06:10 Job executing on host: <54.67.10.246:60502?addrs=54.67.10.246-60502>
...
000 (8618.000.000) 12/08 02:06:10 Job submitted from host: <54.67.10.246:6432?addrs=54.67.10.246-6432>
    DAG Node: averageratioevent_0_ID0000008
    pool:condorpool
...
005 (8617.000.000) 12/08 02:06:18 Job terminated.
	(1) Normal termination (return value 0)
		Usr 0 00:00:00, Sys 0 00:00:00  -  Run Remote Usage
		Usr 0 00:00:00, Sys 0 00:00:00  -  Run Local Usage
		Usr 0 00:00:00, Sys 0 00:00:00  -  Total Remote Usage
		Usr 0 00:00:00, Sys 0 00:00:00  -  Total Local Usage
	0  -  Run Bytes Sent By Job
	0  -  Run Bytes Received By Job
	0  -  Total Bytes Sent By Job
	0  -  Total Bytes Received By Job
...
001 (8618.000.000) 12/08 02:06:19 Job executing on host: <54.213.17.0:8127?addrs=54.213.17.0-8127&noUDP>
...
016 (8617.000.000) 12/08 02:06:20 POST Script terminated.
	(1) Normal termination (return value 0)
    DAG Node: clean_up_local_level_7_0
...
005 (8618.000.000) 12/08 02:30:12 Job terminated.
	(1) Normal termination (return value 0)
		Usr 0 00:14:06, Sys 0 00:00:14  -  Run Remote Usage
		Usr 0 00:00:00, Sys 0 00:00:00  -  Run Local Usage
		Usr 0 00:14:06, Sys 0 00:00:14  -  Total Remote Usage
		Usr 0 00:00:00, Sys 0 00:00:00  -  Total Local Usage
	266722  -  Run Bytes Sent By Job
	3169951  -  Run Bytes Received By Job
	266722  -  Total Bytes Sent By Job
	3169951  -  Total Bytes Received By Job
	Partitionable Resources :    Usage  Request Allocated
	   Cpus                 :                 1         1
	   Disk (KB)            :   171671     3250  27748320
	   Memory (MB)          :      146        1      3764
...
016 (8618.000.000) 12/08 02:30:17 POST Script terminated.
	(1) Normal termination (return value 0)
    DAG Node: averageratioevent_0_ID0000008
...
000 (8619.000.000) 12/08 02:30:27 Job submitted from host: <54.67.10.246:6432?addrs=54.67.10.246-6432>
    DAG Node: clean_up_local_level_8_0
    pool:local
...
001 (8619.000.000) 12/08 02:30:27 Job executing on host: <54.67.10.246:38159?addrs=54.67.10.246-38159>
...
000 (8620.000.000) 12/08 02:30:27 Job submitted from host: <54.67.10.246:6432?addrs=54.67.10.246-6432>
    DAG Node: analysisevent_0_ID0000009
    pool:condorpool
...
005 (8619.000.000) 12/08 02:30:31 Job terminated.
	(1) Normal termination (return value 0)
		Usr 0 00:00:00, Sys 0 00:00:00  -  Run Remote Usage
		Usr 0 00:00:00, Sys 0 00:00:00  -  Run Local Usage
		Usr 0 00:00:00, Sys 0 00:00:00  -  Total Remote Usage
		Usr 0 00:00:00, Sys 0 00:00:00  -  Total Local Usage
	0  -  Run Bytes Sent By Job
	0  -  Run Bytes Received By Job
	0  -  Total Bytes Sent By Job
	0  -  Total Bytes Received By Job
...
016 (8619.000.000) 12/08 02:30:32 POST Script terminated.
	(1) Normal termination (return value 0)
    DAG Node: clean_up_local_level_8_0
...
001 (8620.000.000) 12/08 02:30:40 Job executing on host: <54.213.17.0:8127?addrs=54.213.17.0-8127&noUDP>
...
005 (8620.000.000) 12/08 02:30:41 Job terminated.
	(1) Normal termination (return value 0)
		Usr 0 00:00:00, Sys 0 00:00:00  -  Run Remote Usage
		Usr 0 00:00:00, Sys 0 00:00:00  -  Run Local Usage
		Usr 0 00:00:00, Sys 0 00:00:00  -  Total Remote Usage
		Usr 0 00:00:00, Sys 0 00:00:00  -  Total Local Usage
	5947  -  Run Bytes Sent By Job
	3169438  -  Run Bytes Received By Job
	5947  -  Total Bytes Sent By Job
	3169438  -  Total Bytes Received By Job
	Partitionable Resources :    Usage  Request Allocated
	   Cpus                 :                 1         1
	   Disk (KB)            :     6108     3250  27748232
	   Memory (MB)          :        0        1      3764
...
016 (8620.000.000) 12/08 02:30:42 POST Script terminated.
	(1) Normal termination (return value 0)
    DAG Node: analysisevent_0_ID0000009
...
000 (8621.000.000) 12/08 02:30:52 Job submitted from host: <54.67.10.246:6432?addrs=54.67.10.246-6432>
    DAG Node: terminate_0_ID0000010
    pool:condorpool
...
000 (8622.000.000) 12/08 02:30:52 Job submitted from host: <54.67.10.246:6432?addrs=54.67.10.246-6432>
    DAG Node: clean_up_local_level_9_0
    pool:local
...
001 (8621.000.000) 12/08 02:30:53 Job executing on host: <54.213.17.0:8127?addrs=54.213.17.0-8127&noUDP>
...
005 (8621.000.000) 12/08 02:30:54 Job terminated.
	(1) Normal termination (return value 0)
		Usr 0 00:00:00, Sys 0 00:00:00  -  Run Remote Usage
		Usr 0 00:00:00, Sys 0 00:00:00  -  Run Local Usage
		Usr 0 00:00:00, Sys 0 00:00:00  -  Total Remote Usage
		Usr 0 00:00:00, Sys 0 00:00:00  -  Total Local Usage
	4473  -  Run Bytes Sent By Job
	3167897  -  Run Bytes Received By Job
	4473  -  Total Bytes Sent By Job
	3167897  -  Total Bytes Received By Job
	Partitionable Resources :    Usage  Request Allocated
	   Cpus                 :                 1         1
	   Disk (KB)            :     6104     3250  27748232
	   Memory (MB)          :        0        1      3764
...
016 (8621.000.000) 12/08 02:30:58 POST Script terminated.
	(1) Normal termination (return value 0)
    DAG Node: terminate_0_ID0000010
...
001 (8622.000.000) 12/08 02:30:58 Job executing on host: <54.67.10.246:36692?addrs=54.67.10.246-36692>
...
005 (8622.000.000) 12/08 02:31:03 Job terminated.
	(1) Normal termination (return value 0)
		Usr 0 00:00:00, Sys 0 00:00:00  -  Run Remote Usage
		Usr 0 00:00:00, Sys 0 00:00:00  -  Run Local Usage
		Usr 0 00:00:00, Sys 0 00:00:00  -  Total Remote Usage
		Usr 0 00:00:00, Sys 0 00:00:00  -  Total Local Usage
	0  -  Run Bytes Sent By Job
	0  -  Run Bytes Received By Job
	0  -  Total Bytes Sent By Job
	0  -  Total Bytes Received By Job
...
000 (8623.000.000) 12/08 02:31:07 Job submitted from host: <54.67.10.246:6432?addrs=54.67.10.246-6432>
    DAG Node: clean_up_local_level_10_0
    pool:local
...
001 (8623.000.000) 12/08 02:31:07 Job executing on host: <54.67.10.246:38309?addrs=54.67.10.246-38309>
...
016 (8622.000.000) 12/08 02:31:07 POST Script terminated.
	(1) Normal termination (return value 0)
    DAG Node: clean_up_local_level_9_0
...
005 (8623.000.000) 12/08 02:31:09 Job terminated.
	(1) Normal termination (return value 0)
		Usr 0 00:00:00, Sys 0 00:00:00  -  Run Remote Usage
		Usr 0 00:00:00, Sys 0 00:00:00  -  Run Local Usage
		Usr 0 00:00:00, Sys 0 00:00:00  -  Total Remote Usage
		Usr 0 00:00:00, Sys 0 00:00:00  -  Total Local Usage
	0  -  Run Bytes Sent By Job
	0  -  Run Bytes Received By Job
	0  -  Total Bytes Sent By Job
	0  -  Total Bytes Received By Job
...
016 (8623.000.000) 12/08 02:31:12 POST Script terminated.
	(1) Normal termination (return value 0)
    DAG Node: clean_up_local_level_10_0
...
000 (8624.000.000) 12/08 02:31:22 Job submitted from host: <54.67.10.246:6432?addrs=54.67.10.246-6432>
    DAG Node: cleanup_example_workflow_0_local
    pool:local
...
001 (8624.000.000) 12/08 02:31:22 Job executing on host: <54.67.10.246:25182?addrs=54.67.10.246-25182>
...
005 (8624.000.000) 12/08 02:31:24 Job terminated.
	(1) Normal termination (return value 0)
		Usr 0 00:00:00, Sys 0 00:00:00  -  Run Remote Usage
		Usr 0 00:00:00, Sys 0 00:00:00  -  Run Local Usage
		Usr 0 00:00:00, Sys 0 00:00:00  -  Total Remote Usage
		Usr 0 00:00:00, Sys 0 00:00:00  -  Total Local Usage
	0  -  Run Bytes Sent By Job
	0  -  Run Bytes Received By Job
	0  -  Total Bytes Sent By Job
	0  -  Total Bytes Received By Job
...
