000 (6361.000.000) 11/23 13:55:53 Job submitted from host: <54.67.10.246:28831?addrs=54.67.10.246-28831>
    DAG Node: create_dir_example_workflow_0_local
    pool:local
...
001 (6361.000.000) 11/23 13:55:54 Job executing on host: <54.67.10.246:52155?addrs=54.67.10.246-52155>
...
005 (6361.000.000) 11/23 13:55:56 Job terminated.
	(1) Normal termination (return value 0)
		Usr 0 00:00:00, Sys 0 00:00:00  -  Run Remote Usage
		Usr 0 00:00:00, Sys 0 00:00:00  -  Run Local Usage
		Usr 0 00:00:00, Sys 0 00:00:00  -  Total Remote Usage
		Usr 0 00:00:00, Sys 0 00:00:00  -  Total Local Usage
	0  -  Run Bytes Sent By Job
	0  -  Run Bytes Received By Job
	0  -  Total Bytes Sent By Job
	0  -  Total Bytes Received By Job
...
000 (6362.000.000) 11/23 13:56:08 Job submitted from host: <54.67.10.246:28831?addrs=54.67.10.246-28831>
    DAG Node: stage_in_local_local_0_0
    pool:local
...
001 (6362.000.000) 11/23 13:56:08 Job executing on host: <54.67.10.246:5323?addrs=54.67.10.246-5323>
...
000 (6363.000.000) 11/23 13:56:08 Job submitted from host: <54.67.10.246:28831?addrs=54.67.10.246-28831>
    DAG Node: stage_in_remote_local_2_1
    pool:local
...
000 (6364.000.000) 11/23 13:56:08 Job submitted from host: <54.67.10.246:28831?addrs=54.67.10.246-28831>
    DAG Node: stage_in_local_local_6_0
    pool:local
...
000 (6365.000.000) 11/23 13:56:08 Job submitted from host: <54.67.10.246:28831?addrs=54.67.10.246-28831>
    DAG Node: stage_in_remote_local_5_1
    pool:local
...
000 (6366.000.000) 11/23 13:56:09 Job submitted from host: <54.67.10.246:28831?addrs=54.67.10.246-28831>
    DAG Node: stage_in_remote_local_5_0
    pool:local
...
005 (6362.000.000) 11/23 13:56:11 Job terminated.
	(1) Normal termination (return value 0)
		Usr 0 00:00:00, Sys 0 00:00:00  -  Run Remote Usage
		Usr 0 00:00:00, Sys 0 00:00:00  -  Run Local Usage
		Usr 0 00:00:00, Sys 0 00:00:00  -  Total Remote Usage
		Usr 0 00:00:00, Sys 0 00:00:00  -  Total Local Usage
	0  -  Run Bytes Sent By Job
	0  -  Run Bytes Received By Job
	0  -  Total Bytes Sent By Job
	0  -  Total Bytes Received By Job
...
001 (6364.000.000) 11/23 13:56:11 Job executing on host: <54.67.10.246:15607?addrs=54.67.10.246-15607>
...
001 (6366.000.000) 11/23 13:56:11 Job executing on host: <54.67.10.246:39867?addrs=54.67.10.246-39867>
...
001 (6363.000.000) 11/23 13:56:11 Job executing on host: <54.67.10.246:32362?addrs=54.67.10.246-32362>
...
001 (6365.000.000) 11/23 13:56:11 Job executing on host: <54.67.10.246:10134?addrs=54.67.10.246-10134>
...
005 (6364.000.000) 11/23 13:56:13 Job terminated.
	(1) Normal termination (return value 0)
		Usr 0 00:00:00, Sys 0 00:00:00  -  Run Remote Usage
		Usr 0 00:00:00, Sys 0 00:00:00  -  Run Local Usage
		Usr 0 00:00:00, Sys 0 00:00:00  -  Total Remote Usage
		Usr 0 00:00:00, Sys 0 00:00:00  -  Total Local Usage
	0  -  Run Bytes Sent By Job
	0  -  Run Bytes Received By Job
	0  -  Total Bytes Sent By Job
	0  -  Total Bytes Received By Job
...
005 (6363.000.000) 11/23 13:56:13 Job terminated.
	(1) Normal termination (return value 0)
		Usr 0 00:00:00, Sys 0 00:00:00  -  Run Remote Usage
		Usr 0 00:00:00, Sys 0 00:00:00  -  Run Local Usage
		Usr 0 00:00:00, Sys 0 00:00:00  -  Total Remote Usage
		Usr 0 00:00:00, Sys 0 00:00:00  -  Total Local Usage
	0  -  Run Bytes Sent By Job
	0  -  Run Bytes Received By Job
	0  -  Total Bytes Sent By Job
	0  -  Total Bytes Received By Job
...
000 (6367.000.000) 11/23 13:56:14 Job submitted from host: <54.67.10.246:28831?addrs=54.67.10.246-28831>
    DAG Node: stage_in_local_local_2_0
    pool:local
...
000 (6368.000.000) 11/23 13:56:14 Job submitted from host: <54.67.10.246:28831?addrs=54.67.10.246-28831>
    DAG Node: stage_in_local_local_2_1
    pool:local
...
000 (6369.000.000) 11/23 13:56:14 Job submitted from host: <54.67.10.246:28831?addrs=54.67.10.246-28831>
    DAG Node: stage_in_remote_local_1_0
    pool:local
...
000 (6370.000.000) 11/23 13:56:14 Job submitted from host: <54.67.10.246:28831?addrs=54.67.10.246-28831>
    DAG Node: stage_in_local_local_3_1
    pool:local
...
000 (6371.000.000) 11/23 13:56:14 Job submitted from host: <54.67.10.246:28831?addrs=54.67.10.246-28831>
    DAG Node: stage_in_local_local_5_0
    pool:local
...
005 (6365.000.000) 11/23 13:56:15 Job terminated.
	(1) Normal termination (return value 0)
		Usr 0 00:00:00, Sys 0 00:00:00  -  Run Remote Usage
		Usr 0 00:00:00, Sys 0 00:00:00  -  Run Local Usage
		Usr 0 00:00:00, Sys 0 00:00:00  -  Total Remote Usage
		Usr 0 00:00:00, Sys 0 00:00:00  -  Total Local Usage
	0  -  Run Bytes Sent By Job
	0  -  Run Bytes Received By Job
	0  -  Total Bytes Sent By Job
	0  -  Total Bytes Received By Job
...
001 (6367.000.000) 11/23 13:56:15 Job executing on host: <54.67.10.246:4376?addrs=54.67.10.246-4376>
...
001 (6370.000.000) 11/23 13:56:15 Job executing on host: <54.67.10.246:58000?addrs=54.67.10.246-58000>
...
001 (6369.000.000) 11/23 13:56:15 Job executing on host: <54.67.10.246:1696?addrs=54.67.10.246-1696>
...
005 (6366.000.000) 11/23 13:56:15 Job terminated.
	(1) Normal termination (return value 0)
		Usr 0 00:00:00, Sys 0 00:00:00  -  Run Remote Usage
		Usr 0 00:00:00, Sys 0 00:00:00  -  Run Local Usage
		Usr 0 00:00:00, Sys 0 00:00:00  -  Total Remote Usage
		Usr 0 00:00:00, Sys 0 00:00:00  -  Total Local Usage
	0  -  Run Bytes Sent By Job
	0  -  Run Bytes Received By Job
	0  -  Total Bytes Sent By Job
	0  -  Total Bytes Received By Job
...
001 (6371.000.000) 11/23 13:56:15 Job executing on host: <54.67.10.246:39767?addrs=54.67.10.246-39767>
...
001 (6368.000.000) 11/23 13:56:15 Job executing on host: <54.67.10.246:52367?addrs=54.67.10.246-52367>
...
005 (6369.000.000) 11/23 13:56:18 Job terminated.
	(1) Normal termination (return value 0)
		Usr 0 00:00:00, Sys 0 00:00:00  -  Run Remote Usage
		Usr 0 00:00:00, Sys 0 00:00:00  -  Run Local Usage
		Usr 0 00:00:00, Sys 0 00:00:00  -  Total Remote Usage
		Usr 0 00:00:00, Sys 0 00:00:00  -  Total Local Usage
	0  -  Run Bytes Sent By Job
	0  -  Run Bytes Received By Job
	0  -  Total Bytes Sent By Job
	0  -  Total Bytes Received By Job
...
005 (6368.000.000) 11/23 13:56:18 Job terminated.
	(1) Normal termination (return value 0)
		Usr 0 00:00:00, Sys 0 00:00:00  -  Run Remote Usage
		Usr 0 00:00:00, Sys 0 00:00:00  -  Run Local Usage
		Usr 0 00:00:00, Sys 0 00:00:00  -  Total Remote Usage
		Usr 0 00:00:00, Sys 0 00:00:00  -  Total Local Usage
	0  -  Run Bytes Sent By Job
	0  -  Run Bytes Received By Job
	0  -  Total Bytes Sent By Job
	0  -  Total Bytes Received By Job
...
000 (6372.000.000) 11/23 13:56:19 Job submitted from host: <54.67.10.246:28831?addrs=54.67.10.246-28831>
    DAG Node: stage_in_local_local_3_0
    pool:local
...
000 (6373.000.000) 11/23 13:56:19 Job submitted from host: <54.67.10.246:28831?addrs=54.67.10.246-28831>
    DAG Node: stage_in_local_local_5_1
    pool:local
...
000 (6374.000.000) 11/23 13:56:19 Job submitted from host: <54.67.10.246:28831?addrs=54.67.10.246-28831>
    DAG Node: stage_in_local_local_4_0
    pool:local
...
000 (6375.000.000) 11/23 13:56:19 Job submitted from host: <54.67.10.246:28831?addrs=54.67.10.246-28831>
    DAG Node: stage_in_local_local_7_0
    pool:local
...
000 (6376.000.000) 11/23 13:56:19 Job submitted from host: <54.67.10.246:28831?addrs=54.67.10.246-28831>
    DAG Node: stage_in_local_local_4_1
    pool:local
...
005 (6367.000.000) 11/23 13:56:20 Job terminated.
	(1) Normal termination (return value 0)
		Usr 0 00:00:00, Sys 0 00:00:00  -  Run Remote Usage
		Usr 0 00:00:00, Sys 0 00:00:00  -  Run Local Usage
		Usr 0 00:00:00, Sys 0 00:00:00  -  Total Remote Usage
		Usr 0 00:00:00, Sys 0 00:00:00  -  Total Local Usage
	0  -  Run Bytes Sent By Job
	0  -  Run Bytes Received By Job
	0  -  Total Bytes Sent By Job
	0  -  Total Bytes Received By Job
...
005 (6370.000.000) 11/23 13:56:20 Job terminated.
	(1) Normal termination (return value 0)
		Usr 0 00:00:00, Sys 0 00:00:00  -  Run Remote Usage
		Usr 0 00:00:00, Sys 0 00:00:00  -  Run Local Usage
		Usr 0 00:00:00, Sys 0 00:00:00  -  Total Remote Usage
		Usr 0 00:00:00, Sys 0 00:00:00  -  Total Local Usage
	0  -  Run Bytes Sent By Job
	0  -  Run Bytes Received By Job
	0  -  Total Bytes Sent By Job
	0  -  Total Bytes Received By Job
...
005 (6371.000.000) 11/23 13:56:20 Job terminated.
	(1) Normal termination (return value 0)
		Usr 0 00:00:00, Sys 0 00:00:00  -  Run Remote Usage
		Usr 0 00:00:00, Sys 0 00:00:00  -  Run Local Usage
		Usr 0 00:00:00, Sys 0 00:00:00  -  Total Remote Usage
		Usr 0 00:00:00, Sys 0 00:00:00  -  Total Local Usage
	0  -  Run Bytes Sent By Job
	0  -  Run Bytes Received By Job
	0  -  Total Bytes Sent By Job
	0  -  Total Bytes Received By Job
...
001 (6373.000.000) 11/23 13:56:20 Job executing on host: <54.67.10.246:61673?addrs=54.67.10.246-61673>
...
001 (6376.000.000) 11/23 13:56:20 Job executing on host: <54.67.10.246:30615?addrs=54.67.10.246-30615>
...
001 (6372.000.000) 11/23 13:56:20 Job executing on host: <54.67.10.246:46649?addrs=54.67.10.246-46649>
...
001 (6375.000.000) 11/23 13:56:20 Job executing on host: <54.67.10.246:3984?addrs=54.67.10.246-3984>
...
001 (6374.000.000) 11/23 13:56:20 Job executing on host: <54.67.10.246:14606?addrs=54.67.10.246-14606>
...
005 (6375.000.000) 11/23 13:56:23 Job terminated.
	(1) Normal termination (return value 0)
		Usr 0 00:00:00, Sys 0 00:00:00  -  Run Remote Usage
		Usr 0 00:00:00, Sys 0 00:00:00  -  Run Local Usage
		Usr 0 00:00:00, Sys 0 00:00:00  -  Total Remote Usage
		Usr 0 00:00:00, Sys 0 00:00:00  -  Total Local Usage
	0  -  Run Bytes Sent By Job
	0  -  Run Bytes Received By Job
	0  -  Total Bytes Sent By Job
	0  -  Total Bytes Received By Job
...
005 (6373.000.000) 11/23 13:56:25 Job terminated.
	(1) Normal termination (return value 0)
		Usr 0 00:00:00, Sys 0 00:00:00  -  Run Remote Usage
		Usr 0 00:00:00, Sys 0 00:00:00  -  Run Local Usage
		Usr 0 00:00:00, Sys 0 00:00:00  -  Total Remote Usage
		Usr 0 00:00:00, Sys 0 00:00:00  -  Total Local Usage
	0  -  Run Bytes Sent By Job
	0  -  Run Bytes Received By Job
	0  -  Total Bytes Sent By Job
	0  -  Total Bytes Received By Job
...
005 (6374.000.000) 11/23 13:56:25 Job terminated.
	(1) Normal termination (return value 0)
		Usr 0 00:00:00, Sys 0 00:00:00  -  Run Remote Usage
		Usr 0 00:00:00, Sys 0 00:00:00  -  Run Local Usage
		Usr 0 00:00:00, Sys 0 00:00:00  -  Total Remote Usage
		Usr 0 00:00:00, Sys 0 00:00:00  -  Total Local Usage
	0  -  Run Bytes Sent By Job
	0  -  Run Bytes Received By Job
	0  -  Total Bytes Sent By Job
	0  -  Total Bytes Received By Job
...
005 (6376.000.000) 11/23 13:56:25 Job terminated.
	(1) Normal termination (return value 0)
		Usr 0 00:00:00, Sys 0 00:00:00  -  Run Remote Usage
		Usr 0 00:00:00, Sys 0 00:00:00  -  Run Local Usage
		Usr 0 00:00:00, Sys 0 00:00:00  -  Total Remote Usage
		Usr 0 00:00:00, Sys 0 00:00:00  -  Total Local Usage
	0  -  Run Bytes Sent By Job
	0  -  Run Bytes Received By Job
	0  -  Total Bytes Sent By Job
	0  -  Total Bytes Received By Job
...
005 (6372.000.000) 11/23 13:56:25 Job terminated.
	(1) Normal termination (return value 0)
		Usr 0 00:00:00, Sys 0 00:00:00  -  Run Remote Usage
		Usr 0 00:00:00, Sys 0 00:00:00  -  Run Local Usage
		Usr 0 00:00:00, Sys 0 00:00:00  -  Total Remote Usage
		Usr 0 00:00:00, Sys 0 00:00:00  -  Total Local Usage
	0  -  Run Bytes Sent By Job
	0  -  Run Bytes Received By Job
	0  -  Total Bytes Sent By Job
	0  -  Total Bytes Received By Job
...
000 (6377.000.000) 11/23 13:56:25 Job submitted from host: <54.67.10.246:28831?addrs=54.67.10.246-28831>
    DAG Node: stage_in_local_local_1_0
    pool:local
...
001 (6377.000.000) 11/23 13:56:25 Job executing on host: <54.67.10.246:6972?addrs=54.67.10.246-6972>
...
000 (6378.000.000) 11/23 13:56:25 Job submitted from host: <54.67.10.246:28831?addrs=54.67.10.246-28831>
    DAG Node: stage_in_remote_local_4_1
    pool:local
...
001 (6378.000.000) 11/23 13:56:25 Job executing on host: <54.67.10.246:25222?addrs=54.67.10.246-25222>
...
000 (6379.000.000) 11/23 13:56:25 Job submitted from host: <54.67.10.246:28831?addrs=54.67.10.246-28831>
    DAG Node: stage_in_remote_local_4_0
    pool:local
...
001 (6379.000.000) 11/23 13:56:26 Job executing on host: <54.67.10.246:20674?addrs=54.67.10.246-20674>
...
000 (6380.000.000) 11/23 13:56:26 Job submitted from host: <54.67.10.246:28831?addrs=54.67.10.246-28831>
    DAG Node: stage_in_remote_local_2_0
    pool:local
...
001 (6380.000.000) 11/23 13:56:26 Job executing on host: <54.67.10.246:55632?addrs=54.67.10.246-55632>
...
000 (6381.000.000) 11/23 13:56:26 Job submitted from host: <54.67.10.246:28831?addrs=54.67.10.246-28831>
    DAG Node: stage_in_remote_local_3_1
    pool:local
...
005 (6377.000.000) 11/23 13:56:27 Job terminated.
	(1) Normal termination (return value 0)
		Usr 0 00:00:00, Sys 0 00:00:00  -  Run Remote Usage
		Usr 0 00:00:00, Sys 0 00:00:00  -  Run Local Usage
		Usr 0 00:00:00, Sys 0 00:00:00  -  Total Remote Usage
		Usr 0 00:00:00, Sys 0 00:00:00  -  Total Local Usage
	0  -  Run Bytes Sent By Job
	0  -  Run Bytes Received By Job
	0  -  Total Bytes Sent By Job
	0  -  Total Bytes Received By Job
...
001 (6381.000.000) 11/23 13:56:27 Job executing on host: <54.67.10.246:13942?addrs=54.67.10.246-13942>
...
005 (6378.000.000) 11/23 13:56:30 Job terminated.
	(1) Normal termination (return value 0)
		Usr 0 00:00:00, Sys 0 00:00:00  -  Run Remote Usage
		Usr 0 00:00:00, Sys 0 00:00:00  -  Run Local Usage
		Usr 0 00:00:00, Sys 0 00:00:00  -  Total Remote Usage
		Usr 0 00:00:00, Sys 0 00:00:00  -  Total Local Usage
	0  -  Run Bytes Sent By Job
	0  -  Run Bytes Received By Job
	0  -  Total Bytes Sent By Job
	0  -  Total Bytes Received By Job
...
005 (6379.000.000) 11/23 13:56:30 Job terminated.
	(1) Normal termination (return value 0)
		Usr 0 00:00:00, Sys 0 00:00:00  -  Run Remote Usage
		Usr 0 00:00:00, Sys 0 00:00:00  -  Run Local Usage
		Usr 0 00:00:00, Sys 0 00:00:00  -  Total Remote Usage
		Usr 0 00:00:00, Sys 0 00:00:00  -  Total Local Usage
	0  -  Run Bytes Sent By Job
	0  -  Run Bytes Received By Job
	0  -  Total Bytes Sent By Job
	0  -  Total Bytes Received By Job
...
005 (6380.000.000) 11/23 13:56:30 Job terminated.
	(1) Normal termination (return value 0)
		Usr 0 00:00:00, Sys 0 00:00:00  -  Run Remote Usage
		Usr 0 00:00:00, Sys 0 00:00:00  -  Run Local Usage
		Usr 0 00:00:00, Sys 0 00:00:00  -  Total Remote Usage
		Usr 0 00:00:00, Sys 0 00:00:00  -  Total Local Usage
	0  -  Run Bytes Sent By Job
	0  -  Run Bytes Received By Job
	0  -  Total Bytes Sent By Job
	0  -  Total Bytes Received By Job
...
000 (6382.000.000) 11/23 13:56:31 Job submitted from host: <54.67.10.246:28831?addrs=54.67.10.246-28831>
    DAG Node: stage_in_remote_local_3_0
    pool:local
...
001 (6382.000.000) 11/23 13:56:31 Job executing on host: <54.67.10.246:10680?addrs=54.67.10.246-10680>
...
000 (6383.000.000) 11/23 13:56:31 Job submitted from host: <54.67.10.246:28831?addrs=54.67.10.246-28831>
    DAG Node: stage_in_remote_local_6_0
    pool:local
...
000 (6384.000.000) 11/23 13:56:31 Job submitted from host: <54.67.10.246:28831?addrs=54.67.10.246-28831>
    DAG Node: init_0_ID0000001
    pool:condorpool
...
001 (6383.000.000) 11/23 13:56:31 Job executing on host: <54.67.10.246:39566?addrs=54.67.10.246-39566>
...
005 (6381.000.000) 11/23 13:56:32 Job terminated.
	(1) Normal termination (return value 0)
		Usr 0 00:00:00, Sys 0 00:00:00  -  Run Remote Usage
		Usr 0 00:00:00, Sys 0 00:00:00  -  Run Local Usage
		Usr 0 00:00:00, Sys 0 00:00:00  -  Total Remote Usage
		Usr 0 00:00:00, Sys 0 00:00:00  -  Total Local Usage
	0  -  Run Bytes Sent By Job
	0  -  Run Bytes Received By Job
	0  -  Total Bytes Sent By Job
	0  -  Total Bytes Received By Job
...
005 (6383.000.000) 11/23 13:56:34 Job terminated.
	(1) Normal termination (return value 0)
		Usr 0 00:00:00, Sys 0 00:00:00  -  Run Remote Usage
		Usr 0 00:00:00, Sys 0 00:00:00  -  Run Local Usage
		Usr 0 00:00:00, Sys 0 00:00:00  -  Total Remote Usage
		Usr 0 00:00:00, Sys 0 00:00:00  -  Total Local Usage
	0  -  Run Bytes Sent By Job
	0  -  Run Bytes Received By Job
	0  -  Total Bytes Sent By Job
	0  -  Total Bytes Received By Job
...
005 (6382.000.000) 11/23 13:56:36 Job terminated.
	(1) Normal termination (return value 0)
		Usr 0 00:00:00, Sys 0 00:00:00  -  Run Remote Usage
		Usr 0 00:00:00, Sys 0 00:00:00  -  Run Local Usage
		Usr 0 00:00:00, Sys 0 00:00:00  -  Total Remote Usage
		Usr 0 00:00:00, Sys 0 00:00:00  -  Total Local Usage
	0  -  Run Bytes Sent By Job
	0  -  Run Bytes Received By Job
	0  -  Total Bytes Sent By Job
	0  -  Total Bytes Received By Job
...
001 (6384.000.000) 11/23 13:56:49 Job executing on host: <54.213.17.0:8127?addrs=54.213.17.0-8127&noUDP>
...
006 (6384.000.000) 11/23 13:56:58 Image size of job updated: 2
	2  -  MemoryUsage of job (MB)
	1652  -  ResidentSetSize of job (KB)
...
006 (6384.000.000) 11/23 14:02:00 Image size of job updated: 633496
	15  -  MemoryUsage of job (MB)
	15296  -  ResidentSetSize of job (KB)
...
005 (6384.000.000) 11/23 14:03:49 Job terminated.
	(1) Normal termination (return value 1)
		Usr 0 00:00:00, Sys 0 00:00:00  -  Run Remote Usage
		Usr 0 00:00:00, Sys 0 00:00:00  -  Run Local Usage
		Usr 0 00:00:00, Sys 0 00:00:00  -  Total Remote Usage
		Usr 0 00:00:00, Sys 0 00:00:00  -  Total Local Usage
	9194  -  Run Bytes Sent By Job
	3170345  -  Run Bytes Received By Job
	9194  -  Total Bytes Sent By Job
	3170345  -  Total Bytes Received By Job
	Partitionable Resources :    Usage  Request Allocated
	   Cpus                 :                 1         1
	   Disk (KB)            :     6110     3250  27706124
	   Memory (MB)          :       15        1      3764
...
000 (6385.000.000) 11/23 14:04:02 Job submitted from host: <54.67.10.246:28831?addrs=54.67.10.246-28831>
    DAG Node: init_0_ID0000001
    pool:condorpool
...
001 (6385.000.000) 11/23 14:04:03 Job executing on host: <54.213.17.0:8127?addrs=54.213.17.0-8127&noUDP>
...
006 (6385.000.000) 11/23 14:04:11 Image size of job updated: 2
	2  -  MemoryUsage of job (MB)
	1648  -  ResidentSetSize of job (KB)
...
006 (6385.000.000) 11/23 14:07:55 Image size of job updated: 633496
	2  -  MemoryUsage of job (MB)
	1648  -  ResidentSetSize of job (KB)
...
005 (6385.000.000) 11/23 14:07:55 Job terminated.
	(1) Normal termination (return value 0)
		Usr 0 00:00:00, Sys 0 00:00:00  -  Run Remote Usage
		Usr 0 00:00:00, Sys 0 00:00:00  -  Run Local Usage
		Usr 0 00:00:00, Sys 0 00:00:00  -  Total Remote Usage
		Usr 0 00:00:00, Sys 0 00:00:00  -  Total Local Usage
	4460  -  Run Bytes Sent By Job
	3170345  -  Run Bytes Received By Job
	4460  -  Total Bytes Sent By Job
	3170345  -  Total Bytes Received By Job
	Partitionable Resources :    Usage  Request Allocated
	   Cpus                 :                 1         1
	   Disk (KB)            :     6106     3250  27706124
	   Memory (MB)          :        2        1      3764
...
000 (6386.000.000) 11/23 14:08:08 Job submitted from host: <54.67.10.246:28831?addrs=54.67.10.246-28831>
    DAG Node: clean_up_local_level_3_0
    pool:local
...
000 (6387.000.000) 11/23 14:08:08 Job submitted from host: <54.67.10.246:28831?addrs=54.67.10.246-28831>
    DAG Node: generalinfo_0_ID0000002
    pool:condorpool
...
001 (6386.000.000) 11/23 14:08:08 Job executing on host: <54.67.10.246:42880?addrs=54.67.10.246-42880>
...
001 (6387.000.000) 11/23 14:08:08 Job executing on host: <54.213.17.0:8127?addrs=54.213.17.0-8127&noUDP>
...
005 (6386.000.000) 11/23 14:08:10 Job terminated.
	(1) Normal termination (return value 0)
		Usr 0 00:00:00, Sys 0 00:00:00  -  Run Remote Usage
		Usr 0 00:00:00, Sys 0 00:00:00  -  Run Local Usage
		Usr 0 00:00:00, Sys 0 00:00:00  -  Total Remote Usage
		Usr 0 00:00:00, Sys 0 00:00:00  -  Total Local Usage
	0  -  Run Bytes Sent By Job
	0  -  Run Bytes Received By Job
	0  -  Total Bytes Sent By Job
	0  -  Total Bytes Received By Job
...
006 (6387.000.000) 11/23 14:08:18 Image size of job updated: 2
	2  -  MemoryUsage of job (MB)
	1648  -  ResidentSetSize of job (KB)
...
006 (6387.000.000) 11/23 14:13:18 Image size of job updated: 758488
	133  -  MemoryUsage of job (MB)
	135352  -  ResidentSetSize of job (KB)
...
006 (6387.000.000) 11/23 14:18:18 Image size of job updated: 762112
	133  -  MemoryUsage of job (MB)
	135352  -  ResidentSetSize of job (KB)
...
006 (6387.000.000) 11/23 15:10:55 Image size of job updated: 770808
	133  -  MemoryUsage of job (MB)
	135352  -  ResidentSetSize of job (KB)
...
005 (6387.000.000) 11/23 15:10:55 Job terminated.
	(1) Normal termination (return value 0)
		Usr 0 00:51:37, Sys 0 00:00:31  -  Run Remote Usage
		Usr 0 00:00:00, Sys 0 00:00:00  -  Run Local Usage
		Usr 0 00:51:37, Sys 0 00:00:31  -  Total Remote Usage
		Usr 0 00:00:00, Sys 0 00:00:00  -  Total Local Usage
	5916  -  Run Bytes Sent By Job
	3169158  -  Run Bytes Received By Job
	5916  -  Total Bytes Sent By Job
	3169158  -  Total Bytes Received By Job
	Partitionable Resources :    Usage  Request Allocated
	   Cpus                 :                 1         1
	   Disk (KB)            :     6107     3250  27706124
	   Memory (MB)          :      133        1      3764
...
000 (6388.000.000) 11/23 15:11:06 Job submitted from host: <54.67.10.246:28831?addrs=54.67.10.246-28831>
    DAG Node: clean_up_local_level_4_0
    pool:local
...
001 (6388.000.000) 11/23 15:11:06 Job executing on host: <54.67.10.246:40224?addrs=54.67.10.246-40224>
...
000 (6389.000.000) 11/23 15:11:06 Job submitted from host: <54.67.10.246:28831?addrs=54.67.10.246-28831>
    DAG Node: statscpumemory_0_ID0000003
    pool:condorpool
...
000 (6390.000.000) 11/23 15:11:06 Job submitted from host: <54.67.10.246:28831?addrs=54.67.10.246-28831>
    DAG Node: medianmemory_0_ID0000005
    pool:condorpool
...
000 (6391.000.000) 11/23 15:11:06 Job submitted from host: <54.67.10.246:28831?addrs=54.67.10.246-28831>
    DAG Node: mediancpu_0_ID0000004
    pool:condorpool
...
005 (6388.000.000) 11/23 15:11:11 Job terminated.
	(1) Normal termination (return value 0)
		Usr 0 00:00:00, Sys 0 00:00:00  -  Run Remote Usage
		Usr 0 00:00:00, Sys 0 00:00:00  -  Run Local Usage
		Usr 0 00:00:00, Sys 0 00:00:00  -  Total Remote Usage
		Usr 0 00:00:00, Sys 0 00:00:00  -  Total Local Usage
	0  -  Run Bytes Sent By Job
	0  -  Run Bytes Received By Job
	0  -  Total Bytes Sent By Job
	0  -  Total Bytes Received By Job
...
001 (6389.000.000) 11/23 15:11:26 Job executing on host: <54.213.17.0:8127?addrs=54.213.17.0-8127&noUDP>
...
001 (6390.000.000) 11/23 15:11:26 Job executing on host: <54.200.31.33:26015?addrs=54.200.31.33-26015&noUDP>
...
001 (6391.000.000) 11/23 15:11:26 Job executing on host: <54.201.173.21:12532?addrs=54.201.173.21-12532&noUDP>
...
006 (6389.000.000) 11/23 15:11:34 Image size of job updated: 2
	2  -  MemoryUsage of job (MB)
	1644  -  ResidentSetSize of job (KB)
...
006 (6390.000.000) 11/23 15:11:34 Image size of job updated: 2
	2  -  MemoryUsage of job (MB)
	1648  -  ResidentSetSize of job (KB)
...
006 (6391.000.000) 11/23 15:11:35 Image size of job updated: 2
	2  -  MemoryUsage of job (MB)
	1640  -  ResidentSetSize of job (KB)
...
006 (6389.000.000) 11/23 15:16:35 Image size of job updated: 761356
	123  -  MemoryUsage of job (MB)
	125568  -  ResidentSetSize of job (KB)
...
006 (6390.000.000) 11/23 15:16:35 Image size of job updated: 780800
	159  -  MemoryUsage of job (MB)
	162764  -  ResidentSetSize of job (KB)
...
006 (6391.000.000) 11/23 15:16:36 Image size of job updated: 778744
	156  -  MemoryUsage of job (MB)
	159112  -  ResidentSetSize of job (KB)
...
006 (6390.000.000) 11/23 15:21:35 Image size of job updated: 783220
	159  -  MemoryUsage of job (MB)
	162764  -  ResidentSetSize of job (KB)
...
006 (6389.000.000) 11/23 15:21:36 Image size of job updated: 762660
	123  -  MemoryUsage of job (MB)
	125568  -  ResidentSetSize of job (KB)
...
006 (6391.000.000) 11/23 15:21:36 Image size of job updated: 783788
	156  -  MemoryUsage of job (MB)
	159112  -  ResidentSetSize of job (KB)
...
006 (6390.000.000) 11/23 15:26:35 Image size of job updated: 785060
	159  -  MemoryUsage of job (MB)
	162764  -  ResidentSetSize of job (KB)
...
006 (6389.000.000) 11/23 15:26:36 Image size of job updated: 764256
	139  -  MemoryUsage of job (MB)
	141816  -  ResidentSetSize of job (KB)
...
006 (6391.000.000) 11/23 15:26:36 Image size of job updated: 784860
	156  -  MemoryUsage of job (MB)
	159112  -  ResidentSetSize of job (KB)
...
006 (6391.000.000) 11/23 15:31:37 Image size of job updated: 785440
	156  -  MemoryUsage of job (MB)
	159112  -  ResidentSetSize of job (KB)
...
006 (6389.000.000) 11/23 15:31:37 Image size of job updated: 765336
	142  -  MemoryUsage of job (MB)
	144648  -  ResidentSetSize of job (KB)
...
006 (6389.000.000) 11/23 15:36:38 Image size of job updated: 766252
	144  -  MemoryUsage of job (MB)
	147008  -  ResidentSetSize of job (KB)
...
006 (6391.000.000) 11/23 15:41:37 Image size of job updated: 785440
	158  -  MemoryUsage of job (MB)
	160948  -  ResidentSetSize of job (KB)
...
006 (6389.000.000) 11/23 15:46:39 Image size of job updated: 766456
	144  -  MemoryUsage of job (MB)
	147008  -  ResidentSetSize of job (KB)
...
006 (6391.000.000) 11/23 15:51:38 Image size of job updated: 788280
	158  -  MemoryUsage of job (MB)
	160948  -  ResidentSetSize of job (KB)
...
006 (6389.000.000) 11/23 15:51:40 Image size of job updated: 766456
	145  -  MemoryUsage of job (MB)
	148424  -  ResidentSetSize of job (KB)
...
006 (6390.000.000) 11/23 16:16:40 Image size of job updated: 785060
	160  -  MemoryUsage of job (MB)
	163124  -  ResidentSetSize of job (KB)
...
006 (6391.000.000) 11/23 16:21:40 Image size of job updated: 788856
	162  -  MemoryUsage of job (MB)
	165376  -  ResidentSetSize of job (KB)
...
006 (6389.000.000) 11/23 16:21:44 Image size of job updated: 786260
	147  -  MemoryUsage of job (MB)
	150112  -  ResidentSetSize of job (KB)
...
006 (6390.000.000) 11/23 16:26:40 Image size of job updated: 796528
	160  -  MemoryUsage of job (MB)
	163124  -  ResidentSetSize of job (KB)
...
006 (6391.000.000) 11/23 16:26:41 Image size of job updated: 794576
	162  -  MemoryUsage of job (MB)
	165376  -  ResidentSetSize of job (KB)
...
006 (6390.000.000) 11/23 16:31:41 Image size of job updated: 800596
	160  -  MemoryUsage of job (MB)
	163124  -  ResidentSetSize of job (KB)
...
006 (6391.000.000) 11/23 16:31:42 Image size of job updated: 804128
	162  -  MemoryUsage of job (MB)
	165376  -  ResidentSetSize of job (KB)
...
006 (6391.000.000) 11/23 16:36:42 Image size of job updated: 804656
	162  -  MemoryUsage of job (MB)
	165376  -  ResidentSetSize of job (KB)
...
006 (6390.000.000) 11/23 16:41:42 Image size of job updated: 801496
	160  -  MemoryUsage of job (MB)
	163124  -  ResidentSetSize of job (KB)
...
006 (6391.000.000) 11/23 16:41:43 Image size of job updated: 805904
	162  -  MemoryUsage of job (MB)
	165376  -  ResidentSetSize of job (KB)
...
006 (6391.000.000) 11/23 16:51:44 Image size of job updated: 808348
	162  -  MemoryUsage of job (MB)
	165376  -  ResidentSetSize of job (KB)
...
006 (6390.000.000) 11/23 16:56:43 Image size of job updated: 805024
	160  -  MemoryUsage of job (MB)
	163124  -  ResidentSetSize of job (KB)
...
006 (6391.000.000) 11/23 17:01:45 Image size of job updated: 808672
	162  -  MemoryUsage of job (MB)
	165376  -  ResidentSetSize of job (KB)
...
005 (6389.000.000) 11/23 17:21:19 Job terminated.
	(1) Normal termination (return value 0)
		Usr 0 01:50:07, Sys 0 00:01:08  -  Run Remote Usage
		Usr 0 00:00:00, Sys 0 00:00:00  -  Run Local Usage
		Usr 0 01:50:07, Sys 0 00:01:08  -  Total Remote Usage
		Usr 0 00:00:00, Sys 0 00:00:00  -  Total Local Usage
	6634  -  Run Bytes Sent By Job
	3171330  -  Run Bytes Received By Job
	6634  -  Total Bytes Sent By Job
	3171330  -  Total Bytes Received By Job
	Partitionable Resources :    Usage  Request Allocated
	   Cpus                 :                 1         1
	   Disk (KB)            :     6110     3250  27705788
	   Memory (MB)          :      147        1      3764
...
005 (6390.000.000) 11/23 17:24:19 Job terminated.
	(1) Normal termination (return value 0)
		Usr 0 01:57:02, Sys 0 00:01:25  -  Run Remote Usage
		Usr 0 00:00:00, Sys 0 00:00:00  -  Run Local Usage
		Usr 0 01:57:02, Sys 0 00:01:25  -  Total Remote Usage
		Usr 0 00:00:00, Sys 0 00:00:00  -  Total Local Usage
	379252  -  Run Bytes Sent By Job
	3169055  -  Run Bytes Received By Job
	379252  -  Total Bytes Sent By Job
	3169055  -  Total Bytes Received By Job
	Partitionable Resources :    Usage  Request Allocated
	   Cpus                 :                 1         1
	   Disk (KB)            :  5910482     3250  27710128
	   Memory (MB)          :      160        1      3764
...
000 (6392.000.000) 11/23 17:24:30 Job submitted from host: <54.67.10.246:28831?addrs=54.67.10.246-28831>
    DAG Node: clean_up_local_level_5_0
    pool:local
...
001 (6392.000.000) 11/23 17:24:30 Job executing on host: <54.67.10.246:34927?addrs=54.67.10.246-34927>
...
005 (6392.000.000) 11/23 17:24:39 Job terminated.
	(1) Normal termination (return value 0)
		Usr 0 00:00:00, Sys 0 00:00:00  -  Run Remote Usage
		Usr 0 00:00:00, Sys 0 00:00:00  -  Run Local Usage
		Usr 0 00:00:00, Sys 0 00:00:00  -  Total Remote Usage
		Usr 0 00:00:00, Sys 0 00:00:00  -  Total Local Usage
	0  -  Run Bytes Sent By Job
	0  -  Run Bytes Received By Job
	0  -  Total Bytes Sent By Job
	0  -  Total Bytes Received By Job
...
005 (6391.000.000) 11/23 17:25:00 Job terminated.
	(1) Normal termination (return value 0)
		Usr 0 01:56:45, Sys 0 00:01:18  -  Run Remote Usage
		Usr 0 00:00:00, Sys 0 00:00:00  -  Run Local Usage
		Usr 0 01:56:45, Sys 0 00:01:18  -  Total Remote Usage
		Usr 0 00:00:00, Sys 0 00:00:00  -  Total Local Usage
	381741  -  Run Bytes Sent By Job
	3169019  -  Run Bytes Received By Job
	381741  -  Total Bytes Sent By Job
	3169019  -  Total Bytes Received By Job
	Partitionable Resources :    Usage  Request Allocated
	   Cpus                 :                 1         1
	   Disk (KB)            :  5780490     3250  27707676
	   Memory (MB)          :      162        1      3764
...
000 (6393.000.000) 11/23 17:25:11 Job submitted from host: <54.67.10.246:28831?addrs=54.67.10.246-28831>
    DAG Node: taskevent_6_ID0000012
    pool:condorpool
...
000 (6394.000.000) 11/23 17:25:11 Job submitted from host: <54.67.10.246:28831?addrs=54.67.10.246-28831>
    DAG Node: taskevent_0_ID0000006
    pool:condorpool
...
000 (6395.000.000) 11/23 17:25:11 Job submitted from host: <54.67.10.246:28831?addrs=54.67.10.246-28831>
    DAG Node: taskevent_3_ID0000009
    pool:condorpool
...
000 (6396.000.000) 11/23 17:25:11 Job submitted from host: <54.67.10.246:28831?addrs=54.67.10.246-28831>
    DAG Node: taskevent_1_ID0000007
    pool:condorpool
...
000 (6397.000.000) 11/23 17:25:11 Job submitted from host: <54.67.10.246:28831?addrs=54.67.10.246-28831>
    DAG Node: taskevent_5_ID0000011
    pool:condorpool
...
001 (6393.000.000) 11/23 17:25:12 Job executing on host: <54.213.17.0:8127?addrs=54.213.17.0-8127&noUDP>
...
006 (6393.000.000) 11/23 17:25:14 Image size of job updated: 2
	0  -  MemoryUsage of job (MB)
	0  -  ResidentSetSize of job (KB)
...
005 (6393.000.000) 11/23 17:25:14 Job terminated.
	(1) Normal termination (return value 0)
		Usr 0 00:00:00, Sys 0 00:00:00  -  Run Remote Usage
		Usr 0 00:00:00, Sys 0 00:00:00  -  Run Local Usage
		Usr 0 00:00:00, Sys 0 00:00:00  -  Total Remote Usage
		Usr 0 00:00:00, Sys 0 00:00:00  -  Total Local Usage
	8785  -  Run Bytes Sent By Job
	3175795  -  Run Bytes Received By Job
	8785  -  Total Bytes Sent By Job
	3175795  -  Total Bytes Received By Job
	Partitionable Resources :    Usage  Request Allocated
	   Cpus                 :                 1         1
	   Disk (KB)            :     6119     3250  27705288
	   Memory (MB)          :        0        1      3764
...
001 (6394.000.000) 11/23 17:25:14 Job executing on host: <54.213.17.0:8127?addrs=54.213.17.0-8127&noUDP>
...
000 (6398.000.000) 11/23 17:25:16 Job submitted from host: <54.67.10.246:28831?addrs=54.67.10.246-28831>
    DAG Node: taskevent_4_ID0000010
    pool:condorpool
...
000 (6399.000.000) 11/23 17:25:17 Job submitted from host: <54.67.10.246:28831?addrs=54.67.10.246-28831>
    DAG Node: taskevent_2_ID0000008
    pool:condorpool
...
000 (6400.000.000) 11/23 17:25:17 Job submitted from host: <54.67.10.246:28831?addrs=54.67.10.246-28831>
    DAG Node: taskevent_8_ID0000014
    pool:condorpool
...
000 (6401.000.000) 11/23 17:25:17 Job submitted from host: <54.67.10.246:28831?addrs=54.67.10.246-28831>
    DAG Node: taskevent_7_ID0000013
    pool:condorpool
...
000 (6402.000.000) 11/23 17:25:17 Job submitted from host: <54.67.10.246:28831?addrs=54.67.10.246-28831>
    DAG Node: clean_up_local_level_5_1
    pool:local
...
001 (6402.000.000) 11/23 17:25:22 Job executing on host: <54.67.10.246:8933?addrs=54.67.10.246-8933>
...
006 (6394.000.000) 11/23 17:25:24 Image size of job updated: 2
	2  -  MemoryUsage of job (MB)
	1648  -  ResidentSetSize of job (KB)
...
005 (6402.000.000) 11/23 17:25:26 Job terminated.
	(1) Normal termination (return value 0)
		Usr 0 00:00:00, Sys 0 00:00:00  -  Run Remote Usage
		Usr 0 00:00:00, Sys 0 00:00:00  -  Run Local Usage
		Usr 0 00:00:00, Sys 0 00:00:00  -  Total Remote Usage
		Usr 0 00:00:00, Sys 0 00:00:00  -  Total Local Usage
	0  -  Run Bytes Sent By Job
	0  -  Run Bytes Received By Job
	0  -  Total Bytes Sent By Job
	0  -  Total Bytes Received By Job
...
001 (6397.000.000) 11/23 17:25:31 Job executing on host: <54.218.67.255:43996?addrs=54.218.67.255-43996&noUDP>
...
001 (6396.000.000) 11/23 17:25:31 Job executing on host: <54.201.173.21:12532?addrs=54.201.173.21-12532&noUDP>
...
001 (6398.000.000) 11/23 17:25:31 Job executing on host: <54.218.67.200:24516?addrs=54.218.67.200-24516&noUDP>
...
001 (6399.000.000) 11/23 17:25:31 Job executing on host: <54.214.127.179:23217?addrs=54.214.127.179-23217&noUDP>
...
001 (6400.000.000) 11/23 17:25:31 Job executing on host: <54.187.184.72:41367?addrs=54.187.184.72-41367&noUDP>
...
001 (6401.000.000) 11/23 17:25:31 Job executing on host: <54.218.71.145:5408?addrs=54.218.71.145-5408&noUDP>
...
001 (6395.000.000) 11/23 17:25:32 Job executing on host: <54.200.31.33:26015?addrs=54.200.31.33-26015&noUDP>
...
006 (6401.000.000) 11/23 17:25:34 Image size of job updated: 2
	0  -  MemoryUsage of job (MB)
	0  -  ResidentSetSize of job (KB)
...
005 (6401.000.000) 11/23 17:25:34 Job terminated.
	(1) Normal termination (return value 0)
		Usr 0 00:00:00, Sys 0 00:00:00  -  Run Remote Usage
		Usr 0 00:00:00, Sys 0 00:00:00  -  Run Local Usage
		Usr 0 00:00:00, Sys 0 00:00:00  -  Total Remote Usage
		Usr 0 00:00:00, Sys 0 00:00:00  -  Total Local Usage
	8784  -  Run Bytes Sent By Job
	3175795  -  Run Bytes Received By Job
	8784  -  Total Bytes Sent By Job
	3175795  -  Total Bytes Received By Job
	Partitionable Resources :    Usage  Request Allocated
	   Cpus                 :                 1         1
	   Disk (KB)            :     6119     3250  27708496
	   Memory (MB)          :        0        1      3764
...
006 (6397.000.000) 11/23 17:25:39 Image size of job updated: 2
	2  -  MemoryUsage of job (MB)
	1652  -  ResidentSetSize of job (KB)
...
006 (6395.000.000) 11/23 17:25:40 Image size of job updated: 47984
	2  -  MemoryUsage of job (MB)
	1660  -  ResidentSetSize of job (KB)
...
006 (6396.000.000) 11/23 17:25:40 Image size of job updated: 2
	2  -  MemoryUsage of job (MB)
	1656  -  ResidentSetSize of job (KB)
...
006 (6398.000.000) 11/23 17:25:40 Image size of job updated: 2
	2  -  MemoryUsage of job (MB)
	1656  -  ResidentSetSize of job (KB)
...
006 (6399.000.000) 11/23 17:25:40 Image size of job updated: 2
	2  -  MemoryUsage of job (MB)
	1656  -  ResidentSetSize of job (KB)
...
006 (6400.000.000) 11/23 17:25:40 Image size of job updated: 2
	2  -  MemoryUsage of job (MB)
	1656  -  ResidentSetSize of job (KB)
...
006 (6394.000.000) 11/23 17:30:25 Image size of job updated: 794688
	89  -  MemoryUsage of job (MB)
	90636  -  ResidentSetSize of job (KB)
...
006 (6397.000.000) 11/23 17:30:40 Image size of job updated: 796172
	122  -  MemoryUsage of job (MB)
	124392  -  ResidentSetSize of job (KB)
...
006 (6395.000.000) 11/23 17:30:40 Image size of job updated: 796988
	132  -  MemoryUsage of job (MB)
	134348  -  ResidentSetSize of job (KB)
...
006 (6400.000.000) 11/23 17:30:41 Image size of job updated: 794300
	133  -  MemoryUsage of job (MB)
	135816  -  ResidentSetSize of job (KB)
...
006 (6399.000.000) 11/23 17:30:41 Image size of job updated: 792260
	127  -  MemoryUsage of job (MB)
	129864  -  ResidentSetSize of job (KB)
...
006 (6396.000.000) 11/23 17:30:41 Image size of job updated: 790476
	125  -  MemoryUsage of job (MB)
	127120  -  ResidentSetSize of job (KB)
...
006 (6398.000.000) 11/23 17:30:42 Image size of job updated: 799328
	124  -  MemoryUsage of job (MB)
	126696  -  ResidentSetSize of job (KB)
...
006 (6394.000.000) 11/23 17:35:25 Image size of job updated: 796428
	128  -  MemoryUsage of job (MB)
	130852  -  ResidentSetSize of job (KB)
...
006 (6399.000.000) 11/23 17:35:41 Image size of job updated: 804184
	127  -  MemoryUsage of job (MB)
	129864  -  ResidentSetSize of job (KB)
...
006 (6400.000.000) 11/23 17:35:41 Image size of job updated: 817864
	136  -  MemoryUsage of job (MB)
	138552  -  ResidentSetSize of job (KB)
...
006 (6396.000.000) 11/23 17:35:41 Image size of job updated: 795360
	125  -  MemoryUsage of job (MB)
	127120  -  ResidentSetSize of job (KB)
...
006 (6398.000.000) 11/23 17:35:42 Image size of job updated: 799328
	125  -  MemoryUsage of job (MB)
	127124  -  ResidentSetSize of job (KB)
...
006 (6394.000.000) 11/23 17:40:25 Image size of job updated: 797520
	128  -  MemoryUsage of job (MB)
	130852  -  ResidentSetSize of job (KB)
...
006 (6397.000.000) 11/23 17:40:40 Image size of job updated: 814524
	123  -  MemoryUsage of job (MB)
	125832  -  ResidentSetSize of job (KB)
...
006 (6399.000.000) 11/23 17:40:41 Image size of job updated: 819148
	128  -  MemoryUsage of job (MB)
	130840  -  ResidentSetSize of job (KB)
...
006 (6400.000.000) 11/23 17:40:41 Image size of job updated: 817864
	136  -  MemoryUsage of job (MB)
	138936  -  ResidentSetSize of job (KB)
...
006 (6396.000.000) 11/23 17:40:41 Image size of job updated: 796528
	125  -  MemoryUsage of job (MB)
	127120  -  ResidentSetSize of job (KB)
...
006 (6395.000.000) 11/23 17:40:41 Image size of job updated: 802348
	132  -  MemoryUsage of job (MB)
	134348  -  ResidentSetSize of job (KB)
...
005 (6400.000.000) 11/23 17:40:47 Job terminated.
	(1) Normal termination (return value 0)
		Usr 0 00:00:52, Sys 0 00:00:01  -  Run Remote Usage
		Usr 0 00:00:00, Sys 0 00:00:00  -  Run Local Usage
		Usr 0 00:00:52, Sys 0 00:00:01  -  Total Remote Usage
		Usr 0 00:00:00, Sys 0 00:00:00  -  Total Local Usage
	8795  -  Run Bytes Sent By Job
	3175795  -  Run Bytes Received By Job
	8795  -  Total Bytes Sent By Job
	3175795  -  Total Bytes Received By Job
	Partitionable Resources :    Usage  Request Allocated
	   Cpus                 :                 1         1
	   Disk (KB)            :     6119     3250  27710324
	   Memory (MB)          :      136        1      3764
...
005 (6399.000.000) 11/23 17:44:44 Job terminated.
	(1) Normal termination (return value 0)
		Usr 0 00:03:59, Sys 0 00:00:03  -  Run Remote Usage
		Usr 0 00:00:00, Sys 0 00:00:00  -  Run Local Usage
		Usr 0 00:03:59, Sys 0 00:00:03  -  Total Remote Usage
		Usr 0 00:00:00, Sys 0 00:00:00  -  Total Local Usage
	8799  -  Run Bytes Sent By Job
	3175795  -  Run Bytes Received By Job
	8799  -  Total Bytes Sent By Job
	3175795  -  Total Bytes Received By Job
	Partitionable Resources :    Usage  Request Allocated
	   Cpus                 :                 1         1
	   Disk (KB)            :     6119     3250  27710548
	   Memory (MB)          :      128        1      3764
...
006 (6394.000.000) 11/23 17:45:26 Image size of job updated: 797520
	129  -  MemoryUsage of job (MB)
	131984  -  ResidentSetSize of job (KB)
...
006 (6397.000.000) 11/23 17:45:41 Image size of job updated: 814524
	126  -  MemoryUsage of job (MB)
	128376  -  ResidentSetSize of job (KB)
...
006 (6395.000.000) 11/23 17:45:42 Image size of job updated: 822992
	132  -  MemoryUsage of job (MB)
	134348  -  ResidentSetSize of job (KB)
...
006 (6398.000.000) 11/23 17:45:42 Image size of job updated: 814896
	128  -  MemoryUsage of job (MB)
	130276  -  ResidentSetSize of job (KB)
...
006 (6397.000.000) 11/23 17:50:42 Image size of job updated: 817872
	126  -  MemoryUsage of job (MB)
	128376  -  ResidentSetSize of job (KB)
...
006 (6398.000.000) 11/23 17:50:44 Image size of job updated: 817568
	128  -  MemoryUsage of job (MB)
	130276  -  ResidentSetSize of job (KB)
...
005 (6397.000.000) 11/23 17:50:46 Job terminated.
	(1) Normal termination (return value 0)
		Usr 0 00:08:00, Sys 0 00:00:08  -  Run Remote Usage
		Usr 0 00:00:00, Sys 0 00:00:00  -  Run Local Usage
		Usr 0 00:08:00, Sys 0 00:00:08  -  Total Remote Usage
		Usr 0 00:00:00, Sys 0 00:00:00  -  Total Local Usage
	8800  -  Run Bytes Sent By Job
	3175795  -  Run Bytes Received By Job
	8800  -  Total Bytes Sent By Job
	3175795  -  Total Bytes Received By Job
	Partitionable Resources :    Usage  Request Allocated
	   Cpus                 :                 1         1
	   Disk (KB)            :     6119     3250  27710988
	   Memory (MB)          :      126        1      3764
...
005 (6395.000.000) 11/23 17:54:57 Job terminated.
	(1) Normal termination (return value 0)
		Usr 0 00:11:57, Sys 0 00:00:11  -  Run Remote Usage
		Usr 0 00:00:00, Sys 0 00:00:00  -  Run Local Usage
		Usr 0 00:11:57, Sys 0 00:00:11  -  Total Remote Usage
		Usr 0 00:00:00, Sys 0 00:00:00  -  Total Local Usage
	8806  -  Run Bytes Sent By Job
	3175795  -  Run Bytes Received By Job
	8806  -  Total Bytes Sent By Job
	3175795  -  Total Bytes Received By Job
	Partitionable Resources :    Usage  Request Allocated
	   Cpus                 :                 1         1
	   Disk (KB)            :     6119     3250  27709588
	   Memory (MB)          :      132        1      3764
...
006 (6396.000.000) 11/23 17:55:43 Image size of job updated: 796528
	132  -  MemoryUsage of job (MB)
	134388  -  ResidentSetSize of job (KB)
...
006 (6398.000.000) 11/23 17:59:02 Image size of job updated: 818000
	128  -  MemoryUsage of job (MB)
	130276  -  ResidentSetSize of job (KB)
...
005 (6398.000.000) 11/23 17:59:02 Job terminated.
	(1) Normal termination (return value 0)
		Usr 0 00:14:47, Sys 0 00:00:11  -  Run Remote Usage
		Usr 0 00:00:00, Sys 0 00:00:00  -  Run Local Usage
		Usr 0 00:14:47, Sys 0 00:00:11  -  Total Remote Usage
		Usr 0 00:00:00, Sys 0 00:00:00  -  Total Local Usage
	8802  -  Run Bytes Sent By Job
	3175795  -  Run Bytes Received By Job
	8802  -  Total Bytes Sent By Job
	3175795  -  Total Bytes Received By Job
	Partitionable Resources :    Usage  Request Allocated
	   Cpus                 :                 1         1
	   Disk (KB)            :     6119     3250  27735012
	   Memory (MB)          :      128        1      3764
...
000 (6403.000.000) 11/23 17:59:14 Job submitted from host: <54.67.10.246:28831?addrs=54.67.10.246-28831>
    DAG Node: clean_up_local_level_6_1
    pool:local
...
001 (6403.000.000) 11/23 17:59:14 Job executing on host: <54.67.10.246:44248?addrs=54.67.10.246-44248>
...
005 (6403.000.000) 11/23 17:59:30 Job terminated.
	(1) Normal termination (return value 0)
		Usr 0 00:00:00, Sys 0 00:00:00  -  Run Remote Usage
		Usr 0 00:00:00, Sys 0 00:00:00  -  Run Local Usage
		Usr 0 00:00:00, Sys 0 00:00:00  -  Total Remote Usage
		Usr 0 00:00:00, Sys 0 00:00:00  -  Total Local Usage
	0  -  Run Bytes Sent By Job
	0  -  Run Bytes Received By Job
	0  -  Total Bytes Sent By Job
	0  -  Total Bytes Received By Job
...
006 (6394.000.000) 11/23 18:00:27 Image size of job updated: 817936
	134  -  MemoryUsage of job (MB)
	136824  -  ResidentSetSize of job (KB)
...
006 (6396.000.000) 11/23 18:00:44 Image size of job updated: 815240
	132  -  MemoryUsage of job (MB)
	134388  -  ResidentSetSize of job (KB)
...
006 (6394.000.000) 11/23 18:05:28 Image size of job updated: 819624
	134  -  MemoryUsage of job (MB)
	136824  -  ResidentSetSize of job (KB)
...
006 (6396.000.000) 11/23 18:05:45 Image size of job updated: 816740
	132  -  MemoryUsage of job (MB)
	134388  -  ResidentSetSize of job (KB)
...
006 (6396.000.000) 11/23 18:10:45 Image size of job updated: 817496
	132  -  MemoryUsage of job (MB)
	134388  -  ResidentSetSize of job (KB)
...
006 (6396.000.000) 11/23 18:15:45 Image size of job updated: 818588
	132  -  MemoryUsage of job (MB)
	134388  -  ResidentSetSize of job (KB)
...
006 (6396.000.000) 11/23 18:25:47 Image size of job updated: 818588
	133  -  MemoryUsage of job (MB)
	135912  -  ResidentSetSize of job (KB)
...
006 (6394.000.000) 11/23 18:29:30 Image size of job updated: 821912
	134  -  MemoryUsage of job (MB)
	136824  -  ResidentSetSize of job (KB)
...
005 (6394.000.000) 11/23 18:29:30 Job terminated.
	(1) Normal termination (return value 0)
		Usr 0 00:39:03, Sys 0 00:00:30  -  Run Remote Usage
		Usr 0 00:00:00, Sys 0 00:00:00  -  Run Local Usage
		Usr 0 00:39:03, Sys 0 00:00:30  -  Total Remote Usage
		Usr 0 00:00:00, Sys 0 00:00:00  -  Total Local Usage
	8804  -  Run Bytes Sent By Job
	3175795  -  Run Bytes Received By Job
	8804  -  Total Bytes Sent By Job
	3175795  -  Total Bytes Received By Job
	Partitionable Resources :    Usage  Request Allocated
	   Cpus                 :                 1         1
	   Disk (KB)            :     6119     3250  27705288
	   Memory (MB)          :      134        1      3764
...
005 (6396.000.000) 11/23 18:29:35 Job terminated.
	(1) Normal termination (return value 0)
		Usr 0 00:40:05, Sys 0 00:00:37  -  Run Remote Usage
		Usr 0 00:00:00, Sys 0 00:00:00  -  Run Local Usage
		Usr 0 00:40:05, Sys 0 00:00:37  -  Total Remote Usage
		Usr 0 00:00:00, Sys 0 00:00:00  -  Total Local Usage
	8808  -  Run Bytes Sent By Job
	3175795  -  Run Bytes Received By Job
	8808  -  Total Bytes Sent By Job
	3175795  -  Total Bytes Received By Job
	Partitionable Resources :    Usage  Request Allocated
	   Cpus                 :                 1         1
	   Disk (KB)            :     6119     3250  27699876
	   Memory (MB)          :      133        1      3764
...
000 (6404.000.000) 11/23 18:29:46 Job submitted from host: <54.67.10.246:28831?addrs=54.67.10.246-28831>
    DAG Node: clean_up_local_level_6_0
    pool:local
...
000 (6405.000.000) 11/23 18:29:46 Job submitted from host: <54.67.10.246:28831?addrs=54.67.10.246-28831>
    DAG Node: calculateratio_8_ID0000023
    pool:condorpool
...
001 (6404.000.000) 11/23 18:29:46 Job executing on host: <54.67.10.246:56311?addrs=54.67.10.246-56311>
...
000 (6406.000.000) 11/23 18:29:47 Job submitted from host: <54.67.10.246:28831?addrs=54.67.10.246-28831>
    DAG Node: calculateratio_6_ID0000021
    pool:condorpool
...
000 (6407.000.000) 11/23 18:29:47 Job submitted from host: <54.67.10.246:28831?addrs=54.67.10.246-28831>
    DAG Node: calculateratio_7_ID0000022
    pool:condorpool
...
000 (6408.000.000) 11/23 18:29:47 Job submitted from host: <54.67.10.246:28831?addrs=54.67.10.246-28831>
    DAG Node: calculateratio_5_ID0000020
    pool:condorpool
...
000 (6409.000.000) 11/23 18:29:52 Job submitted from host: <54.67.10.246:28831?addrs=54.67.10.246-28831>
    DAG Node: calculateratio_1_ID0000016
    pool:condorpool
...
000 (6410.000.000) 11/23 18:29:52 Job submitted from host: <54.67.10.246:28831?addrs=54.67.10.246-28831>
    DAG Node: calculateratio_4_ID0000019
    pool:condorpool
...
000 (6411.000.000) 11/23 18:29:52 Job submitted from host: <54.67.10.246:28831?addrs=54.67.10.246-28831>
    DAG Node: calculateratio_3_ID0000018
    pool:condorpool
...
000 (6412.000.000) 11/23 18:29:52 Job submitted from host: <54.67.10.246:28831?addrs=54.67.10.246-28831>
    DAG Node: calculateratio_2_ID0000017
    pool:condorpool
...
000 (6413.000.000) 11/23 18:29:52 Job submitted from host: <54.67.10.246:28831?addrs=54.67.10.246-28831>
    DAG Node: calculateratio_0_ID0000015
    pool:condorpool
...
005 (6404.000.000) 11/23 18:30:01 Job terminated.
	(1) Normal termination (return value 0)
		Usr 0 00:00:00, Sys 0 00:00:00  -  Run Remote Usage
		Usr 0 00:00:00, Sys 0 00:00:00  -  Run Local Usage
		Usr 0 00:00:00, Sys 0 00:00:00  -  Total Remote Usage
		Usr 0 00:00:00, Sys 0 00:00:00  -  Total Local Usage
	0  -  Run Bytes Sent By Job
	0  -  Run Bytes Received By Job
	0  -  Total Bytes Sent By Job
	0  -  Total Bytes Received By Job
...
001 (6405.000.000) 11/23 18:30:07 Job executing on host: <54.213.17.0:8127?addrs=54.213.17.0-8127&noUDP>
...
001 (6407.000.000) 11/23 18:30:07 Job executing on host: <54.201.173.21:12532?addrs=54.201.173.21-12532&noUDP>
...
001 (6409.000.000) 11/23 18:30:07 Job executing on host: <54.218.67.200:24516?addrs=54.218.67.200-24516&noUDP>
...
001 (6408.000.000) 11/23 18:30:07 Job executing on host: <54.218.67.255:43996?addrs=54.218.67.255-43996&noUDP>
...
001 (6411.000.000) 11/23 18:30:07 Job executing on host: <54.187.184.72:41367?addrs=54.187.184.72-41367&noUDP>
...
001 (6410.000.000) 11/23 18:30:07 Job executing on host: <54.214.127.179:23217?addrs=54.214.127.179-23217&noUDP>
...
001 (6406.000.000) 11/23 18:30:07 Job executing on host: <54.200.31.33:26015?addrs=54.200.31.33-26015&noUDP>
...
001 (6412.000.000) 11/23 18:30:07 Job executing on host: <54.218.71.145:5408?addrs=54.218.71.145-5408&noUDP>
...
001 (6413.000.000) 11/23 18:30:07 Job executing on host: <54.218.1.79:17193?addrs=54.218.1.79-17193&noUDP>
...
006 (6405.000.000) 11/23 18:30:08 Image size of job updated: 2
	0  -  MemoryUsage of job (MB)
	0  -  ResidentSetSize of job (KB)
...
006 (6407.000.000) 11/23 18:30:08 Image size of job updated: 2
	0  -  MemoryUsage of job (MB)
	0  -  ResidentSetSize of job (KB)
...
006 (6409.000.000) 11/23 18:30:08 Image size of job updated: 2
	0  -  MemoryUsage of job (MB)
	0  -  ResidentSetSize of job (KB)
...
005 (6405.000.000) 11/23 18:30:08 Job terminated.
	(1) Normal termination (return value 0)
		Usr 0 00:00:00, Sys 0 00:00:00  -  Run Remote Usage
		Usr 0 00:00:00, Sys 0 00:00:00  -  Run Local Usage
		Usr 0 00:00:00, Sys 0 00:00:00  -  Total Remote Usage
		Usr 0 00:00:00, Sys 0 00:00:00  -  Total Local Usage
	13072  -  Run Bytes Sent By Job
	3174672  -  Run Bytes Received By Job
	13072  -  Total Bytes Sent By Job
	3174672  -  Total Bytes Received By Job
	Partitionable Resources :    Usage  Request Allocated
	   Cpus                 :                 1         1
	   Disk (KB)            :     6122     3250  27704972
	   Memory (MB)          :        0        1      3764
...
006 (6408.000.000) 11/23 18:30:08 Image size of job updated: 2
	0  -  MemoryUsage of job (MB)
	0  -  ResidentSetSize of job (KB)
...
006 (6410.000.000) 11/23 18:30:08 Image size of job updated: 2
	0  -  MemoryUsage of job (MB)
	0  -  ResidentSetSize of job (KB)
...
006 (6411.000.000) 11/23 18:30:08 Image size of job updated: 2
	0  -  MemoryUsage of job (MB)
	0  -  ResidentSetSize of job (KB)
...
006 (6406.000.000) 11/23 18:30:08 Image size of job updated: 2
	0  -  MemoryUsage of job (MB)
	0  -  ResidentSetSize of job (KB)
...
005 (6407.000.000) 11/23 18:30:08 Job terminated.
	(1) Normal termination (return value 0)
		Usr 0 00:00:00, Sys 0 00:00:00  -  Run Remote Usage
		Usr 0 00:00:00, Sys 0 00:00:00  -  Run Local Usage
		Usr 0 00:00:00, Sys 0 00:00:00  -  Total Remote Usage
		Usr 0 00:00:00, Sys 0 00:00:00  -  Total Local Usage
	13072  -  Run Bytes Sent By Job
	3174672  -  Run Bytes Received By Job
	13072  -  Total Bytes Sent By Job
	3174672  -  Total Bytes Received By Job
	Partitionable Resources :    Usage  Request Allocated
	   Cpus                 :                 1         1
	   Disk (KB)            :     6123     3250  27699952
	   Memory (MB)          :        0        1      3764
...
005 (6409.000.000) 11/23 18:30:08 Job terminated.
	(1) Normal termination (return value 0)
		Usr 0 00:00:00, Sys 0 00:00:00  -  Run Remote Usage
		Usr 0 00:00:00, Sys 0 00:00:00  -  Run Local Usage
		Usr 0 00:00:00, Sys 0 00:00:00  -  Total Remote Usage
		Usr 0 00:00:00, Sys 0 00:00:00  -  Total Local Usage
	13072  -  Run Bytes Sent By Job
	3174672  -  Run Bytes Received By Job
	13072  -  Total Bytes Sent By Job
	3174672  -  Total Bytes Received By Job
	Partitionable Resources :    Usage  Request Allocated
	   Cpus                 :                 1         1
	   Disk (KB)            :     6122     3250  27734764
	   Memory (MB)          :        0        1      3764
...
005 (6408.000.000) 11/23 18:30:08 Job terminated.
	(1) Normal termination (return value 0)
		Usr 0 00:00:00, Sys 0 00:00:00  -  Run Remote Usage
		Usr 0 00:00:00, Sys 0 00:00:00  -  Run Local Usage
		Usr 0 00:00:00, Sys 0 00:00:00  -  Total Remote Usage
		Usr 0 00:00:00, Sys 0 00:00:00  -  Total Local Usage
	13071  -  Run Bytes Sent By Job
	3174672  -  Run Bytes Received By Job
	13071  -  Total Bytes Sent By Job
	3174672  -  Total Bytes Received By Job
	Partitionable Resources :    Usage  Request Allocated
	   Cpus                 :                 1         1
	   Disk (KB)            :     6122     3250  27710768
	   Memory (MB)          :        0        1      3764
...
005 (6410.000.000) 11/23 18:30:08 Job terminated.
	(1) Normal termination (return value 0)
		Usr 0 00:00:00, Sys 0 00:00:00  -  Run Remote Usage
		Usr 0 00:00:00, Sys 0 00:00:00  -  Run Local Usage
		Usr 0 00:00:00, Sys 0 00:00:00  -  Total Remote Usage
		Usr 0 00:00:00, Sys 0 00:00:00  -  Total Local Usage
	13072  -  Run Bytes Sent By Job
	3174672  -  Run Bytes Received By Job
	13072  -  Total Bytes Sent By Job
	3174672  -  Total Bytes Received By Job
	Partitionable Resources :    Usage  Request Allocated
	   Cpus                 :                 1         1
	   Disk (KB)            :     6123     3250  27710360
	   Memory (MB)          :        0        1      3764
...
005 (6411.000.000) 11/23 18:30:08 Job terminated.
	(1) Normal termination (return value 0)
		Usr 0 00:00:00, Sys 0 00:00:00  -  Run Remote Usage
		Usr 0 00:00:00, Sys 0 00:00:00  -  Run Local Usage
		Usr 0 00:00:00, Sys 0 00:00:00  -  Total Remote Usage
		Usr 0 00:00:00, Sys 0 00:00:00  -  Total Local Usage
	13060  -  Run Bytes Sent By Job
	3174668  -  Run Bytes Received By Job
	13060  -  Total Bytes Sent By Job
	3174668  -  Total Bytes Received By Job
	Partitionable Resources :    Usage  Request Allocated
	   Cpus                 :                 1         1
	   Disk (KB)            :     6122     3250  27710136
	   Memory (MB)          :        0        1      3764
...
005 (6406.000.000) 11/23 18:30:08 Job terminated.
	(1) Normal termination (return value 0)
		Usr 0 00:00:00, Sys 0 00:00:00  -  Run Remote Usage
		Usr 0 00:00:00, Sys 0 00:00:00  -  Run Local Usage
		Usr 0 00:00:00, Sys 0 00:00:00  -  Total Remote Usage
		Usr 0 00:00:00, Sys 0 00:00:00  -  Total Local Usage
	13059  -  Run Bytes Sent By Job
	3174668  -  Run Bytes Received By Job
	13059  -  Total Bytes Sent By Job
	3174668  -  Total Bytes Received By Job
	Partitionable Resources :    Usage  Request Allocated
	   Cpus                 :                 1         1
	   Disk (KB)            :     6122     3250  27709376
	   Memory (MB)          :        0        1      3764
...
006 (6412.000.000) 11/23 18:30:08 Image size of job updated: 2
	0  -  MemoryUsage of job (MB)
	0  -  ResidentSetSize of job (KB)
...
006 (6413.000.000) 11/23 18:30:08 Image size of job updated: 2
	0  -  MemoryUsage of job (MB)
	0  -  ResidentSetSize of job (KB)
...
005 (6412.000.000) 11/23 18:30:08 Job terminated.
	(1) Normal termination (return value 0)
		Usr 0 00:00:00, Sys 0 00:00:00  -  Run Remote Usage
		Usr 0 00:00:00, Sys 0 00:00:00  -  Run Local Usage
		Usr 0 00:00:00, Sys 0 00:00:00  -  Total Remote Usage
		Usr 0 00:00:00, Sys 0 00:00:00  -  Total Local Usage
	13073  -  Run Bytes Sent By Job
	3174672  -  Run Bytes Received By Job
	13073  -  Total Bytes Sent By Job
	3174672  -  Total Bytes Received By Job
	Partitionable Resources :    Usage  Request Allocated
	   Cpus                 :                 1         1
	   Disk (KB)            :     6122     3250  27708332
	   Memory (MB)          :        0        1      3764
...
005 (6413.000.000) 11/23 18:30:08 Job terminated.
	(1) Normal termination (return value 0)
		Usr 0 00:00:00, Sys 0 00:00:00  -  Run Remote Usage
		Usr 0 00:00:00, Sys 0 00:00:00  -  Run Local Usage
		Usr 0 00:00:00, Sys 0 00:00:00  -  Total Remote Usage
		Usr 0 00:00:00, Sys 0 00:00:00  -  Total Local Usage
	13059  -  Run Bytes Sent By Job
	3174668  -  Run Bytes Received By Job
	13059  -  Total Bytes Sent By Job
	3174668  -  Total Bytes Received By Job
	Partitionable Resources :    Usage  Request Allocated
	   Cpus                 :                 1         1
	   Disk (KB)            :     6122     3250  27709948
	   Memory (MB)          :        0        1      3764
...
000 (6414.000.000) 11/23 18:30:23 Job submitted from host: <54.67.10.246:28831?addrs=54.67.10.246-28831>
    DAG Node: clean_up_local_level_7_0
    pool:local
...
001 (6414.000.000) 11/23 18:30:23 Job executing on host: <54.67.10.246:64558?addrs=54.67.10.246-64558>
...
000 (6415.000.000) 11/23 18:30:23 Job submitted from host: <54.67.10.246:28831?addrs=54.67.10.246-28831>
    DAG Node: clean_up_local_level_7_1
    pool:local
...
000 (6416.000.000) 11/23 18:30:23 Job submitted from host: <54.67.10.246:28831?addrs=54.67.10.246-28831>
    DAG Node: averageratioevent_1_ID0000025
    pool:condorpool
...
000 (6417.000.000) 11/23 18:30:23 Job submitted from host: <54.67.10.246:28831?addrs=54.67.10.246-28831>
    DAG Node: averageratioevent_3_ID0000027
    pool:condorpool
...
000 (6418.000.000) 11/23 18:30:23 Job submitted from host: <54.67.10.246:28831?addrs=54.67.10.246-28831>
    DAG Node: averageratioevent_0_ID0000024
    pool:condorpool
...
001 (6418.000.000) 11/23 18:30:23 Job executing on host: <54.218.67.200:24516?addrs=54.218.67.200-24516&noUDP>
...
001 (6416.000.000) 11/23 18:30:23 Job executing on host: <54.218.71.145:5408?addrs=54.218.71.145-5408&noUDP>
...
001 (6417.000.000) 11/23 18:30:24 Job executing on host: <54.200.31.33:26015?addrs=54.200.31.33-26015&noUDP>
...
006 (6418.000.000) 11/23 18:30:24 Image size of job updated: 2
	0  -  MemoryUsage of job (MB)
	0  -  ResidentSetSize of job (KB)
...
006 (6416.000.000) 11/23 18:30:24 Image size of job updated: 2
	0  -  MemoryUsage of job (MB)
	0  -  ResidentSetSize of job (KB)
...
006 (6417.000.000) 11/23 18:30:24 Image size of job updated: 2
	0  -  MemoryUsage of job (MB)
	0  -  ResidentSetSize of job (KB)
...
005 (6418.000.000) 11/23 18:30:25 Job terminated.
	(1) Normal termination (return value 0)
		Usr 0 00:00:00, Sys 0 00:00:00  -  Run Remote Usage
		Usr 0 00:00:00, Sys 0 00:00:00  -  Run Local Usage
		Usr 0 00:00:00, Sys 0 00:00:00  -  Total Remote Usage
		Usr 0 00:00:00, Sys 0 00:00:00  -  Total Local Usage
	6014  -  Run Bytes Sent By Job
	3169628  -  Run Bytes Received By Job
	6014  -  Total Bytes Sent By Job
	3169628  -  Total Bytes Received By Job
	Partitionable Resources :    Usage  Request Allocated
	   Cpus                 :                 1         1
	   Disk (KB)            :     6108     3250  27734764
	   Memory (MB)          :        0        1      3764
...
005 (6416.000.000) 11/23 18:30:25 Job terminated.
	(1) Normal termination (return value 0)
		Usr 0 00:00:00, Sys 0 00:00:00  -  Run Remote Usage
		Usr 0 00:00:00, Sys 0 00:00:00  -  Run Local Usage
		Usr 0 00:00:00, Sys 0 00:00:00  -  Total Remote Usage
		Usr 0 00:00:00, Sys 0 00:00:00  -  Total Local Usage
	6014  -  Run Bytes Sent By Job
	3169628  -  Run Bytes Received By Job
	6014  -  Total Bytes Sent By Job
	3169628  -  Total Bytes Received By Job
	Partitionable Resources :    Usage  Request Allocated
	   Cpus                 :                 1         1
	   Disk (KB)            :     6108     3250  27708332
	   Memory (MB)          :        0        1      3764
...
005 (6417.000.000) 11/23 18:30:25 Job terminated.
	(1) Normal termination (return value 0)
		Usr 0 00:00:00, Sys 0 00:00:00  -  Run Remote Usage
		Usr 0 00:00:00, Sys 0 00:00:00  -  Run Local Usage
		Usr 0 00:00:00, Sys 0 00:00:00  -  Total Remote Usage
		Usr 0 00:00:00, Sys 0 00:00:00  -  Total Local Usage
	6014  -  Run Bytes Sent By Job
	3169628  -  Run Bytes Received By Job
	6014  -  Total Bytes Sent By Job
	3169628  -  Total Bytes Received By Job
	Partitionable Resources :    Usage  Request Allocated
	   Cpus                 :                 1         1
	   Disk (KB)            :     6108     3250  27709376
	   Memory (MB)          :        0        1      3764
...
001 (6415.000.000) 11/23 18:30:28 Job executing on host: <54.67.10.246:9481?addrs=54.67.10.246-9481>
...
000 (6419.000.000) 11/23 18:30:28 Job submitted from host: <54.67.10.246:28831?addrs=54.67.10.246-28831>
    DAG Node: averageratioevent_2_ID0000026
    pool:condorpool
...
001 (6419.000.000) 11/23 18:30:29 Job executing on host: <54.218.71.145:5408?addrs=54.218.71.145-5408&noUDP>
...
006 (6419.000.000) 11/23 18:30:30 Image size of job updated: 2
	0  -  MemoryUsage of job (MB)
	0  -  ResidentSetSize of job (KB)
...
005 (6419.000.000) 11/23 18:30:30 Job terminated.
	(1) Normal termination (return value 0)
		Usr 0 00:00:00, Sys 0 00:00:00  -  Run Remote Usage
		Usr 0 00:00:00, Sys 0 00:00:00  -  Run Local Usage
		Usr 0 00:00:00, Sys 0 00:00:00  -  Total Remote Usage
		Usr 0 00:00:00, Sys 0 00:00:00  -  Total Local Usage
	6014  -  Run Bytes Sent By Job
	3169628  -  Run Bytes Received By Job
	6014  -  Total Bytes Sent By Job
	3169628  -  Total Bytes Received By Job
	Partitionable Resources :    Usage  Request Allocated
	   Cpus                 :                 1         1
	   Disk (KB)            :     6108     3250  27708332
	   Memory (MB)          :        0        1      3764
...
005 (6414.000.000) 11/23 18:30:37 Job terminated.
	(1) Normal termination (return value 0)
		Usr 0 00:00:00, Sys 0 00:00:00  -  Run Remote Usage
		Usr 0 00:00:00, Sys 0 00:00:00  -  Run Local Usage
		Usr 0 00:00:00, Sys 0 00:00:00  -  Total Remote Usage
		Usr 0 00:00:00, Sys 0 00:00:00  -  Total Local Usage
	0  -  Run Bytes Sent By Job
	0  -  Run Bytes Received By Job
	0  -  Total Bytes Sent By Job
	0  -  Total Bytes Received By Job
...
000 (6420.000.000) 11/23 18:30:38 Job submitted from host: <54.67.10.246:28831?addrs=54.67.10.246-28831>
    DAG Node: clean_up_local_level_8_0
    pool:local
...
001 (6420.000.000) 11/23 18:30:38 Job executing on host: <54.67.10.246:14102?addrs=54.67.10.246-14102>
...
000 (6421.000.000) 11/23 18:30:43 Job submitted from host: <54.67.10.246:28831?addrs=54.67.10.246-28831>
    DAG Node: analysisevent_0_ID0000028
    pool:condorpool
...
000 (6422.000.000) 11/23 18:30:43 Job submitted from host: <54.67.10.246:28831?addrs=54.67.10.246-28831>
    DAG Node: clean_up_local_level_8_1
    pool:local
...
001 (6421.000.000) 11/23 18:30:44 Job executing on host: <54.218.71.145:5408?addrs=54.218.71.145-5408&noUDP>
...
005 (6415.000.000) 11/23 18:30:44 Job terminated.
	(1) Normal termination (return value 0)
		Usr 0 00:00:00, Sys 0 00:00:00  -  Run Remote Usage
		Usr 0 00:00:00, Sys 0 00:00:00  -  Run Local Usage
		Usr 0 00:00:00, Sys 0 00:00:00  -  Total Remote Usage
		Usr 0 00:00:00, Sys 0 00:00:00  -  Total Local Usage
	0  -  Run Bytes Sent By Job
	0  -  Run Bytes Received By Job
	0  -  Total Bytes Sent By Job
	0  -  Total Bytes Received By Job
...
001 (6422.000.000) 11/23 18:30:44 Job executing on host: <54.67.10.246:30252?addrs=54.67.10.246-30252>
...
006 (6421.000.000) 11/23 18:30:45 Image size of job updated: 2
	0  -  MemoryUsage of job (MB)
	0  -  ResidentSetSize of job (KB)
...
005 (6421.000.000) 11/23 18:30:45 Job terminated.
	(1) Normal termination (return value 0)
		Usr 0 00:00:00, Sys 0 00:00:00  -  Run Remote Usage
		Usr 0 00:00:00, Sys 0 00:00:00  -  Run Local Usage
		Usr 0 00:00:00, Sys 0 00:00:00  -  Total Remote Usage
		Usr 0 00:00:00, Sys 0 00:00:00  -  Total Local Usage
	5972  -  Run Bytes Sent By Job
	3169440  -  Run Bytes Received By Job
	5972  -  Total Bytes Sent By Job
	3169440  -  Total Bytes Received By Job
	Partitionable Resources :    Usage  Request Allocated
	   Cpus                 :                 1         1
	   Disk (KB)            :     6108     3250  27708332
	   Memory (MB)          :        0        1      3764
...
005 (6420.000.000) 11/23 18:30:46 Job terminated.
	(1) Normal termination (return value 0)
		Usr 0 00:00:00, Sys 0 00:00:00  -  Run Remote Usage
		Usr 0 00:00:00, Sys 0 00:00:00  -  Run Local Usage
		Usr 0 00:00:00, Sys 0 00:00:00  -  Total Remote Usage
		Usr 0 00:00:00, Sys 0 00:00:00  -  Total Local Usage
	0  -  Run Bytes Sent By Job
	0  -  Run Bytes Received By Job
	0  -  Total Bytes Sent By Job
	0  -  Total Bytes Received By Job
...
005 (6422.000.000) 11/23 18:30:52 Job terminated.
	(1) Normal termination (return value 0)
		Usr 0 00:00:00, Sys 0 00:00:00  -  Run Remote Usage
		Usr 0 00:00:00, Sys 0 00:00:00  -  Run Local Usage
		Usr 0 00:00:00, Sys 0 00:00:00  -  Total Remote Usage
		Usr 0 00:00:00, Sys 0 00:00:00  -  Total Local Usage
	0  -  Run Bytes Sent By Job
	0  -  Run Bytes Received By Job
	0  -  Total Bytes Sent By Job
	0  -  Total Bytes Received By Job
...
000 (6423.000.000) 11/23 18:30:58 Job submitted from host: <54.67.10.246:28831?addrs=54.67.10.246-28831>
    DAG Node: terminate_0_ID0000029
    pool:condorpool
...
000 (6424.000.000) 11/23 18:30:58 Job submitted from host: <54.67.10.246:28831?addrs=54.67.10.246-28831>
    DAG Node: clean_up_local_level_9_0
    pool:local
...
001 (6423.000.000) 11/23 18:30:58 Job executing on host: <54.218.71.145:5408?addrs=54.218.71.145-5408&noUDP>
...
006 (6423.000.000) 11/23 18:30:59 Image size of job updated: 2
	0  -  MemoryUsage of job (MB)
	0  -  ResidentSetSize of job (KB)
...
005 (6423.000.000) 11/23 18:30:59 Job terminated.
	(1) Normal termination (return value 0)
		Usr 0 00:00:00, Sys 0 00:00:00  -  Run Remote Usage
		Usr 0 00:00:00, Sys 0 00:00:00  -  Run Local Usage
		Usr 0 00:00:00, Sys 0 00:00:00  -  Total Remote Usage
		Usr 0 00:00:00, Sys 0 00:00:00  -  Total Local Usage
	4464  -  Run Bytes Sent By Job
	3168050  -  Run Bytes Received By Job
	4464  -  Total Bytes Sent By Job
	3168050  -  Total Bytes Received By Job
	Partitionable Resources :    Usage  Request Allocated
	   Cpus                 :                 1         1
	   Disk (KB)            :     6104     3250  27708332
	   Memory (MB)          :        0        1      3764
...
001 (6424.000.000) 11/23 18:31:03 Job executing on host: <54.67.10.246:28383?addrs=54.67.10.246-28383>
...
005 (6424.000.000) 11/23 18:31:07 Job terminated.
	(1) Normal termination (return value 0)
		Usr 0 00:00:00, Sys 0 00:00:00  -  Run Remote Usage
		Usr 0 00:00:00, Sys 0 00:00:00  -  Run Local Usage
		Usr 0 00:00:00, Sys 0 00:00:00  -  Total Remote Usage
		Usr 0 00:00:00, Sys 0 00:00:00  -  Total Local Usage
	0  -  Run Bytes Sent By Job
	0  -  Run Bytes Received By Job
	0  -  Total Bytes Sent By Job
	0  -  Total Bytes Received By Job
...
000 (6425.000.000) 11/23 18:31:13 Job submitted from host: <54.67.10.246:28831?addrs=54.67.10.246-28831>
    DAG Node: clean_up_local_level_10_0
    pool:local
...
001 (6425.000.000) 11/23 18:31:13 Job executing on host: <54.67.10.246:57540?addrs=54.67.10.246-57540>
...
005 (6425.000.000) 11/23 18:31:16 Job terminated.
	(1) Normal termination (return value 0)
		Usr 0 00:00:00, Sys 0 00:00:00  -  Run Remote Usage
		Usr 0 00:00:00, Sys 0 00:00:00  -  Run Local Usage
		Usr 0 00:00:00, Sys 0 00:00:00  -  Total Remote Usage
		Usr 0 00:00:00, Sys 0 00:00:00  -  Total Local Usage
	0  -  Run Bytes Sent By Job
	0  -  Run Bytes Received By Job
	0  -  Total Bytes Sent By Job
	0  -  Total Bytes Received By Job
...
000 (6426.000.000) 11/23 18:31:29 Job submitted from host: <54.67.10.246:28831?addrs=54.67.10.246-28831>
    DAG Node: cleanup_example_workflow_0_local
    pool:local
...
001 (6426.000.000) 11/23 18:31:29 Job executing on host: <54.67.10.246:54960?addrs=54.67.10.246-54960>
...
005 (6426.000.000) 11/23 18:31:31 Job terminated.
	(1) Normal termination (return value 0)
		Usr 0 00:00:00, Sys 0 00:00:00  -  Run Remote Usage
		Usr 0 00:00:00, Sys 0 00:00:00  -  Run Local Usage
		Usr 0 00:00:00, Sys 0 00:00:00  -  Total Remote Usage
		Usr 0 00:00:00, Sys 0 00:00:00  -  Total Local Usage
	0  -  Run Bytes Sent By Job
	0  -  Run Bytes Received By Job
	0  -  Total Bytes Sent By Job
	0  -  Total Bytes Received By Job
...
