000 (1535.000.000) 11/01 19:41:10 Job submitted from host: <54.193.12.226:15509?addrs=54.193.12.226-15509>
    DAG Node: create_dir_example_workflow_0_local
    pool:local
...
001 (1535.000.000) 11/01 19:41:10 Job executing on host: <54.193.12.226:23295?addrs=54.193.12.226-23295>
...
005 (1535.000.000) 11/01 19:41:12 Job terminated.
	(1) Normal termination (return value 0)
		Usr 0 00:00:00, Sys 0 00:00:00  -  Run Remote Usage
		Usr 0 00:00:00, Sys 0 00:00:00  -  Run Local Usage
		Usr 0 00:00:00, Sys 0 00:00:00  -  Total Remote Usage
		Usr 0 00:00:00, Sys 0 00:00:00  -  Total Local Usage
	0  -  Run Bytes Sent By Job
	0  -  Run Bytes Received By Job
	0  -  Total Bytes Sent By Job
	0  -  Total Bytes Received By Job
...
016 (1535.000.000) 11/01 19:41:15 POST Script terminated.
	(1) Normal termination (return value 0)
    DAG Node: create_dir_example_workflow_0_local
...
000 (1536.000.000) 11/01 19:41:25 Job submitted from host: <54.193.12.226:15509?addrs=54.193.12.226-15509>
    DAG Node: stage_in_local_local_0_0
    pool:local
...
001 (1536.000.000) 11/01 19:41:25 Job executing on host: <54.193.12.226:30889?addrs=54.193.12.226-30889>
...
000 (1537.000.000) 11/01 19:41:25 Job submitted from host: <54.193.12.226:15509?addrs=54.193.12.226-15509>
    DAG Node: stage_in_local_local_6_0
    pool:local
...
000 (1538.000.000) 11/01 19:41:25 Job submitted from host: <54.193.12.226:15509?addrs=54.193.12.226-15509>
    DAG Node: stage_in_remote_local_2_1
    pool:local
...
000 (1539.000.000) 11/01 19:41:25 Job submitted from host: <54.193.12.226:15509?addrs=54.193.12.226-15509>
    DAG Node: stage_in_remote_local_5_0
    pool:local
...
000 (1540.000.000) 11/01 19:41:26 Job submitted from host: <54.193.12.226:15509?addrs=54.193.12.226-15509>
    DAG Node: stage_in_local_local_2_0
    pool:local
...
005 (1536.000.000) 11/01 19:41:28 Job terminated.
	(1) Normal termination (return value 0)
		Usr 0 00:00:00, Sys 0 00:00:00  -  Run Remote Usage
		Usr 0 00:00:00, Sys 0 00:00:00  -  Run Local Usage
		Usr 0 00:00:00, Sys 0 00:00:00  -  Total Remote Usage
		Usr 0 00:00:00, Sys 0 00:00:00  -  Total Local Usage
	0  -  Run Bytes Sent By Job
	0  -  Run Bytes Received By Job
	0  -  Total Bytes Sent By Job
	0  -  Total Bytes Received By Job
...
001 (1538.000.000) 11/01 19:41:28 Job executing on host: <54.193.12.226:55330?addrs=54.193.12.226-55330>
...
001 (1539.000.000) 11/01 19:41:28 Job executing on host: <54.193.12.226:56292?addrs=54.193.12.226-56292>
...
001 (1537.000.000) 11/01 19:41:28 Job executing on host: <54.193.12.226:53007?addrs=54.193.12.226-53007>
...
001 (1540.000.000) 11/01 19:41:28 Job executing on host: <54.193.12.226:15684?addrs=54.193.12.226-15684>
...
005 (1538.000.000) 11/01 19:41:30 Job terminated.
	(1) Normal termination (return value 0)
		Usr 0 00:00:00, Sys 0 00:00:00  -  Run Remote Usage
		Usr 0 00:00:00, Sys 0 00:00:00  -  Run Local Usage
		Usr 0 00:00:00, Sys 0 00:00:00  -  Total Remote Usage
		Usr 0 00:00:00, Sys 0 00:00:00  -  Total Local Usage
	0  -  Run Bytes Sent By Job
	0  -  Run Bytes Received By Job
	0  -  Total Bytes Sent By Job
	0  -  Total Bytes Received By Job
...
005 (1539.000.000) 11/01 19:41:30 Job terminated.
	(1) Normal termination (return value 0)
		Usr 0 00:00:00, Sys 0 00:00:00  -  Run Remote Usage
		Usr 0 00:00:00, Sys 0 00:00:00  -  Run Local Usage
		Usr 0 00:00:00, Sys 0 00:00:00  -  Total Remote Usage
		Usr 0 00:00:00, Sys 0 00:00:00  -  Total Local Usage
	0  -  Run Bytes Sent By Job
	0  -  Run Bytes Received By Job
	0  -  Total Bytes Sent By Job
	0  -  Total Bytes Received By Job
...
005 (1537.000.000) 11/01 19:41:30 Job terminated.
	(1) Normal termination (return value 0)
		Usr 0 00:00:00, Sys 0 00:00:00  -  Run Remote Usage
		Usr 0 00:00:00, Sys 0 00:00:00  -  Run Local Usage
		Usr 0 00:00:00, Sys 0 00:00:00  -  Total Remote Usage
		Usr 0 00:00:00, Sys 0 00:00:00  -  Total Local Usage
	0  -  Run Bytes Sent By Job
	0  -  Run Bytes Received By Job
	0  -  Total Bytes Sent By Job
	0  -  Total Bytes Received By Job
...
000 (1541.000.000) 11/01 19:41:31 Job submitted from host: <54.193.12.226:15509?addrs=54.193.12.226-15509>
    DAG Node: stage_in_local_local_2_1
    pool:local
...
000 (1542.000.000) 11/01 19:41:31 Job submitted from host: <54.193.12.226:15509?addrs=54.193.12.226-15509>
    DAG Node: stage_in_remote_local_1_0
    pool:local
...
000 (1543.000.000) 11/01 19:41:31 Job submitted from host: <54.193.12.226:15509?addrs=54.193.12.226-15509>
    DAG Node: stage_in_local_local_5_0
    pool:local
...
000 (1544.000.000) 11/01 19:41:31 Job submitted from host: <54.193.12.226:15509?addrs=54.193.12.226-15509>
    DAG Node: stage_in_local_local_3_0
    pool:local
...
000 (1545.000.000) 11/01 19:41:31 Job submitted from host: <54.193.12.226:15509?addrs=54.193.12.226-15509>
    DAG Node: stage_in_remote_local_7_0
    pool:local
...
016 (1538.000.000) 11/01 19:41:31 POST Script terminated.
	(1) Normal termination (return value 0)
    DAG Node: stage_in_remote_local_2_1
...
016 (1536.000.000) 11/01 19:41:31 POST Script terminated.
	(1) Normal termination (return value 0)
    DAG Node: stage_in_local_local_0_0
...
016 (1537.000.000) 11/01 19:41:31 POST Script terminated.
	(1) Normal termination (return value 0)
    DAG Node: stage_in_local_local_6_0
...
016 (1539.000.000) 11/01 19:41:31 POST Script terminated.
	(1) Normal termination (return value 0)
    DAG Node: stage_in_remote_local_5_0
...
005 (1540.000.000) 11/01 19:41:32 Job terminated.
	(1) Normal termination (return value 0)
		Usr 0 00:00:00, Sys 0 00:00:00  -  Run Remote Usage
		Usr 0 00:00:00, Sys 0 00:00:00  -  Run Local Usage
		Usr 0 00:00:00, Sys 0 00:00:00  -  Total Remote Usage
		Usr 0 00:00:00, Sys 0 00:00:00  -  Total Local Usage
	0  -  Run Bytes Sent By Job
	0  -  Run Bytes Received By Job
	0  -  Total Bytes Sent By Job
	0  -  Total Bytes Received By Job
...
001 (1541.000.000) 11/01 19:41:32 Job executing on host: <54.193.12.226:59344?addrs=54.193.12.226-59344>
...
001 (1542.000.000) 11/01 19:41:32 Job executing on host: <54.193.12.226:22992?addrs=54.193.12.226-22992>
...
001 (1543.000.000) 11/01 19:41:32 Job executing on host: <54.193.12.226:56294?addrs=54.193.12.226-56294>
...
001 (1544.000.000) 11/01 19:41:32 Job executing on host: <54.193.12.226:27776?addrs=54.193.12.226-27776>
...
001 (1545.000.000) 11/01 19:41:33 Job executing on host: <54.193.12.226:50881?addrs=54.193.12.226-50881>
...
005 (1543.000.000) 11/01 19:41:35 Job terminated.
	(1) Normal termination (return value 0)
		Usr 0 00:00:00, Sys 0 00:00:00  -  Run Remote Usage
		Usr 0 00:00:00, Sys 0 00:00:00  -  Run Local Usage
		Usr 0 00:00:00, Sys 0 00:00:00  -  Total Remote Usage
		Usr 0 00:00:00, Sys 0 00:00:00  -  Total Local Usage
	0  -  Run Bytes Sent By Job
	0  -  Run Bytes Received By Job
	0  -  Total Bytes Sent By Job
	0  -  Total Bytes Received By Job
...
005 (1542.000.000) 11/01 19:41:35 Job terminated.
	(1) Normal termination (return value 0)
		Usr 0 00:00:00, Sys 0 00:00:00  -  Run Remote Usage
		Usr 0 00:00:00, Sys 0 00:00:00  -  Run Local Usage
		Usr 0 00:00:00, Sys 0 00:00:00  -  Total Remote Usage
		Usr 0 00:00:00, Sys 0 00:00:00  -  Total Local Usage
	0  -  Run Bytes Sent By Job
	0  -  Run Bytes Received By Job
	0  -  Total Bytes Sent By Job
	0  -  Total Bytes Received By Job
...
005 (1541.000.000) 11/01 19:41:35 Job terminated.
	(1) Normal termination (return value 0)
		Usr 0 00:00:00, Sys 0 00:00:00  -  Run Remote Usage
		Usr 0 00:00:00, Sys 0 00:00:00  -  Run Local Usage
		Usr 0 00:00:00, Sys 0 00:00:00  -  Total Remote Usage
		Usr 0 00:00:00, Sys 0 00:00:00  -  Total Local Usage
	0  -  Run Bytes Sent By Job
	0  -  Run Bytes Received By Job
	0  -  Total Bytes Sent By Job
	0  -  Total Bytes Received By Job
...
005 (1545.000.000) 11/01 19:41:35 Job terminated.
	(1) Normal termination (return value 0)
		Usr 0 00:00:00, Sys 0 00:00:00  -  Run Remote Usage
		Usr 0 00:00:00, Sys 0 00:00:00  -  Run Local Usage
		Usr 0 00:00:00, Sys 0 00:00:00  -  Total Remote Usage
		Usr 0 00:00:00, Sys 0 00:00:00  -  Total Local Usage
	0  -  Run Bytes Sent By Job
	0  -  Run Bytes Received By Job
	0  -  Total Bytes Sent By Job
	0  -  Total Bytes Received By Job
...
005 (1544.000.000) 11/01 19:41:35 Job terminated.
	(1) Normal termination (return value 0)
		Usr 0 00:00:00, Sys 0 00:00:00  -  Run Remote Usage
		Usr 0 00:00:00, Sys 0 00:00:00  -  Run Local Usage
		Usr 0 00:00:00, Sys 0 00:00:00  -  Total Remote Usage
		Usr 0 00:00:00, Sys 0 00:00:00  -  Total Local Usage
	0  -  Run Bytes Sent By Job
	0  -  Run Bytes Received By Job
	0  -  Total Bytes Sent By Job
	0  -  Total Bytes Received By Job
...
000 (1546.000.000) 11/01 19:41:36 Job submitted from host: <54.193.12.226:15509?addrs=54.193.12.226-15509>
    DAG Node: stage_in_local_local_4_0
    pool:local
...
000 (1547.000.000) 11/01 19:41:37 Job submitted from host: <54.193.12.226:15509?addrs=54.193.12.226-15509>
    DAG Node: stage_in_local_local_1_0
    pool:local
...
000 (1548.000.000) 11/01 19:41:37 Job submitted from host: <54.193.12.226:15509?addrs=54.193.12.226-15509>
    DAG Node: stage_in_local_local_7_0
    pool:local
...
000 (1549.000.000) 11/01 19:41:37 Job submitted from host: <54.193.12.226:15509?addrs=54.193.12.226-15509>
    DAG Node: stage_in_remote_local_4_1
    pool:local
...
000 (1550.000.000) 11/01 19:41:37 Job submitted from host: <54.193.12.226:15509?addrs=54.193.12.226-15509>
    DAG Node: stage_in_remote_local_4_0
    pool:local
...
016 (1545.000.000) 11/01 19:41:37 POST Script terminated.
	(1) Normal termination (return value 0)
    DAG Node: stage_in_remote_local_7_0
...
016 (1542.000.000) 11/01 19:41:37 POST Script terminated.
	(1) Normal termination (return value 0)
    DAG Node: stage_in_remote_local_1_0
...
016 (1540.000.000) 11/01 19:41:37 POST Script terminated.
	(1) Normal termination (return value 0)
    DAG Node: stage_in_local_local_2_0
...
016 (1544.000.000) 11/01 19:41:38 POST Script terminated.
	(1) Normal termination (return value 0)
    DAG Node: stage_in_local_local_3_0
...
016 (1543.000.000) 11/01 19:41:38 POST Script terminated.
	(1) Normal termination (return value 0)
    DAG Node: stage_in_local_local_5_0
...
016 (1541.000.000) 11/01 19:41:38 POST Script terminated.
	(1) Normal termination (return value 0)
    DAG Node: stage_in_local_local_2_1
...
001 (1550.000.000) 11/01 19:41:42 Job executing on host: <54.193.12.226:61791?addrs=54.193.12.226-61791>
...
001 (1547.000.000) 11/01 19:41:42 Job executing on host: <54.193.12.226:64617?addrs=54.193.12.226-64617>
...
001 (1546.000.000) 11/01 19:41:42 Job executing on host: <54.193.12.226:29037?addrs=54.193.12.226-29037>
...
001 (1548.000.000) 11/01 19:41:42 Job executing on host: <54.193.12.226:49366?addrs=54.193.12.226-49366>
...
001 (1549.000.000) 11/01 19:41:42 Job executing on host: <54.193.12.226:29805?addrs=54.193.12.226-29805>
...
000 (1551.000.000) 11/01 19:41:42 Job submitted from host: <54.193.12.226:15509?addrs=54.193.12.226-15509>
    DAG Node: stage_in_remote_local_0_0
    pool:local
...
000 (1552.000.000) 11/01 19:41:42 Job submitted from host: <54.193.12.226:15509?addrs=54.193.12.226-15509>
    DAG Node: stage_in_remote_local_2_0
    pool:local
...
000 (1553.000.000) 11/01 19:41:42 Job submitted from host: <54.193.12.226:15509?addrs=54.193.12.226-15509>
    DAG Node: stage_in_remote_local_3_1
    pool:local
...
000 (1554.000.000) 11/01 19:41:42 Job submitted from host: <54.193.12.226:15509?addrs=54.193.12.226-15509>
    DAG Node: stage_in_remote_local_3_0
    pool:local
...
000 (1555.000.000) 11/01 19:41:43 Job submitted from host: <54.193.12.226:15509?addrs=54.193.12.226-15509>
    DAG Node: stage_in_remote_local_6_0
    pool:local
...
005 (1546.000.000) 11/01 19:41:45 Job terminated.
	(1) Normal termination (return value 0)
		Usr 0 00:00:00, Sys 0 00:00:00  -  Run Remote Usage
		Usr 0 00:00:00, Sys 0 00:00:00  -  Run Local Usage
		Usr 0 00:00:00, Sys 0 00:00:00  -  Total Remote Usage
		Usr 0 00:00:00, Sys 0 00:00:00  -  Total Local Usage
	0  -  Run Bytes Sent By Job
	0  -  Run Bytes Received By Job
	0  -  Total Bytes Sent By Job
	0  -  Total Bytes Received By Job
...
005 (1547.000.000) 11/01 19:41:45 Job terminated.
	(1) Normal termination (return value 0)
		Usr 0 00:00:00, Sys 0 00:00:00  -  Run Remote Usage
		Usr 0 00:00:00, Sys 0 00:00:00  -  Run Local Usage
		Usr 0 00:00:00, Sys 0 00:00:00  -  Total Remote Usage
		Usr 0 00:00:00, Sys 0 00:00:00  -  Total Local Usage
	0  -  Run Bytes Sent By Job
	0  -  Run Bytes Received By Job
	0  -  Total Bytes Sent By Job
	0  -  Total Bytes Received By Job
...
005 (1549.000.000) 11/01 19:41:45 Job terminated.
	(1) Normal termination (return value 0)
		Usr 0 00:00:00, Sys 0 00:00:00  -  Run Remote Usage
		Usr 0 00:00:00, Sys 0 00:00:00  -  Run Local Usage
		Usr 0 00:00:00, Sys 0 00:00:00  -  Total Remote Usage
		Usr 0 00:00:00, Sys 0 00:00:00  -  Total Local Usage
	0  -  Run Bytes Sent By Job
	0  -  Run Bytes Received By Job
	0  -  Total Bytes Sent By Job
	0  -  Total Bytes Received By Job
...
001 (1554.000.000) 11/01 19:41:45 Job executing on host: <54.193.12.226:62236?addrs=54.193.12.226-62236>
...
001 (1553.000.000) 11/01 19:41:45 Job executing on host: <54.193.12.226:34437?addrs=54.193.12.226-34437>
...
001 (1551.000.000) 11/01 19:41:45 Job executing on host: <54.193.12.226:32351?addrs=54.193.12.226-32351>
...
005 (1548.000.000) 11/01 19:41:45 Job terminated.
	(1) Normal termination (return value 0)
		Usr 0 00:00:00, Sys 0 00:00:00  -  Run Remote Usage
		Usr 0 00:00:00, Sys 0 00:00:00  -  Run Local Usage
		Usr 0 00:00:00, Sys 0 00:00:00  -  Total Remote Usage
		Usr 0 00:00:00, Sys 0 00:00:00  -  Total Local Usage
	0  -  Run Bytes Sent By Job
	0  -  Run Bytes Received By Job
	0  -  Total Bytes Sent By Job
	0  -  Total Bytes Received By Job
...
001 (1552.000.000) 11/01 19:41:45 Job executing on host: <54.193.12.226:8605?addrs=54.193.12.226-8605>
...
001 (1555.000.000) 11/01 19:41:45 Job executing on host: <54.193.12.226:33039?addrs=54.193.12.226-33039>
...
005 (1550.000.000) 11/01 19:41:47 Job terminated.
	(1) Normal termination (return value 0)
		Usr 0 00:00:00, Sys 0 00:00:00  -  Run Remote Usage
		Usr 0 00:00:00, Sys 0 00:00:00  -  Run Local Usage
		Usr 0 00:00:00, Sys 0 00:00:00  -  Total Remote Usage
		Usr 0 00:00:00, Sys 0 00:00:00  -  Total Local Usage
	0  -  Run Bytes Sent By Job
	0  -  Run Bytes Received By Job
	0  -  Total Bytes Sent By Job
	0  -  Total Bytes Received By Job
...
005 (1551.000.000) 11/01 19:41:48 Job terminated.
	(1) Normal termination (return value 0)
		Usr 0 00:00:00, Sys 0 00:00:00  -  Run Remote Usage
		Usr 0 00:00:00, Sys 0 00:00:00  -  Run Local Usage
		Usr 0 00:00:00, Sys 0 00:00:00  -  Total Remote Usage
		Usr 0 00:00:00, Sys 0 00:00:00  -  Total Local Usage
	0  -  Run Bytes Sent By Job
	0  -  Run Bytes Received By Job
	0  -  Total Bytes Sent By Job
	0  -  Total Bytes Received By Job
...
005 (1555.000.000) 11/01 19:41:48 Job terminated.
	(1) Normal termination (return value 0)
		Usr 0 00:00:00, Sys 0 00:00:00  -  Run Remote Usage
		Usr 0 00:00:00, Sys 0 00:00:00  -  Run Local Usage
		Usr 0 00:00:00, Sys 0 00:00:00  -  Total Remote Usage
		Usr 0 00:00:00, Sys 0 00:00:00  -  Total Local Usage
	0  -  Run Bytes Sent By Job
	0  -  Run Bytes Received By Job
	0  -  Total Bytes Sent By Job
	0  -  Total Bytes Received By Job
...
005 (1553.000.000) 11/01 19:41:48 Job terminated.
	(1) Normal termination (return value 0)
		Usr 0 00:00:00, Sys 0 00:00:00  -  Run Remote Usage
		Usr 0 00:00:00, Sys 0 00:00:00  -  Run Local Usage
		Usr 0 00:00:00, Sys 0 00:00:00  -  Total Remote Usage
		Usr 0 00:00:00, Sys 0 00:00:00  -  Total Local Usage
	0  -  Run Bytes Sent By Job
	0  -  Run Bytes Received By Job
	0  -  Total Bytes Sent By Job
	0  -  Total Bytes Received By Job
...
016 (1548.000.000) 11/01 19:41:48 POST Script terminated.
	(1) Normal termination (return value 0)
    DAG Node: stage_in_local_local_7_0
...
016 (1546.000.000) 11/01 19:41:48 POST Script terminated.
	(1) Normal termination (return value 0)
    DAG Node: stage_in_local_local_4_0
...
016 (1550.000.000) 11/01 19:41:48 POST Script terminated.
	(1) Normal termination (return value 0)
    DAG Node: stage_in_remote_local_4_0
...
016 (1547.000.000) 11/01 19:41:49 POST Script terminated.
	(1) Normal termination (return value 0)
    DAG Node: stage_in_local_local_1_0
...
016 (1549.000.000) 11/01 19:41:49 POST Script terminated.
	(1) Normal termination (return value 0)
    DAG Node: stage_in_remote_local_4_1
...
005 (1554.000.000) 11/01 19:41:50 Job terminated.
	(1) Normal termination (return value 0)
		Usr 0 00:00:00, Sys 0 00:00:00  -  Run Remote Usage
		Usr 0 00:00:00, Sys 0 00:00:00  -  Run Local Usage
		Usr 0 00:00:00, Sys 0 00:00:00  -  Total Remote Usage
		Usr 0 00:00:00, Sys 0 00:00:00  -  Total Local Usage
	0  -  Run Bytes Sent By Job
	0  -  Run Bytes Received By Job
	0  -  Total Bytes Sent By Job
	0  -  Total Bytes Received By Job
...
005 (1552.000.000) 11/01 19:41:50 Job terminated.
	(1) Normal termination (return value 0)
		Usr 0 00:00:00, Sys 0 00:00:00  -  Run Remote Usage
		Usr 0 00:00:00, Sys 0 00:00:00  -  Run Local Usage
		Usr 0 00:00:00, Sys 0 00:00:00  -  Total Remote Usage
		Usr 0 00:00:00, Sys 0 00:00:00  -  Total Local Usage
	0  -  Run Bytes Sent By Job
	0  -  Run Bytes Received By Job
	0  -  Total Bytes Sent By Job
	0  -  Total Bytes Received By Job
...
016 (1555.000.000) 11/01 19:41:53 POST Script terminated.
	(1) Normal termination (return value 0)
    DAG Node: stage_in_remote_local_6_0
...
016 (1554.000.000) 11/01 19:41:53 POST Script terminated.
	(1) Normal termination (return value 0)
    DAG Node: stage_in_remote_local_3_0
...
016 (1552.000.000) 11/01 19:41:53 POST Script terminated.
	(1) Normal termination (return value 0)
    DAG Node: stage_in_remote_local_2_0
...
016 (1551.000.000) 11/01 19:41:53 POST Script terminated.
	(1) Normal termination (return value 0)
    DAG Node: stage_in_remote_local_0_0
...
016 (1553.000.000) 11/01 19:41:53 POST Script terminated.
	(1) Normal termination (return value 0)
    DAG Node: stage_in_remote_local_3_1
...
000 (1556.000.000) 11/01 19:42:03 Job submitted from host: <54.193.12.226:15509?addrs=54.193.12.226-15509>
    DAG Node: init_0_ID0000001
    pool:condorpool
...
001 (1556.000.000) 11/01 19:42:07 Job executing on host: <54.201.254.11:47632?addrs=54.201.254.11-47632&noUDP>
...
005 (1556.000.000) 11/01 19:45:10 Job terminated.
	(1) Normal termination (return value 0)
		Usr 0 00:00:00, Sys 0 00:00:00  -  Run Remote Usage
		Usr 0 00:00:00, Sys 0 00:00:00  -  Run Local Usage
		Usr 0 00:00:00, Sys 0 00:00:00  -  Total Remote Usage
		Usr 0 00:00:00, Sys 0 00:00:00  -  Total Local Usage
	9131  -  Run Bytes Sent By Job
	3172207  -  Run Bytes Received By Job
	9131  -  Total Bytes Sent By Job
	3172207  -  Total Bytes Received By Job
	Partitionable Resources :    Usage  Request Allocated
	   Cpus                 :                 1         1
	   Disk (KB)            :     6112     3250  27891320
	   Memory (MB)          :        2        1      3764
...
016 (1556.000.000) 11/01 19:45:14 POST Script terminated.
	(1) Normal termination (return value 0)
    DAG Node: init_0_ID0000001
...
000 (1557.000.000) 11/01 19:45:24 Job submitted from host: <54.193.12.226:15509?addrs=54.193.12.226-15509>
    DAG Node: clean_up_local_level_3_0
    pool:local
...
001 (1557.000.000) 11/01 19:45:24 Job executing on host: <54.193.12.226:45553?addrs=54.193.12.226-45553>
...
000 (1558.000.000) 11/01 19:45:24 Job submitted from host: <54.193.12.226:15509?addrs=54.193.12.226-15509>
    DAG Node: generalinfo_0_ID0000002
    pool:condorpool
...
001 (1558.000.000) 11/01 19:45:24 Job executing on host: <54.201.254.11:47632?addrs=54.201.254.11-47632&noUDP>
...
005 (1557.000.000) 11/01 19:45:28 Job terminated.
	(1) Normal termination (return value 0)
		Usr 0 00:00:00, Sys 0 00:00:00  -  Run Remote Usage
		Usr 0 00:00:00, Sys 0 00:00:00  -  Run Local Usage
		Usr 0 00:00:00, Sys 0 00:00:00  -  Total Remote Usage
		Usr 0 00:00:00, Sys 0 00:00:00  -  Total Local Usage
	0  -  Run Bytes Sent By Job
	0  -  Run Bytes Received By Job
	0  -  Total Bytes Sent By Job
	0  -  Total Bytes Received By Job
...
016 (1557.000.000) 11/01 19:45:29 POST Script terminated.
	(1) Normal termination (return value 0)
    DAG Node: clean_up_local_level_3_0
...
005 (1558.000.000) 11/01 19:51:43 Job terminated.
	(1) Normal termination (return value 0)
		Usr 0 00:00:12, Sys 0 00:00:00  -  Run Remote Usage
		Usr 0 00:00:00, Sys 0 00:00:00  -  Run Local Usage
		Usr 0 00:00:12, Sys 0 00:00:00  -  Total Remote Usage
		Usr 0 00:00:00, Sys 0 00:00:00  -  Total Local Usage
	4903  -  Run Bytes Sent By Job
	3168730  -  Run Bytes Received By Job
	4903  -  Total Bytes Sent By Job
	3168730  -  Total Bytes Received By Job
	Partitionable Resources :    Usage  Request Allocated
	   Cpus                 :                 1         1
	   Disk (KB)            :     6106     3250  27891320
	   Memory (MB)          :       14        1      3764
...
016 (1558.000.000) 11/01 19:51:45 POST Script terminated.
	(1) Normal termination (return value 0)
    DAG Node: generalinfo_0_ID0000002
...
000 (1559.000.000) 11/01 19:51:55 Job submitted from host: <54.193.12.226:15509?addrs=54.193.12.226-15509>
    DAG Node: clean_up_local_level_4_0
    pool:local
...
000 (1560.000.000) 11/01 19:51:55 Job submitted from host: <54.193.12.226:15509?addrs=54.193.12.226-15509>
    DAG Node: statscpumemory_0_ID0000003
    pool:condorpool
...
001 (1559.000.000) 11/01 19:51:55 Job executing on host: <54.193.12.226:57938?addrs=54.193.12.226-57938>
...
000 (1561.000.000) 11/01 19:51:55 Job submitted from host: <54.193.12.226:15509?addrs=54.193.12.226-15509>
    DAG Node: medianmemory_0_ID0000005
    pool:condorpool
...
000 (1562.000.000) 11/01 19:51:55 Job submitted from host: <54.193.12.226:15509?addrs=54.193.12.226-15509>
    DAG Node: mediancpu_0_ID0000004
    pool:condorpool
...
001 (1560.000.000) 11/01 19:51:55 Job executing on host: <54.201.254.11:47632?addrs=54.201.254.11-47632&noUDP>
...
005 (1559.000.000) 11/01 19:51:59 Job terminated.
	(1) Normal termination (return value 0)
		Usr 0 00:00:00, Sys 0 00:00:00  -  Run Remote Usage
		Usr 0 00:00:00, Sys 0 00:00:00  -  Run Local Usage
		Usr 0 00:00:00, Sys 0 00:00:00  -  Total Remote Usage
		Usr 0 00:00:00, Sys 0 00:00:00  -  Total Local Usage
	0  -  Run Bytes Sent By Job
	0  -  Run Bytes Received By Job
	0  -  Total Bytes Sent By Job
	0  -  Total Bytes Received By Job
...
016 (1559.000.000) 11/01 19:52:00 POST Script terminated.
	(1) Normal termination (return value 0)
    DAG Node: clean_up_local_level_4_0
...
001 (1561.000.000) 11/01 19:52:16 Job executing on host: <54.218.179.175:16540?addrs=54.218.179.175-16540&noUDP>
...
001 (1562.000.000) 11/01 19:52:16 Job executing on host: <54.244.76.148:41570?addrs=54.244.76.148-41570&noUDP>
...
005 (1562.000.000) 11/01 20:00:36 Job terminated.
	(1) Normal termination (return value 0)
		Usr 0 00:00:18, Sys 0 00:00:00  -  Run Remote Usage
		Usr 0 00:00:00, Sys 0 00:00:00  -  Run Local Usage
		Usr 0 00:00:18, Sys 0 00:00:00  -  Total Remote Usage
		Usr 0 00:00:00, Sys 0 00:00:00  -  Total Local Usage
	472338  -  Run Bytes Sent By Job
	3168597  -  Run Bytes Received By Job
	472338  -  Total Bytes Sent By Job
	3168597  -  Total Bytes Received By Job
	Partitionable Resources :    Usage  Request Allocated
	   Cpus                 :                 1         1
	   Disk (KB)            :    81885     3250  27890572
	   Memory (MB)          :      109        1      3764
...
005 (1561.000.000) 11/01 20:00:40 Job terminated.
	(1) Normal termination (return value 0)
		Usr 0 00:00:29, Sys 0 00:00:00  -  Run Remote Usage
		Usr 0 00:00:00, Sys 0 00:00:00  -  Run Local Usage
		Usr 0 00:00:29, Sys 0 00:00:00  -  Total Remote Usage
		Usr 0 00:00:00, Sys 0 00:00:00  -  Total Local Usage
	446299  -  Run Bytes Sent By Job
	3168633  -  Run Bytes Received By Job
	446299  -  Total Bytes Sent By Job
	3168633  -  Total Bytes Received By Job
	Partitionable Resources :    Usage  Request Allocated
	   Cpus                 :                 1         1
	   Disk (KB)            :    90401     3250  27891424
	   Memory (MB)          :      109        1      3764
...
016 (1561.000.000) 11/01 20:00:41 POST Script terminated.
	(1) Normal termination (return value 0)
    DAG Node: medianmemory_0_ID0000005
...
016 (1562.000.000) 11/01 20:00:41 POST Script terminated.
	(1) Normal termination (return value 0)
    DAG Node: mediancpu_0_ID0000004
...
000 (1563.000.000) 11/01 20:00:51 Job submitted from host: <54.193.12.226:15509?addrs=54.193.12.226-15509>
    DAG Node: clean_up_local_level_5_1
    pool:local
...
001 (1563.000.000) 11/01 20:00:51 Job executing on host: <54.193.12.226:60661?addrs=54.193.12.226-60661>
...
005 (1563.000.000) 11/01 20:00:56 Job terminated.
	(1) Normal termination (return value 0)
		Usr 0 00:00:00, Sys 0 00:00:00  -  Run Remote Usage
		Usr 0 00:00:00, Sys 0 00:00:00  -  Run Local Usage
		Usr 0 00:00:00, Sys 0 00:00:00  -  Total Remote Usage
		Usr 0 00:00:00, Sys 0 00:00:00  -  Total Local Usage
	0  -  Run Bytes Sent By Job
	0  -  Run Bytes Received By Job
	0  -  Total Bytes Sent By Job
	0  -  Total Bytes Received By Job
...
016 (1563.000.000) 11/01 20:00:57 POST Script terminated.
	(1) Normal termination (return value 0)
    DAG Node: clean_up_local_level_5_1
...
005 (1560.000.000) 11/01 20:09:59 Job terminated.
	(1) Normal termination (return value 0)
		Usr 0 00:00:47, Sys 0 00:00:00  -  Run Remote Usage
		Usr 0 00:00:00, Sys 0 00:00:00  -  Run Local Usage
		Usr 0 00:00:47, Sys 0 00:00:00  -  Total Remote Usage
		Usr 0 00:00:00, Sys 0 00:00:00  -  Total Local Usage
	5122  -  Run Bytes Sent By Job
	3170902  -  Run Bytes Received By Job
	5122  -  Total Bytes Sent By Job
	3170902  -  Total Bytes Received By Job
	Partitionable Resources :    Usage  Request Allocated
	   Cpus                 :                 1         1
	   Disk (KB)            :     6108     3250  27891320
	   Memory (MB)          :      177        1      3764
...
016 (1560.000.000) 11/01 20:10:01 POST Script terminated.
	(1) Normal termination (return value 0)
    DAG Node: statscpumemory_0_ID0000003
...
000 (1564.000.000) 11/01 20:10:11 Job submitted from host: <54.193.12.226:15509?addrs=54.193.12.226-15509>
    DAG Node: clean_up_local_level_5_0
    pool:local
...
001 (1564.000.000) 11/01 20:10:11 Job executing on host: <54.193.12.226:43374?addrs=54.193.12.226-43374>
...
000 (1565.000.000) 11/01 20:10:11 Job submitted from host: <54.193.12.226:15509?addrs=54.193.12.226-15509>
    DAG Node: taskevent_0_ID0000006
    pool:condorpool
...
005 (1564.000.000) 11/01 20:10:20 Job terminated.
	(1) Normal termination (return value 0)
		Usr 0 00:00:00, Sys 0 00:00:00  -  Run Remote Usage
		Usr 0 00:00:00, Sys 0 00:00:00  -  Run Local Usage
		Usr 0 00:00:00, Sys 0 00:00:00  -  Total Remote Usage
		Usr 0 00:00:00, Sys 0 00:00:00  -  Total Local Usage
	0  -  Run Bytes Sent By Job
	0  -  Run Bytes Received By Job
	0  -  Total Bytes Sent By Job
	0  -  Total Bytes Received By Job
...
016 (1564.000.000) 11/01 20:10:22 POST Script terminated.
	(1) Normal termination (return value 0)
    DAG Node: clean_up_local_level_5_0
...
001 (1565.000.000) 11/01 20:10:31 Job executing on host: <54.201.254.11:47632?addrs=54.201.254.11-47632&noUDP>
...
005 (1565.000.000) 11/01 20:22:24 Job terminated.
	(1) Normal termination (return value 0)
		Usr 0 00:00:44, Sys 0 00:00:00  -  Run Remote Usage
		Usr 0 00:00:00, Sys 0 00:00:00  -  Run Local Usage
		Usr 0 00:00:44, Sys 0 00:00:00  -  Total Remote Usage
		Usr 0 00:00:00, Sys 0 00:00:00  -  Total Local Usage
	5543  -  Run Bytes Sent By Job
	3174597  -  Run Bytes Received By Job
	5543  -  Total Bytes Sent By Job
	3174597  -  Total Bytes Received By Job
	Partitionable Resources :    Usage  Request Allocated
	   Cpus                 :                 1         1
	   Disk (KB)            :     6113     3250  27884352
	   Memory (MB)          :      399        1      3764
...
016 (1565.000.000) 11/01 20:22:28 POST Script terminated.
	(1) Normal termination (return value 0)
    DAG Node: taskevent_0_ID0000006
...
000 (1566.000.000) 11/01 20:22:37 Job submitted from host: <54.193.12.226:15509?addrs=54.193.12.226-15509>
    DAG Node: clean_up_local_level_6_0
    pool:local
...
001 (1566.000.000) 11/01 20:22:37 Job executing on host: <54.193.12.226:34036?addrs=54.193.12.226-34036>
...
000 (1567.000.000) 11/01 20:22:37 Job submitted from host: <54.193.12.226:15509?addrs=54.193.12.226-15509>
    DAG Node: calculateratio_0_ID0000007
    pool:condorpool
...
001 (1567.000.000) 11/01 20:22:37 Job executing on host: <54.201.254.11:47632?addrs=54.201.254.11-47632&noUDP>
...
005 (1566.000.000) 11/01 20:22:45 Job terminated.
	(1) Normal termination (return value 0)
		Usr 0 00:00:00, Sys 0 00:00:00  -  Run Remote Usage
		Usr 0 00:00:00, Sys 0 00:00:00  -  Run Local Usage
		Usr 0 00:00:00, Sys 0 00:00:00  -  Total Remote Usage
		Usr 0 00:00:00, Sys 0 00:00:00  -  Total Local Usage
	0  -  Run Bytes Sent By Job
	0  -  Run Bytes Received By Job
	0  -  Total Bytes Sent By Job
	0  -  Total Bytes Received By Job
...
016 (1566.000.000) 11/01 20:22:47 POST Script terminated.
	(1) Normal termination (return value 0)
    DAG Node: clean_up_local_level_6_0
...
005 (1567.000.000) 11/01 20:53:36 Job terminated.
	(1) Normal termination (return value 0)
		Usr 0 00:01:47, Sys 0 00:00:04  -  Run Remote Usage
		Usr 0 00:00:00, Sys 0 00:00:00  -  Run Local Usage
		Usr 0 00:01:47, Sys 0 00:00:04  -  Total Remote Usage
		Usr 0 00:00:00, Sys 0 00:00:00  -  Total Local Usage
	361335  -  Run Bytes Sent By Job
	3173829  -  Run Bytes Received By Job
	361335  -  Total Bytes Sent By Job
	3173829  -  Total Bytes Received By Job
	Partitionable Resources :    Usage  Request Allocated
	   Cpus                 :                 1         1
	   Disk (KB)            :     6460     3250  27884352
	   Memory (MB)          :      452        1      3764
...
016 (1567.000.000) 11/01 20:53:39 POST Script terminated.
	(1) Normal termination (return value 0)
    DAG Node: calculateratio_0_ID0000007
...
000 (1568.000.000) 11/01 20:53:49 Job submitted from host: <54.193.12.226:15509?addrs=54.193.12.226-15509>
    DAG Node: clean_up_local_level_7_0
    pool:local
...
001 (1568.000.000) 11/01 20:53:49 Job executing on host: <54.193.12.226:24800?addrs=54.193.12.226-24800>
...
000 (1569.000.000) 11/01 20:53:49 Job submitted from host: <54.193.12.226:15509?addrs=54.193.12.226-15509>
    DAG Node: averageratioevent_0_ID0000008
    pool:condorpool
...
005 (1568.000.000) 11/01 20:53:57 Job terminated.
	(1) Normal termination (return value 0)
		Usr 0 00:00:00, Sys 0 00:00:00  -  Run Remote Usage
		Usr 0 00:00:00, Sys 0 00:00:00  -  Run Local Usage
		Usr 0 00:00:00, Sys 0 00:00:00  -  Total Remote Usage
		Usr 0 00:00:00, Sys 0 00:00:00  -  Total Local Usage
	0  -  Run Bytes Sent By Job
	0  -  Run Bytes Received By Job
	0  -  Total Bytes Sent By Job
	0  -  Total Bytes Received By Job
...
016 (1568.000.000) 11/01 20:53:59 POST Script terminated.
	(1) Normal termination (return value 0)
    DAG Node: clean_up_local_level_7_0
...
001 (1569.000.000) 11/01 20:54:06 Job executing on host: <54.201.254.11:47632?addrs=54.201.254.11-47632&noUDP>
...
005 (1569.000.000) 11/01 20:55:26 Job terminated.
	(1) Normal termination (return value 0)
		Usr 0 00:00:00, Sys 0 00:00:00  -  Run Remote Usage
		Usr 0 00:00:00, Sys 0 00:00:00  -  Run Local Usage
		Usr 0 00:00:00, Sys 0 00:00:00  -  Total Remote Usage
		Usr 0 00:00:00, Sys 0 00:00:00  -  Total Local Usage
	266706  -  Run Bytes Sent By Job
	3169525  -  Run Bytes Received By Job
	266706  -  Total Bytes Sent By Job
	3169525  -  Total Bytes Received By Job
	Partitionable Resources :    Usage  Request Allocated
	   Cpus                 :                 1         1
	   Disk (KB)            :     6362     3250  27891116
	   Memory (MB)          :        2        1      3764
...
016 (1569.000.000) 11/01 20:55:30 POST Script terminated.
	(1) Normal termination (return value 0)
    DAG Node: averageratioevent_0_ID0000008
...
000 (1570.000.000) 11/01 20:55:40 Job submitted from host: <54.193.12.226:15509?addrs=54.193.12.226-15509>
    DAG Node: clean_up_local_level_8_0
    pool:local
...
001 (1570.000.000) 11/01 20:55:40 Job executing on host: <54.193.12.226:36426?addrs=54.193.12.226-36426>
...
000 (1571.000.000) 11/01 20:55:40 Job submitted from host: <54.193.12.226:15509?addrs=54.193.12.226-15509>
    DAG Node: analysisevent_0_ID0000009
    pool:condorpool
...
001 (1571.000.000) 11/01 20:55:40 Job executing on host: <54.201.254.11:47632?addrs=54.201.254.11-47632&noUDP>
...
005 (1571.000.000) 11/01 20:55:41 Job terminated.
	(1) Normal termination (return value 0)
		Usr 0 00:00:00, Sys 0 00:00:00  -  Run Remote Usage
		Usr 0 00:00:00, Sys 0 00:00:00  -  Run Local Usage
		Usr 0 00:00:00, Sys 0 00:00:00  -  Total Remote Usage
		Usr 0 00:00:00, Sys 0 00:00:00  -  Total Local Usage
	4897  -  Run Bytes Sent By Job
	3169034  -  Run Bytes Received By Job
	4897  -  Total Bytes Sent By Job
	3169034  -  Total Bytes Received By Job
	Partitionable Resources :    Usage  Request Allocated
	   Cpus                 :                 1         1
	   Disk (KB)            :     6106     3250  27891116
	   Memory (MB)          :        0        1      3764
...
005 (1570.000.000) 11/01 20:55:44 Job terminated.
	(1) Normal termination (return value 0)
		Usr 0 00:00:00, Sys 0 00:00:00  -  Run Remote Usage
		Usr 0 00:00:00, Sys 0 00:00:00  -  Run Local Usage
		Usr 0 00:00:00, Sys 0 00:00:00  -  Total Remote Usage
		Usr 0 00:00:00, Sys 0 00:00:00  -  Total Local Usage
	0  -  Run Bytes Sent By Job
	0  -  Run Bytes Received By Job
	0  -  Total Bytes Sent By Job
	0  -  Total Bytes Received By Job
...
016 (1570.000.000) 11/01 20:55:45 POST Script terminated.
	(1) Normal termination (return value 0)
    DAG Node: clean_up_local_level_8_0
...
016 (1571.000.000) 11/01 20:55:45 POST Script terminated.
	(1) Normal termination (return value 0)
    DAG Node: analysisevent_0_ID0000009
...
000 (1572.000.000) 11/01 20:55:55 Job submitted from host: <54.193.12.226:15509?addrs=54.193.12.226-15509>
    DAG Node: terminate_0_ID0000010
    pool:condorpool
...
000 (1573.000.000) 11/01 20:55:55 Job submitted from host: <54.193.12.226:15509?addrs=54.193.12.226-15509>
    DAG Node: clean_up_local_level_9_0
    pool:local
...
001 (1572.000.000) 11/01 20:55:56 Job executing on host: <54.201.254.11:47632?addrs=54.201.254.11-47632&noUDP>
...
005 (1572.000.000) 11/01 20:55:56 Job terminated.
	(1) Normal termination (return value 0)
		Usr 0 00:00:00, Sys 0 00:00:00  -  Run Remote Usage
		Usr 0 00:00:00, Sys 0 00:00:00  -  Run Local Usage
		Usr 0 00:00:00, Sys 0 00:00:00  -  Total Remote Usage
		Usr 0 00:00:00, Sys 0 00:00:00  -  Total Local Usage
	4630  -  Run Bytes Sent By Job
	3167983  -  Run Bytes Received By Job
	4630  -  Total Bytes Sent By Job
	3167983  -  Total Bytes Received By Job
	Partitionable Resources :    Usage  Request Allocated
	   Cpus                 :                 1         1
	   Disk (KB)            :     6104     3250  27891116
	   Memory (MB)          :        0        1      3764
...
016 (1572.000.000) 11/01 20:56:00 POST Script terminated.
	(1) Normal termination (return value 0)
    DAG Node: terminate_0_ID0000010
...
001 (1573.000.000) 11/01 20:56:01 Job executing on host: <54.193.12.226:3907?addrs=54.193.12.226-3907>
...
005 (1573.000.000) 11/01 20:56:06 Job terminated.
	(1) Normal termination (return value 0)
		Usr 0 00:00:00, Sys 0 00:00:00  -  Run Remote Usage
		Usr 0 00:00:00, Sys 0 00:00:00  -  Run Local Usage
		Usr 0 00:00:00, Sys 0 00:00:00  -  Total Remote Usage
		Usr 0 00:00:00, Sys 0 00:00:00  -  Total Local Usage
	0  -  Run Bytes Sent By Job
	0  -  Run Bytes Received By Job
	0  -  Total Bytes Sent By Job
	0  -  Total Bytes Received By Job
...
000 (1574.000.000) 11/01 20:56:11 Job submitted from host: <54.193.12.226:15509?addrs=54.193.12.226-15509>
    DAG Node: clean_up_local_level_10_0
    pool:local
...
001 (1574.000.000) 11/01 20:56:11 Job executing on host: <54.193.12.226:25454?addrs=54.193.12.226-25454>
...
016 (1573.000.000) 11/01 20:56:11 POST Script terminated.
	(1) Normal termination (return value 0)
    DAG Node: clean_up_local_level_9_0
...
005 (1574.000.000) 11/01 20:56:15 Job terminated.
	(1) Normal termination (return value 0)
		Usr 0 00:00:00, Sys 0 00:00:00  -  Run Remote Usage
		Usr 0 00:00:00, Sys 0 00:00:00  -  Run Local Usage
		Usr 0 00:00:00, Sys 0 00:00:00  -  Total Remote Usage
		Usr 0 00:00:00, Sys 0 00:00:00  -  Total Local Usage
	0  -  Run Bytes Sent By Job
	0  -  Run Bytes Received By Job
	0  -  Total Bytes Sent By Job
	0  -  Total Bytes Received By Job
...
016 (1574.000.000) 11/01 20:56:16 POST Script terminated.
	(1) Normal termination (return value 0)
    DAG Node: clean_up_local_level_10_0
...
000 (1575.000.000) 11/01 20:56:26 Job submitted from host: <54.193.12.226:15509?addrs=54.193.12.226-15509>
    DAG Node: cleanup_example_workflow_0_local
    pool:local
...
001 (1575.000.000) 11/01 20:56:26 Job executing on host: <54.193.12.226:1605?addrs=54.193.12.226-1605>
...
005 (1575.000.000) 11/01 20:56:28 Job terminated.
	(1) Normal termination (return value 0)
		Usr 0 00:00:00, Sys 0 00:00:00  -  Run Remote Usage
		Usr 0 00:00:00, Sys 0 00:00:00  -  Run Local Usage
		Usr 0 00:00:00, Sys 0 00:00:00  -  Total Remote Usage
		Usr 0 00:00:00, Sys 0 00:00:00  -  Total Local Usage
	0  -  Run Bytes Sent By Job
	0  -  Run Bytes Received By Job
	0  -  Total Bytes Sent By Job
	0  -  Total Bytes Received By Job
...
