{"name": ".//00/00/create_dir_example_workflow_0_local.out", "timestamp": "2016-12-06T03:06:31.027572", "exitcode": 0, "app_exitcode": 0, "retry": 0, "std_out": "", "std_err": ""}
{"name": ".//00/00/stage_in_local_local_6_0.out", "timestamp": "2016-12-06T03:06:46.751755", "exitcode": 0, "app_exitcode": 0, "retry": 0, "std_out": "", "std_err": ""}
{"name": ".//00/00/stage_in_local_local_0_0.out", "timestamp": "2016-12-06T03:06:46.771585", "exitcode": 0, "app_exitcode": 0, "retry": 0, "std_out": "", "std_err": ""}
{"name": ".//00/00/stage_in_remote_local_2_1.out", "timestamp": "2016-12-06T03:06:46.830134", "exitcode": 0, "app_exitcode": 0, "retry": 0, "std_out": "", "std_err": ""}
{"name": ".//00/00/stage_in_remote_local_5_0.out", "timestamp": "2016-12-06T03:06:46.859261", "exitcode": 0, "app_exitcode": 0, "retry": 0, "std_out": "", "std_err": ""}
{"name": ".//00/00/stage_in_local_local_3_0.out", "timestamp": "2016-12-06T03:06:52.753907", "exitcode": 0, "app_exitcode": 0, "retry": 0, "std_out": "", "std_err": ""}
{"name": ".//00/00/stage_in_local_local_2_1.out", "timestamp": "2016-12-06T03:06:52.848866", "exitcode": 0, "app_exitcode": 0, "retry": 0, "std_out": "", "std_err": ""}
{"name": ".//00/00/stage_in_remote_local_1_0.out", "timestamp": "2016-12-06T03:06:52.906755", "exitcode": 0, "app_exitcode": 0, "retry": 0, "std_out": "", "std_err": ""}
{"name": ".//00/00/stage_in_local_local_4_0.out", "timestamp": "2016-12-06T03:06:52.869187", "exitcode": 0, "app_exitcode": 0, "retry": 0, "std_out": "", "std_err": ""}
{"name": ".//00/00/stage_in_local_local_2_0.out", "timestamp": "2016-12-06T03:06:52.985742", "exitcode": 0, "app_exitcode": 0, "retry": 0, "std_out": "", "std_err": ""}
{"name": ".//00/00/stage_in_local_local_5_0.out", "timestamp": "2016-12-06T03:06:53.039002", "exitcode": 0, "app_exitcode": 0, "retry": 0, "std_out": "", "std_err": ""}
{"name": ".//00/00/stage_in_remote_local_3_1.out", "timestamp": "2016-12-06T03:07:03.648845", "exitcode": 0, "app_exitcode": 0, "retry": 0, "std_out": "", "std_err": ""}
{"name": ".//00/00/stage_in_local_local_1_0.out", "timestamp": "2016-12-06T03:07:03.869433", "exitcode": 0, "app_exitcode": 0, "retry": 0, "std_out": "", "std_err": ""}
{"name": ".//00/00/stage_in_remote_local_2_0.out", "timestamp": "2016-12-06T03:07:03.920058", "exitcode": 0, "app_exitcode": 0, "retry": 0, "std_out": "", "std_err": ""}
{"name": ".//00/00/stage_in_remote_local_6_0.out", "timestamp": "2016-12-06T03:07:03.908489", "exitcode": 0, "app_exitcode": 0, "retry": 0, "std_out": "", "std_err": ""}
{"name": ".//00/00/stage_in_local_local_7_0.out", "timestamp": "2016-12-06T03:07:03.945325", "exitcode": 0, "app_exitcode": 0, "retry": 0, "std_out": "", "std_err": ""}
{"name": ".//00/00/stage_in_remote_local_4_1.out", "timestamp": "2016-12-06T03:07:04.000336", "exitcode": 0, "app_exitcode": 0, "retry": 0, "std_out": "", "std_err": ""}
{"name": ".//00/00/stage_in_remote_local_4_0.out", "timestamp": "2016-12-06T03:07:04.050571", "exitcode": 0, "app_exitcode": 0, "retry": 0, "std_out": "", "std_err": ""}
{"name": ".//00/00/stage_in_remote_local_3_0.out", "timestamp": "2016-12-06T03:07:08.204215", "exitcode": 0, "app_exitcode": 0, "retry": 0, "std_out": "", "std_err": ""}
{"name": ".//00/00/init_0_ID0000001.out", "timestamp": "2016-12-06T03:17:13.984777", "exitcode": 0, "app_exitcode": 0, "retry": 0, "std_out": "", "std_err": ""}
{"name": ".//00/00/clean_up_local_level_3_0.out", "timestamp": "2016-12-06T03:17:29.386103", "exitcode": 0, "app_exitcode": 0, "retry": 0, "std_out": "", "std_err": ""}
{"name": ".//00/00/generalinfo_0_ID0000002.out", "timestamp": "2016-12-06T04:18:33.319627", "exitcode": 0, "app_exitcode": 0, "retry": 0, "std_out": "", "std_err": ""}
{"name": ".//00/00/clean_up_local_level_4_0.out", "timestamp": "2016-12-06T04:18:48.863914", "exitcode": 0, "app_exitcode": 0, "retry": 0, "std_out": "", "std_err": ""}
{"name": ".//00/00/medianmemory_0_ID0000005.out", "timestamp": "2016-12-06T06:29:17.297276", "exitcode": 0, "app_exitcode": 0, "retry": 0, "std_out": "", "std_err": ""}
{"name": ".//00/00/statscpumemory_0_ID0000003.out", "timestamp": "2016-12-06T06:31:17.602536", "exitcode": 0, "app_exitcode": 0, "retry": 0, "std_out": "", "std_err": ""}
{"name": ".//00/00/clean_up_local_level_5_0.out", "timestamp": "2016-12-06T06:31:37.880576", "exitcode": 0, "app_exitcode": 0, "retry": 0, "std_out": "", "std_err": ""}
{"name": ".//00/00/mediancpu_0_ID0000004.out", "timestamp": "2016-12-06T06:33:43.166426", "exitcode": 0, "app_exitcode": 0, "retry": 0, "std_out": "", "std_err": ""}
{"name": ".//00/00/clean_up_local_level_5_1.out", "timestamp": "2016-12-06T06:34:03.722112", "exitcode": 0, "app_exitcode": 0, "retry": 0, "std_out": "", "std_err": ""}
{"name": ".//00/00/taskevent_0_ID0000006.out", "timestamp": "2016-12-06T09:47:56.229618", "exitcode": 0, "app_exitcode": 0, "retry": 0, "std_out": "", "std_err": ""}
{"name": ".//00/00/clean_up_local_level_6_0.out", "timestamp": "2016-12-06T09:48:16.637813", "exitcode": 0, "app_exitcode": 0, "retry": 0, "std_out": "", "std_err": ""}
{"name": ".//00/00/calculateratio_0_ID0000007.out", "timestamp": "2016-12-06T13:11:18.637596", "exitcode": 0, "app_exitcode": 0, "retry": 0, "std_out": "", "std_err": ""}
{"name": ".//00/00/clean_up_local_level_7_0.out", "timestamp": "2016-12-06T13:11:39.038545", "exitcode": 0, "app_exitcode": 0, "retry": 0, "std_out": "", "std_err": ""}
{"name": ".//00/00/averageratioevent_0_ID0000008.out", "timestamp": "2016-12-06T13:32:29.505608", "exitcode": 0, "app_exitcode": 0, "retry": 0, "std_out": "", "std_err": ""}
{"name": ".//00/00/clean_up_local_level_8_0.out", "timestamp": "2016-12-06T13:32:44.872745", "exitcode": 0, "app_exitcode": 0, "retry": 0, "std_out": "", "std_err": ""}
{"name": ".//00/00/analysisevent_0_ID0000009.out", "timestamp": "2016-12-06T13:33:05.061591", "exitcode": 0, "app_exitcode": 0, "retry": 0, "std_out": "", "std_err": ""}
{"name": ".//00/00/terminate_0_ID0000010.out", "timestamp": "2016-12-06T13:33:19.548079", "exitcode": 0, "app_exitcode": 0, "retry": 0, "std_out": "", "std_err": ""}
{"name": ".//00/00/clean_up_local_level_9_0.out", "timestamp": "2016-12-06T13:33:24.702431", "exitcode": 0, "app_exitcode": 0, "retry": 0, "std_out": "", "std_err": ""}
{"name": ".//00/00/clean_up_local_level_10_0.out", "timestamp": "2016-12-06T13:33:34.965311", "exitcode": 0, "app_exitcode": 0, "retry": 0, "std_out": "", "std_err": ""}
