01/20/17 16:02:26 ******************************************************
01/20/17 16:02:26 ** condor_scheduniv_exec.10050.0 (CONDOR_DAGMAN) STARTING UP
01/20/17 16:02:26 ** /usr/bin/condor_dagman
01/20/17 16:02:26 ** SubsystemInfo: name=DAGMAN type=DAGMAN(10) class=DAEMON(1)
01/20/17 16:02:26 ** Configuration: subsystem:DAGMAN local:<NONE> class:DAEMON
01/20/17 16:02:26 ** $CondorVersion: 8.4.8 Jun 30 2016 BuildID: 373513 $
01/20/17 16:02:26 ** $CondorPlatform: x86_64_Ubuntu14 $
01/20/17 16:02:26 ** PID = 92612
01/20/17 16:02:26 ** Log last touched time unavailable (No such file or directory)
01/20/17 16:02:26 ******************************************************
01/20/17 16:02:26 Using config source: /etc/condor/condor_config
01/20/17 16:02:26 Using local config sources: 
01/20/17 16:02:26    /etc/condor/condor_config.local
01/20/17 16:02:26 config Macros = 63, Sorted = 63, StringBytes = 1966, TablesBytes = 2308
01/20/17 16:02:26 CLASSAD_CACHING is ENABLED
01/20/17 16:02:26 Daemon Log is logging: D_ALWAYS D_ERROR
01/20/17 16:02:26 DaemonCore: No command port requested.
01/20/17 16:02:26 DAGMAN_USE_STRICT setting: 1
01/20/17 16:02:26 DAGMAN_VERBOSITY setting: 3
01/20/17 16:02:26 DAGMAN_DEBUG_CACHE_SIZE setting: 5242880
01/20/17 16:02:26 DAGMAN_DEBUG_CACHE_ENABLE setting: False
01/20/17 16:02:26 DAGMAN_SUBMIT_DELAY setting: 0
01/20/17 16:02:26 DAGMAN_MAX_SUBMIT_ATTEMPTS setting: 6
01/20/17 16:02:26 DAGMAN_STARTUP_CYCLE_DETECT setting: False
01/20/17 16:02:26 DAGMAN_MAX_SUBMITS_PER_INTERVAL setting: 5
01/20/17 16:02:26 DAGMAN_USER_LOG_SCAN_INTERVAL setting: 5
01/20/17 16:02:26 DAGMAN_DEFAULT_PRIORITY setting: 0
01/20/17 16:02:26 DAGMAN_SUPPRESS_NOTIFICATION setting: True
01/20/17 16:02:26 allow_events (DAGMAN_ALLOW_EVENTS) setting: 114
01/20/17 16:02:26 DAGMAN_RETRY_SUBMIT_FIRST setting: True
01/20/17 16:02:26 DAGMAN_RETRY_NODE_FIRST setting: False
01/20/17 16:02:26 DAGMAN_MAX_JOBS_IDLE setting: 1000
01/20/17 16:02:26 DAGMAN_MAX_JOBS_SUBMITTED setting: 0
01/20/17 16:02:26 DAGMAN_MAX_PRE_SCRIPTS setting: 20
01/20/17 16:02:26 DAGMAN_MAX_POST_SCRIPTS setting: 20
01/20/17 16:02:26 DAGMAN_ALLOW_LOG_ERROR setting: False
01/20/17 16:02:26 DAGMAN_MUNGE_NODE_NAMES setting: True
01/20/17 16:02:26 DAGMAN_PROHIBIT_MULTI_JOBS setting: False
01/20/17 16:02:26 DAGMAN_SUBMIT_DEPTH_FIRST setting: False
01/20/17 16:02:26 DAGMAN_ALWAYS_RUN_POST setting: True
01/20/17 16:02:26 DAGMAN_ABORT_DUPLICATES setting: True
01/20/17 16:02:26 DAGMAN_ABORT_ON_SCARY_SUBMIT setting: True
01/20/17 16:02:26 DAGMAN_PENDING_REPORT_INTERVAL setting: 600
01/20/17 16:02:26 DAGMAN_AUTO_RESCUE setting: True
01/20/17 16:02:26 DAGMAN_MAX_RESCUE_NUM setting: 100
01/20/17 16:02:26 DAGMAN_WRITE_PARTIAL_RESCUE setting: True
01/20/17 16:02:26 DAGMAN_DEFAULT_NODE_LOG setting: @(DAG_DIR)/@(DAG_FILE).nodes.log
01/20/17 16:02:26 DAGMAN_GENERATE_SUBDAG_SUBMITS setting: True
01/20/17 16:02:26 DAGMAN_MAX_JOB_HOLDS setting: 100
01/20/17 16:02:26 DAGMAN_HOLD_CLAIM_TIME setting: 20
01/20/17 16:02:26 ALL_DEBUG setting: 
01/20/17 16:02:26 DAGMAN_DEBUG setting: 
01/20/17 16:02:26 DAGMAN_SUPPRESS_JOB_LOGS setting: False
01/20/17 16:02:26 argv[0] == "condor_scheduniv_exec.10050.0"
01/20/17 16:02:26 argv[1] == "-Lockfile"
01/20/17 16:02:26 argv[2] == "example_workflow-0.dag.lock"
01/20/17 16:02:26 argv[3] == "-AutoRescue"
01/20/17 16:02:26 argv[4] == "1"
01/20/17 16:02:26 argv[5] == "-DoRescueFrom"
01/20/17 16:02:26 argv[6] == "0"
01/20/17 16:02:26 argv[7] == "-Dag"
01/20/17 16:02:26 argv[8] == "example_workflow-0.dag"
01/20/17 16:02:26 argv[9] == "-MaxPost"
01/20/17 16:02:26 argv[10] == "20"
01/20/17 16:02:26 argv[11] == "-Suppress_notification"
01/20/17 16:02:26 argv[12] == "-CsdVersion"
01/20/17 16:02:26 argv[13] == "$CondorVersion: 8.4.8 Jun 30 2016 BuildID: 373513 $"
01/20/17 16:02:26 argv[14] == "-Dagman"
01/20/17 16:02:26 argv[15] == "/usr/bin/condor_dagman"
01/20/17 16:02:26 Warning: failed to get attribute DAGNodeName
01/20/17 16:02:26 DAGMAN_LOG_ON_NFS_IS_ERROR setting: False
01/20/17 16:02:26 Default node log file is: </home/ubuntu/wikiflow/6_wikiflow_1sh_1s_annot/dags/ubuntu/pegasus/example_workflow/20170120T160222+0000/./example_workflow-0.dag.nodes.log>
01/20/17 16:02:26 DAG Lockfile will be written to example_workflow-0.dag.lock
01/20/17 16:02:26 DAG Input file is example_workflow-0.dag
01/20/17 16:02:26 Parsing 1 dagfiles
01/20/17 16:02:26 Parsing example_workflow-0.dag ...
01/20/17 16:02:26 Warning: category stage-out has no throttle value set
01/20/17 16:02:26 Warning: category stage-in has no throttle value set
01/20/17 16:02:26 Dag contains 30 total jobs
01/20/17 16:02:26 Sleeping for 3 seconds to ensure ProcessId uniqueness
01/20/17 16:02:29 Bootstrapping...
01/20/17 16:02:29 Number of pre-completed nodes: 0
01/20/17 16:02:29 MultiLogFiles: truncating log file /home/ubuntu/wikiflow/6_wikiflow_1sh_1s_annot/dags/ubuntu/pegasus/example_workflow/20170120T160222+0000/./example_workflow-0.dag.nodes.log
01/20/17 16:02:29 DAG status: 0 (DAG_STATUS_OK)
01/20/17 16:02:29 Of 30 nodes total:
01/20/17 16:02:29  Done     Pre   Queued    Post   Ready   Un-Ready   Failed
01/20/17 16:02:29   ===     ===      ===     ===     ===        ===      ===
01/20/17 16:02:29     0       0        0       0       1         29        0
01/20/17 16:02:29 0 job proc(s) currently held
01/20/17 16:02:29 Registering condor_event_timer...
01/20/17 16:02:30 Submitting Condor Node create_dir_example_workflow_0_local job(s)...
01/20/17 16:02:30 Adding a DAGMan workflow log /home/ubuntu/wikiflow/6_wikiflow_1sh_1s_annot/dags/ubuntu/pegasus/example_workflow/20170120T160222+0000/./example_workflow-0.dag.nodes.log
01/20/17 16:02:30 Masking the events recorded in the DAGMAN workflow log
01/20/17 16:02:30 Mask for workflow log is 0,1,2,4,5,7,9,10,11,12,13,16,17,24,27
01/20/17 16:02:30 submitting: /usr/bin/condor_submit -a dag_node_name' '=' 'create_dir_example_workflow_0_local -a +DAGManJobId' '=' '10050 -a DAGManJobId' '=' '10050 -a submit_event_notes' '=' 'DAG' 'Node:' 'create_dir_example_workflow_0_local -a dagman_log' '=' '/home/ubuntu/wikiflow/6_wikiflow_1sh_1s_annot/dags/ubuntu/pegasus/example_workflow/20170120T160222+0000/./example_workflow-0.dag.nodes.log -a +DAGManNodesMask' '=' '"0,1,2,4,5,7,9,10,11,12,13,16,17,24,27" -a DAG_STATUS' '=' '0 -a FAILED_COUNT' '=' '0 -a +DAGParentNodeNames' '=' '"" -a +KeepClaimIdle' '=' '20 -a notification' '=' 'never 00/00/create_dir_example_workflow_0_local.sub
01/20/17 16:02:30 From submit: Submitting job(s).
01/20/17 16:02:30 From submit: 1 job(s) submitted to cluster 10051.
01/20/17 16:02:30 	assigned Condor ID (10051.0.0)
01/20/17 16:02:30 Just submitted 1 job this cycle...
01/20/17 16:02:30 Currently monitoring 1 Condor log file(s)
01/20/17 16:02:30 Reassigning the id of job create_dir_example_workflow_0_local from (10051.0.0) to (10051.0.0)
01/20/17 16:02:30 Event: ULOG_SUBMIT for Condor Node create_dir_example_workflow_0_local (10051.0.0)
01/20/17 16:02:30 Number of idle job procs: 1
01/20/17 16:02:30 DAG status: 0 (DAG_STATUS_OK)
01/20/17 16:02:30 Of 30 nodes total:
01/20/17 16:02:30  Done     Pre   Queued    Post   Ready   Un-Ready   Failed
01/20/17 16:02:30   ===     ===      ===     ===     ===        ===      ===
01/20/17 16:02:30     0       0        1       0       0         29        0
01/20/17 16:02:30 0 job proc(s) currently held
01/20/17 16:02:35 Currently monitoring 1 Condor log file(s)
01/20/17 16:02:35 Event: ULOG_EXECUTE for Condor Node create_dir_example_workflow_0_local (10051.0.0)
01/20/17 16:02:35 Number of idle job procs: 0
01/20/17 16:02:35 Event: ULOG_JOB_TERMINATED for Condor Node create_dir_example_workflow_0_local (10051.0.0)
01/20/17 16:02:35 Number of idle job procs: 0
01/20/17 16:02:35 Node create_dir_example_workflow_0_local job proc (10051.0.0) completed successfully.
01/20/17 16:02:35 Node create_dir_example_workflow_0_local job completed
01/20/17 16:02:35 Running POST script of Node create_dir_example_workflow_0_local...
01/20/17 16:02:35 Warning: mysin has length 0 (ignore if produced by DAGMan; see gittrac #4987, #5031)
01/20/17 16:02:35 DAG status: 0 (DAG_STATUS_OK)
01/20/17 16:02:35 Of 30 nodes total:
01/20/17 16:02:35  Done     Pre   Queued    Post   Ready   Un-Ready   Failed
01/20/17 16:02:35   ===     ===      ===     ===     ===        ===      ===
01/20/17 16:02:35     0       0        0       1       0         29        0
01/20/17 16:02:35 0 job proc(s) currently held
01/20/17 16:02:35 Initializing user log writer for /home/ubuntu/wikiflow/6_wikiflow_1sh_1s_annot/dags/ubuntu/pegasus/example_workflow/20170120T160222+0000/./example_workflow-0.dag.nodes.log, (10051.0.0)
01/20/17 16:02:40 Currently monitoring 1 Condor log file(s)
01/20/17 16:02:40 Event: ULOG_POST_SCRIPT_TERMINATED for Condor Node create_dir_example_workflow_0_local (10051.0.0)
01/20/17 16:02:40 POST Script of Node create_dir_example_workflow_0_local completed successfully.
01/20/17 16:02:40 DAG status: 0 (DAG_STATUS_OK)
01/20/17 16:02:40 Of 30 nodes total:
01/20/17 16:02:40  Done     Pre   Queued    Post   Ready   Un-Ready   Failed
01/20/17 16:02:40   ===     ===      ===     ===     ===        ===      ===
01/20/17 16:02:40     1       0        0       0      10         19        0
01/20/17 16:02:40 0 job proc(s) currently held
01/20/17 16:02:45 Submitting Condor Node stage_in_local_local_0_0 job(s)...
01/20/17 16:02:45 Adding a DAGMan workflow log /home/ubuntu/wikiflow/6_wikiflow_1sh_1s_annot/dags/ubuntu/pegasus/example_workflow/20170120T160222+0000/./example_workflow-0.dag.nodes.log
01/20/17 16:02:45 Masking the events recorded in the DAGMAN workflow log
01/20/17 16:02:45 Mask for workflow log is 0,1,2,4,5,7,9,10,11,12,13,16,17,24,27
01/20/17 16:02:45 submitting: /usr/bin/condor_submit -a dag_node_name' '=' 'stage_in_local_local_0_0 -a +DAGManJobId' '=' '10050 -a DAGManJobId' '=' '10050 -a submit_event_notes' '=' 'DAG' 'Node:' 'stage_in_local_local_0_0 -a dagman_log' '=' '/home/ubuntu/wikiflow/6_wikiflow_1sh_1s_annot/dags/ubuntu/pegasus/example_workflow/20170120T160222+0000/./example_workflow-0.dag.nodes.log -a +DAGManNodesMask' '=' '"0,1,2,4,5,7,9,10,11,12,13,16,17,24,27" -a DAG_STATUS' '=' '0 -a FAILED_COUNT' '=' '0 -a +DAGParentNodeNames' '=' '"create_dir_example_workflow_0_local" -a +KeepClaimIdle' '=' '20 -a notification' '=' 'never 00/00/stage_in_local_local_0_0.sub
01/20/17 16:02:45 From submit: Submitting job(s).
01/20/17 16:02:45 From submit: 1 job(s) submitted to cluster 10052.
01/20/17 16:02:45 	assigned Condor ID (10052.0.0)
01/20/17 16:02:45 Submitting Condor Node stage_in_local_local_4_0 job(s)...
01/20/17 16:02:45 Adding a DAGMan workflow log /home/ubuntu/wikiflow/6_wikiflow_1sh_1s_annot/dags/ubuntu/pegasus/example_workflow/20170120T160222+0000/./example_workflow-0.dag.nodes.log
01/20/17 16:02:45 Masking the events recorded in the DAGMAN workflow log
01/20/17 16:02:45 Mask for workflow log is 0,1,2,4,5,7,9,10,11,12,13,16,17,24,27
01/20/17 16:02:45 submitting: /usr/bin/condor_submit -a dag_node_name' '=' 'stage_in_local_local_4_0 -a +DAGManJobId' '=' '10050 -a DAGManJobId' '=' '10050 -a submit_event_notes' '=' 'DAG' 'Node:' 'stage_in_local_local_4_0 -a dagman_log' '=' '/home/ubuntu/wikiflow/6_wikiflow_1sh_1s_annot/dags/ubuntu/pegasus/example_workflow/20170120T160222+0000/./example_workflow-0.dag.nodes.log -a +DAGManNodesMask' '=' '"0,1,2,4,5,7,9,10,11,12,13,16,17,24,27" -a DAG_STATUS' '=' '0 -a FAILED_COUNT' '=' '0 -a +DAGParentNodeNames' '=' '"create_dir_example_workflow_0_local" -a +KeepClaimIdle' '=' '20 -a notification' '=' 'never 00/00/stage_in_local_local_4_0.sub
01/20/17 16:02:45 From submit: Submitting job(s).
01/20/17 16:02:45 From submit: 1 job(s) submitted to cluster 10053.
01/20/17 16:02:45 	assigned Condor ID (10053.0.0)
01/20/17 16:02:45 Submitting Condor Node stage_in_local_local_1_0 job(s)...
01/20/17 16:02:45 Adding a DAGMan workflow log /home/ubuntu/wikiflow/6_wikiflow_1sh_1s_annot/dags/ubuntu/pegasus/example_workflow/20170120T160222+0000/./example_workflow-0.dag.nodes.log
01/20/17 16:02:45 Masking the events recorded in the DAGMAN workflow log
01/20/17 16:02:45 Mask for workflow log is 0,1,2,4,5,7,9,10,11,12,13,16,17,24,27
01/20/17 16:02:45 submitting: /usr/bin/condor_submit -a dag_node_name' '=' 'stage_in_local_local_1_0 -a +DAGManJobId' '=' '10050 -a DAGManJobId' '=' '10050 -a submit_event_notes' '=' 'DAG' 'Node:' 'stage_in_local_local_1_0 -a dagman_log' '=' '/home/ubuntu/wikiflow/6_wikiflow_1sh_1s_annot/dags/ubuntu/pegasus/example_workflow/20170120T160222+0000/./example_workflow-0.dag.nodes.log -a +DAGManNodesMask' '=' '"0,1,2,4,5,7,9,10,11,12,13,16,17,24,27" -a DAG_STATUS' '=' '0 -a FAILED_COUNT' '=' '0 -a +DAGParentNodeNames' '=' '"create_dir_example_workflow_0_local" -a +KeepClaimIdle' '=' '20 -a notification' '=' 'never 00/00/stage_in_local_local_1_0.sub
01/20/17 16:02:45 From submit: Submitting job(s).
01/20/17 16:02:45 From submit: 1 job(s) submitted to cluster 10054.
01/20/17 16:02:45 	assigned Condor ID (10054.0.0)
01/20/17 16:02:45 Submitting Condor Node stage_in_local_local_2_0 job(s)...
01/20/17 16:02:45 Adding a DAGMan workflow log /home/ubuntu/wikiflow/6_wikiflow_1sh_1s_annot/dags/ubuntu/pegasus/example_workflow/20170120T160222+0000/./example_workflow-0.dag.nodes.log
01/20/17 16:02:45 Masking the events recorded in the DAGMAN workflow log
01/20/17 16:02:45 Mask for workflow log is 0,1,2,4,5,7,9,10,11,12,13,16,17,24,27
01/20/17 16:02:45 submitting: /usr/bin/condor_submit -a dag_node_name' '=' 'stage_in_local_local_2_0 -a +DAGManJobId' '=' '10050 -a DAGManJobId' '=' '10050 -a submit_event_notes' '=' 'DAG' 'Node:' 'stage_in_local_local_2_0 -a dagman_log' '=' '/home/ubuntu/wikiflow/6_wikiflow_1sh_1s_annot/dags/ubuntu/pegasus/example_workflow/20170120T160222+0000/./example_workflow-0.dag.nodes.log -a +DAGManNodesMask' '=' '"0,1,2,4,5,7,9,10,11,12,13,16,17,24,27" -a DAG_STATUS' '=' '0 -a FAILED_COUNT' '=' '0 -a +DAGParentNodeNames' '=' '"create_dir_example_workflow_0_local" -a +KeepClaimIdle' '=' '20 -a notification' '=' 'never 00/00/stage_in_local_local_2_0.sub
01/20/17 16:02:46 From submit: Submitting job(s).
01/20/17 16:02:46 From submit: 1 job(s) submitted to cluster 10055.
01/20/17 16:02:46 	assigned Condor ID (10055.0.0)
01/20/17 16:02:46 Submitting Condor Node stage_in_local_local_2_1 job(s)...
01/20/17 16:02:46 Adding a DAGMan workflow log /home/ubuntu/wikiflow/6_wikiflow_1sh_1s_annot/dags/ubuntu/pegasus/example_workflow/20170120T160222+0000/./example_workflow-0.dag.nodes.log
01/20/17 16:02:46 Masking the events recorded in the DAGMAN workflow log
01/20/17 16:02:46 Mask for workflow log is 0,1,2,4,5,7,9,10,11,12,13,16,17,24,27
01/20/17 16:02:46 submitting: /usr/bin/condor_submit -a dag_node_name' '=' 'stage_in_local_local_2_1 -a +DAGManJobId' '=' '10050 -a DAGManJobId' '=' '10050 -a submit_event_notes' '=' 'DAG' 'Node:' 'stage_in_local_local_2_1 -a dagman_log' '=' '/home/ubuntu/wikiflow/6_wikiflow_1sh_1s_annot/dags/ubuntu/pegasus/example_workflow/20170120T160222+0000/./example_workflow-0.dag.nodes.log -a +DAGManNodesMask' '=' '"0,1,2,4,5,7,9,10,11,12,13,16,17,24,27" -a DAG_STATUS' '=' '0 -a FAILED_COUNT' '=' '0 -a +DAGParentNodeNames' '=' '"create_dir_example_workflow_0_local" -a +KeepClaimIdle' '=' '20 -a notification' '=' 'never 00/00/stage_in_local_local_2_1.sub
01/20/17 16:02:46 From submit: Submitting job(s).
01/20/17 16:02:46 From submit: 1 job(s) submitted to cluster 10056.
01/20/17 16:02:46 	assigned Condor ID (10056.0.0)
01/20/17 16:02:46 Just submitted 5 jobs this cycle...
01/20/17 16:02:46 Currently monitoring 1 Condor log file(s)
01/20/17 16:02:46 Reassigning the id of job stage_in_local_local_0_0 from (10052.0.0) to (10052.0.0)
01/20/17 16:02:46 Event: ULOG_SUBMIT for Condor Node stage_in_local_local_0_0 (10052.0.0)
01/20/17 16:02:46 Number of idle job procs: 1
01/20/17 16:02:46 Event: ULOG_EXECUTE for Condor Node stage_in_local_local_0_0 (10052.0.0)
01/20/17 16:02:46 Number of idle job procs: 0
01/20/17 16:02:46 Reassigning the id of job stage_in_local_local_4_0 from (10053.0.0) to (10053.0.0)
01/20/17 16:02:46 Event: ULOG_SUBMIT for Condor Node stage_in_local_local_4_0 (10053.0.0)
01/20/17 16:02:46 Number of idle job procs: 1
01/20/17 16:02:46 Reassigning the id of job stage_in_local_local_1_0 from (10054.0.0) to (10054.0.0)
01/20/17 16:02:46 Event: ULOG_SUBMIT for Condor Node stage_in_local_local_1_0 (10054.0.0)
01/20/17 16:02:46 Number of idle job procs: 2
01/20/17 16:02:46 Reassigning the id of job stage_in_local_local_2_0 from (10055.0.0) to (10055.0.0)
01/20/17 16:02:46 Event: ULOG_SUBMIT for Condor Node stage_in_local_local_2_0 (10055.0.0)
01/20/17 16:02:46 Number of idle job procs: 3
01/20/17 16:02:46 Reassigning the id of job stage_in_local_local_2_1 from (10056.0.0) to (10056.0.0)
01/20/17 16:02:46 Event: ULOG_SUBMIT for Condor Node stage_in_local_local_2_1 (10056.0.0)
01/20/17 16:02:46 Number of idle job procs: 4
01/20/17 16:02:46 DAG status: 0 (DAG_STATUS_OK)
01/20/17 16:02:46 Of 30 nodes total:
01/20/17 16:02:46  Done     Pre   Queued    Post   Ready   Un-Ready   Failed
01/20/17 16:02:46   ===     ===      ===     ===     ===        ===      ===
01/20/17 16:02:46     1       0        5       0       5         19        0
01/20/17 16:02:46 0 job proc(s) currently held
01/20/17 16:02:51 Submitting Condor Node stage_in_remote_local_1_0 job(s)...
01/20/17 16:02:51 Adding a DAGMan workflow log /home/ubuntu/wikiflow/6_wikiflow_1sh_1s_annot/dags/ubuntu/pegasus/example_workflow/20170120T160222+0000/./example_workflow-0.dag.nodes.log
01/20/17 16:02:51 Masking the events recorded in the DAGMAN workflow log
01/20/17 16:02:51 Mask for workflow log is 0,1,2,4,5,7,9,10,11,12,13,16,17,24,27
01/20/17 16:02:51 submitting: /usr/bin/condor_submit -a dag_node_name' '=' 'stage_in_remote_local_1_0 -a +DAGManJobId' '=' '10050 -a DAGManJobId' '=' '10050 -a submit_event_notes' '=' 'DAG' 'Node:' 'stage_in_remote_local_1_0 -a dagman_log' '=' '/home/ubuntu/wikiflow/6_wikiflow_1sh_1s_annot/dags/ubuntu/pegasus/example_workflow/20170120T160222+0000/./example_workflow-0.dag.nodes.log -a +DAGManNodesMask' '=' '"0,1,2,4,5,7,9,10,11,12,13,16,17,24,27" -a DAG_STATUS' '=' '0 -a FAILED_COUNT' '=' '0 -a +DAGParentNodeNames' '=' '"create_dir_example_workflow_0_local" -a +KeepClaimIdle' '=' '20 -a notification' '=' 'never 00/00/stage_in_remote_local_1_0.sub
01/20/17 16:02:51 From submit: Submitting job(s).
01/20/17 16:02:51 From submit: 1 job(s) submitted to cluster 10057.
01/20/17 16:02:51 	assigned Condor ID (10057.0.0)
01/20/17 16:02:51 Submitting Condor Node stage_in_local_local_3_1 job(s)...
01/20/17 16:02:51 Adding a DAGMan workflow log /home/ubuntu/wikiflow/6_wikiflow_1sh_1s_annot/dags/ubuntu/pegasus/example_workflow/20170120T160222+0000/./example_workflow-0.dag.nodes.log
01/20/17 16:02:51 Masking the events recorded in the DAGMAN workflow log
01/20/17 16:02:51 Mask for workflow log is 0,1,2,4,5,7,9,10,11,12,13,16,17,24,27
01/20/17 16:02:51 submitting: /usr/bin/condor_submit -a dag_node_name' '=' 'stage_in_local_local_3_1 -a +DAGManJobId' '=' '10050 -a DAGManJobId' '=' '10050 -a submit_event_notes' '=' 'DAG' 'Node:' 'stage_in_local_local_3_1 -a dagman_log' '=' '/home/ubuntu/wikiflow/6_wikiflow_1sh_1s_annot/dags/ubuntu/pegasus/example_workflow/20170120T160222+0000/./example_workflow-0.dag.nodes.log -a +DAGManNodesMask' '=' '"0,1,2,4,5,7,9,10,11,12,13,16,17,24,27" -a DAG_STATUS' '=' '0 -a FAILED_COUNT' '=' '0 -a +DAGParentNodeNames' '=' '"create_dir_example_workflow_0_local" -a +KeepClaimIdle' '=' '20 -a notification' '=' 'never 00/00/stage_in_local_local_3_1.sub
01/20/17 16:02:51 From submit: Submitting job(s).
01/20/17 16:02:51 From submit: 1 job(s) submitted to cluster 10058.
01/20/17 16:02:51 	assigned Condor ID (10058.0.0)
01/20/17 16:02:51 Submitting Condor Node stage_in_local_local_3_0 job(s)...
01/20/17 16:02:51 Adding a DAGMan workflow log /home/ubuntu/wikiflow/6_wikiflow_1sh_1s_annot/dags/ubuntu/pegasus/example_workflow/20170120T160222+0000/./example_workflow-0.dag.nodes.log
01/20/17 16:02:51 Masking the events recorded in the DAGMAN workflow log
01/20/17 16:02:51 Mask for workflow log is 0,1,2,4,5,7,9,10,11,12,13,16,17,24,27
01/20/17 16:02:51 submitting: /usr/bin/condor_submit -a dag_node_name' '=' 'stage_in_local_local_3_0 -a +DAGManJobId' '=' '10050 -a DAGManJobId' '=' '10050 -a submit_event_notes' '=' 'DAG' 'Node:' 'stage_in_local_local_3_0 -a dagman_log' '=' '/home/ubuntu/wikiflow/6_wikiflow_1sh_1s_annot/dags/ubuntu/pegasus/example_workflow/20170120T160222+0000/./example_workflow-0.dag.nodes.log -a +DAGManNodesMask' '=' '"0,1,2,4,5,7,9,10,11,12,13,16,17,24,27" -a DAG_STATUS' '=' '0 -a FAILED_COUNT' '=' '0 -a +DAGParentNodeNames' '=' '"create_dir_example_workflow_0_local" -a +KeepClaimIdle' '=' '20 -a notification' '=' 'never 00/00/stage_in_local_local_3_0.sub
01/20/17 16:02:51 From submit: Submitting job(s).
01/20/17 16:02:51 From submit: 1 job(s) submitted to cluster 10059.
01/20/17 16:02:51 	assigned Condor ID (10059.0.0)
01/20/17 16:02:51 Submitting Condor Node stage_in_remote_local_3_1 job(s)...
01/20/17 16:02:51 Adding a DAGMan workflow log /home/ubuntu/wikiflow/6_wikiflow_1sh_1s_annot/dags/ubuntu/pegasus/example_workflow/20170120T160222+0000/./example_workflow-0.dag.nodes.log
01/20/17 16:02:51 Masking the events recorded in the DAGMAN workflow log
01/20/17 16:02:51 Mask for workflow log is 0,1,2,4,5,7,9,10,11,12,13,16,17,24,27
01/20/17 16:02:51 submitting: /usr/bin/condor_submit -a dag_node_name' '=' 'stage_in_remote_local_3_1 -a +DAGManJobId' '=' '10050 -a DAGManJobId' '=' '10050 -a submit_event_notes' '=' 'DAG' 'Node:' 'stage_in_remote_local_3_1 -a dagman_log' '=' '/home/ubuntu/wikiflow/6_wikiflow_1sh_1s_annot/dags/ubuntu/pegasus/example_workflow/20170120T160222+0000/./example_workflow-0.dag.nodes.log -a +DAGManNodesMask' '=' '"0,1,2,4,5,7,9,10,11,12,13,16,17,24,27" -a DAG_STATUS' '=' '0 -a FAILED_COUNT' '=' '0 -a +DAGParentNodeNames' '=' '"create_dir_example_workflow_0_local" -a +KeepClaimIdle' '=' '20 -a notification' '=' 'never 00/00/stage_in_remote_local_3_1.sub
01/20/17 16:02:51 From submit: Submitting job(s).
01/20/17 16:02:51 From submit: 1 job(s) submitted to cluster 10060.
01/20/17 16:02:51 	assigned Condor ID (10060.0.0)
01/20/17 16:02:51 Submitting Condor Node stage_in_remote_local_3_0 job(s)...
01/20/17 16:02:51 Adding a DAGMan workflow log /home/ubuntu/wikiflow/6_wikiflow_1sh_1s_annot/dags/ubuntu/pegasus/example_workflow/20170120T160222+0000/./example_workflow-0.dag.nodes.log
01/20/17 16:02:51 Masking the events recorded in the DAGMAN workflow log
01/20/17 16:02:51 Mask for workflow log is 0,1,2,4,5,7,9,10,11,12,13,16,17,24,27
01/20/17 16:02:51 submitting: /usr/bin/condor_submit -a dag_node_name' '=' 'stage_in_remote_local_3_0 -a +DAGManJobId' '=' '10050 -a DAGManJobId' '=' '10050 -a submit_event_notes' '=' 'DAG' 'Node:' 'stage_in_remote_local_3_0 -a dagman_log' '=' '/home/ubuntu/wikiflow/6_wikiflow_1sh_1s_annot/dags/ubuntu/pegasus/example_workflow/20170120T160222+0000/./example_workflow-0.dag.nodes.log -a +DAGManNodesMask' '=' '"0,1,2,4,5,7,9,10,11,12,13,16,17,24,27" -a DAG_STATUS' '=' '0 -a FAILED_COUNT' '=' '0 -a +DAGParentNodeNames' '=' '"create_dir_example_workflow_0_local" -a +KeepClaimIdle' '=' '20 -a notification' '=' 'never 00/00/stage_in_remote_local_3_0.sub
01/20/17 16:02:51 From submit: Submitting job(s).
01/20/17 16:02:51 From submit: 1 job(s) submitted to cluster 10061.
01/20/17 16:02:51 	assigned Condor ID (10061.0.0)
01/20/17 16:02:51 Just submitted 5 jobs this cycle...
01/20/17 16:02:51 Currently monitoring 1 Condor log file(s)
01/20/17 16:02:51 Event: ULOG_JOB_TERMINATED for Condor Node stage_in_local_local_0_0 (10052.0.0)
01/20/17 16:02:51 Number of idle job procs: 4
01/20/17 16:02:51 Node stage_in_local_local_0_0 job proc (10052.0.0) completed successfully.
01/20/17 16:02:51 Node stage_in_local_local_0_0 job completed
01/20/17 16:02:51 Running POST script of Node stage_in_local_local_0_0...
01/20/17 16:02:51 Warning: mysin has length 0 (ignore if produced by DAGMan; see gittrac #4987, #5031)
01/20/17 16:02:51 Event: ULOG_EXECUTE for Condor Node stage_in_local_local_4_0 (10053.0.0)
01/20/17 16:02:51 Number of idle job procs: 3
01/20/17 16:02:51 Event: ULOG_EXECUTE for Condor Node stage_in_local_local_2_0 (10055.0.0)
01/20/17 16:02:51 Number of idle job procs: 2
01/20/17 16:02:51 Event: ULOG_EXECUTE for Condor Node stage_in_local_local_2_1 (10056.0.0)
01/20/17 16:02:51 Number of idle job procs: 1
01/20/17 16:02:51 Event: ULOG_EXECUTE for Condor Node stage_in_local_local_1_0 (10054.0.0)
01/20/17 16:02:51 Number of idle job procs: 0
01/20/17 16:02:51 Event: ULOG_JOB_TERMINATED for Condor Node stage_in_local_local_2_1 (10056.0.0)
01/20/17 16:02:51 Number of idle job procs: 0
01/20/17 16:02:51 Node stage_in_local_local_2_1 job proc (10056.0.0) completed successfully.
01/20/17 16:02:51 Node stage_in_local_local_2_1 job completed
01/20/17 16:02:51 Running POST script of Node stage_in_local_local_2_1...
01/20/17 16:02:51 Warning: mysin has length 0 (ignore if produced by DAGMan; see gittrac #4987, #5031)
01/20/17 16:02:51 Event: ULOG_JOB_TERMINATED for Condor Node stage_in_local_local_4_0 (10053.0.0)
01/20/17 16:02:51 Number of idle job procs: 0
01/20/17 16:02:51 Node stage_in_local_local_4_0 job proc (10053.0.0) completed successfully.
01/20/17 16:02:51 Node stage_in_local_local_4_0 job completed
01/20/17 16:02:51 Running POST script of Node stage_in_local_local_4_0...
01/20/17 16:02:51 Warning: mysin has length 0 (ignore if produced by DAGMan; see gittrac #4987, #5031)
01/20/17 16:02:51 Event: ULOG_JOB_TERMINATED for Condor Node stage_in_local_local_1_0 (10054.0.0)
01/20/17 16:02:51 Number of idle job procs: 0
01/20/17 16:02:51 Node stage_in_local_local_1_0 job proc (10054.0.0) completed successfully.
01/20/17 16:02:51 Node stage_in_local_local_1_0 job completed
01/20/17 16:02:51 Running POST script of Node stage_in_local_local_1_0...
01/20/17 16:02:51 Warning: mysin has length 0 (ignore if produced by DAGMan; see gittrac #4987, #5031)
01/20/17 16:02:51 Reassigning the id of job stage_in_remote_local_1_0 from (10057.0.0) to (10057.0.0)
01/20/17 16:02:51 Event: ULOG_SUBMIT for Condor Node stage_in_remote_local_1_0 (10057.0.0)
01/20/17 16:02:51 Number of idle job procs: 1
01/20/17 16:02:51 Reassigning the id of job stage_in_local_local_3_1 from (10058.0.0) to (10058.0.0)
01/20/17 16:02:51 Event: ULOG_SUBMIT for Condor Node stage_in_local_local_3_1 (10058.0.0)
01/20/17 16:02:51 Number of idle job procs: 2
01/20/17 16:02:51 Reassigning the id of job stage_in_local_local_3_0 from (10059.0.0) to (10059.0.0)
01/20/17 16:02:51 Event: ULOG_SUBMIT for Condor Node stage_in_local_local_3_0 (10059.0.0)
01/20/17 16:02:51 Number of idle job procs: 3
01/20/17 16:02:51 Reassigning the id of job stage_in_remote_local_3_1 from (10060.0.0) to (10060.0.0)
01/20/17 16:02:51 Event: ULOG_SUBMIT for Condor Node stage_in_remote_local_3_1 (10060.0.0)
01/20/17 16:02:51 Number of idle job procs: 4
01/20/17 16:02:51 Reassigning the id of job stage_in_remote_local_3_0 from (10061.0.0) to (10061.0.0)
01/20/17 16:02:51 Event: ULOG_SUBMIT for Condor Node stage_in_remote_local_3_0 (10061.0.0)
01/20/17 16:02:51 Number of idle job procs: 5
01/20/17 16:02:51 DAG status: 0 (DAG_STATUS_OK)
01/20/17 16:02:51 Of 30 nodes total:
01/20/17 16:02:51  Done     Pre   Queued    Post   Ready   Un-Ready   Failed
01/20/17 16:02:51   ===     ===      ===     ===     ===        ===      ===
01/20/17 16:02:51     1       0        6       4       0         19        0
01/20/17 16:02:51 0 job proc(s) currently held
01/20/17 16:02:51 Initializing user log writer for /home/ubuntu/wikiflow/6_wikiflow_1sh_1s_annot/dags/ubuntu/pegasus/example_workflow/20170120T160222+0000/./example_workflow-0.dag.nodes.log, (10056.0.0)
01/20/17 16:02:51 Initializing user log writer for /home/ubuntu/wikiflow/6_wikiflow_1sh_1s_annot/dags/ubuntu/pegasus/example_workflow/20170120T160222+0000/./example_workflow-0.dag.nodes.log, (10054.0.0)
01/20/17 16:02:51 Initializing user log writer for /home/ubuntu/wikiflow/6_wikiflow_1sh_1s_annot/dags/ubuntu/pegasus/example_workflow/20170120T160222+0000/./example_workflow-0.dag.nodes.log, (10052.0.0)
01/20/17 16:02:51 Initializing user log writer for /home/ubuntu/wikiflow/6_wikiflow_1sh_1s_annot/dags/ubuntu/pegasus/example_workflow/20170120T160222+0000/./example_workflow-0.dag.nodes.log, (10053.0.0)
01/20/17 16:02:56 Currently monitoring 1 Condor log file(s)
01/20/17 16:02:56 Event: ULOG_POST_SCRIPT_TERMINATED for Condor Node stage_in_local_local_2_1 (10056.0.0)
01/20/17 16:02:56 POST Script of Node stage_in_local_local_2_1 completed successfully.
01/20/17 16:02:56 Event: ULOG_POST_SCRIPT_TERMINATED for Condor Node stage_in_local_local_1_0 (10054.0.0)
01/20/17 16:02:56 POST Script of Node stage_in_local_local_1_0 completed successfully.
01/20/17 16:02:56 Event: ULOG_POST_SCRIPT_TERMINATED for Condor Node stage_in_local_local_0_0 (10052.0.0)
01/20/17 16:02:56 POST Script of Node stage_in_local_local_0_0 completed successfully.
01/20/17 16:02:56 Event: ULOG_POST_SCRIPT_TERMINATED for Condor Node stage_in_local_local_4_0 (10053.0.0)
01/20/17 16:02:56 POST Script of Node stage_in_local_local_4_0 completed successfully.
01/20/17 16:02:56 Event: ULOG_JOB_TERMINATED for Condor Node stage_in_local_local_2_0 (10055.0.0)
01/20/17 16:02:56 Number of idle job procs: 5
01/20/17 16:02:56 Node stage_in_local_local_2_0 job proc (10055.0.0) completed successfully.
01/20/17 16:02:56 Node stage_in_local_local_2_0 job completed
01/20/17 16:02:56 Running POST script of Node stage_in_local_local_2_0...
01/20/17 16:02:56 Warning: mysin has length 0 (ignore if produced by DAGMan; see gittrac #4987, #5031)
01/20/17 16:02:56 Event: ULOG_EXECUTE for Condor Node stage_in_local_local_3_1 (10058.0.0)
01/20/17 16:02:56 Number of idle job procs: 4
01/20/17 16:02:56 Event: ULOG_EXECUTE for Condor Node stage_in_local_local_3_0 (10059.0.0)
01/20/17 16:02:56 Number of idle job procs: 3
01/20/17 16:02:56 Event: ULOG_EXECUTE for Condor Node stage_in_remote_local_3_0 (10061.0.0)
01/20/17 16:02:56 Number of idle job procs: 2
01/20/17 16:02:56 Event: ULOG_EXECUTE for Condor Node stage_in_remote_local_1_0 (10057.0.0)
01/20/17 16:02:56 Number of idle job procs: 1
01/20/17 16:02:56 Event: ULOG_EXECUTE for Condor Node stage_in_remote_local_3_1 (10060.0.0)
01/20/17 16:02:56 Number of idle job procs: 0
01/20/17 16:02:56 Event: ULOG_JOB_TERMINATED for Condor Node stage_in_remote_local_1_0 (10057.0.0)
01/20/17 16:02:56 Number of idle job procs: 0
01/20/17 16:02:56 Node stage_in_remote_local_1_0 job proc (10057.0.0) completed successfully.
01/20/17 16:02:56 Node stage_in_remote_local_1_0 job completed
01/20/17 16:02:56 Running POST script of Node stage_in_remote_local_1_0...
01/20/17 16:02:56 Warning: mysin has length 0 (ignore if produced by DAGMan; see gittrac #4987, #5031)
01/20/17 16:02:56 Event: ULOG_JOB_TERMINATED for Condor Node stage_in_local_local_3_1 (10058.0.0)
01/20/17 16:02:56 Number of idle job procs: 0
01/20/17 16:02:56 Node stage_in_local_local_3_1 job proc (10058.0.0) completed successfully.
01/20/17 16:02:56 Node stage_in_local_local_3_1 job completed
01/20/17 16:02:56 Running POST script of Node stage_in_local_local_3_1...
01/20/17 16:02:56 Warning: mysin has length 0 (ignore if produced by DAGMan; see gittrac #4987, #5031)
01/20/17 16:02:57 Event: ULOG_JOB_TERMINATED for Condor Node stage_in_remote_local_3_1 (10060.0.0)
01/20/17 16:02:57 Number of idle job procs: 0
01/20/17 16:02:57 Node stage_in_remote_local_3_1 job proc (10060.0.0) completed successfully.
01/20/17 16:02:57 Node stage_in_remote_local_3_1 job completed
01/20/17 16:02:57 Running POST script of Node stage_in_remote_local_3_1...
01/20/17 16:02:57 Warning: mysin has length 0 (ignore if produced by DAGMan; see gittrac #4987, #5031)
01/20/17 16:02:57 DAG status: 0 (DAG_STATUS_OK)
01/20/17 16:02:57 Of 30 nodes total:
01/20/17 16:02:57  Done     Pre   Queued    Post   Ready   Un-Ready   Failed
01/20/17 16:02:57   ===     ===      ===     ===     ===        ===      ===
01/20/17 16:02:57     5       0        2       4       1         18        0
01/20/17 16:02:57 0 job proc(s) currently held
01/20/17 16:02:57 Initializing user log writer for /home/ubuntu/wikiflow/6_wikiflow_1sh_1s_annot/dags/ubuntu/pegasus/example_workflow/20170120T160222+0000/./example_workflow-0.dag.nodes.log, (10060.0.0)
01/20/17 16:02:57 Initializing user log writer for /home/ubuntu/wikiflow/6_wikiflow_1sh_1s_annot/dags/ubuntu/pegasus/example_workflow/20170120T160222+0000/./example_workflow-0.dag.nodes.log, (10055.0.0)
01/20/17 16:02:57 Initializing user log writer for /home/ubuntu/wikiflow/6_wikiflow_1sh_1s_annot/dags/ubuntu/pegasus/example_workflow/20170120T160222+0000/./example_workflow-0.dag.nodes.log, (10057.0.0)
01/20/17 16:02:57 Initializing user log writer for /home/ubuntu/wikiflow/6_wikiflow_1sh_1s_annot/dags/ubuntu/pegasus/example_workflow/20170120T160222+0000/./example_workflow-0.dag.nodes.log, (10058.0.0)
01/20/17 16:03:02 Submitting Condor Node init_0_ID0000001 job(s)...
01/20/17 16:03:02 Adding a DAGMan workflow log /home/ubuntu/wikiflow/6_wikiflow_1sh_1s_annot/dags/ubuntu/pegasus/example_workflow/20170120T160222+0000/./example_workflow-0.dag.nodes.log
01/20/17 16:03:02 Masking the events recorded in the DAGMAN workflow log
01/20/17 16:03:02 Mask for workflow log is 0,1,2,4,5,7,9,10,11,12,13,16,17,24,27
01/20/17 16:03:02 submitting: /usr/bin/condor_submit -a dag_node_name' '=' 'init_0_ID0000001 -a +DAGManJobId' '=' '10050 -a DAGManJobId' '=' '10050 -a submit_event_notes' '=' 'DAG' 'Node:' 'init_0_ID0000001 -a dagman_log' '=' '/home/ubuntu/wikiflow/6_wikiflow_1sh_1s_annot/dags/ubuntu/pegasus/example_workflow/20170120T160222+0000/./example_workflow-0.dag.nodes.log -a +DAGManNodesMask' '=' '"0,1,2,4,5,7,9,10,11,12,13,16,17,24,27" -a DAG_STATUS' '=' '0 -a FAILED_COUNT' '=' '0 -a +DAGParentNodeNames' '=' '"stage_in_local_local_0_0" -a +KeepClaimIdle' '=' '20 -a notification' '=' 'never 00/00/init_0_ID0000001.sub
01/20/17 16:03:02 From submit: Submitting job(s).
01/20/17 16:03:02 From submit: 1 job(s) submitted to cluster 10062.
01/20/17 16:03:02 	assigned Condor ID (10062.0.0)
01/20/17 16:03:02 Just submitted 1 job this cycle...
01/20/17 16:03:02 Currently monitoring 1 Condor log file(s)
01/20/17 16:03:02 Event: ULOG_POST_SCRIPT_TERMINATED for Condor Node stage_in_remote_local_3_1 (10060.0.0)
01/20/17 16:03:02 POST Script of Node stage_in_remote_local_3_1 completed successfully.
01/20/17 16:03:02 Event: ULOG_POST_SCRIPT_TERMINATED for Condor Node stage_in_local_local_2_0 (10055.0.0)
01/20/17 16:03:02 POST Script of Node stage_in_local_local_2_0 completed successfully.
01/20/17 16:03:02 Event: ULOG_POST_SCRIPT_TERMINATED for Condor Node stage_in_remote_local_1_0 (10057.0.0)
01/20/17 16:03:02 POST Script of Node stage_in_remote_local_1_0 completed successfully.
01/20/17 16:03:02 Event: ULOG_POST_SCRIPT_TERMINATED for Condor Node stage_in_local_local_3_1 (10058.0.0)
01/20/17 16:03:02 POST Script of Node stage_in_local_local_3_1 completed successfully.
01/20/17 16:03:02 Event: ULOG_JOB_TERMINATED for Condor Node stage_in_remote_local_3_0 (10061.0.0)
01/20/17 16:03:02 Number of idle job procs: 0
01/20/17 16:03:02 Node stage_in_remote_local_3_0 job proc (10061.0.0) completed successfully.
01/20/17 16:03:02 Node stage_in_remote_local_3_0 job completed
01/20/17 16:03:02 Running POST script of Node stage_in_remote_local_3_0...
01/20/17 16:03:02 Warning: mysin has length 0 (ignore if produced by DAGMan; see gittrac #4987, #5031)
01/20/17 16:03:02 Event: ULOG_JOB_TERMINATED for Condor Node stage_in_local_local_3_0 (10059.0.0)
01/20/17 16:03:02 Number of idle job procs: 0
01/20/17 16:03:02 Node stage_in_local_local_3_0 job proc (10059.0.0) completed successfully.
01/20/17 16:03:02 Node stage_in_local_local_3_0 job completed
01/20/17 16:03:02 Running POST script of Node stage_in_local_local_3_0...
01/20/17 16:03:02 Warning: mysin has length 0 (ignore if produced by DAGMan; see gittrac #4987, #5031)
01/20/17 16:03:02 Reassigning the id of job init_0_ID0000001 from (10062.0.0) to (10062.0.0)
01/20/17 16:03:02 Event: ULOG_SUBMIT for Condor Node init_0_ID0000001 (10062.0.0)
01/20/17 16:03:02 Number of idle job procs: 1
01/20/17 16:03:02 DAG status: 0 (DAG_STATUS_OK)
01/20/17 16:03:02 Of 30 nodes total:
01/20/17 16:03:02  Done     Pre   Queued    Post   Ready   Un-Ready   Failed
01/20/17 16:03:02   ===     ===      ===     ===     ===        ===      ===
01/20/17 16:03:02     9       0        1       2       0         18        0
01/20/17 16:03:02 0 job proc(s) currently held
01/20/17 16:03:02 Initializing user log writer for /home/ubuntu/wikiflow/6_wikiflow_1sh_1s_annot/dags/ubuntu/pegasus/example_workflow/20170120T160222+0000/./example_workflow-0.dag.nodes.log, (10059.0.0)
01/20/17 16:03:02 Initializing user log writer for /home/ubuntu/wikiflow/6_wikiflow_1sh_1s_annot/dags/ubuntu/pegasus/example_workflow/20170120T160222+0000/./example_workflow-0.dag.nodes.log, (10061.0.0)
01/20/17 16:03:07 Currently monitoring 1 Condor log file(s)
01/20/17 16:03:07 Event: ULOG_POST_SCRIPT_TERMINATED for Condor Node stage_in_local_local_3_0 (10059.0.0)
01/20/17 16:03:07 POST Script of Node stage_in_local_local_3_0 completed successfully.
01/20/17 16:03:07 Event: ULOG_POST_SCRIPT_TERMINATED for Condor Node stage_in_remote_local_3_0 (10061.0.0)
01/20/17 16:03:07 POST Script of Node stage_in_remote_local_3_0 completed successfully.
01/20/17 16:03:07 Event: ULOG_EXECUTE for Condor Node init_0_ID0000001 (10062.0.0)
01/20/17 16:03:07 Number of idle job procs: 0
01/20/17 16:03:07 DAG status: 0 (DAG_STATUS_OK)
01/20/17 16:03:07 Of 30 nodes total:
01/20/17 16:03:07  Done     Pre   Queued    Post   Ready   Un-Ready   Failed
01/20/17 16:03:07   ===     ===      ===     ===     ===        ===      ===
01/20/17 16:03:07    11       0        1       0       0         18        0
01/20/17 16:03:07 0 job proc(s) currently held
01/20/17 16:08:48 Currently monitoring 1 Condor log file(s)
01/20/17 16:08:48 Event: ULOG_JOB_TERMINATED for Condor Node init_0_ID0000001 (10062.0.0)
01/20/17 16:08:48 Number of idle job procs: 0
01/20/17 16:08:48 Node init_0_ID0000001 job proc (10062.0.0) completed successfully.
01/20/17 16:08:48 Node init_0_ID0000001 job completed
01/20/17 16:08:48 Running POST script of Node init_0_ID0000001...
01/20/17 16:08:48 Warning: mysin has length 0 (ignore if produced by DAGMan; see gittrac #4987, #5031)
01/20/17 16:08:48 DAG status: 0 (DAG_STATUS_OK)
01/20/17 16:08:48 Of 30 nodes total:
01/20/17 16:08:48  Done     Pre   Queued    Post   Ready   Un-Ready   Failed
01/20/17 16:08:48   ===     ===      ===     ===     ===        ===      ===
01/20/17 16:08:48    11       0        0       1       0         18        0
01/20/17 16:08:48 0 job proc(s) currently held
01/20/17 16:08:48 Initializing user log writer for /home/ubuntu/wikiflow/6_wikiflow_1sh_1s_annot/dags/ubuntu/pegasus/example_workflow/20170120T160222+0000/./example_workflow-0.dag.nodes.log, (10062.0.0)
01/20/17 16:08:53 Currently monitoring 1 Condor log file(s)
01/20/17 16:08:53 Event: ULOG_POST_SCRIPT_TERMINATED for Condor Node init_0_ID0000001 (10062.0.0)
01/20/17 16:08:53 POST Script of Node init_0_ID0000001 completed successfully.
01/20/17 16:08:53 DAG status: 0 (DAG_STATUS_OK)
01/20/17 16:08:53 Of 30 nodes total:
01/20/17 16:08:53  Done     Pre   Queued    Post   Ready   Un-Ready   Failed
01/20/17 16:08:53   ===     ===      ===     ===     ===        ===      ===
01/20/17 16:08:53    12       0        0       0       2         16        0
01/20/17 16:08:53 0 job proc(s) currently held
01/20/17 16:08:58 Submitting Condor Node clean_up_local_level_3_0 job(s)...
01/20/17 16:08:58 Adding a DAGMan workflow log /home/ubuntu/wikiflow/6_wikiflow_1sh_1s_annot/dags/ubuntu/pegasus/example_workflow/20170120T160222+0000/./example_workflow-0.dag.nodes.log
01/20/17 16:08:58 Masking the events recorded in the DAGMAN workflow log
01/20/17 16:08:58 Mask for workflow log is 0,1,2,4,5,7,9,10,11,12,13,16,17,24,27
01/20/17 16:08:58 submitting: /usr/bin/condor_submit -a dag_node_name' '=' 'clean_up_local_level_3_0 -a +DAGManJobId' '=' '10050 -a DAGManJobId' '=' '10050 -a submit_event_notes' '=' 'DAG' 'Node:' 'clean_up_local_level_3_0 -a dagman_log' '=' '/home/ubuntu/wikiflow/6_wikiflow_1sh_1s_annot/dags/ubuntu/pegasus/example_workflow/20170120T160222+0000/./example_workflow-0.dag.nodes.log -a +DAGManNodesMask' '=' '"0,1,2,4,5,7,9,10,11,12,13,16,17,24,27" -a DAG_STATUS' '=' '0 -a FAILED_COUNT' '=' '0 -a +DAGParentNodeNames' '=' '"init_0_ID0000001" -a +KeepClaimIdle' '=' '20 -a notification' '=' 'never 00/00/clean_up_local_level_3_0.sub
01/20/17 16:08:58 From submit: Submitting job(s).
01/20/17 16:08:58 From submit: 1 job(s) submitted to cluster 10063.
01/20/17 16:08:58 	assigned Condor ID (10063.0.0)
01/20/17 16:08:58 Submitting Condor Node computeusergroup_0_ID0000002 job(s)...
01/20/17 16:08:58 Adding a DAGMan workflow log /home/ubuntu/wikiflow/6_wikiflow_1sh_1s_annot/dags/ubuntu/pegasus/example_workflow/20170120T160222+0000/./example_workflow-0.dag.nodes.log
01/20/17 16:08:58 Masking the events recorded in the DAGMAN workflow log
01/20/17 16:08:58 Mask for workflow log is 0,1,2,4,5,7,9,10,11,12,13,16,17,24,27
01/20/17 16:08:58 submitting: /usr/bin/condor_submit -a dag_node_name' '=' 'computeusergroup_0_ID0000002 -a +DAGManJobId' '=' '10050 -a DAGManJobId' '=' '10050 -a submit_event_notes' '=' 'DAG' 'Node:' 'computeusergroup_0_ID0000002 -a dagman_log' '=' '/home/ubuntu/wikiflow/6_wikiflow_1sh_1s_annot/dags/ubuntu/pegasus/example_workflow/20170120T160222+0000/./example_workflow-0.dag.nodes.log -a +DAGManNodesMask' '=' '"0,1,2,4,5,7,9,10,11,12,13,16,17,24,27" -a DAG_STATUS' '=' '0 -a FAILED_COUNT' '=' '0 -a +DAGParentNodeNames' '=' '"stage_in_local_local_1_0,stage_in_remote_local_1_0,init_0_ID0000001" -a +KeepClaimIdle' '=' '20 -a notification' '=' 'never 00/00/computeusergroup_0_ID0000002.sub
01/20/17 16:08:58 From submit: Submitting job(s).
01/20/17 16:08:58 From submit: 1 job(s) submitted to cluster 10064.
01/20/17 16:08:58 	assigned Condor ID (10064.0.0)
01/20/17 16:08:58 Just submitted 2 jobs this cycle...
01/20/17 16:08:58 Currently monitoring 1 Condor log file(s)
01/20/17 16:08:58 Reassigning the id of job clean_up_local_level_3_0 from (10063.0.0) to (10063.0.0)
01/20/17 16:08:58 Event: ULOG_SUBMIT for Condor Node clean_up_local_level_3_0 (10063.0.0)
01/20/17 16:08:58 Number of idle job procs: 1
01/20/17 16:08:58 Event: ULOG_EXECUTE for Condor Node clean_up_local_level_3_0 (10063.0.0)
01/20/17 16:08:58 Number of idle job procs: 0
01/20/17 16:08:58 Reassigning the id of job computeusergroup_0_ID0000002 from (10064.0.0) to (10064.0.0)
01/20/17 16:08:58 Event: ULOG_SUBMIT for Condor Node computeusergroup_0_ID0000002 (10064.0.0)
01/20/17 16:08:58 Number of idle job procs: 1
01/20/17 16:08:58 DAG status: 0 (DAG_STATUS_OK)
01/20/17 16:08:58 Of 30 nodes total:
01/20/17 16:08:58  Done     Pre   Queued    Post   Ready   Un-Ready   Failed
01/20/17 16:08:58   ===     ===      ===     ===     ===        ===      ===
01/20/17 16:08:58    12       0        2       0       0         16        0
01/20/17 16:08:58 0 job proc(s) currently held
01/20/17 16:09:03 Currently monitoring 1 Condor log file(s)
01/20/17 16:09:03 Event: ULOG_EXECUTE for Condor Node computeusergroup_0_ID0000002 (10064.0.0)
01/20/17 16:09:03 Number of idle job procs: 0
01/20/17 16:09:03 Event: ULOG_JOB_TERMINATED for Condor Node clean_up_local_level_3_0 (10063.0.0)
01/20/17 16:09:03 Number of idle job procs: 0
01/20/17 16:09:03 Node clean_up_local_level_3_0 job proc (10063.0.0) completed successfully.
01/20/17 16:09:03 Node clean_up_local_level_3_0 job completed
01/20/17 16:09:03 Running POST script of Node clean_up_local_level_3_0...
01/20/17 16:09:03 Warning: mysin has length 0 (ignore if produced by DAGMan; see gittrac #4987, #5031)
01/20/17 16:09:03 DAG status: 0 (DAG_STATUS_OK)
01/20/17 16:09:03 Of 30 nodes total:
01/20/17 16:09:03  Done     Pre   Queued    Post   Ready   Un-Ready   Failed
01/20/17 16:09:03   ===     ===      ===     ===     ===        ===      ===
01/20/17 16:09:03    12       0        1       1       0         16        0
01/20/17 16:09:03 0 job proc(s) currently held
01/20/17 16:09:03 Initializing user log writer for /home/ubuntu/wikiflow/6_wikiflow_1sh_1s_annot/dags/ubuntu/pegasus/example_workflow/20170120T160222+0000/./example_workflow-0.dag.nodes.log, (10063.0.0)
01/20/17 16:09:08 Currently monitoring 1 Condor log file(s)
01/20/17 16:09:08 Event: ULOG_POST_SCRIPT_TERMINATED for Condor Node clean_up_local_level_3_0 (10063.0.0)
01/20/17 16:09:08 POST Script of Node clean_up_local_level_3_0 completed successfully.
01/20/17 16:09:08 DAG status: 0 (DAG_STATUS_OK)
01/20/17 16:09:08 Of 30 nodes total:
01/20/17 16:09:08  Done     Pre   Queued    Post   Ready   Un-Ready   Failed
01/20/17 16:09:08   ===     ===      ===     ===     ===        ===      ===
01/20/17 16:09:08    13       0        1       0       0         16        0
01/20/17 16:09:08 0 job proc(s) currently held
01/20/17 16:19:09 601 seconds since last log event
01/20/17 16:19:09 Pending DAG nodes:
01/20/17 16:19:09   Node computeusergroup_0_ID0000002, Condor ID 10064, status STATUS_SUBMITTED
01/20/17 16:29:10 1202 seconds since last log event
01/20/17 16:29:10 Pending DAG nodes:
01/20/17 16:29:10   Node computeusergroup_0_ID0000002, Condor ID 10064, status STATUS_SUBMITTED
01/20/17 16:39:10 1802 seconds since last log event
01/20/17 16:39:10 Pending DAG nodes:
01/20/17 16:39:10   Node computeusergroup_0_ID0000002, Condor ID 10064, status STATUS_SUBMITTED
01/20/17 16:49:11 2403 seconds since last log event
01/20/17 16:49:11 Pending DAG nodes:
01/20/17 16:49:11   Node computeusergroup_0_ID0000002, Condor ID 10064, status STATUS_SUBMITTED
01/20/17 16:59:11 3003 seconds since last log event
01/20/17 16:59:11 Pending DAG nodes:
01/20/17 16:59:11   Node computeusergroup_0_ID0000002, Condor ID 10064, status STATUS_SUBMITTED
01/20/17 17:04:27 Currently monitoring 1 Condor log file(s)
01/20/17 17:04:27 Event: ULOG_JOB_TERMINATED for Condor Node computeusergroup_0_ID0000002 (10064.0.0)
01/20/17 17:04:27 Number of idle job procs: 0
01/20/17 17:04:27 Node computeusergroup_0_ID0000002 job proc (10064.0.0) completed successfully.
01/20/17 17:04:27 Node computeusergroup_0_ID0000002 job completed
01/20/17 17:04:27 Running POST script of Node computeusergroup_0_ID0000002...
01/20/17 17:04:27 Warning: mysin has length 0 (ignore if produced by DAGMan; see gittrac #4987, #5031)
01/20/17 17:04:27 DAG status: 0 (DAG_STATUS_OK)
01/20/17 17:04:27 Of 30 nodes total:
01/20/17 17:04:27  Done     Pre   Queued    Post   Ready   Un-Ready   Failed
01/20/17 17:04:27   ===     ===      ===     ===     ===        ===      ===
01/20/17 17:04:27    13       0        0       1       0         16        0
01/20/17 17:04:27 0 job proc(s) currently held
01/20/17 17:04:27 Initializing user log writer for /home/ubuntu/wikiflow/6_wikiflow_1sh_1s_annot/dags/ubuntu/pegasus/example_workflow/20170120T160222+0000/./example_workflow-0.dag.nodes.log, (10064.0.0)
01/20/17 17:04:32 Currently monitoring 1 Condor log file(s)
01/20/17 17:04:32 Event: ULOG_POST_SCRIPT_TERMINATED for Condor Node computeusergroup_0_ID0000002 (10064.0.0)
01/20/17 17:04:32 POST Script of Node computeusergroup_0_ID0000002 completed successfully.
01/20/17 17:04:32 DAG status: 0 (DAG_STATUS_OK)
01/20/17 17:04:32 Of 30 nodes total:
01/20/17 17:04:32  Done     Pre   Queued    Post   Ready   Un-Ready   Failed
01/20/17 17:04:32   ===     ===      ===     ===     ===        ===      ===
01/20/17 17:04:32    14       0        0       0       6         10        0
01/20/17 17:04:32 0 job proc(s) currently held
01/20/17 17:04:37 Submitting Condor Node clean_up_local_level_4_0 job(s)...
01/20/17 17:04:37 Adding a DAGMan workflow log /home/ubuntu/wikiflow/6_wikiflow_1sh_1s_annot/dags/ubuntu/pegasus/example_workflow/20170120T160222+0000/./example_workflow-0.dag.nodes.log
01/20/17 17:04:37 Masking the events recorded in the DAGMAN workflow log
01/20/17 17:04:37 Mask for workflow log is 0,1,2,4,5,7,9,10,11,12,13,16,17,24,27
01/20/17 17:04:37 submitting: /usr/bin/condor_submit -a dag_node_name' '=' 'clean_up_local_level_4_0 -a +DAGManJobId' '=' '10050 -a DAGManJobId' '=' '10050 -a submit_event_notes' '=' 'DAG' 'Node:' 'clean_up_local_level_4_0 -a dagman_log' '=' '/home/ubuntu/wikiflow/6_wikiflow_1sh_1s_annot/dags/ubuntu/pegasus/example_workflow/20170120T160222+0000/./example_workflow-0.dag.nodes.log -a +DAGManNodesMask' '=' '"0,1,2,4,5,7,9,10,11,12,13,16,17,24,27" -a DAG_STATUS' '=' '0 -a FAILED_COUNT' '=' '0 -a +DAGParentNodeNames' '=' '"computeusergroup_0_ID0000002" -a +KeepClaimIdle' '=' '20 -a notification' '=' 'never 00/00/clean_up_local_level_4_0.sub
01/20/17 17:04:37 From submit: Submitting job(s).
01/20/17 17:04:37 From submit: 1 job(s) submitted to cluster 10065.
01/20/17 17:04:37 	assigned Condor ID (10065.0.0)
01/20/17 17:04:37 Submitting Condor Node sessioncompute_1_ID0000004 job(s)...
01/20/17 17:04:37 Adding a DAGMan workflow log /home/ubuntu/wikiflow/6_wikiflow_1sh_1s_annot/dags/ubuntu/pegasus/example_workflow/20170120T160222+0000/./example_workflow-0.dag.nodes.log
01/20/17 17:04:37 Masking the events recorded in the DAGMAN workflow log
01/20/17 17:04:37 Mask for workflow log is 0,1,2,4,5,7,9,10,11,12,13,16,17,24,27
01/20/17 17:04:37 submitting: /usr/bin/condor_submit -a dag_node_name' '=' 'sessioncompute_1_ID0000004 -a +DAGManJobId' '=' '10050 -a DAGManJobId' '=' '10050 -a submit_event_notes' '=' 'DAG' 'Node:' 'sessioncompute_1_ID0000004 -a dagman_log' '=' '/home/ubuntu/wikiflow/6_wikiflow_1sh_1s_annot/dags/ubuntu/pegasus/example_workflow/20170120T160222+0000/./example_workflow-0.dag.nodes.log -a +DAGManNodesMask' '=' '"0,1,2,4,5,7,9,10,11,12,13,16,17,24,27" -a DAG_STATUS' '=' '0 -a FAILED_COUNT' '=' '0 -a +DAGParentNodeNames' '=' '"stage_in_local_local_2_0,computeusergroup_0_ID0000002" -a +KeepClaimIdle' '=' '20 -a notification' '=' 'never 00/00/sessioncompute_1_ID0000004.sub
01/20/17 17:04:37 From submit: Submitting job(s).
01/20/17 17:04:37 From submit: 1 job(s) submitted to cluster 10066.
01/20/17 17:04:37 	assigned Condor ID (10066.0.0)
01/20/17 17:04:37 Submitting Condor Node stage_out_local_local_1_0 job(s)...
01/20/17 17:04:37 Adding a DAGMan workflow log /home/ubuntu/wikiflow/6_wikiflow_1sh_1s_annot/dags/ubuntu/pegasus/example_workflow/20170120T160222+0000/./example_workflow-0.dag.nodes.log
01/20/17 17:04:37 Masking the events recorded in the DAGMAN workflow log
01/20/17 17:04:37 Mask for workflow log is 0,1,2,4,5,7,9,10,11,12,13,16,17,24,27
01/20/17 17:04:37 submitting: /usr/bin/condor_submit -a dag_node_name' '=' 'stage_out_local_local_1_0 -a +DAGManJobId' '=' '10050 -a DAGManJobId' '=' '10050 -a submit_event_notes' '=' 'DAG' 'Node:' 'stage_out_local_local_1_0 -a dagman_log' '=' '/home/ubuntu/wikiflow/6_wikiflow_1sh_1s_annot/dags/ubuntu/pegasus/example_workflow/20170120T160222+0000/./example_workflow-0.dag.nodes.log -a +DAGManNodesMask' '=' '"0,1,2,4,5,7,9,10,11,12,13,16,17,24,27" -a DAG_STATUS' '=' '0 -a FAILED_COUNT' '=' '0 -a +DAGParentNodeNames' '=' '"computeusergroup_0_ID0000002" -a +KeepClaimIdle' '=' '20 -a notification' '=' 'never 00/00/stage_out_local_local_1_0.sub
01/20/17 17:04:37 From submit: Submitting job(s).
01/20/17 17:04:37 From submit: 1 job(s) submitted to cluster 10067.
01/20/17 17:04:37 	assigned Condor ID (10067.0.0)
01/20/17 17:04:37 Submitting Condor Node stage_out_local_local_1_1 job(s)...
01/20/17 17:04:37 Adding a DAGMan workflow log /home/ubuntu/wikiflow/6_wikiflow_1sh_1s_annot/dags/ubuntu/pegasus/example_workflow/20170120T160222+0000/./example_workflow-0.dag.nodes.log
01/20/17 17:04:37 Masking the events recorded in the DAGMAN workflow log
01/20/17 17:04:37 Mask for workflow log is 0,1,2,4,5,7,9,10,11,12,13,16,17,24,27
01/20/17 17:04:37 submitting: /usr/bin/condor_submit -a dag_node_name' '=' 'stage_out_local_local_1_1 -a +DAGManJobId' '=' '10050 -a DAGManJobId' '=' '10050 -a submit_event_notes' '=' 'DAG' 'Node:' 'stage_out_local_local_1_1 -a dagman_log' '=' '/home/ubuntu/wikiflow/6_wikiflow_1sh_1s_annot/dags/ubuntu/pegasus/example_workflow/20170120T160222+0000/./example_workflow-0.dag.nodes.log -a +DAGManNodesMask' '=' '"0,1,2,4,5,7,9,10,11,12,13,16,17,24,27" -a DAG_STATUS' '=' '0 -a FAILED_COUNT' '=' '0 -a +DAGParentNodeNames' '=' '"computeusergroup_0_ID0000002" -a +KeepClaimIdle' '=' '20 -a notification' '=' 'never 00/00/stage_out_local_local_1_1.sub
01/20/17 17:04:37 From submit: Submitting job(s).
01/20/17 17:04:37 From submit: 1 job(s) submitted to cluster 10068.
01/20/17 17:04:37 	assigned Condor ID (10068.0.0)
01/20/17 17:04:37 Submitting Condor Node sessioncompute_0_ID0000003 job(s)...
01/20/17 17:04:37 Adding a DAGMan workflow log /home/ubuntu/wikiflow/6_wikiflow_1sh_1s_annot/dags/ubuntu/pegasus/example_workflow/20170120T160222+0000/./example_workflow-0.dag.nodes.log
01/20/17 17:04:37 Masking the events recorded in the DAGMAN workflow log
01/20/17 17:04:37 Mask for workflow log is 0,1,2,4,5,7,9,10,11,12,13,16,17,24,27
01/20/17 17:04:37 submitting: /usr/bin/condor_submit -a dag_node_name' '=' 'sessioncompute_0_ID0000003 -a +DAGManJobId' '=' '10050 -a DAGManJobId' '=' '10050 -a submit_event_notes' '=' 'DAG' 'Node:' 'sessioncompute_0_ID0000003 -a dagman_log' '=' '/home/ubuntu/wikiflow/6_wikiflow_1sh_1s_annot/dags/ubuntu/pegasus/example_workflow/20170120T160222+0000/./example_workflow-0.dag.nodes.log -a +DAGManNodesMask' '=' '"0,1,2,4,5,7,9,10,11,12,13,16,17,24,27" -a DAG_STATUS' '=' '0 -a FAILED_COUNT' '=' '0 -a +DAGParentNodeNames' '=' '"stage_in_local_local_2_1,computeusergroup_0_ID0000002" -a +KeepClaimIdle' '=' '20 -a notification' '=' 'never 00/00/sessioncompute_0_ID0000003.sub
01/20/17 17:04:38 From submit: Submitting job(s).
01/20/17 17:04:38 From submit: 1 job(s) submitted to cluster 10069.
01/20/17 17:04:38 	assigned Condor ID (10069.0.0)
01/20/17 17:04:38 Just submitted 5 jobs this cycle...
01/20/17 17:04:38 Currently monitoring 1 Condor log file(s)
01/20/17 17:04:38 Reassigning the id of job clean_up_local_level_4_0 from (10065.0.0) to (10065.0.0)
01/20/17 17:04:38 Event: ULOG_SUBMIT for Condor Node clean_up_local_level_4_0 (10065.0.0)
01/20/17 17:04:38 Number of idle job procs: 1
01/20/17 17:04:38 Event: ULOG_EXECUTE for Condor Node clean_up_local_level_4_0 (10065.0.0)
01/20/17 17:04:38 Number of idle job procs: 0
01/20/17 17:04:38 Reassigning the id of job sessioncompute_1_ID0000004 from (10066.0.0) to (10066.0.0)
01/20/17 17:04:38 Event: ULOG_SUBMIT for Condor Node sessioncompute_1_ID0000004 (10066.0.0)
01/20/17 17:04:38 Number of idle job procs: 1
01/20/17 17:04:38 Reassigning the id of job stage_out_local_local_1_0 from (10067.0.0) to (10067.0.0)
01/20/17 17:04:38 Event: ULOG_SUBMIT for Condor Node stage_out_local_local_1_0 (10067.0.0)
01/20/17 17:04:38 Number of idle job procs: 2
01/20/17 17:04:38 Reassigning the id of job stage_out_local_local_1_1 from (10068.0.0) to (10068.0.0)
01/20/17 17:04:38 Event: ULOG_SUBMIT for Condor Node stage_out_local_local_1_1 (10068.0.0)
01/20/17 17:04:38 Number of idle job procs: 3
01/20/17 17:04:38 Reassigning the id of job sessioncompute_0_ID0000003 from (10069.0.0) to (10069.0.0)
01/20/17 17:04:38 Event: ULOG_SUBMIT for Condor Node sessioncompute_0_ID0000003 (10069.0.0)
01/20/17 17:04:38 Number of idle job procs: 4
01/20/17 17:04:38 DAG status: 0 (DAG_STATUS_OK)
01/20/17 17:04:38 Of 30 nodes total:
01/20/17 17:04:38  Done     Pre   Queued    Post   Ready   Un-Ready   Failed
01/20/17 17:04:38   ===     ===      ===     ===     ===        ===      ===
01/20/17 17:04:38    14       0        5       0       1         10        0
01/20/17 17:04:38 0 job proc(s) currently held
01/20/17 17:04:43 Submitting Condor Node sessioncompute_2_ID0000005 job(s)...
01/20/17 17:04:43 Adding a DAGMan workflow log /home/ubuntu/wikiflow/6_wikiflow_1sh_1s_annot/dags/ubuntu/pegasus/example_workflow/20170120T160222+0000/./example_workflow-0.dag.nodes.log
01/20/17 17:04:43 Masking the events recorded in the DAGMAN workflow log
01/20/17 17:04:43 Mask for workflow log is 0,1,2,4,5,7,9,10,11,12,13,16,17,24,27
01/20/17 17:04:43 submitting: /usr/bin/condor_submit -a dag_node_name' '=' 'sessioncompute_2_ID0000005 -a +DAGManJobId' '=' '10050 -a DAGManJobId' '=' '10050 -a submit_event_notes' '=' 'DAG' 'Node:' 'sessioncompute_2_ID0000005 -a dagman_log' '=' '/home/ubuntu/wikiflow/6_wikiflow_1sh_1s_annot/dags/ubuntu/pegasus/example_workflow/20170120T160222+0000/./example_workflow-0.dag.nodes.log -a +DAGManNodesMask' '=' '"0,1,2,4,5,7,9,10,11,12,13,16,17,24,27" -a DAG_STATUS' '=' '0 -a FAILED_COUNT' '=' '0 -a +DAGParentNodeNames' '=' '"stage_in_local_local_2_0,computeusergroup_0_ID0000002" -a +KeepClaimIdle' '=' '20 -a notification' '=' 'never 00/00/sessioncompute_2_ID0000005.sub
01/20/17 17:04:43 From submit: Submitting job(s).
01/20/17 17:04:43 From submit: 1 job(s) submitted to cluster 10070.
01/20/17 17:04:43 	assigned Condor ID (10070.0.0)
01/20/17 17:04:43 Just submitted 1 job this cycle...
01/20/17 17:04:43 Currently monitoring 1 Condor log file(s)
01/20/17 17:04:43 Event: ULOG_JOB_TERMINATED for Condor Node clean_up_local_level_4_0 (10065.0.0)
01/20/17 17:04:43 Number of idle job procs: 4
01/20/17 17:04:43 Node clean_up_local_level_4_0 job proc (10065.0.0) completed successfully.
01/20/17 17:04:43 Node clean_up_local_level_4_0 job completed
01/20/17 17:04:43 Running POST script of Node clean_up_local_level_4_0...
01/20/17 17:04:43 Warning: mysin has length 0 (ignore if produced by DAGMan; see gittrac #4987, #5031)
01/20/17 17:04:43 Event: ULOG_EXECUTE for Condor Node stage_out_local_local_1_0 (10067.0.0)
01/20/17 17:04:43 Number of idle job procs: 3
01/20/17 17:04:43 Event: ULOG_EXECUTE for Condor Node stage_out_local_local_1_1 (10068.0.0)
01/20/17 17:04:43 Number of idle job procs: 2
01/20/17 17:04:43 Reassigning the id of job sessioncompute_2_ID0000005 from (10070.0.0) to (10070.0.0)
01/20/17 17:04:43 Event: ULOG_SUBMIT for Condor Node sessioncompute_2_ID0000005 (10070.0.0)
01/20/17 17:04:43 Number of idle job procs: 3
01/20/17 17:04:43 DAG status: 0 (DAG_STATUS_OK)
01/20/17 17:04:43 Of 30 nodes total:
01/20/17 17:04:43  Done     Pre   Queued    Post   Ready   Un-Ready   Failed
01/20/17 17:04:43   ===     ===      ===     ===     ===        ===      ===
01/20/17 17:04:43    14       0        5       1       0         10        0
01/20/17 17:04:43 0 job proc(s) currently held
01/20/17 17:04:43 Initializing user log writer for /home/ubuntu/wikiflow/6_wikiflow_1sh_1s_annot/dags/ubuntu/pegasus/example_workflow/20170120T160222+0000/./example_workflow-0.dag.nodes.log, (10065.0.0)
01/20/17 17:04:48 Currently monitoring 1 Condor log file(s)
01/20/17 17:04:48 Event: ULOG_POST_SCRIPT_TERMINATED for Condor Node clean_up_local_level_4_0 (10065.0.0)
01/20/17 17:04:48 POST Script of Node clean_up_local_level_4_0 completed successfully.
01/20/17 17:04:48 Event: ULOG_JOB_TERMINATED for Condor Node stage_out_local_local_1_1 (10068.0.0)
01/20/17 17:04:48 Number of idle job procs: 3
01/20/17 17:04:48 Node stage_out_local_local_1_1 job proc (10068.0.0) completed successfully.
01/20/17 17:04:48 Node stage_out_local_local_1_1 job completed
01/20/17 17:04:48 Running POST script of Node stage_out_local_local_1_1...
01/20/17 17:04:48 Warning: mysin has length 0 (ignore if produced by DAGMan; see gittrac #4987, #5031)
01/20/17 17:04:48 Event: ULOG_JOB_TERMINATED for Condor Node stage_out_local_local_1_0 (10067.0.0)
01/20/17 17:04:48 Number of idle job procs: 3
01/20/17 17:04:48 Node stage_out_local_local_1_0 job proc (10067.0.0) completed successfully.
01/20/17 17:04:48 Node stage_out_local_local_1_0 job completed
01/20/17 17:04:48 Running POST script of Node stage_out_local_local_1_0...
01/20/17 17:04:48 Warning: mysin has length 0 (ignore if produced by DAGMan; see gittrac #4987, #5031)
01/20/17 17:04:48 DAG status: 0 (DAG_STATUS_OK)
01/20/17 17:04:48 Of 30 nodes total:
01/20/17 17:04:48  Done     Pre   Queued    Post   Ready   Un-Ready   Failed
01/20/17 17:04:48   ===     ===      ===     ===     ===        ===      ===
01/20/17 17:04:48    15       0        3       2       0         10        0
01/20/17 17:04:48 0 job proc(s) currently held
01/20/17 17:04:48 Initializing user log writer for /home/ubuntu/wikiflow/6_wikiflow_1sh_1s_annot/dags/ubuntu/pegasus/example_workflow/20170120T160222+0000/./example_workflow-0.dag.nodes.log, (10068.0.0)
01/20/17 17:04:48 Initializing user log writer for /home/ubuntu/wikiflow/6_wikiflow_1sh_1s_annot/dags/ubuntu/pegasus/example_workflow/20170120T160222+0000/./example_workflow-0.dag.nodes.log, (10067.0.0)
01/20/17 17:04:53 Currently monitoring 1 Condor log file(s)
01/20/17 17:04:53 Event: ULOG_POST_SCRIPT_TERMINATED for Condor Node stage_out_local_local_1_1 (10068.0.0)
01/20/17 17:04:53 POST Script of Node stage_out_local_local_1_1 completed successfully.
01/20/17 17:04:53 Event: ULOG_POST_SCRIPT_TERMINATED for Condor Node stage_out_local_local_1_0 (10067.0.0)
01/20/17 17:04:53 POST Script of Node stage_out_local_local_1_0 completed successfully.
01/20/17 17:04:53 DAG status: 0 (DAG_STATUS_OK)
01/20/17 17:04:53 Of 30 nodes total:
01/20/17 17:04:53  Done     Pre   Queued    Post   Ready   Un-Ready   Failed
01/20/17 17:04:53   ===     ===      ===     ===     ===        ===      ===
01/20/17 17:04:53    17       0        3       0       0         10        0
01/20/17 17:04:53 0 job proc(s) currently held
01/20/17 17:04:58 Currently monitoring 1 Condor log file(s)
01/20/17 17:04:58 Event: ULOG_EXECUTE for Condor Node sessioncompute_2_ID0000005 (10070.0.0)
01/20/17 17:04:58 Number of idle job procs: 2
01/20/17 17:04:58 Event: ULOG_EXECUTE for Condor Node sessioncompute_0_ID0000003 (10069.0.0)
01/20/17 17:04:58 Number of idle job procs: 1
01/20/17 17:04:58 Event: ULOG_EXECUTE for Condor Node sessioncompute_1_ID0000004 (10066.0.0)
01/20/17 17:04:58 Number of idle job procs: 0
01/20/17 17:11:23 Currently monitoring 1 Condor log file(s)
01/20/17 17:11:23 Event: ULOG_JOB_TERMINATED for Condor Node sessioncompute_0_ID0000003 (10069.0.0)
01/20/17 17:11:23 Number of idle job procs: 0
01/20/17 17:11:23 Node sessioncompute_0_ID0000003 job proc (10069.0.0) completed successfully.
01/20/17 17:11:23 Node sessioncompute_0_ID0000003 job completed
01/20/17 17:11:23 Running POST script of Node sessioncompute_0_ID0000003...
01/20/17 17:11:23 Warning: mysin has length 0 (ignore if produced by DAGMan; see gittrac #4987, #5031)
01/20/17 17:11:23 Event: ULOG_JOB_TERMINATED for Condor Node sessioncompute_2_ID0000005 (10070.0.0)
01/20/17 17:11:23 Number of idle job procs: 0
01/20/17 17:11:23 Node sessioncompute_2_ID0000005 job proc (10070.0.0) completed successfully.
01/20/17 17:11:23 Node sessioncompute_2_ID0000005 job completed
01/20/17 17:11:23 Running POST script of Node sessioncompute_2_ID0000005...
01/20/17 17:11:23 Warning: mysin has length 0 (ignore if produced by DAGMan; see gittrac #4987, #5031)
01/20/17 17:11:23 DAG status: 0 (DAG_STATUS_OK)
01/20/17 17:11:23 Of 30 nodes total:
01/20/17 17:11:23  Done     Pre   Queued    Post   Ready   Un-Ready   Failed
01/20/17 17:11:23   ===     ===      ===     ===     ===        ===      ===
01/20/17 17:11:23    17       0        1       2       0         10        0
01/20/17 17:11:23 0 job proc(s) currently held
01/20/17 17:11:23 Initializing user log writer for /home/ubuntu/wikiflow/6_wikiflow_1sh_1s_annot/dags/ubuntu/pegasus/example_workflow/20170120T160222+0000/./example_workflow-0.dag.nodes.log, (10069.0.0)
01/20/17 17:11:23 Initializing user log writer for /home/ubuntu/wikiflow/6_wikiflow_1sh_1s_annot/dags/ubuntu/pegasus/example_workflow/20170120T160222+0000/./example_workflow-0.dag.nodes.log, (10070.0.0)
01/20/17 17:11:28 Currently monitoring 1 Condor log file(s)
01/20/17 17:11:28 Event: ULOG_POST_SCRIPT_TERMINATED for Condor Node sessioncompute_0_ID0000003 (10069.0.0)
01/20/17 17:11:28 POST Script of Node sessioncompute_0_ID0000003 completed successfully.
01/20/17 17:11:28 Event: ULOG_POST_SCRIPT_TERMINATED for Condor Node sessioncompute_2_ID0000005 (10070.0.0)
01/20/17 17:11:28 POST Script of Node sessioncompute_2_ID0000005 completed successfully.
01/20/17 17:11:28 DAG status: 0 (DAG_STATUS_OK)
01/20/17 17:11:28 Of 30 nodes total:
01/20/17 17:11:28  Done     Pre   Queued    Post   Ready   Un-Ready   Failed
01/20/17 17:11:28   ===     ===      ===     ===     ===        ===      ===
01/20/17 17:11:28    19       0        1       0       1          9        0
01/20/17 17:11:28 0 job proc(s) currently held
01/20/17 17:11:33 Submitting Condor Node clean_up_local_level_5_1 job(s)...
01/20/17 17:11:33 Adding a DAGMan workflow log /home/ubuntu/wikiflow/6_wikiflow_1sh_1s_annot/dags/ubuntu/pegasus/example_workflow/20170120T160222+0000/./example_workflow-0.dag.nodes.log
01/20/17 17:11:33 Masking the events recorded in the DAGMAN workflow log
01/20/17 17:11:33 Mask for workflow log is 0,1,2,4,5,7,9,10,11,12,13,16,17,24,27
01/20/17 17:11:33 submitting: /usr/bin/condor_submit -a dag_node_name' '=' 'clean_up_local_level_5_1 -a +DAGManJobId' '=' '10050 -a DAGManJobId' '=' '10050 -a submit_event_notes' '=' 'DAG' 'Node:' 'clean_up_local_level_5_1 -a dagman_log' '=' '/home/ubuntu/wikiflow/6_wikiflow_1sh_1s_annot/dags/ubuntu/pegasus/example_workflow/20170120T160222+0000/./example_workflow-0.dag.nodes.log -a +DAGManNodesMask' '=' '"0,1,2,4,5,7,9,10,11,12,13,16,17,24,27" -a DAG_STATUS' '=' '0 -a FAILED_COUNT' '=' '0 -a +DAGParentNodeNames' '=' '"sessioncompute_0_ID0000003,sessioncompute_2_ID0000005" -a +KeepClaimIdle' '=' '20 -a notification' '=' 'never 00/00/clean_up_local_level_5_1.sub
01/20/17 17:11:33 From submit: Submitting job(s).
01/20/17 17:11:33 From submit: 1 job(s) submitted to cluster 10071.
01/20/17 17:11:33 	assigned Condor ID (10071.0.0)
01/20/17 17:11:33 Just submitted 1 job this cycle...
01/20/17 17:11:33 Currently monitoring 1 Condor log file(s)
01/20/17 17:11:33 Reassigning the id of job clean_up_local_level_5_1 from (10071.0.0) to (10071.0.0)
01/20/17 17:11:33 Event: ULOG_SUBMIT for Condor Node clean_up_local_level_5_1 (10071.0.0)
01/20/17 17:11:33 Number of idle job procs: 1
01/20/17 17:11:33 DAG status: 0 (DAG_STATUS_OK)
01/20/17 17:11:33 Of 30 nodes total:
01/20/17 17:11:33  Done     Pre   Queued    Post   Ready   Un-Ready   Failed
01/20/17 17:11:33   ===     ===      ===     ===     ===        ===      ===
01/20/17 17:11:33    19       0        2       0       0          9        0
01/20/17 17:11:33 0 job proc(s) currently held
01/20/17 17:11:38 Currently monitoring 1 Condor log file(s)
01/20/17 17:11:38 Event: ULOG_EXECUTE for Condor Node clean_up_local_level_5_1 (10071.0.0)
01/20/17 17:11:38 Number of idle job procs: 0
01/20/17 17:11:38 Event: ULOG_JOB_TERMINATED for Condor Node clean_up_local_level_5_1 (10071.0.0)
01/20/17 17:11:38 Number of idle job procs: 0
01/20/17 17:11:38 Node clean_up_local_level_5_1 job proc (10071.0.0) completed successfully.
01/20/17 17:11:38 Node clean_up_local_level_5_1 job completed
01/20/17 17:11:38 Running POST script of Node clean_up_local_level_5_1...
01/20/17 17:11:38 Warning: mysin has length 0 (ignore if produced by DAGMan; see gittrac #4987, #5031)
01/20/17 17:11:38 DAG status: 0 (DAG_STATUS_OK)
01/20/17 17:11:38 Of 30 nodes total:
01/20/17 17:11:38  Done     Pre   Queued    Post   Ready   Un-Ready   Failed
01/20/17 17:11:38   ===     ===      ===     ===     ===        ===      ===
01/20/17 17:11:38    19       0        1       1       0          9        0
01/20/17 17:11:38 0 job proc(s) currently held
01/20/17 17:11:38 Initializing user log writer for /home/ubuntu/wikiflow/6_wikiflow_1sh_1s_annot/dags/ubuntu/pegasus/example_workflow/20170120T160222+0000/./example_workflow-0.dag.nodes.log, (10071.0.0)
01/20/17 17:11:43 Currently monitoring 1 Condor log file(s)
01/20/17 17:11:43 Event: ULOG_POST_SCRIPT_TERMINATED for Condor Node clean_up_local_level_5_1 (10071.0.0)
01/20/17 17:11:43 POST Script of Node clean_up_local_level_5_1 completed successfully.
01/20/17 17:11:43 Event: ULOG_JOB_TERMINATED for Condor Node sessioncompute_1_ID0000004 (10066.0.0)
01/20/17 17:11:43 Number of idle job procs: 0
01/20/17 17:11:43 Node sessioncompute_1_ID0000004 job proc (10066.0.0) completed successfully.
01/20/17 17:11:43 Node sessioncompute_1_ID0000004 job completed
01/20/17 17:11:43 Running POST script of Node sessioncompute_1_ID0000004...
01/20/17 17:11:43 Warning: mysin has length 0 (ignore if produced by DAGMan; see gittrac #4987, #5031)
01/20/17 17:11:43 DAG status: 0 (DAG_STATUS_OK)
01/20/17 17:11:43 Of 30 nodes total:
01/20/17 17:11:43  Done     Pre   Queued    Post   Ready   Un-Ready   Failed
01/20/17 17:11:43   ===     ===      ===     ===     ===        ===      ===
01/20/17 17:11:43    20       0        0       1       0          9        0
01/20/17 17:11:43 0 job proc(s) currently held
01/20/17 17:11:44 Initializing user log writer for /home/ubuntu/wikiflow/6_wikiflow_1sh_1s_annot/dags/ubuntu/pegasus/example_workflow/20170120T160222+0000/./example_workflow-0.dag.nodes.log, (10066.0.0)
01/20/17 17:11:48 Currently monitoring 1 Condor log file(s)
01/20/17 17:11:48 Event: ULOG_POST_SCRIPT_TERMINATED for Condor Node sessioncompute_1_ID0000004 (10066.0.0)
01/20/17 17:11:48 POST Script of Node sessioncompute_1_ID0000004 completed successfully.
01/20/17 17:11:48 DAG status: 0 (DAG_STATUS_OK)
01/20/17 17:11:48 Of 30 nodes total:
01/20/17 17:11:48  Done     Pre   Queued    Post   Ready   Un-Ready   Failed
01/20/17 17:11:48   ===     ===      ===     ===     ===        ===      ===
01/20/17 17:11:48    21       0        0       0       4          5        0
01/20/17 17:11:48 0 job proc(s) currently held
01/20/17 17:11:53 Submitting Condor Node longestsession_2_ID0000008 job(s)...
01/20/17 17:11:53 Adding a DAGMan workflow log /home/ubuntu/wikiflow/6_wikiflow_1sh_1s_annot/dags/ubuntu/pegasus/example_workflow/20170120T160222+0000/./example_workflow-0.dag.nodes.log
01/20/17 17:11:53 Masking the events recorded in the DAGMAN workflow log
01/20/17 17:11:53 Mask for workflow log is 0,1,2,4,5,7,9,10,11,12,13,16,17,24,27
01/20/17 17:11:53 submitting: /usr/bin/condor_submit -a dag_node_name' '=' 'longestsession_2_ID0000008 -a +DAGManJobId' '=' '10050 -a DAGManJobId' '=' '10050 -a submit_event_notes' '=' 'DAG' 'Node:' 'longestsession_2_ID0000008 -a dagman_log' '=' '/home/ubuntu/wikiflow/6_wikiflow_1sh_1s_annot/dags/ubuntu/pegasus/example_workflow/20170120T160222+0000/./example_workflow-0.dag.nodes.log -a +DAGManNodesMask' '=' '"0,1,2,4,5,7,9,10,11,12,13,16,17,24,27" -a DAG_STATUS' '=' '0 -a FAILED_COUNT' '=' '0 -a +DAGParentNodeNames' '=' '"stage_in_local_local_3_0,stage_in_remote_local_3_0,sessioncompute_1_ID0000004,sessioncompute_0_ID0000003,sessioncompute_2_ID0000005" -a +KeepClaimIdle' '=' '20 -a notification' '=' 'never 00/00/longestsession_2_ID0000008.sub
01/20/17 17:11:53 From submit: Submitting job(s).
01/20/17 17:11:53 From submit: 1 job(s) submitted to cluster 10072.
01/20/17 17:11:53 	assigned Condor ID (10072.0.0)
01/20/17 17:11:53 Submitting Condor Node longestsession_1_ID0000007 job(s)...
01/20/17 17:11:53 Adding a DAGMan workflow log /home/ubuntu/wikiflow/6_wikiflow_1sh_1s_annot/dags/ubuntu/pegasus/example_workflow/20170120T160222+0000/./example_workflow-0.dag.nodes.log
01/20/17 17:11:53 Masking the events recorded in the DAGMAN workflow log
01/20/17 17:11:53 Mask for workflow log is 0,1,2,4,5,7,9,10,11,12,13,16,17,24,27
01/20/17 17:11:53 submitting: /usr/bin/condor_submit -a dag_node_name' '=' 'longestsession_1_ID0000007 -a +DAGManJobId' '=' '10050 -a DAGManJobId' '=' '10050 -a submit_event_notes' '=' 'DAG' 'Node:' 'longestsession_1_ID0000007 -a dagman_log' '=' '/home/ubuntu/wikiflow/6_wikiflow_1sh_1s_annot/dags/ubuntu/pegasus/example_workflow/20170120T160222+0000/./example_workflow-0.dag.nodes.log -a +DAGManNodesMask' '=' '"0,1,2,4,5,7,9,10,11,12,13,16,17,24,27" -a DAG_STATUS' '=' '0 -a FAILED_COUNT' '=' '0 -a +DAGParentNodeNames' '=' '"stage_in_local_local_3_1,stage_in_remote_local_3_1,sessioncompute_1_ID0000004,sessioncompute_0_ID0000003,sessioncompute_2_ID0000005" -a +KeepClaimIdle' '=' '20 -a notification' '=' 'never 00/00/longestsession_1_ID0000007.sub
01/20/17 17:11:53 From submit: Submitting job(s).
01/20/17 17:11:53 From submit: 1 job(s) submitted to cluster 10073.
01/20/17 17:11:53 	assigned Condor ID (10073.0.0)
01/20/17 17:11:53 Submitting Condor Node clean_up_local_level_5_0 job(s)...
01/20/17 17:11:53 Adding a DAGMan workflow log /home/ubuntu/wikiflow/6_wikiflow_1sh_1s_annot/dags/ubuntu/pegasus/example_workflow/20170120T160222+0000/./example_workflow-0.dag.nodes.log
01/20/17 17:11:53 Masking the events recorded in the DAGMAN workflow log
01/20/17 17:11:53 Mask for workflow log is 0,1,2,4,5,7,9,10,11,12,13,16,17,24,27
01/20/17 17:11:53 submitting: /usr/bin/condor_submit -a dag_node_name' '=' 'clean_up_local_level_5_0 -a +DAGManJobId' '=' '10050 -a DAGManJobId' '=' '10050 -a submit_event_notes' '=' 'DAG' 'Node:' 'clean_up_local_level_5_0 -a dagman_log' '=' '/home/ubuntu/wikiflow/6_wikiflow_1sh_1s_annot/dags/ubuntu/pegasus/example_workflow/20170120T160222+0000/./example_workflow-0.dag.nodes.log -a +DAGManNodesMask' '=' '"0,1,2,4,5,7,9,10,11,12,13,16,17,24,27" -a DAG_STATUS' '=' '0 -a FAILED_COUNT' '=' '0 -a +DAGParentNodeNames' '=' '"sessioncompute_1_ID0000004,stage_out_local_local_1_0,stage_out_local_local_1_1,sessioncompute_0_ID0000003,sessioncompute_2_ID0000005" -a +KeepClaimIdle' '=' '20 -a notification' '=' 'never 00/00/clean_up_local_level_5_0.sub
01/20/17 17:11:53 From submit: Submitting job(s).
01/20/17 17:11:53 From submit: 1 job(s) submitted to cluster 10074.
01/20/17 17:11:53 	assigned Condor ID (10074.0.0)
01/20/17 17:11:53 Submitting Condor Node longestsession_0_ID0000006 job(s)...
01/20/17 17:11:53 Adding a DAGMan workflow log /home/ubuntu/wikiflow/6_wikiflow_1sh_1s_annot/dags/ubuntu/pegasus/example_workflow/20170120T160222+0000/./example_workflow-0.dag.nodes.log
01/20/17 17:11:53 Masking the events recorded in the DAGMAN workflow log
01/20/17 17:11:53 Mask for workflow log is 0,1,2,4,5,7,9,10,11,12,13,16,17,24,27
01/20/17 17:11:53 submitting: /usr/bin/condor_submit -a dag_node_name' '=' 'longestsession_0_ID0000006 -a +DAGManJobId' '=' '10050 -a DAGManJobId' '=' '10050 -a submit_event_notes' '=' 'DAG' 'Node:' 'longestsession_0_ID0000006 -a dagman_log' '=' '/home/ubuntu/wikiflow/6_wikiflow_1sh_1s_annot/dags/ubuntu/pegasus/example_workflow/20170120T160222+0000/./example_workflow-0.dag.nodes.log -a +DAGManNodesMask' '=' '"0,1,2,4,5,7,9,10,11,12,13,16,17,24,27" -a DAG_STATUS' '=' '0 -a FAILED_COUNT' '=' '0 -a +DAGParentNodeNames' '=' '"stage_in_local_local_3_0,stage_in_remote_local_3_0,sessioncompute_1_ID0000004,sessioncompute_0_ID0000003,sessioncompute_2_ID0000005" -a +KeepClaimIdle' '=' '20 -a notification' '=' 'never 00/00/longestsession_0_ID0000006.sub
01/20/17 17:11:53 From submit: Submitting job(s).
01/20/17 17:11:53 From submit: 1 job(s) submitted to cluster 10075.
01/20/17 17:11:53 	assigned Condor ID (10075.0.0)
01/20/17 17:11:53 Just submitted 4 jobs this cycle...
01/20/17 17:11:53 Currently monitoring 1 Condor log file(s)
01/20/17 17:11:53 Reassigning the id of job longestsession_2_ID0000008 from (10072.0.0) to (10072.0.0)
01/20/17 17:11:53 Event: ULOG_SUBMIT for Condor Node longestsession_2_ID0000008 (10072.0.0)
01/20/17 17:11:53 Number of idle job procs: 1
01/20/17 17:11:53 Reassigning the id of job longestsession_1_ID0000007 from (10073.0.0) to (10073.0.0)
01/20/17 17:11:53 Event: ULOG_SUBMIT for Condor Node longestsession_1_ID0000007 (10073.0.0)
01/20/17 17:11:53 Number of idle job procs: 2
01/20/17 17:11:53 Reassigning the id of job clean_up_local_level_5_0 from (10074.0.0) to (10074.0.0)
01/20/17 17:11:53 Event: ULOG_SUBMIT for Condor Node clean_up_local_level_5_0 (10074.0.0)
01/20/17 17:11:53 Number of idle job procs: 3
01/20/17 17:11:53 Reassigning the id of job longestsession_0_ID0000006 from (10075.0.0) to (10075.0.0)
01/20/17 17:11:53 Event: ULOG_SUBMIT for Condor Node longestsession_0_ID0000006 (10075.0.0)
01/20/17 17:11:53 Number of idle job procs: 4
01/20/17 17:11:53 DAG status: 0 (DAG_STATUS_OK)
01/20/17 17:11:53 Of 30 nodes total:
01/20/17 17:11:53  Done     Pre   Queued    Post   Ready   Un-Ready   Failed
01/20/17 17:11:53   ===     ===      ===     ===     ===        ===      ===
01/20/17 17:11:53    21       0        4       0       0          5        0
01/20/17 17:11:53 0 job proc(s) currently held
01/20/17 17:11:58 Currently monitoring 1 Condor log file(s)
01/20/17 17:11:58 Event: ULOG_EXECUTE for Condor Node longestsession_2_ID0000008 (10072.0.0)
01/20/17 17:11:58 Number of idle job procs: 3
01/20/17 17:11:58 Event: ULOG_EXECUTE for Condor Node longestsession_1_ID0000007 (10073.0.0)
01/20/17 17:11:58 Number of idle job procs: 2
01/20/17 17:12:03 Currently monitoring 1 Condor log file(s)
01/20/17 17:12:03 Event: ULOG_EXECUTE for Condor Node clean_up_local_level_5_0 (10074.0.0)
01/20/17 17:12:03 Number of idle job procs: 1
01/20/17 17:12:03 Event: ULOG_JOB_TERMINATED for Condor Node longestsession_1_ID0000007 (10073.0.0)
01/20/17 17:12:03 Number of idle job procs: 1
01/20/17 17:12:03 Node longestsession_1_ID0000007 job proc (10073.0.0) completed successfully.
01/20/17 17:12:03 Node longestsession_1_ID0000007 job completed
01/20/17 17:12:03 Running POST script of Node longestsession_1_ID0000007...
01/20/17 17:12:03 Warning: mysin has length 0 (ignore if produced by DAGMan; see gittrac #4987, #5031)
01/20/17 17:12:03 Event: ULOG_EXECUTE for Condor Node longestsession_0_ID0000006 (10075.0.0)
01/20/17 17:12:03 Number of idle job procs: 0
01/20/17 17:12:03 DAG status: 0 (DAG_STATUS_OK)
01/20/17 17:12:03 Of 30 nodes total:
01/20/17 17:12:03  Done     Pre   Queued    Post   Ready   Un-Ready   Failed
01/20/17 17:12:03   ===     ===      ===     ===     ===        ===      ===
01/20/17 17:12:03    21       0        3       1       0          5        0
01/20/17 17:12:03 0 job proc(s) currently held
01/20/17 17:12:03 Initializing user log writer for /home/ubuntu/wikiflow/6_wikiflow_1sh_1s_annot/dags/ubuntu/pegasus/example_workflow/20170120T160222+0000/./example_workflow-0.dag.nodes.log, (10073.0.0)
01/20/17 17:12:08 Currently monitoring 1 Condor log file(s)
01/20/17 17:12:08 Event: ULOG_POST_SCRIPT_TERMINATED for Condor Node longestsession_1_ID0000007 (10073.0.0)
01/20/17 17:12:08 POST Script of Node longestsession_1_ID0000007 completed successfully.
01/20/17 17:12:08 Event: ULOG_JOB_TERMINATED for Condor Node longestsession_2_ID0000008 (10072.0.0)
01/20/17 17:12:08 Number of idle job procs: 0
01/20/17 17:12:08 Node longestsession_2_ID0000008 job proc (10072.0.0) completed successfully.
01/20/17 17:12:08 Node longestsession_2_ID0000008 job completed
01/20/17 17:12:08 Running POST script of Node longestsession_2_ID0000008...
01/20/17 17:12:08 Warning: mysin has length 0 (ignore if produced by DAGMan; see gittrac #4987, #5031)
01/20/17 17:12:08 Event: ULOG_JOB_TERMINATED for Condor Node clean_up_local_level_5_0 (10074.0.0)
01/20/17 17:12:08 Number of idle job procs: 0
01/20/17 17:12:08 Node clean_up_local_level_5_0 job proc (10074.0.0) completed successfully.
01/20/17 17:12:08 Node clean_up_local_level_5_0 job completed
01/20/17 17:12:08 Running POST script of Node clean_up_local_level_5_0...
01/20/17 17:12:08 Warning: mysin has length 0 (ignore if produced by DAGMan; see gittrac #4987, #5031)
01/20/17 17:12:08 Event: ULOG_JOB_TERMINATED for Condor Node longestsession_0_ID0000006 (10075.0.0)
01/20/17 17:12:08 Number of idle job procs: 0
01/20/17 17:12:08 Node longestsession_0_ID0000006 job proc (10075.0.0) completed successfully.
01/20/17 17:12:08 Node longestsession_0_ID0000006 job completed
01/20/17 17:12:08 Running POST script of Node longestsession_0_ID0000006...
01/20/17 17:12:08 Warning: mysin has length 0 (ignore if produced by DAGMan; see gittrac #4987, #5031)
01/20/17 17:12:08 DAG status: 0 (DAG_STATUS_OK)
01/20/17 17:12:08 Of 30 nodes total:
01/20/17 17:12:08  Done     Pre   Queued    Post   Ready   Un-Ready   Failed
01/20/17 17:12:08   ===     ===      ===     ===     ===        ===      ===
01/20/17 17:12:08    22       0        0       3       0          5        0
01/20/17 17:12:08 0 job proc(s) currently held
01/20/17 17:12:08 Initializing user log writer for /home/ubuntu/wikiflow/6_wikiflow_1sh_1s_annot/dags/ubuntu/pegasus/example_workflow/20170120T160222+0000/./example_workflow-0.dag.nodes.log, (10072.0.0)
01/20/17 17:12:09 Initializing user log writer for /home/ubuntu/wikiflow/6_wikiflow_1sh_1s_annot/dags/ubuntu/pegasus/example_workflow/20170120T160222+0000/./example_workflow-0.dag.nodes.log, (10075.0.0)
01/20/17 17:12:09 Initializing user log writer for /home/ubuntu/wikiflow/6_wikiflow_1sh_1s_annot/dags/ubuntu/pegasus/example_workflow/20170120T160222+0000/./example_workflow-0.dag.nodes.log, (10074.0.0)
01/20/17 17:12:13 Currently monitoring 1 Condor log file(s)
01/20/17 17:12:13 Event: ULOG_POST_SCRIPT_TERMINATED for Condor Node longestsession_2_ID0000008 (10072.0.0)
01/20/17 17:12:13 POST Script of Node longestsession_2_ID0000008 completed successfully.
01/20/17 17:12:13 Event: ULOG_POST_SCRIPT_TERMINATED for Condor Node longestsession_0_ID0000006 (10075.0.0)
01/20/17 17:12:13 POST Script of Node longestsession_0_ID0000006 completed successfully.
01/20/17 17:12:13 Event: ULOG_POST_SCRIPT_TERMINATED for Condor Node clean_up_local_level_5_0 (10074.0.0)
01/20/17 17:12:13 POST Script of Node clean_up_local_level_5_0 completed successfully.
01/20/17 17:12:13 DAG status: 0 (DAG_STATUS_OK)
01/20/17 17:12:13 Of 30 nodes total:
01/20/17 17:12:13  Done     Pre   Queued    Post   Ready   Un-Ready   Failed
01/20/17 17:12:13   ===     ===      ===     ===     ===        ===      ===
01/20/17 17:12:13    25       0        0       0       3          2        0
01/20/17 17:12:13 0 job proc(s) currently held
01/20/17 17:12:18 Submitting Condor Node clean_up_local_level_6_0 job(s)...
01/20/17 17:12:18 Adding a DAGMan workflow log /home/ubuntu/wikiflow/6_wikiflow_1sh_1s_annot/dags/ubuntu/pegasus/example_workflow/20170120T160222+0000/./example_workflow-0.dag.nodes.log
01/20/17 17:12:18 Masking the events recorded in the DAGMAN workflow log
01/20/17 17:12:18 Mask for workflow log is 0,1,2,4,5,7,9,10,11,12,13,16,17,24,27
01/20/17 17:12:18 submitting: /usr/bin/condor_submit -a dag_node_name' '=' 'clean_up_local_level_6_0 -a +DAGManJobId' '=' '10050 -a DAGManJobId' '=' '10050 -a submit_event_notes' '=' 'DAG' 'Node:' 'clean_up_local_level_6_0 -a dagman_log' '=' '/home/ubuntu/wikiflow/6_wikiflow_1sh_1s_annot/dags/ubuntu/pegasus/example_workflow/20170120T160222+0000/./example_workflow-0.dag.nodes.log -a +DAGManNodesMask' '=' '"0,1,2,4,5,7,9,10,11,12,13,16,17,24,27" -a DAG_STATUS' '=' '0 -a FAILED_COUNT' '=' '0 -a +DAGParentNodeNames' '=' '"longestsession_2_ID0000008,longestsession_1_ID0000007" -a +KeepClaimIdle' '=' '20 -a notification' '=' 'never 00/00/clean_up_local_level_6_0.sub
01/20/17 17:12:18 From submit: Submitting job(s).
01/20/17 17:12:18 From submit: 1 job(s) submitted to cluster 10076.
01/20/17 17:12:18 	assigned Condor ID (10076.0.0)
01/20/17 17:12:18 Submitting Condor Node clean_up_local_level_6_1 job(s)...
01/20/17 17:12:18 Adding a DAGMan workflow log /home/ubuntu/wikiflow/6_wikiflow_1sh_1s_annot/dags/ubuntu/pegasus/example_workflow/20170120T160222+0000/./example_workflow-0.dag.nodes.log
01/20/17 17:12:18 Masking the events recorded in the DAGMAN workflow log
01/20/17 17:12:18 Mask for workflow log is 0,1,2,4,5,7,9,10,11,12,13,16,17,24,27
01/20/17 17:12:18 submitting: /usr/bin/condor_submit -a dag_node_name' '=' 'clean_up_local_level_6_1 -a +DAGManJobId' '=' '10050 -a DAGManJobId' '=' '10050 -a submit_event_notes' '=' 'DAG' 'Node:' 'clean_up_local_level_6_1 -a dagman_log' '=' '/home/ubuntu/wikiflow/6_wikiflow_1sh_1s_annot/dags/ubuntu/pegasus/example_workflow/20170120T160222+0000/./example_workflow-0.dag.nodes.log -a +DAGManNodesMask' '=' '"0,1,2,4,5,7,9,10,11,12,13,16,17,24,27" -a DAG_STATUS' '=' '0 -a FAILED_COUNT' '=' '0 -a +DAGParentNodeNames' '=' '"longestsession_0_ID0000006" -a +KeepClaimIdle' '=' '20 -a notification' '=' 'never 00/00/clean_up_local_level_6_1.sub
01/20/17 17:12:18 From submit: Submitting job(s).
01/20/17 17:12:18 From submit: 1 job(s) submitted to cluster 10077.
01/20/17 17:12:18 	assigned Condor ID (10077.0.0)
01/20/17 17:12:18 Submitting Condor Node terminate_0_ID0000009 job(s)...
01/20/17 17:12:18 Adding a DAGMan workflow log /home/ubuntu/wikiflow/6_wikiflow_1sh_1s_annot/dags/ubuntu/pegasus/example_workflow/20170120T160222+0000/./example_workflow-0.dag.nodes.log
01/20/17 17:12:18 Masking the events recorded in the DAGMAN workflow log
01/20/17 17:12:18 Mask for workflow log is 0,1,2,4,5,7,9,10,11,12,13,16,17,24,27
01/20/17 17:12:18 submitting: /usr/bin/condor_submit -a dag_node_name' '=' 'terminate_0_ID0000009 -a +DAGManJobId' '=' '10050 -a DAGManJobId' '=' '10050 -a submit_event_notes' '=' 'DAG' 'Node:' 'terminate_0_ID0000009 -a dagman_log' '=' '/home/ubuntu/wikiflow/6_wikiflow_1sh_1s_annot/dags/ubuntu/pegasus/example_workflow/20170120T160222+0000/./example_workflow-0.dag.nodes.log -a +DAGManNodesMask' '=' '"0,1,2,4,5,7,9,10,11,12,13,16,17,24,27" -a DAG_STATUS' '=' '0 -a FAILED_COUNT' '=' '0 -a +DAGParentNodeNames' '=' '"stage_in_local_local_4_0,longestsession_2_ID0000008,longestsession_1_ID0000007,longestsession_0_ID0000006" -a +KeepClaimIdle' '=' '20 -a notification' '=' 'never 00/00/terminate_0_ID0000009.sub
01/20/17 17:12:18 From submit: Submitting job(s).
01/20/17 17:12:18 From submit: 1 job(s) submitted to cluster 10078.
01/20/17 17:12:18 	assigned Condor ID (10078.0.0)
01/20/17 17:12:18 Just submitted 3 jobs this cycle...
01/20/17 17:12:18 Currently monitoring 1 Condor log file(s)
01/20/17 17:12:18 Reassigning the id of job clean_up_local_level_6_0 from (10076.0.0) to (10076.0.0)
01/20/17 17:12:18 Event: ULOG_SUBMIT for Condor Node clean_up_local_level_6_0 (10076.0.0)
01/20/17 17:12:18 Number of idle job procs: 1
01/20/17 17:12:18 Reassigning the id of job clean_up_local_level_6_1 from (10077.0.0) to (10077.0.0)
01/20/17 17:12:18 Event: ULOG_SUBMIT for Condor Node clean_up_local_level_6_1 (10077.0.0)
01/20/17 17:12:18 Number of idle job procs: 2
01/20/17 17:12:18 Reassigning the id of job terminate_0_ID0000009 from (10078.0.0) to (10078.0.0)
01/20/17 17:12:18 Event: ULOG_SUBMIT for Condor Node terminate_0_ID0000009 (10078.0.0)
01/20/17 17:12:18 Number of idle job procs: 3
01/20/17 17:12:18 DAG status: 0 (DAG_STATUS_OK)
01/20/17 17:12:18 Of 30 nodes total:
01/20/17 17:12:18  Done     Pre   Queued    Post   Ready   Un-Ready   Failed
01/20/17 17:12:18   ===     ===      ===     ===     ===        ===      ===
01/20/17 17:12:18    25       0        3       0       0          2        0
01/20/17 17:12:18 0 job proc(s) currently held
01/20/17 17:12:23 Currently monitoring 1 Condor log file(s)
01/20/17 17:12:23 Event: ULOG_EXECUTE for Condor Node terminate_0_ID0000009 (10078.0.0)
01/20/17 17:12:23 Number of idle job procs: 2
01/20/17 17:12:23 Event: ULOG_EXECUTE for Condor Node clean_up_local_level_6_1 (10077.0.0)
01/20/17 17:12:23 Number of idle job procs: 1
01/20/17 17:12:23 Event: ULOG_EXECUTE for Condor Node clean_up_local_level_6_0 (10076.0.0)
01/20/17 17:12:23 Number of idle job procs: 0
01/20/17 17:12:23 Event: ULOG_JOB_TERMINATED for Condor Node terminate_0_ID0000009 (10078.0.0)
01/20/17 17:12:23 Number of idle job procs: 0
01/20/17 17:12:23 Node terminate_0_ID0000009 job proc (10078.0.0) completed successfully.
01/20/17 17:12:23 Node terminate_0_ID0000009 job completed
01/20/17 17:12:23 Running POST script of Node terminate_0_ID0000009...
01/20/17 17:12:23 Warning: mysin has length 0 (ignore if produced by DAGMan; see gittrac #4987, #5031)
01/20/17 17:12:23 DAG status: 0 (DAG_STATUS_OK)
01/20/17 17:12:23 Of 30 nodes total:
01/20/17 17:12:23  Done     Pre   Queued    Post   Ready   Un-Ready   Failed
01/20/17 17:12:23   ===     ===      ===     ===     ===        ===      ===
01/20/17 17:12:23    25       0        2       1       0          2        0
01/20/17 17:12:23 0 job proc(s) currently held
01/20/17 17:12:23 Initializing user log writer for /home/ubuntu/wikiflow/6_wikiflow_1sh_1s_annot/dags/ubuntu/pegasus/example_workflow/20170120T160222+0000/./example_workflow-0.dag.nodes.log, (10078.0.0)
01/20/17 17:12:28 Currently monitoring 1 Condor log file(s)
01/20/17 17:12:28 Event: ULOG_POST_SCRIPT_TERMINATED for Condor Node terminate_0_ID0000009 (10078.0.0)
01/20/17 17:12:28 POST Script of Node terminate_0_ID0000009 completed successfully.
01/20/17 17:12:28 Event: ULOG_JOB_TERMINATED for Condor Node clean_up_local_level_6_1 (10077.0.0)
01/20/17 17:12:28 Number of idle job procs: 0
01/20/17 17:12:28 Node clean_up_local_level_6_1 job proc (10077.0.0) completed successfully.
01/20/17 17:12:28 Node clean_up_local_level_6_1 job completed
01/20/17 17:12:28 Running POST script of Node clean_up_local_level_6_1...
01/20/17 17:12:28 Warning: mysin has length 0 (ignore if produced by DAGMan; see gittrac #4987, #5031)
01/20/17 17:12:28 Event: ULOG_JOB_TERMINATED for Condor Node clean_up_local_level_6_0 (10076.0.0)
01/20/17 17:12:28 Number of idle job procs: 0
01/20/17 17:12:28 Node clean_up_local_level_6_0 job proc (10076.0.0) completed successfully.
01/20/17 17:12:28 Node clean_up_local_level_6_0 job completed
01/20/17 17:12:28 Running POST script of Node clean_up_local_level_6_0...
01/20/17 17:12:28 Warning: mysin has length 0 (ignore if produced by DAGMan; see gittrac #4987, #5031)
01/20/17 17:12:28 DAG status: 0 (DAG_STATUS_OK)
01/20/17 17:12:28 Of 30 nodes total:
01/20/17 17:12:28  Done     Pre   Queued    Post   Ready   Un-Ready   Failed
01/20/17 17:12:28   ===     ===      ===     ===     ===        ===      ===
01/20/17 17:12:28    26       0        0       2       1          1        0
01/20/17 17:12:28 0 job proc(s) currently held
01/20/17 17:12:28 Initializing user log writer for /home/ubuntu/wikiflow/6_wikiflow_1sh_1s_annot/dags/ubuntu/pegasus/example_workflow/20170120T160222+0000/./example_workflow-0.dag.nodes.log, (10076.0.0)
01/20/17 17:12:28 Initializing user log writer for /home/ubuntu/wikiflow/6_wikiflow_1sh_1s_annot/dags/ubuntu/pegasus/example_workflow/20170120T160222+0000/./example_workflow-0.dag.nodes.log, (10077.0.0)
01/20/17 17:12:33 Submitting Condor Node clean_up_local_level_7_0 job(s)...
01/20/17 17:12:33 Adding a DAGMan workflow log /home/ubuntu/wikiflow/6_wikiflow_1sh_1s_annot/dags/ubuntu/pegasus/example_workflow/20170120T160222+0000/./example_workflow-0.dag.nodes.log
01/20/17 17:12:33 Masking the events recorded in the DAGMAN workflow log
01/20/17 17:12:33 Mask for workflow log is 0,1,2,4,5,7,9,10,11,12,13,16,17,24,27
01/20/17 17:12:33 submitting: /usr/bin/condor_submit -a dag_node_name' '=' 'clean_up_local_level_7_0 -a +DAGManJobId' '=' '10050 -a DAGManJobId' '=' '10050 -a submit_event_notes' '=' 'DAG' 'Node:' 'clean_up_local_level_7_0 -a dagman_log' '=' '/home/ubuntu/wikiflow/6_wikiflow_1sh_1s_annot/dags/ubuntu/pegasus/example_workflow/20170120T160222+0000/./example_workflow-0.dag.nodes.log -a +DAGManNodesMask' '=' '"0,1,2,4,5,7,9,10,11,12,13,16,17,24,27" -a DAG_STATUS' '=' '0 -a FAILED_COUNT' '=' '0 -a +DAGParentNodeNames' '=' '"terminate_0_ID0000009" -a +KeepClaimIdle' '=' '20 -a notification' '=' 'never 00/00/clean_up_local_level_7_0.sub
01/20/17 17:12:33 From submit: Submitting job(s).
01/20/17 17:12:33 From submit: 1 job(s) submitted to cluster 10079.
01/20/17 17:12:33 	assigned Condor ID (10079.0.0)
01/20/17 17:12:33 Just submitted 1 job this cycle...
01/20/17 17:12:33 Currently monitoring 1 Condor log file(s)
01/20/17 17:12:33 Event: ULOG_POST_SCRIPT_TERMINATED for Condor Node clean_up_local_level_6_0 (10076.0.0)
01/20/17 17:12:33 POST Script of Node clean_up_local_level_6_0 completed successfully.
01/20/17 17:12:33 Event: ULOG_POST_SCRIPT_TERMINATED for Condor Node clean_up_local_level_6_1 (10077.0.0)
01/20/17 17:12:33 POST Script of Node clean_up_local_level_6_1 completed successfully.
01/20/17 17:12:33 Reassigning the id of job clean_up_local_level_7_0 from (10079.0.0) to (10079.0.0)
01/20/17 17:12:33 Event: ULOG_SUBMIT for Condor Node clean_up_local_level_7_0 (10079.0.0)
01/20/17 17:12:33 Number of idle job procs: 1
01/20/17 17:12:33 DAG status: 0 (DAG_STATUS_OK)
01/20/17 17:12:33 Of 30 nodes total:
01/20/17 17:12:33  Done     Pre   Queued    Post   Ready   Un-Ready   Failed
01/20/17 17:12:33   ===     ===      ===     ===     ===        ===      ===
01/20/17 17:12:33    28       0        1       0       0          1        0
01/20/17 17:12:33 0 job proc(s) currently held
01/20/17 17:12:38 Currently monitoring 1 Condor log file(s)
01/20/17 17:12:38 Event: ULOG_EXECUTE for Condor Node clean_up_local_level_7_0 (10079.0.0)
01/20/17 17:12:38 Number of idle job procs: 0
01/20/17 17:12:38 Event: ULOG_JOB_TERMINATED for Condor Node clean_up_local_level_7_0 (10079.0.0)
01/20/17 17:12:38 Number of idle job procs: 0
01/20/17 17:12:38 Node clean_up_local_level_7_0 job proc (10079.0.0) completed successfully.
01/20/17 17:12:38 Node clean_up_local_level_7_0 job completed
01/20/17 17:12:38 Running POST script of Node clean_up_local_level_7_0...
01/20/17 17:12:38 Warning: mysin has length 0 (ignore if produced by DAGMan; see gittrac #4987, #5031)
01/20/17 17:12:38 DAG status: 0 (DAG_STATUS_OK)
01/20/17 17:12:38 Of 30 nodes total:
01/20/17 17:12:38  Done     Pre   Queued    Post   Ready   Un-Ready   Failed
01/20/17 17:12:38   ===     ===      ===     ===     ===        ===      ===
01/20/17 17:12:38    28       0        0       1       0          1        0
01/20/17 17:12:38 0 job proc(s) currently held
01/20/17 17:12:38 Initializing user log writer for /home/ubuntu/wikiflow/6_wikiflow_1sh_1s_annot/dags/ubuntu/pegasus/example_workflow/20170120T160222+0000/./example_workflow-0.dag.nodes.log, (10079.0.0)
01/20/17 17:12:43 Currently monitoring 1 Condor log file(s)
01/20/17 17:12:43 Event: ULOG_POST_SCRIPT_TERMINATED for Condor Node clean_up_local_level_7_0 (10079.0.0)
01/20/17 17:12:43 POST Script of Node clean_up_local_level_7_0 completed successfully.
01/20/17 17:12:43 DAG status: 0 (DAG_STATUS_OK)
01/20/17 17:12:43 Of 30 nodes total:
01/20/17 17:12:43  Done     Pre   Queued    Post   Ready   Un-Ready   Failed
01/20/17 17:12:43   ===     ===      ===     ===     ===        ===      ===
01/20/17 17:12:43    29       0        0       0       1          0        0
01/20/17 17:12:43 0 job proc(s) currently held
01/20/17 17:12:48 Submitting Condor Node cleanup_example_workflow_0_local job(s)...
01/20/17 17:12:48 Adding a DAGMan workflow log /home/ubuntu/wikiflow/6_wikiflow_1sh_1s_annot/dags/ubuntu/pegasus/example_workflow/20170120T160222+0000/./example_workflow-0.dag.nodes.log
01/20/17 17:12:48 Masking the events recorded in the DAGMAN workflow log
01/20/17 17:12:48 Mask for workflow log is 0,1,2,4,5,7,9,10,11,12,13,16,17,24,27
01/20/17 17:12:48 submitting: /usr/bin/condor_submit -a dag_node_name' '=' 'cleanup_example_workflow_0_local -a +DAGManJobId' '=' '10050 -a DAGManJobId' '=' '10050 -a submit_event_notes' '=' 'DAG' 'Node:' 'cleanup_example_workflow_0_local -a dagman_log' '=' '/home/ubuntu/wikiflow/6_wikiflow_1sh_1s_annot/dags/ubuntu/pegasus/example_workflow/20170120T160222+0000/./example_workflow-0.dag.nodes.log -a +DAGManNodesMask' '=' '"0,1,2,4,5,7,9,10,11,12,13,16,17,24,27" -a DAG_STATUS' '=' '0 -a FAILED_COUNT' '=' '0 -a +DAGParentNodeNames' '=' '"clean_up_local_level_3_0,clean_up_local_level_4_0,clean_up_local_level_5_0,clean_up_local_level_5_1,clean_up_local_level_6_0,clean_up_local_level_6_1,clean_up_local_level_7_0" -a notification' '=' 'never 00/00/cleanup_example_workflow_0_local.sub
01/20/17 17:12:49 From submit: Submitting job(s).
01/20/17 17:12:49 From submit: 1 job(s) submitted to cluster 10080.
01/20/17 17:12:49 	assigned Condor ID (10080.0.0)
01/20/17 17:12:49 Just submitted 1 job this cycle...
01/20/17 17:12:49 Currently monitoring 1 Condor log file(s)
01/20/17 17:12:49 Reassigning the id of job cleanup_example_workflow_0_local from (10080.0.0) to (10080.0.0)
01/20/17 17:12:49 Event: ULOG_SUBMIT for Condor Node cleanup_example_workflow_0_local (10080.0.0)
01/20/17 17:12:49 Number of idle job procs: 1
01/20/17 17:12:49 DAG status: 0 (DAG_STATUS_OK)
01/20/17 17:12:49 Of 30 nodes total:
01/20/17 17:12:49  Done     Pre   Queued    Post   Ready   Un-Ready   Failed
01/20/17 17:12:49   ===     ===      ===     ===     ===        ===      ===
01/20/17 17:12:49    29       0        1       0       0          0        0
01/20/17 17:12:49 0 job proc(s) currently held
01/20/17 17:12:54 Currently monitoring 1 Condor log file(s)
01/20/17 17:12:54 Event: ULOG_EXECUTE for Condor Node cleanup_example_workflow_0_local (10080.0.0)
01/20/17 17:12:54 Number of idle job procs: 0
01/20/17 17:12:54 Event: ULOG_JOB_TERMINATED for Condor Node cleanup_example_workflow_0_local (10080.0.0)
01/20/17 17:12:54 Number of idle job procs: 0
01/20/17 17:12:54 Node cleanup_example_workflow_0_local job proc (10080.0.0) completed successfully.
01/20/17 17:12:54 Node cleanup_example_workflow_0_local job completed
01/20/17 17:12:54 DAG status: 0 (DAG_STATUS_OK)
01/20/17 17:12:54 Of 30 nodes total:
01/20/17 17:12:54  Done     Pre   Queued    Post   Ready   Un-Ready   Failed
01/20/17 17:12:54   ===     ===      ===     ===     ===        ===      ===
01/20/17 17:12:54    30       0        0       0       0          0        0
01/20/17 17:12:54 0 job proc(s) currently held
01/20/17 17:12:54 All jobs Completed!
01/20/17 17:12:54 Note: 0 total job deferrals because of -MaxJobs limit (0)
01/20/17 17:12:54 Note: 0 total job deferrals because of -MaxIdle limit (1000)
01/20/17 17:12:54 Note: 0 total job deferrals because of node category throttles
01/20/17 17:12:54 Note: 0 total PRE script deferrals because of -MaxPre limit (20) or DEFER
01/20/17 17:12:54 Note: 0 total POST script deferrals because of -MaxPost limit (20) or DEFER
01/20/17 17:12:54 DAG status: 0 (DAG_STATUS_OK)
01/20/17 17:12:54 Of 30 nodes total:
01/20/17 17:12:54  Done     Pre   Queued    Post   Ready   Un-Ready   Failed
01/20/17 17:12:54   ===     ===      ===     ===     ===        ===      ===
01/20/17 17:12:54    30       0        0       0       0          0        0
01/20/17 17:12:54 0 job proc(s) currently held
01/20/17 17:12:54 Wrote metrics file example_workflow-0.dag.metrics.
01/20/17 17:12:54 Reporting metrics to Pegasus metrics server(s); output is in example_workflow-0.dag.metrics.out.
01/20/17 17:12:54 Running command </usr/lib/condor/libexec/condor_dagman_metrics_reporter -f example_workflow-0.dag.metrics -t 100>
01/20/17 17:12:54 Warning: mysin has length 0 (ignore if produced by DAGMan; see gittrac #4987, #5031)
01/20/17 17:12:54 **** condor_scheduniv_exec.10050.0 (condor_DAGMAN) pid 92612 EXITING WITH STATUS 0
