1477344925 INTERNAL *** MONITORD_STARTED ***
1477344923 INTERNAL *** DAGMAN_STARTED 542.0 ***
1477344927 create_dir_example_workflow_0_local SUBMIT 543.0 local - 1
1477344932 create_dir_example_workflow_0_local EXECUTE 543.0 local - 1
1477344932 create_dir_example_workflow_0_local JOB_TERMINATED 543.0 local - 1
1477344932 create_dir_example_workflow_0_local JOB_SUCCESS 0 local - 1
1477344932 create_dir_example_workflow_0_local POST_SCRIPT_STARTED 543.0 local - 1
1477344937 create_dir_example_workflow_0_local POST_SCRIPT_TERMINATED 543.0 local - 1
1477344937 create_dir_example_workflow_0_local POST_SCRIPT_SUCCESS 0 local - 1
1477344943 stage_in_local_local_0_0 SUBMIT 544.0 local - 2
1477344943 stage_in_local_local_6_0 SUBMIT 545.0 local - 3
1477344943 stage_in_local_local_0_0 EXECUTE 544.0 local - 2
1477344943 stage_in_remote_local_2_1 SUBMIT 546.0 local - 4
1477344943 stage_in_remote_local_5_0 SUBMIT 547.0 local - 5
1477344943 stage_in_local_local_2_0 SUBMIT 548.0 local - 6
1477344948 stage_in_local_local_0_0 JOB_TERMINATED 544.0 local - 2
1477344948 stage_in_local_local_0_0 JOB_SUCCESS 0 local - 2
1477344948 stage_in_local_local_0_0 POST_SCRIPT_STARTED 544.0 local - 2
1477344948 stage_in_local_local_6_0 EXECUTE 545.0 local - 3
1477344948 stage_in_local_local_2_0 EXECUTE 548.0 local - 6
1477344948 stage_in_remote_local_5_0 EXECUTE 547.0 local - 5
1477344948 stage_in_remote_local_2_1 EXECUTE 546.0 local - 4
1477344948 stage_in_remote_local_5_0 JOB_TERMINATED 547.0 local - 5
1477344948 stage_in_remote_local_5_0 JOB_SUCCESS 0 local - 5
1477344948 stage_in_remote_local_5_0 POST_SCRIPT_STARTED 547.0 local - 5
1477344948 stage_in_local_local_6_0 JOB_TERMINATED 545.0 local - 3
1477344948 stage_in_local_local_6_0 JOB_SUCCESS 0 local - 3
1477344948 stage_in_local_local_6_0 POST_SCRIPT_STARTED 545.0 local - 3
1477344948 stage_in_remote_local_2_1 JOB_TERMINATED 546.0 local - 4
1477344948 stage_in_remote_local_2_1 JOB_SUCCESS 0 local - 4
1477344948 stage_in_remote_local_2_1 POST_SCRIPT_STARTED 546.0 local - 4
1477344948 stage_in_local_local_2_1 SUBMIT 549.0 local - 7
1477344948 stage_in_remote_local_1_0 SUBMIT 550.0 local - 8
1477344948 stage_in_local_local_3_0 SUBMIT 551.0 local - 9
1477344948 stage_in_local_local_5_0 SUBMIT 552.0 local - 10
1477344948 stage_in_local_local_4_0 SUBMIT 553.0 local - 11
1477344953 stage_in_local_local_6_0 POST_SCRIPT_TERMINATED 545.0 local - 3
1477344953 stage_in_local_local_6_0 POST_SCRIPT_SUCCESS 0 local - 3
1477344953 stage_in_remote_local_2_1 POST_SCRIPT_TERMINATED 546.0 local - 4
1477344953 stage_in_remote_local_2_1 POST_SCRIPT_SUCCESS 0 local - 4
1477344953 stage_in_local_local_0_0 POST_SCRIPT_TERMINATED 544.0 local - 2
1477344953 stage_in_local_local_0_0 POST_SCRIPT_SUCCESS 0 local - 2
1477344953 stage_in_remote_local_5_0 POST_SCRIPT_TERMINATED 547.0 local - 5
1477344953 stage_in_remote_local_5_0 POST_SCRIPT_SUCCESS 0 local - 5
1477344953 stage_in_local_local_2_0 JOB_TERMINATED 548.0 local - 6
1477344953 stage_in_local_local_2_0 JOB_SUCCESS 0 local - 6
1477344953 stage_in_local_local_2_0 POST_SCRIPT_STARTED 548.0 local - 6
1477344953 stage_in_remote_local_1_0 EXECUTE 550.0 local - 8
1477344953 stage_in_local_local_3_0 EXECUTE 551.0 local - 9
1477344953 stage_in_local_local_4_0 EXECUTE 553.0 local - 11
1477344953 stage_in_local_local_2_1 EXECUTE 549.0 local - 7
1477344953 stage_in_local_local_5_0 EXECUTE 552.0 local - 10
1477344953 stage_in_remote_local_1_0 JOB_TERMINATED 550.0 local - 8
1477344953 stage_in_remote_local_1_0 JOB_SUCCESS 0 local - 8
1477344953 stage_in_remote_local_1_0 POST_SCRIPT_STARTED 550.0 local - 8
1477344953 stage_in_local_local_4_0 JOB_TERMINATED 553.0 local - 11
1477344953 stage_in_local_local_4_0 JOB_SUCCESS 0 local - 11
1477344953 stage_in_local_local_4_0 POST_SCRIPT_STARTED 553.0 local - 11
1477344953 stage_in_local_local_3_0 JOB_TERMINATED 551.0 local - 9
1477344953 stage_in_local_local_3_0 JOB_SUCCESS 0 local - 9
1477344953 stage_in_local_local_3_0 POST_SCRIPT_STARTED 551.0 local - 9
1477344953 stage_in_local_local_2_1 JOB_TERMINATED 549.0 local - 7
1477344953 stage_in_local_local_2_1 JOB_SUCCESS 0 local - 7
1477344953 stage_in_local_local_2_1 POST_SCRIPT_STARTED 549.0 local - 7
1477344953 stage_in_local_local_5_0 JOB_TERMINATED 552.0 local - 10
1477344953 stage_in_local_local_5_0 JOB_SUCCESS 0 local - 10
1477344953 stage_in_local_local_5_0 POST_SCRIPT_STARTED 552.0 local - 10
1477344953 stage_in_local_local_7_0 SUBMIT 554.0 local - 12
1477344953 stage_in_local_local_1_0 SUBMIT 555.0 local - 13
1477344953 stage_in_remote_local_4_1 SUBMIT 556.0 local - 14
1477344953 stage_in_remote_local_4_0 SUBMIT 557.0 local - 15
1477344953 stage_in_remote_local_2_0 SUBMIT 558.0 local - 16
1477344959 stage_in_remote_local_1_0 POST_SCRIPT_TERMINATED 550.0 local - 8
1477344959 stage_in_remote_local_1_0 POST_SCRIPT_SUCCESS 0 local - 8
1477344959 stage_in_local_local_5_0 POST_SCRIPT_TERMINATED 552.0 local - 10
1477344959 stage_in_local_local_5_0 POST_SCRIPT_SUCCESS 0 local - 10
1477344959 stage_in_local_local_2_0 POST_SCRIPT_TERMINATED 548.0 local - 6
1477344959 stage_in_local_local_2_0 POST_SCRIPT_SUCCESS 0 local - 6
1477344959 stage_in_local_local_3_0 POST_SCRIPT_TERMINATED 551.0 local - 9
1477344959 stage_in_local_local_3_0 POST_SCRIPT_SUCCESS 0 local - 9
1477344959 stage_in_local_local_2_1 POST_SCRIPT_TERMINATED 549.0 local - 7
1477344959 stage_in_local_local_2_1 POST_SCRIPT_SUCCESS 0 local - 7
1477344959 stage_in_local_local_4_0 POST_SCRIPT_TERMINATED 553.0 local - 11
1477344959 stage_in_local_local_4_0 POST_SCRIPT_SUCCESS 0 local - 11
1477344959 stage_in_remote_local_2_0 EXECUTE 558.0 local - 16
1477344959 stage_in_local_local_7_0 EXECUTE 554.0 local - 12
1477344959 stage_in_remote_local_4_0 EXECUTE 557.0 local - 15
1477344959 stage_in_remote_local_4_1 EXECUTE 556.0 local - 14
1477344959 stage_in_local_local_1_0 EXECUTE 555.0 local - 13
1477344959 stage_in_remote_local_3_1 SUBMIT 559.0 local - 17
1477344959 stage_in_remote_local_3_0 SUBMIT 560.0 local - 18
1477344959 stage_in_remote_local_6_0 SUBMIT 561.0 local - 19
1477344959 init_0_ID0000001 SUBMIT 562.0 condorpool - 20
1477344964 stage_in_local_local_7_0 JOB_TERMINATED 554.0 local - 12
1477344964 stage_in_local_local_7_0 JOB_SUCCESS 0 local - 12
1477344964 stage_in_local_local_7_0 POST_SCRIPT_STARTED 554.0 local - 12
1477344964 stage_in_remote_local_6_0 EXECUTE 561.0 local - 19
1477344964 stage_in_remote_local_4_1 JOB_TERMINATED 556.0 local - 14
1477344964 stage_in_remote_local_4_1 JOB_SUCCESS 0 local - 14
1477344964 stage_in_remote_local_4_1 POST_SCRIPT_STARTED 556.0 local - 14
1477344964 stage_in_remote_local_3_1 EXECUTE 559.0 local - 17
1477344964 stage_in_remote_local_3_0 EXECUTE 560.0 local - 18
1477344964 stage_in_local_local_1_0 JOB_TERMINATED 555.0 local - 13
1477344964 stage_in_local_local_1_0 JOB_SUCCESS 0 local - 13
1477344964 stage_in_local_local_1_0 POST_SCRIPT_STARTED 555.0 local - 13
1477344964 stage_in_remote_local_2_0 JOB_TERMINATED 558.0 local - 16
1477344964 stage_in_remote_local_2_0 JOB_SUCCESS 0 local - 16
1477344964 stage_in_remote_local_2_0 POST_SCRIPT_STARTED 558.0 local - 16
1477344964 stage_in_remote_local_4_0 JOB_TERMINATED 557.0 local - 15
1477344964 stage_in_remote_local_4_0 JOB_SUCCESS 0 local - 15
1477344964 stage_in_remote_local_4_0 POST_SCRIPT_STARTED 557.0 local - 15
1477344964 stage_in_remote_local_6_0 JOB_TERMINATED 561.0 local - 19
1477344964 stage_in_remote_local_6_0 JOB_SUCCESS 0 local - 19
1477344964 stage_in_remote_local_6_0 POST_SCRIPT_STARTED 561.0 local - 19
1477344964 init_0_ID0000001 EXECUTE 562.0 condorpool - 20
1477344964 stage_in_remote_local_3_1 JOB_TERMINATED 559.0 local - 17
1477344964 stage_in_remote_local_3_1 JOB_SUCCESS 0 local - 17
1477344964 stage_in_remote_local_3_1 POST_SCRIPT_STARTED 559.0 local - 17
1477344969 stage_in_local_local_7_0 POST_SCRIPT_TERMINATED 554.0 local - 12
1477344969 stage_in_local_local_7_0 POST_SCRIPT_SUCCESS 0 local - 12
1477344969 stage_in_local_local_1_0 POST_SCRIPT_TERMINATED 555.0 local - 13
1477344969 stage_in_local_local_1_0 POST_SCRIPT_SUCCESS 0 local - 13
1477344969 stage_in_remote_local_3_1 POST_SCRIPT_TERMINATED 559.0 local - 17
1477344969 stage_in_remote_local_3_1 POST_SCRIPT_SUCCESS 0 local - 17
1477344969 stage_in_remote_local_4_0 POST_SCRIPT_TERMINATED 557.0 local - 15
1477344969 stage_in_remote_local_4_0 POST_SCRIPT_SUCCESS 0 local - 15
1477344969 stage_in_remote_local_6_0 POST_SCRIPT_TERMINATED 561.0 local - 19
1477344969 stage_in_remote_local_6_0 POST_SCRIPT_SUCCESS 0 local - 19
1477344969 stage_in_remote_local_2_0 POST_SCRIPT_TERMINATED 558.0 local - 16
1477344969 stage_in_remote_local_2_0 POST_SCRIPT_SUCCESS 0 local - 16
1477344969 stage_in_remote_local_4_1 POST_SCRIPT_TERMINATED 556.0 local - 14
1477344969 stage_in_remote_local_4_1 POST_SCRIPT_SUCCESS 0 local - 14
1477344969 stage_in_remote_local_3_0 JOB_TERMINATED 560.0 local - 18
1477344969 stage_in_remote_local_3_0 JOB_SUCCESS 0 local - 18
1477344969 stage_in_remote_local_3_0 POST_SCRIPT_STARTED 560.0 local - 18
1477344974 stage_in_remote_local_3_0 POST_SCRIPT_TERMINATED 560.0 local - 18
1477344974 stage_in_remote_local_3_0 POST_SCRIPT_SUCCESS 0 local - 18
1477345009 init_0_ID0000001 JOB_TERMINATED 562.0 condorpool - 20
1477345009 init_0_ID0000001 JOB_SUCCESS 0 condorpool - 20
1477345009 init_0_ID0000001 POST_SCRIPT_STARTED 562.0 condorpool - 20
1477345014 init_0_ID0000001 POST_SCRIPT_TERMINATED 562.0 condorpool - 20
1477345014 init_0_ID0000001 POST_SCRIPT_SUCCESS 0 condorpool - 20
1477345019 clean_up_local_level_3_0 SUBMIT 563.0 local - 21
1477345019 clean_up_local_level_3_0 EXECUTE 563.0 local - 21
1477345019 generalinfo_0_ID0000002 SUBMIT 564.0 condorpool - 22
1477345024 generalinfo_0_ID0000002 EXECUTE 564.0 condorpool - 22
1477345024 clean_up_local_level_3_0 JOB_TERMINATED 563.0 local - 21
1477345024 clean_up_local_level_3_0 JOB_SUCCESS 0 local - 21
1477345024 clean_up_local_level_3_0 POST_SCRIPT_STARTED 563.0 local - 21
1477345030 clean_up_local_level_3_0 POST_SCRIPT_TERMINATED 563.0 local - 21
1477345030 clean_up_local_level_3_0 POST_SCRIPT_SUCCESS 0 local - 21
1477345265 generalinfo_0_ID0000002 JOB_TERMINATED 564.0 condorpool - 22
1477345265 generalinfo_0_ID0000002 JOB_SUCCESS 0 condorpool - 22
1477345265 generalinfo_0_ID0000002 POST_SCRIPT_STARTED 564.0 condorpool - 22
1477345270 generalinfo_0_ID0000002 POST_SCRIPT_TERMINATED 564.0 condorpool - 22
1477345270 generalinfo_0_ID0000002 POST_SCRIPT_SUCCESS 0 condorpool - 22
1477345275 clean_up_local_level_4_0 SUBMIT 565.0 local - 23
1477345275 clean_up_local_level_4_0 EXECUTE 565.0 local - 23
1477345275 statscpumemory_0_ID0000003 SUBMIT 566.0 condorpool - 24
1477345275 medianmemory_0_ID0000005 SUBMIT 567.0 condorpool - 25
1477345275 mediancpu_0_ID0000004 SUBMIT 568.0 condorpool - 26
1477345280 statscpumemory_0_ID0000003 EXECUTE 566.0 condorpool - 24
1477345280 clean_up_local_level_4_0 JOB_TERMINATED 565.0 local - 23
1477345280 clean_up_local_level_4_0 JOB_SUCCESS 0 local - 23
1477345280 clean_up_local_level_4_0 POST_SCRIPT_STARTED 565.0 local - 23
1477345285 clean_up_local_level_4_0 POST_SCRIPT_TERMINATED 565.0 local - 23
1477345285 clean_up_local_level_4_0 POST_SCRIPT_SUCCESS 0 local - 23
1477345300 mediancpu_0_ID0000004 EXECUTE 568.0 condorpool - 26
1477345300 medianmemory_0_ID0000005 EXECUTE 567.0 condorpool - 25
1477345800 statscpumemory_0_ID0000003 JOB_TERMINATED 566.0 condorpool - 24
1477345800 statscpumemory_0_ID0000003 JOB_SUCCESS 0 condorpool - 24
1477345800 statscpumemory_0_ID0000003 POST_SCRIPT_STARTED 566.0 condorpool - 24
1477345805 statscpumemory_0_ID0000003 POST_SCRIPT_TERMINATED 566.0 condorpool - 24
1477345805 statscpumemory_0_ID0000003 POST_SCRIPT_SUCCESS 0 condorpool - 24
1477345830 medianmemory_0_ID0000005 JOB_TERMINATED 567.0 condorpool - 25
1477345830 medianmemory_0_ID0000005 JOB_SUCCESS 0 condorpool - 25
1477345830 medianmemory_0_ID0000005 POST_SCRIPT_STARTED 567.0 condorpool - 25
1477345835 medianmemory_0_ID0000005 POST_SCRIPT_TERMINATED 567.0 condorpool - 25
1477345835 medianmemory_0_ID0000005 POST_SCRIPT_SUCCESS 0 condorpool - 25
1477345841 clean_up_local_level_5_0 SUBMIT 569.0 local - 27
1477345846 clean_up_local_level_5_0 EXECUTE 569.0 local - 27
1477345851 clean_up_local_level_5_0 JOB_TERMINATED 569.0 local - 27
1477345851 clean_up_local_level_5_0 JOB_SUCCESS 0 local - 27
1477345851 clean_up_local_level_5_0 POST_SCRIPT_STARTED 569.0 local - 27
1477345856 clean_up_local_level_5_0 POST_SCRIPT_TERMINATED 569.0 local - 27
1477345856 clean_up_local_level_5_0 POST_SCRIPT_SUCCESS 0 local - 27
1477345861 mediancpu_0_ID0000004 JOB_TERMINATED 568.0 condorpool - 26
1477345861 mediancpu_0_ID0000004 JOB_SUCCESS 0 condorpool - 26
1477345861 mediancpu_0_ID0000004 POST_SCRIPT_STARTED 568.0 condorpool - 26
1477345866 mediancpu_0_ID0000004 POST_SCRIPT_TERMINATED 568.0 condorpool - 26
1477345866 mediancpu_0_ID0000004 POST_SCRIPT_SUCCESS 0 condorpool - 26
1477345871 taskevent_0_ID0000006 SUBMIT 570.0 condorpool - 28
1477345871 clean_up_local_level_5_1 SUBMIT 571.0 local - 29
1477345876 taskevent_0_ID0000006 EXECUTE 570.0 condorpool - 28
1477345881 clean_up_local_level_5_1 EXECUTE 571.0 local - 29
1477345881 clean_up_local_level_5_1 JOB_TERMINATED 571.0 local - 29
1477345881 clean_up_local_level_5_1 JOB_SUCCESS 0 local - 29
1477345881 clean_up_local_level_5_1 POST_SCRIPT_STARTED 571.0 local - 29
1477345886 clean_up_local_level_5_1 POST_SCRIPT_TERMINATED 571.0 local - 29
1477345886 clean_up_local_level_5_1 POST_SCRIPT_SUCCESS 0 local - 29
1477346807 taskevent_0_ID0000006 JOB_TERMINATED 570.0 condorpool - 28
1477346807 taskevent_0_ID0000006 JOB_SUCCESS 0 condorpool - 28
1477346807 taskevent_0_ID0000006 POST_SCRIPT_STARTED 570.0 condorpool - 28
1477346812 taskevent_0_ID0000006 POST_SCRIPT_TERMINATED 570.0 condorpool - 28
1477346812 taskevent_0_ID0000006 POST_SCRIPT_SUCCESS 0 condorpool - 28
1477346817 clean_up_local_level_6_0 SUBMIT 572.0 local - 30
1477346817 clean_up_local_level_6_0 EXECUTE 572.0 local - 30
1477346817 calculateratio_0_ID0000007 SUBMIT 573.0 condorpool - 31
1477346827 clean_up_local_level_6_0 JOB_TERMINATED 572.0 local - 30
1477346827 clean_up_local_level_6_0 JOB_SUCCESS 0 local - 30
1477346827 clean_up_local_level_6_0 POST_SCRIPT_STARTED 572.0 local - 30
1477346832 clean_up_local_level_6_0 POST_SCRIPT_TERMINATED 572.0 local - 30
1477346832 clean_up_local_level_6_0 POST_SCRIPT_SUCCESS 0 local - 30
1477346842 calculateratio_0_ID0000007 EXECUTE 573.0 condorpool - 31
1477347583 calculateratio_0_ID0000007 JOB_TERMINATED 573.0 condorpool - 31
1477347583 calculateratio_0_ID0000007 JOB_SUCCESS 0 condorpool - 31
1477347583 calculateratio_0_ID0000007 POST_SCRIPT_STARTED 573.0 condorpool - 31
1477347588 calculateratio_0_ID0000007 POST_SCRIPT_TERMINATED 573.0 condorpool - 31
1477347588 calculateratio_0_ID0000007 POST_SCRIPT_SUCCESS 0 condorpool - 31
1477347593 clean_up_local_level_7_0 SUBMIT 574.0 local - 32
1477347593 clean_up_local_level_7_0 EXECUTE 574.0 local - 32
1477347593 averageratioevent_0_ID0000008 SUBMIT 575.0 condorpool - 33
1477347598 averageratioevent_0_ID0000008 EXECUTE 575.0 condorpool - 33
1477347603 clean_up_local_level_7_0 JOB_TERMINATED 574.0 local - 32
1477347603 clean_up_local_level_7_0 JOB_SUCCESS 0 local - 32
1477347603 clean_up_local_level_7_0 POST_SCRIPT_STARTED 574.0 local - 32
1477347608 clean_up_local_level_7_0 POST_SCRIPT_TERMINATED 574.0 local - 32
1477347608 clean_up_local_level_7_0 POST_SCRIPT_SUCCESS 0 local - 32
1477347663 averageratioevent_0_ID0000008 JOB_TERMINATED 575.0 condorpool - 33
1477347663 averageratioevent_0_ID0000008 JOB_SUCCESS 0 condorpool - 33
1477347663 averageratioevent_0_ID0000008 POST_SCRIPT_STARTED 575.0 condorpool - 33
1477347668 averageratioevent_0_ID0000008 POST_SCRIPT_TERMINATED 575.0 condorpool - 33
1477347668 averageratioevent_0_ID0000008 POST_SCRIPT_SUCCESS 0 condorpool - 33
1477347674 clean_up_local_level_8_0 SUBMIT 576.0 local - 34
1477347674 clean_up_local_level_8_0 EXECUTE 576.0 local - 34
1477347674 analysisevent_0_ID0000009 SUBMIT 577.0 condorpool - 35
1477347679 analysisevent_0_ID0000009 EXECUTE 577.0 condorpool - 35
1477347679 analysisevent_0_ID0000009 JOB_TERMINATED 577.0 condorpool - 35
1477347679 analysisevent_0_ID0000009 JOB_SUCCESS 0 condorpool - 35
1477347679 analysisevent_0_ID0000009 POST_SCRIPT_STARTED 577.0 condorpool - 35
1477347679 clean_up_local_level_8_0 JOB_TERMINATED 576.0 local - 34
1477347679 clean_up_local_level_8_0 JOB_SUCCESS 0 local - 34
1477347679 clean_up_local_level_8_0 POST_SCRIPT_STARTED 576.0 local - 34
1477347684 clean_up_local_level_8_0 POST_SCRIPT_TERMINATED 576.0 local - 34
1477347684 clean_up_local_level_8_0 POST_SCRIPT_SUCCESS 0 local - 34
1477347684 analysisevent_0_ID0000009 POST_SCRIPT_TERMINATED 577.0 condorpool - 35
1477347684 analysisevent_0_ID0000009 POST_SCRIPT_SUCCESS 0 condorpool - 35
1477347689 terminate_0_ID0000010 SUBMIT 578.0 condorpool - 36
1477347689 clean_up_local_level_9_0 SUBMIT 579.0 local - 37
1477347694 terminate_0_ID0000010 EXECUTE 578.0 condorpool - 36
1477347694 terminate_0_ID0000010 JOB_TERMINATED 578.0 condorpool - 36
1477347694 terminate_0_ID0000010 JOB_SUCCESS 0 condorpool - 36
1477347694 terminate_0_ID0000010 POST_SCRIPT_STARTED 578.0 condorpool - 36
1477347699 terminate_0_ID0000010 POST_SCRIPT_TERMINATED 578.0 condorpool - 36
1477347699 terminate_0_ID0000010 POST_SCRIPT_SUCCESS 0 condorpool - 36
1477347699 clean_up_local_level_9_0 EXECUTE 579.0 local - 37
1477347704 clean_up_local_level_9_0 JOB_TERMINATED 579.0 local - 37
1477347704 clean_up_local_level_9_0 JOB_SUCCESS 0 local - 37
1477347704 clean_up_local_level_9_0 POST_SCRIPT_STARTED 579.0 local - 37
1477347704 clean_up_local_level_10_0 SUBMIT 580.0 local - 38
1477347709 clean_up_local_level_10_0 EXECUTE 580.0 local - 38
1477347709 clean_up_local_level_9_0 POST_SCRIPT_TERMINATED 579.0 local - 37
1477347709 clean_up_local_level_9_0 POST_SCRIPT_SUCCESS 0 local - 37
1477347709 clean_up_local_level_10_0 JOB_TERMINATED 580.0 local - 38
1477347709 clean_up_local_level_10_0 JOB_SUCCESS 0 local - 38
1477347709 clean_up_local_level_10_0 POST_SCRIPT_STARTED 580.0 local - 38
1477347714 clean_up_local_level_10_0 POST_SCRIPT_TERMINATED 580.0 local - 38
1477347714 clean_up_local_level_10_0 POST_SCRIPT_SUCCESS 0 local - 38
1477347719 cleanup_example_workflow_0_local SUBMIT 581.0 local - 39
1477347724 cleanup_example_workflow_0_local EXECUTE 581.0 local - 39
1477347724 cleanup_example_workflow_0_local JOB_TERMINATED 581.0 local - 39
1477347724 cleanup_example_workflow_0_local JOB_SUCCESS 0 local - 39
1477347724 INTERNAL *** DAGMAN_FINISHED 0 ***
1477347726 INTERNAL *** MONITORD_FINISHED 0 ***
