2016-12-15 13:11:58,777:INFO:pegasus-monitord(68): pegasus-monitord starting - pid 215555 
2016-12-15 13:11:58,796:INFO:pegasus-monitord(319): Final Command line options are: ['-N', 'example_workflow-0.dag.dagman.out']
Created Pegasus database in: sqlite:////home/ubuntu/more_data/more_more_data/9_1_workflow_full_10files_secondary_nocons_nosh_nors_noannot_with_proj_3s/dags/ubuntu/pegasus/example_workflow/20161215T131153+0000/example_workflow-0.stampede.db
2016-12-15 13:11:59,200:INFO:Pegasus.monitoring.event_output(315): output type=DB namespace=stampede. name=sqlite:////home/ubuntu/more_data/more_more_data/9_1_workflow_full_10files_secondary_nocons_nosh_nors_noannot_with_proj_3s/dags/ubuntu/pegasus/example_workflow/20161215T131153+0000/example_workflow-0.stampede.db
2016-12-15 13:11:59,257:INFO:Pegasus.monitoring.event_output(315): output type=DB namespace=dashboard. name=sqlite:////home/ubuntu/.pegasus/workflow.db
2016-12-15 13:11:59,257:INFO:pegasus-monitord(1010): monitord started in fast start mode
2016-12-15 13:11:59,273:INFO:Pegasus.monitoring.workflow(360): cannot open state file /home/ubuntu/more_data/more_more_data/9_1_workflow_full_10files_secondary_nocons_nosh_nors_noannot_with_proj_3s/dags/ubuntu/pegasus/example_workflow/20161215T131153+0000/monitord.info, continuing without state...
2016-12-15 13:11:59,274:INFO:Pegasus.monitoring.workflow(937): creating new file /home/ubuntu/more_data/more_more_data/9_1_workflow_full_10files_secondary_nocons_nosh_nors_noannot_with_proj_3s/dags/ubuntu/pegasus/example_workflow/20161215T131153+0000/jobstate.log
2016-12-15 13:11:59,274:INFO:Pegasus.monitoring.workflow(945): Appending to exisitng jobstate.log replay_mode 0 previous_processed_line 0
2016-12-15 13:11:59,274:INFO:Pegasus.monitoring.notifications(394): loading notifications from /home/ubuntu/more_data/more_more_data/9_1_workflow_full_10files_secondary_nocons_nosh_nors_noannot_with_proj_3s/dags/ubuntu/pegasus/example_workflow/20161215T131153+0000/example_workflow-0.notify
2016-12-15 13:11:59,486:INFO:pegasus-monitord(773): Using DAGMan version 8.4.8 80408
2016-12-15 13:11:59,487:INFO:pegasus-monitord(753): DAGMan runs at pid 215554
2016-12-15 13:11:59,489:INFO:pegasus-monitord(759): using dag example_workflow-0.dag
2016-12-15 13:11:59,490:INFO:Pegasus.monitoring.workflow(675): DAGMan starting with condor id 8865.0
2016-12-16 02:37:15,027:INFO:pegasus-monitord(733): DAGMan example_workflow-0.dag finished with exit code 0
2016-12-16 02:37:16,036:INFO:pegasus-monitord(1169): workflow /home/ubuntu/more_data/more_more_data/9_1_workflow_full_10files_secondary_nocons_nosh_nors_noannot_with_proj_3s/dags/ubuntu/pegasus/example_workflow/20161215T131153+0000/example_workflow-0.dag.dagman.out ended
2016-12-16 02:37:16,037:INFO:Pegasus.monitoring.workflow(1111): recovery file deleted: /home/ubuntu/more_data/more_more_data/9_1_workflow_full_10files_secondary_nocons_nosh_nors_noannot_with_proj_3s/dags/ubuntu/pegasus/example_workflow/20161215T131153+0000/monitord.recover
2016-12-16 02:37:16,037:INFO:pegasus-monitord(1343): finishing workflow: /home/ubuntu/more_data/more_more_data/9_1_workflow_full_10files_secondary_nocons_nosh_nors_noannot_with_proj_3s/dags/ubuntu/pegasus/example_workflow/20161215T131153+0000/example_workflow-0.dag.dagman.out
2016-12-16 02:37:16,037:INFO:pegasus-monitord(1395): finishing notifications...
2016-12-16 02:37:16,037:INFO:pegasus-monitord(1400): monitord process 215555 exiting with 0
2016-12-16 02:37:16,037:INFO:pegasus-monitord(182): DB flushing beginning
2016-12-16 02:37:16,038:INFO:Pegasus.db.workflow_loader.WorkflowLoader(1052): Executing final flush
2016-12-16 02:37:16,080:INFO:Pegasus.db.dashboard_loader.DashboardLoader(343): Executing final flush
2016-12-16 02:37:16,080:INFO:pegasus-monitord(196): DB flushing ended
