000 (8323.000.000) 11/07 15:33:30 Job submitted from host: <52.53.148.240:26379?addrs=52.53.148.240-26379>
    DAG Node: create_dir_example_workflow_0_local
    pool:local
...
001 (8323.000.000) 11/07 15:33:31 Job executing on host: <52.53.148.240:59459?addrs=52.53.148.240-59459>
...
005 (8323.000.000) 11/07 15:33:33 Job terminated.
	(1) Normal termination (return value 0)
		Usr 0 00:00:00, Sys 0 00:00:00  -  Run Remote Usage
		Usr 0 00:00:00, Sys 0 00:00:00  -  Run Local Usage
		Usr 0 00:00:00, Sys 0 00:00:00  -  Total Remote Usage
		Usr 0 00:00:00, Sys 0 00:00:00  -  Total Local Usage
	0  -  Run Bytes Sent By Job
	0  -  Run Bytes Received By Job
	0  -  Total Bytes Sent By Job
	0  -  Total Bytes Received By Job
...
016 (8323.000.000) 11/07 15:33:35 POST Script terminated.
	(1) Normal termination (return value 0)
    DAG Node: create_dir_example_workflow_0_local
...
000 (8324.000.000) 11/07 15:33:45 Job submitted from host: <52.53.148.240:26379?addrs=52.53.148.240-26379>
    DAG Node: stage_in_local_local_0_0
    pool:local
...
000 (8325.000.000) 11/07 15:33:45 Job submitted from host: <52.53.148.240:26379?addrs=52.53.148.240-26379>
    DAG Node: stage_in_local_local_6_0
    pool:local
...
001 (8324.000.000) 11/07 15:33:45 Job executing on host: <52.53.148.240:63095?addrs=52.53.148.240-63095>
...
000 (8326.000.000) 11/07 15:33:45 Job submitted from host: <52.53.148.240:26379?addrs=52.53.148.240-26379>
    DAG Node: stage_in_remote_local_2_1
    pool:local
...
000 (8327.000.000) 11/07 15:33:45 Job submitted from host: <52.53.148.240:26379?addrs=52.53.148.240-26379>
    DAG Node: stage_in_remote_local_5_0
    pool:local
...
000 (8328.000.000) 11/07 15:33:45 Job submitted from host: <52.53.148.240:26379?addrs=52.53.148.240-26379>
    DAG Node: stage_in_local_local_2_0
    pool:local
...
005 (8324.000.000) 11/07 15:33:47 Job terminated.
	(1) Normal termination (return value 0)
		Usr 0 00:00:00, Sys 0 00:00:00  -  Run Remote Usage
		Usr 0 00:00:00, Sys 0 00:00:00  -  Run Local Usage
		Usr 0 00:00:00, Sys 0 00:00:00  -  Total Remote Usage
		Usr 0 00:00:00, Sys 0 00:00:00  -  Total Local Usage
	0  -  Run Bytes Sent By Job
	0  -  Run Bytes Received By Job
	0  -  Total Bytes Sent By Job
	0  -  Total Bytes Received By Job
...
001 (8326.000.000) 11/07 15:33:47 Job executing on host: <52.53.148.240:9315?addrs=52.53.148.240-9315>
...
001 (8327.000.000) 11/07 15:33:47 Job executing on host: <52.53.148.240:18891?addrs=52.53.148.240-18891>
...
001 (8325.000.000) 11/07 15:33:47 Job executing on host: <52.53.148.240:41911?addrs=52.53.148.240-41911>
...
001 (8328.000.000) 11/07 15:33:47 Job executing on host: <52.53.148.240:7743?addrs=52.53.148.240-7743>
...
005 (8325.000.000) 11/07 15:33:50 Job terminated.
	(1) Normal termination (return value 0)
		Usr 0 00:00:00, Sys 0 00:00:00  -  Run Remote Usage
		Usr 0 00:00:00, Sys 0 00:00:00  -  Run Local Usage
		Usr 0 00:00:00, Sys 0 00:00:00  -  Total Remote Usage
		Usr 0 00:00:00, Sys 0 00:00:00  -  Total Local Usage
	0  -  Run Bytes Sent By Job
	0  -  Run Bytes Received By Job
	0  -  Total Bytes Sent By Job
	0  -  Total Bytes Received By Job
...
005 (8327.000.000) 11/07 15:33:50 Job terminated.
	(1) Normal termination (return value 0)
		Usr 0 00:00:00, Sys 0 00:00:00  -  Run Remote Usage
		Usr 0 00:00:00, Sys 0 00:00:00  -  Run Local Usage
		Usr 0 00:00:00, Sys 0 00:00:00  -  Total Remote Usage
		Usr 0 00:00:00, Sys 0 00:00:00  -  Total Local Usage
	0  -  Run Bytes Sent By Job
	0  -  Run Bytes Received By Job
	0  -  Total Bytes Sent By Job
	0  -  Total Bytes Received By Job
...
005 (8326.000.000) 11/07 15:33:50 Job terminated.
	(1) Normal termination (return value 0)
		Usr 0 00:00:00, Sys 0 00:00:00  -  Run Remote Usage
		Usr 0 00:00:00, Sys 0 00:00:00  -  Run Local Usage
		Usr 0 00:00:00, Sys 0 00:00:00  -  Total Remote Usage
		Usr 0 00:00:00, Sys 0 00:00:00  -  Total Local Usage
	0  -  Run Bytes Sent By Job
	0  -  Run Bytes Received By Job
	0  -  Total Bytes Sent By Job
	0  -  Total Bytes Received By Job
...
000 (8329.000.000) 11/07 15:33:50 Job submitted from host: <52.53.148.240:26379?addrs=52.53.148.240-26379>
    DAG Node: stage_in_local_local_2_1
    pool:local
...
001 (8329.000.000) 11/07 15:33:50 Job executing on host: <52.53.148.240:46526?addrs=52.53.148.240-46526>
...
000 (8330.000.000) 11/07 15:33:50 Job submitted from host: <52.53.148.240:26379?addrs=52.53.148.240-26379>
    DAG Node: stage_in_remote_local_1_0
    pool:local
...
001 (8330.000.000) 11/07 15:33:51 Job executing on host: <52.53.148.240:51977?addrs=52.53.148.240-51977>
...
000 (8331.000.000) 11/07 15:33:51 Job submitted from host: <52.53.148.240:26379?addrs=52.53.148.240-26379>
    DAG Node: stage_in_local_local_3_0
    pool:local
...
001 (8331.000.000) 11/07 15:33:51 Job executing on host: <52.53.148.240:42859?addrs=52.53.148.240-42859>
...
000 (8332.000.000) 11/07 15:33:51 Job submitted from host: <52.53.148.240:26379?addrs=52.53.148.240-26379>
    DAG Node: stage_in_local_local_5_0
    pool:local
...
000 (8333.000.000) 11/07 15:33:51 Job submitted from host: <52.53.148.240:26379?addrs=52.53.148.240-26379>
    DAG Node: stage_in_local_local_4_0
    pool:local
...
016 (8324.000.000) 11/07 15:33:52 POST Script terminated.
	(1) Normal termination (return value 0)
    DAG Node: stage_in_local_local_0_0
...
016 (8327.000.000) 11/07 15:33:52 POST Script terminated.
	(1) Normal termination (return value 0)
    DAG Node: stage_in_remote_local_5_0
...
016 (8326.000.000) 11/07 15:33:52 POST Script terminated.
	(1) Normal termination (return value 0)
    DAG Node: stage_in_remote_local_2_1
...
016 (8325.000.000) 11/07 15:33:52 POST Script terminated.
	(1) Normal termination (return value 0)
    DAG Node: stage_in_local_local_6_0
...
005 (8328.000.000) 11/07 15:33:52 Job terminated.
	(1) Normal termination (return value 0)
		Usr 0 00:00:00, Sys 0 00:00:00  -  Run Remote Usage
		Usr 0 00:00:00, Sys 0 00:00:00  -  Run Local Usage
		Usr 0 00:00:00, Sys 0 00:00:00  -  Total Remote Usage
		Usr 0 00:00:00, Sys 0 00:00:00  -  Total Local Usage
	0  -  Run Bytes Sent By Job
	0  -  Run Bytes Received By Job
	0  -  Total Bytes Sent By Job
	0  -  Total Bytes Received By Job
...
001 (8332.000.000) 11/07 15:33:52 Job executing on host: <52.53.148.240:60021?addrs=52.53.148.240-60021>
...
001 (8333.000.000) 11/07 15:33:52 Job executing on host: <52.53.148.240:44205?addrs=52.53.148.240-44205>
...
005 (8329.000.000) 11/07 15:33:53 Job terminated.
	(1) Normal termination (return value 0)
		Usr 0 00:00:00, Sys 0 00:00:00  -  Run Remote Usage
		Usr 0 00:00:00, Sys 0 00:00:00  -  Run Local Usage
		Usr 0 00:00:00, Sys 0 00:00:00  -  Total Remote Usage
		Usr 0 00:00:00, Sys 0 00:00:00  -  Total Local Usage
	0  -  Run Bytes Sent By Job
	0  -  Run Bytes Received By Job
	0  -  Total Bytes Sent By Job
	0  -  Total Bytes Received By Job
...
005 (8330.000.000) 11/07 15:33:53 Job terminated.
	(1) Normal termination (return value 0)
		Usr 0 00:00:00, Sys 0 00:00:00  -  Run Remote Usage
		Usr 0 00:00:00, Sys 0 00:00:00  -  Run Local Usage
		Usr 0 00:00:00, Sys 0 00:00:00  -  Total Remote Usage
		Usr 0 00:00:00, Sys 0 00:00:00  -  Total Local Usage
	0  -  Run Bytes Sent By Job
	0  -  Run Bytes Received By Job
	0  -  Total Bytes Sent By Job
	0  -  Total Bytes Received By Job
...
005 (8331.000.000) 11/07 15:33:53 Job terminated.
	(1) Normal termination (return value 0)
		Usr 0 00:00:00, Sys 0 00:00:00  -  Run Remote Usage
		Usr 0 00:00:00, Sys 0 00:00:00  -  Run Local Usage
		Usr 0 00:00:00, Sys 0 00:00:00  -  Total Remote Usage
		Usr 0 00:00:00, Sys 0 00:00:00  -  Total Local Usage
	0  -  Run Bytes Sent By Job
	0  -  Run Bytes Received By Job
	0  -  Total Bytes Sent By Job
	0  -  Total Bytes Received By Job
...
005 (8332.000.000) 11/07 15:33:54 Job terminated.
	(1) Normal termination (return value 0)
		Usr 0 00:00:00, Sys 0 00:00:00  -  Run Remote Usage
		Usr 0 00:00:00, Sys 0 00:00:00  -  Run Local Usage
		Usr 0 00:00:00, Sys 0 00:00:00  -  Total Remote Usage
		Usr 0 00:00:00, Sys 0 00:00:00  -  Total Local Usage
	0  -  Run Bytes Sent By Job
	0  -  Run Bytes Received By Job
	0  -  Total Bytes Sent By Job
	0  -  Total Bytes Received By Job
...
005 (8333.000.000) 11/07 15:33:54 Job terminated.
	(1) Normal termination (return value 0)
		Usr 0 00:00:00, Sys 0 00:00:00  -  Run Remote Usage
		Usr 0 00:00:00, Sys 0 00:00:00  -  Run Local Usage
		Usr 0 00:00:00, Sys 0 00:00:00  -  Total Remote Usage
		Usr 0 00:00:00, Sys 0 00:00:00  -  Total Local Usage
	0  -  Run Bytes Sent By Job
	0  -  Run Bytes Received By Job
	0  -  Total Bytes Sent By Job
	0  -  Total Bytes Received By Job
...
000 (8334.000.000) 11/07 15:33:56 Job submitted from host: <52.53.148.240:26379?addrs=52.53.148.240-26379>
    DAG Node: stage_in_local_local_7_0
    pool:local
...
000 (8335.000.000) 11/07 15:33:56 Job submitted from host: <52.53.148.240:26379?addrs=52.53.148.240-26379>
    DAG Node: stage_in_local_local_1_0
    pool:local
...
000 (8336.000.000) 11/07 15:33:56 Job submitted from host: <52.53.148.240:26379?addrs=52.53.148.240-26379>
    DAG Node: stage_in_remote_local_4_1
    pool:local
...
000 (8337.000.000) 11/07 15:33:56 Job submitted from host: <52.53.148.240:26379?addrs=52.53.148.240-26379>
    DAG Node: stage_in_remote_local_4_0
    pool:local
...
000 (8338.000.000) 11/07 15:33:56 Job submitted from host: <52.53.148.240:26379?addrs=52.53.148.240-26379>
    DAG Node: stage_in_remote_local_2_0
    pool:local
...
016 (8329.000.000) 11/07 15:33:56 POST Script terminated.
	(1) Normal termination (return value 0)
    DAG Node: stage_in_local_local_2_1
...
016 (8330.000.000) 11/07 15:33:57 POST Script terminated.
	(1) Normal termination (return value 0)
    DAG Node: stage_in_remote_local_1_0
...
016 (8333.000.000) 11/07 15:33:57 POST Script terminated.
	(1) Normal termination (return value 0)
    DAG Node: stage_in_local_local_4_0
...
016 (8328.000.000) 11/07 15:33:57 POST Script terminated.
	(1) Normal termination (return value 0)
    DAG Node: stage_in_local_local_2_0
...
016 (8332.000.000) 11/07 15:33:57 POST Script terminated.
	(1) Normal termination (return value 0)
    DAG Node: stage_in_local_local_5_0
...
016 (8331.000.000) 11/07 15:33:57 POST Script terminated.
	(1) Normal termination (return value 0)
    DAG Node: stage_in_local_local_3_0
...
001 (8335.000.000) 11/07 15:34:01 Job executing on host: <52.53.148.240:30009?addrs=52.53.148.240-30009>
...
001 (8334.000.000) 11/07 15:34:01 Job executing on host: <52.53.148.240:23505?addrs=52.53.148.240-23505>
...
001 (8337.000.000) 11/07 15:34:01 Job executing on host: <52.53.148.240:2751?addrs=52.53.148.240-2751>
...
001 (8338.000.000) 11/07 15:34:01 Job executing on host: <52.53.148.240:35261?addrs=52.53.148.240-35261>
...
001 (8336.000.000) 11/07 15:34:01 Job executing on host: <52.53.148.240:54539?addrs=52.53.148.240-54539>
...
000 (8339.000.000) 11/07 15:34:01 Job submitted from host: <52.53.148.240:26379?addrs=52.53.148.240-26379>
    DAG Node: stage_in_remote_local_3_1
    pool:local
...
000 (8340.000.000) 11/07 15:34:01 Job submitted from host: <52.53.148.240:26379?addrs=52.53.148.240-26379>
    DAG Node: stage_in_remote_local_3_0
    pool:local
...
000 (8341.000.000) 11/07 15:34:01 Job submitted from host: <52.53.148.240:26379?addrs=52.53.148.240-26379>
    DAG Node: stage_in_remote_local_6_0
    pool:local
...
000 (8342.000.000) 11/07 15:34:02 Job submitted from host: <52.53.148.240:26379?addrs=52.53.148.240-26379>
    DAG Node: init_0_ID0000001
    pool:condorpool
...
005 (8335.000.000) 11/07 15:34:04 Job terminated.
	(1) Normal termination (return value 0)
		Usr 0 00:00:00, Sys 0 00:00:00  -  Run Remote Usage
		Usr 0 00:00:00, Sys 0 00:00:00  -  Run Local Usage
		Usr 0 00:00:00, Sys 0 00:00:00  -  Total Remote Usage
		Usr 0 00:00:00, Sys 0 00:00:00  -  Total Local Usage
	0  -  Run Bytes Sent By Job
	0  -  Run Bytes Received By Job
	0  -  Total Bytes Sent By Job
	0  -  Total Bytes Received By Job
...
001 (8339.000.000) 11/07 15:34:04 Job executing on host: <52.53.148.240:46555?addrs=52.53.148.240-46555>
...
001 (8340.000.000) 11/07 15:34:04 Job executing on host: <52.53.148.240:61755?addrs=52.53.148.240-61755>
...
001 (8341.000.000) 11/07 15:34:04 Job executing on host: <52.53.148.240:57593?addrs=52.53.148.240-57593>
...
005 (8336.000.000) 11/07 15:34:04 Job terminated.
	(1) Normal termination (return value 0)
		Usr 0 00:00:00, Sys 0 00:00:00  -  Run Remote Usage
		Usr 0 00:00:00, Sys 0 00:00:00  -  Run Local Usage
		Usr 0 00:00:00, Sys 0 00:00:00  -  Total Remote Usage
		Usr 0 00:00:00, Sys 0 00:00:00  -  Total Local Usage
	0  -  Run Bytes Sent By Job
	0  -  Run Bytes Received By Job
	0  -  Total Bytes Sent By Job
	0  -  Total Bytes Received By Job
...
005 (8334.000.000) 11/07 15:34:04 Job terminated.
	(1) Normal termination (return value 0)
		Usr 0 00:00:00, Sys 0 00:00:00  -  Run Remote Usage
		Usr 0 00:00:00, Sys 0 00:00:00  -  Run Local Usage
		Usr 0 00:00:00, Sys 0 00:00:00  -  Total Remote Usage
		Usr 0 00:00:00, Sys 0 00:00:00  -  Total Local Usage
	0  -  Run Bytes Sent By Job
	0  -  Run Bytes Received By Job
	0  -  Total Bytes Sent By Job
	0  -  Total Bytes Received By Job
...
005 (8337.000.000) 11/07 15:34:06 Job terminated.
	(1) Normal termination (return value 0)
		Usr 0 00:00:00, Sys 0 00:00:00  -  Run Remote Usage
		Usr 0 00:00:00, Sys 0 00:00:00  -  Run Local Usage
		Usr 0 00:00:00, Sys 0 00:00:00  -  Total Remote Usage
		Usr 0 00:00:00, Sys 0 00:00:00  -  Total Local Usage
	0  -  Run Bytes Sent By Job
	0  -  Run Bytes Received By Job
	0  -  Total Bytes Sent By Job
	0  -  Total Bytes Received By Job
...
005 (8338.000.000) 11/07 15:34:06 Job terminated.
	(1) Normal termination (return value 0)
		Usr 0 00:00:00, Sys 0 00:00:00  -  Run Remote Usage
		Usr 0 00:00:00, Sys 0 00:00:00  -  Run Local Usage
		Usr 0 00:00:00, Sys 0 00:00:00  -  Total Remote Usage
		Usr 0 00:00:00, Sys 0 00:00:00  -  Total Local Usage
	0  -  Run Bytes Sent By Job
	0  -  Run Bytes Received By Job
	0  -  Total Bytes Sent By Job
	0  -  Total Bytes Received By Job
...
005 (8341.000.000) 11/07 15:34:07 Job terminated.
	(1) Normal termination (return value 0)
		Usr 0 00:00:00, Sys 0 00:00:00  -  Run Remote Usage
		Usr 0 00:00:00, Sys 0 00:00:00  -  Run Local Usage
		Usr 0 00:00:00, Sys 0 00:00:00  -  Total Remote Usage
		Usr 0 00:00:00, Sys 0 00:00:00  -  Total Local Usage
	0  -  Run Bytes Sent By Job
	0  -  Run Bytes Received By Job
	0  -  Total Bytes Sent By Job
	0  -  Total Bytes Received By Job
...
005 (8339.000.000) 11/07 15:34:07 Job terminated.
	(1) Normal termination (return value 0)
		Usr 0 00:00:00, Sys 0 00:00:00  -  Run Remote Usage
		Usr 0 00:00:00, Sys 0 00:00:00  -  Run Local Usage
		Usr 0 00:00:00, Sys 0 00:00:00  -  Total Remote Usage
		Usr 0 00:00:00, Sys 0 00:00:00  -  Total Local Usage
	0  -  Run Bytes Sent By Job
	0  -  Run Bytes Received By Job
	0  -  Total Bytes Sent By Job
	0  -  Total Bytes Received By Job
...
016 (8335.000.000) 11/07 15:34:08 POST Script terminated.
	(1) Normal termination (return value 0)
    DAG Node: stage_in_local_local_1_0
...
016 (8339.000.000) 11/07 15:34:08 POST Script terminated.
	(1) Normal termination (return value 0)
    DAG Node: stage_in_remote_local_3_1
...
016 (8337.000.000) 11/07 15:34:08 POST Script terminated.
	(1) Normal termination (return value 0)
    DAG Node: stage_in_remote_local_4_0
...
016 (8336.000.000) 11/07 15:34:08 POST Script terminated.
	(1) Normal termination (return value 0)
    DAG Node: stage_in_remote_local_4_1
...
016 (8341.000.000) 11/07 15:34:08 POST Script terminated.
	(1) Normal termination (return value 0)
    DAG Node: stage_in_remote_local_6_0
...
016 (8338.000.000) 11/07 15:34:08 POST Script terminated.
	(1) Normal termination (return value 0)
    DAG Node: stage_in_remote_local_2_0
...
016 (8334.000.000) 11/07 15:34:08 POST Script terminated.
	(1) Normal termination (return value 0)
    DAG Node: stage_in_local_local_7_0
...
005 (8340.000.000) 11/07 15:34:08 Job terminated.
	(1) Normal termination (return value 0)
		Usr 0 00:00:00, Sys 0 00:00:00  -  Run Remote Usage
		Usr 0 00:00:00, Sys 0 00:00:00  -  Run Local Usage
		Usr 0 00:00:00, Sys 0 00:00:00  -  Total Remote Usage
		Usr 0 00:00:00, Sys 0 00:00:00  -  Total Local Usage
	0  -  Run Bytes Sent By Job
	0  -  Run Bytes Received By Job
	0  -  Total Bytes Sent By Job
	0  -  Total Bytes Received By Job
...
001 (8342.000.000) 11/07 15:34:09 Job executing on host: <54.191.120.92:51125?addrs=54.191.120.92-51125&noUDP>
...
016 (8340.000.000) 11/07 15:34:12 POST Script terminated.
	(1) Normal termination (return value 0)
    DAG Node: stage_in_remote_local_3_0
...
005 (8342.000.000) 11/07 15:34:53 Job terminated.
	(1) Normal termination (return value 0)
		Usr 0 00:00:00, Sys 0 00:00:00  -  Run Remote Usage
		Usr 0 00:00:00, Sys 0 00:00:00  -  Run Local Usage
		Usr 0 00:00:00, Sys 0 00:00:00  -  Total Remote Usage
		Usr 0 00:00:00, Sys 0 00:00:00  -  Total Local Usage
	4457  -  Run Bytes Sent By Job
	3169847  -  Run Bytes Received By Job
	4457  -  Total Bytes Sent By Job
	3169847  -  Total Bytes Received By Job
	Partitionable Resources :    Usage  Request Allocated
	   Cpus                 :                 1         1
	   Disk (KB)            :     6105     3250  27636828
	   Memory (MB)          :        2        1      3764
...
016 (8342.000.000) 11/07 15:34:57 POST Script terminated.
	(1) Normal termination (return value 0)
    DAG Node: init_0_ID0000001
...
000 (8343.000.000) 11/07 15:35:07 Job submitted from host: <52.53.148.240:26379?addrs=52.53.148.240-26379>
    DAG Node: clean_up_local_level_3_0
    pool:local
...
001 (8343.000.000) 11/07 15:35:07 Job executing on host: <52.53.148.240:32278?addrs=52.53.148.240-32278>
...
000 (8344.000.000) 11/07 15:35:07 Job submitted from host: <52.53.148.240:26379?addrs=52.53.148.240-26379>
    DAG Node: generalinfo_0_ID0000002
    pool:condorpool
...
001 (8344.000.000) 11/07 15:35:08 Job executing on host: <54.191.120.92:51125?addrs=54.191.120.92-51125&noUDP>
...
005 (8343.000.000) 11/07 15:35:10 Job terminated.
	(1) Normal termination (return value 0)
		Usr 0 00:00:00, Sys 0 00:00:00  -  Run Remote Usage
		Usr 0 00:00:00, Sys 0 00:00:00  -  Run Local Usage
		Usr 0 00:00:00, Sys 0 00:00:00  -  Total Remote Usage
		Usr 0 00:00:00, Sys 0 00:00:00  -  Total Local Usage
	0  -  Run Bytes Sent By Job
	0  -  Run Bytes Received By Job
	0  -  Total Bytes Sent By Job
	0  -  Total Bytes Received By Job
...
016 (8343.000.000) 11/07 15:35:13 POST Script terminated.
	(1) Normal termination (return value 0)
    DAG Node: clean_up_local_level_3_0
...
005 (8344.000.000) 11/07 15:39:54 Job terminated.
	(1) Normal termination (return value 0)
		Usr 0 00:03:48, Sys 0 00:00:03  -  Run Remote Usage
		Usr 0 00:00:00, Sys 0 00:00:00  -  Run Local Usage
		Usr 0 00:03:48, Sys 0 00:00:03  -  Total Remote Usage
		Usr 0 00:00:00, Sys 0 00:00:00  -  Total Local Usage
	5273  -  Run Bytes Sent By Job
	3168855  -  Run Bytes Received By Job
	5273  -  Total Bytes Sent By Job
	3168855  -  Total Bytes Received By Job
	Partitionable Resources :    Usage  Request Allocated
	   Cpus                 :                 1         1
	   Disk (KB)            :     6106     3250  27636828
	   Memory (MB)          :        2        1      3764
...
016 (8344.000.000) 11/07 15:39:57 POST Script terminated.
	(1) Normal termination (return value 0)
    DAG Node: generalinfo_0_ID0000002
...
000 (8345.000.000) 11/07 15:40:07 Job submitted from host: <52.53.148.240:26379?addrs=52.53.148.240-26379>
    DAG Node: clean_up_local_level_4_0
    pool:local
...
000 (8346.000.000) 11/07 15:40:07 Job submitted from host: <52.53.148.240:26379?addrs=52.53.148.240-26379>
    DAG Node: statscpumemory_0_ID0000003
    pool:condorpool
...
001 (8345.000.000) 11/07 15:40:07 Job executing on host: <52.53.148.240:34225?addrs=52.53.148.240-34225>
...
000 (8347.000.000) 11/07 15:40:07 Job submitted from host: <52.53.148.240:26379?addrs=52.53.148.240-26379>
    DAG Node: medianmemory_0_ID0000005
    pool:condorpool
...
000 (8348.000.000) 11/07 15:40:07 Job submitted from host: <52.53.148.240:26379?addrs=52.53.148.240-26379>
    DAG Node: mediancpu_0_ID0000004
    pool:condorpool
...
001 (8346.000.000) 11/07 15:40:08 Job executing on host: <54.191.120.92:51125?addrs=54.191.120.92-51125&noUDP>
...
005 (8345.000.000) 11/07 15:40:12 Job terminated.
	(1) Normal termination (return value 0)
		Usr 0 00:00:00, Sys 0 00:00:00  -  Run Remote Usage
		Usr 0 00:00:00, Sys 0 00:00:00  -  Run Local Usage
		Usr 0 00:00:00, Sys 0 00:00:00  -  Total Remote Usage
		Usr 0 00:00:00, Sys 0 00:00:00  -  Total Local Usage
	0  -  Run Bytes Sent By Job
	0  -  Run Bytes Received By Job
	0  -  Total Bytes Sent By Job
	0  -  Total Bytes Received By Job
...
016 (8345.000.000) 11/07 15:40:13 POST Script terminated.
	(1) Normal termination (return value 0)
    DAG Node: clean_up_local_level_4_0
...
001 (8348.000.000) 11/07 15:40:27 Job executing on host: <54.212.204.192:29739?addrs=54.212.204.192-29739&noUDP>
...
001 (8347.000.000) 11/07 15:40:27 Job executing on host: <54.203.26.200:56388?addrs=54.203.26.200-56388&noUDP>
...
005 (8348.000.000) 11/07 15:49:39 Job terminated.
	(1) Normal termination (return value 0)
		Usr 0 00:07:37, Sys 0 00:00:05  -  Run Remote Usage
		Usr 0 00:00:00, Sys 0 00:00:00  -  Run Local Usage
		Usr 0 00:07:37, Sys 0 00:00:05  -  Total Remote Usage
		Usr 0 00:00:00, Sys 0 00:00:00  -  Total Local Usage
	381235  -  Run Bytes Sent By Job
	3168714  -  Run Bytes Received By Job
	381235  -  Total Bytes Sent By Job
	3168714  -  Total Bytes Received By Job
	Partitionable Resources :    Usage  Request Allocated
	   Cpus                 :                 1         1
	   Disk (KB)            :   391569     3250  27635892
	   Memory (MB)          :      153        1      3764
...
016 (8348.000.000) 11/07 15:49:43 POST Script terminated.
	(1) Normal termination (return value 0)
    DAG Node: mediancpu_0_ID0000004
...
005 (8347.000.000) 11/07 15:49:45 Job terminated.
	(1) Normal termination (return value 0)
		Usr 0 00:07:33, Sys 0 00:00:05  -  Run Remote Usage
		Usr 0 00:00:00, Sys 0 00:00:00  -  Run Local Usage
		Usr 0 00:07:33, Sys 0 00:00:05  -  Total Remote Usage
		Usr 0 00:00:00, Sys 0 00:00:00  -  Total Local Usage
	378661  -  Run Bytes Sent By Job
	3168750  -  Run Bytes Received By Job
	378661  -  Total Bytes Sent By Job
	3168750  -  Total Bytes Received By Job
	Partitionable Resources :    Usage  Request Allocated
	   Cpus                 :                 1         1
	   Disk (KB)            :   395409     3250  27636792
	   Memory (MB)          :      153        1      3764
...
016 (8347.000.000) 11/07 15:49:49 POST Script terminated.
	(1) Normal termination (return value 0)
    DAG Node: medianmemory_0_ID0000005
...
000 (8349.000.000) 11/07 15:49:53 Job submitted from host: <52.53.148.240:26379?addrs=52.53.148.240-26379>
    DAG Node: clean_up_local_level_5_1
    pool:local
...
001 (8349.000.000) 11/07 15:49:53 Job executing on host: <52.53.148.240:48909?addrs=52.53.148.240-48909>
...
005 (8349.000.000) 11/07 15:49:57 Job terminated.
	(1) Normal termination (return value 0)
		Usr 0 00:00:00, Sys 0 00:00:00  -  Run Remote Usage
		Usr 0 00:00:00, Sys 0 00:00:00  -  Run Local Usage
		Usr 0 00:00:00, Sys 0 00:00:00  -  Total Remote Usage
		Usr 0 00:00:00, Sys 0 00:00:00  -  Total Local Usage
	0  -  Run Bytes Sent By Job
	0  -  Run Bytes Received By Job
	0  -  Total Bytes Sent By Job
	0  -  Total Bytes Received By Job
...
016 (8349.000.000) 11/07 15:49:58 POST Script terminated.
	(1) Normal termination (return value 0)
    DAG Node: clean_up_local_level_5_1
...
005 (8346.000.000) 11/07 15:50:20 Job terminated.
	(1) Normal termination (return value 0)
		Usr 0 00:08:05, Sys 0 00:00:06  -  Run Remote Usage
		Usr 0 00:00:00, Sys 0 00:00:00  -  Run Local Usage
		Usr 0 00:08:05, Sys 0 00:00:06  -  Total Remote Usage
		Usr 0 00:00:00, Sys 0 00:00:00  -  Total Local Usage
	5676  -  Run Bytes Sent By Job
	3171027  -  Run Bytes Received By Job
	5676  -  Total Bytes Sent By Job
	3171027  -  Total Bytes Received By Job
	Partitionable Resources :    Usage  Request Allocated
	   Cpus                 :                 1         1
	   Disk (KB)            :     6109     3250  27636828
	   Memory (MB)          :      136        1      3764
...
016 (8346.000.000) 11/07 15:50:23 POST Script terminated.
	(1) Normal termination (return value 0)
    DAG Node: statscpumemory_0_ID0000003
...
000 (8350.000.000) 11/07 15:50:33 Job submitted from host: <52.53.148.240:26379?addrs=52.53.148.240-26379>
    DAG Node: clean_up_local_level_5_0
    pool:local
...
001 (8350.000.000) 11/07 15:50:34 Job executing on host: <52.53.148.240:63825?addrs=52.53.148.240-63825>
...
000 (8351.000.000) 11/07 15:50:34 Job submitted from host: <52.53.148.240:26379?addrs=52.53.148.240-26379>
    DAG Node: taskevent_0_ID0000006
    pool:condorpool
...
001 (8351.000.000) 11/07 15:50:34 Job executing on host: <54.191.120.92:51125?addrs=54.191.120.92-51125&noUDP>
...
005 (8350.000.000) 11/07 15:50:42 Job terminated.
	(1) Normal termination (return value 0)
		Usr 0 00:00:00, Sys 0 00:00:00  -  Run Remote Usage
		Usr 0 00:00:00, Sys 0 00:00:00  -  Run Local Usage
		Usr 0 00:00:00, Sys 0 00:00:00  -  Total Remote Usage
		Usr 0 00:00:00, Sys 0 00:00:00  -  Total Local Usage
	0  -  Run Bytes Sent By Job
	0  -  Run Bytes Received By Job
	0  -  Total Bytes Sent By Job
	0  -  Total Bytes Received By Job
...
016 (8350.000.000) 11/07 15:50:44 POST Script terminated.
	(1) Normal termination (return value 0)
    DAG Node: clean_up_local_level_5_0
...
005 (8351.000.000) 11/07 16:07:54 Job terminated.
	(1) Normal termination (return value 0)
		Usr 0 00:08:32, Sys 0 00:00:07  -  Run Remote Usage
		Usr 0 00:00:00, Sys 0 00:00:00  -  Run Local Usage
		Usr 0 00:08:32, Sys 0 00:00:07  -  Total Remote Usage
		Usr 0 00:00:00, Sys 0 00:00:00  -  Total Local Usage
	13183  -  Run Bytes Sent By Job
	3174920  -  Run Bytes Received By Job
	13183  -  Total Bytes Sent By Job
	3174920  -  Total Bytes Received By Job
	Partitionable Resources :    Usage  Request Allocated
	   Cpus                 :                 1         1
	   Disk (KB)            :     6122     3250  27636828
	   Memory (MB)          :      135        1      3764
...
016 (8351.000.000) 11/07 16:07:55 POST Script terminated.
	(1) Normal termination (return value 0)
    DAG Node: taskevent_0_ID0000006
...
000 (8352.000.000) 11/07 16:08:05 Job submitted from host: <52.53.148.240:26379?addrs=52.53.148.240-26379>
    DAG Node: clean_up_local_level_6_0
    pool:local
...
000 (8353.000.000) 11/07 16:08:05 Job submitted from host: <52.53.148.240:26379?addrs=52.53.148.240-26379>
    DAG Node: calculateratio_0_ID0000007
    pool:condorpool
...
001 (8352.000.000) 11/07 16:08:05 Job executing on host: <52.53.148.240:3290?addrs=52.53.148.240-3290>
...
005 (8352.000.000) 11/07 16:08:13 Job terminated.
	(1) Normal termination (return value 0)
		Usr 0 00:00:00, Sys 0 00:00:00  -  Run Remote Usage
		Usr 0 00:00:00, Sys 0 00:00:00  -  Run Local Usage
		Usr 0 00:00:00, Sys 0 00:00:00  -  Total Remote Usage
		Usr 0 00:00:00, Sys 0 00:00:00  -  Total Local Usage
	0  -  Run Bytes Sent By Job
	0  -  Run Bytes Received By Job
	0  -  Total Bytes Sent By Job
	0  -  Total Bytes Received By Job
...
016 (8352.000.000) 11/07 16:08:15 POST Script terminated.
	(1) Normal termination (return value 0)
    DAG Node: clean_up_local_level_6_0
...
001 (8353.000.000) 11/07 16:08:26 Job executing on host: <54.191.120.92:51125?addrs=54.191.120.92-51125&noUDP>
...
005 (8353.000.000) 11/07 16:30:17 Job terminated.
	(1) Normal termination (return value 0)
		Usr 0 00:07:56, Sys 0 00:00:15  -  Run Remote Usage
		Usr 0 00:00:00, Sys 0 00:00:00  -  Run Local Usage
		Usr 0 00:07:56, Sys 0 00:00:15  -  Total Remote Usage
		Usr 0 00:00:00, Sys 0 00:00:00  -  Total Local Usage
	360221  -  Run Bytes Sent By Job
	3173650  -  Run Bytes Received By Job
	360221  -  Total Bytes Sent By Job
	3173650  -  Total Bytes Received By Job
	Partitionable Resources :    Usage  Request Allocated
	   Cpus                 :                 1         1
	   Disk (KB)            :     6459     3250  27637628
	   Memory (MB)          :      154        1      3764
...
016 (8353.000.000) 11/07 16:30:22 POST Script terminated.
	(1) Normal termination (return value 0)
    DAG Node: calculateratio_0_ID0000007
...
000 (8354.000.000) 11/07 16:30:32 Job submitted from host: <52.53.148.240:26379?addrs=52.53.148.240-26379>
    DAG Node: clean_up_local_level_7_0
    pool:local
...
001 (8354.000.000) 11/07 16:30:32 Job executing on host: <52.53.148.240:29672?addrs=52.53.148.240-29672>
...
000 (8355.000.000) 11/07 16:30:32 Job submitted from host: <52.53.148.240:26379?addrs=52.53.148.240-26379>
    DAG Node: averageratioevent_0_ID0000008
    pool:condorpool
...
005 (8354.000.000) 11/07 16:30:40 Job terminated.
	(1) Normal termination (return value 0)
		Usr 0 00:00:00, Sys 0 00:00:00  -  Run Remote Usage
		Usr 0 00:00:00, Sys 0 00:00:00  -  Run Local Usage
		Usr 0 00:00:00, Sys 0 00:00:00  -  Total Remote Usage
		Usr 0 00:00:00, Sys 0 00:00:00  -  Total Local Usage
	0  -  Run Bytes Sent By Job
	0  -  Run Bytes Received By Job
	0  -  Total Bytes Sent By Job
	0  -  Total Bytes Received By Job
...
016 (8354.000.000) 11/07 16:30:42 POST Script terminated.
	(1) Normal termination (return value 0)
    DAG Node: clean_up_local_level_7_0
...
001 (8355.000.000) 11/07 16:30:46 Job executing on host: <54.191.120.92:51125?addrs=54.191.120.92-51125&noUDP>
...
005 (8355.000.000) 11/07 16:32:04 Job terminated.
	(1) Normal termination (return value 0)
		Usr 0 00:00:50, Sys 0 00:00:01  -  Run Remote Usage
		Usr 0 00:00:00, Sys 0 00:00:00  -  Run Local Usage
		Usr 0 00:00:50, Sys 0 00:00:01  -  Total Remote Usage
		Usr 0 00:00:00, Sys 0 00:00:00  -  Total Local Usage
	266700  -  Run Bytes Sent By Job
	3169650  -  Run Bytes Received By Job
	266700  -  Total Bytes Sent By Job
	3169650  -  Total Bytes Received By Job
	Partitionable Resources :    Usage  Request Allocated
	   Cpus                 :                 1         1
	   Disk (KB)            :     6679     3250  27637408
	   Memory (MB)          :        2        1      3764
...
016 (8355.000.000) 11/07 16:32:08 POST Script terminated.
	(1) Normal termination (return value 0)
    DAG Node: averageratioevent_0_ID0000008
...
000 (8356.000.000) 11/07 16:32:17 Job submitted from host: <52.53.148.240:26379?addrs=52.53.148.240-26379>
    DAG Node: clean_up_local_level_8_0
    pool:local
...
001 (8356.000.000) 11/07 16:32:17 Job executing on host: <52.53.148.240:49017?addrs=52.53.148.240-49017>
...
000 (8357.000.000) 11/07 16:32:17 Job submitted from host: <52.53.148.240:26379?addrs=52.53.148.240-26379>
    DAG Node: analysisevent_0_ID0000009
    pool:condorpool
...
001 (8357.000.000) 11/07 16:32:17 Job executing on host: <54.191.120.92:51125?addrs=54.191.120.92-51125&noUDP>
...
005 (8357.000.000) 11/07 16:32:18 Job terminated.
	(1) Normal termination (return value 0)
		Usr 0 00:00:00, Sys 0 00:00:00  -  Run Remote Usage
		Usr 0 00:00:00, Sys 0 00:00:00  -  Run Local Usage
		Usr 0 00:00:00, Sys 0 00:00:00  -  Total Remote Usage
		Usr 0 00:00:00, Sys 0 00:00:00  -  Total Local Usage
	5335  -  Run Bytes Sent By Job
	3169164  -  Run Bytes Received By Job
	5335  -  Total Bytes Sent By Job
	3169164  -  Total Bytes Received By Job
	Partitionable Resources :    Usage  Request Allocated
	   Cpus                 :                 1         1
	   Disk (KB)            :     6107     3250  27637408
	   Memory (MB)          :        0        1      3764
...
005 (8356.000.000) 11/07 16:32:21 Job terminated.
	(1) Normal termination (return value 0)
		Usr 0 00:00:00, Sys 0 00:00:00  -  Run Remote Usage
		Usr 0 00:00:00, Sys 0 00:00:00  -  Run Local Usage
		Usr 0 00:00:00, Sys 0 00:00:00  -  Total Remote Usage
		Usr 0 00:00:00, Sys 0 00:00:00  -  Total Local Usage
	0  -  Run Bytes Sent By Job
	0  -  Run Bytes Received By Job
	0  -  Total Bytes Sent By Job
	0  -  Total Bytes Received By Job
...
016 (8357.000.000) 11/07 16:32:22 POST Script terminated.
	(1) Normal termination (return value 0)
    DAG Node: analysisevent_0_ID0000009
...
016 (8356.000.000) 11/07 16:32:22 POST Script terminated.
	(1) Normal termination (return value 0)
    DAG Node: clean_up_local_level_8_0
...
000 (8358.000.000) 11/07 16:32:32 Job submitted from host: <52.53.148.240:26379?addrs=52.53.148.240-26379>
    DAG Node: terminate_0_ID0000010
    pool:condorpool
...
000 (8359.000.000) 11/07 16:32:32 Job submitted from host: <52.53.148.240:26379?addrs=52.53.148.240-26379>
    DAG Node: clean_up_local_level_9_0
    pool:local
...
001 (8358.000.000) 11/07 16:32:33 Job executing on host: <54.191.120.92:51125?addrs=54.191.120.92-51125&noUDP>
...
005 (8358.000.000) 11/07 16:32:34 Job terminated.
	(1) Normal termination (return value 0)
		Usr 0 00:00:00, Sys 0 00:00:00  -  Run Remote Usage
		Usr 0 00:00:00, Sys 0 00:00:00  -  Run Local Usage
		Usr 0 00:00:00, Sys 0 00:00:00  -  Total Remote Usage
		Usr 0 00:00:00, Sys 0 00:00:00  -  Total Local Usage
	4463  -  Run Bytes Sent By Job
	3167596  -  Run Bytes Received By Job
	4463  -  Total Bytes Sent By Job
	3167596  -  Total Bytes Received By Job
	Partitionable Resources :    Usage  Request Allocated
	   Cpus                 :                 1         1
	   Disk (KB)            :     6103     3250  27637408
	   Memory (MB)          :        0        1      3764
...
016 (8358.000.000) 11/07 16:32:37 POST Script terminated.
	(1) Normal termination (return value 0)
    DAG Node: terminate_0_ID0000010
...
001 (8359.000.000) 11/07 16:32:38 Job executing on host: <52.53.148.240:51192?addrs=52.53.148.240-51192>
...
005 (8359.000.000) 11/07 16:32:42 Job terminated.
	(1) Normal termination (return value 0)
		Usr 0 00:00:00, Sys 0 00:00:00  -  Run Remote Usage
		Usr 0 00:00:00, Sys 0 00:00:00  -  Run Local Usage
		Usr 0 00:00:00, Sys 0 00:00:00  -  Total Remote Usage
		Usr 0 00:00:00, Sys 0 00:00:00  -  Total Local Usage
	0  -  Run Bytes Sent By Job
	0  -  Run Bytes Received By Job
	0  -  Total Bytes Sent By Job
	0  -  Total Bytes Received By Job
...
000 (8360.000.000) 11/07 16:32:47 Job submitted from host: <52.53.148.240:26379?addrs=52.53.148.240-26379>
    DAG Node: clean_up_local_level_10_0
    pool:local
...
001 (8360.000.000) 11/07 16:32:48 Job executing on host: <52.53.148.240:4791?addrs=52.53.148.240-4791>
...
016 (8359.000.000) 11/07 16:32:48 POST Script terminated.
	(1) Normal termination (return value 0)
    DAG Node: clean_up_local_level_9_0
...
005 (8360.000.000) 11/07 16:32:50 Job terminated.
	(1) Normal termination (return value 0)
		Usr 0 00:00:00, Sys 0 00:00:00  -  Run Remote Usage
		Usr 0 00:00:00, Sys 0 00:00:00  -  Run Local Usage
		Usr 0 00:00:00, Sys 0 00:00:00  -  Total Remote Usage
		Usr 0 00:00:00, Sys 0 00:00:00  -  Total Local Usage
	0  -  Run Bytes Sent By Job
	0  -  Run Bytes Received By Job
	0  -  Total Bytes Sent By Job
	0  -  Total Bytes Received By Job
...
016 (8360.000.000) 11/07 16:32:53 POST Script terminated.
	(1) Normal termination (return value 0)
    DAG Node: clean_up_local_level_10_0
...
000 (8361.000.000) 11/07 16:33:03 Job submitted from host: <52.53.148.240:26379?addrs=52.53.148.240-26379>
    DAG Node: cleanup_example_workflow_0_local
    pool:local
...
001 (8361.000.000) 11/07 16:33:03 Job executing on host: <52.53.148.240:46339?addrs=52.53.148.240-46339>
...
005 (8361.000.000) 11/07 16:33:05 Job terminated.
	(1) Normal termination (return value 0)
		Usr 0 00:00:00, Sys 0 00:00:00  -  Run Remote Usage
		Usr 0 00:00:00, Sys 0 00:00:00  -  Run Local Usage
		Usr 0 00:00:00, Sys 0 00:00:00  -  Total Remote Usage
		Usr 0 00:00:00, Sys 0 00:00:00  -  Total Local Usage
	0  -  Run Bytes Sent By Job
	0  -  Run Bytes Received By Job
	0  -  Total Bytes Sent By Job
	0  -  Total Bytes Received By Job
...
