01/21/17 01:36:58 ******************************************************
01/21/17 01:36:58 ** condor_scheduniv_exec.11256.0 (CONDOR_DAGMAN) STARTING UP
01/21/17 01:36:58 ** /usr/bin/condor_dagman
01/21/17 01:36:58 ** SubsystemInfo: name=DAGMAN type=DAGMAN(10) class=DAEMON(1)
01/21/17 01:36:58 ** Configuration: subsystem:DAGMAN local:<NONE> class:DAEMON
01/21/17 01:36:58 ** $CondorVersion: 8.4.8 Jun 30 2016 BuildID: 373513 $
01/21/17 01:36:58 ** $CondorPlatform: x86_64_Ubuntu14 $
01/21/17 01:36:58 ** PID = 95759
01/21/17 01:36:58 ** Log last touched time unavailable (No such file or directory)
01/21/17 01:36:58 ******************************************************
01/21/17 01:36:58 Using config source: /etc/condor/condor_config
01/21/17 01:36:58 Using local config sources: 
01/21/17 01:36:58    /etc/condor/condor_config.local
01/21/17 01:36:58 config Macros = 63, Sorted = 63, StringBytes = 1976, TablesBytes = 2308
01/21/17 01:36:58 CLASSAD_CACHING is ENABLED
01/21/17 01:36:58 Daemon Log is logging: D_ALWAYS D_ERROR
01/21/17 01:36:58 DaemonCore: No command port requested.
01/21/17 01:36:58 DAGMAN_USE_STRICT setting: 1
01/21/17 01:36:58 DAGMAN_VERBOSITY setting: 3
01/21/17 01:36:58 DAGMAN_DEBUG_CACHE_SIZE setting: 5242880
01/21/17 01:36:58 DAGMAN_DEBUG_CACHE_ENABLE setting: False
01/21/17 01:36:58 DAGMAN_SUBMIT_DELAY setting: 0
01/21/17 01:36:58 DAGMAN_MAX_SUBMIT_ATTEMPTS setting: 6
01/21/17 01:36:58 DAGMAN_STARTUP_CYCLE_DETECT setting: False
01/21/17 01:36:58 DAGMAN_MAX_SUBMITS_PER_INTERVAL setting: 5
01/21/17 01:36:58 DAGMAN_USER_LOG_SCAN_INTERVAL setting: 5
01/21/17 01:36:58 DAGMAN_DEFAULT_PRIORITY setting: 0
01/21/17 01:36:58 DAGMAN_SUPPRESS_NOTIFICATION setting: True
01/21/17 01:36:58 allow_events (DAGMAN_ALLOW_EVENTS) setting: 114
01/21/17 01:36:58 DAGMAN_RETRY_SUBMIT_FIRST setting: True
01/21/17 01:36:58 DAGMAN_RETRY_NODE_FIRST setting: False
01/21/17 01:36:58 DAGMAN_MAX_JOBS_IDLE setting: 1000
01/21/17 01:36:58 DAGMAN_MAX_JOBS_SUBMITTED setting: 0
01/21/17 01:36:58 DAGMAN_MAX_PRE_SCRIPTS setting: 20
01/21/17 01:36:58 DAGMAN_MAX_POST_SCRIPTS setting: 20
01/21/17 01:36:58 DAGMAN_ALLOW_LOG_ERROR setting: False
01/21/17 01:36:58 DAGMAN_MUNGE_NODE_NAMES setting: True
01/21/17 01:36:58 DAGMAN_PROHIBIT_MULTI_JOBS setting: False
01/21/17 01:36:58 DAGMAN_SUBMIT_DEPTH_FIRST setting: False
01/21/17 01:36:58 DAGMAN_ALWAYS_RUN_POST setting: True
01/21/17 01:36:58 DAGMAN_ABORT_DUPLICATES setting: True
01/21/17 01:36:58 DAGMAN_ABORT_ON_SCARY_SUBMIT setting: True
01/21/17 01:36:58 DAGMAN_PENDING_REPORT_INTERVAL setting: 600
01/21/17 01:36:58 DAGMAN_AUTO_RESCUE setting: True
01/21/17 01:36:58 DAGMAN_MAX_RESCUE_NUM setting: 100
01/21/17 01:36:58 DAGMAN_WRITE_PARTIAL_RESCUE setting: True
01/21/17 01:36:58 DAGMAN_DEFAULT_NODE_LOG setting: @(DAG_DIR)/@(DAG_FILE).nodes.log
01/21/17 01:36:58 DAGMAN_GENERATE_SUBDAG_SUBMITS setting: True
01/21/17 01:36:58 DAGMAN_MAX_JOB_HOLDS setting: 100
01/21/17 01:36:58 DAGMAN_HOLD_CLAIM_TIME setting: 20
01/21/17 01:36:58 ALL_DEBUG setting: 
01/21/17 01:36:58 DAGMAN_DEBUG setting: 
01/21/17 01:36:58 DAGMAN_SUPPRESS_JOB_LOGS setting: False
01/21/17 01:36:58 argv[0] == "condor_scheduniv_exec.11256.0"
01/21/17 01:36:58 argv[1] == "-Lockfile"
01/21/17 01:36:58 argv[2] == "example_workflow-0.dag.lock"
01/21/17 01:36:58 argv[3] == "-AutoRescue"
01/21/17 01:36:58 argv[4] == "1"
01/21/17 01:36:58 argv[5] == "-DoRescueFrom"
01/21/17 01:36:58 argv[6] == "0"
01/21/17 01:36:58 argv[7] == "-Dag"
01/21/17 01:36:58 argv[8] == "example_workflow-0.dag"
01/21/17 01:36:58 argv[9] == "-MaxPost"
01/21/17 01:36:58 argv[10] == "20"
01/21/17 01:36:58 argv[11] == "-Suppress_notification"
01/21/17 01:36:58 argv[12] == "-CsdVersion"
01/21/17 01:36:58 argv[13] == "$CondorVersion: 8.4.8 Jun 30 2016 BuildID: 373513 $"
01/21/17 01:36:58 argv[14] == "-Dagman"
01/21/17 01:36:58 argv[15] == "/usr/bin/condor_dagman"
01/21/17 01:36:58 Warning: failed to get attribute DAGNodeName
01/21/17 01:36:58 DAGMAN_LOG_ON_NFS_IS_ERROR setting: False
01/21/17 01:36:58 Default node log file is: </home/ubuntu/wikiflow/7_2_wikiflow_1sh_1s_noannot_wmj/dags/ubuntu/pegasus/example_workflow/20170121T013654+0000/./example_workflow-0.dag.nodes.log>
01/21/17 01:36:58 DAG Lockfile will be written to example_workflow-0.dag.lock
01/21/17 01:36:58 DAG Input file is example_workflow-0.dag
01/21/17 01:36:58 Parsing 1 dagfiles
01/21/17 01:36:58 Parsing example_workflow-0.dag ...
01/21/17 01:36:58 Warning: category stage-out has no throttle value set
01/21/17 01:36:58 Warning: category stage-in has no throttle value set
01/21/17 01:36:58 Dag contains 21 total jobs
01/21/17 01:36:58 Sleeping for 3 seconds to ensure ProcessId uniqueness
01/21/17 01:37:01 Bootstrapping...
01/21/17 01:37:01 Number of pre-completed nodes: 0
01/21/17 01:37:01 MultiLogFiles: truncating log file /home/ubuntu/wikiflow/7_2_wikiflow_1sh_1s_noannot_wmj/dags/ubuntu/pegasus/example_workflow/20170121T013654+0000/./example_workflow-0.dag.nodes.log
01/21/17 01:37:01 DAG status: 0 (DAG_STATUS_OK)
01/21/17 01:37:01 Of 21 nodes total:
01/21/17 01:37:01  Done     Pre   Queued    Post   Ready   Un-Ready   Failed
01/21/17 01:37:01   ===     ===      ===     ===     ===        ===      ===
01/21/17 01:37:01     0       0        0       0       1         20        0
01/21/17 01:37:01 0 job proc(s) currently held
01/21/17 01:37:01 Registering condor_event_timer...
01/21/17 01:37:02 Submitting Condor Node create_dir_example_workflow_0_local job(s)...
01/21/17 01:37:02 Adding a DAGMan workflow log /home/ubuntu/wikiflow/7_2_wikiflow_1sh_1s_noannot_wmj/dags/ubuntu/pegasus/example_workflow/20170121T013654+0000/./example_workflow-0.dag.nodes.log
01/21/17 01:37:02 Masking the events recorded in the DAGMAN workflow log
01/21/17 01:37:02 Mask for workflow log is 0,1,2,4,5,7,9,10,11,12,13,16,17,24,27
01/21/17 01:37:02 submitting: /usr/bin/condor_submit -a dag_node_name' '=' 'create_dir_example_workflow_0_local -a +DAGManJobId' '=' '11256 -a DAGManJobId' '=' '11256 -a submit_event_notes' '=' 'DAG' 'Node:' 'create_dir_example_workflow_0_local -a dagman_log' '=' '/home/ubuntu/wikiflow/7_2_wikiflow_1sh_1s_noannot_wmj/dags/ubuntu/pegasus/example_workflow/20170121T013654+0000/./example_workflow-0.dag.nodes.log -a +DAGManNodesMask' '=' '"0,1,2,4,5,7,9,10,11,12,13,16,17,24,27" -a DAG_STATUS' '=' '0 -a FAILED_COUNT' '=' '0 -a +DAGParentNodeNames' '=' '"" -a +KeepClaimIdle' '=' '20 -a notification' '=' 'never 00/00/create_dir_example_workflow_0_local.sub
01/21/17 01:37:03 From submit: Submitting job(s).
01/21/17 01:37:03 From submit: 1 job(s) submitted to cluster 11257.
01/21/17 01:37:03 	assigned Condor ID (11257.0.0)
01/21/17 01:37:03 Just submitted 1 job this cycle...
01/21/17 01:37:03 Currently monitoring 1 Condor log file(s)
01/21/17 01:37:03 Reassigning the id of job create_dir_example_workflow_0_local from (11257.0.0) to (11257.0.0)
01/21/17 01:37:03 Event: ULOG_SUBMIT for Condor Node create_dir_example_workflow_0_local (11257.0.0)
01/21/17 01:37:03 Number of idle job procs: 1
01/21/17 01:37:03 DAG status: 0 (DAG_STATUS_OK)
01/21/17 01:37:03 Of 21 nodes total:
01/21/17 01:37:03  Done     Pre   Queued    Post   Ready   Un-Ready   Failed
01/21/17 01:37:03   ===     ===      ===     ===     ===        ===      ===
01/21/17 01:37:03     0       0        1       0       0         20        0
01/21/17 01:37:03 0 job proc(s) currently held
01/21/17 01:37:08 Currently monitoring 1 Condor log file(s)
01/21/17 01:37:08 Event: ULOG_EXECUTE for Condor Node create_dir_example_workflow_0_local (11257.0.0)
01/21/17 01:37:08 Number of idle job procs: 0
01/21/17 01:37:08 Event: ULOG_JOB_TERMINATED for Condor Node create_dir_example_workflow_0_local (11257.0.0)
01/21/17 01:37:08 Number of idle job procs: 0
01/21/17 01:37:08 Node create_dir_example_workflow_0_local job proc (11257.0.0) completed successfully.
01/21/17 01:37:08 Node create_dir_example_workflow_0_local job completed
01/21/17 01:37:08 Running POST script of Node create_dir_example_workflow_0_local...
01/21/17 01:37:08 Warning: mysin has length 0 (ignore if produced by DAGMan; see gittrac #4987, #5031)
01/21/17 01:37:08 DAG status: 0 (DAG_STATUS_OK)
01/21/17 01:37:08 Of 21 nodes total:
01/21/17 01:37:08  Done     Pre   Queued    Post   Ready   Un-Ready   Failed
01/21/17 01:37:08   ===     ===      ===     ===     ===        ===      ===
01/21/17 01:37:08     0       0        0       1       0         20        0
01/21/17 01:37:08 0 job proc(s) currently held
01/21/17 01:37:08 Initializing user log writer for /home/ubuntu/wikiflow/7_2_wikiflow_1sh_1s_noannot_wmj/dags/ubuntu/pegasus/example_workflow/20170121T013654+0000/./example_workflow-0.dag.nodes.log, (11257.0.0)
01/21/17 01:37:13 Currently monitoring 1 Condor log file(s)
01/21/17 01:37:13 Event: ULOG_POST_SCRIPT_TERMINATED for Condor Node create_dir_example_workflow_0_local (11257.0.0)
01/21/17 01:37:13 POST Script of Node create_dir_example_workflow_0_local completed successfully.
01/21/17 01:37:13 DAG status: 0 (DAG_STATUS_OK)
01/21/17 01:37:13 Of 21 nodes total:
01/21/17 01:37:13  Done     Pre   Queued    Post   Ready   Un-Ready   Failed
01/21/17 01:37:13   ===     ===      ===     ===     ===        ===      ===
01/21/17 01:37:13     1       0        0       0       7         13        0
01/21/17 01:37:13 0 job proc(s) currently held
01/21/17 01:37:18 Submitting Condor Node stage_in_local_local_0_0 job(s)...
01/21/17 01:37:18 Adding a DAGMan workflow log /home/ubuntu/wikiflow/7_2_wikiflow_1sh_1s_noannot_wmj/dags/ubuntu/pegasus/example_workflow/20170121T013654+0000/./example_workflow-0.dag.nodes.log
01/21/17 01:37:18 Masking the events recorded in the DAGMAN workflow log
01/21/17 01:37:18 Mask for workflow log is 0,1,2,4,5,7,9,10,11,12,13,16,17,24,27
01/21/17 01:37:18 submitting: /usr/bin/condor_submit -a dag_node_name' '=' 'stage_in_local_local_0_0 -a +DAGManJobId' '=' '11256 -a DAGManJobId' '=' '11256 -a submit_event_notes' '=' 'DAG' 'Node:' 'stage_in_local_local_0_0 -a dagman_log' '=' '/home/ubuntu/wikiflow/7_2_wikiflow_1sh_1s_noannot_wmj/dags/ubuntu/pegasus/example_workflow/20170121T013654+0000/./example_workflow-0.dag.nodes.log -a +DAGManNodesMask' '=' '"0,1,2,4,5,7,9,10,11,12,13,16,17,24,27" -a DAG_STATUS' '=' '0 -a FAILED_COUNT' '=' '0 -a +DAGParentNodeNames' '=' '"create_dir_example_workflow_0_local" -a +KeepClaimIdle' '=' '20 -a notification' '=' 'never 00/00/stage_in_local_local_0_0.sub
01/21/17 01:37:18 From submit: Submitting job(s).
01/21/17 01:37:18 From submit: 1 job(s) submitted to cluster 11258.
01/21/17 01:37:18 	assigned Condor ID (11258.0.0)
01/21/17 01:37:18 Submitting Condor Node stage_in_local_local_4_0 job(s)...
01/21/17 01:37:18 Adding a DAGMan workflow log /home/ubuntu/wikiflow/7_2_wikiflow_1sh_1s_noannot_wmj/dags/ubuntu/pegasus/example_workflow/20170121T013654+0000/./example_workflow-0.dag.nodes.log
01/21/17 01:37:18 Masking the events recorded in the DAGMAN workflow log
01/21/17 01:37:18 Mask for workflow log is 0,1,2,4,5,7,9,10,11,12,13,16,17,24,27
01/21/17 01:37:18 submitting: /usr/bin/condor_submit -a dag_node_name' '=' 'stage_in_local_local_4_0 -a +DAGManJobId' '=' '11256 -a DAGManJobId' '=' '11256 -a submit_event_notes' '=' 'DAG' 'Node:' 'stage_in_local_local_4_0 -a dagman_log' '=' '/home/ubuntu/wikiflow/7_2_wikiflow_1sh_1s_noannot_wmj/dags/ubuntu/pegasus/example_workflow/20170121T013654+0000/./example_workflow-0.dag.nodes.log -a +DAGManNodesMask' '=' '"0,1,2,4,5,7,9,10,11,12,13,16,17,24,27" -a DAG_STATUS' '=' '0 -a FAILED_COUNT' '=' '0 -a +DAGParentNodeNames' '=' '"create_dir_example_workflow_0_local" -a +KeepClaimIdle' '=' '20 -a notification' '=' 'never 00/00/stage_in_local_local_4_0.sub
01/21/17 01:37:18 From submit: Submitting job(s).
01/21/17 01:37:18 From submit: 1 job(s) submitted to cluster 11259.
01/21/17 01:37:18 	assigned Condor ID (11259.0.0)
01/21/17 01:37:18 Submitting Condor Node stage_in_local_local_1_0 job(s)...
01/21/17 01:37:18 Adding a DAGMan workflow log /home/ubuntu/wikiflow/7_2_wikiflow_1sh_1s_noannot_wmj/dags/ubuntu/pegasus/example_workflow/20170121T013654+0000/./example_workflow-0.dag.nodes.log
01/21/17 01:37:18 Masking the events recorded in the DAGMAN workflow log
01/21/17 01:37:18 Mask for workflow log is 0,1,2,4,5,7,9,10,11,12,13,16,17,24,27
01/21/17 01:37:18 submitting: /usr/bin/condor_submit -a dag_node_name' '=' 'stage_in_local_local_1_0 -a +DAGManJobId' '=' '11256 -a DAGManJobId' '=' '11256 -a submit_event_notes' '=' 'DAG' 'Node:' 'stage_in_local_local_1_0 -a dagman_log' '=' '/home/ubuntu/wikiflow/7_2_wikiflow_1sh_1s_noannot_wmj/dags/ubuntu/pegasus/example_workflow/20170121T013654+0000/./example_workflow-0.dag.nodes.log -a +DAGManNodesMask' '=' '"0,1,2,4,5,7,9,10,11,12,13,16,17,24,27" -a DAG_STATUS' '=' '0 -a FAILED_COUNT' '=' '0 -a +DAGParentNodeNames' '=' '"create_dir_example_workflow_0_local" -a +KeepClaimIdle' '=' '20 -a notification' '=' 'never 00/00/stage_in_local_local_1_0.sub
01/21/17 01:37:18 From submit: Submitting job(s).
01/21/17 01:37:18 From submit: 1 job(s) submitted to cluster 11260.
01/21/17 01:37:18 	assigned Condor ID (11260.0.0)
01/21/17 01:37:18 Submitting Condor Node stage_in_local_local_2_0 job(s)...
01/21/17 01:37:18 Adding a DAGMan workflow log /home/ubuntu/wikiflow/7_2_wikiflow_1sh_1s_noannot_wmj/dags/ubuntu/pegasus/example_workflow/20170121T013654+0000/./example_workflow-0.dag.nodes.log
01/21/17 01:37:18 Masking the events recorded in the DAGMAN workflow log
01/21/17 01:37:18 Mask for workflow log is 0,1,2,4,5,7,9,10,11,12,13,16,17,24,27
01/21/17 01:37:18 submitting: /usr/bin/condor_submit -a dag_node_name' '=' 'stage_in_local_local_2_0 -a +DAGManJobId' '=' '11256 -a DAGManJobId' '=' '11256 -a submit_event_notes' '=' 'DAG' 'Node:' 'stage_in_local_local_2_0 -a dagman_log' '=' '/home/ubuntu/wikiflow/7_2_wikiflow_1sh_1s_noannot_wmj/dags/ubuntu/pegasus/example_workflow/20170121T013654+0000/./example_workflow-0.dag.nodes.log -a +DAGManNodesMask' '=' '"0,1,2,4,5,7,9,10,11,12,13,16,17,24,27" -a DAG_STATUS' '=' '0 -a FAILED_COUNT' '=' '0 -a +DAGParentNodeNames' '=' '"create_dir_example_workflow_0_local" -a +KeepClaimIdle' '=' '20 -a notification' '=' 'never 00/00/stage_in_local_local_2_0.sub
01/21/17 01:37:18 From submit: Submitting job(s).
01/21/17 01:37:18 From submit: 1 job(s) submitted to cluster 11261.
01/21/17 01:37:18 	assigned Condor ID (11261.0.0)
01/21/17 01:37:18 Submitting Condor Node stage_in_remote_local_1_0 job(s)...
01/21/17 01:37:18 Adding a DAGMan workflow log /home/ubuntu/wikiflow/7_2_wikiflow_1sh_1s_noannot_wmj/dags/ubuntu/pegasus/example_workflow/20170121T013654+0000/./example_workflow-0.dag.nodes.log
01/21/17 01:37:18 Masking the events recorded in the DAGMAN workflow log
01/21/17 01:37:18 Mask for workflow log is 0,1,2,4,5,7,9,10,11,12,13,16,17,24,27
01/21/17 01:37:18 submitting: /usr/bin/condor_submit -a dag_node_name' '=' 'stage_in_remote_local_1_0 -a +DAGManJobId' '=' '11256 -a DAGManJobId' '=' '11256 -a submit_event_notes' '=' 'DAG' 'Node:' 'stage_in_remote_local_1_0 -a dagman_log' '=' '/home/ubuntu/wikiflow/7_2_wikiflow_1sh_1s_noannot_wmj/dags/ubuntu/pegasus/example_workflow/20170121T013654+0000/./example_workflow-0.dag.nodes.log -a +DAGManNodesMask' '=' '"0,1,2,4,5,7,9,10,11,12,13,16,17,24,27" -a DAG_STATUS' '=' '0 -a FAILED_COUNT' '=' '0 -a +DAGParentNodeNames' '=' '"create_dir_example_workflow_0_local" -a +KeepClaimIdle' '=' '20 -a notification' '=' 'never 00/00/stage_in_remote_local_1_0.sub
01/21/17 01:37:18 From submit: Submitting job(s).
01/21/17 01:37:18 From submit: 1 job(s) submitted to cluster 11262.
01/21/17 01:37:18 	assigned Condor ID (11262.0.0)
01/21/17 01:37:18 Just submitted 5 jobs this cycle...
01/21/17 01:37:18 Currently monitoring 1 Condor log file(s)
01/21/17 01:37:18 Reassigning the id of job stage_in_local_local_0_0 from (11258.0.0) to (11258.0.0)
01/21/17 01:37:18 Event: ULOG_SUBMIT for Condor Node stage_in_local_local_0_0 (11258.0.0)
01/21/17 01:37:18 Number of idle job procs: 1
01/21/17 01:37:18 Reassigning the id of job stage_in_local_local_4_0 from (11259.0.0) to (11259.0.0)
01/21/17 01:37:18 Event: ULOG_SUBMIT for Condor Node stage_in_local_local_4_0 (11259.0.0)
01/21/17 01:37:18 Number of idle job procs: 2
01/21/17 01:37:18 Event: ULOG_EXECUTE for Condor Node stage_in_local_local_0_0 (11258.0.0)
01/21/17 01:37:18 Number of idle job procs: 1
01/21/17 01:37:18 Reassigning the id of job stage_in_local_local_1_0 from (11260.0.0) to (11260.0.0)
01/21/17 01:37:18 Event: ULOG_SUBMIT for Condor Node stage_in_local_local_1_0 (11260.0.0)
01/21/17 01:37:18 Number of idle job procs: 2
01/21/17 01:37:18 Reassigning the id of job stage_in_local_local_2_0 from (11261.0.0) to (11261.0.0)
01/21/17 01:37:18 Event: ULOG_SUBMIT for Condor Node stage_in_local_local_2_0 (11261.0.0)
01/21/17 01:37:18 Number of idle job procs: 3
01/21/17 01:37:18 Reassigning the id of job stage_in_remote_local_1_0 from (11262.0.0) to (11262.0.0)
01/21/17 01:37:18 Event: ULOG_SUBMIT for Condor Node stage_in_remote_local_1_0 (11262.0.0)
01/21/17 01:37:18 Number of idle job procs: 4
01/21/17 01:37:18 DAG status: 0 (DAG_STATUS_OK)
01/21/17 01:37:18 Of 21 nodes total:
01/21/17 01:37:18  Done     Pre   Queued    Post   Ready   Un-Ready   Failed
01/21/17 01:37:18   ===     ===      ===     ===     ===        ===      ===
01/21/17 01:37:18     1       0        5       0       2         13        0
01/21/17 01:37:18 0 job proc(s) currently held
01/21/17 01:37:23 Submitting Condor Node stage_in_local_local_3_0 job(s)...
01/21/17 01:37:23 Adding a DAGMan workflow log /home/ubuntu/wikiflow/7_2_wikiflow_1sh_1s_noannot_wmj/dags/ubuntu/pegasus/example_workflow/20170121T013654+0000/./example_workflow-0.dag.nodes.log
01/21/17 01:37:23 Masking the events recorded in the DAGMAN workflow log
01/21/17 01:37:23 Mask for workflow log is 0,1,2,4,5,7,9,10,11,12,13,16,17,24,27
01/21/17 01:37:23 submitting: /usr/bin/condor_submit -a dag_node_name' '=' 'stage_in_local_local_3_0 -a +DAGManJobId' '=' '11256 -a DAGManJobId' '=' '11256 -a submit_event_notes' '=' 'DAG' 'Node:' 'stage_in_local_local_3_0 -a dagman_log' '=' '/home/ubuntu/wikiflow/7_2_wikiflow_1sh_1s_noannot_wmj/dags/ubuntu/pegasus/example_workflow/20170121T013654+0000/./example_workflow-0.dag.nodes.log -a +DAGManNodesMask' '=' '"0,1,2,4,5,7,9,10,11,12,13,16,17,24,27" -a DAG_STATUS' '=' '0 -a FAILED_COUNT' '=' '0 -a +DAGParentNodeNames' '=' '"create_dir_example_workflow_0_local" -a +KeepClaimIdle' '=' '20 -a notification' '=' 'never 00/00/stage_in_local_local_3_0.sub
01/21/17 01:37:23 From submit: Submitting job(s).
01/21/17 01:37:23 From submit: 1 job(s) submitted to cluster 11263.
01/21/17 01:37:23 	assigned Condor ID (11263.0.0)
01/21/17 01:37:23 Submitting Condor Node stage_in_remote_local_3_0 job(s)...
01/21/17 01:37:23 Adding a DAGMan workflow log /home/ubuntu/wikiflow/7_2_wikiflow_1sh_1s_noannot_wmj/dags/ubuntu/pegasus/example_workflow/20170121T013654+0000/./example_workflow-0.dag.nodes.log
01/21/17 01:37:23 Masking the events recorded in the DAGMAN workflow log
01/21/17 01:37:23 Mask for workflow log is 0,1,2,4,5,7,9,10,11,12,13,16,17,24,27
01/21/17 01:37:23 submitting: /usr/bin/condor_submit -a dag_node_name' '=' 'stage_in_remote_local_3_0 -a +DAGManJobId' '=' '11256 -a DAGManJobId' '=' '11256 -a submit_event_notes' '=' 'DAG' 'Node:' 'stage_in_remote_local_3_0 -a dagman_log' '=' '/home/ubuntu/wikiflow/7_2_wikiflow_1sh_1s_noannot_wmj/dags/ubuntu/pegasus/example_workflow/20170121T013654+0000/./example_workflow-0.dag.nodes.log -a +DAGManNodesMask' '=' '"0,1,2,4,5,7,9,10,11,12,13,16,17,24,27" -a DAG_STATUS' '=' '0 -a FAILED_COUNT' '=' '0 -a +DAGParentNodeNames' '=' '"create_dir_example_workflow_0_local" -a +KeepClaimIdle' '=' '20 -a notification' '=' 'never 00/00/stage_in_remote_local_3_0.sub
01/21/17 01:37:23 From submit: Submitting job(s).
01/21/17 01:37:23 From submit: 1 job(s) submitted to cluster 11264.
01/21/17 01:37:23 	assigned Condor ID (11264.0.0)
01/21/17 01:37:23 Just submitted 2 jobs this cycle...
01/21/17 01:37:23 Currently monitoring 1 Condor log file(s)
01/21/17 01:37:23 Event: ULOG_JOB_TERMINATED for Condor Node stage_in_local_local_0_0 (11258.0.0)
01/21/17 01:37:23 Number of idle job procs: 4
01/21/17 01:37:23 Node stage_in_local_local_0_0 job proc (11258.0.0) completed successfully.
01/21/17 01:37:23 Node stage_in_local_local_0_0 job completed
01/21/17 01:37:23 Running POST script of Node stage_in_local_local_0_0...
01/21/17 01:37:23 Warning: mysin has length 0 (ignore if produced by DAGMan; see gittrac #4987, #5031)
01/21/17 01:37:23 Event: ULOG_EXECUTE for Condor Node stage_in_remote_local_1_0 (11262.0.0)
01/21/17 01:37:23 Number of idle job procs: 3
01/21/17 01:37:23 Event: ULOG_EXECUTE for Condor Node stage_in_local_local_4_0 (11259.0.0)
01/21/17 01:37:23 Number of idle job procs: 2
01/21/17 01:37:23 Event: ULOG_EXECUTE for Condor Node stage_in_local_local_2_0 (11261.0.0)
01/21/17 01:37:23 Number of idle job procs: 1
01/21/17 01:37:23 Event: ULOG_EXECUTE for Condor Node stage_in_local_local_1_0 (11260.0.0)
01/21/17 01:37:23 Number of idle job procs: 0
01/21/17 01:37:23 Event: ULOG_JOB_TERMINATED for Condor Node stage_in_local_local_4_0 (11259.0.0)
01/21/17 01:37:23 Number of idle job procs: 0
01/21/17 01:37:23 Node stage_in_local_local_4_0 job proc (11259.0.0) completed successfully.
01/21/17 01:37:23 Node stage_in_local_local_4_0 job completed
01/21/17 01:37:23 Running POST script of Node stage_in_local_local_4_0...
01/21/17 01:37:23 Warning: mysin has length 0 (ignore if produced by DAGMan; see gittrac #4987, #5031)
01/21/17 01:37:23 Event: ULOG_JOB_TERMINATED for Condor Node stage_in_local_local_1_0 (11260.0.0)
01/21/17 01:37:23 Number of idle job procs: 0
01/21/17 01:37:23 Node stage_in_local_local_1_0 job proc (11260.0.0) completed successfully.
01/21/17 01:37:23 Node stage_in_local_local_1_0 job completed
01/21/17 01:37:23 Running POST script of Node stage_in_local_local_1_0...
01/21/17 01:37:23 Warning: mysin has length 0 (ignore if produced by DAGMan; see gittrac #4987, #5031)
01/21/17 01:37:23 Event: ULOG_JOB_TERMINATED for Condor Node stage_in_local_local_2_0 (11261.0.0)
01/21/17 01:37:23 Number of idle job procs: 0
01/21/17 01:37:23 Node stage_in_local_local_2_0 job proc (11261.0.0) completed successfully.
01/21/17 01:37:23 Node stage_in_local_local_2_0 job completed
01/21/17 01:37:23 Running POST script of Node stage_in_local_local_2_0...
01/21/17 01:37:23 Warning: mysin has length 0 (ignore if produced by DAGMan; see gittrac #4987, #5031)
01/21/17 01:37:23 Event: ULOG_JOB_TERMINATED for Condor Node stage_in_remote_local_1_0 (11262.0.0)
01/21/17 01:37:23 Number of idle job procs: 0
01/21/17 01:37:23 Node stage_in_remote_local_1_0 job proc (11262.0.0) completed successfully.
01/21/17 01:37:23 Node stage_in_remote_local_1_0 job completed
01/21/17 01:37:23 Running POST script of Node stage_in_remote_local_1_0...
01/21/17 01:37:23 Warning: mysin has length 0 (ignore if produced by DAGMan; see gittrac #4987, #5031)
01/21/17 01:37:23 Reassigning the id of job stage_in_local_local_3_0 from (11263.0.0) to (11263.0.0)
01/21/17 01:37:23 Event: ULOG_SUBMIT for Condor Node stage_in_local_local_3_0 (11263.0.0)
01/21/17 01:37:23 Number of idle job procs: 1
01/21/17 01:37:23 Event: ULOG_EXECUTE for Condor Node stage_in_local_local_3_0 (11263.0.0)
01/21/17 01:37:23 Number of idle job procs: 0
01/21/17 01:37:23 Reassigning the id of job stage_in_remote_local_3_0 from (11264.0.0) to (11264.0.0)
01/21/17 01:37:23 Event: ULOG_SUBMIT for Condor Node stage_in_remote_local_3_0 (11264.0.0)
01/21/17 01:37:23 Number of idle job procs: 1
01/21/17 01:37:23 Event: ULOG_EXECUTE for Condor Node stage_in_remote_local_3_0 (11264.0.0)
01/21/17 01:37:23 Number of idle job procs: 0
01/21/17 01:37:23 DAG status: 0 (DAG_STATUS_OK)
01/21/17 01:37:23 Of 21 nodes total:
01/21/17 01:37:23  Done     Pre   Queued    Post   Ready   Un-Ready   Failed
01/21/17 01:37:23   ===     ===      ===     ===     ===        ===      ===
01/21/17 01:37:23     1       0        2       5       0         13        0
01/21/17 01:37:23 0 job proc(s) currently held
01/21/17 01:37:24 Initializing user log writer for /home/ubuntu/wikiflow/7_2_wikiflow_1sh_1s_noannot_wmj/dags/ubuntu/pegasus/example_workflow/20170121T013654+0000/./example_workflow-0.dag.nodes.log, (11258.0.0)
01/21/17 01:37:24 Initializing user log writer for /home/ubuntu/wikiflow/7_2_wikiflow_1sh_1s_noannot_wmj/dags/ubuntu/pegasus/example_workflow/20170121T013654+0000/./example_workflow-0.dag.nodes.log, (11260.0.0)
01/21/17 01:37:24 Initializing user log writer for /home/ubuntu/wikiflow/7_2_wikiflow_1sh_1s_noannot_wmj/dags/ubuntu/pegasus/example_workflow/20170121T013654+0000/./example_workflow-0.dag.nodes.log, (11259.0.0)
01/21/17 01:37:24 Initializing user log writer for /home/ubuntu/wikiflow/7_2_wikiflow_1sh_1s_noannot_wmj/dags/ubuntu/pegasus/example_workflow/20170121T013654+0000/./example_workflow-0.dag.nodes.log, (11261.0.0)
01/21/17 01:37:24 Initializing user log writer for /home/ubuntu/wikiflow/7_2_wikiflow_1sh_1s_noannot_wmj/dags/ubuntu/pegasus/example_workflow/20170121T013654+0000/./example_workflow-0.dag.nodes.log, (11262.0.0)
01/21/17 01:37:28 Currently monitoring 1 Condor log file(s)
01/21/17 01:37:28 Event: ULOG_POST_SCRIPT_TERMINATED for Condor Node stage_in_local_local_0_0 (11258.0.0)
01/21/17 01:37:28 POST Script of Node stage_in_local_local_0_0 completed successfully.
01/21/17 01:37:28 Event: ULOG_POST_SCRIPT_TERMINATED for Condor Node stage_in_local_local_1_0 (11260.0.0)
01/21/17 01:37:28 POST Script of Node stage_in_local_local_1_0 completed successfully.
01/21/17 01:37:28 Event: ULOG_POST_SCRIPT_TERMINATED for Condor Node stage_in_local_local_4_0 (11259.0.0)
01/21/17 01:37:28 POST Script of Node stage_in_local_local_4_0 completed successfully.
01/21/17 01:37:28 Event: ULOG_POST_SCRIPT_TERMINATED for Condor Node stage_in_local_local_2_0 (11261.0.0)
01/21/17 01:37:28 POST Script of Node stage_in_local_local_2_0 completed successfully.
01/21/17 01:37:28 Event: ULOG_POST_SCRIPT_TERMINATED for Condor Node stage_in_remote_local_1_0 (11262.0.0)
01/21/17 01:37:28 POST Script of Node stage_in_remote_local_1_0 completed successfully.
01/21/17 01:37:28 Event: ULOG_JOB_TERMINATED for Condor Node stage_in_local_local_3_0 (11263.0.0)
01/21/17 01:37:28 Number of idle job procs: 0
01/21/17 01:37:28 Node stage_in_local_local_3_0 job proc (11263.0.0) completed successfully.
01/21/17 01:37:28 Node stage_in_local_local_3_0 job completed
01/21/17 01:37:28 Running POST script of Node stage_in_local_local_3_0...
01/21/17 01:37:28 Warning: mysin has length 0 (ignore if produced by DAGMan; see gittrac #4987, #5031)
01/21/17 01:37:28 Event: ULOG_JOB_TERMINATED for Condor Node stage_in_remote_local_3_0 (11264.0.0)
01/21/17 01:37:28 Number of idle job procs: 0
01/21/17 01:37:28 Node stage_in_remote_local_3_0 job proc (11264.0.0) completed successfully.
01/21/17 01:37:28 Node stage_in_remote_local_3_0 job completed
01/21/17 01:37:28 Running POST script of Node stage_in_remote_local_3_0...
01/21/17 01:37:28 Warning: mysin has length 0 (ignore if produced by DAGMan; see gittrac #4987, #5031)
01/21/17 01:37:28 DAG status: 0 (DAG_STATUS_OK)
01/21/17 01:37:28 Of 21 nodes total:
01/21/17 01:37:28  Done     Pre   Queued    Post   Ready   Un-Ready   Failed
01/21/17 01:37:28   ===     ===      ===     ===     ===        ===      ===
01/21/17 01:37:28     6       0        0       2       1         12        0
01/21/17 01:37:28 0 job proc(s) currently held
01/21/17 01:37:29 Initializing user log writer for /home/ubuntu/wikiflow/7_2_wikiflow_1sh_1s_noannot_wmj/dags/ubuntu/pegasus/example_workflow/20170121T013654+0000/./example_workflow-0.dag.nodes.log, (11264.0.0)
01/21/17 01:37:29 Initializing user log writer for /home/ubuntu/wikiflow/7_2_wikiflow_1sh_1s_noannot_wmj/dags/ubuntu/pegasus/example_workflow/20170121T013654+0000/./example_workflow-0.dag.nodes.log, (11263.0.0)
01/21/17 01:37:33 Submitting Condor Node init_0_ID0000001 job(s)...
01/21/17 01:37:33 Adding a DAGMan workflow log /home/ubuntu/wikiflow/7_2_wikiflow_1sh_1s_noannot_wmj/dags/ubuntu/pegasus/example_workflow/20170121T013654+0000/./example_workflow-0.dag.nodes.log
01/21/17 01:37:33 Masking the events recorded in the DAGMAN workflow log
01/21/17 01:37:33 Mask for workflow log is 0,1,2,4,5,7,9,10,11,12,13,16,17,24,27
01/21/17 01:37:33 submitting: /usr/bin/condor_submit -a dag_node_name' '=' 'init_0_ID0000001 -a +DAGManJobId' '=' '11256 -a DAGManJobId' '=' '11256 -a submit_event_notes' '=' 'DAG' 'Node:' 'init_0_ID0000001 -a dagman_log' '=' '/home/ubuntu/wikiflow/7_2_wikiflow_1sh_1s_noannot_wmj/dags/ubuntu/pegasus/example_workflow/20170121T013654+0000/./example_workflow-0.dag.nodes.log -a +DAGManNodesMask' '=' '"0,1,2,4,5,7,9,10,11,12,13,16,17,24,27" -a DAG_STATUS' '=' '0 -a FAILED_COUNT' '=' '0 -a +DAGParentNodeNames' '=' '"stage_in_local_local_0_0" -a +KeepClaimIdle' '=' '20 -a notification' '=' 'never 00/00/init_0_ID0000001.sub
01/21/17 01:37:33 From submit: Submitting job(s).
01/21/17 01:37:33 From submit: 1 job(s) submitted to cluster 11265.
01/21/17 01:37:33 	assigned Condor ID (11265.0.0)
01/21/17 01:37:33 Just submitted 1 job this cycle...
01/21/17 01:37:33 Currently monitoring 1 Condor log file(s)
01/21/17 01:37:33 Event: ULOG_POST_SCRIPT_TERMINATED for Condor Node stage_in_remote_local_3_0 (11264.0.0)
01/21/17 01:37:33 POST Script of Node stage_in_remote_local_3_0 completed successfully.
01/21/17 01:37:33 Event: ULOG_POST_SCRIPT_TERMINATED for Condor Node stage_in_local_local_3_0 (11263.0.0)
01/21/17 01:37:33 POST Script of Node stage_in_local_local_3_0 completed successfully.
01/21/17 01:37:33 Reassigning the id of job init_0_ID0000001 from (11265.0.0) to (11265.0.0)
01/21/17 01:37:33 Event: ULOG_SUBMIT for Condor Node init_0_ID0000001 (11265.0.0)
01/21/17 01:37:33 Number of idle job procs: 1
01/21/17 01:37:33 DAG status: 0 (DAG_STATUS_OK)
01/21/17 01:37:33 Of 21 nodes total:
01/21/17 01:37:33  Done     Pre   Queued    Post   Ready   Un-Ready   Failed
01/21/17 01:37:33   ===     ===      ===     ===     ===        ===      ===
01/21/17 01:37:33     8       0        1       0       0         12        0
01/21/17 01:37:33 0 job proc(s) currently held
01/21/17 01:37:58 Currently monitoring 1 Condor log file(s)
01/21/17 01:37:58 Event: ULOG_EXECUTE for Condor Node init_0_ID0000001 (11265.0.0)
01/21/17 01:37:58 Number of idle job procs: 0
01/21/17 01:47:03 Currently monitoring 1 Condor log file(s)
01/21/17 01:47:03 Event: ULOG_JOB_TERMINATED for Condor Node init_0_ID0000001 (11265.0.0)
01/21/17 01:47:03 Number of idle job procs: 0
01/21/17 01:47:03 Node init_0_ID0000001 job proc (11265.0.0) completed successfully.
01/21/17 01:47:03 Node init_0_ID0000001 job completed
01/21/17 01:47:03 Running POST script of Node init_0_ID0000001...
01/21/17 01:47:03 Warning: mysin has length 0 (ignore if produced by DAGMan; see gittrac #4987, #5031)
01/21/17 01:47:03 DAG status: 0 (DAG_STATUS_OK)
01/21/17 01:47:03 Of 21 nodes total:
01/21/17 01:47:03  Done     Pre   Queued    Post   Ready   Un-Ready   Failed
01/21/17 01:47:03   ===     ===      ===     ===     ===        ===      ===
01/21/17 01:47:03     8       0        0       1       0         12        0
01/21/17 01:47:03 0 job proc(s) currently held
01/21/17 01:47:03 Initializing user log writer for /home/ubuntu/wikiflow/7_2_wikiflow_1sh_1s_noannot_wmj/dags/ubuntu/pegasus/example_workflow/20170121T013654+0000/./example_workflow-0.dag.nodes.log, (11265.0.0)
01/21/17 01:47:08 Currently monitoring 1 Condor log file(s)
01/21/17 01:47:08 Event: ULOG_POST_SCRIPT_TERMINATED for Condor Node init_0_ID0000001 (11265.0.0)
01/21/17 01:47:08 POST Script of Node init_0_ID0000001 completed successfully.
01/21/17 01:47:08 DAG status: 0 (DAG_STATUS_OK)
01/21/17 01:47:08 Of 21 nodes total:
01/21/17 01:47:08  Done     Pre   Queued    Post   Ready   Un-Ready   Failed
01/21/17 01:47:08   ===     ===      ===     ===     ===        ===      ===
01/21/17 01:47:08     9       0        0       0       2         10        0
01/21/17 01:47:08 0 job proc(s) currently held
01/21/17 01:47:13 Submitting Condor Node clean_up_local_level_3_0 job(s)...
01/21/17 01:47:13 Adding a DAGMan workflow log /home/ubuntu/wikiflow/7_2_wikiflow_1sh_1s_noannot_wmj/dags/ubuntu/pegasus/example_workflow/20170121T013654+0000/./example_workflow-0.dag.nodes.log
01/21/17 01:47:13 Masking the events recorded in the DAGMAN workflow log
01/21/17 01:47:13 Mask for workflow log is 0,1,2,4,5,7,9,10,11,12,13,16,17,24,27
01/21/17 01:47:13 submitting: /usr/bin/condor_submit -a dag_node_name' '=' 'clean_up_local_level_3_0 -a +DAGManJobId' '=' '11256 -a DAGManJobId' '=' '11256 -a submit_event_notes' '=' 'DAG' 'Node:' 'clean_up_local_level_3_0 -a dagman_log' '=' '/home/ubuntu/wikiflow/7_2_wikiflow_1sh_1s_noannot_wmj/dags/ubuntu/pegasus/example_workflow/20170121T013654+0000/./example_workflow-0.dag.nodes.log -a +DAGManNodesMask' '=' '"0,1,2,4,5,7,9,10,11,12,13,16,17,24,27" -a DAG_STATUS' '=' '0 -a FAILED_COUNT' '=' '0 -a +DAGParentNodeNames' '=' '"init_0_ID0000001" -a +KeepClaimIdle' '=' '20 -a notification' '=' 'never 00/00/clean_up_local_level_3_0.sub
01/21/17 01:47:13 From submit: Submitting job(s).
01/21/17 01:47:13 From submit: 1 job(s) submitted to cluster 11266.
01/21/17 01:47:13 	assigned Condor ID (11266.0.0)
01/21/17 01:47:13 Submitting Condor Node computeusergroup_0_ID0000002 job(s)...
01/21/17 01:47:13 Adding a DAGMan workflow log /home/ubuntu/wikiflow/7_2_wikiflow_1sh_1s_noannot_wmj/dags/ubuntu/pegasus/example_workflow/20170121T013654+0000/./example_workflow-0.dag.nodes.log
01/21/17 01:47:13 Masking the events recorded in the DAGMAN workflow log
01/21/17 01:47:13 Mask for workflow log is 0,1,2,4,5,7,9,10,11,12,13,16,17,24,27
01/21/17 01:47:13 submitting: /usr/bin/condor_submit -a dag_node_name' '=' 'computeusergroup_0_ID0000002 -a +DAGManJobId' '=' '11256 -a DAGManJobId' '=' '11256 -a submit_event_notes' '=' 'DAG' 'Node:' 'computeusergroup_0_ID0000002 -a dagman_log' '=' '/home/ubuntu/wikiflow/7_2_wikiflow_1sh_1s_noannot_wmj/dags/ubuntu/pegasus/example_workflow/20170121T013654+0000/./example_workflow-0.dag.nodes.log -a +DAGManNodesMask' '=' '"0,1,2,4,5,7,9,10,11,12,13,16,17,24,27" -a DAG_STATUS' '=' '0 -a FAILED_COUNT' '=' '0 -a +DAGParentNodeNames' '=' '"stage_in_local_local_1_0,stage_in_remote_local_1_0,init_0_ID0000001" -a +KeepClaimIdle' '=' '20 -a notification' '=' 'never 00/00/computeusergroup_0_ID0000002.sub
01/21/17 01:47:13 From submit: Submitting job(s).
01/21/17 01:47:13 From submit: 1 job(s) submitted to cluster 11267.
01/21/17 01:47:13 	assigned Condor ID (11267.0.0)
01/21/17 01:47:13 Just submitted 2 jobs this cycle...
01/21/17 01:47:13 Currently monitoring 1 Condor log file(s)
01/21/17 01:47:13 Reassigning the id of job clean_up_local_level_3_0 from (11266.0.0) to (11266.0.0)
01/21/17 01:47:13 Event: ULOG_SUBMIT for Condor Node clean_up_local_level_3_0 (11266.0.0)
01/21/17 01:47:13 Number of idle job procs: 1
01/21/17 01:47:13 Event: ULOG_EXECUTE for Condor Node clean_up_local_level_3_0 (11266.0.0)
01/21/17 01:47:13 Number of idle job procs: 0
01/21/17 01:47:13 Reassigning the id of job computeusergroup_0_ID0000002 from (11267.0.0) to (11267.0.0)
01/21/17 01:47:13 Event: ULOG_SUBMIT for Condor Node computeusergroup_0_ID0000002 (11267.0.0)
01/21/17 01:47:13 Number of idle job procs: 1
01/21/17 01:47:13 DAG status: 0 (DAG_STATUS_OK)
01/21/17 01:47:13 Of 21 nodes total:
01/21/17 01:47:13  Done     Pre   Queued    Post   Ready   Un-Ready   Failed
01/21/17 01:47:13   ===     ===      ===     ===     ===        ===      ===
01/21/17 01:47:13     9       0        2       0       0         10        0
01/21/17 01:47:13 0 job proc(s) currently held
01/21/17 01:47:18 Currently monitoring 1 Condor log file(s)
01/21/17 01:47:18 Event: ULOG_EXECUTE for Condor Node computeusergroup_0_ID0000002 (11267.0.0)
01/21/17 01:47:18 Number of idle job procs: 0
01/21/17 01:47:18 Event: ULOG_JOB_TERMINATED for Condor Node clean_up_local_level_3_0 (11266.0.0)
01/21/17 01:47:18 Number of idle job procs: 0
01/21/17 01:47:18 Node clean_up_local_level_3_0 job proc (11266.0.0) completed successfully.
01/21/17 01:47:18 Node clean_up_local_level_3_0 job completed
01/21/17 01:47:18 Running POST script of Node clean_up_local_level_3_0...
01/21/17 01:47:18 Warning: mysin has length 0 (ignore if produced by DAGMan; see gittrac #4987, #5031)
01/21/17 01:47:18 DAG status: 0 (DAG_STATUS_OK)
01/21/17 01:47:18 Of 21 nodes total:
01/21/17 01:47:18  Done     Pre   Queued    Post   Ready   Un-Ready   Failed
01/21/17 01:47:18   ===     ===      ===     ===     ===        ===      ===
01/21/17 01:47:18     9       0        1       1       0         10        0
01/21/17 01:47:18 0 job proc(s) currently held
01/21/17 01:47:18 Initializing user log writer for /home/ubuntu/wikiflow/7_2_wikiflow_1sh_1s_noannot_wmj/dags/ubuntu/pegasus/example_workflow/20170121T013654+0000/./example_workflow-0.dag.nodes.log, (11266.0.0)
01/21/17 01:47:23 Currently monitoring 1 Condor log file(s)
01/21/17 01:47:23 Event: ULOG_POST_SCRIPT_TERMINATED for Condor Node clean_up_local_level_3_0 (11266.0.0)
01/21/17 01:47:23 POST Script of Node clean_up_local_level_3_0 completed successfully.
01/21/17 01:47:23 DAG status: 0 (DAG_STATUS_OK)
01/21/17 01:47:23 Of 21 nodes total:
01/21/17 01:47:23  Done     Pre   Queued    Post   Ready   Un-Ready   Failed
01/21/17 01:47:23   ===     ===      ===     ===     ===        ===      ===
01/21/17 01:47:23    10       0        1       0       0         10        0
01/21/17 01:47:23 0 job proc(s) currently held
01/21/17 01:57:24 601 seconds since last log event
01/21/17 01:57:24 Pending DAG nodes:
01/21/17 01:57:24   Node computeusergroup_0_ID0000002, Condor ID 11267, status STATUS_SUBMITTED
01/21/17 02:07:24 1201 seconds since last log event
01/21/17 02:07:24 Pending DAG nodes:
01/21/17 02:07:24   Node computeusergroup_0_ID0000002, Condor ID 11267, status STATUS_SUBMITTED
01/21/17 02:17:25 1802 seconds since last log event
01/21/17 02:17:25 Pending DAG nodes:
01/21/17 02:17:25   Node computeusergroup_0_ID0000002, Condor ID 11267, status STATUS_SUBMITTED
01/21/17 02:27:26 2403 seconds since last log event
01/21/17 02:27:26 Pending DAG nodes:
01/21/17 02:27:26   Node computeusergroup_0_ID0000002, Condor ID 11267, status STATUS_SUBMITTED
01/21/17 02:37:26 3003 seconds since last log event
01/21/17 02:37:26 Pending DAG nodes:
01/21/17 02:37:26   Node computeusergroup_0_ID0000002, Condor ID 11267, status STATUS_SUBMITTED
01/21/17 02:47:27 3604 seconds since last log event
01/21/17 02:47:27 Pending DAG nodes:
01/21/17 02:47:27   Node computeusergroup_0_ID0000002, Condor ID 11267, status STATUS_SUBMITTED
01/21/17 02:57:28 4205 seconds since last log event
01/21/17 02:57:28 Pending DAG nodes:
01/21/17 02:57:28   Node computeusergroup_0_ID0000002, Condor ID 11267, status STATUS_SUBMITTED
01/21/17 03:07:28 4805 seconds since last log event
01/21/17 03:07:28 Pending DAG nodes:
01/21/17 03:07:28   Node computeusergroup_0_ID0000002, Condor ID 11267, status STATUS_SUBMITTED
01/21/17 03:17:29 5406 seconds since last log event
01/21/17 03:17:29 Pending DAG nodes:
01/21/17 03:17:29   Node computeusergroup_0_ID0000002, Condor ID 11267, status STATUS_SUBMITTED
01/21/17 03:27:30 6007 seconds since last log event
01/21/17 03:27:30 Pending DAG nodes:
01/21/17 03:27:30   Node computeusergroup_0_ID0000002, Condor ID 11267, status STATUS_SUBMITTED
01/21/17 03:27:35 Currently monitoring 1 Condor log file(s)
01/21/17 03:27:35 Event: ULOG_JOB_TERMINATED for Condor Node computeusergroup_0_ID0000002 (11267.0.0)
01/21/17 03:27:35 Number of idle job procs: 0
01/21/17 03:27:35 Node computeusergroup_0_ID0000002 job proc (11267.0.0) completed successfully.
01/21/17 03:27:35 Node computeusergroup_0_ID0000002 job completed
01/21/17 03:27:35 Running POST script of Node computeusergroup_0_ID0000002...
01/21/17 03:27:35 Warning: mysin has length 0 (ignore if produced by DAGMan; see gittrac #4987, #5031)
01/21/17 03:27:35 DAG status: 0 (DAG_STATUS_OK)
01/21/17 03:27:35 Of 21 nodes total:
01/21/17 03:27:35  Done     Pre   Queued    Post   Ready   Un-Ready   Failed
01/21/17 03:27:35   ===     ===      ===     ===     ===        ===      ===
01/21/17 03:27:35    10       0        0       1       0         10        0
01/21/17 03:27:35 0 job proc(s) currently held
01/21/17 03:27:35 Initializing user log writer for /home/ubuntu/wikiflow/7_2_wikiflow_1sh_1s_noannot_wmj/dags/ubuntu/pegasus/example_workflow/20170121T013654+0000/./example_workflow-0.dag.nodes.log, (11267.0.0)
01/21/17 03:27:40 Currently monitoring 1 Condor log file(s)
01/21/17 03:27:40 Event: ULOG_POST_SCRIPT_TERMINATED for Condor Node computeusergroup_0_ID0000002 (11267.0.0)
01/21/17 03:27:40 POST Script of Node computeusergroup_0_ID0000002 completed successfully.
01/21/17 03:27:40 DAG status: 0 (DAG_STATUS_OK)
01/21/17 03:27:40 Of 21 nodes total:
01/21/17 03:27:40  Done     Pre   Queued    Post   Ready   Un-Ready   Failed
01/21/17 03:27:40   ===     ===      ===     ===     ===        ===      ===
01/21/17 03:27:40    11       0        0       0       3          7        0
01/21/17 03:27:40 0 job proc(s) currently held
01/21/17 03:27:45 Submitting Condor Node clean_up_local_level_4_0 job(s)...
01/21/17 03:27:45 Adding a DAGMan workflow log /home/ubuntu/wikiflow/7_2_wikiflow_1sh_1s_noannot_wmj/dags/ubuntu/pegasus/example_workflow/20170121T013654+0000/./example_workflow-0.dag.nodes.log
01/21/17 03:27:45 Masking the events recorded in the DAGMAN workflow log
01/21/17 03:27:45 Mask for workflow log is 0,1,2,4,5,7,9,10,11,12,13,16,17,24,27
01/21/17 03:27:45 submitting: /usr/bin/condor_submit -a dag_node_name' '=' 'clean_up_local_level_4_0 -a +DAGManJobId' '=' '11256 -a DAGManJobId' '=' '11256 -a submit_event_notes' '=' 'DAG' 'Node:' 'clean_up_local_level_4_0 -a dagman_log' '=' '/home/ubuntu/wikiflow/7_2_wikiflow_1sh_1s_noannot_wmj/dags/ubuntu/pegasus/example_workflow/20170121T013654+0000/./example_workflow-0.dag.nodes.log -a +DAGManNodesMask' '=' '"0,1,2,4,5,7,9,10,11,12,13,16,17,24,27" -a DAG_STATUS' '=' '0 -a FAILED_COUNT' '=' '0 -a +DAGParentNodeNames' '=' '"computeusergroup_0_ID0000002" -a +KeepClaimIdle' '=' '20 -a notification' '=' 'never 00/00/clean_up_local_level_4_0.sub
01/21/17 03:27:45 From submit: Submitting job(s).
01/21/17 03:27:45 From submit: 1 job(s) submitted to cluster 11268.
01/21/17 03:27:45 	assigned Condor ID (11268.0.0)
01/21/17 03:27:45 Submitting Condor Node stage_out_local_local_1_0 job(s)...
01/21/17 03:27:45 Adding a DAGMan workflow log /home/ubuntu/wikiflow/7_2_wikiflow_1sh_1s_noannot_wmj/dags/ubuntu/pegasus/example_workflow/20170121T013654+0000/./example_workflow-0.dag.nodes.log
01/21/17 03:27:45 Masking the events recorded in the DAGMAN workflow log
01/21/17 03:27:45 Mask for workflow log is 0,1,2,4,5,7,9,10,11,12,13,16,17,24,27
01/21/17 03:27:45 submitting: /usr/bin/condor_submit -a dag_node_name' '=' 'stage_out_local_local_1_0 -a +DAGManJobId' '=' '11256 -a DAGManJobId' '=' '11256 -a submit_event_notes' '=' 'DAG' 'Node:' 'stage_out_local_local_1_0 -a dagman_log' '=' '/home/ubuntu/wikiflow/7_2_wikiflow_1sh_1s_noannot_wmj/dags/ubuntu/pegasus/example_workflow/20170121T013654+0000/./example_workflow-0.dag.nodes.log -a +DAGManNodesMask' '=' '"0,1,2,4,5,7,9,10,11,12,13,16,17,24,27" -a DAG_STATUS' '=' '0 -a FAILED_COUNT' '=' '0 -a +DAGParentNodeNames' '=' '"computeusergroup_0_ID0000002" -a +KeepClaimIdle' '=' '20 -a notification' '=' 'never 00/00/stage_out_local_local_1_0.sub
01/21/17 03:27:45 From submit: Submitting job(s).
01/21/17 03:27:45 From submit: 1 job(s) submitted to cluster 11269.
01/21/17 03:27:45 	assigned Condor ID (11269.0.0)
01/21/17 03:27:45 Submitting Condor Node sessioncompute_0_ID0000003 job(s)...
01/21/17 03:27:45 Adding a DAGMan workflow log /home/ubuntu/wikiflow/7_2_wikiflow_1sh_1s_noannot_wmj/dags/ubuntu/pegasus/example_workflow/20170121T013654+0000/./example_workflow-0.dag.nodes.log
01/21/17 03:27:45 Masking the events recorded in the DAGMAN workflow log
01/21/17 03:27:45 Mask for workflow log is 0,1,2,4,5,7,9,10,11,12,13,16,17,24,27
01/21/17 03:27:45 submitting: /usr/bin/condor_submit -a dag_node_name' '=' 'sessioncompute_0_ID0000003 -a +DAGManJobId' '=' '11256 -a DAGManJobId' '=' '11256 -a submit_event_notes' '=' 'DAG' 'Node:' 'sessioncompute_0_ID0000003 -a dagman_log' '=' '/home/ubuntu/wikiflow/7_2_wikiflow_1sh_1s_noannot_wmj/dags/ubuntu/pegasus/example_workflow/20170121T013654+0000/./example_workflow-0.dag.nodes.log -a +DAGManNodesMask' '=' '"0,1,2,4,5,7,9,10,11,12,13,16,17,24,27" -a DAG_STATUS' '=' '0 -a FAILED_COUNT' '=' '0 -a +DAGParentNodeNames' '=' '"stage_in_local_local_2_0,computeusergroup_0_ID0000002" -a +KeepClaimIdle' '=' '20 -a notification' '=' 'never 00/00/sessioncompute_0_ID0000003.sub
01/21/17 03:27:45 From submit: Submitting job(s).
01/21/17 03:27:45 From submit: 1 job(s) submitted to cluster 11270.
01/21/17 03:27:45 	assigned Condor ID (11270.0.0)
01/21/17 03:27:45 Just submitted 3 jobs this cycle...
01/21/17 03:27:45 Currently monitoring 1 Condor log file(s)
01/21/17 03:27:45 Reassigning the id of job clean_up_local_level_4_0 from (11268.0.0) to (11268.0.0)
01/21/17 03:27:45 Event: ULOG_SUBMIT for Condor Node clean_up_local_level_4_0 (11268.0.0)
01/21/17 03:27:45 Number of idle job procs: 1
01/21/17 03:27:45 Event: ULOG_EXECUTE for Condor Node clean_up_local_level_4_0 (11268.0.0)
01/21/17 03:27:45 Number of idle job procs: 0
01/21/17 03:27:45 Reassigning the id of job stage_out_local_local_1_0 from (11269.0.0) to (11269.0.0)
01/21/17 03:27:45 Event: ULOG_SUBMIT for Condor Node stage_out_local_local_1_0 (11269.0.0)
01/21/17 03:27:45 Number of idle job procs: 1
01/21/17 03:27:45 Reassigning the id of job sessioncompute_0_ID0000003 from (11270.0.0) to (11270.0.0)
01/21/17 03:27:45 Event: ULOG_SUBMIT for Condor Node sessioncompute_0_ID0000003 (11270.0.0)
01/21/17 03:27:45 Number of idle job procs: 2
01/21/17 03:27:45 DAG status: 0 (DAG_STATUS_OK)
01/21/17 03:27:45 Of 21 nodes total:
01/21/17 03:27:45  Done     Pre   Queued    Post   Ready   Un-Ready   Failed
01/21/17 03:27:45   ===     ===      ===     ===     ===        ===      ===
01/21/17 03:27:45    11       0        3       0       0          7        0
01/21/17 03:27:45 0 job proc(s) currently held
01/21/17 03:27:50 Currently monitoring 1 Condor log file(s)
01/21/17 03:27:50 Event: ULOG_JOB_TERMINATED for Condor Node clean_up_local_level_4_0 (11268.0.0)
01/21/17 03:27:50 Number of idle job procs: 2
01/21/17 03:27:50 Node clean_up_local_level_4_0 job proc (11268.0.0) completed successfully.
01/21/17 03:27:50 Node clean_up_local_level_4_0 job completed
01/21/17 03:27:50 Running POST script of Node clean_up_local_level_4_0...
01/21/17 03:27:50 Warning: mysin has length 0 (ignore if produced by DAGMan; see gittrac #4987, #5031)
01/21/17 03:27:50 Event: ULOG_EXECUTE for Condor Node stage_out_local_local_1_0 (11269.0.0)
01/21/17 03:27:50 Number of idle job procs: 1
01/21/17 03:27:50 DAG status: 0 (DAG_STATUS_OK)
01/21/17 03:27:50 Of 21 nodes total:
01/21/17 03:27:50  Done     Pre   Queued    Post   Ready   Un-Ready   Failed
01/21/17 03:27:50   ===     ===      ===     ===     ===        ===      ===
01/21/17 03:27:50    11       0        2       1       0          7        0
01/21/17 03:27:50 0 job proc(s) currently held
01/21/17 03:27:51 Initializing user log writer for /home/ubuntu/wikiflow/7_2_wikiflow_1sh_1s_noannot_wmj/dags/ubuntu/pegasus/example_workflow/20170121T013654+0000/./example_workflow-0.dag.nodes.log, (11268.0.0)
01/21/17 03:27:55 Currently monitoring 1 Condor log file(s)
01/21/17 03:27:55 Event: ULOG_POST_SCRIPT_TERMINATED for Condor Node clean_up_local_level_4_0 (11268.0.0)
01/21/17 03:27:55 POST Script of Node clean_up_local_level_4_0 completed successfully.
01/21/17 03:27:55 Event: ULOG_JOB_TERMINATED for Condor Node stage_out_local_local_1_0 (11269.0.0)
01/21/17 03:27:55 Number of idle job procs: 1
01/21/17 03:27:55 Node stage_out_local_local_1_0 job proc (11269.0.0) completed successfully.
01/21/17 03:27:55 Node stage_out_local_local_1_0 job completed
01/21/17 03:27:55 Running POST script of Node stage_out_local_local_1_0...
01/21/17 03:27:55 Warning: mysin has length 0 (ignore if produced by DAGMan; see gittrac #4987, #5031)
01/21/17 03:27:55 DAG status: 0 (DAG_STATUS_OK)
01/21/17 03:27:55 Of 21 nodes total:
01/21/17 03:27:55  Done     Pre   Queued    Post   Ready   Un-Ready   Failed
01/21/17 03:27:55   ===     ===      ===     ===     ===        ===      ===
01/21/17 03:27:55    12       0        1       1       0          7        0
01/21/17 03:27:55 0 job proc(s) currently held
01/21/17 03:27:55 Initializing user log writer for /home/ubuntu/wikiflow/7_2_wikiflow_1sh_1s_noannot_wmj/dags/ubuntu/pegasus/example_workflow/20170121T013654+0000/./example_workflow-0.dag.nodes.log, (11269.0.0)
01/21/17 03:28:00 Currently monitoring 1 Condor log file(s)
01/21/17 03:28:00 Event: ULOG_POST_SCRIPT_TERMINATED for Condor Node stage_out_local_local_1_0 (11269.0.0)
01/21/17 03:28:00 POST Script of Node stage_out_local_local_1_0 completed successfully.
01/21/17 03:28:00 DAG status: 0 (DAG_STATUS_OK)
01/21/17 03:28:00 Of 21 nodes total:
01/21/17 03:28:00  Done     Pre   Queued    Post   Ready   Un-Ready   Failed
01/21/17 03:28:00   ===     ===      ===     ===     ===        ===      ===
01/21/17 03:28:00    13       0        1       0       0          7        0
01/21/17 03:28:00 0 job proc(s) currently held
01/21/17 03:28:10 Currently monitoring 1 Condor log file(s)
01/21/17 03:28:10 Event: ULOG_EXECUTE for Condor Node sessioncompute_0_ID0000003 (11270.0.0)
01/21/17 03:28:10 Number of idle job procs: 0
01/21/17 03:38:10 600 seconds since last log event
01/21/17 03:38:10 Pending DAG nodes:
01/21/17 03:38:10   Node sessioncompute_0_ID0000003, Condor ID 11270, status STATUS_SUBMITTED
01/21/17 03:48:11 1201 seconds since last log event
01/21/17 03:48:11 Pending DAG nodes:
01/21/17 03:48:11   Node sessioncompute_0_ID0000003, Condor ID 11270, status STATUS_SUBMITTED
01/21/17 03:52:06 Currently monitoring 1 Condor log file(s)
01/21/17 03:52:06 Event: ULOG_JOB_TERMINATED for Condor Node sessioncompute_0_ID0000003 (11270.0.0)
01/21/17 03:52:06 Number of idle job procs: 0
01/21/17 03:52:06 Node sessioncompute_0_ID0000003 job proc (11270.0.0) completed successfully.
01/21/17 03:52:06 Node sessioncompute_0_ID0000003 job completed
01/21/17 03:52:06 Running POST script of Node sessioncompute_0_ID0000003...
01/21/17 03:52:06 Warning: mysin has length 0 (ignore if produced by DAGMan; see gittrac #4987, #5031)
01/21/17 03:52:06 DAG status: 0 (DAG_STATUS_OK)
01/21/17 03:52:06 Of 21 nodes total:
01/21/17 03:52:06  Done     Pre   Queued    Post   Ready   Un-Ready   Failed
01/21/17 03:52:06   ===     ===      ===     ===     ===        ===      ===
01/21/17 03:52:06    13       0        0       1       0          7        0
01/21/17 03:52:06 0 job proc(s) currently held
01/21/17 03:52:07 Initializing user log writer for /home/ubuntu/wikiflow/7_2_wikiflow_1sh_1s_noannot_wmj/dags/ubuntu/pegasus/example_workflow/20170121T013654+0000/./example_workflow-0.dag.nodes.log, (11270.0.0)
01/21/17 03:52:11 Currently monitoring 1 Condor log file(s)
01/21/17 03:52:11 Event: ULOG_POST_SCRIPT_TERMINATED for Condor Node sessioncompute_0_ID0000003 (11270.0.0)
01/21/17 03:52:11 POST Script of Node sessioncompute_0_ID0000003 completed successfully.
01/21/17 03:52:11 DAG status: 0 (DAG_STATUS_OK)
01/21/17 03:52:11 Of 21 nodes total:
01/21/17 03:52:11  Done     Pre   Queued    Post   Ready   Un-Ready   Failed
01/21/17 03:52:11   ===     ===      ===     ===     ===        ===      ===
01/21/17 03:52:11    14       0        0       0       3          4        0
01/21/17 03:52:11 0 job proc(s) currently held
01/21/17 03:52:16 Submitting Condor Node longestsession_0_ID0000004 job(s)...
01/21/17 03:52:16 Adding a DAGMan workflow log /home/ubuntu/wikiflow/7_2_wikiflow_1sh_1s_noannot_wmj/dags/ubuntu/pegasus/example_workflow/20170121T013654+0000/./example_workflow-0.dag.nodes.log
01/21/17 03:52:16 Masking the events recorded in the DAGMAN workflow log
01/21/17 03:52:16 Mask for workflow log is 0,1,2,4,5,7,9,10,11,12,13,16,17,24,27
01/21/17 03:52:16 submitting: /usr/bin/condor_submit -a dag_node_name' '=' 'longestsession_0_ID0000004 -a +DAGManJobId' '=' '11256 -a DAGManJobId' '=' '11256 -a submit_event_notes' '=' 'DAG' 'Node:' 'longestsession_0_ID0000004 -a dagman_log' '=' '/home/ubuntu/wikiflow/7_2_wikiflow_1sh_1s_noannot_wmj/dags/ubuntu/pegasus/example_workflow/20170121T013654+0000/./example_workflow-0.dag.nodes.log -a +DAGManNodesMask' '=' '"0,1,2,4,5,7,9,10,11,12,13,16,17,24,27" -a DAG_STATUS' '=' '0 -a FAILED_COUNT' '=' '0 -a +DAGParentNodeNames' '=' '"stage_in_local_local_3_0,stage_in_remote_local_3_0,sessioncompute_0_ID0000003" -a +KeepClaimIdle' '=' '20 -a notification' '=' 'never 00/00/longestsession_0_ID0000004.sub
01/21/17 03:52:16 From submit: Submitting job(s).
01/21/17 03:52:16 From submit: 1 job(s) submitted to cluster 11271.
01/21/17 03:52:16 	assigned Condor ID (11271.0.0)
01/21/17 03:52:16 Submitting Condor Node clean_up_local_level_5_0 job(s)...
01/21/17 03:52:16 Adding a DAGMan workflow log /home/ubuntu/wikiflow/7_2_wikiflow_1sh_1s_noannot_wmj/dags/ubuntu/pegasus/example_workflow/20170121T013654+0000/./example_workflow-0.dag.nodes.log
01/21/17 03:52:16 Masking the events recorded in the DAGMAN workflow log
01/21/17 03:52:16 Mask for workflow log is 0,1,2,4,5,7,9,10,11,12,13,16,17,24,27
01/21/17 03:52:16 submitting: /usr/bin/condor_submit -a dag_node_name' '=' 'clean_up_local_level_5_0 -a +DAGManJobId' '=' '11256 -a DAGManJobId' '=' '11256 -a submit_event_notes' '=' 'DAG' 'Node:' 'clean_up_local_level_5_0 -a dagman_log' '=' '/home/ubuntu/wikiflow/7_2_wikiflow_1sh_1s_noannot_wmj/dags/ubuntu/pegasus/example_workflow/20170121T013654+0000/./example_workflow-0.dag.nodes.log -a +DAGManNodesMask' '=' '"0,1,2,4,5,7,9,10,11,12,13,16,17,24,27" -a DAG_STATUS' '=' '0 -a FAILED_COUNT' '=' '0 -a +DAGParentNodeNames' '=' '"stage_out_local_local_1_0,sessioncompute_0_ID0000003" -a +KeepClaimIdle' '=' '20 -a notification' '=' 'never 00/00/clean_up_local_level_5_0.sub
01/21/17 03:52:16 From submit: Submitting job(s).
01/21/17 03:52:16 From submit: 1 job(s) submitted to cluster 11272.
01/21/17 03:52:16 	assigned Condor ID (11272.0.0)
01/21/17 03:52:16 Submitting Condor Node clean_up_local_level_5_1 job(s)...
01/21/17 03:52:16 Adding a DAGMan workflow log /home/ubuntu/wikiflow/7_2_wikiflow_1sh_1s_noannot_wmj/dags/ubuntu/pegasus/example_workflow/20170121T013654+0000/./example_workflow-0.dag.nodes.log
01/21/17 03:52:16 Masking the events recorded in the DAGMAN workflow log
01/21/17 03:52:16 Mask for workflow log is 0,1,2,4,5,7,9,10,11,12,13,16,17,24,27
01/21/17 03:52:16 submitting: /usr/bin/condor_submit -a dag_node_name' '=' 'clean_up_local_level_5_1 -a +DAGManJobId' '=' '11256 -a DAGManJobId' '=' '11256 -a submit_event_notes' '=' 'DAG' 'Node:' 'clean_up_local_level_5_1 -a dagman_log' '=' '/home/ubuntu/wikiflow/7_2_wikiflow_1sh_1s_noannot_wmj/dags/ubuntu/pegasus/example_workflow/20170121T013654+0000/./example_workflow-0.dag.nodes.log -a +DAGManNodesMask' '=' '"0,1,2,4,5,7,9,10,11,12,13,16,17,24,27" -a DAG_STATUS' '=' '0 -a FAILED_COUNT' '=' '0 -a +DAGParentNodeNames' '=' '"sessioncompute_0_ID0000003" -a +KeepClaimIdle' '=' '20 -a notification' '=' 'never 00/00/clean_up_local_level_5_1.sub
01/21/17 03:52:16 From submit: Submitting job(s).
01/21/17 03:52:16 From submit: 1 job(s) submitted to cluster 11273.
01/21/17 03:52:16 	assigned Condor ID (11273.0.0)
01/21/17 03:52:16 Just submitted 3 jobs this cycle...
01/21/17 03:52:16 Currently monitoring 1 Condor log file(s)
01/21/17 03:52:16 Reassigning the id of job longestsession_0_ID0000004 from (11271.0.0) to (11271.0.0)
01/21/17 03:52:16 Event: ULOG_SUBMIT for Condor Node longestsession_0_ID0000004 (11271.0.0)
01/21/17 03:52:16 Number of idle job procs: 1
01/21/17 03:52:16 Reassigning the id of job clean_up_local_level_5_0 from (11272.0.0) to (11272.0.0)
01/21/17 03:52:16 Event: ULOG_SUBMIT for Condor Node clean_up_local_level_5_0 (11272.0.0)
01/21/17 03:52:16 Number of idle job procs: 2
01/21/17 03:52:16 Reassigning the id of job clean_up_local_level_5_1 from (11273.0.0) to (11273.0.0)
01/21/17 03:52:16 Event: ULOG_SUBMIT for Condor Node clean_up_local_level_5_1 (11273.0.0)
01/21/17 03:52:16 Number of idle job procs: 3
01/21/17 03:52:16 DAG status: 0 (DAG_STATUS_OK)
01/21/17 03:52:16 Of 21 nodes total:
01/21/17 03:52:16  Done     Pre   Queued    Post   Ready   Un-Ready   Failed
01/21/17 03:52:16   ===     ===      ===     ===     ===        ===      ===
01/21/17 03:52:16    14       0        3       0       0          4        0
01/21/17 03:52:16 0 job proc(s) currently held
01/21/17 03:52:26 Currently monitoring 1 Condor log file(s)
01/21/17 03:52:26 Event: ULOG_EXECUTE for Condor Node clean_up_local_level_5_1 (11273.0.0)
01/21/17 03:52:26 Number of idle job procs: 2
01/21/17 03:52:26 Event: ULOG_EXECUTE for Condor Node clean_up_local_level_5_0 (11272.0.0)
01/21/17 03:52:26 Number of idle job procs: 1
01/21/17 03:52:26 Event: ULOG_JOB_TERMINATED for Condor Node clean_up_local_level_5_0 (11272.0.0)
01/21/17 03:52:26 Number of idle job procs: 1
01/21/17 03:52:26 Node clean_up_local_level_5_0 job proc (11272.0.0) completed successfully.
01/21/17 03:52:26 Node clean_up_local_level_5_0 job completed
01/21/17 03:52:26 Running POST script of Node clean_up_local_level_5_0...
01/21/17 03:52:26 Warning: mysin has length 0 (ignore if produced by DAGMan; see gittrac #4987, #5031)
01/21/17 03:52:26 Event: ULOG_JOB_TERMINATED for Condor Node clean_up_local_level_5_1 (11273.0.0)
01/21/17 03:52:26 Number of idle job procs: 1
01/21/17 03:52:26 Node clean_up_local_level_5_1 job proc (11273.0.0) completed successfully.
01/21/17 03:52:26 Node clean_up_local_level_5_1 job completed
01/21/17 03:52:26 Running POST script of Node clean_up_local_level_5_1...
01/21/17 03:52:26 Warning: mysin has length 0 (ignore if produced by DAGMan; see gittrac #4987, #5031)
01/21/17 03:52:26 DAG status: 0 (DAG_STATUS_OK)
01/21/17 03:52:26 Of 21 nodes total:
01/21/17 03:52:26  Done     Pre   Queued    Post   Ready   Un-Ready   Failed
01/21/17 03:52:26   ===     ===      ===     ===     ===        ===      ===
01/21/17 03:52:26    14       0        1       2       0          4        0
01/21/17 03:52:26 0 job proc(s) currently held
01/21/17 03:52:26 Initializing user log writer for /home/ubuntu/wikiflow/7_2_wikiflow_1sh_1s_noannot_wmj/dags/ubuntu/pegasus/example_workflow/20170121T013654+0000/./example_workflow-0.dag.nodes.log, (11272.0.0)
01/21/17 03:52:26 Initializing user log writer for /home/ubuntu/wikiflow/7_2_wikiflow_1sh_1s_noannot_wmj/dags/ubuntu/pegasus/example_workflow/20170121T013654+0000/./example_workflow-0.dag.nodes.log, (11273.0.0)
01/21/17 03:52:31 Currently monitoring 1 Condor log file(s)
01/21/17 03:52:31 Event: ULOG_POST_SCRIPT_TERMINATED for Condor Node clean_up_local_level_5_0 (11272.0.0)
01/21/17 03:52:31 POST Script of Node clean_up_local_level_5_0 completed successfully.
01/21/17 03:52:31 Event: ULOG_POST_SCRIPT_TERMINATED for Condor Node clean_up_local_level_5_1 (11273.0.0)
01/21/17 03:52:31 POST Script of Node clean_up_local_level_5_1 completed successfully.
01/21/17 03:52:31 Event: ULOG_EXECUTE for Condor Node longestsession_0_ID0000004 (11271.0.0)
01/21/17 03:52:31 Number of idle job procs: 0
01/21/17 03:52:31 DAG status: 0 (DAG_STATUS_OK)
01/21/17 03:52:31 Of 21 nodes total:
01/21/17 03:52:31  Done     Pre   Queued    Post   Ready   Un-Ready   Failed
01/21/17 03:52:31   ===     ===      ===     ===     ===        ===      ===
01/21/17 03:52:31    16       0        1       0       0          4        0
01/21/17 03:52:31 0 job proc(s) currently held
01/21/17 03:52:51 Currently monitoring 1 Condor log file(s)
01/21/17 03:52:51 Event: ULOG_JOB_TERMINATED for Condor Node longestsession_0_ID0000004 (11271.0.0)
01/21/17 03:52:51 Number of idle job procs: 0
01/21/17 03:52:51 Node longestsession_0_ID0000004 job proc (11271.0.0) completed successfully.
01/21/17 03:52:51 Node longestsession_0_ID0000004 job completed
01/21/17 03:52:51 Running POST script of Node longestsession_0_ID0000004...
01/21/17 03:52:51 Warning: mysin has length 0 (ignore if produced by DAGMan; see gittrac #4987, #5031)
01/21/17 03:52:51 DAG status: 0 (DAG_STATUS_OK)
01/21/17 03:52:51 Of 21 nodes total:
01/21/17 03:52:51  Done     Pre   Queued    Post   Ready   Un-Ready   Failed
01/21/17 03:52:51   ===     ===      ===     ===     ===        ===      ===
01/21/17 03:52:51    16       0        0       1       0          4        0
01/21/17 03:52:51 0 job proc(s) currently held
01/21/17 03:52:51 Initializing user log writer for /home/ubuntu/wikiflow/7_2_wikiflow_1sh_1s_noannot_wmj/dags/ubuntu/pegasus/example_workflow/20170121T013654+0000/./example_workflow-0.dag.nodes.log, (11271.0.0)
01/21/17 03:52:56 Currently monitoring 1 Condor log file(s)
01/21/17 03:52:56 Event: ULOG_POST_SCRIPT_TERMINATED for Condor Node longestsession_0_ID0000004 (11271.0.0)
01/21/17 03:52:56 POST Script of Node longestsession_0_ID0000004 completed successfully.
01/21/17 03:52:56 DAG status: 0 (DAG_STATUS_OK)
01/21/17 03:52:56 Of 21 nodes total:
01/21/17 03:52:56  Done     Pre   Queued    Post   Ready   Un-Ready   Failed
01/21/17 03:52:56   ===     ===      ===     ===     ===        ===      ===
01/21/17 03:52:56    17       0        0       0       2          2        0
01/21/17 03:52:56 0 job proc(s) currently held
01/21/17 03:53:01 Submitting Condor Node terminate_0_ID0000005 job(s)...
01/21/17 03:53:01 Adding a DAGMan workflow log /home/ubuntu/wikiflow/7_2_wikiflow_1sh_1s_noannot_wmj/dags/ubuntu/pegasus/example_workflow/20170121T013654+0000/./example_workflow-0.dag.nodes.log
01/21/17 03:53:01 Masking the events recorded in the DAGMAN workflow log
01/21/17 03:53:01 Mask for workflow log is 0,1,2,4,5,7,9,10,11,12,13,16,17,24,27
01/21/17 03:53:01 submitting: /usr/bin/condor_submit -a dag_node_name' '=' 'terminate_0_ID0000005 -a +DAGManJobId' '=' '11256 -a DAGManJobId' '=' '11256 -a submit_event_notes' '=' 'DAG' 'Node:' 'terminate_0_ID0000005 -a dagman_log' '=' '/home/ubuntu/wikiflow/7_2_wikiflow_1sh_1s_noannot_wmj/dags/ubuntu/pegasus/example_workflow/20170121T013654+0000/./example_workflow-0.dag.nodes.log -a +DAGManNodesMask' '=' '"0,1,2,4,5,7,9,10,11,12,13,16,17,24,27" -a DAG_STATUS' '=' '0 -a FAILED_COUNT' '=' '0 -a +DAGParentNodeNames' '=' '"stage_in_local_local_4_0,longestsession_0_ID0000004" -a +KeepClaimIdle' '=' '20 -a notification' '=' 'never 00/00/terminate_0_ID0000005.sub
01/21/17 03:53:01 From submit: Submitting job(s).
01/21/17 03:53:01 From submit: 1 job(s) submitted to cluster 11274.
01/21/17 03:53:01 	assigned Condor ID (11274.0.0)
01/21/17 03:53:01 Submitting Condor Node clean_up_local_level_6_0 job(s)...
01/21/17 03:53:01 Adding a DAGMan workflow log /home/ubuntu/wikiflow/7_2_wikiflow_1sh_1s_noannot_wmj/dags/ubuntu/pegasus/example_workflow/20170121T013654+0000/./example_workflow-0.dag.nodes.log
01/21/17 03:53:01 Masking the events recorded in the DAGMAN workflow log
01/21/17 03:53:01 Mask for workflow log is 0,1,2,4,5,7,9,10,11,12,13,16,17,24,27
01/21/17 03:53:01 submitting: /usr/bin/condor_submit -a dag_node_name' '=' 'clean_up_local_level_6_0 -a +DAGManJobId' '=' '11256 -a DAGManJobId' '=' '11256 -a submit_event_notes' '=' 'DAG' 'Node:' 'clean_up_local_level_6_0 -a dagman_log' '=' '/home/ubuntu/wikiflow/7_2_wikiflow_1sh_1s_noannot_wmj/dags/ubuntu/pegasus/example_workflow/20170121T013654+0000/./example_workflow-0.dag.nodes.log -a +DAGManNodesMask' '=' '"0,1,2,4,5,7,9,10,11,12,13,16,17,24,27" -a DAG_STATUS' '=' '0 -a FAILED_COUNT' '=' '0 -a +DAGParentNodeNames' '=' '"longestsession_0_ID0000004" -a +KeepClaimIdle' '=' '20 -a notification' '=' 'never 00/00/clean_up_local_level_6_0.sub
01/21/17 03:53:02 From submit: Submitting job(s).
01/21/17 03:53:02 From submit: 1 job(s) submitted to cluster 11275.
01/21/17 03:53:02 	assigned Condor ID (11275.0.0)
01/21/17 03:53:02 Just submitted 2 jobs this cycle...
01/21/17 03:53:02 Currently monitoring 1 Condor log file(s)
01/21/17 03:53:02 Reassigning the id of job terminate_0_ID0000005 from (11274.0.0) to (11274.0.0)
01/21/17 03:53:02 Event: ULOG_SUBMIT for Condor Node terminate_0_ID0000005 (11274.0.0)
01/21/17 03:53:02 Number of idle job procs: 1
01/21/17 03:53:02 Reassigning the id of job clean_up_local_level_6_0 from (11275.0.0) to (11275.0.0)
01/21/17 03:53:02 Event: ULOG_SUBMIT for Condor Node clean_up_local_level_6_0 (11275.0.0)
01/21/17 03:53:02 Number of idle job procs: 2
01/21/17 03:53:02 DAG status: 0 (DAG_STATUS_OK)
01/21/17 03:53:02 Of 21 nodes total:
01/21/17 03:53:02  Done     Pre   Queued    Post   Ready   Un-Ready   Failed
01/21/17 03:53:02   ===     ===      ===     ===     ===        ===      ===
01/21/17 03:53:02    17       0        2       0       0          2        0
01/21/17 03:53:02 0 job proc(s) currently held
01/21/17 03:53:07 Currently monitoring 1 Condor log file(s)
01/21/17 03:53:07 Event: ULOG_EXECUTE for Condor Node terminate_0_ID0000005 (11274.0.0)
01/21/17 03:53:07 Number of idle job procs: 1
01/21/17 03:53:07 Event: ULOG_JOB_TERMINATED for Condor Node terminate_0_ID0000005 (11274.0.0)
01/21/17 03:53:07 Number of idle job procs: 1
01/21/17 03:53:07 Node terminate_0_ID0000005 job proc (11274.0.0) completed successfully.
01/21/17 03:53:07 Node terminate_0_ID0000005 job completed
01/21/17 03:53:07 Running POST script of Node terminate_0_ID0000005...
01/21/17 03:53:07 Warning: mysin has length 0 (ignore if produced by DAGMan; see gittrac #4987, #5031)
01/21/17 03:53:07 DAG status: 0 (DAG_STATUS_OK)
01/21/17 03:53:07 Of 21 nodes total:
01/21/17 03:53:07  Done     Pre   Queued    Post   Ready   Un-Ready   Failed
01/21/17 03:53:07   ===     ===      ===     ===     ===        ===      ===
01/21/17 03:53:07    17       0        1       1       0          2        0
01/21/17 03:53:07 0 job proc(s) currently held
01/21/17 03:53:07 Initializing user log writer for /home/ubuntu/wikiflow/7_2_wikiflow_1sh_1s_noannot_wmj/dags/ubuntu/pegasus/example_workflow/20170121T013654+0000/./example_workflow-0.dag.nodes.log, (11274.0.0)
01/21/17 03:53:12 Currently monitoring 1 Condor log file(s)
01/21/17 03:53:12 Event: ULOG_EXECUTE for Condor Node clean_up_local_level_6_0 (11275.0.0)
01/21/17 03:53:12 Number of idle job procs: 0
01/21/17 03:53:12 Event: ULOG_POST_SCRIPT_TERMINATED for Condor Node terminate_0_ID0000005 (11274.0.0)
01/21/17 03:53:12 POST Script of Node terminate_0_ID0000005 completed successfully.
01/21/17 03:53:12 Event: ULOG_JOB_TERMINATED for Condor Node clean_up_local_level_6_0 (11275.0.0)
01/21/17 03:53:12 Number of idle job procs: 0
01/21/17 03:53:12 Node clean_up_local_level_6_0 job proc (11275.0.0) completed successfully.
01/21/17 03:53:12 Node clean_up_local_level_6_0 job completed
01/21/17 03:53:12 Running POST script of Node clean_up_local_level_6_0...
01/21/17 03:53:12 Warning: mysin has length 0 (ignore if produced by DAGMan; see gittrac #4987, #5031)
01/21/17 03:53:12 DAG status: 0 (DAG_STATUS_OK)
01/21/17 03:53:12 Of 21 nodes total:
01/21/17 03:53:12  Done     Pre   Queued    Post   Ready   Un-Ready   Failed
01/21/17 03:53:12   ===     ===      ===     ===     ===        ===      ===
01/21/17 03:53:12    18       0        0       1       1          1        0
01/21/17 03:53:12 0 job proc(s) currently held
01/21/17 03:53:12 Initializing user log writer for /home/ubuntu/wikiflow/7_2_wikiflow_1sh_1s_noannot_wmj/dags/ubuntu/pegasus/example_workflow/20170121T013654+0000/./example_workflow-0.dag.nodes.log, (11275.0.0)
01/21/17 03:53:17 Submitting Condor Node clean_up_local_level_7_0 job(s)...
01/21/17 03:53:17 Adding a DAGMan workflow log /home/ubuntu/wikiflow/7_2_wikiflow_1sh_1s_noannot_wmj/dags/ubuntu/pegasus/example_workflow/20170121T013654+0000/./example_workflow-0.dag.nodes.log
01/21/17 03:53:17 Masking the events recorded in the DAGMAN workflow log
01/21/17 03:53:17 Mask for workflow log is 0,1,2,4,5,7,9,10,11,12,13,16,17,24,27
01/21/17 03:53:17 submitting: /usr/bin/condor_submit -a dag_node_name' '=' 'clean_up_local_level_7_0 -a +DAGManJobId' '=' '11256 -a DAGManJobId' '=' '11256 -a submit_event_notes' '=' 'DAG' 'Node:' 'clean_up_local_level_7_0 -a dagman_log' '=' '/home/ubuntu/wikiflow/7_2_wikiflow_1sh_1s_noannot_wmj/dags/ubuntu/pegasus/example_workflow/20170121T013654+0000/./example_workflow-0.dag.nodes.log -a +DAGManNodesMask' '=' '"0,1,2,4,5,7,9,10,11,12,13,16,17,24,27" -a DAG_STATUS' '=' '0 -a FAILED_COUNT' '=' '0 -a +DAGParentNodeNames' '=' '"terminate_0_ID0000005" -a +KeepClaimIdle' '=' '20 -a notification' '=' 'never 00/00/clean_up_local_level_7_0.sub
01/21/17 03:53:17 From submit: Submitting job(s).
01/21/17 03:53:17 From submit: 1 job(s) submitted to cluster 11276.
01/21/17 03:53:17 	assigned Condor ID (11276.0.0)
01/21/17 03:53:17 Just submitted 1 job this cycle...
01/21/17 03:53:17 Currently monitoring 1 Condor log file(s)
01/21/17 03:53:17 Event: ULOG_POST_SCRIPT_TERMINATED for Condor Node clean_up_local_level_6_0 (11275.0.0)
01/21/17 03:53:17 POST Script of Node clean_up_local_level_6_0 completed successfully.
01/21/17 03:53:17 Reassigning the id of job clean_up_local_level_7_0 from (11276.0.0) to (11276.0.0)
01/21/17 03:53:17 Event: ULOG_SUBMIT for Condor Node clean_up_local_level_7_0 (11276.0.0)
01/21/17 03:53:17 Number of idle job procs: 1
01/21/17 03:53:17 DAG status: 0 (DAG_STATUS_OK)
01/21/17 03:53:17 Of 21 nodes total:
01/21/17 03:53:17  Done     Pre   Queued    Post   Ready   Un-Ready   Failed
01/21/17 03:53:17   ===     ===      ===     ===     ===        ===      ===
01/21/17 03:53:17    19       0        1       0       0          1        0
01/21/17 03:53:17 0 job proc(s) currently held
01/21/17 03:53:22 Currently monitoring 1 Condor log file(s)
01/21/17 03:53:22 Event: ULOG_EXECUTE for Condor Node clean_up_local_level_7_0 (11276.0.0)
01/21/17 03:53:22 Number of idle job procs: 0
01/21/17 03:53:22 Event: ULOG_JOB_TERMINATED for Condor Node clean_up_local_level_7_0 (11276.0.0)
01/21/17 03:53:22 Number of idle job procs: 0
01/21/17 03:53:22 Node clean_up_local_level_7_0 job proc (11276.0.0) completed successfully.
01/21/17 03:53:22 Node clean_up_local_level_7_0 job completed
01/21/17 03:53:22 Running POST script of Node clean_up_local_level_7_0...
01/21/17 03:53:22 Warning: mysin has length 0 (ignore if produced by DAGMan; see gittrac #4987, #5031)
01/21/17 03:53:22 DAG status: 0 (DAG_STATUS_OK)
01/21/17 03:53:22 Of 21 nodes total:
01/21/17 03:53:22  Done     Pre   Queued    Post   Ready   Un-Ready   Failed
01/21/17 03:53:22   ===     ===      ===     ===     ===        ===      ===
01/21/17 03:53:22    19       0        0       1       0          1        0
01/21/17 03:53:22 0 job proc(s) currently held
01/21/17 03:53:22 Initializing user log writer for /home/ubuntu/wikiflow/7_2_wikiflow_1sh_1s_noannot_wmj/dags/ubuntu/pegasus/example_workflow/20170121T013654+0000/./example_workflow-0.dag.nodes.log, (11276.0.0)
01/21/17 03:53:27 Currently monitoring 1 Condor log file(s)
01/21/17 03:53:27 Event: ULOG_POST_SCRIPT_TERMINATED for Condor Node clean_up_local_level_7_0 (11276.0.0)
01/21/17 03:53:27 POST Script of Node clean_up_local_level_7_0 completed successfully.
01/21/17 03:53:27 DAG status: 0 (DAG_STATUS_OK)
01/21/17 03:53:27 Of 21 nodes total:
01/21/17 03:53:27  Done     Pre   Queued    Post   Ready   Un-Ready   Failed
01/21/17 03:53:27   ===     ===      ===     ===     ===        ===      ===
01/21/17 03:53:27    20       0        0       0       1          0        0
01/21/17 03:53:27 0 job proc(s) currently held
01/21/17 03:53:32 Submitting Condor Node cleanup_example_workflow_0_local job(s)...
01/21/17 03:53:32 Adding a DAGMan workflow log /home/ubuntu/wikiflow/7_2_wikiflow_1sh_1s_noannot_wmj/dags/ubuntu/pegasus/example_workflow/20170121T013654+0000/./example_workflow-0.dag.nodes.log
01/21/17 03:53:32 Masking the events recorded in the DAGMAN workflow log
01/21/17 03:53:32 Mask for workflow log is 0,1,2,4,5,7,9,10,11,12,13,16,17,24,27
01/21/17 03:53:32 submitting: /usr/bin/condor_submit -a dag_node_name' '=' 'cleanup_example_workflow_0_local -a +DAGManJobId' '=' '11256 -a DAGManJobId' '=' '11256 -a submit_event_notes' '=' 'DAG' 'Node:' 'cleanup_example_workflow_0_local -a dagman_log' '=' '/home/ubuntu/wikiflow/7_2_wikiflow_1sh_1s_noannot_wmj/dags/ubuntu/pegasus/example_workflow/20170121T013654+0000/./example_workflow-0.dag.nodes.log -a +DAGManNodesMask' '=' '"0,1,2,4,5,7,9,10,11,12,13,16,17,24,27" -a DAG_STATUS' '=' '0 -a FAILED_COUNT' '=' '0 -a +DAGParentNodeNames' '=' '"clean_up_local_level_3_0,clean_up_local_level_4_0,clean_up_local_level_5_0,clean_up_local_level_5_1,clean_up_local_level_6_0,clean_up_local_level_7_0" -a notification' '=' 'never 00/00/cleanup_example_workflow_0_local.sub
01/21/17 03:53:32 From submit: Submitting job(s).
01/21/17 03:53:32 From submit: 1 job(s) submitted to cluster 11277.
01/21/17 03:53:32 	assigned Condor ID (11277.0.0)
01/21/17 03:53:32 Just submitted 1 job this cycle...
01/21/17 03:53:32 Currently monitoring 1 Condor log file(s)
01/21/17 03:53:32 Reassigning the id of job cleanup_example_workflow_0_local from (11277.0.0) to (11277.0.0)
01/21/17 03:53:32 Event: ULOG_SUBMIT for Condor Node cleanup_example_workflow_0_local (11277.0.0)
01/21/17 03:53:32 Number of idle job procs: 1
01/21/17 03:53:32 DAG status: 0 (DAG_STATUS_OK)
01/21/17 03:53:32 Of 21 nodes total:
01/21/17 03:53:32  Done     Pre   Queued    Post   Ready   Un-Ready   Failed
01/21/17 03:53:32   ===     ===      ===     ===     ===        ===      ===
01/21/17 03:53:32    20       0        1       0       0          0        0
01/21/17 03:53:32 0 job proc(s) currently held
01/21/17 03:53:37 Currently monitoring 1 Condor log file(s)
01/21/17 03:53:37 Event: ULOG_EXECUTE for Condor Node cleanup_example_workflow_0_local (11277.0.0)
01/21/17 03:53:37 Number of idle job procs: 0
01/21/17 03:53:37 Event: ULOG_JOB_TERMINATED for Condor Node cleanup_example_workflow_0_local (11277.0.0)
01/21/17 03:53:37 Number of idle job procs: 0
01/21/17 03:53:37 Node cleanup_example_workflow_0_local job proc (11277.0.0) completed successfully.
01/21/17 03:53:37 Node cleanup_example_workflow_0_local job completed
01/21/17 03:53:37 DAG status: 0 (DAG_STATUS_OK)
01/21/17 03:53:37 Of 21 nodes total:
01/21/17 03:53:37  Done     Pre   Queued    Post   Ready   Un-Ready   Failed
01/21/17 03:53:37   ===     ===      ===     ===     ===        ===      ===
01/21/17 03:53:37    21       0        0       0       0          0        0
01/21/17 03:53:37 0 job proc(s) currently held
01/21/17 03:53:37 All jobs Completed!
01/21/17 03:53:37 Note: 0 total job deferrals because of -MaxJobs limit (0)
01/21/17 03:53:37 Note: 0 total job deferrals because of -MaxIdle limit (1000)
01/21/17 03:53:37 Note: 0 total job deferrals because of node category throttles
01/21/17 03:53:37 Note: 0 total PRE script deferrals because of -MaxPre limit (20) or DEFER
01/21/17 03:53:37 Note: 0 total POST script deferrals because of -MaxPost limit (20) or DEFER
01/21/17 03:53:37 DAG status: 0 (DAG_STATUS_OK)
01/21/17 03:53:37 Of 21 nodes total:
01/21/17 03:53:37  Done     Pre   Queued    Post   Ready   Un-Ready   Failed
01/21/17 03:53:37   ===     ===      ===     ===     ===        ===      ===
01/21/17 03:53:37    21       0        0       0       0          0        0
01/21/17 03:53:37 0 job proc(s) currently held
01/21/17 03:53:37 Wrote metrics file example_workflow-0.dag.metrics.
01/21/17 03:53:37 Reporting metrics to Pegasus metrics server(s); output is in example_workflow-0.dag.metrics.out.
01/21/17 03:53:37 Running command </usr/lib/condor/libexec/condor_dagman_metrics_reporter -f example_workflow-0.dag.metrics -t 100>
01/21/17 03:53:37 Warning: mysin has length 0 (ignore if produced by DAGMan; see gittrac #4987, #5031)
01/21/17 03:53:37 **** condor_scheduniv_exec.11256.0 (condor_DAGMAN) pid 95759 EXITING WITH STATUS 0
