000 (10856.000.000) 01/18 18:30:56 Job submitted from host: <52.53.186.156:50814?addrs=52.53.186.156-50814>
    DAG Node: create_dir_example_workflow_0_local
    pool:local
...
001 (10856.000.000) 01/18 18:30:57 Job executing on host: <52.53.186.156:28935?addrs=52.53.186.156-28935>
...
005 (10856.000.000) 01/18 18:30:59 Job terminated.
	(1) Normal termination (return value 0)
		Usr 0 00:00:00, Sys 0 00:00:00  -  Run Remote Usage
		Usr 0 00:00:00, Sys 0 00:00:00  -  Run Local Usage
		Usr 0 00:00:00, Sys 0 00:00:00  -  Total Remote Usage
		Usr 0 00:00:00, Sys 0 00:00:00  -  Total Local Usage
	0  -  Run Bytes Sent By Job
	0  -  Run Bytes Received By Job
	0  -  Total Bytes Sent By Job
	0  -  Total Bytes Received By Job
...
016 (10856.000.000) 01/18 18:31:01 POST Script terminated.
	(1) Normal termination (return value 0)
    DAG Node: create_dir_example_workflow_0_local
...
000 (10857.000.000) 01/18 18:31:11 Job submitted from host: <52.53.186.156:50814?addrs=52.53.186.156-50814>
    DAG Node: stage_in_local_local_0_0
    pool:local
...
001 (10857.000.000) 01/18 18:31:11 Job executing on host: <52.53.186.156:44951?addrs=52.53.186.156-44951>
...
000 (10858.000.000) 01/18 18:31:11 Job submitted from host: <52.53.186.156:50814?addrs=52.53.186.156-50814>
    DAG Node: stage_in_local_local_4_0
    pool:local
...
000 (10859.000.000) 01/18 18:31:11 Job submitted from host: <52.53.186.156:50814?addrs=52.53.186.156-50814>
    DAG Node: stage_in_local_local_1_0
    pool:local
...
000 (10860.000.000) 01/18 18:31:11 Job submitted from host: <52.53.186.156:50814?addrs=52.53.186.156-50814>
    DAG Node: stage_in_local_local_2_0
    pool:local
...
000 (10861.000.000) 01/18 18:31:11 Job submitted from host: <52.53.186.156:50814?addrs=52.53.186.156-50814>
    DAG Node: stage_in_local_local_2_1
    pool:local
...
005 (10857.000.000) 01/18 18:31:13 Job terminated.
	(1) Normal termination (return value 0)
		Usr 0 00:00:00, Sys 0 00:00:00  -  Run Remote Usage
		Usr 0 00:00:00, Sys 0 00:00:00  -  Run Local Usage
		Usr 0 00:00:00, Sys 0 00:00:00  -  Total Remote Usage
		Usr 0 00:00:00, Sys 0 00:00:00  -  Total Local Usage
	0  -  Run Bytes Sent By Job
	0  -  Run Bytes Received By Job
	0  -  Total Bytes Sent By Job
	0  -  Total Bytes Received By Job
...
001 (10859.000.000) 01/18 18:31:13 Job executing on host: <52.53.186.156:21235?addrs=52.53.186.156-21235>
...
001 (10858.000.000) 01/18 18:31:13 Job executing on host: <52.53.186.156:46999?addrs=52.53.186.156-46999>
...
001 (10861.000.000) 01/18 18:31:13 Job executing on host: <52.53.186.156:53727?addrs=52.53.186.156-53727>
...
001 (10860.000.000) 01/18 18:31:13 Job executing on host: <52.53.186.156:13951?addrs=52.53.186.156-13951>
...
005 (10861.000.000) 01/18 18:31:16 Job terminated.
	(1) Normal termination (return value 0)
		Usr 0 00:00:00, Sys 0 00:00:00  -  Run Remote Usage
		Usr 0 00:00:00, Sys 0 00:00:00  -  Run Local Usage
		Usr 0 00:00:00, Sys 0 00:00:00  -  Total Remote Usage
		Usr 0 00:00:00, Sys 0 00:00:00  -  Total Local Usage
	0  -  Run Bytes Sent By Job
	0  -  Run Bytes Received By Job
	0  -  Total Bytes Sent By Job
	0  -  Total Bytes Received By Job
...
005 (10858.000.000) 01/18 18:31:16 Job terminated.
	(1) Normal termination (return value 0)
		Usr 0 00:00:00, Sys 0 00:00:00  -  Run Remote Usage
		Usr 0 00:00:00, Sys 0 00:00:00  -  Run Local Usage
		Usr 0 00:00:00, Sys 0 00:00:00  -  Total Remote Usage
		Usr 0 00:00:00, Sys 0 00:00:00  -  Total Local Usage
	0  -  Run Bytes Sent By Job
	0  -  Run Bytes Received By Job
	0  -  Total Bytes Sent By Job
	0  -  Total Bytes Received By Job
...
005 (10859.000.000) 01/18 18:31:16 Job terminated.
	(1) Normal termination (return value 0)
		Usr 0 00:00:00, Sys 0 00:00:00  -  Run Remote Usage
		Usr 0 00:00:00, Sys 0 00:00:00  -  Run Local Usage
		Usr 0 00:00:00, Sys 0 00:00:00  -  Total Remote Usage
		Usr 0 00:00:00, Sys 0 00:00:00  -  Total Local Usage
	0  -  Run Bytes Sent By Job
	0  -  Run Bytes Received By Job
	0  -  Total Bytes Sent By Job
	0  -  Total Bytes Received By Job
...
000 (10862.000.000) 01/18 18:31:16 Job submitted from host: <52.53.186.156:50814?addrs=52.53.186.156-50814>
    DAG Node: stage_in_remote_local_1_0
    pool:local
...
001 (10862.000.000) 01/18 18:31:16 Job executing on host: <52.53.186.156:63427?addrs=52.53.186.156-63427>
...
000 (10863.000.000) 01/18 18:31:16 Job submitted from host: <52.53.186.156:50814?addrs=52.53.186.156-50814>
    DAG Node: stage_in_local_local_3_1
    pool:local
...
001 (10863.000.000) 01/18 18:31:16 Job executing on host: <52.53.186.156:25705?addrs=52.53.186.156-25705>
...
000 (10864.000.000) 01/18 18:31:17 Job submitted from host: <52.53.186.156:50814?addrs=52.53.186.156-50814>
    DAG Node: stage_in_local_local_3_0
    pool:local
...
001 (10864.000.000) 01/18 18:31:17 Job executing on host: <52.53.186.156:13095?addrs=52.53.186.156-13095>
...
000 (10865.000.000) 01/18 18:31:17 Job submitted from host: <52.53.186.156:50814?addrs=52.53.186.156-50814>
    DAG Node: stage_in_remote_local_3_1
    pool:local
...
000 (10866.000.000) 01/18 18:31:17 Job submitted from host: <52.53.186.156:50814?addrs=52.53.186.156-50814>
    DAG Node: stage_in_remote_local_3_0
    pool:local
...
016 (10859.000.000) 01/18 18:31:17 POST Script terminated.
	(1) Normal termination (return value 0)
    DAG Node: stage_in_local_local_1_0
...
016 (10857.000.000) 01/18 18:31:18 POST Script terminated.
	(1) Normal termination (return value 0)
    DAG Node: stage_in_local_local_0_0
...
016 (10861.000.000) 01/18 18:31:18 POST Script terminated.
	(1) Normal termination (return value 0)
    DAG Node: stage_in_local_local_2_1
...
016 (10858.000.000) 01/18 18:31:18 POST Script terminated.
	(1) Normal termination (return value 0)
    DAG Node: stage_in_local_local_4_0
...
005 (10860.000.000) 01/18 18:31:18 Job terminated.
	(1) Normal termination (return value 0)
		Usr 0 00:00:00, Sys 0 00:00:00  -  Run Remote Usage
		Usr 0 00:00:00, Sys 0 00:00:00  -  Run Local Usage
		Usr 0 00:00:00, Sys 0 00:00:00  -  Total Remote Usage
		Usr 0 00:00:00, Sys 0 00:00:00  -  Total Local Usage
	0  -  Run Bytes Sent By Job
	0  -  Run Bytes Received By Job
	0  -  Total Bytes Sent By Job
	0  -  Total Bytes Received By Job
...
001 (10865.000.000) 01/18 18:31:18 Job executing on host: <52.53.186.156:28148?addrs=52.53.186.156-28148>
...
001 (10866.000.000) 01/18 18:31:18 Job executing on host: <52.53.186.156:26452?addrs=52.53.186.156-26452>
...
005 (10862.000.000) 01/18 18:31:19 Job terminated.
	(1) Normal termination (return value 0)
		Usr 0 00:00:00, Sys 0 00:00:00  -  Run Remote Usage
		Usr 0 00:00:00, Sys 0 00:00:00  -  Run Local Usage
		Usr 0 00:00:00, Sys 0 00:00:00  -  Total Remote Usage
		Usr 0 00:00:00, Sys 0 00:00:00  -  Total Local Usage
	0  -  Run Bytes Sent By Job
	0  -  Run Bytes Received By Job
	0  -  Total Bytes Sent By Job
	0  -  Total Bytes Received By Job
...
005 (10863.000.000) 01/18 18:31:19 Job terminated.
	(1) Normal termination (return value 0)
		Usr 0 00:00:00, Sys 0 00:00:00  -  Run Remote Usage
		Usr 0 00:00:00, Sys 0 00:00:00  -  Run Local Usage
		Usr 0 00:00:00, Sys 0 00:00:00  -  Total Remote Usage
		Usr 0 00:00:00, Sys 0 00:00:00  -  Total Local Usage
	0  -  Run Bytes Sent By Job
	0  -  Run Bytes Received By Job
	0  -  Total Bytes Sent By Job
	0  -  Total Bytes Received By Job
...
005 (10865.000.000) 01/18 18:31:20 Job terminated.
	(1) Normal termination (return value 0)
		Usr 0 00:00:00, Sys 0 00:00:00  -  Run Remote Usage
		Usr 0 00:00:00, Sys 0 00:00:00  -  Run Local Usage
		Usr 0 00:00:00, Sys 0 00:00:00  -  Total Remote Usage
		Usr 0 00:00:00, Sys 0 00:00:00  -  Total Local Usage
	0  -  Run Bytes Sent By Job
	0  -  Run Bytes Received By Job
	0  -  Total Bytes Sent By Job
	0  -  Total Bytes Received By Job
...
005 (10864.000.000) 01/18 18:31:21 Job terminated.
	(1) Normal termination (return value 0)
		Usr 0 00:00:00, Sys 0 00:00:00  -  Run Remote Usage
		Usr 0 00:00:00, Sys 0 00:00:00  -  Run Local Usage
		Usr 0 00:00:00, Sys 0 00:00:00  -  Total Remote Usage
		Usr 0 00:00:00, Sys 0 00:00:00  -  Total Local Usage
	0  -  Run Bytes Sent By Job
	0  -  Run Bytes Received By Job
	0  -  Total Bytes Sent By Job
	0  -  Total Bytes Received By Job
...
016 (10860.000.000) 01/18 18:31:22 POST Script terminated.
	(1) Normal termination (return value 0)
    DAG Node: stage_in_local_local_2_0
...
005 (10866.000.000) 01/18 18:31:22 Job terminated.
	(1) Normal termination (return value 0)
		Usr 0 00:00:00, Sys 0 00:00:00  -  Run Remote Usage
		Usr 0 00:00:00, Sys 0 00:00:00  -  Run Local Usage
		Usr 0 00:00:00, Sys 0 00:00:00  -  Total Remote Usage
		Usr 0 00:00:00, Sys 0 00:00:00  -  Total Local Usage
	0  -  Run Bytes Sent By Job
	0  -  Run Bytes Received By Job
	0  -  Total Bytes Sent By Job
	0  -  Total Bytes Received By Job
...
016 (10862.000.000) 01/18 18:31:22 POST Script terminated.
	(1) Normal termination (return value 0)
    DAG Node: stage_in_remote_local_1_0
...
016 (10864.000.000) 01/18 18:31:22 POST Script terminated.
	(1) Normal termination (return value 0)
    DAG Node: stage_in_local_local_3_0
...
016 (10865.000.000) 01/18 18:31:22 POST Script terminated.
	(1) Normal termination (return value 0)
    DAG Node: stage_in_remote_local_3_1
...
016 (10863.000.000) 01/18 18:31:22 POST Script terminated.
	(1) Normal termination (return value 0)
    DAG Node: stage_in_local_local_3_1
...
000 (10867.000.000) 01/18 18:31:27 Job submitted from host: <52.53.186.156:50814?addrs=52.53.186.156-50814>
    DAG Node: init_0_ID0000001
    pool:condorpool
...
016 (10866.000.000) 01/18 18:31:28 POST Script terminated.
	(1) Normal termination (return value 0)
    DAG Node: stage_in_remote_local_3_0
...
001 (10867.000.000) 01/18 18:31:32 Job executing on host: <54.214.127.201:57167?addrs=54.214.127.201-57167&noUDP>
...
005 (10867.000.000) 01/18 18:40:48 Job terminated.
	(1) Normal termination (return value 0)
		Usr 0 00:00:00, Sys 0 00:00:00  -  Run Remote Usage
		Usr 0 00:00:00, Sys 0 00:00:00  -  Run Local Usage
		Usr 0 00:00:00, Sys 0 00:00:00  -  Total Remote Usage
		Usr 0 00:00:00, Sys 0 00:00:00  -  Total Local Usage
	4453  -  Run Bytes Sent By Job
	3168470  -  Run Bytes Received By Job
	4453  -  Total Bytes Sent By Job
	3168470  -  Total Bytes Received By Job
	Partitionable Resources :    Usage  Request Allocated
	   Cpus                 :                 1         1
	   Disk (KB)            :     6104     3250  27735820
	   Memory (MB)          :       15        1      3764
...
016 (10867.000.000) 01/18 18:40:52 POST Script terminated.
	(1) Normal termination (return value 0)
    DAG Node: init_0_ID0000001
...
000 (10868.000.000) 01/18 18:41:02 Job submitted from host: <52.53.186.156:50814?addrs=52.53.186.156-50814>
    DAG Node: clean_up_local_level_3_0
    pool:local
...
001 (10868.000.000) 01/18 18:41:06 Job executing on host: <52.53.186.156:47092?addrs=52.53.186.156-47092>
...
000 (10869.000.000) 01/18 18:41:06 Job submitted from host: <52.53.186.156:50814?addrs=52.53.186.156-50814>
    DAG Node: computeusergroup_0_ID0000002
    pool:condorpool
...
001 (10869.000.000) 01/18 18:41:07 Job executing on host: <54.214.127.201:57167?addrs=54.214.127.201-57167&noUDP>
...
005 (10868.000.000) 01/18 18:41:08 Job terminated.
	(1) Normal termination (return value 0)
		Usr 0 00:00:00, Sys 0 00:00:00  -  Run Remote Usage
		Usr 0 00:00:00, Sys 0 00:00:00  -  Run Local Usage
		Usr 0 00:00:00, Sys 0 00:00:00  -  Total Remote Usage
		Usr 0 00:00:00, Sys 0 00:00:00  -  Total Local Usage
	0  -  Run Bytes Sent By Job
	0  -  Run Bytes Received By Job
	0  -  Total Bytes Sent By Job
	0  -  Total Bytes Received By Job
...
016 (10868.000.000) 01/18 18:41:12 POST Script terminated.
	(1) Normal termination (return value 0)
    DAG Node: clean_up_local_level_3_0
...
005 (10869.000.000) 01/18 20:24:52 Job terminated.
	(1) Normal termination (return value 0)
		Usr 0 00:05:00, Sys 0 00:00:17  -  Run Remote Usage
		Usr 0 00:00:00, Sys 0 00:00:00  -  Run Local Usage
		Usr 0 00:05:00, Sys 0 00:00:17  -  Total Remote Usage
		Usr 0 00:00:00, Sys 0 00:00:00  -  Total Local Usage
	520020  -  Run Bytes Sent By Job
	3170920  -  Run Bytes Received By Job
	520020  -  Total Bytes Sent By Job
	3170920  -  Total Bytes Received By Job
	Partitionable Resources :    Usage  Request Allocated
	   Cpus                 :                 1         1
	   Disk (KB)            :    81635     3250  27735820
	   Memory (MB)          :      553        1      3764
...
016 (10869.000.000) 01/18 20:24:56 POST Script terminated.
	(1) Normal termination (return value 0)
    DAG Node: computeusergroup_0_ID0000002
...
000 (10870.000.000) 01/18 20:25:06 Job submitted from host: <52.53.186.156:50814?addrs=52.53.186.156-50814>
    DAG Node: clean_up_local_level_4_0
    pool:local
...
000 (10871.000.000) 01/18 20:25:06 Job submitted from host: <52.53.186.156:50814?addrs=52.53.186.156-50814>
    DAG Node: sessioncompute_1_ID0000004
    pool:condorpool
...
001 (10870.000.000) 01/18 20:25:06 Job executing on host: <52.53.186.156:12671?addrs=52.53.186.156-12671>
...
000 (10872.000.000) 01/18 20:25:07 Job submitted from host: <52.53.186.156:50814?addrs=52.53.186.156-50814>
    DAG Node: stage_out_local_local_1_0
    pool:local
...
000 (10873.000.000) 01/18 20:25:07 Job submitted from host: <52.53.186.156:50814?addrs=52.53.186.156-50814>
    DAG Node: stage_out_local_local_1_1
    pool:local
...
000 (10874.000.000) 01/18 20:25:07 Job submitted from host: <52.53.186.156:50814?addrs=52.53.186.156-50814>
    DAG Node: sessioncompute_0_ID0000003
    pool:condorpool
...
005 (10870.000.000) 01/18 20:25:11 Job terminated.
	(1) Normal termination (return value 0)
		Usr 0 00:00:00, Sys 0 00:00:00  -  Run Remote Usage
		Usr 0 00:00:00, Sys 0 00:00:00  -  Run Local Usage
		Usr 0 00:00:00, Sys 0 00:00:00  -  Total Remote Usage
		Usr 0 00:00:00, Sys 0 00:00:00  -  Total Local Usage
	0  -  Run Bytes Sent By Job
	0  -  Run Bytes Received By Job
	0  -  Total Bytes Sent By Job
	0  -  Total Bytes Received By Job
...
001 (10872.000.000) 01/18 20:25:11 Job executing on host: <52.53.186.156:1063?addrs=52.53.186.156-1063>
...
001 (10873.000.000) 01/18 20:25:11 Job executing on host: <52.53.186.156:31075?addrs=52.53.186.156-31075>
...
000 (10875.000.000) 01/18 20:25:12 Job submitted from host: <52.53.186.156:50814?addrs=52.53.186.156-50814>
    DAG Node: sessioncompute_2_ID0000005
    pool:condorpool
...
016 (10870.000.000) 01/18 20:25:12 POST Script terminated.
	(1) Normal termination (return value 0)
    DAG Node: clean_up_local_level_4_0
...
005 (10873.000.000) 01/18 20:25:13 Job terminated.
	(1) Normal termination (return value 0)
		Usr 0 00:00:00, Sys 0 00:00:00  -  Run Remote Usage
		Usr 0 00:00:00, Sys 0 00:00:00  -  Run Local Usage
		Usr 0 00:00:00, Sys 0 00:00:00  -  Total Remote Usage
		Usr 0 00:00:00, Sys 0 00:00:00  -  Total Local Usage
	0  -  Run Bytes Sent By Job
	0  -  Run Bytes Received By Job
	0  -  Total Bytes Sent By Job
	0  -  Total Bytes Received By Job
...
005 (10872.000.000) 01/18 20:25:15 Job terminated.
	(1) Normal termination (return value 0)
		Usr 0 00:00:00, Sys 0 00:00:00  -  Run Remote Usage
		Usr 0 00:00:00, Sys 0 00:00:00  -  Run Local Usage
		Usr 0 00:00:00, Sys 0 00:00:00  -  Total Remote Usage
		Usr 0 00:00:00, Sys 0 00:00:00  -  Total Local Usage
	0  -  Run Bytes Sent By Job
	0  -  Run Bytes Received By Job
	0  -  Total Bytes Sent By Job
	0  -  Total Bytes Received By Job
...
016 (10872.000.000) 01/18 20:25:18 POST Script terminated.
	(1) Normal termination (return value 0)
    DAG Node: stage_out_local_local_1_0
...
016 (10873.000.000) 01/18 20:25:18 POST Script terminated.
	(1) Normal termination (return value 0)
    DAG Node: stage_out_local_local_1_1
...
001 (10875.000.000) 01/18 20:25:27 Job executing on host: <54.201.168.39:41677?addrs=54.201.168.39-41677&noUDP>
...
001 (10874.000.000) 01/18 20:25:27 Job executing on host: <54.213.252.53:23695?addrs=54.213.252.53-23695&noUDP>
...
001 (10871.000.000) 01/18 20:25:27 Job executing on host: <54.214.127.201:57167?addrs=54.214.127.201-57167&noUDP>
...
005 (10871.000.000) 01/18 20:36:58 Job terminated.
	(1) Normal termination (return value 0)
		Usr 0 00:07:27, Sys 0 00:00:04  -  Run Remote Usage
		Usr 0 00:00:00, Sys 0 00:00:00  -  Run Local Usage
		Usr 0 00:07:27, Sys 0 00:00:04  -  Total Remote Usage
		Usr 0 00:00:00, Sys 0 00:00:00  -  Total Local Usage
	342351  -  Run Bytes Sent By Job
	3216449  -  Run Bytes Received By Job
	342351  -  Total Bytes Sent By Job
	3216449  -  Total Bytes Received By Job
	Partitionable Resources :    Usage  Request Allocated
	   Cpus                 :                 1         1
	   Disk (KB)            :    13330     3250  27735408
	   Memory (MB)          :       46        1      3764
...
016 (10871.000.000) 01/18 20:37:03 POST Script terminated.
	(1) Normal termination (return value 0)
    DAG Node: sessioncompute_1_ID0000004
...
005 (10874.000.000) 01/18 20:37:07 Job terminated.
	(1) Normal termination (return value 0)
		Usr 0 00:07:27, Sys 0 00:00:04  -  Run Remote Usage
		Usr 0 00:00:00, Sys 0 00:00:00  -  Run Local Usage
		Usr 0 00:07:27, Sys 0 00:00:04  -  Total Remote Usage
		Usr 0 00:00:00, Sys 0 00:00:00  -  Total Local Usage
	343612  -  Run Bytes Sent By Job
	3219098  -  Run Bytes Received By Job
	343612  -  Total Bytes Sent By Job
	3219098  -  Total Bytes Received By Job
	Partitionable Resources :    Usage  Request Allocated
	   Cpus                 :                 1         1
	   Disk (KB)            :    13183     3250  27736464
	   Memory (MB)          :       48        1      3764
...
016 (10874.000.000) 01/18 20:37:12 POST Script terminated.
	(1) Normal termination (return value 0)
    DAG Node: sessioncompute_0_ID0000003
...
005 (10875.000.000) 01/18 20:38:50 Job terminated.
	(1) Normal termination (return value 0)
		Usr 0 00:07:35, Sys 0 00:00:05  -  Run Remote Usage
		Usr 0 00:00:00, Sys 0 00:00:00  -  Run Local Usage
		Usr 0 00:07:35, Sys 0 00:00:05  -  Total Remote Usage
		Usr 0 00:00:00, Sys 0 00:00:00  -  Total Local Usage
	357057  -  Run Bytes Sent By Job
	3216932  -  Run Bytes Received By Job
	357057  -  Total Bytes Sent By Job
	3216932  -  Total Bytes Received By Job
	Partitionable Resources :    Usage  Request Allocated
	   Cpus                 :                 1         1
	   Disk (KB)            :    15895     3250  27737952
	   Memory (MB)          :       45        1      3764
...
016 (10875.000.000) 01/18 20:38:52 POST Script terminated.
	(1) Normal termination (return value 0)
    DAG Node: sessioncompute_2_ID0000005
...
000 (10876.000.000) 01/18 20:39:02 Job submitted from host: <52.53.186.156:50814?addrs=52.53.186.156-50814>
    DAG Node: longestsession_2_ID0000008
    pool:condorpool
...
000 (10877.000.000) 01/18 20:39:02 Job submitted from host: <52.53.186.156:50814?addrs=52.53.186.156-50814>
    DAG Node: longestsession_1_ID0000007
    pool:condorpool
...
000 (10878.000.000) 01/18 20:39:02 Job submitted from host: <52.53.186.156:50814?addrs=52.53.186.156-50814>
    DAG Node: clean_up_local_level_5_0
    pool:local
...
000 (10879.000.000) 01/18 20:39:02 Job submitted from host: <52.53.186.156:50814?addrs=52.53.186.156-50814>
    DAG Node: clean_up_local_level_5_1
    pool:local
...
000 (10880.000.000) 01/18 20:39:02 Job submitted from host: <52.53.186.156:50814?addrs=52.53.186.156-50814>
    DAG Node: longestsession_0_ID0000006
    pool:condorpool
...
001 (10876.000.000) 01/18 20:39:03 Job executing on host: <54.201.168.39:41677?addrs=54.201.168.39-41677&noUDP>
...
001 (10879.000.000) 01/18 20:39:08 Job executing on host: <52.53.186.156:9318?addrs=52.53.186.156-9318>
...
001 (10878.000.000) 01/18 20:39:08 Job executing on host: <52.53.186.156:19221?addrs=52.53.186.156-19221>
...
005 (10879.000.000) 01/18 20:39:12 Job terminated.
	(1) Normal termination (return value 0)
		Usr 0 00:00:00, Sys 0 00:00:00  -  Run Remote Usage
		Usr 0 00:00:00, Sys 0 00:00:00  -  Run Local Usage
		Usr 0 00:00:00, Sys 0 00:00:00  -  Total Remote Usage
		Usr 0 00:00:00, Sys 0 00:00:00  -  Total Local Usage
	0  -  Run Bytes Sent By Job
	0  -  Run Bytes Received By Job
	0  -  Total Bytes Sent By Job
	0  -  Total Bytes Received By Job
...
016 (10879.000.000) 01/18 20:39:13 POST Script terminated.
	(1) Normal termination (return value 0)
    DAG Node: clean_up_local_level_5_1
...
005 (10876.000.000) 01/18 20:39:14 Job terminated.
	(1) Normal termination (return value 0)
		Usr 0 00:00:00, Sys 0 00:00:00  -  Run Remote Usage
		Usr 0 00:00:00, Sys 0 00:00:00  -  Run Local Usage
		Usr 0 00:00:00, Sys 0 00:00:00  -  Total Remote Usage
		Usr 0 00:00:00, Sys 0 00:00:00  -  Total Local Usage
	40710  -  Run Bytes Sent By Job
	3170653  -  Run Bytes Received By Job
	40710  -  Total Bytes Sent By Job
	3170653  -  Total Bytes Received By Job
	Partitionable Resources :    Usage  Request Allocated
	   Cpus                 :                 1         1
	   Disk (KB)            :     6143     3250  27737952
	   Memory (MB)          :        2        1      3764
...
001 (10877.000.000) 01/18 20:39:15 Job executing on host: <54.201.168.39:41677?addrs=54.201.168.39-41677&noUDP>
...
005 (10878.000.000) 01/18 20:39:16 Job terminated.
	(1) Normal termination (return value 0)
		Usr 0 00:00:00, Sys 0 00:00:00  -  Run Remote Usage
		Usr 0 00:00:00, Sys 0 00:00:00  -  Run Local Usage
		Usr 0 00:00:00, Sys 0 00:00:00  -  Total Remote Usage
		Usr 0 00:00:00, Sys 0 00:00:00  -  Total Local Usage
	0  -  Run Bytes Sent By Job
	0  -  Run Bytes Received By Job
	0  -  Total Bytes Sent By Job
	0  -  Total Bytes Received By Job
...
016 (10878.000.000) 01/18 20:39:17 POST Script terminated.
	(1) Normal termination (return value 0)
    DAG Node: clean_up_local_level_5_0
...
016 (10876.000.000) 01/18 20:39:17 POST Script terminated.
	(1) Normal termination (return value 0)
    DAG Node: longestsession_2_ID0000008
...
001 (10880.000.000) 01/18 20:39:22 Job executing on host: <54.214.127.201:57167?addrs=54.214.127.201-57167&noUDP>
...
005 (10877.000.000) 01/18 20:39:23 Job terminated.
	(1) Normal termination (return value 0)
		Usr 0 00:00:00, Sys 0 00:00:00  -  Run Remote Usage
		Usr 0 00:00:00, Sys 0 00:00:00  -  Run Local Usage
		Usr 0 00:00:00, Sys 0 00:00:00  -  Total Remote Usage
		Usr 0 00:00:00, Sys 0 00:00:00  -  Total Local Usage
	40723  -  Run Bytes Sent By Job
	3170653  -  Run Bytes Received By Job
	40723  -  Total Bytes Sent By Job
	3170653  -  Total Bytes Received By Job
	Partitionable Resources :    Usage  Request Allocated
	   Cpus                 :                 1         1
	   Disk (KB)            :     6143     3250  27737952
	   Memory (MB)          :       17        1      3764
...
005 (10880.000.000) 01/18 20:39:27 Job terminated.
	(1) Normal termination (return value 0)
		Usr 0 00:00:00, Sys 0 00:00:00  -  Run Remote Usage
		Usr 0 00:00:00, Sys 0 00:00:00  -  Run Local Usage
		Usr 0 00:00:00, Sys 0 00:00:00  -  Total Remote Usage
		Usr 0 00:00:00, Sys 0 00:00:00  -  Total Local Usage
	37469  -  Run Bytes Sent By Job
	3170638  -  Run Bytes Received By Job
	37469  -  Total Bytes Sent By Job
	3170638  -  Total Bytes Received By Job
	Partitionable Resources :    Usage  Request Allocated
	   Cpus                 :                 1         1
	   Disk (KB)            :     6140     3250  27731516
	   Memory (MB)          :        0        1      3764
...
016 (10877.000.000) 01/18 20:39:27 POST Script terminated.
	(1) Normal termination (return value 0)
    DAG Node: longestsession_1_ID0000007
...
016 (10880.000.000) 01/18 20:39:32 POST Script terminated.
	(1) Normal termination (return value 0)
    DAG Node: longestsession_0_ID0000006
...
000 (10881.000.000) 01/18 20:39:37 Job submitted from host: <52.53.186.156:50814?addrs=52.53.186.156-50814>
    DAG Node: clean_up_local_level_6_0
    pool:local
...
001 (10881.000.000) 01/18 20:39:37 Job executing on host: <52.53.186.156:63863?addrs=52.53.186.156-63863>
...
000 (10882.000.000) 01/18 20:39:42 Job submitted from host: <52.53.186.156:50814?addrs=52.53.186.156-50814>
    DAG Node: clean_up_local_level_6_1
    pool:local
...
000 (10883.000.000) 01/18 20:39:42 Job submitted from host: <52.53.186.156:50814?addrs=52.53.186.156-50814>
    DAG Node: terminate_0_ID0000009
    pool:condorpool
...
001 (10882.000.000) 01/18 20:39:43 Job executing on host: <52.53.186.156:61281?addrs=52.53.186.156-61281>
...
001 (10883.000.000) 01/18 20:39:43 Job executing on host: <54.201.168.39:41677?addrs=54.201.168.39-41677&noUDP>
...
005 (10883.000.000) 01/18 20:39:44 Job terminated.
	(1) Normal termination (return value 0)
		Usr 0 00:00:00, Sys 0 00:00:00  -  Run Remote Usage
		Usr 0 00:00:00, Sys 0 00:00:00  -  Run Local Usage
		Usr 0 00:00:00, Sys 0 00:00:00  -  Total Remote Usage
		Usr 0 00:00:00, Sys 0 00:00:00  -  Total Local Usage
	4450  -  Run Bytes Sent By Job
	3167676  -  Run Bytes Received By Job
	4450  -  Total Bytes Sent By Job
	3167676  -  Total Bytes Received By Job
	Partitionable Resources :    Usage  Request Allocated
	   Cpus                 :                 1         1
	   Disk (KB)            :     6103     3250  27737952
	   Memory (MB)          :        0        1      3764
...
005 (10881.000.000) 01/18 20:39:46 Job terminated.
	(1) Normal termination (return value 0)
		Usr 0 00:00:00, Sys 0 00:00:00  -  Run Remote Usage
		Usr 0 00:00:00, Sys 0 00:00:00  -  Run Local Usage
		Usr 0 00:00:00, Sys 0 00:00:00  -  Total Remote Usage
		Usr 0 00:00:00, Sys 0 00:00:00  -  Total Local Usage
	0  -  Run Bytes Sent By Job
	0  -  Run Bytes Received By Job
	0  -  Total Bytes Sent By Job
	0  -  Total Bytes Received By Job
...
005 (10882.000.000) 01/18 20:39:47 Job terminated.
	(1) Normal termination (return value 0)
		Usr 0 00:00:00, Sys 0 00:00:00  -  Run Remote Usage
		Usr 0 00:00:00, Sys 0 00:00:00  -  Run Local Usage
		Usr 0 00:00:00, Sys 0 00:00:00  -  Total Remote Usage
		Usr 0 00:00:00, Sys 0 00:00:00  -  Total Local Usage
	0  -  Run Bytes Sent By Job
	0  -  Run Bytes Received By Job
	0  -  Total Bytes Sent By Job
	0  -  Total Bytes Received By Job
...
016 (10883.000.000) 01/18 20:39:48 POST Script terminated.
	(1) Normal termination (return value 0)
    DAG Node: terminate_0_ID0000009
...
016 (10882.000.000) 01/18 20:39:48 POST Script terminated.
	(1) Normal termination (return value 0)
    DAG Node: clean_up_local_level_6_1
...
016 (10881.000.000) 01/18 20:39:48 POST Script terminated.
	(1) Normal termination (return value 0)
    DAG Node: clean_up_local_level_6_0
...
000 (10884.000.000) 01/18 20:39:58 Job submitted from host: <52.53.186.156:50814?addrs=52.53.186.156-50814>
    DAG Node: clean_up_local_level_7_0
    pool:local
...
001 (10884.000.000) 01/18 20:39:58 Job executing on host: <52.53.186.156:26034?addrs=52.53.186.156-26034>
...
005 (10884.000.000) 01/18 20:40:00 Job terminated.
	(1) Normal termination (return value 0)
		Usr 0 00:00:00, Sys 0 00:00:00  -  Run Remote Usage
		Usr 0 00:00:00, Sys 0 00:00:00  -  Run Local Usage
		Usr 0 00:00:00, Sys 0 00:00:00  -  Total Remote Usage
		Usr 0 00:00:00, Sys 0 00:00:00  -  Total Local Usage
	0  -  Run Bytes Sent By Job
	0  -  Run Bytes Received By Job
	0  -  Total Bytes Sent By Job
	0  -  Total Bytes Received By Job
...
016 (10884.000.000) 01/18 20:40:03 POST Script terminated.
	(1) Normal termination (return value 0)
    DAG Node: clean_up_local_level_7_0
...
000 (10885.000.000) 01/18 20:40:13 Job submitted from host: <52.53.186.156:50814?addrs=52.53.186.156-50814>
    DAG Node: cleanup_example_workflow_0_local
    pool:local
...
001 (10885.000.000) 01/18 20:40:13 Job executing on host: <52.53.186.156:30917?addrs=52.53.186.156-30917>
...
005 (10885.000.000) 01/18 20:40:15 Job terminated.
	(1) Normal termination (return value 0)
		Usr 0 00:00:00, Sys 0 00:00:00  -  Run Remote Usage
		Usr 0 00:00:00, Sys 0 00:00:00  -  Run Local Usage
		Usr 0 00:00:00, Sys 0 00:00:00  -  Total Remote Usage
		Usr 0 00:00:00, Sys 0 00:00:00  -  Total Local Usage
	0  -  Run Bytes Sent By Job
	0  -  Run Bytes Received By Job
	0  -  Total Bytes Sent By Job
	0  -  Total Bytes Received By Job
...
