000 (1128.000.000) 11/06 08:21:10 Job submitted from host: <54.193.36.194:26489?addrs=54.193.36.194-26489>
    DAG Node: create_dir_example_workflow_0_local
    pool:local
...
001 (1128.000.000) 11/06 08:21:11 Job executing on host: <54.193.36.194:5297?addrs=54.193.36.194-5297>
...
005 (1128.000.000) 11/06 08:21:13 Job terminated.
	(1) Normal termination (return value 0)
		Usr 0 00:00:00, Sys 0 00:00:00  -  Run Remote Usage
		Usr 0 00:00:00, Sys 0 00:00:00  -  Run Local Usage
		Usr 0 00:00:00, Sys 0 00:00:00  -  Total Remote Usage
		Usr 0 00:00:00, Sys 0 00:00:00  -  Total Local Usage
	0  -  Run Bytes Sent By Job
	0  -  Run Bytes Received By Job
	0  -  Total Bytes Sent By Job
	0  -  Total Bytes Received By Job
...
000 (1129.000.000) 11/06 08:21:25 Job submitted from host: <54.193.36.194:26489?addrs=54.193.36.194-26489>
    DAG Node: stage_in_local_local_0_0
    pool:local
...
000 (1130.000.000) 11/06 08:21:25 Job submitted from host: <54.193.36.194:26489?addrs=54.193.36.194-26489>
    DAG Node: stage_in_local_local_6_0
    pool:local
...
001 (1129.000.000) 11/06 08:21:25 Job executing on host: <54.193.36.194:52034?addrs=54.193.36.194-52034>
...
000 (1131.000.000) 11/06 08:21:25 Job submitted from host: <54.193.36.194:26489?addrs=54.193.36.194-26489>
    DAG Node: stage_in_remote_local_2_1
    pool:local
...
000 (1132.000.000) 11/06 08:21:25 Job submitted from host: <54.193.36.194:26489?addrs=54.193.36.194-26489>
    DAG Node: stage_in_remote_local_5_0
    pool:local
...
000 (1133.000.000) 11/06 08:21:25 Job submitted from host: <54.193.36.194:26489?addrs=54.193.36.194-26489>
    DAG Node: stage_in_local_local_2_0
    pool:local
...
005 (1129.000.000) 11/06 08:21:27 Job terminated.
	(1) Normal termination (return value 0)
		Usr 0 00:00:00, Sys 0 00:00:00  -  Run Remote Usage
		Usr 0 00:00:00, Sys 0 00:00:00  -  Run Local Usage
		Usr 0 00:00:00, Sys 0 00:00:00  -  Total Remote Usage
		Usr 0 00:00:00, Sys 0 00:00:00  -  Total Local Usage
	0  -  Run Bytes Sent By Job
	0  -  Run Bytes Received By Job
	0  -  Total Bytes Sent By Job
	0  -  Total Bytes Received By Job
...
001 (1133.000.000) 11/06 08:21:27 Job executing on host: <54.193.36.194:53573?addrs=54.193.36.194-53573>
...
001 (1130.000.000) 11/06 08:21:27 Job executing on host: <54.193.36.194:55632?addrs=54.193.36.194-55632>
...
001 (1131.000.000) 11/06 08:21:27 Job executing on host: <54.193.36.194:9735?addrs=54.193.36.194-9735>
...
001 (1132.000.000) 11/06 08:21:27 Job executing on host: <54.193.36.194:11908?addrs=54.193.36.194-11908>
...
005 (1131.000.000) 11/06 08:21:30 Job terminated.
	(1) Normal termination (return value 0)
		Usr 0 00:00:00, Sys 0 00:00:00  -  Run Remote Usage
		Usr 0 00:00:00, Sys 0 00:00:00  -  Run Local Usage
		Usr 0 00:00:00, Sys 0 00:00:00  -  Total Remote Usage
		Usr 0 00:00:00, Sys 0 00:00:00  -  Total Local Usage
	0  -  Run Bytes Sent By Job
	0  -  Run Bytes Received By Job
	0  -  Total Bytes Sent By Job
	0  -  Total Bytes Received By Job
...
005 (1130.000.000) 11/06 08:21:30 Job terminated.
	(1) Normal termination (return value 0)
		Usr 0 00:00:00, Sys 0 00:00:00  -  Run Remote Usage
		Usr 0 00:00:00, Sys 0 00:00:00  -  Run Local Usage
		Usr 0 00:00:00, Sys 0 00:00:00  -  Total Remote Usage
		Usr 0 00:00:00, Sys 0 00:00:00  -  Total Local Usage
	0  -  Run Bytes Sent By Job
	0  -  Run Bytes Received By Job
	0  -  Total Bytes Sent By Job
	0  -  Total Bytes Received By Job
...
005 (1132.000.000) 11/06 08:21:30 Job terminated.
	(1) Normal termination (return value 0)
		Usr 0 00:00:00, Sys 0 00:00:00  -  Run Remote Usage
		Usr 0 00:00:00, Sys 0 00:00:00  -  Run Local Usage
		Usr 0 00:00:00, Sys 0 00:00:00  -  Total Remote Usage
		Usr 0 00:00:00, Sys 0 00:00:00  -  Total Local Usage
	0  -  Run Bytes Sent By Job
	0  -  Run Bytes Received By Job
	0  -  Total Bytes Sent By Job
	0  -  Total Bytes Received By Job
...
000 (1134.000.000) 11/06 08:21:30 Job submitted from host: <54.193.36.194:26489?addrs=54.193.36.194-26489>
    DAG Node: stage_in_local_local_2_1
    pool:local
...
001 (1134.000.000) 11/06 08:21:30 Job executing on host: <54.193.36.194:18119?addrs=54.193.36.194-18119>
...
000 (1135.000.000) 11/06 08:21:30 Job submitted from host: <54.193.36.194:26489?addrs=54.193.36.194-26489>
    DAG Node: stage_in_remote_local_1_0
    pool:local
...
001 (1135.000.000) 11/06 08:21:31 Job executing on host: <54.193.36.194:48517?addrs=54.193.36.194-48517>
...
000 (1136.000.000) 11/06 08:21:31 Job submitted from host: <54.193.36.194:26489?addrs=54.193.36.194-26489>
    DAG Node: stage_in_local_local_3_0
    pool:local
...
000 (1137.000.000) 11/06 08:21:31 Job submitted from host: <54.193.36.194:26489?addrs=54.193.36.194-26489>
    DAG Node: stage_in_local_local_5_0
    pool:local
...
000 (1138.000.000) 11/06 08:21:31 Job submitted from host: <54.193.36.194:26489?addrs=54.193.36.194-26489>
    DAG Node: stage_in_local_local_4_0
    pool:local
...
005 (1133.000.000) 11/06 08:21:32 Job terminated.
	(1) Normal termination (return value 0)
		Usr 0 00:00:00, Sys 0 00:00:00  -  Run Remote Usage
		Usr 0 00:00:00, Sys 0 00:00:00  -  Run Local Usage
		Usr 0 00:00:00, Sys 0 00:00:00  -  Total Remote Usage
		Usr 0 00:00:00, Sys 0 00:00:00  -  Total Local Usage
	0  -  Run Bytes Sent By Job
	0  -  Run Bytes Received By Job
	0  -  Total Bytes Sent By Job
	0  -  Total Bytes Received By Job
...
001 (1136.000.000) 11/06 08:21:32 Job executing on host: <54.193.36.194:19396?addrs=54.193.36.194-19396>
...
001 (1137.000.000) 11/06 08:21:32 Job executing on host: <54.193.36.194:19592?addrs=54.193.36.194-19592>
...
001 (1138.000.000) 11/06 08:21:32 Job executing on host: <54.193.36.194:36660?addrs=54.193.36.194-36660>
...
005 (1134.000.000) 11/06 08:21:33 Job terminated.
	(1) Normal termination (return value 0)
		Usr 0 00:00:00, Sys 0 00:00:00  -  Run Remote Usage
		Usr 0 00:00:00, Sys 0 00:00:00  -  Run Local Usage
		Usr 0 00:00:00, Sys 0 00:00:00  -  Total Remote Usage
		Usr 0 00:00:00, Sys 0 00:00:00  -  Total Local Usage
	0  -  Run Bytes Sent By Job
	0  -  Run Bytes Received By Job
	0  -  Total Bytes Sent By Job
	0  -  Total Bytes Received By Job
...
005 (1135.000.000) 11/06 08:21:33 Job terminated.
	(1) Normal termination (return value 0)
		Usr 0 00:00:00, Sys 0 00:00:00  -  Run Remote Usage
		Usr 0 00:00:00, Sys 0 00:00:00  -  Run Local Usage
		Usr 0 00:00:00, Sys 0 00:00:00  -  Total Remote Usage
		Usr 0 00:00:00, Sys 0 00:00:00  -  Total Local Usage
	0  -  Run Bytes Sent By Job
	0  -  Run Bytes Received By Job
	0  -  Total Bytes Sent By Job
	0  -  Total Bytes Received By Job
...
005 (1138.000.000) 11/06 08:21:35 Job terminated.
	(1) Normal termination (return value 0)
		Usr 0 00:00:00, Sys 0 00:00:00  -  Run Remote Usage
		Usr 0 00:00:00, Sys 0 00:00:00  -  Run Local Usage
		Usr 0 00:00:00, Sys 0 00:00:00  -  Total Remote Usage
		Usr 0 00:00:00, Sys 0 00:00:00  -  Total Local Usage
	0  -  Run Bytes Sent By Job
	0  -  Run Bytes Received By Job
	0  -  Total Bytes Sent By Job
	0  -  Total Bytes Received By Job
...
005 (1137.000.000) 11/06 08:21:35 Job terminated.
	(1) Normal termination (return value 0)
		Usr 0 00:00:00, Sys 0 00:00:00  -  Run Remote Usage
		Usr 0 00:00:00, Sys 0 00:00:00  -  Run Local Usage
		Usr 0 00:00:00, Sys 0 00:00:00  -  Total Remote Usage
		Usr 0 00:00:00, Sys 0 00:00:00  -  Total Local Usage
	0  -  Run Bytes Sent By Job
	0  -  Run Bytes Received By Job
	0  -  Total Bytes Sent By Job
	0  -  Total Bytes Received By Job
...
005 (1136.000.000) 11/06 08:21:35 Job terminated.
	(1) Normal termination (return value 0)
		Usr 0 00:00:00, Sys 0 00:00:00  -  Run Remote Usage
		Usr 0 00:00:00, Sys 0 00:00:00  -  Run Local Usage
		Usr 0 00:00:00, Sys 0 00:00:00  -  Total Remote Usage
		Usr 0 00:00:00, Sys 0 00:00:00  -  Total Local Usage
	0  -  Run Bytes Sent By Job
	0  -  Run Bytes Received By Job
	0  -  Total Bytes Sent By Job
	0  -  Total Bytes Received By Job
...
000 (1139.000.000) 11/06 08:21:53 Job submitted from host: <54.193.36.194:26489?addrs=54.193.36.194-26489>
    DAG Node: stage_in_local_local_7_0
    pool:local
...
001 (1139.000.000) 11/06 08:21:53 Job executing on host: <54.193.36.194:53911?addrs=54.193.36.194-53911>
...
000 (1140.000.000) 11/06 08:21:53 Job submitted from host: <54.193.36.194:26489?addrs=54.193.36.194-26489>
    DAG Node: stage_in_local_local_1_0
    pool:local
...
000 (1141.000.000) 11/06 08:21:53 Job submitted from host: <54.193.36.194:26489?addrs=54.193.36.194-26489>
    DAG Node: stage_in_remote_local_4_1
    pool:local
...
000 (1142.000.000) 11/06 08:21:53 Job submitted from host: <54.193.36.194:26489?addrs=54.193.36.194-26489>
    DAG Node: stage_in_remote_local_4_0
    pool:local
...
000 (1143.000.000) 11/06 08:21:53 Job submitted from host: <54.193.36.194:26489?addrs=54.193.36.194-26489>
    DAG Node: stage_in_remote_local_2_0
    pool:local
...
005 (1139.000.000) 11/06 08:21:55 Job terminated.
	(1) Normal termination (return value 0)
		Usr 0 00:00:00, Sys 0 00:00:00  -  Run Remote Usage
		Usr 0 00:00:00, Sys 0 00:00:00  -  Run Local Usage
		Usr 0 00:00:00, Sys 0 00:00:00  -  Total Remote Usage
		Usr 0 00:00:00, Sys 0 00:00:00  -  Total Local Usage
	0  -  Run Bytes Sent By Job
	0  -  Run Bytes Received By Job
	0  -  Total Bytes Sent By Job
	0  -  Total Bytes Received By Job
...
001 (1140.000.000) 11/06 08:21:55 Job executing on host: <54.193.36.194:6835?addrs=54.193.36.194-6835>
...
001 (1143.000.000) 11/06 08:21:55 Job executing on host: <54.193.36.194:38606?addrs=54.193.36.194-38606>
...
001 (1142.000.000) 11/06 08:21:55 Job executing on host: <54.193.36.194:28168?addrs=54.193.36.194-28168>
...
001 (1141.000.000) 11/06 08:21:55 Job executing on host: <54.193.36.194:54552?addrs=54.193.36.194-54552>
...
005 (1141.000.000) 11/06 08:21:58 Job terminated.
	(1) Normal termination (return value 0)
		Usr 0 00:00:00, Sys 0 00:00:00  -  Run Remote Usage
		Usr 0 00:00:00, Sys 0 00:00:00  -  Run Local Usage
		Usr 0 00:00:00, Sys 0 00:00:00  -  Total Remote Usage
		Usr 0 00:00:00, Sys 0 00:00:00  -  Total Local Usage
	0  -  Run Bytes Sent By Job
	0  -  Run Bytes Received By Job
	0  -  Total Bytes Sent By Job
	0  -  Total Bytes Received By Job
...
005 (1140.000.000) 11/06 08:21:58 Job terminated.
	(1) Normal termination (return value 0)
		Usr 0 00:00:00, Sys 0 00:00:00  -  Run Remote Usage
		Usr 0 00:00:00, Sys 0 00:00:00  -  Run Local Usage
		Usr 0 00:00:00, Sys 0 00:00:00  -  Total Remote Usage
		Usr 0 00:00:00, Sys 0 00:00:00  -  Total Local Usage
	0  -  Run Bytes Sent By Job
	0  -  Run Bytes Received By Job
	0  -  Total Bytes Sent By Job
	0  -  Total Bytes Received By Job
...
000 (1144.000.000) 11/06 08:21:58 Job submitted from host: <54.193.36.194:26489?addrs=54.193.36.194-26489>
    DAG Node: stage_in_remote_local_3_1
    pool:local
...
001 (1144.000.000) 11/06 08:21:58 Job executing on host: <54.193.36.194:56560?addrs=54.193.36.194-56560>
...
000 (1145.000.000) 11/06 08:21:58 Job submitted from host: <54.193.36.194:26489?addrs=54.193.36.194-26489>
    DAG Node: stage_in_remote_local_3_0
    pool:local
...
001 (1145.000.000) 11/06 08:21:58 Job executing on host: <54.193.36.194:1844?addrs=54.193.36.194-1844>
...
000 (1146.000.000) 11/06 08:21:58 Job submitted from host: <54.193.36.194:26489?addrs=54.193.36.194-26489>
    DAG Node: stage_in_remote_local_6_0
    pool:local
...
000 (1147.000.000) 11/06 08:21:58 Job submitted from host: <54.193.36.194:26489?addrs=54.193.36.194-26489>
    DAG Node: init_0_ID0000001
    pool:condorpool
...
005 (1143.000.000) 11/06 08:22:00 Job terminated.
	(1) Normal termination (return value 0)
		Usr 0 00:00:00, Sys 0 00:00:00  -  Run Remote Usage
		Usr 0 00:00:00, Sys 0 00:00:00  -  Run Local Usage
		Usr 0 00:00:00, Sys 0 00:00:00  -  Total Remote Usage
		Usr 0 00:00:00, Sys 0 00:00:00  -  Total Local Usage
	0  -  Run Bytes Sent By Job
	0  -  Run Bytes Received By Job
	0  -  Total Bytes Sent By Job
	0  -  Total Bytes Received By Job
...
005 (1142.000.000) 11/06 08:22:00 Job terminated.
	(1) Normal termination (return value 0)
		Usr 0 00:00:00, Sys 0 00:00:00  -  Run Remote Usage
		Usr 0 00:00:00, Sys 0 00:00:00  -  Run Local Usage
		Usr 0 00:00:00, Sys 0 00:00:00  -  Total Remote Usage
		Usr 0 00:00:00, Sys 0 00:00:00  -  Total Local Usage
	0  -  Run Bytes Sent By Job
	0  -  Run Bytes Received By Job
	0  -  Total Bytes Sent By Job
	0  -  Total Bytes Received By Job
...
001 (1146.000.000) 11/06 08:22:00 Job executing on host: <54.193.36.194:33099?addrs=54.193.36.194-33099>
...
005 (1144.000.000) 11/06 08:22:00 Job terminated.
	(1) Normal termination (return value 0)
		Usr 0 00:00:00, Sys 0 00:00:00  -  Run Remote Usage
		Usr 0 00:00:00, Sys 0 00:00:00  -  Run Local Usage
		Usr 0 00:00:00, Sys 0 00:00:00  -  Total Remote Usage
		Usr 0 00:00:00, Sys 0 00:00:00  -  Total Local Usage
	0  -  Run Bytes Sent By Job
	0  -  Run Bytes Received By Job
	0  -  Total Bytes Sent By Job
	0  -  Total Bytes Received By Job
...
005 (1146.000.000) 11/06 08:22:02 Job terminated.
	(1) Normal termination (return value 0)
		Usr 0 00:00:00, Sys 0 00:00:00  -  Run Remote Usage
		Usr 0 00:00:00, Sys 0 00:00:00  -  Run Local Usage
		Usr 0 00:00:00, Sys 0 00:00:00  -  Total Remote Usage
		Usr 0 00:00:00, Sys 0 00:00:00  -  Total Local Usage
	0  -  Run Bytes Sent By Job
	0  -  Run Bytes Received By Job
	0  -  Total Bytes Sent By Job
	0  -  Total Bytes Received By Job
...
005 (1145.000.000) 11/06 08:22:02 Job terminated.
	(1) Normal termination (return value 0)
		Usr 0 00:00:00, Sys 0 00:00:00  -  Run Remote Usage
		Usr 0 00:00:00, Sys 0 00:00:00  -  Run Local Usage
		Usr 0 00:00:00, Sys 0 00:00:00  -  Total Remote Usage
		Usr 0 00:00:00, Sys 0 00:00:00  -  Total Local Usage
	0  -  Run Bytes Sent By Job
	0  -  Run Bytes Received By Job
	0  -  Total Bytes Sent By Job
	0  -  Total Bytes Received By Job
...
001 (1147.000.000) 11/06 08:22:13 Job executing on host: <54.200.57.163:59896?addrs=54.200.57.163-59896&noUDP>
...
006 (1147.000.000) 11/06 08:22:22 Image size of job updated: 2
	2  -  MemoryUsage of job (MB)
	1660  -  ResidentSetSize of job (KB)
...
005 (1147.000.000) 11/06 08:22:28 Job terminated.
	(1) Normal termination (return value 0)
		Usr 0 00:00:00, Sys 0 00:00:00  -  Run Remote Usage
		Usr 0 00:00:00, Sys 0 00:00:00  -  Run Local Usage
		Usr 0 00:00:00, Sys 0 00:00:00  -  Total Remote Usage
		Usr 0 00:00:00, Sys 0 00:00:00  -  Total Local Usage
	4454  -  Run Bytes Sent By Job
	3170147  -  Run Bytes Received By Job
	4454  -  Total Bytes Sent By Job
	3170147  -  Total Bytes Received By Job
	Partitionable Resources :    Usage  Request Allocated
	   Cpus                 :                 1         1
	   Disk (KB)            :     6106     3250  27639612
	   Memory (MB)          :        2        1      3764
...
000 (1148.000.000) 11/06 08:22:43 Job submitted from host: <54.193.36.194:26489?addrs=54.193.36.194-26489>
    DAG Node: clean_up_local_level_3_0
    pool:local
...
001 (1148.000.000) 11/06 08:22:43 Job executing on host: <54.193.36.194:18596?addrs=54.193.36.194-18596>
...
000 (1149.000.000) 11/06 08:22:43 Job submitted from host: <54.193.36.194:26489?addrs=54.193.36.194-26489>
    DAG Node: generalinfo_0_ID0000002
    pool:condorpool
...
001 (1149.000.000) 11/06 08:22:43 Job executing on host: <54.200.57.163:59896?addrs=54.200.57.163-59896&noUDP>
...
005 (1148.000.000) 11/06 08:22:45 Job terminated.
	(1) Normal termination (return value 0)
		Usr 0 00:00:00, Sys 0 00:00:00  -  Run Remote Usage
		Usr 0 00:00:00, Sys 0 00:00:00  -  Run Local Usage
		Usr 0 00:00:00, Sys 0 00:00:00  -  Total Remote Usage
		Usr 0 00:00:00, Sys 0 00:00:00  -  Total Local Usage
	0  -  Run Bytes Sent By Job
	0  -  Run Bytes Received By Job
	0  -  Total Bytes Sent By Job
	0  -  Total Bytes Received By Job
...
006 (1149.000.000) 11/06 08:22:52 Image size of job updated: 2
	2  -  MemoryUsage of job (MB)
	1664  -  ResidentSetSize of job (KB)
...
006 (1149.000.000) 11/06 08:26:56 Image size of job updated: 757716
	2  -  MemoryUsage of job (MB)
	1664  -  ResidentSetSize of job (KB)
...
005 (1149.000.000) 11/06 08:26:56 Job terminated.
	(1) Normal termination (return value 0)
		Usr 0 00:03:11, Sys 0 00:00:01  -  Run Remote Usage
		Usr 0 00:00:00, Sys 0 00:00:00  -  Run Local Usage
		Usr 0 00:03:11, Sys 0 00:00:01  -  Total Remote Usage
		Usr 0 00:00:00, Sys 0 00:00:00  -  Total Local Usage
	5872  -  Run Bytes Sent By Job
	3169155  -  Run Bytes Received By Job
	5872  -  Total Bytes Sent By Job
	3169155  -  Total Bytes Received By Job
	Partitionable Resources :    Usage  Request Allocated
	   Cpus                 :                 1         1
	   Disk (KB)            :     6107     3250  27639612
	   Memory (MB)          :        2        1      3764
...
000 (1150.000.000) 11/06 08:27:09 Job submitted from host: <54.193.36.194:26489?addrs=54.193.36.194-26489>
    DAG Node: clean_up_local_level_4_0
    pool:local
...
001 (1150.000.000) 11/06 08:27:09 Job executing on host: <54.193.36.194:21206?addrs=54.193.36.194-21206>
...
000 (1151.000.000) 11/06 08:27:09 Job submitted from host: <54.193.36.194:26489?addrs=54.193.36.194-26489>
    DAG Node: statscpumemory_0_ID0000003
    pool:condorpool
...
000 (1152.000.000) 11/06 08:27:09 Job submitted from host: <54.193.36.194:26489?addrs=54.193.36.194-26489>
    DAG Node: medianmemory_0_ID0000005
    pool:condorpool
...
000 (1153.000.000) 11/06 08:27:09 Job submitted from host: <54.193.36.194:26489?addrs=54.193.36.194-26489>
    DAG Node: mediancpu_0_ID0000004
    pool:condorpool
...
001 (1151.000.000) 11/06 08:27:09 Job executing on host: <54.200.57.163:59896?addrs=54.200.57.163-59896&noUDP>
...
005 (1150.000.000) 11/06 08:27:13 Job terminated.
	(1) Normal termination (return value 0)
		Usr 0 00:00:00, Sys 0 00:00:00  -  Run Remote Usage
		Usr 0 00:00:00, Sys 0 00:00:00  -  Run Local Usage
		Usr 0 00:00:00, Sys 0 00:00:00  -  Total Remote Usage
		Usr 0 00:00:00, Sys 0 00:00:00  -  Total Local Usage
	0  -  Run Bytes Sent By Job
	0  -  Run Bytes Received By Job
	0  -  Total Bytes Sent By Job
	0  -  Total Bytes Received By Job
...
006 (1151.000.000) 11/06 08:27:18 Image size of job updated: 2
	2  -  MemoryUsage of job (MB)
	1664  -  ResidentSetSize of job (KB)
...
001 (1152.000.000) 11/06 08:27:23 Job executing on host: <54.203.21.96:39975?addrs=54.203.21.96-39975&noUDP>
...
001 (1153.000.000) 11/06 08:27:23 Job executing on host: <54.213.178.100:11571?addrs=54.213.178.100-11571&noUDP>
...
006 (1153.000.000) 11/06 08:27:32 Image size of job updated: 2
	2  -  MemoryUsage of job (MB)
	1656  -  ResidentSetSize of job (KB)
...
006 (1152.000.000) 11/06 08:27:32 Image size of job updated: 2
	2  -  MemoryUsage of job (MB)
	1644  -  ResidentSetSize of job (KB)
...
006 (1151.000.000) 11/06 08:32:20 Image size of job updated: 772944
	122  -  MemoryUsage of job (MB)
	124508  -  ResidentSetSize of job (KB)
...
006 (1153.000.000) 11/06 08:32:32 Image size of job updated: 784456
	163  -  MemoryUsage of job (MB)
	166520  -  ResidentSetSize of job (KB)
...
006 (1152.000.000) 11/06 08:32:33 Image size of job updated: 779888
	155  -  MemoryUsage of job (MB)
	157740  -  ResidentSetSize of job (KB)
...
006 (1151.000.000) 11/06 08:36:11 Image size of job updated: 782064
	122  -  MemoryUsage of job (MB)
	124508  -  ResidentSetSize of job (KB)
...
005 (1151.000.000) 11/06 08:36:11 Job terminated.
	(1) Normal termination (return value 0)
		Usr 0 00:07:12, Sys 0 00:00:05  -  Run Remote Usage
		Usr 0 00:00:00, Sys 0 00:00:00  -  Run Local Usage
		Usr 0 00:07:12, Sys 0 00:00:05  -  Total Remote Usage
		Usr 0 00:00:00, Sys 0 00:00:00  -  Total Local Usage
	6573  -  Run Bytes Sent By Job
	3171327  -  Run Bytes Received By Job
	6573  -  Total Bytes Sent By Job
	3171327  -  Total Bytes Received By Job
	Partitionable Resources :    Usage  Request Allocated
	   Cpus                 :                 1         1
	   Disk (KB)            :     6110     3250  27639612
	   Memory (MB)          :      122        1      3764
...
006 (1153.000.000) 11/06 08:36:48 Image size of job updated: 803456
	163  -  MemoryUsage of job (MB)
	166520  -  ResidentSetSize of job (KB)
...
005 (1153.000.000) 11/06 08:36:48 Job terminated.
	(1) Normal termination (return value 0)
		Usr 0 00:07:36, Sys 0 00:00:05  -  Run Remote Usage
		Usr 0 00:00:00, Sys 0 00:00:00  -  Run Local Usage
		Usr 0 00:07:36, Sys 0 00:00:05  -  Total Remote Usage
		Usr 0 00:00:00, Sys 0 00:00:00  -  Total Local Usage
	381249  -  Run Bytes Sent By Job
	3169014  -  Run Bytes Received By Job
	381249  -  Total Bytes Sent By Job
	3169014  -  Total Bytes Received By Job
	Partitionable Resources :    Usage  Request Allocated
	   Cpus                 :                 1         1
	   Disk (KB)            :   377114     3250  27641832
	   Memory (MB)          :      163        1      3764
...
006 (1152.000.000) 11/06 08:36:50 Image size of job updated: 799968
	155  -  MemoryUsage of job (MB)
	157740  -  ResidentSetSize of job (KB)
...
005 (1152.000.000) 11/06 08:36:50 Job terminated.
	(1) Normal termination (return value 0)
		Usr 0 00:07:32, Sys 0 00:00:05  -  Run Remote Usage
		Usr 0 00:00:00, Sys 0 00:00:00  -  Run Local Usage
		Usr 0 00:07:32, Sys 0 00:00:05  -  Total Remote Usage
		Usr 0 00:00:00, Sys 0 00:00:00  -  Total Local Usage
	378204  -  Run Bytes Sent By Job
	3169050  -  Run Bytes Received By Job
	378204  -  Total Bytes Sent By Job
	3169050  -  Total Bytes Received By Job
	Partitionable Resources :    Usage  Request Allocated
	   Cpus                 :                 1         1
	   Disk (KB)            :   389498     3250  27638432
	   Memory (MB)          :      155        1      3764
...
000 (1154.000.000) 11/06 08:37:00 Job submitted from host: <54.193.36.194:26489?addrs=54.193.36.194-26489>
    DAG Node: clean_up_local_level_5_1
    pool:local
...
001 (1154.000.000) 11/06 08:37:13 Job executing on host: <54.193.36.194:49808?addrs=54.193.36.194-49808>
...
005 (1154.000.000) 11/06 08:37:17 Job terminated.
	(1) Normal termination (return value 0)
		Usr 0 00:00:00, Sys 0 00:00:00  -  Run Remote Usage
		Usr 0 00:00:00, Sys 0 00:00:00  -  Run Local Usage
		Usr 0 00:00:00, Sys 0 00:00:00  -  Total Remote Usage
		Usr 0 00:00:00, Sys 0 00:00:00  -  Total Local Usage
	0  -  Run Bytes Sent By Job
	0  -  Run Bytes Received By Job
	0  -  Total Bytes Sent By Job
	0  -  Total Bytes Received By Job
...
000 (1155.000.000) 11/06 08:37:18 Job submitted from host: <54.193.36.194:26489?addrs=54.193.36.194-26489>
    DAG Node: clean_up_local_level_5_0
    pool:local
...
001 (1155.000.000) 11/06 08:37:18 Job executing on host: <54.193.36.194:47452?addrs=54.193.36.194-47452>
...
000 (1156.000.000) 11/06 08:37:18 Job submitted from host: <54.193.36.194:26489?addrs=54.193.36.194-26489>
    DAG Node: taskevent_0_ID0000006
    pool:condorpool
...
005 (1155.000.000) 11/06 08:37:26 Job terminated.
	(1) Normal termination (return value 0)
		Usr 0 00:00:00, Sys 0 00:00:00  -  Run Remote Usage
		Usr 0 00:00:00, Sys 0 00:00:00  -  Run Local Usage
		Usr 0 00:00:00, Sys 0 00:00:00  -  Total Remote Usage
		Usr 0 00:00:00, Sys 0 00:00:00  -  Total Local Usage
	0  -  Run Bytes Sent By Job
	0  -  Run Bytes Received By Job
	0  -  Total Bytes Sent By Job
	0  -  Total Bytes Received By Job
...
001 (1156.000.000) 11/06 08:37:34 Job executing on host: <54.200.57.163:59896?addrs=54.200.57.163-59896&noUDP>
...
006 (1156.000.000) 11/06 08:37:42 Image size of job updated: 2
	2  -  MemoryUsage of job (MB)
	1648  -  ResidentSetSize of job (KB)
...
006 (1156.000.000) 11/06 08:42:42 Image size of job updated: 797976
	128  -  MemoryUsage of job (MB)
	130072  -  ResidentSetSize of job (KB)
...
006 (1156.000.000) 11/06 08:47:42 Image size of job updated: 817560
	137  -  MemoryUsage of job (MB)
	139552  -  ResidentSetSize of job (KB)
...
005 (1156.000.000) 11/06 08:51:41 Job terminated.
	(1) Normal termination (return value 0)
		Usr 0 00:07:26, Sys 0 00:00:05  -  Run Remote Usage
		Usr 0 00:00:00, Sys 0 00:00:00  -  Run Local Usage
		Usr 0 00:07:26, Sys 0 00:00:05  -  Total Remote Usage
		Usr 0 00:00:00, Sys 0 00:00:00  -  Total Local Usage
	14679  -  Run Bytes Sent By Job
	3175820  -  Run Bytes Received By Job
	14679  -  Total Bytes Sent By Job
	3175820  -  Total Bytes Received By Job
	Partitionable Resources :    Usage  Request Allocated
	   Cpus                 :                 1         1
	   Disk (KB)            :     6125     3250  27639508
	   Memory (MB)          :      137        1      3764
...
000 (1157.000.000) 11/06 08:51:53 Job submitted from host: <54.193.36.194:26489?addrs=54.193.36.194-26489>
    DAG Node: clean_up_local_level_6_0
    pool:local
...
001 (1157.000.000) 11/06 08:51:53 Job executing on host: <54.193.36.194:54122?addrs=54.193.36.194-54122>
...
000 (1158.000.000) 11/06 08:51:53 Job submitted from host: <54.193.36.194:26489?addrs=54.193.36.194-26489>
    DAG Node: calculateratio_0_ID0000007
    pool:condorpool
...
001 (1158.000.000) 11/06 08:51:53 Job executing on host: <54.200.57.163:59896?addrs=54.200.57.163-59896&noUDP>
...
005 (1157.000.000) 11/06 08:52:01 Job terminated.
	(1) Normal termination (return value 0)
		Usr 0 00:00:00, Sys 0 00:00:00  -  Run Remote Usage
		Usr 0 00:00:00, Sys 0 00:00:00  -  Run Local Usage
		Usr 0 00:00:00, Sys 0 00:00:00  -  Total Remote Usage
		Usr 0 00:00:00, Sys 0 00:00:00  -  Total Local Usage
	0  -  Run Bytes Sent By Job
	0  -  Run Bytes Received By Job
	0  -  Total Bytes Sent By Job
	0  -  Total Bytes Received By Job
...
006 (1158.000.000) 11/06 08:52:02 Image size of job updated: 2
	2  -  MemoryUsage of job (MB)
	1660  -  ResidentSetSize of job (KB)
...
006 (1158.000.000) 11/06 08:57:04 Image size of job updated: 852028
	150  -  MemoryUsage of job (MB)
	152644  -  ResidentSetSize of job (KB)
...
006 (1158.000.000) 11/06 09:02:04 Image size of job updated: 856584
	150  -  MemoryUsage of job (MB)
	152644  -  ResidentSetSize of job (KB)
...
006 (1158.000.000) 11/06 09:07:04 Image size of job updated: 856840
	154  -  MemoryUsage of job (MB)
	156844  -  ResidentSetSize of job (KB)
...
005 (1158.000.000) 11/06 09:17:26 Job terminated.
	(1) Normal termination (return value 0)
		Usr 0 00:07:13, Sys 0 00:00:16  -  Run Remote Usage
		Usr 0 00:00:00, Sys 0 00:00:00  -  Run Local Usage
		Usr 0 00:07:13, Sys 0 00:00:16  -  Total Remote Usage
		Usr 0 00:00:00, Sys 0 00:00:00  -  Total Local Usage
	360268  -  Run Bytes Sent By Job
	3174550  -  Run Bytes Received By Job
	360268  -  Total Bytes Sent By Job
	3174550  -  Total Bytes Received By Job
	Partitionable Resources :    Usage  Request Allocated
	   Cpus                 :                 1         1
	   Disk (KB)            :     6461     3250  27639508
	   Memory (MB)          :      154        1      3764
...
000 (1159.000.000) 11/06 09:17:40 Job submitted from host: <54.193.36.194:26489?addrs=54.193.36.194-26489>
    DAG Node: clean_up_local_level_7_0
    pool:local
...
000 (1160.000.000) 11/06 09:17:40 Job submitted from host: <54.193.36.194:26489?addrs=54.193.36.194-26489>
    DAG Node: averageratioevent_0_ID0000008
    pool:condorpool
...
001 (1159.000.000) 11/06 09:17:40 Job executing on host: <54.193.36.194:48143?addrs=54.193.36.194-48143>
...
005 (1159.000.000) 11/06 09:17:48 Job terminated.
	(1) Normal termination (return value 0)
		Usr 0 00:00:00, Sys 0 00:00:00  -  Run Remote Usage
		Usr 0 00:00:00, Sys 0 00:00:00  -  Run Local Usage
		Usr 0 00:00:00, Sys 0 00:00:00  -  Total Remote Usage
		Usr 0 00:00:00, Sys 0 00:00:00  -  Total Local Usage
	0  -  Run Bytes Sent By Job
	0  -  Run Bytes Received By Job
	0  -  Total Bytes Sent By Job
	0  -  Total Bytes Received By Job
...
001 (1160.000.000) 11/06 09:18:00 Job executing on host: <54.200.57.163:59896?addrs=54.200.57.163-59896&noUDP>
...
006 (1160.000.000) 11/06 09:18:09 Image size of job updated: 2
	2  -  MemoryUsage of job (MB)
	1656  -  ResidentSetSize of job (KB)
...
006 (1160.000.000) 11/06 09:19:12 Image size of job updated: 764628
	2  -  MemoryUsage of job (MB)
	1656  -  ResidentSetSize of job (KB)
...
005 (1160.000.000) 11/06 09:19:13 Job terminated.
	(1) Normal termination (return value 0)
		Usr 0 00:00:38, Sys 0 00:00:00  -  Run Remote Usage
		Usr 0 00:00:00, Sys 0 00:00:00  -  Run Local Usage
		Usr 0 00:00:38, Sys 0 00:00:00  -  Total Remote Usage
		Usr 0 00:00:00, Sys 0 00:00:00  -  Total Local Usage
	266697  -  Run Bytes Sent By Job
	3169950  -  Run Bytes Received By Job
	266697  -  Total Bytes Sent By Job
	3169950  -  Total Bytes Received By Job
	Partitionable Resources :    Usage  Request Allocated
	   Cpus                 :                 1         1
	   Disk (KB)            :     7039     3250  27639196
	   Memory (MB)          :        2        1      3764
...
000 (1161.000.000) 11/06 09:19:25 Job submitted from host: <54.193.36.194:26489?addrs=54.193.36.194-26489>
    DAG Node: clean_up_local_level_8_0
    pool:local
...
001 (1161.000.000) 11/06 09:19:25 Job executing on host: <54.193.36.194:18704?addrs=54.193.36.194-18704>
...
000 (1162.000.000) 11/06 09:19:25 Job submitted from host: <54.193.36.194:26489?addrs=54.193.36.194-26489>
    DAG Node: analysisevent_0_ID0000009
    pool:condorpool
...
001 (1162.000.000) 11/06 09:19:26 Job executing on host: <54.200.57.163:59896?addrs=54.200.57.163-59896&noUDP>
...
006 (1162.000.000) 11/06 09:19:27 Image size of job updated: 2
	0  -  MemoryUsage of job (MB)
	0  -  ResidentSetSize of job (KB)
...
005 (1162.000.000) 11/06 09:19:27 Job terminated.
	(1) Normal termination (return value 0)
		Usr 0 00:00:00, Sys 0 00:00:00  -  Run Remote Usage
		Usr 0 00:00:00, Sys 0 00:00:00  -  Run Local Usage
		Usr 0 00:00:00, Sys 0 00:00:00  -  Total Remote Usage
		Usr 0 00:00:00, Sys 0 00:00:00  -  Total Local Usage
	5935  -  Run Bytes Sent By Job
	3169437  -  Run Bytes Received By Job
	5935  -  Total Bytes Sent By Job
	3169437  -  Total Bytes Received By Job
	Partitionable Resources :    Usage  Request Allocated
	   Cpus                 :                 1         1
	   Disk (KB)            :     6108     3250  27639196
	   Memory (MB)          :        0        1      3764
...
005 (1161.000.000) 11/06 09:19:30 Job terminated.
	(1) Normal termination (return value 0)
		Usr 0 00:00:00, Sys 0 00:00:00  -  Run Remote Usage
		Usr 0 00:00:00, Sys 0 00:00:00  -  Run Local Usage
		Usr 0 00:00:00, Sys 0 00:00:00  -  Total Remote Usage
		Usr 0 00:00:00, Sys 0 00:00:00  -  Total Local Usage
	0  -  Run Bytes Sent By Job
	0  -  Run Bytes Received By Job
	0  -  Total Bytes Sent By Job
	0  -  Total Bytes Received By Job
...
000 (1163.000.000) 11/06 09:19:40 Job submitted from host: <54.193.36.194:26489?addrs=54.193.36.194-26489>
    DAG Node: terminate_0_ID0000010
    pool:condorpool
...
000 (1164.000.000) 11/06 09:19:40 Job submitted from host: <54.193.36.194:26489?addrs=54.193.36.194-26489>
    DAG Node: clean_up_local_level_9_0
    pool:local
...
001 (1163.000.000) 11/06 09:19:40 Job executing on host: <54.200.57.163:59896?addrs=54.200.57.163-59896&noUDP>
...
006 (1163.000.000) 11/06 09:19:41 Image size of job updated: 2
	0  -  MemoryUsage of job (MB)
	0  -  ResidentSetSize of job (KB)
...
005 (1163.000.000) 11/06 09:19:41 Job terminated.
	(1) Normal termination (return value 0)
		Usr 0 00:00:00, Sys 0 00:00:00  -  Run Remote Usage
		Usr 0 00:00:00, Sys 0 00:00:00  -  Run Local Usage
		Usr 0 00:00:00, Sys 0 00:00:00  -  Total Remote Usage
		Usr 0 00:00:00, Sys 0 00:00:00  -  Total Local Usage
	4461  -  Run Bytes Sent By Job
	3167896  -  Run Bytes Received By Job
	4461  -  Total Bytes Sent By Job
	3167896  -  Total Bytes Received By Job
	Partitionable Resources :    Usage  Request Allocated
	   Cpus                 :                 1         1
	   Disk (KB)            :     6104     3250  27639196
	   Memory (MB)          :        0        1      3764
...
001 (1164.000.000) 11/06 09:19:45 Job executing on host: <54.193.36.194:6491?addrs=54.193.36.194-6491>
...
005 (1164.000.000) 11/06 09:19:49 Job terminated.
	(1) Normal termination (return value 0)
		Usr 0 00:00:00, Sys 0 00:00:00  -  Run Remote Usage
		Usr 0 00:00:00, Sys 0 00:00:00  -  Run Local Usage
		Usr 0 00:00:00, Sys 0 00:00:00  -  Total Remote Usage
		Usr 0 00:00:00, Sys 0 00:00:00  -  Total Local Usage
	0  -  Run Bytes Sent By Job
	0  -  Run Bytes Received By Job
	0  -  Total Bytes Sent By Job
	0  -  Total Bytes Received By Job
...
000 (1165.000.000) 11/06 09:19:55 Job submitted from host: <54.193.36.194:26489?addrs=54.193.36.194-26489>
    DAG Node: clean_up_local_level_10_0
    pool:local
...
001 (1165.000.000) 11/06 09:19:55 Job executing on host: <54.193.36.194:31115?addrs=54.193.36.194-31115>
...
005 (1165.000.000) 11/06 09:19:58 Job terminated.
	(1) Normal termination (return value 0)
		Usr 0 00:00:00, Sys 0 00:00:00  -  Run Remote Usage
		Usr 0 00:00:00, Sys 0 00:00:00  -  Run Local Usage
		Usr 0 00:00:00, Sys 0 00:00:00  -  Total Remote Usage
		Usr 0 00:00:00, Sys 0 00:00:00  -  Total Local Usage
	0  -  Run Bytes Sent By Job
	0  -  Run Bytes Received By Job
	0  -  Total Bytes Sent By Job
	0  -  Total Bytes Received By Job
...
000 (1166.000.000) 11/06 09:20:10 Job submitted from host: <54.193.36.194:26489?addrs=54.193.36.194-26489>
    DAG Node: cleanup_example_workflow_0_local
    pool:local
...
001 (1166.000.000) 11/06 09:20:10 Job executing on host: <54.193.36.194:38959?addrs=54.193.36.194-38959>
...
005 (1166.000.000) 11/06 09:20:12 Job terminated.
	(1) Normal termination (return value 0)
		Usr 0 00:00:00, Sys 0 00:00:00  -  Run Remote Usage
		Usr 0 00:00:00, Sys 0 00:00:00  -  Run Local Usage
		Usr 0 00:00:00, Sys 0 00:00:00  -  Total Remote Usage
		Usr 0 00:00:00, Sys 0 00:00:00  -  Total Local Usage
	0  -  Run Bytes Sent By Job
	0  -  Run Bytes Received By Job
	0  -  Total Bytes Sent By Job
	0  -  Total Bytes Received By Job
...
