000 (002.000.000) 10/24 14:27:25 Job submitted from host: <54.153.86.184:19665?addrs=54.153.86.184-19665>
    DAG Node: create_dir_example_workflow_0_local
    pool:local
...
001 (002.000.000) 10/24 14:27:26 Job executing on host: <54.153.86.184:50779?addrs=54.153.86.184-50779>
...
005 (002.000.000) 10/24 14:27:28 Job terminated.
	(1) Normal termination (return value 0)
		Usr 0 00:00:00, Sys 0 00:00:00  -  Run Remote Usage
		Usr 0 00:00:00, Sys 0 00:00:00  -  Run Local Usage
		Usr 0 00:00:00, Sys 0 00:00:00  -  Total Remote Usage
		Usr 0 00:00:00, Sys 0 00:00:00  -  Total Local Usage
	0  -  Run Bytes Sent By Job
	0  -  Run Bytes Received By Job
	0  -  Total Bytes Sent By Job
	0  -  Total Bytes Received By Job
...
016 (002.000.000) 10/24 14:27:30 POST Script terminated.
	(1) Normal termination (return value 0)
    DAG Node: create_dir_example_workflow_0_local
...
000 (003.000.000) 10/24 14:27:40 Job submitted from host: <54.153.86.184:19665?addrs=54.153.86.184-19665>
    DAG Node: stage_in_local_local_0_0
    pool:local
...
001 (003.000.000) 10/24 14:27:40 Job executing on host: <54.153.86.184:8009?addrs=54.153.86.184-8009>
...
000 (004.000.000) 10/24 14:27:40 Job submitted from host: <54.153.86.184:19665?addrs=54.153.86.184-19665>
    DAG Node: stage_in_local_local_6_0
    pool:local
...
000 (005.000.000) 10/24 14:27:40 Job submitted from host: <54.153.86.184:19665?addrs=54.153.86.184-19665>
    DAG Node: stage_in_remote_local_2_1
    pool:local
...
000 (006.000.000) 10/24 14:27:41 Job submitted from host: <54.153.86.184:19665?addrs=54.153.86.184-19665>
    DAG Node: stage_in_remote_local_5_0
    pool:local
...
000 (007.000.000) 10/24 14:27:41 Job submitted from host: <54.153.86.184:19665?addrs=54.153.86.184-19665>
    DAG Node: stage_in_local_local_2_0
    pool:local
...
005 (003.000.000) 10/24 14:27:43 Job terminated.
	(1) Normal termination (return value 0)
		Usr 0 00:00:00, Sys 0 00:00:00  -  Run Remote Usage
		Usr 0 00:00:00, Sys 0 00:00:00  -  Run Local Usage
		Usr 0 00:00:00, Sys 0 00:00:00  -  Total Remote Usage
		Usr 0 00:00:00, Sys 0 00:00:00  -  Total Local Usage
	0  -  Run Bytes Sent By Job
	0  -  Run Bytes Received By Job
	0  -  Total Bytes Sent By Job
	0  -  Total Bytes Received By Job
...
001 (006.000.000) 10/24 14:27:43 Job executing on host: <54.153.86.184:50712?addrs=54.153.86.184-50712>
...
001 (005.000.000) 10/24 14:27:43 Job executing on host: <54.153.86.184:28260?addrs=54.153.86.184-28260>
...
001 (004.000.000) 10/24 14:27:43 Job executing on host: <54.153.86.184:57094?addrs=54.153.86.184-57094>
...
001 (007.000.000) 10/24 14:27:43 Job executing on host: <54.153.86.184:23624?addrs=54.153.86.184-23624>
...
005 (006.000.000) 10/24 14:27:45 Job terminated.
	(1) Normal termination (return value 0)
		Usr 0 00:00:00, Sys 0 00:00:00  -  Run Remote Usage
		Usr 0 00:00:00, Sys 0 00:00:00  -  Run Local Usage
		Usr 0 00:00:00, Sys 0 00:00:00  -  Total Remote Usage
		Usr 0 00:00:00, Sys 0 00:00:00  -  Total Local Usage
	0  -  Run Bytes Sent By Job
	0  -  Run Bytes Received By Job
	0  -  Total Bytes Sent By Job
	0  -  Total Bytes Received By Job
...
005 (005.000.000) 10/24 14:27:45 Job terminated.
	(1) Normal termination (return value 0)
		Usr 0 00:00:00, Sys 0 00:00:00  -  Run Remote Usage
		Usr 0 00:00:00, Sys 0 00:00:00  -  Run Local Usage
		Usr 0 00:00:00, Sys 0 00:00:00  -  Total Remote Usage
		Usr 0 00:00:00, Sys 0 00:00:00  -  Total Local Usage
	0  -  Run Bytes Sent By Job
	0  -  Run Bytes Received By Job
	0  -  Total Bytes Sent By Job
	0  -  Total Bytes Received By Job
...
005 (004.000.000) 10/24 14:27:45 Job terminated.
	(1) Normal termination (return value 0)
		Usr 0 00:00:00, Sys 0 00:00:00  -  Run Remote Usage
		Usr 0 00:00:00, Sys 0 00:00:00  -  Run Local Usage
		Usr 0 00:00:00, Sys 0 00:00:00  -  Total Remote Usage
		Usr 0 00:00:00, Sys 0 00:00:00  -  Total Local Usage
	0  -  Run Bytes Sent By Job
	0  -  Run Bytes Received By Job
	0  -  Total Bytes Sent By Job
	0  -  Total Bytes Received By Job
...
000 (008.000.000) 10/24 14:27:46 Job submitted from host: <54.153.86.184:19665?addrs=54.153.86.184-19665>
    DAG Node: stage_in_local_local_2_1
    pool:local
...
000 (009.000.000) 10/24 14:27:46 Job submitted from host: <54.153.86.184:19665?addrs=54.153.86.184-19665>
    DAG Node: stage_in_remote_local_1_0
    pool:local
...
000 (010.000.000) 10/24 14:27:46 Job submitted from host: <54.153.86.184:19665?addrs=54.153.86.184-19665>
    DAG Node: stage_in_local_local_3_0
    pool:local
...
000 (011.000.000) 10/24 14:27:46 Job submitted from host: <54.153.86.184:19665?addrs=54.153.86.184-19665>
    DAG Node: stage_in_local_local_5_0
    pool:local
...
000 (012.000.000) 10/24 14:27:46 Job submitted from host: <54.153.86.184:19665?addrs=54.153.86.184-19665>
    DAG Node: stage_in_local_local_4_0
    pool:local
...
016 (003.000.000) 10/24 14:27:46 POST Script terminated.
	(1) Normal termination (return value 0)
    DAG Node: stage_in_local_local_0_0
...
016 (004.000.000) 10/24 14:27:46 POST Script terminated.
	(1) Normal termination (return value 0)
    DAG Node: stage_in_local_local_6_0
...
016 (005.000.000) 10/24 14:27:46 POST Script terminated.
	(1) Normal termination (return value 0)
    DAG Node: stage_in_remote_local_2_1
...
016 (006.000.000) 10/24 14:27:46 POST Script terminated.
	(1) Normal termination (return value 0)
    DAG Node: stage_in_remote_local_5_0
...
005 (007.000.000) 10/24 14:27:47 Job terminated.
	(1) Normal termination (return value 0)
		Usr 0 00:00:00, Sys 0 00:00:00  -  Run Remote Usage
		Usr 0 00:00:00, Sys 0 00:00:00  -  Run Local Usage
		Usr 0 00:00:00, Sys 0 00:00:00  -  Total Remote Usage
		Usr 0 00:00:00, Sys 0 00:00:00  -  Total Local Usage
	0  -  Run Bytes Sent By Job
	0  -  Run Bytes Received By Job
	0  -  Total Bytes Sent By Job
	0  -  Total Bytes Received By Job
...
001 (009.000.000) 10/24 14:27:47 Job executing on host: <54.153.86.184:62284?addrs=54.153.86.184-62284>
...
001 (012.000.000) 10/24 14:27:47 Job executing on host: <54.153.86.184:51634?addrs=54.153.86.184-51634>
...
001 (008.000.000) 10/24 14:27:47 Job executing on host: <54.153.86.184:4836?addrs=54.153.86.184-4836>
...
001 (011.000.000) 10/24 14:27:48 Job executing on host: <54.153.86.184:24331?addrs=54.153.86.184-24331>
...
001 (010.000.000) 10/24 14:27:48 Job executing on host: <54.153.86.184:1986?addrs=54.153.86.184-1986>
...
005 (008.000.000) 10/24 14:27:50 Job terminated.
	(1) Normal termination (return value 0)
		Usr 0 00:00:00, Sys 0 00:00:00  -  Run Remote Usage
		Usr 0 00:00:00, Sys 0 00:00:00  -  Run Local Usage
		Usr 0 00:00:00, Sys 0 00:00:00  -  Total Remote Usage
		Usr 0 00:00:00, Sys 0 00:00:00  -  Total Local Usage
	0  -  Run Bytes Sent By Job
	0  -  Run Bytes Received By Job
	0  -  Total Bytes Sent By Job
	0  -  Total Bytes Received By Job
...
005 (011.000.000) 10/24 14:27:50 Job terminated.
	(1) Normal termination (return value 0)
		Usr 0 00:00:00, Sys 0 00:00:00  -  Run Remote Usage
		Usr 0 00:00:00, Sys 0 00:00:00  -  Run Local Usage
		Usr 0 00:00:00, Sys 0 00:00:00  -  Total Remote Usage
		Usr 0 00:00:00, Sys 0 00:00:00  -  Total Local Usage
	0  -  Run Bytes Sent By Job
	0  -  Run Bytes Received By Job
	0  -  Total Bytes Sent By Job
	0  -  Total Bytes Received By Job
...
005 (009.000.000) 10/24 14:27:50 Job terminated.
	(1) Normal termination (return value 0)
		Usr 0 00:00:00, Sys 0 00:00:00  -  Run Remote Usage
		Usr 0 00:00:00, Sys 0 00:00:00  -  Run Local Usage
		Usr 0 00:00:00, Sys 0 00:00:00  -  Total Remote Usage
		Usr 0 00:00:00, Sys 0 00:00:00  -  Total Local Usage
	0  -  Run Bytes Sent By Job
	0  -  Run Bytes Received By Job
	0  -  Total Bytes Sent By Job
	0  -  Total Bytes Received By Job
...
005 (012.000.000) 10/24 14:27:50 Job terminated.
	(1) Normal termination (return value 0)
		Usr 0 00:00:00, Sys 0 00:00:00  -  Run Remote Usage
		Usr 0 00:00:00, Sys 0 00:00:00  -  Run Local Usage
		Usr 0 00:00:00, Sys 0 00:00:00  -  Total Remote Usage
		Usr 0 00:00:00, Sys 0 00:00:00  -  Total Local Usage
	0  -  Run Bytes Sent By Job
	0  -  Run Bytes Received By Job
	0  -  Total Bytes Sent By Job
	0  -  Total Bytes Received By Job
...
005 (010.000.000) 10/24 14:27:50 Job terminated.
	(1) Normal termination (return value 0)
		Usr 0 00:00:00, Sys 0 00:00:00  -  Run Remote Usage
		Usr 0 00:00:00, Sys 0 00:00:00  -  Run Local Usage
		Usr 0 00:00:00, Sys 0 00:00:00  -  Total Remote Usage
		Usr 0 00:00:00, Sys 0 00:00:00  -  Total Local Usage
	0  -  Run Bytes Sent By Job
	0  -  Run Bytes Received By Job
	0  -  Total Bytes Sent By Job
	0  -  Total Bytes Received By Job
...
000 (013.000.000) 10/24 14:27:52 Job submitted from host: <54.153.86.184:19665?addrs=54.153.86.184-19665>
    DAG Node: stage_in_local_local_7_0
    pool:local
...
000 (014.000.000) 10/24 14:27:52 Job submitted from host: <54.153.86.184:19665?addrs=54.153.86.184-19665>
    DAG Node: stage_in_local_local_1_0
    pool:local
...
000 (015.000.000) 10/24 14:27:52 Job submitted from host: <54.153.86.184:19665?addrs=54.153.86.184-19665>
    DAG Node: stage_in_remote_local_4_1
    pool:local
...
000 (016.000.000) 10/24 14:27:52 Job submitted from host: <54.153.86.184:19665?addrs=54.153.86.184-19665>
    DAG Node: stage_in_remote_local_4_0
    pool:local
...
000 (017.000.000) 10/24 14:27:52 Job submitted from host: <54.153.86.184:19665?addrs=54.153.86.184-19665>
    DAG Node: stage_in_remote_local_2_0
    pool:local
...
016 (010.000.000) 10/24 14:27:52 POST Script terminated.
	(1) Normal termination (return value 0)
    DAG Node: stage_in_local_local_3_0
...
016 (007.000.000) 10/24 14:27:52 POST Script terminated.
	(1) Normal termination (return value 0)
    DAG Node: stage_in_local_local_2_0
...
016 (008.000.000) 10/24 14:27:52 POST Script terminated.
	(1) Normal termination (return value 0)
    DAG Node: stage_in_local_local_2_1
...
016 (011.000.000) 10/24 14:27:52 POST Script terminated.
	(1) Normal termination (return value 0)
    DAG Node: stage_in_local_local_5_0
...
016 (009.000.000) 10/24 14:27:52 POST Script terminated.
	(1) Normal termination (return value 0)
    DAG Node: stage_in_remote_local_1_0
...
016 (012.000.000) 10/24 14:27:52 POST Script terminated.
	(1) Normal termination (return value 0)
    DAG Node: stage_in_local_local_4_0
...
001 (015.000.000) 10/24 14:27:57 Job executing on host: <54.153.86.184:16790?addrs=54.153.86.184-16790>
...
001 (014.000.000) 10/24 14:27:57 Job executing on host: <54.153.86.184:2466?addrs=54.153.86.184-2466>
...
001 (017.000.000) 10/24 14:27:57 Job executing on host: <54.153.86.184:59761?addrs=54.153.86.184-59761>
...
001 (013.000.000) 10/24 14:27:57 Job executing on host: <54.153.86.184:2534?addrs=54.153.86.184-2534>
...
001 (016.000.000) 10/24 14:27:57 Job executing on host: <54.153.86.184:57033?addrs=54.153.86.184-57033>
...
000 (018.000.000) 10/24 14:27:58 Job submitted from host: <54.153.86.184:19665?addrs=54.153.86.184-19665>
    DAG Node: stage_in_remote_local_3_1
    pool:local
...
000 (019.000.000) 10/24 14:27:58 Job submitted from host: <54.153.86.184:19665?addrs=54.153.86.184-19665>
    DAG Node: stage_in_remote_local_3_0
    pool:local
...
000 (020.000.000) 10/24 14:27:58 Job submitted from host: <54.153.86.184:19665?addrs=54.153.86.184-19665>
    DAG Node: stage_in_remote_local_6_0
    pool:local
...
000 (021.000.000) 10/24 14:27:58 Job submitted from host: <54.153.86.184:19665?addrs=54.153.86.184-19665>
    DAG Node: init_0_ID0000001
    pool:condorpool
...
005 (014.000.000) 10/24 14:27:59 Job terminated.
	(1) Normal termination (return value 0)
		Usr 0 00:00:00, Sys 0 00:00:00  -  Run Remote Usage
		Usr 0 00:00:00, Sys 0 00:00:00  -  Run Local Usage
		Usr 0 00:00:00, Sys 0 00:00:00  -  Total Remote Usage
		Usr 0 00:00:00, Sys 0 00:00:00  -  Total Local Usage
	0  -  Run Bytes Sent By Job
	0  -  Run Bytes Received By Job
	0  -  Total Bytes Sent By Job
	0  -  Total Bytes Received By Job
...
001 (019.000.000) 10/24 14:28:00 Job executing on host: <54.153.86.184:62980?addrs=54.153.86.184-62980>
...
001 (018.000.000) 10/24 14:28:00 Job executing on host: <54.153.86.184:28369?addrs=54.153.86.184-28369>
...
001 (020.000.000) 10/24 14:28:00 Job executing on host: <54.153.86.184:3708?addrs=54.153.86.184-3708>
...
005 (015.000.000) 10/24 14:28:00 Job terminated.
	(1) Normal termination (return value 0)
		Usr 0 00:00:00, Sys 0 00:00:00  -  Run Remote Usage
		Usr 0 00:00:00, Sys 0 00:00:00  -  Run Local Usage
		Usr 0 00:00:00, Sys 0 00:00:00  -  Total Remote Usage
		Usr 0 00:00:00, Sys 0 00:00:00  -  Total Local Usage
	0  -  Run Bytes Sent By Job
	0  -  Run Bytes Received By Job
	0  -  Total Bytes Sent By Job
	0  -  Total Bytes Received By Job
...
005 (013.000.000) 10/24 14:28:00 Job terminated.
	(1) Normal termination (return value 0)
		Usr 0 00:00:00, Sys 0 00:00:00  -  Run Remote Usage
		Usr 0 00:00:00, Sys 0 00:00:00  -  Run Local Usage
		Usr 0 00:00:00, Sys 0 00:00:00  -  Total Remote Usage
		Usr 0 00:00:00, Sys 0 00:00:00  -  Total Local Usage
	0  -  Run Bytes Sent By Job
	0  -  Run Bytes Received By Job
	0  -  Total Bytes Sent By Job
	0  -  Total Bytes Received By Job
...
005 (017.000.000) 10/24 14:28:02 Job terminated.
	(1) Normal termination (return value 0)
		Usr 0 00:00:00, Sys 0 00:00:00  -  Run Remote Usage
		Usr 0 00:00:00, Sys 0 00:00:00  -  Run Local Usage
		Usr 0 00:00:00, Sys 0 00:00:00  -  Total Remote Usage
		Usr 0 00:00:00, Sys 0 00:00:00  -  Total Local Usage
	0  -  Run Bytes Sent By Job
	0  -  Run Bytes Received By Job
	0  -  Total Bytes Sent By Job
	0  -  Total Bytes Received By Job
...
005 (016.000.000) 10/24 14:28:02 Job terminated.
	(1) Normal termination (return value 0)
		Usr 0 00:00:00, Sys 0 00:00:00  -  Run Remote Usage
		Usr 0 00:00:00, Sys 0 00:00:00  -  Run Local Usage
		Usr 0 00:00:00, Sys 0 00:00:00  -  Total Remote Usage
		Usr 0 00:00:00, Sys 0 00:00:00  -  Total Local Usage
	0  -  Run Bytes Sent By Job
	0  -  Run Bytes Received By Job
	0  -  Total Bytes Sent By Job
	0  -  Total Bytes Received By Job
...
005 (020.000.000) 10/24 14:28:02 Job terminated.
	(1) Normal termination (return value 0)
		Usr 0 00:00:00, Sys 0 00:00:00  -  Run Remote Usage
		Usr 0 00:00:00, Sys 0 00:00:00  -  Run Local Usage
		Usr 0 00:00:00, Sys 0 00:00:00  -  Total Remote Usage
		Usr 0 00:00:00, Sys 0 00:00:00  -  Total Local Usage
	0  -  Run Bytes Sent By Job
	0  -  Run Bytes Received By Job
	0  -  Total Bytes Sent By Job
	0  -  Total Bytes Received By Job
...
005 (018.000.000) 10/24 14:28:02 Job terminated.
	(1) Normal termination (return value 0)
		Usr 0 00:00:00, Sys 0 00:00:00  -  Run Remote Usage
		Usr 0 00:00:00, Sys 0 00:00:00  -  Run Local Usage
		Usr 0 00:00:00, Sys 0 00:00:00  -  Total Remote Usage
		Usr 0 00:00:00, Sys 0 00:00:00  -  Total Local Usage
	0  -  Run Bytes Sent By Job
	0  -  Run Bytes Received By Job
	0  -  Total Bytes Sent By Job
	0  -  Total Bytes Received By Job
...
016 (013.000.000) 10/24 14:28:04 POST Script terminated.
	(1) Normal termination (return value 0)
    DAG Node: stage_in_local_local_7_0
...
016 (015.000.000) 10/24 14:28:04 POST Script terminated.
	(1) Normal termination (return value 0)
    DAG Node: stage_in_remote_local_4_1
...
016 (014.000.000) 10/24 14:28:04 POST Script terminated.
	(1) Normal termination (return value 0)
    DAG Node: stage_in_local_local_1_0
...
016 (017.000.000) 10/24 14:28:04 POST Script terminated.
	(1) Normal termination (return value 0)
    DAG Node: stage_in_remote_local_2_0
...
016 (018.000.000) 10/24 14:28:04 POST Script terminated.
	(1) Normal termination (return value 0)
    DAG Node: stage_in_remote_local_3_1
...
016 (016.000.000) 10/24 14:28:04 POST Script terminated.
	(1) Normal termination (return value 0)
    DAG Node: stage_in_remote_local_4_0
...
016 (020.000.000) 10/24 14:28:04 POST Script terminated.
	(1) Normal termination (return value 0)
    DAG Node: stage_in_remote_local_6_0
...
005 (019.000.000) 10/24 14:28:04 Job terminated.
	(1) Normal termination (return value 0)
		Usr 0 00:00:00, Sys 0 00:00:00  -  Run Remote Usage
		Usr 0 00:00:00, Sys 0 00:00:00  -  Run Local Usage
		Usr 0 00:00:00, Sys 0 00:00:00  -  Total Remote Usage
		Usr 0 00:00:00, Sys 0 00:00:00  -  Total Local Usage
	0  -  Run Bytes Sent By Job
	0  -  Run Bytes Received By Job
	0  -  Total Bytes Sent By Job
	0  -  Total Bytes Received By Job
...
001 (021.000.000) 10/24 14:28:05 Job executing on host: <54.186.11.128:14421?addrs=54.186.11.128-14421&noUDP>
...
016 (019.000.000) 10/24 14:28:08 POST Script terminated.
	(1) Normal termination (return value 0)
    DAG Node: stage_in_remote_local_3_0
...
005 (021.000.000) 10/24 14:28:50 Job terminated.
	(1) Normal termination (return value 0)
		Usr 0 00:00:00, Sys 0 00:00:00  -  Run Remote Usage
		Usr 0 00:00:00, Sys 0 00:00:00  -  Run Local Usage
		Usr 0 00:00:00, Sys 0 00:00:00  -  Total Remote Usage
		Usr 0 00:00:00, Sys 0 00:00:00  -  Total Local Usage
	4445  -  Run Bytes Sent By Job
	3169847  -  Run Bytes Received By Job
	4445  -  Total Bytes Sent By Job
	3169847  -  Total Bytes Received By Job
	Partitionable Resources :    Usage  Request Allocated
	   Cpus                 :                 1         1
	   Disk (KB)            :     6105     3250  27736600
	   Memory (MB)          :        2        1      3764
...
016 (021.000.000) 10/24 14:28:53 POST Script terminated.
	(1) Normal termination (return value 0)
    DAG Node: init_0_ID0000001
...
000 (022.000.000) 10/24 14:29:03 Job submitted from host: <54.153.86.184:19665?addrs=54.153.86.184-19665>
    DAG Node: clean_up_local_level_3_0
    pool:local
...
001 (022.000.000) 10/24 14:29:03 Job executing on host: <54.153.86.184:39675?addrs=54.153.86.184-39675>
...
000 (023.000.000) 10/24 14:29:03 Job submitted from host: <54.153.86.184:19665?addrs=54.153.86.184-19665>
    DAG Node: generalinfo_0_ID0000002
    pool:condorpool
...
001 (023.000.000) 10/24 14:29:04 Job executing on host: <54.186.11.128:14421?addrs=54.186.11.128-14421&noUDP>
...
005 (022.000.000) 10/24 14:29:05 Job terminated.
	(1) Normal termination (return value 0)
		Usr 0 00:00:00, Sys 0 00:00:00  -  Run Remote Usage
		Usr 0 00:00:00, Sys 0 00:00:00  -  Run Local Usage
		Usr 0 00:00:00, Sys 0 00:00:00  -  Total Remote Usage
		Usr 0 00:00:00, Sys 0 00:00:00  -  Total Local Usage
	0  -  Run Bytes Sent By Job
	0  -  Run Bytes Received By Job
	0  -  Total Bytes Sent By Job
	0  -  Total Bytes Received By Job
...
016 (022.000.000) 10/24 14:29:08 POST Script terminated.
	(1) Normal termination (return value 0)
    DAG Node: clean_up_local_level_3_0
...
005 (023.000.000) 10/24 14:33:13 Job terminated.
	(1) Normal termination (return value 0)
		Usr 0 00:03:16, Sys 0 00:00:02  -  Run Remote Usage
		Usr 0 00:00:00, Sys 0 00:00:00  -  Run Local Usage
		Usr 0 00:03:16, Sys 0 00:00:02  -  Total Remote Usage
		Usr 0 00:00:00, Sys 0 00:00:00  -  Total Local Usage
	5260  -  Run Bytes Sent By Job
	3168855  -  Run Bytes Received By Job
	5260  -  Total Bytes Sent By Job
	3168855  -  Total Bytes Received By Job
	Partitionable Resources :    Usage  Request Allocated
	   Cpus                 :                 1         1
	   Disk (KB)            :     6106     3250  27736600
	   Memory (MB)          :       16        1      3764
...
016 (023.000.000) 10/24 14:33:14 POST Script terminated.
	(1) Normal termination (return value 0)
    DAG Node: generalinfo_0_ID0000002
...
000 (024.000.000) 10/24 14:33:24 Job submitted from host: <54.153.86.184:19665?addrs=54.153.86.184-19665>
    DAG Node: clean_up_local_level_4_0
    pool:local
...
000 (025.000.000) 10/24 14:33:24 Job submitted from host: <54.153.86.184:19665?addrs=54.153.86.184-19665>
    DAG Node: statscpumemory_0_ID0000003
    pool:condorpool
...
001 (024.000.000) 10/24 14:33:24 Job executing on host: <54.153.86.184:55880?addrs=54.153.86.184-55880>
...
000 (026.000.000) 10/24 14:33:24 Job submitted from host: <54.153.86.184:19665?addrs=54.153.86.184-19665>
    DAG Node: medianmemory_0_ID0000005
    pool:condorpool
...
000 (027.000.000) 10/24 14:33:24 Job submitted from host: <54.153.86.184:19665?addrs=54.153.86.184-19665>
    DAG Node: mediancpu_0_ID0000004
    pool:condorpool
...
001 (025.000.000) 10/24 14:33:25 Job executing on host: <54.186.11.128:14421?addrs=54.186.11.128-14421&noUDP>
...
005 (024.000.000) 10/24 14:33:28 Job terminated.
	(1) Normal termination (return value 0)
		Usr 0 00:00:00, Sys 0 00:00:00  -  Run Remote Usage
		Usr 0 00:00:00, Sys 0 00:00:00  -  Run Local Usage
		Usr 0 00:00:00, Sys 0 00:00:00  -  Total Remote Usage
		Usr 0 00:00:00, Sys 0 00:00:00  -  Total Local Usage
	0  -  Run Bytes Sent By Job
	0  -  Run Bytes Received By Job
	0  -  Total Bytes Sent By Job
	0  -  Total Bytes Received By Job
...
016 (024.000.000) 10/24 14:33:29 POST Script terminated.
	(1) Normal termination (return value 0)
    DAG Node: clean_up_local_level_4_0
...
001 (027.000.000) 10/24 14:33:45 Job executing on host: <54.201.207.181:39788?addrs=54.201.207.181-39788&noUDP>
...
001 (026.000.000) 10/24 14:33:45 Job executing on host: <54.245.40.251:53544?addrs=54.245.40.251-53544&noUDP>
...
005 (025.000.000) 10/24 14:42:36 Job terminated.
	(1) Normal termination (return value 0)
		Usr 0 00:07:15, Sys 0 00:00:05  -  Run Remote Usage
		Usr 0 00:00:00, Sys 0 00:00:00  -  Run Local Usage
		Usr 0 00:07:15, Sys 0 00:00:05  -  Total Remote Usage
		Usr 0 00:00:00, Sys 0 00:00:00  -  Total Local Usage
	5661  -  Run Bytes Sent By Job
	3171027  -  Run Bytes Received By Job
	5661  -  Total Bytes Sent By Job
	3171027  -  Total Bytes Received By Job
	Partitionable Resources :    Usage  Request Allocated
	   Cpus                 :                 1         1
	   Disk (KB)            :     6109     3250  27736600
	   Memory (MB)          :      102        1      3764
...
016 (025.000.000) 10/24 14:42:40 POST Script terminated.
	(1) Normal termination (return value 0)
    DAG Node: statscpumemory_0_ID0000003
...
005 (027.000.000) 10/24 14:42:48 Job terminated.
	(1) Normal termination (return value 0)
		Usr 0 00:07:30, Sys 0 00:00:06  -  Run Remote Usage
		Usr 0 00:00:00, Sys 0 00:00:00  -  Run Local Usage
		Usr 0 00:07:30, Sys 0 00:00:06  -  Total Remote Usage
		Usr 0 00:00:00, Sys 0 00:00:00  -  Total Local Usage
	381187  -  Run Bytes Sent By Job
	3168714  -  Run Bytes Received By Job
	381187  -  Total Bytes Sent By Job
	3168714  -  Total Bytes Received By Job
	Partitionable Resources :    Usage  Request Allocated
	   Cpus                 :                 1         1
	   Disk (KB)            :   391569     3250  27736600
	   Memory (MB)          :      158        1      3764
...
016 (027.000.000) 10/24 14:42:50 POST Script terminated.
	(1) Normal termination (return value 0)
    DAG Node: mediancpu_0_ID0000004
...
000 (028.000.000) 10/24 14:43:00 Job submitted from host: <54.153.86.184:19665?addrs=54.153.86.184-19665>
    DAG Node: clean_up_local_level_5_1
    pool:local
...
001 (028.000.000) 10/24 14:43:01 Job executing on host: <54.153.86.184:64913?addrs=54.153.86.184-64913>
...
005 (028.000.000) 10/24 14:43:05 Job terminated.
	(1) Normal termination (return value 0)
		Usr 0 00:00:00, Sys 0 00:00:00  -  Run Remote Usage
		Usr 0 00:00:00, Sys 0 00:00:00  -  Run Local Usage
		Usr 0 00:00:00, Sys 0 00:00:00  -  Total Remote Usage
		Usr 0 00:00:00, Sys 0 00:00:00  -  Total Local Usage
	0  -  Run Bytes Sent By Job
	0  -  Run Bytes Received By Job
	0  -  Total Bytes Sent By Job
	0  -  Total Bytes Received By Job
...
016 (028.000.000) 10/24 14:43:06 POST Script terminated.
	(1) Normal termination (return value 0)
    DAG Node: clean_up_local_level_5_1
...
005 (026.000.000) 10/24 14:43:14 Job terminated.
	(1) Normal termination (return value 0)
		Usr 0 00:07:46, Sys 0 00:00:06  -  Run Remote Usage
		Usr 0 00:00:00, Sys 0 00:00:00  -  Run Local Usage
		Usr 0 00:07:46, Sys 0 00:00:06  -  Total Remote Usage
		Usr 0 00:00:00, Sys 0 00:00:00  -  Total Local Usage
	378622  -  Run Bytes Sent By Job
	3168750  -  Run Bytes Received By Job
	378622  -  Total Bytes Sent By Job
	3168750  -  Total Bytes Received By Job
	Partitionable Resources :    Usage  Request Allocated
	   Cpus                 :                 1         1
	   Disk (KB)            :   383585     3250  27736676
	   Memory (MB)          :      125        1      3764
...
016 (026.000.000) 10/24 14:43:15 POST Script terminated.
	(1) Normal termination (return value 0)
    DAG Node: medianmemory_0_ID0000005
...
000 (029.000.000) 10/24 14:43:25 Job submitted from host: <54.153.86.184:19665?addrs=54.153.86.184-19665>
    DAG Node: clean_up_local_level_5_0
    pool:local
...
001 (029.000.000) 10/24 14:43:25 Job executing on host: <54.153.86.184:6342?addrs=54.153.86.184-6342>
...
000 (030.000.000) 10/24 14:43:25 Job submitted from host: <54.153.86.184:19665?addrs=54.153.86.184-19665>
    DAG Node: taskevent_0_ID0000006
    pool:condorpool
...
001 (030.000.000) 10/24 14:43:26 Job executing on host: <54.245.40.251:53544?addrs=54.245.40.251-53544&noUDP>
...
005 (029.000.000) 10/24 14:43:33 Job terminated.
	(1) Normal termination (return value 0)
		Usr 0 00:00:00, Sys 0 00:00:00  -  Run Remote Usage
		Usr 0 00:00:00, Sys 0 00:00:00  -  Run Local Usage
		Usr 0 00:00:00, Sys 0 00:00:00  -  Total Remote Usage
		Usr 0 00:00:00, Sys 0 00:00:00  -  Total Local Usage
	0  -  Run Bytes Sent By Job
	0  -  Run Bytes Received By Job
	0  -  Total Bytes Sent By Job
	0  -  Total Bytes Received By Job
...
016 (029.000.000) 10/24 14:43:35 POST Script terminated.
	(1) Normal termination (return value 0)
    DAG Node: clean_up_local_level_5_0
...
005 (030.000.000) 10/24 14:58:57 Job terminated.
	(1) Normal termination (return value 0)
		Usr 0 00:08:02, Sys 0 00:00:07  -  Run Remote Usage
		Usr 0 00:00:00, Sys 0 00:00:00  -  Run Local Usage
		Usr 0 00:08:02, Sys 0 00:00:07  -  Total Remote Usage
		Usr 0 00:00:00, Sys 0 00:00:00  -  Total Local Usage
	13167  -  Run Bytes Sent By Job
	3174920  -  Run Bytes Received By Job
	13167  -  Total Bytes Sent By Job
	3174920  -  Total Bytes Received By Job
	Partitionable Resources :    Usage  Request Allocated
	   Cpus                 :                 1         1
	   Disk (KB)            :     6122     3250  27736676
	   Memory (MB)          :      126        1      3764
...
016 (030.000.000) 10/24 14:59:01 POST Script terminated.
	(1) Normal termination (return value 0)
    DAG Node: taskevent_0_ID0000006
...
000 (031.000.000) 10/24 14:59:11 Job submitted from host: <54.153.86.184:19665?addrs=54.153.86.184-19665>
    DAG Node: clean_up_local_level_6_0
    pool:local
...
001 (031.000.000) 10/24 14:59:11 Job executing on host: <54.153.86.184:37763?addrs=54.153.86.184-37763>
...
000 (032.000.000) 10/24 14:59:11 Job submitted from host: <54.153.86.184:19665?addrs=54.153.86.184-19665>
    DAG Node: calculateratio_0_ID0000007
    pool:condorpool
...
005 (031.000.000) 10/24 14:59:19 Job terminated.
	(1) Normal termination (return value 0)
		Usr 0 00:00:00, Sys 0 00:00:00  -  Run Remote Usage
		Usr 0 00:00:00, Sys 0 00:00:00  -  Run Local Usage
		Usr 0 00:00:00, Sys 0 00:00:00  -  Total Remote Usage
		Usr 0 00:00:00, Sys 0 00:00:00  -  Total Local Usage
	0  -  Run Bytes Sent By Job
	0  -  Run Bytes Received By Job
	0  -  Total Bytes Sent By Job
	0  -  Total Bytes Received By Job
...
016 (031.000.000) 10/24 14:59:21 POST Script terminated.
	(1) Normal termination (return value 0)
    DAG Node: clean_up_local_level_6_0
...
001 (032.000.000) 10/24 14:59:31 Job executing on host: <54.186.11.128:14421?addrs=54.186.11.128-14421&noUDP>
...
005 (032.000.000) 10/24 15:15:28 Job terminated.
	(1) Normal termination (return value 0)
		Usr 0 00:06:54, Sys 0 00:00:14  -  Run Remote Usage
		Usr 0 00:00:00, Sys 0 00:00:00  -  Run Local Usage
		Usr 0 00:06:54, Sys 0 00:00:14  -  Total Remote Usage
		Usr 0 00:00:00, Sys 0 00:00:00  -  Total Local Usage
	360060  -  Run Bytes Sent By Job
	3173650  -  Run Bytes Received By Job
	360060  -  Total Bytes Sent By Job
	3173650  -  Total Bytes Received By Job
	Partitionable Resources :    Usage  Request Allocated
	   Cpus                 :                 1         1
	   Disk (KB)            :     6459     3250  27736492
	   Memory (MB)          :      151        1      3764
...
016 (032.000.000) 10/24 15:15:32 POST Script terminated.
	(1) Normal termination (return value 0)
    DAG Node: calculateratio_0_ID0000007
...
000 (033.000.000) 10/24 15:15:42 Job submitted from host: <54.153.86.184:19665?addrs=54.153.86.184-19665>
    DAG Node: clean_up_local_level_7_0
    pool:local
...
000 (034.000.000) 10/24 15:15:42 Job submitted from host: <54.153.86.184:19665?addrs=54.153.86.184-19665>
    DAG Node: averageratioevent_0_ID0000008
    pool:condorpool
...
001 (033.000.000) 10/24 15:15:42 Job executing on host: <54.153.86.184:38060?addrs=54.153.86.184-38060>
...
001 (034.000.000) 10/24 15:15:43 Job executing on host: <54.186.11.128:14421?addrs=54.186.11.128-14421&noUDP>
...
005 (033.000.000) 10/24 15:15:50 Job terminated.
	(1) Normal termination (return value 0)
		Usr 0 00:00:00, Sys 0 00:00:00  -  Run Remote Usage
		Usr 0 00:00:00, Sys 0 00:00:00  -  Run Local Usage
		Usr 0 00:00:00, Sys 0 00:00:00  -  Total Remote Usage
		Usr 0 00:00:00, Sys 0 00:00:00  -  Total Local Usage
	0  -  Run Bytes Sent By Job
	0  -  Run Bytes Received By Job
	0  -  Total Bytes Sent By Job
	0  -  Total Bytes Received By Job
...
016 (033.000.000) 10/24 15:15:52 POST Script terminated.
	(1) Normal termination (return value 0)
    DAG Node: clean_up_local_level_7_0
...
005 (034.000.000) 10/24 15:16:55 Job terminated.
	(1) Normal termination (return value 0)
		Usr 0 00:00:38, Sys 0 00:00:00  -  Run Remote Usage
		Usr 0 00:00:00, Sys 0 00:00:00  -  Run Local Usage
		Usr 0 00:00:38, Sys 0 00:00:00  -  Total Remote Usage
		Usr 0 00:00:00, Sys 0 00:00:00  -  Total Local Usage
	266686  -  Run Bytes Sent By Job
	3169650  -  Run Bytes Received By Job
	266686  -  Total Bytes Sent By Job
	3169650  -  Total Bytes Received By Job
	Partitionable Resources :    Usage  Request Allocated
	   Cpus                 :                 1         1
	   Disk (KB)            :     6679     3250  27736492
	   Memory (MB)          :        2        1      3764
...
016 (034.000.000) 10/24 15:16:58 POST Script terminated.
	(1) Normal termination (return value 0)
    DAG Node: averageratioevent_0_ID0000008
...
000 (035.000.000) 10/24 15:17:07 Job submitted from host: <54.153.86.184:19665?addrs=54.153.86.184-19665>
    DAG Node: clean_up_local_level_8_0
    pool:local
...
001 (035.000.000) 10/24 15:17:07 Job executing on host: <54.153.86.184:33574?addrs=54.153.86.184-33574>
...
000 (036.000.000) 10/24 15:17:07 Job submitted from host: <54.153.86.184:19665?addrs=54.153.86.184-19665>
    DAG Node: analysisevent_0_ID0000009
    pool:condorpool
...
001 (036.000.000) 10/24 15:17:07 Job executing on host: <54.186.11.128:14421?addrs=54.186.11.128-14421&noUDP>
...
005 (036.000.000) 10/24 15:17:08 Job terminated.
	(1) Normal termination (return value 0)
		Usr 0 00:00:00, Sys 0 00:00:00  -  Run Remote Usage
		Usr 0 00:00:00, Sys 0 00:00:00  -  Run Local Usage
		Usr 0 00:00:00, Sys 0 00:00:00  -  Total Remote Usage
		Usr 0 00:00:00, Sys 0 00:00:00  -  Total Local Usage
	5321  -  Run Bytes Sent By Job
	3169137  -  Run Bytes Received By Job
	5321  -  Total Bytes Sent By Job
	3169137  -  Total Bytes Received By Job
	Partitionable Resources :    Usage  Request Allocated
	   Cpus                 :                 1         1
	   Disk (KB)            :     6107     3250  27736492
	   Memory (MB)          :        0        1      3764
...
005 (035.000.000) 10/24 15:17:11 Job terminated.
	(1) Normal termination (return value 0)
		Usr 0 00:00:00, Sys 0 00:00:00  -  Run Remote Usage
		Usr 0 00:00:00, Sys 0 00:00:00  -  Run Local Usage
		Usr 0 00:00:00, Sys 0 00:00:00  -  Total Remote Usage
		Usr 0 00:00:00, Sys 0 00:00:00  -  Total Local Usage
	0  -  Run Bytes Sent By Job
	0  -  Run Bytes Received By Job
	0  -  Total Bytes Sent By Job
	0  -  Total Bytes Received By Job
...
016 (035.000.000) 10/24 15:17:12 POST Script terminated.
	(1) Normal termination (return value 0)
    DAG Node: clean_up_local_level_8_0
...
016 (036.000.000) 10/24 15:17:12 POST Script terminated.
	(1) Normal termination (return value 0)
    DAG Node: analysisevent_0_ID0000009
...
000 (037.000.000) 10/24 15:17:22 Job submitted from host: <54.153.86.184:19665?addrs=54.153.86.184-19665>
    DAG Node: terminate_0_ID0000010
    pool:condorpool
...
000 (038.000.000) 10/24 15:17:22 Job submitted from host: <54.153.86.184:19665?addrs=54.153.86.184-19665>
    DAG Node: clean_up_local_level_9_0
    pool:local
...
001 (037.000.000) 10/24 15:17:23 Job executing on host: <54.186.11.128:14421?addrs=54.186.11.128-14421&noUDP>
...
005 (037.000.000) 10/24 15:17:24 Job terminated.
	(1) Normal termination (return value 0)
		Usr 0 00:00:00, Sys 0 00:00:00  -  Run Remote Usage
		Usr 0 00:00:00, Sys 0 00:00:00  -  Run Local Usage
		Usr 0 00:00:00, Sys 0 00:00:00  -  Total Remote Usage
		Usr 0 00:00:00, Sys 0 00:00:00  -  Total Local Usage
	4449  -  Run Bytes Sent By Job
	3167596  -  Run Bytes Received By Job
	4449  -  Total Bytes Sent By Job
	3167596  -  Total Bytes Received By Job
	Partitionable Resources :    Usage  Request Allocated
	   Cpus                 :                 1         1
	   Disk (KB)            :     6103     3250  27736492
	   Memory (MB)          :        0        1      3764
...
016 (037.000.000) 10/24 15:17:27 POST Script terminated.
	(1) Normal termination (return value 0)
    DAG Node: terminate_0_ID0000010
...
001 (038.000.000) 10/24 15:17:28 Job executing on host: <54.153.86.184:62674?addrs=54.153.86.184-62674>
...
005 (038.000.000) 10/24 15:17:32 Job terminated.
	(1) Normal termination (return value 0)
		Usr 0 00:00:00, Sys 0 00:00:00  -  Run Remote Usage
		Usr 0 00:00:00, Sys 0 00:00:00  -  Run Local Usage
		Usr 0 00:00:00, Sys 0 00:00:00  -  Total Remote Usage
		Usr 0 00:00:00, Sys 0 00:00:00  -  Total Local Usage
	0  -  Run Bytes Sent By Job
	0  -  Run Bytes Received By Job
	0  -  Total Bytes Sent By Job
	0  -  Total Bytes Received By Job
...
000 (039.000.000) 10/24 15:17:37 Job submitted from host: <54.153.86.184:19665?addrs=54.153.86.184-19665>
    DAG Node: clean_up_local_level_10_0
    pool:local
...
001 (039.000.000) 10/24 15:17:38 Job executing on host: <54.153.86.184:20179?addrs=54.153.86.184-20179>
...
016 (038.000.000) 10/24 15:17:38 POST Script terminated.
	(1) Normal termination (return value 0)
    DAG Node: clean_up_local_level_9_0
...
005 (039.000.000) 10/24 15:17:40 Job terminated.
	(1) Normal termination (return value 0)
		Usr 0 00:00:00, Sys 0 00:00:00  -  Run Remote Usage
		Usr 0 00:00:00, Sys 0 00:00:00  -  Run Local Usage
		Usr 0 00:00:00, Sys 0 00:00:00  -  Total Remote Usage
		Usr 0 00:00:00, Sys 0 00:00:00  -  Total Local Usage
	0  -  Run Bytes Sent By Job
	0  -  Run Bytes Received By Job
	0  -  Total Bytes Sent By Job
	0  -  Total Bytes Received By Job
...
016 (039.000.000) 10/24 15:17:43 POST Script terminated.
	(1) Normal termination (return value 0)
    DAG Node: clean_up_local_level_10_0
...
000 (040.000.000) 10/24 15:17:53 Job submitted from host: <54.153.86.184:19665?addrs=54.153.86.184-19665>
    DAG Node: cleanup_example_workflow_0_local
    pool:local
...
001 (040.000.000) 10/24 15:17:53 Job executing on host: <54.153.86.184:7555?addrs=54.153.86.184-7555>
...
005 (040.000.000) 10/24 15:17:55 Job terminated.
	(1) Normal termination (return value 0)
		Usr 0 00:00:00, Sys 0 00:00:00  -  Run Remote Usage
		Usr 0 00:00:00, Sys 0 00:00:00  -  Run Local Usage
		Usr 0 00:00:00, Sys 0 00:00:00  -  Total Remote Usage
		Usr 0 00:00:00, Sys 0 00:00:00  -  Total Local Usage
	0  -  Run Bytes Sent By Job
	0  -  Run Bytes Received By Job
	0  -  Total Bytes Sent By Job
	0  -  Total Bytes Received By Job
...
