000 (587.000.000) 10/25 04:30:10 Job submitted from host: <54.153.86.184:19665?addrs=54.153.86.184-19665>
    DAG Node: create_dir_example_workflow_0_local
    pool:local
...
001 (587.000.000) 10/25 04:30:11 Job executing on host: <54.153.86.184:6813?addrs=54.153.86.184-6813>
...
005 (587.000.000) 10/25 04:30:13 Job terminated.
	(1) Normal termination (return value 0)
		Usr 0 00:00:00, Sys 0 00:00:00  -  Run Remote Usage
		Usr 0 00:00:00, Sys 0 00:00:00  -  Run Local Usage
		Usr 0 00:00:00, Sys 0 00:00:00  -  Total Remote Usage
		Usr 0 00:00:00, Sys 0 00:00:00  -  Total Local Usage
	0  -  Run Bytes Sent By Job
	0  -  Run Bytes Received By Job
	0  -  Total Bytes Sent By Job
	0  -  Total Bytes Received By Job
...
000 (588.000.000) 10/25 04:30:25 Job submitted from host: <54.153.86.184:19665?addrs=54.153.86.184-19665>
    DAG Node: stage_in_local_local_0_0
    pool:local
...
001 (588.000.000) 10/25 04:30:25 Job executing on host: <54.153.86.184:11851?addrs=54.153.86.184-11851>
...
000 (589.000.000) 10/25 04:30:25 Job submitted from host: <54.153.86.184:19665?addrs=54.153.86.184-19665>
    DAG Node: stage_in_local_local_6_0
    pool:local
...
000 (590.000.000) 10/25 04:30:25 Job submitted from host: <54.153.86.184:19665?addrs=54.153.86.184-19665>
    DAG Node: stage_in_remote_local_2_1
    pool:local
...
000 (591.000.000) 10/25 04:30:25 Job submitted from host: <54.153.86.184:19665?addrs=54.153.86.184-19665>
    DAG Node: stage_in_remote_local_5_0
    pool:local
...
000 (592.000.000) 10/25 04:30:25 Job submitted from host: <54.153.86.184:19665?addrs=54.153.86.184-19665>
    DAG Node: stage_in_local_local_2_0
    pool:local
...
005 (588.000.000) 10/25 04:30:27 Job terminated.
	(1) Normal termination (return value 0)
		Usr 0 00:00:00, Sys 0 00:00:00  -  Run Remote Usage
		Usr 0 00:00:00, Sys 0 00:00:00  -  Run Local Usage
		Usr 0 00:00:00, Sys 0 00:00:00  -  Total Remote Usage
		Usr 0 00:00:00, Sys 0 00:00:00  -  Total Local Usage
	0  -  Run Bytes Sent By Job
	0  -  Run Bytes Received By Job
	0  -  Total Bytes Sent By Job
	0  -  Total Bytes Received By Job
...
001 (589.000.000) 10/25 04:30:27 Job executing on host: <54.153.86.184:57050?addrs=54.153.86.184-57050>
...
001 (592.000.000) 10/25 04:30:27 Job executing on host: <54.153.86.184:43997?addrs=54.153.86.184-43997>
...
001 (591.000.000) 10/25 04:30:27 Job executing on host: <54.153.86.184:31030?addrs=54.153.86.184-31030>
...
001 (590.000.000) 10/25 04:30:27 Job executing on host: <54.153.86.184:38861?addrs=54.153.86.184-38861>
...
005 (590.000.000) 10/25 04:30:30 Job terminated.
	(1) Normal termination (return value 0)
		Usr 0 00:00:00, Sys 0 00:00:00  -  Run Remote Usage
		Usr 0 00:00:00, Sys 0 00:00:00  -  Run Local Usage
		Usr 0 00:00:00, Sys 0 00:00:00  -  Total Remote Usage
		Usr 0 00:00:00, Sys 0 00:00:00  -  Total Local Usage
	0  -  Run Bytes Sent By Job
	0  -  Run Bytes Received By Job
	0  -  Total Bytes Sent By Job
	0  -  Total Bytes Received By Job
...
005 (591.000.000) 10/25 04:30:30 Job terminated.
	(1) Normal termination (return value 0)
		Usr 0 00:00:00, Sys 0 00:00:00  -  Run Remote Usage
		Usr 0 00:00:00, Sys 0 00:00:00  -  Run Local Usage
		Usr 0 00:00:00, Sys 0 00:00:00  -  Total Remote Usage
		Usr 0 00:00:00, Sys 0 00:00:00  -  Total Local Usage
	0  -  Run Bytes Sent By Job
	0  -  Run Bytes Received By Job
	0  -  Total Bytes Sent By Job
	0  -  Total Bytes Received By Job
...
005 (589.000.000) 10/25 04:30:30 Job terminated.
	(1) Normal termination (return value 0)
		Usr 0 00:00:00, Sys 0 00:00:00  -  Run Remote Usage
		Usr 0 00:00:00, Sys 0 00:00:00  -  Run Local Usage
		Usr 0 00:00:00, Sys 0 00:00:00  -  Total Remote Usage
		Usr 0 00:00:00, Sys 0 00:00:00  -  Total Local Usage
	0  -  Run Bytes Sent By Job
	0  -  Run Bytes Received By Job
	0  -  Total Bytes Sent By Job
	0  -  Total Bytes Received By Job
...
000 (593.000.000) 10/25 04:30:30 Job submitted from host: <54.153.86.184:19665?addrs=54.153.86.184-19665>
    DAG Node: stage_in_local_local_2_1
    pool:local
...
001 (593.000.000) 10/25 04:30:30 Job executing on host: <54.153.86.184:9819?addrs=54.153.86.184-9819>
...
000 (594.000.000) 10/25 04:30:30 Job submitted from host: <54.153.86.184:19665?addrs=54.153.86.184-19665>
    DAG Node: stage_in_remote_local_1_0
    pool:local
...
000 (595.000.000) 10/25 04:30:30 Job submitted from host: <54.153.86.184:19665?addrs=54.153.86.184-19665>
    DAG Node: stage_in_local_local_3_0
    pool:local
...
001 (594.000.000) 10/25 04:30:30 Job executing on host: <54.153.86.184:49682?addrs=54.153.86.184-49682>
...
001 (595.000.000) 10/25 04:30:30 Job executing on host: <54.153.86.184:8315?addrs=54.153.86.184-8315>
...
000 (596.000.000) 10/25 04:30:30 Job submitted from host: <54.153.86.184:19665?addrs=54.153.86.184-19665>
    DAG Node: stage_in_local_local_5_0
    pool:local
...
000 (597.000.000) 10/25 04:30:31 Job submitted from host: <54.153.86.184:19665?addrs=54.153.86.184-19665>
    DAG Node: stage_in_local_local_4_0
    pool:local
...
005 (592.000.000) 10/25 04:30:32 Job terminated.
	(1) Normal termination (return value 0)
		Usr 0 00:00:00, Sys 0 00:00:00  -  Run Remote Usage
		Usr 0 00:00:00, Sys 0 00:00:00  -  Run Local Usage
		Usr 0 00:00:00, Sys 0 00:00:00  -  Total Remote Usage
		Usr 0 00:00:00, Sys 0 00:00:00  -  Total Local Usage
	0  -  Run Bytes Sent By Job
	0  -  Run Bytes Received By Job
	0  -  Total Bytes Sent By Job
	0  -  Total Bytes Received By Job
...
001 (597.000.000) 10/25 04:30:32 Job executing on host: <54.153.86.184:29907?addrs=54.153.86.184-29907>
...
001 (596.000.000) 10/25 04:30:32 Job executing on host: <54.153.86.184:22592?addrs=54.153.86.184-22592>
...
005 (593.000.000) 10/25 04:30:33 Job terminated.
	(1) Normal termination (return value 0)
		Usr 0 00:00:00, Sys 0 00:00:00  -  Run Remote Usage
		Usr 0 00:00:00, Sys 0 00:00:00  -  Run Local Usage
		Usr 0 00:00:00, Sys 0 00:00:00  -  Total Remote Usage
		Usr 0 00:00:00, Sys 0 00:00:00  -  Total Local Usage
	0  -  Run Bytes Sent By Job
	0  -  Run Bytes Received By Job
	0  -  Total Bytes Sent By Job
	0  -  Total Bytes Received By Job
...
005 (594.000.000) 10/25 04:30:33 Job terminated.
	(1) Normal termination (return value 0)
		Usr 0 00:00:00, Sys 0 00:00:00  -  Run Remote Usage
		Usr 0 00:00:00, Sys 0 00:00:00  -  Run Local Usage
		Usr 0 00:00:00, Sys 0 00:00:00  -  Total Remote Usage
		Usr 0 00:00:00, Sys 0 00:00:00  -  Total Local Usage
	0  -  Run Bytes Sent By Job
	0  -  Run Bytes Received By Job
	0  -  Total Bytes Sent By Job
	0  -  Total Bytes Received By Job
...
005 (595.000.000) 10/25 04:30:33 Job terminated.
	(1) Normal termination (return value 0)
		Usr 0 00:00:00, Sys 0 00:00:00  -  Run Remote Usage
		Usr 0 00:00:00, Sys 0 00:00:00  -  Run Local Usage
		Usr 0 00:00:00, Sys 0 00:00:00  -  Total Remote Usage
		Usr 0 00:00:00, Sys 0 00:00:00  -  Total Local Usage
	0  -  Run Bytes Sent By Job
	0  -  Run Bytes Received By Job
	0  -  Total Bytes Sent By Job
	0  -  Total Bytes Received By Job
...
005 (597.000.000) 10/25 04:30:34 Job terminated.
	(1) Normal termination (return value 0)
		Usr 0 00:00:00, Sys 0 00:00:00  -  Run Remote Usage
		Usr 0 00:00:00, Sys 0 00:00:00  -  Run Local Usage
		Usr 0 00:00:00, Sys 0 00:00:00  -  Total Remote Usage
		Usr 0 00:00:00, Sys 0 00:00:00  -  Total Local Usage
	0  -  Run Bytes Sent By Job
	0  -  Run Bytes Received By Job
	0  -  Total Bytes Sent By Job
	0  -  Total Bytes Received By Job
...
005 (596.000.000) 10/25 04:30:34 Job terminated.
	(1) Normal termination (return value 0)
		Usr 0 00:00:00, Sys 0 00:00:00  -  Run Remote Usage
		Usr 0 00:00:00, Sys 0 00:00:00  -  Run Local Usage
		Usr 0 00:00:00, Sys 0 00:00:00  -  Total Remote Usage
		Usr 0 00:00:00, Sys 0 00:00:00  -  Total Local Usage
	0  -  Run Bytes Sent By Job
	0  -  Run Bytes Received By Job
	0  -  Total Bytes Sent By Job
	0  -  Total Bytes Received By Job
...
000 (598.000.000) 10/25 04:30:36 Job submitted from host: <54.153.86.184:19665?addrs=54.153.86.184-19665>
    DAG Node: stage_in_local_local_7_0
    pool:local
...
000 (599.000.000) 10/25 04:30:36 Job submitted from host: <54.153.86.184:19665?addrs=54.153.86.184-19665>
    DAG Node: stage_in_local_local_1_0
    pool:local
...
000 (600.000.000) 10/25 04:30:36 Job submitted from host: <54.153.86.184:19665?addrs=54.153.86.184-19665>
    DAG Node: stage_in_remote_local_4_1
    pool:local
...
000 (601.000.000) 10/25 04:30:36 Job submitted from host: <54.153.86.184:19665?addrs=54.153.86.184-19665>
    DAG Node: stage_in_remote_local_4_0
    pool:local
...
000 (602.000.000) 10/25 04:30:37 Job submitted from host: <54.153.86.184:19665?addrs=54.153.86.184-19665>
    DAG Node: stage_in_remote_local_2_0
    pool:local
...
001 (598.000.000) 10/25 04:30:41 Job executing on host: <54.153.86.184:49559?addrs=54.153.86.184-49559>
...
001 (600.000.000) 10/25 04:30:41 Job executing on host: <54.153.86.184:34041?addrs=54.153.86.184-34041>
...
001 (601.000.000) 10/25 04:30:41 Job executing on host: <54.153.86.184:10581?addrs=54.153.86.184-10581>
...
001 (599.000.000) 10/25 04:30:41 Job executing on host: <54.153.86.184:34745?addrs=54.153.86.184-34745>
...
001 (602.000.000) 10/25 04:30:41 Job executing on host: <54.153.86.184:46430?addrs=54.153.86.184-46430>
...
000 (603.000.000) 10/25 04:30:42 Job submitted from host: <54.153.86.184:19665?addrs=54.153.86.184-19665>
    DAG Node: stage_in_remote_local_3_1
    pool:local
...
000 (604.000.000) 10/25 04:30:42 Job submitted from host: <54.153.86.184:19665?addrs=54.153.86.184-19665>
    DAG Node: stage_in_remote_local_3_0
    pool:local
...
000 (605.000.000) 10/25 04:30:42 Job submitted from host: <54.153.86.184:19665?addrs=54.153.86.184-19665>
    DAG Node: stage_in_remote_local_6_0
    pool:local
...
000 (606.000.000) 10/25 04:30:42 Job submitted from host: <54.153.86.184:19665?addrs=54.153.86.184-19665>
    DAG Node: init_0_ID0000001
    pool:condorpool
...
005 (600.000.000) 10/25 04:30:44 Job terminated.
	(1) Normal termination (return value 0)
		Usr 0 00:00:00, Sys 0 00:00:00  -  Run Remote Usage
		Usr 0 00:00:00, Sys 0 00:00:00  -  Run Local Usage
		Usr 0 00:00:00, Sys 0 00:00:00  -  Total Remote Usage
		Usr 0 00:00:00, Sys 0 00:00:00  -  Total Local Usage
	0  -  Run Bytes Sent By Job
	0  -  Run Bytes Received By Job
	0  -  Total Bytes Sent By Job
	0  -  Total Bytes Received By Job
...
005 (598.000.000) 10/25 04:30:44 Job terminated.
	(1) Normal termination (return value 0)
		Usr 0 00:00:00, Sys 0 00:00:00  -  Run Remote Usage
		Usr 0 00:00:00, Sys 0 00:00:00  -  Run Local Usage
		Usr 0 00:00:00, Sys 0 00:00:00  -  Total Remote Usage
		Usr 0 00:00:00, Sys 0 00:00:00  -  Total Local Usage
	0  -  Run Bytes Sent By Job
	0  -  Run Bytes Received By Job
	0  -  Total Bytes Sent By Job
	0  -  Total Bytes Received By Job
...
005 (599.000.000) 10/25 04:30:44 Job terminated.
	(1) Normal termination (return value 0)
		Usr 0 00:00:00, Sys 0 00:00:00  -  Run Remote Usage
		Usr 0 00:00:00, Sys 0 00:00:00  -  Run Local Usage
		Usr 0 00:00:00, Sys 0 00:00:00  -  Total Remote Usage
		Usr 0 00:00:00, Sys 0 00:00:00  -  Total Local Usage
	0  -  Run Bytes Sent By Job
	0  -  Run Bytes Received By Job
	0  -  Total Bytes Sent By Job
	0  -  Total Bytes Received By Job
...
001 (603.000.000) 10/25 04:30:44 Job executing on host: <54.153.86.184:63482?addrs=54.153.86.184-63482>
...
001 (604.000.000) 10/25 04:30:44 Job executing on host: <54.153.86.184:16201?addrs=54.153.86.184-16201>
...
001 (605.000.000) 10/25 04:30:44 Job executing on host: <54.153.86.184:25270?addrs=54.153.86.184-25270>
...
005 (601.000.000) 10/25 04:30:45 Job terminated.
	(1) Normal termination (return value 0)
		Usr 0 00:00:00, Sys 0 00:00:00  -  Run Remote Usage
		Usr 0 00:00:00, Sys 0 00:00:00  -  Run Local Usage
		Usr 0 00:00:00, Sys 0 00:00:00  -  Total Remote Usage
		Usr 0 00:00:00, Sys 0 00:00:00  -  Total Local Usage
	0  -  Run Bytes Sent By Job
	0  -  Run Bytes Received By Job
	0  -  Total Bytes Sent By Job
	0  -  Total Bytes Received By Job
...
005 (602.000.000) 10/25 04:30:46 Job terminated.
	(1) Normal termination (return value 0)
		Usr 0 00:00:00, Sys 0 00:00:00  -  Run Remote Usage
		Usr 0 00:00:00, Sys 0 00:00:00  -  Run Local Usage
		Usr 0 00:00:00, Sys 0 00:00:00  -  Total Remote Usage
		Usr 0 00:00:00, Sys 0 00:00:00  -  Total Local Usage
	0  -  Run Bytes Sent By Job
	0  -  Run Bytes Received By Job
	0  -  Total Bytes Sent By Job
	0  -  Total Bytes Received By Job
...
005 (605.000.000) 10/25 04:30:46 Job terminated.
	(1) Normal termination (return value 0)
		Usr 0 00:00:00, Sys 0 00:00:00  -  Run Remote Usage
		Usr 0 00:00:00, Sys 0 00:00:00  -  Run Local Usage
		Usr 0 00:00:00, Sys 0 00:00:00  -  Total Remote Usage
		Usr 0 00:00:00, Sys 0 00:00:00  -  Total Local Usage
	0  -  Run Bytes Sent By Job
	0  -  Run Bytes Received By Job
	0  -  Total Bytes Sent By Job
	0  -  Total Bytes Received By Job
...
005 (603.000.000) 10/25 04:30:46 Job terminated.
	(1) Normal termination (return value 0)
		Usr 0 00:00:00, Sys 0 00:00:00  -  Run Remote Usage
		Usr 0 00:00:00, Sys 0 00:00:00  -  Run Local Usage
		Usr 0 00:00:00, Sys 0 00:00:00  -  Total Remote Usage
		Usr 0 00:00:00, Sys 0 00:00:00  -  Total Local Usage
	0  -  Run Bytes Sent By Job
	0  -  Run Bytes Received By Job
	0  -  Total Bytes Sent By Job
	0  -  Total Bytes Received By Job
...
005 (604.000.000) 10/25 04:30:48 Job terminated.
	(1) Normal termination (return value 0)
		Usr 0 00:00:00, Sys 0 00:00:00  -  Run Remote Usage
		Usr 0 00:00:00, Sys 0 00:00:00  -  Run Local Usage
		Usr 0 00:00:00, Sys 0 00:00:00  -  Total Remote Usage
		Usr 0 00:00:00, Sys 0 00:00:00  -  Total Local Usage
	0  -  Run Bytes Sent By Job
	0  -  Run Bytes Received By Job
	0  -  Total Bytes Sent By Job
	0  -  Total Bytes Received By Job
...
001 (606.000.000) 10/25 04:31:05 Job executing on host: <54.186.11.128:14421?addrs=54.186.11.128-14421&noUDP>
...
006 (606.000.000) 10/25 04:31:13 Image size of job updated: 2
	2  -  MemoryUsage of job (MB)
	1656  -  ResidentSetSize of job (KB)
...
006 (606.000.000) 10/25 04:31:49 Image size of job updated: 358788
	2  -  MemoryUsage of job (MB)
	1656  -  ResidentSetSize of job (KB)
...
005 (606.000.000) 10/25 04:31:49 Job terminated.
	(1) Normal termination (return value 0)
		Usr 0 00:00:00, Sys 0 00:00:00  -  Run Remote Usage
		Usr 0 00:00:00, Sys 0 00:00:00  -  Run Local Usage
		Usr 0 00:00:00, Sys 0 00:00:00  -  Total Remote Usage
		Usr 0 00:00:00, Sys 0 00:00:00  -  Total Local Usage
	4453  -  Run Bytes Sent By Job
	3169847  -  Run Bytes Received By Job
	4453  -  Total Bytes Sent By Job
	3169847  -  Total Bytes Received By Job
	Partitionable Resources :    Usage  Request Allocated
	   Cpus                 :                 1         1
	   Disk (KB)            :     6105     3250  27732648
	   Memory (MB)          :        2        1      3764
...
000 (607.000.000) 10/25 04:32:02 Job submitted from host: <54.153.86.184:19665?addrs=54.153.86.184-19665>
    DAG Node: clean_up_local_level_3_0
    pool:local
...
001 (607.000.000) 10/25 04:32:02 Job executing on host: <54.153.86.184:22268?addrs=54.153.86.184-22268>
...
000 (608.000.000) 10/25 04:32:02 Job submitted from host: <54.153.86.184:19665?addrs=54.153.86.184-19665>
    DAG Node: generalinfo_0_ID0000002
    pool:condorpool
...
001 (608.000.000) 10/25 04:32:03 Job executing on host: <54.186.11.128:14421?addrs=54.186.11.128-14421&noUDP>
...
005 (607.000.000) 10/25 04:32:04 Job terminated.
	(1) Normal termination (return value 0)
		Usr 0 00:00:00, Sys 0 00:00:00  -  Run Remote Usage
		Usr 0 00:00:00, Sys 0 00:00:00  -  Run Local Usage
		Usr 0 00:00:00, Sys 0 00:00:00  -  Total Remote Usage
		Usr 0 00:00:00, Sys 0 00:00:00  -  Total Local Usage
	0  -  Run Bytes Sent By Job
	0  -  Run Bytes Received By Job
	0  -  Total Bytes Sent By Job
	0  -  Total Bytes Received By Job
...
006 (608.000.000) 10/25 04:32:11 Image size of job updated: 358788
	15  -  MemoryUsage of job (MB)
	15112  -  ResidentSetSize of job (KB)
...
006 (608.000.000) 10/25 04:36:18 Image size of job updated: 482800
	15  -  MemoryUsage of job (MB)
	15112  -  ResidentSetSize of job (KB)
...
005 (608.000.000) 10/25 04:36:18 Job terminated.
	(1) Normal termination (return value 0)
		Usr 0 00:03:13, Sys 0 00:00:02  -  Run Remote Usage
		Usr 0 00:00:00, Sys 0 00:00:00  -  Run Local Usage
		Usr 0 00:03:13, Sys 0 00:00:02  -  Total Remote Usage
		Usr 0 00:00:00, Sys 0 00:00:00  -  Total Local Usage
	5303  -  Run Bytes Sent By Job
	3168857  -  Run Bytes Received By Job
	5303  -  Total Bytes Sent By Job
	3168857  -  Total Bytes Received By Job
	Partitionable Resources :    Usage  Request Allocated
	   Cpus                 :                 1         1
	   Disk (KB)            :     6106     3250  27732648
	   Memory (MB)          :       15        1      3764
...
000 (609.000.000) 10/25 04:36:33 Job submitted from host: <54.153.86.184:19665?addrs=54.153.86.184-19665>
    DAG Node: clean_up_local_level_4_0
    pool:local
...
001 (609.000.000) 10/25 04:36:33 Job executing on host: <54.153.86.184:18810?addrs=54.153.86.184-18810>
...
000 (610.000.000) 10/25 04:36:33 Job submitted from host: <54.153.86.184:19665?addrs=54.153.86.184-19665>
    DAG Node: statscpumemory_0_ID0000003
    pool:condorpool
...
000 (611.000.000) 10/25 04:36:33 Job submitted from host: <54.153.86.184:19665?addrs=54.153.86.184-19665>
    DAG Node: medianmemory_0_ID0000005
    pool:condorpool
...
000 (612.000.000) 10/25 04:36:33 Job submitted from host: <54.153.86.184:19665?addrs=54.153.86.184-19665>
    DAG Node: mediancpu_0_ID0000004
    pool:condorpool
...
001 (610.000.000) 10/25 04:36:34 Job executing on host: <54.186.11.128:14421?addrs=54.186.11.128-14421&noUDP>
...
005 (609.000.000) 10/25 04:36:37 Job terminated.
	(1) Normal termination (return value 0)
		Usr 0 00:00:00, Sys 0 00:00:00  -  Run Remote Usage
		Usr 0 00:00:00, Sys 0 00:00:00  -  Run Local Usage
		Usr 0 00:00:00, Sys 0 00:00:00  -  Total Remote Usage
		Usr 0 00:00:00, Sys 0 00:00:00  -  Total Local Usage
	0  -  Run Bytes Sent By Job
	0  -  Run Bytes Received By Job
	0  -  Total Bytes Sent By Job
	0  -  Total Bytes Received By Job
...
006 (610.000.000) 10/25 04:36:43 Image size of job updated: 2
	2  -  MemoryUsage of job (MB)
	1644  -  ResidentSetSize of job (KB)
...
001 (612.000.000) 10/25 04:36:43 Job executing on host: <54.201.207.181:39788?addrs=54.201.207.181-39788&noUDP>
...
001 (611.000.000) 10/25 04:36:43 Job executing on host: <54.245.40.251:53544?addrs=54.245.40.251-53544&noUDP>
...
006 (612.000.000) 10/25 04:36:51 Image size of job updated: 2
	2  -  MemoryUsage of job (MB)
	1648  -  ResidentSetSize of job (KB)
...
006 (611.000.000) 10/25 04:36:51 Image size of job updated: 2
	2  -  MemoryUsage of job (MB)
	1644  -  ResidentSetSize of job (KB)
...
006 (610.000.000) 10/25 04:41:43 Image size of job updated: 751924
	128  -  MemoryUsage of job (MB)
	130476  -  ResidentSetSize of job (KB)
...
006 (612.000.000) 10/25 04:41:51 Image size of job updated: 511240
	140  -  MemoryUsage of job (MB)
	142760  -  ResidentSetSize of job (KB)
...
006 (611.000.000) 10/25 04:41:51 Image size of job updated: 510244
	157  -  MemoryUsage of job (MB)
	160260  -  ResidentSetSize of job (KB)
...
006 (610.000.000) 10/25 04:45:37 Image size of job updated: 758460
	128  -  MemoryUsage of job (MB)
	130476  -  ResidentSetSize of job (KB)
...
005 (610.000.000) 10/25 04:45:37 Job terminated.
	(1) Normal termination (return value 0)
		Usr 0 00:07:17, Sys 0 00:00:05  -  Run Remote Usage
		Usr 0 00:00:00, Sys 0 00:00:00  -  Run Local Usage
		Usr 0 00:07:17, Sys 0 00:00:05  -  Total Remote Usage
		Usr 0 00:00:00, Sys 0 00:00:00  -  Total Local Usage
	5723  -  Run Bytes Sent By Job
	3171029  -  Run Bytes Received By Job
	5723  -  Total Bytes Sent By Job
	3171029  -  Total Bytes Received By Job
	Partitionable Resources :    Usage  Request Allocated
	   Cpus                 :                 1         1
	   Disk (KB)            :     6109     3250  27732648
	   Memory (MB)          :      128        1      3764
...
006 (611.000.000) 10/25 04:45:46 Image size of job updated: 775504
	157  -  MemoryUsage of job (MB)
	160260  -  ResidentSetSize of job (KB)
...
005 (611.000.000) 10/25 04:45:46 Job terminated.
	(1) Normal termination (return value 0)
		Usr 0 00:07:34, Sys 0 00:00:06  -  Run Remote Usage
		Usr 0 00:00:00, Sys 0 00:00:00  -  Run Local Usage
		Usr 0 00:07:34, Sys 0 00:00:06  -  Total Remote Usage
		Usr 0 00:00:00, Sys 0 00:00:00  -  Total Local Usage
	378651  -  Run Bytes Sent By Job
	3168754  -  Run Bytes Received By Job
	378651  -  Total Bytes Sent By Job
	3168754  -  Total Bytes Received By Job
	Partitionable Resources :    Usage  Request Allocated
	   Cpus                 :                 1         1
	   Disk (KB)            :   400085     3250  27733696
	   Memory (MB)          :      157        1      3764
...
006 (612.000.000) 10/25 04:45:47 Image size of job updated: 779976
	140  -  MemoryUsage of job (MB)
	142760  -  ResidentSetSize of job (KB)
...
005 (612.000.000) 10/25 04:45:48 Job terminated.
	(1) Normal termination (return value 0)
		Usr 0 00:07:39, Sys 0 00:00:05  -  Run Remote Usage
		Usr 0 00:00:00, Sys 0 00:00:00  -  Run Local Usage
		Usr 0 00:07:39, Sys 0 00:00:05  -  Total Remote Usage
		Usr 0 00:00:00, Sys 0 00:00:00  -  Total Local Usage
	381204  -  Run Bytes Sent By Job
	3168718  -  Run Bytes Received By Job
	381204  -  Total Bytes Sent By Job
	3168718  -  Total Bytes Received By Job
	Partitionable Resources :    Usage  Request Allocated
	   Cpus                 :                 1         1
	   Disk (KB)            :   391569     3250  27733728
	   Memory (MB)          :      140        1      3764
...
000 (613.000.000) 10/25 04:45:59 Job submitted from host: <54.153.86.184:19665?addrs=54.153.86.184-19665>
    DAG Node: clean_up_local_level_5_0
    pool:local
...
000 (614.000.000) 10/25 04:46:00 Job submitted from host: <54.153.86.184:19665?addrs=54.153.86.184-19665>
    DAG Node: taskevent_0_ID0000006
    pool:condorpool
...
001 (613.000.000) 10/25 04:46:00 Job executing on host: <54.153.86.184:61966?addrs=54.153.86.184-61966>
...
000 (615.000.000) 10/25 04:46:00 Job submitted from host: <54.153.86.184:19665?addrs=54.153.86.184-19665>
    DAG Node: clean_up_local_level_5_1
    pool:local
...
001 (614.000.000) 10/25 04:46:00 Job executing on host: <54.201.207.181:39788?addrs=54.201.207.181-39788&noUDP>
...
001 (615.000.000) 10/25 04:46:05 Job executing on host: <54.153.86.184:30381?addrs=54.153.86.184-30381>
...
005 (613.000.000) 10/25 04:46:08 Job terminated.
	(1) Normal termination (return value 0)
		Usr 0 00:00:00, Sys 0 00:00:00  -  Run Remote Usage
		Usr 0 00:00:00, Sys 0 00:00:00  -  Run Local Usage
		Usr 0 00:00:00, Sys 0 00:00:00  -  Total Remote Usage
		Usr 0 00:00:00, Sys 0 00:00:00  -  Total Local Usage
	0  -  Run Bytes Sent By Job
	0  -  Run Bytes Received By Job
	0  -  Total Bytes Sent By Job
	0  -  Total Bytes Received By Job
...
006 (614.000.000) 10/25 04:46:08 Image size of job updated: 2
	2  -  MemoryUsage of job (MB)
	1640  -  ResidentSetSize of job (KB)
...
005 (615.000.000) 10/25 04:46:10 Job terminated.
	(1) Normal termination (return value 0)
		Usr 0 00:00:00, Sys 0 00:00:00  -  Run Remote Usage
		Usr 0 00:00:00, Sys 0 00:00:00  -  Run Local Usage
		Usr 0 00:00:00, Sys 0 00:00:00  -  Total Remote Usage
		Usr 0 00:00:00, Sys 0 00:00:00  -  Total Local Usage
	0  -  Run Bytes Sent By Job
	0  -  Run Bytes Received By Job
	0  -  Total Bytes Sent By Job
	0  -  Total Bytes Received By Job
...
006 (614.000.000) 10/25 04:51:09 Image size of job updated: 757556
	121  -  MemoryUsage of job (MB)
	123504  -  ResidentSetSize of job (KB)
...
006 (614.000.000) 10/25 04:56:09 Image size of job updated: 769340
	121  -  MemoryUsage of job (MB)
	123504  -  ResidentSetSize of job (KB)
...
006 (614.000.000) 10/25 05:01:10 Image size of job updated: 769376
	125  -  MemoryUsage of job (MB)
	127760  -  ResidentSetSize of job (KB)
...
005 (614.000.000) 10/25 05:01:49 Job terminated.
	(1) Normal termination (return value 0)
		Usr 0 00:07:48, Sys 0 00:00:06  -  Run Remote Usage
		Usr 0 00:00:00, Sys 0 00:00:00  -  Run Local Usage
		Usr 0 00:07:48, Sys 0 00:00:06  -  Total Remote Usage
		Usr 0 00:00:00, Sys 0 00:00:00  -  Total Local Usage
	13262  -  Run Bytes Sent By Job
	3174926  -  Run Bytes Received By Job
	13262  -  Total Bytes Sent By Job
	3174926  -  Total Bytes Received By Job
	Partitionable Resources :    Usage  Request Allocated
	   Cpus                 :                 1         1
	   Disk (KB)            :     6122     3250  27733728
	   Memory (MB)          :      125        1      3764
...
000 (616.000.000) 10/25 05:02:01 Job submitted from host: <54.153.86.184:19665?addrs=54.153.86.184-19665>
    DAG Node: clean_up_local_level_6_0
    pool:local
...
000 (617.000.000) 10/25 05:02:01 Job submitted from host: <54.153.86.184:19665?addrs=54.153.86.184-19665>
    DAG Node: calculateratio_0_ID0000007
    pool:condorpool
...
001 (616.000.000) 10/25 05:02:01 Job executing on host: <54.153.86.184:55072?addrs=54.153.86.184-55072>
...
005 (616.000.000) 10/25 05:02:09 Job terminated.
	(1) Normal termination (return value 0)
		Usr 0 00:00:00, Sys 0 00:00:00  -  Run Remote Usage
		Usr 0 00:00:00, Sys 0 00:00:00  -  Run Local Usage
		Usr 0 00:00:00, Sys 0 00:00:00  -  Total Remote Usage
		Usr 0 00:00:00, Sys 0 00:00:00  -  Total Local Usage
	0  -  Run Bytes Sent By Job
	0  -  Run Bytes Received By Job
	0  -  Total Bytes Sent By Job
	0  -  Total Bytes Received By Job
...
001 (617.000.000) 10/25 05:02:21 Job executing on host: <54.186.11.128:14421?addrs=54.186.11.128-14421&noUDP>
...
006 (617.000.000) 10/25 05:02:30 Image size of job updated: 2
	2  -  MemoryUsage of job (MB)
	1644  -  ResidentSetSize of job (KB)
...
006 (617.000.000) 10/25 05:07:32 Image size of job updated: 791316
	148  -  MemoryUsage of job (MB)
	151024  -  ResidentSetSize of job (KB)
...
006 (617.000.000) 10/25 05:12:32 Image size of job updated: 791632
	149  -  MemoryUsage of job (MB)
	152400  -  ResidentSetSize of job (KB)
...
005 (617.000.000) 10/25 05:18:28 Job terminated.
	(1) Normal termination (return value 0)
		Usr 0 00:07:02, Sys 0 00:00:14  -  Run Remote Usage
		Usr 0 00:00:00, Sys 0 00:00:00  -  Run Local Usage
		Usr 0 00:07:02, Sys 0 00:00:14  -  Total Remote Usage
		Usr 0 00:00:00, Sys 0 00:00:00  -  Total Local Usage
	360215  -  Run Bytes Sent By Job
	3173656  -  Run Bytes Received By Job
	360215  -  Total Bytes Sent By Job
	3173656  -  Total Bytes Received By Job
	Partitionable Resources :    Usage  Request Allocated
	   Cpus                 :                 1         1
	   Disk (KB)            :     6459     3250  27732528
	   Memory (MB)          :      149        1      3764
...
000 (618.000.000) 10/25 05:18:42 Job submitted from host: <54.153.86.184:19665?addrs=54.153.86.184-19665>
    DAG Node: clean_up_local_level_7_0
    pool:local
...
001 (618.000.000) 10/25 05:18:42 Job executing on host: <54.153.86.184:35750?addrs=54.153.86.184-35750>
...
000 (619.000.000) 10/25 05:18:42 Job submitted from host: <54.153.86.184:19665?addrs=54.153.86.184-19665>
    DAG Node: averageratioevent_0_ID0000008
    pool:condorpool
...
001 (619.000.000) 10/25 05:18:43 Job executing on host: <54.186.11.128:14421?addrs=54.186.11.128-14421&noUDP>
...
005 (618.000.000) 10/25 05:18:50 Job terminated.
	(1) Normal termination (return value 0)
		Usr 0 00:00:00, Sys 0 00:00:00  -  Run Remote Usage
		Usr 0 00:00:00, Sys 0 00:00:00  -  Run Local Usage
		Usr 0 00:00:00, Sys 0 00:00:00  -  Total Remote Usage
		Usr 0 00:00:00, Sys 0 00:00:00  -  Total Local Usage
	0  -  Run Bytes Sent By Job
	0  -  Run Bytes Received By Job
	0  -  Total Bytes Sent By Job
	0  -  Total Bytes Received By Job
...
006 (619.000.000) 10/25 05:18:52 Image size of job updated: 2
	2  -  MemoryUsage of job (MB)
	1648  -  ResidentSetSize of job (KB)
...
006 (619.000.000) 10/25 05:19:56 Image size of job updated: 490852
	2  -  MemoryUsage of job (MB)
	1648  -  ResidentSetSize of job (KB)
...
005 (619.000.000) 10/25 05:19:56 Job terminated.
	(1) Normal termination (return value 0)
		Usr 0 00:00:39, Sys 0 00:00:00  -  Run Remote Usage
		Usr 0 00:00:00, Sys 0 00:00:00  -  Run Local Usage
		Usr 0 00:00:39, Sys 0 00:00:00  -  Total Remote Usage
		Usr 0 00:00:00, Sys 0 00:00:00  -  Total Local Usage
	266696  -  Run Bytes Sent By Job
	3169652  -  Run Bytes Received By Job
	266696  -  Total Bytes Sent By Job
	3169652  -  Total Bytes Received By Job
	Partitionable Resources :    Usage  Request Allocated
	   Cpus                 :                 1         1
	   Disk (KB)            :     7195     3250  27732528
	   Memory (MB)          :        2        1      3764
...
000 (620.000.000) 10/25 05:20:07 Job submitted from host: <54.153.86.184:19665?addrs=54.153.86.184-19665>
    DAG Node: clean_up_local_level_8_0
    pool:local
...
001 (620.000.000) 10/25 05:20:25 Job executing on host: <54.153.86.184:30295?addrs=54.153.86.184-30295>
...
000 (621.000.000) 10/25 05:20:25 Job submitted from host: <54.153.86.184:19665?addrs=54.153.86.184-19665>
    DAG Node: analysisevent_0_ID0000009
    pool:condorpool
...
005 (620.000.000) 10/25 05:20:29 Job terminated.
	(1) Normal termination (return value 0)
		Usr 0 00:00:00, Sys 0 00:00:00  -  Run Remote Usage
		Usr 0 00:00:00, Sys 0 00:00:00  -  Run Local Usage
		Usr 0 00:00:00, Sys 0 00:00:00  -  Total Remote Usage
		Usr 0 00:00:00, Sys 0 00:00:00  -  Total Local Usage
	0  -  Run Bytes Sent By Job
	0  -  Run Bytes Received By Job
	0  -  Total Bytes Sent By Job
	0  -  Total Bytes Received By Job
...
001 (621.000.000) 10/25 05:20:46 Job executing on host: <54.186.11.128:14421?addrs=54.186.11.128-14421&noUDP>
...
006 (621.000.000) 10/25 05:20:46 Image size of job updated: 2
	0  -  MemoryUsage of job (MB)
	0  -  ResidentSetSize of job (KB)
...
005 (621.000.000) 10/25 05:20:47 Job terminated.
	(1) Normal termination (return value 0)
		Usr 0 00:00:00, Sys 0 00:00:00  -  Run Remote Usage
		Usr 0 00:00:00, Sys 0 00:00:00  -  Run Local Usage
		Usr 0 00:00:00, Sys 0 00:00:00  -  Total Remote Usage
		Usr 0 00:00:00, Sys 0 00:00:00  -  Total Local Usage
	5365  -  Run Bytes Sent By Job
	3169139  -  Run Bytes Received By Job
	5365  -  Total Bytes Sent By Job
	3169139  -  Total Bytes Received By Job
	Partitionable Resources :    Usage  Request Allocated
	   Cpus                 :                 1         1
	   Disk (KB)            :     6107     3250  27732316
	   Memory (MB)          :        0        1      3764
...
000 (622.000.000) 10/25 05:21:00 Job submitted from host: <54.153.86.184:19665?addrs=54.153.86.184-19665>
    DAG Node: terminate_0_ID0000010
    pool:condorpool
...
000 (623.000.000) 10/25 05:21:00 Job submitted from host: <54.153.86.184:19665?addrs=54.153.86.184-19665>
    DAG Node: clean_up_local_level_9_0
    pool:local
...
001 (622.000.000) 10/25 05:21:01 Job executing on host: <54.186.11.128:14421?addrs=54.186.11.128-14421&noUDP>
...
006 (622.000.000) 10/25 05:21:02 Image size of job updated: 2
	0  -  MemoryUsage of job (MB)
	0  -  ResidentSetSize of job (KB)
...
005 (622.000.000) 10/25 05:21:02 Job terminated.
	(1) Normal termination (return value 0)
		Usr 0 00:00:00, Sys 0 00:00:00  -  Run Remote Usage
		Usr 0 00:00:00, Sys 0 00:00:00  -  Run Local Usage
		Usr 0 00:00:00, Sys 0 00:00:00  -  Total Remote Usage
		Usr 0 00:00:00, Sys 0 00:00:00  -  Total Local Usage
	4459  -  Run Bytes Sent By Job
	3167596  -  Run Bytes Received By Job
	4459  -  Total Bytes Sent By Job
	3167596  -  Total Bytes Received By Job
	Partitionable Resources :    Usage  Request Allocated
	   Cpus                 :                 1         1
	   Disk (KB)            :     6103     3250  27732316
	   Memory (MB)          :        0        1      3764
...
001 (623.000.000) 10/25 05:21:06 Job executing on host: <54.153.86.184:21784?addrs=54.153.86.184-21784>
...
005 (623.000.000) 10/25 05:21:11 Job terminated.
	(1) Normal termination (return value 0)
		Usr 0 00:00:00, Sys 0 00:00:00  -  Run Remote Usage
		Usr 0 00:00:00, Sys 0 00:00:00  -  Run Local Usage
		Usr 0 00:00:00, Sys 0 00:00:00  -  Total Remote Usage
		Usr 0 00:00:00, Sys 0 00:00:00  -  Total Local Usage
	0  -  Run Bytes Sent By Job
	0  -  Run Bytes Received By Job
	0  -  Total Bytes Sent By Job
	0  -  Total Bytes Received By Job
...
000 (624.000.000) 10/25 05:21:15 Job submitted from host: <54.153.86.184:19665?addrs=54.153.86.184-19665>
    DAG Node: clean_up_local_level_10_0
    pool:local
...
001 (624.000.000) 10/25 05:21:15 Job executing on host: <54.153.86.184:51565?addrs=54.153.86.184-51565>
...
005 (624.000.000) 10/25 05:21:17 Job terminated.
	(1) Normal termination (return value 0)
		Usr 0 00:00:00, Sys 0 00:00:00  -  Run Remote Usage
		Usr 0 00:00:00, Sys 0 00:00:00  -  Run Local Usage
		Usr 0 00:00:00, Sys 0 00:00:00  -  Total Remote Usage
		Usr 0 00:00:00, Sys 0 00:00:00  -  Total Local Usage
	0  -  Run Bytes Sent By Job
	0  -  Run Bytes Received By Job
	0  -  Total Bytes Sent By Job
	0  -  Total Bytes Received By Job
...
000 (625.000.000) 10/25 05:21:30 Job submitted from host: <54.153.86.184:19665?addrs=54.153.86.184-19665>
    DAG Node: cleanup_example_workflow_0_local
    pool:local
...
001 (625.000.000) 10/25 05:21:30 Job executing on host: <54.153.86.184:18569?addrs=54.153.86.184-18569>
...
005 (625.000.000) 10/25 05:21:32 Job terminated.
	(1) Normal termination (return value 0)
		Usr 0 00:00:00, Sys 0 00:00:00  -  Run Remote Usage
		Usr 0 00:00:00, Sys 0 00:00:00  -  Run Local Usage
		Usr 0 00:00:00, Sys 0 00:00:00  -  Total Remote Usage
		Usr 0 00:00:00, Sys 0 00:00:00  -  Total Local Usage
	0  -  Run Bytes Sent By Job
	0  -  Run Bytes Received By Job
	0  -  Total Bytes Sent By Job
	0  -  Total Bytes Received By Job
...
