{"name": ".//00/01/create_dir_example_workflow_0_local.out", "timestamp": "2016-11-07T22:50:16.024534", "exitcode": 0, "app_exitcode": 0, "retry": 0, "std_out": "", "std_err": ""}
{"name": ".//00/00/stage_in_remote_local_2_1.out", "timestamp": "2016-11-07T22:50:31.200386", "exitcode": 0, "app_exitcode": 0, "retry": 0, "std_out": "", "std_err": ""}
{"name": ".//00/01/stage_in_local_local_6_0.out", "timestamp": "2016-11-07T22:50:31.451632", "exitcode": 0, "app_exitcode": 0, "retry": 0, "std_out": "", "std_err": ""}
{"name": ".//00/00/stage_in_local_local_0_0.out", "timestamp": "2016-11-07T22:50:31.462060", "exitcode": 0, "app_exitcode": 0, "retry": 0, "std_out": "", "std_err": ""}
{"name": ".//00/01/stage_in_remote_local_5_1.out", "timestamp": "2016-11-07T22:50:37.924821", "exitcode": 0, "app_exitcode": 0, "retry": 0, "std_out": "", "std_err": ""}
{"name": ".//00/01/stage_in_remote_local_5_0.out", "timestamp": "2016-11-07T22:50:37.928483", "exitcode": 0, "app_exitcode": 0, "retry": 0, "std_out": "", "std_err": ""}
{"name": ".//00/00/stage_in_local_local_3_1.out", "timestamp": "2016-11-07T22:50:37.997360", "exitcode": 0, "app_exitcode": 0, "retry": 0, "std_out": "", "std_err": ""}
{"name": ".//00/00/stage_in_local_local_2_1.out", "timestamp": "2016-11-07T22:50:38.024125", "exitcode": 0, "app_exitcode": 0, "retry": 0, "std_out": "", "std_err": ""}
{"name": ".//00/00/stage_in_local_local_2_0.out", "timestamp": "2016-11-07T22:50:38.086753", "exitcode": 0, "app_exitcode": 0, "retry": 0, "std_out": "", "std_err": ""}
{"name": ".//00/00/stage_in_local_local_5_0.out", "timestamp": "2016-11-07T22:50:38.139706", "exitcode": 0, "app_exitcode": 0, "retry": 0, "std_out": "", "std_err": ""}
{"name": ".//00/00/stage_in_remote_local_1_0.out", "timestamp": "2016-11-07T22:50:38.187656", "exitcode": 0, "app_exitcode": 0, "retry": 0, "std_out": "", "std_err": ""}
{"name": ".//00/00/stage_in_local_local_5_1.out", "timestamp": "2016-11-07T22:50:42.819362", "exitcode": 0, "app_exitcode": 0, "retry": 0, "std_out": "", "std_err": ""}
{"name": ".//00/00/stage_in_local_local_3_0.out", "timestamp": "2016-11-07T22:50:42.841055", "exitcode": 0, "app_exitcode": 0, "retry": 0, "std_out": "", "std_err": ""}
{"name": ".//00/01/stage_in_local_local_7_0.out", "timestamp": "2016-11-07T22:50:49.013113", "exitcode": 0, "app_exitcode": 0, "retry": 0, "std_out": "", "std_err": ""}
{"name": ".//00/00/stage_in_local_local_4_0.out", "timestamp": "2016-11-07T22:50:49.027973", "exitcode": 0, "app_exitcode": 0, "retry": 0, "std_out": "", "std_err": ""}
{"name": ".//00/00/stage_in_local_local_1_0.out", "timestamp": "2016-11-07T22:50:49.082570", "exitcode": 0, "app_exitcode": 0, "retry": 0, "std_out": "", "std_err": ""}
{"name": ".//00/00/stage_in_local_local_4_1.out", "timestamp": "2016-11-07T22:50:49.071704", "exitcode": 0, "app_exitcode": 0, "retry": 0, "std_out": "", "std_err": ""}
{"name": ".//00/00/stage_in_remote_local_4_0.out", "timestamp": "2016-11-07T22:50:53.641764", "exitcode": 0, "app_exitcode": 0, "retry": 0, "std_out": "", "std_err": ""}
{"name": ".//00/00/stage_in_remote_local_3_1.out", "timestamp": "2016-11-07T22:50:53.735010", "exitcode": 0, "app_exitcode": 0, "retry": 0, "std_out": "", "std_err": ""}
{"name": ".//00/00/stage_in_remote_local_2_0.out", "timestamp": "2016-11-07T22:50:53.782862", "exitcode": 0, "app_exitcode": 0, "retry": 0, "std_out": "", "std_err": ""}
{"name": ".//00/00/stage_in_remote_local_4_1.out", "timestamp": "2016-11-07T22:50:53.852929", "exitcode": 0, "app_exitcode": 0, "retry": 0, "std_out": "", "std_err": ""}
{"name": ".//00/00/stage_in_remote_local_3_0.out", "timestamp": "2016-11-07T22:50:53.905856", "exitcode": 0, "app_exitcode": 0, "retry": 0, "std_out": "", "std_err": ""}
{"name": ".//00/01/stage_in_remote_local_6_0.out", "timestamp": "2016-11-07T22:50:53.934466", "exitcode": 0, "app_exitcode": 0, "retry": 0, "std_out": "", "std_err": ""}
{"name": ".//00/00/init_0_ID0000001.out", "timestamp": "2016-11-07T22:51:34.123579", "exitcode": 0, "app_exitcode": 0, "retry": 0, "std_out": "", "std_err": ""}
{"name": ".//00/01/clean_up_local_level_3_0.out", "timestamp": "2016-11-07T22:51:49.562668", "exitcode": 0, "app_exitcode": 0, "retry": 0, "std_out": "", "std_err": ""}
{"name": ".//00/00/generalinfo_0_ID0000002.out", "timestamp": "2016-11-07T22:55:54.953773", "exitcode": 0, "app_exitcode": 0, "retry": 0, "std_out": "", "std_err": ""}
{"name": ".//00/01/clean_up_local_level_4_0.out", "timestamp": "2016-11-07T22:56:10.546709", "exitcode": 0, "app_exitcode": 0, "retry": 0, "std_out": "", "std_err": ""}
{"name": ".//00/00/statscpumemory_0_ID0000003.out", "timestamp": "2016-11-07T23:04:51.218962", "exitcode": 0, "app_exitcode": 0, "retry": 0, "std_out": "", "std_err": ""}
{"name": ".//00/00/medianmemory_0_ID0000005.out", "timestamp": "2016-11-07T23:05:31.409277", "exitcode": 0, "app_exitcode": 0, "retry": 0, "std_out": "", "std_err": ""}
{"name": ".//00/00/mediancpu_0_ID0000004.out", "timestamp": "2016-11-07T23:05:36.566850", "exitcode": 0, "app_exitcode": 0, "retry": 0, "std_out": "", "std_err": ""}
{"name": ".//00/01/clean_up_local_level_5_0.out", "timestamp": "2016-11-07T23:05:53.530397", "exitcode": 0, "app_exitcode": 0, "retry": 0, "std_out": "", "std_err": ""}
{"name": ".//00/00/taskevent_6_ID0000012.out", "timestamp": "2016-11-07T23:05:58.687816", "exitcode": 0, "app_exitcode": 0, "retry": 0, "std_out": "", "std_err": ""}
{"name": ".//00/01/clean_up_local_level_5_1.out", "timestamp": "2016-11-07T23:06:03.828223", "exitcode": 0, "app_exitcode": 0, "retry": 0, "std_out": "", "std_err": ""}
{"name": ".//00/00/taskevent_7_ID0000013.out", "timestamp": "2016-11-07T23:06:24.002727", "exitcode": 0, "app_exitcode": 0, "retry": 0, "std_out": "", "std_err": ""}
{"name": ".//00/00/taskevent_3_ID0000009.out", "timestamp": "2016-11-07T23:06:53.178656", "exitcode": 0, "app_exitcode": 0, "retry": 0, "std_out": "", "std_err": ""}
{"name": ".//00/00/taskevent_8_ID0000014.out", "timestamp": "2016-11-07T23:06:58.322821", "exitcode": 0, "app_exitcode": 0, "retry": 0, "std_out": "", "std_err": ""}
{"name": ".//00/00/taskevent_2_ID0000008.out", "timestamp": "2016-11-07T23:07:13.478517", "exitcode": 0, "app_exitcode": 0, "retry": 0, "std_out": "", "std_err": ""}
{"name": ".//00/00/taskevent_5_ID0000011.out", "timestamp": "2016-11-07T23:07:43.661967", "exitcode": 0, "app_exitcode": 0, "retry": 0, "std_out": "", "std_err": ""}
{"name": ".//00/00/taskevent_4_ID0000010.out", "timestamp": "2016-11-07T23:08:18.841760", "exitcode": 0, "app_exitcode": 0, "retry": 0, "std_out": "", "std_err": ""}
{"name": ".//00/01/clean_up_local_level_6_1.out", "timestamp": "2016-11-07T23:08:49.129624", "exitcode": 0, "app_exitcode": 0, "retry": 0, "std_out": "", "std_err": ""}
{"name": ".//00/00/taskevent_0_ID0000006.out", "timestamp": "2016-11-07T23:09:49.340894", "exitcode": 0, "app_exitcode": 0, "retry": 0, "std_out": "", "std_err": ""}
{"name": ".//00/00/taskevent_1_ID0000007.out", "timestamp": "2016-11-07T23:09:59.496067", "exitcode": 0, "app_exitcode": 0, "retry": 0, "std_out": "", "std_err": ""}
{"name": ".//00/01/clean_up_local_level_6_0.out", "timestamp": "2016-11-07T23:10:25.421617", "exitcode": 0, "app_exitcode": 0, "retry": 0, "std_out": "", "std_err": ""}
{"name": ".//00/00/calculateratio_6_ID0000021.out", "timestamp": "2016-11-07T23:13:40.850050", "exitcode": 0, "app_exitcode": 0, "retry": 0, "std_out": "", "std_err": ""}
{"name": ".//00/00/calculateratio_7_ID0000022.out", "timestamp": "2016-11-07T23:13:40.888349", "exitcode": 0, "app_exitcode": 0, "retry": 0, "std_out": "", "std_err": ""}
{"name": ".//00/00/calculateratio_8_ID0000023.out", "timestamp": "2016-11-07T23:13:46.041973", "exitcode": 0, "app_exitcode": 0, "retry": 0, "std_out": "", "std_err": ""}
{"name": ".//00/00/calculateratio_0_ID0000015.out", "timestamp": "2016-11-07T23:13:50.353071", "exitcode": 0, "app_exitcode": 0, "retry": 0, "std_out": "", "std_err": ""}
{"name": ".//00/00/calculateratio_2_ID0000017.out", "timestamp": "2016-11-07T23:14:05.605715", "exitcode": 0, "app_exitcode": 0, "retry": 0, "std_out": "", "std_err": ""}
{"name": ".//00/00/calculateratio_1_ID0000016.out", "timestamp": "2016-11-07T23:14:05.705641", "exitcode": 0, "app_exitcode": 0, "retry": 0, "std_out": "", "std_err": ""}
{"name": ".//00/00/calculateratio_5_ID0000020.out", "timestamp": "2016-11-07T23:14:16.035425", "exitcode": 0, "app_exitcode": 0, "retry": 0, "std_out": "", "std_err": ""}
{"name": ".//00/00/calculateratio_4_ID0000019.out", "timestamp": "2016-11-07T23:14:20.181623", "exitcode": 0, "app_exitcode": 0, "retry": 0, "std_out": "", "std_err": ""}
{"name": ".//00/01/clean_up_local_level_7_0.out", "timestamp": "2016-11-07T23:14:40.444706", "exitcode": 0, "app_exitcode": 0, "retry": 0, "std_out": "", "std_err": ""}
{"name": ".//00/00/calculateratio_3_ID0000018.out", "timestamp": "2016-11-07T23:14:45.601549", "exitcode": 0, "app_exitcode": 0, "retry": 0, "std_out": "", "std_err": ""}
{"name": ".//00/00/averageratioevent_1_ID0000025.out", "timestamp": "2016-11-07T23:15:11.261641", "exitcode": 0, "app_exitcode": 0, "retry": 0, "std_out": "", "std_err": ""}
{"name": ".//00/00/averageratioevent_3_ID0000027.out", "timestamp": "2016-11-07T23:15:16.513760", "exitcode": 0, "app_exitcode": 0, "retry": 0, "std_out": "", "std_err": ""}
{"name": ".//00/01/clean_up_local_level_7_1.out", "timestamp": "2016-11-07T23:15:16.540168", "exitcode": 0, "app_exitcode": 0, "retry": 0, "std_out": "", "std_err": ""}
{"name": ".//00/00/averageratioevent_0_ID0000024.out", "timestamp": "2016-11-07T23:15:36.927672", "exitcode": 0, "app_exitcode": 0, "retry": 0, "std_out": "", "std_err": ""}
{"name": ".//00/01/clean_up_local_level_8_0.out", "timestamp": "2016-11-07T23:15:36.944241", "exitcode": 0, "app_exitcode": 0, "retry": 0, "std_out": "", "std_err": ""}
{"name": ".//00/00/averageratioevent_2_ID0000026.out", "timestamp": "2016-11-07T23:16:07.112970", "exitcode": 0, "app_exitcode": 0, "retry": 0, "std_out": "", "std_err": ""}
{"name": ".//00/00/analysisevent_0_ID0000028.out", "timestamp": "2016-11-07T23:16:21.517645", "exitcode": 0, "app_exitcode": 0, "retry": 0, "std_out": "", "std_err": ""}
{"name": ".//00/01/clean_up_local_level_8_1.out", "timestamp": "2016-11-07T23:16:31.803767", "exitcode": 0, "app_exitcode": 0, "retry": 0, "std_out": "", "std_err": ""}
{"name": ".//00/01/terminate_0_ID0000029.out", "timestamp": "2016-11-07T23:16:36.939260", "exitcode": 0, "app_exitcode": 0, "retry": 0, "std_out": "", "std_err": ""}
{"name": ".//00/01/clean_up_local_level_9_0.out", "timestamp": "2016-11-07T23:16:47.280415", "exitcode": 0, "app_exitcode": 0, "retry": 0, "std_out": "", "std_err": ""}
{"name": ".//00/01/clean_up_local_level_10_0.out", "timestamp": "2016-11-07T23:16:52.468837", "exitcode": 0, "app_exitcode": 0, "retry": 0, "std_out": "", "std_err": ""}
