000 (9593.000.000) 12/13 12:19:05 Job submitted from host: <54.153.25.18:34310?addrs=54.153.25.18-34310>
    DAG Node: create_dir_example_workflow_0_local
    pool:local
...
001 (9593.000.000) 12/13 12:19:06 Job executing on host: <54.153.25.18:8801?addrs=54.153.25.18-8801>
...
005 (9593.000.000) 12/13 12:19:09 Job terminated.
	(1) Normal termination (return value 0)
		Usr 0 00:00:00, Sys 0 00:00:00  -  Run Remote Usage
		Usr 0 00:00:00, Sys 0 00:00:00  -  Run Local Usage
		Usr 0 00:00:00, Sys 0 00:00:00  -  Total Remote Usage
		Usr 0 00:00:00, Sys 0 00:00:00  -  Total Local Usage
	0  -  Run Bytes Sent By Job
	0  -  Run Bytes Received By Job
	0  -  Total Bytes Sent By Job
	0  -  Total Bytes Received By Job
...
000 (9594.000.000) 12/13 12:19:20 Job submitted from host: <54.153.25.18:34310?addrs=54.153.25.18-34310>
    DAG Node: stage_in_local_local_0_0
    pool:local
...
000 (9595.000.000) 12/13 12:19:20 Job submitted from host: <54.153.25.18:34310?addrs=54.153.25.18-34310>
    DAG Node: stage_in_local_local_6_0
    pool:local
...
001 (9594.000.000) 12/13 12:19:20 Job executing on host: <54.153.25.18:19040?addrs=54.153.25.18-19040>
...
000 (9596.000.000) 12/13 12:19:20 Job submitted from host: <54.153.25.18:34310?addrs=54.153.25.18-34310>
    DAG Node: stage_in_remote_local_2_1
    pool:local
...
000 (9597.000.000) 12/13 12:19:20 Job submitted from host: <54.153.25.18:34310?addrs=54.153.25.18-34310>
    DAG Node: stage_in_remote_local_5_0
    pool:local
...
000 (9598.000.000) 12/13 12:19:20 Job submitted from host: <54.153.25.18:34310?addrs=54.153.25.18-34310>
    DAG Node: stage_in_local_local_2_0
    pool:local
...
005 (9594.000.000) 12/13 12:19:22 Job terminated.
	(1) Normal termination (return value 0)
		Usr 0 00:00:00, Sys 0 00:00:00  -  Run Remote Usage
		Usr 0 00:00:00, Sys 0 00:00:00  -  Run Local Usage
		Usr 0 00:00:00, Sys 0 00:00:00  -  Total Remote Usage
		Usr 0 00:00:00, Sys 0 00:00:00  -  Total Local Usage
	0  -  Run Bytes Sent By Job
	0  -  Run Bytes Received By Job
	0  -  Total Bytes Sent By Job
	0  -  Total Bytes Received By Job
...
001 (9595.000.000) 12/13 12:19:22 Job executing on host: <54.153.25.18:22038?addrs=54.153.25.18-22038>
...
001 (9596.000.000) 12/13 12:19:22 Job executing on host: <54.153.25.18:1524?addrs=54.153.25.18-1524>
...
001 (9597.000.000) 12/13 12:19:22 Job executing on host: <54.153.25.18:64142?addrs=54.153.25.18-64142>
...
001 (9598.000.000) 12/13 12:19:22 Job executing on host: <54.153.25.18:55930?addrs=54.153.25.18-55930>
...
005 (9595.000.000) 12/13 12:19:25 Job terminated.
	(1) Normal termination (return value 0)
		Usr 0 00:00:00, Sys 0 00:00:00  -  Run Remote Usage
		Usr 0 00:00:00, Sys 0 00:00:00  -  Run Local Usage
		Usr 0 00:00:00, Sys 0 00:00:00  -  Total Remote Usage
		Usr 0 00:00:00, Sys 0 00:00:00  -  Total Local Usage
	0  -  Run Bytes Sent By Job
	0  -  Run Bytes Received By Job
	0  -  Total Bytes Sent By Job
	0  -  Total Bytes Received By Job
...
005 (9597.000.000) 12/13 12:19:25 Job terminated.
	(1) Normal termination (return value 0)
		Usr 0 00:00:00, Sys 0 00:00:00  -  Run Remote Usage
		Usr 0 00:00:00, Sys 0 00:00:00  -  Run Local Usage
		Usr 0 00:00:00, Sys 0 00:00:00  -  Total Remote Usage
		Usr 0 00:00:00, Sys 0 00:00:00  -  Total Local Usage
	0  -  Run Bytes Sent By Job
	0  -  Run Bytes Received By Job
	0  -  Total Bytes Sent By Job
	0  -  Total Bytes Received By Job
...
005 (9596.000.000) 12/13 12:19:25 Job terminated.
	(1) Normal termination (return value 0)
		Usr 0 00:00:00, Sys 0 00:00:00  -  Run Remote Usage
		Usr 0 00:00:00, Sys 0 00:00:00  -  Run Local Usage
		Usr 0 00:00:00, Sys 0 00:00:00  -  Total Remote Usage
		Usr 0 00:00:00, Sys 0 00:00:00  -  Total Local Usage
	0  -  Run Bytes Sent By Job
	0  -  Run Bytes Received By Job
	0  -  Total Bytes Sent By Job
	0  -  Total Bytes Received By Job
...
000 (9599.000.000) 12/13 12:19:25 Job submitted from host: <54.153.25.18:34310?addrs=54.153.25.18-34310>
    DAG Node: stage_in_local_local_2_1
    pool:local
...
001 (9599.000.000) 12/13 12:19:25 Job executing on host: <54.153.25.18:44837?addrs=54.153.25.18-44837>
...
000 (9600.000.000) 12/13 12:19:25 Job submitted from host: <54.153.25.18:34310?addrs=54.153.25.18-34310>
    DAG Node: stage_in_remote_local_1_0
    pool:local
...
001 (9600.000.000) 12/13 12:19:25 Job executing on host: <54.153.25.18:23738?addrs=54.153.25.18-23738>
...
000 (9601.000.000) 12/13 12:19:25 Job submitted from host: <54.153.25.18:34310?addrs=54.153.25.18-34310>
    DAG Node: stage_in_local_local_3_0
    pool:local
...
000 (9602.000.000) 12/13 12:19:25 Job submitted from host: <54.153.25.18:34310?addrs=54.153.25.18-34310>
    DAG Node: stage_in_local_local_5_0
    pool:local
...
001 (9601.000.000) 12/13 12:19:25 Job executing on host: <54.153.25.18:22435?addrs=54.153.25.18-22435>
...
000 (9603.000.000) 12/13 12:19:26 Job submitted from host: <54.153.25.18:34310?addrs=54.153.25.18-34310>
    DAG Node: stage_in_local_local_4_0
    pool:local
...
005 (9598.000.000) 12/13 12:19:27 Job terminated.
	(1) Normal termination (return value 0)
		Usr 0 00:00:00, Sys 0 00:00:00  -  Run Remote Usage
		Usr 0 00:00:00, Sys 0 00:00:00  -  Run Local Usage
		Usr 0 00:00:00, Sys 0 00:00:00  -  Total Remote Usage
		Usr 0 00:00:00, Sys 0 00:00:00  -  Total Local Usage
	0  -  Run Bytes Sent By Job
	0  -  Run Bytes Received By Job
	0  -  Total Bytes Sent By Job
	0  -  Total Bytes Received By Job
...
001 (9602.000.000) 12/13 12:19:27 Job executing on host: <54.153.25.18:63951?addrs=54.153.25.18-63951>
...
001 (9603.000.000) 12/13 12:19:27 Job executing on host: <54.153.25.18:19056?addrs=54.153.25.18-19056>
...
005 (9599.000.000) 12/13 12:19:28 Job terminated.
	(1) Normal termination (return value 0)
		Usr 0 00:00:00, Sys 0 00:00:00  -  Run Remote Usage
		Usr 0 00:00:00, Sys 0 00:00:00  -  Run Local Usage
		Usr 0 00:00:00, Sys 0 00:00:00  -  Total Remote Usage
		Usr 0 00:00:00, Sys 0 00:00:00  -  Total Local Usage
	0  -  Run Bytes Sent By Job
	0  -  Run Bytes Received By Job
	0  -  Total Bytes Sent By Job
	0  -  Total Bytes Received By Job
...
005 (9600.000.000) 12/13 12:19:28 Job terminated.
	(1) Normal termination (return value 0)
		Usr 0 00:00:00, Sys 0 00:00:00  -  Run Remote Usage
		Usr 0 00:00:00, Sys 0 00:00:00  -  Run Local Usage
		Usr 0 00:00:00, Sys 0 00:00:00  -  Total Remote Usage
		Usr 0 00:00:00, Sys 0 00:00:00  -  Total Local Usage
	0  -  Run Bytes Sent By Job
	0  -  Run Bytes Received By Job
	0  -  Total Bytes Sent By Job
	0  -  Total Bytes Received By Job
...
005 (9601.000.000) 12/13 12:19:28 Job terminated.
	(1) Normal termination (return value 0)
		Usr 0 00:00:00, Sys 0 00:00:00  -  Run Remote Usage
		Usr 0 00:00:00, Sys 0 00:00:00  -  Run Local Usage
		Usr 0 00:00:00, Sys 0 00:00:00  -  Total Remote Usage
		Usr 0 00:00:00, Sys 0 00:00:00  -  Total Local Usage
	0  -  Run Bytes Sent By Job
	0  -  Run Bytes Received By Job
	0  -  Total Bytes Sent By Job
	0  -  Total Bytes Received By Job
...
005 (9602.000.000) 12/13 12:19:29 Job terminated.
	(1) Normal termination (return value 0)
		Usr 0 00:00:00, Sys 0 00:00:00  -  Run Remote Usage
		Usr 0 00:00:00, Sys 0 00:00:00  -  Run Local Usage
		Usr 0 00:00:00, Sys 0 00:00:00  -  Total Remote Usage
		Usr 0 00:00:00, Sys 0 00:00:00  -  Total Local Usage
	0  -  Run Bytes Sent By Job
	0  -  Run Bytes Received By Job
	0  -  Total Bytes Sent By Job
	0  -  Total Bytes Received By Job
...
005 (9603.000.000) 12/13 12:19:29 Job terminated.
	(1) Normal termination (return value 0)
		Usr 0 00:00:00, Sys 0 00:00:00  -  Run Remote Usage
		Usr 0 00:00:00, Sys 0 00:00:00  -  Run Local Usage
		Usr 0 00:00:00, Sys 0 00:00:00  -  Total Remote Usage
		Usr 0 00:00:00, Sys 0 00:00:00  -  Total Local Usage
	0  -  Run Bytes Sent By Job
	0  -  Run Bytes Received By Job
	0  -  Total Bytes Sent By Job
	0  -  Total Bytes Received By Job
...
000 (9604.000.000) 12/13 12:19:31 Job submitted from host: <54.153.25.18:34310?addrs=54.153.25.18-34310>
    DAG Node: stage_in_local_local_7_0
    pool:local
...
000 (9605.000.000) 12/13 12:19:31 Job submitted from host: <54.153.25.18:34310?addrs=54.153.25.18-34310>
    DAG Node: stage_in_local_local_1_0
    pool:local
...
000 (9606.000.000) 12/13 12:19:31 Job submitted from host: <54.153.25.18:34310?addrs=54.153.25.18-34310>
    DAG Node: stage_in_remote_local_4_1
    pool:local
...
000 (9607.000.000) 12/13 12:19:31 Job submitted from host: <54.153.25.18:34310?addrs=54.153.25.18-34310>
    DAG Node: stage_in_remote_local_4_0
    pool:local
...
000 (9608.000.000) 12/13 12:19:31 Job submitted from host: <54.153.25.18:34310?addrs=54.153.25.18-34310>
    DAG Node: stage_in_remote_local_2_0
    pool:local
...
001 (9604.000.000) 12/13 12:19:36 Job executing on host: <54.153.25.18:54718?addrs=54.153.25.18-54718>
...
001 (9605.000.000) 12/13 12:19:36 Job executing on host: <54.153.25.18:28687?addrs=54.153.25.18-28687>
...
001 (9606.000.000) 12/13 12:19:36 Job executing on host: <54.153.25.18:36327?addrs=54.153.25.18-36327>
...
001 (9607.000.000) 12/13 12:19:36 Job executing on host: <54.153.25.18:54440?addrs=54.153.25.18-54440>
...
001 (9608.000.000) 12/13 12:19:36 Job executing on host: <54.153.25.18:49731?addrs=54.153.25.18-49731>
...
000 (9609.000.000) 12/13 12:19:37 Job submitted from host: <54.153.25.18:34310?addrs=54.153.25.18-34310>
    DAG Node: stage_in_remote_local_3_1
    pool:local
...
000 (9610.000.000) 12/13 12:19:38 Job submitted from host: <54.153.25.18:34310?addrs=54.153.25.18-34310>
    DAG Node: stage_in_remote_local_3_0
    pool:local
...
000 (9611.000.000) 12/13 12:19:38 Job submitted from host: <54.153.25.18:34310?addrs=54.153.25.18-34310>
    DAG Node: stage_in_remote_local_6_0
    pool:local
...
000 (9612.000.000) 12/13 12:19:38 Job submitted from host: <54.153.25.18:34310?addrs=54.153.25.18-34310>
    DAG Node: init_0_ID0000001
    pool:condorpool
...
005 (9604.000.000) 12/13 12:19:38 Job terminated.
	(1) Normal termination (return value 0)
		Usr 0 00:00:00, Sys 0 00:00:00  -  Run Remote Usage
		Usr 0 00:00:00, Sys 0 00:00:00  -  Run Local Usage
		Usr 0 00:00:00, Sys 0 00:00:00  -  Total Remote Usage
		Usr 0 00:00:00, Sys 0 00:00:00  -  Total Local Usage
	0  -  Run Bytes Sent By Job
	0  -  Run Bytes Received By Job
	0  -  Total Bytes Sent By Job
	0  -  Total Bytes Received By Job
...
001 (9609.000.000) 12/13 12:19:38 Job executing on host: <54.153.25.18:42932?addrs=54.153.25.18-42932>
...
001 (9610.000.000) 12/13 12:19:38 Job executing on host: <54.153.25.18:31097?addrs=54.153.25.18-31097>
...
001 (9611.000.000) 12/13 12:19:38 Job executing on host: <54.153.25.18:39817?addrs=54.153.25.18-39817>
...
005 (9605.000.000) 12/13 12:19:39 Job terminated.
	(1) Normal termination (return value 0)
		Usr 0 00:00:00, Sys 0 00:00:00  -  Run Remote Usage
		Usr 0 00:00:00, Sys 0 00:00:00  -  Run Local Usage
		Usr 0 00:00:00, Sys 0 00:00:00  -  Total Remote Usage
		Usr 0 00:00:00, Sys 0 00:00:00  -  Total Local Usage
	0  -  Run Bytes Sent By Job
	0  -  Run Bytes Received By Job
	0  -  Total Bytes Sent By Job
	0  -  Total Bytes Received By Job
...
005 (9606.000.000) 12/13 12:19:39 Job terminated.
	(1) Normal termination (return value 0)
		Usr 0 00:00:00, Sys 0 00:00:00  -  Run Remote Usage
		Usr 0 00:00:00, Sys 0 00:00:00  -  Run Local Usage
		Usr 0 00:00:00, Sys 0 00:00:00  -  Total Remote Usage
		Usr 0 00:00:00, Sys 0 00:00:00  -  Total Local Usage
	0  -  Run Bytes Sent By Job
	0  -  Run Bytes Received By Job
	0  -  Total Bytes Sent By Job
	0  -  Total Bytes Received By Job
...
005 (9607.000.000) 12/13 12:19:40 Job terminated.
	(1) Normal termination (return value 0)
		Usr 0 00:00:00, Sys 0 00:00:00  -  Run Remote Usage
		Usr 0 00:00:00, Sys 0 00:00:00  -  Run Local Usage
		Usr 0 00:00:00, Sys 0 00:00:00  -  Total Remote Usage
		Usr 0 00:00:00, Sys 0 00:00:00  -  Total Local Usage
	0  -  Run Bytes Sent By Job
	0  -  Run Bytes Received By Job
	0  -  Total Bytes Sent By Job
	0  -  Total Bytes Received By Job
...
005 (9608.000.000) 12/13 12:19:40 Job terminated.
	(1) Normal termination (return value 0)
		Usr 0 00:00:00, Sys 0 00:00:00  -  Run Remote Usage
		Usr 0 00:00:00, Sys 0 00:00:00  -  Run Local Usage
		Usr 0 00:00:00, Sys 0 00:00:00  -  Total Remote Usage
		Usr 0 00:00:00, Sys 0 00:00:00  -  Total Local Usage
	0  -  Run Bytes Sent By Job
	0  -  Run Bytes Received By Job
	0  -  Total Bytes Sent By Job
	0  -  Total Bytes Received By Job
...
005 (9609.000.000) 12/13 12:19:41 Job terminated.
	(1) Normal termination (return value 0)
		Usr 0 00:00:00, Sys 0 00:00:00  -  Run Remote Usage
		Usr 0 00:00:00, Sys 0 00:00:00  -  Run Local Usage
		Usr 0 00:00:00, Sys 0 00:00:00  -  Total Remote Usage
		Usr 0 00:00:00, Sys 0 00:00:00  -  Total Local Usage
	0  -  Run Bytes Sent By Job
	0  -  Run Bytes Received By Job
	0  -  Total Bytes Sent By Job
	0  -  Total Bytes Received By Job
...
005 (9611.000.000) 12/13 12:19:41 Job terminated.
	(1) Normal termination (return value 0)
		Usr 0 00:00:00, Sys 0 00:00:00  -  Run Remote Usage
		Usr 0 00:00:00, Sys 0 00:00:00  -  Run Local Usage
		Usr 0 00:00:00, Sys 0 00:00:00  -  Total Remote Usage
		Usr 0 00:00:00, Sys 0 00:00:00  -  Total Local Usage
	0  -  Run Bytes Sent By Job
	0  -  Run Bytes Received By Job
	0  -  Total Bytes Sent By Job
	0  -  Total Bytes Received By Job
...
005 (9610.000.000) 12/13 12:19:43 Job terminated.
	(1) Normal termination (return value 0)
		Usr 0 00:00:00, Sys 0 00:00:00  -  Run Remote Usage
		Usr 0 00:00:00, Sys 0 00:00:00  -  Run Local Usage
		Usr 0 00:00:00, Sys 0 00:00:00  -  Total Remote Usage
		Usr 0 00:00:00, Sys 0 00:00:00  -  Total Local Usage
	0  -  Run Bytes Sent By Job
	0  -  Run Bytes Received By Job
	0  -  Total Bytes Sent By Job
	0  -  Total Bytes Received By Job
...
001 (9612.000.000) 12/13 12:20:02 Job executing on host: <54.191.39.190:28005?addrs=54.191.39.190-28005&noUDP>
...
006 (9612.000.000) 12/13 12:20:10 Image size of job updated: 2
	2  -  MemoryUsage of job (MB)
	1648  -  ResidentSetSize of job (KB)
...
006 (9612.000.000) 12/13 12:25:10 Image size of job updated: 358788
	15  -  MemoryUsage of job (MB)
	15068  -  ResidentSetSize of job (KB)
...
006 (9612.000.000) 12/13 12:30:10 Image size of job updated: 358788
	15  -  MemoryUsage of job (MB)
	15072  -  ResidentSetSize of job (KB)
...
005 (9612.000.000) 12/13 12:30:10 Job terminated.
	(1) Normal termination (return value 0)
		Usr 0 00:00:00, Sys 0 00:00:00  -  Run Remote Usage
		Usr 0 00:00:00, Sys 0 00:00:00  -  Run Local Usage
		Usr 0 00:00:00, Sys 0 00:00:00  -  Total Remote Usage
		Usr 0 00:00:00, Sys 0 00:00:00  -  Total Local Usage
	4468  -  Run Bytes Sent By Job
	3169847  -  Run Bytes Received By Job
	4468  -  Total Bytes Sent By Job
	3169847  -  Total Bytes Received By Job
	Partitionable Resources :    Usage  Request Allocated
	   Cpus                 :                 1         1
	   Disk (KB)            :     6105     3250  27753704
	   Memory (MB)          :       15        1      3764
...
000 (9613.000.000) 12/13 12:30:24 Job submitted from host: <54.153.25.18:34310?addrs=54.153.25.18-34310>
    DAG Node: clean_up_local_level_3_0
    pool:local
...
000 (9614.000.000) 12/13 12:30:24 Job submitted from host: <54.153.25.18:34310?addrs=54.153.25.18-34310>
    DAG Node: generalinfo_0_ID0000002
    pool:condorpool
...
001 (9613.000.000) 12/13 12:30:24 Job executing on host: <54.153.25.18:16774?addrs=54.153.25.18-16774>
...
001 (9614.000.000) 12/13 12:30:24 Job executing on host: <54.191.39.190:28005?addrs=54.191.39.190-28005&noUDP>
...
005 (9613.000.000) 12/13 12:30:26 Job terminated.
	(1) Normal termination (return value 0)
		Usr 0 00:00:00, Sys 0 00:00:00  -  Run Remote Usage
		Usr 0 00:00:00, Sys 0 00:00:00  -  Run Local Usage
		Usr 0 00:00:00, Sys 0 00:00:00  -  Total Remote Usage
		Usr 0 00:00:00, Sys 0 00:00:00  -  Total Local Usage
	0  -  Run Bytes Sent By Job
	0  -  Run Bytes Received By Job
	0  -  Total Bytes Sent By Job
	0  -  Total Bytes Received By Job
...
006 (9614.000.000) 12/13 12:30:32 Image size of job updated: 2
	2  -  MemoryUsage of job (MB)
	1656  -  ResidentSetSize of job (KB)
...
006 (9614.000.000) 12/13 12:35:33 Image size of job updated: 484952
	137  -  MemoryUsage of job (MB)
	139924  -  ResidentSetSize of job (KB)
...
006 (9614.000.000) 12/13 12:40:33 Image size of job updated: 486228
	137  -  MemoryUsage of job (MB)
	139924  -  ResidentSetSize of job (KB)
...
006 (9614.000.000) 12/13 13:10:35 Image size of job updated: 487252
	137  -  MemoryUsage of job (MB)
	139924  -  ResidentSetSize of job (KB)
...
005 (9614.000.000) 12/13 13:33:21 Job terminated.
	(1) Normal termination (return value 0)
		Usr 0 00:51:19, Sys 0 00:00:38  -  Run Remote Usage
		Usr 0 00:00:00, Sys 0 00:00:00  -  Run Local Usage
		Usr 0 00:51:19, Sys 0 00:00:38  -  Total Remote Usage
		Usr 0 00:00:00, Sys 0 00:00:00  -  Total Local Usage
	5288  -  Run Bytes Sent By Job
	3168855  -  Run Bytes Received By Job
	5288  -  Total Bytes Sent By Job
	3168855  -  Total Bytes Received By Job
	Partitionable Resources :    Usage  Request Allocated
	   Cpus                 :                 1         1
	   Disk (KB)            :     6106     3250  27753704
	   Memory (MB)          :      137        1      3764
...
000 (9615.000.000) 12/13 13:33:33 Job submitted from host: <54.153.25.18:34310?addrs=54.153.25.18-34310>
    DAG Node: clean_up_local_level_4_0
    pool:local
...
001 (9615.000.000) 12/13 13:33:33 Job executing on host: <54.153.25.18:38904?addrs=54.153.25.18-38904>
...
000 (9616.000.000) 12/13 13:33:33 Job submitted from host: <54.153.25.18:34310?addrs=54.153.25.18-34310>
    DAG Node: statscpumemory_0_ID0000003
    pool:condorpool
...
000 (9617.000.000) 12/13 13:33:33 Job submitted from host: <54.153.25.18:34310?addrs=54.153.25.18-34310>
    DAG Node: medianmemory_0_ID0000005
    pool:condorpool
...
000 (9618.000.000) 12/13 13:33:33 Job submitted from host: <54.153.25.18:34310?addrs=54.153.25.18-34310>
    DAG Node: mediancpu_0_ID0000004
    pool:condorpool
...
005 (9615.000.000) 12/13 13:33:37 Job terminated.
	(1) Normal termination (return value 0)
		Usr 0 00:00:00, Sys 0 00:00:00  -  Run Remote Usage
		Usr 0 00:00:00, Sys 0 00:00:00  -  Run Local Usage
		Usr 0 00:00:00, Sys 0 00:00:00  -  Total Remote Usage
		Usr 0 00:00:00, Sys 0 00:00:00  -  Total Local Usage
	0  -  Run Bytes Sent By Job
	0  -  Run Bytes Received By Job
	0  -  Total Bytes Sent By Job
	0  -  Total Bytes Received By Job
...
001 (9616.000.000) 12/13 13:34:03 Job executing on host: <54.191.39.190:28005?addrs=54.191.39.190-28005&noUDP>
...
006 (9616.000.000) 12/13 13:34:12 Image size of job updated: 2
	2  -  MemoryUsage of job (MB)
	1656  -  ResidentSetSize of job (KB)
...
006 (9616.000.000) 12/13 13:39:12 Image size of job updated: 487944
	142  -  MemoryUsage of job (MB)
	144744  -  ResidentSetSize of job (KB)
...
006 (9616.000.000) 12/13 13:49:13 Image size of job updated: 493724
	142  -  MemoryUsage of job (MB)
	144744  -  ResidentSetSize of job (KB)
...
006 (9616.000.000) 12/13 14:44:20 Image size of job updated: 758384
	142  -  MemoryUsage of job (MB)
	144744  -  ResidentSetSize of job (KB)
...
006 (9616.000.000) 12/13 14:49:20 Image size of job updated: 758564
	142  -  MemoryUsage of job (MB)
	144744  -  ResidentSetSize of job (KB)
...
006 (9616.000.000) 12/13 14:59:21 Image size of job updated: 762020
	142  -  MemoryUsage of job (MB)
	144744  -  ResidentSetSize of job (KB)
...
005 (9616.000.000) 12/13 15:48:54 Job terminated.
	(1) Normal termination (return value 0)
		Usr 0 01:50:53, Sys 0 00:01:16  -  Run Remote Usage
		Usr 0 00:00:00, Sys 0 00:00:00  -  Run Local Usage
		Usr 0 01:50:53, Sys 0 00:01:16  -  Total Remote Usage
		Usr 0 00:00:00, Sys 0 00:00:00  -  Total Local Usage
	5691  -  Run Bytes Sent By Job
	3171027  -  Run Bytes Received By Job
	5691  -  Total Bytes Sent By Job
	3171027  -  Total Bytes Received By Job
	Partitionable Resources :    Usage  Request Allocated
	   Cpus                 :                 1         1
	   Disk (KB)            :     6109     3250  27753392
	   Memory (MB)          :      142        1      3764
...
001 (9617.000.000) 12/13 15:49:55 Job executing on host: <54.191.39.190:28005?addrs=54.191.39.190-28005&noUDP>
...
006 (9617.000.000) 12/13 15:50:03 Image size of job updated: 2
	2  -  MemoryUsage of job (MB)
	1664  -  ResidentSetSize of job (KB)
...
006 (9617.000.000) 12/13 15:55:03 Image size of job updated: 506664
	160  -  MemoryUsage of job (MB)
	163112  -  ResidentSetSize of job (KB)
...
006 (9617.000.000) 12/13 16:00:04 Image size of job updated: 508824
	160  -  MemoryUsage of job (MB)
	163112  -  ResidentSetSize of job (KB)
...
006 (9617.000.000) 12/13 16:10:05 Image size of job updated: 511124
	160  -  MemoryUsage of job (MB)
	163112  -  ResidentSetSize of job (KB)
...
006 (9617.000.000) 12/13 16:25:07 Image size of job updated: 511124
	161  -  MemoryUsage of job (MB)
	164628  -  ResidentSetSize of job (KB)
...
006 (9617.000.000) 12/13 16:55:11 Image size of job updated: 511124
	163  -  MemoryUsage of job (MB)
	166740  -  ResidentSetSize of job (KB)
...
006 (9617.000.000) 12/13 17:10:12 Image size of job updated: 779568
	163  -  MemoryUsage of job (MB)
	166740  -  ResidentSetSize of job (KB)
...
006 (9617.000.000) 12/13 17:45:16 Image size of job updated: 779900
	163  -  MemoryUsage of job (MB)
	166740  -  ResidentSetSize of job (KB)
...
006 (9617.000.000) 12/13 18:00:18 Image size of job updated: 780820
	163  -  MemoryUsage of job (MB)
	166740  -  ResidentSetSize of job (KB)
...
005 (9617.000.000) 12/13 18:06:01 Job terminated.
	(1) Normal termination (return value 0)
		Usr 0 01:51:41, Sys 0 00:01:29  -  Run Remote Usage
		Usr 0 00:00:00, Sys 0 00:00:00  -  Run Local Usage
		Usr 0 01:51:41, Sys 0 00:01:29  -  Total Remote Usage
		Usr 0 00:00:00, Sys 0 00:00:00  -  Total Local Usage
	379515  -  Run Bytes Sent By Job
	3168750  -  Run Bytes Received By Job
	379515  -  Total Bytes Sent By Job
	3168750  -  Total Bytes Received By Job
	Partitionable Resources :    Usage  Request Allocated
	   Cpus                 :                 1         1
	   Disk (KB)            :  5910481     3250  27752868
	   Memory (MB)          :      163        1      3764
...
000 (9619.000.000) 12/13 18:06:14 Job submitted from host: <54.153.25.18:34310?addrs=54.153.25.18-34310>
    DAG Node: clean_up_local_level_5_0
    pool:local
...
001 (9619.000.000) 12/13 18:06:14 Job executing on host: <54.153.25.18:10427?addrs=54.153.25.18-10427>
...
001 (9618.000.000) 12/13 18:06:15 Job executing on host: <54.191.39.190:28005?addrs=54.191.39.190-28005&noUDP>
...
005 (9619.000.000) 12/13 18:06:22 Job terminated.
	(1) Normal termination (return value 0)
		Usr 0 00:00:00, Sys 0 00:00:00  -  Run Remote Usage
		Usr 0 00:00:00, Sys 0 00:00:00  -  Run Local Usage
		Usr 0 00:00:00, Sys 0 00:00:00  -  Total Remote Usage
		Usr 0 00:00:00, Sys 0 00:00:00  -  Total Local Usage
	0  -  Run Bytes Sent By Job
	0  -  Run Bytes Received By Job
	0  -  Total Bytes Sent By Job
	0  -  Total Bytes Received By Job
...
006 (9618.000.000) 12/13 18:06:24 Image size of job updated: 2
	2  -  MemoryUsage of job (MB)
	1652  -  ResidentSetSize of job (KB)
...
006 (9618.000.000) 12/13 18:11:25 Image size of job updated: 511388
	152  -  MemoryUsage of job (MB)
	155156  -  ResidentSetSize of job (KB)
...
006 (9618.000.000) 12/13 18:16:25 Image size of job updated: 511388
	162  -  MemoryUsage of job (MB)
	165656  -  ResidentSetSize of job (KB)
...
006 (9618.000.000) 12/13 18:26:27 Image size of job updated: 514192
	162  -  MemoryUsage of job (MB)
	165656  -  ResidentSetSize of job (KB)
...
006 (9618.000.000) 12/13 18:41:29 Image size of job updated: 514192
	164  -  MemoryUsage of job (MB)
	167736  -  ResidentSetSize of job (KB)
...
006 (9618.000.000) 12/13 19:26:35 Image size of job updated: 776164
	164  -  MemoryUsage of job (MB)
	167736  -  ResidentSetSize of job (KB)
...
006 (9618.000.000) 12/13 19:36:36 Image size of job updated: 776168
	164  -  MemoryUsage of job (MB)
	167736  -  ResidentSetSize of job (KB)
...
006 (9618.000.000) 12/13 19:41:37 Image size of job updated: 781212
	164  -  MemoryUsage of job (MB)
	167736  -  ResidentSetSize of job (KB)
...
006 (9618.000.000) 12/13 19:46:37 Image size of job updated: 782364
	164  -  MemoryUsage of job (MB)
	167736  -  ResidentSetSize of job (KB)
...
005 (9618.000.000) 12/13 20:24:28 Job terminated.
	(1) Normal termination (return value 0)
		Usr 0 01:53:14, Sys 0 00:01:22  -  Run Remote Usage
		Usr 0 00:00:00, Sys 0 00:00:00  -  Run Local Usage
		Usr 0 01:53:14, Sys 0 00:01:22  -  Total Remote Usage
		Usr 0 00:00:00, Sys 0 00:00:00  -  Total Local Usage
	382028  -  Run Bytes Sent By Job
	3168714  -  Run Bytes Received By Job
	382028  -  Total Bytes Sent By Job
	3168714  -  Total Bytes Received By Job
	Partitionable Resources :    Usage  Request Allocated
	   Cpus                 :                 1         1
	   Disk (KB)            :  5780489     3250  27753352
	   Memory (MB)          :      164        1      3764
...
000 (9620.000.000) 12/13 20:24:38 Job submitted from host: <54.153.25.18:34310?addrs=54.153.25.18-34310>
    DAG Node: taskevent_0_ID0000006
    pool:condorpool
...
000 (9621.000.000) 12/13 20:24:38 Job submitted from host: <54.153.25.18:34310?addrs=54.153.25.18-34310>
    DAG Node: clean_up_local_level_5_1
    pool:local
...
001 (9620.000.000) 12/13 20:24:39 Job executing on host: <54.191.39.190:28005?addrs=54.191.39.190-28005&noUDP>
...
001 (9621.000.000) 12/13 20:24:43 Job executing on host: <54.153.25.18:29937?addrs=54.153.25.18-29937>
...
006 (9620.000.000) 12/13 20:24:47 Image size of job updated: 2
	2  -  MemoryUsage of job (MB)
	1636  -  ResidentSetSize of job (KB)
...
005 (9621.000.000) 12/13 20:24:47 Job terminated.
	(1) Normal termination (return value 0)
		Usr 0 00:00:00, Sys 0 00:00:00  -  Run Remote Usage
		Usr 0 00:00:00, Sys 0 00:00:00  -  Run Local Usage
		Usr 0 00:00:00, Sys 0 00:00:00  -  Total Remote Usage
		Usr 0 00:00:00, Sys 0 00:00:00  -  Total Local Usage
	0  -  Run Bytes Sent By Job
	0  -  Run Bytes Received By Job
	0  -  Total Bytes Sent By Job
	0  -  Total Bytes Received By Job
...
006 (9620.000.000) 12/13 20:29:47 Image size of job updated: 762408
	113  -  MemoryUsage of job (MB)
	115156  -  ResidentSetSize of job (KB)
...
006 (9620.000.000) 12/13 20:34:49 Image size of job updated: 764228
	121  -  MemoryUsage of job (MB)
	123112  -  ResidentSetSize of job (KB)
...
006 (9620.000.000) 12/13 20:39:49 Image size of job updated: 764228
	134  -  MemoryUsage of job (MB)
	136956  -  ResidentSetSize of job (KB)
...
006 (9620.000.000) 12/13 22:14:59 Image size of job updated: 768136
	134  -  MemoryUsage of job (MB)
	136956  -  ResidentSetSize of job (KB)
...
006 (9620.000.000) 12/13 22:20:00 Image size of job updated: 769088
	134  -  MemoryUsage of job (MB)
	136956  -  ResidentSetSize of job (KB)
...
006 (9620.000.000) 12/13 22:30:01 Image size of job updated: 772484
	134  -  MemoryUsage of job (MB)
	136956  -  ResidentSetSize of job (KB)
...
006 (9620.000.000) 12/13 22:50:02 Image size of job updated: 773112
	134  -  MemoryUsage of job (MB)
	136956  -  ResidentSetSize of job (KB)
...
006 (9620.000.000) 12/13 23:20:06 Image size of job updated: 773716
	137  -  MemoryUsage of job (MB)
	139332  -  ResidentSetSize of job (KB)
...
005 (9620.000.000) 12/13 23:55:50 Job terminated.
	(1) Normal termination (return value 0)
		Usr 0 01:55:27, Sys 0 00:01:44  -  Run Remote Usage
		Usr 0 00:00:00, Sys 0 00:00:00  -  Run Local Usage
		Usr 0 01:55:27, Sys 0 00:01:44  -  Total Remote Usage
		Usr 0 00:00:00, Sys 0 00:00:00  -  Total Local Usage
	13204  -  Run Bytes Sent By Job
	3174920  -  Run Bytes Received By Job
	13204  -  Total Bytes Sent By Job
	3174920  -  Total Bytes Received By Job
	Partitionable Resources :    Usage  Request Allocated
	   Cpus                 :                 1         1
	   Disk (KB)            :     6121     3250  27752820
	   Memory (MB)          :      137        1      3764
...
000 (9622.000.000) 12/13 23:56:00 Job submitted from host: <54.153.25.18:34310?addrs=54.153.25.18-34310>
    DAG Node: clean_up_local_level_6_0
    pool:local
...
001 (9622.000.000) 12/13 23:56:01 Job executing on host: <54.153.25.18:40101?addrs=54.153.25.18-40101>
...
000 (9623.000.000) 12/13 23:56:01 Job submitted from host: <54.153.25.18:34310?addrs=54.153.25.18-34310>
    DAG Node: calculateratio_0_ID0000007
    pool:condorpool
...
005 (9622.000.000) 12/13 23:56:09 Job terminated.
	(1) Normal termination (return value 0)
		Usr 0 00:00:00, Sys 0 00:00:00  -  Run Remote Usage
		Usr 0 00:00:00, Sys 0 00:00:00  -  Run Local Usage
		Usr 0 00:00:00, Sys 0 00:00:00  -  Total Remote Usage
		Usr 0 00:00:00, Sys 0 00:00:00  -  Total Local Usage
	0  -  Run Bytes Sent By Job
	0  -  Run Bytes Received By Job
	0  -  Total Bytes Sent By Job
	0  -  Total Bytes Received By Job
...
001 (9623.000.000) 12/13 23:56:21 Job executing on host: <54.191.39.190:28005?addrs=54.191.39.190-28005&noUDP>
...
006 (9623.000.000) 12/13 23:56:30 Image size of job updated: 2
	2  -  MemoryUsage of job (MB)
	1644  -  ResidentSetSize of job (KB)
...
006 (9623.000.000) 12/14 00:01:32 Image size of job updated: 793896
	151  -  MemoryUsage of job (MB)
	154116  -  ResidentSetSize of job (KB)
...
006 (9623.000.000) 12/14 00:06:32 Image size of job updated: 794292
	151  -  MemoryUsage of job (MB)
	154116  -  ResidentSetSize of job (KB)
...
006 (9623.000.000) 12/14 00:11:32 Image size of job updated: 794572
	153  -  MemoryUsage of job (MB)
	156348  -  ResidentSetSize of job (KB)
...
006 (9623.000.000) 12/14 00:16:32 Image size of job updated: 795272
	153  -  MemoryUsage of job (MB)
	156348  -  ResidentSetSize of job (KB)
...
006 (9623.000.000) 12/14 00:31:34 Image size of job updated: 795824
	153  -  MemoryUsage of job (MB)
	156348  -  ResidentSetSize of job (KB)
...
006 (9623.000.000) 12/14 00:36:34 Image size of job updated: 797232
	153  -  MemoryUsage of job (MB)
	156348  -  ResidentSetSize of job (KB)
...
006 (9623.000.000) 12/14 01:21:39 Image size of job updated: 798876
	153  -  MemoryUsage of job (MB)
	156348  -  ResidentSetSize of job (KB)
...
006 (9623.000.000) 12/14 01:26:39 Image size of job updated: 798876
	153  -  MemoryUsage of job (MB)
	156364  -  ResidentSetSize of job (KB)
...
006 (9623.000.000) 12/14 01:46:41 Image size of job updated: 798952
	153  -  MemoryUsage of job (MB)
	156364  -  ResidentSetSize of job (KB)
...
006 (9623.000.000) 12/14 02:16:45 Image size of job updated: 801052
	153  -  MemoryUsage of job (MB)
	156616  -  ResidentSetSize of job (KB)
...
006 (9623.000.000) 12/14 02:21:45 Image size of job updated: 801092
	153  -  MemoryUsage of job (MB)
	156616  -  ResidentSetSize of job (KB)
...
006 (9623.000.000) 12/14 03:16:51 Image size of job updated: 801092
	154  -  MemoryUsage of job (MB)
	156868  -  ResidentSetSize of job (KB)
...
006 (9623.000.000) 12/14 03:41:53 Image size of job updated: 801092
	154  -  MemoryUsage of job (MB)
	157232  -  ResidentSetSize of job (KB)
...
006 (9623.000.000) 12/14 03:51:53 Image size of job updated: 801092
	155  -  MemoryUsage of job (MB)
	157860  -  ResidentSetSize of job (KB)
...
005 (9623.000.000) 12/14 04:16:55 Job terminated.
	(1) Normal termination (return value 0)
		Usr 0 01:54:22, Sys 0 00:04:01  -  Run Remote Usage
		Usr 0 00:00:00, Sys 0 00:00:00  -  Run Local Usage
		Usr 0 01:54:22, Sys 0 00:04:01  -  Total Remote Usage
		Usr 0 00:00:00, Sys 0 00:00:00  -  Total Local Usage
	359489  -  Run Bytes Sent By Job
	3173650  -  Run Bytes Received By Job
	359489  -  Total Bytes Sent By Job
	3173650  -  Total Bytes Received By Job
	Partitionable Resources :    Usage  Request Allocated
	   Cpus                 :                 1         1
	   Disk (KB)            :     7304     3250  27752044
	   Memory (MB)          :      155        1      3764
...
000 (9624.000.000) 12/14 04:17:06 Job submitted from host: <54.153.25.18:34310?addrs=54.153.25.18-34310>
    DAG Node: clean_up_local_level_7_0
    pool:local
...
001 (9624.000.000) 12/14 04:17:06 Job executing on host: <54.153.25.18:63994?addrs=54.153.25.18-63994>
...
000 (9625.000.000) 12/14 04:17:06 Job submitted from host: <54.153.25.18:34310?addrs=54.153.25.18-34310>
    DAG Node: averageratioevent_0_ID0000008
    pool:condorpool
...
005 (9624.000.000) 12/14 04:17:14 Job terminated.
	(1) Normal termination (return value 0)
		Usr 0 00:00:00, Sys 0 00:00:00  -  Run Remote Usage
		Usr 0 00:00:00, Sys 0 00:00:00  -  Run Local Usage
		Usr 0 00:00:00, Sys 0 00:00:00  -  Total Remote Usage
		Usr 0 00:00:00, Sys 0 00:00:00  -  Total Local Usage
	0  -  Run Bytes Sent By Job
	0  -  Run Bytes Received By Job
	0  -  Total Bytes Sent By Job
	0  -  Total Bytes Received By Job
...
001 (9625.000.000) 12/14 04:17:27 Job executing on host: <54.191.39.190:28005?addrs=54.191.39.190-28005&noUDP>
...
006 (9625.000.000) 12/14 04:17:35 Image size of job updated: 2
	2  -  MemoryUsage of job (MB)
	1656  -  ResidentSetSize of job (KB)
...
006 (9625.000.000) 12/14 04:22:35 Image size of job updated: 490508
	144  -  MemoryUsage of job (MB)
	146716  -  ResidentSetSize of job (KB)
...
006 (9625.000.000) 12/14 04:27:36 Image size of job updated: 490508
	144  -  MemoryUsage of job (MB)
	146804  -  ResidentSetSize of job (KB)
...
006 (9625.000.000) 12/14 04:39:42 Image size of job updated: 695264
	144  -  MemoryUsage of job (MB)
	146804  -  ResidentSetSize of job (KB)
...
005 (9625.000.000) 12/14 04:39:42 Job terminated.
	(1) Normal termination (return value 0)
		Usr 0 00:13:58, Sys 0 00:00:18  -  Run Remote Usage
		Usr 0 00:00:00, Sys 0 00:00:00  -  Run Local Usage
		Usr 0 00:13:58, Sys 0 00:00:18  -  Total Remote Usage
		Usr 0 00:00:00, Sys 0 00:00:00  -  Total Local Usage
	266720  -  Run Bytes Sent By Job
	3169650  -  Run Bytes Received By Job
	266720  -  Total Bytes Sent By Job
	3169650  -  Total Bytes Received By Job
	Partitionable Resources :    Usage  Request Allocated
	   Cpus                 :                 1         1
	   Disk (KB)            :   181050     3250  27750196
	   Memory (MB)          :      144        1      3764
...
000 (9626.000.000) 12/14 04:39:53 Job submitted from host: <54.153.25.18:34310?addrs=54.153.25.18-34310>
    DAG Node: clean_up_local_level_8_0
    pool:local
...
000 (9627.000.000) 12/14 04:39:53 Job submitted from host: <54.153.25.18:34310?addrs=54.153.25.18-34310>
    DAG Node: analysisevent_0_ID0000009
    pool:condorpool
...
001 (9626.000.000) 12/14 04:39:53 Job executing on host: <54.153.25.18:44290?addrs=54.153.25.18-44290>
...
005 (9626.000.000) 12/14 04:39:57 Job terminated.
	(1) Normal termination (return value 0)
		Usr 0 00:00:00, Sys 0 00:00:00  -  Run Remote Usage
		Usr 0 00:00:00, Sys 0 00:00:00  -  Run Local Usage
		Usr 0 00:00:00, Sys 0 00:00:00  -  Total Remote Usage
		Usr 0 00:00:00, Sys 0 00:00:00  -  Total Local Usage
	0  -  Run Bytes Sent By Job
	0  -  Run Bytes Received By Job
	0  -  Total Bytes Sent By Job
	0  -  Total Bytes Received By Job
...
001 (9627.000.000) 12/14 04:40:14 Job executing on host: <54.191.39.190:28005?addrs=54.191.39.190-28005&noUDP>
...
006 (9627.000.000) 12/14 04:40:17 Image size of job updated: 2
	0  -  MemoryUsage of job (MB)
	0  -  ResidentSetSize of job (KB)
...
005 (9627.000.000) 12/14 04:40:17 Job terminated.
	(1) Normal termination (return value 0)
		Usr 0 00:00:00, Sys 0 00:00:00  -  Run Remote Usage
		Usr 0 00:00:00, Sys 0 00:00:00  -  Run Local Usage
		Usr 0 00:00:00, Sys 0 00:00:00  -  Total Remote Usage
		Usr 0 00:00:00, Sys 0 00:00:00  -  Total Local Usage
	5344  -  Run Bytes Sent By Job
	3169137  -  Run Bytes Received By Job
	5344  -  Total Bytes Sent By Job
	3169137  -  Total Bytes Received By Job
	Partitionable Resources :    Usage  Request Allocated
	   Cpus                 :                 1         1
	   Disk (KB)            :     6106     3250  27750108
	   Memory (MB)          :        0        1      3764
...
000 (9628.000.000) 12/14 04:40:29 Job submitted from host: <54.153.25.18:34310?addrs=54.153.25.18-34310>
    DAG Node: terminate_0_ID0000010
    pool:condorpool
...
000 (9629.000.000) 12/14 04:40:29 Job submitted from host: <54.153.25.18:34310?addrs=54.153.25.18-34310>
    DAG Node: clean_up_local_level_9_0
    pool:local
...
001 (9628.000.000) 12/14 04:40:29 Job executing on host: <54.191.39.190:28005?addrs=54.191.39.190-28005&noUDP>
...
006 (9628.000.000) 12/14 04:40:32 Image size of job updated: 2
	0  -  MemoryUsage of job (MB)
	0  -  ResidentSetSize of job (KB)
...
005 (9628.000.000) 12/14 04:40:32 Job terminated.
	(1) Normal termination (return value 0)
		Usr 0 00:00:00, Sys 0 00:00:00  -  Run Remote Usage
		Usr 0 00:00:00, Sys 0 00:00:00  -  Run Local Usage
		Usr 0 00:00:00, Sys 0 00:00:00  -  Total Remote Usage
		Usr 0 00:00:00, Sys 0 00:00:00  -  Total Local Usage
	4471  -  Run Bytes Sent By Job
	3167596  -  Run Bytes Received By Job
	4471  -  Total Bytes Sent By Job
	3167596  -  Total Bytes Received By Job
	Partitionable Resources :    Usage  Request Allocated
	   Cpus                 :                 1         1
	   Disk (KB)            :     6103     3250  27750108
	   Memory (MB)          :        0        1      3764
...
001 (9629.000.000) 12/14 04:40:34 Job executing on host: <54.153.25.18:16063?addrs=54.153.25.18-16063>
...
005 (9629.000.000) 12/14 04:40:38 Job terminated.
	(1) Normal termination (return value 0)
		Usr 0 00:00:00, Sys 0 00:00:00  -  Run Remote Usage
		Usr 0 00:00:00, Sys 0 00:00:00  -  Run Local Usage
		Usr 0 00:00:00, Sys 0 00:00:00  -  Total Remote Usage
		Usr 0 00:00:00, Sys 0 00:00:00  -  Total Local Usage
	0  -  Run Bytes Sent By Job
	0  -  Run Bytes Received By Job
	0  -  Total Bytes Sent By Job
	0  -  Total Bytes Received By Job
...
000 (9630.000.000) 12/14 04:40:44 Job submitted from host: <54.153.25.18:34310?addrs=54.153.25.18-34310>
    DAG Node: clean_up_local_level_10_0
    pool:local
...
001 (9630.000.000) 12/14 04:40:44 Job executing on host: <54.153.25.18:9479?addrs=54.153.25.18-9479>
...
005 (9630.000.000) 12/14 04:40:46 Job terminated.
	(1) Normal termination (return value 0)
		Usr 0 00:00:00, Sys 0 00:00:00  -  Run Remote Usage
		Usr 0 00:00:00, Sys 0 00:00:00  -  Run Local Usage
		Usr 0 00:00:00, Sys 0 00:00:00  -  Total Remote Usage
		Usr 0 00:00:00, Sys 0 00:00:00  -  Total Local Usage
	0  -  Run Bytes Sent By Job
	0  -  Run Bytes Received By Job
	0  -  Total Bytes Sent By Job
	0  -  Total Bytes Received By Job
...
000 (9631.000.000) 12/14 04:40:59 Job submitted from host: <54.153.25.18:34310?addrs=54.153.25.18-34310>
    DAG Node: cleanup_example_workflow_0_local
    pool:local
...
001 (9631.000.000) 12/14 04:40:59 Job executing on host: <54.153.25.18:36775?addrs=54.153.25.18-36775>
...
005 (9631.000.000) 12/14 04:41:02 Job terminated.
	(1) Normal termination (return value 0)
		Usr 0 00:00:00, Sys 0 00:00:00  -  Run Remote Usage
		Usr 0 00:00:00, Sys 0 00:00:00  -  Run Local Usage
		Usr 0 00:00:00, Sys 0 00:00:00  -  Total Remote Usage
		Usr 0 00:00:00, Sys 0 00:00:00  -  Total Local Usage
	0  -  Run Bytes Sent By Job
	0  -  Run Bytes Received By Job
	0  -  Total Bytes Sent By Job
	0  -  Total Bytes Received By Job
...
