000 (202.000.000) 10/24 20:15:37 Job submitted from host: <54.153.86.184:19665?addrs=54.153.86.184-19665>
    DAG Node: create_dir_example_workflow_0_local
    pool:local
...
001 (202.000.000) 10/24 20:15:38 Job executing on host: <54.153.86.184:59742?addrs=54.153.86.184-59742>
...
005 (202.000.000) 10/24 20:15:40 Job terminated.
	(1) Normal termination (return value 0)
		Usr 0 00:00:00, Sys 0 00:00:00  -  Run Remote Usage
		Usr 0 00:00:00, Sys 0 00:00:00  -  Run Local Usage
		Usr 0 00:00:00, Sys 0 00:00:00  -  Total Remote Usage
		Usr 0 00:00:00, Sys 0 00:00:00  -  Total Local Usage
	0  -  Run Bytes Sent By Job
	0  -  Run Bytes Received By Job
	0  -  Total Bytes Sent By Job
	0  -  Total Bytes Received By Job
...
016 (202.000.000) 10/24 20:15:42 POST Script terminated.
	(1) Normal termination (return value 0)
    DAG Node: create_dir_example_workflow_0_local
...
000 (203.000.000) 10/24 20:15:52 Job submitted from host: <54.153.86.184:19665?addrs=54.153.86.184-19665>
    DAG Node: stage_in_local_local_0_0
    pool:local
...
001 (203.000.000) 10/24 20:15:52 Job executing on host: <54.153.86.184:42531?addrs=54.153.86.184-42531>
...
000 (204.000.000) 10/24 20:15:52 Job submitted from host: <54.153.86.184:19665?addrs=54.153.86.184-19665>
    DAG Node: stage_in_local_local_6_0
    pool:local
...
000 (205.000.000) 10/24 20:15:52 Job submitted from host: <54.153.86.184:19665?addrs=54.153.86.184-19665>
    DAG Node: stage_in_remote_local_2_1
    pool:local
...
000 (206.000.000) 10/24 20:15:52 Job submitted from host: <54.153.86.184:19665?addrs=54.153.86.184-19665>
    DAG Node: stage_in_remote_local_5_1
    pool:local
...
000 (207.000.000) 10/24 20:15:52 Job submitted from host: <54.153.86.184:19665?addrs=54.153.86.184-19665>
    DAG Node: stage_in_remote_local_5_0
    pool:local
...
005 (203.000.000) 10/24 20:15:54 Job terminated.
	(1) Normal termination (return value 0)
		Usr 0 00:00:00, Sys 0 00:00:00  -  Run Remote Usage
		Usr 0 00:00:00, Sys 0 00:00:00  -  Run Local Usage
		Usr 0 00:00:00, Sys 0 00:00:00  -  Total Remote Usage
		Usr 0 00:00:00, Sys 0 00:00:00  -  Total Local Usage
	0  -  Run Bytes Sent By Job
	0  -  Run Bytes Received By Job
	0  -  Total Bytes Sent By Job
	0  -  Total Bytes Received By Job
...
001 (204.000.000) 10/24 20:15:55 Job executing on host: <54.153.86.184:42065?addrs=54.153.86.184-42065>
...
001 (207.000.000) 10/24 20:15:55 Job executing on host: <54.153.86.184:24017?addrs=54.153.86.184-24017>
...
001 (205.000.000) 10/24 20:15:55 Job executing on host: <54.153.86.184:42088?addrs=54.153.86.184-42088>
...
001 (206.000.000) 10/24 20:15:55 Job executing on host: <54.153.86.184:51824?addrs=54.153.86.184-51824>
...
005 (204.000.000) 10/24 20:15:57 Job terminated.
	(1) Normal termination (return value 0)
		Usr 0 00:00:00, Sys 0 00:00:00  -  Run Remote Usage
		Usr 0 00:00:00, Sys 0 00:00:00  -  Run Local Usage
		Usr 0 00:00:00, Sys 0 00:00:00  -  Total Remote Usage
		Usr 0 00:00:00, Sys 0 00:00:00  -  Total Local Usage
	0  -  Run Bytes Sent By Job
	0  -  Run Bytes Received By Job
	0  -  Total Bytes Sent By Job
	0  -  Total Bytes Received By Job
...
005 (206.000.000) 10/24 20:15:57 Job terminated.
	(1) Normal termination (return value 0)
		Usr 0 00:00:00, Sys 0 00:00:00  -  Run Remote Usage
		Usr 0 00:00:00, Sys 0 00:00:00  -  Run Local Usage
		Usr 0 00:00:00, Sys 0 00:00:00  -  Total Remote Usage
		Usr 0 00:00:00, Sys 0 00:00:00  -  Total Local Usage
	0  -  Run Bytes Sent By Job
	0  -  Run Bytes Received By Job
	0  -  Total Bytes Sent By Job
	0  -  Total Bytes Received By Job
...
005 (205.000.000) 10/24 20:15:57 Job terminated.
	(1) Normal termination (return value 0)
		Usr 0 00:00:00, Sys 0 00:00:00  -  Run Remote Usage
		Usr 0 00:00:00, Sys 0 00:00:00  -  Run Local Usage
		Usr 0 00:00:00, Sys 0 00:00:00  -  Total Remote Usage
		Usr 0 00:00:00, Sys 0 00:00:00  -  Total Local Usage
	0  -  Run Bytes Sent By Job
	0  -  Run Bytes Received By Job
	0  -  Total Bytes Sent By Job
	0  -  Total Bytes Received By Job
...
000 (208.000.000) 10/24 20:15:57 Job submitted from host: <54.153.86.184:19665?addrs=54.153.86.184-19665>
    DAG Node: stage_in_local_local_2_0
    pool:local
...
001 (208.000.000) 10/24 20:15:58 Job executing on host: <54.153.86.184:53903?addrs=54.153.86.184-53903>
...
000 (209.000.000) 10/24 20:15:58 Job submitted from host: <54.153.86.184:19665?addrs=54.153.86.184-19665>
    DAG Node: stage_in_local_local_2_1
    pool:local
...
000 (210.000.000) 10/24 20:15:58 Job submitted from host: <54.153.86.184:19665?addrs=54.153.86.184-19665>
    DAG Node: stage_in_local_local_3_1
    pool:local
...
000 (211.000.000) 10/24 20:15:58 Job submitted from host: <54.153.86.184:19665?addrs=54.153.86.184-19665>
    DAG Node: stage_in_remote_local_1_0
    pool:local
...
000 (212.000.000) 10/24 20:15:58 Job submitted from host: <54.153.86.184:19665?addrs=54.153.86.184-19665>
    DAG Node: stage_in_local_local_3_0
    pool:local
...
016 (203.000.000) 10/24 20:15:58 POST Script terminated.
	(1) Normal termination (return value 0)
    DAG Node: stage_in_local_local_0_0
...
016 (204.000.000) 10/24 20:15:58 POST Script terminated.
	(1) Normal termination (return value 0)
    DAG Node: stage_in_local_local_6_0
...
016 (206.000.000) 10/24 20:15:58 POST Script terminated.
	(1) Normal termination (return value 0)
    DAG Node: stage_in_remote_local_5_1
...
016 (205.000.000) 10/24 20:15:58 POST Script terminated.
	(1) Normal termination (return value 0)
    DAG Node: stage_in_remote_local_2_1
...
005 (207.000.000) 10/24 20:15:59 Job terminated.
	(1) Normal termination (return value 0)
		Usr 0 00:00:00, Sys 0 00:00:00  -  Run Remote Usage
		Usr 0 00:00:00, Sys 0 00:00:00  -  Run Local Usage
		Usr 0 00:00:00, Sys 0 00:00:00  -  Total Remote Usage
		Usr 0 00:00:00, Sys 0 00:00:00  -  Total Local Usage
	0  -  Run Bytes Sent By Job
	0  -  Run Bytes Received By Job
	0  -  Total Bytes Sent By Job
	0  -  Total Bytes Received By Job
...
001 (210.000.000) 10/24 20:15:59 Job executing on host: <54.153.86.184:45379?addrs=54.153.86.184-45379>
...
001 (209.000.000) 10/24 20:15:59 Job executing on host: <54.153.86.184:5536?addrs=54.153.86.184-5536>
...
001 (211.000.000) 10/24 20:15:59 Job executing on host: <54.153.86.184:35452?addrs=54.153.86.184-35452>
...
001 (212.000.000) 10/24 20:15:59 Job executing on host: <54.153.86.184:45791?addrs=54.153.86.184-45791>
...
005 (211.000.000) 10/24 20:16:02 Job terminated.
	(1) Normal termination (return value 0)
		Usr 0 00:00:00, Sys 0 00:00:00  -  Run Remote Usage
		Usr 0 00:00:00, Sys 0 00:00:00  -  Run Local Usage
		Usr 0 00:00:00, Sys 0 00:00:00  -  Total Remote Usage
		Usr 0 00:00:00, Sys 0 00:00:00  -  Total Local Usage
	0  -  Run Bytes Sent By Job
	0  -  Run Bytes Received By Job
	0  -  Total Bytes Sent By Job
	0  -  Total Bytes Received By Job
...
005 (210.000.000) 10/24 20:16:02 Job terminated.
	(1) Normal termination (return value 0)
		Usr 0 00:00:00, Sys 0 00:00:00  -  Run Remote Usage
		Usr 0 00:00:00, Sys 0 00:00:00  -  Run Local Usage
		Usr 0 00:00:00, Sys 0 00:00:00  -  Total Remote Usage
		Usr 0 00:00:00, Sys 0 00:00:00  -  Total Local Usage
	0  -  Run Bytes Sent By Job
	0  -  Run Bytes Received By Job
	0  -  Total Bytes Sent By Job
	0  -  Total Bytes Received By Job
...
005 (209.000.000) 10/24 20:16:02 Job terminated.
	(1) Normal termination (return value 0)
		Usr 0 00:00:00, Sys 0 00:00:00  -  Run Remote Usage
		Usr 0 00:00:00, Sys 0 00:00:00  -  Run Local Usage
		Usr 0 00:00:00, Sys 0 00:00:00  -  Total Remote Usage
		Usr 0 00:00:00, Sys 0 00:00:00  -  Total Local Usage
	0  -  Run Bytes Sent By Job
	0  -  Run Bytes Received By Job
	0  -  Total Bytes Sent By Job
	0  -  Total Bytes Received By Job
...
005 (208.000.000) 10/24 20:16:02 Job terminated.
	(1) Normal termination (return value 0)
		Usr 0 00:00:00, Sys 0 00:00:00  -  Run Remote Usage
		Usr 0 00:00:00, Sys 0 00:00:00  -  Run Local Usage
		Usr 0 00:00:00, Sys 0 00:00:00  -  Total Remote Usage
		Usr 0 00:00:00, Sys 0 00:00:00  -  Total Local Usage
	0  -  Run Bytes Sent By Job
	0  -  Run Bytes Received By Job
	0  -  Total Bytes Sent By Job
	0  -  Total Bytes Received By Job
...
000 (213.000.000) 10/24 20:16:03 Job submitted from host: <54.153.86.184:19665?addrs=54.153.86.184-19665>
    DAG Node: stage_in_local_local_5_0
    pool:local
...
000 (214.000.000) 10/24 20:16:04 Job submitted from host: <54.153.86.184:19665?addrs=54.153.86.184-19665>
    DAG Node: stage_in_local_local_5_1
    pool:local
...
000 (215.000.000) 10/24 20:16:04 Job submitted from host: <54.153.86.184:19665?addrs=54.153.86.184-19665>
    DAG Node: stage_in_local_local_4_0
    pool:local
...
000 (216.000.000) 10/24 20:16:04 Job submitted from host: <54.153.86.184:19665?addrs=54.153.86.184-19665>
    DAG Node: stage_in_local_local_1_0
    pool:local
...
000 (217.000.000) 10/24 20:16:04 Job submitted from host: <54.153.86.184:19665?addrs=54.153.86.184-19665>
    DAG Node: stage_in_local_local_7_0
    pool:local
...
005 (212.000.000) 10/24 20:16:04 Job terminated.
	(1) Normal termination (return value 0)
		Usr 0 00:00:00, Sys 0 00:00:00  -  Run Remote Usage
		Usr 0 00:00:00, Sys 0 00:00:00  -  Run Local Usage
		Usr 0 00:00:00, Sys 0 00:00:00  -  Total Remote Usage
		Usr 0 00:00:00, Sys 0 00:00:00  -  Total Local Usage
	0  -  Run Bytes Sent By Job
	0  -  Run Bytes Received By Job
	0  -  Total Bytes Sent By Job
	0  -  Total Bytes Received By Job
...
001 (217.000.000) 10/24 20:16:04 Job executing on host: <54.153.86.184:34138?addrs=54.153.86.184-34138>
...
001 (213.000.000) 10/24 20:16:04 Job executing on host: <54.153.86.184:1630?addrs=54.153.86.184-1630>
...
001 (216.000.000) 10/24 20:16:04 Job executing on host: <54.153.86.184:55070?addrs=54.153.86.184-55070>
...
001 (215.000.000) 10/24 20:16:04 Job executing on host: <54.153.86.184:62895?addrs=54.153.86.184-62895>
...
001 (214.000.000) 10/24 20:16:04 Job executing on host: <54.153.86.184:50925?addrs=54.153.86.184-50925>
...
016 (210.000.000) 10/24 20:16:05 POST Script terminated.
	(1) Normal termination (return value 0)
    DAG Node: stage_in_local_local_3_1
...
016 (207.000.000) 10/24 20:16:05 POST Script terminated.
	(1) Normal termination (return value 0)
    DAG Node: stage_in_remote_local_5_0
...
016 (211.000.000) 10/24 20:16:05 POST Script terminated.
	(1) Normal termination (return value 0)
    DAG Node: stage_in_remote_local_1_0
...
016 (209.000.000) 10/24 20:16:05 POST Script terminated.
	(1) Normal termination (return value 0)
    DAG Node: stage_in_local_local_2_1
...
016 (208.000.000) 10/24 20:16:05 POST Script terminated.
	(1) Normal termination (return value 0)
    DAG Node: stage_in_local_local_2_0
...
005 (216.000.000) 10/24 20:16:07 Job terminated.
	(1) Normal termination (return value 0)
		Usr 0 00:00:00, Sys 0 00:00:00  -  Run Remote Usage
		Usr 0 00:00:00, Sys 0 00:00:00  -  Run Local Usage
		Usr 0 00:00:00, Sys 0 00:00:00  -  Total Remote Usage
		Usr 0 00:00:00, Sys 0 00:00:00  -  Total Local Usage
	0  -  Run Bytes Sent By Job
	0  -  Run Bytes Received By Job
	0  -  Total Bytes Sent By Job
	0  -  Total Bytes Received By Job
...
005 (217.000.000) 10/24 20:16:07 Job terminated.
	(1) Normal termination (return value 0)
		Usr 0 00:00:00, Sys 0 00:00:00  -  Run Remote Usage
		Usr 0 00:00:00, Sys 0 00:00:00  -  Run Local Usage
		Usr 0 00:00:00, Sys 0 00:00:00  -  Total Remote Usage
		Usr 0 00:00:00, Sys 0 00:00:00  -  Total Local Usage
	0  -  Run Bytes Sent By Job
	0  -  Run Bytes Received By Job
	0  -  Total Bytes Sent By Job
	0  -  Total Bytes Received By Job
...
005 (214.000.000) 10/24 20:16:07 Job terminated.
	(1) Normal termination (return value 0)
		Usr 0 00:00:00, Sys 0 00:00:00  -  Run Remote Usage
		Usr 0 00:00:00, Sys 0 00:00:00  -  Run Local Usage
		Usr 0 00:00:00, Sys 0 00:00:00  -  Total Remote Usage
		Usr 0 00:00:00, Sys 0 00:00:00  -  Total Local Usage
	0  -  Run Bytes Sent By Job
	0  -  Run Bytes Received By Job
	0  -  Total Bytes Sent By Job
	0  -  Total Bytes Received By Job
...
005 (213.000.000) 10/24 20:16:09 Job terminated.
	(1) Normal termination (return value 0)
		Usr 0 00:00:00, Sys 0 00:00:00  -  Run Remote Usage
		Usr 0 00:00:00, Sys 0 00:00:00  -  Run Local Usage
		Usr 0 00:00:00, Sys 0 00:00:00  -  Total Remote Usage
		Usr 0 00:00:00, Sys 0 00:00:00  -  Total Local Usage
	0  -  Run Bytes Sent By Job
	0  -  Run Bytes Received By Job
	0  -  Total Bytes Sent By Job
	0  -  Total Bytes Received By Job
...
005 (215.000.000) 10/24 20:16:09 Job terminated.
	(1) Normal termination (return value 0)
		Usr 0 00:00:00, Sys 0 00:00:00  -  Run Remote Usage
		Usr 0 00:00:00, Sys 0 00:00:00  -  Run Local Usage
		Usr 0 00:00:00, Sys 0 00:00:00  -  Total Remote Usage
		Usr 0 00:00:00, Sys 0 00:00:00  -  Total Local Usage
	0  -  Run Bytes Sent By Job
	0  -  Run Bytes Received By Job
	0  -  Total Bytes Sent By Job
	0  -  Total Bytes Received By Job
...
000 (218.000.000) 10/24 20:16:09 Job submitted from host: <54.153.86.184:19665?addrs=54.153.86.184-19665>
    DAG Node: stage_in_local_local_4_1
    pool:local
...
001 (218.000.000) 10/24 20:16:09 Job executing on host: <54.153.86.184:28393?addrs=54.153.86.184-28393>
...
000 (219.000.000) 10/24 20:16:09 Job submitted from host: <54.153.86.184:19665?addrs=54.153.86.184-19665>
    DAG Node: stage_in_remote_local_4_1
    pool:local
...
001 (219.000.000) 10/24 20:16:10 Job executing on host: <54.153.86.184:58650?addrs=54.153.86.184-58650>
...
000 (220.000.000) 10/24 20:16:10 Job submitted from host: <54.153.86.184:19665?addrs=54.153.86.184-19665>
    DAG Node: stage_in_remote_local_4_0
    pool:local
...
000 (221.000.000) 10/24 20:16:10 Job submitted from host: <54.153.86.184:19665?addrs=54.153.86.184-19665>
    DAG Node: stage_in_remote_local_2_0
    pool:local
...
000 (222.000.000) 10/24 20:16:10 Job submitted from host: <54.153.86.184:19665?addrs=54.153.86.184-19665>
    DAG Node: stage_in_remote_local_3_1
    pool:local
...
016 (214.000.000) 10/24 20:16:10 POST Script terminated.
	(1) Normal termination (return value 0)
    DAG Node: stage_in_local_local_5_1
...
016 (213.000.000) 10/24 20:16:11 POST Script terminated.
	(1) Normal termination (return value 0)
    DAG Node: stage_in_local_local_5_0
...
016 (217.000.000) 10/24 20:16:11 POST Script terminated.
	(1) Normal termination (return value 0)
    DAG Node: stage_in_local_local_7_0
...
016 (215.000.000) 10/24 20:16:11 POST Script terminated.
	(1) Normal termination (return value 0)
    DAG Node: stage_in_local_local_4_0
...
016 (216.000.000) 10/24 20:16:11 POST Script terminated.
	(1) Normal termination (return value 0)
    DAG Node: stage_in_local_local_1_0
...
016 (212.000.000) 10/24 20:16:11 POST Script terminated.
	(1) Normal termination (return value 0)
    DAG Node: stage_in_local_local_3_0
...
005 (218.000.000) 10/24 20:16:12 Job terminated.
	(1) Normal termination (return value 0)
		Usr 0 00:00:00, Sys 0 00:00:00  -  Run Remote Usage
		Usr 0 00:00:00, Sys 0 00:00:00  -  Run Local Usage
		Usr 0 00:00:00, Sys 0 00:00:00  -  Total Remote Usage
		Usr 0 00:00:00, Sys 0 00:00:00  -  Total Local Usage
	0  -  Run Bytes Sent By Job
	0  -  Run Bytes Received By Job
	0  -  Total Bytes Sent By Job
	0  -  Total Bytes Received By Job
...
001 (220.000.000) 10/24 20:16:12 Job executing on host: <54.153.86.184:9549?addrs=54.153.86.184-9549>
...
001 (222.000.000) 10/24 20:16:12 Job executing on host: <54.153.86.184:19562?addrs=54.153.86.184-19562>
...
001 (221.000.000) 10/24 20:16:12 Job executing on host: <54.153.86.184:61542?addrs=54.153.86.184-61542>
...
005 (219.000.000) 10/24 20:16:14 Job terminated.
	(1) Normal termination (return value 0)
		Usr 0 00:00:00, Sys 0 00:00:00  -  Run Remote Usage
		Usr 0 00:00:00, Sys 0 00:00:00  -  Run Local Usage
		Usr 0 00:00:00, Sys 0 00:00:00  -  Total Remote Usage
		Usr 0 00:00:00, Sys 0 00:00:00  -  Total Local Usage
	0  -  Run Bytes Sent By Job
	0  -  Run Bytes Received By Job
	0  -  Total Bytes Sent By Job
	0  -  Total Bytes Received By Job
...
000 (223.000.000) 10/24 20:16:15 Job submitted from host: <54.153.86.184:19665?addrs=54.153.86.184-19665>
    DAG Node: stage_in_remote_local_3_0
    pool:local
...
001 (223.000.000) 10/24 20:16:15 Job executing on host: <54.153.86.184:52831?addrs=54.153.86.184-52831>
...
000 (224.000.000) 10/24 20:16:15 Job submitted from host: <54.153.86.184:19665?addrs=54.153.86.184-19665>
    DAG Node: stage_in_remote_local_6_0
    pool:local
...
000 (225.000.000) 10/24 20:16:15 Job submitted from host: <54.153.86.184:19665?addrs=54.153.86.184-19665>
    DAG Node: init_0_ID0000001
    pool:condorpool
...
016 (218.000.000) 10/24 20:16:15 POST Script terminated.
	(1) Normal termination (return value 0)
    DAG Node: stage_in_local_local_4_1
...
016 (219.000.000) 10/24 20:16:15 POST Script terminated.
	(1) Normal termination (return value 0)
    DAG Node: stage_in_remote_local_4_1
...
005 (220.000.000) 10/24 20:16:16 Job terminated.
	(1) Normal termination (return value 0)
		Usr 0 00:00:00, Sys 0 00:00:00  -  Run Remote Usage
		Usr 0 00:00:00, Sys 0 00:00:00  -  Run Local Usage
		Usr 0 00:00:00, Sys 0 00:00:00  -  Total Remote Usage
		Usr 0 00:00:00, Sys 0 00:00:00  -  Total Local Usage
	0  -  Run Bytes Sent By Job
	0  -  Run Bytes Received By Job
	0  -  Total Bytes Sent By Job
	0  -  Total Bytes Received By Job
...
005 (221.000.000) 10/24 20:16:16 Job terminated.
	(1) Normal termination (return value 0)
		Usr 0 00:00:00, Sys 0 00:00:00  -  Run Remote Usage
		Usr 0 00:00:00, Sys 0 00:00:00  -  Run Local Usage
		Usr 0 00:00:00, Sys 0 00:00:00  -  Total Remote Usage
		Usr 0 00:00:00, Sys 0 00:00:00  -  Total Local Usage
	0  -  Run Bytes Sent By Job
	0  -  Run Bytes Received By Job
	0  -  Total Bytes Sent By Job
	0  -  Total Bytes Received By Job
...
005 (222.000.000) 10/24 20:16:16 Job terminated.
	(1) Normal termination (return value 0)
		Usr 0 00:00:00, Sys 0 00:00:00  -  Run Remote Usage
		Usr 0 00:00:00, Sys 0 00:00:00  -  Run Local Usage
		Usr 0 00:00:00, Sys 0 00:00:00  -  Total Remote Usage
		Usr 0 00:00:00, Sys 0 00:00:00  -  Total Local Usage
	0  -  Run Bytes Sent By Job
	0  -  Run Bytes Received By Job
	0  -  Total Bytes Sent By Job
	0  -  Total Bytes Received By Job
...
001 (224.000.000) 10/24 20:16:16 Job executing on host: <54.153.86.184:45513?addrs=54.153.86.184-45513>
...
005 (224.000.000) 10/24 20:16:18 Job terminated.
	(1) Normal termination (return value 0)
		Usr 0 00:00:00, Sys 0 00:00:00  -  Run Remote Usage
		Usr 0 00:00:00, Sys 0 00:00:00  -  Run Local Usage
		Usr 0 00:00:00, Sys 0 00:00:00  -  Total Remote Usage
		Usr 0 00:00:00, Sys 0 00:00:00  -  Total Local Usage
	0  -  Run Bytes Sent By Job
	0  -  Run Bytes Received By Job
	0  -  Total Bytes Sent By Job
	0  -  Total Bytes Received By Job
...
005 (223.000.000) 10/24 20:16:19 Job terminated.
	(1) Normal termination (return value 0)
		Usr 0 00:00:00, Sys 0 00:00:00  -  Run Remote Usage
		Usr 0 00:00:00, Sys 0 00:00:00  -  Run Local Usage
		Usr 0 00:00:00, Sys 0 00:00:00  -  Total Remote Usage
		Usr 0 00:00:00, Sys 0 00:00:00  -  Total Local Usage
	0  -  Run Bytes Sent By Job
	0  -  Run Bytes Received By Job
	0  -  Total Bytes Sent By Job
	0  -  Total Bytes Received By Job
...
016 (221.000.000) 10/24 20:16:21 POST Script terminated.
	(1) Normal termination (return value 0)
    DAG Node: stage_in_remote_local_2_0
...
016 (222.000.000) 10/24 20:16:21 POST Script terminated.
	(1) Normal termination (return value 0)
    DAG Node: stage_in_remote_local_3_1
...
016 (220.000.000) 10/24 20:16:21 POST Script terminated.
	(1) Normal termination (return value 0)
    DAG Node: stage_in_remote_local_4_0
...
016 (223.000.000) 10/24 20:16:21 POST Script terminated.
	(1) Normal termination (return value 0)
    DAG Node: stage_in_remote_local_3_0
...
016 (224.000.000) 10/24 20:16:21 POST Script terminated.
	(1) Normal termination (return value 0)
    DAG Node: stage_in_remote_local_6_0
...
001 (225.000.000) 10/24 20:16:33 Job executing on host: <54.186.11.128:14421?addrs=54.186.11.128-14421&noUDP>
...
005 (225.000.000) 10/24 20:17:17 Job terminated.
	(1) Normal termination (return value 0)
		Usr 0 00:00:00, Sys 0 00:00:00  -  Run Remote Usage
		Usr 0 00:00:00, Sys 0 00:00:00  -  Run Local Usage
		Usr 0 00:00:00, Sys 0 00:00:00  -  Total Remote Usage
		Usr 0 00:00:00, Sys 0 00:00:00  -  Total Local Usage
	4453  -  Run Bytes Sent By Job
	3169847  -  Run Bytes Received By Job
	4453  -  Total Bytes Sent By Job
	3169847  -  Total Bytes Received By Job
	Partitionable Resources :    Usage  Request Allocated
	   Cpus                 :                 1         1
	   Disk (KB)            :     6105     3250  27735588
	   Memory (MB)          :        2        1      3764
...
016 (225.000.000) 10/24 20:17:20 POST Script terminated.
	(1) Normal termination (return value 0)
    DAG Node: init_0_ID0000001
...
000 (226.000.000) 10/24 20:17:30 Job submitted from host: <54.153.86.184:19665?addrs=54.153.86.184-19665>
    DAG Node: clean_up_local_level_3_0
    pool:local
...
001 (226.000.000) 10/24 20:17:30 Job executing on host: <54.153.86.184:3623?addrs=54.153.86.184-3623>
...
000 (227.000.000) 10/24 20:17:30 Job submitted from host: <54.153.86.184:19665?addrs=54.153.86.184-19665>
    DAG Node: generalinfo_0_ID0000002
    pool:condorpool
...
001 (227.000.000) 10/24 20:17:31 Job executing on host: <54.186.11.128:14421?addrs=54.186.11.128-14421&noUDP>
...
005 (226.000.000) 10/24 20:17:33 Job terminated.
	(1) Normal termination (return value 0)
		Usr 0 00:00:00, Sys 0 00:00:00  -  Run Remote Usage
		Usr 0 00:00:00, Sys 0 00:00:00  -  Run Local Usage
		Usr 0 00:00:00, Sys 0 00:00:00  -  Total Remote Usage
		Usr 0 00:00:00, Sys 0 00:00:00  -  Total Local Usage
	0  -  Run Bytes Sent By Job
	0  -  Run Bytes Received By Job
	0  -  Total Bytes Sent By Job
	0  -  Total Bytes Received By Job
...
016 (226.000.000) 10/24 20:17:36 POST Script terminated.
	(1) Normal termination (return value 0)
    DAG Node: clean_up_local_level_3_0
...
005 (227.000.000) 10/24 20:21:46 Job terminated.
	(1) Normal termination (return value 0)
		Usr 0 00:03:18, Sys 0 00:00:02  -  Run Remote Usage
		Usr 0 00:00:00, Sys 0 00:00:00  -  Run Local Usage
		Usr 0 00:03:18, Sys 0 00:00:02  -  Total Remote Usage
		Usr 0 00:00:00, Sys 0 00:00:00  -  Total Local Usage
	5269  -  Run Bytes Sent By Job
	3168855  -  Run Bytes Received By Job
	5269  -  Total Bytes Sent By Job
	3168855  -  Total Bytes Received By Job
	Partitionable Resources :    Usage  Request Allocated
	   Cpus                 :                 1         1
	   Disk (KB)            :     6106     3250  27735588
	   Memory (MB)          :       45        1      3764
...
016 (227.000.000) 10/24 20:21:50 POST Script terminated.
	(1) Normal termination (return value 0)
    DAG Node: generalinfo_0_ID0000002
...
000 (228.000.000) 10/24 20:22:00 Job submitted from host: <54.153.86.184:19665?addrs=54.153.86.184-19665>
    DAG Node: clean_up_local_level_4_0
    pool:local
...
000 (229.000.000) 10/24 20:22:00 Job submitted from host: <54.153.86.184:19665?addrs=54.153.86.184-19665>
    DAG Node: statscpumemory_0_ID0000003
    pool:condorpool
...
001 (228.000.000) 10/24 20:22:00 Job executing on host: <54.153.86.184:25782?addrs=54.153.86.184-25782>
...
000 (230.000.000) 10/24 20:22:00 Job submitted from host: <54.153.86.184:19665?addrs=54.153.86.184-19665>
    DAG Node: medianmemory_0_ID0000005
    pool:condorpool
...
000 (231.000.000) 10/24 20:22:00 Job submitted from host: <54.153.86.184:19665?addrs=54.153.86.184-19665>
    DAG Node: mediancpu_0_ID0000004
    pool:condorpool
...
001 (229.000.000) 10/24 20:22:01 Job executing on host: <54.186.11.128:14421?addrs=54.186.11.128-14421&noUDP>
...
005 (228.000.000) 10/24 20:22:04 Job terminated.
	(1) Normal termination (return value 0)
		Usr 0 00:00:00, Sys 0 00:00:00  -  Run Remote Usage
		Usr 0 00:00:00, Sys 0 00:00:00  -  Run Local Usage
		Usr 0 00:00:00, Sys 0 00:00:00  -  Total Remote Usage
		Usr 0 00:00:00, Sys 0 00:00:00  -  Total Local Usage
	0  -  Run Bytes Sent By Job
	0  -  Run Bytes Received By Job
	0  -  Total Bytes Sent By Job
	0  -  Total Bytes Received By Job
...
016 (228.000.000) 10/24 20:22:05 POST Script terminated.
	(1) Normal termination (return value 0)
    DAG Node: clean_up_local_level_4_0
...
001 (230.000.000) 10/24 20:22:11 Job executing on host: <54.245.40.251:53544?addrs=54.245.40.251-53544&noUDP>
...
001 (231.000.000) 10/24 20:22:11 Job executing on host: <54.201.207.181:39788?addrs=54.201.207.181-39788&noUDP>
...
005 (231.000.000) 10/24 20:31:15 Job terminated.
	(1) Normal termination (return value 0)
		Usr 0 00:07:36, Sys 0 00:00:05  -  Run Remote Usage
		Usr 0 00:00:00, Sys 0 00:00:00  -  Run Local Usage
		Usr 0 00:07:36, Sys 0 00:00:05  -  Total Remote Usage
		Usr 0 00:00:00, Sys 0 00:00:00  -  Total Local Usage
	381187  -  Run Bytes Sent By Job
	3168714  -  Run Bytes Received By Job
	381187  -  Total Bytes Sent By Job
	3168714  -  Total Bytes Received By Job
	Partitionable Resources :    Usage  Request Allocated
	   Cpus                 :                 1         1
	   Disk (KB)            :   391569     3250  27735188
	   Memory (MB)          :      162        1      3764
...
016 (231.000.000) 10/24 20:31:16 POST Script terminated.
	(1) Normal termination (return value 0)
    DAG Node: mediancpu_0_ID0000004
...
005 (230.000.000) 10/24 20:31:20 Job terminated.
	(1) Normal termination (return value 0)
		Usr 0 00:07:35, Sys 0 00:00:06  -  Run Remote Usage
		Usr 0 00:00:00, Sys 0 00:00:00  -  Run Local Usage
		Usr 0 00:07:35, Sys 0 00:00:06  -  Total Remote Usage
		Usr 0 00:00:00, Sys 0 00:00:00  -  Total Local Usage
	378622  -  Run Bytes Sent By Job
	3168750  -  Run Bytes Received By Job
	378622  -  Total Bytes Sent By Job
	3168750  -  Total Bytes Received By Job
	Partitionable Resources :    Usage  Request Allocated
	   Cpus                 :                 1         1
	   Disk (KB)            :   400085     3250  27735244
	   Memory (MB)          :      149        1      3764
...
016 (230.000.000) 10/24 20:31:21 POST Script terminated.
	(1) Normal termination (return value 0)
    DAG Node: medianmemory_0_ID0000005
...
005 (229.000.000) 10/24 20:31:24 Job terminated.
	(1) Normal termination (return value 0)
		Usr 0 00:07:23, Sys 0 00:00:05  -  Run Remote Usage
		Usr 0 00:00:00, Sys 0 00:00:00  -  Run Local Usage
		Usr 0 00:07:23, Sys 0 00:00:05  -  Total Remote Usage
		Usr 0 00:00:00, Sys 0 00:00:00  -  Total Local Usage
	5672  -  Run Bytes Sent By Job
	3171027  -  Run Bytes Received By Job
	5672  -  Total Bytes Sent By Job
	3171027  -  Total Bytes Received By Job
	Partitionable Resources :    Usage  Request Allocated
	   Cpus                 :                 1         1
	   Disk (KB)            :     6109     3250  27735588
	   Memory (MB)          :      130        1      3764
...
000 (232.000.000) 10/24 20:31:26 Job submitted from host: <54.153.86.184:19665?addrs=54.153.86.184-19665>
    DAG Node: clean_up_local_level_5_1
    pool:local
...
001 (232.000.000) 10/24 20:31:27 Job executing on host: <54.153.86.184:33356?addrs=54.153.86.184-33356>
...
016 (229.000.000) 10/24 20:31:27 POST Script terminated.
	(1) Normal termination (return value 0)
    DAG Node: statscpumemory_0_ID0000003
...
005 (232.000.000) 10/24 20:31:31 Job terminated.
	(1) Normal termination (return value 0)
		Usr 0 00:00:00, Sys 0 00:00:00  -  Run Remote Usage
		Usr 0 00:00:00, Sys 0 00:00:00  -  Run Local Usage
		Usr 0 00:00:00, Sys 0 00:00:00  -  Total Remote Usage
		Usr 0 00:00:00, Sys 0 00:00:00  -  Total Local Usage
	0  -  Run Bytes Sent By Job
	0  -  Run Bytes Received By Job
	0  -  Total Bytes Sent By Job
	0  -  Total Bytes Received By Job
...
016 (232.000.000) 10/24 20:31:32 POST Script terminated.
	(1) Normal termination (return value 0)
    DAG Node: clean_up_local_level_5_1
...
000 (233.000.000) 10/24 20:31:37 Job submitted from host: <54.153.86.184:19665?addrs=54.153.86.184-19665>
    DAG Node: clean_up_local_level_5_0
    pool:local
...
001 (233.000.000) 10/24 20:31:37 Job executing on host: <54.153.86.184:40656?addrs=54.153.86.184-40656>
...
000 (234.000.000) 10/24 20:31:37 Job submitted from host: <54.153.86.184:19665?addrs=54.153.86.184-19665>
    DAG Node: taskevent_0_ID0000006
    pool:condorpool
...
000 (235.000.000) 10/24 20:31:38 Job submitted from host: <54.153.86.184:19665?addrs=54.153.86.184-19665>
    DAG Node: taskevent_1_ID0000007
    pool:condorpool
...
000 (236.000.000) 10/24 20:31:38 Job submitted from host: <54.153.86.184:19665?addrs=54.153.86.184-19665>
    DAG Node: taskevent_2_ID0000008
    pool:condorpool
...
001 (234.000.000) 10/24 20:31:38 Job executing on host: <54.186.11.128:14421?addrs=54.186.11.128-14421&noUDP>
...
001 (235.000.000) 10/24 20:31:39 Job executing on host: <54.245.40.251:53544?addrs=54.245.40.251-53544&noUDP>
...
005 (233.000.000) 10/24 20:31:46 Job terminated.
	(1) Normal termination (return value 0)
		Usr 0 00:00:00, Sys 0 00:00:00  -  Run Remote Usage
		Usr 0 00:00:00, Sys 0 00:00:00  -  Run Local Usage
		Usr 0 00:00:00, Sys 0 00:00:00  -  Total Remote Usage
		Usr 0 00:00:00, Sys 0 00:00:00  -  Total Local Usage
	0  -  Run Bytes Sent By Job
	0  -  Run Bytes Received By Job
	0  -  Total Bytes Sent By Job
	0  -  Total Bytes Received By Job
...
016 (233.000.000) 10/24 20:31:48 POST Script terminated.
	(1) Normal termination (return value 0)
    DAG Node: clean_up_local_level_5_0
...
001 (236.000.000) 10/24 20:31:50 Job executing on host: <54.201.207.181:39788?addrs=54.201.207.181-39788&noUDP>
...
005 (236.000.000) 10/24 20:35:02 Job terminated.
	(1) Normal termination (return value 0)
		Usr 0 00:00:10, Sys 0 00:00:00  -  Run Remote Usage
		Usr 0 00:00:00, Sys 0 00:00:00  -  Run Local Usage
		Usr 0 00:00:10, Sys 0 00:00:00  -  Total Remote Usage
		Usr 0 00:00:00, Sys 0 00:00:00  -  Total Local Usage
	8687  -  Run Bytes Sent By Job
	3174894  -  Run Bytes Received By Job
	8687  -  Total Bytes Sent By Job
	3174894  -  Total Bytes Received By Job
	Partitionable Resources :    Usage  Request Allocated
	   Cpus                 :                 1         1
	   Disk (KB)            :     6117     3250  27735120
	   Memory (MB)          :        2        1      3764
...
016 (236.000.000) 10/24 20:35:03 POST Script terminated.
	(1) Normal termination (return value 0)
    DAG Node: taskevent_2_ID0000008
...
000 (237.000.000) 10/24 20:35:13 Job submitted from host: <54.153.86.184:19665?addrs=54.153.86.184-19665>
    DAG Node: clean_up_local_level_6_1
    pool:local
...
001 (237.000.000) 10/24 20:35:14 Job executing on host: <54.153.86.184:38446?addrs=54.153.86.184-38446>
...
005 (237.000.000) 10/24 20:35:22 Job terminated.
	(1) Normal termination (return value 0)
		Usr 0 00:00:00, Sys 0 00:00:00  -  Run Remote Usage
		Usr 0 00:00:00, Sys 0 00:00:00  -  Run Local Usage
		Usr 0 00:00:00, Sys 0 00:00:00  -  Total Remote Usage
		Usr 0 00:00:00, Sys 0 00:00:00  -  Total Local Usage
	0  -  Run Bytes Sent By Job
	0  -  Run Bytes Received By Job
	0  -  Total Bytes Sent By Job
	0  -  Total Bytes Received By Job
...
016 (237.000.000) 10/24 20:35:24 POST Script terminated.
	(1) Normal termination (return value 0)
    DAG Node: clean_up_local_level_6_1
...
005 (235.000.000) 10/24 20:37:25 Job terminated.
	(1) Normal termination (return value 0)
		Usr 0 00:02:07, Sys 0 00:00:02  -  Run Remote Usage
		Usr 0 00:00:00, Sys 0 00:00:00  -  Run Local Usage
		Usr 0 00:02:07, Sys 0 00:00:02  -  Total Remote Usage
		Usr 0 00:00:00, Sys 0 00:00:00  -  Total Local Usage
	8691  -  Run Bytes Sent By Job
	3174894  -  Run Bytes Received By Job
	8691  -  Total Bytes Sent By Job
	3174894  -  Total Bytes Received By Job
	Partitionable Resources :    Usage  Request Allocated
	   Cpus                 :                 1         1
	   Disk (KB)            :     6117     3250  27735244
	   Memory (MB)          :      123        1      3764
...
016 (235.000.000) 10/24 20:37:29 POST Script terminated.
	(1) Normal termination (return value 0)
    DAG Node: taskevent_1_ID0000007
...
005 (234.000.000) 10/24 20:41:22 Job terminated.
	(1) Normal termination (return value 0)
		Usr 0 00:05:17, Sys 0 00:00:05  -  Run Remote Usage
		Usr 0 00:00:00, Sys 0 00:00:00  -  Run Local Usage
		Usr 0 00:05:17, Sys 0 00:00:05  -  Total Remote Usage
		Usr 0 00:00:00, Sys 0 00:00:00  -  Total Local Usage
	8700  -  Run Bytes Sent By Job
	3174894  -  Run Bytes Received By Job
	8700  -  Total Bytes Sent By Job
	3174894  -  Total Bytes Received By Job
	Partitionable Resources :    Usage  Request Allocated
	   Cpus                 :                 1         1
	   Disk (KB)            :     6117     3250  27735588
	   Memory (MB)          :      123        1      3764
...
016 (234.000.000) 10/24 20:41:24 POST Script terminated.
	(1) Normal termination (return value 0)
    DAG Node: taskevent_0_ID0000006
...
000 (238.000.000) 10/24 20:41:34 Job submitted from host: <54.153.86.184:19665?addrs=54.153.86.184-19665>
    DAG Node: clean_up_local_level_6_0
    pool:local
...
001 (238.000.000) 10/24 20:41:34 Job executing on host: <54.153.86.184:15975?addrs=54.153.86.184-15975>
...
000 (239.000.000) 10/24 20:41:34 Job submitted from host: <54.153.86.184:19665?addrs=54.153.86.184-19665>
    DAG Node: calculateratio_2_ID0000011
    pool:condorpool
...
000 (240.000.000) 10/24 20:41:35 Job submitted from host: <54.153.86.184:19665?addrs=54.153.86.184-19665>
    DAG Node: calculateratio_1_ID0000010
    pool:condorpool
...
000 (241.000.000) 10/24 20:41:35 Job submitted from host: <54.153.86.184:19665?addrs=54.153.86.184-19665>
    DAG Node: calculateratio_0_ID0000009
    pool:condorpool
...
005 (238.000.000) 10/24 20:41:51 Job terminated.
	(1) Normal termination (return value 0)
		Usr 0 00:00:00, Sys 0 00:00:00  -  Run Remote Usage
		Usr 0 00:00:00, Sys 0 00:00:00  -  Run Local Usage
		Usr 0 00:00:00, Sys 0 00:00:00  -  Total Remote Usage
		Usr 0 00:00:00, Sys 0 00:00:00  -  Total Local Usage
	0  -  Run Bytes Sent By Job
	0  -  Run Bytes Received By Job
	0  -  Total Bytes Sent By Job
	0  -  Total Bytes Received By Job
...
001 (239.000.000) 10/24 20:41:54 Job executing on host: <54.186.11.128:14421?addrs=54.186.11.128-14421&noUDP>
...
001 (241.000.000) 10/24 20:41:55 Job executing on host: <54.201.207.181:39788?addrs=54.201.207.181-39788&noUDP>
...
001 (240.000.000) 10/24 20:41:55 Job executing on host: <54.245.40.251:53544?addrs=54.245.40.251-53544&noUDP>
...
016 (238.000.000) 10/24 20:41:55 POST Script terminated.
	(1) Normal termination (return value 0)
    DAG Node: clean_up_local_level_6_0
...
005 (241.000.000) 10/24 20:49:36 Job terminated.
	(1) Normal termination (return value 0)
		Usr 0 00:02:15, Sys 0 00:00:06  -  Run Remote Usage
		Usr 0 00:00:00, Sys 0 00:00:00  -  Run Local Usage
		Usr 0 00:02:15, Sys 0 00:00:06  -  Total Remote Usage
		Usr 0 00:00:00, Sys 0 00:00:00  -  Total Local Usage
	276502  -  Run Bytes Sent By Job
	3173767  -  Run Bytes Received By Job
	276502  -  Total Bytes Sent By Job
	3173767  -  Total Bytes Received By Job
	Partitionable Resources :    Usage  Request Allocated
	   Cpus                 :                 1         1
	   Disk (KB)            :     6378     3250  27735072
	   Memory (MB)          :      151        1      3764
...
016 (241.000.000) 10/24 20:49:41 POST Script terminated.
	(1) Normal termination (return value 0)
    DAG Node: calculateratio_0_ID0000009
...
000 (242.000.000) 10/24 20:49:50 Job submitted from host: <54.153.86.184:19665?addrs=54.153.86.184-19665>
    DAG Node: clean_up_local_level_7_1
    pool:local
...
001 (242.000.000) 10/24 20:49:50 Job executing on host: <54.153.86.184:2284?addrs=54.153.86.184-2284>
...
005 (242.000.000) 10/24 20:49:58 Job terminated.
	(1) Normal termination (return value 0)
		Usr 0 00:00:00, Sys 0 00:00:00  -  Run Remote Usage
		Usr 0 00:00:00, Sys 0 00:00:00  -  Run Local Usage
		Usr 0 00:00:00, Sys 0 00:00:00  -  Total Remote Usage
		Usr 0 00:00:00, Sys 0 00:00:00  -  Total Local Usage
	0  -  Run Bytes Sent By Job
	0  -  Run Bytes Received By Job
	0  -  Total Bytes Sent By Job
	0  -  Total Bytes Received By Job
...
016 (242.000.000) 10/24 20:50:00 POST Script terminated.
	(1) Normal termination (return value 0)
    DAG Node: clean_up_local_level_7_1
...
005 (239.000.000) 10/24 20:50:05 Job terminated.
	(1) Normal termination (return value 0)
		Usr 0 00:02:21, Sys 0 00:00:06  -  Run Remote Usage
		Usr 0 00:00:00, Sys 0 00:00:00  -  Run Local Usage
		Usr 0 00:02:21, Sys 0 00:00:06  -  Total Remote Usage
		Usr 0 00:00:00, Sys 0 00:00:00  -  Total Local Usage
	212186  -  Run Bytes Sent By Job
	3173773  -  Run Bytes Received By Job
	212186  -  Total Bytes Sent By Job
	3173773  -  Total Bytes Received By Job
	Partitionable Resources :    Usage  Request Allocated
	   Cpus                 :                 1         1
	   Disk (KB)            :     6315     3250  27735424
	   Memory (MB)          :      150        1      3764
...
016 (239.000.000) 10/24 20:50:05 POST Script terminated.
	(1) Normal termination (return value 0)
    DAG Node: calculateratio_2_ID0000011
...
005 (240.000.000) 10/24 20:51:01 Job terminated.
	(1) Normal termination (return value 0)
		Usr 0 00:02:32, Sys 0 00:00:07  -  Run Remote Usage
		Usr 0 00:00:00, Sys 0 00:00:00  -  Run Local Usage
		Usr 0 00:02:32, Sys 0 00:00:07  -  Total Remote Usage
		Usr 0 00:00:00, Sys 0 00:00:00  -  Total Local Usage
	360881  -  Run Bytes Sent By Job
	3173772  -  Run Bytes Received By Job
	360881  -  Total Bytes Sent By Job
	3173772  -  Total Bytes Received By Job
	Partitionable Resources :    Usage  Request Allocated
	   Cpus                 :                 1         1
	   Disk (KB)            :     6460     3250  27735152
	   Memory (MB)          :      151        1      3764
...
016 (240.000.000) 10/24 20:51:05 POST Script terminated.
	(1) Normal termination (return value 0)
    DAG Node: calculateratio_1_ID0000010
...
000 (243.000.000) 10/24 20:51:15 Job submitted from host: <54.153.86.184:19665?addrs=54.153.86.184-19665>
    DAG Node: clean_up_local_level_7_0
    pool:local
...
001 (243.000.000) 10/24 20:51:15 Job executing on host: <54.153.86.184:57655?addrs=54.153.86.184-57655>
...
000 (244.000.000) 10/24 20:51:15 Job submitted from host: <54.153.86.184:19665?addrs=54.153.86.184-19665>
    DAG Node: averageratioevent_1_ID0000013
    pool:condorpool
...
000 (245.000.000) 10/24 20:51:15 Job submitted from host: <54.153.86.184:19665?addrs=54.153.86.184-19665>
    DAG Node: averageratioevent_0_ID0000012
    pool:condorpool
...
000 (246.000.000) 10/24 20:51:16 Job submitted from host: <54.153.86.184:19665?addrs=54.153.86.184-19665>
    DAG Node: averageratioevent_2_ID0000014
    pool:condorpool
...
001 (244.000.000) 10/24 20:51:16 Job executing on host: <54.245.40.251:53544?addrs=54.245.40.251-53544&noUDP>
...
005 (243.000.000) 10/24 20:51:32 Job terminated.
	(1) Normal termination (return value 0)
		Usr 0 00:00:00, Sys 0 00:00:00  -  Run Remote Usage
		Usr 0 00:00:00, Sys 0 00:00:00  -  Run Local Usage
		Usr 0 00:00:00, Sys 0 00:00:00  -  Total Remote Usage
		Usr 0 00:00:00, Sys 0 00:00:00  -  Total Local Usage
	0  -  Run Bytes Sent By Job
	0  -  Run Bytes Received By Job
	0  -  Total Bytes Sent By Job
	0  -  Total Bytes Received By Job
...
001 (245.000.000) 10/24 20:51:36 Job executing on host: <54.186.11.128:14421?addrs=54.186.11.128-14421&noUDP>
...
016 (243.000.000) 10/24 20:51:36 POST Script terminated.
	(1) Normal termination (return value 0)
    DAG Node: clean_up_local_level_7_0
...
001 (246.000.000) 10/24 20:51:36 Job executing on host: <54.201.207.181:39788?addrs=54.201.207.181-39788&noUDP>
...
005 (246.000.000) 10/24 20:51:41 Job terminated.
	(1) Normal termination (return value 0)
		Usr 0 00:00:00, Sys 0 00:00:00  -  Run Remote Usage
		Usr 0 00:00:00, Sys 0 00:00:00  -  Run Local Usage
		Usr 0 00:00:00, Sys 0 00:00:00  -  Total Remote Usage
		Usr 0 00:00:00, Sys 0 00:00:00  -  Total Local Usage
	5366  -  Run Bytes Sent By Job
	3169325  -  Run Bytes Received By Job
	5366  -  Total Bytes Sent By Job
	3169325  -  Total Bytes Received By Job
	Partitionable Resources :    Usage  Request Allocated
	   Cpus                 :                 1         1
	   Disk (KB)            :     6107     3250  27734932
	   Memory (MB)          :        0        1      3764
...
016 (246.000.000) 10/24 20:51:46 POST Script terminated.
	(1) Normal termination (return value 0)
    DAG Node: averageratioevent_2_ID0000014
...
000 (247.000.000) 10/24 20:51:56 Job submitted from host: <54.153.86.184:19665?addrs=54.153.86.184-19665>
    DAG Node: clean_up_local_level_8_1
    pool:local
...
001 (247.000.000) 10/24 20:51:56 Job executing on host: <54.153.86.184:29174?addrs=54.153.86.184-29174>
...
005 (247.000.000) 10/24 20:52:00 Job terminated.
	(1) Normal termination (return value 0)
		Usr 0 00:00:00, Sys 0 00:00:00  -  Run Remote Usage
		Usr 0 00:00:00, Sys 0 00:00:00  -  Run Local Usage
		Usr 0 00:00:00, Sys 0 00:00:00  -  Total Remote Usage
		Usr 0 00:00:00, Sys 0 00:00:00  -  Total Local Usage
	0  -  Run Bytes Sent By Job
	0  -  Run Bytes Received By Job
	0  -  Total Bytes Sent By Job
	0  -  Total Bytes Received By Job
...
016 (247.000.000) 10/24 20:52:01 POST Script terminated.
	(1) Normal termination (return value 0)
    DAG Node: clean_up_local_level_8_1
...
005 (244.000.000) 10/24 20:52:03 Job terminated.
	(1) Normal termination (return value 0)
		Usr 0 00:00:30, Sys 0 00:00:00  -  Run Remote Usage
		Usr 0 00:00:00, Sys 0 00:00:00  -  Run Local Usage
		Usr 0 00:00:30, Sys 0 00:00:00  -  Total Remote Usage
		Usr 0 00:00:00, Sys 0 00:00:00  -  Total Local Usage
	266686  -  Run Bytes Sent By Job
	3169325  -  Run Bytes Received By Job
	266686  -  Total Bytes Sent By Job
	3169325  -  Total Bytes Received By Job
	Partitionable Resources :    Usage  Request Allocated
	   Cpus                 :                 1         1
	   Disk (KB)            :     7218     3250  27735152
	   Memory (MB)          :        2        1      3764
...
005 (245.000.000) 10/24 20:52:04 Job terminated.
	(1) Normal termination (return value 0)
		Usr 0 00:00:07, Sys 0 00:00:00  -  Run Remote Usage
		Usr 0 00:00:00, Sys 0 00:00:00  -  Run Local Usage
		Usr 0 00:00:07, Sys 0 00:00:00  -  Total Remote Usage
		Usr 0 00:00:00, Sys 0 00:00:00  -  Total Local Usage
	266691  -  Run Bytes Sent By Job
	3169329  -  Run Bytes Received By Job
	266691  -  Total Bytes Sent By Job
	3169329  -  Total Bytes Received By Job
	Partitionable Resources :    Usage  Request Allocated
	   Cpus                 :                 1         1
	   Disk (KB)            :     6662     3250  27735284
	   Memory (MB)          :        2        1      3764
...
016 (245.000.000) 10/24 20:52:06 POST Script terminated.
	(1) Normal termination (return value 0)
    DAG Node: averageratioevent_0_ID0000012
...
016 (244.000.000) 10/24 20:52:06 POST Script terminated.
	(1) Normal termination (return value 0)
    DAG Node: averageratioevent_1_ID0000013
...
000 (248.000.000) 10/24 20:52:16 Job submitted from host: <54.153.86.184:19665?addrs=54.153.86.184-19665>
    DAG Node: clean_up_local_level_8_0
    pool:local
...
001 (248.000.000) 10/24 20:52:17 Job executing on host: <54.153.86.184:11289?addrs=54.153.86.184-11289>
...
000 (249.000.000) 10/24 20:52:17 Job submitted from host: <54.153.86.184:19665?addrs=54.153.86.184-19665>
    DAG Node: analysisevent_0_ID0000015
    pool:condorpool
...
001 (249.000.000) 10/24 20:52:17 Job executing on host: <54.186.11.128:14421?addrs=54.186.11.128-14421&noUDP>
...
005 (249.000.000) 10/24 20:52:18 Job terminated.
	(1) Normal termination (return value 0)
		Usr 0 00:00:00, Sys 0 00:00:00  -  Run Remote Usage
		Usr 0 00:00:00, Sys 0 00:00:00  -  Run Local Usage
		Usr 0 00:00:00, Sys 0 00:00:00  -  Total Remote Usage
		Usr 0 00:00:00, Sys 0 00:00:00  -  Total Local Usage
	5331  -  Run Bytes Sent By Job
	3169137  -  Run Bytes Received By Job
	5331  -  Total Bytes Sent By Job
	3169137  -  Total Bytes Received By Job
	Partitionable Resources :    Usage  Request Allocated
	   Cpus                 :                 1         1
	   Disk (KB)            :     6107     3250  27735284
	   Memory (MB)          :        0        1      3764
...
016 (249.000.000) 10/24 20:52:22 POST Script terminated.
	(1) Normal termination (return value 0)
    DAG Node: analysisevent_0_ID0000015
...
005 (248.000.000) 10/24 20:52:25 Job terminated.
	(1) Normal termination (return value 0)
		Usr 0 00:00:00, Sys 0 00:00:00  -  Run Remote Usage
		Usr 0 00:00:00, Sys 0 00:00:00  -  Run Local Usage
		Usr 0 00:00:00, Sys 0 00:00:00  -  Total Remote Usage
		Usr 0 00:00:00, Sys 0 00:00:00  -  Total Local Usage
	0  -  Run Bytes Sent By Job
	0  -  Run Bytes Received By Job
	0  -  Total Bytes Sent By Job
	0  -  Total Bytes Received By Job
...
016 (248.000.000) 10/24 20:52:27 POST Script terminated.
	(1) Normal termination (return value 0)
    DAG Node: clean_up_local_level_8_0
...
000 (250.000.000) 10/24 20:52:32 Job submitted from host: <54.153.86.184:19665?addrs=54.153.86.184-19665>
    DAG Node: terminate_0_ID0000016
    pool:condorpool
...
000 (251.000.000) 10/24 20:52:32 Job submitted from host: <54.153.86.184:19665?addrs=54.153.86.184-19665>
    DAG Node: clean_up_local_level_9_0
    pool:local
...
001 (250.000.000) 10/24 20:52:33 Job executing on host: <54.186.11.128:14421?addrs=54.186.11.128-14421&noUDP>
...
005 (250.000.000) 10/24 20:52:34 Job terminated.
	(1) Normal termination (return value 0)
		Usr 0 00:00:00, Sys 0 00:00:00  -  Run Remote Usage
		Usr 0 00:00:00, Sys 0 00:00:00  -  Run Local Usage
		Usr 0 00:00:00, Sys 0 00:00:00  -  Total Remote Usage
		Usr 0 00:00:00, Sys 0 00:00:00  -  Total Local Usage
	4459  -  Run Bytes Sent By Job
	3167596  -  Run Bytes Received By Job
	4459  -  Total Bytes Sent By Job
	3167596  -  Total Bytes Received By Job
	Partitionable Resources :    Usage  Request Allocated
	   Cpus                 :                 1         1
	   Disk (KB)            :     6103     3250  27735284
	   Memory (MB)          :        0        1      3764
...
016 (250.000.000) 10/24 20:52:37 POST Script terminated.
	(1) Normal termination (return value 0)
    DAG Node: terminate_0_ID0000016
...
001 (251.000.000) 10/24 20:52:38 Job executing on host: <54.153.86.184:55744?addrs=54.153.86.184-55744>
...
005 (251.000.000) 10/24 20:52:42 Job terminated.
	(1) Normal termination (return value 0)
		Usr 0 00:00:00, Sys 0 00:00:00  -  Run Remote Usage
		Usr 0 00:00:00, Sys 0 00:00:00  -  Run Local Usage
		Usr 0 00:00:00, Sys 0 00:00:00  -  Total Remote Usage
		Usr 0 00:00:00, Sys 0 00:00:00  -  Total Local Usage
	0  -  Run Bytes Sent By Job
	0  -  Run Bytes Received By Job
	0  -  Total Bytes Sent By Job
	0  -  Total Bytes Received By Job
...
000 (252.000.000) 10/24 20:52:47 Job submitted from host: <54.153.86.184:19665?addrs=54.153.86.184-19665>
    DAG Node: clean_up_local_level_10_0
    pool:local
...
001 (252.000.000) 10/24 20:52:47 Job executing on host: <54.153.86.184:3662?addrs=54.153.86.184-3662>
...
016 (251.000.000) 10/24 20:52:48 POST Script terminated.
	(1) Normal termination (return value 0)
    DAG Node: clean_up_local_level_9_0
...
005 (252.000.000) 10/24 20:52:50 Job terminated.
	(1) Normal termination (return value 0)
		Usr 0 00:00:00, Sys 0 00:00:00  -  Run Remote Usage
		Usr 0 00:00:00, Sys 0 00:00:00  -  Run Local Usage
		Usr 0 00:00:00, Sys 0 00:00:00  -  Total Remote Usage
		Usr 0 00:00:00, Sys 0 00:00:00  -  Total Local Usage
	0  -  Run Bytes Sent By Job
	0  -  Run Bytes Received By Job
	0  -  Total Bytes Sent By Job
	0  -  Total Bytes Received By Job
...
016 (252.000.000) 10/24 20:52:52 POST Script terminated.
	(1) Normal termination (return value 0)
    DAG Node: clean_up_local_level_10_0
...
000 (253.000.000) 10/24 20:53:02 Job submitted from host: <54.153.86.184:19665?addrs=54.153.86.184-19665>
    DAG Node: cleanup_example_workflow_0_local
    pool:local
...
001 (253.000.000) 10/24 20:53:02 Job executing on host: <54.153.86.184:14981?addrs=54.153.86.184-14981>
...
005 (253.000.000) 10/24 20:53:04 Job terminated.
	(1) Normal termination (return value 0)
		Usr 0 00:00:00, Sys 0 00:00:00  -  Run Remote Usage
		Usr 0 00:00:00, Sys 0 00:00:00  -  Run Local Usage
		Usr 0 00:00:00, Sys 0 00:00:00  -  Total Remote Usage
		Usr 0 00:00:00, Sys 0 00:00:00  -  Total Local Usage
	0  -  Run Bytes Sent By Job
	0  -  Run Bytes Received By Job
	0  -  Total Bytes Sent By Job
	0  -  Total Bytes Received By Job
...
