000 (2233.000.000) 12/13 12:27:52 Job submitted from host: <54.193.25.121:42932?addrs=54.193.25.121-42932>
    DAG Node: create_dir_example_workflow_0_local
    pool:local
...
001 (2233.000.000) 12/13 12:27:53 Job executing on host: <54.193.25.121:47496?addrs=54.193.25.121-47496>
...
005 (2233.000.000) 12/13 12:27:55 Job terminated.
	(1) Normal termination (return value 0)
		Usr 0 00:00:00, Sys 0 00:00:00  -  Run Remote Usage
		Usr 0 00:00:00, Sys 0 00:00:00  -  Run Local Usage
		Usr 0 00:00:00, Sys 0 00:00:00  -  Total Remote Usage
		Usr 0 00:00:00, Sys 0 00:00:00  -  Total Local Usage
	0  -  Run Bytes Sent By Job
	0  -  Run Bytes Received By Job
	0  -  Total Bytes Sent By Job
	0  -  Total Bytes Received By Job
...
016 (2233.000.000) 12/13 12:27:57 POST Script terminated.
	(1) Normal termination (return value 0)
    DAG Node: create_dir_example_workflow_0_local
...
000 (2234.000.000) 12/13 12:28:07 Job submitted from host: <54.193.25.121:42932?addrs=54.193.25.121-42932>
    DAG Node: stage_in_local_local_0_0
    pool:local
...
001 (2234.000.000) 12/13 12:28:07 Job executing on host: <54.193.25.121:22146?addrs=54.193.25.121-22146>
...
000 (2235.000.000) 12/13 12:28:07 Job submitted from host: <54.193.25.121:42932?addrs=54.193.25.121-42932>
    DAG Node: stage_in_local_local_6_0
    pool:local
...
000 (2236.000.000) 12/13 12:28:07 Job submitted from host: <54.193.25.121:42932?addrs=54.193.25.121-42932>
    DAG Node: stage_in_remote_local_2_1
    pool:local
...
000 (2237.000.000) 12/13 12:28:07 Job submitted from host: <54.193.25.121:42932?addrs=54.193.25.121-42932>
    DAG Node: stage_in_remote_local_5_0
    pool:local
...
000 (2238.000.000) 12/13 12:28:07 Job submitted from host: <54.193.25.121:42932?addrs=54.193.25.121-42932>
    DAG Node: stage_in_local_local_2_0
    pool:local
...
005 (2234.000.000) 12/13 12:28:09 Job terminated.
	(1) Normal termination (return value 0)
		Usr 0 00:00:00, Sys 0 00:00:00  -  Run Remote Usage
		Usr 0 00:00:00, Sys 0 00:00:00  -  Run Local Usage
		Usr 0 00:00:00, Sys 0 00:00:00  -  Total Remote Usage
		Usr 0 00:00:00, Sys 0 00:00:00  -  Total Local Usage
	0  -  Run Bytes Sent By Job
	0  -  Run Bytes Received By Job
	0  -  Total Bytes Sent By Job
	0  -  Total Bytes Received By Job
...
001 (2237.000.000) 12/13 12:28:09 Job executing on host: <54.193.25.121:11137?addrs=54.193.25.121-11137>
...
001 (2238.000.000) 12/13 12:28:09 Job executing on host: <54.193.25.121:28115?addrs=54.193.25.121-28115>
...
001 (2235.000.000) 12/13 12:28:10 Job executing on host: <54.193.25.121:52907?addrs=54.193.25.121-52907>
...
001 (2236.000.000) 12/13 12:28:10 Job executing on host: <54.193.25.121:7117?addrs=54.193.25.121-7117>
...
005 (2237.000.000) 12/13 12:28:12 Job terminated.
	(1) Normal termination (return value 0)
		Usr 0 00:00:00, Sys 0 00:00:00  -  Run Remote Usage
		Usr 0 00:00:00, Sys 0 00:00:00  -  Run Local Usage
		Usr 0 00:00:00, Sys 0 00:00:00  -  Total Remote Usage
		Usr 0 00:00:00, Sys 0 00:00:00  -  Total Local Usage
	0  -  Run Bytes Sent By Job
	0  -  Run Bytes Received By Job
	0  -  Total Bytes Sent By Job
	0  -  Total Bytes Received By Job
...
005 (2236.000.000) 12/13 12:28:12 Job terminated.
	(1) Normal termination (return value 0)
		Usr 0 00:00:00, Sys 0 00:00:00  -  Run Remote Usage
		Usr 0 00:00:00, Sys 0 00:00:00  -  Run Local Usage
		Usr 0 00:00:00, Sys 0 00:00:00  -  Total Remote Usage
		Usr 0 00:00:00, Sys 0 00:00:00  -  Total Local Usage
	0  -  Run Bytes Sent By Job
	0  -  Run Bytes Received By Job
	0  -  Total Bytes Sent By Job
	0  -  Total Bytes Received By Job
...
005 (2235.000.000) 12/13 12:28:12 Job terminated.
	(1) Normal termination (return value 0)
		Usr 0 00:00:00, Sys 0 00:00:00  -  Run Remote Usage
		Usr 0 00:00:00, Sys 0 00:00:00  -  Run Local Usage
		Usr 0 00:00:00, Sys 0 00:00:00  -  Total Remote Usage
		Usr 0 00:00:00, Sys 0 00:00:00  -  Total Local Usage
	0  -  Run Bytes Sent By Job
	0  -  Run Bytes Received By Job
	0  -  Total Bytes Sent By Job
	0  -  Total Bytes Received By Job
...
000 (2239.000.000) 12/13 12:28:12 Job submitted from host: <54.193.25.121:42932?addrs=54.193.25.121-42932>
    DAG Node: stage_in_local_local_2_1
    pool:local
...
001 (2239.000.000) 12/13 12:28:12 Job executing on host: <54.193.25.121:15801?addrs=54.193.25.121-15801>
...
000 (2240.000.000) 12/13 12:28:12 Job submitted from host: <54.193.25.121:42932?addrs=54.193.25.121-42932>
    DAG Node: stage_in_remote_local_1_0
    pool:local
...
001 (2240.000.000) 12/13 12:28:13 Job executing on host: <54.193.25.121:41658?addrs=54.193.25.121-41658>
...
000 (2241.000.000) 12/13 12:28:13 Job submitted from host: <54.193.25.121:42932?addrs=54.193.25.121-42932>
    DAG Node: stage_in_local_local_3_0
    pool:local
...
000 (2242.000.000) 12/13 12:28:13 Job submitted from host: <54.193.25.121:42932?addrs=54.193.25.121-42932>
    DAG Node: stage_in_local_local_5_0
    pool:local
...
001 (2241.000.000) 12/13 12:28:13 Job executing on host: <54.193.25.121:12430?addrs=54.193.25.121-12430>
...
000 (2243.000.000) 12/13 12:28:13 Job submitted from host: <54.193.25.121:42932?addrs=54.193.25.121-42932>
    DAG Node: stage_in_local_local_4_0
    pool:local
...
016 (2235.000.000) 12/13 12:28:14 POST Script terminated.
	(1) Normal termination (return value 0)
    DAG Node: stage_in_local_local_6_0
...
016 (2234.000.000) 12/13 12:28:14 POST Script terminated.
	(1) Normal termination (return value 0)
    DAG Node: stage_in_local_local_0_0
...
016 (2237.000.000) 12/13 12:28:14 POST Script terminated.
	(1) Normal termination (return value 0)
    DAG Node: stage_in_remote_local_5_0
...
016 (2236.000.000) 12/13 12:28:14 POST Script terminated.
	(1) Normal termination (return value 0)
    DAG Node: stage_in_remote_local_2_1
...
005 (2238.000.000) 12/13 12:28:14 Job terminated.
	(1) Normal termination (return value 0)
		Usr 0 00:00:00, Sys 0 00:00:00  -  Run Remote Usage
		Usr 0 00:00:00, Sys 0 00:00:00  -  Run Local Usage
		Usr 0 00:00:00, Sys 0 00:00:00  -  Total Remote Usage
		Usr 0 00:00:00, Sys 0 00:00:00  -  Total Local Usage
	0  -  Run Bytes Sent By Job
	0  -  Run Bytes Received By Job
	0  -  Total Bytes Sent By Job
	0  -  Total Bytes Received By Job
...
001 (2242.000.000) 12/13 12:28:14 Job executing on host: <54.193.25.121:10183?addrs=54.193.25.121-10183>
...
001 (2243.000.000) 12/13 12:28:14 Job executing on host: <54.193.25.121:22885?addrs=54.193.25.121-22885>
...
005 (2239.000.000) 12/13 12:28:15 Job terminated.
	(1) Normal termination (return value 0)
		Usr 0 00:00:00, Sys 0 00:00:00  -  Run Remote Usage
		Usr 0 00:00:00, Sys 0 00:00:00  -  Run Local Usage
		Usr 0 00:00:00, Sys 0 00:00:00  -  Total Remote Usage
		Usr 0 00:00:00, Sys 0 00:00:00  -  Total Local Usage
	0  -  Run Bytes Sent By Job
	0  -  Run Bytes Received By Job
	0  -  Total Bytes Sent By Job
	0  -  Total Bytes Received By Job
...
005 (2240.000.000) 12/13 12:28:15 Job terminated.
	(1) Normal termination (return value 0)
		Usr 0 00:00:00, Sys 0 00:00:00  -  Run Remote Usage
		Usr 0 00:00:00, Sys 0 00:00:00  -  Run Local Usage
		Usr 0 00:00:00, Sys 0 00:00:00  -  Total Remote Usage
		Usr 0 00:00:00, Sys 0 00:00:00  -  Total Local Usage
	0  -  Run Bytes Sent By Job
	0  -  Run Bytes Received By Job
	0  -  Total Bytes Sent By Job
	0  -  Total Bytes Received By Job
...
005 (2241.000.000) 12/13 12:28:15 Job terminated.
	(1) Normal termination (return value 0)
		Usr 0 00:00:00, Sys 0 00:00:00  -  Run Remote Usage
		Usr 0 00:00:00, Sys 0 00:00:00  -  Run Local Usage
		Usr 0 00:00:00, Sys 0 00:00:00  -  Total Remote Usage
		Usr 0 00:00:00, Sys 0 00:00:00  -  Total Local Usage
	0  -  Run Bytes Sent By Job
	0  -  Run Bytes Received By Job
	0  -  Total Bytes Sent By Job
	0  -  Total Bytes Received By Job
...
005 (2242.000.000) 12/13 12:28:17 Job terminated.
	(1) Normal termination (return value 0)
		Usr 0 00:00:00, Sys 0 00:00:00  -  Run Remote Usage
		Usr 0 00:00:00, Sys 0 00:00:00  -  Run Local Usage
		Usr 0 00:00:00, Sys 0 00:00:00  -  Total Remote Usage
		Usr 0 00:00:00, Sys 0 00:00:00  -  Total Local Usage
	0  -  Run Bytes Sent By Job
	0  -  Run Bytes Received By Job
	0  -  Total Bytes Sent By Job
	0  -  Total Bytes Received By Job
...
005 (2243.000.000) 12/13 12:28:17 Job terminated.
	(1) Normal termination (return value 0)
		Usr 0 00:00:00, Sys 0 00:00:00  -  Run Remote Usage
		Usr 0 00:00:00, Sys 0 00:00:00  -  Run Local Usage
		Usr 0 00:00:00, Sys 0 00:00:00  -  Total Remote Usage
		Usr 0 00:00:00, Sys 0 00:00:00  -  Total Local Usage
	0  -  Run Bytes Sent By Job
	0  -  Run Bytes Received By Job
	0  -  Total Bytes Sent By Job
	0  -  Total Bytes Received By Job
...
000 (2244.000.000) 12/13 12:28:18 Job submitted from host: <54.193.25.121:42932?addrs=54.193.25.121-42932>
    DAG Node: stage_in_local_local_7_0
    pool:local
...
001 (2244.000.000) 12/13 12:28:18 Job executing on host: <54.193.25.121:57242?addrs=54.193.25.121-57242>
...
000 (2245.000.000) 12/13 12:28:18 Job submitted from host: <54.193.25.121:42932?addrs=54.193.25.121-42932>
    DAG Node: stage_in_local_local_1_0
    pool:local
...
001 (2245.000.000) 12/13 12:28:18 Job executing on host: <54.193.25.121:63018?addrs=54.193.25.121-63018>
...
000 (2246.000.000) 12/13 12:28:18 Job submitted from host: <54.193.25.121:42932?addrs=54.193.25.121-42932>
    DAG Node: stage_in_remote_local_4_1
    pool:local
...
000 (2247.000.000) 12/13 12:28:18 Job submitted from host: <54.193.25.121:42932?addrs=54.193.25.121-42932>
    DAG Node: stage_in_remote_local_4_0
    pool:local
...
000 (2248.000.000) 12/13 12:28:18 Job submitted from host: <54.193.25.121:42932?addrs=54.193.25.121-42932>
    DAG Node: stage_in_remote_local_2_0
    pool:local
...
016 (2242.000.000) 12/13 12:28:19 POST Script terminated.
	(1) Normal termination (return value 0)
    DAG Node: stage_in_local_local_5_0
...
016 (2238.000.000) 12/13 12:28:19 POST Script terminated.
	(1) Normal termination (return value 0)
    DAG Node: stage_in_local_local_2_0
...
016 (2239.000.000) 12/13 12:28:20 POST Script terminated.
	(1) Normal termination (return value 0)
    DAG Node: stage_in_local_local_2_1
...
016 (2240.000.000) 12/13 12:28:20 POST Script terminated.
	(1) Normal termination (return value 0)
    DAG Node: stage_in_remote_local_1_0
...
016 (2243.000.000) 12/13 12:28:20 POST Script terminated.
	(1) Normal termination (return value 0)
    DAG Node: stage_in_local_local_4_0
...
016 (2241.000.000) 12/13 12:28:20 POST Script terminated.
	(1) Normal termination (return value 0)
    DAG Node: stage_in_local_local_3_0
...
005 (2244.000.000) 12/13 12:28:20 Job terminated.
	(1) Normal termination (return value 0)
		Usr 0 00:00:00, Sys 0 00:00:00  -  Run Remote Usage
		Usr 0 00:00:00, Sys 0 00:00:00  -  Run Local Usage
		Usr 0 00:00:00, Sys 0 00:00:00  -  Total Remote Usage
		Usr 0 00:00:00, Sys 0 00:00:00  -  Total Local Usage
	0  -  Run Bytes Sent By Job
	0  -  Run Bytes Received By Job
	0  -  Total Bytes Sent By Job
	0  -  Total Bytes Received By Job
...
001 (2247.000.000) 12/13 12:28:20 Job executing on host: <54.193.25.121:63181?addrs=54.193.25.121-63181>
...
001 (2246.000.000) 12/13 12:28:20 Job executing on host: <54.193.25.121:31623?addrs=54.193.25.121-31623>
...
001 (2248.000.000) 12/13 12:28:21 Job executing on host: <54.193.25.121:2129?addrs=54.193.25.121-2129>
...
005 (2245.000.000) 12/13 12:28:21 Job terminated.
	(1) Normal termination (return value 0)
		Usr 0 00:00:00, Sys 0 00:00:00  -  Run Remote Usage
		Usr 0 00:00:00, Sys 0 00:00:00  -  Run Local Usage
		Usr 0 00:00:00, Sys 0 00:00:00  -  Total Remote Usage
		Usr 0 00:00:00, Sys 0 00:00:00  -  Total Local Usage
	0  -  Run Bytes Sent By Job
	0  -  Run Bytes Received By Job
	0  -  Total Bytes Sent By Job
	0  -  Total Bytes Received By Job
...
005 (2246.000.000) 12/13 12:28:23 Job terminated.
	(1) Normal termination (return value 0)
		Usr 0 00:00:00, Sys 0 00:00:00  -  Run Remote Usage
		Usr 0 00:00:00, Sys 0 00:00:00  -  Run Local Usage
		Usr 0 00:00:00, Sys 0 00:00:00  -  Total Remote Usage
		Usr 0 00:00:00, Sys 0 00:00:00  -  Total Local Usage
	0  -  Run Bytes Sent By Job
	0  -  Run Bytes Received By Job
	0  -  Total Bytes Sent By Job
	0  -  Total Bytes Received By Job
...
000 (2249.000.000) 12/13 12:28:24 Job submitted from host: <54.193.25.121:42932?addrs=54.193.25.121-42932>
    DAG Node: stage_in_remote_local_3_1
    pool:local
...
000 (2250.000.000) 12/13 12:28:24 Job submitted from host: <54.193.25.121:42932?addrs=54.193.25.121-42932>
    DAG Node: stage_in_remote_local_3_0
    pool:local
...
001 (2249.000.000) 12/13 12:28:24 Job executing on host: <54.193.25.121:1085?addrs=54.193.25.121-1085>
...
000 (2251.000.000) 12/13 12:28:24 Job submitted from host: <54.193.25.121:42932?addrs=54.193.25.121-42932>
    DAG Node: stage_in_remote_local_6_0
    pool:local
...
000 (2252.000.000) 12/13 12:28:24 Job submitted from host: <54.193.25.121:42932?addrs=54.193.25.121-42932>
    DAG Node: init_0_ID0000001
    pool:condorpool
...
016 (2245.000.000) 12/13 12:28:24 POST Script terminated.
	(1) Normal termination (return value 0)
    DAG Node: stage_in_local_local_1_0
...
016 (2244.000.000) 12/13 12:28:25 POST Script terminated.
	(1) Normal termination (return value 0)
    DAG Node: stage_in_local_local_7_0
...
016 (2246.000.000) 12/13 12:28:25 POST Script terminated.
	(1) Normal termination (return value 0)
    DAG Node: stage_in_remote_local_4_1
...
005 (2247.000.000) 12/13 12:28:25 Job terminated.
	(1) Normal termination (return value 0)
		Usr 0 00:00:00, Sys 0 00:00:00  -  Run Remote Usage
		Usr 0 00:00:00, Sys 0 00:00:00  -  Run Local Usage
		Usr 0 00:00:00, Sys 0 00:00:00  -  Total Remote Usage
		Usr 0 00:00:00, Sys 0 00:00:00  -  Total Local Usage
	0  -  Run Bytes Sent By Job
	0  -  Run Bytes Received By Job
	0  -  Total Bytes Sent By Job
	0  -  Total Bytes Received By Job
...
005 (2248.000.000) 12/13 12:28:25 Job terminated.
	(1) Normal termination (return value 0)
		Usr 0 00:00:00, Sys 0 00:00:00  -  Run Remote Usage
		Usr 0 00:00:00, Sys 0 00:00:00  -  Run Local Usage
		Usr 0 00:00:00, Sys 0 00:00:00  -  Total Remote Usage
		Usr 0 00:00:00, Sys 0 00:00:00  -  Total Local Usage
	0  -  Run Bytes Sent By Job
	0  -  Run Bytes Received By Job
	0  -  Total Bytes Sent By Job
	0  -  Total Bytes Received By Job
...
001 (2250.000.000) 12/13 12:28:25 Job executing on host: <54.193.25.121:26990?addrs=54.193.25.121-26990>
...
001 (2251.000.000) 12/13 12:28:25 Job executing on host: <54.193.25.121:17016?addrs=54.193.25.121-17016>
...
005 (2249.000.000) 12/13 12:28:26 Job terminated.
	(1) Normal termination (return value 0)
		Usr 0 00:00:00, Sys 0 00:00:00  -  Run Remote Usage
		Usr 0 00:00:00, Sys 0 00:00:00  -  Run Local Usage
		Usr 0 00:00:00, Sys 0 00:00:00  -  Total Remote Usage
		Usr 0 00:00:00, Sys 0 00:00:00  -  Total Local Usage
	0  -  Run Bytes Sent By Job
	0  -  Run Bytes Received By Job
	0  -  Total Bytes Sent By Job
	0  -  Total Bytes Received By Job
...
005 (2251.000.000) 12/13 12:28:28 Job terminated.
	(1) Normal termination (return value 0)
		Usr 0 00:00:00, Sys 0 00:00:00  -  Run Remote Usage
		Usr 0 00:00:00, Sys 0 00:00:00  -  Run Local Usage
		Usr 0 00:00:00, Sys 0 00:00:00  -  Total Remote Usage
		Usr 0 00:00:00, Sys 0 00:00:00  -  Total Local Usage
	0  -  Run Bytes Sent By Job
	0  -  Run Bytes Received By Job
	0  -  Total Bytes Sent By Job
	0  -  Total Bytes Received By Job
...
016 (2248.000.000) 12/13 12:28:29 POST Script terminated.
	(1) Normal termination (return value 0)
    DAG Node: stage_in_remote_local_2_0
...
016 (2249.000.000) 12/13 12:28:29 POST Script terminated.
	(1) Normal termination (return value 0)
    DAG Node: stage_in_remote_local_3_1
...
016 (2251.000.000) 12/13 12:28:29 POST Script terminated.
	(1) Normal termination (return value 0)
    DAG Node: stage_in_remote_local_6_0
...
016 (2247.000.000) 12/13 12:28:29 POST Script terminated.
	(1) Normal termination (return value 0)
    DAG Node: stage_in_remote_local_4_0
...
005 (2250.000.000) 12/13 12:28:30 Job terminated.
	(1) Normal termination (return value 0)
		Usr 0 00:00:00, Sys 0 00:00:00  -  Run Remote Usage
		Usr 0 00:00:00, Sys 0 00:00:00  -  Run Local Usage
		Usr 0 00:00:00, Sys 0 00:00:00  -  Total Remote Usage
		Usr 0 00:00:00, Sys 0 00:00:00  -  Total Local Usage
	0  -  Run Bytes Sent By Job
	0  -  Run Bytes Received By Job
	0  -  Total Bytes Sent By Job
	0  -  Total Bytes Received By Job
...
016 (2250.000.000) 12/13 12:28:34 POST Script terminated.
	(1) Normal termination (return value 0)
    DAG Node: stage_in_remote_local_3_0
...
001 (2252.000.000) 12/13 12:28:44 Job executing on host: <54.203.38.135:36490?addrs=54.203.38.135-36490&noUDP>
...
005 (2252.000.000) 12/13 12:38:33 Job terminated.
	(1) Normal termination (return value 0)
		Usr 0 00:00:00, Sys 0 00:00:00  -  Run Remote Usage
		Usr 0 00:00:00, Sys 0 00:00:00  -  Run Local Usage
		Usr 0 00:00:00, Sys 0 00:00:00  -  Total Remote Usage
		Usr 0 00:00:00, Sys 0 00:00:00  -  Total Local Usage
	4456  -  Run Bytes Sent By Job
	3169717  -  Run Bytes Received By Job
	4456  -  Total Bytes Sent By Job
	3169717  -  Total Bytes Received By Job
	Partitionable Resources :    Usage  Request Allocated
	   Cpus                 :                 1         1
	   Disk (KB)            :     6105     3250  28002460
	   Memory (MB)          :       15        1      3764
...
016 (2252.000.000) 12/13 12:38:35 POST Script terminated.
	(1) Normal termination (return value 0)
    DAG Node: init_0_ID0000001
...
000 (2253.000.000) 12/13 12:38:45 Job submitted from host: <54.193.25.121:42932?addrs=54.193.25.121-42932>
    DAG Node: clean_up_local_level_3_0
    pool:local
...
000 (2254.000.000) 12/13 12:38:45 Job submitted from host: <54.193.25.121:42932?addrs=54.193.25.121-42932>
    DAG Node: generalinfo_0_ID0000002
    pool:condorpool
...
001 (2253.000.000) 12/13 12:38:45 Job executing on host: <54.193.25.121:32470?addrs=54.193.25.121-32470>
...
001 (2254.000.000) 12/13 12:38:46 Job executing on host: <54.203.38.135:36490?addrs=54.203.38.135-36490&noUDP>
...
005 (2253.000.000) 12/13 12:38:48 Job terminated.
	(1) Normal termination (return value 0)
		Usr 0 00:00:00, Sys 0 00:00:00  -  Run Remote Usage
		Usr 0 00:00:00, Sys 0 00:00:00  -  Run Local Usage
		Usr 0 00:00:00, Sys 0 00:00:00  -  Total Remote Usage
		Usr 0 00:00:00, Sys 0 00:00:00  -  Total Local Usage
	0  -  Run Bytes Sent By Job
	0  -  Run Bytes Received By Job
	0  -  Total Bytes Sent By Job
	0  -  Total Bytes Received By Job
...
016 (2253.000.000) 12/13 12:38:51 POST Script terminated.
	(1) Normal termination (return value 0)
    DAG Node: clean_up_local_level_3_0
...
005 (2254.000.000) 12/13 13:39:31 Job terminated.
	(1) Normal termination (return value 0)
		Usr 0 00:57:17, Sys 0 00:00:37  -  Run Remote Usage
		Usr 0 00:00:00, Sys 0 00:00:00  -  Run Local Usage
		Usr 0 00:57:17, Sys 0 00:00:37  -  Total Remote Usage
		Usr 0 00:00:00, Sys 0 00:00:00  -  Total Local Usage
	5016  -  Run Bytes Sent By Job
	3168725  -  Run Bytes Received By Job
	5016  -  Total Bytes Sent By Job
	3168725  -  Total Bytes Received By Job
	Partitionable Resources :    Usage  Request Allocated
	   Cpus                 :                 1         1
	   Disk (KB)            :     6106     3250  28002460
	   Memory (MB)          :      128        1      3764
...
016 (2254.000.000) 12/13 13:39:34 POST Script terminated.
	(1) Normal termination (return value 0)
    DAG Node: generalinfo_0_ID0000002
...
000 (2255.000.000) 12/13 13:39:43 Job submitted from host: <54.193.25.121:42932?addrs=54.193.25.121-42932>
    DAG Node: clean_up_local_level_4_0
    pool:local
...
001 (2255.000.000) 12/13 13:40:02 Job executing on host: <54.193.25.121:47638?addrs=54.193.25.121-47638>
...
000 (2256.000.000) 12/13 13:40:02 Job submitted from host: <54.193.25.121:42932?addrs=54.193.25.121-42932>
    DAG Node: statscpumemory_0_ID0000003
    pool:condorpool
...
000 (2257.000.000) 12/13 13:40:02 Job submitted from host: <54.193.25.121:42932?addrs=54.193.25.121-42932>
    DAG Node: medianmemory_0_ID0000005
    pool:condorpool
...
000 (2258.000.000) 12/13 13:40:02 Job submitted from host: <54.193.25.121:42932?addrs=54.193.25.121-42932>
    DAG Node: mediancpu_0_ID0000004
    pool:condorpool
...
005 (2255.000.000) 12/13 13:40:06 Job terminated.
	(1) Normal termination (return value 0)
		Usr 0 00:00:00, Sys 0 00:00:00  -  Run Remote Usage
		Usr 0 00:00:00, Sys 0 00:00:00  -  Run Local Usage
		Usr 0 00:00:00, Sys 0 00:00:00  -  Total Remote Usage
		Usr 0 00:00:00, Sys 0 00:00:00  -  Total Local Usage
	0  -  Run Bytes Sent By Job
	0  -  Run Bytes Received By Job
	0  -  Total Bytes Sent By Job
	0  -  Total Bytes Received By Job
...
016 (2255.000.000) 12/13 13:40:08 POST Script terminated.
	(1) Normal termination (return value 0)
    DAG Node: clean_up_local_level_4_0
...
001 (2256.000.000) 12/13 13:40:23 Job executing on host: <54.203.38.135:36490?addrs=54.203.38.135-36490&noUDP>
...
005 (2256.000.000) 12/13 15:51:04 Job terminated.
	(1) Normal termination (return value 0)
		Usr 0 02:03:58, Sys 0 00:01:25  -  Run Remote Usage
		Usr 0 00:00:00, Sys 0 00:00:00  -  Run Local Usage
		Usr 0 02:03:58, Sys 0 00:01:25  -  Total Remote Usage
		Usr 0 00:00:00, Sys 0 00:00:00  -  Total Local Usage
	5287  -  Run Bytes Sent By Job
	3170897  -  Run Bytes Received By Job
	5287  -  Total Bytes Sent By Job
	3170897  -  Total Bytes Received By Job
	Partitionable Resources :    Usage  Request Allocated
	   Cpus                 :                 1         1
	   Disk (KB)            :     6108     3250  28003268
	   Memory (MB)          :      134        1      3764
...
016 (2256.000.000) 12/13 15:51:05 POST Script terminated.
	(1) Normal termination (return value 0)
    DAG Node: statscpumemory_0_ID0000003
...
001 (2257.000.000) 12/13 15:51:25 Job executing on host: <54.203.38.135:36490?addrs=54.203.38.135-36490&noUDP>
...
005 (2257.000.000) 12/13 18:01:46 Job terminated.
	(1) Normal termination (return value 0)
		Usr 0 02:03:26, Sys 0 00:02:01  -  Run Remote Usage
		Usr 0 00:00:00, Sys 0 00:00:00  -  Run Local Usage
		Usr 0 02:03:26, Sys 0 00:02:01  -  Total Remote Usage
		Usr 0 00:00:00, Sys 0 00:00:00  -  Total Local Usage
	379625  -  Run Bytes Sent By Job
	3168620  -  Run Bytes Received By Job
	379625  -  Total Bytes Sent By Job
	3168620  -  Total Bytes Received By Job
	Partitionable Resources :    Usage  Request Allocated
	   Cpus                 :                 1         1
	   Disk (KB)            :  5910481     3250  27996148
	   Memory (MB)          :      150        1      3764
...
016 (2257.000.000) 12/13 18:01:47 POST Script terminated.
	(1) Normal termination (return value 0)
    DAG Node: medianmemory_0_ID0000005
...
000 (2259.000.000) 12/13 18:01:57 Job submitted from host: <54.193.25.121:42932?addrs=54.193.25.121-42932>
    DAG Node: clean_up_local_level_5_0
    pool:local
...
001 (2259.000.000) 12/13 18:01:57 Job executing on host: <54.193.25.121:15403?addrs=54.193.25.121-15403>
...
001 (2258.000.000) 12/13 18:01:58 Job executing on host: <54.203.38.135:36490?addrs=54.203.38.135-36490&noUDP>
...
005 (2259.000.000) 12/13 18:02:06 Job terminated.
	(1) Normal termination (return value 0)
		Usr 0 00:00:00, Sys 0 00:00:00  -  Run Remote Usage
		Usr 0 00:00:00, Sys 0 00:00:00  -  Run Local Usage
		Usr 0 00:00:00, Sys 0 00:00:00  -  Total Remote Usage
		Usr 0 00:00:00, Sys 0 00:00:00  -  Total Local Usage
	0  -  Run Bytes Sent By Job
	0  -  Run Bytes Received By Job
	0  -  Total Bytes Sent By Job
	0  -  Total Bytes Received By Job
...
016 (2259.000.000) 12/13 18:02:07 POST Script terminated.
	(1) Normal termination (return value 0)
    DAG Node: clean_up_local_level_5_0
...
005 (2258.000.000) 12/13 20:14:39 Job terminated.
	(1) Normal termination (return value 0)
		Usr 0 02:06:05, Sys 0 00:01:34  -  Run Remote Usage
		Usr 0 00:00:00, Sys 0 00:00:00  -  Run Local Usage
		Usr 0 02:06:05, Sys 0 00:01:34  -  Total Remote Usage
		Usr 0 00:00:00, Sys 0 00:00:00  -  Total Local Usage
	382110  -  Run Bytes Sent By Job
	3168584  -  Run Bytes Received By Job
	382110  -  Total Bytes Sent By Job
	3168584  -  Total Bytes Received By Job
	Partitionable Resources :    Usage  Request Allocated
	   Cpus                 :                 1         1
	   Disk (KB)            :  5780489     3250  28002748
	   Memory (MB)          :      154        1      3764
...
016 (2258.000.000) 12/13 20:14:41 POST Script terminated.
	(1) Normal termination (return value 0)
    DAG Node: mediancpu_0_ID0000004
...
000 (2260.000.000) 12/13 20:14:51 Job submitted from host: <54.193.25.121:42932?addrs=54.193.25.121-42932>
    DAG Node: taskevent_0_ID0000006
    pool:condorpool
...
000 (2261.000.000) 12/13 20:14:51 Job submitted from host: <54.193.25.121:42932?addrs=54.193.25.121-42932>
    DAG Node: clean_up_local_level_5_1
    pool:local
...
001 (2260.000.000) 12/13 20:14:52 Job executing on host: <54.203.38.135:36490?addrs=54.203.38.135-36490&noUDP>
...
001 (2261.000.000) 12/13 20:14:56 Job executing on host: <54.193.25.121:42432?addrs=54.193.25.121-42432>
...
005 (2261.000.000) 12/13 20:15:00 Job terminated.
	(1) Normal termination (return value 0)
		Usr 0 00:00:00, Sys 0 00:00:00  -  Run Remote Usage
		Usr 0 00:00:00, Sys 0 00:00:00  -  Run Local Usage
		Usr 0 00:00:00, Sys 0 00:00:00  -  Total Remote Usage
		Usr 0 00:00:00, Sys 0 00:00:00  -  Total Local Usage
	0  -  Run Bytes Sent By Job
	0  -  Run Bytes Received By Job
	0  -  Total Bytes Sent By Job
	0  -  Total Bytes Received By Job
...
016 (2261.000.000) 12/13 20:15:01 POST Script terminated.
	(1) Normal termination (return value 0)
    DAG Node: clean_up_local_level_5_1
...
005 (2260.000.000) 12/13 23:22:07 Job terminated.
	(1) Normal termination (return value 0)
		Usr 0 02:07:16, Sys 0 00:01:24  -  Run Remote Usage
		Usr 0 00:00:00, Sys 0 00:00:00  -  Run Local Usage
		Usr 0 02:07:16, Sys 0 00:01:24  -  Total Remote Usage
		Usr 0 00:00:00, Sys 0 00:00:00  -  Total Local Usage
	12542  -  Run Bytes Sent By Job
	3174530  -  Run Bytes Received By Job
	12542  -  Total Bytes Sent By Job
	3174530  -  Total Bytes Received By Job
	Partitionable Resources :    Usage  Request Allocated
	   Cpus                 :                 1         1
	   Disk (KB)            :     6120     3250  28002492
	   Memory (MB)          :      128        1      3764
...
016 (2260.000.000) 12/13 23:22:08 POST Script terminated.
	(1) Normal termination (return value 0)
    DAG Node: taskevent_0_ID0000006
...
000 (2262.000.000) 12/13 23:22:18 Job submitted from host: <54.193.25.121:42932?addrs=54.193.25.121-42932>
    DAG Node: clean_up_local_level_6_0
    pool:local
...
001 (2262.000.000) 12/13 23:22:18 Job executing on host: <54.193.25.121:23744?addrs=54.193.25.121-23744>
...
000 (2263.000.000) 12/13 23:22:18 Job submitted from host: <54.193.25.121:42932?addrs=54.193.25.121-42932>
    DAG Node: calculateratio_0_ID0000007
    pool:condorpool
...
005 (2262.000.000) 12/13 23:22:26 Job terminated.
	(1) Normal termination (return value 0)
		Usr 0 00:00:00, Sys 0 00:00:00  -  Run Remote Usage
		Usr 0 00:00:00, Sys 0 00:00:00  -  Run Local Usage
		Usr 0 00:00:00, Sys 0 00:00:00  -  Total Remote Usage
		Usr 0 00:00:00, Sys 0 00:00:00  -  Total Local Usage
	0  -  Run Bytes Sent By Job
	0  -  Run Bytes Received By Job
	0  -  Total Bytes Sent By Job
	0  -  Total Bytes Received By Job
...
016 (2262.000.000) 12/13 23:22:44 POST Script terminated.
	(1) Normal termination (return value 0)
    DAG Node: clean_up_local_level_6_0
...
001 (2263.000.000) 12/13 23:22:45 Job executing on host: <54.203.38.135:36490?addrs=54.203.38.135-36490&noUDP>
...
005 (2263.000.000) 12/14 03:30:18 Job terminated.
	(1) Normal termination (return value 0)
		Usr 0 01:53:23, Sys 0 00:04:06  -  Run Remote Usage
		Usr 0 00:00:00, Sys 0 00:00:00  -  Run Local Usage
		Usr 0 01:53:23, Sys 0 00:04:06  -  Total Remote Usage
		Usr 0 00:00:00, Sys 0 00:00:00  -  Total Local Usage
	359356  -  Run Bytes Sent By Job
	3173260  -  Run Bytes Received By Job
	359356  -  Total Bytes Sent By Job
	3173260  -  Total Bytes Received By Job
	Partitionable Resources :    Usage  Request Allocated
	   Cpus                 :                 1         1
	   Disk (KB)            :     6831     3250  28003088
	   Memory (MB)          :      150        1      3764
...
016 (2263.000.000) 12/14 03:30:18 POST Script terminated.
	(1) Normal termination (return value 0)
    DAG Node: calculateratio_0_ID0000007
...
000 (2264.000.000) 12/14 03:30:28 Job submitted from host: <54.193.25.121:42932?addrs=54.193.25.121-42932>
    DAG Node: clean_up_local_level_7_0
    pool:local
...
001 (2264.000.000) 12/14 03:30:28 Job executing on host: <54.193.25.121:53773?addrs=54.193.25.121-53773>
...
000 (2265.000.000) 12/14 03:30:28 Job submitted from host: <54.193.25.121:42932?addrs=54.193.25.121-42932>
    DAG Node: averageratioevent_0_ID0000008
    pool:condorpool
...
005 (2264.000.000) 12/14 03:30:37 Job terminated.
	(1) Normal termination (return value 0)
		Usr 0 00:00:00, Sys 0 00:00:00  -  Run Remote Usage
		Usr 0 00:00:00, Sys 0 00:00:00  -  Run Local Usage
		Usr 0 00:00:00, Sys 0 00:00:00  -  Total Remote Usage
		Usr 0 00:00:00, Sys 0 00:00:00  -  Total Local Usage
	0  -  Run Bytes Sent By Job
	0  -  Run Bytes Received By Job
	0  -  Total Bytes Sent By Job
	0  -  Total Bytes Received By Job
...
016 (2264.000.000) 12/14 03:30:39 POST Script terminated.
	(1) Normal termination (return value 0)
    DAG Node: clean_up_local_level_7_0
...
001 (2265.000.000) 12/14 03:30:49 Job executing on host: <54.203.38.135:36490?addrs=54.203.38.135-36490&noUDP>
...
005 (2265.000.000) 12/14 03:51:14 Job terminated.
	(1) Normal termination (return value 0)
		Usr 0 00:15:18, Sys 0 00:00:12  -  Run Remote Usage
		Usr 0 00:00:00, Sys 0 00:00:00  -  Run Local Usage
		Usr 0 00:15:18, Sys 0 00:00:12  -  Total Remote Usage
		Usr 0 00:00:00, Sys 0 00:00:00  -  Total Local Usage
	266708  -  Run Bytes Sent By Job
	3169520  -  Run Bytes Received By Job
	266708  -  Total Bytes Sent By Job
	3169520  -  Total Bytes Received By Job
	Partitionable Resources :    Usage  Request Allocated
	   Cpus                 :                 1         1
	   Disk (KB)            :   193226     3250  28002588
	   Memory (MB)          :      138        1      3764
...
016 (2265.000.000) 12/14 03:51:14 POST Script terminated.
	(1) Normal termination (return value 0)
    DAG Node: averageratioevent_0_ID0000008
...
000 (2266.000.000) 12/14 03:51:24 Job submitted from host: <54.193.25.121:42932?addrs=54.193.25.121-42932>
    DAG Node: clean_up_local_level_8_0
    pool:local
...
001 (2266.000.000) 12/14 03:51:24 Job executing on host: <54.193.25.121:65488?addrs=54.193.25.121-65488>
...
000 (2267.000.000) 12/14 03:51:24 Job submitted from host: <54.193.25.121:42932?addrs=54.193.25.121-42932>
    DAG Node: analysisevent_0_ID0000009
    pool:condorpool
...
005 (2266.000.000) 12/14 03:51:28 Job terminated.
	(1) Normal termination (return value 0)
		Usr 0 00:00:00, Sys 0 00:00:00  -  Run Remote Usage
		Usr 0 00:00:00, Sys 0 00:00:00  -  Run Local Usage
		Usr 0 00:00:00, Sys 0 00:00:00  -  Total Remote Usage
		Usr 0 00:00:00, Sys 0 00:00:00  -  Total Local Usage
	0  -  Run Bytes Sent By Job
	0  -  Run Bytes Received By Job
	0  -  Total Bytes Sent By Job
	0  -  Total Bytes Received By Job
...
016 (2266.000.000) 12/14 03:51:29 POST Script terminated.
	(1) Normal termination (return value 0)
    DAG Node: clean_up_local_level_8_0
...
001 (2267.000.000) 12/14 03:51:45 Job executing on host: <54.203.38.135:36490?addrs=54.203.38.135-36490&noUDP>
...
005 (2267.000.000) 12/14 03:51:46 Job terminated.
	(1) Normal termination (return value 0)
		Usr 0 00:00:00, Sys 0 00:00:00  -  Run Remote Usage
		Usr 0 00:00:00, Sys 0 00:00:00  -  Run Local Usage
		Usr 0 00:00:00, Sys 0 00:00:00  -  Total Remote Usage
		Usr 0 00:00:00, Sys 0 00:00:00  -  Total Local Usage
	5071  -  Run Bytes Sent By Job
	3169007  -  Run Bytes Received By Job
	5071  -  Total Bytes Sent By Job
	3169007  -  Total Bytes Received By Job
	Partitionable Resources :    Usage  Request Allocated
	   Cpus                 :                 1         1
	   Disk (KB)            :     6106     3250  28002540
	   Memory (MB)          :        0        1      3764
...
016 (2267.000.000) 12/14 03:51:49 POST Script terminated.
	(1) Normal termination (return value 0)
    DAG Node: analysisevent_0_ID0000009
...
000 (2268.000.000) 12/14 03:52:00 Job submitted from host: <54.193.25.121:42932?addrs=54.193.25.121-42932>
    DAG Node: terminate_0_ID0000010
    pool:condorpool
...
000 (2269.000.000) 12/14 03:52:00 Job submitted from host: <54.193.25.121:42932?addrs=54.193.25.121-42932>
    DAG Node: clean_up_local_level_9_0
    pool:local
...
001 (2268.000.000) 12/14 03:52:00 Job executing on host: <54.203.38.135:36490?addrs=54.203.38.135-36490&noUDP>
...
005 (2268.000.000) 12/14 03:52:01 Job terminated.
	(1) Normal termination (return value 0)
		Usr 0 00:00:00, Sys 0 00:00:00  -  Run Remote Usage
		Usr 0 00:00:00, Sys 0 00:00:00  -  Run Local Usage
		Usr 0 00:00:00, Sys 0 00:00:00  -  Total Remote Usage
		Usr 0 00:00:00, Sys 0 00:00:00  -  Total Local Usage
	4459  -  Run Bytes Sent By Job
	3167466  -  Run Bytes Received By Job
	4459  -  Total Bytes Sent By Job
	3167466  -  Total Bytes Received By Job
	Partitionable Resources :    Usage  Request Allocated
	   Cpus                 :                 1         1
	   Disk (KB)            :     6103     3250  28002540
	   Memory (MB)          :        0        1      3764
...
001 (2269.000.000) 12/14 03:52:05 Job executing on host: <54.193.25.121:28152?addrs=54.193.25.121-28152>
...
016 (2268.000.000) 12/14 03:52:05 POST Script terminated.
	(1) Normal termination (return value 0)
    DAG Node: terminate_0_ID0000010
...
005 (2269.000.000) 12/14 03:52:09 Job terminated.
	(1) Normal termination (return value 0)
		Usr 0 00:00:00, Sys 0 00:00:00  -  Run Remote Usage
		Usr 0 00:00:00, Sys 0 00:00:00  -  Run Local Usage
		Usr 0 00:00:00, Sys 0 00:00:00  -  Total Remote Usage
		Usr 0 00:00:00, Sys 0 00:00:00  -  Total Local Usage
	0  -  Run Bytes Sent By Job
	0  -  Run Bytes Received By Job
	0  -  Total Bytes Sent By Job
	0  -  Total Bytes Received By Job
...
016 (2269.000.000) 12/14 03:52:10 POST Script terminated.
	(1) Normal termination (return value 0)
    DAG Node: clean_up_local_level_9_0
...
000 (2270.000.000) 12/14 03:52:15 Job submitted from host: <54.193.25.121:42932?addrs=54.193.25.121-42932>
    DAG Node: clean_up_local_level_10_0
    pool:local
...
001 (2270.000.000) 12/14 03:52:15 Job executing on host: <54.193.25.121:14308?addrs=54.193.25.121-14308>
...
005 (2270.000.000) 12/14 03:52:17 Job terminated.
	(1) Normal termination (return value 0)
		Usr 0 00:00:00, Sys 0 00:00:00  -  Run Remote Usage
		Usr 0 00:00:00, Sys 0 00:00:00  -  Run Local Usage
		Usr 0 00:00:00, Sys 0 00:00:00  -  Total Remote Usage
		Usr 0 00:00:00, Sys 0 00:00:00  -  Total Local Usage
	0  -  Run Bytes Sent By Job
	0  -  Run Bytes Received By Job
	0  -  Total Bytes Sent By Job
	0  -  Total Bytes Received By Job
...
016 (2270.000.000) 12/14 03:52:20 POST Script terminated.
	(1) Normal termination (return value 0)
    DAG Node: clean_up_local_level_10_0
...
000 (2271.000.000) 12/14 03:52:30 Job submitted from host: <54.193.25.121:42932?addrs=54.193.25.121-42932>
    DAG Node: cleanup_example_workflow_0_local
    pool:local
...
001 (2271.000.000) 12/14 03:52:30 Job executing on host: <54.193.25.121:54021?addrs=54.193.25.121-54021>
...
005 (2271.000.000) 12/14 03:52:33 Job terminated.
	(1) Normal termination (return value 0)
		Usr 0 00:00:00, Sys 0 00:00:00  -  Run Remote Usage
		Usr 0 00:00:00, Sys 0 00:00:00  -  Run Local Usage
		Usr 0 00:00:00, Sys 0 00:00:00  -  Total Remote Usage
		Usr 0 00:00:00, Sys 0 00:00:00  -  Total Local Usage
	0  -  Run Bytes Sent By Job
	0  -  Run Bytes Received By Job
	0  -  Total Bytes Sent By Job
	0  -  Total Bytes Received By Job
...
