01/19/17 21:32:28 ******************************************************
01/19/17 21:32:28 ** condor_scheduniv_exec.11080.0 (CONDOR_DAGMAN) STARTING UP
01/19/17 21:32:28 ** /usr/bin/condor_dagman
01/19/17 21:32:28 ** SubsystemInfo: name=DAGMAN type=DAGMAN(10) class=DAEMON(1)
01/19/17 21:32:28 ** Configuration: subsystem:DAGMAN local:<NONE> class:DAEMON
01/19/17 21:32:28 ** $CondorVersion: 8.4.8 Jun 30 2016 BuildID: 373513 $
01/19/17 21:32:28 ** $CondorPlatform: x86_64_Ubuntu14 $
01/19/17 21:32:28 ** PID = 84191
01/19/17 21:32:28 ** Log last touched time unavailable (No such file or directory)
01/19/17 21:32:28 ******************************************************
01/19/17 21:32:28 Using config source: /etc/condor/condor_config
01/19/17 21:32:28 Using local config sources: 
01/19/17 21:32:28    /etc/condor/condor_config.local
01/19/17 21:32:28 config Macros = 63, Sorted = 63, StringBytes = 1977, TablesBytes = 2308
01/19/17 21:32:28 CLASSAD_CACHING is ENABLED
01/19/17 21:32:28 Daemon Log is logging: D_ALWAYS D_ERROR
01/19/17 21:32:28 DaemonCore: No command port requested.
01/19/17 21:32:28 DAGMAN_USE_STRICT setting: 1
01/19/17 21:32:28 DAGMAN_VERBOSITY setting: 3
01/19/17 21:32:28 DAGMAN_DEBUG_CACHE_SIZE setting: 5242880
01/19/17 21:32:28 DAGMAN_DEBUG_CACHE_ENABLE setting: False
01/19/17 21:32:28 DAGMAN_SUBMIT_DELAY setting: 0
01/19/17 21:32:28 DAGMAN_MAX_SUBMIT_ATTEMPTS setting: 6
01/19/17 21:32:28 DAGMAN_STARTUP_CYCLE_DETECT setting: False
01/19/17 21:32:28 DAGMAN_MAX_SUBMITS_PER_INTERVAL setting: 5
01/19/17 21:32:28 DAGMAN_USER_LOG_SCAN_INTERVAL setting: 5
01/19/17 21:32:28 DAGMAN_DEFAULT_PRIORITY setting: 0
01/19/17 21:32:28 DAGMAN_SUPPRESS_NOTIFICATION setting: True
01/19/17 21:32:28 allow_events (DAGMAN_ALLOW_EVENTS) setting: 114
01/19/17 21:32:28 DAGMAN_RETRY_SUBMIT_FIRST setting: True
01/19/17 21:32:28 DAGMAN_RETRY_NODE_FIRST setting: False
01/19/17 21:32:28 DAGMAN_MAX_JOBS_IDLE setting: 1000
01/19/17 21:32:28 DAGMAN_MAX_JOBS_SUBMITTED setting: 0
01/19/17 21:32:28 DAGMAN_MAX_PRE_SCRIPTS setting: 20
01/19/17 21:32:28 DAGMAN_MAX_POST_SCRIPTS setting: 20
01/19/17 21:32:28 DAGMAN_ALLOW_LOG_ERROR setting: False
01/19/17 21:32:28 DAGMAN_MUNGE_NODE_NAMES setting: True
01/19/17 21:32:28 DAGMAN_PROHIBIT_MULTI_JOBS setting: False
01/19/17 21:32:28 DAGMAN_SUBMIT_DEPTH_FIRST setting: False
01/19/17 21:32:28 DAGMAN_ALWAYS_RUN_POST setting: True
01/19/17 21:32:28 DAGMAN_ABORT_DUPLICATES setting: True
01/19/17 21:32:28 DAGMAN_ABORT_ON_SCARY_SUBMIT setting: True
01/19/17 21:32:28 DAGMAN_PENDING_REPORT_INTERVAL setting: 600
01/19/17 21:32:28 DAGMAN_AUTO_RESCUE setting: True
01/19/17 21:32:28 DAGMAN_MAX_RESCUE_NUM setting: 100
01/19/17 21:32:28 DAGMAN_WRITE_PARTIAL_RESCUE setting: True
01/19/17 21:32:28 DAGMAN_DEFAULT_NODE_LOG setting: @(DAG_DIR)/@(DAG_FILE).nodes.log
01/19/17 21:32:28 DAGMAN_GENERATE_SUBDAG_SUBMITS setting: True
01/19/17 21:32:28 DAGMAN_MAX_JOB_HOLDS setting: 100
01/19/17 21:32:28 DAGMAN_HOLD_CLAIM_TIME setting: 20
01/19/17 21:32:28 ALL_DEBUG setting: 
01/19/17 21:32:28 DAGMAN_DEBUG setting: 
01/19/17 21:32:28 DAGMAN_SUPPRESS_JOB_LOGS setting: False
01/19/17 21:32:28 argv[0] == "condor_scheduniv_exec.11080.0"
01/19/17 21:32:28 argv[1] == "-Lockfile"
01/19/17 21:32:28 argv[2] == "example_workflow-0.dag.lock"
01/19/17 21:32:28 argv[3] == "-AutoRescue"
01/19/17 21:32:28 argv[4] == "1"
01/19/17 21:32:28 argv[5] == "-DoRescueFrom"
01/19/17 21:32:28 argv[6] == "0"
01/19/17 21:32:28 argv[7] == "-Dag"
01/19/17 21:32:28 argv[8] == "example_workflow-0.dag"
01/19/17 21:32:28 argv[9] == "-MaxPost"
01/19/17 21:32:28 argv[10] == "20"
01/19/17 21:32:28 argv[11] == "-Suppress_notification"
01/19/17 21:32:28 argv[12] == "-CsdVersion"
01/19/17 21:32:28 argv[13] == "$CondorVersion: 8.4.8 Jun 30 2016 BuildID: 373513 $"
01/19/17 21:32:28 argv[14] == "-Dagman"
01/19/17 21:32:28 argv[15] == "/usr/bin/condor_dagman"
01/19/17 21:32:28 Warning: failed to get attribute DAGNodeName
01/19/17 21:32:28 DAGMAN_LOG_ON_NFS_IS_ERROR setting: False
01/19/17 21:32:28 Default node log file is: </home/ubuntu/wikiflow/7_0_wikiflow_1sh_1s_noannot_prim/dags/ubuntu/pegasus/example_workflow/20170119T213224+0000/./example_workflow-0.dag.nodes.log>
01/19/17 21:32:28 DAG Lockfile will be written to example_workflow-0.dag.lock
01/19/17 21:32:28 DAG Input file is example_workflow-0.dag
01/19/17 21:32:28 Parsing 1 dagfiles
01/19/17 21:32:28 Parsing example_workflow-0.dag ...
01/19/17 21:32:28 Warning: category stage-out has no throttle value set
01/19/17 21:32:28 Warning: category stage-in has no throttle value set
01/19/17 21:32:28 Dag contains 21 total jobs
01/19/17 21:32:28 Sleeping for 3 seconds to ensure ProcessId uniqueness
01/19/17 21:32:31 Bootstrapping...
01/19/17 21:32:31 Number of pre-completed nodes: 0
01/19/17 21:32:31 MultiLogFiles: truncating log file /home/ubuntu/wikiflow/7_0_wikiflow_1sh_1s_noannot_prim/dags/ubuntu/pegasus/example_workflow/20170119T213224+0000/./example_workflow-0.dag.nodes.log
01/19/17 21:32:31 DAG status: 0 (DAG_STATUS_OK)
01/19/17 21:32:31 Of 21 nodes total:
01/19/17 21:32:31  Done     Pre   Queued    Post   Ready   Un-Ready   Failed
01/19/17 21:32:31   ===     ===      ===     ===     ===        ===      ===
01/19/17 21:32:31     0       0        0       0       1         20        0
01/19/17 21:32:31 0 job proc(s) currently held
01/19/17 21:32:31 Registering condor_event_timer...
01/19/17 21:32:32 Submitting Condor Node create_dir_example_workflow_0_local job(s)...
01/19/17 21:32:32 Adding a DAGMan workflow log /home/ubuntu/wikiflow/7_0_wikiflow_1sh_1s_noannot_prim/dags/ubuntu/pegasus/example_workflow/20170119T213224+0000/./example_workflow-0.dag.nodes.log
01/19/17 21:32:32 Masking the events recorded in the DAGMAN workflow log
01/19/17 21:32:32 Mask for workflow log is 0,1,2,4,5,7,9,10,11,12,13,16,17,24,27
01/19/17 21:32:32 submitting: /usr/bin/condor_submit -a dag_node_name' '=' 'create_dir_example_workflow_0_local -a +DAGManJobId' '=' '11080 -a DAGManJobId' '=' '11080 -a submit_event_notes' '=' 'DAG' 'Node:' 'create_dir_example_workflow_0_local -a dagman_log' '=' '/home/ubuntu/wikiflow/7_0_wikiflow_1sh_1s_noannot_prim/dags/ubuntu/pegasus/example_workflow/20170119T213224+0000/./example_workflow-0.dag.nodes.log -a +DAGManNodesMask' '=' '"0,1,2,4,5,7,9,10,11,12,13,16,17,24,27" -a DAG_STATUS' '=' '0 -a FAILED_COUNT' '=' '0 -a +DAGParentNodeNames' '=' '"" -a +KeepClaimIdle' '=' '20 -a notification' '=' 'never 00/00/create_dir_example_workflow_0_local.sub
01/19/17 21:32:32 From submit: Submitting job(s).
01/19/17 21:32:32 From submit: 1 job(s) submitted to cluster 11081.
01/19/17 21:32:32 	assigned Condor ID (11081.0.0)
01/19/17 21:32:32 Just submitted 1 job this cycle...
01/19/17 21:32:32 Currently monitoring 1 Condor log file(s)
01/19/17 21:32:32 Reassigning the id of job create_dir_example_workflow_0_local from (11081.0.0) to (11081.0.0)
01/19/17 21:32:32 Event: ULOG_SUBMIT for Condor Node create_dir_example_workflow_0_local (11081.0.0)
01/19/17 21:32:32 Number of idle job procs: 1
01/19/17 21:32:32 DAG status: 0 (DAG_STATUS_OK)
01/19/17 21:32:32 Of 21 nodes total:
01/19/17 21:32:32  Done     Pre   Queued    Post   Ready   Un-Ready   Failed
01/19/17 21:32:32   ===     ===      ===     ===     ===        ===      ===
01/19/17 21:32:32     0       0        1       0       0         20        0
01/19/17 21:32:32 0 job proc(s) currently held
01/19/17 21:32:37 Currently monitoring 1 Condor log file(s)
01/19/17 21:32:37 Event: ULOG_EXECUTE for Condor Node create_dir_example_workflow_0_local (11081.0.0)
01/19/17 21:32:37 Number of idle job procs: 0
01/19/17 21:32:37 Event: ULOG_JOB_TERMINATED for Condor Node create_dir_example_workflow_0_local (11081.0.0)
01/19/17 21:32:37 Number of idle job procs: 0
01/19/17 21:32:37 Node create_dir_example_workflow_0_local job proc (11081.0.0) completed successfully.
01/19/17 21:32:37 Node create_dir_example_workflow_0_local job completed
01/19/17 21:32:37 Running POST script of Node create_dir_example_workflow_0_local...
01/19/17 21:32:37 Warning: mysin has length 0 (ignore if produced by DAGMan; see gittrac #4987, #5031)
01/19/17 21:32:37 DAG status: 0 (DAG_STATUS_OK)
01/19/17 21:32:37 Of 21 nodes total:
01/19/17 21:32:37  Done     Pre   Queued    Post   Ready   Un-Ready   Failed
01/19/17 21:32:37   ===     ===      ===     ===     ===        ===      ===
01/19/17 21:32:37     0       0        0       1       0         20        0
01/19/17 21:32:37 0 job proc(s) currently held
01/19/17 21:32:37 Initializing user log writer for /home/ubuntu/wikiflow/7_0_wikiflow_1sh_1s_noannot_prim/dags/ubuntu/pegasus/example_workflow/20170119T213224+0000/./example_workflow-0.dag.nodes.log, (11081.0.0)
01/19/17 21:32:42 Currently monitoring 1 Condor log file(s)
01/19/17 21:32:42 Event: ULOG_POST_SCRIPT_TERMINATED for Condor Node create_dir_example_workflow_0_local (11081.0.0)
01/19/17 21:32:42 POST Script of Node create_dir_example_workflow_0_local completed successfully.
01/19/17 21:32:42 DAG status: 0 (DAG_STATUS_OK)
01/19/17 21:32:42 Of 21 nodes total:
01/19/17 21:32:42  Done     Pre   Queued    Post   Ready   Un-Ready   Failed
01/19/17 21:32:42   ===     ===      ===     ===     ===        ===      ===
01/19/17 21:32:42     1       0        0       0       7         13        0
01/19/17 21:32:42 0 job proc(s) currently held
01/19/17 21:32:47 Submitting Condor Node stage_in_local_local_0_0 job(s)...
01/19/17 21:32:47 Adding a DAGMan workflow log /home/ubuntu/wikiflow/7_0_wikiflow_1sh_1s_noannot_prim/dags/ubuntu/pegasus/example_workflow/20170119T213224+0000/./example_workflow-0.dag.nodes.log
01/19/17 21:32:47 Masking the events recorded in the DAGMAN workflow log
01/19/17 21:32:47 Mask for workflow log is 0,1,2,4,5,7,9,10,11,12,13,16,17,24,27
01/19/17 21:32:47 submitting: /usr/bin/condor_submit -a dag_node_name' '=' 'stage_in_local_local_0_0 -a +DAGManJobId' '=' '11080 -a DAGManJobId' '=' '11080 -a submit_event_notes' '=' 'DAG' 'Node:' 'stage_in_local_local_0_0 -a dagman_log' '=' '/home/ubuntu/wikiflow/7_0_wikiflow_1sh_1s_noannot_prim/dags/ubuntu/pegasus/example_workflow/20170119T213224+0000/./example_workflow-0.dag.nodes.log -a +DAGManNodesMask' '=' '"0,1,2,4,5,7,9,10,11,12,13,16,17,24,27" -a DAG_STATUS' '=' '0 -a FAILED_COUNT' '=' '0 -a +DAGParentNodeNames' '=' '"create_dir_example_workflow_0_local" -a +KeepClaimIdle' '=' '20 -a notification' '=' 'never 00/00/stage_in_local_local_0_0.sub
01/19/17 21:32:47 From submit: Submitting job(s).
01/19/17 21:32:47 From submit: 1 job(s) submitted to cluster 11082.
01/19/17 21:32:47 	assigned Condor ID (11082.0.0)
01/19/17 21:32:47 Submitting Condor Node stage_in_local_local_4_0 job(s)...
01/19/17 21:32:47 Adding a DAGMan workflow log /home/ubuntu/wikiflow/7_0_wikiflow_1sh_1s_noannot_prim/dags/ubuntu/pegasus/example_workflow/20170119T213224+0000/./example_workflow-0.dag.nodes.log
01/19/17 21:32:47 Masking the events recorded in the DAGMAN workflow log
01/19/17 21:32:47 Mask for workflow log is 0,1,2,4,5,7,9,10,11,12,13,16,17,24,27
01/19/17 21:32:47 submitting: /usr/bin/condor_submit -a dag_node_name' '=' 'stage_in_local_local_4_0 -a +DAGManJobId' '=' '11080 -a DAGManJobId' '=' '11080 -a submit_event_notes' '=' 'DAG' 'Node:' 'stage_in_local_local_4_0 -a dagman_log' '=' '/home/ubuntu/wikiflow/7_0_wikiflow_1sh_1s_noannot_prim/dags/ubuntu/pegasus/example_workflow/20170119T213224+0000/./example_workflow-0.dag.nodes.log -a +DAGManNodesMask' '=' '"0,1,2,4,5,7,9,10,11,12,13,16,17,24,27" -a DAG_STATUS' '=' '0 -a FAILED_COUNT' '=' '0 -a +DAGParentNodeNames' '=' '"create_dir_example_workflow_0_local" -a +KeepClaimIdle' '=' '20 -a notification' '=' 'never 00/00/stage_in_local_local_4_0.sub
01/19/17 21:32:47 From submit: Submitting job(s).
01/19/17 21:32:47 From submit: 1 job(s) submitted to cluster 11083.
01/19/17 21:32:47 	assigned Condor ID (11083.0.0)
01/19/17 21:32:47 Submitting Condor Node stage_in_local_local_1_0 job(s)...
01/19/17 21:32:47 Adding a DAGMan workflow log /home/ubuntu/wikiflow/7_0_wikiflow_1sh_1s_noannot_prim/dags/ubuntu/pegasus/example_workflow/20170119T213224+0000/./example_workflow-0.dag.nodes.log
01/19/17 21:32:47 Masking the events recorded in the DAGMAN workflow log
01/19/17 21:32:47 Mask for workflow log is 0,1,2,4,5,7,9,10,11,12,13,16,17,24,27
01/19/17 21:32:47 submitting: /usr/bin/condor_submit -a dag_node_name' '=' 'stage_in_local_local_1_0 -a +DAGManJobId' '=' '11080 -a DAGManJobId' '=' '11080 -a submit_event_notes' '=' 'DAG' 'Node:' 'stage_in_local_local_1_0 -a dagman_log' '=' '/home/ubuntu/wikiflow/7_0_wikiflow_1sh_1s_noannot_prim/dags/ubuntu/pegasus/example_workflow/20170119T213224+0000/./example_workflow-0.dag.nodes.log -a +DAGManNodesMask' '=' '"0,1,2,4,5,7,9,10,11,12,13,16,17,24,27" -a DAG_STATUS' '=' '0 -a FAILED_COUNT' '=' '0 -a +DAGParentNodeNames' '=' '"create_dir_example_workflow_0_local" -a +KeepClaimIdle' '=' '20 -a notification' '=' 'never 00/00/stage_in_local_local_1_0.sub
01/19/17 21:32:48 From submit: Submitting job(s).
01/19/17 21:32:48 From submit: 1 job(s) submitted to cluster 11084.
01/19/17 21:32:48 	assigned Condor ID (11084.0.0)
01/19/17 21:32:48 Submitting Condor Node stage_in_local_local_2_0 job(s)...
01/19/17 21:32:48 Adding a DAGMan workflow log /home/ubuntu/wikiflow/7_0_wikiflow_1sh_1s_noannot_prim/dags/ubuntu/pegasus/example_workflow/20170119T213224+0000/./example_workflow-0.dag.nodes.log
01/19/17 21:32:48 Masking the events recorded in the DAGMAN workflow log
01/19/17 21:32:48 Mask for workflow log is 0,1,2,4,5,7,9,10,11,12,13,16,17,24,27
01/19/17 21:32:48 submitting: /usr/bin/condor_submit -a dag_node_name' '=' 'stage_in_local_local_2_0 -a +DAGManJobId' '=' '11080 -a DAGManJobId' '=' '11080 -a submit_event_notes' '=' 'DAG' 'Node:' 'stage_in_local_local_2_0 -a dagman_log' '=' '/home/ubuntu/wikiflow/7_0_wikiflow_1sh_1s_noannot_prim/dags/ubuntu/pegasus/example_workflow/20170119T213224+0000/./example_workflow-0.dag.nodes.log -a +DAGManNodesMask' '=' '"0,1,2,4,5,7,9,10,11,12,13,16,17,24,27" -a DAG_STATUS' '=' '0 -a FAILED_COUNT' '=' '0 -a +DAGParentNodeNames' '=' '"create_dir_example_workflow_0_local" -a +KeepClaimIdle' '=' '20 -a notification' '=' 'never 00/00/stage_in_local_local_2_0.sub
01/19/17 21:32:48 From submit: Submitting job(s).
01/19/17 21:32:48 From submit: 1 job(s) submitted to cluster 11085.
01/19/17 21:32:48 	assigned Condor ID (11085.0.0)
01/19/17 21:32:48 Submitting Condor Node stage_in_remote_local_1_0 job(s)...
01/19/17 21:32:48 Adding a DAGMan workflow log /home/ubuntu/wikiflow/7_0_wikiflow_1sh_1s_noannot_prim/dags/ubuntu/pegasus/example_workflow/20170119T213224+0000/./example_workflow-0.dag.nodes.log
01/19/17 21:32:48 Masking the events recorded in the DAGMAN workflow log
01/19/17 21:32:48 Mask for workflow log is 0,1,2,4,5,7,9,10,11,12,13,16,17,24,27
01/19/17 21:32:48 submitting: /usr/bin/condor_submit -a dag_node_name' '=' 'stage_in_remote_local_1_0 -a +DAGManJobId' '=' '11080 -a DAGManJobId' '=' '11080 -a submit_event_notes' '=' 'DAG' 'Node:' 'stage_in_remote_local_1_0 -a dagman_log' '=' '/home/ubuntu/wikiflow/7_0_wikiflow_1sh_1s_noannot_prim/dags/ubuntu/pegasus/example_workflow/20170119T213224+0000/./example_workflow-0.dag.nodes.log -a +DAGManNodesMask' '=' '"0,1,2,4,5,7,9,10,11,12,13,16,17,24,27" -a DAG_STATUS' '=' '0 -a FAILED_COUNT' '=' '0 -a +DAGParentNodeNames' '=' '"create_dir_example_workflow_0_local" -a +KeepClaimIdle' '=' '20 -a notification' '=' 'never 00/00/stage_in_remote_local_1_0.sub
01/19/17 21:32:48 From submit: Submitting job(s).
01/19/17 21:32:48 From submit: 1 job(s) submitted to cluster 11086.
01/19/17 21:32:48 	assigned Condor ID (11086.0.0)
01/19/17 21:32:48 Just submitted 5 jobs this cycle...
01/19/17 21:32:48 Currently monitoring 1 Condor log file(s)
01/19/17 21:32:48 Reassigning the id of job stage_in_local_local_0_0 from (11082.0.0) to (11082.0.0)
01/19/17 21:32:48 Event: ULOG_SUBMIT for Condor Node stage_in_local_local_0_0 (11082.0.0)
01/19/17 21:32:48 Number of idle job procs: 1
01/19/17 21:32:48 Event: ULOG_EXECUTE for Condor Node stage_in_local_local_0_0 (11082.0.0)
01/19/17 21:32:48 Number of idle job procs: 0
01/19/17 21:32:48 Reassigning the id of job stage_in_local_local_4_0 from (11083.0.0) to (11083.0.0)
01/19/17 21:32:48 Event: ULOG_SUBMIT for Condor Node stage_in_local_local_4_0 (11083.0.0)
01/19/17 21:32:48 Number of idle job procs: 1
01/19/17 21:32:48 Reassigning the id of job stage_in_local_local_1_0 from (11084.0.0) to (11084.0.0)
01/19/17 21:32:48 Event: ULOG_SUBMIT for Condor Node stage_in_local_local_1_0 (11084.0.0)
01/19/17 21:32:48 Number of idle job procs: 2
01/19/17 21:32:48 Reassigning the id of job stage_in_local_local_2_0 from (11085.0.0) to (11085.0.0)
01/19/17 21:32:48 Event: ULOG_SUBMIT for Condor Node stage_in_local_local_2_0 (11085.0.0)
01/19/17 21:32:48 Number of idle job procs: 3
01/19/17 21:32:48 Reassigning the id of job stage_in_remote_local_1_0 from (11086.0.0) to (11086.0.0)
01/19/17 21:32:48 Event: ULOG_SUBMIT for Condor Node stage_in_remote_local_1_0 (11086.0.0)
01/19/17 21:32:48 Number of idle job procs: 4
01/19/17 21:32:48 DAG status: 0 (DAG_STATUS_OK)
01/19/17 21:32:48 Of 21 nodes total:
01/19/17 21:32:48  Done     Pre   Queued    Post   Ready   Un-Ready   Failed
01/19/17 21:32:48   ===     ===      ===     ===     ===        ===      ===
01/19/17 21:32:48     1       0        5       0       2         13        0
01/19/17 21:32:48 0 job proc(s) currently held
01/19/17 21:32:53 Submitting Condor Node stage_in_local_local_3_0 job(s)...
01/19/17 21:32:53 Adding a DAGMan workflow log /home/ubuntu/wikiflow/7_0_wikiflow_1sh_1s_noannot_prim/dags/ubuntu/pegasus/example_workflow/20170119T213224+0000/./example_workflow-0.dag.nodes.log
01/19/17 21:32:53 Masking the events recorded in the DAGMAN workflow log
01/19/17 21:32:53 Mask for workflow log is 0,1,2,4,5,7,9,10,11,12,13,16,17,24,27
01/19/17 21:32:53 submitting: /usr/bin/condor_submit -a dag_node_name' '=' 'stage_in_local_local_3_0 -a +DAGManJobId' '=' '11080 -a DAGManJobId' '=' '11080 -a submit_event_notes' '=' 'DAG' 'Node:' 'stage_in_local_local_3_0 -a dagman_log' '=' '/home/ubuntu/wikiflow/7_0_wikiflow_1sh_1s_noannot_prim/dags/ubuntu/pegasus/example_workflow/20170119T213224+0000/./example_workflow-0.dag.nodes.log -a +DAGManNodesMask' '=' '"0,1,2,4,5,7,9,10,11,12,13,16,17,24,27" -a DAG_STATUS' '=' '0 -a FAILED_COUNT' '=' '0 -a +DAGParentNodeNames' '=' '"create_dir_example_workflow_0_local" -a +KeepClaimIdle' '=' '20 -a notification' '=' 'never 00/00/stage_in_local_local_3_0.sub
01/19/17 21:32:53 From submit: Submitting job(s).
01/19/17 21:32:53 From submit: 1 job(s) submitted to cluster 11087.
01/19/17 21:32:53 	assigned Condor ID (11087.0.0)
01/19/17 21:32:53 Submitting Condor Node stage_in_remote_local_3_0 job(s)...
01/19/17 21:32:53 Adding a DAGMan workflow log /home/ubuntu/wikiflow/7_0_wikiflow_1sh_1s_noannot_prim/dags/ubuntu/pegasus/example_workflow/20170119T213224+0000/./example_workflow-0.dag.nodes.log
01/19/17 21:32:53 Masking the events recorded in the DAGMAN workflow log
01/19/17 21:32:53 Mask for workflow log is 0,1,2,4,5,7,9,10,11,12,13,16,17,24,27
01/19/17 21:32:53 submitting: /usr/bin/condor_submit -a dag_node_name' '=' 'stage_in_remote_local_3_0 -a +DAGManJobId' '=' '11080 -a DAGManJobId' '=' '11080 -a submit_event_notes' '=' 'DAG' 'Node:' 'stage_in_remote_local_3_0 -a dagman_log' '=' '/home/ubuntu/wikiflow/7_0_wikiflow_1sh_1s_noannot_prim/dags/ubuntu/pegasus/example_workflow/20170119T213224+0000/./example_workflow-0.dag.nodes.log -a +DAGManNodesMask' '=' '"0,1,2,4,5,7,9,10,11,12,13,16,17,24,27" -a DAG_STATUS' '=' '0 -a FAILED_COUNT' '=' '0 -a +DAGParentNodeNames' '=' '"create_dir_example_workflow_0_local" -a +KeepClaimIdle' '=' '20 -a notification' '=' 'never 00/00/stage_in_remote_local_3_0.sub
01/19/17 21:32:53 From submit: Submitting job(s).
01/19/17 21:32:53 From submit: 1 job(s) submitted to cluster 11088.
01/19/17 21:32:53 	assigned Condor ID (11088.0.0)
01/19/17 21:32:53 Just submitted 2 jobs this cycle...
01/19/17 21:32:53 Currently monitoring 1 Condor log file(s)
01/19/17 21:32:53 Event: ULOG_JOB_TERMINATED for Condor Node stage_in_local_local_0_0 (11082.0.0)
01/19/17 21:32:53 Number of idle job procs: 4
01/19/17 21:32:53 Node stage_in_local_local_0_0 job proc (11082.0.0) completed successfully.
01/19/17 21:32:53 Node stage_in_local_local_0_0 job completed
01/19/17 21:32:53 Running POST script of Node stage_in_local_local_0_0...
01/19/17 21:32:53 Warning: mysin has length 0 (ignore if produced by DAGMan; see gittrac #4987, #5031)
01/19/17 21:32:53 Event: ULOG_EXECUTE for Condor Node stage_in_local_local_2_0 (11085.0.0)
01/19/17 21:32:53 Number of idle job procs: 3
01/19/17 21:32:53 Event: ULOG_EXECUTE for Condor Node stage_in_local_local_4_0 (11083.0.0)
01/19/17 21:32:53 Number of idle job procs: 2
01/19/17 21:32:53 Event: ULOG_EXECUTE for Condor Node stage_in_remote_local_1_0 (11086.0.0)
01/19/17 21:32:53 Number of idle job procs: 1
01/19/17 21:32:53 Event: ULOG_EXECUTE for Condor Node stage_in_local_local_1_0 (11084.0.0)
01/19/17 21:32:53 Number of idle job procs: 0
01/19/17 21:32:53 Event: ULOG_JOB_TERMINATED for Condor Node stage_in_local_local_2_0 (11085.0.0)
01/19/17 21:32:53 Number of idle job procs: 0
01/19/17 21:32:53 Node stage_in_local_local_2_0 job proc (11085.0.0) completed successfully.
01/19/17 21:32:53 Node stage_in_local_local_2_0 job completed
01/19/17 21:32:53 Running POST script of Node stage_in_local_local_2_0...
01/19/17 21:32:53 Warning: mysin has length 0 (ignore if produced by DAGMan; see gittrac #4987, #5031)
01/19/17 21:32:53 Event: ULOG_JOB_TERMINATED for Condor Node stage_in_local_local_4_0 (11083.0.0)
01/19/17 21:32:53 Number of idle job procs: 0
01/19/17 21:32:53 Node stage_in_local_local_4_0 job proc (11083.0.0) completed successfully.
01/19/17 21:32:53 Node stage_in_local_local_4_0 job completed
01/19/17 21:32:53 Running POST script of Node stage_in_local_local_4_0...
01/19/17 21:32:53 Warning: mysin has length 0 (ignore if produced by DAGMan; see gittrac #4987, #5031)
01/19/17 21:32:53 Event: ULOG_JOB_TERMINATED for Condor Node stage_in_local_local_1_0 (11084.0.0)
01/19/17 21:32:53 Number of idle job procs: 0
01/19/17 21:32:53 Node stage_in_local_local_1_0 job proc (11084.0.0) completed successfully.
01/19/17 21:32:53 Node stage_in_local_local_1_0 job completed
01/19/17 21:32:53 Running POST script of Node stage_in_local_local_1_0...
01/19/17 21:32:53 Warning: mysin has length 0 (ignore if produced by DAGMan; see gittrac #4987, #5031)
01/19/17 21:32:53 Event: ULOG_JOB_TERMINATED for Condor Node stage_in_remote_local_1_0 (11086.0.0)
01/19/17 21:32:53 Number of idle job procs: 0
01/19/17 21:32:53 Node stage_in_remote_local_1_0 job proc (11086.0.0) completed successfully.
01/19/17 21:32:53 Node stage_in_remote_local_1_0 job completed
01/19/17 21:32:53 Running POST script of Node stage_in_remote_local_1_0...
01/19/17 21:32:53 Warning: mysin has length 0 (ignore if produced by DAGMan; see gittrac #4987, #5031)
01/19/17 21:32:53 Reassigning the id of job stage_in_local_local_3_0 from (11087.0.0) to (11087.0.0)
01/19/17 21:32:53 Event: ULOG_SUBMIT for Condor Node stage_in_local_local_3_0 (11087.0.0)
01/19/17 21:32:53 Number of idle job procs: 1
01/19/17 21:32:53 Event: ULOG_EXECUTE for Condor Node stage_in_local_local_3_0 (11087.0.0)
01/19/17 21:32:53 Number of idle job procs: 0
01/19/17 21:32:53 Reassigning the id of job stage_in_remote_local_3_0 from (11088.0.0) to (11088.0.0)
01/19/17 21:32:53 Event: ULOG_SUBMIT for Condor Node stage_in_remote_local_3_0 (11088.0.0)
01/19/17 21:32:53 Number of idle job procs: 1
01/19/17 21:32:53 DAG status: 0 (DAG_STATUS_OK)
01/19/17 21:32:53 Of 21 nodes total:
01/19/17 21:32:53  Done     Pre   Queued    Post   Ready   Un-Ready   Failed
01/19/17 21:32:53   ===     ===      ===     ===     ===        ===      ===
01/19/17 21:32:53     1       0        2       5       0         13        0
01/19/17 21:32:53 0 job proc(s) currently held
01/19/17 21:32:54 Initializing user log writer for /home/ubuntu/wikiflow/7_0_wikiflow_1sh_1s_noannot_prim/dags/ubuntu/pegasus/example_workflow/20170119T213224+0000/./example_workflow-0.dag.nodes.log, (11083.0.0)
01/19/17 21:32:54 Initializing user log writer for /home/ubuntu/wikiflow/7_0_wikiflow_1sh_1s_noannot_prim/dags/ubuntu/pegasus/example_workflow/20170119T213224+0000/./example_workflow-0.dag.nodes.log, (11082.0.0)
01/19/17 21:32:54 Initializing user log writer for /home/ubuntu/wikiflow/7_0_wikiflow_1sh_1s_noannot_prim/dags/ubuntu/pegasus/example_workflow/20170119T213224+0000/./example_workflow-0.dag.nodes.log, (11086.0.0)
01/19/17 21:32:54 Initializing user log writer for /home/ubuntu/wikiflow/7_0_wikiflow_1sh_1s_noannot_prim/dags/ubuntu/pegasus/example_workflow/20170119T213224+0000/./example_workflow-0.dag.nodes.log, (11084.0.0)
01/19/17 21:32:54 Initializing user log writer for /home/ubuntu/wikiflow/7_0_wikiflow_1sh_1s_noannot_prim/dags/ubuntu/pegasus/example_workflow/20170119T213224+0000/./example_workflow-0.dag.nodes.log, (11085.0.0)
01/19/17 21:32:58 Currently monitoring 1 Condor log file(s)
01/19/17 21:32:58 Event: ULOG_EXECUTE for Condor Node stage_in_remote_local_3_0 (11088.0.0)
01/19/17 21:32:58 Number of idle job procs: 0
01/19/17 21:32:58 Event: ULOG_POST_SCRIPT_TERMINATED for Condor Node stage_in_local_local_4_0 (11083.0.0)
01/19/17 21:32:58 POST Script of Node stage_in_local_local_4_0 completed successfully.
01/19/17 21:32:58 Event: ULOG_POST_SCRIPT_TERMINATED for Condor Node stage_in_local_local_0_0 (11082.0.0)
01/19/17 21:32:58 POST Script of Node stage_in_local_local_0_0 completed successfully.
01/19/17 21:32:58 Event: ULOG_POST_SCRIPT_TERMINATED for Condor Node stage_in_remote_local_1_0 (11086.0.0)
01/19/17 21:32:58 POST Script of Node stage_in_remote_local_1_0 completed successfully.
01/19/17 21:32:58 Event: ULOG_POST_SCRIPT_TERMINATED for Condor Node stage_in_local_local_1_0 (11084.0.0)
01/19/17 21:32:58 POST Script of Node stage_in_local_local_1_0 completed successfully.
01/19/17 21:32:58 Event: ULOG_POST_SCRIPT_TERMINATED for Condor Node stage_in_local_local_2_0 (11085.0.0)
01/19/17 21:32:58 POST Script of Node stage_in_local_local_2_0 completed successfully.
01/19/17 21:32:58 Event: ULOG_JOB_TERMINATED for Condor Node stage_in_local_local_3_0 (11087.0.0)
01/19/17 21:32:58 Number of idle job procs: 0
01/19/17 21:32:58 Node stage_in_local_local_3_0 job proc (11087.0.0) completed successfully.
01/19/17 21:32:58 Node stage_in_local_local_3_0 job completed
01/19/17 21:32:58 Running POST script of Node stage_in_local_local_3_0...
01/19/17 21:32:58 Warning: mysin has length 0 (ignore if produced by DAGMan; see gittrac #4987, #5031)
01/19/17 21:32:58 Event: ULOG_JOB_TERMINATED for Condor Node stage_in_remote_local_3_0 (11088.0.0)
01/19/17 21:32:58 Number of idle job procs: 0
01/19/17 21:32:58 Node stage_in_remote_local_3_0 job proc (11088.0.0) completed successfully.
01/19/17 21:32:58 Node stage_in_remote_local_3_0 job completed
01/19/17 21:32:58 Running POST script of Node stage_in_remote_local_3_0...
01/19/17 21:32:58 Warning: mysin has length 0 (ignore if produced by DAGMan; see gittrac #4987, #5031)
01/19/17 21:32:58 DAG status: 0 (DAG_STATUS_OK)
01/19/17 21:32:58 Of 21 nodes total:
01/19/17 21:32:58  Done     Pre   Queued    Post   Ready   Un-Ready   Failed
01/19/17 21:32:58   ===     ===      ===     ===     ===        ===      ===
01/19/17 21:32:58     6       0        0       2       1         12        0
01/19/17 21:32:58 0 job proc(s) currently held
01/19/17 21:32:58 Initializing user log writer for /home/ubuntu/wikiflow/7_0_wikiflow_1sh_1s_noannot_prim/dags/ubuntu/pegasus/example_workflow/20170119T213224+0000/./example_workflow-0.dag.nodes.log, (11088.0.0)
01/19/17 21:32:58 Initializing user log writer for /home/ubuntu/wikiflow/7_0_wikiflow_1sh_1s_noannot_prim/dags/ubuntu/pegasus/example_workflow/20170119T213224+0000/./example_workflow-0.dag.nodes.log, (11087.0.0)
01/19/17 21:33:03 Submitting Condor Node init_0_ID0000001 job(s)...
01/19/17 21:33:03 Adding a DAGMan workflow log /home/ubuntu/wikiflow/7_0_wikiflow_1sh_1s_noannot_prim/dags/ubuntu/pegasus/example_workflow/20170119T213224+0000/./example_workflow-0.dag.nodes.log
01/19/17 21:33:03 Masking the events recorded in the DAGMAN workflow log
01/19/17 21:33:03 Mask for workflow log is 0,1,2,4,5,7,9,10,11,12,13,16,17,24,27
01/19/17 21:33:03 submitting: /usr/bin/condor_submit -a dag_node_name' '=' 'init_0_ID0000001 -a +DAGManJobId' '=' '11080 -a DAGManJobId' '=' '11080 -a submit_event_notes' '=' 'DAG' 'Node:' 'init_0_ID0000001 -a dagman_log' '=' '/home/ubuntu/wikiflow/7_0_wikiflow_1sh_1s_noannot_prim/dags/ubuntu/pegasus/example_workflow/20170119T213224+0000/./example_workflow-0.dag.nodes.log -a +DAGManNodesMask' '=' '"0,1,2,4,5,7,9,10,11,12,13,16,17,24,27" -a DAG_STATUS' '=' '0 -a FAILED_COUNT' '=' '0 -a +DAGParentNodeNames' '=' '"stage_in_local_local_0_0" -a +KeepClaimIdle' '=' '20 -a notification' '=' 'never 00/00/init_0_ID0000001.sub
01/19/17 21:33:03 From submit: Submitting job(s).
01/19/17 21:33:03 From submit: 1 job(s) submitted to cluster 11089.
01/19/17 21:33:03 	assigned Condor ID (11089.0.0)
01/19/17 21:33:03 Just submitted 1 job this cycle...
01/19/17 21:33:03 Currently monitoring 1 Condor log file(s)
01/19/17 21:33:03 Event: ULOG_POST_SCRIPT_TERMINATED for Condor Node stage_in_remote_local_3_0 (11088.0.0)
01/19/17 21:33:03 POST Script of Node stage_in_remote_local_3_0 completed successfully.
01/19/17 21:33:03 Event: ULOG_POST_SCRIPT_TERMINATED for Condor Node stage_in_local_local_3_0 (11087.0.0)
01/19/17 21:33:03 POST Script of Node stage_in_local_local_3_0 completed successfully.
01/19/17 21:33:03 Reassigning the id of job init_0_ID0000001 from (11089.0.0) to (11089.0.0)
01/19/17 21:33:03 Event: ULOG_SUBMIT for Condor Node init_0_ID0000001 (11089.0.0)
01/19/17 21:33:03 Number of idle job procs: 1
01/19/17 21:33:03 DAG status: 0 (DAG_STATUS_OK)
01/19/17 21:33:03 Of 21 nodes total:
01/19/17 21:33:03  Done     Pre   Queued    Post   Ready   Un-Ready   Failed
01/19/17 21:33:03   ===     ===      ===     ===     ===        ===      ===
01/19/17 21:33:03     8       0        1       0       0         12        0
01/19/17 21:33:03 0 job proc(s) currently held
01/19/17 21:33:13 Currently monitoring 1 Condor log file(s)
01/19/17 21:33:13 Event: ULOG_EXECUTE for Condor Node init_0_ID0000001 (11089.0.0)
01/19/17 21:33:13 Number of idle job procs: 0
01/19/17 21:41:39 Currently monitoring 1 Condor log file(s)
01/19/17 21:41:39 Event: ULOG_JOB_TERMINATED for Condor Node init_0_ID0000001 (11089.0.0)
01/19/17 21:41:39 Number of idle job procs: 0
01/19/17 21:41:39 Node init_0_ID0000001 job proc (11089.0.0) completed successfully.
01/19/17 21:41:39 Node init_0_ID0000001 job completed
01/19/17 21:41:39 Running POST script of Node init_0_ID0000001...
01/19/17 21:41:39 Warning: mysin has length 0 (ignore if produced by DAGMan; see gittrac #4987, #5031)
01/19/17 21:41:39 DAG status: 0 (DAG_STATUS_OK)
01/19/17 21:41:39 Of 21 nodes total:
01/19/17 21:41:39  Done     Pre   Queued    Post   Ready   Un-Ready   Failed
01/19/17 21:41:39   ===     ===      ===     ===     ===        ===      ===
01/19/17 21:41:39     8       0        0       1       0         12        0
01/19/17 21:41:39 0 job proc(s) currently held
01/19/17 21:41:39 Initializing user log writer for /home/ubuntu/wikiflow/7_0_wikiflow_1sh_1s_noannot_prim/dags/ubuntu/pegasus/example_workflow/20170119T213224+0000/./example_workflow-0.dag.nodes.log, (11089.0.0)
01/19/17 21:41:44 Currently monitoring 1 Condor log file(s)
01/19/17 21:41:44 Event: ULOG_POST_SCRIPT_TERMINATED for Condor Node init_0_ID0000001 (11089.0.0)
01/19/17 21:41:44 POST Script of Node init_0_ID0000001 completed successfully.
01/19/17 21:41:44 DAG status: 0 (DAG_STATUS_OK)
01/19/17 21:41:44 Of 21 nodes total:
01/19/17 21:41:44  Done     Pre   Queued    Post   Ready   Un-Ready   Failed
01/19/17 21:41:44   ===     ===      ===     ===     ===        ===      ===
01/19/17 21:41:44     9       0        0       0       2         10        0
01/19/17 21:41:44 0 job proc(s) currently held
01/19/17 21:41:49 Submitting Condor Node clean_up_local_level_3_0 job(s)...
01/19/17 21:41:49 Adding a DAGMan workflow log /home/ubuntu/wikiflow/7_0_wikiflow_1sh_1s_noannot_prim/dags/ubuntu/pegasus/example_workflow/20170119T213224+0000/./example_workflow-0.dag.nodes.log
01/19/17 21:41:49 Masking the events recorded in the DAGMAN workflow log
01/19/17 21:41:49 Mask for workflow log is 0,1,2,4,5,7,9,10,11,12,13,16,17,24,27
01/19/17 21:41:49 submitting: /usr/bin/condor_submit -a dag_node_name' '=' 'clean_up_local_level_3_0 -a +DAGManJobId' '=' '11080 -a DAGManJobId' '=' '11080 -a submit_event_notes' '=' 'DAG' 'Node:' 'clean_up_local_level_3_0 -a dagman_log' '=' '/home/ubuntu/wikiflow/7_0_wikiflow_1sh_1s_noannot_prim/dags/ubuntu/pegasus/example_workflow/20170119T213224+0000/./example_workflow-0.dag.nodes.log -a +DAGManNodesMask' '=' '"0,1,2,4,5,7,9,10,11,12,13,16,17,24,27" -a DAG_STATUS' '=' '0 -a FAILED_COUNT' '=' '0 -a +DAGParentNodeNames' '=' '"init_0_ID0000001" -a +KeepClaimIdle' '=' '20 -a notification' '=' 'never 00/00/clean_up_local_level_3_0.sub
01/19/17 21:41:49 From submit: Submitting job(s).
01/19/17 21:41:49 From submit: 1 job(s) submitted to cluster 11090.
01/19/17 21:41:49 	assigned Condor ID (11090.0.0)
01/19/17 21:41:49 Submitting Condor Node computeusergroup_0_ID0000002 job(s)...
01/19/17 21:41:49 Adding a DAGMan workflow log /home/ubuntu/wikiflow/7_0_wikiflow_1sh_1s_noannot_prim/dags/ubuntu/pegasus/example_workflow/20170119T213224+0000/./example_workflow-0.dag.nodes.log
01/19/17 21:41:49 Masking the events recorded in the DAGMAN workflow log
01/19/17 21:41:49 Mask for workflow log is 0,1,2,4,5,7,9,10,11,12,13,16,17,24,27
01/19/17 21:41:49 submitting: /usr/bin/condor_submit -a dag_node_name' '=' 'computeusergroup_0_ID0000002 -a +DAGManJobId' '=' '11080 -a DAGManJobId' '=' '11080 -a submit_event_notes' '=' 'DAG' 'Node:' 'computeusergroup_0_ID0000002 -a dagman_log' '=' '/home/ubuntu/wikiflow/7_0_wikiflow_1sh_1s_noannot_prim/dags/ubuntu/pegasus/example_workflow/20170119T213224+0000/./example_workflow-0.dag.nodes.log -a +DAGManNodesMask' '=' '"0,1,2,4,5,7,9,10,11,12,13,16,17,24,27" -a DAG_STATUS' '=' '0 -a FAILED_COUNT' '=' '0 -a +DAGParentNodeNames' '=' '"stage_in_local_local_1_0,stage_in_remote_local_1_0,init_0_ID0000001" -a +KeepClaimIdle' '=' '20 -a notification' '=' 'never 00/00/computeusergroup_0_ID0000002.sub
01/19/17 21:41:49 From submit: Submitting job(s).
01/19/17 21:41:49 From submit: 1 job(s) submitted to cluster 11091.
01/19/17 21:41:49 	assigned Condor ID (11091.0.0)
01/19/17 21:41:49 Just submitted 2 jobs this cycle...
01/19/17 21:41:49 Currently monitoring 1 Condor log file(s)
01/19/17 21:41:49 Reassigning the id of job clean_up_local_level_3_0 from (11090.0.0) to (11090.0.0)
01/19/17 21:41:49 Event: ULOG_SUBMIT for Condor Node clean_up_local_level_3_0 (11090.0.0)
01/19/17 21:41:49 Number of idle job procs: 1
01/19/17 21:41:49 Reassigning the id of job computeusergroup_0_ID0000002 from (11091.0.0) to (11091.0.0)
01/19/17 21:41:49 Event: ULOG_SUBMIT for Condor Node computeusergroup_0_ID0000002 (11091.0.0)
01/19/17 21:41:49 Number of idle job procs: 2
01/19/17 21:41:49 Event: ULOG_EXECUTE for Condor Node clean_up_local_level_3_0 (11090.0.0)
01/19/17 21:41:49 Number of idle job procs: 1
01/19/17 21:41:49 DAG status: 0 (DAG_STATUS_OK)
01/19/17 21:41:49 Of 21 nodes total:
01/19/17 21:41:49  Done     Pre   Queued    Post   Ready   Un-Ready   Failed
01/19/17 21:41:49   ===     ===      ===     ===     ===        ===      ===
01/19/17 21:41:49     9       0        2       0       0         10        0
01/19/17 21:41:49 0 job proc(s) currently held
01/19/17 21:41:54 Currently monitoring 1 Condor log file(s)
01/19/17 21:41:54 Event: ULOG_EXECUTE for Condor Node computeusergroup_0_ID0000002 (11091.0.0)
01/19/17 21:41:54 Number of idle job procs: 0
01/19/17 21:41:54 Event: ULOG_JOB_TERMINATED for Condor Node clean_up_local_level_3_0 (11090.0.0)
01/19/17 21:41:54 Number of idle job procs: 0
01/19/17 21:41:54 Node clean_up_local_level_3_0 job proc (11090.0.0) completed successfully.
01/19/17 21:41:54 Node clean_up_local_level_3_0 job completed
01/19/17 21:41:54 Running POST script of Node clean_up_local_level_3_0...
01/19/17 21:41:54 Warning: mysin has length 0 (ignore if produced by DAGMan; see gittrac #4987, #5031)
01/19/17 21:41:54 DAG status: 0 (DAG_STATUS_OK)
01/19/17 21:41:54 Of 21 nodes total:
01/19/17 21:41:54  Done     Pre   Queued    Post   Ready   Un-Ready   Failed
01/19/17 21:41:54   ===     ===      ===     ===     ===        ===      ===
01/19/17 21:41:54     9       0        1       1       0         10        0
01/19/17 21:41:54 0 job proc(s) currently held
01/19/17 21:41:54 Initializing user log writer for /home/ubuntu/wikiflow/7_0_wikiflow_1sh_1s_noannot_prim/dags/ubuntu/pegasus/example_workflow/20170119T213224+0000/./example_workflow-0.dag.nodes.log, (11090.0.0)
01/19/17 21:41:59 Currently monitoring 1 Condor log file(s)
01/19/17 21:41:59 Event: ULOG_POST_SCRIPT_TERMINATED for Condor Node clean_up_local_level_3_0 (11090.0.0)
01/19/17 21:41:59 POST Script of Node clean_up_local_level_3_0 completed successfully.
01/19/17 21:41:59 DAG status: 0 (DAG_STATUS_OK)
01/19/17 21:41:59 Of 21 nodes total:
01/19/17 21:41:59  Done     Pre   Queued    Post   Ready   Un-Ready   Failed
01/19/17 21:41:59   ===     ===      ===     ===     ===        ===      ===
01/19/17 21:41:59    10       0        1       0       0         10        0
01/19/17 21:41:59 0 job proc(s) currently held
01/19/17 21:52:00 601 seconds since last log event
01/19/17 21:52:00 Pending DAG nodes:
01/19/17 21:52:00   Node computeusergroup_0_ID0000002, Condor ID 11091, status STATUS_SUBMITTED
01/19/17 22:02:00 1201 seconds since last log event
01/19/17 22:02:00 Pending DAG nodes:
01/19/17 22:02:00   Node computeusergroup_0_ID0000002, Condor ID 11091, status STATUS_SUBMITTED
01/19/17 22:12:00 1801 seconds since last log event
01/19/17 22:12:00 Pending DAG nodes:
01/19/17 22:12:00   Node computeusergroup_0_ID0000002, Condor ID 11091, status STATUS_SUBMITTED
01/19/17 22:22:01 2402 seconds since last log event
01/19/17 22:22:01 Pending DAG nodes:
01/19/17 22:22:01   Node computeusergroup_0_ID0000002, Condor ID 11091, status STATUS_SUBMITTED
01/19/17 22:32:01 3002 seconds since last log event
01/19/17 22:32:01 Pending DAG nodes:
01/19/17 22:32:01   Node computeusergroup_0_ID0000002, Condor ID 11091, status STATUS_SUBMITTED
01/19/17 22:42:02 3603 seconds since last log event
01/19/17 22:42:02 Pending DAG nodes:
01/19/17 22:42:02   Node computeusergroup_0_ID0000002, Condor ID 11091, status STATUS_SUBMITTED
01/19/17 22:43:42 Currently monitoring 1 Condor log file(s)
01/19/17 22:43:42 Event: ULOG_JOB_TERMINATED for Condor Node computeusergroup_0_ID0000002 (11091.0.0)
01/19/17 22:43:42 Number of idle job procs: 0
01/19/17 22:43:42 Node computeusergroup_0_ID0000002 job proc (11091.0.0) completed successfully.
01/19/17 22:43:42 Node computeusergroup_0_ID0000002 job completed
01/19/17 22:43:42 Running POST script of Node computeusergroup_0_ID0000002...
01/19/17 22:43:42 Warning: mysin has length 0 (ignore if produced by DAGMan; see gittrac #4987, #5031)
01/19/17 22:43:42 DAG status: 0 (DAG_STATUS_OK)
01/19/17 22:43:42 Of 21 nodes total:
01/19/17 22:43:42  Done     Pre   Queued    Post   Ready   Un-Ready   Failed
01/19/17 22:43:42   ===     ===      ===     ===     ===        ===      ===
01/19/17 22:43:42    10       0        0       1       0         10        0
01/19/17 22:43:42 0 job proc(s) currently held
01/19/17 22:43:42 Initializing user log writer for /home/ubuntu/wikiflow/7_0_wikiflow_1sh_1s_noannot_prim/dags/ubuntu/pegasus/example_workflow/20170119T213224+0000/./example_workflow-0.dag.nodes.log, (11091.0.0)
01/19/17 22:43:47 Currently monitoring 1 Condor log file(s)
01/19/17 22:43:47 Event: ULOG_POST_SCRIPT_TERMINATED for Condor Node computeusergroup_0_ID0000002 (11091.0.0)
01/19/17 22:43:47 POST Script of Node computeusergroup_0_ID0000002 completed successfully.
01/19/17 22:43:47 DAG status: 0 (DAG_STATUS_OK)
01/19/17 22:43:47 Of 21 nodes total:
01/19/17 22:43:47  Done     Pre   Queued    Post   Ready   Un-Ready   Failed
01/19/17 22:43:47   ===     ===      ===     ===     ===        ===      ===
01/19/17 22:43:47    11       0        0       0       3          7        0
01/19/17 22:43:47 0 job proc(s) currently held
01/19/17 22:43:52 Submitting Condor Node clean_up_local_level_4_0 job(s)...
01/19/17 22:43:52 Adding a DAGMan workflow log /home/ubuntu/wikiflow/7_0_wikiflow_1sh_1s_noannot_prim/dags/ubuntu/pegasus/example_workflow/20170119T213224+0000/./example_workflow-0.dag.nodes.log
01/19/17 22:43:52 Masking the events recorded in the DAGMAN workflow log
01/19/17 22:43:52 Mask for workflow log is 0,1,2,4,5,7,9,10,11,12,13,16,17,24,27
01/19/17 22:43:52 submitting: /usr/bin/condor_submit -a dag_node_name' '=' 'clean_up_local_level_4_0 -a +DAGManJobId' '=' '11080 -a DAGManJobId' '=' '11080 -a submit_event_notes' '=' 'DAG' 'Node:' 'clean_up_local_level_4_0 -a dagman_log' '=' '/home/ubuntu/wikiflow/7_0_wikiflow_1sh_1s_noannot_prim/dags/ubuntu/pegasus/example_workflow/20170119T213224+0000/./example_workflow-0.dag.nodes.log -a +DAGManNodesMask' '=' '"0,1,2,4,5,7,9,10,11,12,13,16,17,24,27" -a DAG_STATUS' '=' '0 -a FAILED_COUNT' '=' '0 -a +DAGParentNodeNames' '=' '"computeusergroup_0_ID0000002" -a +KeepClaimIdle' '=' '20 -a notification' '=' 'never 00/00/clean_up_local_level_4_0.sub
01/19/17 22:43:52 From submit: Submitting job(s).
01/19/17 22:43:52 From submit: 1 job(s) submitted to cluster 11092.
01/19/17 22:43:52 	assigned Condor ID (11092.0.0)
01/19/17 22:43:52 Submitting Condor Node stage_out_local_local_1_0 job(s)...
01/19/17 22:43:52 Adding a DAGMan workflow log /home/ubuntu/wikiflow/7_0_wikiflow_1sh_1s_noannot_prim/dags/ubuntu/pegasus/example_workflow/20170119T213224+0000/./example_workflow-0.dag.nodes.log
01/19/17 22:43:52 Masking the events recorded in the DAGMAN workflow log
01/19/17 22:43:52 Mask for workflow log is 0,1,2,4,5,7,9,10,11,12,13,16,17,24,27
01/19/17 22:43:52 submitting: /usr/bin/condor_submit -a dag_node_name' '=' 'stage_out_local_local_1_0 -a +DAGManJobId' '=' '11080 -a DAGManJobId' '=' '11080 -a submit_event_notes' '=' 'DAG' 'Node:' 'stage_out_local_local_1_0 -a dagman_log' '=' '/home/ubuntu/wikiflow/7_0_wikiflow_1sh_1s_noannot_prim/dags/ubuntu/pegasus/example_workflow/20170119T213224+0000/./example_workflow-0.dag.nodes.log -a +DAGManNodesMask' '=' '"0,1,2,4,5,7,9,10,11,12,13,16,17,24,27" -a DAG_STATUS' '=' '0 -a FAILED_COUNT' '=' '0 -a +DAGParentNodeNames' '=' '"computeusergroup_0_ID0000002" -a +KeepClaimIdle' '=' '20 -a notification' '=' 'never 00/00/stage_out_local_local_1_0.sub
01/19/17 22:43:53 From submit: Submitting job(s).
01/19/17 22:43:53 From submit: 1 job(s) submitted to cluster 11093.
01/19/17 22:43:53 	assigned Condor ID (11093.0.0)
01/19/17 22:43:53 Submitting Condor Node sessioncompute_0_ID0000003 job(s)...
01/19/17 22:43:53 Adding a DAGMan workflow log /home/ubuntu/wikiflow/7_0_wikiflow_1sh_1s_noannot_prim/dags/ubuntu/pegasus/example_workflow/20170119T213224+0000/./example_workflow-0.dag.nodes.log
01/19/17 22:43:53 Masking the events recorded in the DAGMAN workflow log
01/19/17 22:43:53 Mask for workflow log is 0,1,2,4,5,7,9,10,11,12,13,16,17,24,27
01/19/17 22:43:53 submitting: /usr/bin/condor_submit -a dag_node_name' '=' 'sessioncompute_0_ID0000003 -a +DAGManJobId' '=' '11080 -a DAGManJobId' '=' '11080 -a submit_event_notes' '=' 'DAG' 'Node:' 'sessioncompute_0_ID0000003 -a dagman_log' '=' '/home/ubuntu/wikiflow/7_0_wikiflow_1sh_1s_noannot_prim/dags/ubuntu/pegasus/example_workflow/20170119T213224+0000/./example_workflow-0.dag.nodes.log -a +DAGManNodesMask' '=' '"0,1,2,4,5,7,9,10,11,12,13,16,17,24,27" -a DAG_STATUS' '=' '0 -a FAILED_COUNT' '=' '0 -a +DAGParentNodeNames' '=' '"stage_in_local_local_2_0,computeusergroup_0_ID0000002" -a +KeepClaimIdle' '=' '20 -a notification' '=' 'never 00/00/sessioncompute_0_ID0000003.sub
01/19/17 22:43:53 From submit: Submitting job(s).
01/19/17 22:43:53 From submit: 1 job(s) submitted to cluster 11094.
01/19/17 22:43:53 	assigned Condor ID (11094.0.0)
01/19/17 22:43:53 Just submitted 3 jobs this cycle...
01/19/17 22:43:53 Currently monitoring 1 Condor log file(s)
01/19/17 22:43:53 Reassigning the id of job clean_up_local_level_4_0 from (11092.0.0) to (11092.0.0)
01/19/17 22:43:53 Event: ULOG_SUBMIT for Condor Node clean_up_local_level_4_0 (11092.0.0)
01/19/17 22:43:53 Number of idle job procs: 1
01/19/17 22:43:53 Event: ULOG_EXECUTE for Condor Node clean_up_local_level_4_0 (11092.0.0)
01/19/17 22:43:53 Number of idle job procs: 0
01/19/17 22:43:53 Reassigning the id of job stage_out_local_local_1_0 from (11093.0.0) to (11093.0.0)
01/19/17 22:43:53 Event: ULOG_SUBMIT for Condor Node stage_out_local_local_1_0 (11093.0.0)
01/19/17 22:43:53 Number of idle job procs: 1
01/19/17 22:43:53 Reassigning the id of job sessioncompute_0_ID0000003 from (11094.0.0) to (11094.0.0)
01/19/17 22:43:53 Event: ULOG_SUBMIT for Condor Node sessioncompute_0_ID0000003 (11094.0.0)
01/19/17 22:43:53 Number of idle job procs: 2
01/19/17 22:43:53 DAG status: 0 (DAG_STATUS_OK)
01/19/17 22:43:53 Of 21 nodes total:
01/19/17 22:43:53  Done     Pre   Queued    Post   Ready   Un-Ready   Failed
01/19/17 22:43:53   ===     ===      ===     ===     ===        ===      ===
01/19/17 22:43:53    11       0        3       0       0          7        0
01/19/17 22:43:53 0 job proc(s) currently held
01/19/17 22:43:58 Currently monitoring 1 Condor log file(s)
01/19/17 22:43:58 Event: ULOG_JOB_TERMINATED for Condor Node clean_up_local_level_4_0 (11092.0.0)
01/19/17 22:43:58 Number of idle job procs: 2
01/19/17 22:43:58 Node clean_up_local_level_4_0 job proc (11092.0.0) completed successfully.
01/19/17 22:43:58 Node clean_up_local_level_4_0 job completed
01/19/17 22:43:58 Running POST script of Node clean_up_local_level_4_0...
01/19/17 22:43:58 Warning: mysin has length 0 (ignore if produced by DAGMan; see gittrac #4987, #5031)
01/19/17 22:43:58 Event: ULOG_EXECUTE for Condor Node stage_out_local_local_1_0 (11093.0.0)
01/19/17 22:43:58 Number of idle job procs: 1
01/19/17 22:43:58 DAG status: 0 (DAG_STATUS_OK)
01/19/17 22:43:58 Of 21 nodes total:
01/19/17 22:43:58  Done     Pre   Queued    Post   Ready   Un-Ready   Failed
01/19/17 22:43:58   ===     ===      ===     ===     ===        ===      ===
01/19/17 22:43:58    11       0        2       1       0          7        0
01/19/17 22:43:58 0 job proc(s) currently held
01/19/17 22:43:58 Initializing user log writer for /home/ubuntu/wikiflow/7_0_wikiflow_1sh_1s_noannot_prim/dags/ubuntu/pegasus/example_workflow/20170119T213224+0000/./example_workflow-0.dag.nodes.log, (11092.0.0)
01/19/17 22:44:03 Currently monitoring 1 Condor log file(s)
01/19/17 22:44:03 Event: ULOG_POST_SCRIPT_TERMINATED for Condor Node clean_up_local_level_4_0 (11092.0.0)
01/19/17 22:44:03 POST Script of Node clean_up_local_level_4_0 completed successfully.
01/19/17 22:44:03 Event: ULOG_JOB_TERMINATED for Condor Node stage_out_local_local_1_0 (11093.0.0)
01/19/17 22:44:03 Number of idle job procs: 1
01/19/17 22:44:03 Node stage_out_local_local_1_0 job proc (11093.0.0) completed successfully.
01/19/17 22:44:03 Node stage_out_local_local_1_0 job completed
01/19/17 22:44:03 Running POST script of Node stage_out_local_local_1_0...
01/19/17 22:44:03 Warning: mysin has length 0 (ignore if produced by DAGMan; see gittrac #4987, #5031)
01/19/17 22:44:03 DAG status: 0 (DAG_STATUS_OK)
01/19/17 22:44:03 Of 21 nodes total:
01/19/17 22:44:03  Done     Pre   Queued    Post   Ready   Un-Ready   Failed
01/19/17 22:44:03   ===     ===      ===     ===     ===        ===      ===
01/19/17 22:44:03    12       0        1       1       0          7        0
01/19/17 22:44:03 0 job proc(s) currently held
01/19/17 22:44:04 Initializing user log writer for /home/ubuntu/wikiflow/7_0_wikiflow_1sh_1s_noannot_prim/dags/ubuntu/pegasus/example_workflow/20170119T213224+0000/./example_workflow-0.dag.nodes.log, (11093.0.0)
01/19/17 22:44:08 Currently monitoring 1 Condor log file(s)
01/19/17 22:44:08 Event: ULOG_POST_SCRIPT_TERMINATED for Condor Node stage_out_local_local_1_0 (11093.0.0)
01/19/17 22:44:08 POST Script of Node stage_out_local_local_1_0 completed successfully.
01/19/17 22:44:08 DAG status: 0 (DAG_STATUS_OK)
01/19/17 22:44:08 Of 21 nodes total:
01/19/17 22:44:08  Done     Pre   Queued    Post   Ready   Un-Ready   Failed
01/19/17 22:44:08   ===     ===      ===     ===     ===        ===      ===
01/19/17 22:44:08    13       0        1       0       0          7        0
01/19/17 22:44:08 0 job proc(s) currently held
01/19/17 22:44:18 Currently monitoring 1 Condor log file(s)
01/19/17 22:44:18 Event: ULOG_EXECUTE for Condor Node sessioncompute_0_ID0000003 (11094.0.0)
01/19/17 22:44:18 Number of idle job procs: 0
01/19/17 22:54:18 600 seconds since last log event
01/19/17 22:54:18 Pending DAG nodes:
01/19/17 22:54:18   Node sessioncompute_0_ID0000003, Condor ID 11094, status STATUS_SUBMITTED
01/19/17 23:04:04 Currently monitoring 1 Condor log file(s)
01/19/17 23:04:04 Event: ULOG_JOB_TERMINATED for Condor Node sessioncompute_0_ID0000003 (11094.0.0)
01/19/17 23:04:04 Number of idle job procs: 0
01/19/17 23:04:04 Node sessioncompute_0_ID0000003 job proc (11094.0.0) completed successfully.
01/19/17 23:04:04 Node sessioncompute_0_ID0000003 job completed
01/19/17 23:04:04 Running POST script of Node sessioncompute_0_ID0000003...
01/19/17 23:04:04 Warning: mysin has length 0 (ignore if produced by DAGMan; see gittrac #4987, #5031)
01/19/17 23:04:04 DAG status: 0 (DAG_STATUS_OK)
01/19/17 23:04:04 Of 21 nodes total:
01/19/17 23:04:04  Done     Pre   Queued    Post   Ready   Un-Ready   Failed
01/19/17 23:04:04   ===     ===      ===     ===     ===        ===      ===
01/19/17 23:04:04    13       0        0       1       0          7        0
01/19/17 23:04:04 0 job proc(s) currently held
01/19/17 23:04:04 Initializing user log writer for /home/ubuntu/wikiflow/7_0_wikiflow_1sh_1s_noannot_prim/dags/ubuntu/pegasus/example_workflow/20170119T213224+0000/./example_workflow-0.dag.nodes.log, (11094.0.0)
01/19/17 23:04:09 Currently monitoring 1 Condor log file(s)
01/19/17 23:04:09 Event: ULOG_POST_SCRIPT_TERMINATED for Condor Node sessioncompute_0_ID0000003 (11094.0.0)
01/19/17 23:04:09 POST Script of Node sessioncompute_0_ID0000003 completed successfully.
01/19/17 23:04:09 DAG status: 0 (DAG_STATUS_OK)
01/19/17 23:04:09 Of 21 nodes total:
01/19/17 23:04:09  Done     Pre   Queued    Post   Ready   Un-Ready   Failed
01/19/17 23:04:09   ===     ===      ===     ===     ===        ===      ===
01/19/17 23:04:09    14       0        0       0       3          4        0
01/19/17 23:04:09 0 job proc(s) currently held
01/19/17 23:04:14 Submitting Condor Node longestsession_0_ID0000004 job(s)...
01/19/17 23:04:14 Adding a DAGMan workflow log /home/ubuntu/wikiflow/7_0_wikiflow_1sh_1s_noannot_prim/dags/ubuntu/pegasus/example_workflow/20170119T213224+0000/./example_workflow-0.dag.nodes.log
01/19/17 23:04:14 Masking the events recorded in the DAGMAN workflow log
01/19/17 23:04:14 Mask for workflow log is 0,1,2,4,5,7,9,10,11,12,13,16,17,24,27
01/19/17 23:04:14 submitting: /usr/bin/condor_submit -a dag_node_name' '=' 'longestsession_0_ID0000004 -a +DAGManJobId' '=' '11080 -a DAGManJobId' '=' '11080 -a submit_event_notes' '=' 'DAG' 'Node:' 'longestsession_0_ID0000004 -a dagman_log' '=' '/home/ubuntu/wikiflow/7_0_wikiflow_1sh_1s_noannot_prim/dags/ubuntu/pegasus/example_workflow/20170119T213224+0000/./example_workflow-0.dag.nodes.log -a +DAGManNodesMask' '=' '"0,1,2,4,5,7,9,10,11,12,13,16,17,24,27" -a DAG_STATUS' '=' '0 -a FAILED_COUNT' '=' '0 -a +DAGParentNodeNames' '=' '"stage_in_local_local_3_0,stage_in_remote_local_3_0,sessioncompute_0_ID0000003" -a +KeepClaimIdle' '=' '20 -a notification' '=' 'never 00/00/longestsession_0_ID0000004.sub
01/19/17 23:04:14 From submit: Submitting job(s).
01/19/17 23:04:14 From submit: 1 job(s) submitted to cluster 11095.
01/19/17 23:04:14 	assigned Condor ID (11095.0.0)
01/19/17 23:04:14 Submitting Condor Node clean_up_local_level_5_0 job(s)...
01/19/17 23:04:14 Adding a DAGMan workflow log /home/ubuntu/wikiflow/7_0_wikiflow_1sh_1s_noannot_prim/dags/ubuntu/pegasus/example_workflow/20170119T213224+0000/./example_workflow-0.dag.nodes.log
01/19/17 23:04:14 Masking the events recorded in the DAGMAN workflow log
01/19/17 23:04:14 Mask for workflow log is 0,1,2,4,5,7,9,10,11,12,13,16,17,24,27
01/19/17 23:04:14 submitting: /usr/bin/condor_submit -a dag_node_name' '=' 'clean_up_local_level_5_0 -a +DAGManJobId' '=' '11080 -a DAGManJobId' '=' '11080 -a submit_event_notes' '=' 'DAG' 'Node:' 'clean_up_local_level_5_0 -a dagman_log' '=' '/home/ubuntu/wikiflow/7_0_wikiflow_1sh_1s_noannot_prim/dags/ubuntu/pegasus/example_workflow/20170119T213224+0000/./example_workflow-0.dag.nodes.log -a +DAGManNodesMask' '=' '"0,1,2,4,5,7,9,10,11,12,13,16,17,24,27" -a DAG_STATUS' '=' '0 -a FAILED_COUNT' '=' '0 -a +DAGParentNodeNames' '=' '"stage_out_local_local_1_0,sessioncompute_0_ID0000003" -a +KeepClaimIdle' '=' '20 -a notification' '=' 'never 00/00/clean_up_local_level_5_0.sub
01/19/17 23:04:14 From submit: Submitting job(s).
01/19/17 23:04:14 From submit: 1 job(s) submitted to cluster 11096.
01/19/17 23:04:14 	assigned Condor ID (11096.0.0)
01/19/17 23:04:14 Submitting Condor Node clean_up_local_level_5_1 job(s)...
01/19/17 23:04:14 Adding a DAGMan workflow log /home/ubuntu/wikiflow/7_0_wikiflow_1sh_1s_noannot_prim/dags/ubuntu/pegasus/example_workflow/20170119T213224+0000/./example_workflow-0.dag.nodes.log
01/19/17 23:04:14 Masking the events recorded in the DAGMAN workflow log
01/19/17 23:04:14 Mask for workflow log is 0,1,2,4,5,7,9,10,11,12,13,16,17,24,27
01/19/17 23:04:14 submitting: /usr/bin/condor_submit -a dag_node_name' '=' 'clean_up_local_level_5_1 -a +DAGManJobId' '=' '11080 -a DAGManJobId' '=' '11080 -a submit_event_notes' '=' 'DAG' 'Node:' 'clean_up_local_level_5_1 -a dagman_log' '=' '/home/ubuntu/wikiflow/7_0_wikiflow_1sh_1s_noannot_prim/dags/ubuntu/pegasus/example_workflow/20170119T213224+0000/./example_workflow-0.dag.nodes.log -a +DAGManNodesMask' '=' '"0,1,2,4,5,7,9,10,11,12,13,16,17,24,27" -a DAG_STATUS' '=' '0 -a FAILED_COUNT' '=' '0 -a +DAGParentNodeNames' '=' '"sessioncompute_0_ID0000003" -a +KeepClaimIdle' '=' '20 -a notification' '=' 'never 00/00/clean_up_local_level_5_1.sub
01/19/17 23:04:14 From submit: Submitting job(s).
01/19/17 23:04:14 From submit: 1 job(s) submitted to cluster 11097.
01/19/17 23:04:14 	assigned Condor ID (11097.0.0)
01/19/17 23:04:14 Just submitted 3 jobs this cycle...
01/19/17 23:04:14 Currently monitoring 1 Condor log file(s)
01/19/17 23:04:14 Reassigning the id of job longestsession_0_ID0000004 from (11095.0.0) to (11095.0.0)
01/19/17 23:04:14 Event: ULOG_SUBMIT for Condor Node longestsession_0_ID0000004 (11095.0.0)
01/19/17 23:04:14 Number of idle job procs: 1
01/19/17 23:04:14 Reassigning the id of job clean_up_local_level_5_0 from (11096.0.0) to (11096.0.0)
01/19/17 23:04:14 Event: ULOG_SUBMIT for Condor Node clean_up_local_level_5_0 (11096.0.0)
01/19/17 23:04:14 Number of idle job procs: 2
01/19/17 23:04:14 Reassigning the id of job clean_up_local_level_5_1 from (11097.0.0) to (11097.0.0)
01/19/17 23:04:14 Event: ULOG_SUBMIT for Condor Node clean_up_local_level_5_1 (11097.0.0)
01/19/17 23:04:14 Number of idle job procs: 3
01/19/17 23:04:14 DAG status: 0 (DAG_STATUS_OK)
01/19/17 23:04:14 Of 21 nodes total:
01/19/17 23:04:14  Done     Pre   Queued    Post   Ready   Un-Ready   Failed
01/19/17 23:04:14   ===     ===      ===     ===     ===        ===      ===
01/19/17 23:04:14    14       0        3       0       0          4        0
01/19/17 23:04:14 0 job proc(s) currently held
01/19/17 23:04:19 Currently monitoring 1 Condor log file(s)
01/19/17 23:04:19 Event: ULOG_EXECUTE for Condor Node longestsession_0_ID0000004 (11095.0.0)
01/19/17 23:04:19 Number of idle job procs: 2
01/19/17 23:04:19 Event: ULOG_EXECUTE for Condor Node clean_up_local_level_5_1 (11097.0.0)
01/19/17 23:04:19 Number of idle job procs: 1
01/19/17 23:04:19 Event: ULOG_EXECUTE for Condor Node clean_up_local_level_5_0 (11096.0.0)
01/19/17 23:04:19 Number of idle job procs: 0
01/19/17 23:04:24 Currently monitoring 1 Condor log file(s)
01/19/17 23:04:24 Event: ULOG_JOB_TERMINATED for Condor Node clean_up_local_level_5_1 (11097.0.0)
01/19/17 23:04:24 Number of idle job procs: 0
01/19/17 23:04:24 Node clean_up_local_level_5_1 job proc (11097.0.0) completed successfully.
01/19/17 23:04:24 Node clean_up_local_level_5_1 job completed
01/19/17 23:04:24 Running POST script of Node clean_up_local_level_5_1...
01/19/17 23:04:24 Warning: mysin has length 0 (ignore if produced by DAGMan; see gittrac #4987, #5031)
01/19/17 23:04:24 Event: ULOG_JOB_TERMINATED for Condor Node clean_up_local_level_5_0 (11096.0.0)
01/19/17 23:04:24 Number of idle job procs: 0
01/19/17 23:04:24 Node clean_up_local_level_5_0 job proc (11096.0.0) completed successfully.
01/19/17 23:04:24 Node clean_up_local_level_5_0 job completed
01/19/17 23:04:24 Running POST script of Node clean_up_local_level_5_0...
01/19/17 23:04:24 Warning: mysin has length 0 (ignore if produced by DAGMan; see gittrac #4987, #5031)
01/19/17 23:04:24 DAG status: 0 (DAG_STATUS_OK)
01/19/17 23:04:24 Of 21 nodes total:
01/19/17 23:04:24  Done     Pre   Queued    Post   Ready   Un-Ready   Failed
01/19/17 23:04:24   ===     ===      ===     ===     ===        ===      ===
01/19/17 23:04:24    14       0        1       2       0          4        0
01/19/17 23:04:24 0 job proc(s) currently held
01/19/17 23:04:24 Initializing user log writer for /home/ubuntu/wikiflow/7_0_wikiflow_1sh_1s_noannot_prim/dags/ubuntu/pegasus/example_workflow/20170119T213224+0000/./example_workflow-0.dag.nodes.log, (11097.0.0)
01/19/17 23:04:24 Initializing user log writer for /home/ubuntu/wikiflow/7_0_wikiflow_1sh_1s_noannot_prim/dags/ubuntu/pegasus/example_workflow/20170119T213224+0000/./example_workflow-0.dag.nodes.log, (11096.0.0)
01/19/17 23:04:29 Currently monitoring 1 Condor log file(s)
01/19/17 23:04:29 Event: ULOG_POST_SCRIPT_TERMINATED for Condor Node clean_up_local_level_5_1 (11097.0.0)
01/19/17 23:04:29 POST Script of Node clean_up_local_level_5_1 completed successfully.
01/19/17 23:04:29 Event: ULOG_POST_SCRIPT_TERMINATED for Condor Node clean_up_local_level_5_0 (11096.0.0)
01/19/17 23:04:29 POST Script of Node clean_up_local_level_5_0 completed successfully.
01/19/17 23:04:29 DAG status: 0 (DAG_STATUS_OK)
01/19/17 23:04:29 Of 21 nodes total:
01/19/17 23:04:29  Done     Pre   Queued    Post   Ready   Un-Ready   Failed
01/19/17 23:04:29   ===     ===      ===     ===     ===        ===      ===
01/19/17 23:04:29    16       0        1       0       0          4        0
01/19/17 23:04:29 0 job proc(s) currently held
01/19/17 23:04:34 Currently monitoring 1 Condor log file(s)
01/19/17 23:04:34 Event: ULOG_JOB_TERMINATED for Condor Node longestsession_0_ID0000004 (11095.0.0)
01/19/17 23:04:34 Number of idle job procs: 0
01/19/17 23:04:34 Node longestsession_0_ID0000004 job proc (11095.0.0) completed successfully.
01/19/17 23:04:34 Node longestsession_0_ID0000004 job completed
01/19/17 23:04:34 Running POST script of Node longestsession_0_ID0000004...
01/19/17 23:04:34 Warning: mysin has length 0 (ignore if produced by DAGMan; see gittrac #4987, #5031)
01/19/17 23:04:34 DAG status: 0 (DAG_STATUS_OK)
01/19/17 23:04:34 Of 21 nodes total:
01/19/17 23:04:34  Done     Pre   Queued    Post   Ready   Un-Ready   Failed
01/19/17 23:04:34   ===     ===      ===     ===     ===        ===      ===
01/19/17 23:04:34    16       0        0       1       0          4        0
01/19/17 23:04:34 0 job proc(s) currently held
01/19/17 23:04:35 Initializing user log writer for /home/ubuntu/wikiflow/7_0_wikiflow_1sh_1s_noannot_prim/dags/ubuntu/pegasus/example_workflow/20170119T213224+0000/./example_workflow-0.dag.nodes.log, (11095.0.0)
01/19/17 23:04:39 Currently monitoring 1 Condor log file(s)
01/19/17 23:04:39 Event: ULOG_POST_SCRIPT_TERMINATED for Condor Node longestsession_0_ID0000004 (11095.0.0)
01/19/17 23:04:39 POST Script of Node longestsession_0_ID0000004 completed successfully.
01/19/17 23:04:39 DAG status: 0 (DAG_STATUS_OK)
01/19/17 23:04:39 Of 21 nodes total:
01/19/17 23:04:39  Done     Pre   Queued    Post   Ready   Un-Ready   Failed
01/19/17 23:04:39   ===     ===      ===     ===     ===        ===      ===
01/19/17 23:04:39    17       0        0       0       2          2        0
01/19/17 23:04:39 0 job proc(s) currently held
01/19/17 23:04:44 Submitting Condor Node terminate_0_ID0000005 job(s)...
01/19/17 23:04:44 Adding a DAGMan workflow log /home/ubuntu/wikiflow/7_0_wikiflow_1sh_1s_noannot_prim/dags/ubuntu/pegasus/example_workflow/20170119T213224+0000/./example_workflow-0.dag.nodes.log
01/19/17 23:04:44 Masking the events recorded in the DAGMAN workflow log
01/19/17 23:04:44 Mask for workflow log is 0,1,2,4,5,7,9,10,11,12,13,16,17,24,27
01/19/17 23:04:44 submitting: /usr/bin/condor_submit -a dag_node_name' '=' 'terminate_0_ID0000005 -a +DAGManJobId' '=' '11080 -a DAGManJobId' '=' '11080 -a submit_event_notes' '=' 'DAG' 'Node:' 'terminate_0_ID0000005 -a dagman_log' '=' '/home/ubuntu/wikiflow/7_0_wikiflow_1sh_1s_noannot_prim/dags/ubuntu/pegasus/example_workflow/20170119T213224+0000/./example_workflow-0.dag.nodes.log -a +DAGManNodesMask' '=' '"0,1,2,4,5,7,9,10,11,12,13,16,17,24,27" -a DAG_STATUS' '=' '0 -a FAILED_COUNT' '=' '0 -a +DAGParentNodeNames' '=' '"stage_in_local_local_4_0,longestsession_0_ID0000004" -a +KeepClaimIdle' '=' '20 -a notification' '=' 'never 00/00/terminate_0_ID0000005.sub
01/19/17 23:04:44 From submit: Submitting job(s).
01/19/17 23:04:44 From submit: 1 job(s) submitted to cluster 11098.
01/19/17 23:04:44 	assigned Condor ID (11098.0.0)
01/19/17 23:04:44 Submitting Condor Node clean_up_local_level_6_0 job(s)...
01/19/17 23:04:44 Adding a DAGMan workflow log /home/ubuntu/wikiflow/7_0_wikiflow_1sh_1s_noannot_prim/dags/ubuntu/pegasus/example_workflow/20170119T213224+0000/./example_workflow-0.dag.nodes.log
01/19/17 23:04:44 Masking the events recorded in the DAGMAN workflow log
01/19/17 23:04:44 Mask for workflow log is 0,1,2,4,5,7,9,10,11,12,13,16,17,24,27
01/19/17 23:04:44 submitting: /usr/bin/condor_submit -a dag_node_name' '=' 'clean_up_local_level_6_0 -a +DAGManJobId' '=' '11080 -a DAGManJobId' '=' '11080 -a submit_event_notes' '=' 'DAG' 'Node:' 'clean_up_local_level_6_0 -a dagman_log' '=' '/home/ubuntu/wikiflow/7_0_wikiflow_1sh_1s_noannot_prim/dags/ubuntu/pegasus/example_workflow/20170119T213224+0000/./example_workflow-0.dag.nodes.log -a +DAGManNodesMask' '=' '"0,1,2,4,5,7,9,10,11,12,13,16,17,24,27" -a DAG_STATUS' '=' '0 -a FAILED_COUNT' '=' '0 -a +DAGParentNodeNames' '=' '"longestsession_0_ID0000004" -a +KeepClaimIdle' '=' '20 -a notification' '=' 'never 00/00/clean_up_local_level_6_0.sub
01/19/17 23:04:44 From submit: Submitting job(s).
01/19/17 23:04:44 From submit: 1 job(s) submitted to cluster 11099.
01/19/17 23:04:44 	assigned Condor ID (11099.0.0)
01/19/17 23:04:44 Just submitted 2 jobs this cycle...
01/19/17 23:04:44 Currently monitoring 1 Condor log file(s)
01/19/17 23:04:44 Reassigning the id of job terminate_0_ID0000005 from (11098.0.0) to (11098.0.0)
01/19/17 23:04:44 Event: ULOG_SUBMIT for Condor Node terminate_0_ID0000005 (11098.0.0)
01/19/17 23:04:44 Number of idle job procs: 1
01/19/17 23:04:44 Reassigning the id of job clean_up_local_level_6_0 from (11099.0.0) to (11099.0.0)
01/19/17 23:04:44 Event: ULOG_SUBMIT for Condor Node clean_up_local_level_6_0 (11099.0.0)
01/19/17 23:04:44 Number of idle job procs: 2
01/19/17 23:04:44 DAG status: 0 (DAG_STATUS_OK)
01/19/17 23:04:44 Of 21 nodes total:
01/19/17 23:04:44  Done     Pre   Queued    Post   Ready   Un-Ready   Failed
01/19/17 23:04:44   ===     ===      ===     ===     ===        ===      ===
01/19/17 23:04:44    17       0        2       0       0          2        0
01/19/17 23:04:44 0 job proc(s) currently held
01/19/17 23:04:54 Currently monitoring 1 Condor log file(s)
01/19/17 23:04:54 Event: ULOG_EXECUTE for Condor Node clean_up_local_level_6_0 (11099.0.0)
01/19/17 23:04:54 Number of idle job procs: 1
01/19/17 23:04:54 Event: ULOG_JOB_TERMINATED for Condor Node clean_up_local_level_6_0 (11099.0.0)
01/19/17 23:04:54 Number of idle job procs: 1
01/19/17 23:04:54 Node clean_up_local_level_6_0 job proc (11099.0.0) completed successfully.
01/19/17 23:04:54 Node clean_up_local_level_6_0 job completed
01/19/17 23:04:54 Running POST script of Node clean_up_local_level_6_0...
01/19/17 23:04:54 Warning: mysin has length 0 (ignore if produced by DAGMan; see gittrac #4987, #5031)
01/19/17 23:04:54 DAG status: 0 (DAG_STATUS_OK)
01/19/17 23:04:54 Of 21 nodes total:
01/19/17 23:04:54  Done     Pre   Queued    Post   Ready   Un-Ready   Failed
01/19/17 23:04:54   ===     ===      ===     ===     ===        ===      ===
01/19/17 23:04:54    17       0        1       1       0          2        0
01/19/17 23:04:54 0 job proc(s) currently held
01/19/17 23:04:54 Initializing user log writer for /home/ubuntu/wikiflow/7_0_wikiflow_1sh_1s_noannot_prim/dags/ubuntu/pegasus/example_workflow/20170119T213224+0000/./example_workflow-0.dag.nodes.log, (11099.0.0)
01/19/17 23:04:59 Currently monitoring 1 Condor log file(s)
01/19/17 23:04:59 Event: ULOG_POST_SCRIPT_TERMINATED for Condor Node clean_up_local_level_6_0 (11099.0.0)
01/19/17 23:04:59 POST Script of Node clean_up_local_level_6_0 completed successfully.
01/19/17 23:04:59 Event: ULOG_EXECUTE for Condor Node terminate_0_ID0000005 (11098.0.0)
01/19/17 23:04:59 Number of idle job procs: 0
01/19/17 23:04:59 Event: ULOG_JOB_TERMINATED for Condor Node terminate_0_ID0000005 (11098.0.0)
01/19/17 23:04:59 Number of idle job procs: 0
01/19/17 23:04:59 Node terminate_0_ID0000005 job proc (11098.0.0) completed successfully.
01/19/17 23:04:59 Node terminate_0_ID0000005 job completed
01/19/17 23:04:59 Running POST script of Node terminate_0_ID0000005...
01/19/17 23:04:59 Warning: mysin has length 0 (ignore if produced by DAGMan; see gittrac #4987, #5031)
01/19/17 23:04:59 DAG status: 0 (DAG_STATUS_OK)
01/19/17 23:04:59 Of 21 nodes total:
01/19/17 23:04:59  Done     Pre   Queued    Post   Ready   Un-Ready   Failed
01/19/17 23:04:59   ===     ===      ===     ===     ===        ===      ===
01/19/17 23:04:59    18       0        0       1       0          2        0
01/19/17 23:04:59 0 job proc(s) currently held
01/19/17 23:04:59 Initializing user log writer for /home/ubuntu/wikiflow/7_0_wikiflow_1sh_1s_noannot_prim/dags/ubuntu/pegasus/example_workflow/20170119T213224+0000/./example_workflow-0.dag.nodes.log, (11098.0.0)
01/19/17 23:05:04 Currently monitoring 1 Condor log file(s)
01/19/17 23:05:04 Event: ULOG_POST_SCRIPT_TERMINATED for Condor Node terminate_0_ID0000005 (11098.0.0)
01/19/17 23:05:04 POST Script of Node terminate_0_ID0000005 completed successfully.
01/19/17 23:05:04 DAG status: 0 (DAG_STATUS_OK)
01/19/17 23:05:04 Of 21 nodes total:
01/19/17 23:05:04  Done     Pre   Queued    Post   Ready   Un-Ready   Failed
01/19/17 23:05:04   ===     ===      ===     ===     ===        ===      ===
01/19/17 23:05:04    19       0        0       0       1          1        0
01/19/17 23:05:04 0 job proc(s) currently held
01/19/17 23:05:09 Submitting Condor Node clean_up_local_level_7_0 job(s)...
01/19/17 23:05:09 Adding a DAGMan workflow log /home/ubuntu/wikiflow/7_0_wikiflow_1sh_1s_noannot_prim/dags/ubuntu/pegasus/example_workflow/20170119T213224+0000/./example_workflow-0.dag.nodes.log
01/19/17 23:05:09 Masking the events recorded in the DAGMAN workflow log
01/19/17 23:05:09 Mask for workflow log is 0,1,2,4,5,7,9,10,11,12,13,16,17,24,27
01/19/17 23:05:09 submitting: /usr/bin/condor_submit -a dag_node_name' '=' 'clean_up_local_level_7_0 -a +DAGManJobId' '=' '11080 -a DAGManJobId' '=' '11080 -a submit_event_notes' '=' 'DAG' 'Node:' 'clean_up_local_level_7_0 -a dagman_log' '=' '/home/ubuntu/wikiflow/7_0_wikiflow_1sh_1s_noannot_prim/dags/ubuntu/pegasus/example_workflow/20170119T213224+0000/./example_workflow-0.dag.nodes.log -a +DAGManNodesMask' '=' '"0,1,2,4,5,7,9,10,11,12,13,16,17,24,27" -a DAG_STATUS' '=' '0 -a FAILED_COUNT' '=' '0 -a +DAGParentNodeNames' '=' '"terminate_0_ID0000005" -a +KeepClaimIdle' '=' '20 -a notification' '=' 'never 00/00/clean_up_local_level_7_0.sub
01/19/17 23:05:09 From submit: Submitting job(s).
01/19/17 23:05:09 From submit: 1 job(s) submitted to cluster 11100.
01/19/17 23:05:09 	assigned Condor ID (11100.0.0)
01/19/17 23:05:09 Just submitted 1 job this cycle...
01/19/17 23:05:09 Currently monitoring 1 Condor log file(s)
01/19/17 23:05:09 Reassigning the id of job clean_up_local_level_7_0 from (11100.0.0) to (11100.0.0)
01/19/17 23:05:09 Event: ULOG_SUBMIT for Condor Node clean_up_local_level_7_0 (11100.0.0)
01/19/17 23:05:09 Number of idle job procs: 1
01/19/17 23:05:09 DAG status: 0 (DAG_STATUS_OK)
01/19/17 23:05:09 Of 21 nodes total:
01/19/17 23:05:09  Done     Pre   Queued    Post   Ready   Un-Ready   Failed
01/19/17 23:05:09   ===     ===      ===     ===     ===        ===      ===
01/19/17 23:05:09    19       0        1       0       0          1        0
01/19/17 23:05:09 0 job proc(s) currently held
01/19/17 23:05:14 Currently monitoring 1 Condor log file(s)
01/19/17 23:05:14 Event: ULOG_EXECUTE for Condor Node clean_up_local_level_7_0 (11100.0.0)
01/19/17 23:05:14 Number of idle job procs: 0
01/19/17 23:05:14 Event: ULOG_JOB_TERMINATED for Condor Node clean_up_local_level_7_0 (11100.0.0)
01/19/17 23:05:14 Number of idle job procs: 0
01/19/17 23:05:14 Node clean_up_local_level_7_0 job proc (11100.0.0) completed successfully.
01/19/17 23:05:14 Node clean_up_local_level_7_0 job completed
01/19/17 23:05:14 Running POST script of Node clean_up_local_level_7_0...
01/19/17 23:05:14 Warning: mysin has length 0 (ignore if produced by DAGMan; see gittrac #4987, #5031)
01/19/17 23:05:14 DAG status: 0 (DAG_STATUS_OK)
01/19/17 23:05:14 Of 21 nodes total:
01/19/17 23:05:14  Done     Pre   Queued    Post   Ready   Un-Ready   Failed
01/19/17 23:05:14   ===     ===      ===     ===     ===        ===      ===
01/19/17 23:05:14    19       0        0       1       0          1        0
01/19/17 23:05:14 0 job proc(s) currently held
01/19/17 23:05:14 Initializing user log writer for /home/ubuntu/wikiflow/7_0_wikiflow_1sh_1s_noannot_prim/dags/ubuntu/pegasus/example_workflow/20170119T213224+0000/./example_workflow-0.dag.nodes.log, (11100.0.0)
01/19/17 23:05:19 Currently monitoring 1 Condor log file(s)
01/19/17 23:05:19 Event: ULOG_POST_SCRIPT_TERMINATED for Condor Node clean_up_local_level_7_0 (11100.0.0)
01/19/17 23:05:19 POST Script of Node clean_up_local_level_7_0 completed successfully.
01/19/17 23:05:19 DAG status: 0 (DAG_STATUS_OK)
01/19/17 23:05:19 Of 21 nodes total:
01/19/17 23:05:19  Done     Pre   Queued    Post   Ready   Un-Ready   Failed
01/19/17 23:05:19   ===     ===      ===     ===     ===        ===      ===
01/19/17 23:05:19    20       0        0       0       1          0        0
01/19/17 23:05:19 0 job proc(s) currently held
01/19/17 23:05:24 Submitting Condor Node cleanup_example_workflow_0_local job(s)...
01/19/17 23:05:24 Adding a DAGMan workflow log /home/ubuntu/wikiflow/7_0_wikiflow_1sh_1s_noannot_prim/dags/ubuntu/pegasus/example_workflow/20170119T213224+0000/./example_workflow-0.dag.nodes.log
01/19/17 23:05:24 Masking the events recorded in the DAGMAN workflow log
01/19/17 23:05:24 Mask for workflow log is 0,1,2,4,5,7,9,10,11,12,13,16,17,24,27
01/19/17 23:05:24 submitting: /usr/bin/condor_submit -a dag_node_name' '=' 'cleanup_example_workflow_0_local -a +DAGManJobId' '=' '11080 -a DAGManJobId' '=' '11080 -a submit_event_notes' '=' 'DAG' 'Node:' 'cleanup_example_workflow_0_local -a dagman_log' '=' '/home/ubuntu/wikiflow/7_0_wikiflow_1sh_1s_noannot_prim/dags/ubuntu/pegasus/example_workflow/20170119T213224+0000/./example_workflow-0.dag.nodes.log -a +DAGManNodesMask' '=' '"0,1,2,4,5,7,9,10,11,12,13,16,17,24,27" -a DAG_STATUS' '=' '0 -a FAILED_COUNT' '=' '0 -a +DAGParentNodeNames' '=' '"clean_up_local_level_3_0,clean_up_local_level_4_0,clean_up_local_level_5_0,clean_up_local_level_5_1,clean_up_local_level_6_0,clean_up_local_level_7_0" -a notification' '=' 'never 00/00/cleanup_example_workflow_0_local.sub
01/19/17 23:05:24 From submit: Submitting job(s).
01/19/17 23:05:24 From submit: 1 job(s) submitted to cluster 11101.
01/19/17 23:05:24 	assigned Condor ID (11101.0.0)
01/19/17 23:05:24 Just submitted 1 job this cycle...
01/19/17 23:05:24 Currently monitoring 1 Condor log file(s)
01/19/17 23:05:24 Reassigning the id of job cleanup_example_workflow_0_local from (11101.0.0) to (11101.0.0)
01/19/17 23:05:24 Event: ULOG_SUBMIT for Condor Node cleanup_example_workflow_0_local (11101.0.0)
01/19/17 23:05:24 Number of idle job procs: 1
01/19/17 23:05:24 DAG status: 0 (DAG_STATUS_OK)
01/19/17 23:05:24 Of 21 nodes total:
01/19/17 23:05:24  Done     Pre   Queued    Post   Ready   Un-Ready   Failed
01/19/17 23:05:24   ===     ===      ===     ===     ===        ===      ===
01/19/17 23:05:24    20       0        1       0       0          0        0
01/19/17 23:05:24 0 job proc(s) currently held
01/19/17 23:05:30 Currently monitoring 1 Condor log file(s)
01/19/17 23:05:30 Event: ULOG_EXECUTE for Condor Node cleanup_example_workflow_0_local (11101.0.0)
01/19/17 23:05:30 Number of idle job procs: 0
01/19/17 23:05:30 Event: ULOG_JOB_TERMINATED for Condor Node cleanup_example_workflow_0_local (11101.0.0)
01/19/17 23:05:30 Number of idle job procs: 0
01/19/17 23:05:30 Node cleanup_example_workflow_0_local job proc (11101.0.0) completed successfully.
01/19/17 23:05:30 Node cleanup_example_workflow_0_local job completed
01/19/17 23:05:30 DAG status: 0 (DAG_STATUS_OK)
01/19/17 23:05:30 Of 21 nodes total:
01/19/17 23:05:30  Done     Pre   Queued    Post   Ready   Un-Ready   Failed
01/19/17 23:05:30   ===     ===      ===     ===     ===        ===      ===
01/19/17 23:05:30    21       0        0       0       0          0        0
01/19/17 23:05:30 0 job proc(s) currently held
01/19/17 23:05:30 All jobs Completed!
01/19/17 23:05:30 Note: 0 total job deferrals because of -MaxJobs limit (0)
01/19/17 23:05:30 Note: 0 total job deferrals because of -MaxIdle limit (1000)
01/19/17 23:05:30 Note: 0 total job deferrals because of node category throttles
01/19/17 23:05:30 Note: 0 total PRE script deferrals because of -MaxPre limit (20) or DEFER
01/19/17 23:05:30 Note: 0 total POST script deferrals because of -MaxPost limit (20) or DEFER
01/19/17 23:05:30 DAG status: 0 (DAG_STATUS_OK)
01/19/17 23:05:30 Of 21 nodes total:
01/19/17 23:05:30  Done     Pre   Queued    Post   Ready   Un-Ready   Failed
01/19/17 23:05:30   ===     ===      ===     ===     ===        ===      ===
01/19/17 23:05:30    21       0        0       0       0          0        0
01/19/17 23:05:30 0 job proc(s) currently held
01/19/17 23:05:30 Wrote metrics file example_workflow-0.dag.metrics.
01/19/17 23:05:30 Reporting metrics to Pegasus metrics server(s); output is in example_workflow-0.dag.metrics.out.
01/19/17 23:05:30 Running command </usr/lib/condor/libexec/condor_dagman_metrics_reporter -f example_workflow-0.dag.metrics -t 100>
01/19/17 23:05:30 Warning: mysin has length 0 (ignore if produced by DAGMan; see gittrac #4987, #5031)
01/19/17 23:05:30 **** condor_scheduniv_exec.11080.0 (condor_DAGMAN) pid 84191 EXITING WITH STATUS 0
