000 (11614.000.000) 01/27 15:59:04 Job submitted from host: <52.53.227.117:37519?addrs=52.53.227.117-37519>
    DAG Node: create_dir_example_workflow_0_local
    pool:local
...
001 (11614.000.000) 01/27 15:59:05 Job executing on host: <52.53.227.117:15176?addrs=52.53.227.117-15176>
...
005 (11614.000.000) 01/27 15:59:07 Job terminated.
	(1) Normal termination (return value 0)
		Usr 0 00:00:00, Sys 0 00:00:00  -  Run Remote Usage
		Usr 0 00:00:00, Sys 0 00:00:00  -  Run Local Usage
		Usr 0 00:00:00, Sys 0 00:00:00  -  Total Remote Usage
		Usr 0 00:00:00, Sys 0 00:00:00  -  Total Local Usage
	0  -  Run Bytes Sent By Job
	0  -  Run Bytes Received By Job
	0  -  Total Bytes Sent By Job
	0  -  Total Bytes Received By Job
...
000 (11615.000.000) 01/27 15:59:19 Job submitted from host: <52.53.227.117:37519?addrs=52.53.227.117-37519>
    DAG Node: stage_in_local_local_0_0
    pool:local
...
000 (11616.000.000) 01/27 15:59:20 Job submitted from host: <52.53.227.117:37519?addrs=52.53.227.117-37519>
    DAG Node: stage_in_local_local_4_0
    pool:local
...
001 (11615.000.000) 01/27 15:59:20 Job executing on host: <52.53.227.117:57086?addrs=52.53.227.117-57086>
...
000 (11617.000.000) 01/27 15:59:20 Job submitted from host: <52.53.227.117:37519?addrs=52.53.227.117-37519>
    DAG Node: stage_in_local_local_1_0
    pool:local
...
000 (11618.000.000) 01/27 15:59:20 Job submitted from host: <52.53.227.117:37519?addrs=52.53.227.117-37519>
    DAG Node: stage_in_local_local_2_0
    pool:local
...
000 (11619.000.000) 01/27 15:59:20 Job submitted from host: <52.53.227.117:37519?addrs=52.53.227.117-37519>
    DAG Node: stage_in_remote_local_1_0
    pool:local
...
005 (11615.000.000) 01/27 15:59:22 Job terminated.
	(1) Normal termination (return value 0)
		Usr 0 00:00:00, Sys 0 00:00:00  -  Run Remote Usage
		Usr 0 00:00:00, Sys 0 00:00:00  -  Run Local Usage
		Usr 0 00:00:00, Sys 0 00:00:00  -  Total Remote Usage
		Usr 0 00:00:00, Sys 0 00:00:00  -  Total Local Usage
	0  -  Run Bytes Sent By Job
	0  -  Run Bytes Received By Job
	0  -  Total Bytes Sent By Job
	0  -  Total Bytes Received By Job
...
001 (11618.000.000) 01/27 15:59:22 Job executing on host: <52.53.227.117:20846?addrs=52.53.227.117-20846>
...
001 (11617.000.000) 01/27 15:59:22 Job executing on host: <52.53.227.117:17278?addrs=52.53.227.117-17278>
...
001 (11616.000.000) 01/27 15:59:22 Job executing on host: <52.53.227.117:29376?addrs=52.53.227.117-29376>
...
001 (11619.000.000) 01/27 15:59:22 Job executing on host: <52.53.227.117:25558?addrs=52.53.227.117-25558>
...
005 (11618.000.000) 01/27 15:59:25 Job terminated.
	(1) Normal termination (return value 0)
		Usr 0 00:00:00, Sys 0 00:00:00  -  Run Remote Usage
		Usr 0 00:00:00, Sys 0 00:00:00  -  Run Local Usage
		Usr 0 00:00:00, Sys 0 00:00:00  -  Total Remote Usage
		Usr 0 00:00:00, Sys 0 00:00:00  -  Total Local Usage
	0  -  Run Bytes Sent By Job
	0  -  Run Bytes Received By Job
	0  -  Total Bytes Sent By Job
	0  -  Total Bytes Received By Job
...
005 (11616.000.000) 01/27 15:59:25 Job terminated.
	(1) Normal termination (return value 0)
		Usr 0 00:00:00, Sys 0 00:00:00  -  Run Remote Usage
		Usr 0 00:00:00, Sys 0 00:00:00  -  Run Local Usage
		Usr 0 00:00:00, Sys 0 00:00:00  -  Total Remote Usage
		Usr 0 00:00:00, Sys 0 00:00:00  -  Total Local Usage
	0  -  Run Bytes Sent By Job
	0  -  Run Bytes Received By Job
	0  -  Total Bytes Sent By Job
	0  -  Total Bytes Received By Job
...
005 (11617.000.000) 01/27 15:59:25 Job terminated.
	(1) Normal termination (return value 0)
		Usr 0 00:00:00, Sys 0 00:00:00  -  Run Remote Usage
		Usr 0 00:00:00, Sys 0 00:00:00  -  Run Local Usage
		Usr 0 00:00:00, Sys 0 00:00:00  -  Total Remote Usage
		Usr 0 00:00:00, Sys 0 00:00:00  -  Total Local Usage
	0  -  Run Bytes Sent By Job
	0  -  Run Bytes Received By Job
	0  -  Total Bytes Sent By Job
	0  -  Total Bytes Received By Job
...
005 (11619.000.000) 01/27 15:59:25 Job terminated.
	(1) Normal termination (return value 0)
		Usr 0 00:00:00, Sys 0 00:00:00  -  Run Remote Usage
		Usr 0 00:00:00, Sys 0 00:00:00  -  Run Local Usage
		Usr 0 00:00:00, Sys 0 00:00:00  -  Total Remote Usage
		Usr 0 00:00:00, Sys 0 00:00:00  -  Total Local Usage
	0  -  Run Bytes Sent By Job
	0  -  Run Bytes Received By Job
	0  -  Total Bytes Sent By Job
	0  -  Total Bytes Received By Job
...
000 (11620.000.000) 01/27 15:59:25 Job submitted from host: <52.53.227.117:37519?addrs=52.53.227.117-37519>
    DAG Node: stage_in_local_local_3_0
    pool:local
...
001 (11620.000.000) 01/27 15:59:25 Job executing on host: <52.53.227.117:40270?addrs=52.53.227.117-40270>
...
000 (11621.000.000) 01/27 15:59:25 Job submitted from host: <52.53.227.117:37519?addrs=52.53.227.117-37519>
    DAG Node: stage_in_remote_local_3_0
    pool:local
...
001 (11621.000.000) 01/27 15:59:25 Job executing on host: <52.53.227.117:10813?addrs=52.53.227.117-10813>
...
005 (11620.000.000) 01/27 15:59:27 Job terminated.
	(1) Normal termination (return value 0)
		Usr 0 00:00:00, Sys 0 00:00:00  -  Run Remote Usage
		Usr 0 00:00:00, Sys 0 00:00:00  -  Run Local Usage
		Usr 0 00:00:00, Sys 0 00:00:00  -  Total Remote Usage
		Usr 0 00:00:00, Sys 0 00:00:00  -  Total Local Usage
	0  -  Run Bytes Sent By Job
	0  -  Run Bytes Received By Job
	0  -  Total Bytes Sent By Job
	0  -  Total Bytes Received By Job
...
005 (11621.000.000) 01/27 15:59:28 Job terminated.
	(1) Normal termination (return value 0)
		Usr 0 00:00:00, Sys 0 00:00:00  -  Run Remote Usage
		Usr 0 00:00:00, Sys 0 00:00:00  -  Run Local Usage
		Usr 0 00:00:00, Sys 0 00:00:00  -  Total Remote Usage
		Usr 0 00:00:00, Sys 0 00:00:00  -  Total Local Usage
	0  -  Run Bytes Sent By Job
	0  -  Run Bytes Received By Job
	0  -  Total Bytes Sent By Job
	0  -  Total Bytes Received By Job
...
000 (11622.000.000) 01/27 15:59:35 Job submitted from host: <52.53.227.117:37519?addrs=52.53.227.117-37519>
    DAG Node: init_0_ID0000001
    pool:condorpool
...
001 (11622.000.000) 01/27 15:59:41 Job executing on host: <54.202.85.81:50698?addrs=54.202.85.81-50698&noUDP>
...
006 (11622.000.000) 01/27 15:59:50 Image size of job updated: 2
	2  -  MemoryUsage of job (MB)
	1648  -  ResidentSetSize of job (KB)
...
006 (11622.000.000) 01/27 16:04:50 Image size of job updated: 629252
	15  -  MemoryUsage of job (MB)
	14904  -  ResidentSetSize of job (KB)
...
005 (11622.000.000) 01/27 16:06:41 Job terminated.
	(1) Normal termination (return value 0)
		Usr 0 00:00:00, Sys 0 00:00:00  -  Run Remote Usage
		Usr 0 00:00:00, Sys 0 00:00:00  -  Run Local Usage
		Usr 0 00:00:00, Sys 0 00:00:00  -  Total Remote Usage
		Usr 0 00:00:00, Sys 0 00:00:00  -  Total Local Usage
	4454  -  Run Bytes Sent By Job
	3168592  -  Run Bytes Received By Job
	4454  -  Total Bytes Sent By Job
	3168592  -  Total Bytes Received By Job
	Partitionable Resources :    Usage  Request Allocated
	   Cpus                 :                 1         1
	   Disk (KB)            :     6104     3250  27743864
	   Memory (MB)          :       15        1      3764
...
000 (11623.000.000) 01/27 16:06:56 Job submitted from host: <52.53.227.117:37519?addrs=52.53.227.117-37519>
    DAG Node: clean_up_local_level_3_0
    pool:local
...
001 (11623.000.000) 01/27 16:06:56 Job executing on host: <52.53.227.117:57158?addrs=52.53.227.117-57158>
...
000 (11624.000.000) 01/27 16:06:56 Job submitted from host: <52.53.227.117:37519?addrs=52.53.227.117-37519>
    DAG Node: computeusergroup_0_ID0000002
    pool:condorpool
...
001 (11624.000.000) 01/27 16:06:57 Job executing on host: <54.202.85.81:50698?addrs=54.202.85.81-50698&noUDP>
...
005 (11623.000.000) 01/27 16:06:58 Job terminated.
	(1) Normal termination (return value 0)
		Usr 0 00:00:00, Sys 0 00:00:00  -  Run Remote Usage
		Usr 0 00:00:00, Sys 0 00:00:00  -  Run Local Usage
		Usr 0 00:00:00, Sys 0 00:00:00  -  Total Remote Usage
		Usr 0 00:00:00, Sys 0 00:00:00  -  Total Local Usage
	0  -  Run Bytes Sent By Job
	0  -  Run Bytes Received By Job
	0  -  Total Bytes Sent By Job
	0  -  Total Bytes Received By Job
...
006 (11624.000.000) 01/27 16:07:06 Image size of job updated: 2
	2  -  MemoryUsage of job (MB)
	1660  -  ResidentSetSize of job (KB)
...
006 (11624.000.000) 01/27 16:12:07 Image size of job updated: 631436
	17  -  MemoryUsage of job (MB)
	17212  -  ResidentSetSize of job (KB)
...
006 (11624.000.000) 01/27 16:42:09 Image size of job updated: 893468
	273  -  MemoryUsage of job (MB)
	279236  -  ResidentSetSize of job (KB)
...
006 (11624.000.000) 01/27 16:47:09 Image size of job updated: 1199972
	541  -  MemoryUsage of job (MB)
	553528  -  ResidentSetSize of job (KB)
...
005 (11624.000.000) 01/27 17:47:32 Job terminated.
	(1) Normal termination (return value 0)
		Usr 0 00:05:35, Sys 0 00:00:20  -  Run Remote Usage
		Usr 0 00:00:00, Sys 0 00:00:00  -  Run Local Usage
		Usr 0 00:05:35, Sys 0 00:00:20  -  Total Remote Usage
		Usr 0 00:00:00, Sys 0 00:00:00  -  Total Local Usage
	518205  -  Run Bytes Sent By Job
	3171043  -  Run Bytes Received By Job
	518205  -  Total Bytes Sent By Job
	3171043  -  Total Bytes Received By Job
	Partitionable Resources :    Usage  Request Allocated
	   Cpus                 :                 1         1
	   Disk (KB)            :    81636     3250  27743864
	   Memory (MB)          :      541        1      3764
...
000 (11625.000.000) 01/27 17:47:44 Job submitted from host: <52.53.227.117:37519?addrs=52.53.227.117-37519>
    DAG Node: clean_up_local_level_4_0
    pool:local
...
000 (11626.000.000) 01/27 17:47:44 Job submitted from host: <52.53.227.117:37519?addrs=52.53.227.117-37519>
    DAG Node: stage_out_local_local_1_0
    pool:local
...
001 (11625.000.000) 01/27 17:47:44 Job executing on host: <52.53.227.117:53718?addrs=52.53.227.117-53718>
...
000 (11627.000.000) 01/27 17:47:44 Job submitted from host: <52.53.227.117:37519?addrs=52.53.227.117-37519>
    DAG Node: sessioncompute_0_ID0000003
    pool:condorpool
...
005 (11625.000.000) 01/27 17:47:48 Job terminated.
	(1) Normal termination (return value 0)
		Usr 0 00:00:00, Sys 0 00:00:00  -  Run Remote Usage
		Usr 0 00:00:00, Sys 0 00:00:00  -  Run Local Usage
		Usr 0 00:00:00, Sys 0 00:00:00  -  Total Remote Usage
		Usr 0 00:00:00, Sys 0 00:00:00  -  Total Local Usage
	0  -  Run Bytes Sent By Job
	0  -  Run Bytes Received By Job
	0  -  Total Bytes Sent By Job
	0  -  Total Bytes Received By Job
...
001 (11626.000.000) 01/27 17:47:48 Job executing on host: <52.53.227.117:42848?addrs=52.53.227.117-42848>
...
005 (11626.000.000) 01/27 17:47:51 Job terminated.
	(1) Normal termination (return value 0)
		Usr 0 00:00:00, Sys 0 00:00:00  -  Run Remote Usage
		Usr 0 00:00:00, Sys 0 00:00:00  -  Run Local Usage
		Usr 0 00:00:00, Sys 0 00:00:00  -  Total Remote Usage
		Usr 0 00:00:00, Sys 0 00:00:00  -  Total Local Usage
	0  -  Run Bytes Sent By Job
	0  -  Run Bytes Received By Job
	0  -  Total Bytes Sent By Job
	0  -  Total Bytes Received By Job
...
001 (11627.000.000) 01/27 17:48:05 Job executing on host: <54.202.85.81:50698?addrs=54.202.85.81-50698&noUDP>
...
006 (11627.000.000) 01/27 17:48:14 Image size of job updated: 2
	2  -  MemoryUsage of job (MB)
	1652  -  ResidentSetSize of job (KB)
...
006 (11627.000.000) 01/27 17:53:15 Image size of job updated: 797340
	85  -  MemoryUsage of job (MB)
	86208  -  ResidentSetSize of job (KB)
...
006 (11627.000.000) 01/27 17:58:16 Image size of job updated: 800384
	85  -  MemoryUsage of job (MB)
	86208  -  ResidentSetSize of job (KB)
...
006 (11627.000.000) 01/27 18:03:16 Image size of job updated: 801152
	85  -  MemoryUsage of job (MB)
	86208  -  ResidentSetSize of job (KB)
...
006 (11627.000.000) 01/27 18:08:17 Image size of job updated: 802176
	85  -  MemoryUsage of job (MB)
	86920  -  ResidentSetSize of job (KB)
...
006 (11627.000.000) 01/27 18:13:17 Image size of job updated: 802484
	86  -  MemoryUsage of job (MB)
	87296  -  ResidentSetSize of job (KB)
...
006 (11627.000.000) 01/27 18:18:18 Image size of job updated: 806768
	92  -  MemoryUsage of job (MB)
	93220  -  ResidentSetSize of job (KB)
...
006 (11627.000.000) 01/27 18:28:19 Image size of job updated: 822424
	92  -  MemoryUsage of job (MB)
	93220  -  ResidentSetSize of job (KB)
...
005 (11627.000.000) 01/27 18:31:58 Job terminated.
	(1) Normal termination (return value 0)
		Usr 0 00:31:36, Sys 0 00:00:25  -  Run Remote Usage
		Usr 0 00:00:00, Sys 0 00:00:00  -  Run Local Usage
		Usr 0 00:31:36, Sys 0 00:00:25  -  Total Remote Usage
		Usr 0 00:00:00, Sys 0 00:00:00  -  Total Local Usage
	361980  -  Run Bytes Sent By Job
	3311480  -  Run Bytes Received By Job
	361980  -  Total Bytes Sent By Job
	3311480  -  Total Bytes Received By Job
	Partitionable Resources :    Usage  Request Allocated
	   Cpus                 :                 1         1
	   Disk (KB)            :    34047     3250  27743528
	   Memory (MB)          :       92        1      3764
...
000 (11628.000.000) 01/27 18:32:12 Job submitted from host: <52.53.227.117:37519?addrs=52.53.227.117-37519>
    DAG Node: longestsession_0_ID0000004
    pool:condorpool
...
000 (11629.000.000) 01/27 18:32:12 Job submitted from host: <52.53.227.117:37519?addrs=52.53.227.117-37519>
    DAG Node: clean_up_local_level_5_0
    pool:local
...
000 (11630.000.000) 01/27 18:32:12 Job submitted from host: <52.53.227.117:37519?addrs=52.53.227.117-37519>
    DAG Node: clean_up_local_level_5_1
    pool:local
...
001 (11629.000.000) 01/27 18:32:17 Job executing on host: <52.53.227.117:5133?addrs=52.53.227.117-5133>
...
001 (11630.000.000) 01/27 18:32:17 Job executing on host: <52.53.227.117:30134?addrs=52.53.227.117-30134>
...
005 (11629.000.000) 01/27 18:32:19 Job terminated.
	(1) Normal termination (return value 0)
		Usr 0 00:00:00, Sys 0 00:00:00  -  Run Remote Usage
		Usr 0 00:00:00, Sys 0 00:00:00  -  Run Local Usage
		Usr 0 00:00:00, Sys 0 00:00:00  -  Total Remote Usage
		Usr 0 00:00:00, Sys 0 00:00:00  -  Total Local Usage
	0  -  Run Bytes Sent By Job
	0  -  Run Bytes Received By Job
	0  -  Total Bytes Sent By Job
	0  -  Total Bytes Received By Job
...
005 (11630.000.000) 01/27 18:32:19 Job terminated.
	(1) Normal termination (return value 0)
		Usr 0 00:00:00, Sys 0 00:00:00  -  Run Remote Usage
		Usr 0 00:00:00, Sys 0 00:00:00  -  Run Local Usage
		Usr 0 00:00:00, Sys 0 00:00:00  -  Total Remote Usage
		Usr 0 00:00:00, Sys 0 00:00:00  -  Total Local Usage
	0  -  Run Bytes Sent By Job
	0  -  Run Bytes Received By Job
	0  -  Total Bytes Sent By Job
	0  -  Total Bytes Received By Job
...
001 (11628.000.000) 01/27 18:32:26 Job executing on host: <54.202.85.81:50698?addrs=54.202.85.81-50698&noUDP>
...
006 (11628.000.000) 01/27 18:32:34 Image size of job updated: 2
	2  -  MemoryUsage of job (MB)
	1652  -  ResidentSetSize of job (KB)
...
006 (11628.000.000) 01/27 18:32:50 Image size of job updated: 647764
	2  -  MemoryUsage of job (MB)
	1652  -  ResidentSetSize of job (KB)
...
005 (11628.000.000) 01/27 18:32:50 Job terminated.
	(1) Normal termination (return value 0)
		Usr 0 00:00:03, Sys 0 00:00:00  -  Run Remote Usage
		Usr 0 00:00:00, Sys 0 00:00:00  -  Run Local Usage
		Usr 0 00:00:03, Sys 0 00:00:00  -  Total Remote Usage
		Usr 0 00:00:00, Sys 0 00:00:00  -  Total Local Usage
	109009  -  Run Bytes Sent By Job
	3172607  -  Run Bytes Received By Job
	109009  -  Total Bytes Sent By Job
	3172607  -  Total Bytes Received By Job
	Partitionable Resources :    Usage  Request Allocated
	   Cpus                 :                 1         1
	   Disk (KB)            :     6213     3250  27740004
	   Memory (MB)          :        2        1      3764
...
000 (11631.000.000) 01/27 18:33:02 Job submitted from host: <52.53.227.117:37519?addrs=52.53.227.117-37519>
    DAG Node: terminate_0_ID0000005
    pool:condorpool
...
000 (11632.000.000) 01/27 18:33:03 Job submitted from host: <52.53.227.117:37519?addrs=52.53.227.117-37519>
    DAG Node: clean_up_local_level_6_0
    pool:local
...
001 (11631.000.000) 01/27 18:33:03 Job executing on host: <54.202.85.81:50698?addrs=54.202.85.81-50698&noUDP>
...
006 (11631.000.000) 01/27 18:33:04 Image size of job updated: 2
	0  -  MemoryUsage of job (MB)
	0  -  ResidentSetSize of job (KB)
...
005 (11631.000.000) 01/27 18:33:04 Job terminated.
	(1) Normal termination (return value 0)
		Usr 0 00:00:00, Sys 0 00:00:00  -  Run Remote Usage
		Usr 0 00:00:00, Sys 0 00:00:00  -  Run Local Usage
		Usr 0 00:00:00, Sys 0 00:00:00  -  Total Remote Usage
		Usr 0 00:00:00, Sys 0 00:00:00  -  Total Local Usage
	4464  -  Run Bytes Sent By Job
	3167798  -  Run Bytes Received By Job
	4464  -  Total Bytes Sent By Job
	3167798  -  Total Bytes Received By Job
	Partitionable Resources :    Usage  Request Allocated
	   Cpus                 :                 1         1
	   Disk (KB)            :     6103     3250  27740004
	   Memory (MB)          :        0        1      3764
...
001 (11632.000.000) 01/27 18:33:08 Job executing on host: <52.53.227.117:52656?addrs=52.53.227.117-52656>
...
005 (11632.000.000) 01/27 18:33:12 Job terminated.
	(1) Normal termination (return value 0)
		Usr 0 00:00:00, Sys 0 00:00:00  -  Run Remote Usage
		Usr 0 00:00:00, Sys 0 00:00:00  -  Run Local Usage
		Usr 0 00:00:00, Sys 0 00:00:00  -  Total Remote Usage
		Usr 0 00:00:00, Sys 0 00:00:00  -  Total Local Usage
	0  -  Run Bytes Sent By Job
	0  -  Run Bytes Received By Job
	0  -  Total Bytes Sent By Job
	0  -  Total Bytes Received By Job
...
000 (11633.000.000) 01/27 18:33:18 Job submitted from host: <52.53.227.117:37519?addrs=52.53.227.117-37519>
    DAG Node: clean_up_local_level_7_0
    pool:local
...
001 (11633.000.000) 01/27 18:33:18 Job executing on host: <52.53.227.117:57046?addrs=52.53.227.117-57046>
...
005 (11633.000.000) 01/27 18:33:20 Job terminated.
	(1) Normal termination (return value 0)
		Usr 0 00:00:00, Sys 0 00:00:00  -  Run Remote Usage
		Usr 0 00:00:00, Sys 0 00:00:00  -  Run Local Usage
		Usr 0 00:00:00, Sys 0 00:00:00  -  Total Remote Usage
		Usr 0 00:00:00, Sys 0 00:00:00  -  Total Local Usage
	0  -  Run Bytes Sent By Job
	0  -  Run Bytes Received By Job
	0  -  Total Bytes Sent By Job
	0  -  Total Bytes Received By Job
...
000 (11634.000.000) 01/27 18:33:33 Job submitted from host: <52.53.227.117:37519?addrs=52.53.227.117-37519>
    DAG Node: cleanup_example_workflow_0_local
    pool:local
...
001 (11634.000.000) 01/27 18:33:33 Job executing on host: <52.53.227.117:17906?addrs=52.53.227.117-17906>
...
005 (11634.000.000) 01/27 18:33:35 Job terminated.
	(1) Normal termination (return value 0)
		Usr 0 00:00:00, Sys 0 00:00:00  -  Run Remote Usage
		Usr 0 00:00:00, Sys 0 00:00:00  -  Run Local Usage
		Usr 0 00:00:00, Sys 0 00:00:00  -  Total Remote Usage
		Usr 0 00:00:00, Sys 0 00:00:00  -  Total Local Usage
	0  -  Run Bytes Sent By Job
	0  -  Run Bytes Received By Job
	0  -  Total Bytes Sent By Job
	0  -  Total Bytes Received By Job
...
