000 (3936.000.000) 05/21 03:16:29 Job submitted from host: <10.240.0.3:18881?addrs=10.240.0.3-18881>
    DAG Node: create_dir_example_workflow_0_local
    pool:local
...
000 (3937.000.000) 05/21 03:16:29 Job submitted from host: <10.240.0.3:18881?addrs=10.240.0.3-18881>
    DAG Node: stage_worker_local_example_workflow_0_local
    pool:local
...
001 (3937.000.000) 05/21 03:16:32 Job executing on host: <10.240.0.3:33696?addrs=10.240.0.3-33696>
...
001 (3936.000.000) 05/21 03:16:32 Job executing on host: <10.240.0.3:37112?addrs=10.240.0.3-37112>
...
005 (3937.000.000) 05/21 03:16:34 Job terminated.
	(1) Normal termination (return value 0)
		Usr 0 00:00:00, Sys 0 00:00:00  -  Run Remote Usage
		Usr 0 00:00:00, Sys 0 00:00:00  -  Run Local Usage
		Usr 0 00:00:00, Sys 0 00:00:00  -  Total Remote Usage
		Usr 0 00:00:00, Sys 0 00:00:00  -  Total Local Usage
	0  -  Run Bytes Sent By Job
	0  -  Run Bytes Received By Job
	0  -  Total Bytes Sent By Job
	0  -  Total Bytes Received By Job
...
005 (3936.000.000) 05/21 03:16:34 Job terminated.
	(1) Normal termination (return value 0)
		Usr 0 00:00:00, Sys 0 00:00:00  -  Run Remote Usage
		Usr 0 00:00:00, Sys 0 00:00:00  -  Run Local Usage
		Usr 0 00:00:00, Sys 0 00:00:00  -  Total Remote Usage
		Usr 0 00:00:00, Sys 0 00:00:00  -  Total Local Usage
	0  -  Run Bytes Sent By Job
	0  -  Run Bytes Received By Job
	0  -  Total Bytes Sent By Job
	0  -  Total Bytes Received By Job
...
000 (3938.000.000) 05/21 03:16:45 Job submitted from host: <10.240.0.3:18881?addrs=10.240.0.3-18881>
    DAG Node: stage_in_local_local_0_0
    pool:local
...
001 (3938.000.000) 05/21 03:16:45 Job executing on host: <10.240.0.3:45078?addrs=10.240.0.3-45078>
...
000 (3939.000.000) 05/21 03:16:45 Job submitted from host: <10.240.0.3:18881?addrs=10.240.0.3-18881>
    DAG Node: stage_in_remote_local_2_1
    pool:local
...
000 (3940.000.000) 05/21 03:16:45 Job submitted from host: <10.240.0.3:18881?addrs=10.240.0.3-18881>
    DAG Node: stage_in_local_local_1_1
    pool:local
...
000 (3941.000.000) 05/21 03:16:45 Job submitted from host: <10.240.0.3:18881?addrs=10.240.0.3-18881>
    DAG Node: stage_in_local_local_4_0
    pool:local
...
000 (3942.000.000) 05/21 03:16:45 Job submitted from host: <10.240.0.3:18881?addrs=10.240.0.3-18881>
    DAG Node: stage_in_local_local_1_0
    pool:local
...
005 (3938.000.000) 05/21 03:16:47 Job terminated.
	(1) Normal termination (return value 0)
		Usr 0 00:00:00, Sys 0 00:00:00  -  Run Remote Usage
		Usr 0 00:00:00, Sys 0 00:00:00  -  Run Local Usage
		Usr 0 00:00:00, Sys 0 00:00:00  -  Total Remote Usage
		Usr 0 00:00:00, Sys 0 00:00:00  -  Total Local Usage
	0  -  Run Bytes Sent By Job
	0  -  Run Bytes Received By Job
	0  -  Total Bytes Sent By Job
	0  -  Total Bytes Received By Job
...
001 (3940.000.000) 05/21 03:16:47 Job executing on host: <10.240.0.3:9628?addrs=10.240.0.3-9628>
...
001 (3939.000.000) 05/21 03:16:47 Job executing on host: <10.240.0.3:31055?addrs=10.240.0.3-31055>
...
001 (3942.000.000) 05/21 03:16:47 Job executing on host: <10.240.0.3:7009?addrs=10.240.0.3-7009>
...
001 (3941.000.000) 05/21 03:16:47 Job executing on host: <10.240.0.3:10416?addrs=10.240.0.3-10416>
...
005 (3940.000.000) 05/21 03:16:49 Job terminated.
	(1) Normal termination (return value 0)
		Usr 0 00:00:00, Sys 0 00:00:00  -  Run Remote Usage
		Usr 0 00:00:00, Sys 0 00:00:00  -  Run Local Usage
		Usr 0 00:00:00, Sys 0 00:00:00  -  Total Remote Usage
		Usr 0 00:00:00, Sys 0 00:00:00  -  Total Local Usage
	0  -  Run Bytes Sent By Job
	0  -  Run Bytes Received By Job
	0  -  Total Bytes Sent By Job
	0  -  Total Bytes Received By Job
...
005 (3941.000.000) 05/21 03:16:49 Job terminated.
	(1) Normal termination (return value 0)
		Usr 0 00:00:00, Sys 0 00:00:00  -  Run Remote Usage
		Usr 0 00:00:00, Sys 0 00:00:00  -  Run Local Usage
		Usr 0 00:00:00, Sys 0 00:00:00  -  Total Remote Usage
		Usr 0 00:00:00, Sys 0 00:00:00  -  Total Local Usage
	0  -  Run Bytes Sent By Job
	0  -  Run Bytes Received By Job
	0  -  Total Bytes Sent By Job
	0  -  Total Bytes Received By Job
...
000 (3943.000.000) 05/21 03:16:50 Job submitted from host: <10.240.0.3:18881?addrs=10.240.0.3-18881>
    DAG Node: stage_in_local_local_2_0
    pool:local
...
000 (3944.000.000) 05/21 03:16:50 Job submitted from host: <10.240.0.3:18881?addrs=10.240.0.3-18881>
    DAG Node: stage_in_local_local_2_1
    pool:local
...
000 (3945.000.000) 05/21 03:16:50 Job submitted from host: <10.240.0.3:18881?addrs=10.240.0.3-18881>
    DAG Node: stage_in_remote_local_1_1
    pool:local
...
000 (3946.000.000) 05/21 03:16:50 Job submitted from host: <10.240.0.3:18881?addrs=10.240.0.3-18881>
    DAG Node: stage_in_remote_local_4_0
    pool:local
...
000 (3947.000.000) 05/21 03:16:50 Job submitted from host: <10.240.0.3:18881?addrs=10.240.0.3-18881>
    DAG Node: stage_in_remote_local_1_0
    pool:local
...
005 (3939.000.000) 05/21 03:16:51 Job terminated.
	(1) Normal termination (return value 0)
		Usr 0 00:00:00, Sys 0 00:00:00  -  Run Remote Usage
		Usr 0 00:00:00, Sys 0 00:00:00  -  Run Local Usage
		Usr 0 00:00:00, Sys 0 00:00:00  -  Total Remote Usage
		Usr 0 00:00:00, Sys 0 00:00:00  -  Total Local Usage
	0  -  Run Bytes Sent By Job
	0  -  Run Bytes Received By Job
	0  -  Total Bytes Sent By Job
	0  -  Total Bytes Received By Job
...
005 (3942.000.000) 05/21 03:16:51 Job terminated.
	(1) Normal termination (return value 0)
		Usr 0 00:00:00, Sys 0 00:00:00  -  Run Remote Usage
		Usr 0 00:00:00, Sys 0 00:00:00  -  Run Local Usage
		Usr 0 00:00:00, Sys 0 00:00:00  -  Total Remote Usage
		Usr 0 00:00:00, Sys 0 00:00:00  -  Total Local Usage
	0  -  Run Bytes Sent By Job
	0  -  Run Bytes Received By Job
	0  -  Total Bytes Sent By Job
	0  -  Total Bytes Received By Job
...
001 (3943.000.000) 05/21 03:16:51 Job executing on host: <10.240.0.3:22320?addrs=10.240.0.3-22320>
...
001 (3946.000.000) 05/21 03:16:51 Job executing on host: <10.240.0.3:38932?addrs=10.240.0.3-38932>
...
001 (3945.000.000) 05/21 03:16:51 Job executing on host: <10.240.0.3:8723?addrs=10.240.0.3-8723>
...
001 (3944.000.000) 05/21 03:16:51 Job executing on host: <10.240.0.3:21642?addrs=10.240.0.3-21642>
...
001 (3947.000.000) 05/21 03:16:51 Job executing on host: <10.240.0.3:7402?addrs=10.240.0.3-7402>
...
005 (3946.000.000) 05/21 03:16:54 Job terminated.
	(1) Normal termination (return value 0)
		Usr 0 00:00:00, Sys 0 00:00:00  -  Run Remote Usage
		Usr 0 00:00:00, Sys 0 00:00:00  -  Run Local Usage
		Usr 0 00:00:00, Sys 0 00:00:00  -  Total Remote Usage
		Usr 0 00:00:00, Sys 0 00:00:00  -  Total Local Usage
	0  -  Run Bytes Sent By Job
	0  -  Run Bytes Received By Job
	0  -  Total Bytes Sent By Job
	0  -  Total Bytes Received By Job
...
005 (3945.000.000) 05/21 03:16:54 Job terminated.
	(1) Normal termination (return value 0)
		Usr 0 00:00:00, Sys 0 00:00:00  -  Run Remote Usage
		Usr 0 00:00:00, Sys 0 00:00:00  -  Run Local Usage
		Usr 0 00:00:00, Sys 0 00:00:00  -  Total Remote Usage
		Usr 0 00:00:00, Sys 0 00:00:00  -  Total Local Usage
	0  -  Run Bytes Sent By Job
	0  -  Run Bytes Received By Job
	0  -  Total Bytes Sent By Job
	0  -  Total Bytes Received By Job
...
000 (3948.000.000) 05/21 03:16:55 Job submitted from host: <10.240.0.3:18881?addrs=10.240.0.3-18881>
    DAG Node: stage_in_local_local_3_1
    pool:local
...
000 (3949.000.000) 05/21 03:16:55 Job submitted from host: <10.240.0.3:18881?addrs=10.240.0.3-18881>
    DAG Node: stage_in_local_local_3_0
    pool:local
...
000 (3950.000.000) 05/21 03:16:55 Job submitted from host: <10.240.0.3:18881?addrs=10.240.0.3-18881>
    DAG Node: stage_in_remote_local_2_0
    pool:local
...
000 (3951.000.000) 05/21 03:16:55 Job submitted from host: <10.240.0.3:18881?addrs=10.240.0.3-18881>
    DAG Node: stage_in_remote_local_3_1
    pool:local
...
000 (3952.000.000) 05/21 03:16:55 Job submitted from host: <10.240.0.3:18881?addrs=10.240.0.3-18881>
    DAG Node: stage_in_remote_local_3_0
    pool:local
...
005 (3943.000.000) 05/21 03:16:56 Job terminated.
	(1) Normal termination (return value 0)
		Usr 0 00:00:00, Sys 0 00:00:00  -  Run Remote Usage
		Usr 0 00:00:00, Sys 0 00:00:00  -  Run Local Usage
		Usr 0 00:00:00, Sys 0 00:00:00  -  Total Remote Usage
		Usr 0 00:00:00, Sys 0 00:00:00  -  Total Local Usage
	0  -  Run Bytes Sent By Job
	0  -  Run Bytes Received By Job
	0  -  Total Bytes Sent By Job
	0  -  Total Bytes Received By Job
...
001 (3949.000.000) 05/21 03:16:56 Job executing on host: <10.240.0.3:53896?addrs=10.240.0.3-53896>
...
001 (3952.000.000) 05/21 03:16:56 Job executing on host: <10.240.0.3:8737?addrs=10.240.0.3-8737>
...
005 (3944.000.000) 05/21 03:16:56 Job terminated.
	(1) Normal termination (return value 0)
		Usr 0 00:00:00, Sys 0 00:00:00  -  Run Remote Usage
		Usr 0 00:00:00, Sys 0 00:00:00  -  Run Local Usage
		Usr 0 00:00:00, Sys 0 00:00:00  -  Total Remote Usage
		Usr 0 00:00:00, Sys 0 00:00:00  -  Total Local Usage
	0  -  Run Bytes Sent By Job
	0  -  Run Bytes Received By Job
	0  -  Total Bytes Sent By Job
	0  -  Total Bytes Received By Job
...
005 (3947.000.000) 05/21 03:16:56 Job terminated.
	(1) Normal termination (return value 0)
		Usr 0 00:00:00, Sys 0 00:00:00  -  Run Remote Usage
		Usr 0 00:00:00, Sys 0 00:00:00  -  Run Local Usage
		Usr 0 00:00:00, Sys 0 00:00:00  -  Total Remote Usage
		Usr 0 00:00:00, Sys 0 00:00:00  -  Total Local Usage
	0  -  Run Bytes Sent By Job
	0  -  Run Bytes Received By Job
	0  -  Total Bytes Sent By Job
	0  -  Total Bytes Received By Job
...
001 (3948.000.000) 05/21 03:16:56 Job executing on host: <10.240.0.3:60461?addrs=10.240.0.3-60461>
...
001 (3951.000.000) 05/21 03:16:56 Job executing on host: <10.240.0.3:52285?addrs=10.240.0.3-52285>
...
001 (3950.000.000) 05/21 03:16:56 Job executing on host: <10.240.0.3:25677?addrs=10.240.0.3-25677>
...
005 (3949.000.000) 05/21 03:17:00 Job terminated.
	(1) Normal termination (return value 0)
		Usr 0 00:00:00, Sys 0 00:00:00  -  Run Remote Usage
		Usr 0 00:00:00, Sys 0 00:00:00  -  Run Local Usage
		Usr 0 00:00:00, Sys 0 00:00:00  -  Total Remote Usage
		Usr 0 00:00:00, Sys 0 00:00:00  -  Total Local Usage
	0  -  Run Bytes Sent By Job
	0  -  Run Bytes Received By Job
	0  -  Total Bytes Sent By Job
	0  -  Total Bytes Received By Job
...
005 (3952.000.000) 05/21 03:17:00 Job terminated.
	(1) Normal termination (return value 0)
		Usr 0 00:00:00, Sys 0 00:00:00  -  Run Remote Usage
		Usr 0 00:00:00, Sys 0 00:00:00  -  Run Local Usage
		Usr 0 00:00:00, Sys 0 00:00:00  -  Total Remote Usage
		Usr 0 00:00:00, Sys 0 00:00:00  -  Total Local Usage
	0  -  Run Bytes Sent By Job
	0  -  Run Bytes Received By Job
	0  -  Total Bytes Sent By Job
	0  -  Total Bytes Received By Job
...
005 (3951.000.000) 05/21 03:17:00 Job terminated.
	(1) Normal termination (return value 0)
		Usr 0 00:00:00, Sys 0 00:00:00  -  Run Remote Usage
		Usr 0 00:00:00, Sys 0 00:00:00  -  Run Local Usage
		Usr 0 00:00:00, Sys 0 00:00:00  -  Total Remote Usage
		Usr 0 00:00:00, Sys 0 00:00:00  -  Total Local Usage
	0  -  Run Bytes Sent By Job
	0  -  Run Bytes Received By Job
	0  -  Total Bytes Sent By Job
	0  -  Total Bytes Received By Job
...
005 (3950.000.000) 05/21 03:17:00 Job terminated.
	(1) Normal termination (return value 0)
		Usr 0 00:00:00, Sys 0 00:00:00  -  Run Remote Usage
		Usr 0 00:00:00, Sys 0 00:00:00  -  Run Local Usage
		Usr 0 00:00:00, Sys 0 00:00:00  -  Total Remote Usage
		Usr 0 00:00:00, Sys 0 00:00:00  -  Total Local Usage
	0  -  Run Bytes Sent By Job
	0  -  Run Bytes Received By Job
	0  -  Total Bytes Sent By Job
	0  -  Total Bytes Received By Job
...
005 (3948.000.000) 05/21 03:17:00 Job terminated.
	(1) Normal termination (return value 0)
		Usr 0 00:00:00, Sys 0 00:00:00  -  Run Remote Usage
		Usr 0 00:00:00, Sys 0 00:00:00  -  Run Local Usage
		Usr 0 00:00:00, Sys 0 00:00:00  -  Total Remote Usage
		Usr 0 00:00:00, Sys 0 00:00:00  -  Total Local Usage
	0  -  Run Bytes Sent By Job
	0  -  Run Bytes Received By Job
	0  -  Total Bytes Sent By Job
	0  -  Total Bytes Received By Job
...
000 (3953.000.000) 05/21 03:17:00 Job submitted from host: <10.240.0.3:18881?addrs=10.240.0.3-18881>
    DAG Node: init_0_ID0000001
    pool:condorpool
...
001 (3953.000.000) 05/21 03:17:07 Job executing on host: <10.240.0.76:7525?addrs=10.240.0.76-7525>
...
006 (3953.000.000) 05/21 03:17:08 Image size of job updated: 2
	0  -  MemoryUsage of job (MB)
	0  -  ResidentSetSize of job (KB)
...
005 (3953.000.000) 05/21 03:17:09 Job terminated.
	(1) Normal termination (return value 0)
		Usr 0 00:00:00, Sys 0 00:00:00  -  Run Remote Usage
		Usr 0 00:00:00, Sys 0 00:00:00  -  Run Local Usage
		Usr 0 00:00:00, Sys 0 00:00:00  -  Total Remote Usage
		Usr 0 00:00:00, Sys 0 00:00:00  -  Total Local Usage
	4064  -  Run Bytes Sent By Job
	1662622  -  Run Bytes Received By Job
	4064  -  Total Bytes Sent By Job
	1662622  -  Total Bytes Received By Job
	Partitionable Resources :    Usage  Request Allocated
	   Cpus                 :                 1         1
	   Disk (KB)            :     7003     1750   7218864
	   Memory (MB)          :        0        1      3700
...
000 (3954.000.000) 05/21 03:17:21 Job submitted from host: <10.240.0.3:18881?addrs=10.240.0.3-18881>
    DAG Node: mediancpu_0_ID0000002
    pool:condorpool
...
000 (3955.000.000) 05/21 03:17:21 Job submitted from host: <10.240.0.3:18881?addrs=10.240.0.3-18881>
    DAG Node: clean_up_local_level_3_0
    pool:local
...
000 (3956.000.000) 05/21 03:17:21 Job submitted from host: <10.240.0.3:18881?addrs=10.240.0.3-18881>
    DAG Node: averagecpu_0_ID0000004
    pool:condorpool
...
000 (3957.000.000) 05/21 03:17:21 Job submitted from host: <10.240.0.3:18881?addrs=10.240.0.3-18881>
    DAG Node: maxmincpu_0_ID0000003
    pool:condorpool
...
001 (3954.000.000) 05/21 03:17:24 Job executing on host: <10.240.0.76:7525?addrs=10.240.0.76-7525>
...
001 (3955.000.000) 05/21 03:17:27 Job executing on host: <10.240.0.3:22583?addrs=10.240.0.3-22583>
...
005 (3955.000.000) 05/21 03:17:29 Job terminated.
	(1) Normal termination (return value 0)
		Usr 0 00:00:00, Sys 0 00:00:00  -  Run Remote Usage
		Usr 0 00:00:00, Sys 0 00:00:00  -  Run Local Usage
		Usr 0 00:00:00, Sys 0 00:00:00  -  Total Remote Usage
		Usr 0 00:00:00, Sys 0 00:00:00  -  Total Local Usage
	0  -  Run Bytes Sent By Job
	0  -  Run Bytes Received By Job
	0  -  Total Bytes Sent By Job
	0  -  Total Bytes Received By Job
...
006 (3954.000.000) 05/21 03:17:32 Image size of job updated: 2
	3  -  MemoryUsage of job (MB)
	2752  -  ResidentSetSize of job (KB)
...
001 (3957.000.000) 05/21 03:17:48 Job executing on host: <10.240.0.81:48685?addrs=10.240.0.81-48685>
...
001 (3956.000.000) 05/21 03:17:48 Job executing on host: <10.240.0.80:3455?addrs=10.240.0.80-3455>
...
006 (3957.000.000) 05/21 03:17:57 Image size of job updated: 2
	3  -  MemoryUsage of job (MB)
	2772  -  ResidentSetSize of job (KB)
...
006 (3956.000.000) 05/21 03:17:57 Image size of job updated: 2
	3  -  MemoryUsage of job (MB)
	2776  -  ResidentSetSize of job (KB)
...
006 (3957.000.000) 05/21 03:19:56 Image size of job updated: 507316
	3  -  MemoryUsage of job (MB)
	2772  -  ResidentSetSize of job (KB)
...
005 (3957.000.000) 05/21 03:19:57 Job terminated.
	(1) Normal termination (return value 0)
		Usr 0 00:01:49, Sys 0 00:00:01  -  Run Remote Usage
		Usr 0 00:00:00, Sys 0 00:00:00  -  Run Local Usage
		Usr 0 00:01:49, Sys 0 00:00:01  -  Total Remote Usage
		Usr 0 00:00:00, Sys 0 00:00:00  -  Total Local Usage
	4639  -  Run Bytes Sent By Job
	1662091  -  Run Bytes Received By Job
	4639  -  Total Bytes Sent By Job
	1662091  -  Total Bytes Received By Job
	Partitionable Resources :    Usage  Request Allocated
	   Cpus                 :                 1         1
	   Disk (KB)            :     7004     1750   7219080
	   Memory (MB)          :        3        1      3700
...
000 (3958.000.000) 05/21 03:20:11 Job submitted from host: <10.240.0.3:18881?addrs=10.240.0.3-18881>
    DAG Node: clean_up_local_level_4_1
    pool:local
...
001 (3958.000.000) 05/21 03:20:12 Job executing on host: <10.240.0.3:27633?addrs=10.240.0.3-27633>
...
005 (3958.000.000) 05/21 03:20:16 Job terminated.
	(1) Normal termination (return value 0)
		Usr 0 00:00:00, Sys 0 00:00:00  -  Run Remote Usage
		Usr 0 00:00:00, Sys 0 00:00:00  -  Run Local Usage
		Usr 0 00:00:00, Sys 0 00:00:00  -  Total Remote Usage
		Usr 0 00:00:00, Sys 0 00:00:00  -  Total Local Usage
	0  -  Run Bytes Sent By Job
	0  -  Run Bytes Received By Job
	0  -  Total Bytes Sent By Job
	0  -  Total Bytes Received By Job
...
006 (3954.000.000) 05/21 03:22:24 Image size of job updated: 778564
	3  -  MemoryUsage of job (MB)
	2752  -  ResidentSetSize of job (KB)
...
005 (3954.000.000) 05/21 03:22:26 Job terminated.
	(1) Normal termination (return value 0)
		Usr 0 00:04:39, Sys 0 00:00:03  -  Run Remote Usage
		Usr 0 00:00:00, Sys 0 00:00:00  -  Run Local Usage
		Usr 0 00:04:39, Sys 0 00:00:03  -  Total Remote Usage
		Usr 0 00:00:00, Sys 0 00:00:00  -  Total Local Usage
	381157  -  Run Bytes Sent By Job
	1661953  -  Run Bytes Received By Job
	381157  -  Total Bytes Sent By Job
	1661953  -  Total Bytes Received By Job
	Partitionable Resources :    Usage  Request Allocated
	   Cpus                 :                 1         1
	   Disk (KB)            :    24608     1750   7218864
	   Memory (MB)          :        3        1      3700
...
006 (3956.000.000) 05/21 03:22:58 Image size of job updated: 775112
	159  -  MemoryUsage of job (MB)
	162420  -  ResidentSetSize of job (KB)
...
006 (3956.000.000) 05/21 03:23:36 Image size of job updated: 778680
	159  -  MemoryUsage of job (MB)
	162420  -  ResidentSetSize of job (KB)
...
005 (3956.000.000) 05/21 03:23:38 Job terminated.
	(1) Normal termination (return value 0)
		Usr 0 00:05:24, Sys 0 00:00:04  -  Run Remote Usage
		Usr 0 00:00:00, Sys 0 00:00:00  -  Run Local Usage
		Usr 0 00:05:24, Sys 0 00:00:04  -  Total Remote Usage
		Usr 0 00:00:00, Sys 0 00:00:00  -  Total Local Usage
	381257  -  Run Bytes Sent By Job
	1662579  -  Run Bytes Received By Job
	381257  -  Total Bytes Sent By Job
	1662579  -  Total Bytes Received By Job
	Partitionable Resources :    Usage  Request Allocated
	   Cpus                 :                 1         1
	   Disk (KB)            :   690140     1750   7341412
	   Memory (MB)          :      159        1      3700
...
000 (3959.000.000) 05/21 03:23:52 Job submitted from host: <10.240.0.3:18881?addrs=10.240.0.3-18881>
    DAG Node: clean_up_local_level_4_0
    pool:local
...
001 (3959.000.000) 05/21 03:23:52 Job executing on host: <10.240.0.3:38575?addrs=10.240.0.3-38575>
...
000 (3960.000.000) 05/21 03:23:52 Job submitted from host: <10.240.0.3:18881?addrs=10.240.0.3-18881>
    DAG Node: calculateratio_6_ID0000011
    pool:condorpool
...
000 (3961.000.000) 05/21 03:23:52 Job submitted from host: <10.240.0.3:18881?addrs=10.240.0.3-18881>
    DAG Node: calculateratio_5_ID0000010
    pool:condorpool
...
000 (3962.000.000) 05/21 03:23:52 Job submitted from host: <10.240.0.3:18881?addrs=10.240.0.3-18881>
    DAG Node: calculateratio_8_ID0000013
    pool:condorpool
...
000 (3963.000.000) 05/21 03:23:52 Job submitted from host: <10.240.0.3:18881?addrs=10.240.0.3-18881>
    DAG Node: calculateratio_4_ID0000009
    pool:condorpool
...
001 (3960.000.000) 05/21 03:23:55 Job executing on host: <10.240.0.80:3455?addrs=10.240.0.80-3455>
...
000 (3964.000.000) 05/21 03:23:57 Job submitted from host: <10.240.0.3:18881?addrs=10.240.0.3-18881>
    DAG Node: calculateratio_7_ID0000012
    pool:condorpool
...
000 (3965.000.000) 05/21 03:23:57 Job submitted from host: <10.240.0.3:18881?addrs=10.240.0.3-18881>
    DAG Node: calculateratio_1_ID0000006
    pool:condorpool
...
000 (3966.000.000) 05/21 03:23:57 Job submitted from host: <10.240.0.3:18881?addrs=10.240.0.3-18881>
    DAG Node: calculateratio_2_ID0000007
    pool:condorpool
...
000 (3967.000.000) 05/21 03:23:57 Job submitted from host: <10.240.0.3:18881?addrs=10.240.0.3-18881>
    DAG Node: calculateratio_0_ID0000005
    pool:condorpool
...
000 (3968.000.000) 05/21 03:23:57 Job submitted from host: <10.240.0.3:18881?addrs=10.240.0.3-18881>
    DAG Node: calculateratio_3_ID0000008
    pool:condorpool
...
005 (3959.000.000) 05/21 03:24:00 Job terminated.
	(1) Normal termination (return value 0)
		Usr 0 00:00:00, Sys 0 00:00:00  -  Run Remote Usage
		Usr 0 00:00:00, Sys 0 00:00:00  -  Run Local Usage
		Usr 0 00:00:00, Sys 0 00:00:00  -  Total Remote Usage
		Usr 0 00:00:00, Sys 0 00:00:00  -  Total Local Usage
	0  -  Run Bytes Sent By Job
	0  -  Run Bytes Received By Job
	0  -  Total Bytes Sent By Job
	0  -  Total Bytes Received By Job
...
006 (3960.000.000) 05/21 03:24:05 Image size of job updated: 2
	3  -  MemoryUsage of job (MB)
	2844  -  ResidentSetSize of job (KB)
...
001 (3966.000.000) 05/21 03:24:16 Job executing on host: <10.240.0.82:57109?addrs=10.240.0.82-57109>
...
001 (3965.000.000) 05/21 03:24:16 Job executing on host: <10.240.0.77:62562?addrs=10.240.0.77-62562>
...
001 (3962.000.000) 05/21 03:24:16 Job executing on host: <10.240.0.81:48685?addrs=10.240.0.81-48685>
...
001 (3961.000.000) 05/21 03:24:16 Job executing on host: <10.240.0.76:7525?addrs=10.240.0.76-7525>
...
001 (3964.000.000) 05/21 03:24:16 Job executing on host: <10.240.0.78:26447?addrs=10.240.0.78-26447>
...
001 (3963.000.000) 05/21 03:24:16 Job executing on host: <10.240.0.75:44923?addrs=10.240.0.75-44923>
...
001 (3967.000.000) 05/21 03:24:16 Job executing on host: <10.240.0.74:31809?addrs=10.240.0.74-31809>
...
001 (3968.000.000) 05/21 03:24:16 Job executing on host: <10.240.0.79:55619?addrs=10.240.0.79-55619>
...
006 (3966.000.000) 05/21 03:24:24 Image size of job updated: 2
	3  -  MemoryUsage of job (MB)
	2784  -  ResidentSetSize of job (KB)
...
006 (3965.000.000) 05/21 03:24:24 Image size of job updated: 2
	3  -  MemoryUsage of job (MB)
	2788  -  ResidentSetSize of job (KB)
...
006 (3962.000.000) 05/21 03:24:24 Image size of job updated: 2
	3  -  MemoryUsage of job (MB)
	2832  -  ResidentSetSize of job (KB)
...
006 (3961.000.000) 05/21 03:24:25 Image size of job updated: 2
	3  -  MemoryUsage of job (MB)
	2952  -  ResidentSetSize of job (KB)
...
006 (3964.000.000) 05/21 03:24:25 Image size of job updated: 2
	3  -  MemoryUsage of job (MB)
	2752  -  ResidentSetSize of job (KB)
...
006 (3963.000.000) 05/21 03:24:25 Image size of job updated: 2
	3  -  MemoryUsage of job (MB)
	2788  -  ResidentSetSize of job (KB)
...
006 (3967.000.000) 05/21 03:24:25 Image size of job updated: 2
	3  -  MemoryUsage of job (MB)
	2824  -  ResidentSetSize of job (KB)
...
006 (3968.000.000) 05/21 03:24:25 Image size of job updated: 645824
	21  -  MemoryUsage of job (MB)
	20544  -  ResidentSetSize of job (KB)
...
006 (3960.000.000) 05/21 03:29:05 Image size of job updated: 1607728
	129  -  MemoryUsage of job (MB)
	131336  -  ResidentSetSize of job (KB)
...
006 (3966.000.000) 05/21 03:29:24 Image size of job updated: 1270428
	150  -  MemoryUsage of job (MB)
	152664  -  ResidentSetSize of job (KB)
...
006 (3965.000.000) 05/21 03:29:24 Image size of job updated: 1197828
	152  -  MemoryUsage of job (MB)
	155044  -  ResidentSetSize of job (KB)
...
006 (3962.000.000) 05/21 03:29:24 Image size of job updated: 1288628
	149  -  MemoryUsage of job (MB)
	151828  -  ResidentSetSize of job (KB)
...
006 (3964.000.000) 05/21 03:29:26 Image size of job updated: 1240768
	144  -  MemoryUsage of job (MB)
	147032  -  ResidentSetSize of job (KB)
...
006 (3967.000.000) 05/21 03:29:26 Image size of job updated: 1537192
	155  -  MemoryUsage of job (MB)
	158500  -  ResidentSetSize of job (KB)
...
006 (3963.000.000) 05/21 03:29:26 Image size of job updated: 1278636
	150  -  MemoryUsage of job (MB)
	153592  -  ResidentSetSize of job (KB)
...
006 (3968.000.000) 05/21 03:29:26 Image size of job updated: 1234080
	153  -  MemoryUsage of job (MB)
	156296  -  ResidentSetSize of job (KB)
...
006 (3961.000.000) 05/21 03:29:27 Image size of job updated: 1248464
	149  -  MemoryUsage of job (MB)
	152468  -  ResidentSetSize of job (KB)
...
006 (3960.000.000) 05/21 03:34:05 Image size of job updated: 1607728
	158  -  MemoryUsage of job (MB)
	161724  -  ResidentSetSize of job (KB)
...
006 (3968.000.000) 05/21 03:34:26 Image size of job updated: 1236612
	153  -  MemoryUsage of job (MB)
	156296  -  ResidentSetSize of job (KB)
...
006 (3966.000.000) 05/21 03:39:25 Image size of job updated: 1313292
	150  -  MemoryUsage of job (MB)
	152664  -  ResidentSetSize of job (KB)
...
006 (3965.000.000) 05/21 03:39:25 Image size of job updated: 1232680
	152  -  MemoryUsage of job (MB)
	155044  -  ResidentSetSize of job (KB)
...
006 (3962.000.000) 05/21 03:39:25 Image size of job updated: 1331336
	149  -  MemoryUsage of job (MB)
	151828  -  ResidentSetSize of job (KB)
...
006 (3964.000.000) 05/21 03:39:27 Image size of job updated: 1342232
	144  -  MemoryUsage of job (MB)
	147032  -  ResidentSetSize of job (KB)
...
006 (3963.000.000) 05/21 03:39:27 Image size of job updated: 1365996
	150  -  MemoryUsage of job (MB)
	153592  -  ResidentSetSize of job (KB)
...
006 (3968.000.000) 05/21 03:39:27 Image size of job updated: 1308688
	153  -  MemoryUsage of job (MB)
	156296  -  ResidentSetSize of job (KB)
...
006 (3961.000.000) 05/21 03:39:27 Image size of job updated: 1312112
	149  -  MemoryUsage of job (MB)
	152468  -  ResidentSetSize of job (KB)
...
006 (3966.000.000) 05/21 03:44:26 Image size of job updated: 1347376
	150  -  MemoryUsage of job (MB)
	152664  -  ResidentSetSize of job (KB)
...
006 (3965.000.000) 05/21 03:44:26 Image size of job updated: 1271136
	152  -  MemoryUsage of job (MB)
	155292  -  ResidentSetSize of job (KB)
...
006 (3962.000.000) 05/21 03:44:26 Image size of job updated: 1356216
	153  -  MemoryUsage of job (MB)
	155968  -  ResidentSetSize of job (KB)
...
006 (3964.000.000) 05/21 03:44:27 Image size of job updated: 1343016
	149  -  MemoryUsage of job (MB)
	152484  -  ResidentSetSize of job (KB)
...
006 (3963.000.000) 05/21 03:44:27 Image size of job updated: 1390264
	150  -  MemoryUsage of job (MB)
	153592  -  ResidentSetSize of job (KB)
...
006 (3968.000.000) 05/21 03:44:27 Image size of job updated: 1325964
	153  -  MemoryUsage of job (MB)
	156620  -  ResidentSetSize of job (KB)
...
006 (3961.000.000) 05/21 03:44:28 Image size of job updated: 1312112
	153  -  MemoryUsage of job (MB)
	156332  -  ResidentSetSize of job (KB)
...
006 (3967.000.000) 05/21 03:44:28 Image size of job updated: 1537192
	158  -  MemoryUsage of job (MB)
	161788  -  ResidentSetSize of job (KB)
...
006 (3966.000.000) 05/21 03:49:26 Image size of job updated: 1347376
	159  -  MemoryUsage of job (MB)
	162584  -  ResidentSetSize of job (KB)
...
006 (3962.000.000) 05/21 03:49:26 Image size of job updated: 1357028
	156  -  MemoryUsage of job (MB)
	159204  -  ResidentSetSize of job (KB)
...
006 (3963.000.000) 05/21 03:49:28 Image size of job updated: 1390264
	161  -  MemoryUsage of job (MB)
	164224  -  ResidentSetSize of job (KB)
...
006 (3965.000.000) 05/21 03:54:27 Image size of job updated: 1271136
	154  -  MemoryUsage of job (MB)
	156688  -  ResidentSetSize of job (KB)
...
006 (3962.000.000) 05/21 03:54:27 Image size of job updated: 1377728
	160  -  MemoryUsage of job (MB)
	163112  -  ResidentSetSize of job (KB)
...
006 (3964.000.000) 05/21 03:54:28 Image size of job updated: 1354816
	149  -  MemoryUsage of job (MB)
	152484  -  ResidentSetSize of job (KB)
...
006 (3961.000.000) 05/21 03:54:29 Image size of job updated: 1312384
	153  -  MemoryUsage of job (MB)
	156332  -  ResidentSetSize of job (KB)
...
006 (3964.000.000) 05/21 03:59:28 Image size of job updated: 1354816
	151  -  MemoryUsage of job (MB)
	154560  -  ResidentSetSize of job (KB)
...
006 (3961.000.000) 05/21 03:59:29 Image size of job updated: 1312384
	157  -  MemoryUsage of job (MB)
	160408  -  ResidentSetSize of job (KB)
...
006 (3968.000.000) 05/21 03:59:30 Image size of job updated: 1325964
	160  -  MemoryUsage of job (MB)
	163036  -  ResidentSetSize of job (KB)
...
006 (3965.000.000) 05/21 04:04:28 Image size of job updated: 1271136
	156  -  MemoryUsage of job (MB)
	159732  -  ResidentSetSize of job (KB)
...
006 (3961.000.000) 05/21 04:09:30 Image size of job updated: 1402144
	157  -  MemoryUsage of job (MB)
	160408  -  ResidentSetSize of job (KB)
...
006 (3968.000.000) 05/21 04:09:30 Image size of job updated: 1331088
	160  -  MemoryUsage of job (MB)
	163036  -  ResidentSetSize of job (KB)
...
005 (3960.000.000) 05/21 04:10:29 Job terminated.
	(1) Normal termination (return value 0)
		Usr 0 00:13:51, Sys 0 00:04:45  -  Run Remote Usage
		Usr 0 00:00:00, Sys 0 00:00:00  -  Run Local Usage
		Usr 0 00:13:51, Sys 0 00:04:45  -  Total Remote Usage
		Usr 0 00:00:00, Sys 0 00:00:00  -  Total Local Usage
	286465  -  Run Bytes Sent By Job
	1665387  -  Run Bytes Received By Job
	286465  -  Total Bytes Sent By Job
	1665387  -  Total Bytes Received By Job
	Partitionable Resources :    Usage  Request Allocated
	   Cpus                 :                 1         1
	   Disk (KB)            :    70365     1750   7341412
	   Memory (MB)          :      158        1      3700
...
005 (3962.000.000) 05/21 04:10:43 Job terminated.
	(1) Normal termination (return value 0)
		Usr 0 00:12:36, Sys 0 00:05:27  -  Run Remote Usage
		Usr 0 00:00:00, Sys 0 00:00:00  -  Run Local Usage
		Usr 0 00:12:36, Sys 0 00:05:27  -  Total Remote Usage
		Usr 0 00:00:00, Sys 0 00:00:00  -  Total Local Usage
	286464  -  Run Bytes Sent By Job
	1665387  -  Run Bytes Received By Job
	286464  -  Total Bytes Sent By Job
	1665387  -  Total Bytes Received By Job
	Partitionable Resources :    Usage  Request Allocated
	   Cpus                 :                 1         1
	   Disk (KB)            :    70389     1750   7219060
	   Memory (MB)          :      160        1      3700
...
005 (3963.000.000) 05/21 04:11:03 Job terminated.
	(1) Normal termination (return value 0)
		Usr 0 00:12:39, Sys 0 00:05:33  -  Run Remote Usage
		Usr 0 00:00:00, Sys 0 00:00:00  -  Run Local Usage
		Usr 0 00:12:39, Sys 0 00:05:33  -  Total Remote Usage
		Usr 0 00:00:00, Sys 0 00:00:00  -  Total Local Usage
	286464  -  Run Bytes Sent By Job
	1665387  -  Run Bytes Received By Job
	286464  -  Total Bytes Sent By Job
	1665387  -  Total Bytes Received By Job
	Partitionable Resources :    Usage  Request Allocated
	   Cpus                 :                 1         1
	   Disk (KB)            :    69845     1750   7219092
	   Memory (MB)          :      161        1      3700
...
006 (3966.000.000) 05/21 04:12:24 Image size of job updated: 1428412
	159  -  MemoryUsage of job (MB)
	162584  -  ResidentSetSize of job (KB)
...
005 (3966.000.000) 05/21 04:12:26 Job terminated.
	(1) Normal termination (return value 0)
		Usr 0 00:14:51, Sys 0 00:05:08  -  Run Remote Usage
		Usr 0 00:00:00, Sys 0 00:00:00  -  Run Local Usage
		Usr 0 00:14:51, Sys 0 00:05:08  -  Total Remote Usage
		Usr 0 00:00:00, Sys 0 00:00:00  -  Total Local Usage
	286464  -  Run Bytes Sent By Job
	1665385  -  Run Bytes Received By Job
	286464  -  Total Bytes Sent By Job
	1665385  -  Total Bytes Received By Job
	Partitionable Resources :    Usage  Request Allocated
	   Cpus                 :                 1         1
	   Disk (KB)            :    67529     1750   7219088
	   Memory (MB)          :      159        1      3700
...
006 (3964.000.000) 05/21 04:12:29 Image size of job updated: 1450960
	151  -  MemoryUsage of job (MB)
	154560  -  ResidentSetSize of job (KB)
...
005 (3964.000.000) 05/21 04:12:31 Job terminated.
	(1) Normal termination (return value 0)
		Usr 0 00:14:21, Sys 0 00:05:17  -  Run Remote Usage
		Usr 0 00:00:00, Sys 0 00:00:00  -  Run Local Usage
		Usr 0 00:14:21, Sys 0 00:05:17  -  Total Remote Usage
		Usr 0 00:00:00, Sys 0 00:00:00  -  Total Local Usage
	286465  -  Run Bytes Sent By Job
	1665387  -  Run Bytes Received By Job
	286465  -  Total Bytes Sent By Job
	1665387  -  Total Bytes Received By Job
	Partitionable Resources :    Usage  Request Allocated
	   Cpus                 :                 1         1
	   Disk (KB)            :    67377     1750   7341528
	   Memory (MB)          :      151        1      3700
...
006 (3961.000.000) 05/21 04:12:33 Image size of job updated: 1439116
	157  -  MemoryUsage of job (MB)
	160408  -  ResidentSetSize of job (KB)
...
005 (3961.000.000) 05/21 04:12:35 Job terminated.
	(1) Normal termination (return value 0)
		Usr 0 00:13:43, Sys 0 00:06:19  -  Run Remote Usage
		Usr 0 00:00:00, Sys 0 00:00:00  -  Run Local Usage
		Usr 0 00:13:43, Sys 0 00:06:19  -  Total Remote Usage
		Usr 0 00:00:00, Sys 0 00:00:00  -  Total Local Usage
	286464  -  Run Bytes Sent By Job
	1665387  -  Run Bytes Received By Job
	286464  -  Total Bytes Sent By Job
	1665387  -  Total Bytes Received By Job
	Partitionable Resources :    Usage  Request Allocated
	   Cpus                 :                 1         1
	   Disk (KB)            :    67273     1750   7218828
	   Memory (MB)          :      157        1      3700
...
006 (3968.000.000) 05/21 04:13:05 Image size of job updated: 1415252
	160  -  MemoryUsage of job (MB)
	163036  -  ResidentSetSize of job (KB)
...
005 (3968.000.000) 05/21 04:13:07 Job terminated.
	(1) Normal termination (return value 0)
		Usr 0 00:14:39, Sys 0 00:05:50  -  Run Remote Usage
		Usr 0 00:00:00, Sys 0 00:00:00  -  Run Local Usage
		Usr 0 00:14:39, Sys 0 00:05:50  -  Total Remote Usage
		Usr 0 00:00:00, Sys 0 00:00:00  -  Total Local Usage
	286465  -  Run Bytes Sent By Job
	1665386  -  Run Bytes Received By Job
	286465  -  Total Bytes Sent By Job
	1665386  -  Total Bytes Received By Job
	Partitionable Resources :    Usage  Request Allocated
	   Cpus                 :                 1         1
	   Disk (KB)            :    66465     1750   7332376
	   Memory (MB)          :      160        1      3700
...
005 (3967.000.000) 05/21 04:13:37 Job terminated.
	(1) Normal termination (return value 0)
		Usr 0 00:15:15, Sys 0 00:05:15  -  Run Remote Usage
		Usr 0 00:00:00, Sys 0 00:00:00  -  Run Local Usage
		Usr 0 00:15:15, Sys 0 00:05:15  -  Total Remote Usage
		Usr 0 00:00:00, Sys 0 00:00:00  -  Total Local Usage
	286464  -  Run Bytes Sent By Job
	1665381  -  Run Bytes Received By Job
	286464  -  Total Bytes Sent By Job
	1665381  -  Total Bytes Received By Job
	Partitionable Resources :    Usage  Request Allocated
	   Cpus                 :                 1         1
	   Disk (KB)            :    65645     1750   7219088
	   Memory (MB)          :      158        1      3700
...
000 (3969.000.000) 05/21 04:13:50 Job submitted from host: <10.240.0.3:18881?addrs=10.240.0.3-18881>
    DAG Node: clean_up_local_level_5_1
    pool:local
...
001 (3969.000.000) 05/21 04:13:50 Job executing on host: <10.240.0.3:8597?addrs=10.240.0.3-8597>
...
005 (3969.000.000) 05/21 04:14:04 Job terminated.
	(1) Normal termination (return value 0)
		Usr 0 00:00:00, Sys 0 00:00:00  -  Run Remote Usage
		Usr 0 00:00:00, Sys 0 00:00:00  -  Run Local Usage
		Usr 0 00:00:00, Sys 0 00:00:00  -  Total Remote Usage
		Usr 0 00:00:00, Sys 0 00:00:00  -  Total Local Usage
	0  -  Run Bytes Sent By Job
	0  -  Run Bytes Received By Job
	0  -  Total Bytes Sent By Job
	0  -  Total Bytes Received By Job
...
006 (3965.000.000) 05/21 04:14:29 Image size of job updated: 1345224
	156  -  MemoryUsage of job (MB)
	159732  -  ResidentSetSize of job (KB)
...
006 (3965.000.000) 05/21 04:18:18 Image size of job updated: 1386788
	156  -  MemoryUsage of job (MB)
	159732  -  ResidentSetSize of job (KB)
...
005 (3965.000.000) 05/21 04:18:19 Job terminated.
	(1) Normal termination (return value 0)
		Usr 0 00:17:01, Sys 0 00:07:12  -  Run Remote Usage
		Usr 0 00:00:00, Sys 0 00:00:00  -  Run Local Usage
		Usr 0 00:17:01, Sys 0 00:07:12  -  Total Remote Usage
		Usr 0 00:00:00, Sys 0 00:00:00  -  Total Local Usage
	286465  -  Run Bytes Sent By Job
	1665385  -  Run Bytes Received By Job
	286465  -  Total Bytes Sent By Job
	1665385  -  Total Bytes Received By Job
	Partitionable Resources :    Usage  Request Allocated
	   Cpus                 :                 1         1
	   Disk (KB)            :    66029     1750   7219080
	   Memory (MB)          :      156        1      3700
...
000 (3970.000.000) 05/21 04:18:30 Job submitted from host: <10.240.0.3:18881?addrs=10.240.0.3-18881>
    DAG Node: clean_up_local_level_5_0
    pool:local
...
001 (3970.000.000) 05/21 04:18:30 Job executing on host: <10.240.0.3:32972?addrs=10.240.0.3-32972>
...
000 (3971.000.000) 05/21 04:18:30 Job submitted from host: <10.240.0.3:18881?addrs=10.240.0.3-18881>
    DAG Node: averageratio_6_ID0000020
    pool:condorpool
...
000 (3972.000.000) 05/21 04:18:30 Job submitted from host: <10.240.0.3:18881?addrs=10.240.0.3-18881>
    DAG Node: averageratio_4_ID0000018
    pool:condorpool
...
000 (3973.000.000) 05/21 04:18:31 Job submitted from host: <10.240.0.3:18881?addrs=10.240.0.3-18881>
    DAG Node: averageratio_5_ID0000019
    pool:condorpool
...
000 (3974.000.000) 05/21 04:18:31 Job submitted from host: <10.240.0.3:18881?addrs=10.240.0.3-18881>
    DAG Node: averageratio_7_ID0000021
    pool:condorpool
...
000 (3975.000.000) 05/21 04:18:36 Job submitted from host: <10.240.0.3:18881?addrs=10.240.0.3-18881>
    DAG Node: averageratio_1_ID0000015
    pool:condorpool
...
000 (3976.000.000) 05/21 04:18:36 Job submitted from host: <10.240.0.3:18881?addrs=10.240.0.3-18881>
    DAG Node: averageratio_3_ID0000017
    pool:condorpool
...
000 (3977.000.000) 05/21 04:18:36 Job submitted from host: <10.240.0.3:18881?addrs=10.240.0.3-18881>
    DAG Node: averageratio_2_ID0000016
    pool:condorpool
...
000 (3978.000.000) 05/21 04:18:36 Job submitted from host: <10.240.0.3:18881?addrs=10.240.0.3-18881>
    DAG Node: averageratio_0_ID0000014
    pool:condorpool
...
000 (3979.000.000) 05/21 04:18:36 Job submitted from host: <10.240.0.3:18881?addrs=10.240.0.3-18881>
    DAG Node: averageratio_8_ID0000022
    pool:condorpool
...
005 (3970.000.000) 05/21 04:18:45 Job terminated.
	(1) Normal termination (return value 0)
		Usr 0 00:00:00, Sys 0 00:00:00  -  Run Remote Usage
		Usr 0 00:00:00, Sys 0 00:00:00  -  Run Local Usage
		Usr 0 00:00:00, Sys 0 00:00:00  -  Total Remote Usage
		Usr 0 00:00:00, Sys 0 00:00:00  -  Total Local Usage
	0  -  Run Bytes Sent By Job
	0  -  Run Bytes Received By Job
	0  -  Total Bytes Sent By Job
	0  -  Total Bytes Received By Job
...
001 (3974.000.000) 05/21 04:18:53 Job executing on host: <10.240.0.75:44923?addrs=10.240.0.75-44923>
...
001 (3975.000.000) 05/21 04:18:53 Job executing on host: <10.240.0.78:26447?addrs=10.240.0.78-26447>
...
001 (3977.000.000) 05/21 04:18:53 Job executing on host: <10.240.0.82:57109?addrs=10.240.0.82-57109>
...
001 (3971.000.000) 05/21 04:18:53 Job executing on host: <10.240.0.76:7525?addrs=10.240.0.76-7525>
...
001 (3976.000.000) 05/21 04:18:53 Job executing on host: <10.240.0.77:62562?addrs=10.240.0.77-62562>
...
001 (3972.000.000) 05/21 04:18:53 Job executing on host: <10.240.0.80:3455?addrs=10.240.0.80-3455>
...
001 (3973.000.000) 05/21 04:18:53 Job executing on host: <10.240.0.81:48685?addrs=10.240.0.81-48685>
...
001 (3978.000.000) 05/21 04:18:53 Job executing on host: <10.240.0.74:31809?addrs=10.240.0.74-31809>
...
001 (3979.000.000) 05/21 04:18:53 Job executing on host: <10.240.0.79:55619?addrs=10.240.0.79-55619>
...
006 (3974.000.000) 05/21 04:19:01 Image size of job updated: 2
	3  -  MemoryUsage of job (MB)
	2784  -  ResidentSetSize of job (KB)
...
006 (3975.000.000) 05/21 04:19:01 Image size of job updated: 2
	3  -  MemoryUsage of job (MB)
	2824  -  ResidentSetSize of job (KB)
...
006 (3977.000.000) 05/21 04:19:01 Image size of job updated: 2
	3  -  MemoryUsage of job (MB)
	2776  -  ResidentSetSize of job (KB)
...
006 (3971.000.000) 05/21 04:19:01 Image size of job updated: 2
	3  -  MemoryUsage of job (MB)
	2776  -  ResidentSetSize of job (KB)
...
006 (3976.000.000) 05/21 04:19:01 Image size of job updated: 2
	3  -  MemoryUsage of job (MB)
	2848  -  ResidentSetSize of job (KB)
...
006 (3972.000.000) 05/21 04:19:01 Image size of job updated: 2
	3  -  MemoryUsage of job (MB)
	2804  -  ResidentSetSize of job (KB)
...
006 (3973.000.000) 05/21 04:19:01 Image size of job updated: 359036
	20  -  MemoryUsage of job (MB)
	20404  -  ResidentSetSize of job (KB)
...
006 (3978.000.000) 05/21 04:19:02 Image size of job updated: 2
	3  -  MemoryUsage of job (MB)
	2924  -  ResidentSetSize of job (KB)
...
006 (3979.000.000) 05/21 04:19:02 Image size of job updated: 2
	3  -  MemoryUsage of job (MB)
	2748  -  ResidentSetSize of job (KB)
...
006 (3974.000.000) 05/21 04:19:33 Image size of job updated: 359036
	3  -  MemoryUsage of job (MB)
	2784  -  ResidentSetSize of job (KB)
...
006 (3971.000.000) 05/21 04:19:33 Image size of job updated: 358780
	3  -  MemoryUsage of job (MB)
	2776  -  ResidentSetSize of job (KB)
...
005 (3974.000.000) 05/21 04:19:34 Job terminated.
	(1) Normal termination (return value 0)
		Usr 0 00:00:00, Sys 0 00:00:00  -  Run Remote Usage
		Usr 0 00:00:00, Sys 0 00:00:00  -  Run Local Usage
		Usr 0 00:00:00, Sys 0 00:00:00  -  Total Remote Usage
		Usr 0 00:00:00, Sys 0 00:00:00  -  Total Local Usage
	4808  -  Run Bytes Sent By Job
	1662409  -  Run Bytes Received By Job
	4808  -  Total Bytes Sent By Job
	1662409  -  Total Bytes Received By Job
	Partitionable Resources :    Usage  Request Allocated
	   Cpus                 :                 1         1
	   Disk (KB)            :     7004     1750   7218936
	   Memory (MB)          :        3        1      3700
...
005 (3971.000.000) 05/21 04:19:34 Job terminated.
	(1) Normal termination (return value 0)
		Usr 0 00:00:00, Sys 0 00:00:00  -  Run Remote Usage
		Usr 0 00:00:00, Sys 0 00:00:00  -  Run Local Usage
		Usr 0 00:00:00, Sys 0 00:00:00  -  Total Remote Usage
		Usr 0 00:00:00, Sys 0 00:00:00  -  Total Local Usage
	4808  -  Run Bytes Sent By Job
	1662409  -  Run Bytes Received By Job
	4808  -  Total Bytes Sent By Job
	1662409  -  Total Bytes Received By Job
	Partitionable Resources :    Usage  Request Allocated
	   Cpus                 :                 1         1
	   Disk (KB)            :     7004     1750   7218672
	   Memory (MB)          :        3        1      3700
...
006 (3979.000.000) 05/21 04:19:41 Image size of job updated: 359036
	3  -  MemoryUsage of job (MB)
	2748  -  ResidentSetSize of job (KB)
...
005 (3979.000.000) 05/21 04:19:42 Job terminated.
	(1) Normal termination (return value 0)
		Usr 0 00:00:00, Sys 0 00:00:00  -  Run Remote Usage
		Usr 0 00:00:00, Sys 0 00:00:00  -  Run Local Usage
		Usr 0 00:00:00, Sys 0 00:00:00  -  Total Remote Usage
		Usr 0 00:00:00, Sys 0 00:00:00  -  Total Local Usage
	4811  -  Run Bytes Sent By Job
	1662409  -  Run Bytes Received By Job
	4811  -  Total Bytes Sent By Job
	1662409  -  Total Bytes Received By Job
	Partitionable Resources :    Usage  Request Allocated
	   Cpus                 :                 1         1
	   Disk (KB)            :     7004     1750   7333196
	   Memory (MB)          :        3        1      3700
...
006 (3976.000.000) 05/21 04:19:42 Image size of job updated: 359036
	3  -  MemoryUsage of job (MB)
	2848  -  ResidentSetSize of job (KB)
...
005 (3976.000.000) 05/21 04:19:43 Job terminated.
	(1) Normal termination (return value 0)
		Usr 0 00:00:00, Sys 0 00:00:00  -  Run Remote Usage
		Usr 0 00:00:00, Sys 0 00:00:00  -  Run Local Usage
		Usr 0 00:00:00, Sys 0 00:00:00  -  Total Remote Usage
		Usr 0 00:00:00, Sys 0 00:00:00  -  Total Local Usage
	4810  -  Run Bytes Sent By Job
	1662409  -  Run Bytes Received By Job
	4810  -  Total Bytes Sent By Job
	1662409  -  Total Bytes Received By Job
	Partitionable Resources :    Usage  Request Allocated
	   Cpus                 :                 1         1
	   Disk (KB)            :     7004     1750   7218916
	   Memory (MB)          :        3        1      3700
...
006 (3977.000.000) 05/21 04:19:46 Image size of job updated: 483160
	3  -  MemoryUsage of job (MB)
	2776  -  ResidentSetSize of job (KB)
...
005 (3977.000.000) 05/21 04:19:47 Job terminated.
	(1) Normal termination (return value 0)
		Usr 0 00:00:01, Sys 0 00:00:00  -  Run Remote Usage
		Usr 0 00:00:00, Sys 0 00:00:00  -  Run Local Usage
		Usr 0 00:00:01, Sys 0 00:00:00  -  Total Remote Usage
		Usr 0 00:00:00, Sys 0 00:00:00  -  Total Local Usage
	4811  -  Run Bytes Sent By Job
	1662409  -  Run Bytes Received By Job
	4811  -  Total Bytes Sent By Job
	1662409  -  Total Bytes Received By Job
	Partitionable Resources :    Usage  Request Allocated
	   Cpus                 :                 1         1
	   Disk (KB)            :     7004     1750   7218932
	   Memory (MB)          :        3        1      3700
...
006 (3973.000.000) 05/21 04:19:52 Image size of job updated: 486960
	20  -  MemoryUsage of job (MB)
	20404  -  ResidentSetSize of job (KB)
...
005 (3973.000.000) 05/21 04:19:53 Job terminated.
	(1) Normal termination (return value 0)
		Usr 0 00:00:06, Sys 0 00:00:00  -  Run Remote Usage
		Usr 0 00:00:00, Sys 0 00:00:00  -  Run Local Usage
		Usr 0 00:00:06, Sys 0 00:00:00  -  Total Remote Usage
		Usr 0 00:00:00, Sys 0 00:00:00  -  Total Local Usage
	4814  -  Run Bytes Sent By Job
	1662409  -  Run Bytes Received By Job
	4814  -  Total Bytes Sent By Job
	1662409  -  Total Bytes Received By Job
	Partitionable Resources :    Usage  Request Allocated
	   Cpus                 :                 1         1
	   Disk (KB)            :     7004     1750   7218904
	   Memory (MB)          :       20        1      3700
...
006 (3972.000.000) 05/21 04:19:59 Image size of job updated: 489432
	3  -  MemoryUsage of job (MB)
	2804  -  ResidentSetSize of job (KB)
...
005 (3972.000.000) 05/21 04:20:00 Job terminated.
	(1) Normal termination (return value 0)
		Usr 0 00:00:14, Sys 0 00:00:00  -  Run Remote Usage
		Usr 0 00:00:00, Sys 0 00:00:00  -  Run Local Usage
		Usr 0 00:00:14, Sys 0 00:00:00  -  Total Remote Usage
		Usr 0 00:00:00, Sys 0 00:00:00  -  Total Local Usage
	4815  -  Run Bytes Sent By Job
	1662409  -  Run Bytes Received By Job
	4815  -  Total Bytes Sent By Job
	1662409  -  Total Bytes Received By Job
	Partitionable Resources :    Usage  Request Allocated
	   Cpus                 :                 1         1
	   Disk (KB)            :     7004     1750   7341240
	   Memory (MB)          :        3        1      3700
...
006 (3975.000.000) 05/21 04:20:19 Image size of job updated: 495120
	3  -  MemoryUsage of job (MB)
	2824  -  ResidentSetSize of job (KB)
...
005 (3975.000.000) 05/21 04:20:20 Job terminated.
	(1) Normal termination (return value 0)
		Usr 0 00:00:31, Sys 0 00:00:00  -  Run Remote Usage
		Usr 0 00:00:00, Sys 0 00:00:00  -  Run Local Usage
		Usr 0 00:00:31, Sys 0 00:00:00  -  Total Remote Usage
		Usr 0 00:00:00, Sys 0 00:00:00  -  Total Local Usage
	4815  -  Run Bytes Sent By Job
	1662409  -  Run Bytes Received By Job
	4815  -  Total Bytes Sent By Job
	1662409  -  Total Bytes Received By Job
	Partitionable Resources :    Usage  Request Allocated
	   Cpus                 :                 1         1
	   Disk (KB)            :     7004     1750   7341380
	   Memory (MB)          :        3        1      3700
...
006 (3978.000.000) 05/21 04:20:22 Image size of job updated: 501364
	3  -  MemoryUsage of job (MB)
	2924  -  ResidentSetSize of job (KB)
...
005 (3978.000.000) 05/21 04:20:23 Job terminated.
	(1) Normal termination (return value 0)
		Usr 0 00:00:42, Sys 0 00:00:00  -  Run Remote Usage
		Usr 0 00:00:00, Sys 0 00:00:00  -  Run Local Usage
		Usr 0 00:00:42, Sys 0 00:00:00  -  Total Remote Usage
		Usr 0 00:00:00, Sys 0 00:00:00  -  Total Local Usage
	4814  -  Run Bytes Sent By Job
	1662409  -  Run Bytes Received By Job
	4814  -  Total Bytes Sent By Job
	1662409  -  Total Bytes Received By Job
	Partitionable Resources :    Usage  Request Allocated
	   Cpus                 :                 1         1
	   Disk (KB)            :     7004     1750   7218928
	   Memory (MB)          :        3        1      3700
...
000 (3980.000.000) 05/21 04:20:31 Job submitted from host: <10.240.0.3:18881?addrs=10.240.0.3-18881>
    DAG Node: clean_up_local_level_6_0
    pool:local
...
001 (3980.000.000) 05/21 04:20:31 Job executing on host: <10.240.0.3:18925?addrs=10.240.0.3-18925>
...
000 (3981.000.000) 05/21 04:20:37 Job submitted from host: <10.240.0.3:18881?addrs=10.240.0.3-18881>
    DAG Node: maxminratio_0_ID0000023
    pool:condorpool
...
000 (3982.000.000) 05/21 04:20:37 Job submitted from host: <10.240.0.3:18881?addrs=10.240.0.3-18881>
    DAG Node: clean_up_local_level_6_1
    pool:local
...
001 (3981.000.000) 05/21 04:20:39 Job executing on host: <10.240.0.78:26447?addrs=10.240.0.78-26447>
...
006 (3981.000.000) 05/21 04:20:40 Image size of job updated: 2
	0  -  MemoryUsage of job (MB)
	0  -  ResidentSetSize of job (KB)
...
005 (3981.000.000) 05/21 04:20:41 Job terminated.
	(1) Normal termination (return value 0)
		Usr 0 00:00:00, Sys 0 00:00:00  -  Run Remote Usage
		Usr 0 00:00:00, Sys 0 00:00:00  -  Run Local Usage
		Usr 0 00:00:00, Sys 0 00:00:00  -  Total Remote Usage
		Usr 0 00:00:00, Sys 0 00:00:00  -  Total Local Usage
	7036  -  Run Bytes Sent By Job
	1662226  -  Run Bytes Received By Job
	7036  -  Total Bytes Sent By Job
	1662226  -  Total Bytes Received By Job
	Partitionable Resources :    Usage  Request Allocated
	   Cpus                 :                 1         1
	   Disk (KB)            :     7007     1750   7341380
	   Memory (MB)          :        0        1      3700
...
005 (3980.000.000) 05/21 04:20:42 Job terminated.
	(1) Normal termination (return value 0)
		Usr 0 00:00:00, Sys 0 00:00:00  -  Run Remote Usage
		Usr 0 00:00:00, Sys 0 00:00:00  -  Run Local Usage
		Usr 0 00:00:00, Sys 0 00:00:00  -  Total Remote Usage
		Usr 0 00:00:00, Sys 0 00:00:00  -  Total Local Usage
	0  -  Run Bytes Sent By Job
	0  -  Run Bytes Received By Job
	0  -  Total Bytes Sent By Job
	0  -  Total Bytes Received By Job
...
001 (3982.000.000) 05/21 04:20:42 Job executing on host: <10.240.0.3:28389?addrs=10.240.0.3-28389>
...
000 (3983.000.000) 05/21 04:20:52 Job submitted from host: <10.240.0.3:18881?addrs=10.240.0.3-18881>
    DAG Node: clean_up_local_level_7_0
    pool:local
...
001 (3983.000.000) 05/21 04:20:52 Job executing on host: <10.240.0.3:10097?addrs=10.240.0.3-10097>
...
005 (3983.000.000) 05/21 04:20:56 Job terminated.
	(1) Normal termination (return value 0)
		Usr 0 00:00:00, Sys 0 00:00:00  -  Run Remote Usage
		Usr 0 00:00:00, Sys 0 00:00:00  -  Run Local Usage
		Usr 0 00:00:00, Sys 0 00:00:00  -  Total Remote Usage
		Usr 0 00:00:00, Sys 0 00:00:00  -  Total Local Usage
	0  -  Run Bytes Sent By Job
	0  -  Run Bytes Received By Job
	0  -  Total Bytes Sent By Job
	0  -  Total Bytes Received By Job
...
005 (3982.000.000) 05/21 04:20:58 Job terminated.
	(1) Normal termination (return value 0)
		Usr 0 00:00:00, Sys 0 00:00:00  -  Run Remote Usage
		Usr 0 00:00:00, Sys 0 00:00:00  -  Run Local Usage
		Usr 0 00:00:00, Sys 0 00:00:00  -  Total Remote Usage
		Usr 0 00:00:00, Sys 0 00:00:00  -  Total Local Usage
	0  -  Run Bytes Sent By Job
	0  -  Run Bytes Received By Job
	0  -  Total Bytes Sent By Job
	0  -  Total Bytes Received By Job
...
000 (3984.000.000) 05/21 04:21:12 Job submitted from host: <10.240.0.3:18881?addrs=10.240.0.3-18881>
    DAG Node: cleanup_example_workflow_0_local
    pool:local
...
001 (3984.000.000) 05/21 04:21:12 Job executing on host: <10.240.0.3:59980?addrs=10.240.0.3-59980>
...
005 (3984.000.000) 05/21 04:21:14 Job terminated.
	(1) Normal termination (return value 0)
		Usr 0 00:00:00, Sys 0 00:00:00  -  Run Remote Usage
		Usr 0 00:00:00, Sys 0 00:00:00  -  Run Local Usage
		Usr 0 00:00:00, Sys 0 00:00:00  -  Total Remote Usage
		Usr 0 00:00:00, Sys 0 00:00:00  -  Total Local Usage
	0  -  Run Bytes Sent By Job
	0  -  Run Bytes Received By Job
	0  -  Total Bytes Sent By Job
	0  -  Total Bytes Received By Job
...
