000 (8929.000.000) 12/02 21:49:18 Job submitted from host: <54.153.25.18:34310?addrs=54.153.25.18-34310>
    DAG Node: create_dir_example_workflow_0_local
    pool:local
...
001 (8929.000.000) 12/02 21:49:19 Job executing on host: <54.153.25.18:13266?addrs=54.153.25.18-13266>
...
005 (8929.000.000) 12/02 21:49:21 Job terminated.
	(1) Normal termination (return value 0)
		Usr 0 00:00:00, Sys 0 00:00:00  -  Run Remote Usage
		Usr 0 00:00:00, Sys 0 00:00:00  -  Run Local Usage
		Usr 0 00:00:00, Sys 0 00:00:00  -  Total Remote Usage
		Usr 0 00:00:00, Sys 0 00:00:00  -  Total Local Usage
	0  -  Run Bytes Sent By Job
	0  -  Run Bytes Received By Job
	0  -  Total Bytes Sent By Job
	0  -  Total Bytes Received By Job
...
016 (8929.000.000) 12/02 21:49:23 POST Script terminated.
	(1) Normal termination (return value 0)
    DAG Node: create_dir_example_workflow_0_local
...
000 (8930.000.000) 12/02 21:49:34 Job submitted from host: <54.153.25.18:34310?addrs=54.153.25.18-34310>
    DAG Node: stage_in_local_local_0_0
    pool:local
...
001 (8930.000.000) 12/02 21:49:34 Job executing on host: <54.153.25.18:27619?addrs=54.153.25.18-27619>
...
000 (8931.000.000) 12/02 21:49:34 Job submitted from host: <54.153.25.18:34310?addrs=54.153.25.18-34310>
    DAG Node: stage_in_local_local_6_0
    pool:local
...
000 (8932.000.000) 12/02 21:49:34 Job submitted from host: <54.153.25.18:34310?addrs=54.153.25.18-34310>
    DAG Node: stage_in_remote_local_2_1
    pool:local
...
000 (8933.000.000) 12/02 21:49:34 Job submitted from host: <54.153.25.18:34310?addrs=54.153.25.18-34310>
    DAG Node: stage_in_remote_local_5_1
    pool:local
...
000 (8934.000.000) 12/02 21:49:34 Job submitted from host: <54.153.25.18:34310?addrs=54.153.25.18-34310>
    DAG Node: stage_in_remote_local_5_0
    pool:local
...
005 (8930.000.000) 12/02 21:49:36 Job terminated.
	(1) Normal termination (return value 0)
		Usr 0 00:00:00, Sys 0 00:00:00  -  Run Remote Usage
		Usr 0 00:00:00, Sys 0 00:00:00  -  Run Local Usage
		Usr 0 00:00:00, Sys 0 00:00:00  -  Total Remote Usage
		Usr 0 00:00:00, Sys 0 00:00:00  -  Total Local Usage
	0  -  Run Bytes Sent By Job
	0  -  Run Bytes Received By Job
	0  -  Total Bytes Sent By Job
	0  -  Total Bytes Received By Job
...
001 (8931.000.000) 12/02 21:49:36 Job executing on host: <54.153.25.18:14528?addrs=54.153.25.18-14528>
...
001 (8934.000.000) 12/02 21:49:36 Job executing on host: <54.153.25.18:12346?addrs=54.153.25.18-12346>
...
001 (8932.000.000) 12/02 21:49:36 Job executing on host: <54.153.25.18:39946?addrs=54.153.25.18-39946>
...
001 (8933.000.000) 12/02 21:49:36 Job executing on host: <54.153.25.18:14748?addrs=54.153.25.18-14748>
...
005 (8933.000.000) 12/02 21:49:39 Job terminated.
	(1) Normal termination (return value 0)
		Usr 0 00:00:00, Sys 0 00:00:00  -  Run Remote Usage
		Usr 0 00:00:00, Sys 0 00:00:00  -  Run Local Usage
		Usr 0 00:00:00, Sys 0 00:00:00  -  Total Remote Usage
		Usr 0 00:00:00, Sys 0 00:00:00  -  Total Local Usage
	0  -  Run Bytes Sent By Job
	0  -  Run Bytes Received By Job
	0  -  Total Bytes Sent By Job
	0  -  Total Bytes Received By Job
...
005 (8932.000.000) 12/02 21:49:39 Job terminated.
	(1) Normal termination (return value 0)
		Usr 0 00:00:00, Sys 0 00:00:00  -  Run Remote Usage
		Usr 0 00:00:00, Sys 0 00:00:00  -  Run Local Usage
		Usr 0 00:00:00, Sys 0 00:00:00  -  Total Remote Usage
		Usr 0 00:00:00, Sys 0 00:00:00  -  Total Local Usage
	0  -  Run Bytes Sent By Job
	0  -  Run Bytes Received By Job
	0  -  Total Bytes Sent By Job
	0  -  Total Bytes Received By Job
...
005 (8931.000.000) 12/02 21:49:39 Job terminated.
	(1) Normal termination (return value 0)
		Usr 0 00:00:00, Sys 0 00:00:00  -  Run Remote Usage
		Usr 0 00:00:00, Sys 0 00:00:00  -  Run Local Usage
		Usr 0 00:00:00, Sys 0 00:00:00  -  Total Remote Usage
		Usr 0 00:00:00, Sys 0 00:00:00  -  Total Local Usage
	0  -  Run Bytes Sent By Job
	0  -  Run Bytes Received By Job
	0  -  Total Bytes Sent By Job
	0  -  Total Bytes Received By Job
...
000 (8935.000.000) 12/02 21:49:39 Job submitted from host: <54.153.25.18:34310?addrs=54.153.25.18-34310>
    DAG Node: stage_in_local_local_2_0
    pool:local
...
001 (8935.000.000) 12/02 21:49:39 Job executing on host: <54.153.25.18:61696?addrs=54.153.25.18-61696>
...
000 (8936.000.000) 12/02 21:49:39 Job submitted from host: <54.153.25.18:34310?addrs=54.153.25.18-34310>
    DAG Node: stage_in_local_local_2_1
    pool:local
...
000 (8937.000.000) 12/02 21:49:39 Job submitted from host: <54.153.25.18:34310?addrs=54.153.25.18-34310>
    DAG Node: stage_in_local_local_3_1
    pool:local
...
001 (8936.000.000) 12/02 21:49:39 Job executing on host: <54.153.25.18:10639?addrs=54.153.25.18-10639>
...
000 (8938.000.000) 12/02 21:49:39 Job submitted from host: <54.153.25.18:34310?addrs=54.153.25.18-34310>
    DAG Node: stage_in_remote_local_1_0
    pool:local
...
001 (8937.000.000) 12/02 21:49:39 Job executing on host: <54.153.25.18:8425?addrs=54.153.25.18-8425>
...
000 (8939.000.000) 12/02 21:49:39 Job submitted from host: <54.153.25.18:34310?addrs=54.153.25.18-34310>
    DAG Node: stage_in_local_local_3_0
    pool:local
...
016 (8933.000.000) 12/02 21:49:40 POST Script terminated.
	(1) Normal termination (return value 0)
    DAG Node: stage_in_remote_local_5_1
...
016 (8932.000.000) 12/02 21:49:40 POST Script terminated.
	(1) Normal termination (return value 0)
    DAG Node: stage_in_remote_local_2_1
...
016 (8930.000.000) 12/02 21:49:40 POST Script terminated.
	(1) Normal termination (return value 0)
    DAG Node: stage_in_local_local_0_0
...
016 (8931.000.000) 12/02 21:49:40 POST Script terminated.
	(1) Normal termination (return value 0)
    DAG Node: stage_in_local_local_6_0
...
005 (8934.000.000) 12/02 21:49:40 Job terminated.
	(1) Normal termination (return value 0)
		Usr 0 00:00:00, Sys 0 00:00:00  -  Run Remote Usage
		Usr 0 00:00:00, Sys 0 00:00:00  -  Run Local Usage
		Usr 0 00:00:00, Sys 0 00:00:00  -  Total Remote Usage
		Usr 0 00:00:00, Sys 0 00:00:00  -  Total Local Usage
	0  -  Run Bytes Sent By Job
	0  -  Run Bytes Received By Job
	0  -  Total Bytes Sent By Job
	0  -  Total Bytes Received By Job
...
001 (8938.000.000) 12/02 21:49:41 Job executing on host: <54.153.25.18:1693?addrs=54.153.25.18-1693>
...
001 (8939.000.000) 12/02 21:49:41 Job executing on host: <54.153.25.18:17245?addrs=54.153.25.18-17245>
...
005 (8936.000.000) 12/02 21:49:42 Job terminated.
	(1) Normal termination (return value 0)
		Usr 0 00:00:00, Sys 0 00:00:00  -  Run Remote Usage
		Usr 0 00:00:00, Sys 0 00:00:00  -  Run Local Usage
		Usr 0 00:00:00, Sys 0 00:00:00  -  Total Remote Usage
		Usr 0 00:00:00, Sys 0 00:00:00  -  Total Local Usage
	0  -  Run Bytes Sent By Job
	0  -  Run Bytes Received By Job
	0  -  Total Bytes Sent By Job
	0  -  Total Bytes Received By Job
...
005 (8937.000.000) 12/02 21:49:42 Job terminated.
	(1) Normal termination (return value 0)
		Usr 0 00:00:00, Sys 0 00:00:00  -  Run Remote Usage
		Usr 0 00:00:00, Sys 0 00:00:00  -  Run Local Usage
		Usr 0 00:00:00, Sys 0 00:00:00  -  Total Remote Usage
		Usr 0 00:00:00, Sys 0 00:00:00  -  Total Local Usage
	0  -  Run Bytes Sent By Job
	0  -  Run Bytes Received By Job
	0  -  Total Bytes Sent By Job
	0  -  Total Bytes Received By Job
...
005 (8938.000.000) 12/02 21:49:43 Job terminated.
	(1) Normal termination (return value 0)
		Usr 0 00:00:00, Sys 0 00:00:00  -  Run Remote Usage
		Usr 0 00:00:00, Sys 0 00:00:00  -  Run Local Usage
		Usr 0 00:00:00, Sys 0 00:00:00  -  Total Remote Usage
		Usr 0 00:00:00, Sys 0 00:00:00  -  Total Local Usage
	0  -  Run Bytes Sent By Job
	0  -  Run Bytes Received By Job
	0  -  Total Bytes Sent By Job
	0  -  Total Bytes Received By Job
...
005 (8935.000.000) 12/02 21:49:43 Job terminated.
	(1) Normal termination (return value 0)
		Usr 0 00:00:00, Sys 0 00:00:00  -  Run Remote Usage
		Usr 0 00:00:00, Sys 0 00:00:00  -  Run Local Usage
		Usr 0 00:00:00, Sys 0 00:00:00  -  Total Remote Usage
		Usr 0 00:00:00, Sys 0 00:00:00  -  Total Local Usage
	0  -  Run Bytes Sent By Job
	0  -  Run Bytes Received By Job
	0  -  Total Bytes Sent By Job
	0  -  Total Bytes Received By Job
...
005 (8939.000.000) 12/02 21:49:45 Job terminated.
	(1) Normal termination (return value 0)
		Usr 0 00:00:00, Sys 0 00:00:00  -  Run Remote Usage
		Usr 0 00:00:00, Sys 0 00:00:00  -  Run Local Usage
		Usr 0 00:00:00, Sys 0 00:00:00  -  Total Remote Usage
		Usr 0 00:00:00, Sys 0 00:00:00  -  Total Local Usage
	0  -  Run Bytes Sent By Job
	0  -  Run Bytes Received By Job
	0  -  Total Bytes Sent By Job
	0  -  Total Bytes Received By Job
...
000 (8940.000.000) 12/02 21:49:45 Job submitted from host: <54.153.25.18:34310?addrs=54.153.25.18-34310>
    DAG Node: stage_in_local_local_5_0
    pool:local
...
001 (8940.000.000) 12/02 21:49:45 Job executing on host: <54.153.25.18:4834?addrs=54.153.25.18-4834>
...
000 (8941.000.000) 12/02 21:49:45 Job submitted from host: <54.153.25.18:34310?addrs=54.153.25.18-34310>
    DAG Node: stage_in_local_local_5_1
    pool:local
...
000 (8942.000.000) 12/02 21:49:45 Job submitted from host: <54.153.25.18:34310?addrs=54.153.25.18-34310>
    DAG Node: stage_in_local_local_4_0
    pool:local
...
000 (8943.000.000) 12/02 21:49:46 Job submitted from host: <54.153.25.18:34310?addrs=54.153.25.18-34310>
    DAG Node: stage_in_local_local_1_0
    pool:local
...
000 (8944.000.000) 12/02 21:49:46 Job submitted from host: <54.153.25.18:34310?addrs=54.153.25.18-34310>
    DAG Node: stage_in_local_local_7_0
    pool:local
...
016 (8938.000.000) 12/02 21:49:46 POST Script terminated.
	(1) Normal termination (return value 0)
    DAG Node: stage_in_remote_local_1_0
...
016 (8934.000.000) 12/02 21:49:46 POST Script terminated.
	(1) Normal termination (return value 0)
    DAG Node: stage_in_remote_local_5_0
...
016 (8936.000.000) 12/02 21:49:46 POST Script terminated.
	(1) Normal termination (return value 0)
    DAG Node: stage_in_local_local_2_1
...
016 (8935.000.000) 12/02 21:49:46 POST Script terminated.
	(1) Normal termination (return value 0)
    DAG Node: stage_in_local_local_2_0
...
016 (8939.000.000) 12/02 21:49:47 POST Script terminated.
	(1) Normal termination (return value 0)
    DAG Node: stage_in_local_local_3_0
...
016 (8937.000.000) 12/02 21:49:47 POST Script terminated.
	(1) Normal termination (return value 0)
    DAG Node: stage_in_local_local_3_1
...
005 (8940.000.000) 12/02 21:49:50 Job terminated.
	(1) Normal termination (return value 0)
		Usr 0 00:00:00, Sys 0 00:00:00  -  Run Remote Usage
		Usr 0 00:00:00, Sys 0 00:00:00  -  Run Local Usage
		Usr 0 00:00:00, Sys 0 00:00:00  -  Total Remote Usage
		Usr 0 00:00:00, Sys 0 00:00:00  -  Total Local Usage
	0  -  Run Bytes Sent By Job
	0  -  Run Bytes Received By Job
	0  -  Total Bytes Sent By Job
	0  -  Total Bytes Received By Job
...
001 (8941.000.000) 12/02 21:49:50 Job executing on host: <54.153.25.18:12178?addrs=54.153.25.18-12178>
...
001 (8942.000.000) 12/02 21:49:50 Job executing on host: <54.153.25.18:57349?addrs=54.153.25.18-57349>
...
001 (8943.000.000) 12/02 21:49:50 Job executing on host: <54.153.25.18:46095?addrs=54.153.25.18-46095>
...
001 (8944.000.000) 12/02 21:49:50 Job executing on host: <54.153.25.18:17982?addrs=54.153.25.18-17982>
...
000 (8945.000.000) 12/02 21:49:51 Job submitted from host: <54.153.25.18:34310?addrs=54.153.25.18-34310>
    DAG Node: stage_in_local_local_4_1
    pool:local
...
001 (8945.000.000) 12/02 21:49:51 Job executing on host: <54.153.25.18:32648?addrs=54.153.25.18-32648>
...
000 (8946.000.000) 12/02 21:49:51 Job submitted from host: <54.153.25.18:34310?addrs=54.153.25.18-34310>
    DAG Node: stage_in_remote_local_4_1
    pool:local
...
000 (8947.000.000) 12/02 21:49:51 Job submitted from host: <54.153.25.18:34310?addrs=54.153.25.18-34310>
    DAG Node: stage_in_remote_local_4_0
    pool:local
...
000 (8948.000.000) 12/02 21:49:51 Job submitted from host: <54.153.25.18:34310?addrs=54.153.25.18-34310>
    DAG Node: stage_in_remote_local_2_0
    pool:local
...
000 (8949.000.000) 12/02 21:49:51 Job submitted from host: <54.153.25.18:34310?addrs=54.153.25.18-34310>
    DAG Node: stage_in_remote_local_3_1
    pool:local
...
016 (8940.000.000) 12/02 21:49:51 POST Script terminated.
	(1) Normal termination (return value 0)
    DAG Node: stage_in_local_local_5_0
...
005 (8943.000.000) 12/02 21:49:52 Job terminated.
	(1) Normal termination (return value 0)
		Usr 0 00:00:00, Sys 0 00:00:00  -  Run Remote Usage
		Usr 0 00:00:00, Sys 0 00:00:00  -  Run Local Usage
		Usr 0 00:00:00, Sys 0 00:00:00  -  Total Remote Usage
		Usr 0 00:00:00, Sys 0 00:00:00  -  Total Local Usage
	0  -  Run Bytes Sent By Job
	0  -  Run Bytes Received By Job
	0  -  Total Bytes Sent By Job
	0  -  Total Bytes Received By Job
...
005 (8944.000.000) 12/02 21:49:52 Job terminated.
	(1) Normal termination (return value 0)
		Usr 0 00:00:00, Sys 0 00:00:00  -  Run Remote Usage
		Usr 0 00:00:00, Sys 0 00:00:00  -  Run Local Usage
		Usr 0 00:00:00, Sys 0 00:00:00  -  Total Remote Usage
		Usr 0 00:00:00, Sys 0 00:00:00  -  Total Local Usage
	0  -  Run Bytes Sent By Job
	0  -  Run Bytes Received By Job
	0  -  Total Bytes Sent By Job
	0  -  Total Bytes Received By Job
...
005 (8941.000.000) 12/02 21:49:52 Job terminated.
	(1) Normal termination (return value 0)
		Usr 0 00:00:00, Sys 0 00:00:00  -  Run Remote Usage
		Usr 0 00:00:00, Sys 0 00:00:00  -  Run Local Usage
		Usr 0 00:00:00, Sys 0 00:00:00  -  Total Remote Usage
		Usr 0 00:00:00, Sys 0 00:00:00  -  Total Local Usage
	0  -  Run Bytes Sent By Job
	0  -  Run Bytes Received By Job
	0  -  Total Bytes Sent By Job
	0  -  Total Bytes Received By Job
...
001 (8946.000.000) 12/02 21:49:52 Job executing on host: <54.153.25.18:12415?addrs=54.153.25.18-12415>
...
001 (8948.000.000) 12/02 21:49:52 Job executing on host: <54.153.25.18:49444?addrs=54.153.25.18-49444>
...
001 (8949.000.000) 12/02 21:49:52 Job executing on host: <54.153.25.18:29463?addrs=54.153.25.18-29463>
...
001 (8947.000.000) 12/02 21:49:52 Job executing on host: <54.153.25.18:55723?addrs=54.153.25.18-55723>
...
005 (8945.000.000) 12/02 21:49:53 Job terminated.
	(1) Normal termination (return value 0)
		Usr 0 00:00:00, Sys 0 00:00:00  -  Run Remote Usage
		Usr 0 00:00:00, Sys 0 00:00:00  -  Run Local Usage
		Usr 0 00:00:00, Sys 0 00:00:00  -  Total Remote Usage
		Usr 0 00:00:00, Sys 0 00:00:00  -  Total Local Usage
	0  -  Run Bytes Sent By Job
	0  -  Run Bytes Received By Job
	0  -  Total Bytes Sent By Job
	0  -  Total Bytes Received By Job
...
005 (8942.000.000) 12/02 21:49:54 Job terminated.
	(1) Normal termination (return value 0)
		Usr 0 00:00:00, Sys 0 00:00:00  -  Run Remote Usage
		Usr 0 00:00:00, Sys 0 00:00:00  -  Run Local Usage
		Usr 0 00:00:00, Sys 0 00:00:00  -  Total Remote Usage
		Usr 0 00:00:00, Sys 0 00:00:00  -  Total Local Usage
	0  -  Run Bytes Sent By Job
	0  -  Run Bytes Received By Job
	0  -  Total Bytes Sent By Job
	0  -  Total Bytes Received By Job
...
000 (8950.000.000) 12/02 21:49:56 Job submitted from host: <54.153.25.18:34310?addrs=54.153.25.18-34310>
    DAG Node: stage_in_remote_local_3_0
    pool:local
...
000 (8951.000.000) 12/02 21:49:56 Job submitted from host: <54.153.25.18:34310?addrs=54.153.25.18-34310>
    DAG Node: stage_in_remote_local_6_0
    pool:local
...
000 (8952.000.000) 12/02 21:49:56 Job submitted from host: <54.153.25.18:34310?addrs=54.153.25.18-34310>
    DAG Node: init_0_ID0000001
    pool:condorpool
...
016 (8941.000.000) 12/02 21:49:57 POST Script terminated.
	(1) Normal termination (return value 0)
    DAG Node: stage_in_local_local_5_1
...
016 (8944.000.000) 12/02 21:49:57 POST Script terminated.
	(1) Normal termination (return value 0)
    DAG Node: stage_in_local_local_7_0
...
016 (8945.000.000) 12/02 21:49:57 POST Script terminated.
	(1) Normal termination (return value 0)
    DAG Node: stage_in_local_local_4_1
...
005 (8946.000.000) 12/02 21:49:57 Job terminated.
	(1) Normal termination (return value 0)
		Usr 0 00:00:00, Sys 0 00:00:00  -  Run Remote Usage
		Usr 0 00:00:00, Sys 0 00:00:00  -  Run Local Usage
		Usr 0 00:00:00, Sys 0 00:00:00  -  Total Remote Usage
		Usr 0 00:00:00, Sys 0 00:00:00  -  Total Local Usage
	0  -  Run Bytes Sent By Job
	0  -  Run Bytes Received By Job
	0  -  Total Bytes Sent By Job
	0  -  Total Bytes Received By Job
...
016 (8943.000.000) 12/02 21:49:57 POST Script terminated.
	(1) Normal termination (return value 0)
    DAG Node: stage_in_local_local_1_0
...
016 (8942.000.000) 12/02 21:49:57 POST Script terminated.
	(1) Normal termination (return value 0)
    DAG Node: stage_in_local_local_4_0
...
001 (8950.000.000) 12/02 21:49:57 Job executing on host: <54.153.25.18:58676?addrs=54.153.25.18-58676>
...
005 (8947.000.000) 12/02 21:49:57 Job terminated.
	(1) Normal termination (return value 0)
		Usr 0 00:00:00, Sys 0 00:00:00  -  Run Remote Usage
		Usr 0 00:00:00, Sys 0 00:00:00  -  Run Local Usage
		Usr 0 00:00:00, Sys 0 00:00:00  -  Total Remote Usage
		Usr 0 00:00:00, Sys 0 00:00:00  -  Total Local Usage
	0  -  Run Bytes Sent By Job
	0  -  Run Bytes Received By Job
	0  -  Total Bytes Sent By Job
	0  -  Total Bytes Received By Job
...
005 (8949.000.000) 12/02 21:49:57 Job terminated.
	(1) Normal termination (return value 0)
		Usr 0 00:00:00, Sys 0 00:00:00  -  Run Remote Usage
		Usr 0 00:00:00, Sys 0 00:00:00  -  Run Local Usage
		Usr 0 00:00:00, Sys 0 00:00:00  -  Total Remote Usage
		Usr 0 00:00:00, Sys 0 00:00:00  -  Total Local Usage
	0  -  Run Bytes Sent By Job
	0  -  Run Bytes Received By Job
	0  -  Total Bytes Sent By Job
	0  -  Total Bytes Received By Job
...
001 (8951.000.000) 12/02 21:49:57 Job executing on host: <54.153.25.18:6659?addrs=54.153.25.18-6659>
...
005 (8948.000.000) 12/02 21:49:57 Job terminated.
	(1) Normal termination (return value 0)
		Usr 0 00:00:00, Sys 0 00:00:00  -  Run Remote Usage
		Usr 0 00:00:00, Sys 0 00:00:00  -  Run Local Usage
		Usr 0 00:00:00, Sys 0 00:00:00  -  Total Remote Usage
		Usr 0 00:00:00, Sys 0 00:00:00  -  Total Local Usage
	0  -  Run Bytes Sent By Job
	0  -  Run Bytes Received By Job
	0  -  Total Bytes Sent By Job
	0  -  Total Bytes Received By Job
...
005 (8951.000.000) 12/02 21:49:59 Job terminated.
	(1) Normal termination (return value 0)
		Usr 0 00:00:00, Sys 0 00:00:00  -  Run Remote Usage
		Usr 0 00:00:00, Sys 0 00:00:00  -  Run Local Usage
		Usr 0 00:00:00, Sys 0 00:00:00  -  Total Remote Usage
		Usr 0 00:00:00, Sys 0 00:00:00  -  Total Local Usage
	0  -  Run Bytes Sent By Job
	0  -  Run Bytes Received By Job
	0  -  Total Bytes Sent By Job
	0  -  Total Bytes Received By Job
...
005 (8950.000.000) 12/02 21:50:01 Job terminated.
	(1) Normal termination (return value 0)
		Usr 0 00:00:00, Sys 0 00:00:00  -  Run Remote Usage
		Usr 0 00:00:00, Sys 0 00:00:00  -  Run Local Usage
		Usr 0 00:00:00, Sys 0 00:00:00  -  Total Remote Usage
		Usr 0 00:00:00, Sys 0 00:00:00  -  Total Local Usage
	0  -  Run Bytes Sent By Job
	0  -  Run Bytes Received By Job
	0  -  Total Bytes Sent By Job
	0  -  Total Bytes Received By Job
...
016 (8946.000.000) 12/02 21:50:02 POST Script terminated.
	(1) Normal termination (return value 0)
    DAG Node: stage_in_remote_local_4_1
...
016 (8949.000.000) 12/02 21:50:02 POST Script terminated.
	(1) Normal termination (return value 0)
    DAG Node: stage_in_remote_local_3_1
...
016 (8951.000.000) 12/02 21:50:02 POST Script terminated.
	(1) Normal termination (return value 0)
    DAG Node: stage_in_remote_local_6_0
...
016 (8948.000.000) 12/02 21:50:02 POST Script terminated.
	(1) Normal termination (return value 0)
    DAG Node: stage_in_remote_local_2_0
...
016 (8947.000.000) 12/02 21:50:02 POST Script terminated.
	(1) Normal termination (return value 0)
    DAG Node: stage_in_remote_local_4_0
...
016 (8950.000.000) 12/02 21:50:06 POST Script terminated.
	(1) Normal termination (return value 0)
    DAG Node: stage_in_remote_local_3_0
...
001 (8952.000.000) 12/02 21:50:15 Job executing on host: <54.213.88.53:32108?addrs=54.213.88.53-32108&noUDP>
...
005 (8952.000.000) 12/02 22:05:07 Job terminated.
	(1) Normal termination (return value 0)
		Usr 0 00:00:00, Sys 0 00:00:00  -  Run Remote Usage
		Usr 0 00:00:00, Sys 0 00:00:00  -  Run Local Usage
		Usr 0 00:00:00, Sys 0 00:00:00  -  Total Remote Usage
		Usr 0 00:00:00, Sys 0 00:00:00  -  Total Local Usage
	4458  -  Run Bytes Sent By Job
	3169837  -  Run Bytes Received By Job
	4458  -  Total Bytes Sent By Job
	3169837  -  Total Bytes Received By Job
	Partitionable Resources :    Usage  Request Allocated
	   Cpus                 :                 1         1
	   Disk (KB)            :     6105     3250  27753680
	   Memory (MB)          :       15        1      3764
...
016 (8952.000.000) 12/02 22:05:07 POST Script terminated.
	(1) Normal termination (return value 0)
    DAG Node: init_0_ID0000001
...
000 (8953.000.000) 12/02 22:05:17 Job submitted from host: <54.153.25.18:34310?addrs=54.153.25.18-34310>
    DAG Node: clean_up_local_level_3_0
    pool:local
...
000 (8954.000.000) 12/02 22:05:17 Job submitted from host: <54.153.25.18:34310?addrs=54.153.25.18-34310>
    DAG Node: generalinfo_0_ID0000002
    pool:condorpool
...
001 (8953.000.000) 12/02 22:05:17 Job executing on host: <54.153.25.18:21944?addrs=54.153.25.18-21944>
...
001 (8954.000.000) 12/02 22:05:18 Job executing on host: <54.213.88.53:32108?addrs=54.213.88.53-32108&noUDP>
...
005 (8953.000.000) 12/02 22:05:20 Job terminated.
	(1) Normal termination (return value 0)
		Usr 0 00:00:00, Sys 0 00:00:00  -  Run Remote Usage
		Usr 0 00:00:00, Sys 0 00:00:00  -  Run Local Usage
		Usr 0 00:00:00, Sys 0 00:00:00  -  Total Remote Usage
		Usr 0 00:00:00, Sys 0 00:00:00  -  Total Local Usage
	0  -  Run Bytes Sent By Job
	0  -  Run Bytes Received By Job
	0  -  Total Bytes Sent By Job
	0  -  Total Bytes Received By Job
...
016 (8953.000.000) 12/02 22:05:23 POST Script terminated.
	(1) Normal termination (return value 0)
    DAG Node: clean_up_local_level_3_0
...
005 (8954.000.000) 12/02 23:09:12 Job terminated.
	(1) Normal termination (return value 0)
		Usr 0 01:00:17, Sys 0 00:00:45  -  Run Remote Usage
		Usr 0 00:00:00, Sys 0 00:00:00  -  Run Local Usage
		Usr 0 01:00:17, Sys 0 00:00:45  -  Total Remote Usage
		Usr 0 00:00:00, Sys 0 00:00:00  -  Total Local Usage
	5018  -  Run Bytes Sent By Job
	3168725  -  Run Bytes Received By Job
	5018  -  Total Bytes Sent By Job
	3168725  -  Total Bytes Received By Job
	Partitionable Resources :    Usage  Request Allocated
	   Cpus                 :                 1         1
	   Disk (KB)            :     6106     3250  27753680
	   Memory (MB)          :      127        1      3764
...
016 (8954.000.000) 12/02 23:09:12 POST Script terminated.
	(1) Normal termination (return value 0)
    DAG Node: generalinfo_0_ID0000002
...
000 (8955.000.000) 12/02 23:09:22 Job submitted from host: <54.153.25.18:34310?addrs=54.153.25.18-34310>
    DAG Node: clean_up_local_level_4_0
    pool:local
...
001 (8955.000.000) 12/02 23:09:22 Job executing on host: <54.153.25.18:28611?addrs=54.153.25.18-28611>
...
000 (8956.000.000) 12/02 23:09:22 Job submitted from host: <54.153.25.18:34310?addrs=54.153.25.18-34310>
    DAG Node: statscpumemory_0_ID0000003
    pool:condorpool
...
000 (8957.000.000) 12/02 23:09:22 Job submitted from host: <54.153.25.18:34310?addrs=54.153.25.18-34310>
    DAG Node: medianmemory_0_ID0000005
    pool:condorpool
...
000 (8958.000.000) 12/02 23:09:22 Job submitted from host: <54.153.25.18:34310?addrs=54.153.25.18-34310>
    DAG Node: mediancpu_0_ID0000004
    pool:condorpool
...
005 (8955.000.000) 12/02 23:09:26 Job terminated.
	(1) Normal termination (return value 0)
		Usr 0 00:00:00, Sys 0 00:00:00  -  Run Remote Usage
		Usr 0 00:00:00, Sys 0 00:00:00  -  Run Local Usage
		Usr 0 00:00:00, Sys 0 00:00:00  -  Total Remote Usage
		Usr 0 00:00:00, Sys 0 00:00:00  -  Total Local Usage
	0  -  Run Bytes Sent By Job
	0  -  Run Bytes Received By Job
	0  -  Total Bytes Sent By Job
	0  -  Total Bytes Received By Job
...
016 (8955.000.000) 12/02 23:09:28 POST Script terminated.
	(1) Normal termination (return value 0)
    DAG Node: clean_up_local_level_4_0
...
001 (8956.000.000) 12/02 23:09:43 Job executing on host: <54.213.88.53:32108?addrs=54.213.88.53-32108&noUDP>
...
001 (8958.000.000) 12/02 23:09:43 Job executing on host: <54.191.39.190:28005?addrs=54.191.39.190-28005&noUDP>
...
001 (8957.000.000) 12/02 23:09:43 Job executing on host: <54.191.178.138:35209?addrs=54.191.178.138-35209&noUDP>
...
005 (8957.000.000) 12/03 01:22:15 Job terminated.
	(1) Normal termination (return value 0)
		Usr 0 02:05:14, Sys 0 00:02:17  -  Run Remote Usage
		Usr 0 00:00:00, Sys 0 00:00:00  -  Run Local Usage
		Usr 0 02:05:14, Sys 0 00:02:17  -  Total Remote Usage
		Usr 0 00:00:00, Sys 0 00:00:00  -  Total Local Usage
	379624  -  Run Bytes Sent By Job
	3168620  -  Run Bytes Received By Job
	379624  -  Total Bytes Sent By Job
	3168620  -  Total Bytes Received By Job
	Partitionable Resources :    Usage  Request Allocated
	   Cpus                 :                 1         1
	   Disk (KB)            :  5910481     3250  27752704
	   Memory (MB)          :      149        1      3764
...
016 (8957.000.000) 12/03 01:22:20 POST Script terminated.
	(1) Normal termination (return value 0)
    DAG Node: medianmemory_0_ID0000005
...
005 (8958.000.000) 12/03 01:22:57 Job terminated.
	(1) Normal termination (return value 0)
		Usr 0 02:06:20, Sys 0 00:01:41  -  Run Remote Usage
		Usr 0 00:00:00, Sys 0 00:00:00  -  Run Local Usage
		Usr 0 02:06:20, Sys 0 00:01:41  -  Total Remote Usage
		Usr 0 00:00:00, Sys 0 00:00:00  -  Total Local Usage
	382108  -  Run Bytes Sent By Job
	3168584  -  Run Bytes Received By Job
	382108  -  Total Bytes Sent By Job
	3168584  -  Total Bytes Received By Job
	Partitionable Resources :    Usage  Request Allocated
	   Cpus                 :                 1         1
	   Disk (KB)            :  5780489     3250  27751940
	   Memory (MB)          :      153        1      3764
...
016 (8958.000.000) 12/03 01:23:00 POST Script terminated.
	(1) Normal termination (return value 0)
    DAG Node: mediancpu_0_ID0000004
...
000 (8959.000.000) 12/03 01:23:10 Job submitted from host: <54.153.25.18:34310?addrs=54.153.25.18-34310>
    DAG Node: clean_up_local_level_5_1
    pool:local
...
001 (8959.000.000) 12/03 01:23:10 Job executing on host: <54.153.25.18:31627?addrs=54.153.25.18-31627>
...
005 (8959.000.000) 12/03 01:23:15 Job terminated.
	(1) Normal termination (return value 0)
		Usr 0 00:00:00, Sys 0 00:00:00  -  Run Remote Usage
		Usr 0 00:00:00, Sys 0 00:00:00  -  Run Local Usage
		Usr 0 00:00:00, Sys 0 00:00:00  -  Total Remote Usage
		Usr 0 00:00:00, Sys 0 00:00:00  -  Total Local Usage
	0  -  Run Bytes Sent By Job
	0  -  Run Bytes Received By Job
	0  -  Total Bytes Sent By Job
	0  -  Total Bytes Received By Job
...
016 (8959.000.000) 12/03 01:23:16 POST Script terminated.
	(1) Normal termination (return value 0)
    DAG Node: clean_up_local_level_5_1
...
005 (8956.000.000) 12/03 01:23:45 Job terminated.
	(1) Normal termination (return value 0)
		Usr 0 02:06:44, Sys 0 00:01:37  -  Run Remote Usage
		Usr 0 00:00:00, Sys 0 00:00:00  -  Run Local Usage
		Usr 0 02:06:44, Sys 0 00:01:37  -  Total Remote Usage
		Usr 0 00:00:00, Sys 0 00:00:00  -  Total Local Usage
	5289  -  Run Bytes Sent By Job
	3170897  -  Run Bytes Received By Job
	5289  -  Total Bytes Sent By Job
	3170897  -  Total Bytes Received By Job
	Partitionable Resources :    Usage  Request Allocated
	   Cpus                 :                 1         1
	   Disk (KB)            :     6108     3250  27752944
	   Memory (MB)          :      136        1      3764
...
016 (8956.000.000) 12/03 01:23:50 POST Script terminated.
	(1) Normal termination (return value 0)
    DAG Node: statscpumemory_0_ID0000003
...
000 (8960.000.000) 12/03 01:24:00 Job submitted from host: <54.153.25.18:34310?addrs=54.153.25.18-34310>
    DAG Node: clean_up_local_level_5_0
    pool:local
...
000 (8961.000.000) 12/03 01:24:00 Job submitted from host: <54.153.25.18:34310?addrs=54.153.25.18-34310>
    DAG Node: taskevent_0_ID0000006
    pool:condorpool
...
001 (8960.000.000) 12/03 01:24:00 Job executing on host: <54.153.25.18:27113?addrs=54.153.25.18-27113>
...
000 (8962.000.000) 12/03 01:24:00 Job submitted from host: <54.153.25.18:34310?addrs=54.153.25.18-34310>
    DAG Node: taskevent_1_ID0000007
    pool:condorpool
...
000 (8963.000.000) 12/03 01:24:00 Job submitted from host: <54.153.25.18:34310?addrs=54.153.25.18-34310>
    DAG Node: taskevent_2_ID0000008
    pool:condorpool
...
005 (8960.000.000) 12/03 01:24:08 Job terminated.
	(1) Normal termination (return value 0)
		Usr 0 00:00:00, Sys 0 00:00:00  -  Run Remote Usage
		Usr 0 00:00:00, Sys 0 00:00:00  -  Run Local Usage
		Usr 0 00:00:00, Sys 0 00:00:00  -  Total Remote Usage
		Usr 0 00:00:00, Sys 0 00:00:00  -  Total Local Usage
	0  -  Run Bytes Sent By Job
	0  -  Run Bytes Received By Job
	0  -  Total Bytes Sent By Job
	0  -  Total Bytes Received By Job
...
016 (8960.000.000) 12/03 01:24:10 POST Script terminated.
	(1) Normal termination (return value 0)
    DAG Node: clean_up_local_level_5_0
...
001 (8961.000.000) 12/03 01:24:21 Job executing on host: <54.213.88.53:32108?addrs=54.213.88.53-32108&noUDP>
...
001 (8962.000.000) 12/03 01:24:21 Job executing on host: <54.191.178.138:35209?addrs=54.191.178.138-35209&noUDP>
...
001 (8963.000.000) 12/03 01:24:21 Job executing on host: <54.191.39.190:28005?addrs=54.191.39.190-28005&noUDP>
...
005 (8963.000.000) 12/03 01:35:59 Job terminated.
	(1) Normal termination (return value 0)
		Usr 0 00:00:51, Sys 0 00:00:00  -  Run Remote Usage
		Usr 0 00:00:00, Sys 0 00:00:00  -  Run Local Usage
		Usr 0 00:00:51, Sys 0 00:00:00  -  Total Remote Usage
		Usr 0 00:00:00, Sys 0 00:00:00  -  Total Local Usage
	8053  -  Run Bytes Sent By Job
	3174504  -  Run Bytes Received By Job
	8053  -  Total Bytes Sent By Job
	3174504  -  Total Bytes Received By Job
	Partitionable Resources :    Usage  Request Allocated
	   Cpus                 :                 1         1
	   Disk (KB)            :     6115     3250  27750704
	   Memory (MB)          :      120        1      3764
...
016 (8963.000.000) 12/03 01:36:01 POST Script terminated.
	(1) Normal termination (return value 0)
    DAG Node: taskevent_2_ID0000008
...
000 (8964.000.000) 12/03 01:36:11 Job submitted from host: <54.153.25.18:34310?addrs=54.153.25.18-34310>
    DAG Node: clean_up_local_level_6_1
    pool:local
...
001 (8964.000.000) 12/03 01:36:11 Job executing on host: <54.153.25.18:46672?addrs=54.153.25.18-46672>
...
005 (8964.000.000) 12/03 01:36:19 Job terminated.
	(1) Normal termination (return value 0)
		Usr 0 00:00:00, Sys 0 00:00:00  -  Run Remote Usage
		Usr 0 00:00:00, Sys 0 00:00:00  -  Run Local Usage
		Usr 0 00:00:00, Sys 0 00:00:00  -  Total Remote Usage
		Usr 0 00:00:00, Sys 0 00:00:00  -  Total Local Usage
	0  -  Run Bytes Sent By Job
	0  -  Run Bytes Received By Job
	0  -  Total Bytes Sent By Job
	0  -  Total Bytes Received By Job
...
016 (8964.000.000) 12/03 01:36:21 POST Script terminated.
	(1) Normal termination (return value 0)
    DAG Node: clean_up_local_level_6_1
...
005 (8962.000.000) 12/03 02:31:29 Job terminated.
	(1) Normal termination (return value 0)
		Usr 0 00:40:14, Sys 0 00:00:31  -  Run Remote Usage
		Usr 0 00:00:00, Sys 0 00:00:00  -  Run Local Usage
		Usr 0 00:40:14, Sys 0 00:00:31  -  Total Remote Usage
		Usr 0 00:00:00, Sys 0 00:00:00  -  Total Local Usage
	8061  -  Run Bytes Sent By Job
	3174504  -  Run Bytes Received By Job
	8061  -  Total Bytes Sent By Job
	3174504  -  Total Bytes Received By Job
	Partitionable Resources :    Usage  Request Allocated
	   Cpus                 :                 1         1
	   Disk (KB)            :     6115     3250  27751508
	   Memory (MB)          :      127        1      3764
...
016 (8962.000.000) 12/03 02:31:30 POST Script terminated.
	(1) Normal termination (return value 0)
    DAG Node: taskevent_1_ID0000007
...
005 (8961.000.000) 12/03 03:26:16 Job terminated.
	(1) Normal termination (return value 0)
		Usr 0 01:33:48, Sys 0 00:01:08  -  Run Remote Usage
		Usr 0 00:00:00, Sys 0 00:00:00  -  Run Local Usage
		Usr 0 01:33:48, Sys 0 00:01:08  -  Total Remote Usage
		Usr 0 00:00:00, Sys 0 00:00:00  -  Total Local Usage
	8059  -  Run Bytes Sent By Job
	3174504  -  Run Bytes Received By Job
	8059  -  Total Bytes Sent By Job
	3174504  -  Total Bytes Received By Job
	Partitionable Resources :    Usage  Request Allocated
	   Cpus                 :                 1         1
	   Disk (KB)            :     6115     3250  27751768
	   Memory (MB)          :      126        1      3764
...
016 (8961.000.000) 12/03 03:26:18 POST Script terminated.
	(1) Normal termination (return value 0)
    DAG Node: taskevent_0_ID0000006
...
000 (8965.000.000) 12/03 03:26:28 Job submitted from host: <54.153.25.18:34310?addrs=54.153.25.18-34310>
    DAG Node: clean_up_local_level_6_0
    pool:local
...
001 (8965.000.000) 12/03 03:26:29 Job executing on host: <54.153.25.18:62338?addrs=54.153.25.18-62338>
...
000 (8966.000.000) 12/03 03:26:29 Job submitted from host: <54.153.25.18:34310?addrs=54.153.25.18-34310>
    DAG Node: calculateratio_2_ID0000011
    pool:condorpool
...
000 (8967.000.000) 12/03 03:26:29 Job submitted from host: <54.153.25.18:34310?addrs=54.153.25.18-34310>
    DAG Node: calculateratio_1_ID0000010
    pool:condorpool
...
000 (8968.000.000) 12/03 03:26:29 Job submitted from host: <54.153.25.18:34310?addrs=54.153.25.18-34310>
    DAG Node: calculateratio_0_ID0000009
    pool:condorpool
...
001 (8966.000.000) 12/03 03:26:43 Job executing on host: <54.213.88.53:32108?addrs=54.213.88.53-32108&noUDP>
...
001 (8967.000.000) 12/03 03:26:43 Job executing on host: <54.191.178.138:35209?addrs=54.191.178.138-35209&noUDP>
...
001 (8968.000.000) 12/03 03:26:44 Job executing on host: <54.191.39.190:28005?addrs=54.191.39.190-28005&noUDP>
...
005 (8965.000.000) 12/03 03:26:45 Job terminated.
	(1) Normal termination (return value 0)
		Usr 0 00:00:00, Sys 0 00:00:00  -  Run Remote Usage
		Usr 0 00:00:00, Sys 0 00:00:00  -  Run Local Usage
		Usr 0 00:00:00, Sys 0 00:00:00  -  Total Remote Usage
		Usr 0 00:00:00, Sys 0 00:00:00  -  Total Local Usage
	0  -  Run Bytes Sent By Job
	0  -  Run Bytes Received By Job
	0  -  Total Bytes Sent By Job
	0  -  Total Bytes Received By Job
...
016 (8965.000.000) 12/03 03:26:49 POST Script terminated.
	(1) Normal termination (return value 0)
    DAG Node: clean_up_local_level_6_0
...
005 (8966.000.000) 12/03 05:09:32 Job terminated.
	(1) Normal termination (return value 0)
		Usr 0 00:41:53, Sys 0 00:01:27  -  Run Remote Usage
		Usr 0 00:00:00, Sys 0 00:00:00  -  Run Local Usage
		Usr 0 00:41:53, Sys 0 00:01:27  -  Total Remote Usage
		Usr 0 00:00:00, Sys 0 00:00:00  -  Total Local Usage
	359351  -  Run Bytes Sent By Job
	3173378  -  Run Bytes Received By Job
	359351  -  Total Bytes Sent By Job
	3173378  -  Total Bytes Received By Job
	Partitionable Resources :    Usage  Request Allocated
	   Cpus                 :                 1         1
	   Disk (KB)            :     6458     3250  27750672
	   Memory (MB)          :      152        1      3764
...
016 (8966.000.000) 12/03 05:09:35 POST Script terminated.
	(1) Normal termination (return value 0)
    DAG Node: calculateratio_2_ID0000011
...
005 (8967.000.000) 12/03 05:09:45 Job terminated.
	(1) Normal termination (return value 0)
		Usr 0 00:39:42, Sys 0 00:01:27  -  Run Remote Usage
		Usr 0 00:00:00, Sys 0 00:00:00  -  Run Local Usage
		Usr 0 00:39:42, Sys 0 00:01:27  -  Total Remote Usage
		Usr 0 00:00:00, Sys 0 00:00:00  -  Total Local Usage
	360280  -  Run Bytes Sent By Job
	3173378  -  Run Bytes Received By Job
	360280  -  Total Bytes Sent By Job
	3173378  -  Total Bytes Received By Job
	Partitionable Resources :    Usage  Request Allocated
	   Cpus                 :                 1         1
	   Disk (KB)            :     6459     3250  27750520
	   Memory (MB)          :      150        1      3764
...
016 (8967.000.000) 12/03 05:09:46 POST Script terminated.
	(1) Normal termination (return value 0)
    DAG Node: calculateratio_1_ID0000010
...
000 (8969.000.000) 12/03 05:09:56 Job submitted from host: <54.153.25.18:34310?addrs=54.153.25.18-34310>
    DAG Node: clean_up_local_level_7_0
    pool:local
...
001 (8969.000.000) 12/03 05:09:56 Job executing on host: <54.153.25.18:63798?addrs=54.153.25.18-63798>
...
005 (8969.000.000) 12/03 05:10:12 Job terminated.
	(1) Normal termination (return value 0)
		Usr 0 00:00:00, Sys 0 00:00:00  -  Run Remote Usage
		Usr 0 00:00:00, Sys 0 00:00:00  -  Run Local Usage
		Usr 0 00:00:00, Sys 0 00:00:00  -  Total Remote Usage
		Usr 0 00:00:00, Sys 0 00:00:00  -  Total Local Usage
	0  -  Run Bytes Sent By Job
	0  -  Run Bytes Received By Job
	0  -  Total Bytes Sent By Job
	0  -  Total Bytes Received By Job
...
016 (8969.000.000) 12/03 05:10:16 POST Script terminated.
	(1) Normal termination (return value 0)
    DAG Node: clean_up_local_level_7_0
...
005 (8968.000.000) 12/03 05:14:24 Job terminated.
	(1) Normal termination (return value 0)
		Usr 0 00:40:33, Sys 0 00:01:34  -  Run Remote Usage
		Usr 0 00:00:00, Sys 0 00:00:00  -  Run Local Usage
		Usr 0 00:40:33, Sys 0 00:01:34  -  Total Remote Usage
		Usr 0 00:00:00, Sys 0 00:00:00  -  Total Local Usage
	360216  -  Run Bytes Sent By Job
	3173378  -  Run Bytes Received By Job
	360216  -  Total Bytes Sent By Job
	3173378  -  Total Bytes Received By Job
	Partitionable Resources :    Usage  Request Allocated
	   Cpus                 :                 1         1
	   Disk (KB)            :     6459     3250  27749656
	   Memory (MB)          :      149        1      3764
...
016 (8968.000.000) 12/03 05:14:26 POST Script terminated.
	(1) Normal termination (return value 0)
    DAG Node: calculateratio_0_ID0000009
...
000 (8970.000.000) 12/03 05:14:36 Job submitted from host: <54.153.25.18:34310?addrs=54.153.25.18-34310>
    DAG Node: clean_up_local_level_7_1
    pool:local
...
001 (8970.000.000) 12/03 05:14:36 Job executing on host: <54.153.25.18:42020?addrs=54.153.25.18-42020>
...
000 (8971.000.000) 12/03 05:14:36 Job submitted from host: <54.153.25.18:34310?addrs=54.153.25.18-34310>
    DAG Node: averageratioevent_1_ID0000013
    pool:condorpool
...
000 (8972.000.000) 12/03 05:14:37 Job submitted from host: <54.153.25.18:34310?addrs=54.153.25.18-34310>
    DAG Node: averageratioevent_0_ID0000012
    pool:condorpool
...
000 (8973.000.000) 12/03 05:14:37 Job submitted from host: <54.153.25.18:34310?addrs=54.153.25.18-34310>
    DAG Node: averageratioevent_2_ID0000014
    pool:condorpool
...
005 (8970.000.000) 12/03 05:14:45 Job terminated.
	(1) Normal termination (return value 0)
		Usr 0 00:00:00, Sys 0 00:00:00  -  Run Remote Usage
		Usr 0 00:00:00, Sys 0 00:00:00  -  Run Local Usage
		Usr 0 00:00:00, Sys 0 00:00:00  -  Total Remote Usage
		Usr 0 00:00:00, Sys 0 00:00:00  -  Total Local Usage
	0  -  Run Bytes Sent By Job
	0  -  Run Bytes Received By Job
	0  -  Total Bytes Sent By Job
	0  -  Total Bytes Received By Job
...
016 (8970.000.000) 12/03 05:14:47 POST Script terminated.
	(1) Normal termination (return value 0)
    DAG Node: clean_up_local_level_7_1
...
001 (8971.000.000) 12/03 05:14:56 Job executing on host: <54.213.88.53:32108?addrs=54.213.88.53-32108&noUDP>
...
001 (8972.000.000) 12/03 05:14:56 Job executing on host: <54.191.178.138:35209?addrs=54.191.178.138-35209&noUDP>
...
001 (8973.000.000) 12/03 05:14:56 Job executing on host: <54.191.39.190:28005?addrs=54.191.39.190-28005&noUDP>
...
005 (8973.000.000) 12/03 05:14:59 Job terminated.
	(1) Normal termination (return value 0)
		Usr 0 00:00:00, Sys 0 00:00:00  -  Run Remote Usage
		Usr 0 00:00:00, Sys 0 00:00:00  -  Run Local Usage
		Usr 0 00:00:00, Sys 0 00:00:00  -  Total Remote Usage
		Usr 0 00:00:00, Sys 0 00:00:00  -  Total Local Usage
	83700  -  Run Bytes Sent By Job
	3169195  -  Run Bytes Received By Job
	83700  -  Total Bytes Sent By Job
	3169195  -  Total Bytes Received By Job
	Partitionable Resources :    Usage  Request Allocated
	   Cpus                 :                 1         1
	   Disk (KB)            :     6183     3250  27748680
	   Memory (MB)          :        0        1      3764
...
016 (8973.000.000) 12/03 05:15:02 POST Script terminated.
	(1) Normal termination (return value 0)
    DAG Node: averageratioevent_2_ID0000014
...
000 (8974.000.000) 12/03 05:15:12 Job submitted from host: <54.153.25.18:34310?addrs=54.153.25.18-34310>
    DAG Node: clean_up_local_level_8_1
    pool:local
...
001 (8974.000.000) 12/03 05:15:12 Job executing on host: <54.153.25.18:8828?addrs=54.153.25.18-8828>
...
005 (8974.000.000) 12/03 05:15:16 Job terminated.
	(1) Normal termination (return value 0)
		Usr 0 00:00:00, Sys 0 00:00:00  -  Run Remote Usage
		Usr 0 00:00:00, Sys 0 00:00:00  -  Run Local Usage
		Usr 0 00:00:00, Sys 0 00:00:00  -  Total Remote Usage
		Usr 0 00:00:00, Sys 0 00:00:00  -  Total Local Usage
	0  -  Run Bytes Sent By Job
	0  -  Run Bytes Received By Job
	0  -  Total Bytes Sent By Job
	0  -  Total Bytes Received By Job
...
016 (8974.000.000) 12/03 05:15:17 POST Script terminated.
	(1) Normal termination (return value 0)
    DAG Node: clean_up_local_level_8_1
...
005 (8971.000.000) 12/03 05:24:59 Job terminated.
	(1) Normal termination (return value 0)
		Usr 0 00:08:13, Sys 0 00:00:06  -  Run Remote Usage
		Usr 0 00:00:00, Sys 0 00:00:00  -  Run Local Usage
		Usr 0 00:08:13, Sys 0 00:00:06  -  Total Remote Usage
		Usr 0 00:00:00, Sys 0 00:00:00  -  Total Local Usage
	266705  -  Run Bytes Sent By Job
	3169195  -  Run Bytes Received By Job
	266705  -  Total Bytes Sent By Job
	3169195  -  Total Bytes Received By Job
	Partitionable Resources :    Usage  Request Allocated
	   Cpus                 :                 1         1
	   Disk (KB)            :    50186     3250  27749732
	   Memory (MB)          :      102        1      3764
...
016 (8971.000.000) 12/03 05:25:03 POST Script terminated.
	(1) Normal termination (return value 0)
    DAG Node: averageratioevent_1_ID0000013
...
005 (8972.000.000) 12/03 05:28:17 Job terminated.
	(1) Normal termination (return value 0)
		Usr 0 00:08:23, Sys 0 00:00:07  -  Run Remote Usage
		Usr 0 00:00:00, Sys 0 00:00:00  -  Run Local Usage
		Usr 0 00:08:23, Sys 0 00:00:07  -  Total Remote Usage
		Usr 0 00:00:00, Sys 0 00:00:00  -  Total Local Usage
	266704  -  Run Bytes Sent By Job
	3169199  -  Run Bytes Received By Job
	266704  -  Total Bytes Sent By Job
	3169199  -  Total Bytes Received By Job
	Partitionable Resources :    Usage  Request Allocated
	   Cpus                 :                 1         1
	   Disk (KB)            :    73882     3250  27750532
	   Memory (MB)          :      136        1      3764
...
016 (8972.000.000) 12/03 05:28:18 POST Script terminated.
	(1) Normal termination (return value 0)
    DAG Node: averageratioevent_0_ID0000012
...
000 (8975.000.000) 12/03 05:28:28 Job submitted from host: <54.153.25.18:34310?addrs=54.153.25.18-34310>
    DAG Node: clean_up_local_level_8_0
    pool:local
...
000 (8976.000.000) 12/03 05:28:29 Job submitted from host: <54.153.25.18:34310?addrs=54.153.25.18-34310>
    DAG Node: analysisevent_0_ID0000015
    pool:condorpool
...
001 (8975.000.000) 12/03 05:28:29 Job executing on host: <54.153.25.18:42897?addrs=54.153.25.18-42897>
...
001 (8976.000.000) 12/03 05:28:29 Job executing on host: <54.191.178.138:35209?addrs=54.191.178.138-35209&noUDP>
...
005 (8976.000.000) 12/03 05:28:30 Job terminated.
	(1) Normal termination (return value 0)
		Usr 0 00:00:00, Sys 0 00:00:00  -  Run Remote Usage
		Usr 0 00:00:00, Sys 0 00:00:00  -  Run Local Usage
		Usr 0 00:00:00, Sys 0 00:00:00  -  Total Remote Usage
		Usr 0 00:00:00, Sys 0 00:00:00  -  Total Local Usage
	5072  -  Run Bytes Sent By Job
	3169007  -  Run Bytes Received By Job
	5072  -  Total Bytes Sent By Job
	3169007  -  Total Bytes Received By Job
	Partitionable Resources :    Usage  Request Allocated
	   Cpus                 :                 1         1
	   Disk (KB)            :     6106     3250  27750532
	   Memory (MB)          :        0        1      3764
...
016 (8976.000.000) 12/03 05:28:34 POST Script terminated.
	(1) Normal termination (return value 0)
    DAG Node: analysisevent_0_ID0000015
...
005 (8975.000.000) 12/03 05:28:37 Job terminated.
	(1) Normal termination (return value 0)
		Usr 0 00:00:00, Sys 0 00:00:00  -  Run Remote Usage
		Usr 0 00:00:00, Sys 0 00:00:00  -  Run Local Usage
		Usr 0 00:00:00, Sys 0 00:00:00  -  Total Remote Usage
		Usr 0 00:00:00, Sys 0 00:00:00  -  Total Local Usage
	0  -  Run Bytes Sent By Job
	0  -  Run Bytes Received By Job
	0  -  Total Bytes Sent By Job
	0  -  Total Bytes Received By Job
...
016 (8975.000.000) 12/03 05:28:39 POST Script terminated.
	(1) Normal termination (return value 0)
    DAG Node: clean_up_local_level_8_0
...
000 (8977.000.000) 12/03 05:28:44 Job submitted from host: <54.153.25.18:34310?addrs=54.153.25.18-34310>
    DAG Node: terminate_0_ID0000016
    pool:condorpool
...
000 (8978.000.000) 12/03 05:28:44 Job submitted from host: <54.153.25.18:34310?addrs=54.153.25.18-34310>
    DAG Node: clean_up_local_level_9_0
    pool:local
...
001 (8977.000.000) 12/03 05:28:44 Job executing on host: <54.191.178.138:35209?addrs=54.191.178.138-35209&noUDP>
...
005 (8977.000.000) 12/03 05:28:45 Job terminated.
	(1) Normal termination (return value 0)
		Usr 0 00:00:00, Sys 0 00:00:00  -  Run Remote Usage
		Usr 0 00:00:00, Sys 0 00:00:00  -  Run Local Usage
		Usr 0 00:00:00, Sys 0 00:00:00  -  Total Remote Usage
		Usr 0 00:00:00, Sys 0 00:00:00  -  Total Local Usage
	4460  -  Run Bytes Sent By Job
	3167619  -  Run Bytes Received By Job
	4460  -  Total Bytes Sent By Job
	3167619  -  Total Bytes Received By Job
	Partitionable Resources :    Usage  Request Allocated
	   Cpus                 :                 1         1
	   Disk (KB)            :     6103     3250  27750532
	   Memory (MB)          :        0        1      3764
...
001 (8978.000.000) 12/03 05:28:49 Job executing on host: <54.153.25.18:64419?addrs=54.153.25.18-64419>
...
016 (8977.000.000) 12/03 05:28:49 POST Script terminated.
	(1) Normal termination (return value 0)
    DAG Node: terminate_0_ID0000016
...
005 (8978.000.000) 12/03 05:28:53 Job terminated.
	(1) Normal termination (return value 0)
		Usr 0 00:00:00, Sys 0 00:00:00  -  Run Remote Usage
		Usr 0 00:00:00, Sys 0 00:00:00  -  Run Local Usage
		Usr 0 00:00:00, Sys 0 00:00:00  -  Total Remote Usage
		Usr 0 00:00:00, Sys 0 00:00:00  -  Total Local Usage
	0  -  Run Bytes Sent By Job
	0  -  Run Bytes Received By Job
	0  -  Total Bytes Sent By Job
	0  -  Total Bytes Received By Job
...
016 (8978.000.000) 12/03 05:28:54 POST Script terminated.
	(1) Normal termination (return value 0)
    DAG Node: clean_up_local_level_9_0
...
000 (8979.000.000) 12/03 05:28:59 Job submitted from host: <54.153.25.18:34310?addrs=54.153.25.18-34310>
    DAG Node: clean_up_local_level_10_0
    pool:local
...
001 (8979.000.000) 12/03 05:28:59 Job executing on host: <54.153.25.18:14288?addrs=54.153.25.18-14288>
...
005 (8979.000.000) 12/03 05:29:02 Job terminated.
	(1) Normal termination (return value 0)
		Usr 0 00:00:00, Sys 0 00:00:00  -  Run Remote Usage
		Usr 0 00:00:00, Sys 0 00:00:00  -  Run Local Usage
		Usr 0 00:00:00, Sys 0 00:00:00  -  Total Remote Usage
		Usr 0 00:00:00, Sys 0 00:00:00  -  Total Local Usage
	0  -  Run Bytes Sent By Job
	0  -  Run Bytes Received By Job
	0  -  Total Bytes Sent By Job
	0  -  Total Bytes Received By Job
...
016 (8979.000.000) 12/03 05:29:05 POST Script terminated.
	(1) Normal termination (return value 0)
    DAG Node: clean_up_local_level_10_0
...
000 (8980.000.000) 12/03 05:29:14 Job submitted from host: <54.153.25.18:34310?addrs=54.153.25.18-34310>
    DAG Node: cleanup_example_workflow_0_local
    pool:local
...
001 (8980.000.000) 12/03 05:29:14 Job executing on host: <54.153.25.18:14187?addrs=54.153.25.18-14187>
...
005 (8980.000.000) 12/03 05:29:16 Job terminated.
	(1) Normal termination (return value 0)
		Usr 0 00:00:00, Sys 0 00:00:00  -  Run Remote Usage
		Usr 0 00:00:00, Sys 0 00:00:00  -  Run Local Usage
		Usr 0 00:00:00, Sys 0 00:00:00  -  Total Remote Usage
		Usr 0 00:00:00, Sys 0 00:00:00  -  Total Local Usage
	0  -  Run Bytes Sent By Job
	0  -  Run Bytes Received By Job
	0  -  Total Bytes Sent By Job
	0  -  Total Bytes Received By Job
...
