000 (10546.000.000) 01/17 12:02:42 Job submitted from host: <52.53.186.156:50814?addrs=52.53.186.156-50814>
    DAG Node: create_dir_example_workflow_0_local
    pool:local
...
001 (10546.000.000) 01/17 12:02:43 Job executing on host: <52.53.186.156:15739?addrs=52.53.186.156-15739>
...
005 (10546.000.000) 01/17 12:02:46 Job terminated.
	(1) Normal termination (return value 0)
		Usr 0 00:00:00, Sys 0 00:00:00  -  Run Remote Usage
		Usr 0 00:00:00, Sys 0 00:00:00  -  Run Local Usage
		Usr 0 00:00:00, Sys 0 00:00:00  -  Total Remote Usage
		Usr 0 00:00:00, Sys 0 00:00:00  -  Total Local Usage
	0  -  Run Bytes Sent By Job
	0  -  Run Bytes Received By Job
	0  -  Total Bytes Sent By Job
	0  -  Total Bytes Received By Job
...
016 (10546.000.000) 01/17 12:02:48 POST Script terminated.
	(1) Normal termination (return value 0)
    DAG Node: create_dir_example_workflow_0_local
...
000 (10547.000.000) 01/17 12:02:57 Job submitted from host: <52.53.186.156:50814?addrs=52.53.186.156-50814>
    DAG Node: stage_in_local_local_0_0
    pool:local
...
001 (10547.000.000) 01/17 12:02:57 Job executing on host: <52.53.186.156:53572?addrs=52.53.186.156-53572>
...
000 (10548.000.000) 01/17 12:02:57 Job submitted from host: <52.53.186.156:50814?addrs=52.53.186.156-50814>
    DAG Node: stage_in_local_local_4_0
    pool:local
...
000 (10549.000.000) 01/17 12:02:57 Job submitted from host: <52.53.186.156:50814?addrs=52.53.186.156-50814>
    DAG Node: stage_in_local_local_1_0
    pool:local
...
000 (10550.000.000) 01/17 12:02:57 Job submitted from host: <52.53.186.156:50814?addrs=52.53.186.156-50814>
    DAG Node: stage_in_local_local_2_0
    pool:local
...
000 (10551.000.000) 01/17 12:02:57 Job submitted from host: <52.53.186.156:50814?addrs=52.53.186.156-50814>
    DAG Node: stage_in_local_local_2_1
    pool:local
...
005 (10547.000.000) 01/17 12:02:59 Job terminated.
	(1) Normal termination (return value 0)
		Usr 0 00:00:00, Sys 0 00:00:00  -  Run Remote Usage
		Usr 0 00:00:00, Sys 0 00:00:00  -  Run Local Usage
		Usr 0 00:00:00, Sys 0 00:00:00  -  Total Remote Usage
		Usr 0 00:00:00, Sys 0 00:00:00  -  Total Local Usage
	0  -  Run Bytes Sent By Job
	0  -  Run Bytes Received By Job
	0  -  Total Bytes Sent By Job
	0  -  Total Bytes Received By Job
...
001 (10549.000.000) 01/17 12:02:59 Job executing on host: <52.53.186.156:35707?addrs=52.53.186.156-35707>
...
001 (10548.000.000) 01/17 12:02:59 Job executing on host: <52.53.186.156:46331?addrs=52.53.186.156-46331>
...
001 (10551.000.000) 01/17 12:02:59 Job executing on host: <52.53.186.156:32855?addrs=52.53.186.156-32855>
...
001 (10550.000.000) 01/17 12:02:59 Job executing on host: <52.53.186.156:6437?addrs=52.53.186.156-6437>
...
005 (10548.000.000) 01/17 12:03:02 Job terminated.
	(1) Normal termination (return value 0)
		Usr 0 00:00:00, Sys 0 00:00:00  -  Run Remote Usage
		Usr 0 00:00:00, Sys 0 00:00:00  -  Run Local Usage
		Usr 0 00:00:00, Sys 0 00:00:00  -  Total Remote Usage
		Usr 0 00:00:00, Sys 0 00:00:00  -  Total Local Usage
	0  -  Run Bytes Sent By Job
	0  -  Run Bytes Received By Job
	0  -  Total Bytes Sent By Job
	0  -  Total Bytes Received By Job
...
005 (10549.000.000) 01/17 12:03:02 Job terminated.
	(1) Normal termination (return value 0)
		Usr 0 00:00:00, Sys 0 00:00:00  -  Run Remote Usage
		Usr 0 00:00:00, Sys 0 00:00:00  -  Run Local Usage
		Usr 0 00:00:00, Sys 0 00:00:00  -  Total Remote Usage
		Usr 0 00:00:00, Sys 0 00:00:00  -  Total Local Usage
	0  -  Run Bytes Sent By Job
	0  -  Run Bytes Received By Job
	0  -  Total Bytes Sent By Job
	0  -  Total Bytes Received By Job
...
005 (10551.000.000) 01/17 12:03:02 Job terminated.
	(1) Normal termination (return value 0)
		Usr 0 00:00:00, Sys 0 00:00:00  -  Run Remote Usage
		Usr 0 00:00:00, Sys 0 00:00:00  -  Run Local Usage
		Usr 0 00:00:00, Sys 0 00:00:00  -  Total Remote Usage
		Usr 0 00:00:00, Sys 0 00:00:00  -  Total Local Usage
	0  -  Run Bytes Sent By Job
	0  -  Run Bytes Received By Job
	0  -  Total Bytes Sent By Job
	0  -  Total Bytes Received By Job
...
000 (10552.000.000) 01/17 12:03:02 Job submitted from host: <52.53.186.156:50814?addrs=52.53.186.156-50814>
    DAG Node: stage_in_remote_local_1_0
    pool:local
...
001 (10552.000.000) 01/17 12:03:02 Job executing on host: <52.53.186.156:37580?addrs=52.53.186.156-37580>
...
000 (10553.000.000) 01/17 12:03:02 Job submitted from host: <52.53.186.156:50814?addrs=52.53.186.156-50814>
    DAG Node: stage_in_local_local_3_1
    pool:local
...
001 (10553.000.000) 01/17 12:03:02 Job executing on host: <52.53.186.156:26254?addrs=52.53.186.156-26254>
...
000 (10554.000.000) 01/17 12:03:02 Job submitted from host: <52.53.186.156:50814?addrs=52.53.186.156-50814>
    DAG Node: stage_in_local_local_3_0
    pool:local
...
001 (10554.000.000) 01/17 12:03:02 Job executing on host: <52.53.186.156:26934?addrs=52.53.186.156-26934>
...
000 (10555.000.000) 01/17 12:03:02 Job submitted from host: <52.53.186.156:50814?addrs=52.53.186.156-50814>
    DAG Node: stage_in_remote_local_3_1
    pool:local
...
000 (10556.000.000) 01/17 12:03:03 Job submitted from host: <52.53.186.156:50814?addrs=52.53.186.156-50814>
    DAG Node: stage_in_remote_local_3_0
    pool:local
...
016 (10547.000.000) 01/17 12:03:03 POST Script terminated.
	(1) Normal termination (return value 0)
    DAG Node: stage_in_local_local_0_0
...
016 (10549.000.000) 01/17 12:03:03 POST Script terminated.
	(1) Normal termination (return value 0)
    DAG Node: stage_in_local_local_1_0
...
016 (10551.000.000) 01/17 12:03:03 POST Script terminated.
	(1) Normal termination (return value 0)
    DAG Node: stage_in_local_local_2_1
...
016 (10548.000.000) 01/17 12:03:03 POST Script terminated.
	(1) Normal termination (return value 0)
    DAG Node: stage_in_local_local_4_0
...
005 (10550.000.000) 01/17 12:03:04 Job terminated.
	(1) Normal termination (return value 0)
		Usr 0 00:00:00, Sys 0 00:00:00  -  Run Remote Usage
		Usr 0 00:00:00, Sys 0 00:00:00  -  Run Local Usage
		Usr 0 00:00:00, Sys 0 00:00:00  -  Total Remote Usage
		Usr 0 00:00:00, Sys 0 00:00:00  -  Total Local Usage
	0  -  Run Bytes Sent By Job
	0  -  Run Bytes Received By Job
	0  -  Total Bytes Sent By Job
	0  -  Total Bytes Received By Job
...
001 (10555.000.000) 01/17 12:03:04 Job executing on host: <52.53.186.156:27788?addrs=52.53.186.156-27788>
...
001 (10556.000.000) 01/17 12:03:04 Job executing on host: <52.53.186.156:41662?addrs=52.53.186.156-41662>
...
005 (10552.000.000) 01/17 12:03:04 Job terminated.
	(1) Normal termination (return value 0)
		Usr 0 00:00:00, Sys 0 00:00:00  -  Run Remote Usage
		Usr 0 00:00:00, Sys 0 00:00:00  -  Run Local Usage
		Usr 0 00:00:00, Sys 0 00:00:00  -  Total Remote Usage
		Usr 0 00:00:00, Sys 0 00:00:00  -  Total Local Usage
	0  -  Run Bytes Sent By Job
	0  -  Run Bytes Received By Job
	0  -  Total Bytes Sent By Job
	0  -  Total Bytes Received By Job
...
005 (10553.000.000) 01/17 12:03:05 Job terminated.
	(1) Normal termination (return value 0)
		Usr 0 00:00:00, Sys 0 00:00:00  -  Run Remote Usage
		Usr 0 00:00:00, Sys 0 00:00:00  -  Run Local Usage
		Usr 0 00:00:00, Sys 0 00:00:00  -  Total Remote Usage
		Usr 0 00:00:00, Sys 0 00:00:00  -  Total Local Usage
	0  -  Run Bytes Sent By Job
	0  -  Run Bytes Received By Job
	0  -  Total Bytes Sent By Job
	0  -  Total Bytes Received By Job
...
005 (10555.000.000) 01/17 12:03:06 Job terminated.
	(1) Normal termination (return value 0)
		Usr 0 00:00:00, Sys 0 00:00:00  -  Run Remote Usage
		Usr 0 00:00:00, Sys 0 00:00:00  -  Run Local Usage
		Usr 0 00:00:00, Sys 0 00:00:00  -  Total Remote Usage
		Usr 0 00:00:00, Sys 0 00:00:00  -  Total Local Usage
	0  -  Run Bytes Sent By Job
	0  -  Run Bytes Received By Job
	0  -  Total Bytes Sent By Job
	0  -  Total Bytes Received By Job
...
005 (10554.000.000) 01/17 12:03:07 Job terminated.
	(1) Normal termination (return value 0)
		Usr 0 00:00:00, Sys 0 00:00:00  -  Run Remote Usage
		Usr 0 00:00:00, Sys 0 00:00:00  -  Run Local Usage
		Usr 0 00:00:00, Sys 0 00:00:00  -  Total Remote Usage
		Usr 0 00:00:00, Sys 0 00:00:00  -  Total Local Usage
	0  -  Run Bytes Sent By Job
	0  -  Run Bytes Received By Job
	0  -  Total Bytes Sent By Job
	0  -  Total Bytes Received By Job
...
005 (10556.000.000) 01/17 12:03:08 Job terminated.
	(1) Normal termination (return value 0)
		Usr 0 00:00:00, Sys 0 00:00:00  -  Run Remote Usage
		Usr 0 00:00:00, Sys 0 00:00:00  -  Run Local Usage
		Usr 0 00:00:00, Sys 0 00:00:00  -  Total Remote Usage
		Usr 0 00:00:00, Sys 0 00:00:00  -  Total Local Usage
	0  -  Run Bytes Sent By Job
	0  -  Run Bytes Received By Job
	0  -  Total Bytes Sent By Job
	0  -  Total Bytes Received By Job
...
016 (10552.000.000) 01/17 12:03:09 POST Script terminated.
	(1) Normal termination (return value 0)
    DAG Node: stage_in_remote_local_1_0
...
016 (10556.000.000) 01/17 12:03:09 POST Script terminated.
	(1) Normal termination (return value 0)
    DAG Node: stage_in_remote_local_3_0
...
016 (10550.000.000) 01/17 12:03:09 POST Script terminated.
	(1) Normal termination (return value 0)
    DAG Node: stage_in_local_local_2_0
...
016 (10553.000.000) 01/17 12:03:09 POST Script terminated.
	(1) Normal termination (return value 0)
    DAG Node: stage_in_local_local_3_1
...
016 (10554.000.000) 01/17 12:03:09 POST Script terminated.
	(1) Normal termination (return value 0)
    DAG Node: stage_in_local_local_3_0
...
016 (10555.000.000) 01/17 12:03:09 POST Script terminated.
	(1) Normal termination (return value 0)
    DAG Node: stage_in_remote_local_3_1
...
000 (10557.000.000) 01/17 12:03:13 Job submitted from host: <52.53.186.156:50814?addrs=52.53.186.156-50814>
    DAG Node: init_0_ID0000001
    pool:condorpool
...
001 (10557.000.000) 01/17 12:03:19 Job executing on host: <54.214.127.201:57167?addrs=54.214.127.201-57167&noUDP>
...
005 (10557.000.000) 01/17 12:12:03 Job terminated.
	(1) Normal termination (return value 0)
		Usr 0 00:00:00, Sys 0 00:00:00  -  Run Remote Usage
		Usr 0 00:00:00, Sys 0 00:00:00  -  Run Local Usage
		Usr 0 00:00:00, Sys 0 00:00:00  -  Total Remote Usage
		Usr 0 00:00:00, Sys 0 00:00:00  -  Total Local Usage
	4453  -  Run Bytes Sent By Job
	3168470  -  Run Bytes Received By Job
	4453  -  Total Bytes Sent By Job
	3168470  -  Total Bytes Received By Job
	Partitionable Resources :    Usage  Request Allocated
	   Cpus                 :                 1         1
	   Disk (KB)            :     6104     3250  27751100
	   Memory (MB)          :       15        1      3764
...
016 (10557.000.000) 01/17 12:12:04 POST Script terminated.
	(1) Normal termination (return value 0)
    DAG Node: init_0_ID0000001
...
000 (10558.000.000) 01/17 12:12:14 Job submitted from host: <52.53.186.156:50814?addrs=52.53.186.156-50814>
    DAG Node: clean_up_local_level_3_0
    pool:local
...
001 (10558.000.000) 01/17 12:12:14 Job executing on host: <52.53.186.156:10736?addrs=52.53.186.156-10736>
...
000 (10559.000.000) 01/17 12:12:14 Job submitted from host: <52.53.186.156:50814?addrs=52.53.186.156-50814>
    DAG Node: computeusergroup_0_ID0000002
    pool:condorpool
...
001 (10559.000.000) 01/17 12:12:15 Job executing on host: <54.214.127.201:57167?addrs=54.214.127.201-57167&noUDP>
...
005 (10558.000.000) 01/17 12:12:16 Job terminated.
	(1) Normal termination (return value 0)
		Usr 0 00:00:00, Sys 0 00:00:00  -  Run Remote Usage
		Usr 0 00:00:00, Sys 0 00:00:00  -  Run Local Usage
		Usr 0 00:00:00, Sys 0 00:00:00  -  Total Remote Usage
		Usr 0 00:00:00, Sys 0 00:00:00  -  Total Local Usage
	0  -  Run Bytes Sent By Job
	0  -  Run Bytes Received By Job
	0  -  Total Bytes Sent By Job
	0  -  Total Bytes Received By Job
...
016 (10558.000.000) 01/17 12:12:19 POST Script terminated.
	(1) Normal termination (return value 0)
    DAG Node: clean_up_local_level_3_0
...
005 (10559.000.000) 01/17 13:14:04 Job terminated.
	(1) Normal termination (return value 0)
		Usr 0 00:04:48, Sys 0 00:00:15  -  Run Remote Usage
		Usr 0 00:00:00, Sys 0 00:00:00  -  Run Local Usage
		Usr 0 00:04:48, Sys 0 00:00:15  -  Total Remote Usage
		Usr 0 00:00:00, Sys 0 00:00:00  -  Total Local Usage
	519943  -  Run Bytes Sent By Job
	3170866  -  Run Bytes Received By Job
	519943  -  Total Bytes Sent By Job
	3170866  -  Total Bytes Received By Job
	Partitionable Resources :    Usage  Request Allocated
	   Cpus                 :                 1         1
	   Disk (KB)            :    81635     3250  27751100
	   Memory (MB)          :      549        1      3764
...
016 (10559.000.000) 01/17 13:14:07 POST Script terminated.
	(1) Normal termination (return value 0)
    DAG Node: computeusergroup_0_ID0000002
...
000 (10560.000.000) 01/17 13:14:18 Job submitted from host: <52.53.186.156:50814?addrs=52.53.186.156-50814>
    DAG Node: clean_up_local_level_4_0
    pool:local
...
001 (10560.000.000) 01/17 13:14:18 Job executing on host: <52.53.186.156:43057?addrs=52.53.186.156-43057>
...
000 (10561.000.000) 01/17 13:14:18 Job submitted from host: <52.53.186.156:50814?addrs=52.53.186.156-50814>
    DAG Node: sessioncompute_1_ID0000004
    pool:condorpool
...
000 (10562.000.000) 01/17 13:14:18 Job submitted from host: <52.53.186.156:50814?addrs=52.53.186.156-50814>
    DAG Node: stage_out_local_local_1_0
    pool:local
...
000 (10563.000.000) 01/17 13:14:18 Job submitted from host: <52.53.186.156:50814?addrs=52.53.186.156-50814>
    DAG Node: stage_out_local_local_1_1
    pool:local
...
000 (10564.000.000) 01/17 13:14:18 Job submitted from host: <52.53.186.156:50814?addrs=52.53.186.156-50814>
    DAG Node: sessioncompute_0_ID0000003
    pool:condorpool
...
005 (10560.000.000) 01/17 13:14:22 Job terminated.
	(1) Normal termination (return value 0)
		Usr 0 00:00:00, Sys 0 00:00:00  -  Run Remote Usage
		Usr 0 00:00:00, Sys 0 00:00:00  -  Run Local Usage
		Usr 0 00:00:00, Sys 0 00:00:00  -  Total Remote Usage
		Usr 0 00:00:00, Sys 0 00:00:00  -  Total Local Usage
	0  -  Run Bytes Sent By Job
	0  -  Run Bytes Received By Job
	0  -  Total Bytes Sent By Job
	0  -  Total Bytes Received By Job
...
001 (10563.000.000) 01/17 13:14:22 Job executing on host: <52.53.186.156:38419?addrs=52.53.186.156-38419>
...
001 (10562.000.000) 01/17 13:14:22 Job executing on host: <52.53.186.156:48440?addrs=52.53.186.156-48440>
...
000 (10565.000.000) 01/17 13:14:23 Job submitted from host: <52.53.186.156:50814?addrs=52.53.186.156-50814>
    DAG Node: sessioncompute_2_ID0000005
    pool:condorpool
...
016 (10560.000.000) 01/17 13:14:24 POST Script terminated.
	(1) Normal termination (return value 0)
    DAG Node: clean_up_local_level_4_0
...
005 (10563.000.000) 01/17 13:14:25 Job terminated.
	(1) Normal termination (return value 0)
		Usr 0 00:00:00, Sys 0 00:00:00  -  Run Remote Usage
		Usr 0 00:00:00, Sys 0 00:00:00  -  Run Local Usage
		Usr 0 00:00:00, Sys 0 00:00:00  -  Total Remote Usage
		Usr 0 00:00:00, Sys 0 00:00:00  -  Total Local Usage
	0  -  Run Bytes Sent By Job
	0  -  Run Bytes Received By Job
	0  -  Total Bytes Sent By Job
	0  -  Total Bytes Received By Job
...
005 (10562.000.000) 01/17 13:14:27 Job terminated.
	(1) Normal termination (return value 0)
		Usr 0 00:00:00, Sys 0 00:00:00  -  Run Remote Usage
		Usr 0 00:00:00, Sys 0 00:00:00  -  Run Local Usage
		Usr 0 00:00:00, Sys 0 00:00:00  -  Total Remote Usage
		Usr 0 00:00:00, Sys 0 00:00:00  -  Total Local Usage
	0  -  Run Bytes Sent By Job
	0  -  Run Bytes Received By Job
	0  -  Total Bytes Sent By Job
	0  -  Total Bytes Received By Job
...
016 (10562.000.000) 01/17 13:14:28 POST Script terminated.
	(1) Normal termination (return value 0)
    DAG Node: stage_out_local_local_1_0
...
016 (10563.000.000) 01/17 13:14:28 POST Script terminated.
	(1) Normal termination (return value 0)
    DAG Node: stage_out_local_local_1_1
...
001 (10564.000.000) 01/17 13:14:38 Job executing on host: <54.213.252.53:23695?addrs=54.213.252.53-23695&noUDP>
...
001 (10561.000.000) 01/17 13:14:38 Job executing on host: <54.214.127.201:57167?addrs=54.214.127.201-57167&noUDP>
...
001 (10565.000.000) 01/17 13:14:38 Job executing on host: <54.201.168.39:41677?addrs=54.201.168.39-41677&noUDP>
...
005 (10561.000.000) 01/17 13:24:46 Job terminated.
	(1) Normal termination (return value 0)
		Usr 0 00:07:10, Sys 0 00:00:05  -  Run Remote Usage
		Usr 0 00:00:00, Sys 0 00:00:00  -  Run Local Usage
		Usr 0 00:07:10, Sys 0 00:00:05  -  Total Remote Usage
		Usr 0 00:00:00, Sys 0 00:00:00  -  Total Local Usage
	342426  -  Run Bytes Sent By Job
	3216445  -  Run Bytes Received By Job
	342426  -  Total Bytes Sent By Job
	3216445  -  Total Bytes Received By Job
	Partitionable Resources :    Usage  Request Allocated
	   Cpus                 :                 1         1
	   Disk (KB)            :    10882     3250  27750820
	   Memory (MB)          :       42        1      3764
...
016 (10561.000.000) 01/17 13:24:49 POST Script terminated.
	(1) Normal termination (return value 0)
    DAG Node: sessioncompute_1_ID0000004
...
005 (10564.000.000) 01/17 13:25:05 Job terminated.
	(1) Normal termination (return value 0)
		Usr 0 00:07:27, Sys 0 00:00:04  -  Run Remote Usage
		Usr 0 00:00:00, Sys 0 00:00:00  -  Run Local Usage
		Usr 0 00:07:27, Sys 0 00:00:04  -  Total Remote Usage
		Usr 0 00:00:00, Sys 0 00:00:00  -  Total Local Usage
	344389  -  Run Bytes Sent By Job
	3219069  -  Run Bytes Received By Job
	344389  -  Total Bytes Sent By Job
	3219069  -  Total Bytes Received By Job
	Partitionable Resources :    Usage  Request Allocated
	   Cpus                 :                 1         1
	   Disk (KB)            :    14355     3250  27753664
	   Memory (MB)          :       44        1      3764
...
016 (10564.000.000) 01/17 13:25:09 POST Script terminated.
	(1) Normal termination (return value 0)
    DAG Node: sessioncompute_0_ID0000003
...
005 (10565.000.000) 01/17 13:26:16 Job terminated.
	(1) Normal termination (return value 0)
		Usr 0 00:07:48, Sys 0 00:00:05  -  Run Remote Usage
		Usr 0 00:00:00, Sys 0 00:00:00  -  Run Local Usage
		Usr 0 00:07:48, Sys 0 00:00:05  -  Total Remote Usage
		Usr 0 00:00:00, Sys 0 00:00:00  -  Total Local Usage
	354663  -  Run Bytes Sent By Job
	3216889  -  Run Bytes Received By Job
	354663  -  Total Bytes Sent By Job
	3216889  -  Total Bytes Received By Job
	Partitionable Resources :    Usage  Request Allocated
	   Cpus                 :                 1         1
	   Disk (KB)            :    17503     3250  27753684
	   Memory (MB)          :       51        1      3764
...
016 (10565.000.000) 01/17 13:26:19 POST Script terminated.
	(1) Normal termination (return value 0)
    DAG Node: sessioncompute_2_ID0000005
...
000 (10566.000.000) 01/17 13:26:29 Job submitted from host: <52.53.186.156:50814?addrs=52.53.186.156-50814>
    DAG Node: longestsession_2_ID0000008
    pool:condorpool
...
000 (10567.000.000) 01/17 13:26:29 Job submitted from host: <52.53.186.156:50814?addrs=52.53.186.156-50814>
    DAG Node: longestsession_1_ID0000007
    pool:condorpool
...
000 (10568.000.000) 01/17 13:26:29 Job submitted from host: <52.53.186.156:50814?addrs=52.53.186.156-50814>
    DAG Node: clean_up_local_level_5_0
    pool:local
...
000 (10569.000.000) 01/17 13:26:29 Job submitted from host: <52.53.186.156:50814?addrs=52.53.186.156-50814>
    DAG Node: clean_up_local_level_5_1
    pool:local
...
000 (10570.000.000) 01/17 13:26:30 Job submitted from host: <52.53.186.156:50814?addrs=52.53.186.156-50814>
    DAG Node: longestsession_0_ID0000006
    pool:condorpool
...
001 (10566.000.000) 01/17 13:26:30 Job executing on host: <54.201.168.39:41677?addrs=54.201.168.39-41677&noUDP>
...
001 (10569.000.000) 01/17 13:26:35 Job executing on host: <52.53.186.156:30744?addrs=52.53.186.156-30744>
...
001 (10568.000.000) 01/17 13:26:35 Job executing on host: <52.53.186.156:41131?addrs=52.53.186.156-41131>
...
005 (10569.000.000) 01/17 13:26:39 Job terminated.
	(1) Normal termination (return value 0)
		Usr 0 00:00:00, Sys 0 00:00:00  -  Run Remote Usage
		Usr 0 00:00:00, Sys 0 00:00:00  -  Run Local Usage
		Usr 0 00:00:00, Sys 0 00:00:00  -  Total Remote Usage
		Usr 0 00:00:00, Sys 0 00:00:00  -  Total Local Usage
	0  -  Run Bytes Sent By Job
	0  -  Run Bytes Received By Job
	0  -  Total Bytes Sent By Job
	0  -  Total Bytes Received By Job
...
016 (10569.000.000) 01/17 13:26:40 POST Script terminated.
	(1) Normal termination (return value 0)
    DAG Node: clean_up_local_level_5_1
...
005 (10566.000.000) 01/17 13:26:41 Job terminated.
	(1) Normal termination (return value 0)
		Usr 0 00:00:00, Sys 0 00:00:00  -  Run Remote Usage
		Usr 0 00:00:00, Sys 0 00:00:00  -  Run Local Usage
		Usr 0 00:00:00, Sys 0 00:00:00  -  Total Remote Usage
		Usr 0 00:00:00, Sys 0 00:00:00  -  Total Local Usage
	40696  -  Run Bytes Sent By Job
	3170626  -  Run Bytes Received By Job
	40696  -  Total Bytes Sent By Job
	3170626  -  Total Bytes Received By Job
	Partitionable Resources :    Usage  Request Allocated
	   Cpus                 :                 1         1
	   Disk (KB)            :     6143     3250  27753684
	   Memory (MB)          :        2        1      3764
...
001 (10567.000.000) 01/17 13:26:42 Job executing on host: <54.201.168.39:41677?addrs=54.201.168.39-41677&noUDP>
...
005 (10568.000.000) 01/17 13:26:43 Job terminated.
	(1) Normal termination (return value 0)
		Usr 0 00:00:00, Sys 0 00:00:00  -  Run Remote Usage
		Usr 0 00:00:00, Sys 0 00:00:00  -  Run Local Usage
		Usr 0 00:00:00, Sys 0 00:00:00  -  Total Remote Usage
		Usr 0 00:00:00, Sys 0 00:00:00  -  Total Local Usage
	0  -  Run Bytes Sent By Job
	0  -  Run Bytes Received By Job
	0  -  Total Bytes Sent By Job
	0  -  Total Bytes Received By Job
...
016 (10566.000.000) 01/17 13:26:45 POST Script terminated.
	(1) Normal termination (return value 0)
    DAG Node: longestsession_2_ID0000008
...
016 (10568.000.000) 01/17 13:26:45 POST Script terminated.
	(1) Normal termination (return value 0)
    DAG Node: clean_up_local_level_5_0
...
005 (10567.000.000) 01/17 13:26:49 Job terminated.
	(1) Normal termination (return value 0)
		Usr 0 00:00:00, Sys 0 00:00:00  -  Run Remote Usage
		Usr 0 00:00:00, Sys 0 00:00:00  -  Run Local Usage
		Usr 0 00:00:00, Sys 0 00:00:00  -  Total Remote Usage
		Usr 0 00:00:00, Sys 0 00:00:00  -  Total Local Usage
	40709  -  Run Bytes Sent By Job
	3170626  -  Run Bytes Received By Job
	40709  -  Total Bytes Sent By Job
	3170626  -  Total Bytes Received By Job
	Partitionable Resources :    Usage  Request Allocated
	   Cpus                 :                 1         1
	   Disk (KB)            :     6143     3250  27753684
	   Memory (MB)          :        0        1      3764
...
001 (10570.000.000) 01/17 13:26:50 Job executing on host: <54.214.127.201:57167?addrs=54.214.127.201-57167&noUDP>
...
016 (10567.000.000) 01/17 13:26:50 POST Script terminated.
	(1) Normal termination (return value 0)
    DAG Node: longestsession_1_ID0000007
...
005 (10570.000.000) 01/17 13:26:55 Job terminated.
	(1) Normal termination (return value 0)
		Usr 0 00:00:00, Sys 0 00:00:00  -  Run Remote Usage
		Usr 0 00:00:00, Sys 0 00:00:00  -  Run Local Usage
		Usr 0 00:00:00, Sys 0 00:00:00  -  Total Remote Usage
		Usr 0 00:00:00, Sys 0 00:00:00  -  Total Local Usage
	37455  -  Run Bytes Sent By Job
	3170611  -  Run Bytes Received By Job
	37455  -  Total Bytes Sent By Job
	3170611  -  Total Bytes Received By Job
	Partitionable Resources :    Usage  Request Allocated
	   Cpus                 :                 1         1
	   Disk (KB)            :     6140     3250  27746968
	   Memory (MB)          :        0        1      3764
...
016 (10570.000.000) 01/17 13:26:55 POST Script terminated.
	(1) Normal termination (return value 0)
    DAG Node: longestsession_0_ID0000006
...
000 (10571.000.000) 01/17 13:27:00 Job submitted from host: <52.53.186.156:50814?addrs=52.53.186.156-50814>
    DAG Node: clean_up_local_level_6_0
    pool:local
...
001 (10571.000.000) 01/17 13:27:00 Job executing on host: <52.53.186.156:17728?addrs=52.53.186.156-17728>
...
000 (10572.000.000) 01/17 13:27:05 Job submitted from host: <52.53.186.156:50814?addrs=52.53.186.156-50814>
    DAG Node: clean_up_local_level_6_1
    pool:local
...
000 (10573.000.000) 01/17 13:27:05 Job submitted from host: <52.53.186.156:50814?addrs=52.53.186.156-50814>
    DAG Node: terminate_0_ID0000009
    pool:condorpool
...
001 (10572.000.000) 01/17 13:27:06 Job executing on host: <52.53.186.156:56608?addrs=52.53.186.156-56608>
...
001 (10573.000.000) 01/17 13:27:06 Job executing on host: <54.201.168.39:41677?addrs=54.201.168.39-41677&noUDP>
...
005 (10573.000.000) 01/17 13:27:07 Job terminated.
	(1) Normal termination (return value 0)
		Usr 0 00:00:00, Sys 0 00:00:00  -  Run Remote Usage
		Usr 0 00:00:00, Sys 0 00:00:00  -  Run Local Usage
		Usr 0 00:00:00, Sys 0 00:00:00  -  Total Remote Usage
		Usr 0 00:00:00, Sys 0 00:00:00  -  Total Local Usage
	4450  -  Run Bytes Sent By Job
	3167676  -  Run Bytes Received By Job
	4450  -  Total Bytes Sent By Job
	3167676  -  Total Bytes Received By Job
	Partitionable Resources :    Usage  Request Allocated
	   Cpus                 :                 1         1
	   Disk (KB)            :     6103     3250  27753684
	   Memory (MB)          :        0        1      3764
...
005 (10571.000.000) 01/17 13:27:09 Job terminated.
	(1) Normal termination (return value 0)
		Usr 0 00:00:00, Sys 0 00:00:00  -  Run Remote Usage
		Usr 0 00:00:00, Sys 0 00:00:00  -  Run Local Usage
		Usr 0 00:00:00, Sys 0 00:00:00  -  Total Remote Usage
		Usr 0 00:00:00, Sys 0 00:00:00  -  Total Local Usage
	0  -  Run Bytes Sent By Job
	0  -  Run Bytes Received By Job
	0  -  Total Bytes Sent By Job
	0  -  Total Bytes Received By Job
...
005 (10572.000.000) 01/17 13:27:10 Job terminated.
	(1) Normal termination (return value 0)
		Usr 0 00:00:00, Sys 0 00:00:00  -  Run Remote Usage
		Usr 0 00:00:00, Sys 0 00:00:00  -  Run Local Usage
		Usr 0 00:00:00, Sys 0 00:00:00  -  Total Remote Usage
		Usr 0 00:00:00, Sys 0 00:00:00  -  Total Local Usage
	0  -  Run Bytes Sent By Job
	0  -  Run Bytes Received By Job
	0  -  Total Bytes Sent By Job
	0  -  Total Bytes Received By Job
...
016 (10572.000.000) 01/17 13:27:11 POST Script terminated.
	(1) Normal termination (return value 0)
    DAG Node: clean_up_local_level_6_1
...
016 (10571.000.000) 01/17 13:27:11 POST Script terminated.
	(1) Normal termination (return value 0)
    DAG Node: clean_up_local_level_6_0
...
016 (10573.000.000) 01/17 13:27:11 POST Script terminated.
	(1) Normal termination (return value 0)
    DAG Node: terminate_0_ID0000009
...
000 (10574.000.000) 01/17 13:27:21 Job submitted from host: <52.53.186.156:50814?addrs=52.53.186.156-50814>
    DAG Node: clean_up_local_level_7_0
    pool:local
...
001 (10574.000.000) 01/17 13:27:21 Job executing on host: <52.53.186.156:49873?addrs=52.53.186.156-49873>
...
005 (10574.000.000) 01/17 13:27:23 Job terminated.
	(1) Normal termination (return value 0)
		Usr 0 00:00:00, Sys 0 00:00:00  -  Run Remote Usage
		Usr 0 00:00:00, Sys 0 00:00:00  -  Run Local Usage
		Usr 0 00:00:00, Sys 0 00:00:00  -  Total Remote Usage
		Usr 0 00:00:00, Sys 0 00:00:00  -  Total Local Usage
	0  -  Run Bytes Sent By Job
	0  -  Run Bytes Received By Job
	0  -  Total Bytes Sent By Job
	0  -  Total Bytes Received By Job
...
016 (10574.000.000) 01/17 13:27:26 POST Script terminated.
	(1) Normal termination (return value 0)
    DAG Node: clean_up_local_level_7_0
...
000 (10575.000.000) 01/17 13:27:36 Job submitted from host: <52.53.186.156:50814?addrs=52.53.186.156-50814>
    DAG Node: cleanup_example_workflow_0_local
    pool:local
...
001 (10575.000.000) 01/17 13:27:36 Job executing on host: <52.53.186.156:28080?addrs=52.53.186.156-28080>
...
005 (10575.000.000) 01/17 13:27:38 Job terminated.
	(1) Normal termination (return value 0)
		Usr 0 00:00:00, Sys 0 00:00:00  -  Run Remote Usage
		Usr 0 00:00:00, Sys 0 00:00:00  -  Run Local Usage
		Usr 0 00:00:00, Sys 0 00:00:00  -  Total Remote Usage
		Usr 0 00:00:00, Sys 0 00:00:00  -  Total Local Usage
	0  -  Run Bytes Sent By Job
	0  -  Run Bytes Received By Job
	0  -  Total Bytes Sent By Job
	0  -  Total Bytes Received By Job
...
