000 (10113.000.000) 01/20 20:19:11 Job submitted from host: <54.67.122.244:45893?addrs=54.67.122.244-45893>
    DAG Node: create_dir_example_workflow_0_local
    pool:local
...
001 (10113.000.000) 01/20 20:19:12 Job executing on host: <54.67.122.244:29684?addrs=54.67.122.244-29684>
...
005 (10113.000.000) 01/20 20:19:14 Job terminated.
	(1) Normal termination (return value 0)
		Usr 0 00:00:00, Sys 0 00:00:00  -  Run Remote Usage
		Usr 0 00:00:00, Sys 0 00:00:00  -  Run Local Usage
		Usr 0 00:00:00, Sys 0 00:00:00  -  Total Remote Usage
		Usr 0 00:00:00, Sys 0 00:00:00  -  Total Local Usage
	0  -  Run Bytes Sent By Job
	0  -  Run Bytes Received By Job
	0  -  Total Bytes Sent By Job
	0  -  Total Bytes Received By Job
...
016 (10113.000.000) 01/20 20:19:16 POST Script terminated.
	(1) Normal termination (return value 0)
    DAG Node: create_dir_example_workflow_0_local
...
000 (10114.000.000) 01/20 20:19:26 Job submitted from host: <54.67.122.244:45893?addrs=54.67.122.244-45893>
    DAG Node: stage_in_local_local_0_0
    pool:local
...
001 (10114.000.000) 01/20 20:19:26 Job executing on host: <54.67.122.244:22246?addrs=54.67.122.244-22246>
...
000 (10115.000.000) 01/20 20:19:26 Job submitted from host: <54.67.122.244:45893?addrs=54.67.122.244-45893>
    DAG Node: stage_in_local_local_4_0
    pool:local
...
000 (10116.000.000) 01/20 20:19:26 Job submitted from host: <54.67.122.244:45893?addrs=54.67.122.244-45893>
    DAG Node: stage_in_local_local_1_0
    pool:local
...
000 (10117.000.000) 01/20 20:19:26 Job submitted from host: <54.67.122.244:45893?addrs=54.67.122.244-45893>
    DAG Node: stage_in_local_local_2_0
    pool:local
...
000 (10118.000.000) 01/20 20:19:26 Job submitted from host: <54.67.122.244:45893?addrs=54.67.122.244-45893>
    DAG Node: stage_in_local_local_2_1
    pool:local
...
005 (10114.000.000) 01/20 20:19:28 Job terminated.
	(1) Normal termination (return value 0)
		Usr 0 00:00:00, Sys 0 00:00:00  -  Run Remote Usage
		Usr 0 00:00:00, Sys 0 00:00:00  -  Run Local Usage
		Usr 0 00:00:00, Sys 0 00:00:00  -  Total Remote Usage
		Usr 0 00:00:00, Sys 0 00:00:00  -  Total Local Usage
	0  -  Run Bytes Sent By Job
	0  -  Run Bytes Received By Job
	0  -  Total Bytes Sent By Job
	0  -  Total Bytes Received By Job
...
001 (10115.000.000) 01/20 20:19:28 Job executing on host: <54.67.122.244:36871?addrs=54.67.122.244-36871>
...
001 (10118.000.000) 01/20 20:19:28 Job executing on host: <54.67.122.244:15432?addrs=54.67.122.244-15432>
...
001 (10117.000.000) 01/20 20:19:28 Job executing on host: <54.67.122.244:52663?addrs=54.67.122.244-52663>
...
001 (10116.000.000) 01/20 20:19:28 Job executing on host: <54.67.122.244:30324?addrs=54.67.122.244-30324>
...
005 (10116.000.000) 01/20 20:19:31 Job terminated.
	(1) Normal termination (return value 0)
		Usr 0 00:00:00, Sys 0 00:00:00  -  Run Remote Usage
		Usr 0 00:00:00, Sys 0 00:00:00  -  Run Local Usage
		Usr 0 00:00:00, Sys 0 00:00:00  -  Total Remote Usage
		Usr 0 00:00:00, Sys 0 00:00:00  -  Total Local Usage
	0  -  Run Bytes Sent By Job
	0  -  Run Bytes Received By Job
	0  -  Total Bytes Sent By Job
	0  -  Total Bytes Received By Job
...
005 (10115.000.000) 01/20 20:19:31 Job terminated.
	(1) Normal termination (return value 0)
		Usr 0 00:00:00, Sys 0 00:00:00  -  Run Remote Usage
		Usr 0 00:00:00, Sys 0 00:00:00  -  Run Local Usage
		Usr 0 00:00:00, Sys 0 00:00:00  -  Total Remote Usage
		Usr 0 00:00:00, Sys 0 00:00:00  -  Total Local Usage
	0  -  Run Bytes Sent By Job
	0  -  Run Bytes Received By Job
	0  -  Total Bytes Sent By Job
	0  -  Total Bytes Received By Job
...
005 (10118.000.000) 01/20 20:19:31 Job terminated.
	(1) Normal termination (return value 0)
		Usr 0 00:00:00, Sys 0 00:00:00  -  Run Remote Usage
		Usr 0 00:00:00, Sys 0 00:00:00  -  Run Local Usage
		Usr 0 00:00:00, Sys 0 00:00:00  -  Total Remote Usage
		Usr 0 00:00:00, Sys 0 00:00:00  -  Total Local Usage
	0  -  Run Bytes Sent By Job
	0  -  Run Bytes Received By Job
	0  -  Total Bytes Sent By Job
	0  -  Total Bytes Received By Job
...
000 (10119.000.000) 01/20 20:19:31 Job submitted from host: <54.67.122.244:45893?addrs=54.67.122.244-45893>
    DAG Node: stage_in_remote_local_1_0
    pool:local
...
001 (10119.000.000) 01/20 20:19:31 Job executing on host: <54.67.122.244:3722?addrs=54.67.122.244-3722>
...
000 (10120.000.000) 01/20 20:19:31 Job submitted from host: <54.67.122.244:45893?addrs=54.67.122.244-45893>
    DAG Node: stage_in_local_local_3_1
    pool:local
...
001 (10120.000.000) 01/20 20:19:31 Job executing on host: <54.67.122.244:11197?addrs=54.67.122.244-11197>
...
000 (10121.000.000) 01/20 20:19:32 Job submitted from host: <54.67.122.244:45893?addrs=54.67.122.244-45893>
    DAG Node: stage_in_local_local_3_0
    pool:local
...
001 (10121.000.000) 01/20 20:19:32 Job executing on host: <54.67.122.244:7076?addrs=54.67.122.244-7076>
...
000 (10122.000.000) 01/20 20:19:32 Job submitted from host: <54.67.122.244:45893?addrs=54.67.122.244-45893>
    DAG Node: stage_in_remote_local_3_1
    pool:local
...
000 (10123.000.000) 01/20 20:19:32 Job submitted from host: <54.67.122.244:45893?addrs=54.67.122.244-45893>
    DAG Node: stage_in_remote_local_3_0
    pool:local
...
016 (10115.000.000) 01/20 20:19:32 POST Script terminated.
	(1) Normal termination (return value 0)
    DAG Node: stage_in_local_local_4_0
...
016 (10116.000.000) 01/20 20:19:33 POST Script terminated.
	(1) Normal termination (return value 0)
    DAG Node: stage_in_local_local_1_0
...
016 (10114.000.000) 01/20 20:19:33 POST Script terminated.
	(1) Normal termination (return value 0)
    DAG Node: stage_in_local_local_0_0
...
016 (10118.000.000) 01/20 20:19:33 POST Script terminated.
	(1) Normal termination (return value 0)
    DAG Node: stage_in_local_local_2_1
...
005 (10117.000.000) 01/20 20:19:33 Job terminated.
	(1) Normal termination (return value 0)
		Usr 0 00:00:00, Sys 0 00:00:00  -  Run Remote Usage
		Usr 0 00:00:00, Sys 0 00:00:00  -  Run Local Usage
		Usr 0 00:00:00, Sys 0 00:00:00  -  Total Remote Usage
		Usr 0 00:00:00, Sys 0 00:00:00  -  Total Local Usage
	0  -  Run Bytes Sent By Job
	0  -  Run Bytes Received By Job
	0  -  Total Bytes Sent By Job
	0  -  Total Bytes Received By Job
...
001 (10123.000.000) 01/20 20:19:33 Job executing on host: <54.67.122.244:62619?addrs=54.67.122.244-62619>
...
001 (10122.000.000) 01/20 20:19:33 Job executing on host: <54.67.122.244:14219?addrs=54.67.122.244-14219>
...
005 (10120.000.000) 01/20 20:19:34 Job terminated.
	(1) Normal termination (return value 0)
		Usr 0 00:00:00, Sys 0 00:00:00  -  Run Remote Usage
		Usr 0 00:00:00, Sys 0 00:00:00  -  Run Local Usage
		Usr 0 00:00:00, Sys 0 00:00:00  -  Total Remote Usage
		Usr 0 00:00:00, Sys 0 00:00:00  -  Total Local Usage
	0  -  Run Bytes Sent By Job
	0  -  Run Bytes Received By Job
	0  -  Total Bytes Sent By Job
	0  -  Total Bytes Received By Job
...
005 (10119.000.000) 01/20 20:19:34 Job terminated.
	(1) Normal termination (return value 0)
		Usr 0 00:00:00, Sys 0 00:00:00  -  Run Remote Usage
		Usr 0 00:00:00, Sys 0 00:00:00  -  Run Local Usage
		Usr 0 00:00:00, Sys 0 00:00:00  -  Total Remote Usage
		Usr 0 00:00:00, Sys 0 00:00:00  -  Total Local Usage
	0  -  Run Bytes Sent By Job
	0  -  Run Bytes Received By Job
	0  -  Total Bytes Sent By Job
	0  -  Total Bytes Received By Job
...
005 (10122.000.000) 01/20 20:19:35 Job terminated.
	(1) Normal termination (return value 0)
		Usr 0 00:00:00, Sys 0 00:00:00  -  Run Remote Usage
		Usr 0 00:00:00, Sys 0 00:00:00  -  Run Local Usage
		Usr 0 00:00:00, Sys 0 00:00:00  -  Total Remote Usage
		Usr 0 00:00:00, Sys 0 00:00:00  -  Total Local Usage
	0  -  Run Bytes Sent By Job
	0  -  Run Bytes Received By Job
	0  -  Total Bytes Sent By Job
	0  -  Total Bytes Received By Job
...
005 (10121.000.000) 01/20 20:19:36 Job terminated.
	(1) Normal termination (return value 0)
		Usr 0 00:00:00, Sys 0 00:00:00  -  Run Remote Usage
		Usr 0 00:00:00, Sys 0 00:00:00  -  Run Local Usage
		Usr 0 00:00:00, Sys 0 00:00:00  -  Total Remote Usage
		Usr 0 00:00:00, Sys 0 00:00:00  -  Total Local Usage
	0  -  Run Bytes Sent By Job
	0  -  Run Bytes Received By Job
	0  -  Total Bytes Sent By Job
	0  -  Total Bytes Received By Job
...
016 (10117.000.000) 01/20 20:19:37 POST Script terminated.
	(1) Normal termination (return value 0)
    DAG Node: stage_in_local_local_2_0
...
016 (10120.000.000) 01/20 20:19:37 POST Script terminated.
	(1) Normal termination (return value 0)
    DAG Node: stage_in_local_local_3_1
...
005 (10123.000.000) 01/20 20:19:37 Job terminated.
	(1) Normal termination (return value 0)
		Usr 0 00:00:00, Sys 0 00:00:00  -  Run Remote Usage
		Usr 0 00:00:00, Sys 0 00:00:00  -  Run Local Usage
		Usr 0 00:00:00, Sys 0 00:00:00  -  Total Remote Usage
		Usr 0 00:00:00, Sys 0 00:00:00  -  Total Local Usage
	0  -  Run Bytes Sent By Job
	0  -  Run Bytes Received By Job
	0  -  Total Bytes Sent By Job
	0  -  Total Bytes Received By Job
...
016 (10119.000.000) 01/20 20:19:37 POST Script terminated.
	(1) Normal termination (return value 0)
    DAG Node: stage_in_remote_local_1_0
...
016 (10122.000.000) 01/20 20:19:37 POST Script terminated.
	(1) Normal termination (return value 0)
    DAG Node: stage_in_remote_local_3_1
...
016 (10121.000.000) 01/20 20:19:37 POST Script terminated.
	(1) Normal termination (return value 0)
    DAG Node: stage_in_local_local_3_0
...
000 (10124.000.000) 01/20 20:19:42 Job submitted from host: <54.67.122.244:45893?addrs=54.67.122.244-45893>
    DAG Node: init_0_ID0000001
    pool:condorpool
...
016 (10123.000.000) 01/20 20:19:43 POST Script terminated.
	(1) Normal termination (return value 0)
    DAG Node: stage_in_remote_local_3_0
...
001 (10124.000.000) 01/20 20:19:47 Job executing on host: <54.245.21.146:37841?addrs=54.245.21.146-37841&noUDP>
...
005 (10124.000.000) 01/20 20:25:29 Job terminated.
	(1) Normal termination (return value 0)
		Usr 0 00:00:00, Sys 0 00:00:00  -  Run Remote Usage
		Usr 0 00:00:00, Sys 0 00:00:00  -  Run Local Usage
		Usr 0 00:00:00, Sys 0 00:00:00  -  Total Remote Usage
		Usr 0 00:00:00, Sys 0 00:00:00  -  Total Local Usage
	4447  -  Run Bytes Sent By Job
	3168432  -  Run Bytes Received By Job
	4447  -  Total Bytes Sent By Job
	3168432  -  Total Bytes Received By Job
	Partitionable Resources :    Usage  Request Allocated
	   Cpus                 :                 1         1
	   Disk (KB)            :     6103     3250  27732456
	   Memory (MB)          :       15        1      3764
...
016 (10124.000.000) 01/20 20:25:32 POST Script terminated.
	(1) Normal termination (return value 0)
    DAG Node: init_0_ID0000001
...
000 (10125.000.000) 01/20 20:25:42 Job submitted from host: <54.67.122.244:45893?addrs=54.67.122.244-45893>
    DAG Node: clean_up_local_level_3_0
    pool:local
...
001 (10125.000.000) 01/20 20:25:42 Job executing on host: <54.67.122.244:10279?addrs=54.67.122.244-10279>
...
000 (10126.000.000) 01/20 20:25:42 Job submitted from host: <54.67.122.244:45893?addrs=54.67.122.244-45893>
    DAG Node: computeusergroup_0_ID0000002
    pool:condorpool
...
001 (10126.000.000) 01/20 20:25:43 Job executing on host: <54.245.21.146:37841?addrs=54.245.21.146-37841&noUDP>
...
005 (10125.000.000) 01/20 20:25:44 Job terminated.
	(1) Normal termination (return value 0)
		Usr 0 00:00:00, Sys 0 00:00:00  -  Run Remote Usage
		Usr 0 00:00:00, Sys 0 00:00:00  -  Run Local Usage
		Usr 0 00:00:00, Sys 0 00:00:00  -  Total Remote Usage
		Usr 0 00:00:00, Sys 0 00:00:00  -  Total Local Usage
	0  -  Run Bytes Sent By Job
	0  -  Run Bytes Received By Job
	0  -  Total Bytes Sent By Job
	0  -  Total Bytes Received By Job
...
016 (10125.000.000) 01/20 20:25:47 POST Script terminated.
	(1) Normal termination (return value 0)
    DAG Node: clean_up_local_level_3_0
...
005 (10126.000.000) 01/20 21:20:21 Job terminated.
	(1) Normal termination (return value 0)
		Usr 0 00:05:14, Sys 0 00:00:22  -  Run Remote Usage
		Usr 0 00:00:00, Sys 0 00:00:00  -  Run Local Usage
		Usr 0 00:05:14, Sys 0 00:00:22  -  Total Remote Usage
		Usr 0 00:00:00, Sys 0 00:00:00  -  Total Local Usage
	519846  -  Run Bytes Sent By Job
	3170755  -  Run Bytes Received By Job
	519846  -  Total Bytes Sent By Job
	3170755  -  Total Bytes Received By Job
	Partitionable Resources :    Usage  Request Allocated
	   Cpus                 :                 1         1
	   Disk (KB)            :    81635     3250  27732456
	   Memory (MB)          :      538        1      3764
...
016 (10126.000.000) 01/20 21:20:21 POST Script terminated.
	(1) Normal termination (return value 0)
    DAG Node: computeusergroup_0_ID0000002
...
000 (10127.000.000) 01/20 21:20:31 Job submitted from host: <54.67.122.244:45893?addrs=54.67.122.244-45893>
    DAG Node: clean_up_local_level_4_0
    pool:local
...
001 (10127.000.000) 01/20 21:20:31 Job executing on host: <54.67.122.244:60574?addrs=54.67.122.244-60574>
...
000 (10128.000.000) 01/20 21:20:31 Job submitted from host: <54.67.122.244:45893?addrs=54.67.122.244-45893>
    DAG Node: sessioncompute_1_ID0000004
    pool:condorpool
...
000 (10129.000.000) 01/20 21:20:31 Job submitted from host: <54.67.122.244:45893?addrs=54.67.122.244-45893>
    DAG Node: stage_out_local_local_1_0
    pool:local
...
000 (10130.000.000) 01/20 21:20:32 Job submitted from host: <54.67.122.244:45893?addrs=54.67.122.244-45893>
    DAG Node: stage_out_local_local_1_1
    pool:local
...
000 (10131.000.000) 01/20 21:20:32 Job submitted from host: <54.67.122.244:45893?addrs=54.67.122.244-45893>
    DAG Node: sessioncompute_0_ID0000003
    pool:condorpool
...
005 (10127.000.000) 01/20 21:20:36 Job terminated.
	(1) Normal termination (return value 0)
		Usr 0 00:00:00, Sys 0 00:00:00  -  Run Remote Usage
		Usr 0 00:00:00, Sys 0 00:00:00  -  Run Local Usage
		Usr 0 00:00:00, Sys 0 00:00:00  -  Total Remote Usage
		Usr 0 00:00:00, Sys 0 00:00:00  -  Total Local Usage
	0  -  Run Bytes Sent By Job
	0  -  Run Bytes Received By Job
	0  -  Total Bytes Sent By Job
	0  -  Total Bytes Received By Job
...
001 (10129.000.000) 01/20 21:20:36 Job executing on host: <54.67.122.244:32366?addrs=54.67.122.244-32366>
...
001 (10130.000.000) 01/20 21:20:36 Job executing on host: <54.67.122.244:44348?addrs=54.67.122.244-44348>
...
000 (10132.000.000) 01/20 21:20:37 Job submitted from host: <54.67.122.244:45893?addrs=54.67.122.244-45893>
    DAG Node: sessioncompute_2_ID0000005
    pool:condorpool
...
016 (10127.000.000) 01/20 21:20:37 POST Script terminated.
	(1) Normal termination (return value 0)
    DAG Node: clean_up_local_level_4_0
...
005 (10130.000.000) 01/20 21:20:38 Job terminated.
	(1) Normal termination (return value 0)
		Usr 0 00:00:00, Sys 0 00:00:00  -  Run Remote Usage
		Usr 0 00:00:00, Sys 0 00:00:00  -  Run Local Usage
		Usr 0 00:00:00, Sys 0 00:00:00  -  Total Remote Usage
		Usr 0 00:00:00, Sys 0 00:00:00  -  Total Local Usage
	0  -  Run Bytes Sent By Job
	0  -  Run Bytes Received By Job
	0  -  Total Bytes Sent By Job
	0  -  Total Bytes Received By Job
...
005 (10129.000.000) 01/20 21:20:40 Job terminated.
	(1) Normal termination (return value 0)
		Usr 0 00:00:00, Sys 0 00:00:00  -  Run Remote Usage
		Usr 0 00:00:00, Sys 0 00:00:00  -  Run Local Usage
		Usr 0 00:00:00, Sys 0 00:00:00  -  Total Remote Usage
		Usr 0 00:00:00, Sys 0 00:00:00  -  Total Local Usage
	0  -  Run Bytes Sent By Job
	0  -  Run Bytes Received By Job
	0  -  Total Bytes Sent By Job
	0  -  Total Bytes Received By Job
...
016 (10129.000.000) 01/20 21:20:42 POST Script terminated.
	(1) Normal termination (return value 0)
    DAG Node: stage_out_local_local_1_0
...
016 (10130.000.000) 01/20 21:20:42 POST Script terminated.
	(1) Normal termination (return value 0)
    DAG Node: stage_out_local_local_1_1
...
001 (10132.000.000) 01/20 21:20:52 Job executing on host: <54.202.103.191:49977?addrs=54.202.103.191-49977&noUDP>
...
001 (10131.000.000) 01/20 21:20:52 Job executing on host: <54.202.151.170:31416?addrs=54.202.151.170-31416&noUDP>
...
001 (10128.000.000) 01/20 21:20:52 Job executing on host: <54.245.21.146:37841?addrs=54.245.21.146-37841&noUDP>
...
005 (10131.000.000) 01/20 21:27:18 Job terminated.
	(1) Normal termination (return value 0)
		Usr 0 00:05:34, Sys 0 00:00:02  -  Run Remote Usage
		Usr 0 00:00:00, Sys 0 00:00:00  -  Run Local Usage
		Usr 0 00:05:34, Sys 0 00:00:02  -  Total Remote Usage
		Usr 0 00:00:00, Sys 0 00:00:00  -  Total Local Usage
	346847  -  Run Bytes Sent By Job
	3219024  -  Run Bytes Received By Job
	346847  -  Total Bytes Sent By Job
	3219024  -  Total Bytes Received By Job
	Partitionable Resources :    Usage  Request Allocated
	   Cpus                 :                 1         1
	   Disk (KB)            :    12627     3250  27752336
	   Memory (MB)          :       42        1      3764
...
005 (10132.000.000) 01/20 21:27:21 Job terminated.
	(1) Normal termination (return value 0)
		Usr 0 00:05:26, Sys 0 00:00:02  -  Run Remote Usage
		Usr 0 00:00:00, Sys 0 00:00:00  -  Run Local Usage
		Usr 0 00:05:26, Sys 0 00:00:02  -  Total Remote Usage
		Usr 0 00:00:00, Sys 0 00:00:00  -  Total Local Usage
	358973  -  Run Bytes Sent By Job
	3216843  -  Run Bytes Received By Job
	358973  -  Total Bytes Sent By Job
	3216843  -  Total Bytes Received By Job
	Partitionable Resources :    Usage  Request Allocated
	   Cpus                 :                 1         1
	   Disk (KB)            :    16491     3250  27753960
	   Memory (MB)          :       42        1      3764
...
016 (10132.000.000) 01/20 21:27:23 POST Script terminated.
	(1) Normal termination (return value 0)
    DAG Node: sessioncompute_2_ID0000005
...
016 (10131.000.000) 01/20 21:27:23 POST Script terminated.
	(1) Normal termination (return value 0)
    DAG Node: sessioncompute_0_ID0000003
...
000 (10133.000.000) 01/20 21:27:33 Job submitted from host: <54.67.122.244:45893?addrs=54.67.122.244-45893>
    DAG Node: clean_up_local_level_5_1
    pool:local
...
001 (10133.000.000) 01/20 21:27:33 Job executing on host: <54.67.122.244:56309?addrs=54.67.122.244-56309>
...
005 (10128.000.000) 01/20 21:27:34 Job terminated.
	(1) Normal termination (return value 0)
		Usr 0 00:05:40, Sys 0 00:00:03  -  Run Remote Usage
		Usr 0 00:00:00, Sys 0 00:00:00  -  Run Local Usage
		Usr 0 00:05:40, Sys 0 00:00:03  -  Total Remote Usage
		Usr 0 00:00:00, Sys 0 00:00:00  -  Total Local Usage
	346219  -  Run Bytes Sent By Job
	3216412  -  Run Bytes Received By Job
	346219  -  Total Bytes Sent By Job
	3216412  -  Total Bytes Received By Job
	Partitionable Resources :    Usage  Request Allocated
	   Cpus                 :                 1         1
	   Disk (KB)            :    12230     3250  27724916
	   Memory (MB)          :       44        1      3764
...
005 (10133.000.000) 01/20 21:27:38 Job terminated.
	(1) Normal termination (return value 0)
		Usr 0 00:00:00, Sys 0 00:00:00  -  Run Remote Usage
		Usr 0 00:00:00, Sys 0 00:00:00  -  Run Local Usage
		Usr 0 00:00:00, Sys 0 00:00:00  -  Total Remote Usage
		Usr 0 00:00:00, Sys 0 00:00:00  -  Total Local Usage
	0  -  Run Bytes Sent By Job
	0  -  Run Bytes Received By Job
	0  -  Total Bytes Sent By Job
	0  -  Total Bytes Received By Job
...
016 (10133.000.000) 01/20 21:27:39 POST Script terminated.
	(1) Normal termination (return value 0)
    DAG Node: clean_up_local_level_5_1
...
016 (10128.000.000) 01/20 21:27:39 POST Script terminated.
	(1) Normal termination (return value 0)
    DAG Node: sessioncompute_1_ID0000004
...
000 (10134.000.000) 01/20 21:27:48 Job submitted from host: <54.67.122.244:45893?addrs=54.67.122.244-45893>
    DAG Node: longestsession_2_ID0000008
    pool:condorpool
...
000 (10135.000.000) 01/20 21:27:48 Job submitted from host: <54.67.122.244:45893?addrs=54.67.122.244-45893>
    DAG Node: longestsession_1_ID0000007
    pool:condorpool
...
000 (10136.000.000) 01/20 21:27:48 Job submitted from host: <54.67.122.244:45893?addrs=54.67.122.244-45893>
    DAG Node: clean_up_local_level_5_0
    pool:local
...
000 (10137.000.000) 01/20 21:27:48 Job submitted from host: <54.67.122.244:45893?addrs=54.67.122.244-45893>
    DAG Node: longestsession_0_ID0000006
    pool:condorpool
...
001 (10134.000.000) 01/20 21:27:48 Job executing on host: <54.202.103.191:49977?addrs=54.202.103.191-49977&noUDP>
...
001 (10135.000.000) 01/20 21:27:49 Job executing on host: <54.245.21.146:37841?addrs=54.245.21.146-37841&noUDP>
...
001 (10136.000.000) 01/20 21:27:53 Job executing on host: <54.67.122.244:3834?addrs=54.67.122.244-3834>
...
005 (10135.000.000) 01/20 21:27:57 Job terminated.
	(1) Normal termination (return value 0)
		Usr 0 00:00:00, Sys 0 00:00:00  -  Run Remote Usage
		Usr 0 00:00:00, Sys 0 00:00:00  -  Run Local Usage
		Usr 0 00:00:00, Sys 0 00:00:00  -  Total Remote Usage
		Usr 0 00:00:00, Sys 0 00:00:00  -  Total Local Usage
	40598  -  Run Bytes Sent By Job
	3170585  -  Run Bytes Received By Job
	40598  -  Total Bytes Sent By Job
	3170585  -  Total Bytes Received By Job
	Partitionable Resources :    Usage  Request Allocated
	   Cpus                 :                 1         1
	   Disk (KB)            :     6143     3250  27724916
	   Memory (MB)          :        2        1      3764
...
001 (10137.000.000) 01/20 21:27:58 Job executing on host: <54.245.21.146:37841?addrs=54.245.21.146-37841&noUDP>
...
016 (10135.000.000) 01/20 21:27:58 POST Script terminated.
	(1) Normal termination (return value 0)
    DAG Node: longestsession_1_ID0000007
...
005 (10134.000.000) 01/20 21:28:01 Job terminated.
	(1) Normal termination (return value 0)
		Usr 0 00:00:00, Sys 0 00:00:00  -  Run Remote Usage
		Usr 0 00:00:00, Sys 0 00:00:00  -  Run Local Usage
		Usr 0 00:00:00, Sys 0 00:00:00  -  Total Remote Usage
		Usr 0 00:00:00, Sys 0 00:00:00  -  Total Local Usage
	40585  -  Run Bytes Sent By Job
	3170585  -  Run Bytes Received By Job
	40585  -  Total Bytes Sent By Job
	3170585  -  Total Bytes Received By Job
	Partitionable Resources :    Usage  Request Allocated
	   Cpus                 :                 1         1
	   Disk (KB)            :     6143     3250  27753960
	   Memory (MB)          :        2        1      3764
...
005 (10136.000.000) 01/20 21:28:01 Job terminated.
	(1) Normal termination (return value 0)
		Usr 0 00:00:00, Sys 0 00:00:00  -  Run Remote Usage
		Usr 0 00:00:00, Sys 0 00:00:00  -  Run Local Usage
		Usr 0 00:00:00, Sys 0 00:00:00  -  Total Remote Usage
		Usr 0 00:00:00, Sys 0 00:00:00  -  Total Local Usage
	0  -  Run Bytes Sent By Job
	0  -  Run Bytes Received By Job
	0  -  Total Bytes Sent By Job
	0  -  Total Bytes Received By Job
...
005 (10137.000.000) 01/20 21:28:03 Job terminated.
	(1) Normal termination (return value 0)
		Usr 0 00:00:00, Sys 0 00:00:00  -  Run Remote Usage
		Usr 0 00:00:00, Sys 0 00:00:00  -  Run Local Usage
		Usr 0 00:00:00, Sys 0 00:00:00  -  Total Remote Usage
		Usr 0 00:00:00, Sys 0 00:00:00  -  Total Local Usage
	37338  -  Run Bytes Sent By Job
	3170570  -  Run Bytes Received By Job
	37338  -  Total Bytes Sent By Job
	3170570  -  Total Bytes Received By Job
	Partitionable Resources :    Usage  Request Allocated
	   Cpus                 :                 1         1
	   Disk (KB)            :     6140     3250  27724916
	   Memory (MB)          :        0        1      3764
...
016 (10137.000.000) 01/20 21:28:04 POST Script terminated.
	(1) Normal termination (return value 0)
    DAG Node: longestsession_0_ID0000006
...
016 (10136.000.000) 01/20 21:28:04 POST Script terminated.
	(1) Normal termination (return value 0)
    DAG Node: clean_up_local_level_5_0
...
016 (10134.000.000) 01/20 21:28:04 POST Script terminated.
	(1) Normal termination (return value 0)
    DAG Node: longestsession_2_ID0000008
...
000 (10138.000.000) 01/20 21:28:13 Job submitted from host: <54.67.122.244:45893?addrs=54.67.122.244-45893>
    DAG Node: clean_up_local_level_6_1
    pool:local
...
000 (10139.000.000) 01/20 21:28:13 Job submitted from host: <54.67.122.244:45893?addrs=54.67.122.244-45893>
    DAG Node: clean_up_local_level_6_0
    pool:local
...
001 (10138.000.000) 01/20 21:28:13 Job executing on host: <54.67.122.244:12587?addrs=54.67.122.244-12587>
...
000 (10140.000.000) 01/20 21:28:13 Job submitted from host: <54.67.122.244:45893?addrs=54.67.122.244-45893>
    DAG Node: terminate_0_ID0000009
    pool:condorpool
...
001 (10140.000.000) 01/20 21:28:13 Job executing on host: <54.202.103.191:49977?addrs=54.202.103.191-49977&noUDP>
...
005 (10140.000.000) 01/20 21:28:14 Job terminated.
	(1) Normal termination (return value 0)
		Usr 0 00:00:00, Sys 0 00:00:00  -  Run Remote Usage
		Usr 0 00:00:00, Sys 0 00:00:00  -  Run Local Usage
		Usr 0 00:00:00, Sys 0 00:00:00  -  Total Remote Usage
		Usr 0 00:00:00, Sys 0 00:00:00  -  Total Local Usage
	4450  -  Run Bytes Sent By Job
	3167638  -  Run Bytes Received By Job
	4450  -  Total Bytes Sent By Job
	3167638  -  Total Bytes Received By Job
	Partitionable Resources :    Usage  Request Allocated
	   Cpus                 :                 1         1
	   Disk (KB)            :     6103     3250  27753960
	   Memory (MB)          :        0        1      3764
...
005 (10138.000.000) 01/20 21:28:17 Job terminated.
	(1) Normal termination (return value 0)
		Usr 0 00:00:00, Sys 0 00:00:00  -  Run Remote Usage
		Usr 0 00:00:00, Sys 0 00:00:00  -  Run Local Usage
		Usr 0 00:00:00, Sys 0 00:00:00  -  Total Remote Usage
		Usr 0 00:00:00, Sys 0 00:00:00  -  Total Local Usage
	0  -  Run Bytes Sent By Job
	0  -  Run Bytes Received By Job
	0  -  Total Bytes Sent By Job
	0  -  Total Bytes Received By Job
...
001 (10139.000.000) 01/20 21:28:17 Job executing on host: <54.67.122.244:48158?addrs=54.67.122.244-48158>
...
016 (10138.000.000) 01/20 21:28:18 POST Script terminated.
	(1) Normal termination (return value 0)
    DAG Node: clean_up_local_level_6_1
...
016 (10140.000.000) 01/20 21:28:18 POST Script terminated.
	(1) Normal termination (return value 0)
    DAG Node: terminate_0_ID0000009
...
005 (10139.000.000) 01/20 21:28:25 Job terminated.
	(1) Normal termination (return value 0)
		Usr 0 00:00:00, Sys 0 00:00:00  -  Run Remote Usage
		Usr 0 00:00:00, Sys 0 00:00:00  -  Run Local Usage
		Usr 0 00:00:00, Sys 0 00:00:00  -  Total Remote Usage
		Usr 0 00:00:00, Sys 0 00:00:00  -  Total Local Usage
	0  -  Run Bytes Sent By Job
	0  -  Run Bytes Received By Job
	0  -  Total Bytes Sent By Job
	0  -  Total Bytes Received By Job
...
000 (10141.000.000) 01/20 21:28:28 Job submitted from host: <54.67.122.244:45893?addrs=54.67.122.244-45893>
    DAG Node: clean_up_local_level_7_0
    pool:local
...
001 (10141.000.000) 01/20 21:28:28 Job executing on host: <54.67.122.244:45235?addrs=54.67.122.244-45235>
...
016 (10139.000.000) 01/20 21:28:28 POST Script terminated.
	(1) Normal termination (return value 0)
    DAG Node: clean_up_local_level_6_0
...
005 (10141.000.000) 01/20 21:28:31 Job terminated.
	(1) Normal termination (return value 0)
		Usr 0 00:00:00, Sys 0 00:00:00  -  Run Remote Usage
		Usr 0 00:00:00, Sys 0 00:00:00  -  Run Local Usage
		Usr 0 00:00:00, Sys 0 00:00:00  -  Total Remote Usage
		Usr 0 00:00:00, Sys 0 00:00:00  -  Total Local Usage
	0  -  Run Bytes Sent By Job
	0  -  Run Bytes Received By Job
	0  -  Total Bytes Sent By Job
	0  -  Total Bytes Received By Job
...
016 (10141.000.000) 01/20 21:28:34 POST Script terminated.
	(1) Normal termination (return value 0)
    DAG Node: clean_up_local_level_7_0
...
000 (10142.000.000) 01/20 21:28:44 Job submitted from host: <54.67.122.244:45893?addrs=54.67.122.244-45893>
    DAG Node: cleanup_example_workflow_0_local
    pool:local
...
001 (10142.000.000) 01/20 21:28:44 Job executing on host: <54.67.122.244:12367?addrs=54.67.122.244-12367>
...
005 (10142.000.000) 01/20 21:28:46 Job terminated.
	(1) Normal termination (return value 0)
		Usr 0 00:00:00, Sys 0 00:00:00  -  Run Remote Usage
		Usr 0 00:00:00, Sys 0 00:00:00  -  Run Local Usage
		Usr 0 00:00:00, Sys 0 00:00:00  -  Total Remote Usage
		Usr 0 00:00:00, Sys 0 00:00:00  -  Total Local Usage
	0  -  Run Bytes Sent By Job
	0  -  Run Bytes Received By Job
	0  -  Total Bytes Sent By Job
	0  -  Total Bytes Received By Job
...
