000 (1456.000.000) 04/27 18:21:54 Job submitted from host: <10.240.0.3:26784?addrs=10.240.0.3-26784>
    DAG Node: create_dir_example_workflow_0_local
    pool:local
...
000 (1457.000.000) 04/27 18:21:54 Job submitted from host: <10.240.0.3:26784?addrs=10.240.0.3-26784>
    DAG Node: stage_worker_local_example_workflow_0_local
    pool:local
...
001 (1457.000.000) 04/27 18:21:56 Job executing on host: <10.240.0.3:42329?addrs=10.240.0.3-42329>
...
001 (1456.000.000) 04/27 18:21:56 Job executing on host: <10.240.0.3:20645?addrs=10.240.0.3-20645>
...
005 (1457.000.000) 04/27 18:21:59 Job terminated.
	(1) Normal termination (return value 0)
		Usr 0 00:00:00, Sys 0 00:00:00  -  Run Remote Usage
		Usr 0 00:00:00, Sys 0 00:00:00  -  Run Local Usage
		Usr 0 00:00:00, Sys 0 00:00:00  -  Total Remote Usage
		Usr 0 00:00:00, Sys 0 00:00:00  -  Total Local Usage
	0  -  Run Bytes Sent By Job
	0  -  Run Bytes Received By Job
	0  -  Total Bytes Sent By Job
	0  -  Total Bytes Received By Job
...
005 (1456.000.000) 04/27 18:21:59 Job terminated.
	(1) Normal termination (return value 0)
		Usr 0 00:00:00, Sys 0 00:00:00  -  Run Remote Usage
		Usr 0 00:00:00, Sys 0 00:00:00  -  Run Local Usage
		Usr 0 00:00:00, Sys 0 00:00:00  -  Total Remote Usage
		Usr 0 00:00:00, Sys 0 00:00:00  -  Total Local Usage
	0  -  Run Bytes Sent By Job
	0  -  Run Bytes Received By Job
	0  -  Total Bytes Sent By Job
	0  -  Total Bytes Received By Job
...
016 (1456.000.000) 04/27 18:21:59 POST Script terminated.
	(1) Normal termination (return value 0)
    DAG Node: create_dir_example_workflow_0_local
...
000 (1458.000.000) 04/27 18:22:09 Job submitted from host: <10.240.0.3:26784?addrs=10.240.0.3-26784>
    DAG Node: stage_in_local_local_0_1
    pool:local
...
001 (1458.000.000) 04/27 18:22:10 Job executing on host: <10.240.0.3:35293?addrs=10.240.0.3-35293>
...
000 (1459.000.000) 04/27 18:22:10 Job submitted from host: <10.240.0.3:26784?addrs=10.240.0.3-26784>
    DAG Node: stage_in_local_local_0_0
    pool:local
...
000 (1460.000.000) 04/27 18:22:10 Job submitted from host: <10.240.0.3:26784?addrs=10.240.0.3-26784>
    DAG Node: stage_in_remote_local_0_1
    pool:local
...
000 (1461.000.000) 04/27 18:22:10 Job submitted from host: <10.240.0.3:26784?addrs=10.240.0.3-26784>
    DAG Node: stage_in_remote_local_0_0
    pool:local
...
005 (1458.000.000) 04/27 18:22:14 Job terminated.
	(1) Normal termination (return value 0)
		Usr 0 00:00:00, Sys 0 00:00:00  -  Run Remote Usage
		Usr 0 00:00:00, Sys 0 00:00:00  -  Run Local Usage
		Usr 0 00:00:00, Sys 0 00:00:00  -  Total Remote Usage
		Usr 0 00:00:00, Sys 0 00:00:00  -  Total Local Usage
	0  -  Run Bytes Sent By Job
	0  -  Run Bytes Received By Job
	0  -  Total Bytes Sent By Job
	0  -  Total Bytes Received By Job
...
001 (1460.000.000) 04/27 18:22:14 Job executing on host: <10.240.0.3:7881?addrs=10.240.0.3-7881>
...
001 (1459.000.000) 04/27 18:22:14 Job executing on host: <10.240.0.3:64265?addrs=10.240.0.3-64265>
...
001 (1461.000.000) 04/27 18:22:14 Job executing on host: <10.240.0.3:11798?addrs=10.240.0.3-11798>
...
016 (1458.000.000) 04/27 18:22:15 POST Script terminated.
	(1) Normal termination (return value 0)
    DAG Node: stage_in_local_local_0_1
...
005 (1459.000.000) 04/27 18:22:18 Job terminated.
	(1) Normal termination (return value 0)
		Usr 0 00:00:00, Sys 0 00:00:00  -  Run Remote Usage
		Usr 0 00:00:00, Sys 0 00:00:00  -  Run Local Usage
		Usr 0 00:00:00, Sys 0 00:00:00  -  Total Remote Usage
		Usr 0 00:00:00, Sys 0 00:00:00  -  Total Local Usage
	0  -  Run Bytes Sent By Job
	0  -  Run Bytes Received By Job
	0  -  Total Bytes Sent By Job
	0  -  Total Bytes Received By Job
...
005 (1460.000.000) 04/27 18:22:18 Job terminated.
	(1) Normal termination (return value 0)
		Usr 0 00:00:00, Sys 0 00:00:00  -  Run Remote Usage
		Usr 0 00:00:00, Sys 0 00:00:00  -  Run Local Usage
		Usr 0 00:00:00, Sys 0 00:00:00  -  Total Remote Usage
		Usr 0 00:00:00, Sys 0 00:00:00  -  Total Local Usage
	0  -  Run Bytes Sent By Job
	0  -  Run Bytes Received By Job
	0  -  Total Bytes Sent By Job
	0  -  Total Bytes Received By Job
...
005 (1461.000.000) 04/27 18:22:18 Job terminated.
	(1) Normal termination (return value 0)
		Usr 0 00:00:00, Sys 0 00:00:00  -  Run Remote Usage
		Usr 0 00:00:00, Sys 0 00:00:00  -  Run Local Usage
		Usr 0 00:00:00, Sys 0 00:00:00  -  Total Remote Usage
		Usr 0 00:00:00, Sys 0 00:00:00  -  Total Local Usage
	0  -  Run Bytes Sent By Job
	0  -  Run Bytes Received By Job
	0  -  Total Bytes Sent By Job
	0  -  Total Bytes Received By Job
...
016 (1460.000.000) 04/27 18:22:20 POST Script terminated.
	(1) Normal termination (return value 0)
    DAG Node: stage_in_remote_local_0_1
...
016 (1459.000.000) 04/27 18:22:20 POST Script terminated.
	(1) Normal termination (return value 0)
    DAG Node: stage_in_local_local_0_0
...
016 (1461.000.000) 04/27 18:22:20 POST Script terminated.
	(1) Normal termination (return value 0)
    DAG Node: stage_in_remote_local_0_0
...
000 (1462.000.000) 04/27 18:22:30 Job submitted from host: <10.240.0.3:26784?addrs=10.240.0.3-26784>
    DAG Node: import_1_ID0000002
    pool:condorpool
...
000 (1463.000.000) 04/27 18:22:30 Job submitted from host: <10.240.0.3:26784?addrs=10.240.0.3-26784>
    DAG Node: import_6_ID0000007
    pool:condorpool
...
000 (1464.000.000) 04/27 18:22:30 Job submitted from host: <10.240.0.3:26784?addrs=10.240.0.3-26784>
    DAG Node: import_7_ID0000008
    pool:condorpool
...
000 (1465.000.000) 04/27 18:22:30 Job submitted from host: <10.240.0.3:26784?addrs=10.240.0.3-26784>
    DAG Node: import_0_ID0000001
    pool:condorpool
...
000 (1466.000.000) 04/27 18:22:30 Job submitted from host: <10.240.0.3:26784?addrs=10.240.0.3-26784>
    DAG Node: import_4_ID0000005
    pool:condorpool
...
001 (1463.000.000) 04/27 18:22:35 Job executing on host: <10.240.0.38:19032?addrs=10.240.0.38-19032>
...
001 (1462.000.000) 04/27 18:22:35 Job executing on host: <10.240.0.37:51728?addrs=10.240.0.37-51728>
...
001 (1466.000.000) 04/27 18:22:35 Job executing on host: <10.240.0.40:43246?addrs=10.240.0.40-43246>
...
001 (1464.000.000) 04/27 18:22:35 Job executing on host: <10.240.0.39:9694?addrs=10.240.0.39-9694>
...
001 (1465.000.000) 04/27 18:22:35 Job executing on host: <10.240.0.41:41763?addrs=10.240.0.41-41763>
...
000 (1467.000.000) 04/27 18:22:35 Job submitted from host: <10.240.0.3:26784?addrs=10.240.0.3-26784>
    DAG Node: import_8_ID0000009
    pool:condorpool
...
000 (1468.000.000) 04/27 18:22:35 Job submitted from host: <10.240.0.3:26784?addrs=10.240.0.3-26784>
    DAG Node: import_5_ID0000006
    pool:condorpool
...
000 (1469.000.000) 04/27 18:22:35 Job submitted from host: <10.240.0.3:26784?addrs=10.240.0.3-26784>
    DAG Node: import_3_ID0000004
    pool:condorpool
...
000 (1470.000.000) 04/27 18:22:35 Job submitted from host: <10.240.0.3:26784?addrs=10.240.0.3-26784>
    DAG Node: import_2_ID0000003
    pool:condorpool
...
000 (1471.000.000) 04/27 18:22:35 Job submitted from host: <10.240.0.3:26784?addrs=10.240.0.3-26784>
    DAG Node: import_9_ID0000010
    pool:condorpool
...
001 (1470.000.000) 04/27 18:22:55 Job executing on host: <10.240.0.43:21648?addrs=10.240.0.43-21648>
...
001 (1469.000.000) 04/27 18:22:55 Job executing on host: <10.240.0.45:14581?addrs=10.240.0.45-14581>
...
001 (1467.000.000) 04/27 18:22:55 Job executing on host: <10.240.0.42:36625?addrs=10.240.0.42-36625>
...
001 (1468.000.000) 04/27 18:22:55 Job executing on host: <10.240.0.36:21548?addrs=10.240.0.36-21548>
...
001 (1471.000.000) 04/27 18:22:55 Job executing on host: <10.240.0.44:35118?addrs=10.240.0.44-35118>
...
005 (1463.000.000) 04/27 18:34:56 Job terminated.
	(1) Normal termination (return value 0)
		Usr 0 00:01:29, Sys 0 00:00:08  -  Run Remote Usage
		Usr 0 00:00:00, Sys 0 00:00:00  -  Run Local Usage
		Usr 0 00:01:29, Sys 0 00:00:08  -  Total Remote Usage
		Usr 0 00:00:00, Sys 0 00:00:00  -  Total Local Usage
	4444  -  Run Bytes Sent By Job
	5022075  -  Run Bytes Received By Job
	4444  -  Total Bytes Sent By Job
	5022075  -  Total Bytes Received By Job
	Partitionable Resources :    Usage  Request Allocated
	   Cpus                 :                 1         1
	   Disk (KB)            :    10285     5000   7171416
	   Memory (MB)          :      522        1      3700
...
016 (1463.000.000) 04/27 18:34:56 POST Script terminated.
	(1) Normal termination (return value 0)
    DAG Node: import_6_ID0000007
...
005 (1462.000.000) 04/27 18:34:59 Job terminated.
	(1) Normal termination (return value 0)
		Usr 0 00:01:26, Sys 0 00:00:08  -  Run Remote Usage
		Usr 0 00:00:00, Sys 0 00:00:00  -  Run Local Usage
		Usr 0 00:01:26, Sys 0 00:00:08  -  Total Remote Usage
		Usr 0 00:00:00, Sys 0 00:00:00  -  Total Local Usage
	4444  -  Run Bytes Sent By Job
	4659318  -  Run Bytes Received By Job
	4444  -  Total Bytes Sent By Job
	4659318  -  Total Bytes Received By Job
	Partitionable Resources :    Usage  Request Allocated
	   Cpus                 :                 1         1
	   Disk (KB)            :     9930     4750   7171416
	   Memory (MB)          :      525        1      3700
...
016 (1462.000.000) 04/27 18:35:01 POST Script terminated.
	(1) Normal termination (return value 0)
    DAG Node: import_1_ID0000002
...
005 (1464.000.000) 04/27 18:35:10 Job terminated.
	(1) Normal termination (return value 0)
		Usr 0 00:01:28, Sys 0 00:00:08  -  Run Remote Usage
		Usr 0 00:00:00, Sys 0 00:00:00  -  Run Local Usage
		Usr 0 00:01:28, Sys 0 00:00:08  -  Total Remote Usage
		Usr 0 00:00:00, Sys 0 00:00:00  -  Total Local Usage
	4444  -  Run Bytes Sent By Job
	4355668  -  Run Bytes Received By Job
	4444  -  Total Bytes Sent By Job
	4355668  -  Total Bytes Received By Job
	Partitionable Resources :    Usage  Request Allocated
	   Cpus                 :                 1         1
	   Disk (KB)            :     9634     4500   7171416
	   Memory (MB)          :      523        1      3700
...
005 (1466.000.000) 04/27 18:35:10 Job terminated.
	(1) Normal termination (return value 0)
		Usr 0 00:01:31, Sys 0 00:00:08  -  Run Remote Usage
		Usr 0 00:00:00, Sys 0 00:00:00  -  Run Local Usage
		Usr 0 00:01:31, Sys 0 00:00:08  -  Total Remote Usage
		Usr 0 00:00:00, Sys 0 00:00:00  -  Total Local Usage
	4444  -  Run Bytes Sent By Job
	4690902  -  Run Bytes Received By Job
	4444  -  Total Bytes Sent By Job
	4690902  -  Total Bytes Received By Job
	Partitionable Resources :    Usage  Request Allocated
	   Cpus                 :                 1         1
	   Disk (KB)            :     9961     4750   7171416
	   Memory (MB)          :      523        1      3700
...
016 (1464.000.000) 04/27 18:35:11 POST Script terminated.
	(1) Normal termination (return value 0)
    DAG Node: import_7_ID0000008
...
016 (1466.000.000) 04/27 18:35:11 POST Script terminated.
	(1) Normal termination (return value 0)
    DAG Node: import_4_ID0000005
...
005 (1465.000.000) 04/27 18:35:19 Job terminated.
	(1) Normal termination (return value 0)
		Usr 0 00:01:41, Sys 0 00:00:10  -  Run Remote Usage
		Usr 0 00:00:00, Sys 0 00:00:00  -  Run Local Usage
		Usr 0 00:01:41, Sys 0 00:00:10  -  Total Remote Usage
		Usr 0 00:00:00, Sys 0 00:00:00  -  Total Local Usage
	4446  -  Run Bytes Sent By Job
	4723500  -  Run Bytes Received By Job
	4446  -  Total Bytes Sent By Job
	4723500  -  Total Bytes Received By Job
	Partitionable Resources :    Usage  Request Allocated
	   Cpus                 :                 1         1
	   Disk (KB)            :     9993     4750   7171416
	   Memory (MB)          :      524        1      3700
...
016 (1465.000.000) 04/27 18:35:21 POST Script terminated.
	(1) Normal termination (return value 0)
    DAG Node: import_0_ID0000001
...
005 (1469.000.000) 04/27 18:35:26 Job terminated.
	(1) Normal termination (return value 0)
		Usr 0 00:01:29, Sys 0 00:00:08  -  Run Remote Usage
		Usr 0 00:00:00, Sys 0 00:00:00  -  Run Local Usage
		Usr 0 00:01:29, Sys 0 00:00:08  -  Total Remote Usage
		Usr 0 00:00:00, Sys 0 00:00:00  -  Total Local Usage
	4444  -  Run Bytes Sent By Job
	4946322  -  Run Bytes Received By Job
	4444  -  Total Bytes Sent By Job
	4946322  -  Total Bytes Received By Job
	Partitionable Resources :    Usage  Request Allocated
	   Cpus                 :                 1         1
	   Disk (KB)            :    10211     5000   7171416
	   Memory (MB)          :      523        1      3700
...
016 (1469.000.000) 04/27 18:35:27 POST Script terminated.
	(1) Normal termination (return value 0)
    DAG Node: import_3_ID0000004
...
000 (1472.000.000) 04/27 18:35:31 Job submitted from host: <10.240.0.3:26784?addrs=10.240.0.3-26784>
    DAG Node: clean_up_local_level_3_0
    pool:local
...
001 (1472.000.000) 04/27 18:35:31 Job executing on host: <10.240.0.3:48073?addrs=10.240.0.3-48073>
...
005 (1467.000.000) 04/27 18:35:32 Job terminated.
	(1) Normal termination (return value 0)
		Usr 0 00:01:24, Sys 0 00:00:08  -  Run Remote Usage
		Usr 0 00:00:00, Sys 0 00:00:00  -  Run Local Usage
		Usr 0 00:01:24, Sys 0 00:00:08  -  Total Remote Usage
		Usr 0 00:00:00, Sys 0 00:00:00  -  Total Local Usage
	4444  -  Run Bytes Sent By Job
	4739317  -  Run Bytes Received By Job
	4444  -  Total Bytes Sent By Job
	4739317  -  Total Bytes Received By Job
	Partitionable Resources :    Usage  Request Allocated
	   Cpus                 :                 1         1
	   Disk (KB)            :    10009     4750   7171416
	   Memory (MB)          :      524        1      3700
...
016 (1467.000.000) 04/27 18:35:36 POST Script terminated.
	(1) Normal termination (return value 0)
    DAG Node: import_8_ID0000009
...
005 (1468.000.000) 04/27 18:35:43 Job terminated.
	(1) Normal termination (return value 0)
		Usr 0 00:01:36, Sys 0 00:00:09  -  Run Remote Usage
		Usr 0 00:00:00, Sys 0 00:00:00  -  Run Local Usage
		Usr 0 00:01:36, Sys 0 00:00:09  -  Total Remote Usage
		Usr 0 00:00:00, Sys 0 00:00:00  -  Total Local Usage
	4444  -  Run Bytes Sent By Job
	4953652  -  Run Bytes Received By Job
	4444  -  Total Bytes Sent By Job
	4953652  -  Total Bytes Received By Job
	Partitionable Resources :    Usage  Request Allocated
	   Cpus                 :                 1         1
	   Disk (KB)            :    10218     5000   7171416
	   Memory (MB)          :      525        1      3700
...
005 (1470.000.000) 04/27 18:35:44 Job terminated.
	(1) Normal termination (return value 0)
		Usr 0 00:01:38, Sys 0 00:00:09  -  Run Remote Usage
		Usr 0 00:00:00, Sys 0 00:00:00  -  Run Local Usage
		Usr 0 00:01:38, Sys 0 00:00:09  -  Total Remote Usage
		Usr 0 00:00:00, Sys 0 00:00:00  -  Total Local Usage
	4444  -  Run Bytes Sent By Job
	4766654  -  Run Bytes Received By Job
	4444  -  Total Bytes Sent By Job
	4766654  -  Total Bytes Received By Job
	Partitionable Resources :    Usage  Request Allocated
	   Cpus                 :                 1         1
	   Disk (KB)            :    10035     4750   7171416
	   Memory (MB)          :      524        1      3700
...
005 (1471.000.000) 04/27 18:35:45 Job terminated.
	(1) Normal termination (return value 0)
		Usr 0 00:01:38, Sys 0 00:00:10  -  Run Remote Usage
		Usr 0 00:00:00, Sys 0 00:00:00  -  Run Local Usage
		Usr 0 00:01:38, Sys 0 00:00:10  -  Total Remote Usage
		Usr 0 00:00:00, Sys 0 00:00:00  -  Total Local Usage
	4445  -  Run Bytes Sent By Job
	4980556  -  Run Bytes Received By Job
	4445  -  Total Bytes Sent By Job
	4980556  -  Total Bytes Received By Job
	Partitionable Resources :    Usage  Request Allocated
	   Cpus                 :                 1         1
	   Disk (KB)            :    10244     5000   7171416
	   Memory (MB)          :      524        1      3700
...
005 (1472.000.000) 04/27 18:35:45 Job terminated.
	(1) Normal termination (return value 0)
		Usr 0 00:00:00, Sys 0 00:00:00  -  Run Remote Usage
		Usr 0 00:00:00, Sys 0 00:00:00  -  Run Local Usage
		Usr 0 00:00:00, Sys 0 00:00:00  -  Total Remote Usage
		Usr 0 00:00:00, Sys 0 00:00:00  -  Total Local Usage
	0  -  Run Bytes Sent By Job
	0  -  Run Bytes Received By Job
	0  -  Total Bytes Sent By Job
	0  -  Total Bytes Received By Job
...
016 (1470.000.000) 04/27 18:35:46 POST Script terminated.
	(1) Normal termination (return value 0)
    DAG Node: import_2_ID0000003
...
016 (1468.000.000) 04/27 18:35:46 POST Script terminated.
	(1) Normal termination (return value 0)
    DAG Node: import_5_ID0000006
...
016 (1471.000.000) 04/27 18:35:46 POST Script terminated.
	(1) Normal termination (return value 0)
    DAG Node: import_9_ID0000010
...
016 (1472.000.000) 04/27 18:35:46 POST Script terminated.
	(1) Normal termination (return value 0)
    DAG Node: clean_up_local_level_3_0
...
000 (1473.000.000) 04/27 18:35:56 Job submitted from host: <10.240.0.3:26784?addrs=10.240.0.3-26784>
    DAG Node: clean_up_local_level_3_1
    pool:local
...
001 (1473.000.000) 04/27 18:35:56 Job executing on host: <10.240.0.3:36696?addrs=10.240.0.3-36696>
...
005 (1473.000.000) 04/27 18:36:10 Job terminated.
	(1) Normal termination (return value 0)
		Usr 0 00:00:00, Sys 0 00:00:00  -  Run Remote Usage
		Usr 0 00:00:00, Sys 0 00:00:00  -  Run Local Usage
		Usr 0 00:00:00, Sys 0 00:00:00  -  Total Remote Usage
		Usr 0 00:00:00, Sys 0 00:00:00  -  Total Local Usage
	0  -  Run Bytes Sent By Job
	0  -  Run Bytes Received By Job
	0  -  Total Bytes Sent By Job
	0  -  Total Bytes Received By Job
...
016 (1473.000.000) 04/27 18:36:11 POST Script terminated.
	(1) Normal termination (return value 0)
    DAG Node: clean_up_local_level_3_1
...
000 (1474.000.000) 04/27 18:36:21 Job submitted from host: <10.240.0.3:26784?addrs=10.240.0.3-26784>
    DAG Node: cleanup_example_workflow_0_local
    pool:local
...
001 (1474.000.000) 04/27 18:36:21 Job executing on host: <10.240.0.3:12495?addrs=10.240.0.3-12495>
...
005 (1474.000.000) 04/27 18:36:23 Job terminated.
	(1) Normal termination (return value 0)
		Usr 0 00:00:00, Sys 0 00:00:00  -  Run Remote Usage
		Usr 0 00:00:00, Sys 0 00:00:00  -  Run Local Usage
		Usr 0 00:00:00, Sys 0 00:00:00  -  Total Remote Usage
		Usr 0 00:00:00, Sys 0 00:00:00  -  Total Local Usage
	0  -  Run Bytes Sent By Job
	0  -  Run Bytes Received By Job
	0  -  Total Bytes Sent By Job
	0  -  Total Bytes Received By Job
...
