000 (1328.000.000) 11/06 13:30:10 Job submitted from host: <54.193.36.194:26489?addrs=54.193.36.194-26489>
    DAG Node: create_dir_example_workflow_0_local
    pool:local
...
001 (1328.000.000) 11/06 13:30:11 Job executing on host: <54.193.36.194:16752?addrs=54.193.36.194-16752>
...
005 (1328.000.000) 11/06 13:30:13 Job terminated.
	(1) Normal termination (return value 0)
		Usr 0 00:00:00, Sys 0 00:00:00  -  Run Remote Usage
		Usr 0 00:00:00, Sys 0 00:00:00  -  Run Local Usage
		Usr 0 00:00:00, Sys 0 00:00:00  -  Total Remote Usage
		Usr 0 00:00:00, Sys 0 00:00:00  -  Total Local Usage
	0  -  Run Bytes Sent By Job
	0  -  Run Bytes Received By Job
	0  -  Total Bytes Sent By Job
	0  -  Total Bytes Received By Job
...
000 (1329.000.000) 11/06 13:30:25 Job submitted from host: <54.193.36.194:26489?addrs=54.193.36.194-26489>
    DAG Node: stage_in_local_local_0_0
    pool:local
...
000 (1330.000.000) 11/06 13:30:25 Job submitted from host: <54.193.36.194:26489?addrs=54.193.36.194-26489>
    DAG Node: stage_in_local_local_6_0
    pool:local
...
001 (1329.000.000) 11/06 13:30:25 Job executing on host: <54.193.36.194:13148?addrs=54.193.36.194-13148>
...
000 (1331.000.000) 11/06 13:30:26 Job submitted from host: <54.193.36.194:26489?addrs=54.193.36.194-26489>
    DAG Node: stage_in_remote_local_2_1
    pool:local
...
000 (1332.000.000) 11/06 13:30:26 Job submitted from host: <54.193.36.194:26489?addrs=54.193.36.194-26489>
    DAG Node: stage_in_remote_local_5_0
    pool:local
...
000 (1333.000.000) 11/06 13:30:26 Job submitted from host: <54.193.36.194:26489?addrs=54.193.36.194-26489>
    DAG Node: stage_in_local_local_2_0
    pool:local
...
005 (1329.000.000) 11/06 13:30:28 Job terminated.
	(1) Normal termination (return value 0)
		Usr 0 00:00:00, Sys 0 00:00:00  -  Run Remote Usage
		Usr 0 00:00:00, Sys 0 00:00:00  -  Run Local Usage
		Usr 0 00:00:00, Sys 0 00:00:00  -  Total Remote Usage
		Usr 0 00:00:00, Sys 0 00:00:00  -  Total Local Usage
	0  -  Run Bytes Sent By Job
	0  -  Run Bytes Received By Job
	0  -  Total Bytes Sent By Job
	0  -  Total Bytes Received By Job
...
001 (1330.000.000) 11/06 13:30:28 Job executing on host: <54.193.36.194:48864?addrs=54.193.36.194-48864>
...
001 (1332.000.000) 11/06 13:30:28 Job executing on host: <54.193.36.194:52572?addrs=54.193.36.194-52572>
...
001 (1333.000.000) 11/06 13:30:28 Job executing on host: <54.193.36.194:30610?addrs=54.193.36.194-30610>
...
001 (1331.000.000) 11/06 13:30:28 Job executing on host: <54.193.36.194:52042?addrs=54.193.36.194-52042>
...
005 (1330.000.000) 11/06 13:30:30 Job terminated.
	(1) Normal termination (return value 0)
		Usr 0 00:00:00, Sys 0 00:00:00  -  Run Remote Usage
		Usr 0 00:00:00, Sys 0 00:00:00  -  Run Local Usage
		Usr 0 00:00:00, Sys 0 00:00:00  -  Total Remote Usage
		Usr 0 00:00:00, Sys 0 00:00:00  -  Total Local Usage
	0  -  Run Bytes Sent By Job
	0  -  Run Bytes Received By Job
	0  -  Total Bytes Sent By Job
	0  -  Total Bytes Received By Job
...
005 (1332.000.000) 11/06 13:30:30 Job terminated.
	(1) Normal termination (return value 0)
		Usr 0 00:00:00, Sys 0 00:00:00  -  Run Remote Usage
		Usr 0 00:00:00, Sys 0 00:00:00  -  Run Local Usage
		Usr 0 00:00:00, Sys 0 00:00:00  -  Total Remote Usage
		Usr 0 00:00:00, Sys 0 00:00:00  -  Total Local Usage
	0  -  Run Bytes Sent By Job
	0  -  Run Bytes Received By Job
	0  -  Total Bytes Sent By Job
	0  -  Total Bytes Received By Job
...
005 (1331.000.000) 11/06 13:30:30 Job terminated.
	(1) Normal termination (return value 0)
		Usr 0 00:00:00, Sys 0 00:00:00  -  Run Remote Usage
		Usr 0 00:00:00, Sys 0 00:00:00  -  Run Local Usage
		Usr 0 00:00:00, Sys 0 00:00:00  -  Total Remote Usage
		Usr 0 00:00:00, Sys 0 00:00:00  -  Total Local Usage
	0  -  Run Bytes Sent By Job
	0  -  Run Bytes Received By Job
	0  -  Total Bytes Sent By Job
	0  -  Total Bytes Received By Job
...
000 (1334.000.000) 11/06 13:30:31 Job submitted from host: <54.193.36.194:26489?addrs=54.193.36.194-26489>
    DAG Node: stage_in_local_local_2_1
    pool:local
...
000 (1335.000.000) 11/06 13:30:31 Job submitted from host: <54.193.36.194:26489?addrs=54.193.36.194-26489>
    DAG Node: stage_in_remote_local_1_0
    pool:local
...
000 (1336.000.000) 11/06 13:30:31 Job submitted from host: <54.193.36.194:26489?addrs=54.193.36.194-26489>
    DAG Node: stage_in_local_local_3_0
    pool:local
...
000 (1337.000.000) 11/06 13:30:31 Job submitted from host: <54.193.36.194:26489?addrs=54.193.36.194-26489>
    DAG Node: stage_in_local_local_5_0
    pool:local
...
000 (1338.000.000) 11/06 13:30:31 Job submitted from host: <54.193.36.194:26489?addrs=54.193.36.194-26489>
    DAG Node: stage_in_local_local_4_0
    pool:local
...
005 (1333.000.000) 11/06 13:30:32 Job terminated.
	(1) Normal termination (return value 0)
		Usr 0 00:00:00, Sys 0 00:00:00  -  Run Remote Usage
		Usr 0 00:00:00, Sys 0 00:00:00  -  Run Local Usage
		Usr 0 00:00:00, Sys 0 00:00:00  -  Total Remote Usage
		Usr 0 00:00:00, Sys 0 00:00:00  -  Total Local Usage
	0  -  Run Bytes Sent By Job
	0  -  Run Bytes Received By Job
	0  -  Total Bytes Sent By Job
	0  -  Total Bytes Received By Job
...
001 (1336.000.000) 11/06 13:30:32 Job executing on host: <54.193.36.194:47595?addrs=54.193.36.194-47595>
...
001 (1337.000.000) 11/06 13:30:33 Job executing on host: <54.193.36.194:51856?addrs=54.193.36.194-51856>
...
001 (1334.000.000) 11/06 13:30:33 Job executing on host: <54.193.36.194:47383?addrs=54.193.36.194-47383>
...
001 (1338.000.000) 11/06 13:30:33 Job executing on host: <54.193.36.194:47986?addrs=54.193.36.194-47986>
...
001 (1335.000.000) 11/06 13:30:33 Job executing on host: <54.193.36.194:38616?addrs=54.193.36.194-38616>
...
005 (1334.000.000) 11/06 13:30:35 Job terminated.
	(1) Normal termination (return value 0)
		Usr 0 00:00:00, Sys 0 00:00:00  -  Run Remote Usage
		Usr 0 00:00:00, Sys 0 00:00:00  -  Run Local Usage
		Usr 0 00:00:00, Sys 0 00:00:00  -  Total Remote Usage
		Usr 0 00:00:00, Sys 0 00:00:00  -  Total Local Usage
	0  -  Run Bytes Sent By Job
	0  -  Run Bytes Received By Job
	0  -  Total Bytes Sent By Job
	0  -  Total Bytes Received By Job
...
005 (1337.000.000) 11/06 13:30:35 Job terminated.
	(1) Normal termination (return value 0)
		Usr 0 00:00:00, Sys 0 00:00:00  -  Run Remote Usage
		Usr 0 00:00:00, Sys 0 00:00:00  -  Run Local Usage
		Usr 0 00:00:00, Sys 0 00:00:00  -  Total Remote Usage
		Usr 0 00:00:00, Sys 0 00:00:00  -  Total Local Usage
	0  -  Run Bytes Sent By Job
	0  -  Run Bytes Received By Job
	0  -  Total Bytes Sent By Job
	0  -  Total Bytes Received By Job
...
005 (1336.000.000) 11/06 13:30:35 Job terminated.
	(1) Normal termination (return value 0)
		Usr 0 00:00:00, Sys 0 00:00:00  -  Run Remote Usage
		Usr 0 00:00:00, Sys 0 00:00:00  -  Run Local Usage
		Usr 0 00:00:00, Sys 0 00:00:00  -  Total Remote Usage
		Usr 0 00:00:00, Sys 0 00:00:00  -  Total Local Usage
	0  -  Run Bytes Sent By Job
	0  -  Run Bytes Received By Job
	0  -  Total Bytes Sent By Job
	0  -  Total Bytes Received By Job
...
005 (1338.000.000) 11/06 13:30:35 Job terminated.
	(1) Normal termination (return value 0)
		Usr 0 00:00:00, Sys 0 00:00:00  -  Run Remote Usage
		Usr 0 00:00:00, Sys 0 00:00:00  -  Run Local Usage
		Usr 0 00:00:00, Sys 0 00:00:00  -  Total Remote Usage
		Usr 0 00:00:00, Sys 0 00:00:00  -  Total Local Usage
	0  -  Run Bytes Sent By Job
	0  -  Run Bytes Received By Job
	0  -  Total Bytes Sent By Job
	0  -  Total Bytes Received By Job
...
005 (1335.000.000) 11/06 13:30:35 Job terminated.
	(1) Normal termination (return value 0)
		Usr 0 00:00:00, Sys 0 00:00:00  -  Run Remote Usage
		Usr 0 00:00:00, Sys 0 00:00:00  -  Run Local Usage
		Usr 0 00:00:00, Sys 0 00:00:00  -  Total Remote Usage
		Usr 0 00:00:00, Sys 0 00:00:00  -  Total Local Usage
	0  -  Run Bytes Sent By Job
	0  -  Run Bytes Received By Job
	0  -  Total Bytes Sent By Job
	0  -  Total Bytes Received By Job
...
000 (1339.000.000) 11/06 13:30:36 Job submitted from host: <54.193.36.194:26489?addrs=54.193.36.194-26489>
    DAG Node: stage_in_local_local_7_0
    pool:local
...
000 (1340.000.000) 11/06 13:30:36 Job submitted from host: <54.193.36.194:26489?addrs=54.193.36.194-26489>
    DAG Node: stage_in_local_local_1_0
    pool:local
...
000 (1341.000.000) 11/06 13:30:36 Job submitted from host: <54.193.36.194:26489?addrs=54.193.36.194-26489>
    DAG Node: stage_in_remote_local_4_1
    pool:local
...
000 (1342.000.000) 11/06 13:30:36 Job submitted from host: <54.193.36.194:26489?addrs=54.193.36.194-26489>
    DAG Node: stage_in_remote_local_4_0
    pool:local
...
000 (1343.000.000) 11/06 13:30:36 Job submitted from host: <54.193.36.194:26489?addrs=54.193.36.194-26489>
    DAG Node: stage_in_remote_local_2_0
    pool:local
...
001 (1339.000.000) 11/06 13:30:41 Job executing on host: <54.193.36.194:22945?addrs=54.193.36.194-22945>
...
001 (1340.000.000) 11/06 13:30:41 Job executing on host: <54.193.36.194:24217?addrs=54.193.36.194-24217>
...
001 (1341.000.000) 11/06 13:30:41 Job executing on host: <54.193.36.194:15371?addrs=54.193.36.194-15371>
...
001 (1342.000.000) 11/06 13:30:41 Job executing on host: <54.193.36.194:46682?addrs=54.193.36.194-46682>
...
001 (1343.000.000) 11/06 13:30:41 Job executing on host: <54.193.36.194:44211?addrs=54.193.36.194-44211>
...
000 (1344.000.000) 11/06 13:30:41 Job submitted from host: <54.193.36.194:26489?addrs=54.193.36.194-26489>
    DAG Node: stage_in_remote_local_3_1
    pool:local
...
000 (1345.000.000) 11/06 13:30:41 Job submitted from host: <54.193.36.194:26489?addrs=54.193.36.194-26489>
    DAG Node: stage_in_remote_local_3_0
    pool:local
...
000 (1346.000.000) 11/06 13:30:41 Job submitted from host: <54.193.36.194:26489?addrs=54.193.36.194-26489>
    DAG Node: stage_in_remote_local_6_0
    pool:local
...
000 (1347.000.000) 11/06 13:30:42 Job submitted from host: <54.193.36.194:26489?addrs=54.193.36.194-26489>
    DAG Node: init_0_ID0000001
    pool:condorpool
...
005 (1341.000.000) 11/06 13:30:44 Job terminated.
	(1) Normal termination (return value 0)
		Usr 0 00:00:00, Sys 0 00:00:00  -  Run Remote Usage
		Usr 0 00:00:00, Sys 0 00:00:00  -  Run Local Usage
		Usr 0 00:00:00, Sys 0 00:00:00  -  Total Remote Usage
		Usr 0 00:00:00, Sys 0 00:00:00  -  Total Local Usage
	0  -  Run Bytes Sent By Job
	0  -  Run Bytes Received By Job
	0  -  Total Bytes Sent By Job
	0  -  Total Bytes Received By Job
...
005 (1340.000.000) 11/06 13:30:44 Job terminated.
	(1) Normal termination (return value 0)
		Usr 0 00:00:00, Sys 0 00:00:00  -  Run Remote Usage
		Usr 0 00:00:00, Sys 0 00:00:00  -  Run Local Usage
		Usr 0 00:00:00, Sys 0 00:00:00  -  Total Remote Usage
		Usr 0 00:00:00, Sys 0 00:00:00  -  Total Local Usage
	0  -  Run Bytes Sent By Job
	0  -  Run Bytes Received By Job
	0  -  Total Bytes Sent By Job
	0  -  Total Bytes Received By Job
...
005 (1339.000.000) 11/06 13:30:44 Job terminated.
	(1) Normal termination (return value 0)
		Usr 0 00:00:00, Sys 0 00:00:00  -  Run Remote Usage
		Usr 0 00:00:00, Sys 0 00:00:00  -  Run Local Usage
		Usr 0 00:00:00, Sys 0 00:00:00  -  Total Remote Usage
		Usr 0 00:00:00, Sys 0 00:00:00  -  Total Local Usage
	0  -  Run Bytes Sent By Job
	0  -  Run Bytes Received By Job
	0  -  Total Bytes Sent By Job
	0  -  Total Bytes Received By Job
...
001 (1346.000.000) 11/06 13:30:44 Job executing on host: <54.193.36.194:19287?addrs=54.193.36.194-19287>
...
001 (1344.000.000) 11/06 13:30:44 Job executing on host: <54.193.36.194:64741?addrs=54.193.36.194-64741>
...
001 (1345.000.000) 11/06 13:30:44 Job executing on host: <54.193.36.194:23396?addrs=54.193.36.194-23396>
...
005 (1343.000.000) 11/06 13:30:46 Job terminated.
	(1) Normal termination (return value 0)
		Usr 0 00:00:00, Sys 0 00:00:00  -  Run Remote Usage
		Usr 0 00:00:00, Sys 0 00:00:00  -  Run Local Usage
		Usr 0 00:00:00, Sys 0 00:00:00  -  Total Remote Usage
		Usr 0 00:00:00, Sys 0 00:00:00  -  Total Local Usage
	0  -  Run Bytes Sent By Job
	0  -  Run Bytes Received By Job
	0  -  Total Bytes Sent By Job
	0  -  Total Bytes Received By Job
...
005 (1342.000.000) 11/06 13:30:46 Job terminated.
	(1) Normal termination (return value 0)
		Usr 0 00:00:00, Sys 0 00:00:00  -  Run Remote Usage
		Usr 0 00:00:00, Sys 0 00:00:00  -  Run Local Usage
		Usr 0 00:00:00, Sys 0 00:00:00  -  Total Remote Usage
		Usr 0 00:00:00, Sys 0 00:00:00  -  Total Local Usage
	0  -  Run Bytes Sent By Job
	0  -  Run Bytes Received By Job
	0  -  Total Bytes Sent By Job
	0  -  Total Bytes Received By Job
...
005 (1346.000.000) 11/06 13:30:46 Job terminated.
	(1) Normal termination (return value 0)
		Usr 0 00:00:00, Sys 0 00:00:00  -  Run Remote Usage
		Usr 0 00:00:00, Sys 0 00:00:00  -  Run Local Usage
		Usr 0 00:00:00, Sys 0 00:00:00  -  Total Remote Usage
		Usr 0 00:00:00, Sys 0 00:00:00  -  Total Local Usage
	0  -  Run Bytes Sent By Job
	0  -  Run Bytes Received By Job
	0  -  Total Bytes Sent By Job
	0  -  Total Bytes Received By Job
...
005 (1344.000.000) 11/06 13:30:46 Job terminated.
	(1) Normal termination (return value 0)
		Usr 0 00:00:00, Sys 0 00:00:00  -  Run Remote Usage
		Usr 0 00:00:00, Sys 0 00:00:00  -  Run Local Usage
		Usr 0 00:00:00, Sys 0 00:00:00  -  Total Remote Usage
		Usr 0 00:00:00, Sys 0 00:00:00  -  Total Local Usage
	0  -  Run Bytes Sent By Job
	0  -  Run Bytes Received By Job
	0  -  Total Bytes Sent By Job
	0  -  Total Bytes Received By Job
...
005 (1345.000.000) 11/06 13:30:48 Job terminated.
	(1) Normal termination (return value 0)
		Usr 0 00:00:00, Sys 0 00:00:00  -  Run Remote Usage
		Usr 0 00:00:00, Sys 0 00:00:00  -  Run Local Usage
		Usr 0 00:00:00, Sys 0 00:00:00  -  Total Remote Usage
		Usr 0 00:00:00, Sys 0 00:00:00  -  Total Local Usage
	0  -  Run Bytes Sent By Job
	0  -  Run Bytes Received By Job
	0  -  Total Bytes Sent By Job
	0  -  Total Bytes Received By Job
...
001 (1347.000.000) 11/06 13:31:06 Job executing on host: <54.200.57.163:59896?addrs=54.200.57.163-59896&noUDP>
...
006 (1347.000.000) 11/06 13:31:15 Image size of job updated: 2
	2  -  MemoryUsage of job (MB)
	1644  -  ResidentSetSize of job (KB)
...
006 (1347.000.000) 11/06 13:31:22 Image size of job updated: 633500
	2  -  MemoryUsage of job (MB)
	1644  -  ResidentSetSize of job (KB)
...
005 (1347.000.000) 11/06 13:31:23 Job terminated.
	(1) Normal termination (return value 0)
		Usr 0 00:00:00, Sys 0 00:00:00  -  Run Remote Usage
		Usr 0 00:00:00, Sys 0 00:00:00  -  Run Local Usage
		Usr 0 00:00:00, Sys 0 00:00:00  -  Total Remote Usage
		Usr 0 00:00:00, Sys 0 00:00:00  -  Total Local Usage
	4454  -  Run Bytes Sent By Job
	3170147  -  Run Bytes Received By Job
	4454  -  Total Bytes Sent By Job
	3170147  -  Total Bytes Received By Job
	Partitionable Resources :    Usage  Request Allocated
	   Cpus                 :                 1         1
	   Disk (KB)            :     6106     3250  27637732
	   Memory (MB)          :        2        1      3764
...
000 (1348.000.000) 11/06 13:31:37 Job submitted from host: <54.193.36.194:26489?addrs=54.193.36.194-26489>
    DAG Node: clean_up_local_level_3_0
    pool:local
...
000 (1349.000.000) 11/06 13:31:37 Job submitted from host: <54.193.36.194:26489?addrs=54.193.36.194-26489>
    DAG Node: generalinfo_0_ID0000002
    pool:condorpool
...
001 (1348.000.000) 11/06 13:31:37 Job executing on host: <54.193.36.194:30824?addrs=54.193.36.194-30824>
...
001 (1349.000.000) 11/06 13:31:38 Job executing on host: <54.200.57.163:59896?addrs=54.200.57.163-59896&noUDP>
...
005 (1348.000.000) 11/06 13:31:39 Job terminated.
	(1) Normal termination (return value 0)
		Usr 0 00:00:00, Sys 0 00:00:00  -  Run Remote Usage
		Usr 0 00:00:00, Sys 0 00:00:00  -  Run Local Usage
		Usr 0 00:00:00, Sys 0 00:00:00  -  Total Remote Usage
		Usr 0 00:00:00, Sys 0 00:00:00  -  Total Local Usage
	0  -  Run Bytes Sent By Job
	0  -  Run Bytes Received By Job
	0  -  Total Bytes Sent By Job
	0  -  Total Bytes Received By Job
...
006 (1349.000.000) 11/06 13:31:46 Image size of job updated: 2
	2  -  MemoryUsage of job (MB)
	1644  -  ResidentSetSize of job (KB)
...
006 (1349.000.000) 11/06 13:35:45 Image size of job updated: 758484
	2  -  MemoryUsage of job (MB)
	1644  -  ResidentSetSize of job (KB)
...
005 (1349.000.000) 11/06 13:35:46 Job terminated.
	(1) Normal termination (return value 0)
		Usr 0 00:03:14, Sys 0 00:00:01  -  Run Remote Usage
		Usr 0 00:00:00, Sys 0 00:00:00  -  Run Local Usage
		Usr 0 00:03:14, Sys 0 00:00:01  -  Total Remote Usage
		Usr 0 00:00:00, Sys 0 00:00:00  -  Total Local Usage
	5906  -  Run Bytes Sent By Job
	3169157  -  Run Bytes Received By Job
	5906  -  Total Bytes Sent By Job
	3169157  -  Total Bytes Received By Job
	Partitionable Resources :    Usage  Request Allocated
	   Cpus                 :                 1         1
	   Disk (KB)            :     6108     3250  27637732
	   Memory (MB)          :        2        1      3764
...
000 (1350.000.000) 11/06 13:35:58 Job submitted from host: <54.193.36.194:26489?addrs=54.193.36.194-26489>
    DAG Node: clean_up_local_level_4_0
    pool:local
...
000 (1351.000.000) 11/06 13:35:58 Job submitted from host: <54.193.36.194:26489?addrs=54.193.36.194-26489>
    DAG Node: statscpumemory_0_ID0000003
    pool:condorpool
...
001 (1350.000.000) 11/06 13:35:58 Job executing on host: <54.193.36.194:59641?addrs=54.193.36.194-59641>
...
000 (1352.000.000) 11/06 13:35:58 Job submitted from host: <54.193.36.194:26489?addrs=54.193.36.194-26489>
    DAG Node: medianmemory_0_ID0000005
    pool:condorpool
...
000 (1353.000.000) 11/06 13:35:58 Job submitted from host: <54.193.36.194:26489?addrs=54.193.36.194-26489>
    DAG Node: mediancpu_0_ID0000004
    pool:condorpool
...
001 (1351.000.000) 11/06 13:35:58 Job executing on host: <54.200.57.163:59896?addrs=54.200.57.163-59896&noUDP>
...
005 (1350.000.000) 11/06 13:36:02 Job terminated.
	(1) Normal termination (return value 0)
		Usr 0 00:00:00, Sys 0 00:00:00  -  Run Remote Usage
		Usr 0 00:00:00, Sys 0 00:00:00  -  Run Local Usage
		Usr 0 00:00:00, Sys 0 00:00:00  -  Total Remote Usage
		Usr 0 00:00:00, Sys 0 00:00:00  -  Total Local Usage
	0  -  Run Bytes Sent By Job
	0  -  Run Bytes Received By Job
	0  -  Total Bytes Sent By Job
	0  -  Total Bytes Received By Job
...
006 (1351.000.000) 11/06 13:36:08 Image size of job updated: 2
	2  -  MemoryUsage of job (MB)
	1644  -  ResidentSetSize of job (KB)
...
001 (1352.000.000) 11/06 13:36:18 Job executing on host: <54.203.21.96:39975?addrs=54.203.21.96-39975&noUDP>
...
001 (1353.000.000) 11/06 13:36:18 Job executing on host: <54.213.178.100:11571?addrs=54.213.178.100-11571&noUDP>
...
006 (1352.000.000) 11/06 13:36:26 Image size of job updated: 2
	2  -  MemoryUsage of job (MB)
	1656  -  ResidentSetSize of job (KB)
...
006 (1353.000.000) 11/06 13:36:26 Image size of job updated: 2
	2  -  MemoryUsage of job (MB)
	1660  -  ResidentSetSize of job (KB)
...
006 (1351.000.000) 11/06 13:41:08 Image size of job updated: 768620
	122  -  MemoryUsage of job (MB)
	124308  -  ResidentSetSize of job (KB)
...
006 (1352.000.000) 11/06 13:41:26 Image size of job updated: 784492
	152  -  MemoryUsage of job (MB)
	154760  -  ResidentSetSize of job (KB)
...
006 (1353.000.000) 11/06 13:41:27 Image size of job updated: 788400
	101  -  MemoryUsage of job (MB)
	102588  -  ResidentSetSize of job (KB)
...
006 (1351.000.000) 11/06 13:44:46 Image size of job updated: 783208
	122  -  MemoryUsage of job (MB)
	124308  -  ResidentSetSize of job (KB)
...
005 (1351.000.000) 11/06 13:44:46 Job terminated.
	(1) Normal termination (return value 0)
		Usr 0 00:07:06, Sys 0 00:00:05  -  Run Remote Usage
		Usr 0 00:00:00, Sys 0 00:00:00  -  Run Local Usage
		Usr 0 00:07:06, Sys 0 00:00:05  -  Total Remote Usage
		Usr 0 00:00:00, Sys 0 00:00:00  -  Total Local Usage
	6624  -  Run Bytes Sent By Job
	3171329  -  Run Bytes Received By Job
	6624  -  Total Bytes Sent By Job
	3171329  -  Total Bytes Received By Job
	Partitionable Resources :    Usage  Request Allocated
	   Cpus                 :                 1         1
	   Disk (KB)            :     6110     3250  27637732
	   Memory (MB)          :      122        1      3764
...
006 (1352.000.000) 11/06 13:45:21 Image size of job updated: 799580
	152  -  MemoryUsage of job (MB)
	154760  -  ResidentSetSize of job (KB)
...
005 (1352.000.000) 11/06 13:45:21 Job terminated.
	(1) Normal termination (return value 0)
		Usr 0 00:07:21, Sys 0 00:00:05  -  Run Remote Usage
		Usr 0 00:00:00, Sys 0 00:00:00  -  Run Local Usage
		Usr 0 00:07:21, Sys 0 00:00:05  -  Total Remote Usage
		Usr 0 00:00:00, Sys 0 00:00:00  -  Total Local Usage
	378207  -  Run Bytes Sent By Job
	3169054  -  Run Bytes Received By Job
	378207  -  Total Bytes Sent By Job
	3169054  -  Total Bytes Received By Job
	Partitionable Resources :    Usage  Request Allocated
	   Cpus                 :                 1         1
	   Disk (KB)            :   400086     3250  27637072
	   Memory (MB)          :      152        1      3764
...
006 (1353.000.000) 11/06 13:45:25 Image size of job updated: 802780
	101  -  MemoryUsage of job (MB)
	102588  -  ResidentSetSize of job (KB)
...
005 (1353.000.000) 11/06 13:45:26 Job terminated.
	(1) Normal termination (return value 0)
		Usr 0 00:07:26, Sys 0 00:00:05  -  Run Remote Usage
		Usr 0 00:00:00, Sys 0 00:00:00  -  Run Local Usage
		Usr 0 00:07:26, Sys 0 00:00:05  -  Total Remote Usage
		Usr 0 00:00:00, Sys 0 00:00:00  -  Total Local Usage
	381234  -  Run Bytes Sent By Job
	3169018  -  Run Bytes Received By Job
	381234  -  Total Bytes Sent By Job
	3169018  -  Total Bytes Received By Job
	Partitionable Resources :    Usage  Request Allocated
	   Cpus                 :                 1         1
	   Disk (KB)            :   391570     3250  27640416
	   Memory (MB)          :      101        1      3764
...
000 (1354.000.000) 11/06 13:45:34 Job submitted from host: <54.193.36.194:26489?addrs=54.193.36.194-26489>
    DAG Node: clean_up_local_level_5_0
    pool:local
...
001 (1354.000.000) 11/06 13:45:35 Job executing on host: <54.193.36.194:23118?addrs=54.193.36.194-23118>
...
000 (1355.000.000) 11/06 13:45:40 Job submitted from host: <54.193.36.194:26489?addrs=54.193.36.194-26489>
    DAG Node: taskevent_0_ID0000006
    pool:condorpool
...
000 (1356.000.000) 11/06 13:45:40 Job submitted from host: <54.193.36.194:26489?addrs=54.193.36.194-26489>
    DAG Node: clean_up_local_level_5_1
    pool:local
...
001 (1355.000.000) 11/06 13:45:41 Job executing on host: <54.213.178.100:11571?addrs=54.213.178.100-11571&noUDP>
...
005 (1354.000.000) 11/06 13:45:43 Job terminated.
	(1) Normal termination (return value 0)
		Usr 0 00:00:00, Sys 0 00:00:00  -  Run Remote Usage
		Usr 0 00:00:00, Sys 0 00:00:00  -  Run Local Usage
		Usr 0 00:00:00, Sys 0 00:00:00  -  Total Remote Usage
		Usr 0 00:00:00, Sys 0 00:00:00  -  Total Local Usage
	0  -  Run Bytes Sent By Job
	0  -  Run Bytes Received By Job
	0  -  Total Bytes Sent By Job
	0  -  Total Bytes Received By Job
...
001 (1356.000.000) 11/06 13:45:43 Job executing on host: <54.193.36.194:51614?addrs=54.193.36.194-51614>
...
005 (1356.000.000) 11/06 13:45:47 Job terminated.
	(1) Normal termination (return value 0)
		Usr 0 00:00:00, Sys 0 00:00:00  -  Run Remote Usage
		Usr 0 00:00:00, Sys 0 00:00:00  -  Run Local Usage
		Usr 0 00:00:00, Sys 0 00:00:00  -  Total Remote Usage
		Usr 0 00:00:00, Sys 0 00:00:00  -  Total Local Usage
	0  -  Run Bytes Sent By Job
	0  -  Run Bytes Received By Job
	0  -  Total Bytes Sent By Job
	0  -  Total Bytes Received By Job
...
006 (1355.000.000) 11/06 13:45:50 Image size of job updated: 2
	2  -  MemoryUsage of job (MB)
	1652  -  ResidentSetSize of job (KB)
...
006 (1355.000.000) 11/06 13:50:50 Image size of job updated: 798032
	135  -  MemoryUsage of job (MB)
	137296  -  ResidentSetSize of job (KB)
...
006 (1355.000.000) 11/06 13:55:50 Image size of job updated: 818000
	135  -  MemoryUsage of job (MB)
	137296  -  ResidentSetSize of job (KB)
...
006 (1355.000.000) 11/06 13:59:09 Image size of job updated: 818508
	135  -  MemoryUsage of job (MB)
	137296  -  ResidentSetSize of job (KB)
...
005 (1355.000.000) 11/06 13:59:10 Job terminated.
	(1) Normal termination (return value 0)
		Usr 0 00:07:35, Sys 0 00:00:06  -  Run Remote Usage
		Usr 0 00:00:00, Sys 0 00:00:00  -  Run Local Usage
		Usr 0 00:07:35, Sys 0 00:00:06  -  Total Remote Usage
		Usr 0 00:00:00, Sys 0 00:00:00  -  Total Local Usage
	14757  -  Run Bytes Sent By Job
	3175826  -  Run Bytes Received By Job
	14757  -  Total Bytes Sent By Job
	3175826  -  Total Bytes Received By Job
	Partitionable Resources :    Usage  Request Allocated
	   Cpus                 :                 1         1
	   Disk (KB)            :     6125     3250  27640416
	   Memory (MB)          :      135        1      3764
...
000 (1357.000.000) 11/06 13:59:21 Job submitted from host: <54.193.36.194:26489?addrs=54.193.36.194-26489>
    DAG Node: clean_up_local_level_6_0
    pool:local
...
001 (1357.000.000) 11/06 13:59:21 Job executing on host: <54.193.36.194:1197?addrs=54.193.36.194-1197>
...
000 (1358.000.000) 11/06 13:59:22 Job submitted from host: <54.193.36.194:26489?addrs=54.193.36.194-26489>
    DAG Node: calculateratio_0_ID0000007
    pool:condorpool
...
005 (1357.000.000) 11/06 13:59:30 Job terminated.
	(1) Normal termination (return value 0)
		Usr 0 00:00:00, Sys 0 00:00:00  -  Run Remote Usage
		Usr 0 00:00:00, Sys 0 00:00:00  -  Run Local Usage
		Usr 0 00:00:00, Sys 0 00:00:00  -  Total Remote Usage
		Usr 0 00:00:00, Sys 0 00:00:00  -  Total Local Usage
	0  -  Run Bytes Sent By Job
	0  -  Run Bytes Received By Job
	0  -  Total Bytes Sent By Job
	0  -  Total Bytes Received By Job
...
001 (1358.000.000) 11/06 13:59:42 Job executing on host: <54.200.57.163:59896?addrs=54.200.57.163-59896&noUDP>
...
006 (1358.000.000) 11/06 13:59:50 Image size of job updated: 2
	2  -  MemoryUsage of job (MB)
	1656  -  ResidentSetSize of job (KB)
...
006 (1358.000.000) 11/06 14:04:51 Image size of job updated: 851692
	148  -  MemoryUsage of job (MB)
	151424  -  ResidentSetSize of job (KB)
...
006 (1358.000.000) 11/06 14:09:51 Image size of job updated: 855568
	150  -  MemoryUsage of job (MB)
	152756  -  ResidentSetSize of job (KB)
...
006 (1358.000.000) 11/06 14:22:29 Image size of job updated: 855756
	150  -  MemoryUsage of job (MB)
	152756  -  ResidentSetSize of job (KB)
...
005 (1358.000.000) 11/06 14:22:30 Job terminated.
	(1) Normal termination (return value 0)
		Usr 0 00:07:11, Sys 0 00:00:15  -  Run Remote Usage
		Usr 0 00:00:00, Sys 0 00:00:00  -  Run Local Usage
		Usr 0 00:07:11, Sys 0 00:00:15  -  Total Remote Usage
		Usr 0 00:00:00, Sys 0 00:00:00  -  Total Local Usage
	360248  -  Run Bytes Sent By Job
	3174556  -  Run Bytes Received By Job
	360248  -  Total Bytes Sent By Job
	3174556  -  Total Bytes Received By Job
	Partitionable Resources :    Usage  Request Allocated
	   Cpus                 :                 1         1
	   Disk (KB)            :     6461     3250  27637612
	   Memory (MB)          :      150        1      3764
...
000 (1359.000.000) 11/06 14:22:43 Job submitted from host: <54.193.36.194:26489?addrs=54.193.36.194-26489>
    DAG Node: clean_up_local_level_7_0
    pool:local
...
001 (1359.000.000) 11/06 14:22:43 Job executing on host: <54.193.36.194:34265?addrs=54.193.36.194-34265>
...
000 (1360.000.000) 11/06 14:22:43 Job submitted from host: <54.193.36.194:26489?addrs=54.193.36.194-26489>
    DAG Node: averageratioevent_0_ID0000008
    pool:condorpool
...
005 (1359.000.000) 11/06 14:22:52 Job terminated.
	(1) Normal termination (return value 0)
		Usr 0 00:00:00, Sys 0 00:00:00  -  Run Remote Usage
		Usr 0 00:00:00, Sys 0 00:00:00  -  Run Local Usage
		Usr 0 00:00:00, Sys 0 00:00:00  -  Total Remote Usage
		Usr 0 00:00:00, Sys 0 00:00:00  -  Total Local Usage
	0  -  Run Bytes Sent By Job
	0  -  Run Bytes Received By Job
	0  -  Total Bytes Sent By Job
	0  -  Total Bytes Received By Job
...
001 (1360.000.000) 11/06 14:23:03 Job executing on host: <54.200.57.163:59896?addrs=54.200.57.163-59896&noUDP>
...
006 (1360.000.000) 11/06 14:23:11 Image size of job updated: 2
	2  -  MemoryUsage of job (MB)
	1644  -  ResidentSetSize of job (KB)
...
006 (1360.000.000) 11/06 14:24:19 Image size of job updated: 765376
	2  -  MemoryUsage of job (MB)
	1644  -  ResidentSetSize of job (KB)
...
005 (1360.000.000) 11/06 14:24:19 Job terminated.
	(1) Normal termination (return value 0)
		Usr 0 00:00:45, Sys 0 00:00:00  -  Run Remote Usage
		Usr 0 00:00:00, Sys 0 00:00:00  -  Run Local Usage
		Usr 0 00:00:45, Sys 0 00:00:00  -  Total Remote Usage
		Usr 0 00:00:00, Sys 0 00:00:00  -  Total Local Usage
	266697  -  Run Bytes Sent By Job
	3169952  -  Run Bytes Received By Job
	266697  -  Total Bytes Sent By Job
	3169952  -  Total Bytes Received By Job
	Partitionable Resources :    Usage  Request Allocated
	   Cpus                 :                 1         1
	   Disk (KB)            :     6679     3250  27637380
	   Memory (MB)          :        2        1      3764
...
000 (1361.000.000) 11/06 14:24:34 Job submitted from host: <54.193.36.194:26489?addrs=54.193.36.194-26489>
    DAG Node: clean_up_local_level_8_0
    pool:local
...
000 (1362.000.000) 11/06 14:24:34 Job submitted from host: <54.193.36.194:26489?addrs=54.193.36.194-26489>
    DAG Node: analysisevent_0_ID0000009
    pool:condorpool
...
001 (1361.000.000) 11/06 14:24:34 Job executing on host: <54.193.36.194:13829?addrs=54.193.36.194-13829>
...
001 (1362.000.000) 11/06 14:24:35 Job executing on host: <54.200.57.163:59896?addrs=54.200.57.163-59896&noUDP>
...
006 (1362.000.000) 11/06 14:24:36 Image size of job updated: 2
	0  -  MemoryUsage of job (MB)
	0  -  ResidentSetSize of job (KB)
...
005 (1362.000.000) 11/06 14:24:36 Job terminated.
	(1) Normal termination (return value 0)
		Usr 0 00:00:00, Sys 0 00:00:00  -  Run Remote Usage
		Usr 0 00:00:00, Sys 0 00:00:00  -  Run Local Usage
		Usr 0 00:00:00, Sys 0 00:00:00  -  Total Remote Usage
		Usr 0 00:00:00, Sys 0 00:00:00  -  Total Local Usage
	5969  -  Run Bytes Sent By Job
	3169439  -  Run Bytes Received By Job
	5969  -  Total Bytes Sent By Job
	3169439  -  Total Bytes Received By Job
	Partitionable Resources :    Usage  Request Allocated
	   Cpus                 :                 1         1
	   Disk (KB)            :     6108     3250  27637380
	   Memory (MB)          :        0        1      3764
...
005 (1361.000.000) 11/06 14:24:38 Job terminated.
	(1) Normal termination (return value 0)
		Usr 0 00:00:00, Sys 0 00:00:00  -  Run Remote Usage
		Usr 0 00:00:00, Sys 0 00:00:00  -  Run Local Usage
		Usr 0 00:00:00, Sys 0 00:00:00  -  Total Remote Usage
		Usr 0 00:00:00, Sys 0 00:00:00  -  Total Local Usage
	0  -  Run Bytes Sent By Job
	0  -  Run Bytes Received By Job
	0  -  Total Bytes Sent By Job
	0  -  Total Bytes Received By Job
...
000 (1363.000.000) 11/06 14:24:49 Job submitted from host: <54.193.36.194:26489?addrs=54.193.36.194-26489>
    DAG Node: terminate_0_ID0000010
    pool:condorpool
...
000 (1364.000.000) 11/06 14:24:49 Job submitted from host: <54.193.36.194:26489?addrs=54.193.36.194-26489>
    DAG Node: clean_up_local_level_9_0
    pool:local
...
001 (1363.000.000) 11/06 14:24:50 Job executing on host: <54.200.57.163:59896?addrs=54.200.57.163-59896&noUDP>
...
006 (1363.000.000) 11/06 14:24:51 Image size of job updated: 2
	0  -  MemoryUsage of job (MB)
	0  -  ResidentSetSize of job (KB)
...
005 (1363.000.000) 11/06 14:24:51 Job terminated.
	(1) Normal termination (return value 0)
		Usr 0 00:00:00, Sys 0 00:00:00  -  Run Remote Usage
		Usr 0 00:00:00, Sys 0 00:00:00  -  Run Local Usage
		Usr 0 00:00:00, Sys 0 00:00:00  -  Total Remote Usage
		Usr 0 00:00:00, Sys 0 00:00:00  -  Total Local Usage
	4461  -  Run Bytes Sent By Job
	3167896  -  Run Bytes Received By Job
	4461  -  Total Bytes Sent By Job
	3167896  -  Total Bytes Received By Job
	Partitionable Resources :    Usage  Request Allocated
	   Cpus                 :                 1         1
	   Disk (KB)            :     6104     3250  27637380
	   Memory (MB)          :        0        1      3764
...
001 (1364.000.000) 11/06 14:24:55 Job executing on host: <54.193.36.194:21893?addrs=54.193.36.194-21893>
...
005 (1364.000.000) 11/06 14:24:59 Job terminated.
	(1) Normal termination (return value 0)
		Usr 0 00:00:00, Sys 0 00:00:00  -  Run Remote Usage
		Usr 0 00:00:00, Sys 0 00:00:00  -  Run Local Usage
		Usr 0 00:00:00, Sys 0 00:00:00  -  Total Remote Usage
		Usr 0 00:00:00, Sys 0 00:00:00  -  Total Local Usage
	0  -  Run Bytes Sent By Job
	0  -  Run Bytes Received By Job
	0  -  Total Bytes Sent By Job
	0  -  Total Bytes Received By Job
...
000 (1365.000.000) 11/06 14:25:05 Job submitted from host: <54.193.36.194:26489?addrs=54.193.36.194-26489>
    DAG Node: clean_up_local_level_10_0
    pool:local
...
001 (1365.000.000) 11/06 14:25:05 Job executing on host: <54.193.36.194:47886?addrs=54.193.36.194-47886>
...
005 (1365.000.000) 11/06 14:25:07 Job terminated.
	(1) Normal termination (return value 0)
		Usr 0 00:00:00, Sys 0 00:00:00  -  Run Remote Usage
		Usr 0 00:00:00, Sys 0 00:00:00  -  Run Local Usage
		Usr 0 00:00:00, Sys 0 00:00:00  -  Total Remote Usage
		Usr 0 00:00:00, Sys 0 00:00:00  -  Total Local Usage
	0  -  Run Bytes Sent By Job
	0  -  Run Bytes Received By Job
	0  -  Total Bytes Sent By Job
	0  -  Total Bytes Received By Job
...
000 (1366.000.000) 11/06 14:25:20 Job submitted from host: <54.193.36.194:26489?addrs=54.193.36.194-26489>
    DAG Node: cleanup_example_workflow_0_local
    pool:local
...
001 (1366.000.000) 11/06 14:25:20 Job executing on host: <54.193.36.194:19529?addrs=54.193.36.194-19529>
...
005 (1366.000.000) 11/06 14:25:22 Job terminated.
	(1) Normal termination (return value 0)
		Usr 0 00:00:00, Sys 0 00:00:00  -  Run Remote Usage
		Usr 0 00:00:00, Sys 0 00:00:00  -  Run Local Usage
		Usr 0 00:00:00, Sys 0 00:00:00  -  Total Remote Usage
		Usr 0 00:00:00, Sys 0 00:00:00  -  Total Local Usage
	0  -  Run Bytes Sent By Job
	0  -  Run Bytes Received By Job
	0  -  Total Bytes Sent By Job
	0  -  Total Bytes Received By Job
...
