000 (2251.000.000) 05/10 23:41:02 Job submitted from host: <10.240.0.3:1901?addrs=10.240.0.3-1901>
    DAG Node: create_dir_example_workflow_0_local
    pool:local
...
000 (2252.000.000) 05/10 23:41:02 Job submitted from host: <10.240.0.3:1901?addrs=10.240.0.3-1901>
    DAG Node: stage_worker_local_example_workflow_0_local
    pool:local
...
001 (2252.000.000) 05/10 23:41:03 Job executing on host: <10.240.0.3:22283?addrs=10.240.0.3-22283>
...
001 (2251.000.000) 05/10 23:41:03 Job executing on host: <10.240.0.3:21949?addrs=10.240.0.3-21949>
...
005 (2252.000.000) 05/10 23:41:05 Job terminated.
	(1) Normal termination (return value 0)
		Usr 0 00:00:00, Sys 0 00:00:00  -  Run Remote Usage
		Usr 0 00:00:00, Sys 0 00:00:00  -  Run Local Usage
		Usr 0 00:00:00, Sys 0 00:00:00  -  Total Remote Usage
		Usr 0 00:00:00, Sys 0 00:00:00  -  Total Local Usage
	0  -  Run Bytes Sent By Job
	0  -  Run Bytes Received By Job
	0  -  Total Bytes Sent By Job
	0  -  Total Bytes Received By Job
...
005 (2251.000.000) 05/10 23:41:05 Job terminated.
	(1) Normal termination (return value 0)
		Usr 0 00:00:00, Sys 0 00:00:00  -  Run Remote Usage
		Usr 0 00:00:00, Sys 0 00:00:00  -  Run Local Usage
		Usr 0 00:00:00, Sys 0 00:00:00  -  Total Remote Usage
		Usr 0 00:00:00, Sys 0 00:00:00  -  Total Local Usage
	0  -  Run Bytes Sent By Job
	0  -  Run Bytes Received By Job
	0  -  Total Bytes Sent By Job
	0  -  Total Bytes Received By Job
...
000 (2253.000.000) 05/10 23:41:17 Job submitted from host: <10.240.0.3:1901?addrs=10.240.0.3-1901>
    DAG Node: stage_in_local_local_0_0
    pool:local
...
001 (2253.000.000) 05/10 23:41:17 Job executing on host: <10.240.0.3:3673?addrs=10.240.0.3-3673>
...
000 (2254.000.000) 05/10 23:41:17 Job submitted from host: <10.240.0.3:1901?addrs=10.240.0.3-1901>
    DAG Node: stage_in_remote_local_2_1
    pool:local
...
000 (2255.000.000) 05/10 23:41:17 Job submitted from host: <10.240.0.3:1901?addrs=10.240.0.3-1901>
    DAG Node: stage_in_local_local_1_1
    pool:local
...
000 (2256.000.000) 05/10 23:41:17 Job submitted from host: <10.240.0.3:1901?addrs=10.240.0.3-1901>
    DAG Node: stage_in_local_local_4_0
    pool:local
...
000 (2257.000.000) 05/10 23:41:17 Job submitted from host: <10.240.0.3:1901?addrs=10.240.0.3-1901>
    DAG Node: stage_in_local_local_1_0
    pool:local
...
005 (2253.000.000) 05/10 23:41:19 Job terminated.
	(1) Normal termination (return value 0)
		Usr 0 00:00:00, Sys 0 00:00:00  -  Run Remote Usage
		Usr 0 00:00:00, Sys 0 00:00:00  -  Run Local Usage
		Usr 0 00:00:00, Sys 0 00:00:00  -  Total Remote Usage
		Usr 0 00:00:00, Sys 0 00:00:00  -  Total Local Usage
	0  -  Run Bytes Sent By Job
	0  -  Run Bytes Received By Job
	0  -  Total Bytes Sent By Job
	0  -  Total Bytes Received By Job
...
001 (2256.000.000) 05/10 23:41:19 Job executing on host: <10.240.0.3:65176?addrs=10.240.0.3-65176>
...
001 (2255.000.000) 05/10 23:41:19 Job executing on host: <10.240.0.3:36685?addrs=10.240.0.3-36685>
...
001 (2254.000.000) 05/10 23:41:19 Job executing on host: <10.240.0.3:18981?addrs=10.240.0.3-18981>
...
001 (2257.000.000) 05/10 23:41:19 Job executing on host: <10.240.0.3:12887?addrs=10.240.0.3-12887>
...
005 (2256.000.000) 05/10 23:41:21 Job terminated.
	(1) Normal termination (return value 0)
		Usr 0 00:00:00, Sys 0 00:00:00  -  Run Remote Usage
		Usr 0 00:00:00, Sys 0 00:00:00  -  Run Local Usage
		Usr 0 00:00:00, Sys 0 00:00:00  -  Total Remote Usage
		Usr 0 00:00:00, Sys 0 00:00:00  -  Total Local Usage
	0  -  Run Bytes Sent By Job
	0  -  Run Bytes Received By Job
	0  -  Total Bytes Sent By Job
	0  -  Total Bytes Received By Job
...
005 (2255.000.000) 05/10 23:41:21 Job terminated.
	(1) Normal termination (return value 0)
		Usr 0 00:00:00, Sys 0 00:00:00  -  Run Remote Usage
		Usr 0 00:00:00, Sys 0 00:00:00  -  Run Local Usage
		Usr 0 00:00:00, Sys 0 00:00:00  -  Total Remote Usage
		Usr 0 00:00:00, Sys 0 00:00:00  -  Total Local Usage
	0  -  Run Bytes Sent By Job
	0  -  Run Bytes Received By Job
	0  -  Total Bytes Sent By Job
	0  -  Total Bytes Received By Job
...
000 (2258.000.000) 05/10 23:41:22 Job submitted from host: <10.240.0.3:1901?addrs=10.240.0.3-1901>
    DAG Node: stage_in_local_local_2_0
    pool:local
...
000 (2259.000.000) 05/10 23:41:22 Job submitted from host: <10.240.0.3:1901?addrs=10.240.0.3-1901>
    DAG Node: stage_in_local_local_2_1
    pool:local
...
000 (2260.000.000) 05/10 23:41:22 Job submitted from host: <10.240.0.3:1901?addrs=10.240.0.3-1901>
    DAG Node: stage_in_remote_local_1_1
    pool:local
...
000 (2261.000.000) 05/10 23:41:22 Job submitted from host: <10.240.0.3:1901?addrs=10.240.0.3-1901>
    DAG Node: stage_in_remote_local_4_0
    pool:local
...
000 (2262.000.000) 05/10 23:41:22 Job submitted from host: <10.240.0.3:1901?addrs=10.240.0.3-1901>
    DAG Node: stage_in_remote_local_1_0
    pool:local
...
005 (2254.000.000) 05/10 23:41:23 Job terminated.
	(1) Normal termination (return value 0)
		Usr 0 00:00:00, Sys 0 00:00:00  -  Run Remote Usage
		Usr 0 00:00:00, Sys 0 00:00:00  -  Run Local Usage
		Usr 0 00:00:00, Sys 0 00:00:00  -  Total Remote Usage
		Usr 0 00:00:00, Sys 0 00:00:00  -  Total Local Usage
	0  -  Run Bytes Sent By Job
	0  -  Run Bytes Received By Job
	0  -  Total Bytes Sent By Job
	0  -  Total Bytes Received By Job
...
005 (2257.000.000) 05/10 23:41:23 Job terminated.
	(1) Normal termination (return value 0)
		Usr 0 00:00:00, Sys 0 00:00:00  -  Run Remote Usage
		Usr 0 00:00:00, Sys 0 00:00:00  -  Run Local Usage
		Usr 0 00:00:00, Sys 0 00:00:00  -  Total Remote Usage
		Usr 0 00:00:00, Sys 0 00:00:00  -  Total Local Usage
	0  -  Run Bytes Sent By Job
	0  -  Run Bytes Received By Job
	0  -  Total Bytes Sent By Job
	0  -  Total Bytes Received By Job
...
001 (2259.000.000) 05/10 23:41:23 Job executing on host: <10.240.0.3:20016?addrs=10.240.0.3-20016>
...
001 (2262.000.000) 05/10 23:41:23 Job executing on host: <10.240.0.3:17427?addrs=10.240.0.3-17427>
...
001 (2258.000.000) 05/10 23:41:23 Job executing on host: <10.240.0.3:60853?addrs=10.240.0.3-60853>
...
001 (2261.000.000) 05/10 23:41:23 Job executing on host: <10.240.0.3:5893?addrs=10.240.0.3-5893>
...
001 (2260.000.000) 05/10 23:41:23 Job executing on host: <10.240.0.3:13816?addrs=10.240.0.3-13816>
...
005 (2261.000.000) 05/10 23:41:26 Job terminated.
	(1) Normal termination (return value 0)
		Usr 0 00:00:00, Sys 0 00:00:00  -  Run Remote Usage
		Usr 0 00:00:00, Sys 0 00:00:00  -  Run Local Usage
		Usr 0 00:00:00, Sys 0 00:00:00  -  Total Remote Usage
		Usr 0 00:00:00, Sys 0 00:00:00  -  Total Local Usage
	0  -  Run Bytes Sent By Job
	0  -  Run Bytes Received By Job
	0  -  Total Bytes Sent By Job
	0  -  Total Bytes Received By Job
...
005 (2260.000.000) 05/10 23:41:26 Job terminated.
	(1) Normal termination (return value 0)
		Usr 0 00:00:00, Sys 0 00:00:00  -  Run Remote Usage
		Usr 0 00:00:00, Sys 0 00:00:00  -  Run Local Usage
		Usr 0 00:00:00, Sys 0 00:00:00  -  Total Remote Usage
		Usr 0 00:00:00, Sys 0 00:00:00  -  Total Local Usage
	0  -  Run Bytes Sent By Job
	0  -  Run Bytes Received By Job
	0  -  Total Bytes Sent By Job
	0  -  Total Bytes Received By Job
...
000 (2263.000.000) 05/10 23:41:27 Job submitted from host: <10.240.0.3:1901?addrs=10.240.0.3-1901>
    DAG Node: stage_in_local_local_3_1
    pool:local
...
000 (2264.000.000) 05/10 23:41:27 Job submitted from host: <10.240.0.3:1901?addrs=10.240.0.3-1901>
    DAG Node: stage_in_local_local_3_0
    pool:local
...
000 (2265.000.000) 05/10 23:41:27 Job submitted from host: <10.240.0.3:1901?addrs=10.240.0.3-1901>
    DAG Node: stage_in_remote_local_2_0
    pool:local
...
000 (2266.000.000) 05/10 23:41:27 Job submitted from host: <10.240.0.3:1901?addrs=10.240.0.3-1901>
    DAG Node: stage_in_remote_local_3_1
    pool:local
...
000 (2267.000.000) 05/10 23:41:27 Job submitted from host: <10.240.0.3:1901?addrs=10.240.0.3-1901>
    DAG Node: stage_in_remote_local_3_0
    pool:local
...
005 (2258.000.000) 05/10 23:41:28 Job terminated.
	(1) Normal termination (return value 0)
		Usr 0 00:00:00, Sys 0 00:00:00  -  Run Remote Usage
		Usr 0 00:00:00, Sys 0 00:00:00  -  Run Local Usage
		Usr 0 00:00:00, Sys 0 00:00:00  -  Total Remote Usage
		Usr 0 00:00:00, Sys 0 00:00:00  -  Total Local Usage
	0  -  Run Bytes Sent By Job
	0  -  Run Bytes Received By Job
	0  -  Total Bytes Sent By Job
	0  -  Total Bytes Received By Job
...
005 (2262.000.000) 05/10 23:41:28 Job terminated.
	(1) Normal termination (return value 0)
		Usr 0 00:00:00, Sys 0 00:00:00  -  Run Remote Usage
		Usr 0 00:00:00, Sys 0 00:00:00  -  Run Local Usage
		Usr 0 00:00:00, Sys 0 00:00:00  -  Total Remote Usage
		Usr 0 00:00:00, Sys 0 00:00:00  -  Total Local Usage
	0  -  Run Bytes Sent By Job
	0  -  Run Bytes Received By Job
	0  -  Total Bytes Sent By Job
	0  -  Total Bytes Received By Job
...
005 (2259.000.000) 05/10 23:41:28 Job terminated.
	(1) Normal termination (return value 0)
		Usr 0 00:00:00, Sys 0 00:00:00  -  Run Remote Usage
		Usr 0 00:00:00, Sys 0 00:00:00  -  Run Local Usage
		Usr 0 00:00:00, Sys 0 00:00:00  -  Total Remote Usage
		Usr 0 00:00:00, Sys 0 00:00:00  -  Total Local Usage
	0  -  Run Bytes Sent By Job
	0  -  Run Bytes Received By Job
	0  -  Total Bytes Sent By Job
	0  -  Total Bytes Received By Job
...
001 (2263.000.000) 05/10 23:41:28 Job executing on host: <10.240.0.3:51063?addrs=10.240.0.3-51063>
...
001 (2266.000.000) 05/10 23:41:28 Job executing on host: <10.240.0.3:12579?addrs=10.240.0.3-12579>
...
001 (2265.000.000) 05/10 23:41:28 Job executing on host: <10.240.0.3:46363?addrs=10.240.0.3-46363>
...
001 (2264.000.000) 05/10 23:41:28 Job executing on host: <10.240.0.3:59010?addrs=10.240.0.3-59010>
...
001 (2267.000.000) 05/10 23:41:28 Job executing on host: <10.240.0.3:49429?addrs=10.240.0.3-49429>
...
000 (2268.000.000) 05/10 23:41:32 Job submitted from host: <10.240.0.3:1901?addrs=10.240.0.3-1901>
    DAG Node: init_0_ID0000001
    pool:condorpool
...
005 (2263.000.000) 05/10 23:41:32 Job terminated.
	(1) Normal termination (return value 0)
		Usr 0 00:00:00, Sys 0 00:00:00  -  Run Remote Usage
		Usr 0 00:00:00, Sys 0 00:00:00  -  Run Local Usage
		Usr 0 00:00:00, Sys 0 00:00:00  -  Total Remote Usage
		Usr 0 00:00:00, Sys 0 00:00:00  -  Total Local Usage
	0  -  Run Bytes Sent By Job
	0  -  Run Bytes Received By Job
	0  -  Total Bytes Sent By Job
	0  -  Total Bytes Received By Job
...
005 (2266.000.000) 05/10 23:41:32 Job terminated.
	(1) Normal termination (return value 0)
		Usr 0 00:00:00, Sys 0 00:00:00  -  Run Remote Usage
		Usr 0 00:00:00, Sys 0 00:00:00  -  Run Local Usage
		Usr 0 00:00:00, Sys 0 00:00:00  -  Total Remote Usage
		Usr 0 00:00:00, Sys 0 00:00:00  -  Total Local Usage
	0  -  Run Bytes Sent By Job
	0  -  Run Bytes Received By Job
	0  -  Total Bytes Sent By Job
	0  -  Total Bytes Received By Job
...
005 (2267.000.000) 05/10 23:41:32 Job terminated.
	(1) Normal termination (return value 0)
		Usr 0 00:00:00, Sys 0 00:00:00  -  Run Remote Usage
		Usr 0 00:00:00, Sys 0 00:00:00  -  Run Local Usage
		Usr 0 00:00:00, Sys 0 00:00:00  -  Total Remote Usage
		Usr 0 00:00:00, Sys 0 00:00:00  -  Total Local Usage
	0  -  Run Bytes Sent By Job
	0  -  Run Bytes Received By Job
	0  -  Total Bytes Sent By Job
	0  -  Total Bytes Received By Job
...
005 (2264.000.000) 05/10 23:41:32 Job terminated.
	(1) Normal termination (return value 0)
		Usr 0 00:00:00, Sys 0 00:00:00  -  Run Remote Usage
		Usr 0 00:00:00, Sys 0 00:00:00  -  Run Local Usage
		Usr 0 00:00:00, Sys 0 00:00:00  -  Total Remote Usage
		Usr 0 00:00:00, Sys 0 00:00:00  -  Total Local Usage
	0  -  Run Bytes Sent By Job
	0  -  Run Bytes Received By Job
	0  -  Total Bytes Sent By Job
	0  -  Total Bytes Received By Job
...
005 (2265.000.000) 05/10 23:41:32 Job terminated.
	(1) Normal termination (return value 0)
		Usr 0 00:00:00, Sys 0 00:00:00  -  Run Remote Usage
		Usr 0 00:00:00, Sys 0 00:00:00  -  Run Local Usage
		Usr 0 00:00:00, Sys 0 00:00:00  -  Total Remote Usage
		Usr 0 00:00:00, Sys 0 00:00:00  -  Total Local Usage
	0  -  Run Bytes Sent By Job
	0  -  Run Bytes Received By Job
	0  -  Total Bytes Sent By Job
	0  -  Total Bytes Received By Job
...
001 (2268.000.000) 05/10 23:41:44 Job executing on host: <10.240.0.82:56327?addrs=10.240.0.82-56327>
...
006 (2268.000.000) 05/10 23:41:45 Image size of job updated: 2
	0  -  MemoryUsage of job (MB)
	0  -  ResidentSetSize of job (KB)
...
005 (2268.000.000) 05/10 23:41:46 Job terminated.
	(1) Normal termination (return value 0)
		Usr 0 00:00:00, Sys 0 00:00:00  -  Run Remote Usage
		Usr 0 00:00:00, Sys 0 00:00:00  -  Run Local Usage
		Usr 0 00:00:00, Sys 0 00:00:00  -  Total Remote Usage
		Usr 0 00:00:00, Sys 0 00:00:00  -  Total Local Usage
	4045  -  Run Bytes Sent By Job
	1662616  -  Run Bytes Received By Job
	4045  -  Total Bytes Sent By Job
	1662616  -  Total Bytes Received By Job
	Partitionable Resources :    Usage  Request Allocated
	   Cpus                 :                 1         1
	   Disk (KB)            :     7003     1750   7171416
	   Memory (MB)          :        0        1      3700
...
000 (2269.000.000) 05/10 23:41:57 Job submitted from host: <10.240.0.3:1901?addrs=10.240.0.3-1901>
    DAG Node: mediancpu_0_ID0000002
    pool:condorpool
...
000 (2270.000.000) 05/10 23:41:57 Job submitted from host: <10.240.0.3:1901?addrs=10.240.0.3-1901>
    DAG Node: clean_up_local_level_3_0
    pool:local
...
000 (2271.000.000) 05/10 23:41:57 Job submitted from host: <10.240.0.3:1901?addrs=10.240.0.3-1901>
    DAG Node: averagecpu_0_ID0000004
    pool:condorpool
...
000 (2272.000.000) 05/10 23:41:57 Job submitted from host: <10.240.0.3:1901?addrs=10.240.0.3-1901>
    DAG Node: maxmincpu_0_ID0000003
    pool:condorpool
...
001 (2269.000.000) 05/10 23:42:00 Job executing on host: <10.240.0.82:56327?addrs=10.240.0.82-56327>
...
001 (2270.000.000) 05/10 23:42:03 Job executing on host: <10.240.0.3:39043?addrs=10.240.0.3-39043>
...
005 (2270.000.000) 05/10 23:42:05 Job terminated.
	(1) Normal termination (return value 0)
		Usr 0 00:00:00, Sys 0 00:00:00  -  Run Remote Usage
		Usr 0 00:00:00, Sys 0 00:00:00  -  Run Local Usage
		Usr 0 00:00:00, Sys 0 00:00:00  -  Total Remote Usage
		Usr 0 00:00:00, Sys 0 00:00:00  -  Total Local Usage
	0  -  Run Bytes Sent By Job
	0  -  Run Bytes Received By Job
	0  -  Total Bytes Sent By Job
	0  -  Total Bytes Received By Job
...
006 (2269.000.000) 05/10 23:42:09 Image size of job updated: 2
	3  -  MemoryUsage of job (MB)
	2872  -  ResidentSetSize of job (KB)
...
001 (2272.000.000) 05/10 23:42:24 Job executing on host: <10.240.0.80:28987?addrs=10.240.0.80-28987>
...
001 (2271.000.000) 05/10 23:42:24 Job executing on host: <10.240.0.74:17481?addrs=10.240.0.74-17481>
...
006 (2272.000.000) 05/10 23:42:33 Image size of job updated: 2
	3  -  MemoryUsage of job (MB)
	2828  -  ResidentSetSize of job (KB)
...
006 (2271.000.000) 05/10 23:42:33 Image size of job updated: 2
	3  -  MemoryUsage of job (MB)
	2840  -  ResidentSetSize of job (KB)
...
006 (2272.000.000) 05/10 23:44:40 Image size of job updated: 504216
	3  -  MemoryUsage of job (MB)
	2828  -  ResidentSetSize of job (KB)
...
005 (2272.000.000) 05/10 23:44:41 Job terminated.
	(1) Normal termination (return value 0)
		Usr 0 00:01:57, Sys 0 00:00:01  -  Run Remote Usage
		Usr 0 00:00:00, Sys 0 00:00:00  -  Run Local Usage
		Usr 0 00:01:57, Sys 0 00:00:01  -  Total Remote Usage
		Usr 0 00:00:00, Sys 0 00:00:00  -  Total Local Usage
	4631  -  Run Bytes Sent By Job
	1662101  -  Run Bytes Received By Job
	4631  -  Total Bytes Sent By Job
	1662101  -  Total Bytes Received By Job
	Partitionable Resources :    Usage  Request Allocated
	   Cpus                 :                 1         1
	   Disk (KB)            :     7004     1750   7171404
	   Memory (MB)          :        3        1      3700
...
000 (2273.000.000) 05/10 23:44:53 Job submitted from host: <10.240.0.3:1901?addrs=10.240.0.3-1901>
    DAG Node: clean_up_local_level_4_1
    pool:local
...
001 (2273.000.000) 05/10 23:44:53 Job executing on host: <10.240.0.3:23883?addrs=10.240.0.3-23883>
...
005 (2273.000.000) 05/10 23:44:57 Job terminated.
	(1) Normal termination (return value 0)
		Usr 0 00:00:00, Sys 0 00:00:00  -  Run Remote Usage
		Usr 0 00:00:00, Sys 0 00:00:00  -  Run Local Usage
		Usr 0 00:00:00, Sys 0 00:00:00  -  Total Remote Usage
		Usr 0 00:00:00, Sys 0 00:00:00  -  Total Local Usage
	0  -  Run Bytes Sent By Job
	0  -  Run Bytes Received By Job
	0  -  Total Bytes Sent By Job
	0  -  Total Bytes Received By Job
...
006 (2269.000.000) 05/10 23:47:00 Image size of job updated: 779168
	3  -  MemoryUsage of job (MB)
	2872  -  ResidentSetSize of job (KB)
...
005 (2269.000.000) 05/10 23:47:01 Job terminated.
	(1) Normal termination (return value 0)
		Usr 0 00:04:35, Sys 0 00:00:03  -  Run Remote Usage
		Usr 0 00:00:00, Sys 0 00:00:00  -  Run Local Usage
		Usr 0 00:04:35, Sys 0 00:00:03  -  Total Remote Usage
		Usr 0 00:00:00, Sys 0 00:00:00  -  Total Local Usage
	381131  -  Run Bytes Sent By Job
	1661963  -  Run Bytes Received By Job
	381131  -  Total Bytes Sent By Job
	1661963  -  Total Bytes Received By Job
	Partitionable Resources :    Usage  Request Allocated
	   Cpus                 :                 1         1
	   Disk (KB)            :    24732     1750   7171416
	   Memory (MB)          :        3        1      3700
...
006 (2271.000.000) 05/10 23:47:34 Image size of job updated: 775856
	157  -  MemoryUsage of job (MB)
	160596  -  ResidentSetSize of job (KB)
...
005 (2271.000.000) 05/10 23:48:01 Job terminated.
	(1) Normal termination (return value 0)
		Usr 0 00:05:06, Sys 0 00:00:04  -  Run Remote Usage
		Usr 0 00:00:00, Sys 0 00:00:00  -  Run Local Usage
		Usr 0 00:05:06, Sys 0 00:00:04  -  Total Remote Usage
		Usr 0 00:00:00, Sys 0 00:00:00  -  Total Local Usage
	381235  -  Run Bytes Sent By Job
	1662589  -  Run Bytes Received By Job
	381235  -  Total Bytes Sent By Job
	1662589  -  Total Bytes Received By Job
	Partitionable Resources :    Usage  Request Allocated
	   Cpus                 :                 1         1
	   Disk (KB)            :   720008     1750   7171404
	   Memory (MB)          :      157        1      3700
...
000 (2274.000.000) 05/10 23:48:13 Job submitted from host: <10.240.0.3:1901?addrs=10.240.0.3-1901>
    DAG Node: clean_up_local_level_4_0
    pool:local
...
001 (2274.000.000) 05/10 23:48:13 Job executing on host: <10.240.0.3:12733?addrs=10.240.0.3-12733>
...
000 (2275.000.000) 05/10 23:48:13 Job submitted from host: <10.240.0.3:1901?addrs=10.240.0.3-1901>
    DAG Node: calculateratio_6_ID0000011
    pool:condorpool
...
000 (2276.000.000) 05/10 23:48:13 Job submitted from host: <10.240.0.3:1901?addrs=10.240.0.3-1901>
    DAG Node: calculateratio_5_ID0000010
    pool:condorpool
...
000 (2277.000.000) 05/10 23:48:13 Job submitted from host: <10.240.0.3:1901?addrs=10.240.0.3-1901>
    DAG Node: calculateratio_8_ID0000013
    pool:condorpool
...
000 (2278.000.000) 05/10 23:48:13 Job submitted from host: <10.240.0.3:1901?addrs=10.240.0.3-1901>
    DAG Node: calculateratio_4_ID0000009
    pool:condorpool
...
001 (2275.000.000) 05/10 23:48:16 Job executing on host: <10.240.0.74:17481?addrs=10.240.0.74-17481>
...
000 (2279.000.000) 05/10 23:48:18 Job submitted from host: <10.240.0.3:1901?addrs=10.240.0.3-1901>
    DAG Node: calculateratio_7_ID0000012
    pool:condorpool
...
000 (2280.000.000) 05/10 23:48:18 Job submitted from host: <10.240.0.3:1901?addrs=10.240.0.3-1901>
    DAG Node: calculateratio_1_ID0000006
    pool:condorpool
...
000 (2281.000.000) 05/10 23:48:18 Job submitted from host: <10.240.0.3:1901?addrs=10.240.0.3-1901>
    DAG Node: calculateratio_2_ID0000007
    pool:condorpool
...
000 (2282.000.000) 05/10 23:48:19 Job submitted from host: <10.240.0.3:1901?addrs=10.240.0.3-1901>
    DAG Node: calculateratio_0_ID0000005
    pool:condorpool
...
000 (2283.000.000) 05/10 23:48:19 Job submitted from host: <10.240.0.3:1901?addrs=10.240.0.3-1901>
    DAG Node: calculateratio_3_ID0000008
    pool:condorpool
...
005 (2274.000.000) 05/10 23:48:21 Job terminated.
	(1) Normal termination (return value 0)
		Usr 0 00:00:00, Sys 0 00:00:00  -  Run Remote Usage
		Usr 0 00:00:00, Sys 0 00:00:00  -  Run Local Usage
		Usr 0 00:00:00, Sys 0 00:00:00  -  Total Remote Usage
		Usr 0 00:00:00, Sys 0 00:00:00  -  Total Local Usage
	0  -  Run Bytes Sent By Job
	0  -  Run Bytes Received By Job
	0  -  Total Bytes Sent By Job
	0  -  Total Bytes Received By Job
...
006 (2275.000.000) 05/10 23:48:25 Image size of job updated: 2
	3  -  MemoryUsage of job (MB)
	2772  -  ResidentSetSize of job (KB)
...
001 (2279.000.000) 05/10 23:48:36 Job executing on host: <10.240.0.77:10197?addrs=10.240.0.77-10197>
...
001 (2278.000.000) 05/10 23:48:36 Job executing on host: <10.240.0.75:1431?addrs=10.240.0.75-1431>
...
001 (2283.000.000) 05/10 23:48:36 Job executing on host: <10.240.0.81:39774?addrs=10.240.0.81-39774>
...
001 (2281.000.000) 05/10 23:48:36 Job executing on host: <10.240.0.79:44569?addrs=10.240.0.79-44569>
...
001 (2276.000.000) 05/10 23:48:36 Job executing on host: <10.240.0.82:56327?addrs=10.240.0.82-56327>
...
001 (2277.000.000) 05/10 23:48:36 Job executing on host: <10.240.0.80:28987?addrs=10.240.0.80-28987>
...
001 (2280.000.000) 05/10 23:48:36 Job executing on host: <10.240.0.76:45943?addrs=10.240.0.76-45943>
...
001 (2282.000.000) 05/10 23:48:36 Job executing on host: <10.240.0.78:26848?addrs=10.240.0.78-26848>
...
006 (2279.000.000) 05/10 23:48:45 Image size of job updated: 645820
	21  -  MemoryUsage of job (MB)
	20540  -  ResidentSetSize of job (KB)
...
006 (2278.000.000) 05/10 23:48:45 Image size of job updated: 645820
	21  -  MemoryUsage of job (MB)
	20556  -  ResidentSetSize of job (KB)
...
006 (2283.000.000) 05/10 23:48:45 Image size of job updated: 47976
	3  -  MemoryUsage of job (MB)
	2780  -  ResidentSetSize of job (KB)
...
006 (2281.000.000) 05/10 23:48:45 Image size of job updated: 2
	3  -  MemoryUsage of job (MB)
	2836  -  ResidentSetSize of job (KB)
...
006 (2276.000.000) 05/10 23:48:45 Image size of job updated: 2
	3  -  MemoryUsage of job (MB)
	2768  -  ResidentSetSize of job (KB)
...
006 (2277.000.000) 05/10 23:48:45 Image size of job updated: 2
	3  -  MemoryUsage of job (MB)
	2764  -  ResidentSetSize of job (KB)
...
006 (2280.000.000) 05/10 23:48:45 Image size of job updated: 2
	3  -  MemoryUsage of job (MB)
	2772  -  ResidentSetSize of job (KB)
...
006 (2282.000.000) 05/10 23:48:45 Image size of job updated: 2
	3  -  MemoryUsage of job (MB)
	2772  -  ResidentSetSize of job (KB)
...
006 (2275.000.000) 05/10 23:53:25 Image size of job updated: 1630604
	145  -  MemoryUsage of job (MB)
	147480  -  ResidentSetSize of job (KB)
...
006 (2279.000.000) 05/10 23:53:46 Image size of job updated: 1604040
	162  -  MemoryUsage of job (MB)
	165256  -  ResidentSetSize of job (KB)
...
006 (2278.000.000) 05/10 23:53:46 Image size of job updated: 1540948
	158  -  MemoryUsage of job (MB)
	161268  -  ResidentSetSize of job (KB)
...
006 (2283.000.000) 05/10 23:53:46 Image size of job updated: 1472448
	161  -  MemoryUsage of job (MB)
	164628  -  ResidentSetSize of job (KB)
...
006 (2281.000.000) 05/10 23:53:46 Image size of job updated: 1471120
	162  -  MemoryUsage of job (MB)
	165100  -  ResidentSetSize of job (KB)
...
006 (2277.000.000) 05/10 23:53:46 Image size of job updated: 1510856
	162  -  MemoryUsage of job (MB)
	165388  -  ResidentSetSize of job (KB)
...
006 (2280.000.000) 05/10 23:53:46 Image size of job updated: 1495228
	160  -  MemoryUsage of job (MB)
	163280  -  ResidentSetSize of job (KB)
...
006 (2282.000.000) 05/10 23:53:46 Image size of job updated: 1568364
	159  -  MemoryUsage of job (MB)
	162396  -  ResidentSetSize of job (KB)
...
006 (2276.000.000) 05/10 23:53:46 Image size of job updated: 1505128
	160  -  MemoryUsage of job (MB)
	163520  -  ResidentSetSize of job (KB)
...
006 (2281.000.000) 05/10 23:58:46 Image size of job updated: 1563160
	162  -  MemoryUsage of job (MB)
	165100  -  ResidentSetSize of job (KB)
...
006 (2283.000.000) 05/10 23:58:46 Image size of job updated: 1603704
	161  -  MemoryUsage of job (MB)
	164628  -  ResidentSetSize of job (KB)
...
006 (2277.000.000) 05/10 23:58:46 Image size of job updated: 1553608
	162  -  MemoryUsage of job (MB)
	165388  -  ResidentSetSize of job (KB)
...
006 (2280.000.000) 05/10 23:58:46 Image size of job updated: 1605084
	160  -  MemoryUsage of job (MB)
	163280  -  ResidentSetSize of job (KB)
...
006 (2282.000.000) 05/10 23:58:46 Image size of job updated: 1620140
	159  -  MemoryUsage of job (MB)
	162396  -  ResidentSetSize of job (KB)
...
006 (2276.000.000) 05/10 23:58:47 Image size of job updated: 1619032
	160  -  MemoryUsage of job (MB)
	163520  -  ResidentSetSize of job (KB)
...
006 (2278.000.000) 05/11 00:03:48 Image size of job updated: 1605592
	161  -  MemoryUsage of job (MB)
	164536  -  ResidentSetSize of job (KB)
...
006 (2277.000.000) 05/11 00:08:47 Image size of job updated: 1625708
	162  -  MemoryUsage of job (MB)
	165388  -  ResidentSetSize of job (KB)
...
006 (2281.000.000) 05/11 00:08:48 Image size of job updated: 1572036
	162  -  MemoryUsage of job (MB)
	165100  -  ResidentSetSize of job (KB)
...
005 (2275.000.000) 05/11 00:12:10 Job terminated.
	(1) Normal termination (return value 1)
		Usr 0 00:05:40, Sys 0 00:02:24  -  Run Remote Usage
		Usr 0 00:00:00, Sys 0 00:00:00  -  Run Local Usage
		Usr 0 00:05:40, Sys 0 00:02:24  -  Total Remote Usage
		Usr 0 00:00:00, Sys 0 00:00:00  -  Total Local Usage
	291074  -  Run Bytes Sent By Job
	1665397  -  Run Bytes Received By Job
	291074  -  Total Bytes Sent By Job
	1665397  -  Total Bytes Received By Job
	Partitionable Resources :    Usage  Request Allocated
	   Cpus                 :                 1         1
	   Disk (KB)            :    36141     1750   7171404
	   Memory (MB)          :      145        1      3700
...
000 (2284.000.000) 05/11 00:12:25 Job submitted from host: <10.240.0.3:1901?addrs=10.240.0.3-1901>
    DAG Node: calculateratio_6_ID0000011
    pool:condorpool
...
001 (2284.000.000) 05/11 00:12:29 Job executing on host: <10.240.0.74:17481?addrs=10.240.0.74-17481>
...
006 (2284.000.000) 05/11 00:12:37 Image size of job updated: 2
	3  -  MemoryUsage of job (MB)
	2756  -  ResidentSetSize of job (KB)
...
005 (2277.000.000) 05/11 00:13:06 Job terminated.
	(1) Normal termination (return value 1)
		Usr 0 00:05:58, Sys 0 00:02:31  -  Run Remote Usage
		Usr 0 00:00:00, Sys 0 00:00:00  -  Run Local Usage
		Usr 0 00:05:58, Sys 0 00:02:31  -  Total Remote Usage
		Usr 0 00:00:00, Sys 0 00:00:00  -  Total Local Usage
	291074  -  Run Bytes Sent By Job
	1665397  -  Run Bytes Received By Job
	291074  -  Total Bytes Sent By Job
	1665397  -  Total Bytes Received By Job
	Partitionable Resources :    Usage  Request Allocated
	   Cpus                 :                 1         1
	   Disk (KB)            :    33697     1750   7171376
	   Memory (MB)          :      162        1      3700
...
006 (2281.000.000) 05/11 00:13:06 Image size of job updated: 1608860
	162  -  MemoryUsage of job (MB)
	165100  -  ResidentSetSize of job (KB)
...
005 (2281.000.000) 05/11 00:13:08 Job terminated.
	(1) Normal termination (return value 1)
		Usr 0 00:06:24, Sys 0 00:02:38  -  Run Remote Usage
		Usr 0 00:00:00, Sys 0 00:00:00  -  Run Local Usage
		Usr 0 00:06:24, Sys 0 00:02:38  -  Total Remote Usage
		Usr 0 00:00:00, Sys 0 00:00:00  -  Total Local Usage
	291074  -  Run Bytes Sent By Job
	1665395  -  Run Bytes Received By Job
	291074  -  Total Bytes Sent By Job
	1665395  -  Total Bytes Received By Job
	Partitionable Resources :    Usage  Request Allocated
	   Cpus                 :                 1         1
	   Disk (KB)            :    34733     1750   7171392
	   Memory (MB)          :      162        1      3700
...
005 (2280.000.000) 05/11 00:13:10 Job terminated.
	(1) Normal termination (return value 1)
		Usr 0 00:06:26, Sys 0 00:02:41  -  Run Remote Usage
		Usr 0 00:00:00, Sys 0 00:00:00  -  Run Local Usage
		Usr 0 00:06:26, Sys 0 00:02:41  -  Total Remote Usage
		Usr 0 00:00:00, Sys 0 00:00:00  -  Total Local Usage
	291075  -  Run Bytes Sent By Job
	1665395  -  Run Bytes Received By Job
	291075  -  Total Bytes Sent By Job
	1665395  -  Total Bytes Received By Job
	Partitionable Resources :    Usage  Request Allocated
	   Cpus                 :                 1         1
	   Disk (KB)            :    34229     1750   7171396
	   Memory (MB)          :      160        1      3700
...
000 (2285.000.000) 05/11 00:13:20 Job submitted from host: <10.240.0.3:1901?addrs=10.240.0.3-1901>
    DAG Node: calculateratio_8_ID0000013
    pool:condorpool
...
000 (2286.000.000) 05/11 00:13:21 Job submitted from host: <10.240.0.3:1901?addrs=10.240.0.3-1901>
    DAG Node: calculateratio_2_ID0000007
    pool:condorpool
...
000 (2287.000.000) 05/11 00:13:21 Job submitted from host: <10.240.0.3:1901?addrs=10.240.0.3-1901>
    DAG Node: calculateratio_1_ID0000006
    pool:condorpool
...
001 (2285.000.000) 05/11 00:13:24 Job executing on host: <10.240.0.80:28987?addrs=10.240.0.80-28987>
...
001 (2286.000.000) 05/11 00:13:24 Job executing on host: <10.240.0.76:45943?addrs=10.240.0.76-45943>
...
005 (2276.000.000) 05/11 00:13:32 Job terminated.
	(1) Normal termination (return value 1)
		Usr 0 00:05:56, Sys 0 00:02:28  -  Run Remote Usage
		Usr 0 00:00:00, Sys 0 00:00:00  -  Run Local Usage
		Usr 0 00:05:56, Sys 0 00:02:28  -  Total Remote Usage
		Usr 0 00:00:00, Sys 0 00:00:00  -  Total Local Usage
	291073  -  Run Bytes Sent By Job
	1665397  -  Run Bytes Received By Job
	291073  -  Total Bytes Sent By Job
	1665397  -  Total Bytes Received By Job
	Partitionable Resources :    Usage  Request Allocated
	   Cpus                 :                 1         1
	   Disk (KB)            :    34777     1750   7171372
	   Memory (MB)          :      160        1      3700
...
006 (2285.000.000) 05/11 00:13:33 Image size of job updated: 2
	3  -  MemoryUsage of job (MB)
	2780  -  ResidentSetSize of job (KB)
...
006 (2286.000.000) 05/11 00:13:33 Image size of job updated: 2
	3  -  MemoryUsage of job (MB)
	2852  -  ResidentSetSize of job (KB)
...
005 (2282.000.000) 05/11 00:13:38 Job terminated.
	(1) Normal termination (return value 1)
		Usr 0 00:06:13, Sys 0 00:02:35  -  Run Remote Usage
		Usr 0 00:00:00, Sys 0 00:00:00  -  Run Local Usage
		Usr 0 00:06:13, Sys 0 00:02:35  -  Total Remote Usage
		Usr 0 00:00:00, Sys 0 00:00:00  -  Total Local Usage
	291075  -  Run Bytes Sent By Job
	1665391  -  Run Bytes Received By Job
	291075  -  Total Bytes Sent By Job
	1665391  -  Total Bytes Received By Job
	Partitionable Resources :    Usage  Request Allocated
	   Cpus                 :                 1         1
	   Disk (KB)            :    34709     1750   7171396
	   Memory (MB)          :      159        1      3700
...
001 (2287.000.000) 05/11 00:13:45 Job executing on host: <10.240.0.82:56327?addrs=10.240.0.82-56327>
...
000 (2288.000.000) 05/11 00:13:46 Job submitted from host: <10.240.0.3:1901?addrs=10.240.0.3-1901>
    DAG Node: calculateratio_5_ID0000010
    pool:condorpool
...
006 (2279.000.000) 05/11 00:13:48 Image size of job updated: 1621408
	162  -  MemoryUsage of job (MB)
	165256  -  ResidentSetSize of job (KB)
...
006 (2278.000.000) 05/11 00:13:48 Image size of job updated: 1607364
	161  -  MemoryUsage of job (MB)
	164536  -  ResidentSetSize of job (KB)
...
000 (2289.000.000) 05/11 00:13:51 Job submitted from host: <10.240.0.3:1901?addrs=10.240.0.3-1901>
    DAG Node: calculateratio_0_ID0000005
    pool:condorpool
...
006 (2287.000.000) 05/11 00:13:53 Image size of job updated: 2
	3  -  MemoryUsage of job (MB)
	2924  -  ResidentSetSize of job (KB)
...
001 (2288.000.000) 05/11 00:14:04 Job executing on host: <10.240.0.79:44569?addrs=10.240.0.79-44569>
...
001 (2289.000.000) 05/11 00:14:04 Job executing on host: <10.240.0.78:26848?addrs=10.240.0.78-26848>
...
005 (2279.000.000) 05/11 00:14:13 Job terminated.
	(1) Normal termination (return value 1)
		Usr 0 00:06:19, Sys 0 00:02:36  -  Run Remote Usage
		Usr 0 00:00:00, Sys 0 00:00:00  -  Run Local Usage
		Usr 0 00:06:19, Sys 0 00:02:36  -  Total Remote Usage
		Usr 0 00:00:00, Sys 0 00:00:00  -  Total Local Usage
	291076  -  Run Bytes Sent By Job
	1665397  -  Run Bytes Received By Job
	291076  -  Total Bytes Sent By Job
	1665397  -  Total Bytes Received By Job
	Partitionable Resources :    Usage  Request Allocated
	   Cpus                 :                 1         1
	   Disk (KB)            :    39437     1750   7171396
	   Memory (MB)          :      162        1      3700
...
006 (2288.000.000) 05/11 00:14:13 Image size of job updated: 2
	3  -  MemoryUsage of job (MB)
	2796  -  ResidentSetSize of job (KB)
...
006 (2289.000.000) 05/11 00:14:13 Image size of job updated: 2
	3  -  MemoryUsage of job (MB)
	2956  -  ResidentSetSize of job (KB)
...
005 (2278.000.000) 05/11 00:14:23 Job terminated.
	(1) Normal termination (return value 1)
		Usr 0 00:06:21, Sys 0 00:02:33  -  Run Remote Usage
		Usr 0 00:00:00, Sys 0 00:00:00  -  Run Local Usage
		Usr 0 00:06:21, Sys 0 00:02:33  -  Total Remote Usage
		Usr 0 00:00:00, Sys 0 00:00:00  -  Total Local Usage
	291140  -  Run Bytes Sent By Job
	1665397  -  Run Bytes Received By Job
	291140  -  Total Bytes Sent By Job
	1665397  -  Total Bytes Received By Job
	Partitionable Resources :    Usage  Request Allocated
	   Cpus                 :                 1         1
	   Disk (KB)            :    39597     1750   7338312
	   Memory (MB)          :      161        1      3700
...
000 (2290.000.000) 05/11 00:14:26 Job submitted from host: <10.240.0.3:1901?addrs=10.240.0.3-1901>
    DAG Node: calculateratio_7_ID0000012
    pool:condorpool
...
001 (2290.000.000) 05/11 00:14:29 Job executing on host: <10.240.0.77:10197?addrs=10.240.0.77-10197>
...
000 (2291.000.000) 05/11 00:14:36 Job submitted from host: <10.240.0.3:1901?addrs=10.240.0.3-1901>
    DAG Node: calculateratio_4_ID0000009
    pool:condorpool
...
006 (2290.000.000) 05/11 00:14:38 Image size of job updated: 2
	3  -  MemoryUsage of job (MB)
	2812  -  ResidentSetSize of job (KB)
...
001 (2291.000.000) 05/11 00:14:50 Job executing on host: <10.240.0.75:1431?addrs=10.240.0.75-1431>
...
006 (2291.000.000) 05/11 00:14:58 Image size of job updated: 2
	3  -  MemoryUsage of job (MB)
	2772  -  ResidentSetSize of job (KB)
...
005 (2283.000.000) 05/11 00:15:26 Job terminated.
	(1) Normal termination (return value 1)
		Usr 0 00:06:20, Sys 0 00:02:39  -  Run Remote Usage
		Usr 0 00:00:00, Sys 0 00:00:00  -  Run Local Usage
		Usr 0 00:06:20, Sys 0 00:02:39  -  Total Remote Usage
		Usr 0 00:00:00, Sys 0 00:00:00  -  Total Local Usage
	291073  -  Run Bytes Sent By Job
	1665396  -  Run Bytes Received By Job
	291073  -  Total Bytes Sent By Job
	1665396  -  Total Bytes Received By Job
	Partitionable Resources :    Usage  Request Allocated
	   Cpus                 :                 1         1
	   Disk (KB)            :    38517     1750   7171396
	   Memory (MB)          :      161        1      3700
...
000 (2292.000.000) 05/11 00:15:41 Job submitted from host: <10.240.0.3:1901?addrs=10.240.0.3-1901>
    DAG Node: calculateratio_3_ID0000008
    pool:condorpool
...
001 (2292.000.000) 05/11 00:15:45 Job executing on host: <10.240.0.81:39774?addrs=10.240.0.81-39774>
...
006 (2292.000.000) 05/11 00:15:53 Image size of job updated: 2
	3  -  MemoryUsage of job (MB)
	2780  -  ResidentSetSize of job (KB)
...
006 (2284.000.000) 05/11 00:17:37 Image size of job updated: 1628516
	153  -  MemoryUsage of job (MB)
	155820  -  ResidentSetSize of job (KB)
...
006 (2285.000.000) 05/11 00:18:34 Image size of job updated: 1611812
	142  -  MemoryUsage of job (MB)
	145088  -  ResidentSetSize of job (KB)
...
006 (2286.000.000) 05/11 00:18:34 Image size of job updated: 1488976
	150  -  MemoryUsage of job (MB)
	153096  -  ResidentSetSize of job (KB)
...
006 (2287.000.000) 05/11 00:18:53 Image size of job updated: 1513424
	151  -  MemoryUsage of job (MB)
	154132  -  ResidentSetSize of job (KB)
...
006 (2288.000.000) 05/11 00:19:14 Image size of job updated: 1563460
	156  -  MemoryUsage of job (MB)
	159020  -  ResidentSetSize of job (KB)
...
006 (2289.000.000) 05/11 00:19:14 Image size of job updated: 1559580
	147  -  MemoryUsage of job (MB)
	149964  -  ResidentSetSize of job (KB)
...
006 (2290.000.000) 05/11 00:19:38 Image size of job updated: 1596176
	157  -  MemoryUsage of job (MB)
	160252  -  ResidentSetSize of job (KB)
...
006 (2291.000.000) 05/11 00:19:58 Image size of job updated: 1611560
	140  -  MemoryUsage of job (MB)
	142464  -  ResidentSetSize of job (KB)
...
006 (2292.000.000) 05/11 00:20:53 Image size of job updated: 1586124
	138  -  MemoryUsage of job (MB)
	140468  -  ResidentSetSize of job (KB)
...
006 (2284.000.000) 05/11 00:22:38 Image size of job updated: 1641216
	153  -  MemoryUsage of job (MB)
	155820  -  ResidentSetSize of job (KB)
...
006 (2285.000.000) 05/11 00:23:34 Image size of job updated: 1621164
	142  -  MemoryUsage of job (MB)
	145088  -  ResidentSetSize of job (KB)
...
006 (2286.000.000) 05/11 00:23:34 Image size of job updated: 1587000
	150  -  MemoryUsage of job (MB)
	153096  -  ResidentSetSize of job (KB)
...
006 (2292.000.000) 05/11 00:25:54 Image size of job updated: 1610444
	138  -  MemoryUsage of job (MB)
	140468  -  ResidentSetSize of job (KB)
...
006 (2285.000.000) 05/11 00:28:34 Image size of job updated: 1621164
	143  -  MemoryUsage of job (MB)
	145904  -  ResidentSetSize of job (KB)
...
006 (2287.000.000) 05/11 00:28:54 Image size of job updated: 1645444
	151  -  MemoryUsage of job (MB)
	154132  -  ResidentSetSize of job (KB)
...
006 (2289.000.000) 05/11 00:29:15 Image size of job updated: 1610140
	147  -  MemoryUsage of job (MB)
	149964  -  ResidentSetSize of job (KB)
...
006 (2290.000.000) 05/11 00:29:40 Image size of job updated: 1616792
	157  -  MemoryUsage of job (MB)
	160252  -  ResidentSetSize of job (KB)
...
006 (2291.000.000) 05/11 00:29:59 Image size of job updated: 1611560
	153  -  MemoryUsage of job (MB)
	156240  -  ResidentSetSize of job (KB)
...
006 (2288.000.000) 05/11 00:34:15 Image size of job updated: 1592672
	161  -  MemoryUsage of job (MB)
	164336  -  ResidentSetSize of job (KB)
...
006 (2289.000.000) 05/11 00:34:15 Image size of job updated: 1628096
	147  -  MemoryUsage of job (MB)
	149964  -  ResidentSetSize of job (KB)
...
006 (2290.000.000) 05/11 00:34:40 Image size of job updated: 1642440
	157  -  MemoryUsage of job (MB)
	160252  -  ResidentSetSize of job (KB)
...
006 (2292.000.000) 05/11 00:35:55 Image size of job updated: 1619788
	159  -  MemoryUsage of job (MB)
	162324  -  ResidentSetSize of job (KB)
...
006 (2287.000.000) 05/11 00:38:56 Image size of job updated: 1645444
	155  -  MemoryUsage of job (MB)
	158692  -  ResidentSetSize of job (KB)
...
006 (2288.000.000) 05/11 00:39:16 Image size of job updated: 1612160
	161  -  MemoryUsage of job (MB)
	164336  -  ResidentSetSize of job (KB)
...
006 (2292.000.000) 05/11 00:40:55 Image size of job updated: 1619788
	160  -  MemoryUsage of job (MB)
	162936  -  ResidentSetSize of job (KB)
...
006 (2284.000.000) 05/11 00:42:41 Image size of job updated: 1641216
	154  -  MemoryUsage of job (MB)
	157452  -  ResidentSetSize of job (KB)
...
006 (2285.000.000) 05/11 00:43:36 Image size of job updated: 1621164
	151  -  MemoryUsage of job (MB)
	154076  -  ResidentSetSize of job (KB)
...
006 (2286.000.000) 05/11 00:43:36 Image size of job updated: 1591624
	159  -  MemoryUsage of job (MB)
	162632  -  ResidentSetSize of job (KB)
...
006 (2287.000.000) 05/11 00:43:56 Image size of job updated: 1645444
	161  -  MemoryUsage of job (MB)
	164688  -  ResidentSetSize of job (KB)
...
006 (2292.000.000) 05/11 00:45:56 Image size of job updated: 1619788
	162  -  MemoryUsage of job (MB)
	165136  -  ResidentSetSize of job (KB)
...
006 (2285.000.000) 05/11 00:48:36 Image size of job updated: 1621164
	162  -  MemoryUsage of job (MB)
	165360  -  ResidentSetSize of job (KB)
...
006 (2291.000.000) 05/11 00:50:01 Image size of job updated: 1611560
	163  -  MemoryUsage of job (MB)
	165968  -  ResidentSetSize of job (KB)
...
006 (2284.000.000) 05/11 00:52:41 Image size of job updated: 1653096
	154  -  MemoryUsage of job (MB)
	157452  -  ResidentSetSize of job (KB)
...
005 (2284.000.000) 05/11 00:56:06 Job terminated.
	(1) Normal termination (return value 0)
		Usr 0 00:11:28, Sys 0 00:04:51  -  Run Remote Usage
		Usr 0 00:00:00, Sys 0 00:00:00  -  Run Local Usage
		Usr 0 00:11:28, Sys 0 00:04:51  -  Total Remote Usage
		Usr 0 00:00:00, Sys 0 00:00:00  -  Total Local Usage
	286456  -  Run Bytes Sent By Job
	1665397  -  Run Bytes Received By Job
	286456  -  Total Bytes Sent By Job
	1665397  -  Total Bytes Received By Job
	Partitionable Resources :    Usage  Request Allocated
	   Cpus                 :                 1         1
	   Disk (KB)            :    98537     1750   7162432
	   Memory (MB)          :      154        1      3700
...
005 (2291.000.000) 05/11 00:56:08 Job terminated.
	(1) Normal termination (return value 1)
		Usr 0 00:11:16, Sys 0 00:04:29  -  Run Remote Usage
		Usr 0 00:00:00, Sys 0 00:00:00  -  Run Local Usage
		Usr 0 00:11:16, Sys 0 00:04:29  -  Total Remote Usage
		Usr 0 00:00:00, Sys 0 00:00:00  -  Total Local Usage
	291142  -  Run Bytes Sent By Job
	1665397  -  Run Bytes Received By Job
	291142  -  Total Bytes Sent By Job
	1665397  -  Total Bytes Received By Job
	Partitionable Resources :    Usage  Request Allocated
	   Cpus                 :                 1         1
	   Disk (KB)            :    94581     1750   7338228
	   Memory (MB)          :      163        1      3700
...
005 (2287.000.000) 05/11 00:56:23 Job terminated.
	(1) Normal termination (return value 0)
		Usr 0 00:11:52, Sys 0 00:04:57  -  Run Remote Usage
		Usr 0 00:00:00, Sys 0 00:00:00  -  Run Local Usage
		Usr 0 00:11:52, Sys 0 00:04:57  -  Total Remote Usage
		Usr 0 00:00:00, Sys 0 00:00:00  -  Total Local Usage
	286456  -  Run Bytes Sent By Job
	1665395  -  Run Bytes Received By Job
	286456  -  Total Bytes Sent By Job
	1665395  -  Total Bytes Received By Job
	Partitionable Resources :    Usage  Request Allocated
	   Cpus                 :                 1         1
	   Disk (KB)            :   100229     1750   7171288
	   Memory (MB)          :      161        1      3700
...
005 (2285.000.000) 05/11 00:58:45 Job terminated.
	(1) Normal termination (return value 0)
		Usr 0 00:12:07, Sys 0 00:05:07  -  Run Remote Usage
		Usr 0 00:00:00, Sys 0 00:00:00  -  Run Local Usage
		Usr 0 00:12:07, Sys 0 00:05:07  -  Total Remote Usage
		Usr 0 00:00:00, Sys 0 00:00:00  -  Total Local Usage
	286457  -  Run Bytes Sent By Job
	1665397  -  Run Bytes Received By Job
	286457  -  Total Bytes Sent By Job
	1665397  -  Total Bytes Received By Job
	Partitionable Resources :    Usage  Request Allocated
	   Cpus                 :                 1         1
	   Disk (KB)            :   103093     1750   7162432
	   Memory (MB)          :      162        1      3700
...
005 (2289.000.000) 05/11 00:59:22 Job terminated.
	(1) Normal termination (return value 0)
		Usr 0 00:12:31, Sys 0 00:05:06  -  Run Remote Usage
		Usr 0 00:00:00, Sys 0 00:00:00  -  Run Local Usage
		Usr 0 00:12:31, Sys 0 00:05:06  -  Total Remote Usage
		Usr 0 00:00:00, Sys 0 00:00:00  -  Total Local Usage
	286456  -  Run Bytes Sent By Job
	1665391  -  Run Bytes Received By Job
	286456  -  Total Bytes Sent By Job
	1665391  -  Total Bytes Received By Job
	Partitionable Resources :    Usage  Request Allocated
	   Cpus                 :                 1         1
	   Disk (KB)            :   103341     1750   7171320
	   Memory (MB)          :      147        1      3700
...
005 (2292.000.000) 05/11 00:59:48 Job terminated.
	(1) Normal termination (return value 0)
		Usr 0 00:12:39, Sys 0 00:05:13  -  Run Remote Usage
		Usr 0 00:00:00, Sys 0 00:00:00  -  Run Local Usage
		Usr 0 00:12:39, Sys 0 00:05:13  -  Total Remote Usage
		Usr 0 00:00:00, Sys 0 00:00:00  -  Total Local Usage
	286456  -  Run Bytes Sent By Job
	1665396  -  Run Bytes Received By Job
	286456  -  Total Bytes Sent By Job
	1665396  -  Total Bytes Received By Job
	Partitionable Resources :    Usage  Request Allocated
	   Cpus                 :                 1         1
	   Disk (KB)            :    96561     1750   7171312
	   Memory (MB)          :      162        1      3700
...
005 (2290.000.000) 05/11 00:59:54 Job terminated.
	(1) Normal termination (return value 0)
		Usr 0 00:13:01, Sys 0 00:05:15  -  Run Remote Usage
		Usr 0 00:00:00, Sys 0 00:00:00  -  Run Local Usage
		Usr 0 00:13:01, Sys 0 00:05:15  -  Total Remote Usage
		Usr 0 00:00:00, Sys 0 00:00:00  -  Total Local Usage
	286456  -  Run Bytes Sent By Job
	1665397  -  Run Bytes Received By Job
	286456  -  Total Bytes Sent By Job
	1665397  -  Total Bytes Received By Job
	Partitionable Resources :    Usage  Request Allocated
	   Cpus                 :                 1         1
	   Disk (KB)            :   103037     1750   7171316
	   Memory (MB)          :      157        1      3700
...
005 (2286.000.000) 05/11 01:00:07 Job terminated.
	(1) Normal termination (return value 0)
		Usr 0 00:13:27, Sys 0 00:05:38  -  Run Remote Usage
		Usr 0 00:00:00, Sys 0 00:00:00  -  Run Local Usage
		Usr 0 00:13:27, Sys 0 00:05:38  -  Total Remote Usage
		Usr 0 00:00:00, Sys 0 00:00:00  -  Total Local Usage
	286457  -  Run Bytes Sent By Job
	1665395  -  Run Bytes Received By Job
	286457  -  Total Bytes Sent By Job
	1665395  -  Total Bytes Received By Job
	Partitionable Resources :    Usage  Request Allocated
	   Cpus                 :                 1         1
	   Disk (KB)            :   100701     1750   7171320
	   Memory (MB)          :      159        1      3700
...
005 (2288.000.000) 05/11 01:00:14 Job terminated.
	(1) Normal termination (return value 0)
		Usr 0 00:12:42, Sys 0 00:05:12  -  Run Remote Usage
		Usr 0 00:00:00, Sys 0 00:00:00  -  Run Local Usage
		Usr 0 00:12:42, Sys 0 00:05:12  -  Total Remote Usage
		Usr 0 00:00:00, Sys 0 00:00:00  -  Total Local Usage
	286456  -  Run Bytes Sent By Job
	1665397  -  Run Bytes Received By Job
	286456  -  Total Bytes Sent By Job
	1665397  -  Total Bytes Received By Job
	Partitionable Resources :    Usage  Request Allocated
	   Cpus                 :                 1         1
	   Disk (KB)            :   101613     1750   7171320
	   Memory (MB)          :      161        1      3700
...
000 (2293.000.000) 05/11 01:00:19 Job submitted from host: <10.240.0.3:1901?addrs=10.240.0.3-1901>
    DAG Node: clean_up_local_level_5_1
    pool:local
...
001 (2293.000.000) 05/11 01:00:19 Job executing on host: <10.240.0.3:62320?addrs=10.240.0.3-62320>
...
005 (2293.000.000) 05/11 01:00:33 Job terminated.
	(1) Normal termination (return value 0)
		Usr 0 00:00:00, Sys 0 00:00:00  -  Run Remote Usage
		Usr 0 00:00:00, Sys 0 00:00:00  -  Run Local Usage
		Usr 0 00:00:00, Sys 0 00:00:00  -  Total Remote Usage
		Usr 0 00:00:00, Sys 0 00:00:00  -  Total Local Usage
	0  -  Run Bytes Sent By Job
	0  -  Run Bytes Received By Job
	0  -  Total Bytes Sent By Job
	0  -  Total Bytes Received By Job
...
