000 (8363.000.000) 11/08 15:40:55 Job submitted from host: <54.183.204.50:2856?addrs=54.183.204.50-2856>
    DAG Node: create_dir_example_workflow_0_local
    pool:local
...
001 (8363.000.000) 11/08 15:40:56 Job executing on host: <54.183.204.50:60049?addrs=54.183.204.50-60049>
...
005 (8363.000.000) 11/08 15:40:58 Job terminated.
	(1) Normal termination (return value 0)
		Usr 0 00:00:00, Sys 0 00:00:00  -  Run Remote Usage
		Usr 0 00:00:00, Sys 0 00:00:00  -  Run Local Usage
		Usr 0 00:00:00, Sys 0 00:00:00  -  Total Remote Usage
		Usr 0 00:00:00, Sys 0 00:00:00  -  Total Local Usage
	0  -  Run Bytes Sent By Job
	0  -  Run Bytes Received By Job
	0  -  Total Bytes Sent By Job
	0  -  Total Bytes Received By Job
...
000 (8364.000.000) 11/08 15:41:10 Job submitted from host: <54.183.204.50:2856?addrs=54.183.204.50-2856>
    DAG Node: stage_in_local_local_0_0
    pool:local
...
001 (8364.000.000) 11/08 15:41:10 Job executing on host: <54.183.204.50:43836?addrs=54.183.204.50-43836>
...
000 (8365.000.000) 11/08 15:41:10 Job submitted from host: <54.183.204.50:2856?addrs=54.183.204.50-2856>
    DAG Node: stage_in_local_local_6_0
    pool:local
...
000 (8366.000.000) 11/08 15:41:10 Job submitted from host: <54.183.204.50:2856?addrs=54.183.204.50-2856>
    DAG Node: stage_in_remote_local_2_1
    pool:local
...
000 (8367.000.000) 11/08 15:41:10 Job submitted from host: <54.183.204.50:2856?addrs=54.183.204.50-2856>
    DAG Node: stage_in_remote_local_5_1
    pool:local
...
000 (8368.000.000) 11/08 15:41:10 Job submitted from host: <54.183.204.50:2856?addrs=54.183.204.50-2856>
    DAG Node: stage_in_remote_local_5_0
    pool:local
...
005 (8364.000.000) 11/08 15:41:12 Job terminated.
	(1) Normal termination (return value 0)
		Usr 0 00:00:00, Sys 0 00:00:00  -  Run Remote Usage
		Usr 0 00:00:00, Sys 0 00:00:00  -  Run Local Usage
		Usr 0 00:00:00, Sys 0 00:00:00  -  Total Remote Usage
		Usr 0 00:00:00, Sys 0 00:00:00  -  Total Local Usage
	0  -  Run Bytes Sent By Job
	0  -  Run Bytes Received By Job
	0  -  Total Bytes Sent By Job
	0  -  Total Bytes Received By Job
...
001 (8366.000.000) 11/08 15:41:12 Job executing on host: <54.183.204.50:28943?addrs=54.183.204.50-28943>
...
001 (8365.000.000) 11/08 15:41:12 Job executing on host: <54.183.204.50:9354?addrs=54.183.204.50-9354>
...
001 (8368.000.000) 11/08 15:41:12 Job executing on host: <54.183.204.50:10485?addrs=54.183.204.50-10485>
...
001 (8367.000.000) 11/08 15:41:12 Job executing on host: <54.183.204.50:26447?addrs=54.183.204.50-26447>
...
005 (8365.000.000) 11/08 15:41:15 Job terminated.
	(1) Normal termination (return value 0)
		Usr 0 00:00:00, Sys 0 00:00:00  -  Run Remote Usage
		Usr 0 00:00:00, Sys 0 00:00:00  -  Run Local Usage
		Usr 0 00:00:00, Sys 0 00:00:00  -  Total Remote Usage
		Usr 0 00:00:00, Sys 0 00:00:00  -  Total Local Usage
	0  -  Run Bytes Sent By Job
	0  -  Run Bytes Received By Job
	0  -  Total Bytes Sent By Job
	0  -  Total Bytes Received By Job
...
005 (8367.000.000) 11/08 15:41:15 Job terminated.
	(1) Normal termination (return value 0)
		Usr 0 00:00:00, Sys 0 00:00:00  -  Run Remote Usage
		Usr 0 00:00:00, Sys 0 00:00:00  -  Run Local Usage
		Usr 0 00:00:00, Sys 0 00:00:00  -  Total Remote Usage
		Usr 0 00:00:00, Sys 0 00:00:00  -  Total Local Usage
	0  -  Run Bytes Sent By Job
	0  -  Run Bytes Received By Job
	0  -  Total Bytes Sent By Job
	0  -  Total Bytes Received By Job
...
005 (8366.000.000) 11/08 15:41:15 Job terminated.
	(1) Normal termination (return value 0)
		Usr 0 00:00:00, Sys 0 00:00:00  -  Run Remote Usage
		Usr 0 00:00:00, Sys 0 00:00:00  -  Run Local Usage
		Usr 0 00:00:00, Sys 0 00:00:00  -  Total Remote Usage
		Usr 0 00:00:00, Sys 0 00:00:00  -  Total Local Usage
	0  -  Run Bytes Sent By Job
	0  -  Run Bytes Received By Job
	0  -  Total Bytes Sent By Job
	0  -  Total Bytes Received By Job
...
000 (8369.000.000) 11/08 15:41:15 Job submitted from host: <54.183.204.50:2856?addrs=54.183.204.50-2856>
    DAG Node: stage_in_local_local_2_0
    pool:local
...
001 (8369.000.000) 11/08 15:41:15 Job executing on host: <54.183.204.50:8415?addrs=54.183.204.50-8415>
...
000 (8370.000.000) 11/08 15:41:15 Job submitted from host: <54.183.204.50:2856?addrs=54.183.204.50-2856>
    DAG Node: stage_in_local_local_2_1
    pool:local
...
001 (8370.000.000) 11/08 15:41:15 Job executing on host: <54.183.204.50:65035?addrs=54.183.204.50-65035>
...
000 (8371.000.000) 11/08 15:41:16 Job submitted from host: <54.183.204.50:2856?addrs=54.183.204.50-2856>
    DAG Node: stage_in_local_local_3_1
    pool:local
...
001 (8371.000.000) 11/08 15:41:16 Job executing on host: <54.183.204.50:63015?addrs=54.183.204.50-63015>
...
000 (8372.000.000) 11/08 15:41:16 Job submitted from host: <54.183.204.50:2856?addrs=54.183.204.50-2856>
    DAG Node: stage_in_remote_local_1_0
    pool:local
...
000 (8373.000.000) 11/08 15:41:16 Job submitted from host: <54.183.204.50:2856?addrs=54.183.204.50-2856>
    DAG Node: stage_in_local_local_3_0
    pool:local
...
005 (8368.000.000) 11/08 15:41:17 Job terminated.
	(1) Normal termination (return value 0)
		Usr 0 00:00:00, Sys 0 00:00:00  -  Run Remote Usage
		Usr 0 00:00:00, Sys 0 00:00:00  -  Run Local Usage
		Usr 0 00:00:00, Sys 0 00:00:00  -  Total Remote Usage
		Usr 0 00:00:00, Sys 0 00:00:00  -  Total Local Usage
	0  -  Run Bytes Sent By Job
	0  -  Run Bytes Received By Job
	0  -  Total Bytes Sent By Job
	0  -  Total Bytes Received By Job
...
001 (8373.000.000) 11/08 15:41:17 Job executing on host: <54.183.204.50:44032?addrs=54.183.204.50-44032>
...
001 (8372.000.000) 11/08 15:41:17 Job executing on host: <54.183.204.50:40841?addrs=54.183.204.50-40841>
...
005 (8370.000.000) 11/08 15:41:18 Job terminated.
	(1) Normal termination (return value 0)
		Usr 0 00:00:00, Sys 0 00:00:00  -  Run Remote Usage
		Usr 0 00:00:00, Sys 0 00:00:00  -  Run Local Usage
		Usr 0 00:00:00, Sys 0 00:00:00  -  Total Remote Usage
		Usr 0 00:00:00, Sys 0 00:00:00  -  Total Local Usage
	0  -  Run Bytes Sent By Job
	0  -  Run Bytes Received By Job
	0  -  Total Bytes Sent By Job
	0  -  Total Bytes Received By Job
...
005 (8371.000.000) 11/08 15:41:18 Job terminated.
	(1) Normal termination (return value 0)
		Usr 0 00:00:00, Sys 0 00:00:00  -  Run Remote Usage
		Usr 0 00:00:00, Sys 0 00:00:00  -  Run Local Usage
		Usr 0 00:00:00, Sys 0 00:00:00  -  Total Remote Usage
		Usr 0 00:00:00, Sys 0 00:00:00  -  Total Local Usage
	0  -  Run Bytes Sent By Job
	0  -  Run Bytes Received By Job
	0  -  Total Bytes Sent By Job
	0  -  Total Bytes Received By Job
...
005 (8372.000.000) 11/08 15:41:19 Job terminated.
	(1) Normal termination (return value 0)
		Usr 0 00:00:00, Sys 0 00:00:00  -  Run Remote Usage
		Usr 0 00:00:00, Sys 0 00:00:00  -  Run Local Usage
		Usr 0 00:00:00, Sys 0 00:00:00  -  Total Remote Usage
		Usr 0 00:00:00, Sys 0 00:00:00  -  Total Local Usage
	0  -  Run Bytes Sent By Job
	0  -  Run Bytes Received By Job
	0  -  Total Bytes Sent By Job
	0  -  Total Bytes Received By Job
...
005 (8369.000.000) 11/08 15:41:20 Job terminated.
	(1) Normal termination (return value 0)
		Usr 0 00:00:00, Sys 0 00:00:00  -  Run Remote Usage
		Usr 0 00:00:00, Sys 0 00:00:00  -  Run Local Usage
		Usr 0 00:00:00, Sys 0 00:00:00  -  Total Remote Usage
		Usr 0 00:00:00, Sys 0 00:00:00  -  Total Local Usage
	0  -  Run Bytes Sent By Job
	0  -  Run Bytes Received By Job
	0  -  Total Bytes Sent By Job
	0  -  Total Bytes Received By Job
...
000 (8374.000.000) 11/08 15:41:21 Job submitted from host: <54.183.204.50:2856?addrs=54.183.204.50-2856>
    DAG Node: stage_in_local_local_5_0
    pool:local
...
000 (8375.000.000) 11/08 15:41:21 Job submitted from host: <54.183.204.50:2856?addrs=54.183.204.50-2856>
    DAG Node: stage_in_local_local_5_1
    pool:local
...
000 (8376.000.000) 11/08 15:41:21 Job submitted from host: <54.183.204.50:2856?addrs=54.183.204.50-2856>
    DAG Node: stage_in_local_local_4_0
    pool:local
...
000 (8377.000.000) 11/08 15:41:21 Job submitted from host: <54.183.204.50:2856?addrs=54.183.204.50-2856>
    DAG Node: stage_in_local_local_1_0
    pool:local
...
000 (8378.000.000) 11/08 15:41:21 Job submitted from host: <54.183.204.50:2856?addrs=54.183.204.50-2856>
    DAG Node: stage_in_local_local_7_0
    pool:local
...
005 (8373.000.000) 11/08 15:41:21 Job terminated.
	(1) Normal termination (return value 0)
		Usr 0 00:00:00, Sys 0 00:00:00  -  Run Remote Usage
		Usr 0 00:00:00, Sys 0 00:00:00  -  Run Local Usage
		Usr 0 00:00:00, Sys 0 00:00:00  -  Total Remote Usage
		Usr 0 00:00:00, Sys 0 00:00:00  -  Total Local Usage
	0  -  Run Bytes Sent By Job
	0  -  Run Bytes Received By Job
	0  -  Total Bytes Sent By Job
	0  -  Total Bytes Received By Job
...
001 (8376.000.000) 11/08 15:41:22 Job executing on host: <54.183.204.50:26224?addrs=54.183.204.50-26224>
...
001 (8375.000.000) 11/08 15:41:22 Job executing on host: <54.183.204.50:39320?addrs=54.183.204.50-39320>
...
001 (8378.000.000) 11/08 15:41:22 Job executing on host: <54.183.204.50:59068?addrs=54.183.204.50-59068>
...
001 (8377.000.000) 11/08 15:41:22 Job executing on host: <54.183.204.50:58756?addrs=54.183.204.50-58756>
...
001 (8374.000.000) 11/08 15:41:22 Job executing on host: <54.183.204.50:58462?addrs=54.183.204.50-58462>
...
005 (8378.000.000) 11/08 15:41:25 Job terminated.
	(1) Normal termination (return value 0)
		Usr 0 00:00:00, Sys 0 00:00:00  -  Run Remote Usage
		Usr 0 00:00:00, Sys 0 00:00:00  -  Run Local Usage
		Usr 0 00:00:00, Sys 0 00:00:00  -  Total Remote Usage
		Usr 0 00:00:00, Sys 0 00:00:00  -  Total Local Usage
	0  -  Run Bytes Sent By Job
	0  -  Run Bytes Received By Job
	0  -  Total Bytes Sent By Job
	0  -  Total Bytes Received By Job
...
005 (8377.000.000) 11/08 15:41:25 Job terminated.
	(1) Normal termination (return value 0)
		Usr 0 00:00:00, Sys 0 00:00:00  -  Run Remote Usage
		Usr 0 00:00:00, Sys 0 00:00:00  -  Run Local Usage
		Usr 0 00:00:00, Sys 0 00:00:00  -  Total Remote Usage
		Usr 0 00:00:00, Sys 0 00:00:00  -  Total Local Usage
	0  -  Run Bytes Sent By Job
	0  -  Run Bytes Received By Job
	0  -  Total Bytes Sent By Job
	0  -  Total Bytes Received By Job
...
005 (8375.000.000) 11/08 15:41:25 Job terminated.
	(1) Normal termination (return value 0)
		Usr 0 00:00:00, Sys 0 00:00:00  -  Run Remote Usage
		Usr 0 00:00:00, Sys 0 00:00:00  -  Run Local Usage
		Usr 0 00:00:00, Sys 0 00:00:00  -  Total Remote Usage
		Usr 0 00:00:00, Sys 0 00:00:00  -  Total Local Usage
	0  -  Run Bytes Sent By Job
	0  -  Run Bytes Received By Job
	0  -  Total Bytes Sent By Job
	0  -  Total Bytes Received By Job
...
000 (8379.000.000) 11/08 15:41:26 Job submitted from host: <54.183.204.50:2856?addrs=54.183.204.50-2856>
    DAG Node: stage_in_local_local_4_1
    pool:local
...
000 (8380.000.000) 11/08 15:41:26 Job submitted from host: <54.183.204.50:2856?addrs=54.183.204.50-2856>
    DAG Node: stage_in_remote_local_4_1
    pool:local
...
000 (8381.000.000) 11/08 15:41:26 Job submitted from host: <54.183.204.50:2856?addrs=54.183.204.50-2856>
    DAG Node: stage_in_remote_local_4_0
    pool:local
...
000 (8382.000.000) 11/08 15:41:26 Job submitted from host: <54.183.204.50:2856?addrs=54.183.204.50-2856>
    DAG Node: stage_in_remote_local_2_0
    pool:local
...
000 (8383.000.000) 11/08 15:41:26 Job submitted from host: <54.183.204.50:2856?addrs=54.183.204.50-2856>
    DAG Node: stage_in_remote_local_3_1
    pool:local
...
005 (8376.000.000) 11/08 15:41:27 Job terminated.
	(1) Normal termination (return value 0)
		Usr 0 00:00:00, Sys 0 00:00:00  -  Run Remote Usage
		Usr 0 00:00:00, Sys 0 00:00:00  -  Run Local Usage
		Usr 0 00:00:00, Sys 0 00:00:00  -  Total Remote Usage
		Usr 0 00:00:00, Sys 0 00:00:00  -  Total Local Usage
	0  -  Run Bytes Sent By Job
	0  -  Run Bytes Received By Job
	0  -  Total Bytes Sent By Job
	0  -  Total Bytes Received By Job
...
001 (8379.000.000) 11/08 15:41:27 Job executing on host: <54.183.204.50:26969?addrs=54.183.204.50-26969>
...
001 (8382.000.000) 11/08 15:41:27 Job executing on host: <54.183.204.50:4786?addrs=54.183.204.50-4786>
...
001 (8381.000.000) 11/08 15:41:27 Job executing on host: <54.183.204.50:15438?addrs=54.183.204.50-15438>
...
001 (8380.000.000) 11/08 15:41:27 Job executing on host: <54.183.204.50:16697?addrs=54.183.204.50-16697>
...
005 (8374.000.000) 11/08 15:41:27 Job terminated.
	(1) Normal termination (return value 0)
		Usr 0 00:00:00, Sys 0 00:00:00  -  Run Remote Usage
		Usr 0 00:00:00, Sys 0 00:00:00  -  Run Local Usage
		Usr 0 00:00:00, Sys 0 00:00:00  -  Total Remote Usage
		Usr 0 00:00:00, Sys 0 00:00:00  -  Total Local Usage
	0  -  Run Bytes Sent By Job
	0  -  Run Bytes Received By Job
	0  -  Total Bytes Sent By Job
	0  -  Total Bytes Received By Job
...
001 (8383.000.000) 11/08 15:41:27 Job executing on host: <54.183.204.50:10804?addrs=54.183.204.50-10804>
...
005 (8379.000.000) 11/08 15:41:30 Job terminated.
	(1) Normal termination (return value 0)
		Usr 0 00:00:00, Sys 0 00:00:00  -  Run Remote Usage
		Usr 0 00:00:00, Sys 0 00:00:00  -  Run Local Usage
		Usr 0 00:00:00, Sys 0 00:00:00  -  Total Remote Usage
		Usr 0 00:00:00, Sys 0 00:00:00  -  Total Local Usage
	0  -  Run Bytes Sent By Job
	0  -  Run Bytes Received By Job
	0  -  Total Bytes Sent By Job
	0  -  Total Bytes Received By Job
...
000 (8384.000.000) 11/08 15:41:31 Job submitted from host: <54.183.204.50:2856?addrs=54.183.204.50-2856>
    DAG Node: stage_in_remote_local_3_0
    pool:local
...
000 (8385.000.000) 11/08 15:41:31 Job submitted from host: <54.183.204.50:2856?addrs=54.183.204.50-2856>
    DAG Node: stage_in_remote_local_6_0
    pool:local
...
000 (8386.000.000) 11/08 15:41:31 Job submitted from host: <54.183.204.50:2856?addrs=54.183.204.50-2856>
    DAG Node: init_0_ID0000001
    pool:condorpool
...
005 (8383.000.000) 11/08 15:41:32 Job terminated.
	(1) Normal termination (return value 0)
		Usr 0 00:00:00, Sys 0 00:00:00  -  Run Remote Usage
		Usr 0 00:00:00, Sys 0 00:00:00  -  Run Local Usage
		Usr 0 00:00:00, Sys 0 00:00:00  -  Total Remote Usage
		Usr 0 00:00:00, Sys 0 00:00:00  -  Total Local Usage
	0  -  Run Bytes Sent By Job
	0  -  Run Bytes Received By Job
	0  -  Total Bytes Sent By Job
	0  -  Total Bytes Received By Job
...
005 (8380.000.000) 11/08 15:41:32 Job terminated.
	(1) Normal termination (return value 0)
		Usr 0 00:00:00, Sys 0 00:00:00  -  Run Remote Usage
		Usr 0 00:00:00, Sys 0 00:00:00  -  Run Local Usage
		Usr 0 00:00:00, Sys 0 00:00:00  -  Total Remote Usage
		Usr 0 00:00:00, Sys 0 00:00:00  -  Total Local Usage
	0  -  Run Bytes Sent By Job
	0  -  Run Bytes Received By Job
	0  -  Total Bytes Sent By Job
	0  -  Total Bytes Received By Job
...
005 (8381.000.000) 11/08 15:41:32 Job terminated.
	(1) Normal termination (return value 0)
		Usr 0 00:00:00, Sys 0 00:00:00  -  Run Remote Usage
		Usr 0 00:00:00, Sys 0 00:00:00  -  Run Local Usage
		Usr 0 00:00:00, Sys 0 00:00:00  -  Total Remote Usage
		Usr 0 00:00:00, Sys 0 00:00:00  -  Total Local Usage
	0  -  Run Bytes Sent By Job
	0  -  Run Bytes Received By Job
	0  -  Total Bytes Sent By Job
	0  -  Total Bytes Received By Job
...
005 (8382.000.000) 11/08 15:41:32 Job terminated.
	(1) Normal termination (return value 0)
		Usr 0 00:00:00, Sys 0 00:00:00  -  Run Remote Usage
		Usr 0 00:00:00, Sys 0 00:00:00  -  Run Local Usage
		Usr 0 00:00:00, Sys 0 00:00:00  -  Total Remote Usage
		Usr 0 00:00:00, Sys 0 00:00:00  -  Total Local Usage
	0  -  Run Bytes Sent By Job
	0  -  Run Bytes Received By Job
	0  -  Total Bytes Sent By Job
	0  -  Total Bytes Received By Job
...
001 (8384.000.000) 11/08 15:41:32 Job executing on host: <54.183.204.50:57767?addrs=54.183.204.50-57767>
...
001 (8385.000.000) 11/08 15:41:32 Job executing on host: <54.183.204.50:1555?addrs=54.183.204.50-1555>
...
005 (8385.000.000) 11/08 15:41:35 Job terminated.
	(1) Normal termination (return value 0)
		Usr 0 00:00:00, Sys 0 00:00:00  -  Run Remote Usage
		Usr 0 00:00:00, Sys 0 00:00:00  -  Run Local Usage
		Usr 0 00:00:00, Sys 0 00:00:00  -  Total Remote Usage
		Usr 0 00:00:00, Sys 0 00:00:00  -  Total Local Usage
	0  -  Run Bytes Sent By Job
	0  -  Run Bytes Received By Job
	0  -  Total Bytes Sent By Job
	0  -  Total Bytes Received By Job
...
005 (8384.000.000) 11/08 15:41:37 Job terminated.
	(1) Normal termination (return value 0)
		Usr 0 00:00:00, Sys 0 00:00:00  -  Run Remote Usage
		Usr 0 00:00:00, Sys 0 00:00:00  -  Run Local Usage
		Usr 0 00:00:00, Sys 0 00:00:00  -  Total Remote Usage
		Usr 0 00:00:00, Sys 0 00:00:00  -  Total Local Usage
	0  -  Run Bytes Sent By Job
	0  -  Run Bytes Received By Job
	0  -  Total Bytes Sent By Job
	0  -  Total Bytes Received By Job
...
001 (8386.000.000) 11/08 15:41:47 Job executing on host: <54.149.224.82:29669?addrs=54.149.224.82-29669&noUDP>
...
006 (8386.000.000) 11/08 15:41:56 Image size of job updated: 2
	2  -  MemoryUsage of job (MB)
	1660  -  ResidentSetSize of job (KB)
...
006 (8386.000.000) 11/08 15:42:30 Image size of job updated: 358788
	2  -  MemoryUsage of job (MB)
	1660  -  ResidentSetSize of job (KB)
...
005 (8386.000.000) 11/08 15:42:30 Job terminated.
	(1) Normal termination (return value 0)
		Usr 0 00:00:00, Sys 0 00:00:00  -  Run Remote Usage
		Usr 0 00:00:00, Sys 0 00:00:00  -  Run Local Usage
		Usr 0 00:00:00, Sys 0 00:00:00  -  Total Remote Usage
		Usr 0 00:00:00, Sys 0 00:00:00  -  Total Local Usage
	4446  -  Run Bytes Sent By Job
	3169847  -  Run Bytes Received By Job
	4446  -  Total Bytes Sent By Job
	3169847  -  Total Bytes Received By Job
	Partitionable Resources :    Usage  Request Allocated
	   Cpus                 :                 1         1
	   Disk (KB)            :     6105     3250  27636960
	   Memory (MB)          :        2        1      3764
...
000 (8387.000.000) 11/08 15:42:43 Job submitted from host: <54.183.204.50:2856?addrs=54.183.204.50-2856>
    DAG Node: clean_up_local_level_3_0
    pool:local
...
000 (8388.000.000) 11/08 15:42:43 Job submitted from host: <54.183.204.50:2856?addrs=54.183.204.50-2856>
    DAG Node: generalinfo_0_ID0000002
    pool:condorpool
...
001 (8387.000.000) 11/08 15:42:43 Job executing on host: <54.183.204.50:8367?addrs=54.183.204.50-8367>
...
001 (8388.000.000) 11/08 15:42:43 Job executing on host: <54.149.224.82:29669?addrs=54.149.224.82-29669&noUDP>
...
005 (8387.000.000) 11/08 15:42:45 Job terminated.
	(1) Normal termination (return value 0)
		Usr 0 00:00:00, Sys 0 00:00:00  -  Run Remote Usage
		Usr 0 00:00:00, Sys 0 00:00:00  -  Run Local Usage
		Usr 0 00:00:00, Sys 0 00:00:00  -  Total Remote Usage
		Usr 0 00:00:00, Sys 0 00:00:00  -  Total Local Usage
	0  -  Run Bytes Sent By Job
	0  -  Run Bytes Received By Job
	0  -  Total Bytes Sent By Job
	0  -  Total Bytes Received By Job
...
006 (8388.000.000) 11/08 15:42:52 Image size of job updated: 2
	2  -  MemoryUsage of job (MB)
	1648  -  ResidentSetSize of job (KB)
...
006 (8388.000.000) 11/08 15:47:08 Image size of job updated: 479684
	2  -  MemoryUsage of job (MB)
	1648  -  ResidentSetSize of job (KB)
...
005 (8388.000.000) 11/08 15:47:08 Job terminated.
	(1) Normal termination (return value 0)
		Usr 0 00:03:17, Sys 0 00:00:02  -  Run Remote Usage
		Usr 0 00:00:00, Sys 0 00:00:00  -  Run Local Usage
		Usr 0 00:03:17, Sys 0 00:00:02  -  Total Remote Usage
		Usr 0 00:00:00, Sys 0 00:00:00  -  Total Local Usage
	5295  -  Run Bytes Sent By Job
	3168884  -  Run Bytes Received By Job
	5295  -  Total Bytes Sent By Job
	3168884  -  Total Bytes Received By Job
	Partitionable Resources :    Usage  Request Allocated
	   Cpus                 :                 1         1
	   Disk (KB)            :     6106     3250  27636960
	   Memory (MB)          :        2        1      3764
...
000 (8389.000.000) 11/08 15:47:23 Job submitted from host: <54.183.204.50:2856?addrs=54.183.204.50-2856>
    DAG Node: clean_up_local_level_4_0
    pool:local
...
001 (8389.000.000) 11/08 15:47:23 Job executing on host: <54.183.204.50:26912?addrs=54.183.204.50-26912>
...
000 (8390.000.000) 11/08 15:47:23 Job submitted from host: <54.183.204.50:2856?addrs=54.183.204.50-2856>
    DAG Node: statscpumemory_0_ID0000003
    pool:condorpool
...
000 (8391.000.000) 11/08 15:47:23 Job submitted from host: <54.183.204.50:2856?addrs=54.183.204.50-2856>
    DAG Node: medianmemory_0_ID0000005
    pool:condorpool
...
000 (8392.000.000) 11/08 15:47:23 Job submitted from host: <54.183.204.50:2856?addrs=54.183.204.50-2856>
    DAG Node: mediancpu_0_ID0000004
    pool:condorpool
...
001 (8390.000.000) 11/08 15:47:23 Job executing on host: <54.149.224.82:29669?addrs=54.149.224.82-29669&noUDP>
...
005 (8389.000.000) 11/08 15:47:27 Job terminated.
	(1) Normal termination (return value 0)
		Usr 0 00:00:00, Sys 0 00:00:00  -  Run Remote Usage
		Usr 0 00:00:00, Sys 0 00:00:00  -  Run Local Usage
		Usr 0 00:00:00, Sys 0 00:00:00  -  Total Remote Usage
		Usr 0 00:00:00, Sys 0 00:00:00  -  Total Local Usage
	0  -  Run Bytes Sent By Job
	0  -  Run Bytes Received By Job
	0  -  Total Bytes Sent By Job
	0  -  Total Bytes Received By Job
...
006 (8390.000.000) 11/08 15:47:33 Image size of job updated: 2
	2  -  MemoryUsage of job (MB)
	1648  -  ResidentSetSize of job (KB)
...
001 (8392.000.000) 11/08 15:47:44 Job executing on host: <54.214.126.159:36598?addrs=54.214.126.159-36598&noUDP>
...
001 (8391.000.000) 11/08 15:47:44 Job executing on host: <54.191.251.28:57297?addrs=54.191.251.28-57297&noUDP>
...
006 (8392.000.000) 11/08 15:47:52 Image size of job updated: 2
	2  -  MemoryUsage of job (MB)
	1660  -  ResidentSetSize of job (KB)
...
006 (8391.000.000) 11/08 15:47:52 Image size of job updated: 2
	2  -  MemoryUsage of job (MB)
	1648  -  ResidentSetSize of job (KB)
...
006 (8390.000.000) 11/08 15:52:33 Image size of job updated: 756632
	140  -  MemoryUsage of job (MB)
	142536  -  ResidentSetSize of job (KB)
...
006 (8391.000.000) 11/08 15:52:52 Image size of job updated: 504592
	129  -  MemoryUsage of job (MB)
	131544  -  ResidentSetSize of job (KB)
...
006 (8392.000.000) 11/08 15:52:52 Image size of job updated: 512112
	142  -  MemoryUsage of job (MB)
	144532  -  ResidentSetSize of job (KB)
...
006 (8390.000.000) 11/08 15:56:22 Image size of job updated: 758512
	140  -  MemoryUsage of job (MB)
	142536  -  ResidentSetSize of job (KB)
...
005 (8390.000.000) 11/08 15:56:23 Job terminated.
	(1) Normal termination (return value 0)
		Usr 0 00:07:06, Sys 0 00:00:05  -  Run Remote Usage
		Usr 0 00:00:00, Sys 0 00:00:00  -  Run Local Usage
		Usr 0 00:07:06, Sys 0 00:00:05  -  Total Remote Usage
		Usr 0 00:00:00, Sys 0 00:00:00  -  Total Local Usage
	5713  -  Run Bytes Sent By Job
	3171056  -  Run Bytes Received By Job
	5713  -  Total Bytes Sent By Job
	3171056  -  Total Bytes Received By Job
	Partitionable Resources :    Usage  Request Allocated
	   Cpus                 :                 1         1
	   Disk (KB)            :     6109     3250  27636960
	   Memory (MB)          :      140        1      3764
...
006 (8391.000.000) 11/08 15:56:32 Image size of job updated: 776288
	129  -  MemoryUsage of job (MB)
	131544  -  ResidentSetSize of job (KB)
...
005 (8391.000.000) 11/08 15:56:33 Job terminated.
	(1) Normal termination (return value 0)
		Usr 0 00:07:19, Sys 0 00:00:05  -  Run Remote Usage
		Usr 0 00:00:00, Sys 0 00:00:00  -  Run Local Usage
		Usr 0 00:07:19, Sys 0 00:00:05  -  Total Remote Usage
		Usr 0 00:00:00, Sys 0 00:00:00  -  Total Local Usage
	378648  -  Run Bytes Sent By Job
	3168751  -  Run Bytes Received By Job
	378648  -  Total Bytes Sent By Job
	3168751  -  Total Bytes Received By Job
	Partitionable Resources :    Usage  Request Allocated
	   Cpus                 :                 1         1
	   Disk (KB)            :   400085     3250  27635248
	   Memory (MB)          :      129        1      3764
...
000 (8393.000.000) 11/08 15:56:44 Job submitted from host: <54.183.204.50:2856?addrs=54.183.204.50-2856>
    DAG Node: clean_up_local_level_5_0
    pool:local
...
001 (8393.000.000) 11/08 15:56:44 Job executing on host: <54.183.204.50:64135?addrs=54.183.204.50-64135>
...
005 (8393.000.000) 11/08 15:56:53 Job terminated.
	(1) Normal termination (return value 0)
		Usr 0 00:00:00, Sys 0 00:00:00  -  Run Remote Usage
		Usr 0 00:00:00, Sys 0 00:00:00  -  Run Local Usage
		Usr 0 00:00:00, Sys 0 00:00:00  -  Total Remote Usage
		Usr 0 00:00:00, Sys 0 00:00:00  -  Total Local Usage
	0  -  Run Bytes Sent By Job
	0  -  Run Bytes Received By Job
	0  -  Total Bytes Sent By Job
	0  -  Total Bytes Received By Job
...
006 (8392.000.000) 11/08 15:57:51 Image size of job updated: 783124
	142  -  MemoryUsage of job (MB)
	144532  -  ResidentSetSize of job (KB)
...
005 (8392.000.000) 11/08 15:57:51 Job terminated.
	(1) Normal termination (return value 0)
		Usr 0 00:08:13, Sys 0 00:00:06  -  Run Remote Usage
		Usr 0 00:00:00, Sys 0 00:00:00  -  Run Local Usage
		Usr 0 00:08:13, Sys 0 00:00:06  -  Total Remote Usage
		Usr 0 00:00:00, Sys 0 00:00:00  -  Total Local Usage
	381218  -  Run Bytes Sent By Job
	3168715  -  Run Bytes Received By Job
	381218  -  Total Bytes Sent By Job
	3168715  -  Total Bytes Received By Job
	Partitionable Resources :    Usage  Request Allocated
	   Cpus                 :                 1         1
	   Disk (KB)            :   357449     3250  27636156
	   Memory (MB)          :      142        1      3764
...
000 (8394.000.000) 11/08 15:58:04 Job submitted from host: <54.183.204.50:2856?addrs=54.183.204.50-2856>
    DAG Node: taskevent_0_ID0000006
    pool:condorpool
...
000 (8395.000.000) 11/08 15:58:04 Job submitted from host: <54.183.204.50:2856?addrs=54.183.204.50-2856>
    DAG Node: taskevent_1_ID0000007
    pool:condorpool
...
000 (8396.000.000) 11/08 15:58:04 Job submitted from host: <54.183.204.50:2856?addrs=54.183.204.50-2856>
    DAG Node: taskevent_2_ID0000008
    pool:condorpool
...
000 (8397.000.000) 11/08 15:58:05 Job submitted from host: <54.183.204.50:2856?addrs=54.183.204.50-2856>
    DAG Node: clean_up_local_level_5_1
    pool:local
...
001 (8394.000.000) 11/08 15:58:05 Job executing on host: <54.191.251.28:57297?addrs=54.191.251.28-57297&noUDP>
...
001 (8395.000.000) 11/08 15:58:05 Job executing on host: <54.214.126.159:36598?addrs=54.214.126.159-36598&noUDP>
...
001 (8397.000.000) 11/08 15:58:10 Job executing on host: <54.183.204.50:40712?addrs=54.183.204.50-40712>
...
006 (8394.000.000) 11/08 15:58:13 Image size of job updated: 2
	2  -  MemoryUsage of job (MB)
	1652  -  ResidentSetSize of job (KB)
...
006 (8395.000.000) 11/08 15:58:13 Image size of job updated: 2
	2  -  MemoryUsage of job (MB)
	1656  -  ResidentSetSize of job (KB)
...
005 (8397.000.000) 11/08 15:58:14 Job terminated.
	(1) Normal termination (return value 0)
		Usr 0 00:00:00, Sys 0 00:00:00  -  Run Remote Usage
		Usr 0 00:00:00, Sys 0 00:00:00  -  Run Local Usage
		Usr 0 00:00:00, Sys 0 00:00:00  -  Total Remote Usage
		Usr 0 00:00:00, Sys 0 00:00:00  -  Total Local Usage
	0  -  Run Bytes Sent By Job
	0  -  Run Bytes Received By Job
	0  -  Total Bytes Sent By Job
	0  -  Total Bytes Received By Job
...
001 (8396.000.000) 11/08 15:58:24 Job executing on host: <54.149.224.82:29669?addrs=54.149.224.82-29669&noUDP>
...
006 (8396.000.000) 11/08 15:58:33 Image size of job updated: 2
	2  -  MemoryUsage of job (MB)
	1652  -  ResidentSetSize of job (KB)
...
006 (8396.000.000) 11/08 16:01:12 Image size of job updated: 757520
	2  -  MemoryUsage of job (MB)
	1652  -  ResidentSetSize of job (KB)
...
005 (8396.000.000) 11/08 16:01:12 Job terminated.
	(1) Normal termination (return value 0)
		Usr 0 00:00:10, Sys 0 00:00:00  -  Run Remote Usage
		Usr 0 00:00:00, Sys 0 00:00:00  -  Run Local Usage
		Usr 0 00:00:10, Sys 0 00:00:00  -  Total Remote Usage
		Usr 0 00:00:00, Sys 0 00:00:00  -  Total Local Usage
	8771  -  Run Bytes Sent By Job
	3174981  -  Run Bytes Received By Job
	8771  -  Total Bytes Sent By Job
	3174981  -  Total Bytes Received By Job
	Partitionable Resources :    Usage  Request Allocated
	   Cpus                 :                 1         1
	   Disk (KB)            :     6117     3250  27636860
	   Memory (MB)          :        2        1      3764
...
000 (8398.000.000) 11/08 16:01:25 Job submitted from host: <54.183.204.50:2856?addrs=54.183.204.50-2856>
    DAG Node: clean_up_local_level_6_1
    pool:local
...
001 (8398.000.000) 11/08 16:01:25 Job executing on host: <54.183.204.50:57106?addrs=54.183.204.50-57106>
...
005 (8398.000.000) 11/08 16:01:33 Job terminated.
	(1) Normal termination (return value 0)
		Usr 0 00:00:00, Sys 0 00:00:00  -  Run Remote Usage
		Usr 0 00:00:00, Sys 0 00:00:00  -  Run Local Usage
		Usr 0 00:00:00, Sys 0 00:00:00  -  Total Remote Usage
		Usr 0 00:00:00, Sys 0 00:00:00  -  Total Local Usage
	0  -  Run Bytes Sent By Job
	0  -  Run Bytes Received By Job
	0  -  Total Bytes Sent By Job
	0  -  Total Bytes Received By Job
...
006 (8394.000.000) 11/08 16:03:13 Image size of job updated: 766172
	133  -  MemoryUsage of job (MB)
	135812  -  ResidentSetSize of job (KB)
...
006 (8395.000.000) 11/08 16:03:13 Image size of job updated: 762412
	134  -  MemoryUsage of job (MB)
	136364  -  ResidentSetSize of job (KB)
...
006 (8395.000.000) 11/08 16:03:47 Image size of job updated: 763500
	134  -  MemoryUsage of job (MB)
	136364  -  ResidentSetSize of job (KB)
...
005 (8395.000.000) 11/08 16:03:47 Job terminated.
	(1) Normal termination (return value 0)
		Usr 0 00:02:16, Sys 0 00:00:02  -  Run Remote Usage
		Usr 0 00:00:00, Sys 0 00:00:00  -  Run Local Usage
		Usr 0 00:02:16, Sys 0 00:00:02  -  Total Remote Usage
		Usr 0 00:00:00, Sys 0 00:00:00  -  Total Local Usage
	8774  -  Run Bytes Sent By Job
	3174981  -  Run Bytes Received By Job
	8774  -  Total Bytes Sent By Job
	3174981  -  Total Bytes Received By Job
	Partitionable Resources :    Usage  Request Allocated
	   Cpus                 :                 1         1
	   Disk (KB)            :     6118     3250  27636156
	   Memory (MB)          :      134        1      3764
...
006 (8394.000.000) 11/08 16:07:17 Image size of job updated: 768036
	133  -  MemoryUsage of job (MB)
	135812  -  ResidentSetSize of job (KB)
...
005 (8394.000.000) 11/08 16:07:17 Job terminated.
	(1) Normal termination (return value 0)
		Usr 0 00:05:10, Sys 0 00:00:04  -  Run Remote Usage
		Usr 0 00:00:00, Sys 0 00:00:00  -  Run Local Usage
		Usr 0 00:05:10, Sys 0 00:00:04  -  Total Remote Usage
		Usr 0 00:00:00, Sys 0 00:00:00  -  Total Local Usage
	8776  -  Run Bytes Sent By Job
	3174981  -  Run Bytes Received By Job
	8776  -  Total Bytes Sent By Job
	3174981  -  Total Bytes Received By Job
	Partitionable Resources :    Usage  Request Allocated
	   Cpus                 :                 1         1
	   Disk (KB)            :     6118     3250  27635248
	   Memory (MB)          :      133        1      3764
...
000 (8399.000.000) 11/08 16:07:31 Job submitted from host: <54.183.204.50:2856?addrs=54.183.204.50-2856>
    DAG Node: clean_up_local_level_6_0
    pool:local
...
000 (8400.000.000) 11/08 16:07:31 Job submitted from host: <54.183.204.50:2856?addrs=54.183.204.50-2856>
    DAG Node: calculateratio_2_ID0000011
    pool:condorpool
...
001 (8399.000.000) 11/08 16:07:31 Job executing on host: <54.183.204.50:6107?addrs=54.183.204.50-6107>
...
000 (8401.000.000) 11/08 16:07:31 Job submitted from host: <54.183.204.50:2856?addrs=54.183.204.50-2856>
    DAG Node: calculateratio_1_ID0000010
    pool:condorpool
...
000 (8402.000.000) 11/08 16:07:31 Job submitted from host: <54.183.204.50:2856?addrs=54.183.204.50-2856>
    DAG Node: calculateratio_0_ID0000009
    pool:condorpool
...
001 (8400.000.000) 11/08 16:07:32 Job executing on host: <54.191.251.28:57297?addrs=54.191.251.28-57297&noUDP>
...
006 (8400.000.000) 11/08 16:07:40 Image size of job updated: 2
	2  -  MemoryUsage of job (MB)
	1652  -  ResidentSetSize of job (KB)
...
001 (8401.000.000) 11/08 16:07:47 Job executing on host: <54.149.224.82:29669?addrs=54.149.224.82-29669&noUDP>
...
001 (8402.000.000) 11/08 16:07:47 Job executing on host: <54.214.126.159:36598?addrs=54.214.126.159-36598&noUDP>
...
005 (8399.000.000) 11/08 16:07:48 Job terminated.
	(1) Normal termination (return value 0)
		Usr 0 00:00:00, Sys 0 00:00:00  -  Run Remote Usage
		Usr 0 00:00:00, Sys 0 00:00:00  -  Run Local Usage
		Usr 0 00:00:00, Sys 0 00:00:00  -  Total Remote Usage
		Usr 0 00:00:00, Sys 0 00:00:00  -  Total Local Usage
	0  -  Run Bytes Sent By Job
	0  -  Run Bytes Received By Job
	0  -  Total Bytes Sent By Job
	0  -  Total Bytes Received By Job
...
006 (8401.000.000) 11/08 16:07:56 Image size of job updated: 2
	2  -  MemoryUsage of job (MB)
	1656  -  ResidentSetSize of job (KB)
...
006 (8402.000.000) 11/08 16:07:56 Image size of job updated: 757700
	133  -  MemoryUsage of job (MB)
	135640  -  ResidentSetSize of job (KB)
...
006 (8400.000.000) 11/08 16:12:40 Image size of job updated: 791200
	150  -  MemoryUsage of job (MB)
	152836  -  ResidentSetSize of job (KB)
...
006 (8402.000.000) 11/08 16:12:56 Image size of job updated: 790896
	150  -  MemoryUsage of job (MB)
	152848  -  ResidentSetSize of job (KB)
...
006 (8401.000.000) 11/08 16:12:56 Image size of job updated: 789036
	134  -  MemoryUsage of job (MB)
	136776  -  ResidentSetSize of job (KB)
...
006 (8401.000.000) 11/08 16:17:56 Image size of job updated: 792796
	154  -  MemoryUsage of job (MB)
	157244  -  ResidentSetSize of job (KB)
...
006 (8400.000.000) 11/08 16:22:42 Image size of job updated: 791456
	150  -  MemoryUsage of job (MB)
	152836  -  ResidentSetSize of job (KB)
...
006 (8401.000.000) 11/08 16:22:56 Image size of job updated: 793004
	154  -  MemoryUsage of job (MB)
	157244  -  ResidentSetSize of job (KB)
...
005 (8400.000.000) 11/08 16:27:55 Job terminated.
	(1) Normal termination (return value 0)
		Usr 0 00:02:18, Sys 0 00:00:05  -  Run Remote Usage
		Usr 0 00:00:00, Sys 0 00:00:00  -  Run Local Usage
		Usr 0 00:02:18, Sys 0 00:00:05  -  Total Remote Usage
		Usr 0 00:00:00, Sys 0 00:00:00  -  Total Local Usage
	213392  -  Run Bytes Sent By Job
	3173860  -  Run Bytes Received By Job
	213392  -  Total Bytes Sent By Job
	3173860  -  Total Bytes Received By Job
	Partitionable Resources :    Usage  Request Allocated
	   Cpus                 :                 1         1
	   Disk (KB)            :     6317     3250  27635248
	   Memory (MB)          :      150        1      3764
...
006 (8401.000.000) 11/08 16:27:57 Image size of job updated: 793944
	155  -  MemoryUsage of job (MB)
	158360  -  ResidentSetSize of job (KB)
...
005 (8402.000.000) 11/08 16:28:17 Job terminated.
	(1) Normal termination (return value 0)
		Usr 0 00:02:54, Sys 0 00:00:06  -  Run Remote Usage
		Usr 0 00:00:00, Sys 0 00:00:00  -  Run Local Usage
		Usr 0 00:02:54, Sys 0 00:00:06  -  Total Remote Usage
		Usr 0 00:00:00, Sys 0 00:00:00  -  Total Local Usage
	277649  -  Run Bytes Sent By Job
	3173854  -  Run Bytes Received By Job
	277649  -  Total Bytes Sent By Job
	3173854  -  Total Bytes Received By Job
	Partitionable Resources :    Usage  Request Allocated
	   Cpus                 :                 1         1
	   Disk (KB)            :     6379     3250  27636052
	   Memory (MB)          :      150        1      3764
...
000 (8403.000.000) 11/08 16:28:28 Job submitted from host: <54.183.204.50:2856?addrs=54.183.204.50-2856>
    DAG Node: clean_up_local_level_7_1
    pool:local
...
001 (8403.000.000) 11/08 16:28:28 Job executing on host: <54.183.204.50:49764?addrs=54.183.204.50-49764>
...
005 (8403.000.000) 11/08 16:28:37 Job terminated.
	(1) Normal termination (return value 0)
		Usr 0 00:00:00, Sys 0 00:00:00  -  Run Remote Usage
		Usr 0 00:00:00, Sys 0 00:00:00  -  Run Local Usage
		Usr 0 00:00:00, Sys 0 00:00:00  -  Total Remote Usage
		Usr 0 00:00:00, Sys 0 00:00:00  -  Total Local Usage
	0  -  Run Bytes Sent By Job
	0  -  Run Bytes Received By Job
	0  -  Total Bytes Sent By Job
	0  -  Total Bytes Received By Job
...
005 (8401.000.000) 11/08 16:32:12 Job terminated.
	(1) Normal termination (return value 0)
		Usr 0 00:02:47, Sys 0 00:00:06  -  Run Remote Usage
		Usr 0 00:00:00, Sys 0 00:00:00  -  Run Local Usage
		Usr 0 00:02:47, Sys 0 00:00:06  -  Total Remote Usage
		Usr 0 00:00:00, Sys 0 00:00:00  -  Total Local Usage
	360868  -  Run Bytes Sent By Job
	3173859  -  Run Bytes Received By Job
	360868  -  Total Bytes Sent By Job
	3173859  -  Total Bytes Received By Job
	Partitionable Resources :    Usage  Request Allocated
	   Cpus                 :                 1         1
	   Disk (KB)            :     6461     3250  27636828
	   Memory (MB)          :      155        1      3764
...
000 (8404.000.000) 11/08 16:32:23 Job submitted from host: <54.183.204.50:2856?addrs=54.183.204.50-2856>
    DAG Node: clean_up_local_level_7_0
    pool:local
...
000 (8405.000.000) 11/08 16:32:23 Job submitted from host: <54.183.204.50:2856?addrs=54.183.204.50-2856>
    DAG Node: averageratioevent_1_ID0000013
    pool:condorpool
...
001 (8404.000.000) 11/08 16:32:23 Job executing on host: <54.183.204.50:34360?addrs=54.183.204.50-34360>
...
000 (8406.000.000) 11/08 16:32:23 Job submitted from host: <54.183.204.50:2856?addrs=54.183.204.50-2856>
    DAG Node: averageratioevent_0_ID0000012
    pool:condorpool
...
000 (8407.000.000) 11/08 16:32:23 Job submitted from host: <54.183.204.50:2856?addrs=54.183.204.50-2856>
    DAG Node: averageratioevent_2_ID0000014
    pool:condorpool
...
005 (8404.000.000) 11/08 16:32:39 Job terminated.
	(1) Normal termination (return value 0)
		Usr 0 00:00:00, Sys 0 00:00:00  -  Run Remote Usage
		Usr 0 00:00:00, Sys 0 00:00:00  -  Run Local Usage
		Usr 0 00:00:00, Sys 0 00:00:00  -  Total Remote Usage
		Usr 0 00:00:00, Sys 0 00:00:00  -  Total Local Usage
	0  -  Run Bytes Sent By Job
	0  -  Run Bytes Received By Job
	0  -  Total Bytes Sent By Job
	0  -  Total Bytes Received By Job
...
001 (8406.000.000) 11/08 16:32:44 Job executing on host: <54.191.251.28:57297?addrs=54.191.251.28-57297&noUDP>
...
001 (8407.000.000) 11/08 16:32:44 Job executing on host: <54.214.126.159:36598?addrs=54.214.126.159-36598&noUDP>
...
001 (8405.000.000) 11/08 16:32:44 Job executing on host: <54.149.224.82:29669?addrs=54.149.224.82-29669&noUDP>
...
006 (8407.000.000) 11/08 16:32:50 Image size of job updated: 2
	0  -  MemoryUsage of job (MB)
	0  -  ResidentSetSize of job (KB)
...
005 (8407.000.000) 11/08 16:32:50 Job terminated.
	(1) Normal termination (return value 0)
		Usr 0 00:00:00, Sys 0 00:00:00  -  Run Remote Usage
		Usr 0 00:00:00, Sys 0 00:00:00  -  Run Local Usage
		Usr 0 00:00:00, Sys 0 00:00:00  -  Total Remote Usage
		Usr 0 00:00:00, Sys 0 00:00:00  -  Total Local Usage
	5401  -  Run Bytes Sent By Job
	3169354  -  Run Bytes Received By Job
	5401  -  Total Bytes Sent By Job
	3169354  -  Total Bytes Received By Job
	Partitionable Resources :    Usage  Request Allocated
	   Cpus                 :                 1         1
	   Disk (KB)            :     6107     3250  27635872
	   Memory (MB)          :        0        1      3764
...
006 (8405.000.000) 11/08 16:32:52 Image size of job updated: 2
	2  -  MemoryUsage of job (MB)
	1648  -  ResidentSetSize of job (KB)
...
006 (8406.000.000) 11/08 16:32:53 Image size of job updated: 2
	2  -  MemoryUsage of job (MB)
	1648  -  ResidentSetSize of job (KB)
...
000 (8408.000.000) 11/08 16:33:03 Job submitted from host: <54.183.204.50:2856?addrs=54.183.204.50-2856>
    DAG Node: clean_up_local_level_8_1
    pool:local
...
001 (8408.000.000) 11/08 16:33:03 Job executing on host: <54.183.204.50:29313?addrs=54.183.204.50-29313>
...
005 (8408.000.000) 11/08 16:33:07 Job terminated.
	(1) Normal termination (return value 0)
		Usr 0 00:00:00, Sys 0 00:00:00  -  Run Remote Usage
		Usr 0 00:00:00, Sys 0 00:00:00  -  Run Local Usage
		Usr 0 00:00:00, Sys 0 00:00:00  -  Total Remote Usage
		Usr 0 00:00:00, Sys 0 00:00:00  -  Total Local Usage
	0  -  Run Bytes Sent By Job
	0  -  Run Bytes Received By Job
	0  -  Total Bytes Sent By Job
	0  -  Total Bytes Received By Job
...
006 (8406.000.000) 11/08 16:33:11 Image size of job updated: 490328
	2  -  MemoryUsage of job (MB)
	1648  -  ResidentSetSize of job (KB)
...
005 (8406.000.000) 11/08 16:33:12 Job terminated.
	(1) Normal termination (return value 0)
		Usr 0 00:00:07, Sys 0 00:00:00  -  Run Remote Usage
		Usr 0 00:00:00, Sys 0 00:00:00  -  Run Local Usage
		Usr 0 00:00:07, Sys 0 00:00:00  -  Total Remote Usage
		Usr 0 00:00:00, Sys 0 00:00:00  -  Total Local Usage
	266684  -  Run Bytes Sent By Job
	3169358  -  Run Bytes Received By Job
	266684  -  Total Bytes Sent By Job
	3169358  -  Total Bytes Received By Job
	Partitionable Resources :    Usage  Request Allocated
	   Cpus                 :                 1         1
	   Disk (KB)            :     6662     3250  27634956
	   Memory (MB)          :        2        1      3764
...
006 (8405.000.000) 11/08 16:33:32 Image size of job updated: 457616
	2  -  MemoryUsage of job (MB)
	1648  -  ResidentSetSize of job (KB)
...
005 (8405.000.000) 11/08 16:33:32 Job terminated.
	(1) Normal termination (return value 0)
		Usr 0 00:00:30, Sys 0 00:00:00  -  Run Remote Usage
		Usr 0 00:00:00, Sys 0 00:00:00  -  Run Local Usage
		Usr 0 00:00:30, Sys 0 00:00:00  -  Total Remote Usage
		Usr 0 00:00:00, Sys 0 00:00:00  -  Total Local Usage
	266686  -  Run Bytes Sent By Job
	3169354  -  Run Bytes Received By Job
	266686  -  Total Bytes Sent By Job
	3169354  -  Total Bytes Received By Job
	Partitionable Resources :    Usage  Request Allocated
	   Cpus                 :                 1         1
	   Disk (KB)            :     6666     3250  27636608
	   Memory (MB)          :        2        1      3764
...
000 (8409.000.000) 11/08 16:33:43 Job submitted from host: <54.183.204.50:2856?addrs=54.183.204.50-2856>
    DAG Node: clean_up_local_level_8_0
    pool:local
...
000 (8410.000.000) 11/08 16:33:44 Job submitted from host: <54.183.204.50:2856?addrs=54.183.204.50-2856>
    DAG Node: analysisevent_0_ID0000015
    pool:condorpool
...
001 (8409.000.000) 11/08 16:33:44 Job executing on host: <54.183.204.50:21344?addrs=54.183.204.50-21344>
...
001 (8410.000.000) 11/08 16:33:44 Job executing on host: <54.149.224.82:29669?addrs=54.149.224.82-29669&noUDP>
...
006 (8410.000.000) 11/08 16:33:45 Image size of job updated: 2
	0  -  MemoryUsage of job (MB)
	0  -  ResidentSetSize of job (KB)
...
005 (8410.000.000) 11/08 16:33:45 Job terminated.
	(1) Normal termination (return value 0)
		Usr 0 00:00:00, Sys 0 00:00:00  -  Run Remote Usage
		Usr 0 00:00:00, Sys 0 00:00:00  -  Run Local Usage
		Usr 0 00:00:00, Sys 0 00:00:00  -  Total Remote Usage
		Usr 0 00:00:00, Sys 0 00:00:00  -  Total Local Usage
	5357  -  Run Bytes Sent By Job
	3169166  -  Run Bytes Received By Job
	5357  -  Total Bytes Sent By Job
	3169166  -  Total Bytes Received By Job
	Partitionable Resources :    Usage  Request Allocated
	   Cpus                 :                 1         1
	   Disk (KB)            :     6107     3250  27636608
	   Memory (MB)          :        0        1      3764
...
005 (8409.000.000) 11/08 16:33:52 Job terminated.
	(1) Normal termination (return value 0)
		Usr 0 00:00:00, Sys 0 00:00:00  -  Run Remote Usage
		Usr 0 00:00:00, Sys 0 00:00:00  -  Run Local Usage
		Usr 0 00:00:00, Sys 0 00:00:00  -  Total Remote Usage
		Usr 0 00:00:00, Sys 0 00:00:00  -  Total Local Usage
	0  -  Run Bytes Sent By Job
	0  -  Run Bytes Received By Job
	0  -  Total Bytes Sent By Job
	0  -  Total Bytes Received By Job
...
000 (8411.000.000) 11/08 16:33:59 Job submitted from host: <54.183.204.50:2856?addrs=54.183.204.50-2856>
    DAG Node: terminate_0_ID0000016
    pool:condorpool
...
000 (8412.000.000) 11/08 16:33:59 Job submitted from host: <54.183.204.50:2856?addrs=54.183.204.50-2856>
    DAG Node: clean_up_local_level_9_0
    pool:local
...
001 (8411.000.000) 11/08 16:34:00 Job executing on host: <54.149.224.82:29669?addrs=54.149.224.82-29669&noUDP>
...
006 (8411.000.000) 11/08 16:34:01 Image size of job updated: 2
	0  -  MemoryUsage of job (MB)
	0  -  ResidentSetSize of job (KB)
...
005 (8411.000.000) 11/08 16:34:01 Job terminated.
	(1) Normal termination (return value 0)
		Usr 0 00:00:00, Sys 0 00:00:00  -  Run Remote Usage
		Usr 0 00:00:00, Sys 0 00:00:00  -  Run Local Usage
		Usr 0 00:00:00, Sys 0 00:00:00  -  Total Remote Usage
		Usr 0 00:00:00, Sys 0 00:00:00  -  Total Local Usage
	4451  -  Run Bytes Sent By Job
	3167596  -  Run Bytes Received By Job
	4451  -  Total Bytes Sent By Job
	3167596  -  Total Bytes Received By Job
	Partitionable Resources :    Usage  Request Allocated
	   Cpus                 :                 1         1
	   Disk (KB)            :     6103     3250  27636608
	   Memory (MB)          :        0        1      3764
...
001 (8412.000.000) 11/08 16:34:05 Job executing on host: <54.183.204.50:41758?addrs=54.183.204.50-41758>
...
005 (8412.000.000) 11/08 16:34:09 Job terminated.
	(1) Normal termination (return value 0)
		Usr 0 00:00:00, Sys 0 00:00:00  -  Run Remote Usage
		Usr 0 00:00:00, Sys 0 00:00:00  -  Run Local Usage
		Usr 0 00:00:00, Sys 0 00:00:00  -  Total Remote Usage
		Usr 0 00:00:00, Sys 0 00:00:00  -  Total Local Usage
	0  -  Run Bytes Sent By Job
	0  -  Run Bytes Received By Job
	0  -  Total Bytes Sent By Job
	0  -  Total Bytes Received By Job
...
000 (8413.000.000) 11/08 16:34:14 Job submitted from host: <54.183.204.50:2856?addrs=54.183.204.50-2856>
    DAG Node: clean_up_local_level_10_0
    pool:local
...
001 (8413.000.000) 11/08 16:34:14 Job executing on host: <54.183.204.50:62839?addrs=54.183.204.50-62839>
...
005 (8413.000.000) 11/08 16:34:17 Job terminated.
	(1) Normal termination (return value 0)
		Usr 0 00:00:00, Sys 0 00:00:00  -  Run Remote Usage
		Usr 0 00:00:00, Sys 0 00:00:00  -  Run Local Usage
		Usr 0 00:00:00, Sys 0 00:00:00  -  Total Remote Usage
		Usr 0 00:00:00, Sys 0 00:00:00  -  Total Local Usage
	0  -  Run Bytes Sent By Job
	0  -  Run Bytes Received By Job
	0  -  Total Bytes Sent By Job
	0  -  Total Bytes Received By Job
...
000 (8414.000.000) 11/08 16:34:29 Job submitted from host: <54.183.204.50:2856?addrs=54.183.204.50-2856>
    DAG Node: cleanup_example_workflow_0_local
    pool:local
...
001 (8414.000.000) 11/08 16:34:29 Job executing on host: <54.183.204.50:24922?addrs=54.183.204.50-24922>
...
005 (8414.000.000) 11/08 16:34:31 Job terminated.
	(1) Normal termination (return value 0)
		Usr 0 00:00:00, Sys 0 00:00:00  -  Run Remote Usage
		Usr 0 00:00:00, Sys 0 00:00:00  -  Run Local Usage
		Usr 0 00:00:00, Sys 0 00:00:00  -  Total Remote Usage
		Usr 0 00:00:00, Sys 0 00:00:00  -  Total Local Usage
	0  -  Run Bytes Sent By Job
	0  -  Run Bytes Received By Job
	0  -  Total Bytes Sent By Job
	0  -  Total Bytes Received By Job
...
