000 (10484.000.000) 01/15 14:11:10 Job submitted from host: <52.53.186.156:50814?addrs=52.53.186.156-50814>
    DAG Node: create_dir_example_workflow_0_local
    pool:local
...
001 (10484.000.000) 01/15 14:11:11 Job executing on host: <52.53.186.156:5640?addrs=52.53.186.156-5640>
...
005 (10484.000.000) 01/15 14:11:13 Job terminated.
	(1) Normal termination (return value 0)
		Usr 0 00:00:00, Sys 0 00:00:00  -  Run Remote Usage
		Usr 0 00:00:00, Sys 0 00:00:00  -  Run Local Usage
		Usr 0 00:00:00, Sys 0 00:00:00  -  Total Remote Usage
		Usr 0 00:00:00, Sys 0 00:00:00  -  Total Local Usage
	0  -  Run Bytes Sent By Job
	0  -  Run Bytes Received By Job
	0  -  Total Bytes Sent By Job
	0  -  Total Bytes Received By Job
...
016 (10484.000.000) 01/15 14:11:15 POST Script terminated.
	(1) Normal termination (return value 0)
    DAG Node: create_dir_example_workflow_0_local
...
000 (10485.000.000) 01/15 14:11:25 Job submitted from host: <52.53.186.156:50814?addrs=52.53.186.156-50814>
    DAG Node: stage_in_local_local_0_0
    pool:local
...
001 (10485.000.000) 01/15 14:11:25 Job executing on host: <52.53.186.156:9584?addrs=52.53.186.156-9584>
...
000 (10486.000.000) 01/15 14:11:25 Job submitted from host: <52.53.186.156:50814?addrs=52.53.186.156-50814>
    DAG Node: stage_in_local_local_4_0
    pool:local
...
000 (10487.000.000) 01/15 14:11:25 Job submitted from host: <52.53.186.156:50814?addrs=52.53.186.156-50814>
    DAG Node: stage_in_local_local_1_0
    pool:local
...
000 (10488.000.000) 01/15 14:11:25 Job submitted from host: <52.53.186.156:50814?addrs=52.53.186.156-50814>
    DAG Node: stage_in_local_local_2_0
    pool:local
...
000 (10489.000.000) 01/15 14:11:25 Job submitted from host: <52.53.186.156:50814?addrs=52.53.186.156-50814>
    DAG Node: stage_in_local_local_2_1
    pool:local
...
005 (10485.000.000) 01/15 14:11:27 Job terminated.
	(1) Normal termination (return value 0)
		Usr 0 00:00:00, Sys 0 00:00:00  -  Run Remote Usage
		Usr 0 00:00:00, Sys 0 00:00:00  -  Run Local Usage
		Usr 0 00:00:00, Sys 0 00:00:00  -  Total Remote Usage
		Usr 0 00:00:00, Sys 0 00:00:00  -  Total Local Usage
	0  -  Run Bytes Sent By Job
	0  -  Run Bytes Received By Job
	0  -  Total Bytes Sent By Job
	0  -  Total Bytes Received By Job
...
001 (10487.000.000) 01/15 14:11:28 Job executing on host: <52.53.186.156:61346?addrs=52.53.186.156-61346>
...
001 (10486.000.000) 01/15 14:11:28 Job executing on host: <52.53.186.156:23778?addrs=52.53.186.156-23778>
...
001 (10489.000.000) 01/15 14:11:28 Job executing on host: <52.53.186.156:6142?addrs=52.53.186.156-6142>
...
001 (10488.000.000) 01/15 14:11:28 Job executing on host: <52.53.186.156:9793?addrs=52.53.186.156-9793>
...
005 (10487.000.000) 01/15 14:11:30 Job terminated.
	(1) Normal termination (return value 0)
		Usr 0 00:00:00, Sys 0 00:00:00  -  Run Remote Usage
		Usr 0 00:00:00, Sys 0 00:00:00  -  Run Local Usage
		Usr 0 00:00:00, Sys 0 00:00:00  -  Total Remote Usage
		Usr 0 00:00:00, Sys 0 00:00:00  -  Total Local Usage
	0  -  Run Bytes Sent By Job
	0  -  Run Bytes Received By Job
	0  -  Total Bytes Sent By Job
	0  -  Total Bytes Received By Job
...
005 (10486.000.000) 01/15 14:11:30 Job terminated.
	(1) Normal termination (return value 0)
		Usr 0 00:00:00, Sys 0 00:00:00  -  Run Remote Usage
		Usr 0 00:00:00, Sys 0 00:00:00  -  Run Local Usage
		Usr 0 00:00:00, Sys 0 00:00:00  -  Total Remote Usage
		Usr 0 00:00:00, Sys 0 00:00:00  -  Total Local Usage
	0  -  Run Bytes Sent By Job
	0  -  Run Bytes Received By Job
	0  -  Total Bytes Sent By Job
	0  -  Total Bytes Received By Job
...
005 (10489.000.000) 01/15 14:11:30 Job terminated.
	(1) Normal termination (return value 0)
		Usr 0 00:00:00, Sys 0 00:00:00  -  Run Remote Usage
		Usr 0 00:00:00, Sys 0 00:00:00  -  Run Local Usage
		Usr 0 00:00:00, Sys 0 00:00:00  -  Total Remote Usage
		Usr 0 00:00:00, Sys 0 00:00:00  -  Total Local Usage
	0  -  Run Bytes Sent By Job
	0  -  Run Bytes Received By Job
	0  -  Total Bytes Sent By Job
	0  -  Total Bytes Received By Job
...
000 (10490.000.000) 01/15 14:11:30 Job submitted from host: <52.53.186.156:50814?addrs=52.53.186.156-50814>
    DAG Node: stage_in_remote_local_1_0
    pool:local
...
001 (10490.000.000) 01/15 14:11:31 Job executing on host: <52.53.186.156:50349?addrs=52.53.186.156-50349>
...
000 (10491.000.000) 01/15 14:11:31 Job submitted from host: <52.53.186.156:50814?addrs=52.53.186.156-50814>
    DAG Node: stage_in_local_local_3_1
    pool:local
...
000 (10492.000.000) 01/15 14:11:31 Job submitted from host: <52.53.186.156:50814?addrs=52.53.186.156-50814>
    DAG Node: stage_in_local_local_3_0
    pool:local
...
000 (10493.000.000) 01/15 14:11:31 Job submitted from host: <52.53.186.156:50814?addrs=52.53.186.156-50814>
    DAG Node: stage_in_remote_local_3_1
    pool:local
...
000 (10494.000.000) 01/15 14:11:31 Job submitted from host: <52.53.186.156:50814?addrs=52.53.186.156-50814>
    DAG Node: stage_in_remote_local_3_0
    pool:local
...
016 (10485.000.000) 01/15 14:11:31 POST Script terminated.
	(1) Normal termination (return value 0)
    DAG Node: stage_in_local_local_0_0
...
016 (10489.000.000) 01/15 14:11:31 POST Script terminated.
	(1) Normal termination (return value 0)
    DAG Node: stage_in_local_local_2_1
...
016 (10487.000.000) 01/15 14:11:31 POST Script terminated.
	(1) Normal termination (return value 0)
    DAG Node: stage_in_local_local_1_0
...
016 (10486.000.000) 01/15 14:11:31 POST Script terminated.
	(1) Normal termination (return value 0)
    DAG Node: stage_in_local_local_4_0
...
005 (10488.000.000) 01/15 14:11:32 Job terminated.
	(1) Normal termination (return value 0)
		Usr 0 00:00:00, Sys 0 00:00:00  -  Run Remote Usage
		Usr 0 00:00:00, Sys 0 00:00:00  -  Run Local Usage
		Usr 0 00:00:00, Sys 0 00:00:00  -  Total Remote Usage
		Usr 0 00:00:00, Sys 0 00:00:00  -  Total Local Usage
	0  -  Run Bytes Sent By Job
	0  -  Run Bytes Received By Job
	0  -  Total Bytes Sent By Job
	0  -  Total Bytes Received By Job
...
001 (10493.000.000) 01/15 14:11:32 Job executing on host: <52.53.186.156:53225?addrs=52.53.186.156-53225>
...
001 (10492.000.000) 01/15 14:11:32 Job executing on host: <52.53.186.156:33946?addrs=52.53.186.156-33946>
...
001 (10491.000.000) 01/15 14:11:32 Job executing on host: <52.53.186.156:7355?addrs=52.53.186.156-7355>
...
001 (10494.000.000) 01/15 14:11:32 Job executing on host: <52.53.186.156:63440?addrs=52.53.186.156-63440>
...
005 (10490.000.000) 01/15 14:11:33 Job terminated.
	(1) Normal termination (return value 0)
		Usr 0 00:00:00, Sys 0 00:00:00  -  Run Remote Usage
		Usr 0 00:00:00, Sys 0 00:00:00  -  Run Local Usage
		Usr 0 00:00:00, Sys 0 00:00:00  -  Total Remote Usage
		Usr 0 00:00:00, Sys 0 00:00:00  -  Total Local Usage
	0  -  Run Bytes Sent By Job
	0  -  Run Bytes Received By Job
	0  -  Total Bytes Sent By Job
	0  -  Total Bytes Received By Job
...
005 (10493.000.000) 01/15 14:11:35 Job terminated.
	(1) Normal termination (return value 0)
		Usr 0 00:00:00, Sys 0 00:00:00  -  Run Remote Usage
		Usr 0 00:00:00, Sys 0 00:00:00  -  Run Local Usage
		Usr 0 00:00:00, Sys 0 00:00:00  -  Total Remote Usage
		Usr 0 00:00:00, Sys 0 00:00:00  -  Total Local Usage
	0  -  Run Bytes Sent By Job
	0  -  Run Bytes Received By Job
	0  -  Total Bytes Sent By Job
	0  -  Total Bytes Received By Job
...
005 (10491.000.000) 01/15 14:11:35 Job terminated.
	(1) Normal termination (return value 0)
		Usr 0 00:00:00, Sys 0 00:00:00  -  Run Remote Usage
		Usr 0 00:00:00, Sys 0 00:00:00  -  Run Local Usage
		Usr 0 00:00:00, Sys 0 00:00:00  -  Total Remote Usage
		Usr 0 00:00:00, Sys 0 00:00:00  -  Total Local Usage
	0  -  Run Bytes Sent By Job
	0  -  Run Bytes Received By Job
	0  -  Total Bytes Sent By Job
	0  -  Total Bytes Received By Job
...
005 (10494.000.000) 01/15 14:11:37 Job terminated.
	(1) Normal termination (return value 0)
		Usr 0 00:00:00, Sys 0 00:00:00  -  Run Remote Usage
		Usr 0 00:00:00, Sys 0 00:00:00  -  Run Local Usage
		Usr 0 00:00:00, Sys 0 00:00:00  -  Total Remote Usage
		Usr 0 00:00:00, Sys 0 00:00:00  -  Total Local Usage
	0  -  Run Bytes Sent By Job
	0  -  Run Bytes Received By Job
	0  -  Total Bytes Sent By Job
	0  -  Total Bytes Received By Job
...
016 (10488.000.000) 01/15 14:11:37 POST Script terminated.
	(1) Normal termination (return value 0)
    DAG Node: stage_in_local_local_2_0
...
005 (10492.000.000) 01/15 14:11:37 Job terminated.
	(1) Normal termination (return value 0)
		Usr 0 00:00:00, Sys 0 00:00:00  -  Run Remote Usage
		Usr 0 00:00:00, Sys 0 00:00:00  -  Run Local Usage
		Usr 0 00:00:00, Sys 0 00:00:00  -  Total Remote Usage
		Usr 0 00:00:00, Sys 0 00:00:00  -  Total Local Usage
	0  -  Run Bytes Sent By Job
	0  -  Run Bytes Received By Job
	0  -  Total Bytes Sent By Job
	0  -  Total Bytes Received By Job
...
016 (10490.000.000) 01/15 14:11:37 POST Script terminated.
	(1) Normal termination (return value 0)
    DAG Node: stage_in_remote_local_1_0
...
016 (10493.000.000) 01/15 14:11:37 POST Script terminated.
	(1) Normal termination (return value 0)
    DAG Node: stage_in_remote_local_3_1
...
016 (10491.000.000) 01/15 14:11:37 POST Script terminated.
	(1) Normal termination (return value 0)
    DAG Node: stage_in_local_local_3_1
...
000 (10495.000.000) 01/15 14:11:42 Job submitted from host: <52.53.186.156:50814?addrs=52.53.186.156-50814>
    DAG Node: init_0_ID0000001
    pool:condorpool
...
016 (10492.000.000) 01/15 14:11:43 POST Script terminated.
	(1) Normal termination (return value 0)
    DAG Node: stage_in_local_local_3_0
...
016 (10494.000.000) 01/15 14:11:43 POST Script terminated.
	(1) Normal termination (return value 0)
    DAG Node: stage_in_remote_local_3_0
...
001 (10495.000.000) 01/15 14:12:00 Job executing on host: <54.214.127.201:57167?addrs=54.214.127.201-57167&noUDP>
...
005 (10495.000.000) 01/15 14:20:43 Job terminated.
	(1) Normal termination (return value 0)
		Usr 0 00:00:00, Sys 0 00:00:00  -  Run Remote Usage
		Usr 0 00:00:00, Sys 0 00:00:00  -  Run Local Usage
		Usr 0 00:00:00, Sys 0 00:00:00  -  Total Remote Usage
		Usr 0 00:00:00, Sys 0 00:00:00  -  Total Local Usage
	4445  -  Run Bytes Sent By Job
	3168470  -  Run Bytes Received By Job
	4445  -  Total Bytes Sent By Job
	3168470  -  Total Bytes Received By Job
	Partitionable Resources :    Usage  Request Allocated
	   Cpus                 :                 1         1
	   Disk (KB)            :     6103     3250  27750088
	   Memory (MB)          :       15        1      3764
...
016 (10495.000.000) 01/15 14:20:47 POST Script terminated.
	(1) Normal termination (return value 0)
    DAG Node: init_0_ID0000001
...
000 (10496.000.000) 01/15 14:20:57 Job submitted from host: <52.53.186.156:50814?addrs=52.53.186.156-50814>
    DAG Node: clean_up_local_level_3_0
    pool:local
...
001 (10496.000.000) 01/15 14:20:57 Job executing on host: <52.53.186.156:29487?addrs=52.53.186.156-29487>
...
000 (10497.000.000) 01/15 14:20:57 Job submitted from host: <52.53.186.156:50814?addrs=52.53.186.156-50814>
    DAG Node: computeusergroup_0_ID0000002
    pool:condorpool
...
001 (10497.000.000) 01/15 14:20:58 Job executing on host: <54.214.127.201:57167?addrs=54.214.127.201-57167&noUDP>
...
005 (10496.000.000) 01/15 14:21:00 Job terminated.
	(1) Normal termination (return value 0)
		Usr 0 00:00:00, Sys 0 00:00:00  -  Run Remote Usage
		Usr 0 00:00:00, Sys 0 00:00:00  -  Run Local Usage
		Usr 0 00:00:00, Sys 0 00:00:00  -  Total Remote Usage
		Usr 0 00:00:00, Sys 0 00:00:00  -  Total Local Usage
	0  -  Run Bytes Sent By Job
	0  -  Run Bytes Received By Job
	0  -  Total Bytes Sent By Job
	0  -  Total Bytes Received By Job
...
016 (10496.000.000) 01/15 14:21:03 POST Script terminated.
	(1) Normal termination (return value 0)
    DAG Node: clean_up_local_level_3_0
...
005 (10497.000.000) 01/15 15:24:03 Job terminated.
	(1) Normal termination (return value 0)
		Usr 0 00:04:47, Sys 0 00:00:16  -  Run Remote Usage
		Usr 0 00:00:00, Sys 0 00:00:00  -  Run Local Usage
		Usr 0 00:04:47, Sys 0 00:00:16  -  Total Remote Usage
		Usr 0 00:00:00, Sys 0 00:00:00  -  Total Local Usage
	519932  -  Run Bytes Sent By Job
	3170860  -  Run Bytes Received By Job
	519932  -  Total Bytes Sent By Job
	3170860  -  Total Bytes Received By Job
	Partitionable Resources :    Usage  Request Allocated
	   Cpus                 :                 1         1
	   Disk (KB)            :    81635     3250  27750088
	   Memory (MB)          :      558        1      3764
...
016 (10497.000.000) 01/15 15:24:06 POST Script terminated.
	(1) Normal termination (return value 0)
    DAG Node: computeusergroup_0_ID0000002
...
000 (10498.000.000) 01/15 15:24:16 Job submitted from host: <52.53.186.156:50814?addrs=52.53.186.156-50814>
    DAG Node: clean_up_local_level_4_0
    pool:local
...
001 (10498.000.000) 01/15 15:24:16 Job executing on host: <52.53.186.156:10840?addrs=52.53.186.156-10840>
...
000 (10499.000.000) 01/15 15:24:16 Job submitted from host: <52.53.186.156:50814?addrs=52.53.186.156-50814>
    DAG Node: sessioncompute_1_ID0000004
    pool:condorpool
...
000 (10500.000.000) 01/15 15:24:16 Job submitted from host: <52.53.186.156:50814?addrs=52.53.186.156-50814>
    DAG Node: stage_out_local_local_1_0
    pool:local
...
000 (10501.000.000) 01/15 15:24:16 Job submitted from host: <52.53.186.156:50814?addrs=52.53.186.156-50814>
    DAG Node: stage_out_local_local_1_1
    pool:local
...
000 (10502.000.000) 01/15 15:24:17 Job submitted from host: <52.53.186.156:50814?addrs=52.53.186.156-50814>
    DAG Node: sessioncompute_0_ID0000003
    pool:condorpool
...
005 (10498.000.000) 01/15 15:24:20 Job terminated.
	(1) Normal termination (return value 0)
		Usr 0 00:00:00, Sys 0 00:00:00  -  Run Remote Usage
		Usr 0 00:00:00, Sys 0 00:00:00  -  Run Local Usage
		Usr 0 00:00:00, Sys 0 00:00:00  -  Total Remote Usage
		Usr 0 00:00:00, Sys 0 00:00:00  -  Total Local Usage
	0  -  Run Bytes Sent By Job
	0  -  Run Bytes Received By Job
	0  -  Total Bytes Sent By Job
	0  -  Total Bytes Received By Job
...
001 (10501.000.000) 01/15 15:24:20 Job executing on host: <52.53.186.156:35103?addrs=52.53.186.156-35103>
...
001 (10500.000.000) 01/15 15:24:21 Job executing on host: <52.53.186.156:35327?addrs=52.53.186.156-35327>
...
000 (10503.000.000) 01/15 15:24:22 Job submitted from host: <52.53.186.156:50814?addrs=52.53.186.156-50814>
    DAG Node: sessioncompute_2_ID0000005
    pool:condorpool
...
016 (10498.000.000) 01/15 15:24:22 POST Script terminated.
	(1) Normal termination (return value 0)
    DAG Node: clean_up_local_level_4_0
...
005 (10501.000.000) 01/15 15:24:23 Job terminated.
	(1) Normal termination (return value 0)
		Usr 0 00:00:00, Sys 0 00:00:00  -  Run Remote Usage
		Usr 0 00:00:00, Sys 0 00:00:00  -  Run Local Usage
		Usr 0 00:00:00, Sys 0 00:00:00  -  Total Remote Usage
		Usr 0 00:00:00, Sys 0 00:00:00  -  Total Local Usage
	0  -  Run Bytes Sent By Job
	0  -  Run Bytes Received By Job
	0  -  Total Bytes Sent By Job
	0  -  Total Bytes Received By Job
...
005 (10500.000.000) 01/15 15:24:25 Job terminated.
	(1) Normal termination (return value 0)
		Usr 0 00:00:00, Sys 0 00:00:00  -  Run Remote Usage
		Usr 0 00:00:00, Sys 0 00:00:00  -  Run Local Usage
		Usr 0 00:00:00, Sys 0 00:00:00  -  Total Remote Usage
		Usr 0 00:00:00, Sys 0 00:00:00  -  Total Local Usage
	0  -  Run Bytes Sent By Job
	0  -  Run Bytes Received By Job
	0  -  Total Bytes Sent By Job
	0  -  Total Bytes Received By Job
...
016 (10500.000.000) 01/15 15:24:27 POST Script terminated.
	(1) Normal termination (return value 0)
    DAG Node: stage_out_local_local_1_0
...
016 (10501.000.000) 01/15 15:24:27 POST Script terminated.
	(1) Normal termination (return value 0)
    DAG Node: stage_out_local_local_1_1
...
001 (10503.000.000) 01/15 15:24:37 Job executing on host: <54.201.168.39:41677?addrs=54.201.168.39-41677&noUDP>
...
001 (10502.000.000) 01/15 15:24:37 Job executing on host: <54.213.252.53:23695?addrs=54.213.252.53-23695&noUDP>
...
001 (10499.000.000) 01/15 15:24:37 Job executing on host: <54.214.127.201:57167?addrs=54.214.127.201-57167&noUDP>
...
005 (10499.000.000) 01/15 15:34:48 Job terminated.
	(1) Normal termination (return value 0)
		Usr 0 00:07:18, Sys 0 00:00:04  -  Run Remote Usage
		Usr 0 00:00:00, Sys 0 00:00:00  -  Run Local Usage
		Usr 0 00:07:18, Sys 0 00:00:04  -  Total Remote Usage
		Usr 0 00:00:00, Sys 0 00:00:00  -  Total Local Usage
	343139  -  Run Bytes Sent By Job
	3216450  -  Run Bytes Received By Job
	343139  -  Total Bytes Sent By Job
	3216450  -  Total Bytes Received By Job
	Partitionable Resources :    Usage  Request Allocated
	   Cpus                 :                 1         1
	   Disk (KB)            :    13826     3250  27749832
	   Memory (MB)          :       42        1      3764
...
016 (10499.000.000) 01/15 15:34:48 POST Script terminated.
	(1) Normal termination (return value 0)
    DAG Node: sessioncompute_1_ID0000004
...
005 (10502.000.000) 01/15 15:35:06 Job terminated.
	(1) Normal termination (return value 0)
		Usr 0 00:07:33, Sys 0 00:00:04  -  Run Remote Usage
		Usr 0 00:00:00, Sys 0 00:00:00  -  Run Local Usage
		Usr 0 00:07:33, Sys 0 00:00:04  -  Total Remote Usage
		Usr 0 00:00:00, Sys 0 00:00:00  -  Total Local Usage
	344967  -  Run Bytes Sent By Job
	3219062  -  Run Bytes Received By Job
	344967  -  Total Bytes Sent By Job
	3219062  -  Total Bytes Received By Job
	Partitionable Resources :    Usage  Request Allocated
	   Cpus                 :                 1         1
	   Disk (KB)            :    14263     3250  27752560
	   Memory (MB)          :       48        1      3764
...
016 (10502.000.000) 01/15 15:35:08 POST Script terminated.
	(1) Normal termination (return value 0)
    DAG Node: sessioncompute_0_ID0000003
...
005 (10503.000.000) 01/15 15:36:17 Job terminated.
	(1) Normal termination (return value 0)
		Usr 0 00:07:55, Sys 0 00:00:05  -  Run Remote Usage
		Usr 0 00:00:00, Sys 0 00:00:00  -  Run Local Usage
		Usr 0 00:07:55, Sys 0 00:00:05  -  Total Remote Usage
		Usr 0 00:00:00, Sys 0 00:00:00  -  Total Local Usage
	357699  -  Run Bytes Sent By Job
	3216881  -  Run Bytes Received By Job
	357699  -  Total Bytes Sent By Job
	3216881  -  Total Bytes Received By Job
	Partitionable Resources :    Usage  Request Allocated
	   Cpus                 :                 1         1
	   Disk (KB)            :    17439     3250  27752976
	   Memory (MB)          :       51        1      3764
...
016 (10503.000.000) 01/15 15:36:18 POST Script terminated.
	(1) Normal termination (return value 0)
    DAG Node: sessioncompute_2_ID0000005
...
000 (10504.000.000) 01/15 15:36:29 Job submitted from host: <52.53.186.156:50814?addrs=52.53.186.156-50814>
    DAG Node: longestsession_2_ID0000008
    pool:condorpool
...
000 (10505.000.000) 01/15 15:36:29 Job submitted from host: <52.53.186.156:50814?addrs=52.53.186.156-50814>
    DAG Node: longestsession_1_ID0000007
    pool:condorpool
...
000 (10506.000.000) 01/15 15:36:29 Job submitted from host: <52.53.186.156:50814?addrs=52.53.186.156-50814>
    DAG Node: clean_up_local_level_5_0
    pool:local
...
000 (10507.000.000) 01/15 15:36:29 Job submitted from host: <52.53.186.156:50814?addrs=52.53.186.156-50814>
    DAG Node: clean_up_local_level_5_1
    pool:local
...
000 (10508.000.000) 01/15 15:36:29 Job submitted from host: <52.53.186.156:50814?addrs=52.53.186.156-50814>
    DAG Node: longestsession_0_ID0000006
    pool:condorpool
...
001 (10504.000.000) 01/15 15:36:29 Job executing on host: <54.214.127.201:57167?addrs=54.214.127.201-57167&noUDP>
...
001 (10505.000.000) 01/15 15:36:29 Job executing on host: <54.201.168.39:41677?addrs=54.201.168.39-41677&noUDP>
...
001 (10507.000.000) 01/15 15:36:34 Job executing on host: <52.53.186.156:23533?addrs=52.53.186.156-23533>
...
001 (10506.000.000) 01/15 15:36:34 Job executing on host: <52.53.186.156:44309?addrs=52.53.186.156-44309>
...
005 (10505.000.000) 01/15 15:36:38 Job terminated.
	(1) Normal termination (return value 0)
		Usr 0 00:00:00, Sys 0 00:00:00  -  Run Remote Usage
		Usr 0 00:00:00, Sys 0 00:00:00  -  Run Local Usage
		Usr 0 00:00:00, Sys 0 00:00:00  -  Total Remote Usage
		Usr 0 00:00:00, Sys 0 00:00:00  -  Total Local Usage
	40675  -  Run Bytes Sent By Job
	3170623  -  Run Bytes Received By Job
	40675  -  Total Bytes Sent By Job
	3170623  -  Total Bytes Received By Job
	Partitionable Resources :    Usage  Request Allocated
	   Cpus                 :                 1         1
	   Disk (KB)            :     6143     3250  27752976
	   Memory (MB)          :        2        1      3764
...
005 (10507.000.000) 01/15 15:36:39 Job terminated.
	(1) Normal termination (return value 0)
		Usr 0 00:00:00, Sys 0 00:00:00  -  Run Remote Usage
		Usr 0 00:00:00, Sys 0 00:00:00  -  Run Local Usage
		Usr 0 00:00:00, Sys 0 00:00:00  -  Total Remote Usage
		Usr 0 00:00:00, Sys 0 00:00:00  -  Total Local Usage
	0  -  Run Bytes Sent By Job
	0  -  Run Bytes Received By Job
	0  -  Total Bytes Sent By Job
	0  -  Total Bytes Received By Job
...
001 (10508.000.000) 01/15 15:36:39 Job executing on host: <54.201.168.39:41677?addrs=54.201.168.39-41677&noUDP>
...
016 (10505.000.000) 01/15 15:36:39 POST Script terminated.
	(1) Normal termination (return value 0)
    DAG Node: longestsession_1_ID0000007
...
016 (10507.000.000) 01/15 15:36:39 POST Script terminated.
	(1) Normal termination (return value 0)
    DAG Node: clean_up_local_level_5_1
...
005 (10504.000.000) 01/15 15:36:42 Job terminated.
	(1) Normal termination (return value 0)
		Usr 0 00:00:00, Sys 0 00:00:00  -  Run Remote Usage
		Usr 0 00:00:00, Sys 0 00:00:00  -  Run Local Usage
		Usr 0 00:00:00, Sys 0 00:00:00  -  Total Remote Usage
		Usr 0 00:00:00, Sys 0 00:00:00  -  Total Local Usage
	40660  -  Run Bytes Sent By Job
	3170623  -  Run Bytes Received By Job
	40660  -  Total Bytes Sent By Job
	3170623  -  Total Bytes Received By Job
	Partitionable Resources :    Usage  Request Allocated
	   Cpus                 :                 1         1
	   Disk (KB)            :     6143     3250  27749832
	   Memory (MB)          :        2        1      3764
...
005 (10506.000.000) 01/15 15:36:43 Job terminated.
	(1) Normal termination (return value 0)
		Usr 0 00:00:00, Sys 0 00:00:00  -  Run Remote Usage
		Usr 0 00:00:00, Sys 0 00:00:00  -  Run Local Usage
		Usr 0 00:00:00, Sys 0 00:00:00  -  Total Remote Usage
		Usr 0 00:00:00, Sys 0 00:00:00  -  Total Local Usage
	0  -  Run Bytes Sent By Job
	0  -  Run Bytes Received By Job
	0  -  Total Bytes Sent By Job
	0  -  Total Bytes Received By Job
...
005 (10508.000.000) 01/15 15:36:44 Job terminated.
	(1) Normal termination (return value 0)
		Usr 0 00:00:00, Sys 0 00:00:00  -  Run Remote Usage
		Usr 0 00:00:00, Sys 0 00:00:00  -  Run Local Usage
		Usr 0 00:00:00, Sys 0 00:00:00  -  Total Remote Usage
		Usr 0 00:00:00, Sys 0 00:00:00  -  Total Local Usage
	37415  -  Run Bytes Sent By Job
	3170608  -  Run Bytes Received By Job
	37415  -  Total Bytes Sent By Job
	3170608  -  Total Bytes Received By Job
	Partitionable Resources :    Usage  Request Allocated
	   Cpus                 :                 1         1
	   Disk (KB)            :     6140     3250  27752976
	   Memory (MB)          :        0        1      3764
...
016 (10506.000.000) 01/15 15:36:45 POST Script terminated.
	(1) Normal termination (return value 0)
    DAG Node: clean_up_local_level_5_0
...
016 (10508.000.000) 01/15 15:36:45 POST Script terminated.
	(1) Normal termination (return value 0)
    DAG Node: longestsession_0_ID0000006
...
016 (10504.000.000) 01/15 15:36:45 POST Script terminated.
	(1) Normal termination (return value 0)
    DAG Node: longestsession_2_ID0000008
...
000 (10509.000.000) 01/15 15:36:54 Job submitted from host: <52.53.186.156:50814?addrs=52.53.186.156-50814>
    DAG Node: clean_up_local_level_6_1
    pool:local
...
000 (10510.000.000) 01/15 15:36:54 Job submitted from host: <52.53.186.156:50814?addrs=52.53.186.156-50814>
    DAG Node: clean_up_local_level_6_0
    pool:local
...
000 (10511.000.000) 01/15 15:36:54 Job submitted from host: <52.53.186.156:50814?addrs=52.53.186.156-50814>
    DAG Node: terminate_0_ID0000009
    pool:condorpool
...
001 (10511.000.000) 01/15 15:36:54 Job executing on host: <54.214.127.201:57167?addrs=54.214.127.201-57167&noUDP>
...
001 (10509.000.000) 01/15 15:36:55 Job executing on host: <52.53.186.156:12685?addrs=52.53.186.156-12685>
...
001 (10510.000.000) 01/15 15:36:55 Job executing on host: <52.53.186.156:56752?addrs=52.53.186.156-56752>
...
005 (10511.000.000) 01/15 15:36:55 Job terminated.
	(1) Normal termination (return value 0)
		Usr 0 00:00:00, Sys 0 00:00:00  -  Run Remote Usage
		Usr 0 00:00:00, Sys 0 00:00:00  -  Run Local Usage
		Usr 0 00:00:00, Sys 0 00:00:00  -  Total Remote Usage
		Usr 0 00:00:00, Sys 0 00:00:00  -  Total Local Usage
	4448  -  Run Bytes Sent By Job
	3167676  -  Run Bytes Received By Job
	4448  -  Total Bytes Sent By Job
	3167676  -  Total Bytes Received By Job
	Partitionable Resources :    Usage  Request Allocated
	   Cpus                 :                 1         1
	   Disk (KB)            :     6103     3250  27749832
	   Memory (MB)          :        0        1      3764
...
016 (10511.000.000) 01/15 15:36:59 POST Script terminated.
	(1) Normal termination (return value 0)
    DAG Node: terminate_0_ID0000009
...
005 (10509.000.000) 01/15 15:36:59 Job terminated.
	(1) Normal termination (return value 0)
		Usr 0 00:00:00, Sys 0 00:00:00  -  Run Remote Usage
		Usr 0 00:00:00, Sys 0 00:00:00  -  Run Local Usage
		Usr 0 00:00:00, Sys 0 00:00:00  -  Total Remote Usage
		Usr 0 00:00:00, Sys 0 00:00:00  -  Total Local Usage
	0  -  Run Bytes Sent By Job
	0  -  Run Bytes Received By Job
	0  -  Total Bytes Sent By Job
	0  -  Total Bytes Received By Job
...
005 (10510.000.000) 01/15 15:37:04 Job terminated.
	(1) Normal termination (return value 0)
		Usr 0 00:00:00, Sys 0 00:00:00  -  Run Remote Usage
		Usr 0 00:00:00, Sys 0 00:00:00  -  Run Local Usage
		Usr 0 00:00:00, Sys 0 00:00:00  -  Total Remote Usage
		Usr 0 00:00:00, Sys 0 00:00:00  -  Total Local Usage
	0  -  Run Bytes Sent By Job
	0  -  Run Bytes Received By Job
	0  -  Total Bytes Sent By Job
	0  -  Total Bytes Received By Job
...
016 (10509.000.000) 01/15 15:37:04 POST Script terminated.
	(1) Normal termination (return value 0)
    DAG Node: clean_up_local_level_6_1
...
016 (10510.000.000) 01/15 15:37:04 POST Script terminated.
	(1) Normal termination (return value 0)
    DAG Node: clean_up_local_level_6_0
...
000 (10512.000.000) 01/15 15:37:09 Job submitted from host: <52.53.186.156:50814?addrs=52.53.186.156-50814>
    DAG Node: clean_up_local_level_7_0
    pool:local
...
001 (10512.000.000) 01/15 15:37:09 Job executing on host: <52.53.186.156:15891?addrs=52.53.186.156-15891>
...
005 (10512.000.000) 01/15 15:37:12 Job terminated.
	(1) Normal termination (return value 0)
		Usr 0 00:00:00, Sys 0 00:00:00  -  Run Remote Usage
		Usr 0 00:00:00, Sys 0 00:00:00  -  Run Local Usage
		Usr 0 00:00:00, Sys 0 00:00:00  -  Total Remote Usage
		Usr 0 00:00:00, Sys 0 00:00:00  -  Total Local Usage
	0  -  Run Bytes Sent By Job
	0  -  Run Bytes Received By Job
	0  -  Total Bytes Sent By Job
	0  -  Total Bytes Received By Job
...
016 (10512.000.000) 01/15 15:37:14 POST Script terminated.
	(1) Normal termination (return value 0)
    DAG Node: clean_up_local_level_7_0
...
000 (10513.000.000) 01/15 15:37:25 Job submitted from host: <52.53.186.156:50814?addrs=52.53.186.156-50814>
    DAG Node: cleanup_example_workflow_0_local
    pool:local
...
001 (10513.000.000) 01/15 15:37:25 Job executing on host: <52.53.186.156:33038?addrs=52.53.186.156-33038>
...
005 (10513.000.000) 01/15 15:37:27 Job terminated.
	(1) Normal termination (return value 0)
		Usr 0 00:00:00, Sys 0 00:00:00  -  Run Remote Usage
		Usr 0 00:00:00, Sys 0 00:00:00  -  Run Local Usage
		Usr 0 00:00:00, Sys 0 00:00:00  -  Total Remote Usage
		Usr 0 00:00:00, Sys 0 00:00:00  -  Total Local Usage
	0  -  Run Bytes Sent By Job
	0  -  Run Bytes Received By Job
	0  -  Total Bytes Sent By Job
	0  -  Total Bytes Received By Job
...
