000 (9753.000.000) 12/17 17:20:00 Job submitted from host: <54.153.25.18:34310?addrs=54.153.25.18-34310>
    DAG Node: create_dir_example_workflow_0_local
    pool:local
...
001 (9753.000.000) 12/17 17:20:02 Job executing on host: <54.153.25.18:53679?addrs=54.153.25.18-53679>
...
005 (9753.000.000) 12/17 17:20:05 Job terminated.
	(1) Normal termination (return value 0)
		Usr 0 00:00:00, Sys 0 00:00:00  -  Run Remote Usage
		Usr 0 00:00:00, Sys 0 00:00:00  -  Run Local Usage
		Usr 0 00:00:00, Sys 0 00:00:00  -  Total Remote Usage
		Usr 0 00:00:00, Sys 0 00:00:00  -  Total Local Usage
	0  -  Run Bytes Sent By Job
	0  -  Run Bytes Received By Job
	0  -  Total Bytes Sent By Job
	0  -  Total Bytes Received By Job
...
000 (9754.000.000) 12/17 17:20:15 Job submitted from host: <54.153.25.18:34310?addrs=54.153.25.18-34310>
    DAG Node: stage_in_local_local_0_0
    pool:local
...
001 (9754.000.000) 12/17 17:20:15 Job executing on host: <54.153.25.18:29893?addrs=54.153.25.18-29893>
...
000 (9755.000.000) 12/17 17:20:15 Job submitted from host: <54.153.25.18:34310?addrs=54.153.25.18-34310>
    DAG Node: stage_in_local_local_6_0
    pool:local
...
000 (9756.000.000) 12/17 17:20:15 Job submitted from host: <54.153.25.18:34310?addrs=54.153.25.18-34310>
    DAG Node: stage_in_remote_local_2_1
    pool:local
...
000 (9757.000.000) 12/17 17:20:15 Job submitted from host: <54.153.25.18:34310?addrs=54.153.25.18-34310>
    DAG Node: stage_in_remote_local_5_0
    pool:local
...
000 (9758.000.000) 12/17 17:20:15 Job submitted from host: <54.153.25.18:34310?addrs=54.153.25.18-34310>
    DAG Node: stage_in_local_local_2_0
    pool:local
...
005 (9754.000.000) 12/17 17:20:17 Job terminated.
	(1) Normal termination (return value 0)
		Usr 0 00:00:00, Sys 0 00:00:00  -  Run Remote Usage
		Usr 0 00:00:00, Sys 0 00:00:00  -  Run Local Usage
		Usr 0 00:00:00, Sys 0 00:00:00  -  Total Remote Usage
		Usr 0 00:00:00, Sys 0 00:00:00  -  Total Local Usage
	0  -  Run Bytes Sent By Job
	0  -  Run Bytes Received By Job
	0  -  Total Bytes Sent By Job
	0  -  Total Bytes Received By Job
...
001 (9756.000.000) 12/17 17:20:17 Job executing on host: <54.153.25.18:59046?addrs=54.153.25.18-59046>
...
001 (9755.000.000) 12/17 17:20:17 Job executing on host: <54.153.25.18:18209?addrs=54.153.25.18-18209>
...
001 (9757.000.000) 12/17 17:20:17 Job executing on host: <54.153.25.18:18240?addrs=54.153.25.18-18240>
...
001 (9758.000.000) 12/17 17:20:17 Job executing on host: <54.153.25.18:56333?addrs=54.153.25.18-56333>
...
005 (9756.000.000) 12/17 17:20:20 Job terminated.
	(1) Normal termination (return value 0)
		Usr 0 00:00:00, Sys 0 00:00:00  -  Run Remote Usage
		Usr 0 00:00:00, Sys 0 00:00:00  -  Run Local Usage
		Usr 0 00:00:00, Sys 0 00:00:00  -  Total Remote Usage
		Usr 0 00:00:00, Sys 0 00:00:00  -  Total Local Usage
	0  -  Run Bytes Sent By Job
	0  -  Run Bytes Received By Job
	0  -  Total Bytes Sent By Job
	0  -  Total Bytes Received By Job
...
005 (9755.000.000) 12/17 17:20:20 Job terminated.
	(1) Normal termination (return value 0)
		Usr 0 00:00:00, Sys 0 00:00:00  -  Run Remote Usage
		Usr 0 00:00:00, Sys 0 00:00:00  -  Run Local Usage
		Usr 0 00:00:00, Sys 0 00:00:00  -  Total Remote Usage
		Usr 0 00:00:00, Sys 0 00:00:00  -  Total Local Usage
	0  -  Run Bytes Sent By Job
	0  -  Run Bytes Received By Job
	0  -  Total Bytes Sent By Job
	0  -  Total Bytes Received By Job
...
005 (9757.000.000) 12/17 17:20:20 Job terminated.
	(1) Normal termination (return value 0)
		Usr 0 00:00:00, Sys 0 00:00:00  -  Run Remote Usage
		Usr 0 00:00:00, Sys 0 00:00:00  -  Run Local Usage
		Usr 0 00:00:00, Sys 0 00:00:00  -  Total Remote Usage
		Usr 0 00:00:00, Sys 0 00:00:00  -  Total Local Usage
	0  -  Run Bytes Sent By Job
	0  -  Run Bytes Received By Job
	0  -  Total Bytes Sent By Job
	0  -  Total Bytes Received By Job
...
000 (9759.000.000) 12/17 17:20:20 Job submitted from host: <54.153.25.18:34310?addrs=54.153.25.18-34310>
    DAG Node: stage_in_local_local_2_1
    pool:local
...
001 (9759.000.000) 12/17 17:20:20 Job executing on host: <54.153.25.18:37946?addrs=54.153.25.18-37946>
...
000 (9760.000.000) 12/17 17:20:20 Job submitted from host: <54.153.25.18:34310?addrs=54.153.25.18-34310>
    DAG Node: stage_in_remote_local_1_0
    pool:local
...
001 (9760.000.000) 12/17 17:20:20 Job executing on host: <54.153.25.18:46762?addrs=54.153.25.18-46762>
...
000 (9761.000.000) 12/17 17:20:20 Job submitted from host: <54.153.25.18:34310?addrs=54.153.25.18-34310>
    DAG Node: stage_in_local_local_3_0
    pool:local
...
001 (9761.000.000) 12/17 17:20:20 Job executing on host: <54.153.25.18:52146?addrs=54.153.25.18-52146>
...
000 (9762.000.000) 12/17 17:20:20 Job submitted from host: <54.153.25.18:34310?addrs=54.153.25.18-34310>
    DAG Node: stage_in_local_local_5_0
    pool:local
...
000 (9763.000.000) 12/17 17:20:21 Job submitted from host: <54.153.25.18:34310?addrs=54.153.25.18-34310>
    DAG Node: stage_in_local_local_4_0
    pool:local
...
005 (9758.000.000) 12/17 17:20:22 Job terminated.
	(1) Normal termination (return value 0)
		Usr 0 00:00:00, Sys 0 00:00:00  -  Run Remote Usage
		Usr 0 00:00:00, Sys 0 00:00:00  -  Run Local Usage
		Usr 0 00:00:00, Sys 0 00:00:00  -  Total Remote Usage
		Usr 0 00:00:00, Sys 0 00:00:00  -  Total Local Usage
	0  -  Run Bytes Sent By Job
	0  -  Run Bytes Received By Job
	0  -  Total Bytes Sent By Job
	0  -  Total Bytes Received By Job
...
001 (9762.000.000) 12/17 17:20:22 Job executing on host: <54.153.25.18:18804?addrs=54.153.25.18-18804>
...
001 (9763.000.000) 12/17 17:20:22 Job executing on host: <54.153.25.18:52979?addrs=54.153.25.18-52979>
...
005 (9759.000.000) 12/17 17:20:22 Job terminated.
	(1) Normal termination (return value 0)
		Usr 0 00:00:00, Sys 0 00:00:00  -  Run Remote Usage
		Usr 0 00:00:00, Sys 0 00:00:00  -  Run Local Usage
		Usr 0 00:00:00, Sys 0 00:00:00  -  Total Remote Usage
		Usr 0 00:00:00, Sys 0 00:00:00  -  Total Local Usage
	0  -  Run Bytes Sent By Job
	0  -  Run Bytes Received By Job
	0  -  Total Bytes Sent By Job
	0  -  Total Bytes Received By Job
...
005 (9760.000.000) 12/17 17:20:23 Job terminated.
	(1) Normal termination (return value 0)
		Usr 0 00:00:00, Sys 0 00:00:00  -  Run Remote Usage
		Usr 0 00:00:00, Sys 0 00:00:00  -  Run Local Usage
		Usr 0 00:00:00, Sys 0 00:00:00  -  Total Remote Usage
		Usr 0 00:00:00, Sys 0 00:00:00  -  Total Local Usage
	0  -  Run Bytes Sent By Job
	0  -  Run Bytes Received By Job
	0  -  Total Bytes Sent By Job
	0  -  Total Bytes Received By Job
...
005 (9761.000.000) 12/17 17:20:23 Job terminated.
	(1) Normal termination (return value 0)
		Usr 0 00:00:00, Sys 0 00:00:00  -  Run Remote Usage
		Usr 0 00:00:00, Sys 0 00:00:00  -  Run Local Usage
		Usr 0 00:00:00, Sys 0 00:00:00  -  Total Remote Usage
		Usr 0 00:00:00, Sys 0 00:00:00  -  Total Local Usage
	0  -  Run Bytes Sent By Job
	0  -  Run Bytes Received By Job
	0  -  Total Bytes Sent By Job
	0  -  Total Bytes Received By Job
...
005 (9762.000.000) 12/17 17:20:24 Job terminated.
	(1) Normal termination (return value 0)
		Usr 0 00:00:00, Sys 0 00:00:00  -  Run Remote Usage
		Usr 0 00:00:00, Sys 0 00:00:00  -  Run Local Usage
		Usr 0 00:00:00, Sys 0 00:00:00  -  Total Remote Usage
		Usr 0 00:00:00, Sys 0 00:00:00  -  Total Local Usage
	0  -  Run Bytes Sent By Job
	0  -  Run Bytes Received By Job
	0  -  Total Bytes Sent By Job
	0  -  Total Bytes Received By Job
...
005 (9763.000.000) 12/17 17:20:24 Job terminated.
	(1) Normal termination (return value 0)
		Usr 0 00:00:00, Sys 0 00:00:00  -  Run Remote Usage
		Usr 0 00:00:00, Sys 0 00:00:00  -  Run Local Usage
		Usr 0 00:00:00, Sys 0 00:00:00  -  Total Remote Usage
		Usr 0 00:00:00, Sys 0 00:00:00  -  Total Local Usage
	0  -  Run Bytes Sent By Job
	0  -  Run Bytes Received By Job
	0  -  Total Bytes Sent By Job
	0  -  Total Bytes Received By Job
...
000 (9764.000.000) 12/17 17:20:26 Job submitted from host: <54.153.25.18:34310?addrs=54.153.25.18-34310>
    DAG Node: stage_in_local_local_7_0
    pool:local
...
000 (9765.000.000) 12/17 17:20:26 Job submitted from host: <54.153.25.18:34310?addrs=54.153.25.18-34310>
    DAG Node: stage_in_local_local_1_0
    pool:local
...
000 (9766.000.000) 12/17 17:20:26 Job submitted from host: <54.153.25.18:34310?addrs=54.153.25.18-34310>
    DAG Node: stage_in_remote_local_4_1
    pool:local
...
000 (9767.000.000) 12/17 17:20:26 Job submitted from host: <54.153.25.18:34310?addrs=54.153.25.18-34310>
    DAG Node: stage_in_remote_local_4_0
    pool:local
...
000 (9768.000.000) 12/17 17:20:26 Job submitted from host: <54.153.25.18:34310?addrs=54.153.25.18-34310>
    DAG Node: stage_in_remote_local_2_0
    pool:local
...
001 (9765.000.000) 12/17 17:20:31 Job executing on host: <54.153.25.18:50668?addrs=54.153.25.18-50668>
...
001 (9766.000.000) 12/17 17:20:31 Job executing on host: <54.153.25.18:7760?addrs=54.153.25.18-7760>
...
001 (9768.000.000) 12/17 17:20:31 Job executing on host: <54.153.25.18:20987?addrs=54.153.25.18-20987>
...
001 (9767.000.000) 12/17 17:20:31 Job executing on host: <54.153.25.18:57229?addrs=54.153.25.18-57229>
...
001 (9764.000.000) 12/17 17:20:31 Job executing on host: <54.153.25.18:22803?addrs=54.153.25.18-22803>
...
000 (9769.000.000) 12/17 17:20:32 Job submitted from host: <54.153.25.18:34310?addrs=54.153.25.18-34310>
    DAG Node: stage_in_remote_local_3_1
    pool:local
...
000 (9770.000.000) 12/17 17:20:33 Job submitted from host: <54.153.25.18:34310?addrs=54.153.25.18-34310>
    DAG Node: stage_in_remote_local_3_0
    pool:local
...
000 (9771.000.000) 12/17 17:20:33 Job submitted from host: <54.153.25.18:34310?addrs=54.153.25.18-34310>
    DAG Node: stage_in_remote_local_6_0
    pool:local
...
000 (9772.000.000) 12/17 17:20:33 Job submitted from host: <54.153.25.18:34310?addrs=54.153.25.18-34310>
    DAG Node: init_0_ID0000001
    pool:condorpool
...
005 (9765.000.000) 12/17 17:20:34 Job terminated.
	(1) Normal termination (return value 0)
		Usr 0 00:00:00, Sys 0 00:00:00  -  Run Remote Usage
		Usr 0 00:00:00, Sys 0 00:00:00  -  Run Local Usage
		Usr 0 00:00:00, Sys 0 00:00:00  -  Total Remote Usage
		Usr 0 00:00:00, Sys 0 00:00:00  -  Total Local Usage
	0  -  Run Bytes Sent By Job
	0  -  Run Bytes Received By Job
	0  -  Total Bytes Sent By Job
	0  -  Total Bytes Received By Job
...
001 (9770.000.000) 12/17 17:20:34 Job executing on host: <54.153.25.18:36250?addrs=54.153.25.18-36250>
...
001 (9769.000.000) 12/17 17:20:34 Job executing on host: <54.153.25.18:46404?addrs=54.153.25.18-46404>
...
001 (9771.000.000) 12/17 17:20:34 Job executing on host: <54.153.25.18:41428?addrs=54.153.25.18-41428>
...
005 (9764.000.000) 12/17 17:20:34 Job terminated.
	(1) Normal termination (return value 0)
		Usr 0 00:00:00, Sys 0 00:00:00  -  Run Remote Usage
		Usr 0 00:00:00, Sys 0 00:00:00  -  Run Local Usage
		Usr 0 00:00:00, Sys 0 00:00:00  -  Total Remote Usage
		Usr 0 00:00:00, Sys 0 00:00:00  -  Total Local Usage
	0  -  Run Bytes Sent By Job
	0  -  Run Bytes Received By Job
	0  -  Total Bytes Sent By Job
	0  -  Total Bytes Received By Job
...
005 (9766.000.000) 12/17 17:20:34 Job terminated.
	(1) Normal termination (return value 0)
		Usr 0 00:00:00, Sys 0 00:00:00  -  Run Remote Usage
		Usr 0 00:00:00, Sys 0 00:00:00  -  Run Local Usage
		Usr 0 00:00:00, Sys 0 00:00:00  -  Total Remote Usage
		Usr 0 00:00:00, Sys 0 00:00:00  -  Total Local Usage
	0  -  Run Bytes Sent By Job
	0  -  Run Bytes Received By Job
	0  -  Total Bytes Sent By Job
	0  -  Total Bytes Received By Job
...
005 (9767.000.000) 12/17 17:20:36 Job terminated.
	(1) Normal termination (return value 0)
		Usr 0 00:00:00, Sys 0 00:00:00  -  Run Remote Usage
		Usr 0 00:00:00, Sys 0 00:00:00  -  Run Local Usage
		Usr 0 00:00:00, Sys 0 00:00:00  -  Total Remote Usage
		Usr 0 00:00:00, Sys 0 00:00:00  -  Total Local Usage
	0  -  Run Bytes Sent By Job
	0  -  Run Bytes Received By Job
	0  -  Total Bytes Sent By Job
	0  -  Total Bytes Received By Job
...
005 (9768.000.000) 12/17 17:20:36 Job terminated.
	(1) Normal termination (return value 0)
		Usr 0 00:00:00, Sys 0 00:00:00  -  Run Remote Usage
		Usr 0 00:00:00, Sys 0 00:00:00  -  Run Local Usage
		Usr 0 00:00:00, Sys 0 00:00:00  -  Total Remote Usage
		Usr 0 00:00:00, Sys 0 00:00:00  -  Total Local Usage
	0  -  Run Bytes Sent By Job
	0  -  Run Bytes Received By Job
	0  -  Total Bytes Sent By Job
	0  -  Total Bytes Received By Job
...
005 (9769.000.000) 12/17 17:20:36 Job terminated.
	(1) Normal termination (return value 0)
		Usr 0 00:00:00, Sys 0 00:00:00  -  Run Remote Usage
		Usr 0 00:00:00, Sys 0 00:00:00  -  Run Local Usage
		Usr 0 00:00:00, Sys 0 00:00:00  -  Total Remote Usage
		Usr 0 00:00:00, Sys 0 00:00:00  -  Total Local Usage
	0  -  Run Bytes Sent By Job
	0  -  Run Bytes Received By Job
	0  -  Total Bytes Sent By Job
	0  -  Total Bytes Received By Job
...
005 (9771.000.000) 12/17 17:20:36 Job terminated.
	(1) Normal termination (return value 0)
		Usr 0 00:00:00, Sys 0 00:00:00  -  Run Remote Usage
		Usr 0 00:00:00, Sys 0 00:00:00  -  Run Local Usage
		Usr 0 00:00:00, Sys 0 00:00:00  -  Total Remote Usage
		Usr 0 00:00:00, Sys 0 00:00:00  -  Total Local Usage
	0  -  Run Bytes Sent By Job
	0  -  Run Bytes Received By Job
	0  -  Total Bytes Sent By Job
	0  -  Total Bytes Received By Job
...
005 (9770.000.000) 12/17 17:20:38 Job terminated.
	(1) Normal termination (return value 0)
		Usr 0 00:00:00, Sys 0 00:00:00  -  Run Remote Usage
		Usr 0 00:00:00, Sys 0 00:00:00  -  Run Local Usage
		Usr 0 00:00:00, Sys 0 00:00:00  -  Total Remote Usage
		Usr 0 00:00:00, Sys 0 00:00:00  -  Total Local Usage
	0  -  Run Bytes Sent By Job
	0  -  Run Bytes Received By Job
	0  -  Total Bytes Sent By Job
	0  -  Total Bytes Received By Job
...
001 (9772.000.000) 12/17 17:20:46 Job executing on host: <54.191.39.190:28005?addrs=54.191.39.190-28005&noUDP>
...
006 (9772.000.000) 12/17 17:20:54 Image size of job updated: 2
	2  -  MemoryUsage of job (MB)
	1652  -  ResidentSetSize of job (KB)
...
006 (9772.000.000) 12/17 17:25:55 Image size of job updated: 358788
	15  -  MemoryUsage of job (MB)
	15048  -  ResidentSetSize of job (KB)
...
005 (9772.000.000) 12/17 17:30:55 Job terminated.
	(1) Normal termination (return value 0)
		Usr 0 00:00:00, Sys 0 00:00:00  -  Run Remote Usage
		Usr 0 00:00:00, Sys 0 00:00:00  -  Run Local Usage
		Usr 0 00:00:00, Sys 0 00:00:00  -  Total Remote Usage
		Usr 0 00:00:00, Sys 0 00:00:00  -  Total Local Usage
	4468  -  Run Bytes Sent By Job
	3169847  -  Run Bytes Received By Job
	4468  -  Total Bytes Sent By Job
	3169847  -  Total Bytes Received By Job
	Partitionable Resources :    Usage  Request Allocated
	   Cpus                 :                 1         1
	   Disk (KB)            :     6105     3250  27752280
	   Memory (MB)          :       15        1      3764
...
000 (9773.000.000) 12/17 17:31:08 Job submitted from host: <54.153.25.18:34310?addrs=54.153.25.18-34310>
    DAG Node: clean_up_local_level_3_0
    pool:local
...
000 (9774.000.000) 12/17 17:31:08 Job submitted from host: <54.153.25.18:34310?addrs=54.153.25.18-34310>
    DAG Node: generalinfo_0_ID0000002
    pool:condorpool
...
001 (9773.000.000) 12/17 17:31:08 Job executing on host: <54.153.25.18:48164?addrs=54.153.25.18-48164>
...
001 (9774.000.000) 12/17 17:31:08 Job executing on host: <54.191.39.190:28005?addrs=54.191.39.190-28005&noUDP>
...
005 (9773.000.000) 12/17 17:31:10 Job terminated.
	(1) Normal termination (return value 0)
		Usr 0 00:00:00, Sys 0 00:00:00  -  Run Remote Usage
		Usr 0 00:00:00, Sys 0 00:00:00  -  Run Local Usage
		Usr 0 00:00:00, Sys 0 00:00:00  -  Total Remote Usage
		Usr 0 00:00:00, Sys 0 00:00:00  -  Total Local Usage
	0  -  Run Bytes Sent By Job
	0  -  Run Bytes Received By Job
	0  -  Total Bytes Sent By Job
	0  -  Total Bytes Received By Job
...
006 (9774.000.000) 12/17 17:31:16 Image size of job updated: 2
	2  -  MemoryUsage of job (MB)
	1656  -  ResidentSetSize of job (KB)
...
006 (9774.000.000) 12/17 17:36:17 Image size of job updated: 358788
	15  -  MemoryUsage of job (MB)
	15112  -  ResidentSetSize of job (KB)
...
006 (9774.000.000) 12/17 17:41:17 Image size of job updated: 484080
	124  -  MemoryUsage of job (MB)
	126492  -  ResidentSetSize of job (KB)
...
006 (9774.000.000) 12/17 17:46:17 Image size of job updated: 484176
	124  -  MemoryUsage of job (MB)
	126492  -  ResidentSetSize of job (KB)
...
006 (9774.000.000) 12/17 17:51:18 Image size of job updated: 484176
	125  -  MemoryUsage of job (MB)
	127140  -  ResidentSetSize of job (KB)
...
006 (9774.000.000) 12/17 18:01:18 Image size of job updated: 484176
	133  -  MemoryUsage of job (MB)
	135196  -  ResidentSetSize of job (KB)
...
006 (9774.000.000) 12/17 18:06:19 Image size of job updated: 484176
	135  -  MemoryUsage of job (MB)
	137804  -  ResidentSetSize of job (KB)
...
006 (9774.000.000) 12/17 18:21:20 Image size of job updated: 485152
	135  -  MemoryUsage of job (MB)
	137804  -  ResidentSetSize of job (KB)
...
006 (9774.000.000) 12/17 18:31:20 Image size of job updated: 487524
	135  -  MemoryUsage of job (MB)
	137804  -  ResidentSetSize of job (KB)
...
005 (9774.000.000) 12/17 18:40:33 Job terminated.
	(1) Normal termination (return value 0)
		Usr 0 00:52:17, Sys 0 00:00:35  -  Run Remote Usage
		Usr 0 00:00:00, Sys 0 00:00:00  -  Run Local Usage
		Usr 0 00:52:17, Sys 0 00:00:35  -  Total Remote Usage
		Usr 0 00:00:00, Sys 0 00:00:00  -  Total Local Usage
	5322  -  Run Bytes Sent By Job
	3168857  -  Run Bytes Received By Job
	5322  -  Total Bytes Sent By Job
	3168857  -  Total Bytes Received By Job
	Partitionable Resources :    Usage  Request Allocated
	   Cpus                 :                 1         1
	   Disk (KB)            :     6106     3250  27752280
	   Memory (MB)          :      135        1      3764
...
000 (9775.000.000) 12/17 18:40:47 Job submitted from host: <54.153.25.18:34310?addrs=54.153.25.18-34310>
    DAG Node: clean_up_local_level_4_0
    pool:local
...
001 (9775.000.000) 12/17 18:40:47 Job executing on host: <54.153.25.18:13876?addrs=54.153.25.18-13876>
...
000 (9776.000.000) 12/17 18:40:47 Job submitted from host: <54.153.25.18:34310?addrs=54.153.25.18-34310>
    DAG Node: statscpumemory_0_ID0000003
    pool:condorpool
...
000 (9777.000.000) 12/17 18:40:48 Job submitted from host: <54.153.25.18:34310?addrs=54.153.25.18-34310>
    DAG Node: medianmemory_0_ID0000005
    pool:condorpool
...
000 (9778.000.000) 12/17 18:40:48 Job submitted from host: <54.153.25.18:34310?addrs=54.153.25.18-34310>
    DAG Node: mediancpu_0_ID0000004
    pool:condorpool
...
005 (9775.000.000) 12/17 18:40:52 Job terminated.
	(1) Normal termination (return value 0)
		Usr 0 00:00:00, Sys 0 00:00:00  -  Run Remote Usage
		Usr 0 00:00:00, Sys 0 00:00:00  -  Run Local Usage
		Usr 0 00:00:00, Sys 0 00:00:00  -  Total Remote Usage
		Usr 0 00:00:00, Sys 0 00:00:00  -  Total Local Usage
	0  -  Run Bytes Sent By Job
	0  -  Run Bytes Received By Job
	0  -  Total Bytes Sent By Job
	0  -  Total Bytes Received By Job
...
001 (9776.000.000) 12/17 18:41:07 Job executing on host: <54.191.39.190:28005?addrs=54.191.39.190-28005&noUDP>
...
006 (9776.000.000) 12/17 18:41:15 Image size of job updated: 2
	2  -  MemoryUsage of job (MB)
	1660  -  ResidentSetSize of job (KB)
...
006 (9776.000.000) 12/17 18:46:16 Image size of job updated: 487572
	135  -  MemoryUsage of job (MB)
	137512  -  ResidentSetSize of job (KB)
...
006 (9776.000.000) 12/17 18:51:17 Image size of job updated: 490760
	135  -  MemoryUsage of job (MB)
	137512  -  ResidentSetSize of job (KB)
...
006 (9776.000.000) 12/17 19:21:20 Image size of job updated: 490760
	138  -  MemoryUsage of job (MB)
	141084  -  ResidentSetSize of job (KB)
...
006 (9776.000.000) 12/17 19:26:21 Image size of job updated: 492132
	142  -  MemoryUsage of job (MB)
	144956  -  ResidentSetSize of job (KB)
...
006 (9776.000.000) 12/17 19:51:23 Image size of job updated: 758156
	142  -  MemoryUsage of job (MB)
	144956  -  ResidentSetSize of job (KB)
...
006 (9776.000.000) 12/17 20:06:24 Image size of job updated: 759144
	142  -  MemoryUsage of job (MB)
	144956  -  ResidentSetSize of job (KB)
...
006 (9776.000.000) 12/17 20:11:25 Image size of job updated: 759608
	142  -  MemoryUsage of job (MB)
	144956  -  ResidentSetSize of job (KB)
...
006 (9776.000.000) 12/17 20:21:25 Image size of job updated: 762948
	142  -  MemoryUsage of job (MB)
	144956  -  ResidentSetSize of job (KB)
...
005 (9776.000.000) 12/17 20:55:41 Job terminated.
	(1) Normal termination (return value 0)
		Usr 0 01:50:16, Sys 0 00:01:07  -  Run Remote Usage
		Usr 0 00:00:00, Sys 0 00:00:00  -  Run Local Usage
		Usr 0 01:50:16, Sys 0 00:01:07  -  Total Remote Usage
		Usr 0 00:00:00, Sys 0 00:00:00  -  Total Local Usage
	5742  -  Run Bytes Sent By Job
	3171029  -  Run Bytes Received By Job
	5742  -  Total Bytes Sent By Job
	3171029  -  Total Bytes Received By Job
	Partitionable Resources :    Usage  Request Allocated
	   Cpus                 :                 1         1
	   Disk (KB)            :     6109     3250  27751912
	   Memory (MB)          :      142        1      3764
...
001 (9777.000.000) 12/17 20:56:08 Job executing on host: <54.191.39.190:28005?addrs=54.191.39.190-28005&noUDP>
...
006 (9777.000.000) 12/17 20:56:17 Image size of job updated: 2
	2  -  MemoryUsage of job (MB)
	1664  -  ResidentSetSize of job (KB)
...
006 (9777.000.000) 12/17 21:01:17 Image size of job updated: 505792
	154  -  MemoryUsage of job (MB)
	157092  -  ResidentSetSize of job (KB)
...
006 (9777.000.000) 12/17 21:06:18 Image size of job updated: 505864
	154  -  MemoryUsage of job (MB)
	157092  -  ResidentSetSize of job (KB)
...
006 (9777.000.000) 12/17 21:11:18 Image size of job updated: 509288
	154  -  MemoryUsage of job (MB)
	157092  -  ResidentSetSize of job (KB)
...
006 (9777.000.000) 12/17 21:26:20 Image size of job updated: 509848
	154  -  MemoryUsage of job (MB)
	157092  -  ResidentSetSize of job (KB)
...
006 (9777.000.000) 12/17 21:31:20 Image size of job updated: 509848
	158  -  MemoryUsage of job (MB)
	161440  -  ResidentSetSize of job (KB)
...
006 (9777.000.000) 12/17 21:36:21 Image size of job updated: 509848
	159  -  MemoryUsage of job (MB)
	162324  -  ResidentSetSize of job (KB)
...
006 (9777.000.000) 12/17 21:41:22 Image size of job updated: 509848
	161  -  MemoryUsage of job (MB)
	164452  -  ResidentSetSize of job (KB)
...
006 (9777.000.000) 12/17 21:51:23 Image size of job updated: 509848
	163  -  MemoryUsage of job (MB)
	166096  -  ResidentSetSize of job (KB)
...
006 (9777.000.000) 12/17 22:16:27 Image size of job updated: 776108
	163  -  MemoryUsage of job (MB)
	166096  -  ResidentSetSize of job (KB)
...
006 (9777.000.000) 12/17 22:21:27 Image size of job updated: 778924
	163  -  MemoryUsage of job (MB)
	166432  -  ResidentSetSize of job (KB)
...
006 (9777.000.000) 12/17 22:26:28 Image size of job updated: 779840
	163  -  MemoryUsage of job (MB)
	166432  -  ResidentSetSize of job (KB)
...
006 (9777.000.000) 12/17 22:36:29 Image size of job updated: 780020
	163  -  MemoryUsage of job (MB)
	166432  -  ResidentSetSize of job (KB)
...
005 (9777.000.000) 12/17 23:12:46 Job terminated.
	(1) Normal termination (return value 0)
		Usr 0 01:52:13, Sys 0 00:01:20  -  Run Remote Usage
		Usr 0 00:00:00, Sys 0 00:00:00  -  Run Local Usage
		Usr 0 01:52:13, Sys 0 00:01:20  -  Total Remote Usage
		Usr 0 00:00:00, Sys 0 00:00:00  -  Total Local Usage
	379510  -  Run Bytes Sent By Job
	3168754  -  Run Bytes Received By Job
	379510  -  Total Bytes Sent By Job
	3168754  -  Total Bytes Received By Job
	Partitionable Resources :    Usage  Request Allocated
	   Cpus                 :                 1         1
	   Disk (KB)            :  5910481     3250  27752364
	   Memory (MB)          :      163        1      3764
...
000 (9779.000.000) 12/17 23:13:00 Job submitted from host: <54.153.25.18:34310?addrs=54.153.25.18-34310>
    DAG Node: clean_up_local_level_5_0
    pool:local
...
001 (9779.000.000) 12/17 23:13:00 Job executing on host: <54.153.25.18:2382?addrs=54.153.25.18-2382>
...
001 (9778.000.000) 12/17 23:13:01 Job executing on host: <54.191.39.190:28005?addrs=54.191.39.190-28005&noUDP>
...
005 (9779.000.000) 12/17 23:13:09 Job terminated.
	(1) Normal termination (return value 0)
		Usr 0 00:00:00, Sys 0 00:00:00  -  Run Remote Usage
		Usr 0 00:00:00, Sys 0 00:00:00  -  Run Local Usage
		Usr 0 00:00:00, Sys 0 00:00:00  -  Total Remote Usage
		Usr 0 00:00:00, Sys 0 00:00:00  -  Total Local Usage
	0  -  Run Bytes Sent By Job
	0  -  Run Bytes Received By Job
	0  -  Total Bytes Sent By Job
	0  -  Total Bytes Received By Job
...
006 (9778.000.000) 12/17 23:13:10 Image size of job updated: 2
	2  -  MemoryUsage of job (MB)
	1652  -  ResidentSetSize of job (KB)
...
006 (9778.000.000) 12/17 23:18:11 Image size of job updated: 507496
	160  -  MemoryUsage of job (MB)
	163556  -  ResidentSetSize of job (KB)
...
006 (9778.000.000) 12/17 23:23:11 Image size of job updated: 507848
	160  -  MemoryUsage of job (MB)
	163556  -  ResidentSetSize of job (KB)
...
006 (9778.000.000) 12/17 23:28:11 Image size of job updated: 513324
	163  -  MemoryUsage of job (MB)
	166608  -  ResidentSetSize of job (KB)
...
006 (9778.000.000) 12/17 23:33:12 Image size of job updated: 514548
	163  -  MemoryUsage of job (MB)
	166608  -  ResidentSetSize of job (KB)
...
006 (9778.000.000) 12/17 23:43:12 Image size of job updated: 514980
	163  -  MemoryUsage of job (MB)
	166608  -  ResidentSetSize of job (KB)
...
006 (9778.000.000) 12/17 23:48:13 Image size of job updated: 514980
	164  -  MemoryUsage of job (MB)
	167164  -  ResidentSetSize of job (KB)
...
006 (9778.000.000) 12/18 00:28:16 Image size of job updated: 514980
	166  -  MemoryUsage of job (MB)
	169564  -  ResidentSetSize of job (KB)
...
006 (9778.000.000) 12/18 00:33:16 Image size of job updated: 781688
	166  -  MemoryUsage of job (MB)
	169564  -  ResidentSetSize of job (KB)
...
006 (9778.000.000) 12/18 00:38:17 Image size of job updated: 782076
	166  -  MemoryUsage of job (MB)
	169564  -  ResidentSetSize of job (KB)
...
006 (9778.000.000) 12/18 00:43:18 Image size of job updated: 782204
	166  -  MemoryUsage of job (MB)
	169564  -  ResidentSetSize of job (KB)
...
006 (9778.000.000) 12/18 00:58:20 Image size of job updated: 783180
	166  -  MemoryUsage of job (MB)
	169564  -  ResidentSetSize of job (KB)
...
006 (9778.000.000) 12/18 01:08:21 Image size of job updated: 783368
	166  -  MemoryUsage of job (MB)
	169564  -  ResidentSetSize of job (KB)
...
006 (9778.000.000) 12/18 01:32:24 Image size of job updated: 783404
	166  -  MemoryUsage of job (MB)
	169564  -  ResidentSetSize of job (KB)
...
005 (9778.000.000) 12/18 01:32:24 Job terminated.
	(1) Normal termination (return value 0)
		Usr 0 01:54:38, Sys 0 00:01:17  -  Run Remote Usage
		Usr 0 00:00:00, Sys 0 00:00:00  -  Run Local Usage
		Usr 0 01:54:38, Sys 0 00:01:17  -  Total Remote Usage
		Usr 0 00:00:00, Sys 0 00:00:00  -  Total Local Usage
	382013  -  Run Bytes Sent By Job
	3168718  -  Run Bytes Received By Job
	382013  -  Total Bytes Sent By Job
	3168718  -  Total Bytes Received By Job
	Partitionable Resources :    Usage  Request Allocated
	   Cpus                 :                 1         1
	   Disk (KB)            :  5780489     3250  27751832
	   Memory (MB)          :      166        1      3764
...
000 (9780.000.000) 12/18 01:32:34 Job submitted from host: <54.153.25.18:34310?addrs=54.153.25.18-34310>
    DAG Node: taskevent_0_ID0000006
    pool:condorpool
...
000 (9781.000.000) 12/18 01:32:35 Job submitted from host: <54.153.25.18:34310?addrs=54.153.25.18-34310>
    DAG Node: clean_up_local_level_5_1
    pool:local
...
001 (9780.000.000) 12/18 01:32:35 Job executing on host: <54.191.39.190:28005?addrs=54.191.39.190-28005&noUDP>
...
001 (9781.000.000) 12/18 01:32:40 Job executing on host: <54.153.25.18:39869?addrs=54.153.25.18-39869>
...
006 (9780.000.000) 12/18 01:32:44 Image size of job updated: 637900
	16  -  MemoryUsage of job (MB)
	15724  -  ResidentSetSize of job (KB)
...
005 (9781.000.000) 12/18 01:32:44 Job terminated.
	(1) Normal termination (return value 0)
		Usr 0 00:00:00, Sys 0 00:00:00  -  Run Remote Usage
		Usr 0 00:00:00, Sys 0 00:00:00  -  Run Local Usage
		Usr 0 00:00:00, Sys 0 00:00:00  -  Total Remote Usage
		Usr 0 00:00:00, Sys 0 00:00:00  -  Total Local Usage
	0  -  Run Bytes Sent By Job
	0  -  Run Bytes Received By Job
	0  -  Total Bytes Sent By Job
	0  -  Total Bytes Received By Job
...
006 (9780.000.000) 12/18 01:37:45 Image size of job updated: 759972
	134  -  MemoryUsage of job (MB)
	137184  -  ResidentSetSize of job (KB)
...
006 (9780.000.000) 12/18 01:42:45 Image size of job updated: 761224
	134  -  MemoryUsage of job (MB)
	137184  -  ResidentSetSize of job (KB)
...
006 (9780.000.000) 12/18 01:57:46 Image size of job updated: 763904
	134  -  MemoryUsage of job (MB)
	137184  -  ResidentSetSize of job (KB)
...
006 (9780.000.000) 12/18 03:32:56 Image size of job updated: 767436
	134  -  MemoryUsage of job (MB)
	137184  -  ResidentSetSize of job (KB)
...
006 (9780.000.000) 12/18 03:37:56 Image size of job updated: 769560
	140  -  MemoryUsage of job (MB)
	142504  -  ResidentSetSize of job (KB)
...
006 (9780.000.000) 12/18 04:02:58 Image size of job updated: 771268
	140  -  MemoryUsage of job (MB)
	142504  -  ResidentSetSize of job (KB)
...
006 (9780.000.000) 12/18 04:18:00 Image size of job updated: 771928
	140  -  MemoryUsage of job (MB)
	142504  -  ResidentSetSize of job (KB)
...
006 (9780.000.000) 12/18 04:58:04 Image size of job updated: 771928
	140  -  MemoryUsage of job (MB)
	143200  -  ResidentSetSize of job (KB)
...
005 (9780.000.000) 12/18 05:23:54 Job terminated.
	(1) Normal termination (return value 0)
		Usr 0 01:56:36, Sys 0 00:01:47  -  Run Remote Usage
		Usr 0 00:00:00, Sys 0 00:00:00  -  Run Local Usage
		Usr 0 01:56:36, Sys 0 00:01:47  -  Total Remote Usage
		Usr 0 00:00:00, Sys 0 00:00:00  -  Total Local Usage
	13289  -  Run Bytes Sent By Job
	3174926  -  Run Bytes Received By Job
	13289  -  Total Bytes Sent By Job
	3174926  -  Total Bytes Received By Job
	Partitionable Resources :    Usage  Request Allocated
	   Cpus                 :                 1         1
	   Disk (KB)            :     6122     3250  27744044
	   Memory (MB)          :      140        1      3764
...
000 (9782.000.000) 12/18 05:24:09 Job submitted from host: <54.153.25.18:34310?addrs=54.153.25.18-34310>
    DAG Node: clean_up_local_level_6_0
    pool:local
...
001 (9782.000.000) 12/18 05:24:09 Job executing on host: <54.153.25.18:34196?addrs=54.153.25.18-34196>
...
000 (9783.000.000) 12/18 05:24:10 Job submitted from host: <54.153.25.18:34310?addrs=54.153.25.18-34310>
    DAG Node: calculateratio_0_ID0000007
    pool:condorpool
...
005 (9782.000.000) 12/18 05:24:18 Job terminated.
	(1) Normal termination (return value 0)
		Usr 0 00:00:00, Sys 0 00:00:00  -  Run Remote Usage
		Usr 0 00:00:00, Sys 0 00:00:00  -  Run Local Usage
		Usr 0 00:00:00, Sys 0 00:00:00  -  Total Remote Usage
		Usr 0 00:00:00, Sys 0 00:00:00  -  Total Local Usage
	0  -  Run Bytes Sent By Job
	0  -  Run Bytes Received By Job
	0  -  Total Bytes Sent By Job
	0  -  Total Bytes Received By Job
...
001 (9783.000.000) 12/18 05:24:21 Job executing on host: <54.191.39.190:28005?addrs=54.191.39.190-28005&noUDP>
...
006 (9783.000.000) 12/18 05:24:30 Image size of job updated: 2
	2  -  MemoryUsage of job (MB)
	1648  -  ResidentSetSize of job (KB)
...
006 (9783.000.000) 12/18 05:29:31 Image size of job updated: 794368
	151  -  MemoryUsage of job (MB)
	153784  -  ResidentSetSize of job (KB)
...
006 (9783.000.000) 12/18 05:39:31 Image size of job updated: 794456
	151  -  MemoryUsage of job (MB)
	153784  -  ResidentSetSize of job (KB)
...
006 (9783.000.000) 12/18 05:44:32 Image size of job updated: 794916
	153  -  MemoryUsage of job (MB)
	155916  -  ResidentSetSize of job (KB)
...
006 (9783.000.000) 12/18 05:49:33 Image size of job updated: 794940
	153  -  MemoryUsage of job (MB)
	156264  -  ResidentSetSize of job (KB)
...
006 (9783.000.000) 12/18 05:59:33 Image size of job updated: 795196
	153  -  MemoryUsage of job (MB)
	156264  -  ResidentSetSize of job (KB)
...
006 (9783.000.000) 12/18 06:04:34 Image size of job updated: 797316
	153  -  MemoryUsage of job (MB)
	156264  -  ResidentSetSize of job (KB)
...
006 (9783.000.000) 12/18 06:14:35 Image size of job updated: 797316
	153  -  MemoryUsage of job (MB)
	156292  -  ResidentSetSize of job (KB)
...
006 (9783.000.000) 12/18 06:19:35 Image size of job updated: 797316
	154  -  MemoryUsage of job (MB)
	156736  -  ResidentSetSize of job (KB)
...
006 (9783.000.000) 12/18 06:29:37 Image size of job updated: 797924
	154  -  MemoryUsage of job (MB)
	156736  -  ResidentSetSize of job (KB)
...
006 (9783.000.000) 12/18 06:59:40 Image size of job updated: 798888
	154  -  MemoryUsage of job (MB)
	156824  -  ResidentSetSize of job (KB)
...
006 (9783.000.000) 12/18 07:04:41 Image size of job updated: 799044
	154  -  MemoryUsage of job (MB)
	156824  -  ResidentSetSize of job (KB)
...
006 (9783.000.000) 12/18 07:19:42 Image size of job updated: 799452
	154  -  MemoryUsage of job (MB)
	156824  -  ResidentSetSize of job (KB)
...
006 (9783.000.000) 12/18 07:54:45 Image size of job updated: 801912
	154  -  MemoryUsage of job (MB)
	156824  -  ResidentSetSize of job (KB)
...
006 (9783.000.000) 12/18 09:44:57 Image size of job updated: 801912
	154  -  MemoryUsage of job (MB)
	156864  -  ResidentSetSize of job (KB)
...
005 (9783.000.000) 12/18 09:54:48 Job terminated.
	(1) Normal termination (return value 0)
		Usr 0 01:53:41, Sys 0 00:03:58  -  Run Remote Usage
		Usr 0 00:00:00, Sys 0 00:00:00  -  Run Local Usage
		Usr 0 01:53:41, Sys 0 00:03:58  -  Total Remote Usage
		Usr 0 00:00:00, Sys 0 00:00:00  -  Total Local Usage
	359114  -  Run Bytes Sent By Job
	3173656  -  Run Bytes Received By Job
	359114  -  Total Bytes Sent By Job
	3173656  -  Total Bytes Received By Job
	Partitionable Resources :    Usage  Request Allocated
	   Cpus                 :                 1         1
	   Disk (KB)            :     7372     3250  27744476
	   Memory (MB)          :      154        1      3764
...
000 (9784.000.000) 12/18 09:55:02 Job submitted from host: <54.153.25.18:34310?addrs=54.153.25.18-34310>
    DAG Node: clean_up_local_level_7_0
    pool:local
...
001 (9784.000.000) 12/18 09:55:02 Job executing on host: <54.153.25.18:3386?addrs=54.153.25.18-3386>
...
000 (9785.000.000) 12/18 09:55:02 Job submitted from host: <54.153.25.18:34310?addrs=54.153.25.18-34310>
    DAG Node: averageratioevent_0_ID0000008
    pool:condorpool
...
005 (9784.000.000) 12/18 09:55:10 Job terminated.
	(1) Normal termination (return value 0)
		Usr 0 00:00:00, Sys 0 00:00:00  -  Run Remote Usage
		Usr 0 00:00:00, Sys 0 00:00:00  -  Run Local Usage
		Usr 0 00:00:00, Sys 0 00:00:00  -  Total Remote Usage
		Usr 0 00:00:00, Sys 0 00:00:00  -  Total Local Usage
	0  -  Run Bytes Sent By Job
	0  -  Run Bytes Received By Job
	0  -  Total Bytes Sent By Job
	0  -  Total Bytes Received By Job
...
001 (9785.000.000) 12/18 09:55:22 Job executing on host: <54.191.39.190:28005?addrs=54.191.39.190-28005&noUDP>
...
006 (9785.000.000) 12/18 09:55:31 Image size of job updated: 2
	2  -  MemoryUsage of job (MB)
	1644  -  ResidentSetSize of job (KB)
...
006 (9785.000.000) 12/18 10:00:33 Image size of job updated: 491640
	145  -  MemoryUsage of job (MB)
	148328  -  ResidentSetSize of job (KB)
...
006 (9785.000.000) 12/18 10:10:33 Image size of job updated: 491640
	145  -  MemoryUsage of job (MB)
	148352  -  ResidentSetSize of job (KB)
...
006 (9785.000.000) 12/18 10:25:33 Image size of job updated: 492160
	145  -  MemoryUsage of job (MB)
	148352  -  ResidentSetSize of job (KB)
...
006 (9785.000.000) 12/18 10:35:35 Image size of job updated: 494052
	148  -  MemoryUsage of job (MB)
	150588  -  ResidentSetSize of job (KB)
...
005 (9785.000.000) 12/18 10:39:30 Job terminated.
	(1) Normal termination (return value 0)
		Usr 0 00:14:06, Sys 0 00:00:17  -  Run Remote Usage
		Usr 0 00:00:00, Sys 0 00:00:00  -  Run Local Usage
		Usr 0 00:14:06, Sys 0 00:00:17  -  Total Remote Usage
		Usr 0 00:00:00, Sys 0 00:00:00  -  Total Local Usage
	266720  -  Run Bytes Sent By Job
	3169652  -  Run Bytes Received By Job
	266720  -  Total Bytes Sent By Job
	3169652  -  Total Bytes Received By Job
	Partitionable Resources :    Usage  Request Allocated
	   Cpus                 :                 1         1
	   Disk (KB)            :   164910     3250  27751992
	   Memory (MB)          :      148        1      3764
...
000 (9786.000.000) 12/18 10:39:45 Job submitted from host: <54.153.25.18:34310?addrs=54.153.25.18-34310>
    DAG Node: clean_up_local_level_8_0
    pool:local
...
000 (9787.000.000) 12/18 10:39:45 Job submitted from host: <54.153.25.18:34310?addrs=54.153.25.18-34310>
    DAG Node: analysisevent_0_ID0000009
    pool:condorpool
...
001 (9786.000.000) 12/18 10:39:45 Job executing on host: <54.153.25.18:60563?addrs=54.153.25.18-60563>
...
005 (9786.000.000) 12/18 10:39:49 Job terminated.
	(1) Normal termination (return value 0)
		Usr 0 00:00:00, Sys 0 00:00:00  -  Run Remote Usage
		Usr 0 00:00:00, Sys 0 00:00:00  -  Run Local Usage
		Usr 0 00:00:00, Sys 0 00:00:00  -  Total Remote Usage
		Usr 0 00:00:00, Sys 0 00:00:00  -  Total Local Usage
	0  -  Run Bytes Sent By Job
	0  -  Run Bytes Received By Job
	0  -  Total Bytes Sent By Job
	0  -  Total Bytes Received By Job
...
001 (9787.000.000) 12/18 10:40:06 Job executing on host: <54.191.39.190:28005?addrs=54.191.39.190-28005&noUDP>
...
006 (9787.000.000) 12/18 10:40:09 Image size of job updated: 2
	0  -  MemoryUsage of job (MB)
	0  -  ResidentSetSize of job (KB)
...
005 (9787.000.000) 12/18 10:40:09 Job terminated.
	(1) Normal termination (return value 0)
		Usr 0 00:00:00, Sys 0 00:00:00  -  Run Remote Usage
		Usr 0 00:00:00, Sys 0 00:00:00  -  Run Local Usage
		Usr 0 00:00:00, Sys 0 00:00:00  -  Total Remote Usage
		Usr 0 00:00:00, Sys 0 00:00:00  -  Total Local Usage
	5378  -  Run Bytes Sent By Job
	3169139  -  Run Bytes Received By Job
	5378  -  Total Bytes Sent By Job
	3169139  -  Total Bytes Received By Job
	Partitionable Resources :    Usage  Request Allocated
	   Cpus                 :                 1         1
	   Disk (KB)            :     6107     3250  27744708
	   Memory (MB)          :        0        1      3764
...
000 (9788.000.000) 12/18 10:40:20 Job submitted from host: <54.153.25.18:34310?addrs=54.153.25.18-34310>
    DAG Node: terminate_0_ID0000010
    pool:condorpool
...
000 (9789.000.000) 12/18 10:40:20 Job submitted from host: <54.153.25.18:34310?addrs=54.153.25.18-34310>
    DAG Node: clean_up_local_level_9_0
    pool:local
...
001 (9788.000.000) 12/18 10:40:21 Job executing on host: <54.191.39.190:28005?addrs=54.191.39.190-28005&noUDP>
...
006 (9788.000.000) 12/18 10:40:23 Image size of job updated: 2
	0  -  MemoryUsage of job (MB)
	0  -  ResidentSetSize of job (KB)
...
005 (9788.000.000) 12/18 10:40:23 Job terminated.
	(1) Normal termination (return value 0)
		Usr 0 00:00:00, Sys 0 00:00:00  -  Run Remote Usage
		Usr 0 00:00:00, Sys 0 00:00:00  -  Run Local Usage
		Usr 0 00:00:00, Sys 0 00:00:00  -  Total Remote Usage
		Usr 0 00:00:00, Sys 0 00:00:00  -  Total Local Usage
	4471  -  Run Bytes Sent By Job
	3167596  -  Run Bytes Received By Job
	4471  -  Total Bytes Sent By Job
	3167596  -  Total Bytes Received By Job
	Partitionable Resources :    Usage  Request Allocated
	   Cpus                 :                 1         1
	   Disk (KB)            :     6103     3250  27744708
	   Memory (MB)          :        0        1      3764
...
001 (9789.000.000) 12/18 10:40:26 Job executing on host: <54.153.25.18:59493?addrs=54.153.25.18-59493>
...
005 (9789.000.000) 12/18 10:40:30 Job terminated.
	(1) Normal termination (return value 0)
		Usr 0 00:00:00, Sys 0 00:00:00  -  Run Remote Usage
		Usr 0 00:00:00, Sys 0 00:00:00  -  Run Local Usage
		Usr 0 00:00:00, Sys 0 00:00:00  -  Total Remote Usage
		Usr 0 00:00:00, Sys 0 00:00:00  -  Total Local Usage
	0  -  Run Bytes Sent By Job
	0  -  Run Bytes Received By Job
	0  -  Total Bytes Sent By Job
	0  -  Total Bytes Received By Job
...
000 (9790.000.000) 12/18 10:40:36 Job submitted from host: <54.153.25.18:34310?addrs=54.153.25.18-34310>
    DAG Node: clean_up_local_level_10_0
    pool:local
...
001 (9790.000.000) 12/18 10:40:36 Job executing on host: <54.153.25.18:20015?addrs=54.153.25.18-20015>
...
005 (9790.000.000) 12/18 10:40:38 Job terminated.
	(1) Normal termination (return value 0)
		Usr 0 00:00:00, Sys 0 00:00:00  -  Run Remote Usage
		Usr 0 00:00:00, Sys 0 00:00:00  -  Run Local Usage
		Usr 0 00:00:00, Sys 0 00:00:00  -  Total Remote Usage
		Usr 0 00:00:00, Sys 0 00:00:00  -  Total Local Usage
	0  -  Run Bytes Sent By Job
	0  -  Run Bytes Received By Job
	0  -  Total Bytes Sent By Job
	0  -  Total Bytes Received By Job
...
000 (9791.000.000) 12/18 10:40:51 Job submitted from host: <54.153.25.18:34310?addrs=54.153.25.18-34310>
    DAG Node: cleanup_example_workflow_0_local
    pool:local
...
001 (9791.000.000) 12/18 10:40:51 Job executing on host: <54.153.25.18:33713?addrs=54.153.25.18-33713>
...
005 (9791.000.000) 12/18 10:40:53 Job terminated.
	(1) Normal termination (return value 0)
		Usr 0 00:00:00, Sys 0 00:00:00  -  Run Remote Usage
		Usr 0 00:00:00, Sys 0 00:00:00  -  Run Local Usage
		Usr 0 00:00:00, Sys 0 00:00:00  -  Total Remote Usage
		Usr 0 00:00:00, Sys 0 00:00:00  -  Total Local Usage
	0  -  Run Bytes Sent By Job
	0  -  Run Bytes Received By Job
	0  -  Total Bytes Sent By Job
	0  -  Total Bytes Received By Job
...
