000 (9196.000.000) 01/06 13:35:04 Job submitted from host: <54.193.83.104:5821?addrs=54.193.83.104-5821>
    DAG Node: create_dir_example_workflow_0_local
    pool:local
...
001 (9196.000.000) 01/06 13:35:07 Job executing on host: <54.193.83.104:60264?addrs=54.193.83.104-60264>
...
005 (9196.000.000) 01/06 13:35:09 Job terminated.
	(1) Normal termination (return value 0)
		Usr 0 00:00:00, Sys 0 00:00:00  -  Run Remote Usage
		Usr 0 00:00:00, Sys 0 00:00:00  -  Run Local Usage
		Usr 0 00:00:00, Sys 0 00:00:00  -  Total Remote Usage
		Usr 0 00:00:00, Sys 0 00:00:00  -  Total Local Usage
	0  -  Run Bytes Sent By Job
	0  -  Run Bytes Received By Job
	0  -  Total Bytes Sent By Job
	0  -  Total Bytes Received By Job
...
000 (9197.000.000) 01/06 13:35:19 Job submitted from host: <54.193.83.104:5821?addrs=54.193.83.104-5821>
    DAG Node: stage_in_local_local_0_0
    pool:local
...
001 (9197.000.000) 01/06 13:35:19 Job executing on host: <54.193.83.104:58630?addrs=54.193.83.104-58630>
...
000 (9198.000.000) 01/06 13:35:19 Job submitted from host: <54.193.83.104:5821?addrs=54.193.83.104-5821>
    DAG Node: stage_in_remote_local_2_1
    pool:local
...
000 (9199.000.000) 01/06 13:35:19 Job submitted from host: <54.193.83.104:5821?addrs=54.193.83.104-5821>
    DAG Node: stage_in_local_local_6_0
    pool:local
...
000 (9200.000.000) 01/06 13:35:19 Job submitted from host: <54.193.83.104:5821?addrs=54.193.83.104-5821>
    DAG Node: stage_in_remote_local_5_1
    pool:local
...
000 (9201.000.000) 01/06 13:35:19 Job submitted from host: <54.193.83.104:5821?addrs=54.193.83.104-5821>
    DAG Node: stage_in_remote_local_5_0
    pool:local
...
005 (9197.000.000) 01/06 13:35:21 Job terminated.
	(1) Normal termination (return value 0)
		Usr 0 00:00:00, Sys 0 00:00:00  -  Run Remote Usage
		Usr 0 00:00:00, Sys 0 00:00:00  -  Run Local Usage
		Usr 0 00:00:00, Sys 0 00:00:00  -  Total Remote Usage
		Usr 0 00:00:00, Sys 0 00:00:00  -  Total Local Usage
	0  -  Run Bytes Sent By Job
	0  -  Run Bytes Received By Job
	0  -  Total Bytes Sent By Job
	0  -  Total Bytes Received By Job
...
001 (9200.000.000) 01/06 13:35:21 Job executing on host: <54.193.83.104:11557?addrs=54.193.83.104-11557>
...
001 (9199.000.000) 01/06 13:35:21 Job executing on host: <54.193.83.104:28790?addrs=54.193.83.104-28790>
...
001 (9198.000.000) 01/06 13:35:21 Job executing on host: <54.193.83.104:64981?addrs=54.193.83.104-64981>
...
001 (9201.000.000) 01/06 13:35:21 Job executing on host: <54.193.83.104:33601?addrs=54.193.83.104-33601>
...
005 (9199.000.000) 01/06 13:35:24 Job terminated.
	(1) Normal termination (return value 0)
		Usr 0 00:00:00, Sys 0 00:00:00  -  Run Remote Usage
		Usr 0 00:00:00, Sys 0 00:00:00  -  Run Local Usage
		Usr 0 00:00:00, Sys 0 00:00:00  -  Total Remote Usage
		Usr 0 00:00:00, Sys 0 00:00:00  -  Total Local Usage
	0  -  Run Bytes Sent By Job
	0  -  Run Bytes Received By Job
	0  -  Total Bytes Sent By Job
	0  -  Total Bytes Received By Job
...
005 (9198.000.000) 01/06 13:35:24 Job terminated.
	(1) Normal termination (return value 0)
		Usr 0 00:00:00, Sys 0 00:00:00  -  Run Remote Usage
		Usr 0 00:00:00, Sys 0 00:00:00  -  Run Local Usage
		Usr 0 00:00:00, Sys 0 00:00:00  -  Total Remote Usage
		Usr 0 00:00:00, Sys 0 00:00:00  -  Total Local Usage
	0  -  Run Bytes Sent By Job
	0  -  Run Bytes Received By Job
	0  -  Total Bytes Sent By Job
	0  -  Total Bytes Received By Job
...
000 (9202.000.000) 01/06 13:35:24 Job submitted from host: <54.193.83.104:5821?addrs=54.193.83.104-5821>
    DAG Node: stage_in_local_local_2_0
    pool:local
...
000 (9203.000.000) 01/06 13:35:24 Job submitted from host: <54.193.83.104:5821?addrs=54.193.83.104-5821>
    DAG Node: stage_in_local_local_2_1
    pool:local
...
001 (9202.000.000) 01/06 13:35:24 Job executing on host: <54.193.83.104:52114?addrs=54.193.83.104-52114>
...
000 (9204.000.000) 01/06 13:35:24 Job submitted from host: <54.193.83.104:5821?addrs=54.193.83.104-5821>
    DAG Node: stage_in_remote_local_1_0
    pool:local
...
001 (9203.000.000) 01/06 13:35:24 Job executing on host: <54.193.83.104:40604?addrs=54.193.83.104-40604>
...
000 (9205.000.000) 01/06 13:35:24 Job submitted from host: <54.193.83.104:5821?addrs=54.193.83.104-5821>
    DAG Node: stage_in_local_local_3_1
    pool:local
...
000 (9206.000.000) 01/06 13:35:24 Job submitted from host: <54.193.83.104:5821?addrs=54.193.83.104-5821>
    DAG Node: stage_in_local_local_5_0
    pool:local
...
005 (9200.000.000) 01/06 13:35:26 Job terminated.
	(1) Normal termination (return value 0)
		Usr 0 00:00:00, Sys 0 00:00:00  -  Run Remote Usage
		Usr 0 00:00:00, Sys 0 00:00:00  -  Run Local Usage
		Usr 0 00:00:00, Sys 0 00:00:00  -  Total Remote Usage
		Usr 0 00:00:00, Sys 0 00:00:00  -  Total Local Usage
	0  -  Run Bytes Sent By Job
	0  -  Run Bytes Received By Job
	0  -  Total Bytes Sent By Job
	0  -  Total Bytes Received By Job
...
001 (9206.000.000) 01/06 13:35:26 Job executing on host: <54.193.83.104:52830?addrs=54.193.83.104-52830>
...
001 (9205.000.000) 01/06 13:35:26 Job executing on host: <54.193.83.104:8162?addrs=54.193.83.104-8162>
...
001 (9204.000.000) 01/06 13:35:26 Job executing on host: <54.193.83.104:4875?addrs=54.193.83.104-4875>
...
005 (9201.000.000) 01/06 13:35:26 Job terminated.
	(1) Normal termination (return value 0)
		Usr 0 00:00:00, Sys 0 00:00:00  -  Run Remote Usage
		Usr 0 00:00:00, Sys 0 00:00:00  -  Run Local Usage
		Usr 0 00:00:00, Sys 0 00:00:00  -  Total Remote Usage
		Usr 0 00:00:00, Sys 0 00:00:00  -  Total Local Usage
	0  -  Run Bytes Sent By Job
	0  -  Run Bytes Received By Job
	0  -  Total Bytes Sent By Job
	0  -  Total Bytes Received By Job
...
005 (9203.000.000) 01/06 13:35:27 Job terminated.
	(1) Normal termination (return value 0)
		Usr 0 00:00:00, Sys 0 00:00:00  -  Run Remote Usage
		Usr 0 00:00:00, Sys 0 00:00:00  -  Run Local Usage
		Usr 0 00:00:00, Sys 0 00:00:00  -  Total Remote Usage
		Usr 0 00:00:00, Sys 0 00:00:00  -  Total Local Usage
	0  -  Run Bytes Sent By Job
	0  -  Run Bytes Received By Job
	0  -  Total Bytes Sent By Job
	0  -  Total Bytes Received By Job
...
005 (9204.000.000) 01/06 13:35:28 Job terminated.
	(1) Normal termination (return value 0)
		Usr 0 00:00:00, Sys 0 00:00:00  -  Run Remote Usage
		Usr 0 00:00:00, Sys 0 00:00:00  -  Run Local Usage
		Usr 0 00:00:00, Sys 0 00:00:00  -  Total Remote Usage
		Usr 0 00:00:00, Sys 0 00:00:00  -  Total Local Usage
	0  -  Run Bytes Sent By Job
	0  -  Run Bytes Received By Job
	0  -  Total Bytes Sent By Job
	0  -  Total Bytes Received By Job
...
005 (9202.000.000) 01/06 13:35:29 Job terminated.
	(1) Normal termination (return value 0)
		Usr 0 00:00:00, Sys 0 00:00:00  -  Run Remote Usage
		Usr 0 00:00:00, Sys 0 00:00:00  -  Run Local Usage
		Usr 0 00:00:00, Sys 0 00:00:00  -  Total Remote Usage
		Usr 0 00:00:00, Sys 0 00:00:00  -  Total Local Usage
	0  -  Run Bytes Sent By Job
	0  -  Run Bytes Received By Job
	0  -  Total Bytes Sent By Job
	0  -  Total Bytes Received By Job
...
005 (9206.000.000) 01/06 13:35:30 Job terminated.
	(1) Normal termination (return value 0)
		Usr 0 00:00:00, Sys 0 00:00:00  -  Run Remote Usage
		Usr 0 00:00:00, Sys 0 00:00:00  -  Run Local Usage
		Usr 0 00:00:00, Sys 0 00:00:00  -  Total Remote Usage
		Usr 0 00:00:00, Sys 0 00:00:00  -  Total Local Usage
	0  -  Run Bytes Sent By Job
	0  -  Run Bytes Received By Job
	0  -  Total Bytes Sent By Job
	0  -  Total Bytes Received By Job
...
000 (9207.000.000) 01/06 13:35:30 Job submitted from host: <54.193.83.104:5821?addrs=54.193.83.104-5821>
    DAG Node: stage_in_local_local_3_0
    pool:local
...
001 (9207.000.000) 01/06 13:35:30 Job executing on host: <54.193.83.104:25985?addrs=54.193.83.104-25985>
...
005 (9205.000.000) 01/06 13:35:30 Job terminated.
	(1) Normal termination (return value 0)
		Usr 0 00:00:00, Sys 0 00:00:00  -  Run Remote Usage
		Usr 0 00:00:00, Sys 0 00:00:00  -  Run Local Usage
		Usr 0 00:00:00, Sys 0 00:00:00  -  Total Remote Usage
		Usr 0 00:00:00, Sys 0 00:00:00  -  Total Local Usage
	0  -  Run Bytes Sent By Job
	0  -  Run Bytes Received By Job
	0  -  Total Bytes Sent By Job
	0  -  Total Bytes Received By Job
...
000 (9208.000.000) 01/06 13:35:30 Job submitted from host: <54.193.83.104:5821?addrs=54.193.83.104-5821>
    DAG Node: stage_in_local_local_5_1
    pool:local
...
000 (9209.000.000) 01/06 13:35:30 Job submitted from host: <54.193.83.104:5821?addrs=54.193.83.104-5821>
    DAG Node: stage_in_local_local_4_0
    pool:local
...
001 (9208.000.000) 01/06 13:35:31 Job executing on host: <54.193.83.104:57494?addrs=54.193.83.104-57494>
...
000 (9210.000.000) 01/06 13:35:31 Job submitted from host: <54.193.83.104:5821?addrs=54.193.83.104-5821>
    DAG Node: stage_in_local_local_7_0
    pool:local
...
001 (9209.000.000) 01/06 13:35:31 Job executing on host: <54.193.83.104:57263?addrs=54.193.83.104-57263>
...
000 (9211.000.000) 01/06 13:35:31 Job submitted from host: <54.193.83.104:5821?addrs=54.193.83.104-5821>
    DAG Node: stage_in_local_local_4_1
    pool:local
...
001 (9210.000.000) 01/06 13:35:34 Job executing on host: <54.193.83.104:10758?addrs=54.193.83.104-10758>
...
001 (9211.000.000) 01/06 13:35:34 Job executing on host: <54.193.83.104:32289?addrs=54.193.83.104-32289>
...
005 (9207.000.000) 01/06 13:35:35 Job terminated.
	(1) Normal termination (return value 0)
		Usr 0 00:00:00, Sys 0 00:00:00  -  Run Remote Usage
		Usr 0 00:00:00, Sys 0 00:00:00  -  Run Local Usage
		Usr 0 00:00:00, Sys 0 00:00:00  -  Total Remote Usage
		Usr 0 00:00:00, Sys 0 00:00:00  -  Total Local Usage
	0  -  Run Bytes Sent By Job
	0  -  Run Bytes Received By Job
	0  -  Total Bytes Sent By Job
	0  -  Total Bytes Received By Job
...
005 (9208.000.000) 01/06 13:35:35 Job terminated.
	(1) Normal termination (return value 0)
		Usr 0 00:00:00, Sys 0 00:00:00  -  Run Remote Usage
		Usr 0 00:00:00, Sys 0 00:00:00  -  Run Local Usage
		Usr 0 00:00:00, Sys 0 00:00:00  -  Total Remote Usage
		Usr 0 00:00:00, Sys 0 00:00:00  -  Total Local Usage
	0  -  Run Bytes Sent By Job
	0  -  Run Bytes Received By Job
	0  -  Total Bytes Sent By Job
	0  -  Total Bytes Received By Job
...
005 (9209.000.000) 01/06 13:35:35 Job terminated.
	(1) Normal termination (return value 0)
		Usr 0 00:00:00, Sys 0 00:00:00  -  Run Remote Usage
		Usr 0 00:00:00, Sys 0 00:00:00  -  Run Local Usage
		Usr 0 00:00:00, Sys 0 00:00:00  -  Total Remote Usage
		Usr 0 00:00:00, Sys 0 00:00:00  -  Total Local Usage
	0  -  Run Bytes Sent By Job
	0  -  Run Bytes Received By Job
	0  -  Total Bytes Sent By Job
	0  -  Total Bytes Received By Job
...
000 (9212.000.000) 01/06 13:35:36 Job submitted from host: <54.193.83.104:5821?addrs=54.193.83.104-5821>
    DAG Node: stage_in_local_local_1_0
    pool:local
...
001 (9212.000.000) 01/06 13:35:36 Job executing on host: <54.193.83.104:43979?addrs=54.193.83.104-43979>
...
000 (9213.000.000) 01/06 13:35:36 Job submitted from host: <54.193.83.104:5821?addrs=54.193.83.104-5821>
    DAG Node: stage_in_remote_local_4_1
    pool:local
...
001 (9213.000.000) 01/06 13:35:36 Job executing on host: <54.193.83.104:2804?addrs=54.193.83.104-2804>
...
000 (9214.000.000) 01/06 13:35:36 Job submitted from host: <54.193.83.104:5821?addrs=54.193.83.104-5821>
    DAG Node: stage_in_remote_local_4_0
    pool:local
...
001 (9214.000.000) 01/06 13:35:36 Job executing on host: <54.193.83.104:47666?addrs=54.193.83.104-47666>
...
005 (9210.000.000) 01/06 13:35:37 Job terminated.
	(1) Normal termination (return value 0)
		Usr 0 00:00:00, Sys 0 00:00:00  -  Run Remote Usage
		Usr 0 00:00:00, Sys 0 00:00:00  -  Run Local Usage
		Usr 0 00:00:00, Sys 0 00:00:00  -  Total Remote Usage
		Usr 0 00:00:00, Sys 0 00:00:00  -  Total Local Usage
	0  -  Run Bytes Sent By Job
	0  -  Run Bytes Received By Job
	0  -  Total Bytes Sent By Job
	0  -  Total Bytes Received By Job
...
000 (9215.000.000) 01/06 13:35:37 Job submitted from host: <54.193.83.104:5821?addrs=54.193.83.104-5821>
    DAG Node: stage_in_remote_local_2_0
    pool:local
...
000 (9216.000.000) 01/06 13:35:37 Job submitted from host: <54.193.83.104:5821?addrs=54.193.83.104-5821>
    DAG Node: stage_in_remote_local_3_1
    pool:local
...
001 (9215.000.000) 01/06 13:35:37 Job executing on host: <54.193.83.104:31406?addrs=54.193.83.104-31406>
...
005 (9211.000.000) 01/06 13:35:38 Job terminated.
	(1) Normal termination (return value 0)
		Usr 0 00:00:00, Sys 0 00:00:00  -  Run Remote Usage
		Usr 0 00:00:00, Sys 0 00:00:00  -  Run Local Usage
		Usr 0 00:00:00, Sys 0 00:00:00  -  Total Remote Usage
		Usr 0 00:00:00, Sys 0 00:00:00  -  Total Local Usage
	0  -  Run Bytes Sent By Job
	0  -  Run Bytes Received By Job
	0  -  Total Bytes Sent By Job
	0  -  Total Bytes Received By Job
...
001 (9216.000.000) 01/06 13:35:38 Job executing on host: <54.193.83.104:12812?addrs=54.193.83.104-12812>
...
005 (9212.000.000) 01/06 13:35:39 Job terminated.
	(1) Normal termination (return value 0)
		Usr 0 00:00:00, Sys 0 00:00:00  -  Run Remote Usage
		Usr 0 00:00:00, Sys 0 00:00:00  -  Run Local Usage
		Usr 0 00:00:00, Sys 0 00:00:00  -  Total Remote Usage
		Usr 0 00:00:00, Sys 0 00:00:00  -  Total Local Usage
	0  -  Run Bytes Sent By Job
	0  -  Run Bytes Received By Job
	0  -  Total Bytes Sent By Job
	0  -  Total Bytes Received By Job
...
005 (9214.000.000) 01/06 13:35:41 Job terminated.
	(1) Normal termination (return value 0)
		Usr 0 00:00:00, Sys 0 00:00:00  -  Run Remote Usage
		Usr 0 00:00:00, Sys 0 00:00:00  -  Run Local Usage
		Usr 0 00:00:00, Sys 0 00:00:00  -  Total Remote Usage
		Usr 0 00:00:00, Sys 0 00:00:00  -  Total Local Usage
	0  -  Run Bytes Sent By Job
	0  -  Run Bytes Received By Job
	0  -  Total Bytes Sent By Job
	0  -  Total Bytes Received By Job
...
005 (9213.000.000) 01/06 13:35:41 Job terminated.
	(1) Normal termination (return value 0)
		Usr 0 00:00:00, Sys 0 00:00:00  -  Run Remote Usage
		Usr 0 00:00:00, Sys 0 00:00:00  -  Run Local Usage
		Usr 0 00:00:00, Sys 0 00:00:00  -  Total Remote Usage
		Usr 0 00:00:00, Sys 0 00:00:00  -  Total Local Usage
	0  -  Run Bytes Sent By Job
	0  -  Run Bytes Received By Job
	0  -  Total Bytes Sent By Job
	0  -  Total Bytes Received By Job
...
005 (9215.000.000) 01/06 13:35:41 Job terminated.
	(1) Normal termination (return value 0)
		Usr 0 00:00:00, Sys 0 00:00:00  -  Run Remote Usage
		Usr 0 00:00:00, Sys 0 00:00:00  -  Run Local Usage
		Usr 0 00:00:00, Sys 0 00:00:00  -  Total Remote Usage
		Usr 0 00:00:00, Sys 0 00:00:00  -  Total Local Usage
	0  -  Run Bytes Sent By Job
	0  -  Run Bytes Received By Job
	0  -  Total Bytes Sent By Job
	0  -  Total Bytes Received By Job
...
000 (9217.000.000) 01/06 13:35:42 Job submitted from host: <54.193.83.104:5821?addrs=54.193.83.104-5821>
    DAG Node: stage_in_remote_local_3_0
    pool:local
...
001 (9217.000.000) 01/06 13:35:42 Job executing on host: <54.193.83.104:7648?addrs=54.193.83.104-7648>
...
000 (9218.000.000) 01/06 13:35:42 Job submitted from host: <54.193.83.104:5821?addrs=54.193.83.104-5821>
    DAG Node: stage_in_remote_local_6_0
    pool:local
...
001 (9218.000.000) 01/06 13:35:42 Job executing on host: <54.193.83.104:11431?addrs=54.193.83.104-11431>
...
000 (9219.000.000) 01/06 13:35:42 Job submitted from host: <54.193.83.104:5821?addrs=54.193.83.104-5821>
    DAG Node: init_0_ID0000001
    pool:condorpool
...
005 (9216.000.000) 01/06 13:35:43 Job terminated.
	(1) Normal termination (return value 0)
		Usr 0 00:00:00, Sys 0 00:00:00  -  Run Remote Usage
		Usr 0 00:00:00, Sys 0 00:00:00  -  Run Local Usage
		Usr 0 00:00:00, Sys 0 00:00:00  -  Total Remote Usage
		Usr 0 00:00:00, Sys 0 00:00:00  -  Total Local Usage
	0  -  Run Bytes Sent By Job
	0  -  Run Bytes Received By Job
	0  -  Total Bytes Sent By Job
	0  -  Total Bytes Received By Job
...
005 (9218.000.000) 01/06 13:35:44 Job terminated.
	(1) Normal termination (return value 0)
		Usr 0 00:00:00, Sys 0 00:00:00  -  Run Remote Usage
		Usr 0 00:00:00, Sys 0 00:00:00  -  Run Local Usage
		Usr 0 00:00:00, Sys 0 00:00:00  -  Total Remote Usage
		Usr 0 00:00:00, Sys 0 00:00:00  -  Total Local Usage
	0  -  Run Bytes Sent By Job
	0  -  Run Bytes Received By Job
	0  -  Total Bytes Sent By Job
	0  -  Total Bytes Received By Job
...
005 (9217.000.000) 01/06 13:35:46 Job terminated.
	(1) Normal termination (return value 0)
		Usr 0 00:00:00, Sys 0 00:00:00  -  Run Remote Usage
		Usr 0 00:00:00, Sys 0 00:00:00  -  Run Local Usage
		Usr 0 00:00:00, Sys 0 00:00:00  -  Total Remote Usage
		Usr 0 00:00:00, Sys 0 00:00:00  -  Total Local Usage
	0  -  Run Bytes Sent By Job
	0  -  Run Bytes Received By Job
	0  -  Total Bytes Sent By Job
	0  -  Total Bytes Received By Job
...
001 (9219.000.000) 01/06 13:36:05 Job executing on host: <54.186.88.75:4133?addrs=54.186.88.75-4133&noUDP>
...
006 (9219.000.000) 01/06 13:36:14 Image size of job updated: 2
	2  -  MemoryUsage of job (MB)
	1648  -  ResidentSetSize of job (KB)
...
006 (9219.000.000) 01/06 13:39:28 Image size of job updated: 633500
	2  -  MemoryUsage of job (MB)
	1648  -  ResidentSetSize of job (KB)
...
005 (9219.000.000) 01/06 13:39:28 Job terminated.
	(1) Normal termination (return value 0)
		Usr 0 00:00:00, Sys 0 00:00:00  -  Run Remote Usage
		Usr 0 00:00:00, Sys 0 00:00:00  -  Run Local Usage
		Usr 0 00:00:00, Sys 0 00:00:00  -  Total Remote Usage
		Usr 0 00:00:00, Sys 0 00:00:00  -  Total Local Usage
	4452  -  Run Bytes Sent By Job
	3170225  -  Run Bytes Received By Job
	4452  -  Total Bytes Sent By Job
	3170225  -  Total Bytes Received By Job
	Partitionable Resources :    Usage  Request Allocated
	   Cpus                 :                 1         1
	   Disk (KB)            :     6106     3250  27750452
	   Memory (MB)          :        2        1      3764
...
000 (9220.000.000) 01/06 13:39:43 Job submitted from host: <54.193.83.104:5821?addrs=54.193.83.104-5821>
    DAG Node: clean_up_local_level_3_0
    pool:local
...
001 (9220.000.000) 01/06 13:39:43 Job executing on host: <54.193.83.104:6289?addrs=54.193.83.104-6289>
...
000 (9221.000.000) 01/06 13:39:43 Job submitted from host: <54.193.83.104:5821?addrs=54.193.83.104-5821>
    DAG Node: generalinfo_0_ID0000002
    pool:condorpool
...
001 (9221.000.000) 01/06 13:39:44 Job executing on host: <54.186.88.75:4133?addrs=54.186.88.75-4133&noUDP>
...
005 (9220.000.000) 01/06 13:39:45 Job terminated.
	(1) Normal termination (return value 0)
		Usr 0 00:00:00, Sys 0 00:00:00  -  Run Remote Usage
		Usr 0 00:00:00, Sys 0 00:00:00  -  Run Local Usage
		Usr 0 00:00:00, Sys 0 00:00:00  -  Total Remote Usage
		Usr 0 00:00:00, Sys 0 00:00:00  -  Total Local Usage
	0  -  Run Bytes Sent By Job
	0  -  Run Bytes Received By Job
	0  -  Total Bytes Sent By Job
	0  -  Total Bytes Received By Job
...
006 (9221.000.000) 01/06 13:39:52 Image size of job updated: 2
	2  -  MemoryUsage of job (MB)
	1652  -  ResidentSetSize of job (KB)
...
006 (9221.000.000) 01/06 13:44:52 Image size of job updated: 758092
	128  -  MemoryUsage of job (MB)
	130496  -  ResidentSetSize of job (KB)
...
006 (9221.000.000) 01/06 13:49:53 Image size of job updated: 762072
	128  -  MemoryUsage of job (MB)
	130496  -  ResidentSetSize of job (KB)
...
006 (9221.000.000) 01/06 14:04:55 Image size of job updated: 762072
	130  -  MemoryUsage of job (MB)
	132324  -  ResidentSetSize of job (KB)
...
006 (9221.000.000) 01/06 14:19:57 Image size of job updated: 762072
	130  -  MemoryUsage of job (MB)
	132892  -  ResidentSetSize of job (KB)
...
006 (9221.000.000) 01/06 14:29:58 Image size of job updated: 762324
	130  -  MemoryUsage of job (MB)
	132892  -  ResidentSetSize of job (KB)
...
006 (9221.000.000) 01/06 14:35:00 Image size of job updated: 762324
	136  -  MemoryUsage of job (MB)
	139128  -  ResidentSetSize of job (KB)
...
005 (9221.000.000) 01/06 14:46:13 Job terminated.
	(1) Normal termination (return value 0)
		Usr 0 00:51:57, Sys 0 00:00:37  -  Run Remote Usage
		Usr 0 00:00:00, Sys 0 00:00:00  -  Run Local Usage
		Usr 0 00:51:57, Sys 0 00:00:37  -  Total Remote Usage
		Usr 0 00:00:00, Sys 0 00:00:00  -  Total Local Usage
	5907  -  Run Bytes Sent By Job
	3169185  -  Run Bytes Received By Job
	5907  -  Total Bytes Sent By Job
	3169185  -  Total Bytes Received By Job
	Partitionable Resources :    Usage  Request Allocated
	   Cpus                 :                 1         1
	   Disk (KB)            :     6107     3250  27750452
	   Memory (MB)          :      136        1      3764
...
000 (9222.000.000) 01/06 14:46:27 Job submitted from host: <54.193.83.104:5821?addrs=54.193.83.104-5821>
    DAG Node: clean_up_local_level_4_0
    pool:local
...
001 (9222.000.000) 01/06 14:46:28 Job executing on host: <54.193.83.104:48640?addrs=54.193.83.104-48640>
...
000 (9223.000.000) 01/06 14:46:28 Job submitted from host: <54.193.83.104:5821?addrs=54.193.83.104-5821>
    DAG Node: statscpumemory_0_ID0000003
    pool:condorpool
...
000 (9224.000.000) 01/06 14:46:28 Job submitted from host: <54.193.83.104:5821?addrs=54.193.83.104-5821>
    DAG Node: medianmemory_0_ID0000005
    pool:condorpool
...
000 (9225.000.000) 01/06 14:46:28 Job submitted from host: <54.193.83.104:5821?addrs=54.193.83.104-5821>
    DAG Node: mediancpu_0_ID0000004
    pool:condorpool
...
005 (9222.000.000) 01/06 14:46:32 Job terminated.
	(1) Normal termination (return value 0)
		Usr 0 00:00:00, Sys 0 00:00:00  -  Run Remote Usage
		Usr 0 00:00:00, Sys 0 00:00:00  -  Run Local Usage
		Usr 0 00:00:00, Sys 0 00:00:00  -  Total Remote Usage
		Usr 0 00:00:00, Sys 0 00:00:00  -  Total Local Usage
	0  -  Run Bytes Sent By Job
	0  -  Run Bytes Received By Job
	0  -  Total Bytes Sent By Job
	0  -  Total Bytes Received By Job
...
001 (9223.000.000) 01/06 14:46:48 Job executing on host: <54.186.88.75:4133?addrs=54.186.88.75-4133&noUDP>
...
001 (9224.000.000) 01/06 14:46:48 Job executing on host: <54.200.100.92:25261?addrs=54.200.100.92-25261&noUDP>
...
001 (9225.000.000) 01/06 14:46:48 Job executing on host: <54.202.148.185:30052?addrs=54.202.148.185-30052&noUDP>
...
006 (9223.000.000) 01/06 14:46:57 Image size of job updated: 2
	2  -  MemoryUsage of job (MB)
	1644  -  ResidentSetSize of job (KB)
...
006 (9224.000.000) 01/06 14:46:57 Image size of job updated: 2
	2  -  MemoryUsage of job (MB)
	1660  -  ResidentSetSize of job (KB)
...
006 (9225.000.000) 01/06 14:46:58 Image size of job updated: 769032
	148  -  MemoryUsage of job (MB)
	151008  -  ResidentSetSize of job (KB)
...
006 (9223.000.000) 01/06 14:51:58 Image size of job updated: 762368
	138  -  MemoryUsage of job (MB)
	141280  -  ResidentSetSize of job (KB)
...
006 (9224.000.000) 01/06 14:51:58 Image size of job updated: 784976
	145  -  MemoryUsage of job (MB)
	147720  -  ResidentSetSize of job (KB)
...
006 (9225.000.000) 01/06 14:51:59 Image size of job updated: 785368
	160  -  MemoryUsage of job (MB)
	162960  -  ResidentSetSize of job (KB)
...
006 (9224.000.000) 01/06 14:56:58 Image size of job updated: 784976
	153  -  MemoryUsage of job (MB)
	156396  -  ResidentSetSize of job (KB)
...
006 (9224.000.000) 01/06 15:01:59 Image size of job updated: 785128
	153  -  MemoryUsage of job (MB)
	156396  -  ResidentSetSize of job (KB)
...
006 (9223.000.000) 01/06 15:02:00 Image size of job updated: 763764
	138  -  MemoryUsage of job (MB)
	141280  -  ResidentSetSize of job (KB)
...
006 (9225.000.000) 01/06 15:02:00 Image size of job updated: 785384
	160  -  MemoryUsage of job (MB)
	162960  -  ResidentSetSize of job (KB)
...
006 (9225.000.000) 01/06 15:12:01 Image size of job updated: 788264
	163  -  MemoryUsage of job (MB)
	166584  -  ResidentSetSize of job (KB)
...
006 (9224.000.000) 01/06 15:17:00 Image size of job updated: 785128
	153  -  MemoryUsage of job (MB)
	156532  -  ResidentSetSize of job (KB)
...
006 (9223.000.000) 01/06 15:27:02 Image size of job updated: 767320
	138  -  MemoryUsage of job (MB)
	141280  -  ResidentSetSize of job (KB)
...
006 (9224.000.000) 01/06 15:32:01 Image size of job updated: 785128
	159  -  MemoryUsage of job (MB)
	161816  -  ResidentSetSize of job (KB)
...
006 (9223.000.000) 01/06 15:47:05 Image size of job updated: 767320
	140  -  MemoryUsage of job (MB)
	143040  -  ResidentSetSize of job (KB)
...
006 (9224.000.000) 01/06 15:57:02 Image size of job updated: 785128
	159  -  MemoryUsage of job (MB)
	161884  -  ResidentSetSize of job (KB)
...
006 (9224.000.000) 01/06 16:02:03 Image size of job updated: 785128
	160  -  MemoryUsage of job (MB)
	163064  -  ResidentSetSize of job (KB)
...
006 (9223.000.000) 01/06 16:02:07 Image size of job updated: 786416
	147  -  MemoryUsage of job (MB)
	149580  -  ResidentSetSize of job (KB)
...
006 (9224.000.000) 01/06 16:07:03 Image size of job updated: 799240
	160  -  MemoryUsage of job (MB)
	163064  -  ResidentSetSize of job (KB)
...
006 (9225.000.000) 01/06 16:07:09 Image size of job updated: 804304
	163  -  MemoryUsage of job (MB)
	166584  -  ResidentSetSize of job (KB)
...
006 (9225.000.000) 01/06 16:12:10 Image size of job updated: 807572
	163  -  MemoryUsage of job (MB)
	166584  -  ResidentSetSize of job (KB)
...
006 (9224.000.000) 01/06 16:17:04 Image size of job updated: 800708
	160  -  MemoryUsage of job (MB)
	163064  -  ResidentSetSize of job (KB)
...
006 (9225.000.000) 01/06 16:17:10 Image size of job updated: 807572
	163  -  MemoryUsage of job (MB)
	166848  -  ResidentSetSize of job (KB)
...
006 (9224.000.000) 01/06 16:22:04 Image size of job updated: 801864
	160  -  MemoryUsage of job (MB)
	163064  -  ResidentSetSize of job (KB)
...
006 (9225.000.000) 01/06 16:22:11 Image size of job updated: 808280
	163  -  MemoryUsage of job (MB)
	166848  -  ResidentSetSize of job (KB)
...
006 (9224.000.000) 01/06 16:27:04 Image size of job updated: 804664
	160  -  MemoryUsage of job (MB)
	163064  -  ResidentSetSize of job (KB)
...
006 (9225.000.000) 01/06 16:27:12 Image size of job updated: 808540
	163  -  MemoryUsage of job (MB)
	166848  -  ResidentSetSize of job (KB)
...
006 (9223.000.000) 01/06 16:37:09 Image size of job updated: 787656
	147  -  MemoryUsage of job (MB)
	149580  -  ResidentSetSize of job (KB)
...
005 (9223.000.000) 01/06 17:08:55 Job terminated.
	(1) Normal termination (return value 0)
		Usr 0 01:52:57, Sys 0 00:01:15  -  Run Remote Usage
		Usr 0 00:00:00, Sys 0 00:00:00  -  Run Local Usage
		Usr 0 01:52:57, Sys 0 00:01:15  -  Total Remote Usage
		Usr 0 00:00:00, Sys 0 00:00:00  -  Total Local Usage
	6624  -  Run Bytes Sent By Job
	3171357  -  Run Bytes Received By Job
	6624  -  Total Bytes Sent By Job
	3171357  -  Total Bytes Received By Job
	Partitionable Resources :    Usage  Request Allocated
	   Cpus                 :                 1         1
	   Disk (KB)            :     6110     3250  27750256
	   Memory (MB)          :      147        1      3764
...
006 (9225.000.000) 01/06 18:27:24 Image size of job updated: 808540
	164  -  MemoryUsage of job (MB)
	166964  -  ResidentSetSize of job (KB)
...
006 (9225.000.000) 01/06 18:32:26 Image size of job updated: 809780
	164  -  MemoryUsage of job (MB)
	166964  -  ResidentSetSize of job (KB)
...
005 (9224.000.000) 01/06 18:40:27 Job terminated.
	(1) Normal termination (return value 0)
		Usr 0 01:56:33, Sys 0 00:01:24  -  Run Remote Usage
		Usr 0 00:00:00, Sys 0 00:00:00  -  Run Local Usage
		Usr 0 01:56:33, Sys 0 00:01:24  -  Total Remote Usage
		Usr 0 00:00:00, Sys 0 00:00:00  -  Total Local Usage
	379261  -  Run Bytes Sent By Job
	3169052  -  Run Bytes Received By Job
	379261  -  Total Bytes Sent By Job
	3169052  -  Total Bytes Received By Job
	Partitionable Resources :    Usage  Request Allocated
	   Cpus                 :                 1         1
	   Disk (KB)            :  6146918     3250  27753400
	   Memory (MB)          :      160        1      3764
...
005 (9225.000.000) 01/06 18:40:30 Job terminated.
	(1) Normal termination (return value 0)
		Usr 0 01:54:34, Sys 0 00:01:17  -  Run Remote Usage
		Usr 0 00:00:00, Sys 0 00:00:00  -  Run Local Usage
		Usr 0 01:54:34, Sys 0 00:01:17  -  Total Remote Usage
		Usr 0 00:00:00, Sys 0 00:00:00  -  Total Local Usage
	381724  -  Run Bytes Sent By Job
	3169016  -  Run Bytes Received By Job
	381724  -  Total Bytes Sent By Job
	3169016  -  Total Bytes Received By Job
	Partitionable Resources :    Usage  Request Allocated
	   Cpus                 :                 1         1
	   Disk (KB)            :  6010726     3250  27777856
	   Memory (MB)          :      164        1      3764
...
000 (9226.000.000) 01/06 18:40:42 Job submitted from host: <54.193.83.104:5821?addrs=54.193.83.104-5821>
    DAG Node: clean_up_local_level_5_0
    pool:local
...
000 (9227.000.000) 01/06 18:40:42 Job submitted from host: <54.193.83.104:5821?addrs=54.193.83.104-5821>
    DAG Node: taskevent_6_ID0000012
    pool:condorpool
...
001 (9226.000.000) 01/06 18:40:42 Job executing on host: <54.193.83.104:30752?addrs=54.193.83.104-30752>
...
000 (9228.000.000) 01/06 18:40:42 Job submitted from host: <54.193.83.104:5821?addrs=54.193.83.104-5821>
    DAG Node: taskevent_0_ID0000006
    pool:condorpool
...
000 (9229.000.000) 01/06 18:40:42 Job submitted from host: <54.193.83.104:5821?addrs=54.193.83.104-5821>
    DAG Node: taskevent_3_ID0000009
    pool:condorpool
...
000 (9230.000.000) 01/06 18:40:43 Job submitted from host: <54.193.83.104:5821?addrs=54.193.83.104-5821>
    DAG Node: taskevent_1_ID0000007
    pool:condorpool
...
000 (9231.000.000) 01/06 18:40:48 Job submitted from host: <54.193.83.104:5821?addrs=54.193.83.104-5821>
    DAG Node: taskevent_5_ID0000011
    pool:condorpool
...
000 (9232.000.000) 01/06 18:40:48 Job submitted from host: <54.193.83.104:5821?addrs=54.193.83.104-5821>
    DAG Node: taskevent_4_ID0000010
    pool:condorpool
...
000 (9233.000.000) 01/06 18:40:48 Job submitted from host: <54.193.83.104:5821?addrs=54.193.83.104-5821>
    DAG Node: taskevent_2_ID0000008
    pool:condorpool
...
000 (9234.000.000) 01/06 18:40:48 Job submitted from host: <54.193.83.104:5821?addrs=54.193.83.104-5821>
    DAG Node: taskevent_8_ID0000014
    pool:condorpool
...
000 (9235.000.000) 01/06 18:40:48 Job submitted from host: <54.193.83.104:5821?addrs=54.193.83.104-5821>
    DAG Node: taskevent_7_ID0000013
    pool:condorpool
...
005 (9226.000.000) 01/06 18:40:50 Job terminated.
	(1) Normal termination (return value 0)
		Usr 0 00:00:00, Sys 0 00:00:00  -  Run Remote Usage
		Usr 0 00:00:00, Sys 0 00:00:00  -  Run Local Usage
		Usr 0 00:00:00, Sys 0 00:00:00  -  Total Remote Usage
		Usr 0 00:00:00, Sys 0 00:00:00  -  Total Local Usage
	0  -  Run Bytes Sent By Job
	0  -  Run Bytes Received By Job
	0  -  Total Bytes Sent By Job
	0  -  Total Bytes Received By Job
...
000 (9236.000.000) 01/06 18:40:53 Job submitted from host: <54.193.83.104:5821?addrs=54.193.83.104-5821>
    DAG Node: clean_up_local_level_5_1
    pool:local
...
001 (9236.000.000) 01/06 18:40:57 Job executing on host: <54.193.83.104:55934?addrs=54.193.83.104-55934>
...
005 (9236.000.000) 01/06 18:41:02 Job terminated.
	(1) Normal termination (return value 0)
		Usr 0 00:00:00, Sys 0 00:00:00  -  Run Remote Usage
		Usr 0 00:00:00, Sys 0 00:00:00  -  Run Local Usage
		Usr 0 00:00:00, Sys 0 00:00:00  -  Total Remote Usage
		Usr 0 00:00:00, Sys 0 00:00:00  -  Total Local Usage
	0  -  Run Bytes Sent By Job
	0  -  Run Bytes Received By Job
	0  -  Total Bytes Sent By Job
	0  -  Total Bytes Received By Job
...
001 (9229.000.000) 01/06 18:41:03 Job executing on host: <54.202.148.185:30052?addrs=54.202.148.185-30052&noUDP>
...
001 (9228.000.000) 01/06 18:41:03 Job executing on host: <54.200.100.92:25261?addrs=54.200.100.92-25261&noUDP>
...
001 (9233.000.000) 01/06 18:41:03 Job executing on host: <54.202.152.114:13963?addrs=54.202.152.114-13963&noUDP>
...
001 (9230.000.000) 01/06 18:41:03 Job executing on host: <54.213.142.20:24661?addrs=54.213.142.20-24661&noUDP>
...
001 (9234.000.000) 01/06 18:41:03 Job executing on host: <54.214.106.175:36390?addrs=54.214.106.175-36390&noUDP>
...
001 (9231.000.000) 01/06 18:41:03 Job executing on host: <54.187.173.210:60202?addrs=54.187.173.210-60202&noUDP>
...
001 (9235.000.000) 01/06 18:41:03 Job executing on host: <54.202.158.66:61814?addrs=54.202.158.66-61814&noUDP>
...
001 (9232.000.000) 01/06 18:41:03 Job executing on host: <54.201.179.198:4880?addrs=54.201.179.198-4880&noUDP>
...
001 (9227.000.000) 01/06 18:41:03 Job executing on host: <54.186.88.75:4133?addrs=54.186.88.75-4133&noUDP>
...
006 (9229.000.000) 01/06 18:41:11 Image size of job updated: 2
	2  -  MemoryUsage of job (MB)
	1656  -  ResidentSetSize of job (KB)
...
006 (9228.000.000) 01/06 18:41:11 Image size of job updated: 2
	2  -  MemoryUsage of job (MB)
	1656  -  ResidentSetSize of job (KB)
...
006 (9233.000.000) 01/06 18:41:11 Image size of job updated: 2
	2  -  MemoryUsage of job (MB)
	1656  -  ResidentSetSize of job (KB)
...
006 (9232.000.000) 01/06 18:41:11 Image size of job updated: 2
	2  -  MemoryUsage of job (MB)
	1656  -  ResidentSetSize of job (KB)
...
006 (9230.000.000) 01/06 18:41:12 Image size of job updated: 2
	2  -  MemoryUsage of job (MB)
	1652  -  ResidentSetSize of job (KB)
...
006 (9234.000.000) 01/06 18:41:12 Image size of job updated: 2
	2  -  MemoryUsage of job (MB)
	1656  -  ResidentSetSize of job (KB)
...
006 (9231.000.000) 01/06 18:41:12 Image size of job updated: 2
	2  -  MemoryUsage of job (MB)
	1656  -  ResidentSetSize of job (KB)
...
006 (9235.000.000) 01/06 18:41:12 Image size of job updated: 674836
	16  -  MemoryUsage of job (MB)
	15968  -  ResidentSetSize of job (KB)
...
006 (9227.000.000) 01/06 18:41:12 Image size of job updated: 674840
	18  -  MemoryUsage of job (MB)
	17976  -  ResidentSetSize of job (KB)
...
006 (9229.000.000) 01/06 18:46:11 Image size of job updated: 675096
	16  -  MemoryUsage of job (MB)
	16240  -  ResidentSetSize of job (KB)
...
006 (9233.000.000) 01/06 18:46:11 Image size of job updated: 792128
	124  -  MemoryUsage of job (MB)
	126504  -  ResidentSetSize of job (KB)
...
006 (9228.000.000) 01/06 18:46:11 Image size of job updated: 795184
	125  -  MemoryUsage of job (MB)
	127528  -  ResidentSetSize of job (KB)
...
006 (9232.000.000) 01/06 18:46:12 Image size of job updated: 781780
	121  -  MemoryUsage of job (MB)
	123012  -  ResidentSetSize of job (KB)
...
006 (9230.000.000) 01/06 18:46:12 Image size of job updated: 796320
	127  -  MemoryUsage of job (MB)
	129176  -  ResidentSetSize of job (KB)
...
006 (9234.000.000) 01/06 18:46:12 Image size of job updated: 674840
	16  -  MemoryUsage of job (MB)
	15984  -  ResidentSetSize of job (KB)
...
006 (9235.000.000) 01/06 18:46:14 Image size of job updated: 675092
	18  -  MemoryUsage of job (MB)
	18028  -  ResidentSetSize of job (KB)
...
006 (9231.000.000) 01/06 18:46:14 Image size of job updated: 795252
	128  -  MemoryUsage of job (MB)
	130140  -  ResidentSetSize of job (KB)
...
006 (9228.000.000) 01/06 18:51:12 Image size of job updated: 797816
	135  -  MemoryUsage of job (MB)
	137548  -  ResidentSetSize of job (KB)
...
006 (9234.000.000) 01/06 18:51:13 Image size of job updated: 782420
	121  -  MemoryUsage of job (MB)
	123760  -  ResidentSetSize of job (KB)
...
006 (9233.000.000) 01/06 18:51:13 Image size of job updated: 792128
	128  -  MemoryUsage of job (MB)
	130588  -  ResidentSetSize of job (KB)
...
006 (9232.000.000) 01/06 18:51:13 Image size of job updated: 798176
	124  -  MemoryUsage of job (MB)
	126212  -  ResidentSetSize of job (KB)
...
006 (9230.000.000) 01/06 18:51:13 Image size of job updated: 797104
	127  -  MemoryUsage of job (MB)
	129176  -  ResidentSetSize of job (KB)
...
006 (9229.000.000) 01/06 18:51:13 Image size of job updated: 782672
	122  -  MemoryUsage of job (MB)
	124404  -  ResidentSetSize of job (KB)
...
006 (9231.000.000) 01/06 18:51:14 Image size of job updated: 796668
	133  -  MemoryUsage of job (MB)
	135368  -  ResidentSetSize of job (KB)
...
006 (9230.000.000) 01/06 18:56:13 Image size of job updated: 798428
	132  -  MemoryUsage of job (MB)
	134924  -  ResidentSetSize of job (KB)
...
006 (9228.000.000) 01/06 18:56:13 Image size of job updated: 797952
	135  -  MemoryUsage of job (MB)
	137548  -  ResidentSetSize of job (KB)
...
006 (9233.000.000) 01/06 18:56:14 Image size of job updated: 808276
	129  -  MemoryUsage of job (MB)
	131188  -  ResidentSetSize of job (KB)
...
006 (9232.000.000) 01/06 18:56:14 Image size of job updated: 798656
	125  -  MemoryUsage of job (MB)
	127556  -  ResidentSetSize of job (KB)
...
006 (9229.000.000) 01/06 18:56:14 Image size of job updated: 793112
	125  -  MemoryUsage of job (MB)
	127960  -  ResidentSetSize of job (KB)
...
006 (9235.000.000) 01/06 18:56:14 Image size of job updated: 708564
	31  -  MemoryUsage of job (MB)
	31640  -  ResidentSetSize of job (KB)
...
006 (9231.000.000) 01/06 18:56:14 Image size of job updated: 812204
	133  -  MemoryUsage of job (MB)
	135368  -  ResidentSetSize of job (KB)
...
006 (9228.000.000) 01/06 19:01:13 Image size of job updated: 798364
	135  -  MemoryUsage of job (MB)
	137548  -  ResidentSetSize of job (KB)
...
006 (9233.000.000) 01/06 19:01:14 Image size of job updated: 809824
	129  -  MemoryUsage of job (MB)
	131948  -  ResidentSetSize of job (KB)
...
006 (9231.000.000) 01/06 19:01:14 Image size of job updated: 818520
	133  -  MemoryUsage of job (MB)
	135368  -  ResidentSetSize of job (KB)
...
006 (9228.000.000) 01/06 19:06:14 Image size of job updated: 798364
	135  -  MemoryUsage of job (MB)
	137576  -  ResidentSetSize of job (KB)
...
006 (9233.000.000) 01/06 19:06:14 Image size of job updated: 818020
	129  -  MemoryUsage of job (MB)
	132012  -  ResidentSetSize of job (KB)
...
006 (9232.000.000) 01/06 19:06:14 Image size of job updated: 798656
	135  -  MemoryUsage of job (MB)
	137632  -  ResidentSetSize of job (KB)
...
006 (9230.000.000) 01/06 19:11:15 Image size of job updated: 798428
	134  -  MemoryUsage of job (MB)
	136520  -  ResidentSetSize of job (KB)
...
006 (9231.000.000) 01/06 19:11:17 Image size of job updated: 818520
	137  -  MemoryUsage of job (MB)
	139932  -  ResidentSetSize of job (KB)
...
006 (9228.000.000) 01/06 19:16:15 Image size of job updated: 798364
	135  -  MemoryUsage of job (MB)
	137640  -  ResidentSetSize of job (KB)
...
006 (9234.000.000) 01/06 19:21:15 Image size of job updated: 785792
	125  -  MemoryUsage of job (MB)
	127236  -  ResidentSetSize of job (KB)
...
006 (9233.000.000) 01/06 19:21:16 Image size of job updated: 818020
	130  -  MemoryUsage of job (MB)
	132564  -  ResidentSetSize of job (KB)
...
006 (9230.000.000) 01/06 19:26:17 Image size of job updated: 798516
	135  -  MemoryUsage of job (MB)
	138036  -  ResidentSetSize of job (KB)
...
005 (9231.000.000) 01/06 19:35:10 Job terminated.
	(1) Normal termination (return value 0)
		Usr 0 00:08:01, Sys 0 00:00:07  -  Run Remote Usage
		Usr 0 00:00:00, Sys 0 00:00:00  -  Run Local Usage
		Usr 0 00:08:01, Sys 0 00:00:07  -  Total Remote Usage
		Usr 0 00:00:00, Sys 0 00:00:00  -  Total Local Usage
	8795  -  Run Bytes Sent By Job
	3175876  -  Run Bytes Received By Job
	8795  -  Total Bytes Sent By Job
	3175876  -  Total Bytes Received By Job
	Partitionable Resources :    Usage  Request Allocated
	   Cpus                 :                 1         1
	   Disk (KB)            :     6119     3250  27751888
	   Memory (MB)          :      137        1      3764
...
006 (9234.000.000) 01/06 19:36:17 Image size of job updated: 786140
	125  -  MemoryUsage of job (MB)
	127528  -  ResidentSetSize of job (KB)
...
006 (9232.000.000) 01/06 19:36:17 Image size of job updated: 798924
	135  -  MemoryUsage of job (MB)
	137632  -  ResidentSetSize of job (KB)
...
006 (9233.000.000) 01/06 19:36:18 Image size of job updated: 818020
	135  -  MemoryUsage of job (MB)
	138160  -  ResidentSetSize of job (KB)
...
006 (9230.000.000) 01/06 19:36:19 Image size of job updated: 814712
	135  -  MemoryUsage of job (MB)
	138036  -  ResidentSetSize of job (KB)
...
006 (9228.000.000) 01/06 19:41:18 Image size of job updated: 802444
	135  -  MemoryUsage of job (MB)
	137640  -  ResidentSetSize of job (KB)
...
006 (9227.000.000) 01/06 19:41:18 Image size of job updated: 675096
	18  -  MemoryUsage of job (MB)
	18148  -  ResidentSetSize of job (KB)
...
006 (9230.000.000) 01/06 19:41:19 Image size of job updated: 816232
	135  -  MemoryUsage of job (MB)
	138036  -  ResidentSetSize of job (KB)
...
006 (9228.000.000) 01/06 19:46:18 Image size of job updated: 817968
	135  -  MemoryUsage of job (MB)
	137996  -  ResidentSetSize of job (KB)
...
006 (9234.000.000) 01/06 20:01:19 Image size of job updated: 786624
	126  -  MemoryUsage of job (MB)
	128004  -  ResidentSetSize of job (KB)
...
006 (9230.000.000) 01/06 20:01:21 Image size of job updated: 821836
	135  -  MemoryUsage of job (MB)
	138036  -  ResidentSetSize of job (KB)
...
006 (9234.000.000) 01/06 20:16:20 Image size of job updated: 787664
	126  -  MemoryUsage of job (MB)
	128812  -  ResidentSetSize of job (KB)
...
005 (9234.000.000) 01/06 21:13:09 Job terminated.
	(1) Normal termination (return value 0)
		Usr 0 00:00:35, Sys 0 00:00:02  -  Run Remote Usage
		Usr 0 00:00:00, Sys 0 00:00:00  -  Run Local Usage
		Usr 0 00:00:35, Sys 0 00:00:02  -  Total Remote Usage
		Usr 0 00:00:00, Sys 0 00:00:00  -  Total Local Usage
	8790  -  Run Bytes Sent By Job
	3175876  -  Run Bytes Received By Job
	8790  -  Total Bytes Sent By Job
	3175876  -  Total Bytes Received By Job
	Partitionable Resources :    Usage  Request Allocated
	   Cpus                 :                 1         1
	   Disk (KB)            :     6119     3250  27753124
	   Memory (MB)          :      126        1      3764
...
005 (9233.000.000) 01/06 21:13:15 Job terminated.
	(1) Normal termination (return value 0)
		Usr 0 00:04:17, Sys 0 00:00:04  -  Run Remote Usage
		Usr 0 00:00:00, Sys 0 00:00:00  -  Run Local Usage
		Usr 0 00:04:17, Sys 0 00:00:04  -  Total Remote Usage
		Usr 0 00:00:00, Sys 0 00:00:00  -  Total Local Usage
	8793  -  Run Bytes Sent By Job
	3175876  -  Run Bytes Received By Job
	8793  -  Total Bytes Sent By Job
	3175876  -  Total Bytes Received By Job
	Partitionable Resources :    Usage  Request Allocated
	   Cpus                 :                 1         1
	   Disk (KB)            :     6119     3250  27753036
	   Memory (MB)          :      135        1      3764
...
006 (9232.000.000) 01/06 21:16:27 Image size of job updated: 817028
	135  -  MemoryUsage of job (MB)
	137632  -  ResidentSetSize of job (KB)
...
006 (9227.000.000) 01/06 21:16:28 Image size of job updated: 713580
	36  -  MemoryUsage of job (MB)
	36628  -  ResidentSetSize of job (KB)
...
006 (9229.000.000) 01/06 21:16:28 Image size of job updated: 816920
	127  -  MemoryUsage of job (MB)
	129676  -  ResidentSetSize of job (KB)
...
005 (9235.000.000) 01/06 21:17:53 Job terminated.
	(1) Normal termination (return value 0)
		Usr 0 00:00:12, Sys 0 00:00:03  -  Run Remote Usage
		Usr 0 00:00:00, Sys 0 00:00:00  -  Run Local Usage
		Usr 0 00:00:12, Sys 0 00:00:03  -  Total Remote Usage
		Usr 0 00:00:00, Sys 0 00:00:00  -  Total Local Usage
	8787  -  Run Bytes Sent By Job
	3175876  -  Run Bytes Received By Job
	8787  -  Total Bytes Sent By Job
	3175876  -  Total Bytes Received By Job
	Partitionable Resources :    Usage  Request Allocated
	   Cpus                 :                 1         1
	   Disk (KB)            :     6119     3250  27745736
	   Memory (MB)          :       31        1      3764
...
005 (9229.000.000) 01/06 21:18:08 Job terminated.
	(1) Normal termination (return value 0)
		Usr 0 00:08:03, Sys 0 00:00:08  -  Run Remote Usage
		Usr 0 00:00:00, Sys 0 00:00:00  -  Run Local Usage
		Usr 0 00:08:03, Sys 0 00:00:08  -  Total Remote Usage
		Usr 0 00:00:00, Sys 0 00:00:00  -  Total Local Usage
	8795  -  Run Bytes Sent By Job
	3175876  -  Run Bytes Received By Job
	8795  -  Total Bytes Sent By Job
	3175876  -  Total Bytes Received By Job
	Partitionable Resources :    Usage  Request Allocated
	   Cpus                 :                 1         1
	   Disk (KB)            :     6119     3250  27770864
	   Memory (MB)          :      127        1      3764
...
006 (9232.000.000) 01/06 21:18:26 Image size of job updated: 817032
	135  -  MemoryUsage of job (MB)
	137632  -  ResidentSetSize of job (KB)
...
005 (9232.000.000) 01/06 21:18:26 Job terminated.
	(1) Normal termination (return value 0)
		Usr 0 00:10:27, Sys 0 00:00:11  -  Run Remote Usage
		Usr 0 00:00:00, Sys 0 00:00:00  -  Run Local Usage
		Usr 0 00:10:27, Sys 0 00:00:11  -  Total Remote Usage
		Usr 0 00:00:00, Sys 0 00:00:00  -  Total Local Usage
	8796  -  Run Bytes Sent By Job
	3175876  -  Run Bytes Received By Job
	8796  -  Total Bytes Sent By Job
	3175876  -  Total Bytes Received By Job
	Partitionable Resources :    Usage  Request Allocated
	   Cpus                 :                 1         1
	   Disk (KB)            :     6119     3250  27752976
	   Memory (MB)          :      135        1      3764
...
000 (9237.000.000) 01/06 21:18:37 Job submitted from host: <54.193.83.104:5821?addrs=54.193.83.104-5821>
    DAG Node: clean_up_local_level_6_1
    pool:local
...
001 (9237.000.000) 01/06 21:18:38 Job executing on host: <54.193.83.104:38711?addrs=54.193.83.104-38711>
...
005 (9237.000.000) 01/06 21:18:54 Job terminated.
	(1) Normal termination (return value 0)
		Usr 0 00:00:00, Sys 0 00:00:00  -  Run Remote Usage
		Usr 0 00:00:00, Sys 0 00:00:00  -  Run Local Usage
		Usr 0 00:00:00, Sys 0 00:00:00  -  Total Remote Usage
		Usr 0 00:00:00, Sys 0 00:00:00  -  Total Local Usage
	0  -  Run Bytes Sent By Job
	0  -  Run Bytes Received By Job
	0  -  Total Bytes Sent By Job
	0  -  Total Bytes Received By Job
...
005 (9230.000.000) 01/06 22:15:05 Job terminated.
	(1) Normal termination (return value 0)
		Usr 0 00:40:12, Sys 0 00:00:32  -  Run Remote Usage
		Usr 0 00:00:00, Sys 0 00:00:00  -  Run Local Usage
		Usr 0 00:40:12, Sys 0 00:00:32  -  Total Remote Usage
		Usr 0 00:00:00, Sys 0 00:00:00  -  Total Local Usage
	8800  -  Run Bytes Sent By Job
	3175876  -  Run Bytes Received By Job
	8800  -  Total Bytes Sent By Job
	3175876  -  Total Bytes Received By Job
	Partitionable Resources :    Usage  Request Allocated
	   Cpus                 :                 1         1
	   Disk (KB)            :     6119     3250  27751796
	   Memory (MB)          :      135        1      3764
...
006 (9228.000.000) 01/06 22:31:36 Image size of job updated: 817968
	135  -  MemoryUsage of job (MB)
	138204  -  ResidentSetSize of job (KB)
...
005 (9228.000.000) 01/06 22:35:17 Job terminated.
	(1) Normal termination (return value 0)
		Usr 0 00:41:02, Sys 0 00:00:35  -  Run Remote Usage
		Usr 0 00:00:00, Sys 0 00:00:00  -  Run Local Usage
		Usr 0 00:41:02, Sys 0 00:00:35  -  Total Remote Usage
		Usr 0 00:00:00, Sys 0 00:00:00  -  Total Local Usage
	8801  -  Run Bytes Sent By Job
	3175876  -  Run Bytes Received By Job
	8801  -  Total Bytes Sent By Job
	3175876  -  Total Bytes Received By Job
	Partitionable Resources :    Usage  Request Allocated
	   Cpus                 :                 1         1
	   Disk (KB)            :     6119     3250  27752520
	   Memory (MB)          :      135        1      3764
...
004 (9227.000.000) 01/06 23:24:17 Job was evicted.
	(0) Job was not checkpointed.
		Usr 0 00:00:23, Sys 0 00:00:05  -  Run Remote Usage
		Usr 0 00:00:00, Sys 0 00:00:00  -  Run Local Usage
	0  -  Run Bytes Sent By Job
	3175876  -  Run Bytes Received By Job
	Partitionable Resources :    Usage  Request Allocated
	   Cpus                 :                 1         1
	   Disk (KB)            :     6123     3250  27749444
	   Memory (MB)          :       36        1      3764
...
009 (9227.000.000) 01/06 23:24:17 Job was aborted by the user.
	removed because <OtherJobRemoveRequirements = DAGManJobId =?= 9195> fired when job (9195.0) was removed
...
