000 (8746.000.000) 12/12 12:27:36 Job submitted from host: <54.67.10.246:6432?addrs=54.67.10.246-6432>
    DAG Node: create_dir_example_workflow_0_local
    pool:local
...
001 (8746.000.000) 12/12 12:27:37 Job executing on host: <54.67.10.246:58917?addrs=54.67.10.246-58917>
...
005 (8746.000.000) 12/12 12:27:39 Job terminated.
	(1) Normal termination (return value 0)
		Usr 0 00:00:00, Sys 0 00:00:00  -  Run Remote Usage
		Usr 0 00:00:00, Sys 0 00:00:00  -  Run Local Usage
		Usr 0 00:00:00, Sys 0 00:00:00  -  Total Remote Usage
		Usr 0 00:00:00, Sys 0 00:00:00  -  Total Local Usage
	0  -  Run Bytes Sent By Job
	0  -  Run Bytes Received By Job
	0  -  Total Bytes Sent By Job
	0  -  Total Bytes Received By Job
...
016 (8746.000.000) 12/12 12:27:41 POST Script terminated.
	(1) Normal termination (return value 0)
    DAG Node: create_dir_example_workflow_0_local
...
000 (8747.000.000) 12/12 12:27:51 Job submitted from host: <54.67.10.246:6432?addrs=54.67.10.246-6432>
    DAG Node: stage_in_local_local_0_0
    pool:local
...
001 (8747.000.000) 12/12 12:27:51 Job executing on host: <54.67.10.246:37089?addrs=54.67.10.246-37089>
...
000 (8748.000.000) 12/12 12:27:51 Job submitted from host: <54.67.10.246:6432?addrs=54.67.10.246-6432>
    DAG Node: stage_in_local_local_6_0
    pool:local
...
000 (8749.000.000) 12/12 12:27:51 Job submitted from host: <54.67.10.246:6432?addrs=54.67.10.246-6432>
    DAG Node: stage_in_remote_local_2_1
    pool:local
...
000 (8750.000.000) 12/12 12:27:51 Job submitted from host: <54.67.10.246:6432?addrs=54.67.10.246-6432>
    DAG Node: stage_in_remote_local_5_0
    pool:local
...
000 (8751.000.000) 12/12 12:27:51 Job submitted from host: <54.67.10.246:6432?addrs=54.67.10.246-6432>
    DAG Node: stage_in_local_local_2_0
    pool:local
...
005 (8747.000.000) 12/12 12:27:53 Job terminated.
	(1) Normal termination (return value 0)
		Usr 0 00:00:00, Sys 0 00:00:00  -  Run Remote Usage
		Usr 0 00:00:00, Sys 0 00:00:00  -  Run Local Usage
		Usr 0 00:00:00, Sys 0 00:00:00  -  Total Remote Usage
		Usr 0 00:00:00, Sys 0 00:00:00  -  Total Local Usage
	0  -  Run Bytes Sent By Job
	0  -  Run Bytes Received By Job
	0  -  Total Bytes Sent By Job
	0  -  Total Bytes Received By Job
...
001 (8748.000.000) 12/12 12:27:53 Job executing on host: <54.67.10.246:18282?addrs=54.67.10.246-18282>
...
001 (8751.000.000) 12/12 12:27:53 Job executing on host: <54.67.10.246:15647?addrs=54.67.10.246-15647>
...
001 (8750.000.000) 12/12 12:27:53 Job executing on host: <54.67.10.246:31063?addrs=54.67.10.246-31063>
...
001 (8749.000.000) 12/12 12:27:53 Job executing on host: <54.67.10.246:20033?addrs=54.67.10.246-20033>
...
005 (8750.000.000) 12/12 12:27:56 Job terminated.
	(1) Normal termination (return value 0)
		Usr 0 00:00:00, Sys 0 00:00:00  -  Run Remote Usage
		Usr 0 00:00:00, Sys 0 00:00:00  -  Run Local Usage
		Usr 0 00:00:00, Sys 0 00:00:00  -  Total Remote Usage
		Usr 0 00:00:00, Sys 0 00:00:00  -  Total Local Usage
	0  -  Run Bytes Sent By Job
	0  -  Run Bytes Received By Job
	0  -  Total Bytes Sent By Job
	0  -  Total Bytes Received By Job
...
005 (8748.000.000) 12/12 12:27:56 Job terminated.
	(1) Normal termination (return value 0)
		Usr 0 00:00:00, Sys 0 00:00:00  -  Run Remote Usage
		Usr 0 00:00:00, Sys 0 00:00:00  -  Run Local Usage
		Usr 0 00:00:00, Sys 0 00:00:00  -  Total Remote Usage
		Usr 0 00:00:00, Sys 0 00:00:00  -  Total Local Usage
	0  -  Run Bytes Sent By Job
	0  -  Run Bytes Received By Job
	0  -  Total Bytes Sent By Job
	0  -  Total Bytes Received By Job
...
005 (8749.000.000) 12/12 12:27:56 Job terminated.
	(1) Normal termination (return value 0)
		Usr 0 00:00:00, Sys 0 00:00:00  -  Run Remote Usage
		Usr 0 00:00:00, Sys 0 00:00:00  -  Run Local Usage
		Usr 0 00:00:00, Sys 0 00:00:00  -  Total Remote Usage
		Usr 0 00:00:00, Sys 0 00:00:00  -  Total Local Usage
	0  -  Run Bytes Sent By Job
	0  -  Run Bytes Received By Job
	0  -  Total Bytes Sent By Job
	0  -  Total Bytes Received By Job
...
000 (8752.000.000) 12/12 12:27:56 Job submitted from host: <54.67.10.246:6432?addrs=54.67.10.246-6432>
    DAG Node: stage_in_local_local_2_1
    pool:local
...
001 (8752.000.000) 12/12 12:27:56 Job executing on host: <54.67.10.246:30510?addrs=54.67.10.246-30510>
...
000 (8753.000.000) 12/12 12:27:56 Job submitted from host: <54.67.10.246:6432?addrs=54.67.10.246-6432>
    DAG Node: stage_in_remote_local_1_0
    pool:local
...
001 (8753.000.000) 12/12 12:27:56 Job executing on host: <54.67.10.246:27644?addrs=54.67.10.246-27644>
...
000 (8754.000.000) 12/12 12:27:56 Job submitted from host: <54.67.10.246:6432?addrs=54.67.10.246-6432>
    DAG Node: stage_in_local_local_3_0
    pool:local
...
001 (8754.000.000) 12/12 12:27:56 Job executing on host: <54.67.10.246:52209?addrs=54.67.10.246-52209>
...
000 (8755.000.000) 12/12 12:27:57 Job submitted from host: <54.67.10.246:6432?addrs=54.67.10.246-6432>
    DAG Node: stage_in_local_local_5_0
    pool:local
...
000 (8756.000.000) 12/12 12:27:57 Job submitted from host: <54.67.10.246:6432?addrs=54.67.10.246-6432>
    DAG Node: stage_in_local_local_4_0
    pool:local
...
016 (8749.000.000) 12/12 12:27:57 POST Script terminated.
	(1) Normal termination (return value 0)
    DAG Node: stage_in_remote_local_2_1
...
016 (8750.000.000) 12/12 12:27:57 POST Script terminated.
	(1) Normal termination (return value 0)
    DAG Node: stage_in_remote_local_5_0
...
016 (8748.000.000) 12/12 12:27:57 POST Script terminated.
	(1) Normal termination (return value 0)
    DAG Node: stage_in_local_local_6_0
...
016 (8747.000.000) 12/12 12:27:57 POST Script terminated.
	(1) Normal termination (return value 0)
    DAG Node: stage_in_local_local_0_0
...
005 (8751.000.000) 12/12 12:27:58 Job terminated.
	(1) Normal termination (return value 0)
		Usr 0 00:00:00, Sys 0 00:00:00  -  Run Remote Usage
		Usr 0 00:00:00, Sys 0 00:00:00  -  Run Local Usage
		Usr 0 00:00:00, Sys 0 00:00:00  -  Total Remote Usage
		Usr 0 00:00:00, Sys 0 00:00:00  -  Total Local Usage
	0  -  Run Bytes Sent By Job
	0  -  Run Bytes Received By Job
	0  -  Total Bytes Sent By Job
	0  -  Total Bytes Received By Job
...
001 (8755.000.000) 12/12 12:27:58 Job executing on host: <54.67.10.246:19801?addrs=54.67.10.246-19801>
...
001 (8756.000.000) 12/12 12:27:58 Job executing on host: <54.67.10.246:34110?addrs=54.67.10.246-34110>
...
005 (8753.000.000) 12/12 12:27:59 Job terminated.
	(1) Normal termination (return value 0)
		Usr 0 00:00:00, Sys 0 00:00:00  -  Run Remote Usage
		Usr 0 00:00:00, Sys 0 00:00:00  -  Run Local Usage
		Usr 0 00:00:00, Sys 0 00:00:00  -  Total Remote Usage
		Usr 0 00:00:00, Sys 0 00:00:00  -  Total Local Usage
	0  -  Run Bytes Sent By Job
	0  -  Run Bytes Received By Job
	0  -  Total Bytes Sent By Job
	0  -  Total Bytes Received By Job
...
005 (8752.000.000) 12/12 12:27:59 Job terminated.
	(1) Normal termination (return value 0)
		Usr 0 00:00:00, Sys 0 00:00:00  -  Run Remote Usage
		Usr 0 00:00:00, Sys 0 00:00:00  -  Run Local Usage
		Usr 0 00:00:00, Sys 0 00:00:00  -  Total Remote Usage
		Usr 0 00:00:00, Sys 0 00:00:00  -  Total Local Usage
	0  -  Run Bytes Sent By Job
	0  -  Run Bytes Received By Job
	0  -  Total Bytes Sent By Job
	0  -  Total Bytes Received By Job
...
005 (8754.000.000) 12/12 12:27:59 Job terminated.
	(1) Normal termination (return value 0)
		Usr 0 00:00:00, Sys 0 00:00:00  -  Run Remote Usage
		Usr 0 00:00:00, Sys 0 00:00:00  -  Run Local Usage
		Usr 0 00:00:00, Sys 0 00:00:00  -  Total Remote Usage
		Usr 0 00:00:00, Sys 0 00:00:00  -  Total Local Usage
	0  -  Run Bytes Sent By Job
	0  -  Run Bytes Received By Job
	0  -  Total Bytes Sent By Job
	0  -  Total Bytes Received By Job
...
005 (8755.000.000) 12/12 12:28:00 Job terminated.
	(1) Normal termination (return value 0)
		Usr 0 00:00:00, Sys 0 00:00:00  -  Run Remote Usage
		Usr 0 00:00:00, Sys 0 00:00:00  -  Run Local Usage
		Usr 0 00:00:00, Sys 0 00:00:00  -  Total Remote Usage
		Usr 0 00:00:00, Sys 0 00:00:00  -  Total Local Usage
	0  -  Run Bytes Sent By Job
	0  -  Run Bytes Received By Job
	0  -  Total Bytes Sent By Job
	0  -  Total Bytes Received By Job
...
005 (8756.000.000) 12/12 12:28:00 Job terminated.
	(1) Normal termination (return value 0)
		Usr 0 00:00:00, Sys 0 00:00:00  -  Run Remote Usage
		Usr 0 00:00:00, Sys 0 00:00:00  -  Run Local Usage
		Usr 0 00:00:00, Sys 0 00:00:00  -  Total Remote Usage
		Usr 0 00:00:00, Sys 0 00:00:00  -  Total Local Usage
	0  -  Run Bytes Sent By Job
	0  -  Run Bytes Received By Job
	0  -  Total Bytes Sent By Job
	0  -  Total Bytes Received By Job
...
000 (8757.000.000) 12/12 12:28:02 Job submitted from host: <54.67.10.246:6432?addrs=54.67.10.246-6432>
    DAG Node: stage_in_local_local_7_0
    pool:local
...
000 (8758.000.000) 12/12 12:28:03 Job submitted from host: <54.67.10.246:6432?addrs=54.67.10.246-6432>
    DAG Node: stage_in_local_local_1_0
    pool:local
...
000 (8759.000.000) 12/12 12:28:03 Job submitted from host: <54.67.10.246:6432?addrs=54.67.10.246-6432>
    DAG Node: stage_in_remote_local_4_1
    pool:local
...
000 (8760.000.000) 12/12 12:28:03 Job submitted from host: <54.67.10.246:6432?addrs=54.67.10.246-6432>
    DAG Node: stage_in_remote_local_4_0
    pool:local
...
000 (8761.000.000) 12/12 12:28:03 Job submitted from host: <54.67.10.246:6432?addrs=54.67.10.246-6432>
    DAG Node: stage_in_remote_local_2_0
    pool:local
...
016 (8756.000.000) 12/12 12:28:04 POST Script terminated.
	(1) Normal termination (return value 0)
    DAG Node: stage_in_local_local_4_0
...
016 (8754.000.000) 12/12 12:28:04 POST Script terminated.
	(1) Normal termination (return value 0)
    DAG Node: stage_in_local_local_3_0
...
016 (8752.000.000) 12/12 12:28:04 POST Script terminated.
	(1) Normal termination (return value 0)
    DAG Node: stage_in_local_local_2_1
...
016 (8753.000.000) 12/12 12:28:04 POST Script terminated.
	(1) Normal termination (return value 0)
    DAG Node: stage_in_remote_local_1_0
...
016 (8751.000.000) 12/12 12:28:04 POST Script terminated.
	(1) Normal termination (return value 0)
    DAG Node: stage_in_local_local_2_0
...
016 (8755.000.000) 12/12 12:28:04 POST Script terminated.
	(1) Normal termination (return value 0)
    DAG Node: stage_in_local_local_5_0
...
001 (8757.000.000) 12/12 12:28:07 Job executing on host: <54.67.10.246:43258?addrs=54.67.10.246-43258>
...
001 (8760.000.000) 12/12 12:28:07 Job executing on host: <54.67.10.246:31382?addrs=54.67.10.246-31382>
...
001 (8758.000.000) 12/12 12:28:07 Job executing on host: <54.67.10.246:38340?addrs=54.67.10.246-38340>
...
001 (8759.000.000) 12/12 12:28:07 Job executing on host: <54.67.10.246:40663?addrs=54.67.10.246-40663>
...
001 (8761.000.000) 12/12 12:28:07 Job executing on host: <54.67.10.246:11100?addrs=54.67.10.246-11100>
...
000 (8762.000.000) 12/12 12:28:08 Job submitted from host: <54.67.10.246:6432?addrs=54.67.10.246-6432>
    DAG Node: stage_in_remote_local_3_1
    pool:local
...
000 (8763.000.000) 12/12 12:28:08 Job submitted from host: <54.67.10.246:6432?addrs=54.67.10.246-6432>
    DAG Node: stage_in_remote_local_3_0
    pool:local
...
000 (8764.000.000) 12/12 12:28:08 Job submitted from host: <54.67.10.246:6432?addrs=54.67.10.246-6432>
    DAG Node: stage_in_remote_local_6_0
    pool:local
...
000 (8765.000.000) 12/12 12:28:08 Job submitted from host: <54.67.10.246:6432?addrs=54.67.10.246-6432>
    DAG Node: init_0_ID0000001
    pool:condorpool
...
005 (8757.000.000) 12/12 12:28:10 Job terminated.
	(1) Normal termination (return value 0)
		Usr 0 00:00:00, Sys 0 00:00:00  -  Run Remote Usage
		Usr 0 00:00:00, Sys 0 00:00:00  -  Run Local Usage
		Usr 0 00:00:00, Sys 0 00:00:00  -  Total Remote Usage
		Usr 0 00:00:00, Sys 0 00:00:00  -  Total Local Usage
	0  -  Run Bytes Sent By Job
	0  -  Run Bytes Received By Job
	0  -  Total Bytes Sent By Job
	0  -  Total Bytes Received By Job
...
001 (8763.000.000) 12/12 12:28:10 Job executing on host: <54.67.10.246:61535?addrs=54.67.10.246-61535>
...
001 (8762.000.000) 12/12 12:28:10 Job executing on host: <54.67.10.246:21523?addrs=54.67.10.246-21523>
...
001 (8764.000.000) 12/12 12:28:10 Job executing on host: <54.67.10.246:21048?addrs=54.67.10.246-21048>
...
005 (8759.000.000) 12/12 12:28:10 Job terminated.
	(1) Normal termination (return value 0)
		Usr 0 00:00:00, Sys 0 00:00:00  -  Run Remote Usage
		Usr 0 00:00:00, Sys 0 00:00:00  -  Run Local Usage
		Usr 0 00:00:00, Sys 0 00:00:00  -  Total Remote Usage
		Usr 0 00:00:00, Sys 0 00:00:00  -  Total Local Usage
	0  -  Run Bytes Sent By Job
	0  -  Run Bytes Received By Job
	0  -  Total Bytes Sent By Job
	0  -  Total Bytes Received By Job
...
005 (8758.000.000) 12/12 12:28:10 Job terminated.
	(1) Normal termination (return value 0)
		Usr 0 00:00:00, Sys 0 00:00:00  -  Run Remote Usage
		Usr 0 00:00:00, Sys 0 00:00:00  -  Run Local Usage
		Usr 0 00:00:00, Sys 0 00:00:00  -  Total Remote Usage
		Usr 0 00:00:00, Sys 0 00:00:00  -  Total Local Usage
	0  -  Run Bytes Sent By Job
	0  -  Run Bytes Received By Job
	0  -  Total Bytes Sent By Job
	0  -  Total Bytes Received By Job
...
005 (8760.000.000) 12/12 12:28:11 Job terminated.
	(1) Normal termination (return value 0)
		Usr 0 00:00:00, Sys 0 00:00:00  -  Run Remote Usage
		Usr 0 00:00:00, Sys 0 00:00:00  -  Run Local Usage
		Usr 0 00:00:00, Sys 0 00:00:00  -  Total Remote Usage
		Usr 0 00:00:00, Sys 0 00:00:00  -  Total Local Usage
	0  -  Run Bytes Sent By Job
	0  -  Run Bytes Received By Job
	0  -  Total Bytes Sent By Job
	0  -  Total Bytes Received By Job
...
005 (8761.000.000) 12/12 12:28:12 Job terminated.
	(1) Normal termination (return value 0)
		Usr 0 00:00:00, Sys 0 00:00:00  -  Run Remote Usage
		Usr 0 00:00:00, Sys 0 00:00:00  -  Run Local Usage
		Usr 0 00:00:00, Sys 0 00:00:00  -  Total Remote Usage
		Usr 0 00:00:00, Sys 0 00:00:00  -  Total Local Usage
	0  -  Run Bytes Sent By Job
	0  -  Run Bytes Received By Job
	0  -  Total Bytes Sent By Job
	0  -  Total Bytes Received By Job
...
005 (8762.000.000) 12/12 12:28:12 Job terminated.
	(1) Normal termination (return value 0)
		Usr 0 00:00:00, Sys 0 00:00:00  -  Run Remote Usage
		Usr 0 00:00:00, Sys 0 00:00:00  -  Run Local Usage
		Usr 0 00:00:00, Sys 0 00:00:00  -  Total Remote Usage
		Usr 0 00:00:00, Sys 0 00:00:00  -  Total Local Usage
	0  -  Run Bytes Sent By Job
	0  -  Run Bytes Received By Job
	0  -  Total Bytes Sent By Job
	0  -  Total Bytes Received By Job
...
005 (8764.000.000) 12/12 12:28:12 Job terminated.
	(1) Normal termination (return value 0)
		Usr 0 00:00:00, Sys 0 00:00:00  -  Run Remote Usage
		Usr 0 00:00:00, Sys 0 00:00:00  -  Run Local Usage
		Usr 0 00:00:00, Sys 0 00:00:00  -  Total Remote Usage
		Usr 0 00:00:00, Sys 0 00:00:00  -  Total Local Usage
	0  -  Run Bytes Sent By Job
	0  -  Run Bytes Received By Job
	0  -  Total Bytes Sent By Job
	0  -  Total Bytes Received By Job
...
016 (8757.000.000) 12/12 12:28:14 POST Script terminated.
	(1) Normal termination (return value 0)
    DAG Node: stage_in_local_local_7_0
...
016 (8760.000.000) 12/12 12:28:14 POST Script terminated.
	(1) Normal termination (return value 0)
    DAG Node: stage_in_remote_local_4_0
...
016 (8761.000.000) 12/12 12:28:14 POST Script terminated.
	(1) Normal termination (return value 0)
    DAG Node: stage_in_remote_local_2_0
...
016 (8764.000.000) 12/12 12:28:14 POST Script terminated.
	(1) Normal termination (return value 0)
    DAG Node: stage_in_remote_local_6_0
...
016 (8759.000.000) 12/12 12:28:14 POST Script terminated.
	(1) Normal termination (return value 0)
    DAG Node: stage_in_remote_local_4_1
...
016 (8762.000.000) 12/12 12:28:14 POST Script terminated.
	(1) Normal termination (return value 0)
    DAG Node: stage_in_remote_local_3_1
...
016 (8758.000.000) 12/12 12:28:14 POST Script terminated.
	(1) Normal termination (return value 0)
    DAG Node: stage_in_local_local_1_0
...
005 (8763.000.000) 12/12 12:28:14 Job terminated.
	(1) Normal termination (return value 0)
		Usr 0 00:00:00, Sys 0 00:00:00  -  Run Remote Usage
		Usr 0 00:00:00, Sys 0 00:00:00  -  Run Local Usage
		Usr 0 00:00:00, Sys 0 00:00:00  -  Total Remote Usage
		Usr 0 00:00:00, Sys 0 00:00:00  -  Total Local Usage
	0  -  Run Bytes Sent By Job
	0  -  Run Bytes Received By Job
	0  -  Total Bytes Sent By Job
	0  -  Total Bytes Received By Job
...
016 (8763.000.000) 12/12 12:28:18 POST Script terminated.
	(1) Normal termination (return value 0)
    DAG Node: stage_in_remote_local_3_0
...
001 (8765.000.000) 12/12 12:28:31 Job executing on host: <54.213.17.0:8127?addrs=54.213.17.0-8127&noUDP>
...
005 (8765.000.000) 12/12 12:34:25 Job terminated.
	(1) Normal termination (return value 0)
		Usr 0 00:00:00, Sys 0 00:00:00  -  Run Remote Usage
		Usr 0 00:00:00, Sys 0 00:00:00  -  Run Local Usage
		Usr 0 00:00:00, Sys 0 00:00:00  -  Total Remote Usage
		Usr 0 00:00:00, Sys 0 00:00:00  -  Total Local Usage
	4469  -  Run Bytes Sent By Job
	3170148  -  Run Bytes Received By Job
	4469  -  Total Bytes Sent By Job
	3170148  -  Total Bytes Received By Job
	Partitionable Resources :    Usage  Request Allocated
	   Cpus                 :                 1         1
	   Disk (KB)            :     6106     3250  27750456
	   Memory (MB)          :       15        1      3764
...
016 (8765.000.000) 12/12 12:34:28 POST Script terminated.
	(1) Normal termination (return value 0)
    DAG Node: init_0_ID0000001
...
000 (8766.000.000) 12/12 12:34:39 Job submitted from host: <54.67.10.246:6432?addrs=54.67.10.246-6432>
    DAG Node: clean_up_local_level_3_0
    pool:local
...
001 (8766.000.000) 12/12 12:34:39 Job executing on host: <54.67.10.246:1053?addrs=54.67.10.246-1053>
...
000 (8767.000.000) 12/12 12:34:39 Job submitted from host: <54.67.10.246:6432?addrs=54.67.10.246-6432>
    DAG Node: generalinfo_0_ID0000002
    pool:condorpool
...
001 (8767.000.000) 12/12 12:34:39 Job executing on host: <54.213.17.0:8127?addrs=54.213.17.0-8127&noUDP>
...
005 (8766.000.000) 12/12 12:34:41 Job terminated.
	(1) Normal termination (return value 0)
		Usr 0 00:00:00, Sys 0 00:00:00  -  Run Remote Usage
		Usr 0 00:00:00, Sys 0 00:00:00  -  Run Local Usage
		Usr 0 00:00:00, Sys 0 00:00:00  -  Total Remote Usage
		Usr 0 00:00:00, Sys 0 00:00:00  -  Total Local Usage
	0  -  Run Bytes Sent By Job
	0  -  Run Bytes Received By Job
	0  -  Total Bytes Sent By Job
	0  -  Total Bytes Received By Job
...
016 (8766.000.000) 12/12 12:34:44 POST Script terminated.
	(1) Normal termination (return value 0)
    DAG Node: clean_up_local_level_3_0
...
005 (8767.000.000) 12/12 13:36:44 Job terminated.
	(1) Normal termination (return value 0)
		Usr 0 00:51:00, Sys 0 00:00:37  -  Run Remote Usage
		Usr 0 00:00:00, Sys 0 00:00:00  -  Run Local Usage
		Usr 0 00:51:00, Sys 0 00:00:37  -  Total Remote Usage
		Usr 0 00:00:00, Sys 0 00:00:00  -  Total Local Usage
	5925  -  Run Bytes Sent By Job
	3169158  -  Run Bytes Received By Job
	5925  -  Total Bytes Sent By Job
	3169158  -  Total Bytes Received By Job
	Partitionable Resources :    Usage  Request Allocated
	   Cpus                 :                 1         1
	   Disk (KB)            :     6107     3250  27750456
	   Memory (MB)          :      139        1      3764
...
016 (8767.000.000) 12/12 13:36:47 POST Script terminated.
	(1) Normal termination (return value 0)
    DAG Node: generalinfo_0_ID0000002
...
000 (8768.000.000) 12/12 13:36:57 Job submitted from host: <54.67.10.246:6432?addrs=54.67.10.246-6432>
    DAG Node: clean_up_local_level_4_0
    pool:local
...
001 (8768.000.000) 12/12 13:36:57 Job executing on host: <54.67.10.246:6369?addrs=54.67.10.246-6369>
...
000 (8769.000.000) 12/12 13:36:57 Job submitted from host: <54.67.10.246:6432?addrs=54.67.10.246-6432>
    DAG Node: statscpumemory_0_ID0000003
    pool:condorpool
...
000 (8770.000.000) 12/12 13:36:57 Job submitted from host: <54.67.10.246:6432?addrs=54.67.10.246-6432>
    DAG Node: medianmemory_0_ID0000005
    pool:condorpool
...
000 (8771.000.000) 12/12 13:36:57 Job submitted from host: <54.67.10.246:6432?addrs=54.67.10.246-6432>
    DAG Node: mediancpu_0_ID0000004
    pool:condorpool
...
005 (8768.000.000) 12/12 13:37:01 Job terminated.
	(1) Normal termination (return value 0)
		Usr 0 00:00:00, Sys 0 00:00:00  -  Run Remote Usage
		Usr 0 00:00:00, Sys 0 00:00:00  -  Run Local Usage
		Usr 0 00:00:00, Sys 0 00:00:00  -  Total Remote Usage
		Usr 0 00:00:00, Sys 0 00:00:00  -  Total Local Usage
	0  -  Run Bytes Sent By Job
	0  -  Run Bytes Received By Job
	0  -  Total Bytes Sent By Job
	0  -  Total Bytes Received By Job
...
016 (8768.000.000) 12/12 13:37:02 POST Script terminated.
	(1) Normal termination (return value 0)
    DAG Node: clean_up_local_level_4_0
...
001 (8769.000.000) 12/12 13:37:18 Job executing on host: <54.213.17.0:8127?addrs=54.213.17.0-8127&noUDP>
...
001 (8771.000.000) 12/12 13:37:18 Job executing on host: <54.201.173.21:12532?addrs=54.201.173.21-12532&noUDP>
...
001 (8770.000.000) 12/12 13:37:18 Job executing on host: <54.200.31.33:26015?addrs=54.200.31.33-26015&noUDP>
...
005 (8769.000.000) 12/12 15:48:43 Job terminated.
	(1) Normal termination (return value 0)
		Usr 0 01:52:36, Sys 0 00:01:12  -  Run Remote Usage
		Usr 0 00:00:00, Sys 0 00:00:00  -  Run Local Usage
		Usr 0 01:52:36, Sys 0 00:01:12  -  Total Remote Usage
		Usr 0 00:00:00, Sys 0 00:00:00  -  Total Local Usage
	6643  -  Run Bytes Sent By Job
	3171330  -  Run Bytes Received By Job
	6643  -  Total Bytes Sent By Job
	3171330  -  Total Bytes Received By Job
	Partitionable Resources :    Usage  Request Allocated
	   Cpus                 :                 1         1
	   Disk (KB)            :     6110     3250  27749964
	   Memory (MB)          :      143        1      3764
...
016 (8769.000.000) 12/12 15:48:45 POST Script terminated.
	(1) Normal termination (return value 0)
    DAG Node: statscpumemory_0_ID0000003
...
005 (8771.000.000) 12/12 15:52:49 Job terminated.
	(1) Normal termination (return value 0)
		Usr 0 01:58:35, Sys 0 00:01:21  -  Run Remote Usage
		Usr 0 00:00:00, Sys 0 00:00:00  -  Run Local Usage
		Usr 0 01:58:35, Sys 0 00:01:21  -  Total Remote Usage
		Usr 0 00:00:00, Sys 0 00:00:00  -  Total Local Usage
	381752  -  Run Bytes Sent By Job
	3169019  -  Run Bytes Received By Job
	381752  -  Total Bytes Sent By Job
	3169019  -  Total Bytes Received By Job
	Partitionable Resources :    Usage  Request Allocated
	   Cpus                 :                 1         1
	   Disk (KB)            :  5780490     3250  27752404
	   Memory (MB)          :      169        1      3764
...
016 (8771.000.000) 12/12 15:52:50 POST Script terminated.
	(1) Normal termination (return value 0)
    DAG Node: mediancpu_0_ID0000004
...
000 (8772.000.000) 12/12 15:53:00 Job submitted from host: <54.67.10.246:6432?addrs=54.67.10.246-6432>
    DAG Node: clean_up_local_level_5_1
    pool:local
...
001 (8772.000.000) 12/12 15:53:00 Job executing on host: <54.67.10.246:23020?addrs=54.67.10.246-23020>
...
005 (8772.000.000) 12/12 15:53:05 Job terminated.
	(1) Normal termination (return value 0)
		Usr 0 00:00:00, Sys 0 00:00:00  -  Run Remote Usage
		Usr 0 00:00:00, Sys 0 00:00:00  -  Run Local Usage
		Usr 0 00:00:00, Sys 0 00:00:00  -  Total Remote Usage
		Usr 0 00:00:00, Sys 0 00:00:00  -  Total Local Usage
	0  -  Run Bytes Sent By Job
	0  -  Run Bytes Received By Job
	0  -  Total Bytes Sent By Job
	0  -  Total Bytes Received By Job
...
016 (8772.000.000) 12/12 15:53:06 POST Script terminated.
	(1) Normal termination (return value 0)
    DAG Node: clean_up_local_level_5_1
...
005 (8770.000.000) 12/12 15:54:12 Job terminated.
	(1) Normal termination (return value 0)
		Usr 0 02:00:42, Sys 0 00:01:24  -  Run Remote Usage
		Usr 0 00:00:00, Sys 0 00:00:00  -  Run Local Usage
		Usr 0 02:00:42, Sys 0 00:01:24  -  Total Remote Usage
		Usr 0 00:00:00, Sys 0 00:00:00  -  Total Local Usage
	379263  -  Run Bytes Sent By Job
	3169055  -  Run Bytes Received By Job
	379263  -  Total Bytes Sent By Job
	3169055  -  Total Bytes Received By Job
	Partitionable Resources :    Usage  Request Allocated
	   Cpus                 :                 1         1
	   Disk (KB)            :  5910482     3250  27755240
	   Memory (MB)          :      158        1      3764
...
016 (8770.000.000) 12/12 15:54:15 POST Script terminated.
	(1) Normal termination (return value 0)
    DAG Node: medianmemory_0_ID0000005
...
000 (8773.000.000) 12/12 15:54:25 Job submitted from host: <54.67.10.246:6432?addrs=54.67.10.246-6432>
    DAG Node: clean_up_local_level_5_0
    pool:local
...
001 (8773.000.000) 12/12 15:54:25 Job executing on host: <54.67.10.246:5716?addrs=54.67.10.246-5716>
...
000 (8774.000.000) 12/12 15:54:25 Job submitted from host: <54.67.10.246:6432?addrs=54.67.10.246-6432>
    DAG Node: taskevent_0_ID0000006
    pool:condorpool
...
005 (8773.000.000) 12/12 15:54:33 Job terminated.
	(1) Normal termination (return value 0)
		Usr 0 00:00:00, Sys 0 00:00:00  -  Run Remote Usage
		Usr 0 00:00:00, Sys 0 00:00:00  -  Run Local Usage
		Usr 0 00:00:00, Sys 0 00:00:00  -  Total Remote Usage
		Usr 0 00:00:00, Sys 0 00:00:00  -  Total Local Usage
	0  -  Run Bytes Sent By Job
	0  -  Run Bytes Received By Job
	0  -  Total Bytes Sent By Job
	0  -  Total Bytes Received By Job
...
016 (8773.000.000) 12/12 15:54:35 POST Script terminated.
	(1) Normal termination (return value 0)
    DAG Node: clean_up_local_level_5_0
...
001 (8774.000.000) 12/12 15:54:46 Job executing on host: <54.213.17.0:8127?addrs=54.213.17.0-8127&noUDP>
...
005 (8774.000.000) 12/12 19:40:25 Job terminated.
	(1) Normal termination (return value 0)
		Usr 0 01:57:03, Sys 0 00:01:17  -  Run Remote Usage
		Usr 0 00:00:00, Sys 0 00:00:00  -  Run Local Usage
		Usr 0 01:57:03, Sys 0 00:01:17  -  Total Remote Usage
		Usr 0 00:00:00, Sys 0 00:00:00  -  Total Local Usage
	14786  -  Run Bytes Sent By Job
	3175829  -  Run Bytes Received By Job
	14786  -  Total Bytes Sent By Job
	3175829  -  Total Bytes Received By Job
	Partitionable Resources :    Usage  Request Allocated
	   Cpus                 :                 1         1
	   Disk (KB)            :     6125     3250  27750372
	   Memory (MB)          :      138        1      3764
...
016 (8774.000.000) 12/12 19:40:28 POST Script terminated.
	(1) Normal termination (return value 0)
    DAG Node: taskevent_0_ID0000006
...
000 (8775.000.000) 12/12 19:40:38 Job submitted from host: <54.67.10.246:6432?addrs=54.67.10.246-6432>
    DAG Node: clean_up_local_level_6_0
    pool:local
...
000 (8776.000.000) 12/12 19:40:38 Job submitted from host: <54.67.10.246:6432?addrs=54.67.10.246-6432>
    DAG Node: calculateratio_0_ID0000007
    pool:condorpool
...
001 (8775.000.000) 12/12 19:40:38 Job executing on host: <54.67.10.246:35621?addrs=54.67.10.246-35621>
...
005 (8775.000.000) 12/12 19:40:47 Job terminated.
	(1) Normal termination (return value 0)
		Usr 0 00:00:00, Sys 0 00:00:00  -  Run Remote Usage
		Usr 0 00:00:00, Sys 0 00:00:00  -  Run Local Usage
		Usr 0 00:00:00, Sys 0 00:00:00  -  Total Remote Usage
		Usr 0 00:00:00, Sys 0 00:00:00  -  Total Local Usage
	0  -  Run Bytes Sent By Job
	0  -  Run Bytes Received By Job
	0  -  Total Bytes Sent By Job
	0  -  Total Bytes Received By Job
...
016 (8775.000.000) 12/12 19:40:49 POST Script terminated.
	(1) Normal termination (return value 0)
    DAG Node: clean_up_local_level_6_0
...
001 (8776.000.000) 12/12 19:40:58 Job executing on host: <54.213.17.0:8127?addrs=54.213.17.0-8127&noUDP>
...
005 (8776.000.000) 12/13 01:12:07 Job terminated.
	(1) Normal termination (return value 0)
		Usr 0 01:56:05, Sys 0 00:04:17  -  Run Remote Usage
		Usr 0 00:00:00, Sys 0 00:00:00  -  Run Local Usage
		Usr 0 01:56:05, Sys 0 00:04:17  -  Total Remote Usage
		Usr 0 00:00:00, Sys 0 00:00:00  -  Total Local Usage
	359974  -  Run Bytes Sent By Job
	3174560  -  Run Bytes Received By Job
	359974  -  Total Bytes Sent By Job
	3174560  -  Total Bytes Received By Job
	Partitionable Resources :    Usage  Request Allocated
	   Cpus                 :                 1         1
	   Disk (KB)            :     8522     3250  27749040
	   Memory (MB)          :      154        1      3764
...
016 (8776.000.000) 12/13 01:12:11 POST Script terminated.
	(1) Normal termination (return value 0)
    DAG Node: calculateratio_0_ID0000007
...
000 (8777.000.000) 12/13 01:12:21 Job submitted from host: <54.67.10.246:6432?addrs=54.67.10.246-6432>
    DAG Node: clean_up_local_level_7_0
    pool:local
...
000 (8778.000.000) 12/13 01:12:21 Job submitted from host: <54.67.10.246:6432?addrs=54.67.10.246-6432>
    DAG Node: averageratioevent_0_ID0000008
    pool:condorpool
...
001 (8777.000.000) 12/13 01:12:21 Job executing on host: <54.67.10.246:23391?addrs=54.67.10.246-23391>
...
005 (8777.000.000) 12/13 01:12:30 Job terminated.
	(1) Normal termination (return value 0)
		Usr 0 00:00:00, Sys 0 00:00:00  -  Run Remote Usage
		Usr 0 00:00:00, Sys 0 00:00:00  -  Run Local Usage
		Usr 0 00:00:00, Sys 0 00:00:00  -  Total Remote Usage
		Usr 0 00:00:00, Sys 0 00:00:00  -  Total Local Usage
	0  -  Run Bytes Sent By Job
	0  -  Run Bytes Received By Job
	0  -  Total Bytes Sent By Job
	0  -  Total Bytes Received By Job
...
016 (8777.000.000) 12/13 01:12:32 POST Script terminated.
	(1) Normal termination (return value 0)
    DAG Node: clean_up_local_level_7_0
...
001 (8778.000.000) 12/13 01:12:33 Job executing on host: <54.213.17.0:8127?addrs=54.213.17.0-8127&noUDP>
...
005 (8778.000.000) 12/13 01:59:51 Job terminated.
	(1) Normal termination (return value 0)
		Usr 0 00:13:59, Sys 0 00:00:15  -  Run Remote Usage
		Usr 0 00:00:00, Sys 0 00:00:00  -  Run Local Usage
		Usr 0 00:13:59, Sys 0 00:00:15  -  Total Remote Usage
		Usr 0 00:00:00, Sys 0 00:00:00  -  Total Local Usage
	266722  -  Run Bytes Sent By Job
	3169953  -  Run Bytes Received By Job
	266722  -  Total Bytes Sent By Job
	3169953  -  Total Bytes Received By Job
	Partitionable Resources :    Usage  Request Allocated
	   Cpus                 :                 1         1
	   Disk (KB)            :   182311     3250  27746876
	   Memory (MB)          :      146        1      3764
...
016 (8778.000.000) 12/13 01:59:54 POST Script terminated.
	(1) Normal termination (return value 0)
    DAG Node: averageratioevent_0_ID0000008
...
000 (8779.000.000) 12/13 02:00:04 Job submitted from host: <54.67.10.246:6432?addrs=54.67.10.246-6432>
    DAG Node: clean_up_local_level_8_0
    pool:local
...
000 (8780.000.000) 12/13 02:00:04 Job submitted from host: <54.67.10.246:6432?addrs=54.67.10.246-6432>
    DAG Node: analysisevent_0_ID0000009
    pool:condorpool
...
001 (8779.000.000) 12/13 02:00:04 Job executing on host: <54.67.10.246:45765?addrs=54.67.10.246-45765>
...
005 (8779.000.000) 12/13 02:00:08 Job terminated.
	(1) Normal termination (return value 0)
		Usr 0 00:00:00, Sys 0 00:00:00  -  Run Remote Usage
		Usr 0 00:00:00, Sys 0 00:00:00  -  Run Local Usage
		Usr 0 00:00:00, Sys 0 00:00:00  -  Total Remote Usage
		Usr 0 00:00:00, Sys 0 00:00:00  -  Total Local Usage
	0  -  Run Bytes Sent By Job
	0  -  Run Bytes Received By Job
	0  -  Total Bytes Sent By Job
	0  -  Total Bytes Received By Job
...
016 (8779.000.000) 12/13 02:00:09 POST Script terminated.
	(1) Normal termination (return value 0)
    DAG Node: clean_up_local_level_8_0
...
001 (8780.000.000) 12/13 02:00:24 Job executing on host: <54.213.17.0:8127?addrs=54.213.17.0-8127&noUDP>
...
005 (8780.000.000) 12/13 02:00:25 Job terminated.
	(1) Normal termination (return value 0)
		Usr 0 00:00:00, Sys 0 00:00:00  -  Run Remote Usage
		Usr 0 00:00:00, Sys 0 00:00:00  -  Run Local Usage
		Usr 0 00:00:00, Sys 0 00:00:00  -  Total Remote Usage
		Usr 0 00:00:00, Sys 0 00:00:00  -  Total Local Usage
	5980  -  Run Bytes Sent By Job
	3169440  -  Run Bytes Received By Job
	5980  -  Total Bytes Sent By Job
	3169440  -  Total Bytes Received By Job
	Partitionable Resources :    Usage  Request Allocated
	   Cpus                 :                 1         1
	   Disk (KB)            :     6108     3250  27746676
	   Memory (MB)          :        0        1      3764
...
016 (8780.000.000) 12/13 02:00:29 POST Script terminated.
	(1) Normal termination (return value 0)
    DAG Node: analysisevent_0_ID0000009
...
000 (8781.000.000) 12/13 02:00:39 Job submitted from host: <54.67.10.246:6432?addrs=54.67.10.246-6432>
    DAG Node: terminate_0_ID0000010
    pool:condorpool
...
000 (8782.000.000) 12/13 02:00:39 Job submitted from host: <54.67.10.246:6432?addrs=54.67.10.246-6432>
    DAG Node: clean_up_local_level_9_0
    pool:local
...
001 (8781.000.000) 12/13 02:00:40 Job executing on host: <54.213.17.0:8127?addrs=54.213.17.0-8127&noUDP>
...
005 (8781.000.000) 12/13 02:00:41 Job terminated.
	(1) Normal termination (return value 0)
		Usr 0 00:00:00, Sys 0 00:00:00  -  Run Remote Usage
		Usr 0 00:00:00, Sys 0 00:00:00  -  Run Local Usage
		Usr 0 00:00:00, Sys 0 00:00:00  -  Total Remote Usage
		Usr 0 00:00:00, Sys 0 00:00:00  -  Total Local Usage
	4473  -  Run Bytes Sent By Job
	3167897  -  Run Bytes Received By Job
	4473  -  Total Bytes Sent By Job
	3167897  -  Total Bytes Received By Job
	Partitionable Resources :    Usage  Request Allocated
	   Cpus                 :                 1         1
	   Disk (KB)            :     6104     3250  27746676
	   Memory (MB)          :        0        1      3764
...
016 (8781.000.000) 12/13 02:00:44 POST Script terminated.
	(1) Normal termination (return value 0)
    DAG Node: terminate_0_ID0000010
...
001 (8782.000.000) 12/13 02:00:45 Job executing on host: <54.67.10.246:21626?addrs=54.67.10.246-21626>
...
005 (8782.000.000) 12/13 02:00:49 Job terminated.
	(1) Normal termination (return value 0)
		Usr 0 00:00:00, Sys 0 00:00:00  -  Run Remote Usage
		Usr 0 00:00:00, Sys 0 00:00:00  -  Run Local Usage
		Usr 0 00:00:00, Sys 0 00:00:00  -  Total Remote Usage
		Usr 0 00:00:00, Sys 0 00:00:00  -  Total Local Usage
	0  -  Run Bytes Sent By Job
	0  -  Run Bytes Received By Job
	0  -  Total Bytes Sent By Job
	0  -  Total Bytes Received By Job
...
000 (8783.000.000) 12/13 02:00:54 Job submitted from host: <54.67.10.246:6432?addrs=54.67.10.246-6432>
    DAG Node: clean_up_local_level_10_0
    pool:local
...
001 (8783.000.000) 12/13 02:00:55 Job executing on host: <54.67.10.246:1419?addrs=54.67.10.246-1419>
...
016 (8782.000.000) 12/13 02:00:55 POST Script terminated.
	(1) Normal termination (return value 0)
    DAG Node: clean_up_local_level_9_0
...
005 (8783.000.000) 12/13 02:00:57 Job terminated.
	(1) Normal termination (return value 0)
		Usr 0 00:00:00, Sys 0 00:00:00  -  Run Remote Usage
		Usr 0 00:00:00, Sys 0 00:00:00  -  Run Local Usage
		Usr 0 00:00:00, Sys 0 00:00:00  -  Total Remote Usage
		Usr 0 00:00:00, Sys 0 00:00:00  -  Total Local Usage
	0  -  Run Bytes Sent By Job
	0  -  Run Bytes Received By Job
	0  -  Total Bytes Sent By Job
	0  -  Total Bytes Received By Job
...
016 (8783.000.000) 12/13 02:01:00 POST Script terminated.
	(1) Normal termination (return value 0)
    DAG Node: clean_up_local_level_10_0
...
000 (8784.000.000) 12/13 02:01:10 Job submitted from host: <54.67.10.246:6432?addrs=54.67.10.246-6432>
    DAG Node: cleanup_example_workflow_0_local
    pool:local
...
001 (8784.000.000) 12/13 02:01:10 Job executing on host: <54.67.10.246:3264?addrs=54.67.10.246-3264>
...
005 (8784.000.000) 12/13 02:01:12 Job terminated.
	(1) Normal termination (return value 0)
		Usr 0 00:00:00, Sys 0 00:00:00  -  Run Remote Usage
		Usr 0 00:00:00, Sys 0 00:00:00  -  Run Local Usage
		Usr 0 00:00:00, Sys 0 00:00:00  -  Total Remote Usage
		Usr 0 00:00:00, Sys 0 00:00:00  -  Total Local Usage
	0  -  Run Bytes Sent By Job
	0  -  Run Bytes Received By Job
	0  -  Total Bytes Sent By Job
	0  -  Total Bytes Received By Job
...
