000 (255.000.000) 10/24 20:54:29 Job submitted from host: <54.153.86.184:19665?addrs=54.153.86.184-19665>
    DAG Node: create_dir_example_workflow_0_local
    pool:local
...
001 (255.000.000) 10/24 20:54:29 Job executing on host: <54.153.86.184:38210?addrs=54.153.86.184-38210>
...
005 (255.000.000) 10/24 20:54:31 Job terminated.
	(1) Normal termination (return value 0)
		Usr 0 00:00:00, Sys 0 00:00:00  -  Run Remote Usage
		Usr 0 00:00:00, Sys 0 00:00:00  -  Run Local Usage
		Usr 0 00:00:00, Sys 0 00:00:00  -  Total Remote Usage
		Usr 0 00:00:00, Sys 0 00:00:00  -  Total Local Usage
	0  -  Run Bytes Sent By Job
	0  -  Run Bytes Received By Job
	0  -  Total Bytes Sent By Job
	0  -  Total Bytes Received By Job
...
000 (256.000.000) 10/24 20:54:44 Job submitted from host: <54.153.86.184:19665?addrs=54.153.86.184-19665>
    DAG Node: stage_in_local_local_0_0
    pool:local
...
000 (257.000.000) 10/24 20:54:44 Job submitted from host: <54.153.86.184:19665?addrs=54.153.86.184-19665>
    DAG Node: stage_in_local_local_6_0
    pool:local
...
001 (256.000.000) 10/24 20:54:44 Job executing on host: <54.153.86.184:51497?addrs=54.153.86.184-51497>
...
000 (258.000.000) 10/24 20:54:44 Job submitted from host: <54.153.86.184:19665?addrs=54.153.86.184-19665>
    DAG Node: stage_in_remote_local_2_1
    pool:local
...
000 (259.000.000) 10/24 20:54:45 Job submitted from host: <54.153.86.184:19665?addrs=54.153.86.184-19665>
    DAG Node: stage_in_remote_local_5_1
    pool:local
...
000 (260.000.000) 10/24 20:54:45 Job submitted from host: <54.153.86.184:19665?addrs=54.153.86.184-19665>
    DAG Node: stage_in_remote_local_5_0
    pool:local
...
005 (256.000.000) 10/24 20:54:47 Job terminated.
	(1) Normal termination (return value 0)
		Usr 0 00:00:00, Sys 0 00:00:00  -  Run Remote Usage
		Usr 0 00:00:00, Sys 0 00:00:00  -  Run Local Usage
		Usr 0 00:00:00, Sys 0 00:00:00  -  Total Remote Usage
		Usr 0 00:00:00, Sys 0 00:00:00  -  Total Local Usage
	0  -  Run Bytes Sent By Job
	0  -  Run Bytes Received By Job
	0  -  Total Bytes Sent By Job
	0  -  Total Bytes Received By Job
...
001 (257.000.000) 10/24 20:54:47 Job executing on host: <54.153.86.184:52767?addrs=54.153.86.184-52767>
...
001 (259.000.000) 10/24 20:54:47 Job executing on host: <54.153.86.184:22920?addrs=54.153.86.184-22920>
...
001 (260.000.000) 10/24 20:54:47 Job executing on host: <54.153.86.184:39879?addrs=54.153.86.184-39879>
...
001 (258.000.000) 10/24 20:54:47 Job executing on host: <54.153.86.184:43045?addrs=54.153.86.184-43045>
...
005 (257.000.000) 10/24 20:54:49 Job terminated.
	(1) Normal termination (return value 0)
		Usr 0 00:00:00, Sys 0 00:00:00  -  Run Remote Usage
		Usr 0 00:00:00, Sys 0 00:00:00  -  Run Local Usage
		Usr 0 00:00:00, Sys 0 00:00:00  -  Total Remote Usage
		Usr 0 00:00:00, Sys 0 00:00:00  -  Total Local Usage
	0  -  Run Bytes Sent By Job
	0  -  Run Bytes Received By Job
	0  -  Total Bytes Sent By Job
	0  -  Total Bytes Received By Job
...
005 (259.000.000) 10/24 20:54:49 Job terminated.
	(1) Normal termination (return value 0)
		Usr 0 00:00:00, Sys 0 00:00:00  -  Run Remote Usage
		Usr 0 00:00:00, Sys 0 00:00:00  -  Run Local Usage
		Usr 0 00:00:00, Sys 0 00:00:00  -  Total Remote Usage
		Usr 0 00:00:00, Sys 0 00:00:00  -  Total Local Usage
	0  -  Run Bytes Sent By Job
	0  -  Run Bytes Received By Job
	0  -  Total Bytes Sent By Job
	0  -  Total Bytes Received By Job
...
005 (258.000.000) 10/24 20:54:49 Job terminated.
	(1) Normal termination (return value 0)
		Usr 0 00:00:00, Sys 0 00:00:00  -  Run Remote Usage
		Usr 0 00:00:00, Sys 0 00:00:00  -  Run Local Usage
		Usr 0 00:00:00, Sys 0 00:00:00  -  Total Remote Usage
		Usr 0 00:00:00, Sys 0 00:00:00  -  Total Local Usage
	0  -  Run Bytes Sent By Job
	0  -  Run Bytes Received By Job
	0  -  Total Bytes Sent By Job
	0  -  Total Bytes Received By Job
...
000 (261.000.000) 10/24 20:54:50 Job submitted from host: <54.153.86.184:19665?addrs=54.153.86.184-19665>
    DAG Node: stage_in_local_local_2_0
    pool:local
...
000 (262.000.000) 10/24 20:54:50 Job submitted from host: <54.153.86.184:19665?addrs=54.153.86.184-19665>
    DAG Node: stage_in_local_local_2_1
    pool:local
...
000 (263.000.000) 10/24 20:54:50 Job submitted from host: <54.153.86.184:19665?addrs=54.153.86.184-19665>
    DAG Node: stage_in_local_local_3_1
    pool:local
...
000 (264.000.000) 10/24 20:54:50 Job submitted from host: <54.153.86.184:19665?addrs=54.153.86.184-19665>
    DAG Node: stage_in_remote_local_1_0
    pool:local
...
000 (265.000.000) 10/24 20:54:50 Job submitted from host: <54.153.86.184:19665?addrs=54.153.86.184-19665>
    DAG Node: stage_in_local_local_3_0
    pool:local
...
005 (260.000.000) 10/24 20:54:51 Job terminated.
	(1) Normal termination (return value 0)
		Usr 0 00:00:00, Sys 0 00:00:00  -  Run Remote Usage
		Usr 0 00:00:00, Sys 0 00:00:00  -  Run Local Usage
		Usr 0 00:00:00, Sys 0 00:00:00  -  Total Remote Usage
		Usr 0 00:00:00, Sys 0 00:00:00  -  Total Local Usage
	0  -  Run Bytes Sent By Job
	0  -  Run Bytes Received By Job
	0  -  Total Bytes Sent By Job
	0  -  Total Bytes Received By Job
...
001 (262.000.000) 10/24 20:54:51 Job executing on host: <54.153.86.184:40206?addrs=54.153.86.184-40206>
...
001 (263.000.000) 10/24 20:54:51 Job executing on host: <54.153.86.184:22697?addrs=54.153.86.184-22697>
...
001 (265.000.000) 10/24 20:54:51 Job executing on host: <54.153.86.184:59971?addrs=54.153.86.184-59971>
...
001 (264.000.000) 10/24 20:54:51 Job executing on host: <54.153.86.184:61198?addrs=54.153.86.184-61198>
...
001 (261.000.000) 10/24 20:54:51 Job executing on host: <54.153.86.184:9518?addrs=54.153.86.184-9518>
...
005 (264.000.000) 10/24 20:54:54 Job terminated.
	(1) Normal termination (return value 0)
		Usr 0 00:00:00, Sys 0 00:00:00  -  Run Remote Usage
		Usr 0 00:00:00, Sys 0 00:00:00  -  Run Local Usage
		Usr 0 00:00:00, Sys 0 00:00:00  -  Total Remote Usage
		Usr 0 00:00:00, Sys 0 00:00:00  -  Total Local Usage
	0  -  Run Bytes Sent By Job
	0  -  Run Bytes Received By Job
	0  -  Total Bytes Sent By Job
	0  -  Total Bytes Received By Job
...
005 (262.000.000) 10/24 20:54:54 Job terminated.
	(1) Normal termination (return value 0)
		Usr 0 00:00:00, Sys 0 00:00:00  -  Run Remote Usage
		Usr 0 00:00:00, Sys 0 00:00:00  -  Run Local Usage
		Usr 0 00:00:00, Sys 0 00:00:00  -  Total Remote Usage
		Usr 0 00:00:00, Sys 0 00:00:00  -  Total Local Usage
	0  -  Run Bytes Sent By Job
	0  -  Run Bytes Received By Job
	0  -  Total Bytes Sent By Job
	0  -  Total Bytes Received By Job
...
005 (263.000.000) 10/24 20:54:54 Job terminated.
	(1) Normal termination (return value 0)
		Usr 0 00:00:00, Sys 0 00:00:00  -  Run Remote Usage
		Usr 0 00:00:00, Sys 0 00:00:00  -  Run Local Usage
		Usr 0 00:00:00, Sys 0 00:00:00  -  Total Remote Usage
		Usr 0 00:00:00, Sys 0 00:00:00  -  Total Local Usage
	0  -  Run Bytes Sent By Job
	0  -  Run Bytes Received By Job
	0  -  Total Bytes Sent By Job
	0  -  Total Bytes Received By Job
...
000 (266.000.000) 10/24 20:54:55 Job submitted from host: <54.153.86.184:19665?addrs=54.153.86.184-19665>
    DAG Node: stage_in_local_local_5_0
    pool:local
...
000 (267.000.000) 10/24 20:54:56 Job submitted from host: <54.153.86.184:19665?addrs=54.153.86.184-19665>
    DAG Node: stage_in_local_local_5_1
    pool:local
...
000 (268.000.000) 10/24 20:54:56 Job submitted from host: <54.153.86.184:19665?addrs=54.153.86.184-19665>
    DAG Node: stage_in_local_local_4_0
    pool:local
...
000 (269.000.000) 10/24 20:54:56 Job submitted from host: <54.153.86.184:19665?addrs=54.153.86.184-19665>
    DAG Node: stage_in_local_local_1_0
    pool:local
...
000 (270.000.000) 10/24 20:54:56 Job submitted from host: <54.153.86.184:19665?addrs=54.153.86.184-19665>
    DAG Node: stage_in_local_local_7_0
    pool:local
...
005 (265.000.000) 10/24 20:54:56 Job terminated.
	(1) Normal termination (return value 0)
		Usr 0 00:00:00, Sys 0 00:00:00  -  Run Remote Usage
		Usr 0 00:00:00, Sys 0 00:00:00  -  Run Local Usage
		Usr 0 00:00:00, Sys 0 00:00:00  -  Total Remote Usage
		Usr 0 00:00:00, Sys 0 00:00:00  -  Total Local Usage
	0  -  Run Bytes Sent By Job
	0  -  Run Bytes Received By Job
	0  -  Total Bytes Sent By Job
	0  -  Total Bytes Received By Job
...
001 (266.000.000) 10/24 20:54:56 Job executing on host: <54.153.86.184:19655?addrs=54.153.86.184-19655>
...
005 (261.000.000) 10/24 20:54:56 Job terminated.
	(1) Normal termination (return value 0)
		Usr 0 00:00:00, Sys 0 00:00:00  -  Run Remote Usage
		Usr 0 00:00:00, Sys 0 00:00:00  -  Run Local Usage
		Usr 0 00:00:00, Sys 0 00:00:00  -  Total Remote Usage
		Usr 0 00:00:00, Sys 0 00:00:00  -  Total Local Usage
	0  -  Run Bytes Sent By Job
	0  -  Run Bytes Received By Job
	0  -  Total Bytes Sent By Job
	0  -  Total Bytes Received By Job
...
001 (269.000.000) 10/24 20:54:56 Job executing on host: <54.153.86.184:64578?addrs=54.153.86.184-64578>
...
001 (267.000.000) 10/24 20:54:56 Job executing on host: <54.153.86.184:55119?addrs=54.153.86.184-55119>
...
001 (270.000.000) 10/24 20:54:56 Job executing on host: <54.153.86.184:40035?addrs=54.153.86.184-40035>
...
001 (268.000.000) 10/24 20:54:57 Job executing on host: <54.153.86.184:18545?addrs=54.153.86.184-18545>
...
005 (269.000.000) 10/24 20:54:59 Job terminated.
	(1) Normal termination (return value 0)
		Usr 0 00:00:00, Sys 0 00:00:00  -  Run Remote Usage
		Usr 0 00:00:00, Sys 0 00:00:00  -  Run Local Usage
		Usr 0 00:00:00, Sys 0 00:00:00  -  Total Remote Usage
		Usr 0 00:00:00, Sys 0 00:00:00  -  Total Local Usage
	0  -  Run Bytes Sent By Job
	0  -  Run Bytes Received By Job
	0  -  Total Bytes Sent By Job
	0  -  Total Bytes Received By Job
...
005 (267.000.000) 10/24 20:54:59 Job terminated.
	(1) Normal termination (return value 0)
		Usr 0 00:00:00, Sys 0 00:00:00  -  Run Remote Usage
		Usr 0 00:00:00, Sys 0 00:00:00  -  Run Local Usage
		Usr 0 00:00:00, Sys 0 00:00:00  -  Total Remote Usage
		Usr 0 00:00:00, Sys 0 00:00:00  -  Total Local Usage
	0  -  Run Bytes Sent By Job
	0  -  Run Bytes Received By Job
	0  -  Total Bytes Sent By Job
	0  -  Total Bytes Received By Job
...
005 (270.000.000) 10/24 20:54:59 Job terminated.
	(1) Normal termination (return value 0)
		Usr 0 00:00:00, Sys 0 00:00:00  -  Run Remote Usage
		Usr 0 00:00:00, Sys 0 00:00:00  -  Run Local Usage
		Usr 0 00:00:00, Sys 0 00:00:00  -  Total Remote Usage
		Usr 0 00:00:00, Sys 0 00:00:00  -  Total Local Usage
	0  -  Run Bytes Sent By Job
	0  -  Run Bytes Received By Job
	0  -  Total Bytes Sent By Job
	0  -  Total Bytes Received By Job
...
000 (271.000.000) 10/24 20:55:01 Job submitted from host: <54.153.86.184:19665?addrs=54.153.86.184-19665>
    DAG Node: stage_in_local_local_4_1
    pool:local
...
000 (272.000.000) 10/24 20:55:01 Job submitted from host: <54.153.86.184:19665?addrs=54.153.86.184-19665>
    DAG Node: stage_in_remote_local_4_1
    pool:local
...
000 (273.000.000) 10/24 20:55:01 Job submitted from host: <54.153.86.184:19665?addrs=54.153.86.184-19665>
    DAG Node: stage_in_remote_local_4_0
    pool:local
...
000 (274.000.000) 10/24 20:55:01 Job submitted from host: <54.153.86.184:19665?addrs=54.153.86.184-19665>
    DAG Node: stage_in_remote_local_2_0
    pool:local
...
005 (266.000.000) 10/24 20:55:01 Job terminated.
	(1) Normal termination (return value 0)
		Usr 0 00:00:00, Sys 0 00:00:00  -  Run Remote Usage
		Usr 0 00:00:00, Sys 0 00:00:00  -  Run Local Usage
		Usr 0 00:00:00, Sys 0 00:00:00  -  Total Remote Usage
		Usr 0 00:00:00, Sys 0 00:00:00  -  Total Local Usage
	0  -  Run Bytes Sent By Job
	0  -  Run Bytes Received By Job
	0  -  Total Bytes Sent By Job
	0  -  Total Bytes Received By Job
...
005 (268.000.000) 10/24 20:55:01 Job terminated.
	(1) Normal termination (return value 0)
		Usr 0 00:00:00, Sys 0 00:00:00  -  Run Remote Usage
		Usr 0 00:00:00, Sys 0 00:00:00  -  Run Local Usage
		Usr 0 00:00:00, Sys 0 00:00:00  -  Total Remote Usage
		Usr 0 00:00:00, Sys 0 00:00:00  -  Total Local Usage
	0  -  Run Bytes Sent By Job
	0  -  Run Bytes Received By Job
	0  -  Total Bytes Sent By Job
	0  -  Total Bytes Received By Job
...
001 (272.000.000) 10/24 20:55:01 Job executing on host: <54.153.86.184:51306?addrs=54.153.86.184-51306>
...
001 (271.000.000) 10/24 20:55:01 Job executing on host: <54.153.86.184:27497?addrs=54.153.86.184-27497>
...
001 (274.000.000) 10/24 20:55:01 Job executing on host: <54.153.86.184:53815?addrs=54.153.86.184-53815>
...
000 (275.000.000) 10/24 20:55:01 Job submitted from host: <54.153.86.184:19665?addrs=54.153.86.184-19665>
    DAG Node: stage_in_remote_local_3_1
    pool:local
...
001 (273.000.000) 10/24 20:55:01 Job executing on host: <54.153.86.184:38555?addrs=54.153.86.184-38555>
...
001 (275.000.000) 10/24 20:55:02 Job executing on host: <54.153.86.184:31047?addrs=54.153.86.184-31047>
...
005 (271.000.000) 10/24 20:55:04 Job terminated.
	(1) Normal termination (return value 0)
		Usr 0 00:00:00, Sys 0 00:00:00  -  Run Remote Usage
		Usr 0 00:00:00, Sys 0 00:00:00  -  Run Local Usage
		Usr 0 00:00:00, Sys 0 00:00:00  -  Total Remote Usage
		Usr 0 00:00:00, Sys 0 00:00:00  -  Total Local Usage
	0  -  Run Bytes Sent By Job
	0  -  Run Bytes Received By Job
	0  -  Total Bytes Sent By Job
	0  -  Total Bytes Received By Job
...
005 (272.000.000) 10/24 20:55:06 Job terminated.
	(1) Normal termination (return value 0)
		Usr 0 00:00:00, Sys 0 00:00:00  -  Run Remote Usage
		Usr 0 00:00:00, Sys 0 00:00:00  -  Run Local Usage
		Usr 0 00:00:00, Sys 0 00:00:00  -  Total Remote Usage
		Usr 0 00:00:00, Sys 0 00:00:00  -  Total Local Usage
	0  -  Run Bytes Sent By Job
	0  -  Run Bytes Received By Job
	0  -  Total Bytes Sent By Job
	0  -  Total Bytes Received By Job
...
005 (274.000.000) 10/24 20:55:06 Job terminated.
	(1) Normal termination (return value 0)
		Usr 0 00:00:00, Sys 0 00:00:00  -  Run Remote Usage
		Usr 0 00:00:00, Sys 0 00:00:00  -  Run Local Usage
		Usr 0 00:00:00, Sys 0 00:00:00  -  Total Remote Usage
		Usr 0 00:00:00, Sys 0 00:00:00  -  Total Local Usage
	0  -  Run Bytes Sent By Job
	0  -  Run Bytes Received By Job
	0  -  Total Bytes Sent By Job
	0  -  Total Bytes Received By Job
...
005 (275.000.000) 10/24 20:55:06 Job terminated.
	(1) Normal termination (return value 0)
		Usr 0 00:00:00, Sys 0 00:00:00  -  Run Remote Usage
		Usr 0 00:00:00, Sys 0 00:00:00  -  Run Local Usage
		Usr 0 00:00:00, Sys 0 00:00:00  -  Total Remote Usage
		Usr 0 00:00:00, Sys 0 00:00:00  -  Total Local Usage
	0  -  Run Bytes Sent By Job
	0  -  Run Bytes Received By Job
	0  -  Total Bytes Sent By Job
	0  -  Total Bytes Received By Job
...
005 (273.000.000) 10/24 20:55:06 Job terminated.
	(1) Normal termination (return value 0)
		Usr 0 00:00:00, Sys 0 00:00:00  -  Run Remote Usage
		Usr 0 00:00:00, Sys 0 00:00:00  -  Run Local Usage
		Usr 0 00:00:00, Sys 0 00:00:00  -  Total Remote Usage
		Usr 0 00:00:00, Sys 0 00:00:00  -  Total Local Usage
	0  -  Run Bytes Sent By Job
	0  -  Run Bytes Received By Job
	0  -  Total Bytes Sent By Job
	0  -  Total Bytes Received By Job
...
000 (276.000.000) 10/24 20:55:07 Job submitted from host: <54.153.86.184:19665?addrs=54.153.86.184-19665>
    DAG Node: stage_in_remote_local_3_0
    pool:local
...
001 (276.000.000) 10/24 20:55:07 Job executing on host: <54.153.86.184:36592?addrs=54.153.86.184-36592>
...
000 (277.000.000) 10/24 20:55:07 Job submitted from host: <54.153.86.184:19665?addrs=54.153.86.184-19665>
    DAG Node: stage_in_remote_local_6_0
    pool:local
...
000 (278.000.000) 10/24 20:55:07 Job submitted from host: <54.153.86.184:19665?addrs=54.153.86.184-19665>
    DAG Node: init_0_ID0000001
    pool:condorpool
...
001 (277.000.000) 10/24 20:55:07 Job executing on host: <54.153.86.184:62461?addrs=54.153.86.184-62461>
...
005 (277.000.000) 10/24 20:55:10 Job terminated.
	(1) Normal termination (return value 0)
		Usr 0 00:00:00, Sys 0 00:00:00  -  Run Remote Usage
		Usr 0 00:00:00, Sys 0 00:00:00  -  Run Local Usage
		Usr 0 00:00:00, Sys 0 00:00:00  -  Total Remote Usage
		Usr 0 00:00:00, Sys 0 00:00:00  -  Total Local Usage
	0  -  Run Bytes Sent By Job
	0  -  Run Bytes Received By Job
	0  -  Total Bytes Sent By Job
	0  -  Total Bytes Received By Job
...
005 (276.000.000) 10/24 20:55:12 Job terminated.
	(1) Normal termination (return value 0)
		Usr 0 00:00:00, Sys 0 00:00:00  -  Run Remote Usage
		Usr 0 00:00:00, Sys 0 00:00:00  -  Run Local Usage
		Usr 0 00:00:00, Sys 0 00:00:00  -  Total Remote Usage
		Usr 0 00:00:00, Sys 0 00:00:00  -  Total Local Usage
	0  -  Run Bytes Sent By Job
	0  -  Run Bytes Received By Job
	0  -  Total Bytes Sent By Job
	0  -  Total Bytes Received By Job
...
001 (278.000.000) 10/24 20:55:25 Job executing on host: <54.186.11.128:14421?addrs=54.186.11.128-14421&noUDP>
...
006 (278.000.000) 10/24 20:55:34 Image size of job updated: 2
	2  -  MemoryUsage of job (MB)
	1656  -  ResidentSetSize of job (KB)
...
006 (278.000.000) 10/24 20:56:09 Image size of job updated: 358788
	2  -  MemoryUsage of job (MB)
	1656  -  ResidentSetSize of job (KB)
...
005 (278.000.000) 10/24 20:56:09 Job terminated.
	(1) Normal termination (return value 0)
		Usr 0 00:00:00, Sys 0 00:00:00  -  Run Remote Usage
		Usr 0 00:00:00, Sys 0 00:00:00  -  Run Local Usage
		Usr 0 00:00:00, Sys 0 00:00:00  -  Total Remote Usage
		Usr 0 00:00:00, Sys 0 00:00:00  -  Total Local Usage
	4453  -  Run Bytes Sent By Job
	3169847  -  Run Bytes Received By Job
	4453  -  Total Bytes Sent By Job
	3169847  -  Total Bytes Received By Job
	Partitionable Resources :    Usage  Request Allocated
	   Cpus                 :                 1         1
	   Disk (KB)            :     6105     3250  27735248
	   Memory (MB)          :        2        1      3764
...
000 (279.000.000) 10/24 20:56:23 Job submitted from host: <54.153.86.184:19665?addrs=54.153.86.184-19665>
    DAG Node: clean_up_local_level_3_0
    pool:local
...
000 (280.000.000) 10/24 20:56:23 Job submitted from host: <54.153.86.184:19665?addrs=54.153.86.184-19665>
    DAG Node: generalinfo_0_ID0000002
    pool:condorpool
...
001 (279.000.000) 10/24 20:56:23 Job executing on host: <54.153.86.184:47597?addrs=54.153.86.184-47597>
...
001 (280.000.000) 10/24 20:56:24 Job executing on host: <54.186.11.128:14421?addrs=54.186.11.128-14421&noUDP>
...
005 (279.000.000) 10/24 20:56:25 Job terminated.
	(1) Normal termination (return value 0)
		Usr 0 00:00:00, Sys 0 00:00:00  -  Run Remote Usage
		Usr 0 00:00:00, Sys 0 00:00:00  -  Run Local Usage
		Usr 0 00:00:00, Sys 0 00:00:00  -  Total Remote Usage
		Usr 0 00:00:00, Sys 0 00:00:00  -  Total Local Usage
	0  -  Run Bytes Sent By Job
	0  -  Run Bytes Received By Job
	0  -  Total Bytes Sent By Job
	0  -  Total Bytes Received By Job
...
006 (280.000.000) 10/24 20:56:33 Image size of job updated: 2
	2  -  MemoryUsage of job (MB)
	1652  -  ResidentSetSize of job (KB)
...
006 (280.000.000) 10/24 21:00:41 Image size of job updated: 484372
	2  -  MemoryUsage of job (MB)
	1652  -  ResidentSetSize of job (KB)
...
005 (280.000.000) 10/24 21:00:41 Job terminated.
	(1) Normal termination (return value 0)
		Usr 0 00:03:27, Sys 0 00:00:02  -  Run Remote Usage
		Usr 0 00:00:00, Sys 0 00:00:00  -  Run Local Usage
		Usr 0 00:03:27, Sys 0 00:00:02  -  Total Remote Usage
		Usr 0 00:00:00, Sys 0 00:00:00  -  Total Local Usage
	5270  -  Run Bytes Sent By Job
	3168855  -  Run Bytes Received By Job
	5270  -  Total Bytes Sent By Job
	3168855  -  Total Bytes Received By Job
	Partitionable Resources :    Usage  Request Allocated
	   Cpus                 :                 1         1
	   Disk (KB)            :     6106     3250  27735248
	   Memory (MB)          :        2        1      3764
...
000 (281.000.000) 10/24 21:00:53 Job submitted from host: <54.153.86.184:19665?addrs=54.153.86.184-19665>
    DAG Node: clean_up_local_level_4_0
    pool:local
...
001 (281.000.000) 10/24 21:00:53 Job executing on host: <54.153.86.184:6215?addrs=54.153.86.184-6215>
...
000 (282.000.000) 10/24 21:00:53 Job submitted from host: <54.153.86.184:19665?addrs=54.153.86.184-19665>
    DAG Node: statscpumemory_0_ID0000003
    pool:condorpool
...
000 (283.000.000) 10/24 21:00:53 Job submitted from host: <54.153.86.184:19665?addrs=54.153.86.184-19665>
    DAG Node: medianmemory_0_ID0000005
    pool:condorpool
...
000 (284.000.000) 10/24 21:00:53 Job submitted from host: <54.153.86.184:19665?addrs=54.153.86.184-19665>
    DAG Node: mediancpu_0_ID0000004
    pool:condorpool
...
001 (282.000.000) 10/24 21:00:53 Job executing on host: <54.186.11.128:14421?addrs=54.186.11.128-14421&noUDP>
...
005 (281.000.000) 10/24 21:00:57 Job terminated.
	(1) Normal termination (return value 0)
		Usr 0 00:00:00, Sys 0 00:00:00  -  Run Remote Usage
		Usr 0 00:00:00, Sys 0 00:00:00  -  Run Local Usage
		Usr 0 00:00:00, Sys 0 00:00:00  -  Total Remote Usage
		Usr 0 00:00:00, Sys 0 00:00:00  -  Total Local Usage
	0  -  Run Bytes Sent By Job
	0  -  Run Bytes Received By Job
	0  -  Total Bytes Sent By Job
	0  -  Total Bytes Received By Job
...
006 (282.000.000) 10/24 21:01:02 Image size of job updated: 2
	2  -  MemoryUsage of job (MB)
	1648  -  ResidentSetSize of job (KB)
...
001 (284.000.000) 10/24 21:01:04 Job executing on host: <54.201.207.181:39788?addrs=54.201.207.181-39788&noUDP>
...
001 (283.000.000) 10/24 21:01:04 Job executing on host: <54.245.40.251:53544?addrs=54.245.40.251-53544&noUDP>
...
006 (283.000.000) 10/24 21:01:12 Image size of job updated: 2
	2  -  MemoryUsage of job (MB)
	1652  -  ResidentSetSize of job (KB)
...
006 (284.000.000) 10/24 21:01:13 Image size of job updated: 2
	2  -  MemoryUsage of job (MB)
	1648  -  ResidentSetSize of job (KB)
...
006 (282.000.000) 10/24 21:06:04 Image size of job updated: 744272
	116  -  MemoryUsage of job (MB)
	118536  -  ResidentSetSize of job (KB)
...
006 (283.000.000) 10/24 21:06:12 Image size of job updated: 503228
	136  -  MemoryUsage of job (MB)
	138976  -  ResidentSetSize of job (KB)
...
006 (284.000.000) 10/24 21:06:13 Image size of job updated: 768080
	151  -  MemoryUsage of job (MB)
	154224  -  ResidentSetSize of job (KB)
...
006 (282.000.000) 10/24 21:09:55 Image size of job updated: 757640
	116  -  MemoryUsage of job (MB)
	118536  -  ResidentSetSize of job (KB)
...
005 (282.000.000) 10/24 21:09:55 Job terminated.
	(1) Normal termination (return value 0)
		Usr 0 00:07:24, Sys 0 00:00:05  -  Run Remote Usage
		Usr 0 00:00:00, Sys 0 00:00:00  -  Run Local Usage
		Usr 0 00:07:24, Sys 0 00:00:05  -  Total Remote Usage
		Usr 0 00:00:00, Sys 0 00:00:00  -  Total Local Usage
	5672  -  Run Bytes Sent By Job
	3171027  -  Run Bytes Received By Job
	5672  -  Total Bytes Sent By Job
	3171027  -  Total Bytes Received By Job
	Partitionable Resources :    Usage  Request Allocated
	   Cpus                 :                 1         1
	   Disk (KB)            :     6109     3250  27735248
	   Memory (MB)          :      116        1      3764
...
006 (284.000.000) 10/24 21:09:57 Image size of job updated: 778900
	151  -  MemoryUsage of job (MB)
	154224  -  ResidentSetSize of job (KB)
...
005 (284.000.000) 10/24 21:09:58 Job terminated.
	(1) Normal termination (return value 0)
		Usr 0 00:07:22, Sys 0 00:00:05  -  Run Remote Usage
		Usr 0 00:00:00, Sys 0 00:00:00  -  Run Local Usage
		Usr 0 00:07:22, Sys 0 00:00:05  -  Total Remote Usage
		Usr 0 00:00:00, Sys 0 00:00:00  -  Total Local Usage
	381187  -  Run Bytes Sent By Job
	3168714  -  Run Bytes Received By Job
	381187  -  Total Bytes Sent By Job
	3168714  -  Total Bytes Received By Job
	Partitionable Resources :    Usage  Request Allocated
	   Cpus                 :                 1         1
	   Disk (KB)            :   391569     3250  27734892
	   Memory (MB)          :      151        1      3764
...
006 (283.000.000) 10/24 21:10:03 Image size of job updated: 780028
	136  -  MemoryUsage of job (MB)
	138976  -  ResidentSetSize of job (KB)
...
005 (283.000.000) 10/24 21:10:03 Job terminated.
	(1) Normal termination (return value 0)
		Usr 0 00:07:39, Sys 0 00:00:05  -  Run Remote Usage
		Usr 0 00:00:00, Sys 0 00:00:00  -  Run Local Usage
		Usr 0 00:07:39, Sys 0 00:00:05  -  Total Remote Usage
		Usr 0 00:00:00, Sys 0 00:00:00  -  Total Local Usage
	378623  -  Run Bytes Sent By Job
	3168750  -  Run Bytes Received By Job
	378623  -  Total Bytes Sent By Job
	3168750  -  Total Bytes Received By Job
	Partitionable Resources :    Usage  Request Allocated
	   Cpus                 :                 1         1
	   Disk (KB)            :   400085     3250  27734952
	   Memory (MB)          :      136        1      3764
...
000 (285.000.000) 10/24 21:10:09 Job submitted from host: <54.153.86.184:19665?addrs=54.153.86.184-19665>
    DAG Node: clean_up_local_level_5_1
    pool:local
...
001 (285.000.000) 10/24 21:10:09 Job executing on host: <54.153.86.184:20914?addrs=54.153.86.184-20914>
...
005 (285.000.000) 10/24 21:10:14 Job terminated.
	(1) Normal termination (return value 0)
		Usr 0 00:00:00, Sys 0 00:00:00  -  Run Remote Usage
		Usr 0 00:00:00, Sys 0 00:00:00  -  Run Local Usage
		Usr 0 00:00:00, Sys 0 00:00:00  -  Total Remote Usage
		Usr 0 00:00:00, Sys 0 00:00:00  -  Total Local Usage
	0  -  Run Bytes Sent By Job
	0  -  Run Bytes Received By Job
	0  -  Total Bytes Sent By Job
	0  -  Total Bytes Received By Job
...
000 (286.000.000) 10/24 21:10:14 Job submitted from host: <54.153.86.184:19665?addrs=54.153.86.184-19665>
    DAG Node: clean_up_local_level_5_0
    pool:local
...
001 (286.000.000) 10/24 21:10:15 Job executing on host: <54.153.86.184:2306?addrs=54.153.86.184-2306>
...
000 (287.000.000) 10/24 21:10:15 Job submitted from host: <54.153.86.184:19665?addrs=54.153.86.184-19665>
    DAG Node: taskevent_0_ID0000006
    pool:condorpool
...
000 (288.000.000) 10/24 21:10:15 Job submitted from host: <54.153.86.184:19665?addrs=54.153.86.184-19665>
    DAG Node: taskevent_1_ID0000007
    pool:condorpool
...
000 (289.000.000) 10/24 21:10:15 Job submitted from host: <54.153.86.184:19665?addrs=54.153.86.184-19665>
    DAG Node: taskevent_2_ID0000008
    pool:condorpool
...
001 (289.000.000) 10/24 21:10:16 Job executing on host: <54.186.11.128:14421?addrs=54.186.11.128-14421&noUDP>
...
001 (287.000.000) 10/24 21:10:16 Job executing on host: <54.201.207.181:39788?addrs=54.201.207.181-39788&noUDP>
...
001 (288.000.000) 10/24 21:10:16 Job executing on host: <54.245.40.251:53544?addrs=54.245.40.251-53544&noUDP>
...
005 (286.000.000) 10/24 21:10:23 Job terminated.
	(1) Normal termination (return value 0)
		Usr 0 00:00:00, Sys 0 00:00:00  -  Run Remote Usage
		Usr 0 00:00:00, Sys 0 00:00:00  -  Run Local Usage
		Usr 0 00:00:00, Sys 0 00:00:00  -  Total Remote Usage
		Usr 0 00:00:00, Sys 0 00:00:00  -  Total Local Usage
	0  -  Run Bytes Sent By Job
	0  -  Run Bytes Received By Job
	0  -  Total Bytes Sent By Job
	0  -  Total Bytes Received By Job
...
006 (288.000.000) 10/24 21:10:24 Image size of job updated: 2
	2  -  MemoryUsage of job (MB)
	1644  -  ResidentSetSize of job (KB)
...
006 (289.000.000) 10/24 21:10:25 Image size of job updated: 2
	2  -  MemoryUsage of job (MB)
	1648  -  ResidentSetSize of job (KB)
...
006 (287.000.000) 10/24 21:10:25 Image size of job updated: 2
	2  -  MemoryUsage of job (MB)
	1640  -  ResidentSetSize of job (KB)
...
006 (289.000.000) 10/24 21:13:26 Image size of job updated: 767324
	2  -  MemoryUsage of job (MB)
	1648  -  ResidentSetSize of job (KB)
...
005 (289.000.000) 10/24 21:13:26 Job terminated.
	(1) Normal termination (return value 0)
		Usr 0 00:00:10, Sys 0 00:00:00  -  Run Remote Usage
		Usr 0 00:00:00, Sys 0 00:00:00  -  Run Local Usage
		Usr 0 00:00:10, Sys 0 00:00:00  -  Total Remote Usage
		Usr 0 00:00:00, Sys 0 00:00:00  -  Total Local Usage
	8695  -  Run Bytes Sent By Job
	3174894  -  Run Bytes Received By Job
	8695  -  Total Bytes Sent By Job
	3174894  -  Total Bytes Received By Job
	Partitionable Resources :    Usage  Request Allocated
	   Cpus                 :                 1         1
	   Disk (KB)            :     6117     3250  27735248
	   Memory (MB)          :        2        1      3764
...
000 (290.000.000) 10/24 21:13:40 Job submitted from host: <54.153.86.184:19665?addrs=54.153.86.184-19665>
    DAG Node: clean_up_local_level_6_1
    pool:local
...
001 (290.000.000) 10/24 21:13:40 Job executing on host: <54.153.86.184:49545?addrs=54.153.86.184-49545>
...
005 (290.000.000) 10/24 21:13:48 Job terminated.
	(1) Normal termination (return value 0)
		Usr 0 00:00:00, Sys 0 00:00:00  -  Run Remote Usage
		Usr 0 00:00:00, Sys 0 00:00:00  -  Run Local Usage
		Usr 0 00:00:00, Sys 0 00:00:00  -  Total Remote Usage
		Usr 0 00:00:00, Sys 0 00:00:00  -  Total Local Usage
	0  -  Run Bytes Sent By Job
	0  -  Run Bytes Received By Job
	0  -  Total Bytes Sent By Job
	0  -  Total Bytes Received By Job
...
006 (288.000.000) 10/24 21:15:24 Image size of job updated: 766400
	102  -  MemoryUsage of job (MB)
	103676  -  ResidentSetSize of job (KB)
...
006 (287.000.000) 10/24 21:15:26 Image size of job updated: 754892
	121  -  MemoryUsage of job (MB)
	123676  -  ResidentSetSize of job (KB)
...
005 (288.000.000) 10/24 21:16:09 Job terminated.
	(1) Normal termination (return value 0)
		Usr 0 00:02:07, Sys 0 00:00:02  -  Run Remote Usage
		Usr 0 00:00:00, Sys 0 00:00:00  -  Run Local Usage
		Usr 0 00:02:07, Sys 0 00:00:02  -  Total Remote Usage
		Usr 0 00:00:00, Sys 0 00:00:00  -  Total Local Usage
	8692  -  Run Bytes Sent By Job
	3174894  -  Run Bytes Received By Job
	8692  -  Total Bytes Sent By Job
	3174894  -  Total Bytes Received By Job
	Partitionable Resources :    Usage  Request Allocated
	   Cpus                 :                 1         1
	   Disk (KB)            :     6117     3250  27734952
	   Memory (MB)          :      102        1      3764
...
006 (287.000.000) 10/24 21:20:04 Image size of job updated: 768576
	121  -  MemoryUsage of job (MB)
	123676  -  ResidentSetSize of job (KB)
...
005 (287.000.000) 10/24 21:20:05 Job terminated.
	(1) Normal termination (return value 0)
		Usr 0 00:05:27, Sys 0 00:00:05  -  Run Remote Usage
		Usr 0 00:00:00, Sys 0 00:00:00  -  Run Local Usage
		Usr 0 00:05:27, Sys 0 00:00:05  -  Total Remote Usage
		Usr 0 00:00:00, Sys 0 00:00:00  -  Total Local Usage
	8692  -  Run Bytes Sent By Job
	3174894  -  Run Bytes Received By Job
	8692  -  Total Bytes Sent By Job
	3174894  -  Total Bytes Received By Job
	Partitionable Resources :    Usage  Request Allocated
	   Cpus                 :                 1         1
	   Disk (KB)            :     6117     3250  27734892
	   Memory (MB)          :      121        1      3764
...
000 (291.000.000) 10/24 21:20:16 Job submitted from host: <54.153.86.184:19665?addrs=54.153.86.184-19665>
    DAG Node: clean_up_local_level_6_0
    pool:local
...
001 (291.000.000) 10/24 21:20:16 Job executing on host: <54.153.86.184:6381?addrs=54.153.86.184-6381>
...
000 (292.000.000) 10/24 21:20:16 Job submitted from host: <54.153.86.184:19665?addrs=54.153.86.184-19665>
    DAG Node: calculateratio_2_ID0000011
    pool:condorpool
...
000 (293.000.000) 10/24 21:20:16 Job submitted from host: <54.153.86.184:19665?addrs=54.153.86.184-19665>
    DAG Node: calculateratio_1_ID0000010
    pool:condorpool
...
000 (294.000.000) 10/24 21:20:16 Job submitted from host: <54.153.86.184:19665?addrs=54.153.86.184-19665>
    DAG Node: calculateratio_0_ID0000009
    pool:condorpool
...
001 (292.000.000) 10/24 21:20:17 Job executing on host: <54.201.207.181:39788?addrs=54.201.207.181-39788&noUDP>
...
006 (292.000.000) 10/24 21:20:26 Image size of job updated: 2
	2  -  MemoryUsage of job (MB)
	1640  -  ResidentSetSize of job (KB)
...
005 (291.000.000) 10/24 21:20:32 Job terminated.
	(1) Normal termination (return value 0)
		Usr 0 00:00:00, Sys 0 00:00:00  -  Run Remote Usage
		Usr 0 00:00:00, Sys 0 00:00:00  -  Run Local Usage
		Usr 0 00:00:00, Sys 0 00:00:00  -  Total Remote Usage
		Usr 0 00:00:00, Sys 0 00:00:00  -  Total Local Usage
	0  -  Run Bytes Sent By Job
	0  -  Run Bytes Received By Job
	0  -  Total Bytes Sent By Job
	0  -  Total Bytes Received By Job
...
001 (293.000.000) 10/24 21:20:36 Job executing on host: <54.186.11.128:14421?addrs=54.186.11.128-14421&noUDP>
...
001 (294.000.000) 10/24 21:20:37 Job executing on host: <54.245.40.251:53544?addrs=54.245.40.251-53544&noUDP>
...
006 (294.000.000) 10/24 21:20:45 Image size of job updated: 2
	2  -  MemoryUsage of job (MB)
	1640  -  ResidentSetSize of job (KB)
...
006 (293.000.000) 10/24 21:20:45 Image size of job updated: 2
	2  -  MemoryUsage of job (MB)
	1644  -  ResidentSetSize of job (KB)
...
006 (292.000.000) 10/24 21:25:26 Image size of job updated: 791884
	150  -  MemoryUsage of job (MB)
	153144  -  ResidentSetSize of job (KB)
...
006 (294.000.000) 10/24 21:25:45 Image size of job updated: 794004
	152  -  MemoryUsage of job (MB)
	154876  -  ResidentSetSize of job (KB)
...
006 (293.000.000) 10/24 21:25:47 Image size of job updated: 793816
	143  -  MemoryUsage of job (MB)
	145420  -  ResidentSetSize of job (KB)
...
005 (292.000.000) 10/24 21:28:05 Job terminated.
	(1) Normal termination (return value 0)
		Usr 0 00:02:21, Sys 0 00:00:06  -  Run Remote Usage
		Usr 0 00:00:00, Sys 0 00:00:00  -  Run Local Usage
		Usr 0 00:02:21, Sys 0 00:00:06  -  Total Remote Usage
		Usr 0 00:00:00, Sys 0 00:00:00  -  Total Local Usage
	212178  -  Run Bytes Sent By Job
	3173773  -  Run Bytes Received By Job
	212178  -  Total Bytes Sent By Job
	3173773  -  Total Bytes Received By Job
	Partitionable Resources :    Usage  Request Allocated
	   Cpus                 :                 1         1
	   Disk (KB)            :     6315     3250  27734892
	   Memory (MB)          :      150        1      3764
...
005 (294.000.000) 10/24 21:28:18 Job terminated.
	(1) Normal termination (return value 0)
		Usr 0 00:02:19, Sys 0 00:00:07  -  Run Remote Usage
		Usr 0 00:00:00, Sys 0 00:00:00  -  Run Local Usage
		Usr 0 00:02:19, Sys 0 00:00:07  -  Total Remote Usage
		Usr 0 00:00:00, Sys 0 00:00:00  -  Total Local Usage
	276503  -  Run Bytes Sent By Job
	3173767  -  Run Bytes Received By Job
	276503  -  Total Bytes Sent By Job
	3173767  -  Total Bytes Received By Job
	Partitionable Resources :    Usage  Request Allocated
	   Cpus                 :                 1         1
	   Disk (KB)            :     6378     3250  27734868
	   Memory (MB)          :      152        1      3764
...
000 (295.000.000) 10/24 21:28:32 Job submitted from host: <54.153.86.184:19665?addrs=54.153.86.184-19665>
    DAG Node: clean_up_local_level_7_1
    pool:local
...
001 (295.000.000) 10/24 21:28:32 Job executing on host: <54.153.86.184:58750?addrs=54.153.86.184-58750>
...
005 (295.000.000) 10/24 21:28:40 Job terminated.
	(1) Normal termination (return value 0)
		Usr 0 00:00:00, Sys 0 00:00:00  -  Run Remote Usage
		Usr 0 00:00:00, Sys 0 00:00:00  -  Run Local Usage
		Usr 0 00:00:00, Sys 0 00:00:00  -  Total Remote Usage
		Usr 0 00:00:00, Sys 0 00:00:00  -  Total Local Usage
	0  -  Run Bytes Sent By Job
	0  -  Run Bytes Received By Job
	0  -  Total Bytes Sent By Job
	0  -  Total Bytes Received By Job
...
005 (293.000.000) 10/24 21:29:30 Job terminated.
	(1) Normal termination (return value 0)
		Usr 0 00:02:35, Sys 0 00:00:07  -  Run Remote Usage
		Usr 0 00:00:00, Sys 0 00:00:00  -  Run Local Usage
		Usr 0 00:02:35, Sys 0 00:00:07  -  Total Remote Usage
		Usr 0 00:00:00, Sys 0 00:00:00  -  Total Local Usage
	360890  -  Run Bytes Sent By Job
	3173772  -  Run Bytes Received By Job
	360890  -  Total Bytes Sent By Job
	3173772  -  Total Bytes Received By Job
	Partitionable Resources :    Usage  Request Allocated
	   Cpus                 :                 1         1
	   Disk (KB)            :     6460     3250  27735104
	   Memory (MB)          :      143        1      3764
...
000 (296.000.000) 10/24 21:29:43 Job submitted from host: <54.153.86.184:19665?addrs=54.153.86.184-19665>
    DAG Node: clean_up_local_level_7_0
    pool:local
...
001 (296.000.000) 10/24 21:29:43 Job executing on host: <54.153.86.184:62700?addrs=54.153.86.184-62700>
...
000 (297.000.000) 10/24 21:29:43 Job submitted from host: <54.153.86.184:19665?addrs=54.153.86.184-19665>
    DAG Node: averageratioevent_1_ID0000013
    pool:condorpool
...
000 (298.000.000) 10/24 21:29:43 Job submitted from host: <54.153.86.184:19665?addrs=54.153.86.184-19665>
    DAG Node: averageratioevent_0_ID0000012
    pool:condorpool
...
000 (299.000.000) 10/24 21:29:43 Job submitted from host: <54.153.86.184:19665?addrs=54.153.86.184-19665>
    DAG Node: averageratioevent_2_ID0000014
    pool:condorpool
...
001 (297.000.000) 10/24 21:29:43 Job executing on host: <54.186.11.128:14421?addrs=54.186.11.128-14421&noUDP>
...
006 (297.000.000) 10/24 21:29:52 Image size of job updated: 2
	2  -  MemoryUsage of job (MB)
	1648  -  ResidentSetSize of job (KB)
...
001 (298.000.000) 10/24 21:29:53 Job executing on host: <54.245.40.251:53544?addrs=54.245.40.251-53544&noUDP>
...
001 (299.000.000) 10/24 21:29:53 Job executing on host: <54.201.207.181:39788?addrs=54.201.207.181-39788&noUDP>
...
006 (299.000.000) 10/24 21:29:58 Image size of job updated: 2
	0  -  MemoryUsage of job (MB)
	0  -  ResidentSetSize of job (KB)
...
005 (299.000.000) 10/24 21:29:59 Job terminated.
	(1) Normal termination (return value 0)
		Usr 0 00:00:00, Sys 0 00:00:00  -  Run Remote Usage
		Usr 0 00:00:00, Sys 0 00:00:00  -  Run Local Usage
		Usr 0 00:00:00, Sys 0 00:00:00  -  Total Remote Usage
		Usr 0 00:00:00, Sys 0 00:00:00  -  Total Local Usage
	5366  -  Run Bytes Sent By Job
	3169325  -  Run Bytes Received By Job
	5366  -  Total Bytes Sent By Job
	3169325  -  Total Bytes Received By Job
	Partitionable Resources :    Usage  Request Allocated
	   Cpus                 :                 1         1
	   Disk (KB)            :     6107     3250  27734632
	   Memory (MB)          :        0        1      3764
...
005 (296.000.000) 10/24 21:29:59 Job terminated.
	(1) Normal termination (return value 0)
		Usr 0 00:00:00, Sys 0 00:00:00  -  Run Remote Usage
		Usr 0 00:00:00, Sys 0 00:00:00  -  Run Local Usage
		Usr 0 00:00:00, Sys 0 00:00:00  -  Total Remote Usage
		Usr 0 00:00:00, Sys 0 00:00:00  -  Total Local Usage
	0  -  Run Bytes Sent By Job
	0  -  Run Bytes Received By Job
	0  -  Total Bytes Sent By Job
	0  -  Total Bytes Received By Job
...
006 (298.000.000) 10/24 21:30:02 Image size of job updated: 2
	2  -  MemoryUsage of job (MB)
	1648  -  ResidentSetSize of job (KB)
...
000 (300.000.000) 10/24 21:30:13 Job submitted from host: <54.153.86.184:19665?addrs=54.153.86.184-19665>
    DAG Node: clean_up_local_level_8_1
    pool:local
...
001 (300.000.000) 10/24 21:30:13 Job executing on host: <54.153.86.184:33895?addrs=54.153.86.184-33895>
...
005 (300.000.000) 10/24 21:30:18 Job terminated.
	(1) Normal termination (return value 0)
		Usr 0 00:00:00, Sys 0 00:00:00  -  Run Remote Usage
		Usr 0 00:00:00, Sys 0 00:00:00  -  Run Local Usage
		Usr 0 00:00:00, Sys 0 00:00:00  -  Total Remote Usage
		Usr 0 00:00:00, Sys 0 00:00:00  -  Total Local Usage
	0  -  Run Bytes Sent By Job
	0  -  Run Bytes Received By Job
	0  -  Total Bytes Sent By Job
	0  -  Total Bytes Received By Job
...
006 (298.000.000) 10/24 21:30:21 Image size of job updated: 490644
	2  -  MemoryUsage of job (MB)
	1648  -  ResidentSetSize of job (KB)
...
005 (298.000.000) 10/24 21:30:21 Job terminated.
	(1) Normal termination (return value 0)
		Usr 0 00:00:07, Sys 0 00:00:00  -  Run Remote Usage
		Usr 0 00:00:00, Sys 0 00:00:00  -  Run Local Usage
		Usr 0 00:00:07, Sys 0 00:00:00  -  Total Remote Usage
		Usr 0 00:00:00, Sys 0 00:00:00  -  Total Local Usage
	266685  -  Run Bytes Sent By Job
	3169329  -  Run Bytes Received By Job
	266685  -  Total Bytes Sent By Job
	3169329  -  Total Bytes Received By Job
	Partitionable Resources :    Usage  Request Allocated
	   Cpus                 :                 1         1
	   Disk (KB)            :     6662     3250  27734704
	   Memory (MB)          :        2        1      3764
...
006 (297.000.000) 10/24 21:30:30 Image size of job updated: 484372
	2  -  MemoryUsage of job (MB)
	1648  -  ResidentSetSize of job (KB)
...
005 (297.000.000) 10/24 21:30:30 Job terminated.
	(1) Normal termination (return value 0)
		Usr 0 00:00:30, Sys 0 00:00:00  -  Run Remote Usage
		Usr 0 00:00:00, Sys 0 00:00:00  -  Run Local Usage
		Usr 0 00:00:30, Sys 0 00:00:00  -  Total Remote Usage
		Usr 0 00:00:00, Sys 0 00:00:00  -  Total Local Usage
	266695  -  Run Bytes Sent By Job
	3169325  -  Run Bytes Received By Job
	266695  -  Total Bytes Sent By Job
	3169325  -  Total Bytes Received By Job
	Partitionable Resources :    Usage  Request Allocated
	   Cpus                 :                 1         1
	   Disk (KB)            :     7218     3250  27735104
	   Memory (MB)          :        2        1      3764
...
000 (301.000.000) 10/24 21:30:43 Job submitted from host: <54.153.86.184:19665?addrs=54.153.86.184-19665>
    DAG Node: clean_up_local_level_8_0
    pool:local
...
001 (301.000.000) 10/24 21:30:43 Job executing on host: <54.153.86.184:54310?addrs=54.153.86.184-54310>
...
000 (302.000.000) 10/24 21:30:43 Job submitted from host: <54.153.86.184:19665?addrs=54.153.86.184-19665>
    DAG Node: analysisevent_0_ID0000015
    pool:condorpool
...
001 (302.000.000) 10/24 21:30:44 Job executing on host: <54.186.11.128:14421?addrs=54.186.11.128-14421&noUDP>
...
006 (302.000.000) 10/24 21:30:45 Image size of job updated: 2
	0  -  MemoryUsage of job (MB)
	0  -  ResidentSetSize of job (KB)
...
005 (302.000.000) 10/24 21:30:45 Job terminated.
	(1) Normal termination (return value 0)
		Usr 0 00:00:00, Sys 0 00:00:00  -  Run Remote Usage
		Usr 0 00:00:00, Sys 0 00:00:00  -  Run Local Usage
		Usr 0 00:00:00, Sys 0 00:00:00  -  Total Remote Usage
		Usr 0 00:00:00, Sys 0 00:00:00  -  Total Local Usage
	5331  -  Run Bytes Sent By Job
	3169137  -  Run Bytes Received By Job
	5331  -  Total Bytes Sent By Job
	3169137  -  Total Bytes Received By Job
	Partitionable Resources :    Usage  Request Allocated
	   Cpus                 :                 1         1
	   Disk (KB)            :     6107     3250  27735104
	   Memory (MB)          :        0        1      3764
...
005 (301.000.000) 10/24 21:30:51 Job terminated.
	(1) Normal termination (return value 0)
		Usr 0 00:00:00, Sys 0 00:00:00  -  Run Remote Usage
		Usr 0 00:00:00, Sys 0 00:00:00  -  Run Local Usage
		Usr 0 00:00:00, Sys 0 00:00:00  -  Total Remote Usage
		Usr 0 00:00:00, Sys 0 00:00:00  -  Total Local Usage
	0  -  Run Bytes Sent By Job
	0  -  Run Bytes Received By Job
	0  -  Total Bytes Sent By Job
	0  -  Total Bytes Received By Job
...
000 (303.000.000) 10/24 21:30:59 Job submitted from host: <54.153.86.184:19665?addrs=54.153.86.184-19665>
    DAG Node: terminate_0_ID0000016
    pool:condorpool
...
000 (304.000.000) 10/24 21:30:59 Job submitted from host: <54.153.86.184:19665?addrs=54.153.86.184-19665>
    DAG Node: clean_up_local_level_9_0
    pool:local
...
001 (303.000.000) 10/24 21:30:59 Job executing on host: <54.186.11.128:14421?addrs=54.186.11.128-14421&noUDP>
...
006 (303.000.000) 10/24 21:31:00 Image size of job updated: 2
	0  -  MemoryUsage of job (MB)
	0  -  ResidentSetSize of job (KB)
...
005 (303.000.000) 10/24 21:31:00 Job terminated.
	(1) Normal termination (return value 0)
		Usr 0 00:00:00, Sys 0 00:00:00  -  Run Remote Usage
		Usr 0 00:00:00, Sys 0 00:00:00  -  Run Local Usage
		Usr 0 00:00:00, Sys 0 00:00:00  -  Total Remote Usage
		Usr 0 00:00:00, Sys 0 00:00:00  -  Total Local Usage
	4459  -  Run Bytes Sent By Job
	3167596  -  Run Bytes Received By Job
	4459  -  Total Bytes Sent By Job
	3167596  -  Total Bytes Received By Job
	Partitionable Resources :    Usage  Request Allocated
	   Cpus                 :                 1         1
	   Disk (KB)            :     6103     3250  27735104
	   Memory (MB)          :        0        1      3764
...
001 (304.000.000) 10/24 21:31:04 Job executing on host: <54.153.86.184:56641?addrs=54.153.86.184-56641>
...
005 (304.000.000) 10/24 21:31:08 Job terminated.
	(1) Normal termination (return value 0)
		Usr 0 00:00:00, Sys 0 00:00:00  -  Run Remote Usage
		Usr 0 00:00:00, Sys 0 00:00:00  -  Run Local Usage
		Usr 0 00:00:00, Sys 0 00:00:00  -  Total Remote Usage
		Usr 0 00:00:00, Sys 0 00:00:00  -  Total Local Usage
	0  -  Run Bytes Sent By Job
	0  -  Run Bytes Received By Job
	0  -  Total Bytes Sent By Job
	0  -  Total Bytes Received By Job
...
000 (305.000.000) 10/24 21:31:14 Job submitted from host: <54.153.86.184:19665?addrs=54.153.86.184-19665>
    DAG Node: clean_up_local_level_10_0
    pool:local
...
001 (305.000.000) 10/24 21:31:14 Job executing on host: <54.153.86.184:30800?addrs=54.153.86.184-30800>
...
005 (305.000.000) 10/24 21:31:16 Job terminated.
	(1) Normal termination (return value 0)
		Usr 0 00:00:00, Sys 0 00:00:00  -  Run Remote Usage
		Usr 0 00:00:00, Sys 0 00:00:00  -  Run Local Usage
		Usr 0 00:00:00, Sys 0 00:00:00  -  Total Remote Usage
		Usr 0 00:00:00, Sys 0 00:00:00  -  Total Local Usage
	0  -  Run Bytes Sent By Job
	0  -  Run Bytes Received By Job
	0  -  Total Bytes Sent By Job
	0  -  Total Bytes Received By Job
...
000 (306.000.000) 10/24 21:31:29 Job submitted from host: <54.153.86.184:19665?addrs=54.153.86.184-19665>
    DAG Node: cleanup_example_workflow_0_local
    pool:local
...
001 (306.000.000) 10/24 21:31:29 Job executing on host: <54.153.86.184:35308?addrs=54.153.86.184-35308>
...
005 (306.000.000) 10/24 21:31:31 Job terminated.
	(1) Normal termination (return value 0)
		Usr 0 00:00:00, Sys 0 00:00:00  -  Run Remote Usage
		Usr 0 00:00:00, Sys 0 00:00:00  -  Run Local Usage
		Usr 0 00:00:00, Sys 0 00:00:00  -  Total Remote Usage
		Usr 0 00:00:00, Sys 0 00:00:00  -  Total Local Usage
	0  -  Run Bytes Sent By Job
	0  -  Run Bytes Received By Job
	0  -  Total Bytes Sent By Job
	0  -  Total Bytes Received By Job
...
