{"name": ".//00/00/create_dir_example_workflow_0_local.out", "timestamp": "2016-10-25T06:00:15.429411", "exitcode": 0, "app_exitcode": 0, "retry": 0, "std_out": "", "std_err": ""}
{"name": ".//00/00/stage_in_remote_local_5_1.out", "timestamp": "2016-10-25T06:00:31.972437", "exitcode": 0, "app_exitcode": 0, "retry": 0, "std_out": "", "std_err": ""}
{"name": ".//00/00/stage_in_local_local_6_0.out", "timestamp": "2016-10-25T06:00:32.023711", "exitcode": 0, "app_exitcode": 0, "retry": 0, "std_out": "", "std_err": ""}
{"name": ".//00/00/stage_in_local_local_0_0.out", "timestamp": "2016-10-25T06:00:32.031658", "exitcode": 0, "app_exitcode": 0, "retry": 0, "std_out": "", "std_err": ""}
{"name": ".//00/00/stage_in_remote_local_2_1.out", "timestamp": "2016-10-25T06:00:32.068290", "exitcode": 0, "app_exitcode": 0, "retry": 0, "std_out": "", "std_err": ""}
{"name": ".//00/00/stage_in_remote_local_5_0.out", "timestamp": "2016-10-25T06:00:36.834551", "exitcode": 0, "app_exitcode": 0, "retry": 0, "std_out": "", "std_err": ""}
{"name": ".//00/00/stage_in_remote_local_1_0.out", "timestamp": "2016-10-25T06:00:36.839311", "exitcode": 0, "app_exitcode": 0, "retry": 0, "std_out": "", "std_err": ""}
{"name": ".//00/00/stage_in_local_local_3_1.out", "timestamp": "2016-10-25T06:00:36.908350", "exitcode": 0, "app_exitcode": 0, "retry": 0, "std_out": "", "std_err": ""}
{"name": ".//00/00/stage_in_local_local_2_1.out", "timestamp": "2016-10-25T06:00:37.005359", "exitcode": 0, "app_exitcode": 0, "retry": 0, "std_out": "", "std_err": ""}
{"name": ".//00/00/stage_in_local_local_2_0.out", "timestamp": "2016-10-25T06:00:37.023026", "exitcode": 0, "app_exitcode": 0, "retry": 0, "std_out": "", "std_err": ""}
{"name": ".//00/00/stage_in_local_local_3_0.out", "timestamp": "2016-10-25T06:00:41.737823", "exitcode": 0, "app_exitcode": 0, "retry": 0, "std_out": "", "std_err": ""}
{"name": ".//00/00/stage_in_local_local_5_1.out", "timestamp": "2016-10-25T06:00:41.742910", "exitcode": 0, "app_exitcode": 0, "retry": 0, "std_out": "", "std_err": ""}
{"name": ".//00/00/stage_in_local_local_1_0.out", "timestamp": "2016-10-25T06:00:41.808392", "exitcode": 0, "app_exitcode": 0, "retry": 0, "std_out": "", "std_err": ""}
{"name": ".//00/00/stage_in_local_local_7_0.out", "timestamp": "2016-10-25T06:00:41.851781", "exitcode": 0, "app_exitcode": 0, "retry": 0, "std_out": "", "std_err": ""}
{"name": ".//00/00/stage_in_remote_local_4_1.out", "timestamp": "2016-10-25T06:00:47.992889", "exitcode": 0, "app_exitcode": 0, "retry": 0, "std_out": "", "std_err": ""}
{"name": ".//00/00/stage_in_local_local_5_0.out", "timestamp": "2016-10-25T06:00:48.299882", "exitcode": 0, "app_exitcode": 0, "retry": 0, "std_out": "", "std_err": ""}
{"name": ".//00/00/stage_in_remote_local_3_1.out", "timestamp": "2016-10-25T06:00:48.358268", "exitcode": 0, "app_exitcode": 0, "retry": 0, "std_out": "", "std_err": ""}
{"name": ".//00/00/stage_in_local_local_4_0.out", "timestamp": "2016-10-25T06:00:48.411060", "exitcode": 0, "app_exitcode": 0, "retry": 0, "std_out": "", "std_err": ""}
{"name": ".//00/00/stage_in_local_local_4_1.out", "timestamp": "2016-10-25T06:00:48.435715", "exitcode": 0, "app_exitcode": 0, "retry": 0, "std_out": "", "std_err": ""}
{"name": ".//00/00/stage_in_remote_local_2_0.out", "timestamp": "2016-10-25T06:00:48.476672", "exitcode": 0, "app_exitcode": 0, "retry": 0, "std_out": "", "std_err": ""}
{"name": ".//00/00/stage_in_remote_local_4_0.out", "timestamp": "2016-10-25T06:00:48.496612", "exitcode": 0, "app_exitcode": 0, "retry": 0, "std_out": "", "std_err": ""}
{"name": ".//00/00/stage_in_remote_local_3_0.out", "timestamp": "2016-10-25T06:00:52.826341", "exitcode": 0, "app_exitcode": 0, "retry": 0, "std_out": "", "std_err": ""}
{"name": ".//00/00/stage_in_remote_local_6_0.out", "timestamp": "2016-10-25T06:00:52.844902", "exitcode": 0, "app_exitcode": 0, "retry": 0, "std_out": "", "std_err": ""}
{"name": ".//00/00/init_0_ID0000001.out", "timestamp": "2016-10-25T06:01:53.045012", "exitcode": 0, "app_exitcode": 0, "retry": 0, "std_out": "", "std_err": ""}
{"name": ".//00/01/clean_up_local_level_3_0.out", "timestamp": "2016-10-25T06:02:07.484304", "exitcode": 0, "app_exitcode": 0, "retry": 0, "std_out": "", "std_err": ""}
{"name": ".//00/00/generalinfo_0_ID0000002.out", "timestamp": "2016-10-25T06:06:17.888747", "exitcode": 0, "app_exitcode": 0, "retry": 0, "std_out": "", "std_err": ""}
{"name": ".//00/01/clean_up_local_level_4_0.out", "timestamp": "2016-10-25T06:06:33.490086", "exitcode": 0, "app_exitcode": 0, "retry": 0, "std_out": "", "std_err": ""}
{"name": ".//00/00/statscpumemory_0_ID0000003.out", "timestamp": "2016-10-25T06:15:14.179224", "exitcode": 0, "app_exitcode": 0, "retry": 0, "std_out": "", "std_err": ""}
{"name": ".//00/00/medianmemory_0_ID0000005.out", "timestamp": "2016-10-25T06:15:24.334841", "exitcode": 0, "app_exitcode": 0, "retry": 0, "std_out": "", "std_err": ""}
{"name": ".//00/01/clean_up_local_level_5_0.out", "timestamp": "2016-10-25T06:15:44.692727", "exitcode": 0, "app_exitcode": 0, "retry": 0, "std_out": "", "std_err": ""}
{"name": ".//00/00/mediancpu_0_ID0000004.out", "timestamp": "2016-10-25T06:16:09.863616", "exitcode": 0, "app_exitcode": 0, "retry": 0, "std_out": "", "std_err": ""}
{"name": ".//00/01/clean_up_local_level_5_1.out", "timestamp": "2016-10-25T06:16:30.682534", "exitcode": 0, "app_exitcode": 0, "retry": 0, "std_out": "", "std_err": ""}
{"name": ".//00/00/taskevent_2_ID0000008.out", "timestamp": "2016-10-25T06:20:31.095575", "exitcode": 0, "app_exitcode": 0, "retry": 0, "std_out": "", "std_err": ""}
{"name": ".//00/01/clean_up_local_level_6_1.out", "timestamp": "2016-10-25T06:20:50.383663", "exitcode": 0, "app_exitcode": 0, "retry": 0, "std_out": "", "std_err": ""}
{"name": ".//00/00/taskevent_1_ID0000007.out", "timestamp": "2016-10-25T06:22:45.660218", "exitcode": 0, "app_exitcode": 0, "retry": 0, "std_out": "", "std_err": ""}
{"name": ".//00/00/taskevent_0_ID0000006.out", "timestamp": "2016-10-25T06:25:56.005244", "exitcode": 0, "app_exitcode": 0, "retry": 0, "std_out": "", "std_err": ""}
{"name": ".//00/01/clean_up_local_level_6_0.out", "timestamp": "2016-10-25T06:26:25.635830", "exitcode": 0, "app_exitcode": 0, "retry": 0, "std_out": "", "std_err": ""}
{"name": ".//00/00/calculateratio_2_ID0000011.out", "timestamp": "2016-10-25T06:30:56.069817", "exitcode": 0, "app_exitcode": 0, "retry": 0, "std_out": "", "std_err": ""}
{"name": ".//00/00/calculateratio_0_ID0000009.out", "timestamp": "2016-10-25T06:31:15.249320", "exitcode": 0, "app_exitcode": 0, "retry": 0, "std_out": "", "std_err": ""}
{"name": ".//00/00/clean_up_local_level_7_1.out", "timestamp": "2016-10-25T06:31:35.498602", "exitcode": 0, "app_exitcode": 0, "retry": 0, "std_out": "", "std_err": ""}
{"name": ".//00/00/calculateratio_1_ID0000010.out", "timestamp": "2016-10-25T06:31:40.650836", "exitcode": 0, "app_exitcode": 0, "retry": 0, "std_out": "", "std_err": ""}
{"name": ".//00/00/averageratioevent_2_ID0000014.out", "timestamp": "2016-10-25T06:32:06.242030", "exitcode": 0, "app_exitcode": 0, "retry": 0, "std_out": "", "std_err": ""}
{"name": ".//00/00/clean_up_local_level_7_0.out", "timestamp": "2016-10-25T06:32:11.397635", "exitcode": 0, "app_exitcode": 0, "retry": 0, "std_out": "", "std_err": ""}
{"name": ".//00/00/clean_up_local_level_8_1.out", "timestamp": "2016-10-25T06:32:21.638240", "exitcode": 0, "app_exitcode": 0, "retry": 0, "std_out": "", "std_err": ""}
{"name": ".//00/00/averageratioevent_1_ID0000013.out", "timestamp": "2016-10-25T06:32:36.903766", "exitcode": 0, "app_exitcode": 0, "retry": 0, "std_out": "", "std_err": ""}
{"name": ".//00/00/averageratioevent_0_ID0000012.out", "timestamp": "2016-10-25T06:32:36.938998", "exitcode": 0, "app_exitcode": 0, "retry": 0, "std_out": "", "std_err": ""}
{"name": ".//00/00/analysisevent_0_ID0000015.out", "timestamp": "2016-10-25T06:32:52.635399", "exitcode": 0, "app_exitcode": 0, "retry": 0, "std_out": "", "std_err": ""}
{"name": ".//00/00/clean_up_local_level_8_0.out", "timestamp": "2016-10-25T06:32:57.788981", "exitcode": 0, "app_exitcode": 0, "retry": 0, "std_out": "", "std_err": ""}
{"name": ".//00/00/terminate_0_ID0000016.out", "timestamp": "2016-10-25T06:33:08.061953", "exitcode": 0, "app_exitcode": 0, "retry": 0, "std_out": "", "std_err": ""}
{"name": ".//00/00/clean_up_local_level_9_0.out", "timestamp": "2016-10-25T06:33:17.340886", "exitcode": 0, "app_exitcode": 0, "retry": 0, "std_out": "", "std_err": ""}
{"name": ".//00/00/clean_up_local_level_10_0.out", "timestamp": "2016-10-25T06:33:22.528211", "exitcode": 0, "app_exitcode": 0, "retry": 0, "std_out": "", "std_err": ""}
