000 (9056.000.000) 12/20 01:35:52 Job submitted from host: <54.67.10.246:6432?addrs=54.67.10.246-6432>
    DAG Node: create_dir_example_workflow_0_local
    pool:local
...
001 (9056.000.000) 12/20 01:35:54 Job executing on host: <54.67.10.246:50590?addrs=54.67.10.246-50590>
...
005 (9056.000.000) 12/20 01:35:57 Job terminated.
	(1) Normal termination (return value 0)
		Usr 0 00:00:00, Sys 0 00:00:00  -  Run Remote Usage
		Usr 0 00:00:00, Sys 0 00:00:00  -  Run Local Usage
		Usr 0 00:00:00, Sys 0 00:00:00  -  Total Remote Usage
		Usr 0 00:00:00, Sys 0 00:00:00  -  Total Local Usage
	0  -  Run Bytes Sent By Job
	0  -  Run Bytes Received By Job
	0  -  Total Bytes Sent By Job
	0  -  Total Bytes Received By Job
...
016 (9056.000.000) 12/20 01:35:58 POST Script terminated.
	(1) Normal termination (return value 0)
    DAG Node: create_dir_example_workflow_0_local
...
000 (9057.000.000) 12/20 01:36:07 Job submitted from host: <54.67.10.246:6432?addrs=54.67.10.246-6432>
    DAG Node: stage_in_local_local_0_0
    pool:local
...
000 (9058.000.000) 12/20 01:36:25 Job submitted from host: <54.67.10.246:6432?addrs=54.67.10.246-6432>
    DAG Node: stage_in_local_local_6_0
    pool:local
...
001 (9057.000.000) 12/20 01:36:25 Job executing on host: <54.67.10.246:10886?addrs=54.67.10.246-10886>
...
001 (9058.000.000) 12/20 01:36:25 Job executing on host: <54.67.10.246:1877?addrs=54.67.10.246-1877>
...
000 (9059.000.000) 12/20 01:36:25 Job submitted from host: <54.67.10.246:6432?addrs=54.67.10.246-6432>
    DAG Node: stage_in_remote_local_2_1
    pool:local
...
000 (9060.000.000) 12/20 01:36:25 Job submitted from host: <54.67.10.246:6432?addrs=54.67.10.246-6432>
    DAG Node: stage_in_remote_local_5_0
    pool:local
...
000 (9061.000.000) 12/20 01:36:25 Job submitted from host: <54.67.10.246:6432?addrs=54.67.10.246-6432>
    DAG Node: stage_in_local_local_2_0
    pool:local
...
005 (9057.000.000) 12/20 01:36:27 Job terminated.
	(1) Normal termination (return value 0)
		Usr 0 00:00:00, Sys 0 00:00:00  -  Run Remote Usage
		Usr 0 00:00:00, Sys 0 00:00:00  -  Run Local Usage
		Usr 0 00:00:00, Sys 0 00:00:00  -  Total Remote Usage
		Usr 0 00:00:00, Sys 0 00:00:00  -  Total Local Usage
	0  -  Run Bytes Sent By Job
	0  -  Run Bytes Received By Job
	0  -  Total Bytes Sent By Job
	0  -  Total Bytes Received By Job
...
001 (9061.000.000) 12/20 01:36:27 Job executing on host: <54.67.10.246:4321?addrs=54.67.10.246-4321>
...
001 (9060.000.000) 12/20 01:36:27 Job executing on host: <54.67.10.246:59356?addrs=54.67.10.246-59356>
...
001 (9059.000.000) 12/20 01:36:27 Job executing on host: <54.67.10.246:36647?addrs=54.67.10.246-36647>
...
005 (9058.000.000) 12/20 01:36:27 Job terminated.
	(1) Normal termination (return value 0)
		Usr 0 00:00:00, Sys 0 00:00:00  -  Run Remote Usage
		Usr 0 00:00:00, Sys 0 00:00:00  -  Run Local Usage
		Usr 0 00:00:00, Sys 0 00:00:00  -  Total Remote Usage
		Usr 0 00:00:00, Sys 0 00:00:00  -  Total Local Usage
	0  -  Run Bytes Sent By Job
	0  -  Run Bytes Received By Job
	0  -  Total Bytes Sent By Job
	0  -  Total Bytes Received By Job
...
005 (9060.000.000) 12/20 01:36:30 Job terminated.
	(1) Normal termination (return value 0)
		Usr 0 00:00:00, Sys 0 00:00:00  -  Run Remote Usage
		Usr 0 00:00:00, Sys 0 00:00:00  -  Run Local Usage
		Usr 0 00:00:00, Sys 0 00:00:00  -  Total Remote Usage
		Usr 0 00:00:00, Sys 0 00:00:00  -  Total Local Usage
	0  -  Run Bytes Sent By Job
	0  -  Run Bytes Received By Job
	0  -  Total Bytes Sent By Job
	0  -  Total Bytes Received By Job
...
005 (9059.000.000) 12/20 01:36:30 Job terminated.
	(1) Normal termination (return value 0)
		Usr 0 00:00:00, Sys 0 00:00:00  -  Run Remote Usage
		Usr 0 00:00:00, Sys 0 00:00:00  -  Run Local Usage
		Usr 0 00:00:00, Sys 0 00:00:00  -  Total Remote Usage
		Usr 0 00:00:00, Sys 0 00:00:00  -  Total Local Usage
	0  -  Run Bytes Sent By Job
	0  -  Run Bytes Received By Job
	0  -  Total Bytes Sent By Job
	0  -  Total Bytes Received By Job
...
000 (9062.000.000) 12/20 01:36:30 Job submitted from host: <54.67.10.246:6432?addrs=54.67.10.246-6432>
    DAG Node: stage_in_local_local_2_1
    pool:local
...
001 (9062.000.000) 12/20 01:36:30 Job executing on host: <54.67.10.246:45413?addrs=54.67.10.246-45413>
...
000 (9063.000.000) 12/20 01:36:30 Job submitted from host: <54.67.10.246:6432?addrs=54.67.10.246-6432>
    DAG Node: stage_in_remote_local_1_0
    pool:local
...
001 (9063.000.000) 12/20 01:36:30 Job executing on host: <54.67.10.246:49776?addrs=54.67.10.246-49776>
...
000 (9064.000.000) 12/20 01:36:31 Job submitted from host: <54.67.10.246:6432?addrs=54.67.10.246-6432>
    DAG Node: stage_in_local_local_3_0
    pool:local
...
000 (9065.000.000) 12/20 01:36:31 Job submitted from host: <54.67.10.246:6432?addrs=54.67.10.246-6432>
    DAG Node: stage_in_local_local_5_0
    pool:local
...
000 (9066.000.000) 12/20 01:36:31 Job submitted from host: <54.67.10.246:6432?addrs=54.67.10.246-6432>
    DAG Node: stage_in_local_local_4_0
    pool:local
...
016 (9060.000.000) 12/20 01:36:31 POST Script terminated.
	(1) Normal termination (return value 0)
    DAG Node: stage_in_remote_local_5_0
...
016 (9057.000.000) 12/20 01:36:31 POST Script terminated.
	(1) Normal termination (return value 0)
    DAG Node: stage_in_local_local_0_0
...
016 (9058.000.000) 12/20 01:36:31 POST Script terminated.
	(1) Normal termination (return value 0)
    DAG Node: stage_in_local_local_6_0
...
016 (9059.000.000) 12/20 01:36:31 POST Script terminated.
	(1) Normal termination (return value 0)
    DAG Node: stage_in_remote_local_2_1
...
005 (9061.000.000) 12/20 01:36:32 Job terminated.
	(1) Normal termination (return value 0)
		Usr 0 00:00:00, Sys 0 00:00:00  -  Run Remote Usage
		Usr 0 00:00:00, Sys 0 00:00:00  -  Run Local Usage
		Usr 0 00:00:00, Sys 0 00:00:00  -  Total Remote Usage
		Usr 0 00:00:00, Sys 0 00:00:00  -  Total Local Usage
	0  -  Run Bytes Sent By Job
	0  -  Run Bytes Received By Job
	0  -  Total Bytes Sent By Job
	0  -  Total Bytes Received By Job
...
001 (9064.000.000) 12/20 01:36:32 Job executing on host: <54.67.10.246:14348?addrs=54.67.10.246-14348>
...
001 (9066.000.000) 12/20 01:36:32 Job executing on host: <54.67.10.246:34462?addrs=54.67.10.246-34462>
...
001 (9065.000.000) 12/20 01:36:32 Job executing on host: <54.67.10.246:27111?addrs=54.67.10.246-27111>
...
005 (9062.000.000) 12/20 01:36:33 Job terminated.
	(1) Normal termination (return value 0)
		Usr 0 00:00:00, Sys 0 00:00:00  -  Run Remote Usage
		Usr 0 00:00:00, Sys 0 00:00:00  -  Run Local Usage
		Usr 0 00:00:00, Sys 0 00:00:00  -  Total Remote Usage
		Usr 0 00:00:00, Sys 0 00:00:00  -  Total Local Usage
	0  -  Run Bytes Sent By Job
	0  -  Run Bytes Received By Job
	0  -  Total Bytes Sent By Job
	0  -  Total Bytes Received By Job
...
005 (9063.000.000) 12/20 01:36:33 Job terminated.
	(1) Normal termination (return value 0)
		Usr 0 00:00:00, Sys 0 00:00:00  -  Run Remote Usage
		Usr 0 00:00:00, Sys 0 00:00:00  -  Run Local Usage
		Usr 0 00:00:00, Sys 0 00:00:00  -  Total Remote Usage
		Usr 0 00:00:00, Sys 0 00:00:00  -  Total Local Usage
	0  -  Run Bytes Sent By Job
	0  -  Run Bytes Received By Job
	0  -  Total Bytes Sent By Job
	0  -  Total Bytes Received By Job
...
005 (9064.000.000) 12/20 01:36:34 Job terminated.
	(1) Normal termination (return value 0)
		Usr 0 00:00:00, Sys 0 00:00:00  -  Run Remote Usage
		Usr 0 00:00:00, Sys 0 00:00:00  -  Run Local Usage
		Usr 0 00:00:00, Sys 0 00:00:00  -  Total Remote Usage
		Usr 0 00:00:00, Sys 0 00:00:00  -  Total Local Usage
	0  -  Run Bytes Sent By Job
	0  -  Run Bytes Received By Job
	0  -  Total Bytes Sent By Job
	0  -  Total Bytes Received By Job
...
005 (9066.000.000) 12/20 01:36:34 Job terminated.
	(1) Normal termination (return value 0)
		Usr 0 00:00:00, Sys 0 00:00:00  -  Run Remote Usage
		Usr 0 00:00:00, Sys 0 00:00:00  -  Run Local Usage
		Usr 0 00:00:00, Sys 0 00:00:00  -  Total Remote Usage
		Usr 0 00:00:00, Sys 0 00:00:00  -  Total Local Usage
	0  -  Run Bytes Sent By Job
	0  -  Run Bytes Received By Job
	0  -  Total Bytes Sent By Job
	0  -  Total Bytes Received By Job
...
005 (9065.000.000) 12/20 01:36:34 Job terminated.
	(1) Normal termination (return value 0)
		Usr 0 00:00:00, Sys 0 00:00:00  -  Run Remote Usage
		Usr 0 00:00:00, Sys 0 00:00:00  -  Run Local Usage
		Usr 0 00:00:00, Sys 0 00:00:00  -  Total Remote Usage
		Usr 0 00:00:00, Sys 0 00:00:00  -  Total Local Usage
	0  -  Run Bytes Sent By Job
	0  -  Run Bytes Received By Job
	0  -  Total Bytes Sent By Job
	0  -  Total Bytes Received By Job
...
000 (9067.000.000) 12/20 01:36:36 Job submitted from host: <54.67.10.246:6432?addrs=54.67.10.246-6432>
    DAG Node: stage_in_local_local_7_0
    pool:local
...
000 (9068.000.000) 12/20 01:36:36 Job submitted from host: <54.67.10.246:6432?addrs=54.67.10.246-6432>
    DAG Node: stage_in_local_local_1_0
    pool:local
...
000 (9069.000.000) 12/20 01:36:37 Job submitted from host: <54.67.10.246:6432?addrs=54.67.10.246-6432>
    DAG Node: stage_in_remote_local_4_1
    pool:local
...
000 (9070.000.000) 12/20 01:36:37 Job submitted from host: <54.67.10.246:6432?addrs=54.67.10.246-6432>
    DAG Node: stage_in_remote_local_4_0
    pool:local
...
000 (9071.000.000) 12/20 01:36:37 Job submitted from host: <54.67.10.246:6432?addrs=54.67.10.246-6432>
    DAG Node: stage_in_remote_local_2_0
    pool:local
...
016 (9061.000.000) 12/20 01:36:37 POST Script terminated.
	(1) Normal termination (return value 0)
    DAG Node: stage_in_local_local_2_0
...
016 (9065.000.000) 12/20 01:36:37 POST Script terminated.
	(1) Normal termination (return value 0)
    DAG Node: stage_in_local_local_5_0
...
016 (9062.000.000) 12/20 01:36:37 POST Script terminated.
	(1) Normal termination (return value 0)
    DAG Node: stage_in_local_local_2_1
...
016 (9064.000.000) 12/20 01:36:37 POST Script terminated.
	(1) Normal termination (return value 0)
    DAG Node: stage_in_local_local_3_0
...
016 (9063.000.000) 12/20 01:36:37 POST Script terminated.
	(1) Normal termination (return value 0)
    DAG Node: stage_in_remote_local_1_0
...
016 (9066.000.000) 12/20 01:36:38 POST Script terminated.
	(1) Normal termination (return value 0)
    DAG Node: stage_in_local_local_4_0
...
001 (9067.000.000) 12/20 01:36:41 Job executing on host: <54.67.10.246:18453?addrs=54.67.10.246-18453>
...
001 (9070.000.000) 12/20 01:36:41 Job executing on host: <54.67.10.246:5672?addrs=54.67.10.246-5672>
...
001 (9068.000.000) 12/20 01:36:41 Job executing on host: <54.67.10.246:49766?addrs=54.67.10.246-49766>
...
001 (9069.000.000) 12/20 01:36:41 Job executing on host: <54.67.10.246:41653?addrs=54.67.10.246-41653>
...
001 (9071.000.000) 12/20 01:36:41 Job executing on host: <54.67.10.246:62876?addrs=54.67.10.246-62876>
...
000 (9072.000.000) 12/20 01:36:42 Job submitted from host: <54.67.10.246:6432?addrs=54.67.10.246-6432>
    DAG Node: stage_in_remote_local_3_1
    pool:local
...
000 (9073.000.000) 12/20 01:36:42 Job submitted from host: <54.67.10.246:6432?addrs=54.67.10.246-6432>
    DAG Node: stage_in_remote_local_3_0
    pool:local
...
000 (9074.000.000) 12/20 01:36:42 Job submitted from host: <54.67.10.246:6432?addrs=54.67.10.246-6432>
    DAG Node: stage_in_remote_local_6_0
    pool:local
...
000 (9075.000.000) 12/20 01:36:42 Job submitted from host: <54.67.10.246:6432?addrs=54.67.10.246-6432>
    DAG Node: init_0_ID0000001
    pool:condorpool
...
005 (9067.000.000) 12/20 01:36:43 Job terminated.
	(1) Normal termination (return value 0)
		Usr 0 00:00:00, Sys 0 00:00:00  -  Run Remote Usage
		Usr 0 00:00:00, Sys 0 00:00:00  -  Run Local Usage
		Usr 0 00:00:00, Sys 0 00:00:00  -  Total Remote Usage
		Usr 0 00:00:00, Sys 0 00:00:00  -  Total Local Usage
	0  -  Run Bytes Sent By Job
	0  -  Run Bytes Received By Job
	0  -  Total Bytes Sent By Job
	0  -  Total Bytes Received By Job
...
005 (9069.000.000) 12/20 01:36:44 Job terminated.
	(1) Normal termination (return value 0)
		Usr 0 00:00:00, Sys 0 00:00:00  -  Run Remote Usage
		Usr 0 00:00:00, Sys 0 00:00:00  -  Run Local Usage
		Usr 0 00:00:00, Sys 0 00:00:00  -  Total Remote Usage
		Usr 0 00:00:00, Sys 0 00:00:00  -  Total Local Usage
	0  -  Run Bytes Sent By Job
	0  -  Run Bytes Received By Job
	0  -  Total Bytes Sent By Job
	0  -  Total Bytes Received By Job
...
005 (9068.000.000) 12/20 01:36:44 Job terminated.
	(1) Normal termination (return value 0)
		Usr 0 00:00:00, Sys 0 00:00:00  -  Run Remote Usage
		Usr 0 00:00:00, Sys 0 00:00:00  -  Run Local Usage
		Usr 0 00:00:00, Sys 0 00:00:00  -  Total Remote Usage
		Usr 0 00:00:00, Sys 0 00:00:00  -  Total Local Usage
	0  -  Run Bytes Sent By Job
	0  -  Run Bytes Received By Job
	0  -  Total Bytes Sent By Job
	0  -  Total Bytes Received By Job
...
001 (9073.000.000) 12/20 01:36:44 Job executing on host: <54.67.10.246:27357?addrs=54.67.10.246-27357>
...
001 (9072.000.000) 12/20 01:36:44 Job executing on host: <54.67.10.246:20697?addrs=54.67.10.246-20697>
...
001 (9074.000.000) 12/20 01:36:44 Job executing on host: <54.67.10.246:48473?addrs=54.67.10.246-48473>
...
005 (9071.000.000) 12/20 01:36:46 Job terminated.
	(1) Normal termination (return value 0)
		Usr 0 00:00:00, Sys 0 00:00:00  -  Run Remote Usage
		Usr 0 00:00:00, Sys 0 00:00:00  -  Run Local Usage
		Usr 0 00:00:00, Sys 0 00:00:00  -  Total Remote Usage
		Usr 0 00:00:00, Sys 0 00:00:00  -  Total Local Usage
	0  -  Run Bytes Sent By Job
	0  -  Run Bytes Received By Job
	0  -  Total Bytes Sent By Job
	0  -  Total Bytes Received By Job
...
005 (9070.000.000) 12/20 01:36:46 Job terminated.
	(1) Normal termination (return value 0)
		Usr 0 00:00:00, Sys 0 00:00:00  -  Run Remote Usage
		Usr 0 00:00:00, Sys 0 00:00:00  -  Run Local Usage
		Usr 0 00:00:00, Sys 0 00:00:00  -  Total Remote Usage
		Usr 0 00:00:00, Sys 0 00:00:00  -  Total Local Usage
	0  -  Run Bytes Sent By Job
	0  -  Run Bytes Received By Job
	0  -  Total Bytes Sent By Job
	0  -  Total Bytes Received By Job
...
005 (9074.000.000) 12/20 01:36:46 Job terminated.
	(1) Normal termination (return value 0)
		Usr 0 00:00:00, Sys 0 00:00:00  -  Run Remote Usage
		Usr 0 00:00:00, Sys 0 00:00:00  -  Run Local Usage
		Usr 0 00:00:00, Sys 0 00:00:00  -  Total Remote Usage
		Usr 0 00:00:00, Sys 0 00:00:00  -  Total Local Usage
	0  -  Run Bytes Sent By Job
	0  -  Run Bytes Received By Job
	0  -  Total Bytes Sent By Job
	0  -  Total Bytes Received By Job
...
005 (9072.000.000) 12/20 01:36:46 Job terminated.
	(1) Normal termination (return value 0)
		Usr 0 00:00:00, Sys 0 00:00:00  -  Run Remote Usage
		Usr 0 00:00:00, Sys 0 00:00:00  -  Run Local Usage
		Usr 0 00:00:00, Sys 0 00:00:00  -  Total Remote Usage
		Usr 0 00:00:00, Sys 0 00:00:00  -  Total Local Usage
	0  -  Run Bytes Sent By Job
	0  -  Run Bytes Received By Job
	0  -  Total Bytes Sent By Job
	0  -  Total Bytes Received By Job
...
016 (9070.000.000) 12/20 01:36:47 POST Script terminated.
	(1) Normal termination (return value 0)
    DAG Node: stage_in_remote_local_4_0
...
016 (9071.000.000) 12/20 01:36:47 POST Script terminated.
	(1) Normal termination (return value 0)
    DAG Node: stage_in_remote_local_2_0
...
016 (9068.000.000) 12/20 01:36:48 POST Script terminated.
	(1) Normal termination (return value 0)
    DAG Node: stage_in_local_local_1_0
...
016 (9069.000.000) 12/20 01:36:48 POST Script terminated.
	(1) Normal termination (return value 0)
    DAG Node: stage_in_remote_local_4_1
...
016 (9074.000.000) 12/20 01:36:48 POST Script terminated.
	(1) Normal termination (return value 0)
    DAG Node: stage_in_remote_local_6_0
...
016 (9067.000.000) 12/20 01:36:48 POST Script terminated.
	(1) Normal termination (return value 0)
    DAG Node: stage_in_local_local_7_0
...
016 (9072.000.000) 12/20 01:36:48 POST Script terminated.
	(1) Normal termination (return value 0)
    DAG Node: stage_in_remote_local_3_1
...
005 (9073.000.000) 12/20 01:36:48 Job terminated.
	(1) Normal termination (return value 0)
		Usr 0 00:00:00, Sys 0 00:00:00  -  Run Remote Usage
		Usr 0 00:00:00, Sys 0 00:00:00  -  Run Local Usage
		Usr 0 00:00:00, Sys 0 00:00:00  -  Total Remote Usage
		Usr 0 00:00:00, Sys 0 00:00:00  -  Total Local Usage
	0  -  Run Bytes Sent By Job
	0  -  Run Bytes Received By Job
	0  -  Total Bytes Sent By Job
	0  -  Total Bytes Received By Job
...
016 (9073.000.000) 12/20 01:36:52 POST Script terminated.
	(1) Normal termination (return value 0)
    DAG Node: stage_in_remote_local_3_0
...
001 (9075.000.000) 12/20 01:37:05 Job executing on host: <54.213.17.0:8127?addrs=54.213.17.0-8127&noUDP>
...
005 (9075.000.000) 12/20 01:42:18 Job terminated.
	(1) Normal termination (return value 0)
		Usr 0 00:00:00, Sys 0 00:00:00  -  Run Remote Usage
		Usr 0 00:00:00, Sys 0 00:00:00  -  Run Local Usage
		Usr 0 00:00:00, Sys 0 00:00:00  -  Total Remote Usage
		Usr 0 00:00:00, Sys 0 00:00:00  -  Total Local Usage
	4469  -  Run Bytes Sent By Job
	3170148  -  Run Bytes Received By Job
	4469  -  Total Bytes Sent By Job
	3170148  -  Total Bytes Received By Job
	Partitionable Resources :    Usage  Request Allocated
	   Cpus                 :                 1         1
	   Disk (KB)            :     6106     3250  27746064
	   Memory (MB)          :       15        1      3764
...
016 (9075.000.000) 12/20 01:42:22 POST Script terminated.
	(1) Normal termination (return value 0)
    DAG Node: init_0_ID0000001
...
000 (9076.000.000) 12/20 01:42:32 Job submitted from host: <54.67.10.246:6432?addrs=54.67.10.246-6432>
    DAG Node: clean_up_local_level_3_0
    pool:local
...
001 (9076.000.000) 12/20 01:42:32 Job executing on host: <54.67.10.246:11221?addrs=54.67.10.246-11221>
...
000 (9077.000.000) 12/20 01:42:33 Job submitted from host: <54.67.10.246:6432?addrs=54.67.10.246-6432>
    DAG Node: generalinfo_0_ID0000002
    pool:condorpool
...
001 (9077.000.000) 12/20 01:42:33 Job executing on host: <54.213.17.0:8127?addrs=54.213.17.0-8127&noUDP>
...
005 (9076.000.000) 12/20 01:42:35 Job terminated.
	(1) Normal termination (return value 0)
		Usr 0 00:00:00, Sys 0 00:00:00  -  Run Remote Usage
		Usr 0 00:00:00, Sys 0 00:00:00  -  Run Local Usage
		Usr 0 00:00:00, Sys 0 00:00:00  -  Total Remote Usage
		Usr 0 00:00:00, Sys 0 00:00:00  -  Total Local Usage
	0  -  Run Bytes Sent By Job
	0  -  Run Bytes Received By Job
	0  -  Total Bytes Sent By Job
	0  -  Total Bytes Received By Job
...
016 (9076.000.000) 12/20 01:42:38 POST Script terminated.
	(1) Normal termination (return value 0)
    DAG Node: clean_up_local_level_3_0
...
005 (9077.000.000) 12/20 02:47:04 Job terminated.
	(1) Normal termination (return value 0)
		Usr 0 00:52:55, Sys 0 00:00:37  -  Run Remote Usage
		Usr 0 00:00:00, Sys 0 00:00:00  -  Run Local Usage
		Usr 0 00:52:55, Sys 0 00:00:37  -  Total Remote Usage
		Usr 0 00:00:00, Sys 0 00:00:00  -  Total Local Usage
	5891  -  Run Bytes Sent By Job
	3169156  -  Run Bytes Received By Job
	5891  -  Total Bytes Sent By Job
	3169156  -  Total Bytes Received By Job
	Partitionable Resources :    Usage  Request Allocated
	   Cpus                 :                 1         1
	   Disk (KB)            :     6107     3250  27746064
	   Memory (MB)          :      140        1      3764
...
016 (9077.000.000) 12/20 02:47:07 POST Script terminated.
	(1) Normal termination (return value 0)
    DAG Node: generalinfo_0_ID0000002
...
000 (9078.000.000) 12/20 02:47:17 Job submitted from host: <54.67.10.246:6432?addrs=54.67.10.246-6432>
    DAG Node: clean_up_local_level_4_0
    pool:local
...
001 (9078.000.000) 12/20 02:47:17 Job executing on host: <54.67.10.246:10333?addrs=54.67.10.246-10333>
...
000 (9079.000.000) 12/20 02:47:17 Job submitted from host: <54.67.10.246:6432?addrs=54.67.10.246-6432>
    DAG Node: statscpumemory_0_ID0000003
    pool:condorpool
...
000 (9080.000.000) 12/20 02:47:17 Job submitted from host: <54.67.10.246:6432?addrs=54.67.10.246-6432>
    DAG Node: medianmemory_0_ID0000005
    pool:condorpool
...
000 (9081.000.000) 12/20 02:47:17 Job submitted from host: <54.67.10.246:6432?addrs=54.67.10.246-6432>
    DAG Node: mediancpu_0_ID0000004
    pool:condorpool
...
005 (9078.000.000) 12/20 02:47:21 Job terminated.
	(1) Normal termination (return value 0)
		Usr 0 00:00:00, Sys 0 00:00:00  -  Run Remote Usage
		Usr 0 00:00:00, Sys 0 00:00:00  -  Run Local Usage
		Usr 0 00:00:00, Sys 0 00:00:00  -  Total Remote Usage
		Usr 0 00:00:00, Sys 0 00:00:00  -  Total Local Usage
	0  -  Run Bytes Sent By Job
	0  -  Run Bytes Received By Job
	0  -  Total Bytes Sent By Job
	0  -  Total Bytes Received By Job
...
016 (9078.000.000) 12/20 02:47:22 POST Script terminated.
	(1) Normal termination (return value 0)
    DAG Node: clean_up_local_level_4_0
...
001 (9079.000.000) 12/20 02:47:38 Job executing on host: <54.213.17.0:8127?addrs=54.213.17.0-8127&noUDP>
...
001 (9080.000.000) 12/20 02:47:38 Job executing on host: <54.200.31.33:26015?addrs=54.200.31.33-26015&noUDP>
...
001 (9081.000.000) 12/20 02:47:38 Job executing on host: <54.201.173.21:12532?addrs=54.201.173.21-12532&noUDP>
...
005 (9079.000.000) 12/20 04:58:23 Job terminated.
	(1) Normal termination (return value 0)
		Usr 0 01:49:10, Sys 0 00:01:14  -  Run Remote Usage
		Usr 0 00:00:00, Sys 0 00:00:00  -  Run Local Usage
		Usr 0 01:49:10, Sys 0 00:01:14  -  Total Remote Usage
		Usr 0 00:00:00, Sys 0 00:00:00  -  Total Local Usage
	6592  -  Run Bytes Sent By Job
	3171328  -  Run Bytes Received By Job
	6592  -  Total Bytes Sent By Job
	3171328  -  Total Bytes Received By Job
	Partitionable Resources :    Usage  Request Allocated
	   Cpus                 :                 1         1
	   Disk (KB)            :     6110     3250  27745776
	   Memory (MB)          :      145        1      3764
...
016 (9079.000.000) 12/20 04:58:24 POST Script terminated.
	(1) Normal termination (return value 0)
    DAG Node: statscpumemory_0_ID0000003
...
005 (9080.000.000) 12/20 05:04:47 Job terminated.
	(1) Normal termination (return value 0)
		Usr 0 01:58:48, Sys 0 00:01:29  -  Run Remote Usage
		Usr 0 00:00:00, Sys 0 00:00:00  -  Run Local Usage
		Usr 0 01:58:48, Sys 0 00:01:29  -  Total Remote Usage
		Usr 0 00:00:00, Sys 0 00:00:00  -  Total Local Usage
	379318  -  Run Bytes Sent By Job
	3169051  -  Run Bytes Received By Job
	379318  -  Total Bytes Sent By Job
	3169051  -  Total Bytes Received By Job
	Partitionable Resources :    Usage  Request Allocated
	   Cpus                 :                 1         1
	   Disk (KB)            :  5910482     3250  27751840
	   Memory (MB)          :      161        1      3764
...
016 (9080.000.000) 12/20 05:04:49 POST Script terminated.
	(1) Normal termination (return value 0)
    DAG Node: medianmemory_0_ID0000005
...
000 (9082.000.000) 12/20 05:04:59 Job submitted from host: <54.67.10.246:6432?addrs=54.67.10.246-6432>
    DAG Node: clean_up_local_level_5_0
    pool:local
...
001 (9082.000.000) 12/20 05:04:59 Job executing on host: <54.67.10.246:37393?addrs=54.67.10.246-37393>
...
005 (9082.000.000) 12/20 05:05:08 Job terminated.
	(1) Normal termination (return value 0)
		Usr 0 00:00:00, Sys 0 00:00:00  -  Run Remote Usage
		Usr 0 00:00:00, Sys 0 00:00:00  -  Run Local Usage
		Usr 0 00:00:00, Sys 0 00:00:00  -  Total Remote Usage
		Usr 0 00:00:00, Sys 0 00:00:00  -  Total Local Usage
	0  -  Run Bytes Sent By Job
	0  -  Run Bytes Received By Job
	0  -  Total Bytes Sent By Job
	0  -  Total Bytes Received By Job
...
016 (9082.000.000) 12/20 05:05:10 POST Script terminated.
	(1) Normal termination (return value 0)
    DAG Node: clean_up_local_level_5_0
...
005 (9081.000.000) 12/20 05:06:13 Job terminated.
	(1) Normal termination (return value 0)
		Usr 0 01:59:05, Sys 0 00:01:23  -  Run Remote Usage
		Usr 0 00:00:00, Sys 0 00:00:00  -  Run Local Usage
		Usr 0 01:59:05, Sys 0 00:01:23  -  Total Remote Usage
		Usr 0 00:00:00, Sys 0 00:00:00  -  Total Local Usage
	381772  -  Run Bytes Sent By Job
	3169015  -  Run Bytes Received By Job
	381772  -  Total Bytes Sent By Job
	3169015  -  Total Bytes Received By Job
	Partitionable Resources :    Usage  Request Allocated
	   Cpus                 :                 1         1
	   Disk (KB)            :  5780490     3250  27749500
	   Memory (MB)          :      163        1      3764
...
016 (9081.000.000) 12/20 05:06:14 POST Script terminated.
	(1) Normal termination (return value 0)
    DAG Node: mediancpu_0_ID0000004
...
000 (9083.000.000) 12/20 05:06:24 Job submitted from host: <54.67.10.246:6432?addrs=54.67.10.246-6432>
    DAG Node: taskevent_0_ID0000006
    pool:condorpool
...
000 (9084.000.000) 12/20 05:06:24 Job submitted from host: <54.67.10.246:6432?addrs=54.67.10.246-6432>
    DAG Node: clean_up_local_level_5_1
    pool:local
...
001 (9083.000.000) 12/20 05:06:25 Job executing on host: <54.213.17.0:8127?addrs=54.213.17.0-8127&noUDP>
...
001 (9084.000.000) 12/20 05:06:29 Job executing on host: <54.67.10.246:15146?addrs=54.67.10.246-15146>
...
005 (9084.000.000) 12/20 05:06:33 Job terminated.
	(1) Normal termination (return value 0)
		Usr 0 00:00:00, Sys 0 00:00:00  -  Run Remote Usage
		Usr 0 00:00:00, Sys 0 00:00:00  -  Run Local Usage
		Usr 0 00:00:00, Sys 0 00:00:00  -  Total Remote Usage
		Usr 0 00:00:00, Sys 0 00:00:00  -  Total Local Usage
	0  -  Run Bytes Sent By Job
	0  -  Run Bytes Received By Job
	0  -  Total Bytes Sent By Job
	0  -  Total Bytes Received By Job
...
016 (9084.000.000) 12/20 05:06:34 POST Script terminated.
	(1) Normal termination (return value 0)
    DAG Node: clean_up_local_level_5_1
...
005 (9083.000.000) 12/20 08:58:33 Job terminated.
	(1) Normal termination (return value 0)
		Usr 0 01:56:12, Sys 0 00:01:24  -  Run Remote Usage
		Usr 0 00:00:00, Sys 0 00:00:00  -  Run Local Usage
		Usr 0 01:56:12, Sys 0 00:01:24  -  Total Remote Usage
		Usr 0 00:00:00, Sys 0 00:00:00  -  Total Local Usage
	14701  -  Run Bytes Sent By Job
	3175823  -  Run Bytes Received By Job
	14701  -  Total Bytes Sent By Job
	3175823  -  Total Bytes Received By Job
	Partitionable Resources :    Usage  Request Allocated
	   Cpus                 :                 1         1
	   Disk (KB)            :     6125     3250  27745036
	   Memory (MB)          :      133        1      3764
...
016 (9083.000.000) 12/20 08:58:34 POST Script terminated.
	(1) Normal termination (return value 0)
    DAG Node: taskevent_0_ID0000006
...
000 (9085.000.000) 12/20 08:58:44 Job submitted from host: <54.67.10.246:6432?addrs=54.67.10.246-6432>
    DAG Node: clean_up_local_level_6_0
    pool:local
...
001 (9085.000.000) 12/20 08:58:44 Job executing on host: <54.67.10.246:2818?addrs=54.67.10.246-2818>
...
000 (9086.000.000) 12/20 08:58:44 Job submitted from host: <54.67.10.246:6432?addrs=54.67.10.246-6432>
    DAG Node: calculateratio_0_ID0000007
    pool:condorpool
...
005 (9085.000.000) 12/20 08:58:52 Job terminated.
	(1) Normal termination (return value 0)
		Usr 0 00:00:00, Sys 0 00:00:00  -  Run Remote Usage
		Usr 0 00:00:00, Sys 0 00:00:00  -  Run Local Usage
		Usr 0 00:00:00, Sys 0 00:00:00  -  Total Remote Usage
		Usr 0 00:00:00, Sys 0 00:00:00  -  Total Local Usage
	0  -  Run Bytes Sent By Job
	0  -  Run Bytes Received By Job
	0  -  Total Bytes Sent By Job
	0  -  Total Bytes Received By Job
...
016 (9085.000.000) 12/20 08:58:54 POST Script terminated.
	(1) Normal termination (return value 0)
    DAG Node: clean_up_local_level_6_0
...
001 (9086.000.000) 12/20 08:59:05 Job executing on host: <54.213.17.0:8127?addrs=54.213.17.0-8127&noUDP>
...
005 (9086.000.000) 12/20 13:38:05 Job terminated.
	(1) Normal termination (return value 0)
		Usr 0 01:54:55, Sys 0 00:04:24  -  Run Remote Usage
		Usr 0 00:00:00, Sys 0 00:00:00  -  Run Local Usage
		Usr 0 01:54:55, Sys 0 00:04:24  -  Total Remote Usage
		Usr 0 00:00:00, Sys 0 00:00:00  -  Total Local Usage
	359844  -  Run Bytes Sent By Job
	3174554  -  Run Bytes Received By Job
	359844  -  Total Bytes Sent By Job
	3174554  -  Total Bytes Received By Job
	Partitionable Resources :    Usage  Request Allocated
	   Cpus                 :                 1         1
	   Disk (KB)            :     8430     3250  27748596
	   Memory (MB)          :      157        1      3764
...
016 (9086.000.000) 12/20 13:38:06 POST Script terminated.
	(1) Normal termination (return value 0)
    DAG Node: calculateratio_0_ID0000007
...
000 (9087.000.000) 12/20 13:38:16 Job submitted from host: <54.67.10.246:6432?addrs=54.67.10.246-6432>
    DAG Node: clean_up_local_level_7_0
    pool:local
...
001 (9087.000.000) 12/20 13:38:17 Job executing on host: <54.67.10.246:19274?addrs=54.67.10.246-19274>
...
000 (9088.000.000) 12/20 13:38:17 Job submitted from host: <54.67.10.246:6432?addrs=54.67.10.246-6432>
    DAG Node: averageratioevent_0_ID0000008
    pool:condorpool
...
005 (9087.000.000) 12/20 13:38:25 Job terminated.
	(1) Normal termination (return value 0)
		Usr 0 00:00:00, Sys 0 00:00:00  -  Run Remote Usage
		Usr 0 00:00:00, Sys 0 00:00:00  -  Run Local Usage
		Usr 0 00:00:00, Sys 0 00:00:00  -  Total Remote Usage
		Usr 0 00:00:00, Sys 0 00:00:00  -  Total Local Usage
	0  -  Run Bytes Sent By Job
	0  -  Run Bytes Received By Job
	0  -  Total Bytes Sent By Job
	0  -  Total Bytes Received By Job
...
016 (9087.000.000) 12/20 13:38:27 POST Script terminated.
	(1) Normal termination (return value 0)
    DAG Node: clean_up_local_level_7_0
...
001 (9088.000.000) 12/20 13:38:37 Job executing on host: <54.213.17.0:8127?addrs=54.213.17.0-8127&noUDP>
...
005 (9088.000.000) 12/20 14:01:34 Job terminated.
	(1) Normal termination (return value 0)
		Usr 0 00:13:32, Sys 0 00:00:14  -  Run Remote Usage
		Usr 0 00:00:00, Sys 0 00:00:00  -  Run Local Usage
		Usr 0 00:13:32, Sys 0 00:00:14  -  Total Remote Usage
		Usr 0 00:00:00, Sys 0 00:00:00  -  Total Local Usage
	266722  -  Run Bytes Sent By Job
	3169951  -  Run Bytes Received By Job
	266722  -  Total Bytes Sent By Job
	3169951  -  Total Bytes Received By Job
	Partitionable Resources :    Usage  Request Allocated
	   Cpus                 :                 1         1
	   Disk (KB)            :   175831     3250  27746632
	   Memory (MB)          :      145        1      3764
...
016 (9088.000.000) 12/20 14:01:38 POST Script terminated.
	(1) Normal termination (return value 0)
    DAG Node: averageratioevent_0_ID0000008
...
000 (9089.000.000) 12/20 14:01:48 Job submitted from host: <54.67.10.246:6432?addrs=54.67.10.246-6432>
    DAG Node: clean_up_local_level_8_0
    pool:local
...
001 (9089.000.000) 12/20 14:01:48 Job executing on host: <54.67.10.246:55302?addrs=54.67.10.246-55302>
...
000 (9090.000.000) 12/20 14:01:48 Job submitted from host: <54.67.10.246:6432?addrs=54.67.10.246-6432>
    DAG Node: analysisevent_0_ID0000009
    pool:condorpool
...
005 (9089.000.000) 12/20 14:01:53 Job terminated.
	(1) Normal termination (return value 0)
		Usr 0 00:00:00, Sys 0 00:00:00  -  Run Remote Usage
		Usr 0 00:00:00, Sys 0 00:00:00  -  Run Local Usage
		Usr 0 00:00:00, Sys 0 00:00:00  -  Total Remote Usage
		Usr 0 00:00:00, Sys 0 00:00:00  -  Total Local Usage
	0  -  Run Bytes Sent By Job
	0  -  Run Bytes Received By Job
	0  -  Total Bytes Sent By Job
	0  -  Total Bytes Received By Job
...
016 (9089.000.000) 12/20 14:01:54 POST Script terminated.
	(1) Normal termination (return value 0)
    DAG Node: clean_up_local_level_8_0
...
001 (9090.000.000) 12/20 14:01:57 Job executing on host: <54.213.17.0:8127?addrs=54.213.17.0-8127&noUDP>
...
005 (9090.000.000) 12/20 14:01:58 Job terminated.
	(1) Normal termination (return value 0)
		Usr 0 00:00:00, Sys 0 00:00:00  -  Run Remote Usage
		Usr 0 00:00:00, Sys 0 00:00:00  -  Run Local Usage
		Usr 0 00:00:00, Sys 0 00:00:00  -  Total Remote Usage
		Usr 0 00:00:00, Sys 0 00:00:00  -  Total Local Usage
	5947  -  Run Bytes Sent By Job
	3169465  -  Run Bytes Received By Job
	5947  -  Total Bytes Sent By Job
	3169465  -  Total Bytes Received By Job
	Partitionable Resources :    Usage  Request Allocated
	   Cpus                 :                 1         1
	   Disk (KB)            :     6108     3250  27746536
	   Memory (MB)          :        0        1      3764
...
016 (9090.000.000) 12/20 14:01:59 POST Script terminated.
	(1) Normal termination (return value 0)
    DAG Node: analysisevent_0_ID0000009
...
000 (9091.000.000) 12/20 14:02:09 Job submitted from host: <54.67.10.246:6432?addrs=54.67.10.246-6432>
    DAG Node: terminate_0_ID0000010
    pool:condorpool
...
000 (9092.000.000) 12/20 14:02:09 Job submitted from host: <54.67.10.246:6432?addrs=54.67.10.246-6432>
    DAG Node: clean_up_local_level_9_0
    pool:local
...
001 (9091.000.000) 12/20 14:02:09 Job executing on host: <54.213.17.0:8127?addrs=54.213.17.0-8127&noUDP>
...
005 (9091.000.000) 12/20 14:02:10 Job terminated.
	(1) Normal termination (return value 0)
		Usr 0 00:00:00, Sys 0 00:00:00  -  Run Remote Usage
		Usr 0 00:00:00, Sys 0 00:00:00  -  Run Local Usage
		Usr 0 00:00:00, Sys 0 00:00:00  -  Total Remote Usage
		Usr 0 00:00:00, Sys 0 00:00:00  -  Total Local Usage
	4473  -  Run Bytes Sent By Job
	3167897  -  Run Bytes Received By Job
	4473  -  Total Bytes Sent By Job
	3167897  -  Total Bytes Received By Job
	Partitionable Resources :    Usage  Request Allocated
	   Cpus                 :                 1         1
	   Disk (KB)            :     6104     3250  27746536
	   Memory (MB)          :        0        1      3764
...
001 (9092.000.000) 12/20 14:02:14 Job executing on host: <54.67.10.246:34150?addrs=54.67.10.246-34150>
...
016 (9091.000.000) 12/20 14:02:14 POST Script terminated.
	(1) Normal termination (return value 0)
    DAG Node: terminate_0_ID0000010
...
005 (9092.000.000) 12/20 14:02:18 Job terminated.
	(1) Normal termination (return value 0)
		Usr 0 00:00:00, Sys 0 00:00:00  -  Run Remote Usage
		Usr 0 00:00:00, Sys 0 00:00:00  -  Run Local Usage
		Usr 0 00:00:00, Sys 0 00:00:00  -  Total Remote Usage
		Usr 0 00:00:00, Sys 0 00:00:00  -  Total Local Usage
	0  -  Run Bytes Sent By Job
	0  -  Run Bytes Received By Job
	0  -  Total Bytes Sent By Job
	0  -  Total Bytes Received By Job
...
016 (9092.000.000) 12/20 14:02:19 POST Script terminated.
	(1) Normal termination (return value 0)
    DAG Node: clean_up_local_level_9_0
...
000 (9093.000.000) 12/20 14:02:24 Job submitted from host: <54.67.10.246:6432?addrs=54.67.10.246-6432>
    DAG Node: clean_up_local_level_10_0
    pool:local
...
001 (9093.000.000) 12/20 14:02:25 Job executing on host: <54.67.10.246:40325?addrs=54.67.10.246-40325>
...
005 (9093.000.000) 12/20 14:02:27 Job terminated.
	(1) Normal termination (return value 0)
		Usr 0 00:00:00, Sys 0 00:00:00  -  Run Remote Usage
		Usr 0 00:00:00, Sys 0 00:00:00  -  Run Local Usage
		Usr 0 00:00:00, Sys 0 00:00:00  -  Total Remote Usage
		Usr 0 00:00:00, Sys 0 00:00:00  -  Total Local Usage
	0  -  Run Bytes Sent By Job
	0  -  Run Bytes Received By Job
	0  -  Total Bytes Sent By Job
	0  -  Total Bytes Received By Job
...
016 (9093.000.000) 12/20 14:02:30 POST Script terminated.
	(1) Normal termination (return value 0)
    DAG Node: clean_up_local_level_10_0
...
000 (9094.000.000) 12/20 14:02:40 Job submitted from host: <54.67.10.246:6432?addrs=54.67.10.246-6432>
    DAG Node: cleanup_example_workflow_0_local
    pool:local
...
001 (9094.000.000) 12/20 14:02:40 Job executing on host: <54.67.10.246:58520?addrs=54.67.10.246-58520>
...
005 (9094.000.000) 12/20 14:02:42 Job terminated.
	(1) Normal termination (return value 0)
		Usr 0 00:00:00, Sys 0 00:00:00  -  Run Remote Usage
		Usr 0 00:00:00, Sys 0 00:00:00  -  Run Local Usage
		Usr 0 00:00:00, Sys 0 00:00:00  -  Total Remote Usage
		Usr 0 00:00:00, Sys 0 00:00:00  -  Total Local Usage
	0  -  Run Bytes Sent By Job
	0  -  Run Bytes Received By Job
	0  -  Total Bytes Sent By Job
	0  -  Total Bytes Received By Job
...
