000 (1145.000.000) 10/26 01:10:45 Job submitted from host: <54.153.86.184:19665?addrs=54.153.86.184-19665>
    DAG Node: create_dir_example_workflow_0_local
    pool:local
...
001 (1145.000.000) 10/26 01:10:48 Job executing on host: <54.153.86.184:31618?addrs=54.153.86.184-31618>
...
005 (1145.000.000) 10/26 01:10:50 Job terminated.
	(1) Normal termination (return value 0)
		Usr 0 00:00:00, Sys 0 00:00:00  -  Run Remote Usage
		Usr 0 00:00:00, Sys 0 00:00:00  -  Run Local Usage
		Usr 0 00:00:00, Sys 0 00:00:00  -  Total Remote Usage
		Usr 0 00:00:00, Sys 0 00:00:00  -  Total Local Usage
	0  -  Run Bytes Sent By Job
	0  -  Run Bytes Received By Job
	0  -  Total Bytes Sent By Job
	0  -  Total Bytes Received By Job
...
000 (1146.000.000) 10/26 01:11:00 Job submitted from host: <54.153.86.184:19665?addrs=54.153.86.184-19665>
    DAG Node: stage_in_local_local_0_0
    pool:local
...
001 (1146.000.000) 10/26 01:11:00 Job executing on host: <54.153.86.184:47865?addrs=54.153.86.184-47865>
...
000 (1147.000.000) 10/26 01:11:00 Job submitted from host: <54.153.86.184:19665?addrs=54.153.86.184-19665>
    DAG Node: stage_in_local_local_6_0
    pool:local
...
000 (1148.000.000) 10/26 01:11:00 Job submitted from host: <54.153.86.184:19665?addrs=54.153.86.184-19665>
    DAG Node: stage_in_remote_local_2_1
    pool:local
...
000 (1149.000.000) 10/26 01:11:00 Job submitted from host: <54.153.86.184:19665?addrs=54.153.86.184-19665>
    DAG Node: stage_in_remote_local_5_0
    pool:local
...
000 (1150.000.000) 10/26 01:11:00 Job submitted from host: <54.153.86.184:19665?addrs=54.153.86.184-19665>
    DAG Node: stage_in_local_local_2_0
    pool:local
...
005 (1146.000.000) 10/26 01:11:02 Job terminated.
	(1) Normal termination (return value 0)
		Usr 0 00:00:00, Sys 0 00:00:00  -  Run Remote Usage
		Usr 0 00:00:00, Sys 0 00:00:00  -  Run Local Usage
		Usr 0 00:00:00, Sys 0 00:00:00  -  Total Remote Usage
		Usr 0 00:00:00, Sys 0 00:00:00  -  Total Local Usage
	0  -  Run Bytes Sent By Job
	0  -  Run Bytes Received By Job
	0  -  Total Bytes Sent By Job
	0  -  Total Bytes Received By Job
...
001 (1147.000.000) 10/26 01:11:02 Job executing on host: <54.153.86.184:20922?addrs=54.153.86.184-20922>
...
001 (1148.000.000) 10/26 01:11:02 Job executing on host: <54.153.86.184:41437?addrs=54.153.86.184-41437>
...
001 (1149.000.000) 10/26 01:11:02 Job executing on host: <54.153.86.184:44416?addrs=54.153.86.184-44416>
...
001 (1150.000.000) 10/26 01:11:02 Job executing on host: <54.153.86.184:58911?addrs=54.153.86.184-58911>
...
005 (1147.000.000) 10/26 01:11:05 Job terminated.
	(1) Normal termination (return value 0)
		Usr 0 00:00:00, Sys 0 00:00:00  -  Run Remote Usage
		Usr 0 00:00:00, Sys 0 00:00:00  -  Run Local Usage
		Usr 0 00:00:00, Sys 0 00:00:00  -  Total Remote Usage
		Usr 0 00:00:00, Sys 0 00:00:00  -  Total Local Usage
	0  -  Run Bytes Sent By Job
	0  -  Run Bytes Received By Job
	0  -  Total Bytes Sent By Job
	0  -  Total Bytes Received By Job
...
005 (1149.000.000) 10/26 01:11:05 Job terminated.
	(1) Normal termination (return value 0)
		Usr 0 00:00:00, Sys 0 00:00:00  -  Run Remote Usage
		Usr 0 00:00:00, Sys 0 00:00:00  -  Run Local Usage
		Usr 0 00:00:00, Sys 0 00:00:00  -  Total Remote Usage
		Usr 0 00:00:00, Sys 0 00:00:00  -  Total Local Usage
	0  -  Run Bytes Sent By Job
	0  -  Run Bytes Received By Job
	0  -  Total Bytes Sent By Job
	0  -  Total Bytes Received By Job
...
005 (1148.000.000) 10/26 01:11:05 Job terminated.
	(1) Normal termination (return value 0)
		Usr 0 00:00:00, Sys 0 00:00:00  -  Run Remote Usage
		Usr 0 00:00:00, Sys 0 00:00:00  -  Run Local Usage
		Usr 0 00:00:00, Sys 0 00:00:00  -  Total Remote Usage
		Usr 0 00:00:00, Sys 0 00:00:00  -  Total Local Usage
	0  -  Run Bytes Sent By Job
	0  -  Run Bytes Received By Job
	0  -  Total Bytes Sent By Job
	0  -  Total Bytes Received By Job
...
000 (1151.000.000) 10/26 01:11:05 Job submitted from host: <54.153.86.184:19665?addrs=54.153.86.184-19665>
    DAG Node: stage_in_local_local_2_1
    pool:local
...
000 (1152.000.000) 10/26 01:11:05 Job submitted from host: <54.153.86.184:19665?addrs=54.153.86.184-19665>
    DAG Node: stage_in_remote_local_1_0
    pool:local
...
001 (1151.000.000) 10/26 01:11:05 Job executing on host: <54.153.86.184:28113?addrs=54.153.86.184-28113>
...
001 (1152.000.000) 10/26 01:11:05 Job executing on host: <54.153.86.184:24713?addrs=54.153.86.184-24713>
...
000 (1153.000.000) 10/26 01:11:05 Job submitted from host: <54.153.86.184:19665?addrs=54.153.86.184-19665>
    DAG Node: stage_in_local_local_3_0
    pool:local
...
001 (1153.000.000) 10/26 01:11:05 Job executing on host: <54.153.86.184:42340?addrs=54.153.86.184-42340>
...
000 (1154.000.000) 10/26 01:11:05 Job submitted from host: <54.153.86.184:19665?addrs=54.153.86.184-19665>
    DAG Node: stage_in_local_local_5_0
    pool:local
...
000 (1155.000.000) 10/26 01:11:06 Job submitted from host: <54.153.86.184:19665?addrs=54.153.86.184-19665>
    DAG Node: stage_in_local_local_4_0
    pool:local
...
005 (1150.000.000) 10/26 01:11:07 Job terminated.
	(1) Normal termination (return value 0)
		Usr 0 00:00:00, Sys 0 00:00:00  -  Run Remote Usage
		Usr 0 00:00:00, Sys 0 00:00:00  -  Run Local Usage
		Usr 0 00:00:00, Sys 0 00:00:00  -  Total Remote Usage
		Usr 0 00:00:00, Sys 0 00:00:00  -  Total Local Usage
	0  -  Run Bytes Sent By Job
	0  -  Run Bytes Received By Job
	0  -  Total Bytes Sent By Job
	0  -  Total Bytes Received By Job
...
001 (1155.000.000) 10/26 01:11:07 Job executing on host: <54.153.86.184:60109?addrs=54.153.86.184-60109>
...
001 (1154.000.000) 10/26 01:11:07 Job executing on host: <54.153.86.184:33108?addrs=54.153.86.184-33108>
...
005 (1151.000.000) 10/26 01:11:08 Job terminated.
	(1) Normal termination (return value 0)
		Usr 0 00:00:00, Sys 0 00:00:00  -  Run Remote Usage
		Usr 0 00:00:00, Sys 0 00:00:00  -  Run Local Usage
		Usr 0 00:00:00, Sys 0 00:00:00  -  Total Remote Usage
		Usr 0 00:00:00, Sys 0 00:00:00  -  Total Local Usage
	0  -  Run Bytes Sent By Job
	0  -  Run Bytes Received By Job
	0  -  Total Bytes Sent By Job
	0  -  Total Bytes Received By Job
...
005 (1153.000.000) 10/26 01:11:08 Job terminated.
	(1) Normal termination (return value 0)
		Usr 0 00:00:00, Sys 0 00:00:00  -  Run Remote Usage
		Usr 0 00:00:00, Sys 0 00:00:00  -  Run Local Usage
		Usr 0 00:00:00, Sys 0 00:00:00  -  Total Remote Usage
		Usr 0 00:00:00, Sys 0 00:00:00  -  Total Local Usage
	0  -  Run Bytes Sent By Job
	0  -  Run Bytes Received By Job
	0  -  Total Bytes Sent By Job
	0  -  Total Bytes Received By Job
...
005 (1152.000.000) 10/26 01:11:08 Job terminated.
	(1) Normal termination (return value 0)
		Usr 0 00:00:00, Sys 0 00:00:00  -  Run Remote Usage
		Usr 0 00:00:00, Sys 0 00:00:00  -  Run Local Usage
		Usr 0 00:00:00, Sys 0 00:00:00  -  Total Remote Usage
		Usr 0 00:00:00, Sys 0 00:00:00  -  Total Local Usage
	0  -  Run Bytes Sent By Job
	0  -  Run Bytes Received By Job
	0  -  Total Bytes Sent By Job
	0  -  Total Bytes Received By Job
...
005 (1154.000.000) 10/26 01:11:09 Job terminated.
	(1) Normal termination (return value 0)
		Usr 0 00:00:00, Sys 0 00:00:00  -  Run Remote Usage
		Usr 0 00:00:00, Sys 0 00:00:00  -  Run Local Usage
		Usr 0 00:00:00, Sys 0 00:00:00  -  Total Remote Usage
		Usr 0 00:00:00, Sys 0 00:00:00  -  Total Local Usage
	0  -  Run Bytes Sent By Job
	0  -  Run Bytes Received By Job
	0  -  Total Bytes Sent By Job
	0  -  Total Bytes Received By Job
...
005 (1155.000.000) 10/26 01:11:09 Job terminated.
	(1) Normal termination (return value 0)
		Usr 0 00:00:00, Sys 0 00:00:00  -  Run Remote Usage
		Usr 0 00:00:00, Sys 0 00:00:00  -  Run Local Usage
		Usr 0 00:00:00, Sys 0 00:00:00  -  Total Remote Usage
		Usr 0 00:00:00, Sys 0 00:00:00  -  Total Local Usage
	0  -  Run Bytes Sent By Job
	0  -  Run Bytes Received By Job
	0  -  Total Bytes Sent By Job
	0  -  Total Bytes Received By Job
...
000 (1156.000.000) 10/26 01:11:11 Job submitted from host: <54.153.86.184:19665?addrs=54.153.86.184-19665>
    DAG Node: stage_in_local_local_7_0
    pool:local
...
000 (1157.000.000) 10/26 01:11:11 Job submitted from host: <54.153.86.184:19665?addrs=54.153.86.184-19665>
    DAG Node: stage_in_local_local_1_0
    pool:local
...
000 (1158.000.000) 10/26 01:11:11 Job submitted from host: <54.153.86.184:19665?addrs=54.153.86.184-19665>
    DAG Node: stage_in_remote_local_4_1
    pool:local
...
000 (1159.000.000) 10/26 01:11:11 Job submitted from host: <54.153.86.184:19665?addrs=54.153.86.184-19665>
    DAG Node: stage_in_remote_local_4_0
    pool:local
...
000 (1160.000.000) 10/26 01:11:11 Job submitted from host: <54.153.86.184:19665?addrs=54.153.86.184-19665>
    DAG Node: stage_in_remote_local_2_0
    pool:local
...
001 (1160.000.000) 10/26 01:11:16 Job executing on host: <54.153.86.184:29499?addrs=54.153.86.184-29499>
...
001 (1157.000.000) 10/26 01:11:16 Job executing on host: <54.153.86.184:64154?addrs=54.153.86.184-64154>
...
001 (1156.000.000) 10/26 01:11:16 Job executing on host: <54.153.86.184:23207?addrs=54.153.86.184-23207>
...
001 (1158.000.000) 10/26 01:11:16 Job executing on host: <54.153.86.184:29418?addrs=54.153.86.184-29418>
...
001 (1159.000.000) 10/26 01:11:16 Job executing on host: <54.153.86.184:46121?addrs=54.153.86.184-46121>
...
000 (1161.000.000) 10/26 01:11:17 Job submitted from host: <54.153.86.184:19665?addrs=54.153.86.184-19665>
    DAG Node: stage_in_remote_local_3_1
    pool:local
...
000 (1162.000.000) 10/26 01:11:17 Job submitted from host: <54.153.86.184:19665?addrs=54.153.86.184-19665>
    DAG Node: stage_in_remote_local_3_0
    pool:local
...
000 (1163.000.000) 10/26 01:11:17 Job submitted from host: <54.153.86.184:19665?addrs=54.153.86.184-19665>
    DAG Node: stage_in_remote_local_6_0
    pool:local
...
000 (1164.000.000) 10/26 01:11:17 Job submitted from host: <54.153.86.184:19665?addrs=54.153.86.184-19665>
    DAG Node: init_0_ID0000001
    pool:condorpool
...
005 (1157.000.000) 10/26 01:11:18 Job terminated.
	(1) Normal termination (return value 0)
		Usr 0 00:00:00, Sys 0 00:00:00  -  Run Remote Usage
		Usr 0 00:00:00, Sys 0 00:00:00  -  Run Local Usage
		Usr 0 00:00:00, Sys 0 00:00:00  -  Total Remote Usage
		Usr 0 00:00:00, Sys 0 00:00:00  -  Total Local Usage
	0  -  Run Bytes Sent By Job
	0  -  Run Bytes Received By Job
	0  -  Total Bytes Sent By Job
	0  -  Total Bytes Received By Job
...
005 (1158.000.000) 10/26 01:11:18 Job terminated.
	(1) Normal termination (return value 0)
		Usr 0 00:00:00, Sys 0 00:00:00  -  Run Remote Usage
		Usr 0 00:00:00, Sys 0 00:00:00  -  Run Local Usage
		Usr 0 00:00:00, Sys 0 00:00:00  -  Total Remote Usage
		Usr 0 00:00:00, Sys 0 00:00:00  -  Total Local Usage
	0  -  Run Bytes Sent By Job
	0  -  Run Bytes Received By Job
	0  -  Total Bytes Sent By Job
	0  -  Total Bytes Received By Job
...
001 (1161.000.000) 10/26 01:11:19 Job executing on host: <54.153.86.184:13796?addrs=54.153.86.184-13796>
...
005 (1156.000.000) 10/26 01:11:19 Job terminated.
	(1) Normal termination (return value 0)
		Usr 0 00:00:00, Sys 0 00:00:00  -  Run Remote Usage
		Usr 0 00:00:00, Sys 0 00:00:00  -  Run Local Usage
		Usr 0 00:00:00, Sys 0 00:00:00  -  Total Remote Usage
		Usr 0 00:00:00, Sys 0 00:00:00  -  Total Local Usage
	0  -  Run Bytes Sent By Job
	0  -  Run Bytes Received By Job
	0  -  Total Bytes Sent By Job
	0  -  Total Bytes Received By Job
...
001 (1162.000.000) 10/26 01:11:19 Job executing on host: <54.153.86.184:24972?addrs=54.153.86.184-24972>
...
001 (1163.000.000) 10/26 01:11:19 Job executing on host: <54.153.86.184:16803?addrs=54.153.86.184-16803>
...
005 (1160.000.000) 10/26 01:11:20 Job terminated.
	(1) Normal termination (return value 0)
		Usr 0 00:00:00, Sys 0 00:00:00  -  Run Remote Usage
		Usr 0 00:00:00, Sys 0 00:00:00  -  Run Local Usage
		Usr 0 00:00:00, Sys 0 00:00:00  -  Total Remote Usage
		Usr 0 00:00:00, Sys 0 00:00:00  -  Total Local Usage
	0  -  Run Bytes Sent By Job
	0  -  Run Bytes Received By Job
	0  -  Total Bytes Sent By Job
	0  -  Total Bytes Received By Job
...
005 (1159.000.000) 10/26 01:11:20 Job terminated.
	(1) Normal termination (return value 0)
		Usr 0 00:00:00, Sys 0 00:00:00  -  Run Remote Usage
		Usr 0 00:00:00, Sys 0 00:00:00  -  Run Local Usage
		Usr 0 00:00:00, Sys 0 00:00:00  -  Total Remote Usage
		Usr 0 00:00:00, Sys 0 00:00:00  -  Total Local Usage
	0  -  Run Bytes Sent By Job
	0  -  Run Bytes Received By Job
	0  -  Total Bytes Sent By Job
	0  -  Total Bytes Received By Job
...
005 (1161.000.000) 10/26 01:11:21 Job terminated.
	(1) Normal termination (return value 0)
		Usr 0 00:00:00, Sys 0 00:00:00  -  Run Remote Usage
		Usr 0 00:00:00, Sys 0 00:00:00  -  Run Local Usage
		Usr 0 00:00:00, Sys 0 00:00:00  -  Total Remote Usage
		Usr 0 00:00:00, Sys 0 00:00:00  -  Total Local Usage
	0  -  Run Bytes Sent By Job
	0  -  Run Bytes Received By Job
	0  -  Total Bytes Sent By Job
	0  -  Total Bytes Received By Job
...
005 (1163.000.000) 10/26 01:11:21 Job terminated.
	(1) Normal termination (return value 0)
		Usr 0 00:00:00, Sys 0 00:00:00  -  Run Remote Usage
		Usr 0 00:00:00, Sys 0 00:00:00  -  Run Local Usage
		Usr 0 00:00:00, Sys 0 00:00:00  -  Total Remote Usage
		Usr 0 00:00:00, Sys 0 00:00:00  -  Total Local Usage
	0  -  Run Bytes Sent By Job
	0  -  Run Bytes Received By Job
	0  -  Total Bytes Sent By Job
	0  -  Total Bytes Received By Job
...
005 (1162.000.000) 10/26 01:11:23 Job terminated.
	(1) Normal termination (return value 0)
		Usr 0 00:00:00, Sys 0 00:00:00  -  Run Remote Usage
		Usr 0 00:00:00, Sys 0 00:00:00  -  Run Local Usage
		Usr 0 00:00:00, Sys 0 00:00:00  -  Total Remote Usage
		Usr 0 00:00:00, Sys 0 00:00:00  -  Total Local Usage
	0  -  Run Bytes Sent By Job
	0  -  Run Bytes Received By Job
	0  -  Total Bytes Sent By Job
	0  -  Total Bytes Received By Job
...
001 (1164.000.000) 10/26 01:11:41 Job executing on host: <54.186.11.128:14421?addrs=54.186.11.128-14421&noUDP>
...
006 (1164.000.000) 10/26 01:11:50 Image size of job updated: 2
	2  -  MemoryUsage of job (MB)
	1660  -  ResidentSetSize of job (KB)
...
006 (1164.000.000) 10/26 01:12:25 Image size of job updated: 358788
	2  -  MemoryUsage of job (MB)
	1660  -  ResidentSetSize of job (KB)
...
005 (1164.000.000) 10/26 01:12:25 Job terminated.
	(1) Normal termination (return value 0)
		Usr 0 00:00:00, Sys 0 00:00:00  -  Run Remote Usage
		Usr 0 00:00:00, Sys 0 00:00:00  -  Run Local Usage
		Usr 0 00:00:00, Sys 0 00:00:00  -  Total Remote Usage
		Usr 0 00:00:00, Sys 0 00:00:00  -  Total Local Usage
	4456  -  Run Bytes Sent By Job
	3169847  -  Run Bytes Received By Job
	4456  -  Total Bytes Sent By Job
	3169847  -  Total Bytes Received By Job
	Partitionable Resources :    Usage  Request Allocated
	   Cpus                 :                 1         1
	   Disk (KB)            :     6105     3250  27634964
	   Memory (MB)          :        2        1      3764
...
000 (1165.000.000) 10/26 01:12:38 Job submitted from host: <54.153.86.184:19665?addrs=54.153.86.184-19665>
    DAG Node: clean_up_local_level_3_0
    pool:local
...
001 (1165.000.000) 10/26 01:12:38 Job executing on host: <54.153.86.184:39533?addrs=54.153.86.184-39533>
...
000 (1166.000.000) 10/26 01:12:38 Job submitted from host: <54.153.86.184:19665?addrs=54.153.86.184-19665>
    DAG Node: generalinfo_0_ID0000002
    pool:condorpool
...
001 (1166.000.000) 10/26 01:12:39 Job executing on host: <54.186.11.128:14421?addrs=54.186.11.128-14421&noUDP>
...
005 (1165.000.000) 10/26 01:12:40 Job terminated.
	(1) Normal termination (return value 0)
		Usr 0 00:00:00, Sys 0 00:00:00  -  Run Remote Usage
		Usr 0 00:00:00, Sys 0 00:00:00  -  Run Local Usage
		Usr 0 00:00:00, Sys 0 00:00:00  -  Total Remote Usage
		Usr 0 00:00:00, Sys 0 00:00:00  -  Total Local Usage
	0  -  Run Bytes Sent By Job
	0  -  Run Bytes Received By Job
	0  -  Total Bytes Sent By Job
	0  -  Total Bytes Received By Job
...
006 (1166.000.000) 10/26 01:12:48 Image size of job updated: 2
	2  -  MemoryUsage of job (MB)
	1648  -  ResidentSetSize of job (KB)
...
006 (1166.000.000) 10/26 01:16:50 Image size of job updated: 483424
	2  -  MemoryUsage of job (MB)
	1648  -  ResidentSetSize of job (KB)
...
005 (1166.000.000) 10/26 01:16:50 Job terminated.
	(1) Normal termination (return value 0)
		Usr 0 00:03:15, Sys 0 00:00:02  -  Run Remote Usage
		Usr 0 00:00:00, Sys 0 00:00:00  -  Run Local Usage
		Usr 0 00:03:15, Sys 0 00:00:02  -  Total Remote Usage
		Usr 0 00:00:00, Sys 0 00:00:00  -  Total Local Usage
	5272  -  Run Bytes Sent By Job
	3168855  -  Run Bytes Received By Job
	5272  -  Total Bytes Sent By Job
	3168855  -  Total Bytes Received By Job
	Partitionable Resources :    Usage  Request Allocated
	   Cpus                 :                 1         1
	   Disk (KB)            :     6106     3250  27634964
	   Memory (MB)          :        2        1      3764
...
000 (1167.000.000) 10/26 01:17:04 Job submitted from host: <54.153.86.184:19665?addrs=54.153.86.184-19665>
    DAG Node: clean_up_local_level_4_0
    pool:local
...
001 (1167.000.000) 10/26 01:17:04 Job executing on host: <54.153.86.184:5777?addrs=54.153.86.184-5777>
...
000 (1168.000.000) 10/26 01:17:04 Job submitted from host: <54.153.86.184:19665?addrs=54.153.86.184-19665>
    DAG Node: statscpumemory_0_ID0000003
    pool:condorpool
...
000 (1169.000.000) 10/26 01:17:04 Job submitted from host: <54.153.86.184:19665?addrs=54.153.86.184-19665>
    DAG Node: medianmemory_0_ID0000005
    pool:condorpool
...
000 (1170.000.000) 10/26 01:17:04 Job submitted from host: <54.153.86.184:19665?addrs=54.153.86.184-19665>
    DAG Node: mediancpu_0_ID0000004
    pool:condorpool
...
001 (1168.000.000) 10/26 01:17:04 Job executing on host: <54.186.11.128:14421?addrs=54.186.11.128-14421&noUDP>
...
005 (1167.000.000) 10/26 01:17:08 Job terminated.
	(1) Normal termination (return value 0)
		Usr 0 00:00:00, Sys 0 00:00:00  -  Run Remote Usage
		Usr 0 00:00:00, Sys 0 00:00:00  -  Run Local Usage
		Usr 0 00:00:00, Sys 0 00:00:00  -  Total Remote Usage
		Usr 0 00:00:00, Sys 0 00:00:00  -  Total Local Usage
	0  -  Run Bytes Sent By Job
	0  -  Run Bytes Received By Job
	0  -  Total Bytes Sent By Job
	0  -  Total Bytes Received By Job
...
006 (1168.000.000) 10/26 01:17:13 Image size of job updated: 2
	2  -  MemoryUsage of job (MB)
	1652  -  ResidentSetSize of job (KB)
...
001 (1169.000.000) 10/26 01:17:19 Job executing on host: <54.245.40.251:53544?addrs=54.245.40.251-53544&noUDP>
...
001 (1170.000.000) 10/26 01:17:19 Job executing on host: <54.201.207.181:39788?addrs=54.201.207.181-39788&noUDP>
...
006 (1170.000.000) 10/26 01:17:27 Image size of job updated: 2
	2  -  MemoryUsage of job (MB)
	1652  -  ResidentSetSize of job (KB)
...
006 (1169.000.000) 10/26 01:17:28 Image size of job updated: 2
	2  -  MemoryUsage of job (MB)
	1652  -  ResidentSetSize of job (KB)
...
006 (1168.000.000) 10/26 01:22:13 Image size of job updated: 757424
	141  -  MemoryUsage of job (MB)
	143400  -  ResidentSetSize of job (KB)
...
006 (1170.000.000) 10/26 01:22:27 Image size of job updated: 510020
	156  -  MemoryUsage of job (MB)
	159272  -  ResidentSetSize of job (KB)
...
006 (1169.000.000) 10/26 01:22:29 Image size of job updated: 506144
	152  -  MemoryUsage of job (MB)
	155412  -  ResidentSetSize of job (KB)
...
006 (1168.000.000) 10/26 01:26:07 Image size of job updated: 758932
	141  -  MemoryUsage of job (MB)
	143400  -  ResidentSetSize of job (KB)
...
005 (1168.000.000) 10/26 01:26:07 Job terminated.
	(1) Normal termination (return value 0)
		Usr 0 00:07:16, Sys 0 00:00:05  -  Run Remote Usage
		Usr 0 00:00:00, Sys 0 00:00:00  -  Run Local Usage
		Usr 0 00:07:16, Sys 0 00:00:05  -  Total Remote Usage
		Usr 0 00:00:00, Sys 0 00:00:00  -  Total Local Usage
	5675  -  Run Bytes Sent By Job
	3171027  -  Run Bytes Received By Job
	5675  -  Total Bytes Sent By Job
	3171027  -  Total Bytes Received By Job
	Partitionable Resources :    Usage  Request Allocated
	   Cpus                 :                 1         1
	   Disk (KB)            :     6109     3250  27634964
	   Memory (MB)          :      141        1      3764
...
006 (1170.000.000) 10/26 01:26:25 Image size of job updated: 779768
	156  -  MemoryUsage of job (MB)
	159272  -  ResidentSetSize of job (KB)
...
005 (1170.000.000) 10/26 01:26:26 Job terminated.
	(1) Normal termination (return value 0)
		Usr 0 00:07:34, Sys 0 00:00:06  -  Run Remote Usage
		Usr 0 00:00:00, Sys 0 00:00:00  -  Run Local Usage
		Usr 0 00:07:34, Sys 0 00:00:06  -  Total Remote Usage
		Usr 0 00:00:00, Sys 0 00:00:00  -  Total Local Usage
	381198  -  Run Bytes Sent By Job
	3168714  -  Run Bytes Received By Job
	381198  -  Total Bytes Sent By Job
	3168714  -  Total Bytes Received By Job
	Partitionable Resources :    Usage  Request Allocated
	   Cpus                 :                 1         1
	   Disk (KB)            :   391569     3250  27636676
	   Memory (MB)          :      156        1      3764
...
006 (1169.000.000) 10/26 01:26:32 Image size of job updated: 777708
	152  -  MemoryUsage of job (MB)
	155412  -  ResidentSetSize of job (KB)
...
005 (1169.000.000) 10/26 01:26:32 Job terminated.
	(1) Normal termination (return value 0)
		Usr 0 00:07:39, Sys 0 00:00:05  -  Run Remote Usage
		Usr 0 00:00:00, Sys 0 00:00:00  -  Run Local Usage
		Usr 0 00:07:39, Sys 0 00:00:05  -  Total Remote Usage
		Usr 0 00:00:00, Sys 0 00:00:00  -  Total Local Usage
	378634  -  Run Bytes Sent By Job
	3168750  -  Run Bytes Received By Job
	378634  -  Total Bytes Sent By Job
	3168750  -  Total Bytes Received By Job
	Partitionable Resources :    Usage  Request Allocated
	   Cpus                 :                 1         1
	   Disk (KB)            :   400065     3250  27636624
	   Memory (MB)          :      152        1      3764
...
000 (1171.000.000) 10/26 01:26:41 Job submitted from host: <54.153.86.184:19665?addrs=54.153.86.184-19665>
    DAG Node: clean_up_local_level_5_1
    pool:local
...
001 (1171.000.000) 10/26 01:26:41 Job executing on host: <54.153.86.184:29743?addrs=54.153.86.184-29743>
...
005 (1171.000.000) 10/26 01:26:45 Job terminated.
	(1) Normal termination (return value 0)
		Usr 0 00:00:00, Sys 0 00:00:00  -  Run Remote Usage
		Usr 0 00:00:00, Sys 0 00:00:00  -  Run Local Usage
		Usr 0 00:00:00, Sys 0 00:00:00  -  Total Remote Usage
		Usr 0 00:00:00, Sys 0 00:00:00  -  Total Local Usage
	0  -  Run Bytes Sent By Job
	0  -  Run Bytes Received By Job
	0  -  Total Bytes Sent By Job
	0  -  Total Bytes Received By Job
...
000 (1172.000.000) 10/26 01:26:46 Job submitted from host: <54.153.86.184:19665?addrs=54.153.86.184-19665>
    DAG Node: clean_up_local_level_5_0
    pool:local
...
001 (1172.000.000) 10/26 01:26:46 Job executing on host: <54.153.86.184:33545?addrs=54.153.86.184-33545>
...
000 (1173.000.000) 10/26 01:26:46 Job submitted from host: <54.153.86.184:19665?addrs=54.153.86.184-19665>
    DAG Node: taskevent_0_ID0000006
    pool:condorpool
...
001 (1173.000.000) 10/26 01:26:47 Job executing on host: <54.245.40.251:53544?addrs=54.245.40.251-53544&noUDP>
...
005 (1172.000.000) 10/26 01:26:54 Job terminated.
	(1) Normal termination (return value 0)
		Usr 0 00:00:00, Sys 0 00:00:00  -  Run Remote Usage
		Usr 0 00:00:00, Sys 0 00:00:00  -  Run Local Usage
		Usr 0 00:00:00, Sys 0 00:00:00  -  Total Remote Usage
		Usr 0 00:00:00, Sys 0 00:00:00  -  Total Local Usage
	0  -  Run Bytes Sent By Job
	0  -  Run Bytes Received By Job
	0  -  Total Bytes Sent By Job
	0  -  Total Bytes Received By Job
...
006 (1173.000.000) 10/26 01:26:56 Image size of job updated: 2
	2  -  MemoryUsage of job (MB)
	1648  -  ResidentSetSize of job (KB)
...
006 (1173.000.000) 10/26 01:31:57 Image size of job updated: 758740
	83  -  MemoryUsage of job (MB)
	84568  -  ResidentSetSize of job (KB)
...
006 (1173.000.000) 10/26 01:36:58 Image size of job updated: 767628
	129  -  MemoryUsage of job (MB)
	132092  -  ResidentSetSize of job (KB)
...
006 (1173.000.000) 10/26 01:41:59 Image size of job updated: 767628
	131  -  MemoryUsage of job (MB)
	133168  -  ResidentSetSize of job (KB)
...
005 (1173.000.000) 10/26 01:42:06 Job terminated.
	(1) Normal termination (return value 0)
		Usr 0 00:07:55, Sys 0 00:00:06  -  Run Remote Usage
		Usr 0 00:00:00, Sys 0 00:00:00  -  Run Local Usage
		Usr 0 00:07:55, Sys 0 00:00:06  -  Total Remote Usage
		Usr 0 00:00:00, Sys 0 00:00:00  -  Total Local Usage
	13181  -  Run Bytes Sent By Job
	3174920  -  Run Bytes Received By Job
	13181  -  Total Bytes Sent By Job
	3174920  -  Total Bytes Received By Job
	Partitionable Resources :    Usage  Request Allocated
	   Cpus                 :                 1         1
	   Disk (KB)            :     6122     3250  27636624
	   Memory (MB)          :      131        1      3764
...
000 (1174.000.000) 10/26 01:42:21 Job submitted from host: <54.153.86.184:19665?addrs=54.153.86.184-19665>
    DAG Node: clean_up_local_level_6_0
    pool:local
...
001 (1174.000.000) 10/26 01:42:21 Job executing on host: <54.153.86.184:42946?addrs=54.153.86.184-42946>
...
000 (1175.000.000) 10/26 01:42:21 Job submitted from host: <54.153.86.184:19665?addrs=54.153.86.184-19665>
    DAG Node: calculateratio_0_ID0000007
    pool:condorpool
...
005 (1174.000.000) 10/26 01:42:29 Job terminated.
	(1) Normal termination (return value 0)
		Usr 0 00:00:00, Sys 0 00:00:00  -  Run Remote Usage
		Usr 0 00:00:00, Sys 0 00:00:00  -  Run Local Usage
		Usr 0 00:00:00, Sys 0 00:00:00  -  Total Remote Usage
		Usr 0 00:00:00, Sys 0 00:00:00  -  Total Local Usage
	0  -  Run Bytes Sent By Job
	0  -  Run Bytes Received By Job
	0  -  Total Bytes Sent By Job
	0  -  Total Bytes Received By Job
...
001 (1175.000.000) 10/26 01:42:32 Job executing on host: <54.186.11.128:14421?addrs=54.186.11.128-14421&noUDP>
...
006 (1175.000.000) 10/26 01:42:40 Image size of job updated: 2
	2  -  MemoryUsage of job (MB)
	1656  -  ResidentSetSize of job (KB)
...
006 (1175.000.000) 10/26 01:47:40 Image size of job updated: 791592
	151  -  MemoryUsage of job (MB)
	154176  -  ResidentSetSize of job (KB)
...
006 (1175.000.000) 10/26 01:52:41 Image size of job updated: 791868
	151  -  MemoryUsage of job (MB)
	154176  -  ResidentSetSize of job (KB)
...
006 (1175.000.000) 10/26 01:57:41 Image size of job updated: 794060
	151  -  MemoryUsage of job (MB)
	154176  -  ResidentSetSize of job (KB)
...
005 (1175.000.000) 10/26 01:58:41 Job terminated.
	(1) Normal termination (return value 0)
		Usr 0 00:06:49, Sys 0 00:00:14  -  Run Remote Usage
		Usr 0 00:00:00, Sys 0 00:00:00  -  Run Local Usage
		Usr 0 00:06:49, Sys 0 00:00:14  -  Total Remote Usage
		Usr 0 00:00:00, Sys 0 00:00:00  -  Total Local Usage
	360073  -  Run Bytes Sent By Job
	3173650  -  Run Bytes Received By Job
	360073  -  Total Bytes Sent By Job
	3173650  -  Total Bytes Received By Job
	Partitionable Resources :    Usage  Request Allocated
	   Cpus                 :                 1         1
	   Disk (KB)            :     6459     3250  27634844
	   Memory (MB)          :      151        1      3764
...
000 (1176.000.000) 10/26 01:58:52 Job submitted from host: <54.153.86.184:19665?addrs=54.153.86.184-19665>
    DAG Node: clean_up_local_level_7_0
    pool:local
...
000 (1177.000.000) 10/26 01:58:52 Job submitted from host: <54.153.86.184:19665?addrs=54.153.86.184-19665>
    DAG Node: averageratioevent_0_ID0000008
    pool:condorpool
...
001 (1176.000.000) 10/26 01:58:52 Job executing on host: <54.153.86.184:54125?addrs=54.153.86.184-54125>
...
001 (1177.000.000) 10/26 01:58:53 Job executing on host: <54.186.11.128:14421?addrs=54.186.11.128-14421&noUDP>
...
005 (1176.000.000) 10/26 01:59:01 Job terminated.
	(1) Normal termination (return value 0)
		Usr 0 00:00:00, Sys 0 00:00:00  -  Run Remote Usage
		Usr 0 00:00:00, Sys 0 00:00:00  -  Run Local Usage
		Usr 0 00:00:00, Sys 0 00:00:00  -  Total Remote Usage
		Usr 0 00:00:00, Sys 0 00:00:00  -  Total Local Usage
	0  -  Run Bytes Sent By Job
	0  -  Run Bytes Received By Job
	0  -  Total Bytes Sent By Job
	0  -  Total Bytes Received By Job
...
006 (1177.000.000) 10/26 01:59:02 Image size of job updated: 2
	2  -  MemoryUsage of job (MB)
	1652  -  ResidentSetSize of job (KB)
...
006 (1177.000.000) 10/26 02:00:05 Image size of job updated: 485328
	2  -  MemoryUsage of job (MB)
	1652  -  ResidentSetSize of job (KB)
...
005 (1177.000.000) 10/26 02:00:05 Job terminated.
	(1) Normal termination (return value 0)
		Usr 0 00:00:38, Sys 0 00:00:00  -  Run Remote Usage
		Usr 0 00:00:00, Sys 0 00:00:00  -  Run Local Usage
		Usr 0 00:00:38, Sys 0 00:00:00  -  Total Remote Usage
		Usr 0 00:00:00, Sys 0 00:00:00  -  Total Local Usage
	266699  -  Run Bytes Sent By Job
	3169650  -  Run Bytes Received By Job
	266699  -  Total Bytes Sent By Job
	3169650  -  Total Bytes Received By Job
	Partitionable Resources :    Usage  Request Allocated
	   Cpus                 :                 1         1
	   Disk (KB)            :     7247     3250  27634844
	   Memory (MB)          :        2        1      3764
...
000 (1178.000.000) 10/26 02:00:17 Job submitted from host: <54.153.86.184:19665?addrs=54.153.86.184-19665>
    DAG Node: clean_up_local_level_8_0
    pool:local
...
001 (1178.000.000) 10/26 02:00:17 Job executing on host: <54.153.86.184:33415?addrs=54.153.86.184-33415>
...
000 (1179.000.000) 10/26 02:00:17 Job submitted from host: <54.153.86.184:19665?addrs=54.153.86.184-19665>
    DAG Node: analysisevent_0_ID0000009
    pool:condorpool
...
001 (1179.000.000) 10/26 02:00:18 Job executing on host: <54.186.11.128:14421?addrs=54.186.11.128-14421&noUDP>
...
006 (1179.000.000) 10/26 02:00:19 Image size of job updated: 2
	0  -  MemoryUsage of job (MB)
	0  -  ResidentSetSize of job (KB)
...
005 (1179.000.000) 10/26 02:00:19 Job terminated.
	(1) Normal termination (return value 0)
		Usr 0 00:00:00, Sys 0 00:00:00  -  Run Remote Usage
		Usr 0 00:00:00, Sys 0 00:00:00  -  Run Local Usage
		Usr 0 00:00:00, Sys 0 00:00:00  -  Total Remote Usage
		Usr 0 00:00:00, Sys 0 00:00:00  -  Total Local Usage
	5334  -  Run Bytes Sent By Job
	3169164  -  Run Bytes Received By Job
	5334  -  Total Bytes Sent By Job
	3169164  -  Total Bytes Received By Job
	Partitionable Resources :    Usage  Request Allocated
	   Cpus                 :                 1         1
	   Disk (KB)            :     6107     3250  27634844
	   Memory (MB)          :        0        1      3764
...
005 (1178.000.000) 10/26 02:00:21 Job terminated.
	(1) Normal termination (return value 0)
		Usr 0 00:00:00, Sys 0 00:00:00  -  Run Remote Usage
		Usr 0 00:00:00, Sys 0 00:00:00  -  Run Local Usage
		Usr 0 00:00:00, Sys 0 00:00:00  -  Total Remote Usage
		Usr 0 00:00:00, Sys 0 00:00:00  -  Total Local Usage
	0  -  Run Bytes Sent By Job
	0  -  Run Bytes Received By Job
	0  -  Total Bytes Sent By Job
	0  -  Total Bytes Received By Job
...
000 (1180.000.000) 10/26 02:00:32 Job submitted from host: <54.153.86.184:19665?addrs=54.153.86.184-19665>
    DAG Node: terminate_0_ID0000010
    pool:condorpool
...
000 (1181.000.000) 10/26 02:00:32 Job submitted from host: <54.153.86.184:19665?addrs=54.153.86.184-19665>
    DAG Node: clean_up_local_level_9_0
    pool:local
...
001 (1180.000.000) 10/26 02:00:33 Job executing on host: <54.186.11.128:14421?addrs=54.186.11.128-14421&noUDP>
...
006 (1180.000.000) 10/26 02:00:34 Image size of job updated: 2
	0  -  MemoryUsage of job (MB)
	0  -  ResidentSetSize of job (KB)
...
005 (1180.000.000) 10/26 02:00:34 Job terminated.
	(1) Normal termination (return value 0)
		Usr 0 00:00:00, Sys 0 00:00:00  -  Run Remote Usage
		Usr 0 00:00:00, Sys 0 00:00:00  -  Run Local Usage
		Usr 0 00:00:00, Sys 0 00:00:00  -  Total Remote Usage
		Usr 0 00:00:00, Sys 0 00:00:00  -  Total Local Usage
	4462  -  Run Bytes Sent By Job
	3167596  -  Run Bytes Received By Job
	4462  -  Total Bytes Sent By Job
	3167596  -  Total Bytes Received By Job
	Partitionable Resources :    Usage  Request Allocated
	   Cpus                 :                 1         1
	   Disk (KB)            :     6103     3250  27634844
	   Memory (MB)          :        0        1      3764
...
001 (1181.000.000) 10/26 02:00:38 Job executing on host: <54.153.86.184:11779?addrs=54.153.86.184-11779>
...
005 (1181.000.000) 10/26 02:00:42 Job terminated.
	(1) Normal termination (return value 0)
		Usr 0 00:00:00, Sys 0 00:00:00  -  Run Remote Usage
		Usr 0 00:00:00, Sys 0 00:00:00  -  Run Local Usage
		Usr 0 00:00:00, Sys 0 00:00:00  -  Total Remote Usage
		Usr 0 00:00:00, Sys 0 00:00:00  -  Total Local Usage
	0  -  Run Bytes Sent By Job
	0  -  Run Bytes Received By Job
	0  -  Total Bytes Sent By Job
	0  -  Total Bytes Received By Job
...
000 (1182.000.000) 10/26 02:00:48 Job submitted from host: <54.153.86.184:19665?addrs=54.153.86.184-19665>
    DAG Node: clean_up_local_level_10_0
    pool:local
...
001 (1182.000.000) 10/26 02:00:48 Job executing on host: <54.153.86.184:25323?addrs=54.153.86.184-25323>
...
005 (1182.000.000) 10/26 02:00:50 Job terminated.
	(1) Normal termination (return value 0)
		Usr 0 00:00:00, Sys 0 00:00:00  -  Run Remote Usage
		Usr 0 00:00:00, Sys 0 00:00:00  -  Run Local Usage
		Usr 0 00:00:00, Sys 0 00:00:00  -  Total Remote Usage
		Usr 0 00:00:00, Sys 0 00:00:00  -  Total Local Usage
	0  -  Run Bytes Sent By Job
	0  -  Run Bytes Received By Job
	0  -  Total Bytes Sent By Job
	0  -  Total Bytes Received By Job
...
000 (1183.000.000) 10/26 02:01:03 Job submitted from host: <54.153.86.184:19665?addrs=54.153.86.184-19665>
    DAG Node: cleanup_example_workflow_0_local
    pool:local
...
001 (1183.000.000) 10/26 02:01:03 Job executing on host: <54.153.86.184:4925?addrs=54.153.86.184-4925>
...
005 (1183.000.000) 10/26 02:01:05 Job terminated.
	(1) Normal termination (return value 0)
		Usr 0 00:00:00, Sys 0 00:00:00  -  Run Remote Usage
		Usr 0 00:00:00, Sys 0 00:00:00  -  Run Local Usage
		Usr 0 00:00:00, Sys 0 00:00:00  -  Total Remote Usage
		Usr 0 00:00:00, Sys 0 00:00:00  -  Total Local Usage
	0  -  Run Bytes Sent By Job
	0  -  Run Bytes Received By Job
	0  -  Total Bytes Sent By Job
	0  -  Total Bytes Received By Job
...
