000 (4597.000.000) 05/23 10:27:24 Job submitted from host: <10.240.0.3:18881?addrs=10.240.0.3-18881>
    DAG Node: create_dir_example_workflow_0_local
    pool:local
...
000 (4598.000.000) 05/23 10:27:24 Job submitted from host: <10.240.0.3:18881?addrs=10.240.0.3-18881>
    DAG Node: stage_worker_local_example_workflow_0_local
    pool:local
...
001 (4597.000.000) 05/23 10:27:27 Job executing on host: <10.240.0.3:7835?addrs=10.240.0.3-7835>
...
001 (4598.000.000) 05/23 10:27:27 Job executing on host: <10.240.0.3:21189?addrs=10.240.0.3-21189>
...
005 (4598.000.000) 05/23 10:27:29 Job terminated.
	(1) Normal termination (return value 0)
		Usr 0 00:00:00, Sys 0 00:00:00  -  Run Remote Usage
		Usr 0 00:00:00, Sys 0 00:00:00  -  Run Local Usage
		Usr 0 00:00:00, Sys 0 00:00:00  -  Total Remote Usage
		Usr 0 00:00:00, Sys 0 00:00:00  -  Total Local Usage
	0  -  Run Bytes Sent By Job
	0  -  Run Bytes Received By Job
	0  -  Total Bytes Sent By Job
	0  -  Total Bytes Received By Job
...
005 (4597.000.000) 05/23 10:27:29 Job terminated.
	(1) Normal termination (return value 0)
		Usr 0 00:00:00, Sys 0 00:00:00  -  Run Remote Usage
		Usr 0 00:00:00, Sys 0 00:00:00  -  Run Local Usage
		Usr 0 00:00:00, Sys 0 00:00:00  -  Total Remote Usage
		Usr 0 00:00:00, Sys 0 00:00:00  -  Total Local Usage
	0  -  Run Bytes Sent By Job
	0  -  Run Bytes Received By Job
	0  -  Total Bytes Sent By Job
	0  -  Total Bytes Received By Job
...
016 (4597.000.000) 05/23 10:27:30 POST Script terminated.
	(1) Normal termination (return value 0)
    DAG Node: create_dir_example_workflow_0_local
...
000 (4599.000.000) 05/23 10:27:39 Job submitted from host: <10.240.0.3:18881?addrs=10.240.0.3-18881>
    DAG Node: stage_in_local_local_0_0
    pool:local
...
001 (4599.000.000) 05/23 10:27:39 Job executing on host: <10.240.0.3:64635?addrs=10.240.0.3-64635>
...
000 (4600.000.000) 05/23 10:27:39 Job submitted from host: <10.240.0.3:18881?addrs=10.240.0.3-18881>
    DAG Node: stage_in_remote_local_2_1
    pool:local
...
000 (4601.000.000) 05/23 10:27:39 Job submitted from host: <10.240.0.3:18881?addrs=10.240.0.3-18881>
    DAG Node: stage_in_local_local_1_1
    pool:local
...
000 (4602.000.000) 05/23 10:27:39 Job submitted from host: <10.240.0.3:18881?addrs=10.240.0.3-18881>
    DAG Node: stage_in_local_local_4_0
    pool:local
...
000 (4603.000.000) 05/23 10:27:39 Job submitted from host: <10.240.0.3:18881?addrs=10.240.0.3-18881>
    DAG Node: stage_in_local_local_1_0
    pool:local
...
005 (4599.000.000) 05/23 10:27:41 Job terminated.
	(1) Normal termination (return value 0)
		Usr 0 00:00:00, Sys 0 00:00:00  -  Run Remote Usage
		Usr 0 00:00:00, Sys 0 00:00:00  -  Run Local Usage
		Usr 0 00:00:00, Sys 0 00:00:00  -  Total Remote Usage
		Usr 0 00:00:00, Sys 0 00:00:00  -  Total Local Usage
	0  -  Run Bytes Sent By Job
	0  -  Run Bytes Received By Job
	0  -  Total Bytes Sent By Job
	0  -  Total Bytes Received By Job
...
001 (4600.000.000) 05/23 10:27:41 Job executing on host: <10.240.0.3:6921?addrs=10.240.0.3-6921>
...
001 (4601.000.000) 05/23 10:27:41 Job executing on host: <10.240.0.3:36309?addrs=10.240.0.3-36309>
...
001 (4602.000.000) 05/23 10:27:41 Job executing on host: <10.240.0.3:13192?addrs=10.240.0.3-13192>
...
001 (4603.000.000) 05/23 10:27:41 Job executing on host: <10.240.0.3:33505?addrs=10.240.0.3-33505>
...
005 (4602.000.000) 05/23 10:27:43 Job terminated.
	(1) Normal termination (return value 0)
		Usr 0 00:00:00, Sys 0 00:00:00  -  Run Remote Usage
		Usr 0 00:00:00, Sys 0 00:00:00  -  Run Local Usage
		Usr 0 00:00:00, Sys 0 00:00:00  -  Total Remote Usage
		Usr 0 00:00:00, Sys 0 00:00:00  -  Total Local Usage
	0  -  Run Bytes Sent By Job
	0  -  Run Bytes Received By Job
	0  -  Total Bytes Sent By Job
	0  -  Total Bytes Received By Job
...
005 (4601.000.000) 05/23 10:27:43 Job terminated.
	(1) Normal termination (return value 0)
		Usr 0 00:00:00, Sys 0 00:00:00  -  Run Remote Usage
		Usr 0 00:00:00, Sys 0 00:00:00  -  Run Local Usage
		Usr 0 00:00:00, Sys 0 00:00:00  -  Total Remote Usage
		Usr 0 00:00:00, Sys 0 00:00:00  -  Total Local Usage
	0  -  Run Bytes Sent By Job
	0  -  Run Bytes Received By Job
	0  -  Total Bytes Sent By Job
	0  -  Total Bytes Received By Job
...
000 (4604.000.000) 05/23 10:27:44 Job submitted from host: <10.240.0.3:18881?addrs=10.240.0.3-18881>
    DAG Node: stage_in_local_local_2_0
    pool:local
...
000 (4605.000.000) 05/23 10:27:44 Job submitted from host: <10.240.0.3:18881?addrs=10.240.0.3-18881>
    DAG Node: stage_in_local_local_2_1
    pool:local
...
000 (4606.000.000) 05/23 10:27:44 Job submitted from host: <10.240.0.3:18881?addrs=10.240.0.3-18881>
    DAG Node: stage_in_remote_local_1_1
    pool:local
...
000 (4607.000.000) 05/23 10:27:44 Job submitted from host: <10.240.0.3:18881?addrs=10.240.0.3-18881>
    DAG Node: stage_in_remote_local_4_0
    pool:local
...
000 (4608.000.000) 05/23 10:27:44 Job submitted from host: <10.240.0.3:18881?addrs=10.240.0.3-18881>
    DAG Node: stage_in_remote_local_1_0
    pool:local
...
016 (4602.000.000) 05/23 10:27:44 POST Script terminated.
	(1) Normal termination (return value 0)
    DAG Node: stage_in_local_local_4_0
...
016 (4599.000.000) 05/23 10:27:44 POST Script terminated.
	(1) Normal termination (return value 0)
    DAG Node: stage_in_local_local_0_0
...
016 (4601.000.000) 05/23 10:27:44 POST Script terminated.
	(1) Normal termination (return value 0)
    DAG Node: stage_in_local_local_1_1
...
005 (4600.000.000) 05/23 10:27:45 Job terminated.
	(1) Normal termination (return value 0)
		Usr 0 00:00:00, Sys 0 00:00:00  -  Run Remote Usage
		Usr 0 00:00:00, Sys 0 00:00:00  -  Run Local Usage
		Usr 0 00:00:00, Sys 0 00:00:00  -  Total Remote Usage
		Usr 0 00:00:00, Sys 0 00:00:00  -  Total Local Usage
	0  -  Run Bytes Sent By Job
	0  -  Run Bytes Received By Job
	0  -  Total Bytes Sent By Job
	0  -  Total Bytes Received By Job
...
005 (4603.000.000) 05/23 10:27:45 Job terminated.
	(1) Normal termination (return value 0)
		Usr 0 00:00:00, Sys 0 00:00:00  -  Run Remote Usage
		Usr 0 00:00:00, Sys 0 00:00:00  -  Run Local Usage
		Usr 0 00:00:00, Sys 0 00:00:00  -  Total Remote Usage
		Usr 0 00:00:00, Sys 0 00:00:00  -  Total Local Usage
	0  -  Run Bytes Sent By Job
	0  -  Run Bytes Received By Job
	0  -  Total Bytes Sent By Job
	0  -  Total Bytes Received By Job
...
001 (4604.000.000) 05/23 10:27:45 Job executing on host: <10.240.0.3:61213?addrs=10.240.0.3-61213>
...
001 (4605.000.000) 05/23 10:27:45 Job executing on host: <10.240.0.3:38709?addrs=10.240.0.3-38709>
...
001 (4606.000.000) 05/23 10:27:45 Job executing on host: <10.240.0.3:46630?addrs=10.240.0.3-46630>
...
001 (4607.000.000) 05/23 10:27:45 Job executing on host: <10.240.0.3:1197?addrs=10.240.0.3-1197>
...
001 (4608.000.000) 05/23 10:27:45 Job executing on host: <10.240.0.3:45416?addrs=10.240.0.3-45416>
...
005 (4606.000.000) 05/23 10:27:48 Job terminated.
	(1) Normal termination (return value 0)
		Usr 0 00:00:00, Sys 0 00:00:00  -  Run Remote Usage
		Usr 0 00:00:00, Sys 0 00:00:00  -  Run Local Usage
		Usr 0 00:00:00, Sys 0 00:00:00  -  Total Remote Usage
		Usr 0 00:00:00, Sys 0 00:00:00  -  Total Local Usage
	0  -  Run Bytes Sent By Job
	0  -  Run Bytes Received By Job
	0  -  Total Bytes Sent By Job
	0  -  Total Bytes Received By Job
...
005 (4607.000.000) 05/23 10:27:48 Job terminated.
	(1) Normal termination (return value 0)
		Usr 0 00:00:00, Sys 0 00:00:00  -  Run Remote Usage
		Usr 0 00:00:00, Sys 0 00:00:00  -  Run Local Usage
		Usr 0 00:00:00, Sys 0 00:00:00  -  Total Remote Usage
		Usr 0 00:00:00, Sys 0 00:00:00  -  Total Local Usage
	0  -  Run Bytes Sent By Job
	0  -  Run Bytes Received By Job
	0  -  Total Bytes Sent By Job
	0  -  Total Bytes Received By Job
...
000 (4609.000.000) 05/23 10:27:49 Job submitted from host: <10.240.0.3:18881?addrs=10.240.0.3-18881>
    DAG Node: stage_in_local_local_3_1
    pool:local
...
000 (4610.000.000) 05/23 10:27:49 Job submitted from host: <10.240.0.3:18881?addrs=10.240.0.3-18881>
    DAG Node: stage_in_local_local_3_0
    pool:local
...
000 (4611.000.000) 05/23 10:27:49 Job submitted from host: <10.240.0.3:18881?addrs=10.240.0.3-18881>
    DAG Node: stage_in_remote_local_2_0
    pool:local
...
000 (4612.000.000) 05/23 10:27:49 Job submitted from host: <10.240.0.3:18881?addrs=10.240.0.3-18881>
    DAG Node: stage_in_remote_local_3_1
    pool:local
...
000 (4613.000.000) 05/23 10:27:49 Job submitted from host: <10.240.0.3:18881?addrs=10.240.0.3-18881>
    DAG Node: stage_in_remote_local_3_0
    pool:local
...
016 (4600.000.000) 05/23 10:27:49 POST Script terminated.
	(1) Normal termination (return value 0)
    DAG Node: stage_in_remote_local_2_1
...
016 (4603.000.000) 05/23 10:27:49 POST Script terminated.
	(1) Normal termination (return value 0)
    DAG Node: stage_in_local_local_1_0
...
016 (4606.000.000) 05/23 10:27:49 POST Script terminated.
	(1) Normal termination (return value 0)
    DAG Node: stage_in_remote_local_1_1
...
016 (4607.000.000) 05/23 10:27:49 POST Script terminated.
	(1) Normal termination (return value 0)
    DAG Node: stage_in_remote_local_4_0
...
005 (4604.000.000) 05/23 10:27:50 Job terminated.
	(1) Normal termination (return value 0)
		Usr 0 00:00:00, Sys 0 00:00:00  -  Run Remote Usage
		Usr 0 00:00:00, Sys 0 00:00:00  -  Run Local Usage
		Usr 0 00:00:00, Sys 0 00:00:00  -  Total Remote Usage
		Usr 0 00:00:00, Sys 0 00:00:00  -  Total Local Usage
	0  -  Run Bytes Sent By Job
	0  -  Run Bytes Received By Job
	0  -  Total Bytes Sent By Job
	0  -  Total Bytes Received By Job
...
005 (4605.000.000) 05/23 10:27:50 Job terminated.
	(1) Normal termination (return value 0)
		Usr 0 00:00:00, Sys 0 00:00:00  -  Run Remote Usage
		Usr 0 00:00:00, Sys 0 00:00:00  -  Run Local Usage
		Usr 0 00:00:00, Sys 0 00:00:00  -  Total Remote Usage
		Usr 0 00:00:00, Sys 0 00:00:00  -  Total Local Usage
	0  -  Run Bytes Sent By Job
	0  -  Run Bytes Received By Job
	0  -  Total Bytes Sent By Job
	0  -  Total Bytes Received By Job
...
005 (4608.000.000) 05/23 10:27:50 Job terminated.
	(1) Normal termination (return value 0)
		Usr 0 00:00:00, Sys 0 00:00:00  -  Run Remote Usage
		Usr 0 00:00:00, Sys 0 00:00:00  -  Run Local Usage
		Usr 0 00:00:00, Sys 0 00:00:00  -  Total Remote Usage
		Usr 0 00:00:00, Sys 0 00:00:00  -  Total Local Usage
	0  -  Run Bytes Sent By Job
	0  -  Run Bytes Received By Job
	0  -  Total Bytes Sent By Job
	0  -  Total Bytes Received By Job
...
001 (4612.000.000) 05/23 10:27:50 Job executing on host: <10.240.0.3:36604?addrs=10.240.0.3-36604>
...
001 (4613.000.000) 05/23 10:27:50 Job executing on host: <10.240.0.3:14669?addrs=10.240.0.3-14669>
...
001 (4609.000.000) 05/23 10:27:50 Job executing on host: <10.240.0.3:23009?addrs=10.240.0.3-23009>
...
001 (4610.000.000) 05/23 10:27:50 Job executing on host: <10.240.0.3:37240?addrs=10.240.0.3-37240>
...
001 (4611.000.000) 05/23 10:27:50 Job executing on host: <10.240.0.3:16959?addrs=10.240.0.3-16959>
...
005 (4613.000.000) 05/23 10:27:54 Job terminated.
	(1) Normal termination (return value 0)
		Usr 0 00:00:00, Sys 0 00:00:00  -  Run Remote Usage
		Usr 0 00:00:00, Sys 0 00:00:00  -  Run Local Usage
		Usr 0 00:00:00, Sys 0 00:00:00  -  Total Remote Usage
		Usr 0 00:00:00, Sys 0 00:00:00  -  Total Local Usage
	0  -  Run Bytes Sent By Job
	0  -  Run Bytes Received By Job
	0  -  Total Bytes Sent By Job
	0  -  Total Bytes Received By Job
...
005 (4612.000.000) 05/23 10:27:54 Job terminated.
	(1) Normal termination (return value 0)
		Usr 0 00:00:00, Sys 0 00:00:00  -  Run Remote Usage
		Usr 0 00:00:00, Sys 0 00:00:00  -  Run Local Usage
		Usr 0 00:00:00, Sys 0 00:00:00  -  Total Remote Usage
		Usr 0 00:00:00, Sys 0 00:00:00  -  Total Local Usage
	0  -  Run Bytes Sent By Job
	0  -  Run Bytes Received By Job
	0  -  Total Bytes Sent By Job
	0  -  Total Bytes Received By Job
...
005 (4609.000.000) 05/23 10:27:54 Job terminated.
	(1) Normal termination (return value 0)
		Usr 0 00:00:00, Sys 0 00:00:00  -  Run Remote Usage
		Usr 0 00:00:00, Sys 0 00:00:00  -  Run Local Usage
		Usr 0 00:00:00, Sys 0 00:00:00  -  Total Remote Usage
		Usr 0 00:00:00, Sys 0 00:00:00  -  Total Local Usage
	0  -  Run Bytes Sent By Job
	0  -  Run Bytes Received By Job
	0  -  Total Bytes Sent By Job
	0  -  Total Bytes Received By Job
...
005 (4611.000.000) 05/23 10:27:54 Job terminated.
	(1) Normal termination (return value 0)
		Usr 0 00:00:00, Sys 0 00:00:00  -  Run Remote Usage
		Usr 0 00:00:00, Sys 0 00:00:00  -  Run Local Usage
		Usr 0 00:00:00, Sys 0 00:00:00  -  Total Remote Usage
		Usr 0 00:00:00, Sys 0 00:00:00  -  Total Local Usage
	0  -  Run Bytes Sent By Job
	0  -  Run Bytes Received By Job
	0  -  Total Bytes Sent By Job
	0  -  Total Bytes Received By Job
...
005 (4610.000.000) 05/23 10:27:54 Job terminated.
	(1) Normal termination (return value 0)
		Usr 0 00:00:00, Sys 0 00:00:00  -  Run Remote Usage
		Usr 0 00:00:00, Sys 0 00:00:00  -  Run Local Usage
		Usr 0 00:00:00, Sys 0 00:00:00  -  Total Remote Usage
		Usr 0 00:00:00, Sys 0 00:00:00  -  Total Local Usage
	0  -  Run Bytes Sent By Job
	0  -  Run Bytes Received By Job
	0  -  Total Bytes Sent By Job
	0  -  Total Bytes Received By Job
...
000 (4614.000.000) 05/23 10:27:54 Job submitted from host: <10.240.0.3:18881?addrs=10.240.0.3-18881>
    DAG Node: init_0_ID0000001
    pool:condorpool
...
016 (4604.000.000) 05/23 10:27:55 POST Script terminated.
	(1) Normal termination (return value 0)
    DAG Node: stage_in_local_local_2_0
...
016 (4605.000.000) 05/23 10:27:55 POST Script terminated.
	(1) Normal termination (return value 0)
    DAG Node: stage_in_local_local_2_1
...
016 (4608.000.000) 05/23 10:27:55 POST Script terminated.
	(1) Normal termination (return value 0)
    DAG Node: stage_in_remote_local_1_0
...
016 (4613.000.000) 05/23 10:27:55 POST Script terminated.
	(1) Normal termination (return value 0)
    DAG Node: stage_in_remote_local_3_0
...
016 (4612.000.000) 05/23 10:27:55 POST Script terminated.
	(1) Normal termination (return value 0)
    DAG Node: stage_in_remote_local_3_1
...
016 (4609.000.000) 05/23 10:27:55 POST Script terminated.
	(1) Normal termination (return value 0)
    DAG Node: stage_in_local_local_3_1
...
016 (4611.000.000) 05/23 10:27:55 POST Script terminated.
	(1) Normal termination (return value 0)
    DAG Node: stage_in_remote_local_2_0
...
016 (4610.000.000) 05/23 10:27:55 POST Script terminated.
	(1) Normal termination (return value 0)
    DAG Node: stage_in_local_local_3_0
...
001 (4614.000.000) 05/23 10:28:03 Job executing on host: <10.240.0.78:26513?addrs=10.240.0.78-26513>
...
005 (4614.000.000) 05/23 10:28:05 Job terminated.
	(1) Normal termination (return value 0)
		Usr 0 00:00:00, Sys 0 00:00:00  -  Run Remote Usage
		Usr 0 00:00:00, Sys 0 00:00:00  -  Run Local Usage
		Usr 0 00:00:00, Sys 0 00:00:00  -  Total Remote Usage
		Usr 0 00:00:00, Sys 0 00:00:00  -  Total Local Usage
	4058  -  Run Bytes Sent By Job
	1662690  -  Run Bytes Received By Job
	4058  -  Total Bytes Sent By Job
	1662690  -  Total Bytes Received By Job
	Partitionable Resources :    Usage  Request Allocated
	   Cpus                 :                 1         1
	   Disk (KB)            :     7003     1750   7341560
	   Memory (MB)          :        0        1      3700
...
016 (4614.000.000) 05/23 10:28:05 POST Script terminated.
	(1) Normal termination (return value 0)
    DAG Node: init_0_ID0000001
...
000 (4615.000.000) 05/23 10:28:15 Job submitted from host: <10.240.0.3:18881?addrs=10.240.0.3-18881>
    DAG Node: mediancpu_0_ID0000002
    pool:condorpool
...
000 (4616.000.000) 05/23 10:28:15 Job submitted from host: <10.240.0.3:18881?addrs=10.240.0.3-18881>
    DAG Node: clean_up_local_level_3_0
    pool:local
...
000 (4617.000.000) 05/23 10:28:15 Job submitted from host: <10.240.0.3:18881?addrs=10.240.0.3-18881>
    DAG Node: averagecpu_0_ID0000004
    pool:condorpool
...
000 (4618.000.000) 05/23 10:28:15 Job submitted from host: <10.240.0.3:18881?addrs=10.240.0.3-18881>
    DAG Node: maxmincpu_0_ID0000003
    pool:condorpool
...
001 (4615.000.000) 05/23 10:28:18 Job executing on host: <10.240.0.78:26513?addrs=10.240.0.78-26513>
...
001 (4616.000.000) 05/23 10:28:21 Job executing on host: <10.240.0.3:60099?addrs=10.240.0.3-60099>
...
005 (4616.000.000) 05/23 10:28:23 Job terminated.
	(1) Normal termination (return value 0)
		Usr 0 00:00:00, Sys 0 00:00:00  -  Run Remote Usage
		Usr 0 00:00:00, Sys 0 00:00:00  -  Run Local Usage
		Usr 0 00:00:00, Sys 0 00:00:00  -  Total Remote Usage
		Usr 0 00:00:00, Sys 0 00:00:00  -  Total Local Usage
	0  -  Run Bytes Sent By Job
	0  -  Run Bytes Received By Job
	0  -  Total Bytes Sent By Job
	0  -  Total Bytes Received By Job
...
016 (4616.000.000) 05/23 10:28:25 POST Script terminated.
	(1) Normal termination (return value 0)
    DAG Node: clean_up_local_level_3_0
...
001 (4617.000.000) 05/23 10:28:43 Job executing on host: <10.240.0.81:1915?addrs=10.240.0.81-1915>
...
001 (4618.000.000) 05/23 10:28:44 Job executing on host: <10.240.0.77:21055?addrs=10.240.0.77-21055>
...
005 (4618.000.000) 05/23 10:31:04 Job terminated.
	(1) Normal termination (return value 0)
		Usr 0 00:01:57, Sys 0 00:00:01  -  Run Remote Usage
		Usr 0 00:00:00, Sys 0 00:00:00  -  Run Local Usage
		Usr 0 00:01:57, Sys 0 00:00:01  -  Total Remote Usage
		Usr 0 00:00:00, Sys 0 00:00:00  -  Total Local Usage
	4633  -  Run Bytes Sent By Job
	1662099  -  Run Bytes Received By Job
	4633  -  Total Bytes Sent By Job
	1662099  -  Total Bytes Received By Job
	Partitionable Resources :    Usage  Request Allocated
	   Cpus                 :                 1         1
	   Disk (KB)            :     7004     1750   7341784
	   Memory (MB)          :        3        1      3700
...
016 (4618.000.000) 05/23 10:31:05 POST Script terminated.
	(1) Normal termination (return value 0)
    DAG Node: maxmincpu_0_ID0000003
...
000 (4619.000.000) 05/23 10:31:15 Job submitted from host: <10.240.0.3:18881?addrs=10.240.0.3-18881>
    DAG Node: clean_up_local_level_4_1
    pool:local
...
001 (4619.000.000) 05/23 10:31:16 Job executing on host: <10.240.0.3:54121?addrs=10.240.0.3-54121>
...
005 (4619.000.000) 05/23 10:31:20 Job terminated.
	(1) Normal termination (return value 0)
		Usr 0 00:00:00, Sys 0 00:00:00  -  Run Remote Usage
		Usr 0 00:00:00, Sys 0 00:00:00  -  Run Local Usage
		Usr 0 00:00:00, Sys 0 00:00:00  -  Total Remote Usage
		Usr 0 00:00:00, Sys 0 00:00:00  -  Total Local Usage
	0  -  Run Bytes Sent By Job
	0  -  Run Bytes Received By Job
	0  -  Total Bytes Sent By Job
	0  -  Total Bytes Received By Job
...
016 (4619.000.000) 05/23 10:31:21 POST Script terminated.
	(1) Normal termination (return value 0)
    DAG Node: clean_up_local_level_4_1
...
005 (4615.000.000) 05/23 10:33:23 Job terminated.
	(1) Normal termination (return value 0)
		Usr 0 00:04:35, Sys 0 00:00:03  -  Run Remote Usage
		Usr 0 00:00:00, Sys 0 00:00:00  -  Run Local Usage
		Usr 0 00:04:35, Sys 0 00:00:03  -  Total Remote Usage
		Usr 0 00:00:00, Sys 0 00:00:00  -  Total Local Usage
	381152  -  Run Bytes Sent By Job
	1661961  -  Run Bytes Received By Job
	381152  -  Total Bytes Sent By Job
	1661961  -  Total Bytes Received By Job
	Partitionable Resources :    Usage  Request Allocated
	   Cpus                 :                 1         1
	   Disk (KB)            :    22976     1750   7341560
	   Memory (MB)          :        3        1      3700
...
016 (4615.000.000) 05/23 10:33:26 POST Script terminated.
	(1) Normal termination (return value 0)
    DAG Node: mediancpu_0_ID0000002
...
005 (4617.000.000) 05/23 10:34:53 Job terminated.
	(1) Normal termination (return value 0)
		Usr 0 00:05:40, Sys 0 00:00:04  -  Run Remote Usage
		Usr 0 00:00:00, Sys 0 00:00:00  -  Run Local Usage
		Usr 0 00:05:40, Sys 0 00:00:04  -  Total Remote Usage
		Usr 0 00:00:00, Sys 0 00:00:00  -  Total Local Usage
	381250  -  Run Bytes Sent By Job
	1662587  -  Run Bytes Received By Job
	381250  -  Total Bytes Sent By Job
	1662587  -  Total Bytes Received By Job
	Partitionable Resources :    Usage  Request Allocated
	   Cpus                 :                 1         1
	   Disk (KB)            :   655936     1750   7469908
	   Memory (MB)          :      166        1      3700
...
016 (4617.000.000) 05/23 10:34:56 POST Script terminated.
	(1) Normal termination (return value 0)
    DAG Node: averagecpu_0_ID0000004
...
000 (4620.000.000) 05/23 10:35:06 Job submitted from host: <10.240.0.3:18881?addrs=10.240.0.3-18881>
    DAG Node: clean_up_local_level_4_0
    pool:local
...
001 (4620.000.000) 05/23 10:35:06 Job executing on host: <10.240.0.3:38814?addrs=10.240.0.3-38814>
...
000 (4621.000.000) 05/23 10:35:06 Job submitted from host: <10.240.0.3:18881?addrs=10.240.0.3-18881>
    DAG Node: calculateratio_6_ID0000011
    pool:condorpool
...
000 (4622.000.000) 05/23 10:35:06 Job submitted from host: <10.240.0.3:18881?addrs=10.240.0.3-18881>
    DAG Node: calculateratio_5_ID0000010
    pool:condorpool
...
000 (4623.000.000) 05/23 10:35:06 Job submitted from host: <10.240.0.3:18881?addrs=10.240.0.3-18881>
    DAG Node: calculateratio_8_ID0000013
    pool:condorpool
...
000 (4624.000.000) 05/23 10:35:06 Job submitted from host: <10.240.0.3:18881?addrs=10.240.0.3-18881>
    DAG Node: calculateratio_4_ID0000009
    pool:condorpool
...
001 (4621.000.000) 05/23 10:35:09 Job executing on host: <10.240.0.81:1915?addrs=10.240.0.81-1915>
...
000 (4625.000.000) 05/23 10:35:11 Job submitted from host: <10.240.0.3:18881?addrs=10.240.0.3-18881>
    DAG Node: calculateratio_7_ID0000012
    pool:condorpool
...
000 (4626.000.000) 05/23 10:35:11 Job submitted from host: <10.240.0.3:18881?addrs=10.240.0.3-18881>
    DAG Node: calculateratio_1_ID0000006
    pool:condorpool
...
000 (4627.000.000) 05/23 10:35:11 Job submitted from host: <10.240.0.3:18881?addrs=10.240.0.3-18881>
    DAG Node: calculateratio_2_ID0000007
    pool:condorpool
...
000 (4628.000.000) 05/23 10:35:11 Job submitted from host: <10.240.0.3:18881?addrs=10.240.0.3-18881>
    DAG Node: calculateratio_0_ID0000005
    pool:condorpool
...
000 (4629.000.000) 05/23 10:35:11 Job submitted from host: <10.240.0.3:18881?addrs=10.240.0.3-18881>
    DAG Node: calculateratio_3_ID0000008
    pool:condorpool
...
005 (4620.000.000) 05/23 10:35:14 Job terminated.
	(1) Normal termination (return value 0)
		Usr 0 00:00:00, Sys 0 00:00:00  -  Run Remote Usage
		Usr 0 00:00:00, Sys 0 00:00:00  -  Run Local Usage
		Usr 0 00:00:00, Sys 0 00:00:00  -  Total Remote Usage
		Usr 0 00:00:00, Sys 0 00:00:00  -  Total Local Usage
	0  -  Run Bytes Sent By Job
	0  -  Run Bytes Received By Job
	0  -  Total Bytes Sent By Job
	0  -  Total Bytes Received By Job
...
016 (4620.000.000) 05/23 10:35:16 POST Script terminated.
	(1) Normal termination (return value 0)
    DAG Node: clean_up_local_level_4_0
...
001 (4626.000.000) 05/23 10:35:30 Job executing on host: <10.240.0.80:37323?addrs=10.240.0.80-37323>
...
001 (4622.000.000) 05/23 10:35:30 Job executing on host: <10.240.0.78:26513?addrs=10.240.0.78-26513>
...
001 (4623.000.000) 05/23 10:35:30 Job executing on host: <10.240.0.77:21055?addrs=10.240.0.77-21055>
...
001 (4625.000.000) 05/23 10:35:30 Job executing on host: <10.240.0.74:43555?addrs=10.240.0.74-43555>
...
001 (4624.000.000) 05/23 10:35:30 Job executing on host: <10.240.0.75:48422?addrs=10.240.0.75-48422>
...
001 (4627.000.000) 05/23 10:35:30 Job executing on host: <10.240.0.76:37107?addrs=10.240.0.76-37107>
...
001 (4628.000.000) 05/23 10:35:30 Job executing on host: <10.240.0.82:15484?addrs=10.240.0.82-15484>
...
001 (4629.000.000) 05/23 10:35:30 Job executing on host: <10.240.0.79:55619?addrs=10.240.0.79-55619>
...
005 (4626.000.000) 05/23 11:17:29 Job terminated.
	(1) Normal termination (return value 0)
		Usr 0 00:13:21, Sys 0 00:05:33  -  Run Remote Usage
		Usr 0 00:00:00, Sys 0 00:00:00  -  Run Local Usage
		Usr 0 00:13:21, Sys 0 00:05:33  -  Total Remote Usage
		Usr 0 00:00:00, Sys 0 00:00:00  -  Total Local Usage
	286465  -  Run Bytes Sent By Job
	1665393  -  Run Bytes Received By Job
	286465  -  Total Bytes Sent By Job
	1665393  -  Total Bytes Received By Job
	Partitionable Resources :    Usage  Request Allocated
	   Cpus                 :                 1         1
	   Disk (KB)            :    69773     1750   7470064
	   Memory (MB)          :      141        1      3700
...
016 (4626.000.000) 05/23 11:17:29 POST Script terminated.
	(1) Normal termination (return value 0)
    DAG Node: calculateratio_1_ID0000006
...
005 (4625.000.000) 05/23 11:18:05 Job terminated.
	(1) Normal termination (return value 0)
		Usr 0 00:12:57, Sys 0 00:05:13  -  Run Remote Usage
		Usr 0 00:00:00, Sys 0 00:00:00  -  Run Local Usage
		Usr 0 00:12:57, Sys 0 00:05:13  -  Total Remote Usage
		Usr 0 00:00:00, Sys 0 00:00:00  -  Total Local Usage
	286458  -  Run Bytes Sent By Job
	1665395  -  Run Bytes Received By Job
	286458  -  Total Bytes Sent By Job
	1665395  -  Total Bytes Received By Job
	Partitionable Resources :    Usage  Request Allocated
	   Cpus                 :                 1         1
	   Disk (KB)            :    69101     1750   7341968
	   Memory (MB)          :      144        1      3700
...
016 (4625.000.000) 05/23 11:18:09 POST Script terminated.
	(1) Normal termination (return value 0)
    DAG Node: calculateratio_7_ID0000012
...
005 (4629.000.000) 05/23 11:18:27 Job terminated.
	(1) Normal termination (return value 0)
		Usr 0 00:12:36, Sys 0 00:05:22  -  Run Remote Usage
		Usr 0 00:00:00, Sys 0 00:00:00  -  Run Local Usage
		Usr 0 00:12:36, Sys 0 00:05:22  -  Total Remote Usage
		Usr 0 00:00:00, Sys 0 00:00:00  -  Total Local Usage
	286465  -  Run Bytes Sent By Job
	1665394  -  Run Bytes Received By Job
	286465  -  Total Bytes Sent By Job
	1665394  -  Total Bytes Received By Job
	Partitionable Resources :    Usage  Request Allocated
	   Cpus                 :                 1         1
	   Disk (KB)            :    68393     1750   7330376
	   Memory (MB)          :      161        1      3700
...
016 (4629.000.000) 05/23 11:18:29 POST Script terminated.
	(1) Normal termination (return value 0)
    DAG Node: calculateratio_3_ID0000008
...
005 (4621.000.000) 05/23 11:19:05 Job terminated.
	(1) Normal termination (return value 0)
		Usr 0 00:14:14, Sys 0 00:05:30  -  Run Remote Usage
		Usr 0 00:00:00, Sys 0 00:00:00  -  Run Local Usage
		Usr 0 00:14:14, Sys 0 00:05:30  -  Total Remote Usage
		Usr 0 00:00:00, Sys 0 00:00:00  -  Total Local Usage
	286458  -  Run Bytes Sent By Job
	1665395  -  Run Bytes Received By Job
	286458  -  Total Bytes Sent By Job
	1665395  -  Total Bytes Received By Job
	Partitionable Resources :    Usage  Request Allocated
	   Cpus                 :                 1         1
	   Disk (KB)            :    66118     1750   7469908
	   Memory (MB)          :      161        1      3700
...
016 (4621.000.000) 05/23 11:19:09 POST Script terminated.
	(1) Normal termination (return value 0)
    DAG Node: calculateratio_6_ID0000011
...
005 (4623.000.000) 05/23 11:19:34 Job terminated.
	(1) Normal termination (return value 0)
		Usr 0 00:13:55, Sys 0 00:05:19  -  Run Remote Usage
		Usr 0 00:00:00, Sys 0 00:00:00  -  Run Local Usage
		Usr 0 00:13:55, Sys 0 00:05:19  -  Total Remote Usage
		Usr 0 00:00:00, Sys 0 00:00:00  -  Total Local Usage
	286458  -  Run Bytes Sent By Job
	1665395  -  Run Bytes Received By Job
	286458  -  Total Bytes Sent By Job
	1665395  -  Total Bytes Received By Job
	Partitionable Resources :    Usage  Request Allocated
	   Cpus                 :                 1         1
	   Disk (KB)            :    66537     1750   7341764
	   Memory (MB)          :      162        1      3700
...
016 (4623.000.000) 05/23 11:19:34 POST Script terminated.
	(1) Normal termination (return value 0)
    DAG Node: calculateratio_8_ID0000013
...
005 (4627.000.000) 05/23 11:22:12 Job terminated.
	(1) Normal termination (return value 0)
		Usr 0 00:14:28, Sys 0 00:05:49  -  Run Remote Usage
		Usr 0 00:00:00, Sys 0 00:00:00  -  Run Local Usage
		Usr 0 00:14:28, Sys 0 00:05:49  -  Total Remote Usage
		Usr 0 00:00:00, Sys 0 00:00:00  -  Total Local Usage
	286458  -  Run Bytes Sent By Job
	1665393  -  Run Bytes Received By Job
	286458  -  Total Bytes Sent By Job
	1665393  -  Total Bytes Received By Job
	Partitionable Resources :    Usage  Request Allocated
	   Cpus                 :                 1         1
	   Disk (KB)            :    70069     1750   7341964
	   Memory (MB)          :      162        1      3700
...
016 (4627.000.000) 05/23 11:22:15 POST Script terminated.
	(1) Normal termination (return value 0)
    DAG Node: calculateratio_2_ID0000007
...
005 (4628.000.000) 05/23 11:22:25 Job terminated.
	(1) Normal termination (return value 0)
		Usr 0 00:15:20, Sys 0 00:05:45  -  Run Remote Usage
		Usr 0 00:00:00, Sys 0 00:00:00  -  Run Local Usage
		Usr 0 00:15:20, Sys 0 00:05:45  -  Total Remote Usage
		Usr 0 00:00:00, Sys 0 00:00:00  -  Total Local Usage
	286458  -  Run Bytes Sent By Job
	1665389  -  Run Bytes Received By Job
	286458  -  Total Bytes Sent By Job
	1665389  -  Total Bytes Received By Job
	Partitionable Resources :    Usage  Request Allocated
	   Cpus                 :                 1         1
	   Disk (KB)            :    69657     1750   7341876
	   Memory (MB)          :      160        1      3700
...
016 (4628.000.000) 05/23 11:22:30 POST Script terminated.
	(1) Normal termination (return value 0)
    DAG Node: calculateratio_0_ID0000005
...
000 (4630.000.000) 05/23 11:22:40 Job submitted from host: <10.240.0.3:18881?addrs=10.240.0.3-18881>
    DAG Node: clean_up_local_level_5_1
    pool:local
...
001 (4630.000.000) 05/23 11:22:40 Job executing on host: <10.240.0.3:48995?addrs=10.240.0.3-48995>
...
005 (4622.000.000) 05/23 11:22:42 Job terminated.
	(1) Normal termination (return value 0)
		Usr 0 00:13:43, Sys 0 00:05:58  -  Run Remote Usage
		Usr 0 00:00:00, Sys 0 00:00:00  -  Run Local Usage
		Usr 0 00:13:43, Sys 0 00:05:58  -  Total Remote Usage
		Usr 0 00:00:00, Sys 0 00:00:00  -  Total Local Usage
	286458  -  Run Bytes Sent By Job
	1665395  -  Run Bytes Received By Job
	286458  -  Total Bytes Sent By Job
	1665395  -  Total Bytes Received By Job
	Partitionable Resources :    Usage  Request Allocated
	   Cpus                 :                 1         1
	   Disk (KB)            :    69197     1750   7341524
	   Memory (MB)          :      156        1      3700
...
016 (4622.000.000) 05/23 11:22:45 POST Script terminated.
	(1) Normal termination (return value 0)
    DAG Node: calculateratio_5_ID0000010
...
005 (4630.000.000) 05/23 11:22:54 Job terminated.
	(1) Normal termination (return value 0)
		Usr 0 00:00:00, Sys 0 00:00:00  -  Run Remote Usage
		Usr 0 00:00:00, Sys 0 00:00:00  -  Run Local Usage
		Usr 0 00:00:00, Sys 0 00:00:00  -  Total Remote Usage
		Usr 0 00:00:00, Sys 0 00:00:00  -  Total Local Usage
	0  -  Run Bytes Sent By Job
	0  -  Run Bytes Received By Job
	0  -  Total Bytes Sent By Job
	0  -  Total Bytes Received By Job
...
016 (4630.000.000) 05/23 11:22:55 POST Script terminated.
	(1) Normal termination (return value 0)
    DAG Node: clean_up_local_level_5_1
...
005 (4624.000.000) 05/23 11:29:48 Job terminated.
	(1) Normal termination (return value 0)
		Usr 0 00:20:11, Sys 0 00:07:04  -  Run Remote Usage
		Usr 0 00:00:00, Sys 0 00:00:00  -  Run Local Usage
		Usr 0 00:20:11, Sys 0 00:07:04  -  Total Remote Usage
		Usr 0 00:00:00, Sys 0 00:00:00  -  Total Local Usage
	286459  -  Run Bytes Sent By Job
	1665395  -  Run Bytes Received By Job
	286459  -  Total Bytes Sent By Job
	1665395  -  Total Bytes Received By Job
	Partitionable Resources :    Usage  Request Allocated
	   Cpus                 :                 1         1
	   Disk (KB)            :    65837     1750   7341884
	   Memory (MB)          :      157        1      3700
...
016 (4624.000.000) 05/23 11:29:50 POST Script terminated.
	(1) Normal termination (return value 0)
    DAG Node: calculateratio_4_ID0000009
...
000 (4631.000.000) 05/23 11:30:00 Job submitted from host: <10.240.0.3:18881?addrs=10.240.0.3-18881>
    DAG Node: clean_up_local_level_5_0
    pool:local
...
001 (4631.000.000) 05/23 11:30:00 Job executing on host: <10.240.0.3:63138?addrs=10.240.0.3-63138>
...
000 (4632.000.000) 05/23 11:30:00 Job submitted from host: <10.240.0.3:18881?addrs=10.240.0.3-18881>
    DAG Node: averageratio_6_ID0000020
    pool:condorpool
...
000 (4633.000.000) 05/23 11:30:00 Job submitted from host: <10.240.0.3:18881?addrs=10.240.0.3-18881>
    DAG Node: averageratio_4_ID0000018
    pool:condorpool
...
000 (4634.000.000) 05/23 11:30:01 Job submitted from host: <10.240.0.3:18881?addrs=10.240.0.3-18881>
    DAG Node: averageratio_5_ID0000019
    pool:condorpool
...
000 (4635.000.000) 05/23 11:30:01 Job submitted from host: <10.240.0.3:18881?addrs=10.240.0.3-18881>
    DAG Node: averageratio_7_ID0000021
    pool:condorpool
...
000 (4636.000.000) 05/23 11:30:06 Job submitted from host: <10.240.0.3:18881?addrs=10.240.0.3-18881>
    DAG Node: averageratio_1_ID0000015
    pool:condorpool
...
000 (4637.000.000) 05/23 11:30:06 Job submitted from host: <10.240.0.3:18881?addrs=10.240.0.3-18881>
    DAG Node: averageratio_3_ID0000017
    pool:condorpool
...
000 (4638.000.000) 05/23 11:30:06 Job submitted from host: <10.240.0.3:18881?addrs=10.240.0.3-18881>
    DAG Node: averageratio_2_ID0000016
    pool:condorpool
...
000 (4639.000.000) 05/23 11:30:06 Job submitted from host: <10.240.0.3:18881?addrs=10.240.0.3-18881>
    DAG Node: averageratio_0_ID0000014
    pool:condorpool
...
000 (4640.000.000) 05/23 11:30:06 Job submitted from host: <10.240.0.3:18881?addrs=10.240.0.3-18881>
    DAG Node: averageratio_8_ID0000022
    pool:condorpool
...
005 (4631.000.000) 05/23 11:30:15 Job terminated.
	(1) Normal termination (return value 0)
		Usr 0 00:00:00, Sys 0 00:00:00  -  Run Remote Usage
		Usr 0 00:00:00, Sys 0 00:00:00  -  Run Local Usage
		Usr 0 00:00:00, Sys 0 00:00:00  -  Total Remote Usage
		Usr 0 00:00:00, Sys 0 00:00:00  -  Total Local Usage
	0  -  Run Bytes Sent By Job
	0  -  Run Bytes Received By Job
	0  -  Total Bytes Sent By Job
	0  -  Total Bytes Received By Job
...
016 (4631.000.000) 05/23 11:30:16 POST Script terminated.
	(1) Normal termination (return value 0)
    DAG Node: clean_up_local_level_5_0
...
001 (4636.000.000) 05/23 11:30:23 Job executing on host: <10.240.0.74:43555?addrs=10.240.0.74-43555>
...
001 (4639.000.000) 05/23 11:30:23 Job executing on host: <10.240.0.82:15484?addrs=10.240.0.82-15484>
...
001 (4638.000.000) 05/23 11:30:23 Job executing on host: <10.240.0.76:37107?addrs=10.240.0.76-37107>
...
001 (4633.000.000) 05/23 11:30:23 Job executing on host: <10.240.0.81:1915?addrs=10.240.0.81-1915>
...
001 (4632.000.000) 05/23 11:30:23 Job executing on host: <10.240.0.78:26513?addrs=10.240.0.78-26513>
...
001 (4637.000.000) 05/23 11:30:23 Job executing on host: <10.240.0.80:37323?addrs=10.240.0.80-37323>
...
001 (4634.000.000) 05/23 11:30:23 Job executing on host: <10.240.0.77:21055?addrs=10.240.0.77-21055>
...
001 (4640.000.000) 05/23 11:30:23 Job executing on host: <10.240.0.79:55619?addrs=10.240.0.79-55619>
...
001 (4635.000.000) 05/23 11:30:23 Job executing on host: <10.240.0.75:48422?addrs=10.240.0.75-48422>
...
005 (4632.000.000) 05/23 11:30:25 Job terminated.
	(1) Normal termination (return value 0)
		Usr 0 00:00:00, Sys 0 00:00:00  -  Run Remote Usage
		Usr 0 00:00:00, Sys 0 00:00:00  -  Run Local Usage
		Usr 0 00:00:00, Sys 0 00:00:00  -  Total Remote Usage
		Usr 0 00:00:00, Sys 0 00:00:00  -  Total Local Usage
	4806  -  Run Bytes Sent By Job
	1662417  -  Run Bytes Received By Job
	4806  -  Total Bytes Sent By Job
	1662417  -  Total Bytes Received By Job
	Partitionable Resources :    Usage  Request Allocated
	   Cpus                 :                 1         1
	   Disk (KB)            :     7004     1750   7341376
	   Memory (MB)          :        0        1      3700
...
005 (4635.000.000) 05/23 11:30:25 Job terminated.
	(1) Normal termination (return value 0)
		Usr 0 00:00:00, Sys 0 00:00:00  -  Run Remote Usage
		Usr 0 00:00:00, Sys 0 00:00:00  -  Run Local Usage
		Usr 0 00:00:00, Sys 0 00:00:00  -  Total Remote Usage
		Usr 0 00:00:00, Sys 0 00:00:00  -  Total Local Usage
	4806  -  Run Bytes Sent By Job
	1662417  -  Run Bytes Received By Job
	4806  -  Total Bytes Sent By Job
	1662417  -  Total Bytes Received By Job
	Partitionable Resources :    Usage  Request Allocated
	   Cpus                 :                 1         1
	   Disk (KB)            :     7005     1750   7341716
	   Memory (MB)          :        0        1      3700
...
016 (4632.000.000) 05/23 11:30:26 POST Script terminated.
	(1) Normal termination (return value 0)
    DAG Node: averageratio_6_ID0000020
...
016 (4635.000.000) 05/23 11:30:26 POST Script terminated.
	(1) Normal termination (return value 0)
    DAG Node: averageratio_7_ID0000021
...
005 (4640.000.000) 05/23 11:30:40 Job terminated.
	(1) Normal termination (return value 0)
		Usr 0 00:00:00, Sys 0 00:00:00  -  Run Remote Usage
		Usr 0 00:00:00, Sys 0 00:00:00  -  Run Local Usage
		Usr 0 00:00:00, Sys 0 00:00:00  -  Total Remote Usage
		Usr 0 00:00:00, Sys 0 00:00:00  -  Total Local Usage
	4812  -  Run Bytes Sent By Job
	1662417  -  Run Bytes Received By Job
	4812  -  Total Bytes Sent By Job
	1662417  -  Total Bytes Received By Job
	Partitionable Resources :    Usage  Request Allocated
	   Cpus                 :                 1         1
	   Disk (KB)            :     7005     1750   7330232
	   Memory (MB)          :        3        1      3700
...
016 (4640.000.000) 05/23 11:30:41 POST Script terminated.
	(1) Normal termination (return value 0)
    DAG Node: averageratio_8_ID0000022
...
005 (4637.000.000) 05/23 11:31:14 Job terminated.
	(1) Normal termination (return value 0)
		Usr 0 00:00:01, Sys 0 00:00:00  -  Run Remote Usage
		Usr 0 00:00:00, Sys 0 00:00:00  -  Run Local Usage
		Usr 0 00:00:01, Sys 0 00:00:00  -  Total Remote Usage
		Usr 0 00:00:00, Sys 0 00:00:00  -  Total Local Usage
	4811  -  Run Bytes Sent By Job
	1662417  -  Run Bytes Received By Job
	4811  -  Total Bytes Sent By Job
	1662417  -  Total Bytes Received By Job
	Partitionable Resources :    Usage  Request Allocated
	   Cpus                 :                 1         1
	   Disk (KB)            :     7004     1750   7469916
	   Memory (MB)          :        3        1      3700
...
016 (4637.000.000) 05/23 11:31:16 POST Script terminated.
	(1) Normal termination (return value 0)
    DAG Node: averageratio_3_ID0000017
...
005 (4638.000.000) 05/23 11:31:20 Job terminated.
	(1) Normal termination (return value 0)
		Usr 0 00:00:02, Sys 0 00:00:00  -  Run Remote Usage
		Usr 0 00:00:00, Sys 0 00:00:00  -  Run Local Usage
		Usr 0 00:00:02, Sys 0 00:00:00  -  Total Remote Usage
		Usr 0 00:00:00, Sys 0 00:00:00  -  Total Local Usage
	4812  -  Run Bytes Sent By Job
	1662417  -  Run Bytes Received By Job
	4812  -  Total Bytes Sent By Job
	1662417  -  Total Bytes Received By Job
	Partitionable Resources :    Usage  Request Allocated
	   Cpus                 :                 1         1
	   Disk (KB)            :     7004     1750   7341816
	   Memory (MB)          :        3        1      3700
...
016 (4638.000.000) 05/23 11:31:21 POST Script terminated.
	(1) Normal termination (return value 0)
    DAG Node: averageratio_2_ID0000016
...
005 (4634.000.000) 05/23 11:31:24 Job terminated.
	(1) Normal termination (return value 0)
		Usr 0 00:00:10, Sys 0 00:00:00  -  Run Remote Usage
		Usr 0 00:00:00, Sys 0 00:00:00  -  Run Local Usage
		Usr 0 00:00:10, Sys 0 00:00:00  -  Total Remote Usage
		Usr 0 00:00:00, Sys 0 00:00:00  -  Total Local Usage
	4815  -  Run Bytes Sent By Job
	1662417  -  Run Bytes Received By Job
	4815  -  Total Bytes Sent By Job
	1662417  -  Total Bytes Received By Job
	Partitionable Resources :    Usage  Request Allocated
	   Cpus                 :                 1         1
	   Disk (KB)            :     7005     1750   7341616
	   Memory (MB)          :        3        1      3700
...
016 (4634.000.000) 05/23 11:31:26 POST Script terminated.
	(1) Normal termination (return value 0)
    DAG Node: averageratio_5_ID0000019
...
005 (4633.000.000) 05/23 11:31:30 Job terminated.
	(1) Normal termination (return value 0)
		Usr 0 00:00:14, Sys 0 00:00:00  -  Run Remote Usage
		Usr 0 00:00:00, Sys 0 00:00:00  -  Run Local Usage
		Usr 0 00:00:14, Sys 0 00:00:00  -  Total Remote Usage
		Usr 0 00:00:00, Sys 0 00:00:00  -  Total Local Usage
	4815  -  Run Bytes Sent By Job
	1662417  -  Run Bytes Received By Job
	4815  -  Total Bytes Sent By Job
	1662417  -  Total Bytes Received By Job
	Partitionable Resources :    Usage  Request Allocated
	   Cpus                 :                 1         1
	   Disk (KB)            :     7004     1750   7469732
	   Memory (MB)          :        3        1      3700
...
016 (4633.000.000) 05/23 11:31:31 POST Script terminated.
	(1) Normal termination (return value 0)
    DAG Node: averageratio_4_ID0000018
...
005 (4636.000.000) 05/23 11:31:47 Job terminated.
	(1) Normal termination (return value 0)
		Usr 0 00:00:30, Sys 0 00:00:00  -  Run Remote Usage
		Usr 0 00:00:00, Sys 0 00:00:00  -  Run Local Usage
		Usr 0 00:00:30, Sys 0 00:00:00  -  Total Remote Usage
		Usr 0 00:00:00, Sys 0 00:00:00  -  Total Local Usage
	4815  -  Run Bytes Sent By Job
	1662417  -  Run Bytes Received By Job
	4815  -  Total Bytes Sent By Job
	1662417  -  Total Bytes Received By Job
	Partitionable Resources :    Usage  Request Allocated
	   Cpus                 :                 1         1
	   Disk (KB)            :     7004     1750   7341820
	   Memory (MB)          :        3        1      3700
...
016 (4636.000.000) 05/23 11:31:51 POST Script terminated.
	(1) Normal termination (return value 0)
    DAG Node: averageratio_1_ID0000015
...
005 (4639.000.000) 05/23 11:31:53 Job terminated.
	(1) Normal termination (return value 0)
		Usr 0 00:00:39, Sys 0 00:00:00  -  Run Remote Usage
		Usr 0 00:00:00, Sys 0 00:00:00  -  Run Local Usage
		Usr 0 00:00:39, Sys 0 00:00:00  -  Total Remote Usage
		Usr 0 00:00:00, Sys 0 00:00:00  -  Total Local Usage
	4815  -  Run Bytes Sent By Job
	1662417  -  Run Bytes Received By Job
	4815  -  Total Bytes Sent By Job
	1662417  -  Total Bytes Received By Job
	Partitionable Resources :    Usage  Request Allocated
	   Cpus                 :                 1         1
	   Disk (KB)            :     7004     1750   7341724
	   Memory (MB)          :       21        1      3700
...
016 (4639.000.000) 05/23 11:31:56 POST Script terminated.
	(1) Normal termination (return value 0)
    DAG Node: averageratio_0_ID0000014
...
000 (4641.000.000) 05/23 11:32:01 Job submitted from host: <10.240.0.3:18881?addrs=10.240.0.3-18881>
    DAG Node: clean_up_local_level_6_0
    pool:local
...
001 (4641.000.000) 05/23 11:32:02 Job executing on host: <10.240.0.3:16438?addrs=10.240.0.3-16438>
...
000 (4642.000.000) 05/23 11:32:07 Job submitted from host: <10.240.0.3:18881?addrs=10.240.0.3-18881>
    DAG Node: maxminratio_0_ID0000023
    pool:condorpool
...
000 (4643.000.000) 05/23 11:32:07 Job submitted from host: <10.240.0.3:18881?addrs=10.240.0.3-18881>
    DAG Node: clean_up_local_level_6_1
    pool:local
...
001 (4642.000.000) 05/23 11:32:09 Job executing on host: <10.240.0.74:43555?addrs=10.240.0.74-43555>
...
005 (4642.000.000) 05/23 11:32:11 Job terminated.
	(1) Normal termination (return value 0)
		Usr 0 00:00:00, Sys 0 00:00:00  -  Run Remote Usage
		Usr 0 00:00:00, Sys 0 00:00:00  -  Run Local Usage
		Usr 0 00:00:00, Sys 0 00:00:00  -  Total Remote Usage
		Usr 0 00:00:00, Sys 0 00:00:00  -  Total Local Usage
	7036  -  Run Bytes Sent By Job
	1662234  -  Run Bytes Received By Job
	7036  -  Total Bytes Sent By Job
	1662234  -  Total Bytes Received By Job
	Partitionable Resources :    Usage  Request Allocated
	   Cpus                 :                 1         1
	   Disk (KB)            :     7007     1750   7341820
	   Memory (MB)          :        0        1      3700
...
005 (4641.000.000) 05/23 11:32:12 Job terminated.
	(1) Normal termination (return value 0)
		Usr 0 00:00:00, Sys 0 00:00:00  -  Run Remote Usage
		Usr 0 00:00:00, Sys 0 00:00:00  -  Run Local Usage
		Usr 0 00:00:00, Sys 0 00:00:00  -  Total Remote Usage
		Usr 0 00:00:00, Sys 0 00:00:00  -  Total Local Usage
	0  -  Run Bytes Sent By Job
	0  -  Run Bytes Received By Job
	0  -  Total Bytes Sent By Job
	0  -  Total Bytes Received By Job
...
001 (4643.000.000) 05/23 11:32:12 Job executing on host: <10.240.0.3:36863?addrs=10.240.0.3-36863>
...
016 (4642.000.000) 05/23 11:32:12 POST Script terminated.
	(1) Normal termination (return value 0)
    DAG Node: maxminratio_0_ID0000023
...
016 (4641.000.000) 05/23 11:32:17 POST Script terminated.
	(1) Normal termination (return value 0)
    DAG Node: clean_up_local_level_6_0
...
000 (4644.000.000) 05/23 11:32:22 Job submitted from host: <10.240.0.3:18881?addrs=10.240.0.3-18881>
    DAG Node: clean_up_local_level_7_0
    pool:local
...
001 (4644.000.000) 05/23 11:32:22 Job executing on host: <10.240.0.3:57242?addrs=10.240.0.3-57242>
...
005 (4644.000.000) 05/23 11:32:26 Job terminated.
	(1) Normal termination (return value 0)
		Usr 0 00:00:00, Sys 0 00:00:00  -  Run Remote Usage
		Usr 0 00:00:00, Sys 0 00:00:00  -  Run Local Usage
		Usr 0 00:00:00, Sys 0 00:00:00  -  Total Remote Usage
		Usr 0 00:00:00, Sys 0 00:00:00  -  Total Local Usage
	0  -  Run Bytes Sent By Job
	0  -  Run Bytes Received By Job
	0  -  Total Bytes Sent By Job
	0  -  Total Bytes Received By Job
...
016 (4644.000.000) 05/23 11:32:27 POST Script terminated.
	(1) Normal termination (return value 0)
    DAG Node: clean_up_local_level_7_0
...
005 (4643.000.000) 05/23 11:32:28 Job terminated.
	(1) Normal termination (return value 0)
		Usr 0 00:00:00, Sys 0 00:00:00  -  Run Remote Usage
		Usr 0 00:00:00, Sys 0 00:00:00  -  Run Local Usage
		Usr 0 00:00:00, Sys 0 00:00:00  -  Total Remote Usage
		Usr 0 00:00:00, Sys 0 00:00:00  -  Total Local Usage
	0  -  Run Bytes Sent By Job
	0  -  Run Bytes Received By Job
	0  -  Total Bytes Sent By Job
	0  -  Total Bytes Received By Job
...
016 (4643.000.000) 05/23 11:32:32 POST Script terminated.
	(1) Normal termination (return value 0)
    DAG Node: clean_up_local_level_6_1
...
000 (4645.000.000) 05/23 11:32:42 Job submitted from host: <10.240.0.3:18881?addrs=10.240.0.3-18881>
    DAG Node: cleanup_example_workflow_0_local
    pool:local
...
001 (4645.000.000) 05/23 11:32:42 Job executing on host: <10.240.0.3:16487?addrs=10.240.0.3-16487>
...
005 (4645.000.000) 05/23 11:32:44 Job terminated.
	(1) Normal termination (return value 0)
		Usr 0 00:00:00, Sys 0 00:00:00  -  Run Remote Usage
		Usr 0 00:00:00, Sys 0 00:00:00  -  Run Local Usage
		Usr 0 00:00:00, Sys 0 00:00:00  -  Total Remote Usage
		Usr 0 00:00:00, Sys 0 00:00:00  -  Total Local Usage
	0  -  Run Bytes Sent By Job
	0  -  Run Bytes Received By Job
	0  -  Total Bytes Sent By Job
	0  -  Total Bytes Received By Job
...
