000 (623.000.000) 10/25 00:34:52 Job submitted from host: <54.183.250.128:60753?addrs=54.183.250.128-60753>
    DAG Node: create_dir_example_workflow_0_local
    pool:local
...
001 (623.000.000) 10/25 00:34:53 Job executing on host: <54.183.250.128:1541?addrs=54.183.250.128-1541>
...
005 (623.000.000) 10/25 00:34:55 Job terminated.
	(1) Normal termination (return value 0)
		Usr 0 00:00:00, Sys 0 00:00:00  -  Run Remote Usage
		Usr 0 00:00:00, Sys 0 00:00:00  -  Run Local Usage
		Usr 0 00:00:00, Sys 0 00:00:00  -  Total Remote Usage
		Usr 0 00:00:00, Sys 0 00:00:00  -  Total Local Usage
	0  -  Run Bytes Sent By Job
	0  -  Run Bytes Received By Job
	0  -  Total Bytes Sent By Job
	0  -  Total Bytes Received By Job
...
000 (624.000.000) 10/25 00:35:07 Job submitted from host: <54.183.250.128:60753?addrs=54.183.250.128-60753>
    DAG Node: stage_in_local_local_0_0
    pool:local
...
000 (625.000.000) 10/25 00:35:07 Job submitted from host: <54.183.250.128:60753?addrs=54.183.250.128-60753>
    DAG Node: stage_in_local_local_6_0
    pool:local
...
001 (624.000.000) 10/25 00:35:07 Job executing on host: <54.183.250.128:48273?addrs=54.183.250.128-48273>
...
000 (626.000.000) 10/25 00:35:07 Job submitted from host: <54.183.250.128:60753?addrs=54.183.250.128-60753>
    DAG Node: stage_in_remote_local_2_1
    pool:local
...
000 (627.000.000) 10/25 00:35:07 Job submitted from host: <54.183.250.128:60753?addrs=54.183.250.128-60753>
    DAG Node: stage_in_remote_local_5_0
    pool:local
...
000 (628.000.000) 10/25 00:35:08 Job submitted from host: <54.183.250.128:60753?addrs=54.183.250.128-60753>
    DAG Node: stage_in_local_local_2_0
    pool:local
...
005 (624.000.000) 10/25 00:35:10 Job terminated.
	(1) Normal termination (return value 0)
		Usr 0 00:00:00, Sys 0 00:00:00  -  Run Remote Usage
		Usr 0 00:00:00, Sys 0 00:00:00  -  Run Local Usage
		Usr 0 00:00:00, Sys 0 00:00:00  -  Total Remote Usage
		Usr 0 00:00:00, Sys 0 00:00:00  -  Total Local Usage
	0  -  Run Bytes Sent By Job
	0  -  Run Bytes Received By Job
	0  -  Total Bytes Sent By Job
	0  -  Total Bytes Received By Job
...
001 (626.000.000) 10/25 00:35:10 Job executing on host: <54.183.250.128:21941?addrs=54.183.250.128-21941>
...
001 (625.000.000) 10/25 00:35:10 Job executing on host: <54.183.250.128:58580?addrs=54.183.250.128-58580>
...
001 (628.000.000) 10/25 00:35:10 Job executing on host: <54.183.250.128:46700?addrs=54.183.250.128-46700>
...
001 (627.000.000) 10/25 00:35:10 Job executing on host: <54.183.250.128:8542?addrs=54.183.250.128-8542>
...
005 (625.000.000) 10/25 00:35:12 Job terminated.
	(1) Normal termination (return value 0)
		Usr 0 00:00:00, Sys 0 00:00:00  -  Run Remote Usage
		Usr 0 00:00:00, Sys 0 00:00:00  -  Run Local Usage
		Usr 0 00:00:00, Sys 0 00:00:00  -  Total Remote Usage
		Usr 0 00:00:00, Sys 0 00:00:00  -  Total Local Usage
	0  -  Run Bytes Sent By Job
	0  -  Run Bytes Received By Job
	0  -  Total Bytes Sent By Job
	0  -  Total Bytes Received By Job
...
005 (627.000.000) 10/25 00:35:12 Job terminated.
	(1) Normal termination (return value 0)
		Usr 0 00:00:00, Sys 0 00:00:00  -  Run Remote Usage
		Usr 0 00:00:00, Sys 0 00:00:00  -  Run Local Usage
		Usr 0 00:00:00, Sys 0 00:00:00  -  Total Remote Usage
		Usr 0 00:00:00, Sys 0 00:00:00  -  Total Local Usage
	0  -  Run Bytes Sent By Job
	0  -  Run Bytes Received By Job
	0  -  Total Bytes Sent By Job
	0  -  Total Bytes Received By Job
...
005 (626.000.000) 10/25 00:35:12 Job terminated.
	(1) Normal termination (return value 0)
		Usr 0 00:00:00, Sys 0 00:00:00  -  Run Remote Usage
		Usr 0 00:00:00, Sys 0 00:00:00  -  Run Local Usage
		Usr 0 00:00:00, Sys 0 00:00:00  -  Total Remote Usage
		Usr 0 00:00:00, Sys 0 00:00:00  -  Total Local Usage
	0  -  Run Bytes Sent By Job
	0  -  Run Bytes Received By Job
	0  -  Total Bytes Sent By Job
	0  -  Total Bytes Received By Job
...
000 (629.000.000) 10/25 00:35:13 Job submitted from host: <54.183.250.128:60753?addrs=54.183.250.128-60753>
    DAG Node: stage_in_local_local_2_1
    pool:local
...
000 (630.000.000) 10/25 00:35:13 Job submitted from host: <54.183.250.128:60753?addrs=54.183.250.128-60753>
    DAG Node: stage_in_remote_local_1_0
    pool:local
...
000 (631.000.000) 10/25 00:35:13 Job submitted from host: <54.183.250.128:60753?addrs=54.183.250.128-60753>
    DAG Node: stage_in_local_local_3_0
    pool:local
...
000 (632.000.000) 10/25 00:35:13 Job submitted from host: <54.183.250.128:60753?addrs=54.183.250.128-60753>
    DAG Node: stage_in_local_local_5_0
    pool:local
...
000 (633.000.000) 10/25 00:35:13 Job submitted from host: <54.183.250.128:60753?addrs=54.183.250.128-60753>
    DAG Node: stage_in_local_local_4_0
    pool:local
...
005 (628.000.000) 10/25 00:35:14 Job terminated.
	(1) Normal termination (return value 0)
		Usr 0 00:00:00, Sys 0 00:00:00  -  Run Remote Usage
		Usr 0 00:00:00, Sys 0 00:00:00  -  Run Local Usage
		Usr 0 00:00:00, Sys 0 00:00:00  -  Total Remote Usage
		Usr 0 00:00:00, Sys 0 00:00:00  -  Total Local Usage
	0  -  Run Bytes Sent By Job
	0  -  Run Bytes Received By Job
	0  -  Total Bytes Sent By Job
	0  -  Total Bytes Received By Job
...
001 (629.000.000) 10/25 00:35:14 Job executing on host: <54.183.250.128:23771?addrs=54.183.250.128-23771>
...
001 (632.000.000) 10/25 00:35:14 Job executing on host: <54.183.250.128:34959?addrs=54.183.250.128-34959>
...
001 (631.000.000) 10/25 00:35:14 Job executing on host: <54.183.250.128:52464?addrs=54.183.250.128-52464>
...
001 (630.000.000) 10/25 00:35:14 Job executing on host: <54.183.250.128:28459?addrs=54.183.250.128-28459>
...
001 (633.000.000) 10/25 00:35:15 Job executing on host: <54.183.250.128:59447?addrs=54.183.250.128-59447>
...
005 (629.000.000) 10/25 00:35:17 Job terminated.
	(1) Normal termination (return value 0)
		Usr 0 00:00:00, Sys 0 00:00:00  -  Run Remote Usage
		Usr 0 00:00:00, Sys 0 00:00:00  -  Run Local Usage
		Usr 0 00:00:00, Sys 0 00:00:00  -  Total Remote Usage
		Usr 0 00:00:00, Sys 0 00:00:00  -  Total Local Usage
	0  -  Run Bytes Sent By Job
	0  -  Run Bytes Received By Job
	0  -  Total Bytes Sent By Job
	0  -  Total Bytes Received By Job
...
005 (632.000.000) 10/25 00:35:17 Job terminated.
	(1) Normal termination (return value 0)
		Usr 0 00:00:00, Sys 0 00:00:00  -  Run Remote Usage
		Usr 0 00:00:00, Sys 0 00:00:00  -  Run Local Usage
		Usr 0 00:00:00, Sys 0 00:00:00  -  Total Remote Usage
		Usr 0 00:00:00, Sys 0 00:00:00  -  Total Local Usage
	0  -  Run Bytes Sent By Job
	0  -  Run Bytes Received By Job
	0  -  Total Bytes Sent By Job
	0  -  Total Bytes Received By Job
...
005 (630.000.000) 10/25 00:35:17 Job terminated.
	(1) Normal termination (return value 0)
		Usr 0 00:00:00, Sys 0 00:00:00  -  Run Remote Usage
		Usr 0 00:00:00, Sys 0 00:00:00  -  Run Local Usage
		Usr 0 00:00:00, Sys 0 00:00:00  -  Total Remote Usage
		Usr 0 00:00:00, Sys 0 00:00:00  -  Total Local Usage
	0  -  Run Bytes Sent By Job
	0  -  Run Bytes Received By Job
	0  -  Total Bytes Sent By Job
	0  -  Total Bytes Received By Job
...
005 (631.000.000) 10/25 00:35:17 Job terminated.
	(1) Normal termination (return value 0)
		Usr 0 00:00:00, Sys 0 00:00:00  -  Run Remote Usage
		Usr 0 00:00:00, Sys 0 00:00:00  -  Run Local Usage
		Usr 0 00:00:00, Sys 0 00:00:00  -  Total Remote Usage
		Usr 0 00:00:00, Sys 0 00:00:00  -  Total Local Usage
	0  -  Run Bytes Sent By Job
	0  -  Run Bytes Received By Job
	0  -  Total Bytes Sent By Job
	0  -  Total Bytes Received By Job
...
005 (633.000.000) 10/25 00:35:17 Job terminated.
	(1) Normal termination (return value 0)
		Usr 0 00:00:00, Sys 0 00:00:00  -  Run Remote Usage
		Usr 0 00:00:00, Sys 0 00:00:00  -  Run Local Usage
		Usr 0 00:00:00, Sys 0 00:00:00  -  Total Remote Usage
		Usr 0 00:00:00, Sys 0 00:00:00  -  Total Local Usage
	0  -  Run Bytes Sent By Job
	0  -  Run Bytes Received By Job
	0  -  Total Bytes Sent By Job
	0  -  Total Bytes Received By Job
...
000 (634.000.000) 10/25 00:35:19 Job submitted from host: <54.183.250.128:60753?addrs=54.183.250.128-60753>
    DAG Node: stage_in_local_local_7_0
    pool:local
...
000 (635.000.000) 10/25 00:35:19 Job submitted from host: <54.183.250.128:60753?addrs=54.183.250.128-60753>
    DAG Node: stage_in_local_local_1_0
    pool:local
...
000 (636.000.000) 10/25 00:35:19 Job submitted from host: <54.183.250.128:60753?addrs=54.183.250.128-60753>
    DAG Node: stage_in_remote_local_4_1
    pool:local
...
000 (637.000.000) 10/25 00:35:19 Job submitted from host: <54.183.250.128:60753?addrs=54.183.250.128-60753>
    DAG Node: stage_in_remote_local_4_0
    pool:local
...
000 (638.000.000) 10/25 00:35:19 Job submitted from host: <54.183.250.128:60753?addrs=54.183.250.128-60753>
    DAG Node: stage_in_remote_local_2_0
    pool:local
...
001 (635.000.000) 10/25 00:35:24 Job executing on host: <54.183.250.128:12308?addrs=54.183.250.128-12308>
...
001 (638.000.000) 10/25 00:35:24 Job executing on host: <54.183.250.128:26172?addrs=54.183.250.128-26172>
...
001 (637.000.000) 10/25 00:35:24 Job executing on host: <54.183.250.128:23011?addrs=54.183.250.128-23011>
...
001 (636.000.000) 10/25 00:35:24 Job executing on host: <54.183.250.128:12349?addrs=54.183.250.128-12349>
...
001 (634.000.000) 10/25 00:35:24 Job executing on host: <54.183.250.128:45942?addrs=54.183.250.128-45942>
...
000 (639.000.000) 10/25 00:35:24 Job submitted from host: <54.183.250.128:60753?addrs=54.183.250.128-60753>
    DAG Node: stage_in_remote_local_3_1
    pool:local
...
000 (640.000.000) 10/25 00:35:24 Job submitted from host: <54.183.250.128:60753?addrs=54.183.250.128-60753>
    DAG Node: stage_in_remote_local_3_0
    pool:local
...
000 (641.000.000) 10/25 00:35:24 Job submitted from host: <54.183.250.128:60753?addrs=54.183.250.128-60753>
    DAG Node: stage_in_remote_local_6_0
    pool:local
...
000 (642.000.000) 10/25 00:35:25 Job submitted from host: <54.183.250.128:60753?addrs=54.183.250.128-60753>
    DAG Node: init_0_ID0000001
    pool:condorpool
...
005 (636.000.000) 10/25 00:35:27 Job terminated.
	(1) Normal termination (return value 0)
		Usr 0 00:00:00, Sys 0 00:00:00  -  Run Remote Usage
		Usr 0 00:00:00, Sys 0 00:00:00  -  Run Local Usage
		Usr 0 00:00:00, Sys 0 00:00:00  -  Total Remote Usage
		Usr 0 00:00:00, Sys 0 00:00:00  -  Total Local Usage
	0  -  Run Bytes Sent By Job
	0  -  Run Bytes Received By Job
	0  -  Total Bytes Sent By Job
	0  -  Total Bytes Received By Job
...
001 (641.000.000) 10/25 00:35:27 Job executing on host: <54.183.250.128:10016?addrs=54.183.250.128-10016>
...
001 (640.000.000) 10/25 00:35:27 Job executing on host: <54.183.250.128:32284?addrs=54.183.250.128-32284>
...
001 (639.000.000) 10/25 00:35:27 Job executing on host: <54.183.250.128:23901?addrs=54.183.250.128-23901>
...
005 (635.000.000) 10/25 00:35:27 Job terminated.
	(1) Normal termination (return value 0)
		Usr 0 00:00:00, Sys 0 00:00:00  -  Run Remote Usage
		Usr 0 00:00:00, Sys 0 00:00:00  -  Run Local Usage
		Usr 0 00:00:00, Sys 0 00:00:00  -  Total Remote Usage
		Usr 0 00:00:00, Sys 0 00:00:00  -  Total Local Usage
	0  -  Run Bytes Sent By Job
	0  -  Run Bytes Received By Job
	0  -  Total Bytes Sent By Job
	0  -  Total Bytes Received By Job
...
005 (634.000.000) 10/25 00:35:27 Job terminated.
	(1) Normal termination (return value 0)
		Usr 0 00:00:00, Sys 0 00:00:00  -  Run Remote Usage
		Usr 0 00:00:00, Sys 0 00:00:00  -  Run Local Usage
		Usr 0 00:00:00, Sys 0 00:00:00  -  Total Remote Usage
		Usr 0 00:00:00, Sys 0 00:00:00  -  Total Local Usage
	0  -  Run Bytes Sent By Job
	0  -  Run Bytes Received By Job
	0  -  Total Bytes Sent By Job
	0  -  Total Bytes Received By Job
...
005 (637.000.000) 10/25 00:35:29 Job terminated.
	(1) Normal termination (return value 0)
		Usr 0 00:00:00, Sys 0 00:00:00  -  Run Remote Usage
		Usr 0 00:00:00, Sys 0 00:00:00  -  Run Local Usage
		Usr 0 00:00:00, Sys 0 00:00:00  -  Total Remote Usage
		Usr 0 00:00:00, Sys 0 00:00:00  -  Total Local Usage
	0  -  Run Bytes Sent By Job
	0  -  Run Bytes Received By Job
	0  -  Total Bytes Sent By Job
	0  -  Total Bytes Received By Job
...
005 (638.000.000) 10/25 00:35:29 Job terminated.
	(1) Normal termination (return value 0)
		Usr 0 00:00:00, Sys 0 00:00:00  -  Run Remote Usage
		Usr 0 00:00:00, Sys 0 00:00:00  -  Run Local Usage
		Usr 0 00:00:00, Sys 0 00:00:00  -  Total Remote Usage
		Usr 0 00:00:00, Sys 0 00:00:00  -  Total Local Usage
	0  -  Run Bytes Sent By Job
	0  -  Run Bytes Received By Job
	0  -  Total Bytes Sent By Job
	0  -  Total Bytes Received By Job
...
005 (641.000.000) 10/25 00:35:29 Job terminated.
	(1) Normal termination (return value 0)
		Usr 0 00:00:00, Sys 0 00:00:00  -  Run Remote Usage
		Usr 0 00:00:00, Sys 0 00:00:00  -  Run Local Usage
		Usr 0 00:00:00, Sys 0 00:00:00  -  Total Remote Usage
		Usr 0 00:00:00, Sys 0 00:00:00  -  Total Local Usage
	0  -  Run Bytes Sent By Job
	0  -  Run Bytes Received By Job
	0  -  Total Bytes Sent By Job
	0  -  Total Bytes Received By Job
...
005 (639.000.000) 10/25 00:35:29 Job terminated.
	(1) Normal termination (return value 0)
		Usr 0 00:00:00, Sys 0 00:00:00  -  Run Remote Usage
		Usr 0 00:00:00, Sys 0 00:00:00  -  Run Local Usage
		Usr 0 00:00:00, Sys 0 00:00:00  -  Total Remote Usage
		Usr 0 00:00:00, Sys 0 00:00:00  -  Total Local Usage
	0  -  Run Bytes Sent By Job
	0  -  Run Bytes Received By Job
	0  -  Total Bytes Sent By Job
	0  -  Total Bytes Received By Job
...
005 (640.000.000) 10/25 00:35:31 Job terminated.
	(1) Normal termination (return value 0)
		Usr 0 00:00:00, Sys 0 00:00:00  -  Run Remote Usage
		Usr 0 00:00:00, Sys 0 00:00:00  -  Run Local Usage
		Usr 0 00:00:00, Sys 0 00:00:00  -  Total Remote Usage
		Usr 0 00:00:00, Sys 0 00:00:00  -  Total Local Usage
	0  -  Run Bytes Sent By Job
	0  -  Run Bytes Received By Job
	0  -  Total Bytes Sent By Job
	0  -  Total Bytes Received By Job
...
001 (642.000.000) 10/25 00:35:33 Job executing on host: <54.213.51.23:14813?addrs=54.213.51.23-14813&noUDP>
...
006 (642.000.000) 10/25 00:35:41 Image size of job updated: 2
	2  -  MemoryUsage of job (MB)
	1640  -  ResidentSetSize of job (KB)
...
006 (642.000.000) 10/25 00:36:16 Image size of job updated: 219384
	2  -  MemoryUsage of job (MB)
	1640  -  ResidentSetSize of job (KB)
...
005 (642.000.000) 10/25 00:36:16 Job terminated.
	(1) Normal termination (return value 0)
		Usr 0 00:00:00, Sys 0 00:00:00  -  Run Remote Usage
		Usr 0 00:00:00, Sys 0 00:00:00  -  Run Local Usage
		Usr 0 00:00:00, Sys 0 00:00:00  -  Total Remote Usage
		Usr 0 00:00:00, Sys 0 00:00:00  -  Total Local Usage
	4442  -  Run Bytes Sent By Job
	3169717  -  Run Bytes Received By Job
	4442  -  Total Bytes Sent By Job
	3169717  -  Total Bytes Received By Job
	Partitionable Resources :    Usage  Request Allocated
	   Cpus                 :                 1         1
	   Disk (KB)            :     6105     3250  27986696
	   Memory (MB)          :        2        1      3764
...
000 (643.000.000) 10/25 00:36:30 Job submitted from host: <54.183.250.128:60753?addrs=54.183.250.128-60753>
    DAG Node: clean_up_local_level_3_0
    pool:local
...
001 (643.000.000) 10/25 00:36:30 Job executing on host: <54.183.250.128:21875?addrs=54.183.250.128-21875>
...
000 (644.000.000) 10/25 00:36:30 Job submitted from host: <54.183.250.128:60753?addrs=54.183.250.128-60753>
    DAG Node: generalinfo_0_ID0000002
    pool:condorpool
...
001 (644.000.000) 10/25 00:36:31 Job executing on host: <54.213.51.23:14813?addrs=54.213.51.23-14813&noUDP>
...
005 (643.000.000) 10/25 00:36:33 Job terminated.
	(1) Normal termination (return value 0)
		Usr 0 00:00:00, Sys 0 00:00:00  -  Run Remote Usage
		Usr 0 00:00:00, Sys 0 00:00:00  -  Run Local Usage
		Usr 0 00:00:00, Sys 0 00:00:00  -  Total Remote Usage
		Usr 0 00:00:00, Sys 0 00:00:00  -  Total Local Usage
	0  -  Run Bytes Sent By Job
	0  -  Run Bytes Received By Job
	0  -  Total Bytes Sent By Job
	0  -  Total Bytes Received By Job
...
006 (644.000.000) 10/25 00:36:39 Image size of job updated: 2
	2  -  MemoryUsage of job (MB)
	1644  -  ResidentSetSize of job (KB)
...
006 (644.000.000) 10/25 00:40:38 Image size of job updated: 335444
	2  -  MemoryUsage of job (MB)
	1644  -  ResidentSetSize of job (KB)
...
005 (644.000.000) 10/25 00:40:38 Job terminated.
	(1) Normal termination (return value 0)
		Usr 0 00:03:48, Sys 0 00:00:01  -  Run Remote Usage
		Usr 0 00:00:00, Sys 0 00:00:00  -  Run Local Usage
		Usr 0 00:03:48, Sys 0 00:00:01  -  Total Remote Usage
		Usr 0 00:00:00, Sys 0 00:00:00  -  Total Local Usage
	4998  -  Run Bytes Sent By Job
	3168725  -  Run Bytes Received By Job
	4998  -  Total Bytes Sent By Job
	3168725  -  Total Bytes Received By Job
	Partitionable Resources :    Usage  Request Allocated
	   Cpus                 :                 1         1
	   Disk (KB)            :     6106     3250  27986696
	   Memory (MB)          :        2        1      3764
...
000 (645.000.000) 10/25 00:40:51 Job submitted from host: <54.183.250.128:60753?addrs=54.183.250.128-60753>
    DAG Node: clean_up_local_level_4_0
    pool:local
...
001 (645.000.000) 10/25 00:40:51 Job executing on host: <54.183.250.128:18131?addrs=54.183.250.128-18131>
...
000 (646.000.000) 10/25 00:40:51 Job submitted from host: <54.183.250.128:60753?addrs=54.183.250.128-60753>
    DAG Node: statscpumemory_0_ID0000003
    pool:condorpool
...
000 (647.000.000) 10/25 00:40:51 Job submitted from host: <54.183.250.128:60753?addrs=54.183.250.128-60753>
    DAG Node: medianmemory_0_ID0000005
    pool:condorpool
...
000 (648.000.000) 10/25 00:40:52 Job submitted from host: <54.183.250.128:60753?addrs=54.183.250.128-60753>
    DAG Node: mediancpu_0_ID0000004
    pool:condorpool
...
001 (646.000.000) 10/25 00:40:52 Job executing on host: <54.213.51.23:14813?addrs=54.213.51.23-14813&noUDP>
...
005 (645.000.000) 10/25 00:40:55 Job terminated.
	(1) Normal termination (return value 0)
		Usr 0 00:00:00, Sys 0 00:00:00  -  Run Remote Usage
		Usr 0 00:00:00, Sys 0 00:00:00  -  Run Local Usage
		Usr 0 00:00:00, Sys 0 00:00:00  -  Total Remote Usage
		Usr 0 00:00:00, Sys 0 00:00:00  -  Total Local Usage
	0  -  Run Bytes Sent By Job
	0  -  Run Bytes Received By Job
	0  -  Total Bytes Sent By Job
	0  -  Total Bytes Received By Job
...
006 (646.000.000) 10/25 00:41:00 Image size of job updated: 2
	2  -  MemoryUsage of job (MB)
	1648  -  ResidentSetSize of job (KB)
...
001 (648.000.000) 10/25 00:41:10 Job executing on host: <54.213.137.64:53987?addrs=54.213.137.64-53987&noUDP>
...
001 (647.000.000) 10/25 00:41:10 Job executing on host: <54.200.206.239:6350?addrs=54.200.206.239-6350&noUDP>
...
006 (647.000.000) 10/25 00:41:18 Image size of job updated: 2
	2  -  MemoryUsage of job (MB)
	1652  -  ResidentSetSize of job (KB)
...
006 (648.000.000) 10/25 00:41:19 Image size of job updated: 349548
	142  -  MemoryUsage of job (MB)
	145032  -  ResidentSetSize of job (KB)
...
006 (646.000.000) 10/25 00:46:00 Image size of job updated: 472656
	84  -  MemoryUsage of job (MB)
	86012  -  ResidentSetSize of job (KB)
...
006 (647.000.000) 10/25 00:46:18 Image size of job updated: 486200
	144  -  MemoryUsage of job (MB)
	146516  -  ResidentSetSize of job (KB)
...
006 (648.000.000) 10/25 00:46:19 Image size of job updated: 447972
	142  -  MemoryUsage of job (MB)
	145032  -  ResidentSetSize of job (KB)
...
006 (646.000.000) 10/25 00:49:31 Image size of job updated: 475992
	84  -  MemoryUsage of job (MB)
	86012  -  ResidentSetSize of job (KB)
...
005 (646.000.000) 10/25 00:49:31 Job terminated.
	(1) Normal termination (return value 0)
		Usr 0 00:08:05, Sys 0 00:00:06  -  Run Remote Usage
		Usr 0 00:00:00, Sys 0 00:00:00  -  Run Local Usage
		Usr 0 00:08:05, Sys 0 00:00:06  -  Total Remote Usage
		Usr 0 00:00:00, Sys 0 00:00:00  -  Total Local Usage
	5269  -  Run Bytes Sent By Job
	3170897  -  Run Bytes Received By Job
	5269  -  Total Bytes Sent By Job
	3170897  -  Total Bytes Received By Job
	Partitionable Resources :    Usage  Request Allocated
	   Cpus                 :                 1         1
	   Disk (KB)            :     6108     3250  27986696
	   Memory (MB)          :       84        1      3764
...
006 (647.000.000) 10/25 00:49:57 Image size of job updated: 491136
	144  -  MemoryUsage of job (MB)
	146516  -  ResidentSetSize of job (KB)
...
005 (647.000.000) 10/25 00:49:58 Job terminated.
	(1) Normal termination (return value 0)
		Usr 0 00:08:17, Sys 0 00:00:09  -  Run Remote Usage
		Usr 0 00:00:00, Sys 0 00:00:00  -  Run Local Usage
		Usr 0 00:08:17, Sys 0 00:00:09  -  Total Remote Usage
		Usr 0 00:00:00, Sys 0 00:00:00  -  Total Local Usage
	379703  -  Run Bytes Sent By Job
	3168620  -  Run Bytes Received By Job
	379703  -  Total Bytes Sent By Job
	3168620  -  Total Bytes Received By Job
	Partitionable Resources :    Usage  Request Allocated
	   Cpus                 :                 1         1
	   Disk (KB)            :   400085     3250  27892568
	   Memory (MB)          :      144        1      3764
...
000 (649.000.000) 10/25 00:50:12 Job submitted from host: <54.183.250.128:60753?addrs=54.183.250.128-60753>
    DAG Node: clean_up_local_level_5_0
    pool:local
...
001 (649.000.000) 10/25 00:50:12 Job executing on host: <54.183.250.128:52043?addrs=54.183.250.128-52043>
...
006 (648.000.000) 10/25 00:50:20 Image size of job updated: 495064
	142  -  MemoryUsage of job (MB)
	145032  -  ResidentSetSize of job (KB)
...
005 (648.000.000) 10/25 00:50:20 Job terminated.
	(1) Normal termination (return value 0)
		Usr 0 00:08:43, Sys 0 00:00:07  -  Run Remote Usage
		Usr 0 00:00:00, Sys 0 00:00:00  -  Run Local Usage
		Usr 0 00:08:43, Sys 0 00:00:07  -  Total Remote Usage
		Usr 0 00:00:00, Sys 0 00:00:00  -  Total Local Usage
	381346  -  Run Bytes Sent By Job
	3168584  -  Run Bytes Received By Job
	381346  -  Total Bytes Sent By Job
	3168584  -  Total Bytes Received By Job
	Partitionable Resources :    Usage  Request Allocated
	   Cpus                 :                 1         1
	   Disk (KB)            :   391569     3250  27987180
	   Memory (MB)          :      142        1      3764
...
005 (649.000.000) 10/25 00:50:20 Job terminated.
	(1) Normal termination (return value 0)
		Usr 0 00:00:00, Sys 0 00:00:00  -  Run Remote Usage
		Usr 0 00:00:00, Sys 0 00:00:00  -  Run Local Usage
		Usr 0 00:00:00, Sys 0 00:00:00  -  Total Remote Usage
		Usr 0 00:00:00, Sys 0 00:00:00  -  Total Local Usage
	0  -  Run Bytes Sent By Job
	0  -  Run Bytes Received By Job
	0  -  Total Bytes Sent By Job
	0  -  Total Bytes Received By Job
...
000 (650.000.000) 10/25 00:50:32 Job submitted from host: <54.183.250.128:60753?addrs=54.183.250.128-60753>
    DAG Node: taskevent_0_ID0000006
    pool:condorpool
...
000 (651.000.000) 10/25 00:50:32 Job submitted from host: <54.183.250.128:60753?addrs=54.183.250.128-60753>
    DAG Node: clean_up_local_level_5_1
    pool:local
...
001 (650.000.000) 10/25 00:50:33 Job executing on host: <54.213.137.64:53987?addrs=54.213.137.64-53987&noUDP>
...
001 (651.000.000) 10/25 00:50:38 Job executing on host: <54.183.250.128:36532?addrs=54.183.250.128-36532>
...
006 (650.000.000) 10/25 00:50:41 Image size of job updated: 490292
	15  -  MemoryUsage of job (MB)
	15272  -  ResidentSetSize of job (KB)
...
005 (651.000.000) 10/25 00:50:42 Job terminated.
	(1) Normal termination (return value 0)
		Usr 0 00:00:00, Sys 0 00:00:00  -  Run Remote Usage
		Usr 0 00:00:00, Sys 0 00:00:00  -  Run Local Usage
		Usr 0 00:00:00, Sys 0 00:00:00  -  Total Remote Usage
		Usr 0 00:00:00, Sys 0 00:00:00  -  Total Local Usage
	0  -  Run Bytes Sent By Job
	0  -  Run Bytes Received By Job
	0  -  Total Bytes Sent By Job
	0  -  Total Bytes Received By Job
...
006 (650.000.000) 10/25 00:55:41 Image size of job updated: 606264
	121  -  MemoryUsage of job (MB)
	123276  -  ResidentSetSize of job (KB)
...
006 (650.000.000) 10/25 01:00:42 Image size of job updated: 741240
	121  -  MemoryUsage of job (MB)
	123276  -  ResidentSetSize of job (KB)
...
006 (650.000.000) 10/25 01:05:42 Image size of job updated: 741588
	121  -  MemoryUsage of job (MB)
	123276  -  ResidentSetSize of job (KB)
...
005 (650.000.000) 10/25 01:06:07 Job terminated.
	(1) Normal termination (return value 0)
		Usr 0 00:08:59, Sys 0 00:00:06  -  Run Remote Usage
		Usr 0 00:00:00, Sys 0 00:00:00  -  Run Local Usage
		Usr 0 00:08:59, Sys 0 00:00:06  -  Total Remote Usage
		Usr 0 00:00:00, Sys 0 00:00:00  -  Total Local Usage
	12513  -  Run Bytes Sent By Job
	3174530  -  Run Bytes Received By Job
	12513  -  Total Bytes Sent By Job
	3174530  -  Total Bytes Received By Job
	Partitionable Resources :    Usage  Request Allocated
	   Cpus                 :                 1         1
	   Disk (KB)            :     6120     3250  27987180
	   Memory (MB)          :      121        1      3764
...
000 (652.000.000) 10/25 01:06:18 Job submitted from host: <54.183.250.128:60753?addrs=54.183.250.128-60753>
    DAG Node: clean_up_local_level_6_0
    pool:local
...
000 (653.000.000) 10/25 01:06:18 Job submitted from host: <54.183.250.128:60753?addrs=54.183.250.128-60753>
    DAG Node: calculateratio_0_ID0000007
    pool:condorpool
...
001 (652.000.000) 10/25 01:06:18 Job executing on host: <54.183.250.128:45953?addrs=54.183.250.128-45953>
...
005 (652.000.000) 10/25 01:06:26 Job terminated.
	(1) Normal termination (return value 0)
		Usr 0 00:00:00, Sys 0 00:00:00  -  Run Remote Usage
		Usr 0 00:00:00, Sys 0 00:00:00  -  Run Local Usage
		Usr 0 00:00:00, Sys 0 00:00:00  -  Total Remote Usage
		Usr 0 00:00:00, Sys 0 00:00:00  -  Total Local Usage
	0  -  Run Bytes Sent By Job
	0  -  Run Bytes Received By Job
	0  -  Total Bytes Sent By Job
	0  -  Total Bytes Received By Job
...
001 (653.000.000) 10/25 01:06:38 Job executing on host: <54.213.51.23:14813?addrs=54.213.51.23-14813&noUDP>
...
006 (653.000.000) 10/25 01:06:46 Image size of job updated: 47984
	2  -  MemoryUsage of job (MB)
	1648  -  ResidentSetSize of job (KB)
...
006 (653.000.000) 10/25 01:11:47 Image size of job updated: 765412
	149  -  MemoryUsage of job (MB)
	151928  -  ResidentSetSize of job (KB)
...
006 (653.000.000) 10/25 01:16:47 Image size of job updated: 765588
	149  -  MemoryUsage of job (MB)
	151928  -  ResidentSetSize of job (KB)
...
005 (653.000.000) 10/25 01:18:33 Job terminated.
	(1) Normal termination (return value 0)
		Usr 0 00:06:55, Sys 0 00:00:14  -  Run Remote Usage
		Usr 0 00:00:00, Sys 0 00:00:00  -  Run Local Usage
		Usr 0 00:06:55, Sys 0 00:00:14  -  Total Remote Usage
		Usr 0 00:00:00, Sys 0 00:00:00  -  Total Local Usage
	360522  -  Run Bytes Sent By Job
	3173260  -  Run Bytes Received By Job
	360522  -  Total Bytes Sent By Job
	3173260  -  Total Bytes Received By Job
	Partitionable Resources :    Usage  Request Allocated
	   Cpus                 :                 1         1
	   Disk (KB)            :     6459     3250  27986632
	   Memory (MB)          :      149        1      3764
...
000 (654.000.000) 10/25 01:18:44 Job submitted from host: <54.183.250.128:60753?addrs=54.183.250.128-60753>
    DAG Node: clean_up_local_level_7_0
    pool:local
...
001 (654.000.000) 10/25 01:18:44 Job executing on host: <54.183.250.128:21583?addrs=54.183.250.128-21583>
...
000 (655.000.000) 10/25 01:18:44 Job submitted from host: <54.183.250.128:60753?addrs=54.183.250.128-60753>
    DAG Node: averageratioevent_0_ID0000008
    pool:condorpool
...
001 (655.000.000) 10/25 01:18:44 Job executing on host: <54.213.51.23:14813?addrs=54.213.51.23-14813&noUDP>
...
005 (654.000.000) 10/25 01:18:52 Job terminated.
	(1) Normal termination (return value 0)
		Usr 0 00:00:00, Sys 0 00:00:00  -  Run Remote Usage
		Usr 0 00:00:00, Sys 0 00:00:00  -  Run Local Usage
		Usr 0 00:00:00, Sys 0 00:00:00  -  Total Remote Usage
		Usr 0 00:00:00, Sys 0 00:00:00  -  Total Local Usage
	0  -  Run Bytes Sent By Job
	0  -  Run Bytes Received By Job
	0  -  Total Bytes Sent By Job
	0  -  Total Bytes Received By Job
...
006 (655.000.000) 10/25 01:18:54 Image size of job updated: 2
	2  -  MemoryUsage of job (MB)
	1652  -  ResidentSetSize of job (KB)
...
006 (655.000.000) 10/25 01:19:49 Image size of job updated: 346480
	2  -  MemoryUsage of job (MB)
	1652  -  ResidentSetSize of job (KB)
...
005 (655.000.000) 10/25 01:19:50 Job terminated.
	(1) Normal termination (return value 0)
		Usr 0 00:00:50, Sys 0 00:00:00  -  Run Remote Usage
		Usr 0 00:00:00, Sys 0 00:00:00  -  Run Local Usage
		Usr 0 00:00:50, Sys 0 00:00:00  -  Total Remote Usage
		Usr 0 00:00:00, Sys 0 00:00:00  -  Total Local Usage
	266684  -  Run Bytes Sent By Job
	3169520  -  Run Bytes Received By Job
	266684  -  Total Bytes Sent By Job
	3169520  -  Total Bytes Received By Job
	Partitionable Resources :    Usage  Request Allocated
	   Cpus                 :                 1         1
	   Disk (KB)            :     7186     3250  27986632
	   Memory (MB)          :        2        1      3764
...
000 (656.000.000) 10/25 01:20:04 Job submitted from host: <54.183.250.128:60753?addrs=54.183.250.128-60753>
    DAG Node: clean_up_local_level_8_0
    pool:local
...
000 (657.000.000) 10/25 01:20:05 Job submitted from host: <54.183.250.128:60753?addrs=54.183.250.128-60753>
    DAG Node: analysisevent_0_ID0000009
    pool:condorpool
...
001 (656.000.000) 10/25 01:20:05 Job executing on host: <54.183.250.128:41257?addrs=54.183.250.128-41257>
...
001 (657.000.000) 10/25 01:20:05 Job executing on host: <54.213.51.23:14813?addrs=54.213.51.23-14813&noUDP>
...
006 (657.000.000) 10/25 01:20:06 Image size of job updated: 2
	0  -  MemoryUsage of job (MB)
	0  -  ResidentSetSize of job (KB)
...
005 (657.000.000) 10/25 01:20:06 Job terminated.
	(1) Normal termination (return value 0)
		Usr 0 00:00:00, Sys 0 00:00:00  -  Run Remote Usage
		Usr 0 00:00:00, Sys 0 00:00:00  -  Run Local Usage
		Usr 0 00:00:00, Sys 0 00:00:00  -  Total Remote Usage
		Usr 0 00:00:00, Sys 0 00:00:00  -  Total Local Usage
	5060  -  Run Bytes Sent By Job
	3169007  -  Run Bytes Received By Job
	5060  -  Total Bytes Sent By Job
	3169007  -  Total Bytes Received By Job
	Partitionable Resources :    Usage  Request Allocated
	   Cpus                 :                 1         1
	   Disk (KB)            :     6106     3250  27986632
	   Memory (MB)          :        0        1      3764
...
005 (656.000.000) 10/25 01:20:09 Job terminated.
	(1) Normal termination (return value 0)
		Usr 0 00:00:00, Sys 0 00:00:00  -  Run Remote Usage
		Usr 0 00:00:00, Sys 0 00:00:00  -  Run Local Usage
		Usr 0 00:00:00, Sys 0 00:00:00  -  Total Remote Usage
		Usr 0 00:00:00, Sys 0 00:00:00  -  Total Local Usage
	0  -  Run Bytes Sent By Job
	0  -  Run Bytes Received By Job
	0  -  Total Bytes Sent By Job
	0  -  Total Bytes Received By Job
...
000 (658.000.000) 10/25 01:20:20 Job submitted from host: <54.183.250.128:60753?addrs=54.183.250.128-60753>
    DAG Node: terminate_0_ID0000010
    pool:condorpool
...
000 (659.000.000) 10/25 01:20:20 Job submitted from host: <54.183.250.128:60753?addrs=54.183.250.128-60753>
    DAG Node: clean_up_local_level_9_0
    pool:local
...
001 (658.000.000) 10/25 01:20:20 Job executing on host: <54.213.51.23:14813?addrs=54.213.51.23-14813&noUDP>
...
006 (658.000.000) 10/25 01:20:21 Image size of job updated: 2
	0  -  MemoryUsage of job (MB)
	0  -  ResidentSetSize of job (KB)
...
005 (658.000.000) 10/25 01:20:22 Job terminated.
	(1) Normal termination (return value 0)
		Usr 0 00:00:00, Sys 0 00:00:00  -  Run Remote Usage
		Usr 0 00:00:00, Sys 0 00:00:00  -  Run Local Usage
		Usr 0 00:00:00, Sys 0 00:00:00  -  Total Remote Usage
		Usr 0 00:00:00, Sys 0 00:00:00  -  Total Local Usage
	4448  -  Run Bytes Sent By Job
	3167466  -  Run Bytes Received By Job
	4448  -  Total Bytes Sent By Job
	3167466  -  Total Bytes Received By Job
	Partitionable Resources :    Usage  Request Allocated
	   Cpus                 :                 1         1
	   Disk (KB)            :     6103     3250  27986632
	   Memory (MB)          :        0        1      3764
...
001 (659.000.000) 10/25 01:20:25 Job executing on host: <54.183.250.128:46076?addrs=54.183.250.128-46076>
...
005 (659.000.000) 10/25 01:20:29 Job terminated.
	(1) Normal termination (return value 0)
		Usr 0 00:00:00, Sys 0 00:00:00  -  Run Remote Usage
		Usr 0 00:00:00, Sys 0 00:00:00  -  Run Local Usage
		Usr 0 00:00:00, Sys 0 00:00:00  -  Total Remote Usage
		Usr 0 00:00:00, Sys 0 00:00:00  -  Total Local Usage
	0  -  Run Bytes Sent By Job
	0  -  Run Bytes Received By Job
	0  -  Total Bytes Sent By Job
	0  -  Total Bytes Received By Job
...
000 (660.000.000) 10/25 01:20:35 Job submitted from host: <54.183.250.128:60753?addrs=54.183.250.128-60753>
    DAG Node: clean_up_local_level_10_0
    pool:local
...
001 (660.000.000) 10/25 01:20:35 Job executing on host: <54.183.250.128:51558?addrs=54.183.250.128-51558>
...
005 (660.000.000) 10/25 01:20:38 Job terminated.
	(1) Normal termination (return value 0)
		Usr 0 00:00:00, Sys 0 00:00:00  -  Run Remote Usage
		Usr 0 00:00:00, Sys 0 00:00:00  -  Run Local Usage
		Usr 0 00:00:00, Sys 0 00:00:00  -  Total Remote Usage
		Usr 0 00:00:00, Sys 0 00:00:00  -  Total Local Usage
	0  -  Run Bytes Sent By Job
	0  -  Run Bytes Received By Job
	0  -  Total Bytes Sent By Job
	0  -  Total Bytes Received By Job
...
000 (661.000.000) 10/25 01:20:50 Job submitted from host: <54.183.250.128:60753?addrs=54.183.250.128-60753>
    DAG Node: cleanup_example_workflow_0_local
    pool:local
...
001 (661.000.000) 10/25 01:20:50 Job executing on host: <54.183.250.128:26479?addrs=54.183.250.128-26479>
...
005 (661.000.000) 10/25 01:20:52 Job terminated.
	(1) Normal termination (return value 0)
		Usr 0 00:00:00, Sys 0 00:00:00  -  Run Remote Usage
		Usr 0 00:00:00, Sys 0 00:00:00  -  Run Local Usage
		Usr 0 00:00:00, Sys 0 00:00:00  -  Total Remote Usage
		Usr 0 00:00:00, Sys 0 00:00:00  -  Total Local Usage
	0  -  Run Bytes Sent By Job
	0  -  Run Bytes Received By Job
	0  -  Total Bytes Sent By Job
	0  -  Total Bytes Received By Job
...
