2016-11-06 16:00:08,008:INFO:pegasus-monitord(68): pegasus-monitord starting - pid 17916 
2016-11-06 16:00:08,028:INFO:pegasus-monitord(319): Final Command line options are: ['-N', 'example_workflow-0.dag.dagman.out']
Created Pegasus database in: sqlite:////home/ubuntu/0_experiments/4-mongodb-3sh-3rp-small/2-secondary-wmajority/9_2_workflow_full_10files_secondary_with_cons_nosh_nors_noannot_with_proj_3s/dags/ubuntu/pegasus/example_workflow/20161106T160002+0000/example_workflow-0.stampede.db
2016-11-06 16:00:08,419:INFO:Pegasus.monitoring.event_output(315): output type=DB namespace=stampede. name=sqlite:////home/ubuntu/0_experiments/4-mongodb-3sh-3rp-small/2-secondary-wmajority/9_2_workflow_full_10files_secondary_with_cons_nosh_nors_noannot_with_proj_3s/dags/ubuntu/pegasus/example_workflow/20161106T160002+0000/example_workflow-0.stampede.db
2016-11-06 16:00:08,483:INFO:Pegasus.monitoring.event_output(315): output type=DB namespace=dashboard. name=sqlite:////home/ubuntu/.pegasus/workflow.db
2016-11-06 16:00:08,483:INFO:pegasus-monitord(1010): monitord started in fast start mode
2016-11-06 16:00:08,491:INFO:Pegasus.monitoring.workflow(360): cannot open state file /home/ubuntu/0_experiments/4-mongodb-3sh-3rp-small/2-secondary-wmajority/9_2_workflow_full_10files_secondary_with_cons_nosh_nors_noannot_with_proj_3s/dags/ubuntu/pegasus/example_workflow/20161106T160002+0000/monitord.info, continuing without state...
2016-11-06 16:00:08,491:INFO:Pegasus.monitoring.workflow(937): creating new file /home/ubuntu/0_experiments/4-mongodb-3sh-3rp-small/2-secondary-wmajority/9_2_workflow_full_10files_secondary_with_cons_nosh_nors_noannot_with_proj_3s/dags/ubuntu/pegasus/example_workflow/20161106T160002+0000/jobstate.log
2016-11-06 16:00:08,491:INFO:Pegasus.monitoring.workflow(945): Appending to exisitng jobstate.log replay_mode 0 previous_processed_line 0
2016-11-06 16:00:08,491:INFO:Pegasus.monitoring.notifications(394): loading notifications from /home/ubuntu/0_experiments/4-mongodb-3sh-3rp-small/2-secondary-wmajority/9_2_workflow_full_10files_secondary_with_cons_nosh_nors_noannot_with_proj_3s/dags/ubuntu/pegasus/example_workflow/20161106T160002+0000/example_workflow-0.notify
2016-11-06 16:00:08,709:INFO:pegasus-monitord(773): Using DAGMan version 8.4.8 80408
2016-11-06 16:00:08,709:INFO:pegasus-monitord(753): DAGMan runs at pid 17915
2016-11-06 16:00:08,711:INFO:pegasus-monitord(759): using dag example_workflow-0.dag
2016-11-06 16:00:08,712:INFO:Pegasus.monitoring.workflow(675): DAGMan starting with condor id 1407.0
2016-11-06 16:58:22,666:INFO:pegasus-monitord(733): DAGMan example_workflow-0.dag finished with exit code 0
2016-11-06 16:58:23,677:INFO:pegasus-monitord(1169): workflow /home/ubuntu/0_experiments/4-mongodb-3sh-3rp-small/2-secondary-wmajority/9_2_workflow_full_10files_secondary_with_cons_nosh_nors_noannot_with_proj_3s/dags/ubuntu/pegasus/example_workflow/20161106T160002+0000/example_workflow-0.dag.dagman.out ended
2016-11-06 16:58:23,677:INFO:Pegasus.monitoring.workflow(1111): recovery file deleted: /home/ubuntu/0_experiments/4-mongodb-3sh-3rp-small/2-secondary-wmajority/9_2_workflow_full_10files_secondary_with_cons_nosh_nors_noannot_with_proj_3s/dags/ubuntu/pegasus/example_workflow/20161106T160002+0000/monitord.recover
2016-11-06 16:58:23,677:INFO:pegasus-monitord(1343): finishing workflow: /home/ubuntu/0_experiments/4-mongodb-3sh-3rp-small/2-secondary-wmajority/9_2_workflow_full_10files_secondary_with_cons_nosh_nors_noannot_with_proj_3s/dags/ubuntu/pegasus/example_workflow/20161106T160002+0000/example_workflow-0.dag.dagman.out
2016-11-06 16:58:23,677:INFO:pegasus-monitord(1395): finishing notifications...
2016-11-06 16:58:23,677:INFO:pegasus-monitord(1400): monitord process 17916 exiting with 0
2016-11-06 16:58:23,678:INFO:pegasus-monitord(182): DB flushing beginning
2016-11-06 16:58:23,678:INFO:Pegasus.db.workflow_loader.WorkflowLoader(1052): Executing final flush
2016-11-06 16:58:23,710:INFO:Pegasus.db.dashboard_loader.DashboardLoader(343): Executing final flush
2016-11-06 16:58:23,710:INFO:pegasus-monitord(196): DB flushing ended
