000 (9096.000.000) 01/03 17:31:39 Job submitted from host: <54.193.83.104:5821?addrs=54.193.83.104-5821>
    DAG Node: create_dir_example_workflow_0_local
    pool:local
...
001 (9096.000.000) 01/03 17:31:40 Job executing on host: <54.193.83.104:62515?addrs=54.193.83.104-62515>
...
005 (9096.000.000) 01/03 17:31:42 Job terminated.
	(1) Normal termination (return value 0)
		Usr 0 00:00:00, Sys 0 00:00:00  -  Run Remote Usage
		Usr 0 00:00:00, Sys 0 00:00:00  -  Run Local Usage
		Usr 0 00:00:00, Sys 0 00:00:00  -  Total Remote Usage
		Usr 0 00:00:00, Sys 0 00:00:00  -  Total Local Usage
	0  -  Run Bytes Sent By Job
	0  -  Run Bytes Received By Job
	0  -  Total Bytes Sent By Job
	0  -  Total Bytes Received By Job
...
016 (9096.000.000) 01/03 17:31:44 POST Script terminated.
	(1) Normal termination (return value 0)
    DAG Node: create_dir_example_workflow_0_local
...
000 (9097.000.000) 01/03 17:31:54 Job submitted from host: <54.193.83.104:5821?addrs=54.193.83.104-5821>
    DAG Node: stage_in_local_local_0_0
    pool:local
...
001 (9097.000.000) 01/03 17:31:54 Job executing on host: <54.193.83.104:40650?addrs=54.193.83.104-40650>
...
000 (9098.000.000) 01/03 17:31:54 Job submitted from host: <54.193.83.104:5821?addrs=54.193.83.104-5821>
    DAG Node: stage_in_local_local_6_0
    pool:local
...
000 (9099.000.000) 01/03 17:31:54 Job submitted from host: <54.193.83.104:5821?addrs=54.193.83.104-5821>
    DAG Node: stage_in_remote_local_2_1
    pool:local
...
000 (9100.000.000) 01/03 17:31:54 Job submitted from host: <54.193.83.104:5821?addrs=54.193.83.104-5821>
    DAG Node: stage_in_remote_local_5_0
    pool:local
...
000 (9101.000.000) 01/03 17:31:54 Job submitted from host: <54.193.83.104:5821?addrs=54.193.83.104-5821>
    DAG Node: stage_in_local_local_2_0
    pool:local
...
005 (9097.000.000) 01/03 17:31:56 Job terminated.
	(1) Normal termination (return value 0)
		Usr 0 00:00:00, Sys 0 00:00:00  -  Run Remote Usage
		Usr 0 00:00:00, Sys 0 00:00:00  -  Run Local Usage
		Usr 0 00:00:00, Sys 0 00:00:00  -  Total Remote Usage
		Usr 0 00:00:00, Sys 0 00:00:00  -  Total Local Usage
	0  -  Run Bytes Sent By Job
	0  -  Run Bytes Received By Job
	0  -  Total Bytes Sent By Job
	0  -  Total Bytes Received By Job
...
001 (9098.000.000) 01/03 17:31:56 Job executing on host: <54.193.83.104:63648?addrs=54.193.83.104-63648>
...
001 (9101.000.000) 01/03 17:31:57 Job executing on host: <54.193.83.104:24290?addrs=54.193.83.104-24290>
...
001 (9100.000.000) 01/03 17:31:57 Job executing on host: <54.193.83.104:18815?addrs=54.193.83.104-18815>
...
001 (9099.000.000) 01/03 17:31:57 Job executing on host: <54.193.83.104:17458?addrs=54.193.83.104-17458>
...
005 (9100.000.000) 01/03 17:31:59 Job terminated.
	(1) Normal termination (return value 0)
		Usr 0 00:00:00, Sys 0 00:00:00  -  Run Remote Usage
		Usr 0 00:00:00, Sys 0 00:00:00  -  Run Local Usage
		Usr 0 00:00:00, Sys 0 00:00:00  -  Total Remote Usage
		Usr 0 00:00:00, Sys 0 00:00:00  -  Total Local Usage
	0  -  Run Bytes Sent By Job
	0  -  Run Bytes Received By Job
	0  -  Total Bytes Sent By Job
	0  -  Total Bytes Received By Job
...
005 (9098.000.000) 01/03 17:31:59 Job terminated.
	(1) Normal termination (return value 0)
		Usr 0 00:00:00, Sys 0 00:00:00  -  Run Remote Usage
		Usr 0 00:00:00, Sys 0 00:00:00  -  Run Local Usage
		Usr 0 00:00:00, Sys 0 00:00:00  -  Total Remote Usage
		Usr 0 00:00:00, Sys 0 00:00:00  -  Total Local Usage
	0  -  Run Bytes Sent By Job
	0  -  Run Bytes Received By Job
	0  -  Total Bytes Sent By Job
	0  -  Total Bytes Received By Job
...
005 (9099.000.000) 01/03 17:31:59 Job terminated.
	(1) Normal termination (return value 0)
		Usr 0 00:00:00, Sys 0 00:00:00  -  Run Remote Usage
		Usr 0 00:00:00, Sys 0 00:00:00  -  Run Local Usage
		Usr 0 00:00:00, Sys 0 00:00:00  -  Total Remote Usage
		Usr 0 00:00:00, Sys 0 00:00:00  -  Total Local Usage
	0  -  Run Bytes Sent By Job
	0  -  Run Bytes Received By Job
	0  -  Total Bytes Sent By Job
	0  -  Total Bytes Received By Job
...
000 (9102.000.000) 01/03 17:31:59 Job submitted from host: <54.193.83.104:5821?addrs=54.193.83.104-5821>
    DAG Node: stage_in_local_local_2_1
    pool:local
...
001 (9102.000.000) 01/03 17:31:59 Job executing on host: <54.193.83.104:15274?addrs=54.193.83.104-15274>
...
000 (9103.000.000) 01/03 17:31:59 Job submitted from host: <54.193.83.104:5821?addrs=54.193.83.104-5821>
    DAG Node: stage_in_remote_local_1_0
    pool:local
...
001 (9103.000.000) 01/03 17:32:00 Job executing on host: <54.193.83.104:25832?addrs=54.193.83.104-25832>
...
000 (9104.000.000) 01/03 17:32:00 Job submitted from host: <54.193.83.104:5821?addrs=54.193.83.104-5821>
    DAG Node: stage_in_local_local_3_0
    pool:local
...
000 (9105.000.000) 01/03 17:32:00 Job submitted from host: <54.193.83.104:5821?addrs=54.193.83.104-5821>
    DAG Node: stage_in_local_local_5_0
    pool:local
...
000 (9106.000.000) 01/03 17:32:00 Job submitted from host: <54.193.83.104:5821?addrs=54.193.83.104-5821>
    DAG Node: stage_in_local_local_4_0
    pool:local
...
016 (9098.000.000) 01/03 17:32:01 POST Script terminated.
	(1) Normal termination (return value 0)
    DAG Node: stage_in_local_local_6_0
...
016 (9099.000.000) 01/03 17:32:01 POST Script terminated.
	(1) Normal termination (return value 0)
    DAG Node: stage_in_remote_local_2_1
...
016 (9097.000.000) 01/03 17:32:01 POST Script terminated.
	(1) Normal termination (return value 0)
    DAG Node: stage_in_local_local_0_0
...
016 (9100.000.000) 01/03 17:32:01 POST Script terminated.
	(1) Normal termination (return value 0)
    DAG Node: stage_in_remote_local_5_0
...
005 (9101.000.000) 01/03 17:32:01 Job terminated.
	(1) Normal termination (return value 0)
		Usr 0 00:00:00, Sys 0 00:00:00  -  Run Remote Usage
		Usr 0 00:00:00, Sys 0 00:00:00  -  Run Local Usage
		Usr 0 00:00:00, Sys 0 00:00:00  -  Total Remote Usage
		Usr 0 00:00:00, Sys 0 00:00:00  -  Total Local Usage
	0  -  Run Bytes Sent By Job
	0  -  Run Bytes Received By Job
	0  -  Total Bytes Sent By Job
	0  -  Total Bytes Received By Job
...
001 (9104.000.000) 01/03 17:32:01 Job executing on host: <54.193.83.104:20194?addrs=54.193.83.104-20194>
...
001 (9106.000.000) 01/03 17:32:01 Job executing on host: <54.193.83.104:11818?addrs=54.193.83.104-11818>
...
001 (9105.000.000) 01/03 17:32:01 Job executing on host: <54.193.83.104:27357?addrs=54.193.83.104-27357>
...
005 (9102.000.000) 01/03 17:32:02 Job terminated.
	(1) Normal termination (return value 0)
		Usr 0 00:00:00, Sys 0 00:00:00  -  Run Remote Usage
		Usr 0 00:00:00, Sys 0 00:00:00  -  Run Local Usage
		Usr 0 00:00:00, Sys 0 00:00:00  -  Total Remote Usage
		Usr 0 00:00:00, Sys 0 00:00:00  -  Total Local Usage
	0  -  Run Bytes Sent By Job
	0  -  Run Bytes Received By Job
	0  -  Total Bytes Sent By Job
	0  -  Total Bytes Received By Job
...
005 (9103.000.000) 01/03 17:32:02 Job terminated.
	(1) Normal termination (return value 0)
		Usr 0 00:00:00, Sys 0 00:00:00  -  Run Remote Usage
		Usr 0 00:00:00, Sys 0 00:00:00  -  Run Local Usage
		Usr 0 00:00:00, Sys 0 00:00:00  -  Total Remote Usage
		Usr 0 00:00:00, Sys 0 00:00:00  -  Total Local Usage
	0  -  Run Bytes Sent By Job
	0  -  Run Bytes Received By Job
	0  -  Total Bytes Sent By Job
	0  -  Total Bytes Received By Job
...
005 (9104.000.000) 01/03 17:32:04 Job terminated.
	(1) Normal termination (return value 0)
		Usr 0 00:00:00, Sys 0 00:00:00  -  Run Remote Usage
		Usr 0 00:00:00, Sys 0 00:00:00  -  Run Local Usage
		Usr 0 00:00:00, Sys 0 00:00:00  -  Total Remote Usage
		Usr 0 00:00:00, Sys 0 00:00:00  -  Total Local Usage
	0  -  Run Bytes Sent By Job
	0  -  Run Bytes Received By Job
	0  -  Total Bytes Sent By Job
	0  -  Total Bytes Received By Job
...
005 (9106.000.000) 01/03 17:32:04 Job terminated.
	(1) Normal termination (return value 0)
		Usr 0 00:00:00, Sys 0 00:00:00  -  Run Remote Usage
		Usr 0 00:00:00, Sys 0 00:00:00  -  Run Local Usage
		Usr 0 00:00:00, Sys 0 00:00:00  -  Total Remote Usage
		Usr 0 00:00:00, Sys 0 00:00:00  -  Total Local Usage
	0  -  Run Bytes Sent By Job
	0  -  Run Bytes Received By Job
	0  -  Total Bytes Sent By Job
	0  -  Total Bytes Received By Job
...
005 (9105.000.000) 01/03 17:32:04 Job terminated.
	(1) Normal termination (return value 0)
		Usr 0 00:00:00, Sys 0 00:00:00  -  Run Remote Usage
		Usr 0 00:00:00, Sys 0 00:00:00  -  Run Local Usage
		Usr 0 00:00:00, Sys 0 00:00:00  -  Total Remote Usage
		Usr 0 00:00:00, Sys 0 00:00:00  -  Total Local Usage
	0  -  Run Bytes Sent By Job
	0  -  Run Bytes Received By Job
	0  -  Total Bytes Sent By Job
	0  -  Total Bytes Received By Job
...
000 (9107.000.000) 01/03 17:32:05 Job submitted from host: <54.193.83.104:5821?addrs=54.193.83.104-5821>
    DAG Node: stage_in_local_local_7_0
    pool:local
...
000 (9108.000.000) 01/03 17:32:05 Job submitted from host: <54.193.83.104:5821?addrs=54.193.83.104-5821>
    DAG Node: stage_in_local_local_1_0
    pool:local
...
000 (9109.000.000) 01/03 17:32:05 Job submitted from host: <54.193.83.104:5821?addrs=54.193.83.104-5821>
    DAG Node: stage_in_remote_local_4_1
    pool:local
...
000 (9110.000.000) 01/03 17:32:05 Job submitted from host: <54.193.83.104:5821?addrs=54.193.83.104-5821>
    DAG Node: stage_in_remote_local_4_0
    pool:local
...
000 (9111.000.000) 01/03 17:32:05 Job submitted from host: <54.193.83.104:5821?addrs=54.193.83.104-5821>
    DAG Node: stage_in_remote_local_2_0
    pool:local
...
016 (9102.000.000) 01/03 17:32:06 POST Script terminated.
	(1) Normal termination (return value 0)
    DAG Node: stage_in_local_local_2_1
...
016 (9106.000.000) 01/03 17:32:06 POST Script terminated.
	(1) Normal termination (return value 0)
    DAG Node: stage_in_local_local_4_0
...
016 (9105.000.000) 01/03 17:32:06 POST Script terminated.
	(1) Normal termination (return value 0)
    DAG Node: stage_in_local_local_5_0
...
016 (9104.000.000) 01/03 17:32:06 POST Script terminated.
	(1) Normal termination (return value 0)
    DAG Node: stage_in_local_local_3_0
...
016 (9103.000.000) 01/03 17:32:06 POST Script terminated.
	(1) Normal termination (return value 0)
    DAG Node: stage_in_remote_local_1_0
...
016 (9101.000.000) 01/03 17:32:06 POST Script terminated.
	(1) Normal termination (return value 0)
    DAG Node: stage_in_local_local_2_0
...
001 (9107.000.000) 01/03 17:32:10 Job executing on host: <54.193.83.104:58783?addrs=54.193.83.104-58783>
...
001 (9110.000.000) 01/03 17:32:10 Job executing on host: <54.193.83.104:48450?addrs=54.193.83.104-48450>
...
001 (9108.000.000) 01/03 17:32:10 Job executing on host: <54.193.83.104:3859?addrs=54.193.83.104-3859>
...
001 (9109.000.000) 01/03 17:32:10 Job executing on host: <54.193.83.104:1137?addrs=54.193.83.104-1137>
...
001 (9111.000.000) 01/03 17:32:10 Job executing on host: <54.193.83.104:45150?addrs=54.193.83.104-45150>
...
000 (9112.000.000) 01/03 17:32:10 Job submitted from host: <54.193.83.104:5821?addrs=54.193.83.104-5821>
    DAG Node: stage_in_remote_local_3_1
    pool:local
...
000 (9113.000.000) 01/03 17:32:10 Job submitted from host: <54.193.83.104:5821?addrs=54.193.83.104-5821>
    DAG Node: stage_in_remote_local_3_0
    pool:local
...
000 (9114.000.000) 01/03 17:32:11 Job submitted from host: <54.193.83.104:5821?addrs=54.193.83.104-5821>
    DAG Node: stage_in_remote_local_6_0
    pool:local
...
000 (9115.000.000) 01/03 17:32:11 Job submitted from host: <54.193.83.104:5821?addrs=54.193.83.104-5821>
    DAG Node: init_0_ID0000001
    pool:condorpool
...
005 (9109.000.000) 01/03 17:32:13 Job terminated.
	(1) Normal termination (return value 0)
		Usr 0 00:00:00, Sys 0 00:00:00  -  Run Remote Usage
		Usr 0 00:00:00, Sys 0 00:00:00  -  Run Local Usage
		Usr 0 00:00:00, Sys 0 00:00:00  -  Total Remote Usage
		Usr 0 00:00:00, Sys 0 00:00:00  -  Total Local Usage
	0  -  Run Bytes Sent By Job
	0  -  Run Bytes Received By Job
	0  -  Total Bytes Sent By Job
	0  -  Total Bytes Received By Job
...
001 (9113.000.000) 01/03 17:32:13 Job executing on host: <54.193.83.104:53702?addrs=54.193.83.104-53702>
...
005 (9107.000.000) 01/03 17:32:13 Job terminated.
	(1) Normal termination (return value 0)
		Usr 0 00:00:00, Sys 0 00:00:00  -  Run Remote Usage
		Usr 0 00:00:00, Sys 0 00:00:00  -  Run Local Usage
		Usr 0 00:00:00, Sys 0 00:00:00  -  Total Remote Usage
		Usr 0 00:00:00, Sys 0 00:00:00  -  Total Local Usage
	0  -  Run Bytes Sent By Job
	0  -  Run Bytes Received By Job
	0  -  Total Bytes Sent By Job
	0  -  Total Bytes Received By Job
...
001 (9114.000.000) 01/03 17:32:13 Job executing on host: <54.193.83.104:9814?addrs=54.193.83.104-9814>
...
005 (9108.000.000) 01/03 17:32:13 Job terminated.
	(1) Normal termination (return value 0)
		Usr 0 00:00:00, Sys 0 00:00:00  -  Run Remote Usage
		Usr 0 00:00:00, Sys 0 00:00:00  -  Run Local Usage
		Usr 0 00:00:00, Sys 0 00:00:00  -  Total Remote Usage
		Usr 0 00:00:00, Sys 0 00:00:00  -  Total Local Usage
	0  -  Run Bytes Sent By Job
	0  -  Run Bytes Received By Job
	0  -  Total Bytes Sent By Job
	0  -  Total Bytes Received By Job
...
001 (9112.000.000) 01/03 17:32:13 Job executing on host: <54.193.83.104:20396?addrs=54.193.83.104-20396>
...
005 (9110.000.000) 01/03 17:32:15 Job terminated.
	(1) Normal termination (return value 0)
		Usr 0 00:00:00, Sys 0 00:00:00  -  Run Remote Usage
		Usr 0 00:00:00, Sys 0 00:00:00  -  Run Local Usage
		Usr 0 00:00:00, Sys 0 00:00:00  -  Total Remote Usage
		Usr 0 00:00:00, Sys 0 00:00:00  -  Total Local Usage
	0  -  Run Bytes Sent By Job
	0  -  Run Bytes Received By Job
	0  -  Total Bytes Sent By Job
	0  -  Total Bytes Received By Job
...
005 (9111.000.000) 01/03 17:32:15 Job terminated.
	(1) Normal termination (return value 0)
		Usr 0 00:00:00, Sys 0 00:00:00  -  Run Remote Usage
		Usr 0 00:00:00, Sys 0 00:00:00  -  Run Local Usage
		Usr 0 00:00:00, Sys 0 00:00:00  -  Total Remote Usage
		Usr 0 00:00:00, Sys 0 00:00:00  -  Total Local Usage
	0  -  Run Bytes Sent By Job
	0  -  Run Bytes Received By Job
	0  -  Total Bytes Sent By Job
	0  -  Total Bytes Received By Job
...
005 (9114.000.000) 01/03 17:32:16 Job terminated.
	(1) Normal termination (return value 0)
		Usr 0 00:00:00, Sys 0 00:00:00  -  Run Remote Usage
		Usr 0 00:00:00, Sys 0 00:00:00  -  Run Local Usage
		Usr 0 00:00:00, Sys 0 00:00:00  -  Total Remote Usage
		Usr 0 00:00:00, Sys 0 00:00:00  -  Total Local Usage
	0  -  Run Bytes Sent By Job
	0  -  Run Bytes Received By Job
	0  -  Total Bytes Sent By Job
	0  -  Total Bytes Received By Job
...
005 (9112.000.000) 01/03 17:32:16 Job terminated.
	(1) Normal termination (return value 0)
		Usr 0 00:00:00, Sys 0 00:00:00  -  Run Remote Usage
		Usr 0 00:00:00, Sys 0 00:00:00  -  Run Local Usage
		Usr 0 00:00:00, Sys 0 00:00:00  -  Total Remote Usage
		Usr 0 00:00:00, Sys 0 00:00:00  -  Total Local Usage
	0  -  Run Bytes Sent By Job
	0  -  Run Bytes Received By Job
	0  -  Total Bytes Sent By Job
	0  -  Total Bytes Received By Job
...
005 (9113.000.000) 01/03 17:32:18 Job terminated.
	(1) Normal termination (return value 0)
		Usr 0 00:00:00, Sys 0 00:00:00  -  Run Remote Usage
		Usr 0 00:00:00, Sys 0 00:00:00  -  Run Local Usage
		Usr 0 00:00:00, Sys 0 00:00:00  -  Total Remote Usage
		Usr 0 00:00:00, Sys 0 00:00:00  -  Total Local Usage
	0  -  Run Bytes Sent By Job
	0  -  Run Bytes Received By Job
	0  -  Total Bytes Sent By Job
	0  -  Total Bytes Received By Job
...
016 (9109.000.000) 01/03 17:32:32 POST Script terminated.
	(1) Normal termination (return value 0)
    DAG Node: stage_in_remote_local_4_1
...
016 (9107.000.000) 01/03 17:32:32 POST Script terminated.
	(1) Normal termination (return value 0)
    DAG Node: stage_in_local_local_7_0
...
016 (9108.000.000) 01/03 17:32:32 POST Script terminated.
	(1) Normal termination (return value 0)
    DAG Node: stage_in_local_local_1_0
...
016 (9110.000.000) 01/03 17:32:32 POST Script terminated.
	(1) Normal termination (return value 0)
    DAG Node: stage_in_remote_local_4_0
...
016 (9111.000.000) 01/03 17:32:32 POST Script terminated.
	(1) Normal termination (return value 0)
    DAG Node: stage_in_remote_local_2_0
...
016 (9114.000.000) 01/03 17:32:32 POST Script terminated.
	(1) Normal termination (return value 0)
    DAG Node: stage_in_remote_local_6_0
...
016 (9112.000.000) 01/03 17:32:32 POST Script terminated.
	(1) Normal termination (return value 0)
    DAG Node: stage_in_remote_local_3_1
...
016 (9113.000.000) 01/03 17:32:37 POST Script terminated.
	(1) Normal termination (return value 0)
    DAG Node: stage_in_remote_local_3_0
...
001 (9115.000.000) 01/03 17:32:53 Job executing on host: <54.202.158.246:65010?addrs=54.202.158.246-65010&noUDP>
...
005 (9115.000.000) 01/03 17:37:31 Job terminated.
	(1) Normal termination (return value 0)
		Usr 0 00:00:00, Sys 0 00:00:00  -  Run Remote Usage
		Usr 0 00:00:00, Sys 0 00:00:00  -  Run Local Usage
		Usr 0 00:00:00, Sys 0 00:00:00  -  Total Remote Usage
		Usr 0 00:00:00, Sys 0 00:00:00  -  Total Local Usage
	4450  -  Run Bytes Sent By Job
	3170148  -  Run Bytes Received By Job
	4450  -  Total Bytes Sent By Job
	3170148  -  Total Bytes Received By Job
	Partitionable Resources :    Usage  Request Allocated
	   Cpus                 :                 1         1
	   Disk (KB)            :     6106     3250  27753532
	   Memory (MB)          :        2        1      3764
...
016 (9115.000.000) 01/03 17:37:33 POST Script terminated.
	(1) Normal termination (return value 0)
    DAG Node: init_0_ID0000001
...
000 (9116.000.000) 01/03 17:37:43 Job submitted from host: <54.193.83.104:5821?addrs=54.193.83.104-5821>
    DAG Node: clean_up_local_level_3_0
    pool:local
...
001 (9116.000.000) 01/03 17:37:43 Job executing on host: <54.193.83.104:30629?addrs=54.193.83.104-30629>
...
000 (9117.000.000) 01/03 17:37:43 Job submitted from host: <54.193.83.104:5821?addrs=54.193.83.104-5821>
    DAG Node: generalinfo_0_ID0000002
    pool:condorpool
...
001 (9117.000.000) 01/03 17:37:43 Job executing on host: <54.202.158.246:65010?addrs=54.202.158.246-65010&noUDP>
...
005 (9116.000.000) 01/03 17:37:45 Job terminated.
	(1) Normal termination (return value 0)
		Usr 0 00:00:00, Sys 0 00:00:00  -  Run Remote Usage
		Usr 0 00:00:00, Sys 0 00:00:00  -  Run Local Usage
		Usr 0 00:00:00, Sys 0 00:00:00  -  Total Remote Usage
		Usr 0 00:00:00, Sys 0 00:00:00  -  Total Local Usage
	0  -  Run Bytes Sent By Job
	0  -  Run Bytes Received By Job
	0  -  Total Bytes Sent By Job
	0  -  Total Bytes Received By Job
...
016 (9116.000.000) 01/03 17:37:48 POST Script terminated.
	(1) Normal termination (return value 0)
    DAG Node: clean_up_local_level_3_0
...
005 (9117.000.000) 01/03 18:38:58 Job terminated.
	(1) Normal termination (return value 0)
		Usr 0 00:48:57, Sys 0 00:00:29  -  Run Remote Usage
		Usr 0 00:00:00, Sys 0 00:00:00  -  Run Local Usage
		Usr 0 00:48:57, Sys 0 00:00:29  -  Total Remote Usage
		Usr 0 00:00:00, Sys 0 00:00:00  -  Total Local Usage
	5871  -  Run Bytes Sent By Job
	3169156  -  Run Bytes Received By Job
	5871  -  Total Bytes Sent By Job
	3169156  -  Total Bytes Received By Job
	Partitionable Resources :    Usage  Request Allocated
	   Cpus                 :                 1         1
	   Disk (KB)            :     6107     3250  27753532
	   Memory (MB)          :      136        1      3764
...
016 (9117.000.000) 01/03 18:39:02 POST Script terminated.
	(1) Normal termination (return value 0)
    DAG Node: generalinfo_0_ID0000002
...
000 (9118.000.000) 01/03 18:39:12 Job submitted from host: <54.193.83.104:5821?addrs=54.193.83.104-5821>
    DAG Node: clean_up_local_level_4_0
    pool:local
...
001 (9118.000.000) 01/03 18:39:12 Job executing on host: <54.193.83.104:35273?addrs=54.193.83.104-35273>
...
000 (9119.000.000) 01/03 18:39:12 Job submitted from host: <54.193.83.104:5821?addrs=54.193.83.104-5821>
    DAG Node: statscpumemory_0_ID0000003
    pool:condorpool
...
000 (9120.000.000) 01/03 18:39:12 Job submitted from host: <54.193.83.104:5821?addrs=54.193.83.104-5821>
    DAG Node: medianmemory_0_ID0000005
    pool:condorpool
...
000 (9121.000.000) 01/03 18:39:12 Job submitted from host: <54.193.83.104:5821?addrs=54.193.83.104-5821>
    DAG Node: mediancpu_0_ID0000004
    pool:condorpool
...
005 (9118.000.000) 01/03 18:39:17 Job terminated.
	(1) Normal termination (return value 0)
		Usr 0 00:00:00, Sys 0 00:00:00  -  Run Remote Usage
		Usr 0 00:00:00, Sys 0 00:00:00  -  Run Local Usage
		Usr 0 00:00:00, Sys 0 00:00:00  -  Total Remote Usage
		Usr 0 00:00:00, Sys 0 00:00:00  -  Total Local Usage
	0  -  Run Bytes Sent By Job
	0  -  Run Bytes Received By Job
	0  -  Total Bytes Sent By Job
	0  -  Total Bytes Received By Job
...
016 (9118.000.000) 01/03 18:39:18 POST Script terminated.
	(1) Normal termination (return value 0)
    DAG Node: clean_up_local_level_4_0
...
001 (9119.000.000) 01/03 18:39:32 Job executing on host: <54.202.158.246:65010?addrs=54.202.158.246-65010&noUDP>
...
001 (9120.000.000) 01/03 18:39:32 Job executing on host: <54.202.158.238:19670?addrs=54.202.158.238-19670&noUDP>
...
001 (9121.000.000) 01/03 18:39:32 Job executing on host: <54.202.158.44:14303?addrs=54.202.158.44-14303&noUDP>
...
005 (9119.000.000) 01/03 20:54:29 Job terminated.
	(1) Normal termination (return value 0)
		Usr 0 01:49:50, Sys 0 00:01:02  -  Run Remote Usage
		Usr 0 00:00:00, Sys 0 00:00:00  -  Run Local Usage
		Usr 0 01:49:50, Sys 0 00:01:02  -  Total Remote Usage
		Usr 0 00:00:00, Sys 0 00:00:00  -  Total Local Usage
	6571  -  Run Bytes Sent By Job
	3171328  -  Run Bytes Received By Job
	6571  -  Total Bytes Sent By Job
	3171328  -  Total Bytes Received By Job
	Partitionable Resources :    Usage  Request Allocated
	   Cpus                 :                 1         1
	   Disk (KB)            :     6110     3250  27753256
	   Memory (MB)          :      145        1      3764
...
016 (9119.000.000) 01/03 20:54:30 POST Script terminated.
	(1) Normal termination (return value 0)
    DAG Node: statscpumemory_0_ID0000003
...
005 (9121.000.000) 01/03 20:56:46 Job terminated.
	(1) Normal termination (return value 0)
		Usr 0 01:51:50, Sys 0 00:01:14  -  Run Remote Usage
		Usr 0 00:00:00, Sys 0 00:00:00  -  Run Local Usage
		Usr 0 01:51:50, Sys 0 00:01:14  -  Total Remote Usage
		Usr 0 00:00:00, Sys 0 00:00:00  -  Total Local Usage
	381752  -  Run Bytes Sent By Job
	3169015  -  Run Bytes Received By Job
	381752  -  Total Bytes Sent By Job
	3169015  -  Total Bytes Received By Job
	Partitionable Resources :    Usage  Request Allocated
	   Cpus                 :                 1         1
	   Disk (KB)            :  5780490     3250  27755292
	   Memory (MB)          :      168        1      3764
...
016 (9121.000.000) 01/03 20:56:51 POST Script terminated.
	(1) Normal termination (return value 0)
    DAG Node: mediancpu_0_ID0000004
...
000 (9122.000.000) 01/03 20:57:00 Job submitted from host: <54.193.83.104:5821?addrs=54.193.83.104-5821>
    DAG Node: clean_up_local_level_5_1
    pool:local
...
001 (9122.000.000) 01/03 20:57:00 Job executing on host: <54.193.83.104:53092?addrs=54.193.83.104-53092>
...
005 (9122.000.000) 01/03 20:57:04 Job terminated.
	(1) Normal termination (return value 0)
		Usr 0 00:00:00, Sys 0 00:00:00  -  Run Remote Usage
		Usr 0 00:00:00, Sys 0 00:00:00  -  Run Local Usage
		Usr 0 00:00:00, Sys 0 00:00:00  -  Total Remote Usage
		Usr 0 00:00:00, Sys 0 00:00:00  -  Total Local Usage
	0  -  Run Bytes Sent By Job
	0  -  Run Bytes Received By Job
	0  -  Total Bytes Sent By Job
	0  -  Total Bytes Received By Job
...
016 (9122.000.000) 01/03 20:57:05 POST Script terminated.
	(1) Normal termination (return value 0)
    DAG Node: clean_up_local_level_5_1
...
005 (9120.000.000) 01/03 21:12:09 Job terminated.
	(1) Normal termination (return value 0)
		Usr 0 02:09:16, Sys 0 00:01:31  -  Run Remote Usage
		Usr 0 00:00:00, Sys 0 00:00:00  -  Run Local Usage
		Usr 0 02:09:16, Sys 0 00:01:31  -  Total Remote Usage
		Usr 0 00:00:00, Sys 0 00:00:00  -  Total Local Usage
	379258  -  Run Bytes Sent By Job
	3169051  -  Run Bytes Received By Job
	379258  -  Total Bytes Sent By Job
	3169051  -  Total Bytes Received By Job
	Partitionable Resources :    Usage  Request Allocated
	   Cpus                 :                 1         1
	   Disk (KB)            :  5910482     3250  27753716
	   Memory (MB)          :      161        1      3764
...
016 (9120.000.000) 01/03 21:12:11 POST Script terminated.
	(1) Normal termination (return value 0)
    DAG Node: medianmemory_0_ID0000005
...
000 (9123.000.000) 01/03 21:12:21 Job submitted from host: <54.193.83.104:5821?addrs=54.193.83.104-5821>
    DAG Node: clean_up_local_level_5_0
    pool:local
...
001 (9123.000.000) 01/03 21:12:21 Job executing on host: <54.193.83.104:25504?addrs=54.193.83.104-25504>
...
000 (9124.000.000) 01/03 21:12:21 Job submitted from host: <54.193.83.104:5821?addrs=54.193.83.104-5821>
    DAG Node: taskevent_0_ID0000006
    pool:condorpool
...
005 (9123.000.000) 01/03 21:12:30 Job terminated.
	(1) Normal termination (return value 0)
		Usr 0 00:00:00, Sys 0 00:00:00  -  Run Remote Usage
		Usr 0 00:00:00, Sys 0 00:00:00  -  Run Local Usage
		Usr 0 00:00:00, Sys 0 00:00:00  -  Total Remote Usage
		Usr 0 00:00:00, Sys 0 00:00:00  -  Total Local Usage
	0  -  Run Bytes Sent By Job
	0  -  Run Bytes Received By Job
	0  -  Total Bytes Sent By Job
	0  -  Total Bytes Received By Job
...
016 (9123.000.000) 01/03 21:12:32 POST Script terminated.
	(1) Normal termination (return value 0)
    DAG Node: clean_up_local_level_5_0
...
001 (9124.000.000) 01/03 21:12:41 Job executing on host: <54.202.158.246:65010?addrs=54.202.158.246-65010&noUDP>
...
005 (9124.000.000) 01/04 01:08:28 Job terminated.
	(1) Normal termination (return value 0)
		Usr 0 01:57:27, Sys 0 00:01:20  -  Run Remote Usage
		Usr 0 00:00:00, Sys 0 00:00:00  -  Run Local Usage
		Usr 0 01:57:27, Sys 0 00:01:20  -  Total Remote Usage
		Usr 0 00:00:00, Sys 0 00:00:00  -  Total Local Usage
	14680  -  Run Bytes Sent By Job
	3175823  -  Run Bytes Received By Job
	14680  -  Total Bytes Sent By Job
	3175823  -  Total Bytes Received By Job
	Partitionable Resources :    Usage  Request Allocated
	   Cpus                 :                 1         1
	   Disk (KB)            :     6125     3250  27752624
	   Memory (MB)          :      137        1      3764
...
016 (9124.000.000) 01/04 01:08:29 POST Script terminated.
	(1) Normal termination (return value 0)
    DAG Node: taskevent_0_ID0000006
...
000 (9125.000.000) 01/04 01:08:39 Job submitted from host: <54.193.83.104:5821?addrs=54.193.83.104-5821>
    DAG Node: clean_up_local_level_6_0
    pool:local
...
001 (9125.000.000) 01/04 01:08:39 Job executing on host: <54.193.83.104:11599?addrs=54.193.83.104-11599>
...
000 (9126.000.000) 01/04 01:08:39 Job submitted from host: <54.193.83.104:5821?addrs=54.193.83.104-5821>
    DAG Node: calculateratio_0_ID0000007
    pool:condorpool
...
005 (9125.000.000) 01/04 01:08:47 Job terminated.
	(1) Normal termination (return value 0)
		Usr 0 00:00:00, Sys 0 00:00:00  -  Run Remote Usage
		Usr 0 00:00:00, Sys 0 00:00:00  -  Run Local Usage
		Usr 0 00:00:00, Sys 0 00:00:00  -  Total Remote Usage
		Usr 0 00:00:00, Sys 0 00:00:00  -  Total Local Usage
	0  -  Run Bytes Sent By Job
	0  -  Run Bytes Received By Job
	0  -  Total Bytes Sent By Job
	0  -  Total Bytes Received By Job
...
016 (9125.000.000) 01/04 01:08:49 POST Script terminated.
	(1) Normal termination (return value 0)
    DAG Node: clean_up_local_level_6_0
...
001 (9126.000.000) 01/04 01:09:00 Job executing on host: <54.202.158.246:65010?addrs=54.202.158.246-65010&noUDP>
...
005 (9126.000.000) 01/04 08:09:21 Job terminated.
	(1) Normal termination (return value 0)
		Usr 0 01:58:38, Sys 0 00:04:29  -  Run Remote Usage
		Usr 0 00:00:00, Sys 0 00:00:00  -  Run Local Usage
		Usr 0 01:58:38, Sys 0 00:04:29  -  Total Remote Usage
		Usr 0 00:00:00, Sys 0 00:00:00  -  Total Local Usage
	359784  -  Run Bytes Sent By Job
	3174554  -  Run Bytes Received By Job
	359784  -  Total Bytes Sent By Job
	3174554  -  Total Bytes Received By Job
	Partitionable Resources :    Usage  Request Allocated
	   Cpus                 :                 1         1
	   Disk (KB)            :     8434     3250  27752288
	   Memory (MB)          :      154        1      3764
...
016 (9126.000.000) 01/04 08:09:25 POST Script terminated.
	(1) Normal termination (return value 0)
    DAG Node: calculateratio_0_ID0000007
...
000 (9127.000.000) 01/04 08:09:34 Job submitted from host: <54.193.83.104:5821?addrs=54.193.83.104-5821>
    DAG Node: clean_up_local_level_7_0
    pool:local
...
001 (9127.000.000) 01/04 08:09:34 Job executing on host: <54.193.83.104:43300?addrs=54.193.83.104-43300>
...
000 (9128.000.000) 01/04 08:09:34 Job submitted from host: <54.193.83.104:5821?addrs=54.193.83.104-5821>
    DAG Node: averageratioevent_0_ID0000008
    pool:condorpool
...
005 (9127.000.000) 01/04 08:09:42 Job terminated.
	(1) Normal termination (return value 0)
		Usr 0 00:00:00, Sys 0 00:00:00  -  Run Remote Usage
		Usr 0 00:00:00, Sys 0 00:00:00  -  Run Local Usage
		Usr 0 00:00:00, Sys 0 00:00:00  -  Total Remote Usage
		Usr 0 00:00:00, Sys 0 00:00:00  -  Total Local Usage
	0  -  Run Bytes Sent By Job
	0  -  Run Bytes Received By Job
	0  -  Total Bytes Sent By Job
	0  -  Total Bytes Received By Job
...
016 (9127.000.000) 01/04 08:09:44 POST Script terminated.
	(1) Normal termination (return value 0)
    DAG Node: clean_up_local_level_7_0
...
001 (9128.000.000) 01/04 08:09:54 Job executing on host: <54.202.158.246:65010?addrs=54.202.158.246-65010&noUDP>
...
005 (9128.000.000) 01/04 08:32:13 Job terminated.
	(1) Normal termination (return value 0)
		Usr 0 00:13:40, Sys 0 00:00:14  -  Run Remote Usage
		Usr 0 00:00:00, Sys 0 00:00:00  -  Run Local Usage
		Usr 0 00:13:40, Sys 0 00:00:14  -  Total Remote Usage
		Usr 0 00:00:00, Sys 0 00:00:00  -  Total Local Usage
	266710  -  Run Bytes Sent By Job
	3169951  -  Run Bytes Received By Job
	266710  -  Total Bytes Sent By Job
	3169951  -  Total Bytes Received By Job
	Partitionable Resources :    Usage  Request Allocated
	   Cpus                 :                 1         1
	   Disk (KB)            :   181459     3250  27749824
	   Memory (MB)          :      148        1      3764
...
016 (9128.000.000) 01/04 08:32:16 POST Script terminated.
	(1) Normal termination (return value 0)
    DAG Node: averageratioevent_0_ID0000008
...
000 (9129.000.000) 01/04 08:32:25 Job submitted from host: <54.193.83.104:5821?addrs=54.193.83.104-5821>
    DAG Node: clean_up_local_level_8_0
    pool:local
...
000 (9130.000.000) 01/04 08:32:25 Job submitted from host: <54.193.83.104:5821?addrs=54.193.83.104-5821>
    DAG Node: analysisevent_0_ID0000009
    pool:condorpool
...
001 (9129.000.000) 01/04 08:32:25 Job executing on host: <54.193.83.104:18315?addrs=54.193.83.104-18315>
...
005 (9129.000.000) 01/04 08:32:29 Job terminated.
	(1) Normal termination (return value 0)
		Usr 0 00:00:00, Sys 0 00:00:00  -  Run Remote Usage
		Usr 0 00:00:00, Sys 0 00:00:00  -  Run Local Usage
		Usr 0 00:00:00, Sys 0 00:00:00  -  Total Remote Usage
		Usr 0 00:00:00, Sys 0 00:00:00  -  Total Local Usage
	0  -  Run Bytes Sent By Job
	0  -  Run Bytes Received By Job
	0  -  Total Bytes Sent By Job
	0  -  Total Bytes Received By Job
...
016 (9129.000.000) 01/04 08:32:30 POST Script terminated.
	(1) Normal termination (return value 0)
    DAG Node: clean_up_local_level_8_0
...
001 (9130.000.000) 01/04 08:32:45 Job executing on host: <54.202.158.246:65010?addrs=54.202.158.246-65010&noUDP>
...
005 (9130.000.000) 01/04 08:32:46 Job terminated.
	(1) Normal termination (return value 0)
		Usr 0 00:00:00, Sys 0 00:00:00  -  Run Remote Usage
		Usr 0 00:00:00, Sys 0 00:00:00  -  Run Local Usage
		Usr 0 00:00:00, Sys 0 00:00:00  -  Total Remote Usage
		Usr 0 00:00:00, Sys 0 00:00:00  -  Total Local Usage
	5936  -  Run Bytes Sent By Job
	3169465  -  Run Bytes Received By Job
	5936  -  Total Bytes Sent By Job
	3169465  -  Total Bytes Received By Job
	Partitionable Resources :    Usage  Request Allocated
	   Cpus                 :                 1         1
	   Disk (KB)            :     6108     3250  27756944
	   Memory (MB)          :        0        1      3764
...
016 (9130.000.000) 01/04 08:32:50 POST Script terminated.
	(1) Normal termination (return value 0)
    DAG Node: analysisevent_0_ID0000009
...
000 (9131.000.000) 01/04 08:33:00 Job submitted from host: <54.193.83.104:5821?addrs=54.193.83.104-5821>
    DAG Node: terminate_0_ID0000010
    pool:condorpool
...
000 (9132.000.000) 01/04 08:33:00 Job submitted from host: <54.193.83.104:5821?addrs=54.193.83.104-5821>
    DAG Node: clean_up_local_level_9_0
    pool:local
...
001 (9131.000.000) 01/04 08:33:01 Job executing on host: <54.202.158.246:65010?addrs=54.202.158.246-65010&noUDP>
...
005 (9131.000.000) 01/04 08:33:02 Job terminated.
	(1) Normal termination (return value 0)
		Usr 0 00:00:00, Sys 0 00:00:00  -  Run Remote Usage
		Usr 0 00:00:00, Sys 0 00:00:00  -  Run Local Usage
		Usr 0 00:00:00, Sys 0 00:00:00  -  Total Remote Usage
		Usr 0 00:00:00, Sys 0 00:00:00  -  Total Local Usage
	4462  -  Run Bytes Sent By Job
	3167897  -  Run Bytes Received By Job
	4462  -  Total Bytes Sent By Job
	3167897  -  Total Bytes Received By Job
	Partitionable Resources :    Usage  Request Allocated
	   Cpus                 :                 1         1
	   Disk (KB)            :     6104     3250  27756944
	   Memory (MB)          :        0        1      3764
...
016 (9131.000.000) 01/04 08:33:05 POST Script terminated.
	(1) Normal termination (return value 0)
    DAG Node: terminate_0_ID0000010
...
001 (9132.000.000) 01/04 08:33:06 Job executing on host: <54.193.83.104:40006?addrs=54.193.83.104-40006>
...
005 (9132.000.000) 01/04 08:33:10 Job terminated.
	(1) Normal termination (return value 0)
		Usr 0 00:00:00, Sys 0 00:00:00  -  Run Remote Usage
		Usr 0 00:00:00, Sys 0 00:00:00  -  Run Local Usage
		Usr 0 00:00:00, Sys 0 00:00:00  -  Total Remote Usage
		Usr 0 00:00:00, Sys 0 00:00:00  -  Total Local Usage
	0  -  Run Bytes Sent By Job
	0  -  Run Bytes Received By Job
	0  -  Total Bytes Sent By Job
	0  -  Total Bytes Received By Job
...
000 (9133.000.000) 01/04 08:33:15 Job submitted from host: <54.193.83.104:5821?addrs=54.193.83.104-5821>
    DAG Node: clean_up_local_level_10_0
    pool:local
...
001 (9133.000.000) 01/04 08:33:16 Job executing on host: <54.193.83.104:38371?addrs=54.193.83.104-38371>
...
016 (9132.000.000) 01/04 08:33:16 POST Script terminated.
	(1) Normal termination (return value 0)
    DAG Node: clean_up_local_level_9_0
...
005 (9133.000.000) 01/04 08:33:18 Job terminated.
	(1) Normal termination (return value 0)
		Usr 0 00:00:00, Sys 0 00:00:00  -  Run Remote Usage
		Usr 0 00:00:00, Sys 0 00:00:00  -  Run Local Usage
		Usr 0 00:00:00, Sys 0 00:00:00  -  Total Remote Usage
		Usr 0 00:00:00, Sys 0 00:00:00  -  Total Local Usage
	0  -  Run Bytes Sent By Job
	0  -  Run Bytes Received By Job
	0  -  Total Bytes Sent By Job
	0  -  Total Bytes Received By Job
...
016 (9133.000.000) 01/04 08:33:21 POST Script terminated.
	(1) Normal termination (return value 0)
    DAG Node: clean_up_local_level_10_0
...
000 (9134.000.000) 01/04 08:33:31 Job submitted from host: <54.193.83.104:5821?addrs=54.193.83.104-5821>
    DAG Node: cleanup_example_workflow_0_local
    pool:local
...
001 (9134.000.000) 01/04 08:33:31 Job executing on host: <54.193.83.104:12749?addrs=54.193.83.104-12749>
...
005 (9134.000.000) 01/04 08:33:33 Job terminated.
	(1) Normal termination (return value 0)
		Usr 0 00:00:00, Sys 0 00:00:00  -  Run Remote Usage
		Usr 0 00:00:00, Sys 0 00:00:00  -  Run Local Usage
		Usr 0 00:00:00, Sys 0 00:00:00  -  Total Remote Usage
		Usr 0 00:00:00, Sys 0 00:00:00  -  Total Local Usage
	0  -  Run Bytes Sent By Job
	0  -  Run Bytes Received By Job
	0  -  Total Bytes Sent By Job
	0  -  Total Bytes Received By Job
...
