000 (2785.000.000) 05/12 21:19:25 Job submitted from host: <10.240.0.3:31139?addrs=10.240.0.3-31139>
    DAG Node: create_dir_example_workflow_0_local
    pool:local
...
000 (2786.000.000) 05/12 21:19:25 Job submitted from host: <10.240.0.3:31139?addrs=10.240.0.3-31139>
    DAG Node: stage_worker_local_example_workflow_0_local
    pool:local
...
001 (2786.000.000) 05/12 21:19:27 Job executing on host: <10.240.0.3:6537?addrs=10.240.0.3-6537>
...
001 (2785.000.000) 05/12 21:19:27 Job executing on host: <10.240.0.3:5469?addrs=10.240.0.3-5469>
...
005 (2786.000.000) 05/12 21:19:29 Job terminated.
	(1) Normal termination (return value 0)
		Usr 0 00:00:00, Sys 0 00:00:00  -  Run Remote Usage
		Usr 0 00:00:00, Sys 0 00:00:00  -  Run Local Usage
		Usr 0 00:00:00, Sys 0 00:00:00  -  Total Remote Usage
		Usr 0 00:00:00, Sys 0 00:00:00  -  Total Local Usage
	0  -  Run Bytes Sent By Job
	0  -  Run Bytes Received By Job
	0  -  Total Bytes Sent By Job
	0  -  Total Bytes Received By Job
...
005 (2785.000.000) 05/12 21:19:29 Job terminated.
	(1) Normal termination (return value 0)
		Usr 0 00:00:00, Sys 0 00:00:00  -  Run Remote Usage
		Usr 0 00:00:00, Sys 0 00:00:00  -  Run Local Usage
		Usr 0 00:00:00, Sys 0 00:00:00  -  Total Remote Usage
		Usr 0 00:00:00, Sys 0 00:00:00  -  Total Local Usage
	0  -  Run Bytes Sent By Job
	0  -  Run Bytes Received By Job
	0  -  Total Bytes Sent By Job
	0  -  Total Bytes Received By Job
...
016 (2785.000.000) 05/12 21:19:31 POST Script terminated.
	(1) Normal termination (return value 0)
    DAG Node: create_dir_example_workflow_0_local
...
000 (2787.000.000) 05/12 21:19:40 Job submitted from host: <10.240.0.3:31139?addrs=10.240.0.3-31139>
    DAG Node: stage_in_local_local_0_0
    pool:local
...
001 (2787.000.000) 05/12 21:19:40 Job executing on host: <10.240.0.3:64410?addrs=10.240.0.3-64410>
...
000 (2788.000.000) 05/12 21:19:40 Job submitted from host: <10.240.0.3:31139?addrs=10.240.0.3-31139>
    DAG Node: stage_in_remote_local_2_1
    pool:local
...
000 (2789.000.000) 05/12 21:19:40 Job submitted from host: <10.240.0.3:31139?addrs=10.240.0.3-31139>
    DAG Node: stage_in_local_local_2_0
    pool:local
...
000 (2790.000.000) 05/12 21:19:40 Job submitted from host: <10.240.0.3:31139?addrs=10.240.0.3-31139>
    DAG Node: stage_in_local_local_2_1
    pool:local
...
000 (2791.000.000) 05/12 21:19:40 Job submitted from host: <10.240.0.3:31139?addrs=10.240.0.3-31139>
    DAG Node: stage_in_remote_local_1_1
    pool:local
...
005 (2787.000.000) 05/12 21:19:42 Job terminated.
	(1) Normal termination (return value 0)
		Usr 0 00:00:00, Sys 0 00:00:00  -  Run Remote Usage
		Usr 0 00:00:00, Sys 0 00:00:00  -  Run Local Usage
		Usr 0 00:00:00, Sys 0 00:00:00  -  Total Remote Usage
		Usr 0 00:00:00, Sys 0 00:00:00  -  Total Local Usage
	0  -  Run Bytes Sent By Job
	0  -  Run Bytes Received By Job
	0  -  Total Bytes Sent By Job
	0  -  Total Bytes Received By Job
...
001 (2790.000.000) 05/12 21:19:42 Job executing on host: <10.240.0.3:46925?addrs=10.240.0.3-46925>
...
001 (2789.000.000) 05/12 21:19:42 Job executing on host: <10.240.0.3:59459?addrs=10.240.0.3-59459>
...
001 (2788.000.000) 05/12 21:19:42 Job executing on host: <10.240.0.3:32597?addrs=10.240.0.3-32597>
...
001 (2791.000.000) 05/12 21:19:42 Job executing on host: <10.240.0.3:59858?addrs=10.240.0.3-59858>
...
005 (2790.000.000) 05/12 21:19:44 Job terminated.
	(1) Normal termination (return value 0)
		Usr 0 00:00:00, Sys 0 00:00:00  -  Run Remote Usage
		Usr 0 00:00:00, Sys 0 00:00:00  -  Run Local Usage
		Usr 0 00:00:00, Sys 0 00:00:00  -  Total Remote Usage
		Usr 0 00:00:00, Sys 0 00:00:00  -  Total Local Usage
	0  -  Run Bytes Sent By Job
	0  -  Run Bytes Received By Job
	0  -  Total Bytes Sent By Job
	0  -  Total Bytes Received By Job
...
005 (2791.000.000) 05/12 21:19:44 Job terminated.
	(1) Normal termination (return value 0)
		Usr 0 00:00:00, Sys 0 00:00:00  -  Run Remote Usage
		Usr 0 00:00:00, Sys 0 00:00:00  -  Run Local Usage
		Usr 0 00:00:00, Sys 0 00:00:00  -  Total Remote Usage
		Usr 0 00:00:00, Sys 0 00:00:00  -  Total Local Usage
	0  -  Run Bytes Sent By Job
	0  -  Run Bytes Received By Job
	0  -  Total Bytes Sent By Job
	0  -  Total Bytes Received By Job
...
000 (2792.000.000) 05/12 21:19:45 Job submitted from host: <10.240.0.3:31139?addrs=10.240.0.3-31139>
    DAG Node: stage_in_remote_local_1_0
    pool:local
...
000 (2793.000.000) 05/12 21:19:45 Job submitted from host: <10.240.0.3:31139?addrs=10.240.0.3-31139>
    DAG Node: stage_in_local_local_3_1
    pool:local
...
000 (2794.000.000) 05/12 21:19:45 Job submitted from host: <10.240.0.3:31139?addrs=10.240.0.3-31139>
    DAG Node: stage_in_local_local_3_0
    pool:local
...
000 (2795.000.000) 05/12 21:19:45 Job submitted from host: <10.240.0.3:31139?addrs=10.240.0.3-31139>
    DAG Node: stage_in_local_local_1_1
    pool:local
...
000 (2796.000.000) 05/12 21:19:45 Job submitted from host: <10.240.0.3:31139?addrs=10.240.0.3-31139>
    DAG Node: stage_in_local_local_4_0
    pool:local
...
016 (2790.000.000) 05/12 21:19:45 POST Script terminated.
	(1) Normal termination (return value 0)
    DAG Node: stage_in_local_local_2_1
...
016 (2787.000.000) 05/12 21:19:45 POST Script terminated.
	(1) Normal termination (return value 0)
    DAG Node: stage_in_local_local_0_0
...
016 (2791.000.000) 05/12 21:19:45 POST Script terminated.
	(1) Normal termination (return value 0)
    DAG Node: stage_in_remote_local_1_1
...
005 (2788.000.000) 05/12 21:19:46 Job terminated.
	(1) Normal termination (return value 0)
		Usr 0 00:00:00, Sys 0 00:00:00  -  Run Remote Usage
		Usr 0 00:00:00, Sys 0 00:00:00  -  Run Local Usage
		Usr 0 00:00:00, Sys 0 00:00:00  -  Total Remote Usage
		Usr 0 00:00:00, Sys 0 00:00:00  -  Total Local Usage
	0  -  Run Bytes Sent By Job
	0  -  Run Bytes Received By Job
	0  -  Total Bytes Sent By Job
	0  -  Total Bytes Received By Job
...
005 (2789.000.000) 05/12 21:19:46 Job terminated.
	(1) Normal termination (return value 0)
		Usr 0 00:00:00, Sys 0 00:00:00  -  Run Remote Usage
		Usr 0 00:00:00, Sys 0 00:00:00  -  Run Local Usage
		Usr 0 00:00:00, Sys 0 00:00:00  -  Total Remote Usage
		Usr 0 00:00:00, Sys 0 00:00:00  -  Total Local Usage
	0  -  Run Bytes Sent By Job
	0  -  Run Bytes Received By Job
	0  -  Total Bytes Sent By Job
	0  -  Total Bytes Received By Job
...
001 (2793.000.000) 05/12 21:19:46 Job executing on host: <10.240.0.3:21956?addrs=10.240.0.3-21956>
...
001 (2796.000.000) 05/12 21:19:46 Job executing on host: <10.240.0.3:26402?addrs=10.240.0.3-26402>
...
001 (2792.000.000) 05/12 21:19:46 Job executing on host: <10.240.0.3:43878?addrs=10.240.0.3-43878>
...
001 (2795.000.000) 05/12 21:19:46 Job executing on host: <10.240.0.3:48252?addrs=10.240.0.3-48252>
...
001 (2794.000.000) 05/12 21:19:46 Job executing on host: <10.240.0.3:16908?addrs=10.240.0.3-16908>
...
005 (2793.000.000) 05/12 21:19:49 Job terminated.
	(1) Normal termination (return value 0)
		Usr 0 00:00:00, Sys 0 00:00:00  -  Run Remote Usage
		Usr 0 00:00:00, Sys 0 00:00:00  -  Run Local Usage
		Usr 0 00:00:00, Sys 0 00:00:00  -  Total Remote Usage
		Usr 0 00:00:00, Sys 0 00:00:00  -  Total Local Usage
	0  -  Run Bytes Sent By Job
	0  -  Run Bytes Received By Job
	0  -  Total Bytes Sent By Job
	0  -  Total Bytes Received By Job
...
005 (2796.000.000) 05/12 21:19:49 Job terminated.
	(1) Normal termination (return value 0)
		Usr 0 00:00:00, Sys 0 00:00:00  -  Run Remote Usage
		Usr 0 00:00:00, Sys 0 00:00:00  -  Run Local Usage
		Usr 0 00:00:00, Sys 0 00:00:00  -  Total Remote Usage
		Usr 0 00:00:00, Sys 0 00:00:00  -  Total Local Usage
	0  -  Run Bytes Sent By Job
	0  -  Run Bytes Received By Job
	0  -  Total Bytes Sent By Job
	0  -  Total Bytes Received By Job
...
005 (2795.000.000) 05/12 21:19:49 Job terminated.
	(1) Normal termination (return value 0)
		Usr 0 00:00:00, Sys 0 00:00:00  -  Run Remote Usage
		Usr 0 00:00:00, Sys 0 00:00:00  -  Run Local Usage
		Usr 0 00:00:00, Sys 0 00:00:00  -  Total Remote Usage
		Usr 0 00:00:00, Sys 0 00:00:00  -  Total Local Usage
	0  -  Run Bytes Sent By Job
	0  -  Run Bytes Received By Job
	0  -  Total Bytes Sent By Job
	0  -  Total Bytes Received By Job
...
000 (2797.000.000) 05/12 21:19:50 Job submitted from host: <10.240.0.3:31139?addrs=10.240.0.3-31139>
    DAG Node: stage_in_local_local_1_0
    pool:local
...
000 (2798.000.000) 05/12 21:19:50 Job submitted from host: <10.240.0.3:31139?addrs=10.240.0.3-31139>
    DAG Node: stage_in_remote_local_0_1
    pool:local
...
000 (2799.000.000) 05/12 21:19:50 Job submitted from host: <10.240.0.3:31139?addrs=10.240.0.3-31139>
    DAG Node: stage_in_remote_local_4_0
    pool:local
...
000 (2800.000.000) 05/12 21:19:50 Job submitted from host: <10.240.0.3:31139?addrs=10.240.0.3-31139>
    DAG Node: stage_in_remote_local_0_0
    pool:local
...
000 (2801.000.000) 05/12 21:19:50 Job submitted from host: <10.240.0.3:31139?addrs=10.240.0.3-31139>
    DAG Node: stage_in_remote_local_2_0
    pool:local
...
016 (2788.000.000) 05/12 21:19:51 POST Script terminated.
	(1) Normal termination (return value 0)
    DAG Node: stage_in_remote_local_2_1
...
016 (2789.000.000) 05/12 21:19:51 POST Script terminated.
	(1) Normal termination (return value 0)
    DAG Node: stage_in_local_local_2_0
...
016 (2795.000.000) 05/12 21:19:51 POST Script terminated.
	(1) Normal termination (return value 0)
    DAG Node: stage_in_local_local_1_1
...
016 (2793.000.000) 05/12 21:19:51 POST Script terminated.
	(1) Normal termination (return value 0)
    DAG Node: stage_in_local_local_3_1
...
016 (2796.000.000) 05/12 21:19:51 POST Script terminated.
	(1) Normal termination (return value 0)
    DAG Node: stage_in_local_local_4_0
...
005 (2794.000.000) 05/12 21:19:51 Job terminated.
	(1) Normal termination (return value 0)
		Usr 0 00:00:00, Sys 0 00:00:00  -  Run Remote Usage
		Usr 0 00:00:00, Sys 0 00:00:00  -  Run Local Usage
		Usr 0 00:00:00, Sys 0 00:00:00  -  Total Remote Usage
		Usr 0 00:00:00, Sys 0 00:00:00  -  Total Local Usage
	0  -  Run Bytes Sent By Job
	0  -  Run Bytes Received By Job
	0  -  Total Bytes Sent By Job
	0  -  Total Bytes Received By Job
...
005 (2792.000.000) 05/12 21:19:51 Job terminated.
	(1) Normal termination (return value 0)
		Usr 0 00:00:00, Sys 0 00:00:00  -  Run Remote Usage
		Usr 0 00:00:00, Sys 0 00:00:00  -  Run Local Usage
		Usr 0 00:00:00, Sys 0 00:00:00  -  Total Remote Usage
		Usr 0 00:00:00, Sys 0 00:00:00  -  Total Local Usage
	0  -  Run Bytes Sent By Job
	0  -  Run Bytes Received By Job
	0  -  Total Bytes Sent By Job
	0  -  Total Bytes Received By Job
...
001 (2799.000.000) 05/12 21:19:51 Job executing on host: <10.240.0.3:13156?addrs=10.240.0.3-13156>
...
001 (2798.000.000) 05/12 21:19:51 Job executing on host: <10.240.0.3:33702?addrs=10.240.0.3-33702>
...
001 (2801.000.000) 05/12 21:19:51 Job executing on host: <10.240.0.3:23873?addrs=10.240.0.3-23873>
...
001 (2797.000.000) 05/12 21:19:51 Job executing on host: <10.240.0.3:64287?addrs=10.240.0.3-64287>
...
001 (2800.000.000) 05/12 21:19:51 Job executing on host: <10.240.0.3:35494?addrs=10.240.0.3-35494>
...
005 (2798.000.000) 05/12 21:19:53 Job terminated.
	(1) Normal termination (return value 0)
		Usr 0 00:00:00, Sys 0 00:00:00  -  Run Remote Usage
		Usr 0 00:00:00, Sys 0 00:00:00  -  Run Local Usage
		Usr 0 00:00:00, Sys 0 00:00:00  -  Total Remote Usage
		Usr 0 00:00:00, Sys 0 00:00:00  -  Total Local Usage
	0  -  Run Bytes Sent By Job
	0  -  Run Bytes Received By Job
	0  -  Total Bytes Sent By Job
	0  -  Total Bytes Received By Job
...
005 (2799.000.000) 05/12 21:19:53 Job terminated.
	(1) Normal termination (return value 0)
		Usr 0 00:00:00, Sys 0 00:00:00  -  Run Remote Usage
		Usr 0 00:00:00, Sys 0 00:00:00  -  Run Local Usage
		Usr 0 00:00:00, Sys 0 00:00:00  -  Total Remote Usage
		Usr 0 00:00:00, Sys 0 00:00:00  -  Total Local Usage
	0  -  Run Bytes Sent By Job
	0  -  Run Bytes Received By Job
	0  -  Total Bytes Sent By Job
	0  -  Total Bytes Received By Job
...
005 (2800.000.000) 05/12 21:19:53 Job terminated.
	(1) Normal termination (return value 0)
		Usr 0 00:00:00, Sys 0 00:00:00  -  Run Remote Usage
		Usr 0 00:00:00, Sys 0 00:00:00  -  Run Local Usage
		Usr 0 00:00:00, Sys 0 00:00:00  -  Total Remote Usage
		Usr 0 00:00:00, Sys 0 00:00:00  -  Total Local Usage
	0  -  Run Bytes Sent By Job
	0  -  Run Bytes Received By Job
	0  -  Total Bytes Sent By Job
	0  -  Total Bytes Received By Job
...
000 (2802.000.000) 05/12 21:19:55 Job submitted from host: <10.240.0.3:31139?addrs=10.240.0.3-31139>
    DAG Node: stage_in_remote_local_3_1
    pool:local
...
000 (2803.000.000) 05/12 21:19:55 Job submitted from host: <10.240.0.3:31139?addrs=10.240.0.3-31139>
    DAG Node: stage_in_remote_local_3_0
    pool:local
...
016 (2794.000.000) 05/12 21:19:55 POST Script terminated.
	(1) Normal termination (return value 0)
    DAG Node: stage_in_local_local_3_0
...
016 (2792.000.000) 05/12 21:19:55 POST Script terminated.
	(1) Normal termination (return value 0)
    DAG Node: stage_in_remote_local_1_0
...
016 (2799.000.000) 05/12 21:19:55 POST Script terminated.
	(1) Normal termination (return value 0)
    DAG Node: stage_in_remote_local_4_0
...
016 (2798.000.000) 05/12 21:19:55 POST Script terminated.
	(1) Normal termination (return value 0)
    DAG Node: stage_in_remote_local_0_1
...
016 (2800.000.000) 05/12 21:19:55 POST Script terminated.
	(1) Normal termination (return value 0)
    DAG Node: stage_in_remote_local_0_0
...
005 (2801.000.000) 05/12 21:19:55 Job terminated.
	(1) Normal termination (return value 0)
		Usr 0 00:00:00, Sys 0 00:00:00  -  Run Remote Usage
		Usr 0 00:00:00, Sys 0 00:00:00  -  Run Local Usage
		Usr 0 00:00:00, Sys 0 00:00:00  -  Total Remote Usage
		Usr 0 00:00:00, Sys 0 00:00:00  -  Total Local Usage
	0  -  Run Bytes Sent By Job
	0  -  Run Bytes Received By Job
	0  -  Total Bytes Sent By Job
	0  -  Total Bytes Received By Job
...
005 (2797.000.000) 05/12 21:19:55 Job terminated.
	(1) Normal termination (return value 0)
		Usr 0 00:00:00, Sys 0 00:00:00  -  Run Remote Usage
		Usr 0 00:00:00, Sys 0 00:00:00  -  Run Local Usage
		Usr 0 00:00:00, Sys 0 00:00:00  -  Total Remote Usage
		Usr 0 00:00:00, Sys 0 00:00:00  -  Total Local Usage
	0  -  Run Bytes Sent By Job
	0  -  Run Bytes Received By Job
	0  -  Total Bytes Sent By Job
	0  -  Total Bytes Received By Job
...
001 (2802.000.000) 05/12 21:19:55 Job executing on host: <10.240.0.3:14535?addrs=10.240.0.3-14535>
...
001 (2803.000.000) 05/12 21:19:55 Job executing on host: <10.240.0.3:44118?addrs=10.240.0.3-44118>
...
005 (2802.000.000) 05/12 21:19:57 Job terminated.
	(1) Normal termination (return value 0)
		Usr 0 00:00:00, Sys 0 00:00:00  -  Run Remote Usage
		Usr 0 00:00:00, Sys 0 00:00:00  -  Run Local Usage
		Usr 0 00:00:00, Sys 0 00:00:00  -  Total Remote Usage
		Usr 0 00:00:00, Sys 0 00:00:00  -  Total Local Usage
	0  -  Run Bytes Sent By Job
	0  -  Run Bytes Received By Job
	0  -  Total Bytes Sent By Job
	0  -  Total Bytes Received By Job
...
005 (2803.000.000) 05/12 21:19:59 Job terminated.
	(1) Normal termination (return value 0)
		Usr 0 00:00:00, Sys 0 00:00:00  -  Run Remote Usage
		Usr 0 00:00:00, Sys 0 00:00:00  -  Run Local Usage
		Usr 0 00:00:00, Sys 0 00:00:00  -  Total Remote Usage
		Usr 0 00:00:00, Sys 0 00:00:00  -  Total Local Usage
	0  -  Run Bytes Sent By Job
	0  -  Run Bytes Received By Job
	0  -  Total Bytes Sent By Job
	0  -  Total Bytes Received By Job
...
016 (2801.000.000) 05/12 21:20:00 POST Script terminated.
	(1) Normal termination (return value 0)
    DAG Node: stage_in_remote_local_2_0
...
016 (2797.000.000) 05/12 21:20:00 POST Script terminated.
	(1) Normal termination (return value 0)
    DAG Node: stage_in_local_local_1_0
...
016 (2802.000.000) 05/12 21:20:00 POST Script terminated.
	(1) Normal termination (return value 0)
    DAG Node: stage_in_remote_local_3_1
...
016 (2803.000.000) 05/12 21:20:00 POST Script terminated.
	(1) Normal termination (return value 0)
    DAG Node: stage_in_remote_local_3_0
...
000 (2804.000.000) 05/12 21:20:05 Job submitted from host: <10.240.0.3:31139?addrs=10.240.0.3-31139>
    DAG Node: init_0_ID0000001
    pool:condorpool
...
001 (2804.000.000) 05/12 21:20:24 Job executing on host: <10.240.0.82:34346?addrs=10.240.0.82-34346>
...
005 (2804.000.000) 05/12 21:20:26 Job terminated.
	(1) Normal termination (return value 0)
		Usr 0 00:00:00, Sys 0 00:00:00  -  Run Remote Usage
		Usr 0 00:00:00, Sys 0 00:00:00  -  Run Local Usage
		Usr 0 00:00:00, Sys 0 00:00:00  -  Total Remote Usage
		Usr 0 00:00:00, Sys 0 00:00:00  -  Total Local Usage
	6608  -  Run Bytes Sent By Job
	1663429  -  Run Bytes Received By Job
	6608  -  Total Bytes Sent By Job
	1663429  -  Total Bytes Received By Job
	Partitionable Resources :    Usage  Request Allocated
	   Cpus                 :                 1         1
	   Disk (KB)            :     7006     1750   7341536
	   Memory (MB)          :        0        1      3700
...
016 (2804.000.000) 05/12 21:20:30 POST Script terminated.
	(1) Normal termination (return value 0)
    DAG Node: init_0_ID0000001
...
000 (2805.000.000) 05/12 21:20:40 Job submitted from host: <10.240.0.3:31139?addrs=10.240.0.3-31139>
    DAG Node: mediancpu_0_ID0000002
    pool:condorpool
...
000 (2806.000.000) 05/12 21:20:40 Job submitted from host: <10.240.0.3:31139?addrs=10.240.0.3-31139>
    DAG Node: clean_up_local_level_3_0
    pool:local
...
000 (2807.000.000) 05/12 21:20:40 Job submitted from host: <10.240.0.3:31139?addrs=10.240.0.3-31139>
    DAG Node: averagecpu_0_ID0000004
    pool:condorpool
...
000 (2808.000.000) 05/12 21:20:40 Job submitted from host: <10.240.0.3:31139?addrs=10.240.0.3-31139>
    DAG Node: maxmincpu_0_ID0000003
    pool:condorpool
...
001 (2805.000.000) 05/12 21:20:43 Job executing on host: <10.240.0.82:34346?addrs=10.240.0.82-34346>
...
001 (2806.000.000) 05/12 21:20:46 Job executing on host: <10.240.0.3:28212?addrs=10.240.0.3-28212>
...
005 (2806.000.000) 05/12 21:20:52 Job terminated.
	(1) Normal termination (return value 0)
		Usr 0 00:00:00, Sys 0 00:00:00  -  Run Remote Usage
		Usr 0 00:00:00, Sys 0 00:00:00  -  Run Local Usage
		Usr 0 00:00:00, Sys 0 00:00:00  -  Total Remote Usage
		Usr 0 00:00:00, Sys 0 00:00:00  -  Total Local Usage
	0  -  Run Bytes Sent By Job
	0  -  Run Bytes Received By Job
	0  -  Total Bytes Sent By Job
	0  -  Total Bytes Received By Job
...
016 (2806.000.000) 05/12 21:20:55 POST Script terminated.
	(1) Normal termination (return value 0)
    DAG Node: clean_up_local_level_3_0
...
001 (2808.000.000) 05/12 21:21:04 Job executing on host: <10.240.0.79:55619?addrs=10.240.0.79-55619>
...
001 (2807.000.000) 05/12 21:21:04 Job executing on host: <10.240.0.78:59026?addrs=10.240.0.78-59026>
...
005 (2805.000.000) 05/12 21:24:39 Job terminated.
	(1) Normal termination (return value 0)
		Usr 0 00:00:09, Sys 0 00:00:00  -  Run Remote Usage
		Usr 0 00:00:00, Sys 0 00:00:00  -  Run Local Usage
		Usr 0 00:00:09, Sys 0 00:00:00  -  Total Remote Usage
		Usr 0 00:00:00, Sys 0 00:00:00  -  Total Local Usage
	471961  -  Run Bytes Sent By Job
	1661928  -  Run Bytes Received By Job
	471961  -  Total Bytes Sent By Job
	1661928  -  Total Bytes Received By Job
	Partitionable Resources :    Usage  Request Allocated
	   Cpus                 :                 1         1
	   Disk (KB)            :     7460     1750   7341536
	   Memory (MB)          :        3        1      3700
...
016 (2805.000.000) 05/12 21:24:41 POST Script terminated.
	(1) Normal termination (return value 0)
    DAG Node: mediancpu_0_ID0000002
...
005 (2808.000.000) 05/12 21:28:19 Job terminated.
	(1) Normal termination (return value 0)
		Usr 0 00:00:06, Sys 0 00:00:00  -  Run Remote Usage
		Usr 0 00:00:00, Sys 0 00:00:00  -  Run Local Usage
		Usr 0 00:00:06, Sys 0 00:00:00  -  Total Remote Usage
		Usr 0 00:00:00, Sys 0 00:00:00  -  Total Local Usage
	4521  -  Run Bytes Sent By Job
	1662058  -  Run Bytes Received By Job
	4521  -  Total Bytes Sent By Job
	1662058  -  Total Bytes Received By Job
	Partitionable Resources :    Usage  Request Allocated
	   Cpus                 :                 1         1
	   Disk (KB)            :     7003     1750   7341660
	   Memory (MB)          :       20        1      3700
...
016 (2808.000.000) 05/12 21:28:21 POST Script terminated.
	(1) Normal termination (return value 0)
    DAG Node: maxmincpu_0_ID0000003
...
000 (2809.000.000) 05/12 21:28:31 Job submitted from host: <10.240.0.3:31139?addrs=10.240.0.3-31139>
    DAG Node: clean_up_local_level_4_1
    pool:local
...
001 (2809.000.000) 05/12 21:28:31 Job executing on host: <10.240.0.3:20524?addrs=10.240.0.3-20524>
...
005 (2809.000.000) 05/12 21:28:35 Job terminated.
	(1) Normal termination (return value 0)
		Usr 0 00:00:00, Sys 0 00:00:00  -  Run Remote Usage
		Usr 0 00:00:00, Sys 0 00:00:00  -  Run Local Usage
		Usr 0 00:00:00, Sys 0 00:00:00  -  Total Remote Usage
		Usr 0 00:00:00, Sys 0 00:00:00  -  Total Local Usage
	0  -  Run Bytes Sent By Job
	0  -  Run Bytes Received By Job
	0  -  Total Bytes Sent By Job
	0  -  Total Bytes Received By Job
...
016 (2809.000.000) 05/12 21:28:36 POST Script terminated.
	(1) Normal termination (return value 0)
    DAG Node: clean_up_local_level_4_1
...
005 (2807.000.000) 05/12 21:31:36 Job terminated.
	(1) Normal termination (return value 0)
		Usr 0 00:00:24, Sys 0 00:00:00  -  Run Remote Usage
		Usr 0 00:00:00, Sys 0 00:00:00  -  Run Local Usage
		Usr 0 00:00:24, Sys 0 00:00:00  -  Total Remote Usage
		Usr 0 00:00:00, Sys 0 00:00:00  -  Total Local Usage
	465399  -  Run Bytes Sent By Job
	1662546  -  Run Bytes Received By Job
	465399  -  Total Bytes Sent By Job
	1662546  -  Total Bytes Received By Job
	Partitionable Resources :    Usage  Request Allocated
	   Cpus                 :                 1         1
	   Disk (KB)            :    82784     1750   7341612
	   Memory (MB)          :      149        1      3700
...
016 (2807.000.000) 05/12 21:31:36 POST Script terminated.
	(1) Normal termination (return value 0)
    DAG Node: averagecpu_0_ID0000004
...
000 (2810.000.000) 05/12 21:31:46 Job submitted from host: <10.240.0.3:31139?addrs=10.240.0.3-31139>
    DAG Node: clean_up_local_level_4_0
    pool:local
...
001 (2810.000.000) 05/12 21:31:47 Job executing on host: <10.240.0.3:25304?addrs=10.240.0.3-25304>
...
000 (2811.000.000) 05/12 21:31:47 Job submitted from host: <10.240.0.3:31139?addrs=10.240.0.3-31139>
    DAG Node: calculateratio_1_ID0000006
    pool:condorpool
...
000 (2812.000.000) 05/12 21:31:47 Job submitted from host: <10.240.0.3:31139?addrs=10.240.0.3-31139>
    DAG Node: calculateratio_2_ID0000007
    pool:condorpool
...
000 (2813.000.000) 05/12 21:31:47 Job submitted from host: <10.240.0.3:31139?addrs=10.240.0.3-31139>
    DAG Node: calculateratio_0_ID0000005
    pool:condorpool
...
001 (2811.000.000) 05/12 21:31:50 Job executing on host: <10.240.0.78:59026?addrs=10.240.0.78-59026>
...
005 (2810.000.000) 05/12 21:31:55 Job terminated.
	(1) Normal termination (return value 0)
		Usr 0 00:00:00, Sys 0 00:00:00  -  Run Remote Usage
		Usr 0 00:00:00, Sys 0 00:00:00  -  Run Local Usage
		Usr 0 00:00:00, Sys 0 00:00:00  -  Total Remote Usage
		Usr 0 00:00:00, Sys 0 00:00:00  -  Total Local Usage
	0  -  Run Bytes Sent By Job
	0  -  Run Bytes Received By Job
	0  -  Total Bytes Sent By Job
	0  -  Total Bytes Received By Job
...
016 (2810.000.000) 05/12 21:31:57 POST Script terminated.
	(1) Normal termination (return value 0)
    DAG Node: clean_up_local_level_4_0
...
001 (2813.000.000) 05/12 21:32:14 Job executing on host: <10.240.0.79:55619?addrs=10.240.0.79-55619>
...
001 (2812.000.000) 05/12 21:32:14 Job executing on host: <10.240.0.82:34346?addrs=10.240.0.82-34346>
...
005 (2813.000.000) 05/13 03:19:50 Job terminated.
	(1) Normal termination (return value 0)
		Usr 0 00:35:55, Sys 0 00:09:34  -  Run Remote Usage
		Usr 0 00:00:00, Sys 0 00:00:00  -  Run Local Usage
		Usr 0 00:35:55, Sys 0 00:09:34  -  Total Remote Usage
		Usr 0 00:00:00, Sys 0 00:00:00  -  Total Local Usage
	321333  -  Run Bytes Sent By Job
	1665228  -  Run Bytes Received By Job
	321333  -  Total Bytes Sent By Job
	1665228  -  Total Bytes Received By Job
	Partitionable Resources :    Usage  Request Allocated
	   Cpus                 :                 1         1
	   Disk (KB)            :   346177     1750   7341620
	   Memory (MB)          :      165        1      3700
...
016 (2813.000.000) 05/13 03:19:51 POST Script terminated.
	(1) Normal termination (return value 0)
    DAG Node: calculateratio_0_ID0000005
...
000 (2814.000.000) 05/13 03:20:01 Job submitted from host: <10.240.0.3:31139?addrs=10.240.0.3-31139>
    DAG Node: clean_up_local_level_5_1
    pool:local
...
001 (2814.000.000) 05/13 03:20:01 Job executing on host: <10.240.0.3:1193?addrs=10.240.0.3-1193>
...
005 (2814.000.000) 05/13 03:20:11 Job terminated.
	(1) Normal termination (return value 0)
		Usr 0 00:00:00, Sys 0 00:00:00  -  Run Remote Usage
		Usr 0 00:00:00, Sys 0 00:00:00  -  Run Local Usage
		Usr 0 00:00:00, Sys 0 00:00:00  -  Total Remote Usage
		Usr 0 00:00:00, Sys 0 00:00:00  -  Total Local Usage
	0  -  Run Bytes Sent By Job
	0  -  Run Bytes Received By Job
	0  -  Total Bytes Sent By Job
	0  -  Total Bytes Received By Job
...
016 (2814.000.000) 05/13 03:20:16 POST Script terminated.
	(1) Normal termination (return value 0)
    DAG Node: clean_up_local_level_5_1
...
005 (2811.000.000) 05/13 03:21:52 Job terminated.
	(1) Normal termination (return value 0)
		Usr 0 00:41:18, Sys 0 00:07:53  -  Run Remote Usage
		Usr 0 00:00:00, Sys 0 00:00:00  -  Run Local Usage
		Usr 0 00:41:18, Sys 0 00:07:53  -  Total Remote Usage
		Usr 0 00:00:00, Sys 0 00:00:00  -  Total Local Usage
	321332  -  Run Bytes Sent By Job
	1665233  -  Run Bytes Received By Job
	321332  -  Total Bytes Sent By Job
	1665233  -  Total Bytes Received By Job
	Partitionable Resources :    Usage  Request Allocated
	   Cpus                 :                 1         1
	   Disk (KB)            :   343105     1750   7341612
	   Memory (MB)          :      164        1      3700
...
016 (2811.000.000) 05/13 03:21:56 POST Script terminated.
	(1) Normal termination (return value 0)
    DAG Node: calculateratio_1_ID0000006
...
005 (2812.000.000) 05/13 03:22:32 Job terminated.
	(1) Normal termination (return value 0)
		Usr 0 00:39:46, Sys 0 00:06:52  -  Run Remote Usage
		Usr 0 00:00:00, Sys 0 00:00:00  -  Run Local Usage
		Usr 0 00:39:46, Sys 0 00:06:52  -  Total Remote Usage
		Usr 0 00:00:00, Sys 0 00:00:00  -  Total Local Usage
	321332  -  Run Bytes Sent By Job
	1665234  -  Run Bytes Received By Job
	321332  -  Total Bytes Sent By Job
	1665234  -  Total Bytes Received By Job
	Partitionable Resources :    Usage  Request Allocated
	   Cpus                 :                 1         1
	   Disk (KB)            :   342349     1750   7341488
	   Memory (MB)          :      164        1      3700
...
016 (2812.000.000) 05/13 03:22:36 POST Script terminated.
	(1) Normal termination (return value 0)
    DAG Node: calculateratio_2_ID0000007
...
000 (2815.000.000) 05/13 03:22:46 Job submitted from host: <10.240.0.3:31139?addrs=10.240.0.3-31139>
    DAG Node: clean_up_local_level_5_0
    pool:local
...
001 (2815.000.000) 05/13 03:22:46 Job executing on host: <10.240.0.3:4303?addrs=10.240.0.3-4303>
...
000 (2816.000.000) 05/13 03:22:46 Job submitted from host: <10.240.0.3:31139?addrs=10.240.0.3-31139>
    DAG Node: averageratio_1_ID0000009
    pool:condorpool
...
000 (2817.000.000) 05/13 03:22:46 Job submitted from host: <10.240.0.3:31139?addrs=10.240.0.3-31139>
    DAG Node: averageratio_2_ID0000010
    pool:condorpool
...
000 (2818.000.000) 05/13 03:22:46 Job submitted from host: <10.240.0.3:31139?addrs=10.240.0.3-31139>
    DAG Node: averageratio_0_ID0000008
    pool:condorpool
...
005 (2815.000.000) 05/13 03:22:56 Job terminated.
	(1) Normal termination (return value 0)
		Usr 0 00:00:00, Sys 0 00:00:00  -  Run Remote Usage
		Usr 0 00:00:00, Sys 0 00:00:00  -  Run Local Usage
		Usr 0 00:00:00, Sys 0 00:00:00  -  Total Remote Usage
		Usr 0 00:00:00, Sys 0 00:00:00  -  Total Local Usage
	0  -  Run Bytes Sent By Job
	0  -  Run Bytes Received By Job
	0  -  Total Bytes Sent By Job
	0  -  Total Bytes Received By Job
...
016 (2815.000.000) 05/13 03:23:01 POST Script terminated.
	(1) Normal termination (return value 0)
    DAG Node: clean_up_local_level_5_0
...
001 (2817.000.000) 05/13 03:23:09 Job executing on host: <10.240.0.78:59026?addrs=10.240.0.78-59026>
...
001 (2816.000.000) 05/13 03:23:09 Job executing on host: <10.240.0.82:34346?addrs=10.240.0.82-34346>
...
001 (2818.000.000) 05/13 03:23:09 Job executing on host: <10.240.0.79:55619?addrs=10.240.0.79-55619>
...
005 (2817.000.000) 05/13 03:23:11 Job terminated.
	(1) Normal termination (return value 0)
		Usr 0 00:00:00, Sys 0 00:00:00  -  Run Remote Usage
		Usr 0 00:00:00, Sys 0 00:00:00  -  Run Local Usage
		Usr 0 00:00:00, Sys 0 00:00:00  -  Total Remote Usage
		Usr 0 00:00:00, Sys 0 00:00:00  -  Total Local Usage
	4486  -  Run Bytes Sent By Job
	1662383  -  Run Bytes Received By Job
	4486  -  Total Bytes Sent By Job
	1662383  -  Total Bytes Received By Job
	Partitionable Resources :    Usage  Request Allocated
	   Cpus                 :                 1         1
	   Disk (KB)            :     7004     1750   7341560
	   Memory (MB)          :        0        1      3700
...
005 (2816.000.000) 05/13 03:23:11 Job terminated.
	(1) Normal termination (return value 0)
		Usr 0 00:00:00, Sys 0 00:00:00  -  Run Remote Usage
		Usr 0 00:00:00, Sys 0 00:00:00  -  Run Local Usage
		Usr 0 00:00:00, Sys 0 00:00:00  -  Total Remote Usage
		Usr 0 00:00:00, Sys 0 00:00:00  -  Total Local Usage
	4486  -  Run Bytes Sent By Job
	1662384  -  Run Bytes Received By Job
	4486  -  Total Bytes Sent By Job
	1662384  -  Total Bytes Received By Job
	Partitionable Resources :    Usage  Request Allocated
	   Cpus                 :                 1         1
	   Disk (KB)            :     7004     1750   7341480
	   Memory (MB)          :        0        1      3700
...
005 (2818.000.000) 05/13 03:23:11 Job terminated.
	(1) Normal termination (return value 0)
		Usr 0 00:00:00, Sys 0 00:00:00  -  Run Remote Usage
		Usr 0 00:00:00, Sys 0 00:00:00  -  Run Local Usage
		Usr 0 00:00:00, Sys 0 00:00:00  -  Total Remote Usage
		Usr 0 00:00:00, Sys 0 00:00:00  -  Total Local Usage
	4486  -  Run Bytes Sent By Job
	1662384  -  Run Bytes Received By Job
	4486  -  Total Bytes Sent By Job
	1662384  -  Total Bytes Received By Job
	Partitionable Resources :    Usage  Request Allocated
	   Cpus                 :                 1         1
	   Disk (KB)            :     7004     1750   7341620
	   Memory (MB)          :        0        1      3700
...
016 (2817.000.000) 05/13 03:23:12 POST Script terminated.
	(1) Normal termination (return value 0)
    DAG Node: averageratio_2_ID0000010
...
016 (2818.000.000) 05/13 03:23:12 POST Script terminated.
	(1) Normal termination (return value 0)
    DAG Node: averageratio_0_ID0000008
...
016 (2816.000.000) 05/13 03:23:12 POST Script terminated.
	(1) Normal termination (return value 0)
    DAG Node: averageratio_1_ID0000009
...
000 (2819.000.000) 05/13 03:23:21 Job submitted from host: <10.240.0.3:31139?addrs=10.240.0.3-31139>
    DAG Node: clean_up_local_level_6_1
    pool:local
...
001 (2819.000.000) 05/13 03:23:21 Job executing on host: <10.240.0.3:59020?addrs=10.240.0.3-59020>
...
000 (2820.000.000) 05/13 03:23:21 Job submitted from host: <10.240.0.3:31139?addrs=10.240.0.3-31139>
    DAG Node: clean_up_local_level_6_0
    pool:local
...
000 (2821.000.000) 05/13 03:23:21 Job submitted from host: <10.240.0.3:31139?addrs=10.240.0.3-31139>
    DAG Node: maxminratio_0_ID0000011
    pool:condorpool
...
001 (2821.000.000) 05/13 03:23:23 Job executing on host: <10.240.0.78:59026?addrs=10.240.0.78-59026>
...
005 (2819.000.000) 05/13 03:23:25 Job terminated.
	(1) Normal termination (return value 0)
		Usr 0 00:00:00, Sys 0 00:00:00  -  Run Remote Usage
		Usr 0 00:00:00, Sys 0 00:00:00  -  Run Local Usage
		Usr 0 00:00:00, Sys 0 00:00:00  -  Total Remote Usage
		Usr 0 00:00:00, Sys 0 00:00:00  -  Total Local Usage
	0  -  Run Bytes Sent By Job
	0  -  Run Bytes Received By Job
	0  -  Total Bytes Sent By Job
	0  -  Total Bytes Received By Job
...
001 (2820.000.000) 05/13 03:23:25 Job executing on host: <10.240.0.3:7980?addrs=10.240.0.3-7980>
...
005 (2821.000.000) 05/13 03:23:25 Job terminated.
	(1) Normal termination (return value 0)
		Usr 0 00:00:00, Sys 0 00:00:00  -  Run Remote Usage
		Usr 0 00:00:00, Sys 0 00:00:00  -  Run Local Usage
		Usr 0 00:00:00, Sys 0 00:00:00  -  Total Remote Usage
		Usr 0 00:00:00, Sys 0 00:00:00  -  Total Local Usage
	5373  -  Run Bytes Sent By Job
	1662195  -  Run Bytes Received By Job
	5373  -  Total Bytes Sent By Job
	1662195  -  Total Bytes Received By Job
	Partitionable Resources :    Usage  Request Allocated
	   Cpus                 :                 1         1
	   Disk (KB)            :     7005     1750   7341560
	   Memory (MB)          :        0        1      3700
...
016 (2819.000.000) 05/13 03:23:26 POST Script terminated.
	(1) Normal termination (return value 0)
    DAG Node: clean_up_local_level_6_1
...
016 (2821.000.000) 05/13 03:23:26 POST Script terminated.
	(1) Normal termination (return value 0)
    DAG Node: maxminratio_0_ID0000011
...
005 (2820.000.000) 05/13 03:23:33 Job terminated.
	(1) Normal termination (return value 0)
		Usr 0 00:00:00, Sys 0 00:00:00  -  Run Remote Usage
		Usr 0 00:00:00, Sys 0 00:00:00  -  Run Local Usage
		Usr 0 00:00:00, Sys 0 00:00:00  -  Total Remote Usage
		Usr 0 00:00:00, Sys 0 00:00:00  -  Total Local Usage
	0  -  Run Bytes Sent By Job
	0  -  Run Bytes Received By Job
	0  -  Total Bytes Sent By Job
	0  -  Total Bytes Received By Job
...
000 (2822.000.000) 05/13 03:23:36 Job submitted from host: <10.240.0.3:31139?addrs=10.240.0.3-31139>
    DAG Node: clean_up_local_level_7_0
    pool:local
...
001 (2822.000.000) 05/13 03:23:36 Job executing on host: <10.240.0.3:52916?addrs=10.240.0.3-52916>
...
016 (2820.000.000) 05/13 03:23:36 POST Script terminated.
	(1) Normal termination (return value 0)
    DAG Node: clean_up_local_level_6_0
...
005 (2822.000.000) 05/13 03:23:40 Job terminated.
	(1) Normal termination (return value 0)
		Usr 0 00:00:00, Sys 0 00:00:00  -  Run Remote Usage
		Usr 0 00:00:00, Sys 0 00:00:00  -  Run Local Usage
		Usr 0 00:00:00, Sys 0 00:00:00  -  Total Remote Usage
		Usr 0 00:00:00, Sys 0 00:00:00  -  Total Local Usage
	0  -  Run Bytes Sent By Job
	0  -  Run Bytes Received By Job
	0  -  Total Bytes Sent By Job
	0  -  Total Bytes Received By Job
...
016 (2822.000.000) 05/13 03:23:41 POST Script terminated.
	(1) Normal termination (return value 0)
    DAG Node: clean_up_local_level_7_0
...
000 (2823.000.000) 05/13 03:23:51 Job submitted from host: <10.240.0.3:31139?addrs=10.240.0.3-31139>
    DAG Node: cleanup_example_workflow_0_local
    pool:local
...
001 (2823.000.000) 05/13 03:23:51 Job executing on host: <10.240.0.3:50376?addrs=10.240.0.3-50376>
...
005 (2823.000.000) 05/13 03:23:53 Job terminated.
	(1) Normal termination (return value 0)
		Usr 0 00:00:00, Sys 0 00:00:00  -  Run Remote Usage
		Usr 0 00:00:00, Sys 0 00:00:00  -  Run Local Usage
		Usr 0 00:00:00, Sys 0 00:00:00  -  Total Remote Usage
		Usr 0 00:00:00, Sys 0 00:00:00  -  Total Local Usage
	0  -  Run Bytes Sent By Job
	0  -  Run Bytes Received By Job
	0  -  Total Bytes Sent By Job
	0  -  Total Bytes Received By Job
...
