000 (853.000.000) 10/25 16:54:55 Job submitted from host: <54.153.86.184:19665?addrs=54.153.86.184-19665>
    DAG Node: create_dir_example_workflow_0_local
    pool:local
...
001 (853.000.000) 10/25 16:54:56 Job executing on host: <54.153.86.184:27252?addrs=54.153.86.184-27252>
...
005 (853.000.000) 10/25 16:54:58 Job terminated.
	(1) Normal termination (return value 0)
		Usr 0 00:00:00, Sys 0 00:00:00  -  Run Remote Usage
		Usr 0 00:00:00, Sys 0 00:00:00  -  Run Local Usage
		Usr 0 00:00:00, Sys 0 00:00:00  -  Total Remote Usage
		Usr 0 00:00:00, Sys 0 00:00:00  -  Total Local Usage
	0  -  Run Bytes Sent By Job
	0  -  Run Bytes Received By Job
	0  -  Total Bytes Sent By Job
	0  -  Total Bytes Received By Job
...
000 (854.000.000) 10/25 16:55:10 Job submitted from host: <54.153.86.184:19665?addrs=54.153.86.184-19665>
    DAG Node: stage_in_local_local_0_0
    pool:local
...
000 (855.000.000) 10/25 16:55:10 Job submitted from host: <54.153.86.184:19665?addrs=54.153.86.184-19665>
    DAG Node: stage_in_local_local_6_0
    pool:local
...
001 (854.000.000) 10/25 16:55:10 Job executing on host: <54.153.86.184:24407?addrs=54.153.86.184-24407>
...
000 (856.000.000) 10/25 16:55:10 Job submitted from host: <54.153.86.184:19665?addrs=54.153.86.184-19665>
    DAG Node: stage_in_remote_local_2_1
    pool:local
...
000 (857.000.000) 10/25 16:55:10 Job submitted from host: <54.153.86.184:19665?addrs=54.153.86.184-19665>
    DAG Node: stage_in_remote_local_5_1
    pool:local
...
000 (858.000.000) 10/25 16:55:10 Job submitted from host: <54.153.86.184:19665?addrs=54.153.86.184-19665>
    DAG Node: stage_in_remote_local_5_0
    pool:local
...
005 (854.000.000) 10/25 16:55:12 Job terminated.
	(1) Normal termination (return value 0)
		Usr 0 00:00:00, Sys 0 00:00:00  -  Run Remote Usage
		Usr 0 00:00:00, Sys 0 00:00:00  -  Run Local Usage
		Usr 0 00:00:00, Sys 0 00:00:00  -  Total Remote Usage
		Usr 0 00:00:00, Sys 0 00:00:00  -  Total Local Usage
	0  -  Run Bytes Sent By Job
	0  -  Run Bytes Received By Job
	0  -  Total Bytes Sent By Job
	0  -  Total Bytes Received By Job
...
001 (857.000.000) 10/25 16:55:12 Job executing on host: <54.153.86.184:25464?addrs=54.153.86.184-25464>
...
001 (858.000.000) 10/25 16:55:12 Job executing on host: <54.153.86.184:45363?addrs=54.153.86.184-45363>
...
001 (855.000.000) 10/25 16:55:12 Job executing on host: <54.153.86.184:29912?addrs=54.153.86.184-29912>
...
001 (856.000.000) 10/25 16:55:12 Job executing on host: <54.153.86.184:38717?addrs=54.153.86.184-38717>
...
005 (856.000.000) 10/25 16:55:15 Job terminated.
	(1) Normal termination (return value 0)
		Usr 0 00:00:00, Sys 0 00:00:00  -  Run Remote Usage
		Usr 0 00:00:00, Sys 0 00:00:00  -  Run Local Usage
		Usr 0 00:00:00, Sys 0 00:00:00  -  Total Remote Usage
		Usr 0 00:00:00, Sys 0 00:00:00  -  Total Local Usage
	0  -  Run Bytes Sent By Job
	0  -  Run Bytes Received By Job
	0  -  Total Bytes Sent By Job
	0  -  Total Bytes Received By Job
...
005 (855.000.000) 10/25 16:55:15 Job terminated.
	(1) Normal termination (return value 0)
		Usr 0 00:00:00, Sys 0 00:00:00  -  Run Remote Usage
		Usr 0 00:00:00, Sys 0 00:00:00  -  Run Local Usage
		Usr 0 00:00:00, Sys 0 00:00:00  -  Total Remote Usage
		Usr 0 00:00:00, Sys 0 00:00:00  -  Total Local Usage
	0  -  Run Bytes Sent By Job
	0  -  Run Bytes Received By Job
	0  -  Total Bytes Sent By Job
	0  -  Total Bytes Received By Job
...
005 (857.000.000) 10/25 16:55:15 Job terminated.
	(1) Normal termination (return value 0)
		Usr 0 00:00:00, Sys 0 00:00:00  -  Run Remote Usage
		Usr 0 00:00:00, Sys 0 00:00:00  -  Run Local Usage
		Usr 0 00:00:00, Sys 0 00:00:00  -  Total Remote Usage
		Usr 0 00:00:00, Sys 0 00:00:00  -  Total Local Usage
	0  -  Run Bytes Sent By Job
	0  -  Run Bytes Received By Job
	0  -  Total Bytes Sent By Job
	0  -  Total Bytes Received By Job
...
000 (859.000.000) 10/25 16:55:15 Job submitted from host: <54.153.86.184:19665?addrs=54.153.86.184-19665>
    DAG Node: stage_in_local_local_2_0
    pool:local
...
001 (859.000.000) 10/25 16:55:15 Job executing on host: <54.153.86.184:36230?addrs=54.153.86.184-36230>
...
000 (860.000.000) 10/25 16:55:15 Job submitted from host: <54.153.86.184:19665?addrs=54.153.86.184-19665>
    DAG Node: stage_in_local_local_2_1
    pool:local
...
001 (860.000.000) 10/25 16:55:15 Job executing on host: <54.153.86.184:17986?addrs=54.153.86.184-17986>
...
000 (861.000.000) 10/25 16:55:15 Job submitted from host: <54.153.86.184:19665?addrs=54.153.86.184-19665>
    DAG Node: stage_in_local_local_3_1
    pool:local
...
001 (861.000.000) 10/25 16:55:15 Job executing on host: <54.153.86.184:38506?addrs=54.153.86.184-38506>
...
000 (862.000.000) 10/25 16:55:15 Job submitted from host: <54.153.86.184:19665?addrs=54.153.86.184-19665>
    DAG Node: stage_in_remote_local_1_0
    pool:local
...
000 (863.000.000) 10/25 16:55:16 Job submitted from host: <54.153.86.184:19665?addrs=54.153.86.184-19665>
    DAG Node: stage_in_local_local_3_0
    pool:local
...
005 (858.000.000) 10/25 16:55:17 Job terminated.
	(1) Normal termination (return value 0)
		Usr 0 00:00:00, Sys 0 00:00:00  -  Run Remote Usage
		Usr 0 00:00:00, Sys 0 00:00:00  -  Run Local Usage
		Usr 0 00:00:00, Sys 0 00:00:00  -  Total Remote Usage
		Usr 0 00:00:00, Sys 0 00:00:00  -  Total Local Usage
	0  -  Run Bytes Sent By Job
	0  -  Run Bytes Received By Job
	0  -  Total Bytes Sent By Job
	0  -  Total Bytes Received By Job
...
001 (862.000.000) 10/25 16:55:17 Job executing on host: <54.153.86.184:17913?addrs=54.153.86.184-17913>
...
001 (863.000.000) 10/25 16:55:17 Job executing on host: <54.153.86.184:55964?addrs=54.153.86.184-55964>
...
005 (860.000.000) 10/25 16:55:18 Job terminated.
	(1) Normal termination (return value 0)
		Usr 0 00:00:00, Sys 0 00:00:00  -  Run Remote Usage
		Usr 0 00:00:00, Sys 0 00:00:00  -  Run Local Usage
		Usr 0 00:00:00, Sys 0 00:00:00  -  Total Remote Usage
		Usr 0 00:00:00, Sys 0 00:00:00  -  Total Local Usage
	0  -  Run Bytes Sent By Job
	0  -  Run Bytes Received By Job
	0  -  Total Bytes Sent By Job
	0  -  Total Bytes Received By Job
...
005 (861.000.000) 10/25 16:55:18 Job terminated.
	(1) Normal termination (return value 0)
		Usr 0 00:00:00, Sys 0 00:00:00  -  Run Remote Usage
		Usr 0 00:00:00, Sys 0 00:00:00  -  Run Local Usage
		Usr 0 00:00:00, Sys 0 00:00:00  -  Total Remote Usage
		Usr 0 00:00:00, Sys 0 00:00:00  -  Total Local Usage
	0  -  Run Bytes Sent By Job
	0  -  Run Bytes Received By Job
	0  -  Total Bytes Sent By Job
	0  -  Total Bytes Received By Job
...
005 (862.000.000) 10/25 16:55:19 Job terminated.
	(1) Normal termination (return value 0)
		Usr 0 00:00:00, Sys 0 00:00:00  -  Run Remote Usage
		Usr 0 00:00:00, Sys 0 00:00:00  -  Run Local Usage
		Usr 0 00:00:00, Sys 0 00:00:00  -  Total Remote Usage
		Usr 0 00:00:00, Sys 0 00:00:00  -  Total Local Usage
	0  -  Run Bytes Sent By Job
	0  -  Run Bytes Received By Job
	0  -  Total Bytes Sent By Job
	0  -  Total Bytes Received By Job
...
005 (859.000.000) 10/25 16:55:20 Job terminated.
	(1) Normal termination (return value 0)
		Usr 0 00:00:00, Sys 0 00:00:00  -  Run Remote Usage
		Usr 0 00:00:00, Sys 0 00:00:00  -  Run Local Usage
		Usr 0 00:00:00, Sys 0 00:00:00  -  Total Remote Usage
		Usr 0 00:00:00, Sys 0 00:00:00  -  Total Local Usage
	0  -  Run Bytes Sent By Job
	0  -  Run Bytes Received By Job
	0  -  Total Bytes Sent By Job
	0  -  Total Bytes Received By Job
...
005 (863.000.000) 10/25 16:55:21 Job terminated.
	(1) Normal termination (return value 0)
		Usr 0 00:00:00, Sys 0 00:00:00  -  Run Remote Usage
		Usr 0 00:00:00, Sys 0 00:00:00  -  Run Local Usage
		Usr 0 00:00:00, Sys 0 00:00:00  -  Total Remote Usage
		Usr 0 00:00:00, Sys 0 00:00:00  -  Total Local Usage
	0  -  Run Bytes Sent By Job
	0  -  Run Bytes Received By Job
	0  -  Total Bytes Sent By Job
	0  -  Total Bytes Received By Job
...
000 (864.000.000) 10/25 16:55:21 Job submitted from host: <54.153.86.184:19665?addrs=54.153.86.184-19665>
    DAG Node: stage_in_local_local_5_0
    pool:local
...
001 (864.000.000) 10/25 16:55:21 Job executing on host: <54.153.86.184:4605?addrs=54.153.86.184-4605>
...
000 (865.000.000) 10/25 16:55:21 Job submitted from host: <54.153.86.184:19665?addrs=54.153.86.184-19665>
    DAG Node: stage_in_local_local_5_1
    pool:local
...
000 (866.000.000) 10/25 16:55:22 Job submitted from host: <54.153.86.184:19665?addrs=54.153.86.184-19665>
    DAG Node: stage_in_local_local_4_0
    pool:local
...
001 (865.000.000) 10/25 16:55:22 Job executing on host: <54.153.86.184:6649?addrs=54.153.86.184-6649>
...
000 (867.000.000) 10/25 16:55:22 Job submitted from host: <54.153.86.184:19665?addrs=54.153.86.184-19665>
    DAG Node: stage_in_local_local_1_0
    pool:local
...
000 (868.000.000) 10/25 16:55:22 Job submitted from host: <54.153.86.184:19665?addrs=54.153.86.184-19665>
    DAG Node: stage_in_local_local_7_0
    pool:local
...
005 (865.000.000) 10/25 16:55:24 Job terminated.
	(1) Normal termination (return value 0)
		Usr 0 00:00:00, Sys 0 00:00:00  -  Run Remote Usage
		Usr 0 00:00:00, Sys 0 00:00:00  -  Run Local Usage
		Usr 0 00:00:00, Sys 0 00:00:00  -  Total Remote Usage
		Usr 0 00:00:00, Sys 0 00:00:00  -  Total Local Usage
	0  -  Run Bytes Sent By Job
	0  -  Run Bytes Received By Job
	0  -  Total Bytes Sent By Job
	0  -  Total Bytes Received By Job
...
001 (866.000.000) 10/25 16:55:24 Job executing on host: <54.153.86.184:9871?addrs=54.153.86.184-9871>
...
001 (867.000.000) 10/25 16:55:24 Job executing on host: <54.153.86.184:34229?addrs=54.153.86.184-34229>
...
001 (868.000.000) 10/25 16:55:24 Job executing on host: <54.153.86.184:27644?addrs=54.153.86.184-27644>
...
005 (864.000.000) 10/25 16:55:26 Job terminated.
	(1) Normal termination (return value 0)
		Usr 0 00:00:00, Sys 0 00:00:00  -  Run Remote Usage
		Usr 0 00:00:00, Sys 0 00:00:00  -  Run Local Usage
		Usr 0 00:00:00, Sys 0 00:00:00  -  Total Remote Usage
		Usr 0 00:00:00, Sys 0 00:00:00  -  Total Local Usage
	0  -  Run Bytes Sent By Job
	0  -  Run Bytes Received By Job
	0  -  Total Bytes Sent By Job
	0  -  Total Bytes Received By Job
...
005 (867.000.000) 10/25 16:55:26 Job terminated.
	(1) Normal termination (return value 0)
		Usr 0 00:00:00, Sys 0 00:00:00  -  Run Remote Usage
		Usr 0 00:00:00, Sys 0 00:00:00  -  Run Local Usage
		Usr 0 00:00:00, Sys 0 00:00:00  -  Total Remote Usage
		Usr 0 00:00:00, Sys 0 00:00:00  -  Total Local Usage
	0  -  Run Bytes Sent By Job
	0  -  Run Bytes Received By Job
	0  -  Total Bytes Sent By Job
	0  -  Total Bytes Received By Job
...
005 (868.000.000) 10/25 16:55:26 Job terminated.
	(1) Normal termination (return value 0)
		Usr 0 00:00:00, Sys 0 00:00:00  -  Run Remote Usage
		Usr 0 00:00:00, Sys 0 00:00:00  -  Run Local Usage
		Usr 0 00:00:00, Sys 0 00:00:00  -  Total Remote Usage
		Usr 0 00:00:00, Sys 0 00:00:00  -  Total Local Usage
	0  -  Run Bytes Sent By Job
	0  -  Run Bytes Received By Job
	0  -  Total Bytes Sent By Job
	0  -  Total Bytes Received By Job
...
000 (869.000.000) 10/25 16:55:27 Job submitted from host: <54.153.86.184:19665?addrs=54.153.86.184-19665>
    DAG Node: stage_in_local_local_4_1
    pool:local
...
001 (869.000.000) 10/25 16:55:27 Job executing on host: <54.153.86.184:6738?addrs=54.153.86.184-6738>
...
000 (870.000.000) 10/25 16:55:27 Job submitted from host: <54.153.86.184:19665?addrs=54.153.86.184-19665>
    DAG Node: stage_in_remote_local_4_1
    pool:local
...
000 (871.000.000) 10/25 16:55:27 Job submitted from host: <54.153.86.184:19665?addrs=54.153.86.184-19665>
    DAG Node: stage_in_remote_local_4_0
    pool:local
...
001 (870.000.000) 10/25 16:55:27 Job executing on host: <54.153.86.184:41010?addrs=54.153.86.184-41010>
...
000 (872.000.000) 10/25 16:55:27 Job submitted from host: <54.153.86.184:19665?addrs=54.153.86.184-19665>
    DAG Node: stage_in_remote_local_2_0
    pool:local
...
001 (871.000.000) 10/25 16:55:27 Job executing on host: <54.153.86.184:31517?addrs=54.153.86.184-31517>
...
000 (873.000.000) 10/25 16:55:27 Job submitted from host: <54.153.86.184:19665?addrs=54.153.86.184-19665>
    DAG Node: stage_in_remote_local_3_1
    pool:local
...
005 (866.000.000) 10/25 16:55:28 Job terminated.
	(1) Normal termination (return value 0)
		Usr 0 00:00:00, Sys 0 00:00:00  -  Run Remote Usage
		Usr 0 00:00:00, Sys 0 00:00:00  -  Run Local Usage
		Usr 0 00:00:00, Sys 0 00:00:00  -  Total Remote Usage
		Usr 0 00:00:00, Sys 0 00:00:00  -  Total Local Usage
	0  -  Run Bytes Sent By Job
	0  -  Run Bytes Received By Job
	0  -  Total Bytes Sent By Job
	0  -  Total Bytes Received By Job
...
001 (872.000.000) 10/25 16:55:28 Job executing on host: <54.153.86.184:1454?addrs=54.153.86.184-1454>
...
001 (873.000.000) 10/25 16:55:28 Job executing on host: <54.153.86.184:19574?addrs=54.153.86.184-19574>
...
005 (869.000.000) 10/25 16:55:29 Job terminated.
	(1) Normal termination (return value 0)
		Usr 0 00:00:00, Sys 0 00:00:00  -  Run Remote Usage
		Usr 0 00:00:00, Sys 0 00:00:00  -  Run Local Usage
		Usr 0 00:00:00, Sys 0 00:00:00  -  Total Remote Usage
		Usr 0 00:00:00, Sys 0 00:00:00  -  Total Local Usage
	0  -  Run Bytes Sent By Job
	0  -  Run Bytes Received By Job
	0  -  Total Bytes Sent By Job
	0  -  Total Bytes Received By Job
...
005 (871.000.000) 10/25 16:55:32 Job terminated.
	(1) Normal termination (return value 0)
		Usr 0 00:00:00, Sys 0 00:00:00  -  Run Remote Usage
		Usr 0 00:00:00, Sys 0 00:00:00  -  Run Local Usage
		Usr 0 00:00:00, Sys 0 00:00:00  -  Total Remote Usage
		Usr 0 00:00:00, Sys 0 00:00:00  -  Total Local Usage
	0  -  Run Bytes Sent By Job
	0  -  Run Bytes Received By Job
	0  -  Total Bytes Sent By Job
	0  -  Total Bytes Received By Job
...
005 (870.000.000) 10/25 16:55:32 Job terminated.
	(1) Normal termination (return value 0)
		Usr 0 00:00:00, Sys 0 00:00:00  -  Run Remote Usage
		Usr 0 00:00:00, Sys 0 00:00:00  -  Run Local Usage
		Usr 0 00:00:00, Sys 0 00:00:00  -  Total Remote Usage
		Usr 0 00:00:00, Sys 0 00:00:00  -  Total Local Usage
	0  -  Run Bytes Sent By Job
	0  -  Run Bytes Received By Job
	0  -  Total Bytes Sent By Job
	0  -  Total Bytes Received By Job
...
000 (874.000.000) 10/25 16:55:32 Job submitted from host: <54.153.86.184:19665?addrs=54.153.86.184-19665>
    DAG Node: stage_in_remote_local_3_0
    pool:local
...
001 (874.000.000) 10/25 16:55:32 Job executing on host: <54.153.86.184:61885?addrs=54.153.86.184-61885>
...
000 (875.000.000) 10/25 16:55:32 Job submitted from host: <54.153.86.184:19665?addrs=54.153.86.184-19665>
    DAG Node: stage_in_remote_local_6_0
    pool:local
...
001 (875.000.000) 10/25 16:55:32 Job executing on host: <54.153.86.184:25141?addrs=54.153.86.184-25141>
...
000 (876.000.000) 10/25 16:55:32 Job submitted from host: <54.153.86.184:19665?addrs=54.153.86.184-19665>
    DAG Node: init_0_ID0000001
    pool:condorpool
...
005 (873.000.000) 10/25 16:55:33 Job terminated.
	(1) Normal termination (return value 0)
		Usr 0 00:00:00, Sys 0 00:00:00  -  Run Remote Usage
		Usr 0 00:00:00, Sys 0 00:00:00  -  Run Local Usage
		Usr 0 00:00:00, Sys 0 00:00:00  -  Total Remote Usage
		Usr 0 00:00:00, Sys 0 00:00:00  -  Total Local Usage
	0  -  Run Bytes Sent By Job
	0  -  Run Bytes Received By Job
	0  -  Total Bytes Sent By Job
	0  -  Total Bytes Received By Job
...
005 (872.000.000) 10/25 16:55:33 Job terminated.
	(1) Normal termination (return value 0)
		Usr 0 00:00:00, Sys 0 00:00:00  -  Run Remote Usage
		Usr 0 00:00:00, Sys 0 00:00:00  -  Run Local Usage
		Usr 0 00:00:00, Sys 0 00:00:00  -  Total Remote Usage
		Usr 0 00:00:00, Sys 0 00:00:00  -  Total Local Usage
	0  -  Run Bytes Sent By Job
	0  -  Run Bytes Received By Job
	0  -  Total Bytes Sent By Job
	0  -  Total Bytes Received By Job
...
005 (875.000.000) 10/25 16:55:35 Job terminated.
	(1) Normal termination (return value 0)
		Usr 0 00:00:00, Sys 0 00:00:00  -  Run Remote Usage
		Usr 0 00:00:00, Sys 0 00:00:00  -  Run Local Usage
		Usr 0 00:00:00, Sys 0 00:00:00  -  Total Remote Usage
		Usr 0 00:00:00, Sys 0 00:00:00  -  Total Local Usage
	0  -  Run Bytes Sent By Job
	0  -  Run Bytes Received By Job
	0  -  Total Bytes Sent By Job
	0  -  Total Bytes Received By Job
...
005 (874.000.000) 10/25 16:55:36 Job terminated.
	(1) Normal termination (return value 0)
		Usr 0 00:00:00, Sys 0 00:00:00  -  Run Remote Usage
		Usr 0 00:00:00, Sys 0 00:00:00  -  Run Local Usage
		Usr 0 00:00:00, Sys 0 00:00:00  -  Total Remote Usage
		Usr 0 00:00:00, Sys 0 00:00:00  -  Total Local Usage
	0  -  Run Bytes Sent By Job
	0  -  Run Bytes Received By Job
	0  -  Total Bytes Sent By Job
	0  -  Total Bytes Received By Job
...
001 (876.000.000) 10/25 16:55:43 Job executing on host: <54.186.11.128:14421?addrs=54.186.11.128-14421&noUDP>
...
006 (876.000.000) 10/25 16:55:52 Image size of job updated: 2
	2  -  MemoryUsage of job (MB)
	1648  -  ResidentSetSize of job (KB)
...
006 (876.000.000) 10/25 16:56:27 Image size of job updated: 358788
	2  -  MemoryUsage of job (MB)
	1648  -  ResidentSetSize of job (KB)
...
005 (876.000.000) 10/25 16:56:27 Job terminated.
	(1) Normal termination (return value 0)
		Usr 0 00:00:00, Sys 0 00:00:00  -  Run Remote Usage
		Usr 0 00:00:00, Sys 0 00:00:00  -  Run Local Usage
		Usr 0 00:00:00, Sys 0 00:00:00  -  Total Remote Usage
		Usr 0 00:00:00, Sys 0 00:00:00  -  Total Local Usage
	4454  -  Run Bytes Sent By Job
	3169847  -  Run Bytes Received By Job
	4454  -  Total Bytes Sent By Job
	3169847  -  Total Bytes Received By Job
	Partitionable Resources :    Usage  Request Allocated
	   Cpus                 :                 1         1
	   Disk (KB)            :     6105     3250  27637472
	   Memory (MB)          :        2        1      3764
...
000 (877.000.000) 10/25 16:56:42 Job submitted from host: <54.153.86.184:19665?addrs=54.153.86.184-19665>
    DAG Node: clean_up_local_level_3_0
    pool:local
...
001 (877.000.000) 10/25 16:56:42 Job executing on host: <54.153.86.184:28017?addrs=54.153.86.184-28017>
...
000 (878.000.000) 10/25 16:56:42 Job submitted from host: <54.153.86.184:19665?addrs=54.153.86.184-19665>
    DAG Node: generalinfo_0_ID0000002
    pool:condorpool
...
001 (878.000.000) 10/25 16:56:43 Job executing on host: <54.186.11.128:14421?addrs=54.186.11.128-14421&noUDP>
...
005 (877.000.000) 10/25 16:56:44 Job terminated.
	(1) Normal termination (return value 0)
		Usr 0 00:00:00, Sys 0 00:00:00  -  Run Remote Usage
		Usr 0 00:00:00, Sys 0 00:00:00  -  Run Local Usage
		Usr 0 00:00:00, Sys 0 00:00:00  -  Total Remote Usage
		Usr 0 00:00:00, Sys 0 00:00:00  -  Total Local Usage
	0  -  Run Bytes Sent By Job
	0  -  Run Bytes Received By Job
	0  -  Total Bytes Sent By Job
	0  -  Total Bytes Received By Job
...
006 (878.000.000) 10/25 16:56:52 Image size of job updated: 2
	2  -  MemoryUsage of job (MB)
	1648  -  ResidentSetSize of job (KB)
...
006 (878.000.000) 10/25 17:01:04 Image size of job updated: 481948
	2  -  MemoryUsage of job (MB)
	1648  -  ResidentSetSize of job (KB)
...
005 (878.000.000) 10/25 17:01:04 Job terminated.
	(1) Normal termination (return value 0)
		Usr 0 00:03:25, Sys 0 00:00:02  -  Run Remote Usage
		Usr 0 00:00:00, Sys 0 00:00:00  -  Run Local Usage
		Usr 0 00:03:25, Sys 0 00:00:02  -  Total Remote Usage
		Usr 0 00:00:00, Sys 0 00:00:00  -  Total Local Usage
	5304  -  Run Bytes Sent By Job
	3168857  -  Run Bytes Received By Job
	5304  -  Total Bytes Sent By Job
	3168857  -  Total Bytes Received By Job
	Partitionable Resources :    Usage  Request Allocated
	   Cpus                 :                 1         1
	   Disk (KB)            :     6106     3250  27637472
	   Memory (MB)          :        2        1      3764
...
000 (879.000.000) 10/25 17:01:18 Job submitted from host: <54.153.86.184:19665?addrs=54.153.86.184-19665>
    DAG Node: clean_up_local_level_4_0
    pool:local
...
001 (879.000.000) 10/25 17:01:18 Job executing on host: <54.153.86.184:30594?addrs=54.153.86.184-30594>
...
000 (880.000.000) 10/25 17:01:18 Job submitted from host: <54.153.86.184:19665?addrs=54.153.86.184-19665>
    DAG Node: statscpumemory_0_ID0000003
    pool:condorpool
...
000 (881.000.000) 10/25 17:01:18 Job submitted from host: <54.153.86.184:19665?addrs=54.153.86.184-19665>
    DAG Node: medianmemory_0_ID0000005
    pool:condorpool
...
000 (882.000.000) 10/25 17:01:18 Job submitted from host: <54.153.86.184:19665?addrs=54.153.86.184-19665>
    DAG Node: mediancpu_0_ID0000004
    pool:condorpool
...
001 (880.000.000) 10/25 17:01:18 Job executing on host: <54.186.11.128:14421?addrs=54.186.11.128-14421&noUDP>
...
005 (879.000.000) 10/25 17:01:22 Job terminated.
	(1) Normal termination (return value 0)
		Usr 0 00:00:00, Sys 0 00:00:00  -  Run Remote Usage
		Usr 0 00:00:00, Sys 0 00:00:00  -  Run Local Usage
		Usr 0 00:00:00, Sys 0 00:00:00  -  Total Remote Usage
		Usr 0 00:00:00, Sys 0 00:00:00  -  Total Local Usage
	0  -  Run Bytes Sent By Job
	0  -  Run Bytes Received By Job
	0  -  Total Bytes Sent By Job
	0  -  Total Bytes Received By Job
...
006 (880.000.000) 10/25 17:01:26 Image size of job updated: 2
	2  -  MemoryUsage of job (MB)
	1648  -  ResidentSetSize of job (KB)
...
001 (881.000.000) 10/25 17:01:44 Job executing on host: <54.245.40.251:53544?addrs=54.245.40.251-53544&noUDP>
...
001 (882.000.000) 10/25 17:01:44 Job executing on host: <54.201.207.181:39788?addrs=54.201.207.181-39788&noUDP>
...
006 (881.000.000) 10/25 17:01:53 Image size of job updated: 2
	2  -  MemoryUsage of job (MB)
	1648  -  ResidentSetSize of job (KB)
...
006 (882.000.000) 10/25 17:01:53 Image size of job updated: 2
	2  -  MemoryUsage of job (MB)
	1648  -  ResidentSetSize of job (KB)
...
006 (880.000.000) 10/25 17:06:28 Image size of job updated: 758460
	141  -  MemoryUsage of job (MB)
	144248  -  ResidentSetSize of job (KB)
...
006 (882.000.000) 10/25 17:06:53 Image size of job updated: 511644
	145  -  MemoryUsage of job (MB)
	147460  -  ResidentSetSize of job (KB)
...
006 (881.000.000) 10/25 17:06:54 Image size of job updated: 506120
	151  -  MemoryUsage of job (MB)
	154364  -  ResidentSetSize of job (KB)
...
006 (880.000.000) 10/25 17:10:15 Image size of job updated: 758780
	141  -  MemoryUsage of job (MB)
	144248  -  ResidentSetSize of job (KB)
...
005 (880.000.000) 10/25 17:10:15 Job terminated.
	(1) Normal termination (return value 0)
		Usr 0 00:07:04, Sys 0 00:00:05  -  Run Remote Usage
		Usr 0 00:00:00, Sys 0 00:00:00  -  Run Local Usage
		Usr 0 00:07:04, Sys 0 00:00:05  -  Total Remote Usage
		Usr 0 00:00:00, Sys 0 00:00:00  -  Total Local Usage
	5724  -  Run Bytes Sent By Job
	3171029  -  Run Bytes Received By Job
	5724  -  Total Bytes Sent By Job
	3171029  -  Total Bytes Received By Job
	Partitionable Resources :    Usage  Request Allocated
	   Cpus                 :                 1         1
	   Disk (KB)            :     6109     3250  27637472
	   Memory (MB)          :      141        1      3764
...
006 (881.000.000) 10/25 17:10:41 Image size of job updated: 780212
	151  -  MemoryUsage of job (MB)
	154364  -  ResidentSetSize of job (KB)
...
005 (881.000.000) 10/25 17:10:41 Job terminated.
	(1) Normal termination (return value 0)
		Usr 0 00:07:31, Sys 0 00:00:05  -  Run Remote Usage
		Usr 0 00:00:00, Sys 0 00:00:00  -  Run Local Usage
		Usr 0 00:07:31, Sys 0 00:00:05  -  Total Remote Usage
		Usr 0 00:00:00, Sys 0 00:00:00  -  Total Local Usage
	378657  -  Run Bytes Sent By Job
	3168754  -  Run Bytes Received By Job
	378657  -  Total Bytes Sent By Job
	3168754  -  Total Bytes Received By Job
	Partitionable Resources :    Usage  Request Allocated
	   Cpus                 :                 1         1
	   Disk (KB)            :   400085     3250  27637792
	   Memory (MB)          :      151        1      3764
...
006 (882.000.000) 10/25 17:10:48 Image size of job updated: 778944
	145  -  MemoryUsage of job (MB)
	147460  -  ResidentSetSize of job (KB)
...
005 (882.000.000) 10/25 17:10:48 Job terminated.
	(1) Normal termination (return value 0)
		Usr 0 00:07:33, Sys 0 00:00:05  -  Run Remote Usage
		Usr 0 00:00:00, Sys 0 00:00:00  -  Run Local Usage
		Usr 0 00:07:33, Sys 0 00:00:05  -  Total Remote Usage
		Usr 0 00:00:00, Sys 0 00:00:00  -  Total Local Usage
	381225  -  Run Bytes Sent By Job
	3168718  -  Run Bytes Received By Job
	381225  -  Total Bytes Sent By Job
	3168718  -  Total Bytes Received By Job
	Partitionable Resources :    Usage  Request Allocated
	   Cpus                 :                 1         1
	   Disk (KB)            :   391569     3250  27637828
	   Memory (MB)          :      145        1      3764
...
000 (883.000.000) 10/25 17:10:54 Job submitted from host: <54.153.86.184:19665?addrs=54.153.86.184-19665>
    DAG Node: clean_up_local_level_5_0
    pool:local
...
001 (883.000.000) 10/25 17:10:54 Job executing on host: <54.153.86.184:44701?addrs=54.153.86.184-44701>
...
000 (884.000.000) 10/25 17:11:00 Job submitted from host: <54.153.86.184:19665?addrs=54.153.86.184-19665>
    DAG Node: taskevent_0_ID0000006
    pool:condorpool
...
000 (885.000.000) 10/25 17:11:00 Job submitted from host: <54.153.86.184:19665?addrs=54.153.86.184-19665>
    DAG Node: taskevent_1_ID0000007
    pool:condorpool
...
000 (886.000.000) 10/25 17:11:00 Job submitted from host: <54.153.86.184:19665?addrs=54.153.86.184-19665>
    DAG Node: taskevent_2_ID0000008
    pool:condorpool
...
000 (887.000.000) 10/25 17:11:00 Job submitted from host: <54.153.86.184:19665?addrs=54.153.86.184-19665>
    DAG Node: clean_up_local_level_5_1
    pool:local
...
001 (885.000.000) 10/25 17:11:00 Job executing on host: <54.245.40.251:53544?addrs=54.245.40.251-53544&noUDP>
...
001 (884.000.000) 10/25 17:11:00 Job executing on host: <54.201.207.181:39788?addrs=54.201.207.181-39788&noUDP>
...
005 (883.000.000) 10/25 17:11:03 Job terminated.
	(1) Normal termination (return value 0)
		Usr 0 00:00:00, Sys 0 00:00:00  -  Run Remote Usage
		Usr 0 00:00:00, Sys 0 00:00:00  -  Run Local Usage
		Usr 0 00:00:00, Sys 0 00:00:00  -  Total Remote Usage
		Usr 0 00:00:00, Sys 0 00:00:00  -  Total Local Usage
	0  -  Run Bytes Sent By Job
	0  -  Run Bytes Received By Job
	0  -  Total Bytes Sent By Job
	0  -  Total Bytes Received By Job
...
001 (887.000.000) 10/25 17:11:03 Job executing on host: <54.153.86.184:13510?addrs=54.153.86.184-13510>
...
005 (887.000.000) 10/25 17:11:07 Job terminated.
	(1) Normal termination (return value 0)
		Usr 0 00:00:00, Sys 0 00:00:00  -  Run Remote Usage
		Usr 0 00:00:00, Sys 0 00:00:00  -  Run Local Usage
		Usr 0 00:00:00, Sys 0 00:00:00  -  Total Remote Usage
		Usr 0 00:00:00, Sys 0 00:00:00  -  Total Local Usage
	0  -  Run Bytes Sent By Job
	0  -  Run Bytes Received By Job
	0  -  Total Bytes Sent By Job
	0  -  Total Bytes Received By Job
...
006 (885.000.000) 10/25 17:11:08 Image size of job updated: 2
	2  -  MemoryUsage of job (MB)
	1652  -  ResidentSetSize of job (KB)
...
006 (884.000.000) 10/25 17:11:10 Image size of job updated: 2
	2  -  MemoryUsage of job (MB)
	1652  -  ResidentSetSize of job (KB)
...
001 (886.000.000) 10/25 17:11:25 Job executing on host: <54.186.11.128:14421?addrs=54.186.11.128-14421&noUDP>
...
006 (886.000.000) 10/25 17:11:34 Image size of job updated: 2
	2  -  MemoryUsage of job (MB)
	1660  -  ResidentSetSize of job (KB)
...
006 (886.000.000) 10/25 17:14:16 Image size of job updated: 753340
	2  -  MemoryUsage of job (MB)
	1660  -  ResidentSetSize of job (KB)
...
005 (886.000.000) 10/25 17:14:16 Job terminated.
	(1) Normal termination (return value 0)
		Usr 0 00:00:10, Sys 0 00:00:00  -  Run Remote Usage
		Usr 0 00:00:00, Sys 0 00:00:00  -  Run Local Usage
		Usr 0 00:00:10, Sys 0 00:00:00  -  Total Remote Usage
		Usr 0 00:00:00, Sys 0 00:00:00  -  Total Local Usage
	8781  -  Run Bytes Sent By Job
	3174900  -  Run Bytes Received By Job
	8781  -  Total Bytes Sent By Job
	3174900  -  Total Bytes Received By Job
	Partitionable Resources :    Usage  Request Allocated
	   Cpus                 :                 1         1
	   Disk (KB)            :     6117     3250  27637372
	   Memory (MB)          :        2        1      3764
...
000 (888.000.000) 10/25 17:14:30 Job submitted from host: <54.153.86.184:19665?addrs=54.153.86.184-19665>
    DAG Node: clean_up_local_level_6_1
    pool:local
...
001 (888.000.000) 10/25 17:14:30 Job executing on host: <54.153.86.184:36698?addrs=54.153.86.184-36698>
...
005 (888.000.000) 10/25 17:14:38 Job terminated.
	(1) Normal termination (return value 0)
		Usr 0 00:00:00, Sys 0 00:00:00  -  Run Remote Usage
		Usr 0 00:00:00, Sys 0 00:00:00  -  Run Local Usage
		Usr 0 00:00:00, Sys 0 00:00:00  -  Total Remote Usage
		Usr 0 00:00:00, Sys 0 00:00:00  -  Total Local Usage
	0  -  Run Bytes Sent By Job
	0  -  Run Bytes Received By Job
	0  -  Total Bytes Sent By Job
	0  -  Total Bytes Received By Job
...
006 (885.000.000) 10/25 17:16:09 Image size of job updated: 760780
	127  -  MemoryUsage of job (MB)
	130044  -  ResidentSetSize of job (KB)
...
005 (885.000.000) 10/25 17:16:10 Job terminated.
	(1) Normal termination (return value 0)
		Usr 0 00:02:01, Sys 0 00:00:02  -  Run Remote Usage
		Usr 0 00:00:00, Sys 0 00:00:00  -  Run Local Usage
		Usr 0 00:02:01, Sys 0 00:00:02  -  Total Remote Usage
		Usr 0 00:00:00, Sys 0 00:00:00  -  Total Local Usage
	8786  -  Run Bytes Sent By Job
	3174900  -  Run Bytes Received By Job
	8786  -  Total Bytes Sent By Job
	3174900  -  Total Bytes Received By Job
	Partitionable Resources :    Usage  Request Allocated
	   Cpus                 :                 1         1
	   Disk (KB)            :     6117     3250  27637792
	   Memory (MB)          :      127        1      3764
...
006 (884.000.000) 10/25 17:16:11 Image size of job updated: 759824
	133  -  MemoryUsage of job (MB)
	135700  -  ResidentSetSize of job (KB)
...
006 (884.000.000) 10/25 17:20:36 Image size of job updated: 771104
	133  -  MemoryUsage of job (MB)
	135700  -  ResidentSetSize of job (KB)
...
005 (884.000.000) 10/25 17:20:37 Job terminated.
	(1) Normal termination (return value 0)
		Usr 0 00:05:22, Sys 0 00:00:05  -  Run Remote Usage
		Usr 0 00:00:00, Sys 0 00:00:00  -  Run Local Usage
		Usr 0 00:05:22, Sys 0 00:00:05  -  Total Remote Usage
		Usr 0 00:00:00, Sys 0 00:00:00  -  Total Local Usage
	8787  -  Run Bytes Sent By Job
	3174900  -  Run Bytes Received By Job
	8787  -  Total Bytes Sent By Job
	3174900  -  Total Bytes Received By Job
	Partitionable Resources :    Usage  Request Allocated
	   Cpus                 :                 1         1
	   Disk (KB)            :     6117     3250  27637828
	   Memory (MB)          :      133        1      3764
...
000 (889.000.000) 10/25 17:20:51 Job submitted from host: <54.153.86.184:19665?addrs=54.153.86.184-19665>
    DAG Node: clean_up_local_level_6_0
    pool:local
...
001 (889.000.000) 10/25 17:21:06 Job executing on host: <54.153.86.184:47505?addrs=54.153.86.184-47505>
...
000 (890.000.000) 10/25 17:21:06 Job submitted from host: <54.153.86.184:19665?addrs=54.153.86.184-19665>
    DAG Node: calculateratio_2_ID0000011
    pool:condorpool
...
000 (891.000.000) 10/25 17:21:06 Job submitted from host: <54.153.86.184:19665?addrs=54.153.86.184-19665>
    DAG Node: calculateratio_1_ID0000010
    pool:condorpool
...
000 (892.000.000) 10/25 17:21:06 Job submitted from host: <54.153.86.184:19665?addrs=54.153.86.184-19665>
    DAG Node: calculateratio_0_ID0000009
    pool:condorpool
...
005 (889.000.000) 10/25 17:21:22 Job terminated.
	(1) Normal termination (return value 0)
		Usr 0 00:00:00, Sys 0 00:00:00  -  Run Remote Usage
		Usr 0 00:00:00, Sys 0 00:00:00  -  Run Local Usage
		Usr 0 00:00:00, Sys 0 00:00:00  -  Total Remote Usage
		Usr 0 00:00:00, Sys 0 00:00:00  -  Total Local Usage
	0  -  Run Bytes Sent By Job
	0  -  Run Bytes Received By Job
	0  -  Total Bytes Sent By Job
	0  -  Total Bytes Received By Job
...
001 (891.000.000) 10/25 17:21:27 Job executing on host: <54.245.40.251:53544?addrs=54.245.40.251-53544&noUDP>
...
001 (890.000.000) 10/25 17:21:27 Job executing on host: <54.186.11.128:14421?addrs=54.186.11.128-14421&noUDP>
...
001 (892.000.000) 10/25 17:21:27 Job executing on host: <54.201.207.181:39788?addrs=54.201.207.181-39788&noUDP>
...
006 (891.000.000) 10/25 17:21:36 Image size of job updated: 2
	2  -  MemoryUsage of job (MB)
	1656  -  ResidentSetSize of job (KB)
...
006 (890.000.000) 10/25 17:21:36 Image size of job updated: 2
	2  -  MemoryUsage of job (MB)
	1656  -  ResidentSetSize of job (KB)
...
006 (892.000.000) 10/25 17:21:36 Image size of job updated: 2
	2  -  MemoryUsage of job (MB)
	1652  -  ResidentSetSize of job (KB)
...
006 (890.000.000) 10/25 17:26:36 Image size of job updated: 791716
	150  -  MemoryUsage of job (MB)
	152820  -  ResidentSetSize of job (KB)
...
006 (892.000.000) 10/25 17:26:36 Image size of job updated: 795688
	153  -  MemoryUsage of job (MB)
	155996  -  ResidentSetSize of job (KB)
...
006 (891.000.000) 10/25 17:26:37 Image size of job updated: 793948
	153  -  MemoryUsage of job (MB)
	155692  -  ResidentSetSize of job (KB)
...
005 (892.000.000) 10/25 17:28:41 Job terminated.
	(1) Normal termination (return value 0)
		Usr 0 00:02:18, Sys 0 00:00:06  -  Run Remote Usage
		Usr 0 00:00:00, Sys 0 00:00:00  -  Run Local Usage
		Usr 0 00:02:18, Sys 0 00:00:06  -  Total Remote Usage
		Usr 0 00:00:00, Sys 0 00:00:00  -  Total Local Usage
	277420  -  Run Bytes Sent By Job
	3173773  -  Run Bytes Received By Job
	277420  -  Total Bytes Sent By Job
	3173773  -  Total Bytes Received By Job
	Partitionable Resources :    Usage  Request Allocated
	   Cpus                 :                 1         1
	   Disk (KB)            :     6379     3250  27637684
	   Memory (MB)          :      153        1      3764
...
000 (893.000.000) 10/25 17:28:52 Job submitted from host: <54.153.86.184:19665?addrs=54.153.86.184-19665>
    DAG Node: clean_up_local_level_7_1
    pool:local
...
001 (893.000.000) 10/25 17:28:52 Job executing on host: <54.153.86.184:50698?addrs=54.153.86.184-50698>
...
005 (893.000.000) 10/25 17:29:00 Job terminated.
	(1) Normal termination (return value 0)
		Usr 0 00:00:00, Sys 0 00:00:00  -  Run Remote Usage
		Usr 0 00:00:00, Sys 0 00:00:00  -  Run Local Usage
		Usr 0 00:00:00, Sys 0 00:00:00  -  Total Remote Usage
		Usr 0 00:00:00, Sys 0 00:00:00  -  Total Local Usage
	0  -  Run Bytes Sent By Job
	0  -  Run Bytes Received By Job
	0  -  Total Bytes Sent By Job
	0  -  Total Bytes Received By Job
...
006 (890.000.000) 10/25 17:29:01 Image size of job updated: 793868
	150  -  MemoryUsage of job (MB)
	152820  -  ResidentSetSize of job (KB)
...
005 (890.000.000) 10/25 17:29:01 Job terminated.
	(1) Normal termination (return value 0)
		Usr 0 00:02:23, Sys 0 00:00:06  -  Run Remote Usage
		Usr 0 00:00:00, Sys 0 00:00:00  -  Run Local Usage
		Usr 0 00:02:23, Sys 0 00:00:06  -  Total Remote Usage
		Usr 0 00:00:00, Sys 0 00:00:00  -  Total Local Usage
	213504  -  Run Bytes Sent By Job
	3173779  -  Run Bytes Received By Job
	213504  -  Total Bytes Sent By Job
	3173779  -  Total Bytes Received By Job
	Partitionable Resources :    Usage  Request Allocated
	   Cpus                 :                 1         1
	   Disk (KB)            :     6317     3250  27637312
	   Memory (MB)          :      150        1      3764
...
006 (891.000.000) 10/25 17:29:52 Image size of job updated: 794616
	153  -  MemoryUsage of job (MB)
	155692  -  ResidentSetSize of job (KB)
...
005 (891.000.000) 10/25 17:29:53 Job terminated.
	(1) Normal termination (return value 0)
		Usr 0 00:02:32, Sys 0 00:00:07  -  Run Remote Usage
		Usr 0 00:00:00, Sys 0 00:00:00  -  Run Local Usage
		Usr 0 00:02:32, Sys 0 00:00:07  -  Total Remote Usage
		Usr 0 00:00:00, Sys 0 00:00:00  -  Total Local Usage
	360976  -  Run Bytes Sent By Job
	3173778  -  Run Bytes Received By Job
	360976  -  Total Bytes Sent By Job
	3173778  -  Total Bytes Received By Job
	Partitionable Resources :    Usage  Request Allocated
	   Cpus                 :                 1         1
	   Disk (KB)            :     6461     3250  27637704
	   Memory (MB)          :      153        1      3764
...
000 (894.000.000) 10/25 17:30:07 Job submitted from host: <54.153.86.184:19665?addrs=54.153.86.184-19665>
    DAG Node: clean_up_local_level_7_0
    pool:local
...
000 (895.000.000) 10/25 17:30:08 Job submitted from host: <54.153.86.184:19665?addrs=54.153.86.184-19665>
    DAG Node: averageratioevent_1_ID0000013
    pool:condorpool
...
001 (894.000.000) 10/25 17:30:08 Job executing on host: <54.153.86.184:33513?addrs=54.153.86.184-33513>
...
000 (896.000.000) 10/25 17:30:08 Job submitted from host: <54.153.86.184:19665?addrs=54.153.86.184-19665>
    DAG Node: averageratioevent_0_ID0000012
    pool:condorpool
...
000 (897.000.000) 10/25 17:30:08 Job submitted from host: <54.153.86.184:19665?addrs=54.153.86.184-19665>
    DAG Node: averageratioevent_2_ID0000014
    pool:condorpool
...
001 (895.000.000) 10/25 17:30:08 Job executing on host: <54.245.40.251:53544?addrs=54.245.40.251-53544&noUDP>
...
006 (895.000.000) 10/25 17:30:17 Image size of job updated: 2
	2  -  MemoryUsage of job (MB)
	1648  -  ResidentSetSize of job (KB)
...
005 (894.000.000) 10/25 17:30:24 Job terminated.
	(1) Normal termination (return value 0)
		Usr 0 00:00:00, Sys 0 00:00:00  -  Run Remote Usage
		Usr 0 00:00:00, Sys 0 00:00:00  -  Run Local Usage
		Usr 0 00:00:00, Sys 0 00:00:00  -  Total Remote Usage
		Usr 0 00:00:00, Sys 0 00:00:00  -  Total Local Usage
	0  -  Run Bytes Sent By Job
	0  -  Run Bytes Received By Job
	0  -  Total Bytes Sent By Job
	0  -  Total Bytes Received By Job
...
001 (896.000.000) 10/25 17:30:33 Job executing on host: <54.186.11.128:14421?addrs=54.186.11.128-14421&noUDP>
...
001 (897.000.000) 10/25 17:30:33 Job executing on host: <54.201.207.181:39788?addrs=54.201.207.181-39788&noUDP>
...
006 (897.000.000) 10/25 17:30:37 Image size of job updated: 2
	0  -  MemoryUsage of job (MB)
	0  -  ResidentSetSize of job (KB)
...
005 (897.000.000) 10/25 17:30:37 Job terminated.
	(1) Normal termination (return value 0)
		Usr 0 00:00:00, Sys 0 00:00:00  -  Run Remote Usage
		Usr 0 00:00:00, Sys 0 00:00:00  -  Run Local Usage
		Usr 0 00:00:00, Sys 0 00:00:00  -  Total Remote Usage
		Usr 0 00:00:00, Sys 0 00:00:00  -  Total Local Usage
	5409  -  Run Bytes Sent By Job
	3169327  -  Run Bytes Received By Job
	5409  -  Total Bytes Sent By Job
	3169327  -  Total Bytes Received By Job
	Partitionable Resources :    Usage  Request Allocated
	   Cpus                 :                 1         1
	   Disk (KB)            :     6107     3250  27637544
	   Memory (MB)          :        0        1      3764
...
006 (896.000.000) 10/25 17:30:42 Image size of job updated: 2
	2  -  MemoryUsage of job (MB)
	1648  -  ResidentSetSize of job (KB)
...
000 (898.000.000) 10/25 17:30:48 Job submitted from host: <54.153.86.184:19665?addrs=54.153.86.184-19665>
    DAG Node: clean_up_local_level_8_1
    pool:local
...
001 (898.000.000) 10/25 17:30:48 Job executing on host: <54.153.86.184:23508?addrs=54.153.86.184-23508>
...
005 (898.000.000) 10/25 17:30:52 Job terminated.
	(1) Normal termination (return value 0)
		Usr 0 00:00:00, Sys 0 00:00:00  -  Run Remote Usage
		Usr 0 00:00:00, Sys 0 00:00:00  -  Run Local Usage
		Usr 0 00:00:00, Sys 0 00:00:00  -  Total Remote Usage
		Usr 0 00:00:00, Sys 0 00:00:00  -  Total Local Usage
	0  -  Run Bytes Sent By Job
	0  -  Run Bytes Received By Job
	0  -  Total Bytes Sent By Job
	0  -  Total Bytes Received By Job
...
006 (895.000.000) 10/25 17:30:54 Image size of job updated: 760384
	2  -  MemoryUsage of job (MB)
	1648  -  ResidentSetSize of job (KB)
...
005 (895.000.000) 10/25 17:30:54 Job terminated.
	(1) Normal termination (return value 0)
		Usr 0 00:00:32, Sys 0 00:00:00  -  Run Remote Usage
		Usr 0 00:00:00, Sys 0 00:00:00  -  Run Local Usage
		Usr 0 00:00:32, Sys 0 00:00:00  -  Total Remote Usage
		Usr 0 00:00:00, Sys 0 00:00:00  -  Total Local Usage
	266696  -  Run Bytes Sent By Job
	3169327  -  Run Bytes Received By Job
	266696  -  Total Bytes Sent By Job
	3169327  -  Total Bytes Received By Job
	Partitionable Resources :    Usage  Request Allocated
	   Cpus                 :                 1         1
	   Disk (KB)            :     7218     3250  27637704
	   Memory (MB)          :        2        1      3764
...
006 (896.000.000) 10/25 17:30:59 Image size of job updated: 452264
	2  -  MemoryUsage of job (MB)
	1648  -  ResidentSetSize of job (KB)
...
005 (896.000.000) 10/25 17:30:59 Job terminated.
	(1) Normal termination (return value 0)
		Usr 0 00:00:08, Sys 0 00:00:00  -  Run Remote Usage
		Usr 0 00:00:00, Sys 0 00:00:00  -  Run Local Usage
		Usr 0 00:00:08, Sys 0 00:00:00  -  Total Remote Usage
		Usr 0 00:00:00, Sys 0 00:00:00  -  Total Local Usage
	266692  -  Run Bytes Sent By Job
	3169331  -  Run Bytes Received By Job
	266692  -  Total Bytes Sent By Job
	3169331  -  Total Bytes Received By Job
	Partitionable Resources :    Usage  Request Allocated
	   Cpus                 :                 1         1
	   Disk (KB)            :     7218     3250  27637120
	   Memory (MB)          :        2        1      3764
...
000 (899.000.000) 10/25 17:31:14 Job submitted from host: <54.153.86.184:19665?addrs=54.153.86.184-19665>
    DAG Node: clean_up_local_level_8_0
    pool:local
...
001 (899.000.000) 10/25 17:31:14 Job executing on host: <54.153.86.184:53941?addrs=54.153.86.184-53941>
...
000 (900.000.000) 10/25 17:31:14 Job submitted from host: <54.153.86.184:19665?addrs=54.153.86.184-19665>
    DAG Node: analysisevent_0_ID0000015
    pool:condorpool
...
001 (900.000.000) 10/25 17:31:14 Job executing on host: <54.245.40.251:53544?addrs=54.245.40.251-53544&noUDP>
...
006 (900.000.000) 10/25 17:31:15 Image size of job updated: 2
	0  -  MemoryUsage of job (MB)
	0  -  ResidentSetSize of job (KB)
...
005 (900.000.000) 10/25 17:31:15 Job terminated.
	(1) Normal termination (return value 0)
		Usr 0 00:00:00, Sys 0 00:00:00  -  Run Remote Usage
		Usr 0 00:00:00, Sys 0 00:00:00  -  Run Local Usage
		Usr 0 00:00:00, Sys 0 00:00:00  -  Total Remote Usage
		Usr 0 00:00:00, Sys 0 00:00:00  -  Total Local Usage
	5367  -  Run Bytes Sent By Job
	3169139  -  Run Bytes Received By Job
	5367  -  Total Bytes Sent By Job
	3169139  -  Total Bytes Received By Job
	Partitionable Resources :    Usage  Request Allocated
	   Cpus                 :                 1         1
	   Disk (KB)            :     6107     3250  27637704
	   Memory (MB)          :        0        1      3764
...
005 (899.000.000) 10/25 17:31:22 Job terminated.
	(1) Normal termination (return value 0)
		Usr 0 00:00:00, Sys 0 00:00:00  -  Run Remote Usage
		Usr 0 00:00:00, Sys 0 00:00:00  -  Run Local Usage
		Usr 0 00:00:00, Sys 0 00:00:00  -  Total Remote Usage
		Usr 0 00:00:00, Sys 0 00:00:00  -  Total Local Usage
	0  -  Run Bytes Sent By Job
	0  -  Run Bytes Received By Job
	0  -  Total Bytes Sent By Job
	0  -  Total Bytes Received By Job
...
000 (901.000.000) 10/25 17:31:29 Job submitted from host: <54.153.86.184:19665?addrs=54.153.86.184-19665>
    DAG Node: terminate_0_ID0000016
    pool:condorpool
...
000 (902.000.000) 10/25 17:31:29 Job submitted from host: <54.153.86.184:19665?addrs=54.153.86.184-19665>
    DAG Node: clean_up_local_level_9_0
    pool:local
...
001 (901.000.000) 10/25 17:31:30 Job executing on host: <54.245.40.251:53544?addrs=54.245.40.251-53544&noUDP>
...
006 (901.000.000) 10/25 17:31:31 Image size of job updated: 2
	0  -  MemoryUsage of job (MB)
	0  -  ResidentSetSize of job (KB)
...
005 (901.000.000) 10/25 17:31:31 Job terminated.
	(1) Normal termination (return value 0)
		Usr 0 00:00:00, Sys 0 00:00:00  -  Run Remote Usage
		Usr 0 00:00:00, Sys 0 00:00:00  -  Run Local Usage
		Usr 0 00:00:00, Sys 0 00:00:00  -  Total Remote Usage
		Usr 0 00:00:00, Sys 0 00:00:00  -  Total Local Usage
	4461  -  Run Bytes Sent By Job
	3167596  -  Run Bytes Received By Job
	4461  -  Total Bytes Sent By Job
	3167596  -  Total Bytes Received By Job
	Partitionable Resources :    Usage  Request Allocated
	   Cpus                 :                 1         1
	   Disk (KB)            :     6103     3250  27637704
	   Memory (MB)          :        0        1      3764
...
001 (902.000.000) 10/25 17:31:35 Job executing on host: <54.153.86.184:14539?addrs=54.153.86.184-14539>
...
005 (902.000.000) 10/25 17:31:40 Job terminated.
	(1) Normal termination (return value 0)
		Usr 0 00:00:00, Sys 0 00:00:00  -  Run Remote Usage
		Usr 0 00:00:00, Sys 0 00:00:00  -  Run Local Usage
		Usr 0 00:00:00, Sys 0 00:00:00  -  Total Remote Usage
		Usr 0 00:00:00, Sys 0 00:00:00  -  Total Local Usage
	0  -  Run Bytes Sent By Job
	0  -  Run Bytes Received By Job
	0  -  Total Bytes Sent By Job
	0  -  Total Bytes Received By Job
...
000 (903.000.000) 10/25 17:31:45 Job submitted from host: <54.153.86.184:19665?addrs=54.153.86.184-19665>
    DAG Node: clean_up_local_level_10_0
    pool:local
...
001 (903.000.000) 10/25 17:31:45 Job executing on host: <54.153.86.184:29314?addrs=54.153.86.184-29314>
...
005 (903.000.000) 10/25 17:31:47 Job terminated.
	(1) Normal termination (return value 0)
		Usr 0 00:00:00, Sys 0 00:00:00  -  Run Remote Usage
		Usr 0 00:00:00, Sys 0 00:00:00  -  Run Local Usage
		Usr 0 00:00:00, Sys 0 00:00:00  -  Total Remote Usage
		Usr 0 00:00:00, Sys 0 00:00:00  -  Total Local Usage
	0  -  Run Bytes Sent By Job
	0  -  Run Bytes Received By Job
	0  -  Total Bytes Sent By Job
	0  -  Total Bytes Received By Job
...
000 (904.000.000) 10/25 17:32:00 Job submitted from host: <54.153.86.184:19665?addrs=54.153.86.184-19665>
    DAG Node: cleanup_example_workflow_0_local
    pool:local
...
001 (904.000.000) 10/25 17:32:00 Job executing on host: <54.153.86.184:36877?addrs=54.153.86.184-36877>
...
005 (904.000.000) 10/25 17:32:02 Job terminated.
	(1) Normal termination (return value 0)
		Usr 0 00:00:00, Sys 0 00:00:00  -  Run Remote Usage
		Usr 0 00:00:00, Sys 0 00:00:00  -  Run Local Usage
		Usr 0 00:00:00, Sys 0 00:00:00  -  Total Remote Usage
		Usr 0 00:00:00, Sys 0 00:00:00  -  Total Local Usage
	0  -  Run Bytes Sent By Job
	0  -  Run Bytes Received By Job
	0  -  Total Bytes Sent By Job
	0  -  Total Bytes Received By Job
...
