000 (8546.000.000) 12/06 17:21:44 Job submitted from host: <54.67.10.246:6432?addrs=54.67.10.246-6432>
    DAG Node: create_dir_example_workflow_0_local
    pool:local
...
001 (8546.000.000) 12/06 17:21:45 Job executing on host: <54.67.10.246:3748?addrs=54.67.10.246-3748>
...
005 (8546.000.000) 12/06 17:21:47 Job terminated.
	(1) Normal termination (return value 0)
		Usr 0 00:00:00, Sys 0 00:00:00  -  Run Remote Usage
		Usr 0 00:00:00, Sys 0 00:00:00  -  Run Local Usage
		Usr 0 00:00:00, Sys 0 00:00:00  -  Total Remote Usage
		Usr 0 00:00:00, Sys 0 00:00:00  -  Total Local Usage
	0  -  Run Bytes Sent By Job
	0  -  Run Bytes Received By Job
	0  -  Total Bytes Sent By Job
	0  -  Total Bytes Received By Job
...
016 (8546.000.000) 12/06 17:21:49 POST Script terminated.
	(1) Normal termination (return value 0)
    DAG Node: create_dir_example_workflow_0_local
...
000 (8547.000.000) 12/06 17:21:59 Job submitted from host: <54.67.10.246:6432?addrs=54.67.10.246-6432>
    DAG Node: stage_in_local_local_0_0
    pool:local
...
000 (8548.000.000) 12/06 17:21:59 Job submitted from host: <54.67.10.246:6432?addrs=54.67.10.246-6432>
    DAG Node: stage_in_local_local_6_0
    pool:local
...
001 (8547.000.000) 12/06 17:21:59 Job executing on host: <54.67.10.246:53279?addrs=54.67.10.246-53279>
...
000 (8549.000.000) 12/06 17:21:59 Job submitted from host: <54.67.10.246:6432?addrs=54.67.10.246-6432>
    DAG Node: stage_in_remote_local_2_1
    pool:local
...
000 (8550.000.000) 12/06 17:21:59 Job submitted from host: <54.67.10.246:6432?addrs=54.67.10.246-6432>
    DAG Node: stage_in_remote_local_5_0
    pool:local
...
000 (8551.000.000) 12/06 17:21:59 Job submitted from host: <54.67.10.246:6432?addrs=54.67.10.246-6432>
    DAG Node: stage_in_local_local_2_0
    pool:local
...
005 (8547.000.000) 12/06 17:22:01 Job terminated.
	(1) Normal termination (return value 0)
		Usr 0 00:00:00, Sys 0 00:00:00  -  Run Remote Usage
		Usr 0 00:00:00, Sys 0 00:00:00  -  Run Local Usage
		Usr 0 00:00:00, Sys 0 00:00:00  -  Total Remote Usage
		Usr 0 00:00:00, Sys 0 00:00:00  -  Total Local Usage
	0  -  Run Bytes Sent By Job
	0  -  Run Bytes Received By Job
	0  -  Total Bytes Sent By Job
	0  -  Total Bytes Received By Job
...
001 (8548.000.000) 12/06 17:22:01 Job executing on host: <54.67.10.246:48825?addrs=54.67.10.246-48825>
...
001 (8549.000.000) 12/06 17:22:01 Job executing on host: <54.67.10.246:19650?addrs=54.67.10.246-19650>
...
001 (8551.000.000) 12/06 17:22:01 Job executing on host: <54.67.10.246:5157?addrs=54.67.10.246-5157>
...
001 (8550.000.000) 12/06 17:22:01 Job executing on host: <54.67.10.246:1193?addrs=54.67.10.246-1193>
...
005 (8549.000.000) 12/06 17:22:04 Job terminated.
	(1) Normal termination (return value 0)
		Usr 0 00:00:00, Sys 0 00:00:00  -  Run Remote Usage
		Usr 0 00:00:00, Sys 0 00:00:00  -  Run Local Usage
		Usr 0 00:00:00, Sys 0 00:00:00  -  Total Remote Usage
		Usr 0 00:00:00, Sys 0 00:00:00  -  Total Local Usage
	0  -  Run Bytes Sent By Job
	0  -  Run Bytes Received By Job
	0  -  Total Bytes Sent By Job
	0  -  Total Bytes Received By Job
...
005 (8548.000.000) 12/06 17:22:04 Job terminated.
	(1) Normal termination (return value 0)
		Usr 0 00:00:00, Sys 0 00:00:00  -  Run Remote Usage
		Usr 0 00:00:00, Sys 0 00:00:00  -  Run Local Usage
		Usr 0 00:00:00, Sys 0 00:00:00  -  Total Remote Usage
		Usr 0 00:00:00, Sys 0 00:00:00  -  Total Local Usage
	0  -  Run Bytes Sent By Job
	0  -  Run Bytes Received By Job
	0  -  Total Bytes Sent By Job
	0  -  Total Bytes Received By Job
...
005 (8550.000.000) 12/06 17:22:04 Job terminated.
	(1) Normal termination (return value 0)
		Usr 0 00:00:00, Sys 0 00:00:00  -  Run Remote Usage
		Usr 0 00:00:00, Sys 0 00:00:00  -  Run Local Usage
		Usr 0 00:00:00, Sys 0 00:00:00  -  Total Remote Usage
		Usr 0 00:00:00, Sys 0 00:00:00  -  Total Local Usage
	0  -  Run Bytes Sent By Job
	0  -  Run Bytes Received By Job
	0  -  Total Bytes Sent By Job
	0  -  Total Bytes Received By Job
...
000 (8552.000.000) 12/06 17:22:04 Job submitted from host: <54.67.10.246:6432?addrs=54.67.10.246-6432>
    DAG Node: stage_in_local_local_2_1
    pool:local
...
001 (8552.000.000) 12/06 17:22:04 Job executing on host: <54.67.10.246:18559?addrs=54.67.10.246-18559>
...
000 (8553.000.000) 12/06 17:22:04 Job submitted from host: <54.67.10.246:6432?addrs=54.67.10.246-6432>
    DAG Node: stage_in_remote_local_1_0
    pool:local
...
000 (8554.000.000) 12/06 17:22:04 Job submitted from host: <54.67.10.246:6432?addrs=54.67.10.246-6432>
    DAG Node: stage_in_local_local_3_0
    pool:local
...
001 (8553.000.000) 12/06 17:22:04 Job executing on host: <54.67.10.246:25850?addrs=54.67.10.246-25850>
...
001 (8554.000.000) 12/06 17:22:05 Job executing on host: <54.67.10.246:6717?addrs=54.67.10.246-6717>
...
000 (8555.000.000) 12/06 17:22:05 Job submitted from host: <54.67.10.246:6432?addrs=54.67.10.246-6432>
    DAG Node: stage_in_local_local_5_0
    pool:local
...
000 (8556.000.000) 12/06 17:22:05 Job submitted from host: <54.67.10.246:6432?addrs=54.67.10.246-6432>
    DAG Node: stage_in_local_local_4_0
    pool:local
...
016 (8547.000.000) 12/06 17:22:05 POST Script terminated.
	(1) Normal termination (return value 0)
    DAG Node: stage_in_local_local_0_0
...
016 (8548.000.000) 12/06 17:22:05 POST Script terminated.
	(1) Normal termination (return value 0)
    DAG Node: stage_in_local_local_6_0
...
016 (8549.000.000) 12/06 17:22:05 POST Script terminated.
	(1) Normal termination (return value 0)
    DAG Node: stage_in_remote_local_2_1
...
016 (8550.000.000) 12/06 17:22:05 POST Script terminated.
	(1) Normal termination (return value 0)
    DAG Node: stage_in_remote_local_5_0
...
005 (8551.000.000) 12/06 17:22:06 Job terminated.
	(1) Normal termination (return value 0)
		Usr 0 00:00:00, Sys 0 00:00:00  -  Run Remote Usage
		Usr 0 00:00:00, Sys 0 00:00:00  -  Run Local Usage
		Usr 0 00:00:00, Sys 0 00:00:00  -  Total Remote Usage
		Usr 0 00:00:00, Sys 0 00:00:00  -  Total Local Usage
	0  -  Run Bytes Sent By Job
	0  -  Run Bytes Received By Job
	0  -  Total Bytes Sent By Job
	0  -  Total Bytes Received By Job
...
001 (8556.000.000) 12/06 17:22:06 Job executing on host: <54.67.10.246:53485?addrs=54.67.10.246-53485>
...
001 (8555.000.000) 12/06 17:22:06 Job executing on host: <54.67.10.246:64071?addrs=54.67.10.246-64071>
...
005 (8552.000.000) 12/06 17:22:06 Job terminated.
	(1) Normal termination (return value 0)
		Usr 0 00:00:00, Sys 0 00:00:00  -  Run Remote Usage
		Usr 0 00:00:00, Sys 0 00:00:00  -  Run Local Usage
		Usr 0 00:00:00, Sys 0 00:00:00  -  Total Remote Usage
		Usr 0 00:00:00, Sys 0 00:00:00  -  Total Local Usage
	0  -  Run Bytes Sent By Job
	0  -  Run Bytes Received By Job
	0  -  Total Bytes Sent By Job
	0  -  Total Bytes Received By Job
...
005 (8554.000.000) 12/06 17:22:07 Job terminated.
	(1) Normal termination (return value 0)
		Usr 0 00:00:00, Sys 0 00:00:00  -  Run Remote Usage
		Usr 0 00:00:00, Sys 0 00:00:00  -  Run Local Usage
		Usr 0 00:00:00, Sys 0 00:00:00  -  Total Remote Usage
		Usr 0 00:00:00, Sys 0 00:00:00  -  Total Local Usage
	0  -  Run Bytes Sent By Job
	0  -  Run Bytes Received By Job
	0  -  Total Bytes Sent By Job
	0  -  Total Bytes Received By Job
...
005 (8553.000.000) 12/06 17:22:07 Job terminated.
	(1) Normal termination (return value 0)
		Usr 0 00:00:00, Sys 0 00:00:00  -  Run Remote Usage
		Usr 0 00:00:00, Sys 0 00:00:00  -  Run Local Usage
		Usr 0 00:00:00, Sys 0 00:00:00  -  Total Remote Usage
		Usr 0 00:00:00, Sys 0 00:00:00  -  Total Local Usage
	0  -  Run Bytes Sent By Job
	0  -  Run Bytes Received By Job
	0  -  Total Bytes Sent By Job
	0  -  Total Bytes Received By Job
...
005 (8556.000.000) 12/06 17:22:08 Job terminated.
	(1) Normal termination (return value 0)
		Usr 0 00:00:00, Sys 0 00:00:00  -  Run Remote Usage
		Usr 0 00:00:00, Sys 0 00:00:00  -  Run Local Usage
		Usr 0 00:00:00, Sys 0 00:00:00  -  Total Remote Usage
		Usr 0 00:00:00, Sys 0 00:00:00  -  Total Local Usage
	0  -  Run Bytes Sent By Job
	0  -  Run Bytes Received By Job
	0  -  Total Bytes Sent By Job
	0  -  Total Bytes Received By Job
...
005 (8555.000.000) 12/06 17:22:08 Job terminated.
	(1) Normal termination (return value 0)
		Usr 0 00:00:00, Sys 0 00:00:00  -  Run Remote Usage
		Usr 0 00:00:00, Sys 0 00:00:00  -  Run Local Usage
		Usr 0 00:00:00, Sys 0 00:00:00  -  Total Remote Usage
		Usr 0 00:00:00, Sys 0 00:00:00  -  Total Local Usage
	0  -  Run Bytes Sent By Job
	0  -  Run Bytes Received By Job
	0  -  Total Bytes Sent By Job
	0  -  Total Bytes Received By Job
...
000 (8557.000.000) 12/06 17:22:10 Job submitted from host: <54.67.10.246:6432?addrs=54.67.10.246-6432>
    DAG Node: stage_in_local_local_7_0
    pool:local
...
000 (8558.000.000) 12/06 17:22:10 Job submitted from host: <54.67.10.246:6432?addrs=54.67.10.246-6432>
    DAG Node: stage_in_local_local_1_0
    pool:local
...
000 (8559.000.000) 12/06 17:22:11 Job submitted from host: <54.67.10.246:6432?addrs=54.67.10.246-6432>
    DAG Node: stage_in_remote_local_4_1
    pool:local
...
000 (8560.000.000) 12/06 17:22:11 Job submitted from host: <54.67.10.246:6432?addrs=54.67.10.246-6432>
    DAG Node: stage_in_remote_local_4_0
    pool:local
...
000 (8561.000.000) 12/06 17:22:11 Job submitted from host: <54.67.10.246:6432?addrs=54.67.10.246-6432>
    DAG Node: stage_in_remote_local_2_0
    pool:local
...
016 (8552.000.000) 12/06 17:22:11 POST Script terminated.
	(1) Normal termination (return value 0)
    DAG Node: stage_in_local_local_2_1
...
016 (8553.000.000) 12/06 17:22:11 POST Script terminated.
	(1) Normal termination (return value 0)
    DAG Node: stage_in_remote_local_1_0
...
016 (8555.000.000) 12/06 17:22:12 POST Script terminated.
	(1) Normal termination (return value 0)
    DAG Node: stage_in_local_local_5_0
...
016 (8554.000.000) 12/06 17:22:12 POST Script terminated.
	(1) Normal termination (return value 0)
    DAG Node: stage_in_local_local_3_0
...
016 (8551.000.000) 12/06 17:22:12 POST Script terminated.
	(1) Normal termination (return value 0)
    DAG Node: stage_in_local_local_2_0
...
016 (8556.000.000) 12/06 17:22:12 POST Script terminated.
	(1) Normal termination (return value 0)
    DAG Node: stage_in_local_local_4_0
...
001 (8559.000.000) 12/06 17:22:15 Job executing on host: <54.67.10.246:50802?addrs=54.67.10.246-50802>
...
001 (8558.000.000) 12/06 17:22:15 Job executing on host: <54.67.10.246:28306?addrs=54.67.10.246-28306>
...
001 (8561.000.000) 12/06 17:22:15 Job executing on host: <54.67.10.246:13659?addrs=54.67.10.246-13659>
...
001 (8557.000.000) 12/06 17:22:15 Job executing on host: <54.67.10.246:45928?addrs=54.67.10.246-45928>
...
001 (8560.000.000) 12/06 17:22:15 Job executing on host: <54.67.10.246:36906?addrs=54.67.10.246-36906>
...
000 (8562.000.000) 12/06 17:22:16 Job submitted from host: <54.67.10.246:6432?addrs=54.67.10.246-6432>
    DAG Node: stage_in_remote_local_3_1
    pool:local
...
000 (8563.000.000) 12/06 17:22:16 Job submitted from host: <54.67.10.246:6432?addrs=54.67.10.246-6432>
    DAG Node: stage_in_remote_local_3_0
    pool:local
...
000 (8564.000.000) 12/06 17:22:16 Job submitted from host: <54.67.10.246:6432?addrs=54.67.10.246-6432>
    DAG Node: stage_in_remote_local_6_0
    pool:local
...
000 (8565.000.000) 12/06 17:22:16 Job submitted from host: <54.67.10.246:6432?addrs=54.67.10.246-6432>
    DAG Node: init_0_ID0000001
    pool:condorpool
...
005 (8558.000.000) 12/06 17:22:17 Job terminated.
	(1) Normal termination (return value 0)
		Usr 0 00:00:00, Sys 0 00:00:00  -  Run Remote Usage
		Usr 0 00:00:00, Sys 0 00:00:00  -  Run Local Usage
		Usr 0 00:00:00, Sys 0 00:00:00  -  Total Remote Usage
		Usr 0 00:00:00, Sys 0 00:00:00  -  Total Local Usage
	0  -  Run Bytes Sent By Job
	0  -  Run Bytes Received By Job
	0  -  Total Bytes Sent By Job
	0  -  Total Bytes Received By Job
...
001 (8562.000.000) 12/06 17:22:17 Job executing on host: <54.67.10.246:22330?addrs=54.67.10.246-22330>
...
001 (8563.000.000) 12/06 17:22:17 Job executing on host: <54.67.10.246:27791?addrs=54.67.10.246-27791>
...
001 (8564.000.000) 12/06 17:22:17 Job executing on host: <54.67.10.246:47503?addrs=54.67.10.246-47503>
...
005 (8557.000.000) 12/06 17:22:18 Job terminated.
	(1) Normal termination (return value 0)
		Usr 0 00:00:00, Sys 0 00:00:00  -  Run Remote Usage
		Usr 0 00:00:00, Sys 0 00:00:00  -  Run Local Usage
		Usr 0 00:00:00, Sys 0 00:00:00  -  Total Remote Usage
		Usr 0 00:00:00, Sys 0 00:00:00  -  Total Local Usage
	0  -  Run Bytes Sent By Job
	0  -  Run Bytes Received By Job
	0  -  Total Bytes Sent By Job
	0  -  Total Bytes Received By Job
...
005 (8559.000.000) 12/06 17:22:18 Job terminated.
	(1) Normal termination (return value 0)
		Usr 0 00:00:00, Sys 0 00:00:00  -  Run Remote Usage
		Usr 0 00:00:00, Sys 0 00:00:00  -  Run Local Usage
		Usr 0 00:00:00, Sys 0 00:00:00  -  Total Remote Usage
		Usr 0 00:00:00, Sys 0 00:00:00  -  Total Local Usage
	0  -  Run Bytes Sent By Job
	0  -  Run Bytes Received By Job
	0  -  Total Bytes Sent By Job
	0  -  Total Bytes Received By Job
...
005 (8560.000.000) 12/06 17:22:19 Job terminated.
	(1) Normal termination (return value 0)
		Usr 0 00:00:00, Sys 0 00:00:00  -  Run Remote Usage
		Usr 0 00:00:00, Sys 0 00:00:00  -  Run Local Usage
		Usr 0 00:00:00, Sys 0 00:00:00  -  Total Remote Usage
		Usr 0 00:00:00, Sys 0 00:00:00  -  Total Local Usage
	0  -  Run Bytes Sent By Job
	0  -  Run Bytes Received By Job
	0  -  Total Bytes Sent By Job
	0  -  Total Bytes Received By Job
...
005 (8561.000.000) 12/06 17:22:20 Job terminated.
	(1) Normal termination (return value 0)
		Usr 0 00:00:00, Sys 0 00:00:00  -  Run Remote Usage
		Usr 0 00:00:00, Sys 0 00:00:00  -  Run Local Usage
		Usr 0 00:00:00, Sys 0 00:00:00  -  Total Remote Usage
		Usr 0 00:00:00, Sys 0 00:00:00  -  Total Local Usage
	0  -  Run Bytes Sent By Job
	0  -  Run Bytes Received By Job
	0  -  Total Bytes Sent By Job
	0  -  Total Bytes Received By Job
...
005 (8564.000.000) 12/06 17:22:20 Job terminated.
	(1) Normal termination (return value 0)
		Usr 0 00:00:00, Sys 0 00:00:00  -  Run Remote Usage
		Usr 0 00:00:00, Sys 0 00:00:00  -  Run Local Usage
		Usr 0 00:00:00, Sys 0 00:00:00  -  Total Remote Usage
		Usr 0 00:00:00, Sys 0 00:00:00  -  Total Local Usage
	0  -  Run Bytes Sent By Job
	0  -  Run Bytes Received By Job
	0  -  Total Bytes Sent By Job
	0  -  Total Bytes Received By Job
...
005 (8562.000.000) 12/06 17:22:20 Job terminated.
	(1) Normal termination (return value 0)
		Usr 0 00:00:00, Sys 0 00:00:00  -  Run Remote Usage
		Usr 0 00:00:00, Sys 0 00:00:00  -  Run Local Usage
		Usr 0 00:00:00, Sys 0 00:00:00  -  Total Remote Usage
		Usr 0 00:00:00, Sys 0 00:00:00  -  Total Local Usage
	0  -  Run Bytes Sent By Job
	0  -  Run Bytes Received By Job
	0  -  Total Bytes Sent By Job
	0  -  Total Bytes Received By Job
...
016 (8559.000.000) 12/06 17:22:22 POST Script terminated.
	(1) Normal termination (return value 0)
    DAG Node: stage_in_remote_local_4_1
...
016 (8558.000.000) 12/06 17:22:22 POST Script terminated.
	(1) Normal termination (return value 0)
    DAG Node: stage_in_local_local_1_0
...
016 (8561.000.000) 12/06 17:22:22 POST Script terminated.
	(1) Normal termination (return value 0)
    DAG Node: stage_in_remote_local_2_0
...
016 (8562.000.000) 12/06 17:22:22 POST Script terminated.
	(1) Normal termination (return value 0)
    DAG Node: stage_in_remote_local_3_1
...
016 (8557.000.000) 12/06 17:22:22 POST Script terminated.
	(1) Normal termination (return value 0)
    DAG Node: stage_in_local_local_7_0
...
016 (8564.000.000) 12/06 17:22:22 POST Script terminated.
	(1) Normal termination (return value 0)
    DAG Node: stage_in_remote_local_6_0
...
016 (8560.000.000) 12/06 17:22:22 POST Script terminated.
	(1) Normal termination (return value 0)
    DAG Node: stage_in_remote_local_4_0
...
005 (8563.000.000) 12/06 17:22:22 Job terminated.
	(1) Normal termination (return value 0)
		Usr 0 00:00:00, Sys 0 00:00:00  -  Run Remote Usage
		Usr 0 00:00:00, Sys 0 00:00:00  -  Run Local Usage
		Usr 0 00:00:00, Sys 0 00:00:00  -  Total Remote Usage
		Usr 0 00:00:00, Sys 0 00:00:00  -  Total Local Usage
	0  -  Run Bytes Sent By Job
	0  -  Run Bytes Received By Job
	0  -  Total Bytes Sent By Job
	0  -  Total Bytes Received By Job
...
016 (8563.000.000) 12/06 17:22:26 POST Script terminated.
	(1) Normal termination (return value 0)
    DAG Node: stage_in_remote_local_3_0
...
001 (8565.000.000) 12/06 17:22:39 Job executing on host: <54.213.17.0:8127?addrs=54.213.17.0-8127&noUDP>
...
005 (8565.000.000) 12/06 17:27:48 Job terminated.
	(1) Normal termination (return value 0)
		Usr 0 00:00:00, Sys 0 00:00:00  -  Run Remote Usage
		Usr 0 00:00:00, Sys 0 00:00:00  -  Run Local Usage
		Usr 0 00:00:00, Sys 0 00:00:00  -  Total Remote Usage
		Usr 0 00:00:00, Sys 0 00:00:00  -  Total Local Usage
	4469  -  Run Bytes Sent By Job
	3170148  -  Run Bytes Received By Job
	4469  -  Total Bytes Sent By Job
	3170148  -  Total Bytes Received By Job
	Partitionable Resources :    Usage  Request Allocated
	   Cpus                 :                 1         1
	   Disk (KB)            :     6105     3250  27750260
	   Memory (MB)          :       17        1      3764
...
016 (8565.000.000) 12/06 17:27:51 POST Script terminated.
	(1) Normal termination (return value 0)
    DAG Node: init_0_ID0000001
...
000 (8566.000.000) 12/06 17:28:01 Job submitted from host: <54.67.10.246:6432?addrs=54.67.10.246-6432>
    DAG Node: clean_up_local_level_3_0
    pool:local
...
000 (8567.000.000) 12/06 17:28:02 Job submitted from host: <54.67.10.246:6432?addrs=54.67.10.246-6432>
    DAG Node: generalinfo_0_ID0000002
    pool:condorpool
...
001 (8566.000.000) 12/06 17:28:02 Job executing on host: <54.67.10.246:16753?addrs=54.67.10.246-16753>
...
001 (8567.000.000) 12/06 17:28:02 Job executing on host: <54.213.17.0:8127?addrs=54.213.17.0-8127&noUDP>
...
005 (8566.000.000) 12/06 17:28:04 Job terminated.
	(1) Normal termination (return value 0)
		Usr 0 00:00:00, Sys 0 00:00:00  -  Run Remote Usage
		Usr 0 00:00:00, Sys 0 00:00:00  -  Run Local Usage
		Usr 0 00:00:00, Sys 0 00:00:00  -  Total Remote Usage
		Usr 0 00:00:00, Sys 0 00:00:00  -  Total Local Usage
	0  -  Run Bytes Sent By Job
	0  -  Run Bytes Received By Job
	0  -  Total Bytes Sent By Job
	0  -  Total Bytes Received By Job
...
016 (8566.000.000) 12/06 17:28:07 POST Script terminated.
	(1) Normal termination (return value 0)
    DAG Node: clean_up_local_level_3_0
...
005 (8567.000.000) 12/06 18:30:28 Job terminated.
	(1) Normal termination (return value 0)
		Usr 0 00:52:07, Sys 0 00:00:36  -  Run Remote Usage
		Usr 0 00:00:00, Sys 0 00:00:00  -  Run Local Usage
		Usr 0 00:52:07, Sys 0 00:00:36  -  Total Remote Usage
		Usr 0 00:00:00, Sys 0 00:00:00  -  Total Local Usage
	5891  -  Run Bytes Sent By Job
	3169156  -  Run Bytes Received By Job
	5891  -  Total Bytes Sent By Job
	3169156  -  Total Bytes Received By Job
	Partitionable Resources :    Usage  Request Allocated
	   Cpus                 :                 1         1
	   Disk (KB)            :     6107     3250  27750260
	   Memory (MB)          :      139        1      3764
...
016 (8567.000.000) 12/06 18:30:31 POST Script terminated.
	(1) Normal termination (return value 0)
    DAG Node: generalinfo_0_ID0000002
...
000 (8568.000.000) 12/06 18:30:41 Job submitted from host: <54.67.10.246:6432?addrs=54.67.10.246-6432>
    DAG Node: clean_up_local_level_4_0
    pool:local
...
000 (8569.000.000) 12/06 18:30:41 Job submitted from host: <54.67.10.246:6432?addrs=54.67.10.246-6432>
    DAG Node: statscpumemory_0_ID0000003
    pool:condorpool
...
001 (8568.000.000) 12/06 18:30:41 Job executing on host: <54.67.10.246:55724?addrs=54.67.10.246-55724>
...
000 (8570.000.000) 12/06 18:30:41 Job submitted from host: <54.67.10.246:6432?addrs=54.67.10.246-6432>
    DAG Node: medianmemory_0_ID0000005
    pool:condorpool
...
000 (8571.000.000) 12/06 18:30:41 Job submitted from host: <54.67.10.246:6432?addrs=54.67.10.246-6432>
    DAG Node: mediancpu_0_ID0000004
    pool:condorpool
...
005 (8568.000.000) 12/06 18:30:45 Job terminated.
	(1) Normal termination (return value 0)
		Usr 0 00:00:00, Sys 0 00:00:00  -  Run Remote Usage
		Usr 0 00:00:00, Sys 0 00:00:00  -  Run Local Usage
		Usr 0 00:00:00, Sys 0 00:00:00  -  Total Remote Usage
		Usr 0 00:00:00, Sys 0 00:00:00  -  Total Local Usage
	0  -  Run Bytes Sent By Job
	0  -  Run Bytes Received By Job
	0  -  Total Bytes Sent By Job
	0  -  Total Bytes Received By Job
...
016 (8568.000.000) 12/06 18:30:46 POST Script terminated.
	(1) Normal termination (return value 0)
    DAG Node: clean_up_local_level_4_0
...
001 (8569.000.000) 12/06 18:31:02 Job executing on host: <54.213.17.0:8127?addrs=54.213.17.0-8127&noUDP>
...
001 (8570.000.000) 12/06 18:31:02 Job executing on host: <54.200.31.33:26015?addrs=54.200.31.33-26015&noUDP>
...
001 (8571.000.000) 12/06 18:31:02 Job executing on host: <54.201.173.21:12532?addrs=54.201.173.21-12532&noUDP>
...
005 (8570.000.000) 12/06 20:43:32 Job terminated.
	(1) Normal termination (return value 0)
		Usr 0 01:54:35, Sys 0 00:01:27  -  Run Remote Usage
		Usr 0 00:00:00, Sys 0 00:00:00  -  Run Local Usage
		Usr 0 01:54:35, Sys 0 00:01:27  -  Total Remote Usage
		Usr 0 00:00:00, Sys 0 00:00:00  -  Total Local Usage
	379313  -  Run Bytes Sent By Job
	3169051  -  Run Bytes Received By Job
	379313  -  Total Bytes Sent By Job
	3169051  -  Total Bytes Received By Job
	Partitionable Resources :    Usage  Request Allocated
	   Cpus                 :                 1         1
	   Disk (KB)            :  5910482     3250  27755640
	   Memory (MB)          :      158        1      3764
...
016 (8570.000.000) 12/06 20:43:34 POST Script terminated.
	(1) Normal termination (return value 0)
    DAG Node: medianmemory_0_ID0000005
...
005 (8569.000.000) 12/06 20:44:52 Job terminated.
	(1) Normal termination (return value 0)
		Usr 0 01:51:16, Sys 0 00:01:13  -  Run Remote Usage
		Usr 0 00:00:00, Sys 0 00:00:00  -  Run Local Usage
		Usr 0 01:51:16, Sys 0 00:01:13  -  Total Remote Usage
		Usr 0 00:00:00, Sys 0 00:00:00  -  Total Local Usage
	6592  -  Run Bytes Sent By Job
	3171328  -  Run Bytes Received By Job
	6592  -  Total Bytes Sent By Job
	3171328  -  Total Bytes Received By Job
	Partitionable Resources :    Usage  Request Allocated
	   Cpus                 :                 1         1
	   Disk (KB)            :     6110     3250  27749968
	   Memory (MB)          :      145        1      3764
...
016 (8569.000.000) 12/06 20:44:54 POST Script terminated.
	(1) Normal termination (return value 0)
    DAG Node: statscpumemory_0_ID0000003
...
000 (8572.000.000) 12/06 20:45:04 Job submitted from host: <54.67.10.246:6432?addrs=54.67.10.246-6432>
    DAG Node: clean_up_local_level_5_0
    pool:local
...
001 (8572.000.000) 12/06 20:45:04 Job executing on host: <54.67.10.246:8621?addrs=54.67.10.246-8621>
...
005 (8572.000.000) 12/06 20:45:12 Job terminated.
	(1) Normal termination (return value 0)
		Usr 0 00:00:00, Sys 0 00:00:00  -  Run Remote Usage
		Usr 0 00:00:00, Sys 0 00:00:00  -  Run Local Usage
		Usr 0 00:00:00, Sys 0 00:00:00  -  Total Remote Usage
		Usr 0 00:00:00, Sys 0 00:00:00  -  Total Local Usage
	0  -  Run Bytes Sent By Job
	0  -  Run Bytes Received By Job
	0  -  Total Bytes Sent By Job
	0  -  Total Bytes Received By Job
...
016 (8572.000.000) 12/06 20:45:14 POST Script terminated.
	(1) Normal termination (return value 0)
    DAG Node: clean_up_local_level_5_0
...
005 (8571.000.000) 12/06 20:49:22 Job terminated.
	(1) Normal termination (return value 0)
		Usr 0 01:58:01, Sys 0 00:01:30  -  Run Remote Usage
		Usr 0 00:00:00, Sys 0 00:00:00  -  Run Local Usage
		Usr 0 01:58:01, Sys 0 00:01:30  -  Total Remote Usage
		Usr 0 00:00:00, Sys 0 00:00:00  -  Total Local Usage
	381772  -  Run Bytes Sent By Job
	3169015  -  Run Bytes Received By Job
	381772  -  Total Bytes Sent By Job
	3169015  -  Total Bytes Received By Job
	Partitionable Resources :    Usage  Request Allocated
	   Cpus                 :                 1         1
	   Disk (KB)            :  5780490     3250  27751652
	   Memory (MB)          :      163        1      3764
...
016 (8571.000.000) 12/06 20:49:25 POST Script terminated.
	(1) Normal termination (return value 0)
    DAG Node: mediancpu_0_ID0000004
...
000 (8573.000.000) 12/06 20:49:35 Job submitted from host: <54.67.10.246:6432?addrs=54.67.10.246-6432>
    DAG Node: taskevent_0_ID0000006
    pool:condorpool
...
000 (8574.000.000) 12/06 20:49:35 Job submitted from host: <54.67.10.246:6432?addrs=54.67.10.246-6432>
    DAG Node: clean_up_local_level_5_1
    pool:local
...
001 (8573.000.000) 12/06 20:49:36 Job executing on host: <54.213.17.0:8127?addrs=54.213.17.0-8127&noUDP>
...
001 (8574.000.000) 12/06 20:49:40 Job executing on host: <54.67.10.246:12798?addrs=54.67.10.246-12798>
...
005 (8574.000.000) 12/06 20:49:44 Job terminated.
	(1) Normal termination (return value 0)
		Usr 0 00:00:00, Sys 0 00:00:00  -  Run Remote Usage
		Usr 0 00:00:00, Sys 0 00:00:00  -  Run Local Usage
		Usr 0 00:00:00, Sys 0 00:00:00  -  Total Remote Usage
		Usr 0 00:00:00, Sys 0 00:00:00  -  Total Local Usage
	0  -  Run Bytes Sent By Job
	0  -  Run Bytes Received By Job
	0  -  Total Bytes Sent By Job
	0  -  Total Bytes Received By Job
...
016 (8574.000.000) 12/06 20:49:45 POST Script terminated.
	(1) Normal termination (return value 0)
    DAG Node: clean_up_local_level_5_1
...
005 (8573.000.000) 12/07 00:46:51 Job terminated.
	(1) Normal termination (return value 0)
		Usr 0 01:58:25, Sys 0 00:01:20  -  Run Remote Usage
		Usr 0 00:00:00, Sys 0 00:00:00  -  Run Local Usage
		Usr 0 01:58:25, Sys 0 00:01:20  -  Total Remote Usage
		Usr 0 00:00:00, Sys 0 00:00:00  -  Total Local Usage
	14701  -  Run Bytes Sent By Job
	3175823  -  Run Bytes Received By Job
	14701  -  Total Bytes Sent By Job
	3175823  -  Total Bytes Received By Job
	Partitionable Resources :    Usage  Request Allocated
	   Cpus                 :                 1         1
	   Disk (KB)            :     6125     3250  27749452
	   Memory (MB)          :      141        1      3764
...
016 (8573.000.000) 12/07 00:46:55 POST Script terminated.
	(1) Normal termination (return value 0)
    DAG Node: taskevent_0_ID0000006
...
000 (8575.000.000) 12/07 00:47:05 Job submitted from host: <54.67.10.246:6432?addrs=54.67.10.246-6432>
    DAG Node: clean_up_local_level_6_0
    pool:local
...
000 (8576.000.000) 12/07 00:47:05 Job submitted from host: <54.67.10.246:6432?addrs=54.67.10.246-6432>
    DAG Node: calculateratio_0_ID0000007
    pool:condorpool
...
001 (8575.000.000) 12/07 00:47:05 Job executing on host: <54.67.10.246:34779?addrs=54.67.10.246-34779>
...
005 (8575.000.000) 12/07 00:47:13 Job terminated.
	(1) Normal termination (return value 0)
		Usr 0 00:00:00, Sys 0 00:00:00  -  Run Remote Usage
		Usr 0 00:00:00, Sys 0 00:00:00  -  Run Local Usage
		Usr 0 00:00:00, Sys 0 00:00:00  -  Total Remote Usage
		Usr 0 00:00:00, Sys 0 00:00:00  -  Total Local Usage
	0  -  Run Bytes Sent By Job
	0  -  Run Bytes Received By Job
	0  -  Total Bytes Sent By Job
	0  -  Total Bytes Received By Job
...
016 (8575.000.000) 12/07 00:47:15 POST Script terminated.
	(1) Normal termination (return value 0)
    DAG Node: clean_up_local_level_6_0
...
001 (8576.000.000) 12/07 00:47:19 Job executing on host: <54.213.17.0:8127?addrs=54.213.17.0-8127&noUDP>
...
005 (8576.000.000) 12/07 05:44:12 Job terminated.
	(1) Normal termination (return value 0)
		Usr 0 01:55:49, Sys 0 00:04:18  -  Run Remote Usage
		Usr 0 00:00:00, Sys 0 00:00:00  -  Run Local Usage
		Usr 0 01:55:49, Sys 0 00:04:18  -  Total Remote Usage
		Usr 0 00:00:00, Sys 0 00:00:00  -  Total Local Usage
	359824  -  Run Bytes Sent By Job
	3174554  -  Run Bytes Received By Job
	359824  -  Total Bytes Sent By Job
	3174554  -  Total Bytes Received By Job
	Partitionable Resources :    Usage  Request Allocated
	   Cpus                 :                 1         1
	   Disk (KB)            :     8450     3250  27747772
	   Memory (MB)          :      158        1      3764
...
016 (8576.000.000) 12/07 05:44:14 POST Script terminated.
	(1) Normal termination (return value 0)
    DAG Node: calculateratio_0_ID0000007
...
000 (8577.000.000) 12/07 05:44:24 Job submitted from host: <54.67.10.246:6432?addrs=54.67.10.246-6432>
    DAG Node: clean_up_local_level_7_0
    pool:local
...
000 (8578.000.000) 12/07 05:44:24 Job submitted from host: <54.67.10.246:6432?addrs=54.67.10.246-6432>
    DAG Node: averageratioevent_0_ID0000008
    pool:condorpool
...
001 (8577.000.000) 12/07 05:44:24 Job executing on host: <54.67.10.246:3132?addrs=54.67.10.246-3132>
...
005 (8577.000.000) 12/07 05:44:32 Job terminated.
	(1) Normal termination (return value 0)
		Usr 0 00:00:00, Sys 0 00:00:00  -  Run Remote Usage
		Usr 0 00:00:00, Sys 0 00:00:00  -  Run Local Usage
		Usr 0 00:00:00, Sys 0 00:00:00  -  Total Remote Usage
		Usr 0 00:00:00, Sys 0 00:00:00  -  Total Local Usage
	0  -  Run Bytes Sent By Job
	0  -  Run Bytes Received By Job
	0  -  Total Bytes Sent By Job
	0  -  Total Bytes Received By Job
...
016 (8577.000.000) 12/07 05:44:34 POST Script terminated.
	(1) Normal termination (return value 0)
    DAG Node: clean_up_local_level_7_0
...
001 (8578.000.000) 12/07 05:44:45 Job executing on host: <54.213.17.0:8127?addrs=54.213.17.0-8127&noUDP>
...
005 (8578.000.000) 12/07 06:08:23 Job terminated.
	(1) Normal termination (return value 0)
		Usr 0 00:14:01, Sys 0 00:00:15  -  Run Remote Usage
		Usr 0 00:00:00, Sys 0 00:00:00  -  Run Local Usage
		Usr 0 00:14:01, Sys 0 00:00:15  -  Total Remote Usage
		Usr 0 00:00:00, Sys 0 00:00:00  -  Total Local Usage
	266722  -  Run Bytes Sent By Job
	3169951  -  Run Bytes Received By Job
	266722  -  Total Bytes Sent By Job
	3169951  -  Total Bytes Received By Job
	Partitionable Resources :    Usage  Request Allocated
	   Cpus                 :                 1         1
	   Disk (KB)            :   171487     3250  27745736
	   Memory (MB)          :      149        1      3764
...
016 (8578.000.000) 12/07 06:08:25 POST Script terminated.
	(1) Normal termination (return value 0)
    DAG Node: averageratioevent_0_ID0000008
...
000 (8579.000.000) 12/07 06:08:35 Job submitted from host: <54.67.10.246:6432?addrs=54.67.10.246-6432>
    DAG Node: clean_up_local_level_8_0
    pool:local
...
000 (8580.000.000) 12/07 06:08:35 Job submitted from host: <54.67.10.246:6432?addrs=54.67.10.246-6432>
    DAG Node: analysisevent_0_ID0000009
    pool:condorpool
...
001 (8579.000.000) 12/07 06:08:35 Job executing on host: <54.67.10.246:28866?addrs=54.67.10.246-28866>
...
005 (8579.000.000) 12/07 06:08:39 Job terminated.
	(1) Normal termination (return value 0)
		Usr 0 00:00:00, Sys 0 00:00:00  -  Run Remote Usage
		Usr 0 00:00:00, Sys 0 00:00:00  -  Run Local Usage
		Usr 0 00:00:00, Sys 0 00:00:00  -  Total Remote Usage
		Usr 0 00:00:00, Sys 0 00:00:00  -  Total Local Usage
	0  -  Run Bytes Sent By Job
	0  -  Run Bytes Received By Job
	0  -  Total Bytes Sent By Job
	0  -  Total Bytes Received By Job
...
016 (8579.000.000) 12/07 06:08:40 POST Script terminated.
	(1) Normal termination (return value 0)
    DAG Node: clean_up_local_level_8_0
...
001 (8580.000.000) 12/07 06:08:56 Job executing on host: <54.213.17.0:8127?addrs=54.213.17.0-8127&noUDP>
...
005 (8580.000.000) 12/07 06:08:57 Job terminated.
	(1) Normal termination (return value 0)
		Usr 0 00:00:00, Sys 0 00:00:00  -  Run Remote Usage
		Usr 0 00:00:00, Sys 0 00:00:00  -  Run Local Usage
		Usr 0 00:00:00, Sys 0 00:00:00  -  Total Remote Usage
		Usr 0 00:00:00, Sys 0 00:00:00  -  Total Local Usage
	5947  -  Run Bytes Sent By Job
	3169438  -  Run Bytes Received By Job
	5947  -  Total Bytes Sent By Job
	3169438  -  Total Bytes Received By Job
	Partitionable Resources :    Usage  Request Allocated
	   Cpus                 :                 1         1
	   Disk (KB)            :     6108     3250  27550964
	   Memory (MB)          :        0        1      3764
...
016 (8580.000.000) 12/07 06:09:00 POST Script terminated.
	(1) Normal termination (return value 0)
    DAG Node: analysisevent_0_ID0000009
...
000 (8581.000.000) 12/07 06:09:10 Job submitted from host: <54.67.10.246:6432?addrs=54.67.10.246-6432>
    DAG Node: terminate_0_ID0000010
    pool:condorpool
...
000 (8582.000.000) 12/07 06:09:10 Job submitted from host: <54.67.10.246:6432?addrs=54.67.10.246-6432>
    DAG Node: clean_up_local_level_9_0
    pool:local
...
001 (8581.000.000) 12/07 06:09:11 Job executing on host: <54.213.17.0:8127?addrs=54.213.17.0-8127&noUDP>
...
005 (8581.000.000) 12/07 06:09:12 Job terminated.
	(1) Normal termination (return value 0)
		Usr 0 00:00:00, Sys 0 00:00:00  -  Run Remote Usage
		Usr 0 00:00:00, Sys 0 00:00:00  -  Run Local Usage
		Usr 0 00:00:00, Sys 0 00:00:00  -  Total Remote Usage
		Usr 0 00:00:00, Sys 0 00:00:00  -  Total Local Usage
	4473  -  Run Bytes Sent By Job
	3167897  -  Run Bytes Received By Job
	4473  -  Total Bytes Sent By Job
	3167897  -  Total Bytes Received By Job
	Partitionable Resources :    Usage  Request Allocated
	   Cpus                 :                 1         1
	   Disk (KB)            :     6104     3250  27550964
	   Memory (MB)          :        0        1      3764
...
016 (8581.000.000) 12/07 06:09:16 POST Script terminated.
	(1) Normal termination (return value 0)
    DAG Node: terminate_0_ID0000010
...
001 (8582.000.000) 12/07 06:09:16 Job executing on host: <54.67.10.246:51642?addrs=54.67.10.246-51642>
...
005 (8582.000.000) 12/07 06:09:21 Job terminated.
	(1) Normal termination (return value 0)
		Usr 0 00:00:00, Sys 0 00:00:00  -  Run Remote Usage
		Usr 0 00:00:00, Sys 0 00:00:00  -  Run Local Usage
		Usr 0 00:00:00, Sys 0 00:00:00  -  Total Remote Usage
		Usr 0 00:00:00, Sys 0 00:00:00  -  Total Local Usage
	0  -  Run Bytes Sent By Job
	0  -  Run Bytes Received By Job
	0  -  Total Bytes Sent By Job
	0  -  Total Bytes Received By Job
...
000 (8583.000.000) 12/07 06:09:25 Job submitted from host: <54.67.10.246:6432?addrs=54.67.10.246-6432>
    DAG Node: clean_up_local_level_10_0
    pool:local
...
001 (8583.000.000) 12/07 06:09:25 Job executing on host: <54.67.10.246:29879?addrs=54.67.10.246-29879>
...
016 (8582.000.000) 12/07 06:09:25 POST Script terminated.
	(1) Normal termination (return value 0)
    DAG Node: clean_up_local_level_9_0
...
005 (8583.000.000) 12/07 06:09:27 Job terminated.
	(1) Normal termination (return value 0)
		Usr 0 00:00:00, Sys 0 00:00:00  -  Run Remote Usage
		Usr 0 00:00:00, Sys 0 00:00:00  -  Run Local Usage
		Usr 0 00:00:00, Sys 0 00:00:00  -  Total Remote Usage
		Usr 0 00:00:00, Sys 0 00:00:00  -  Total Local Usage
	0  -  Run Bytes Sent By Job
	0  -  Run Bytes Received By Job
	0  -  Total Bytes Sent By Job
	0  -  Total Bytes Received By Job
...
016 (8583.000.000) 12/07 06:09:30 POST Script terminated.
	(1) Normal termination (return value 0)
    DAG Node: clean_up_local_level_10_0
...
000 (8584.000.000) 12/07 06:09:40 Job submitted from host: <54.67.10.246:6432?addrs=54.67.10.246-6432>
    DAG Node: cleanup_example_workflow_0_local
    pool:local
...
001 (8584.000.000) 12/07 06:09:56 Job executing on host: <54.67.10.246:61857?addrs=54.67.10.246-61857>
...
005 (8584.000.000) 12/07 06:09:58 Job terminated.
	(1) Normal termination (return value 0)
		Usr 0 00:00:00, Sys 0 00:00:00  -  Run Remote Usage
		Usr 0 00:00:00, Sys 0 00:00:00  -  Run Local Usage
		Usr 0 00:00:00, Sys 0 00:00:00  -  Total Remote Usage
		Usr 0 00:00:00, Sys 0 00:00:00  -  Total Local Usage
	0  -  Run Bytes Sent By Job
	0  -  Run Bytes Received By Job
	0  -  Total Bytes Sent By Job
	0  -  Total Bytes Received By Job
...
