000 (10815.000.000) 01/24 16:58:40 Job submitted from host: <52.53.227.117:37519?addrs=52.53.227.117-37519>
    DAG Node: create_dir_example_workflow_0_local
    pool:local
...
001 (10815.000.000) 01/24 16:58:41 Job executing on host: <52.53.227.117:43812?addrs=52.53.227.117-43812>
...
005 (10815.000.000) 01/24 16:58:43 Job terminated.
	(1) Normal termination (return value 0)
		Usr 0 00:00:00, Sys 0 00:00:00  -  Run Remote Usage
		Usr 0 00:00:00, Sys 0 00:00:00  -  Run Local Usage
		Usr 0 00:00:00, Sys 0 00:00:00  -  Total Remote Usage
		Usr 0 00:00:00, Sys 0 00:00:00  -  Total Local Usage
	0  -  Run Bytes Sent By Job
	0  -  Run Bytes Received By Job
	0  -  Total Bytes Sent By Job
	0  -  Total Bytes Received By Job
...
016 (10815.000.000) 01/24 16:58:45 POST Script terminated.
	(1) Normal termination (return value 0)
    DAG Node: create_dir_example_workflow_0_local
...
000 (10816.000.000) 01/24 16:58:55 Job submitted from host: <52.53.227.117:37519?addrs=52.53.227.117-37519>
    DAG Node: stage_in_local_local_0_0
    pool:local
...
001 (10816.000.000) 01/24 16:58:55 Job executing on host: <52.53.227.117:53163?addrs=52.53.227.117-53163>
...
000 (10817.000.000) 01/24 16:58:55 Job submitted from host: <52.53.227.117:37519?addrs=52.53.227.117-37519>
    DAG Node: stage_in_local_local_4_0
    pool:local
...
000 (10818.000.000) 01/24 16:58:55 Job submitted from host: <52.53.227.117:37519?addrs=52.53.227.117-37519>
    DAG Node: stage_in_local_local_1_0
    pool:local
...
000 (10819.000.000) 01/24 16:58:56 Job submitted from host: <52.53.227.117:37519?addrs=52.53.227.117-37519>
    DAG Node: stage_in_local_local_2_0
    pool:local
...
000 (10820.000.000) 01/24 16:58:56 Job submitted from host: <52.53.227.117:37519?addrs=52.53.227.117-37519>
    DAG Node: stage_in_local_local_2_1
    pool:local
...
005 (10816.000.000) 01/24 16:58:58 Job terminated.
	(1) Normal termination (return value 0)
		Usr 0 00:00:00, Sys 0 00:00:00  -  Run Remote Usage
		Usr 0 00:00:00, Sys 0 00:00:00  -  Run Local Usage
		Usr 0 00:00:00, Sys 0 00:00:00  -  Total Remote Usage
		Usr 0 00:00:00, Sys 0 00:00:00  -  Total Local Usage
	0  -  Run Bytes Sent By Job
	0  -  Run Bytes Received By Job
	0  -  Total Bytes Sent By Job
	0  -  Total Bytes Received By Job
...
001 (10819.000.000) 01/24 16:58:58 Job executing on host: <52.53.227.117:50533?addrs=52.53.227.117-50533>
...
001 (10818.000.000) 01/24 16:58:58 Job executing on host: <52.53.227.117:45245?addrs=52.53.227.117-45245>
...
001 (10817.000.000) 01/24 16:58:58 Job executing on host: <52.53.227.117:15737?addrs=52.53.227.117-15737>
...
001 (10820.000.000) 01/24 16:58:58 Job executing on host: <52.53.227.117:34822?addrs=52.53.227.117-34822>
...
005 (10818.000.000) 01/24 16:59:00 Job terminated.
	(1) Normal termination (return value 0)
		Usr 0 00:00:00, Sys 0 00:00:00  -  Run Remote Usage
		Usr 0 00:00:00, Sys 0 00:00:00  -  Run Local Usage
		Usr 0 00:00:00, Sys 0 00:00:00  -  Total Remote Usage
		Usr 0 00:00:00, Sys 0 00:00:00  -  Total Local Usage
	0  -  Run Bytes Sent By Job
	0  -  Run Bytes Received By Job
	0  -  Total Bytes Sent By Job
	0  -  Total Bytes Received By Job
...
005 (10817.000.000) 01/24 16:59:00 Job terminated.
	(1) Normal termination (return value 0)
		Usr 0 00:00:00, Sys 0 00:00:00  -  Run Remote Usage
		Usr 0 00:00:00, Sys 0 00:00:00  -  Run Local Usage
		Usr 0 00:00:00, Sys 0 00:00:00  -  Total Remote Usage
		Usr 0 00:00:00, Sys 0 00:00:00  -  Total Local Usage
	0  -  Run Bytes Sent By Job
	0  -  Run Bytes Received By Job
	0  -  Total Bytes Sent By Job
	0  -  Total Bytes Received By Job
...
000 (10821.000.000) 01/24 16:59:01 Job submitted from host: <52.53.227.117:37519?addrs=52.53.227.117-37519>
    DAG Node: stage_in_remote_local_1_0
    pool:local
...
000 (10822.000.000) 01/24 16:59:01 Job submitted from host: <52.53.227.117:37519?addrs=52.53.227.117-37519>
    DAG Node: stage_in_local_local_3_1
    pool:local
...
000 (10823.000.000) 01/24 16:59:01 Job submitted from host: <52.53.227.117:37519?addrs=52.53.227.117-37519>
    DAG Node: stage_in_local_local_3_0
    pool:local
...
000 (10824.000.000) 01/24 16:59:01 Job submitted from host: <52.53.227.117:37519?addrs=52.53.227.117-37519>
    DAG Node: stage_in_remote_local_3_1
    pool:local
...
000 (10825.000.000) 01/24 16:59:01 Job submitted from host: <52.53.227.117:37519?addrs=52.53.227.117-37519>
    DAG Node: stage_in_remote_local_3_0
    pool:local
...
016 (10816.000.000) 01/24 16:59:01 POST Script terminated.
	(1) Normal termination (return value 0)
    DAG Node: stage_in_local_local_0_0
...
016 (10818.000.000) 01/24 16:59:01 POST Script terminated.
	(1) Normal termination (return value 0)
    DAG Node: stage_in_local_local_1_0
...
016 (10817.000.000) 01/24 16:59:01 POST Script terminated.
	(1) Normal termination (return value 0)
    DAG Node: stage_in_local_local_4_0
...
005 (10819.000.000) 01/24 16:59:02 Job terminated.
	(1) Normal termination (return value 0)
		Usr 0 00:00:00, Sys 0 00:00:00  -  Run Remote Usage
		Usr 0 00:00:00, Sys 0 00:00:00  -  Run Local Usage
		Usr 0 00:00:00, Sys 0 00:00:00  -  Total Remote Usage
		Usr 0 00:00:00, Sys 0 00:00:00  -  Total Local Usage
	0  -  Run Bytes Sent By Job
	0  -  Run Bytes Received By Job
	0  -  Total Bytes Sent By Job
	0  -  Total Bytes Received By Job
...
001 (10822.000.000) 01/24 16:59:02 Job executing on host: <52.53.227.117:50474?addrs=52.53.227.117-50474>
...
001 (10821.000.000) 01/24 16:59:02 Job executing on host: <52.53.227.117:2208?addrs=52.53.227.117-2208>
...
001 (10825.000.000) 01/24 16:59:02 Job executing on host: <52.53.227.117:57669?addrs=52.53.227.117-57669>
...
001 (10824.000.000) 01/24 16:59:02 Job executing on host: <52.53.227.117:26828?addrs=52.53.227.117-26828>
...
005 (10820.000.000) 01/24 16:59:02 Job terminated.
	(1) Normal termination (return value 0)
		Usr 0 00:00:00, Sys 0 00:00:00  -  Run Remote Usage
		Usr 0 00:00:00, Sys 0 00:00:00  -  Run Local Usage
		Usr 0 00:00:00, Sys 0 00:00:00  -  Total Remote Usage
		Usr 0 00:00:00, Sys 0 00:00:00  -  Total Local Usage
	0  -  Run Bytes Sent By Job
	0  -  Run Bytes Received By Job
	0  -  Total Bytes Sent By Job
	0  -  Total Bytes Received By Job
...
001 (10823.000.000) 01/24 16:59:03 Job executing on host: <52.53.227.117:60885?addrs=52.53.227.117-60885>
...
005 (10821.000.000) 01/24 16:59:05 Job terminated.
	(1) Normal termination (return value 0)
		Usr 0 00:00:00, Sys 0 00:00:00  -  Run Remote Usage
		Usr 0 00:00:00, Sys 0 00:00:00  -  Run Local Usage
		Usr 0 00:00:00, Sys 0 00:00:00  -  Total Remote Usage
		Usr 0 00:00:00, Sys 0 00:00:00  -  Total Local Usage
	0  -  Run Bytes Sent By Job
	0  -  Run Bytes Received By Job
	0  -  Total Bytes Sent By Job
	0  -  Total Bytes Received By Job
...
016 (10820.000.000) 01/24 16:59:07 POST Script terminated.
	(1) Normal termination (return value 0)
    DAG Node: stage_in_local_local_2_1
...
016 (10819.000.000) 01/24 16:59:07 POST Script terminated.
	(1) Normal termination (return value 0)
    DAG Node: stage_in_local_local_2_0
...
016 (10821.000.000) 01/24 16:59:07 POST Script terminated.
	(1) Normal termination (return value 0)
    DAG Node: stage_in_remote_local_1_0
...
005 (10822.000.000) 01/24 16:59:07 Job terminated.
	(1) Normal termination (return value 0)
		Usr 0 00:00:00, Sys 0 00:00:00  -  Run Remote Usage
		Usr 0 00:00:00, Sys 0 00:00:00  -  Run Local Usage
		Usr 0 00:00:00, Sys 0 00:00:00  -  Total Remote Usage
		Usr 0 00:00:00, Sys 0 00:00:00  -  Total Local Usage
	0  -  Run Bytes Sent By Job
	0  -  Run Bytes Received By Job
	0  -  Total Bytes Sent By Job
	0  -  Total Bytes Received By Job
...
005 (10825.000.000) 01/24 16:59:07 Job terminated.
	(1) Normal termination (return value 0)
		Usr 0 00:00:00, Sys 0 00:00:00  -  Run Remote Usage
		Usr 0 00:00:00, Sys 0 00:00:00  -  Run Local Usage
		Usr 0 00:00:00, Sys 0 00:00:00  -  Total Remote Usage
		Usr 0 00:00:00, Sys 0 00:00:00  -  Total Local Usage
	0  -  Run Bytes Sent By Job
	0  -  Run Bytes Received By Job
	0  -  Total Bytes Sent By Job
	0  -  Total Bytes Received By Job
...
005 (10824.000.000) 01/24 16:59:07 Job terminated.
	(1) Normal termination (return value 0)
		Usr 0 00:00:00, Sys 0 00:00:00  -  Run Remote Usage
		Usr 0 00:00:00, Sys 0 00:00:00  -  Run Local Usage
		Usr 0 00:00:00, Sys 0 00:00:00  -  Total Remote Usage
		Usr 0 00:00:00, Sys 0 00:00:00  -  Total Local Usage
	0  -  Run Bytes Sent By Job
	0  -  Run Bytes Received By Job
	0  -  Total Bytes Sent By Job
	0  -  Total Bytes Received By Job
...
005 (10823.000.000) 01/24 16:59:07 Job terminated.
	(1) Normal termination (return value 0)
		Usr 0 00:00:00, Sys 0 00:00:00  -  Run Remote Usage
		Usr 0 00:00:00, Sys 0 00:00:00  -  Run Local Usage
		Usr 0 00:00:00, Sys 0 00:00:00  -  Total Remote Usage
		Usr 0 00:00:00, Sys 0 00:00:00  -  Total Local Usage
	0  -  Run Bytes Sent By Job
	0  -  Run Bytes Received By Job
	0  -  Total Bytes Sent By Job
	0  -  Total Bytes Received By Job
...
000 (10826.000.000) 01/24 16:59:11 Job submitted from host: <52.53.227.117:37519?addrs=52.53.227.117-37519>
    DAG Node: init_0_ID0000001
    pool:condorpool
...
016 (10825.000.000) 01/24 16:59:11 POST Script terminated.
	(1) Normal termination (return value 0)
    DAG Node: stage_in_remote_local_3_0
...
016 (10824.000.000) 01/24 16:59:11 POST Script terminated.
	(1) Normal termination (return value 0)
    DAG Node: stage_in_remote_local_3_1
...
016 (10822.000.000) 01/24 16:59:11 POST Script terminated.
	(1) Normal termination (return value 0)
    DAG Node: stage_in_local_local_3_1
...
016 (10823.000.000) 01/24 16:59:11 POST Script terminated.
	(1) Normal termination (return value 0)
    DAG Node: stage_in_local_local_3_0
...
001 (10826.000.000) 01/24 16:59:17 Job executing on host: <54.202.85.81:50698?addrs=54.202.85.81-50698&noUDP>
...
005 (10826.000.000) 01/24 17:05:58 Job terminated.
	(1) Normal termination (return value 0)
		Usr 0 00:00:00, Sys 0 00:00:00  -  Run Remote Usage
		Usr 0 00:00:00, Sys 0 00:00:00  -  Run Local Usage
		Usr 0 00:00:00, Sys 0 00:00:00  -  Total Remote Usage
		Usr 0 00:00:00, Sys 0 00:00:00  -  Total Local Usage
	4454  -  Run Bytes Sent By Job
	3168879  -  Run Bytes Received By Job
	4454  -  Total Bytes Sent By Job
	3168879  -  Total Bytes Received By Job
	Partitionable Resources :    Usage  Request Allocated
	   Cpus                 :                 1         1
	   Disk (KB)            :     6104     3250  27749156
	   Memory (MB)          :       15        1      3764
...
016 (10826.000.000) 01/24 17:06:01 POST Script terminated.
	(1) Normal termination (return value 0)
    DAG Node: init_0_ID0000001
...
000 (10827.000.000) 01/24 17:06:11 Job submitted from host: <52.53.227.117:37519?addrs=52.53.227.117-37519>
    DAG Node: clean_up_local_level_3_0
    pool:local
...
000 (10828.000.000) 01/24 17:06:11 Job submitted from host: <52.53.227.117:37519?addrs=52.53.227.117-37519>
    DAG Node: computeusergroup_0_ID0000002
    pool:condorpool
...
001 (10827.000.000) 01/24 17:06:11 Job executing on host: <52.53.227.117:58941?addrs=52.53.227.117-58941>
...
001 (10828.000.000) 01/24 17:06:12 Job executing on host: <54.202.85.81:50698?addrs=54.202.85.81-50698&noUDP>
...
005 (10827.000.000) 01/24 17:06:13 Job terminated.
	(1) Normal termination (return value 0)
		Usr 0 00:00:00, Sys 0 00:00:00  -  Run Remote Usage
		Usr 0 00:00:00, Sys 0 00:00:00  -  Run Local Usage
		Usr 0 00:00:00, Sys 0 00:00:00  -  Total Remote Usage
		Usr 0 00:00:00, Sys 0 00:00:00  -  Total Local Usage
	0  -  Run Bytes Sent By Job
	0  -  Run Bytes Received By Job
	0  -  Total Bytes Sent By Job
	0  -  Total Bytes Received By Job
...
016 (10827.000.000) 01/24 17:06:16 POST Script terminated.
	(1) Normal termination (return value 0)
    DAG Node: clean_up_local_level_3_0
...
005 (10828.000.000) 01/24 20:20:32 Job terminated.
	(1) Normal termination (return value 0)
		Usr 0 00:06:34, Sys 0 00:00:22  -  Run Remote Usage
		Usr 0 00:00:00, Sys 0 00:00:00  -  Run Local Usage
		Usr 0 00:06:34, Sys 0 00:00:22  -  Total Remote Usage
		Usr 0 00:00:00, Sys 0 00:00:00  -  Total Local Usage
	526696  -  Run Bytes Sent By Job
	3171529  -  Run Bytes Received By Job
	526696  -  Total Bytes Sent By Job
	3171529  -  Total Bytes Received By Job
	Partitionable Resources :    Usage  Request Allocated
	   Cpus                 :                 1         1
	   Disk (KB)            :    81636     3250  27749156
	   Memory (MB)          :      554        1      3764
...
016 (10828.000.000) 01/24 20:20:34 POST Script terminated.
	(1) Normal termination (return value 0)
    DAG Node: computeusergroup_0_ID0000002
...
000 (10829.000.000) 01/24 20:20:44 Job submitted from host: <52.53.227.117:37519?addrs=52.53.227.117-37519>
    DAG Node: clean_up_local_level_4_0
    pool:local
...
001 (10829.000.000) 01/24 20:20:44 Job executing on host: <52.53.227.117:35484?addrs=52.53.227.117-35484>
...
000 (10830.000.000) 01/24 20:20:44 Job submitted from host: <52.53.227.117:37519?addrs=52.53.227.117-37519>
    DAG Node: stage_out_local_local_1_0
    pool:local
...
000 (10831.000.000) 01/24 20:20:44 Job submitted from host: <52.53.227.117:37519?addrs=52.53.227.117-37519>
    DAG Node: stage_out_local_local_1_1
    pool:local
...
000 (10832.000.000) 01/24 20:20:44 Job submitted from host: <52.53.227.117:37519?addrs=52.53.227.117-37519>
    DAG Node: sessioncompute_0_ID0000003
    pool:condorpool
...
000 (10833.000.000) 01/24 20:20:44 Job submitted from host: <52.53.227.117:37519?addrs=52.53.227.117-37519>
    DAG Node: sessioncompute_5_ID0000008
    pool:condorpool
...
005 (10829.000.000) 01/24 20:20:48 Job terminated.
	(1) Normal termination (return value 0)
		Usr 0 00:00:00, Sys 0 00:00:00  -  Run Remote Usage
		Usr 0 00:00:00, Sys 0 00:00:00  -  Run Local Usage
		Usr 0 00:00:00, Sys 0 00:00:00  -  Total Remote Usage
		Usr 0 00:00:00, Sys 0 00:00:00  -  Total Local Usage
	0  -  Run Bytes Sent By Job
	0  -  Run Bytes Received By Job
	0  -  Total Bytes Sent By Job
	0  -  Total Bytes Received By Job
...
001 (10831.000.000) 01/24 20:20:49 Job executing on host: <52.53.227.117:22602?addrs=52.53.227.117-22602>
...
001 (10830.000.000) 01/24 20:20:49 Job executing on host: <52.53.227.117:62221?addrs=52.53.227.117-62221>
...
000 (10834.000.000) 01/24 20:20:50 Job submitted from host: <52.53.227.117:37519?addrs=52.53.227.117-37519>
    DAG Node: sessioncompute_6_ID0000009
    pool:condorpool
...
000 (10835.000.000) 01/24 20:20:50 Job submitted from host: <52.53.227.117:37519?addrs=52.53.227.117-37519>
    DAG Node: sessioncompute_1_ID0000004
    pool:condorpool
...
000 (10836.000.000) 01/24 20:20:50 Job submitted from host: <52.53.227.117:37519?addrs=52.53.227.117-37519>
    DAG Node: sessioncompute_3_ID0000006
    pool:condorpool
...
000 (10837.000.000) 01/24 20:20:50 Job submitted from host: <52.53.227.117:37519?addrs=52.53.227.117-37519>
    DAG Node: sessioncompute_7_ID0000010
    pool:condorpool
...
000 (10838.000.000) 01/24 20:20:50 Job submitted from host: <52.53.227.117:37519?addrs=52.53.227.117-37519>
    DAG Node: sessioncompute_8_ID0000011
    pool:condorpool
...
016 (10829.000.000) 01/24 20:20:50 POST Script terminated.
	(1) Normal termination (return value 0)
    DAG Node: clean_up_local_level_4_0
...
005 (10831.000.000) 01/24 20:20:53 Job terminated.
	(1) Normal termination (return value 0)
		Usr 0 00:00:00, Sys 0 00:00:00  -  Run Remote Usage
		Usr 0 00:00:00, Sys 0 00:00:00  -  Run Local Usage
		Usr 0 00:00:00, Sys 0 00:00:00  -  Total Remote Usage
		Usr 0 00:00:00, Sys 0 00:00:00  -  Total Local Usage
	0  -  Run Bytes Sent By Job
	0  -  Run Bytes Received By Job
	0  -  Total Bytes Sent By Job
	0  -  Total Bytes Received By Job
...
005 (10830.000.000) 01/24 20:20:53 Job terminated.
	(1) Normal termination (return value 0)
		Usr 0 00:00:00, Sys 0 00:00:00  -  Run Remote Usage
		Usr 0 00:00:00, Sys 0 00:00:00  -  Run Local Usage
		Usr 0 00:00:00, Sys 0 00:00:00  -  Total Remote Usage
		Usr 0 00:00:00, Sys 0 00:00:00  -  Total Local Usage
	0  -  Run Bytes Sent By Job
	0  -  Run Bytes Received By Job
	0  -  Total Bytes Sent By Job
	0  -  Total Bytes Received By Job
...
000 (10839.000.000) 01/24 20:20:55 Job submitted from host: <52.53.227.117:37519?addrs=52.53.227.117-37519>
    DAG Node: sessioncompute_2_ID0000005
    pool:condorpool
...
000 (10840.000.000) 01/24 20:20:56 Job submitted from host: <52.53.227.117:37519?addrs=52.53.227.117-37519>
    DAG Node: sessioncompute_4_ID0000007
    pool:condorpool
...
016 (10831.000.000) 01/24 20:20:56 POST Script terminated.
	(1) Normal termination (return value 0)
    DAG Node: stage_out_local_local_1_1
...
016 (10830.000.000) 01/24 20:20:56 POST Script terminated.
	(1) Normal termination (return value 0)
    DAG Node: stage_out_local_local_1_0
...
001 (10833.000.000) 01/24 20:20:59 Job executing on host: <54.201.201.111:3492?addrs=54.201.201.111-3492&noUDP>
...
001 (10832.000.000) 01/24 20:20:59 Job executing on host: <54.202.85.81:50698?addrs=54.202.85.81-50698&noUDP>
...
001 (10834.000.000) 01/24 20:20:59 Job executing on host: <54.200.250.27:7208?addrs=54.200.250.27-7208&noUDP>
...
001 (10839.000.000) 01/24 20:20:59 Job executing on host: <54.202.123.4:36246?addrs=54.202.123.4-36246&noUDP>
...
001 (10838.000.000) 01/24 20:20:59 Job executing on host: <54.202.85.173:30231?addrs=54.202.85.173-30231&noUDP>
...
001 (10835.000.000) 01/24 20:20:59 Job executing on host: <54.203.103.253:55703?addrs=54.203.103.253-55703&noUDP>
...
001 (10837.000.000) 01/24 20:20:59 Job executing on host: <54.201.224.38:13656?addrs=54.201.224.38-13656&noUDP>
...
001 (10836.000.000) 01/24 20:20:59 Job executing on host: <54.202.88.95:31883?addrs=54.202.88.95-31883&noUDP>
...
001 (10840.000.000) 01/24 20:20:59 Job executing on host: <54.201.97.210:35661?addrs=54.201.97.210-35661&noUDP>
...
005 (10835.000.000) 01/24 20:29:23 Job terminated.
	(1) Normal termination (return value 0)
		Usr 0 00:00:07, Sys 0 00:00:00  -  Run Remote Usage
		Usr 0 00:00:00, Sys 0 00:00:00  -  Run Local Usage
		Usr 0 00:00:07, Sys 0 00:00:00  -  Total Remote Usage
		Usr 0 00:00:00, Sys 0 00:00:00  -  Total Local Usage
	376435  -  Run Bytes Sent By Job
	3186149  -  Run Bytes Received By Job
	376435  -  Total Bytes Sent By Job
	3186149  -  Total Bytes Received By Job
	Partitionable Resources :    Usage  Request Allocated
	   Cpus                 :                 1         1
	   Disk (KB)            :     7289     3250  27750832
	   Memory (MB)          :       25        1      3764
...
016 (10835.000.000) 01/24 20:29:27 POST Script terminated.
	(1) Normal termination (return value 0)
    DAG Node: sessioncompute_1_ID0000004
...
005 (10840.000.000) 01/24 20:30:23 Job terminated.
	(1) Normal termination (return value 0)
		Usr 0 00:00:07, Sys 0 00:00:00  -  Run Remote Usage
		Usr 0 00:00:00, Sys 0 00:00:00  -  Run Local Usage
		Usr 0 00:00:07, Sys 0 00:00:00  -  Total Remote Usage
		Usr 0 00:00:00, Sys 0 00:00:00  -  Total Local Usage
	373243  -  Run Bytes Sent By Job
	3185069  -  Run Bytes Received By Job
	373243  -  Total Bytes Sent By Job
	3185069  -  Total Bytes Received By Job
	Partitionable Resources :    Usage  Request Allocated
	   Cpus                 :                 1         1
	   Disk (KB)            :     7462     3250  27749172
	   Memory (MB)          :       32        1      3764
...
016 (10840.000.000) 01/24 20:30:26 POST Script terminated.
	(1) Normal termination (return value 0)
    DAG Node: sessioncompute_4_ID0000007
...
005 (10833.000.000) 01/24 20:31:04 Job terminated.
	(1) Normal termination (return value 0)
		Usr 0 00:00:07, Sys 0 00:00:00  -  Run Remote Usage
		Usr 0 00:00:00, Sys 0 00:00:00  -  Run Local Usage
		Usr 0 00:00:07, Sys 0 00:00:00  -  Total Remote Usage
		Usr 0 00:00:00, Sys 0 00:00:00  -  Total Local Usage
	376391  -  Run Bytes Sent By Job
	3185551  -  Run Bytes Received By Job
	376391  -  Total Bytes Sent By Job
	3185551  -  Total Bytes Received By Job
	Partitionable Resources :    Usage  Request Allocated
	   Cpus                 :                 1         1
	   Disk (KB)            :     7587     3250  27752032
	   Memory (MB)          :       33        1      3764
...
016 (10833.000.000) 01/24 20:31:06 POST Script terminated.
	(1) Normal termination (return value 0)
    DAG Node: sessioncompute_5_ID0000008
...
005 (10839.000.000) 01/24 20:31:07 Job terminated.
	(1) Normal termination (return value 0)
		Usr 0 00:00:08, Sys 0 00:00:00  -  Run Remote Usage
		Usr 0 00:00:00, Sys 0 00:00:00  -  Run Local Usage
		Usr 0 00:00:08, Sys 0 00:00:00  -  Total Remote Usage
		Usr 0 00:00:00, Sys 0 00:00:00  -  Total Local Usage
	376670  -  Run Bytes Sent By Job
	3186513  -  Run Bytes Received By Job
	376670  -  Total Bytes Sent By Job
	3186513  -  Total Bytes Received By Job
	Partitionable Resources :    Usage  Request Allocated
	   Cpus                 :                 1         1
	   Disk (KB)            :     7593     3250  27753156
	   Memory (MB)          :       31        1      3764
...
016 (10839.000.000) 01/24 20:31:11 POST Script terminated.
	(1) Normal termination (return value 0)
    DAG Node: sessioncompute_2_ID0000005
...
005 (10836.000.000) 01/24 20:32:22 Job terminated.
	(1) Normal termination (return value 0)
		Usr 0 00:00:09, Sys 0 00:00:00  -  Run Remote Usage
		Usr 0 00:00:00, Sys 0 00:00:00  -  Run Local Usage
		Usr 0 00:00:09, Sys 0 00:00:00  -  Total Remote Usage
		Usr 0 00:00:00, Sys 0 00:00:00  -  Total Local Usage
	376606  -  Run Bytes Sent By Job
	3186758  -  Run Bytes Received By Job
	376606  -  Total Bytes Sent By Job
	3186758  -  Total Bytes Received By Job
	Partitionable Resources :    Usage  Request Allocated
	   Cpus                 :                 1         1
	   Disk (KB)            :     7874     3250  27752464
	   Memory (MB)          :       33        1      3764
...
016 (10836.000.000) 01/24 20:32:26 POST Script terminated.
	(1) Normal termination (return value 0)
    DAG Node: sessioncompute_3_ID0000006
...
005 (10834.000.000) 01/24 20:32:37 Job terminated.
	(1) Normal termination (return value 0)
		Usr 0 00:00:09, Sys 0 00:00:00  -  Run Remote Usage
		Usr 0 00:00:00, Sys 0 00:00:00  -  Run Local Usage
		Usr 0 00:00:09, Sys 0 00:00:00  -  Total Remote Usage
		Usr 0 00:00:00, Sys 0 00:00:00  -  Total Local Usage
	375491  -  Run Bytes Sent By Job
	3185689  -  Run Bytes Received By Job
	375491  -  Total Bytes Sent By Job
	3185689  -  Total Bytes Received By Job
	Partitionable Resources :    Usage  Request Allocated
	   Cpus                 :                 1         1
	   Disk (KB)            :     7924     3250  27744512
	   Memory (MB)          :       33        1      3764
...
016 (10834.000.000) 01/24 20:32:42 POST Script terminated.
	(1) Normal termination (return value 0)
    DAG Node: sessioncompute_6_ID0000009
...
005 (10832.000.000) 01/24 20:33:27 Job terminated.
	(1) Normal termination (return value 0)
		Usr 0 00:00:12, Sys 0 00:00:00  -  Run Remote Usage
		Usr 0 00:00:00, Sys 0 00:00:00  -  Run Local Usage
		Usr 0 00:00:12, Sys 0 00:00:00  -  Total Remote Usage
		Usr 0 00:00:00, Sys 0 00:00:00  -  Total Local Usage
	375445  -  Run Bytes Sent By Job
	3187492  -  Run Bytes Received By Job
	375445  -  Total Bytes Sent By Job
	3187492  -  Total Bytes Received By Job
	Partitionable Resources :    Usage  Request Allocated
	   Cpus                 :                 1         1
	   Disk (KB)            :     8111     3250  27748588
	   Memory (MB)          :       34        1      3764
...
016 (10832.000.000) 01/24 20:33:31 POST Script terminated.
	(1) Normal termination (return value 0)
    DAG Node: sessioncompute_0_ID0000003
...
000 (10841.000.000) 01/24 20:33:41 Job submitted from host: <52.53.227.117:37519?addrs=52.53.227.117-37519>
    DAG Node: clean_up_local_level_5_1
    pool:local
...
001 (10841.000.000) 01/24 20:33:41 Job executing on host: <52.53.227.117:22813?addrs=52.53.227.117-22813>
...
005 (10841.000.000) 01/24 20:33:51 Job terminated.
	(1) Normal termination (return value 0)
		Usr 0 00:00:00, Sys 0 00:00:00  -  Run Remote Usage
		Usr 0 00:00:00, Sys 0 00:00:00  -  Run Local Usage
		Usr 0 00:00:00, Sys 0 00:00:00  -  Total Remote Usage
		Usr 0 00:00:00, Sys 0 00:00:00  -  Total Local Usage
	0  -  Run Bytes Sent By Job
	0  -  Run Bytes Received By Job
	0  -  Total Bytes Sent By Job
	0  -  Total Bytes Received By Job
...
016 (10841.000.000) 01/24 20:33:56 POST Script terminated.
	(1) Normal termination (return value 0)
    DAG Node: clean_up_local_level_5_1
...
005 (10837.000.000) 01/24 20:35:00 Job terminated.
	(1) Normal termination (return value 0)
		Usr 0 00:00:13, Sys 0 00:00:00  -  Run Remote Usage
		Usr 0 00:00:00, Sys 0 00:00:00  -  Run Local Usage
		Usr 0 00:00:13, Sys 0 00:00:00  -  Total Remote Usage
		Usr 0 00:00:00, Sys 0 00:00:00  -  Total Local Usage
	376507  -  Run Bytes Sent By Job
	3187434  -  Run Bytes Received By Job
	376507  -  Total Bytes Sent By Job
	3187434  -  Total Bytes Received By Job
	Partitionable Resources :    Usage  Request Allocated
	   Cpus                 :                 1         1
	   Disk (KB)            :     8595     3250  27752536
	   Memory (MB)          :       36        1      3764
...
016 (10837.000.000) 01/24 20:35:01 POST Script terminated.
	(1) Normal termination (return value 0)
    DAG Node: sessioncompute_7_ID0000010
...
005 (10838.000.000) 01/24 20:35:39 Job terminated.
	(1) Normal termination (return value 0)
		Usr 0 00:00:14, Sys 0 00:00:00  -  Run Remote Usage
		Usr 0 00:00:00, Sys 0 00:00:00  -  Run Local Usage
		Usr 0 00:00:14, Sys 0 00:00:00  -  Total Remote Usage
		Usr 0 00:00:00, Sys 0 00:00:00  -  Total Local Usage
	373757  -  Run Bytes Sent By Job
	3184900  -  Run Bytes Received By Job
	373757  -  Total Bytes Sent By Job
	3184900  -  Total Bytes Received By Job
	Partitionable Resources :    Usage  Request Allocated
	   Cpus                 :                 1         1
	   Disk (KB)            :     8910     3250  27777640
	   Memory (MB)          :       35        1      3764
...
016 (10838.000.000) 01/24 20:35:42 POST Script terminated.
	(1) Normal termination (return value 0)
    DAG Node: sessioncompute_8_ID0000011
...
000 (10842.000.000) 01/24 20:35:51 Job submitted from host: <52.53.227.117:37519?addrs=52.53.227.117-37519>
    DAG Node: longestsession_3_ID0000015
    pool:condorpool
...
000 (10843.000.000) 01/24 20:35:51 Job submitted from host: <52.53.227.117:37519?addrs=52.53.227.117-37519>
    DAG Node: longestsession_1_ID0000013
    pool:condorpool
...
000 (10844.000.000) 01/24 20:35:51 Job submitted from host: <52.53.227.117:37519?addrs=52.53.227.117-37519>
    DAG Node: longestsession_6_ID0000018
    pool:condorpool
...
000 (10845.000.000) 01/24 20:35:51 Job submitted from host: <52.53.227.117:37519?addrs=52.53.227.117-37519>
    DAG Node: longestsession_2_ID0000014
    pool:condorpool
...
000 (10846.000.000) 01/24 20:35:51 Job submitted from host: <52.53.227.117:37519?addrs=52.53.227.117-37519>
    DAG Node: longestsession_8_ID0000020
    pool:condorpool
...
001 (10843.000.000) 01/24 20:35:52 Job executing on host: <54.202.85.173:30231?addrs=54.202.85.173-30231&noUDP>
...
001 (10842.000.000) 01/24 20:35:52 Job executing on host: <54.201.224.38:13656?addrs=54.201.224.38-13656&noUDP>
...
005 (10842.000.000) 01/24 20:35:56 Job terminated.
	(1) Normal termination (return value 0)
		Usr 0 00:00:00, Sys 0 00:00:00  -  Run Remote Usage
		Usr 0 00:00:00, Sys 0 00:00:00  -  Run Local Usage
		Usr 0 00:00:00, Sys 0 00:00:00  -  Total Remote Usage
		Usr 0 00:00:00, Sys 0 00:00:00  -  Total Local Usage
	16860  -  Run Bytes Sent By Job
	3170169  -  Run Bytes Received By Job
	16860  -  Total Bytes Sent By Job
	3170169  -  Total Bytes Received By Job
	Partitionable Resources :    Usage  Request Allocated
	   Cpus                 :                 1         1
	   Disk (KB)            :     6119     3250  27752536
	   Memory (MB)          :        0        1      3764
...
000 (10847.000.000) 01/24 20:35:56 Job submitted from host: <52.53.227.117:37519?addrs=52.53.227.117-37519>
    DAG Node: longestsession_7_ID0000019
    pool:condorpool
...
000 (10848.000.000) 01/24 20:35:57 Job submitted from host: <52.53.227.117:37519?addrs=52.53.227.117-37519>
    DAG Node: clean_up_local_level_5_0
    pool:local
...
000 (10849.000.000) 01/24 20:35:57 Job submitted from host: <52.53.227.117:37519?addrs=52.53.227.117-37519>
    DAG Node: longestsession_0_ID0000012
    pool:condorpool
...
000 (10850.000.000) 01/24 20:35:57 Job submitted from host: <52.53.227.117:37519?addrs=52.53.227.117-37519>
    DAG Node: longestsession_5_ID0000017
    pool:condorpool
...
005 (10843.000.000) 01/24 20:35:57 Job terminated.
	(1) Normal termination (return value 0)
		Usr 0 00:00:00, Sys 0 00:00:00  -  Run Remote Usage
		Usr 0 00:00:00, Sys 0 00:00:00  -  Run Local Usage
		Usr 0 00:00:00, Sys 0 00:00:00  -  Total Remote Usage
		Usr 0 00:00:00, Sys 0 00:00:00  -  Total Local Usage
	17822  -  Run Bytes Sent By Job
	3170194  -  Run Bytes Received By Job
	17822  -  Total Bytes Sent By Job
	3170194  -  Total Bytes Received By Job
	Partitionable Resources :    Usage  Request Allocated
	   Cpus                 :                 1         1
	   Disk (KB)            :     6120     3250  27777640
	   Memory (MB)          :        0        1      3764
...
000 (10851.000.000) 01/24 20:35:57 Job submitted from host: <52.53.227.117:37519?addrs=52.53.227.117-37519>
    DAG Node: longestsession_4_ID0000016
    pool:condorpool
...
016 (10842.000.000) 01/24 20:35:57 POST Script terminated.
	(1) Normal termination (return value 0)
    DAG Node: longestsession_3_ID0000015
...
016 (10843.000.000) 01/24 20:35:57 POST Script terminated.
	(1) Normal termination (return value 0)
    DAG Node: longestsession_1_ID0000013
...
001 (10844.000.000) 01/24 20:35:57 Job executing on host: <54.201.224.38:13656?addrs=54.201.224.38-13656&noUDP>
...
001 (10845.000.000) 01/24 20:35:57 Job executing on host: <54.202.85.173:30231?addrs=54.202.85.173-30231&noUDP>
...
001 (10848.000.000) 01/24 20:36:01 Job executing on host: <52.53.227.117:29005?addrs=52.53.227.117-29005>
...
001 (10847.000.000) 01/24 20:36:01 Job executing on host: <54.201.201.111:3492?addrs=54.201.201.111-3492&noUDP>
...
001 (10846.000.000) 01/24 20:36:01 Job executing on host: <54.202.85.81:50698?addrs=54.202.85.81-50698&noUDP>
...
001 (10849.000.000) 01/24 20:36:01 Job executing on host: <54.200.250.27:7208?addrs=54.200.250.27-7208&noUDP>
...
001 (10850.000.000) 01/24 20:36:02 Job executing on host: <54.203.103.253:55703?addrs=54.203.103.253-55703&noUDP>
...
001 (10851.000.000) 01/24 20:36:02 Job executing on host: <54.202.88.95:31883?addrs=54.202.88.95-31883&noUDP>
...
005 (10845.000.000) 01/24 20:36:02 Job terminated.
	(1) Normal termination (return value 0)
		Usr 0 00:00:00, Sys 0 00:00:00  -  Run Remote Usage
		Usr 0 00:00:00, Sys 0 00:00:00  -  Run Local Usage
		Usr 0 00:00:00, Sys 0 00:00:00  -  Total Remote Usage
		Usr 0 00:00:00, Sys 0 00:00:00  -  Total Local Usage
	17792  -  Run Bytes Sent By Job
	3170194  -  Run Bytes Received By Job
	17792  -  Total Bytes Sent By Job
	3170194  -  Total Bytes Received By Job
	Partitionable Resources :    Usage  Request Allocated
	   Cpus                 :                 1         1
	   Disk (KB)            :     6120     3250  27777640
	   Memory (MB)          :        0        1      3764
...
016 (10845.000.000) 01/24 20:36:02 POST Script terminated.
	(1) Normal termination (return value 0)
    DAG Node: longestsession_2_ID0000014
...
005 (10844.000.000) 01/24 20:36:04 Job terminated.
	(1) Normal termination (return value 0)
		Usr 0 00:00:01, Sys 0 00:00:00  -  Run Remote Usage
		Usr 0 00:00:00, Sys 0 00:00:00  -  Run Local Usage
		Usr 0 00:00:01, Sys 0 00:00:00  -  Total Remote Usage
		Usr 0 00:00:00, Sys 0 00:00:00  -  Total Local Usage
	16884  -  Run Bytes Sent By Job
	3170169  -  Run Bytes Received By Job
	16884  -  Total Bytes Sent By Job
	3170169  -  Total Bytes Received By Job
	Partitionable Resources :    Usage  Request Allocated
	   Cpus                 :                 1         1
	   Disk (KB)            :     6119     3250  27752536
	   Memory (MB)          :        0        1      3764
...
016 (10844.000.000) 01/24 20:36:07 POST Script terminated.
	(1) Normal termination (return value 0)
    DAG Node: longestsession_6_ID0000018
...
005 (10849.000.000) 01/24 20:36:08 Job terminated.
	(1) Normal termination (return value 0)
		Usr 0 00:00:00, Sys 0 00:00:00  -  Run Remote Usage
		Usr 0 00:00:00, Sys 0 00:00:00  -  Run Local Usage
		Usr 0 00:00:00, Sys 0 00:00:00  -  Total Remote Usage
		Usr 0 00:00:00, Sys 0 00:00:00  -  Total Local Usage
	14641  -  Run Bytes Sent By Job
	3170179  -  Run Bytes Received By Job
	14641  -  Total Bytes Sent By Job
	3170179  -  Total Bytes Received By Job
	Partitionable Resources :    Usage  Request Allocated
	   Cpus                 :                 1         1
	   Disk (KB)            :     6117     3250  27744452
	   Memory (MB)          :        0        1      3764
...
005 (10851.000.000) 01/24 20:36:10 Job terminated.
	(1) Normal termination (return value 0)
		Usr 0 00:00:00, Sys 0 00:00:00  -  Run Remote Usage
		Usr 0 00:00:00, Sys 0 00:00:00  -  Run Local Usage
		Usr 0 00:00:00, Sys 0 00:00:00  -  Total Remote Usage
		Usr 0 00:00:00, Sys 0 00:00:00  -  Total Local Usage
	16862  -  Run Bytes Sent By Job
	3170169  -  Run Bytes Received By Job
	16862  -  Total Bytes Sent By Job
	3170169  -  Total Bytes Received By Job
	Partitionable Resources :    Usage  Request Allocated
	   Cpus                 :                 1         1
	   Disk (KB)            :     6119     3250  27752404
	   Memory (MB)          :        2        1      3764
...
005 (10850.000.000) 01/24 20:36:11 Job terminated.
	(1) Normal termination (return value 0)
		Usr 0 00:00:00, Sys 0 00:00:00  -  Run Remote Usage
		Usr 0 00:00:00, Sys 0 00:00:00  -  Run Local Usage
		Usr 0 00:00:00, Sys 0 00:00:00  -  Total Remote Usage
		Usr 0 00:00:00, Sys 0 00:00:00  -  Total Local Usage
	16921  -  Run Bytes Sent By Job
	3170169  -  Run Bytes Received By Job
	16921  -  Total Bytes Sent By Job
	3170169  -  Total Bytes Received By Job
	Partitionable Resources :    Usage  Request Allocated
	   Cpus                 :                 1         1
	   Disk (KB)            :     6119     3250  27750776
	   Memory (MB)          :        2        1      3764
...
005 (10847.000.000) 01/24 20:36:12 Job terminated.
	(1) Normal termination (return value 0)
		Usr 0 00:00:00, Sys 0 00:00:00  -  Run Remote Usage
		Usr 0 00:00:00, Sys 0 00:00:00  -  Run Local Usage
		Usr 0 00:00:00, Sys 0 00:00:00  -  Total Remote Usage
		Usr 0 00:00:00, Sys 0 00:00:00  -  Total Local Usage
	16886  -  Run Bytes Sent By Job
	3170169  -  Run Bytes Received By Job
	16886  -  Total Bytes Sent By Job
	3170169  -  Total Bytes Received By Job
	Partitionable Resources :    Usage  Request Allocated
	   Cpus                 :                 1         1
	   Disk (KB)            :     6119     3250  27751972
	   Memory (MB)          :        2        1      3764
...
005 (10846.000.000) 01/24 20:36:12 Job terminated.
	(1) Normal termination (return value 0)
		Usr 0 00:00:00, Sys 0 00:00:00  -  Run Remote Usage
		Usr 0 00:00:00, Sys 0 00:00:00  -  Run Local Usage
		Usr 0 00:00:00, Sys 0 00:00:00  -  Total Remote Usage
		Usr 0 00:00:00, Sys 0 00:00:00  -  Total Local Usage
	16855  -  Run Bytes Sent By Job
	3170169  -  Run Bytes Received By Job
	16855  -  Total Bytes Sent By Job
	3170169  -  Total Bytes Received By Job
	Partitionable Resources :    Usage  Request Allocated
	   Cpus                 :                 1         1
	   Disk (KB)            :     6119     3250  27748516
	   Memory (MB)          :        2        1      3764
...
016 (10849.000.000) 01/24 20:36:13 POST Script terminated.
	(1) Normal termination (return value 0)
    DAG Node: longestsession_0_ID0000012
...
016 (10850.000.000) 01/24 20:36:13 POST Script terminated.
	(1) Normal termination (return value 0)
    DAG Node: longestsession_5_ID0000017
...
016 (10847.000.000) 01/24 20:36:13 POST Script terminated.
	(1) Normal termination (return value 0)
    DAG Node: longestsession_7_ID0000019
...
016 (10851.000.000) 01/24 20:36:13 POST Script terminated.
	(1) Normal termination (return value 0)
    DAG Node: longestsession_4_ID0000016
...
016 (10846.000.000) 01/24 20:36:13 POST Script terminated.
	(1) Normal termination (return value 0)
    DAG Node: longestsession_8_ID0000020
...
005 (10848.000.000) 01/24 20:36:15 Job terminated.
	(1) Normal termination (return value 0)
		Usr 0 00:00:00, Sys 0 00:00:00  -  Run Remote Usage
		Usr 0 00:00:00, Sys 0 00:00:00  -  Run Local Usage
		Usr 0 00:00:00, Sys 0 00:00:00  -  Total Remote Usage
		Usr 0 00:00:00, Sys 0 00:00:00  -  Total Local Usage
	0  -  Run Bytes Sent By Job
	0  -  Run Bytes Received By Job
	0  -  Total Bytes Sent By Job
	0  -  Total Bytes Received By Job
...
016 (10848.000.000) 01/24 20:36:18 POST Script terminated.
	(1) Normal termination (return value 0)
    DAG Node: clean_up_local_level_5_0
...
000 (10852.000.000) 01/24 20:36:23 Job submitted from host: <52.53.227.117:37519?addrs=52.53.227.117-37519>
    DAG Node: clean_up_local_level_6_1
    pool:local
...
001 (10852.000.000) 01/24 20:36:24 Job executing on host: <52.53.227.117:41985?addrs=52.53.227.117-41985>
...
000 (10853.000.000) 01/24 20:36:24 Job submitted from host: <52.53.227.117:37519?addrs=52.53.227.117-37519>
    DAG Node: clean_up_local_level_6_0
    pool:local
...
000 (10854.000.000) 01/24 20:36:24 Job submitted from host: <52.53.227.117:37519?addrs=52.53.227.117-37519>
    DAG Node: terminate_0_ID0000021
    pool:condorpool
...
001 (10854.000.000) 01/24 20:36:24 Job executing on host: <54.201.201.111:3492?addrs=54.201.201.111-3492&noUDP>
...
005 (10854.000.000) 01/24 20:36:25 Job terminated.
	(1) Normal termination (return value 0)
		Usr 0 00:00:00, Sys 0 00:00:00  -  Run Remote Usage
		Usr 0 00:00:00, Sys 0 00:00:00  -  Run Local Usage
		Usr 0 00:00:00, Sys 0 00:00:00  -  Total Remote Usage
		Usr 0 00:00:00, Sys 0 00:00:00  -  Total Local Usage
	4448  -  Run Bytes Sent By Job
	3167856  -  Run Bytes Received By Job
	4448  -  Total Bytes Sent By Job
	3167856  -  Total Bytes Received By Job
	Partitionable Resources :    Usage  Request Allocated
	   Cpus                 :                 1         1
	   Disk (KB)            :     6103     3250  27751972
	   Memory (MB)          :        0        1      3764
...
001 (10853.000.000) 01/24 20:36:29 Job executing on host: <52.53.227.117:50240?addrs=52.53.227.117-50240>
...
016 (10854.000.000) 01/24 20:36:29 POST Script terminated.
	(1) Normal termination (return value 0)
    DAG Node: terminate_0_ID0000021
...
005 (10853.000.000) 01/24 20:36:39 Job terminated.
	(1) Normal termination (return value 0)
		Usr 0 00:00:00, Sys 0 00:00:00  -  Run Remote Usage
		Usr 0 00:00:00, Sys 0 00:00:00  -  Run Local Usage
		Usr 0 00:00:00, Sys 0 00:00:00  -  Total Remote Usage
		Usr 0 00:00:00, Sys 0 00:00:00  -  Total Local Usage
	0  -  Run Bytes Sent By Job
	0  -  Run Bytes Received By Job
	0  -  Total Bytes Sent By Job
	0  -  Total Bytes Received By Job
...
000 (10855.000.000) 01/24 20:36:39 Job submitted from host: <52.53.227.117:37519?addrs=52.53.227.117-37519>
    DAG Node: clean_up_local_level_7_0
    pool:local
...
001 (10855.000.000) 01/24 20:36:39 Job executing on host: <52.53.227.117:14561?addrs=52.53.227.117-14561>
...
016 (10853.000.000) 01/24 20:36:39 POST Script terminated.
	(1) Normal termination (return value 0)
    DAG Node: clean_up_local_level_6_0
...
005 (10852.000.000) 01/24 20:36:40 Job terminated.
	(1) Normal termination (return value 0)
		Usr 0 00:00:00, Sys 0 00:00:00  -  Run Remote Usage
		Usr 0 00:00:00, Sys 0 00:00:00  -  Run Local Usage
		Usr 0 00:00:00, Sys 0 00:00:00  -  Total Remote Usage
		Usr 0 00:00:00, Sys 0 00:00:00  -  Total Local Usage
	0  -  Run Bytes Sent By Job
	0  -  Run Bytes Received By Job
	0  -  Total Bytes Sent By Job
	0  -  Total Bytes Received By Job
...
005 (10855.000.000) 01/24 20:36:42 Job terminated.
	(1) Normal termination (return value 0)
		Usr 0 00:00:00, Sys 0 00:00:00  -  Run Remote Usage
		Usr 0 00:00:00, Sys 0 00:00:00  -  Run Local Usage
		Usr 0 00:00:00, Sys 0 00:00:00  -  Total Remote Usage
		Usr 0 00:00:00, Sys 0 00:00:00  -  Total Local Usage
	0  -  Run Bytes Sent By Job
	0  -  Run Bytes Received By Job
	0  -  Total Bytes Sent By Job
	0  -  Total Bytes Received By Job
...
016 (10855.000.000) 01/24 20:36:45 POST Script terminated.
	(1) Normal termination (return value 0)
    DAG Node: clean_up_local_level_7_0
...
016 (10852.000.000) 01/24 20:36:45 POST Script terminated.
	(1) Normal termination (return value 0)
    DAG Node: clean_up_local_level_6_1
...
000 (10856.000.000) 01/24 20:36:54 Job submitted from host: <52.53.227.117:37519?addrs=52.53.227.117-37519>
    DAG Node: cleanup_example_workflow_0_local
    pool:local
...
001 (10856.000.000) 01/24 20:36:54 Job executing on host: <52.53.227.117:62207?addrs=52.53.227.117-62207>
...
005 (10856.000.000) 01/24 20:36:56 Job terminated.
	(1) Normal termination (return value 0)
		Usr 0 00:00:00, Sys 0 00:00:00  -  Run Remote Usage
		Usr 0 00:00:00, Sys 0 00:00:00  -  Run Local Usage
		Usr 0 00:00:00, Sys 0 00:00:00  -  Total Remote Usage
		Usr 0 00:00:00, Sys 0 00:00:00  -  Total Local Usage
	0  -  Run Bytes Sent By Job
	0  -  Run Bytes Received By Job
	0  -  Total Bytes Sent By Job
	0  -  Total Bytes Received By Job
...
