{"name": ".//00/00/create_dir_example_workflow_0_local.out", "timestamp": "2017-01-24T16:58:45.685716", "exitcode": 0, "app_exitcode": 0, "retry": 0, "std_out": "", "std_err": ""}
{"name": ".//00/00/stage_in_local_local_4_0.out", "timestamp": "2017-01-24T16:59:01.775804", "exitcode": 0, "app_exitcode": 0, "retry": 0, "std_out": "", "std_err": ""}
{"name": ".//00/00/stage_in_local_local_0_0.out", "timestamp": "2017-01-24T16:59:01.789418", "exitcode": 0, "app_exitcode": 0, "retry": 0, "std_out": "", "std_err": ""}
{"name": ".//00/00/stage_in_local_local_1_0.out", "timestamp": "2017-01-24T16:59:01.802997", "exitcode": 0, "app_exitcode": 0, "retry": 0, "std_out": "", "std_err": ""}
{"name": ".//00/00/stage_in_local_local_2_1.out", "timestamp": "2017-01-24T16:59:07.227304", "exitcode": 0, "app_exitcode": 0, "retry": 0, "std_out": "", "std_err": ""}
{"name": ".//00/00/stage_in_local_local_2_0.out", "timestamp": "2017-01-24T16:59:07.242717", "exitcode": 0, "app_exitcode": 0, "retry": 0, "std_out": "", "std_err": ""}
{"name": ".//00/00/stage_in_remote_local_1_0.out", "timestamp": "2017-01-24T16:59:07.305788", "exitcode": 0, "app_exitcode": 0, "retry": 0, "std_out": "", "std_err": ""}
{"name": ".//00/00/stage_in_remote_local_3_0.out", "timestamp": "2017-01-24T16:59:11.813544", "exitcode": 0, "app_exitcode": 0, "retry": 0, "std_out": "", "std_err": ""}
{"name": ".//00/00/stage_in_local_local_3_1.out", "timestamp": "2017-01-24T16:59:11.886005", "exitcode": 0, "app_exitcode": 0, "retry": 0, "std_out": "", "std_err": ""}
{"name": ".//00/00/stage_in_remote_local_3_1.out", "timestamp": "2017-01-24T16:59:11.932014", "exitcode": 0, "app_exitcode": 0, "retry": 0, "std_out": "", "std_err": ""}
{"name": ".//00/00/stage_in_local_local_3_0.out", "timestamp": "2017-01-24T16:59:11.985261", "exitcode": 0, "app_exitcode": 0, "retry": 0, "std_out": "", "std_err": ""}
{"name": ".//00/00/init_0_ID0000001.out", "timestamp": "2017-01-24T17:06:01.567771", "exitcode": 0, "app_exitcode": 0, "retry": 0, "std_out": "", "std_err": ""}
{"name": ".//00/00/clean_up_local_level_3_0.out", "timestamp": "2017-01-24T17:06:16.949907", "exitcode": 0, "app_exitcode": 0, "retry": 0, "std_out": "", "std_err": ""}
{"name": ".//00/00/computeusergroup_0_ID0000002.out", "timestamp": "2017-01-24T20:20:34.202796", "exitcode": 0, "app_exitcode": 0, "retry": 0, "std_out": "", "std_err": ""}
{"name": ".//00/00/clean_up_local_level_4_0.out", "timestamp": "2017-01-24T20:20:50.922495", "exitcode": 0, "app_exitcode": 0, "retry": 0, "std_out": "", "std_err": ""}
{"name": ".//00/00/stage_out_local_local_1_1.out", "timestamp": "2017-01-24T20:20:56.315471", "exitcode": 0, "app_exitcode": 0, "retry": 0, "std_out": "", "std_err": ""}
{"name": ".//00/00/stage_out_local_local_1_0.out", "timestamp": "2017-01-24T20:20:56.332340", "exitcode": 0, "app_exitcode": 0, "retry": 0, "std_out": "", "std_err": ""}
{"name": ".//00/00/sessioncompute_1_ID0000004.out", "timestamp": "2017-01-24T20:29:27.009731", "exitcode": 0, "app_exitcode": 0, "retry": 0, "std_out": "", "std_err": ""}
{"name": ".//00/00/sessioncompute_4_ID0000007.out", "timestamp": "2017-01-24T20:30:26.232918", "exitcode": 0, "app_exitcode": 0, "retry": 0, "std_out": "", "std_err": ""}
{"name": ".//00/00/sessioncompute_5_ID0000008.out", "timestamp": "2017-01-24T20:31:06.440140", "exitcode": 0, "app_exitcode": 0, "retry": 0, "std_out": "", "std_err": ""}
{"name": ".//00/00/sessioncompute_2_ID0000005.out", "timestamp": "2017-01-24T20:31:11.594920", "exitcode": 0, "app_exitcode": 0, "retry": 0, "std_out": "", "std_err": ""}
{"name": ".//00/00/sessioncompute_3_ID0000006.out", "timestamp": "2017-01-24T20:32:26.830934", "exitcode": 0, "app_exitcode": 0, "retry": 0, "std_out": "", "std_err": ""}
{"name": ".//00/00/sessioncompute_6_ID0000009.out", "timestamp": "2017-01-24T20:32:42.005769", "exitcode": 0, "app_exitcode": 0, "retry": 0, "std_out": "", "std_err": ""}
{"name": ".//00/00/sessioncompute_0_ID0000003.out", "timestamp": "2017-01-24T20:33:31.207216", "exitcode": 0, "app_exitcode": 0, "retry": 0, "std_out": "", "std_err": ""}
{"name": ".//00/00/clean_up_local_level_5_1.out", "timestamp": "2017-01-24T20:33:56.671161", "exitcode": 0, "app_exitcode": 0, "retry": 0, "std_out": "", "std_err": ""}
{"name": ".//00/00/sessioncompute_7_ID0000010.out", "timestamp": "2017-01-24T20:35:01.913399", "exitcode": 0, "app_exitcode": 0, "retry": 0, "std_out": "", "std_err": ""}
{"name": ".//00/00/sessioncompute_8_ID0000011.out", "timestamp": "2017-01-24T20:35:42.115275", "exitcode": 0, "app_exitcode": 0, "retry": 0, "std_out": "", "std_err": ""}
{"name": ".//00/00/longestsession_3_ID0000015.out", "timestamp": "2017-01-24T20:35:57.614469", "exitcode": 0, "app_exitcode": 0, "retry": 0, "std_out": "", "std_err": ""}
{"name": ".//00/00/longestsession_1_ID0000013.out", "timestamp": "2017-01-24T20:35:57.616524", "exitcode": 0, "app_exitcode": 0, "retry": 0, "std_out": "", "std_err": ""}
{"name": ".//00/00/longestsession_2_ID0000014.out", "timestamp": "2017-01-24T20:36:02.793324", "exitcode": 0, "app_exitcode": 0, "retry": 0, "std_out": "", "std_err": ""}
{"name": ".//00/00/longestsession_6_ID0000018.out", "timestamp": "2017-01-24T20:36:07.951879", "exitcode": 0, "app_exitcode": 0, "retry": 0, "std_out": "", "std_err": ""}
{"name": ".//00/00/longestsession_0_ID0000012.out", "timestamp": "2017-01-24T20:36:13.470491", "exitcode": 0, "app_exitcode": 0, "retry": 0, "std_out": "", "std_err": ""}
{"name": ".//00/00/longestsession_5_ID0000017.out", "timestamp": "2017-01-24T20:36:13.587006", "exitcode": 0, "app_exitcode": 0, "retry": 0, "std_out": "", "std_err": ""}
{"name": ".//00/00/longestsession_7_ID0000019.out", "timestamp": "2017-01-24T20:36:13.669463", "exitcode": 0, "app_exitcode": 0, "retry": 0, "std_out": "", "std_err": ""}
{"name": ".//00/00/longestsession_4_ID0000016.out", "timestamp": "2017-01-24T20:36:13.684393", "exitcode": 0, "app_exitcode": 0, "retry": 0, "std_out": "", "std_err": ""}
{"name": ".//00/00/longestsession_8_ID0000020.out", "timestamp": "2017-01-24T20:36:13.715336", "exitcode": 0, "app_exitcode": 0, "retry": 0, "std_out": "", "std_err": ""}
{"name": ".//00/00/clean_up_local_level_5_0.out", "timestamp": "2017-01-24T20:36:18.864257", "exitcode": 0, "app_exitcode": 0, "retry": 0, "std_out": "", "std_err": ""}
{"name": ".//00/00/terminate_0_ID0000021.out", "timestamp": "2017-01-24T20:36:29.498069", "exitcode": 0, "app_exitcode": 0, "retry": 0, "std_out": "", "std_err": ""}
{"name": ".//00/00/clean_up_local_level_6_0.out", "timestamp": "2017-01-24T20:36:39.920807", "exitcode": 0, "app_exitcode": 0, "retry": 0, "std_out": "", "std_err": ""}
{"name": ".//00/00/clean_up_local_level_6_1.out", "timestamp": "2017-01-24T20:36:45.190547", "exitcode": 0, "app_exitcode": 0, "retry": 0, "std_out": "", "std_err": ""}
{"name": ".//00/00/clean_up_local_level_7_0.out", "timestamp": "2017-01-24T20:36:45.211684", "exitcode": 0, "app_exitcode": 0, "retry": 0, "std_out": "", "std_err": ""}
