000 (3278.000.000) 05/17 20:40:07 Job submitted from host: <10.240.0.3:31139?addrs=10.240.0.3-31139>
    DAG Node: create_dir_example_workflow_0_local
    pool:local
...
000 (3279.000.000) 05/17 20:40:07 Job submitted from host: <10.240.0.3:31139?addrs=10.240.0.3-31139>
    DAG Node: stage_worker_local_example_workflow_0_local
    pool:local
...
001 (3279.000.000) 05/17 20:40:08 Job executing on host: <10.240.0.3:3657?addrs=10.240.0.3-3657>
...
001 (3278.000.000) 05/17 20:40:08 Job executing on host: <10.240.0.3:16512?addrs=10.240.0.3-16512>
...
005 (3279.000.000) 05/17 20:40:11 Job terminated.
	(1) Normal termination (return value 0)
		Usr 0 00:00:00, Sys 0 00:00:00  -  Run Remote Usage
		Usr 0 00:00:00, Sys 0 00:00:00  -  Run Local Usage
		Usr 0 00:00:00, Sys 0 00:00:00  -  Total Remote Usage
		Usr 0 00:00:00, Sys 0 00:00:00  -  Total Local Usage
	0  -  Run Bytes Sent By Job
	0  -  Run Bytes Received By Job
	0  -  Total Bytes Sent By Job
	0  -  Total Bytes Received By Job
...
005 (3278.000.000) 05/17 20:40:11 Job terminated.
	(1) Normal termination (return value 0)
		Usr 0 00:00:00, Sys 0 00:00:00  -  Run Remote Usage
		Usr 0 00:00:00, Sys 0 00:00:00  -  Run Local Usage
		Usr 0 00:00:00, Sys 0 00:00:00  -  Total Remote Usage
		Usr 0 00:00:00, Sys 0 00:00:00  -  Total Local Usage
	0  -  Run Bytes Sent By Job
	0  -  Run Bytes Received By Job
	0  -  Total Bytes Sent By Job
	0  -  Total Bytes Received By Job
...
016 (3278.000.000) 05/17 20:40:12 POST Script terminated.
	(1) Normal termination (return value 0)
    DAG Node: create_dir_example_workflow_0_local
...
000 (3280.000.000) 05/17 20:40:22 Job submitted from host: <10.240.0.3:31139?addrs=10.240.0.3-31139>
    DAG Node: stage_in_local_local_0_0
    pool:local
...
001 (3280.000.000) 05/17 20:40:22 Job executing on host: <10.240.0.3:42605?addrs=10.240.0.3-42605>
...
000 (3281.000.000) 05/17 20:40:22 Job submitted from host: <10.240.0.3:31139?addrs=10.240.0.3-31139>
    DAG Node: stage_in_remote_local_2_1
    pool:local
...
000 (3282.000.000) 05/17 20:40:22 Job submitted from host: <10.240.0.3:31139?addrs=10.240.0.3-31139>
    DAG Node: stage_in_local_local_1_1
    pool:local
...
000 (3283.000.000) 05/17 20:40:22 Job submitted from host: <10.240.0.3:31139?addrs=10.240.0.3-31139>
    DAG Node: stage_in_local_local_4_0
    pool:local
...
000 (3284.000.000) 05/17 20:40:22 Job submitted from host: <10.240.0.3:31139?addrs=10.240.0.3-31139>
    DAG Node: stage_in_local_local_1_0
    pool:local
...
005 (3280.000.000) 05/17 20:40:24 Job terminated.
	(1) Normal termination (return value 0)
		Usr 0 00:00:00, Sys 0 00:00:00  -  Run Remote Usage
		Usr 0 00:00:00, Sys 0 00:00:00  -  Run Local Usage
		Usr 0 00:00:00, Sys 0 00:00:00  -  Total Remote Usage
		Usr 0 00:00:00, Sys 0 00:00:00  -  Total Local Usage
	0  -  Run Bytes Sent By Job
	0  -  Run Bytes Received By Job
	0  -  Total Bytes Sent By Job
	0  -  Total Bytes Received By Job
...
001 (3282.000.000) 05/17 20:40:24 Job executing on host: <10.240.0.3:58460?addrs=10.240.0.3-58460>
...
001 (3281.000.000) 05/17 20:40:24 Job executing on host: <10.240.0.3:4127?addrs=10.240.0.3-4127>
...
001 (3284.000.000) 05/17 20:40:24 Job executing on host: <10.240.0.3:41206?addrs=10.240.0.3-41206>
...
001 (3283.000.000) 05/17 20:40:24 Job executing on host: <10.240.0.3:24823?addrs=10.240.0.3-24823>
...
005 (3282.000.000) 05/17 20:40:26 Job terminated.
	(1) Normal termination (return value 0)
		Usr 0 00:00:00, Sys 0 00:00:00  -  Run Remote Usage
		Usr 0 00:00:00, Sys 0 00:00:00  -  Run Local Usage
		Usr 0 00:00:00, Sys 0 00:00:00  -  Total Remote Usage
		Usr 0 00:00:00, Sys 0 00:00:00  -  Total Local Usage
	0  -  Run Bytes Sent By Job
	0  -  Run Bytes Received By Job
	0  -  Total Bytes Sent By Job
	0  -  Total Bytes Received By Job
...
005 (3283.000.000) 05/17 20:40:26 Job terminated.
	(1) Normal termination (return value 0)
		Usr 0 00:00:00, Sys 0 00:00:00  -  Run Remote Usage
		Usr 0 00:00:00, Sys 0 00:00:00  -  Run Local Usage
		Usr 0 00:00:00, Sys 0 00:00:00  -  Total Remote Usage
		Usr 0 00:00:00, Sys 0 00:00:00  -  Total Local Usage
	0  -  Run Bytes Sent By Job
	0  -  Run Bytes Received By Job
	0  -  Total Bytes Sent By Job
	0  -  Total Bytes Received By Job
...
000 (3285.000.000) 05/17 20:40:27 Job submitted from host: <10.240.0.3:31139?addrs=10.240.0.3-31139>
    DAG Node: stage_in_local_local_2_0
    pool:local
...
000 (3286.000.000) 05/17 20:40:27 Job submitted from host: <10.240.0.3:31139?addrs=10.240.0.3-31139>
    DAG Node: stage_in_local_local_2_1
    pool:local
...
000 (3287.000.000) 05/17 20:40:27 Job submitted from host: <10.240.0.3:31139?addrs=10.240.0.3-31139>
    DAG Node: stage_in_remote_local_1_1
    pool:local
...
000 (3288.000.000) 05/17 20:40:27 Job submitted from host: <10.240.0.3:31139?addrs=10.240.0.3-31139>
    DAG Node: stage_in_remote_local_4_0
    pool:local
...
000 (3289.000.000) 05/17 20:40:27 Job submitted from host: <10.240.0.3:31139?addrs=10.240.0.3-31139>
    DAG Node: stage_in_local_local_3_1
    pool:local
...
016 (3280.000.000) 05/17 20:40:27 POST Script terminated.
	(1) Normal termination (return value 0)
    DAG Node: stage_in_local_local_0_0
...
016 (3282.000.000) 05/17 20:40:27 POST Script terminated.
	(1) Normal termination (return value 0)
    DAG Node: stage_in_local_local_1_1
...
016 (3283.000.000) 05/17 20:40:27 POST Script terminated.
	(1) Normal termination (return value 0)
    DAG Node: stage_in_local_local_4_0
...
005 (3281.000.000) 05/17 20:40:28 Job terminated.
	(1) Normal termination (return value 0)
		Usr 0 00:00:00, Sys 0 00:00:00  -  Run Remote Usage
		Usr 0 00:00:00, Sys 0 00:00:00  -  Run Local Usage
		Usr 0 00:00:00, Sys 0 00:00:00  -  Total Remote Usage
		Usr 0 00:00:00, Sys 0 00:00:00  -  Total Local Usage
	0  -  Run Bytes Sent By Job
	0  -  Run Bytes Received By Job
	0  -  Total Bytes Sent By Job
	0  -  Total Bytes Received By Job
...
005 (3284.000.000) 05/17 20:40:28 Job terminated.
	(1) Normal termination (return value 0)
		Usr 0 00:00:00, Sys 0 00:00:00  -  Run Remote Usage
		Usr 0 00:00:00, Sys 0 00:00:00  -  Run Local Usage
		Usr 0 00:00:00, Sys 0 00:00:00  -  Total Remote Usage
		Usr 0 00:00:00, Sys 0 00:00:00  -  Total Local Usage
	0  -  Run Bytes Sent By Job
	0  -  Run Bytes Received By Job
	0  -  Total Bytes Sent By Job
	0  -  Total Bytes Received By Job
...
001 (3286.000.000) 05/17 20:40:28 Job executing on host: <10.240.0.3:34037?addrs=10.240.0.3-34037>
...
001 (3289.000.000) 05/17 20:40:28 Job executing on host: <10.240.0.3:52864?addrs=10.240.0.3-52864>
...
001 (3285.000.000) 05/17 20:40:28 Job executing on host: <10.240.0.3:17107?addrs=10.240.0.3-17107>
...
001 (3288.000.000) 05/17 20:40:28 Job executing on host: <10.240.0.3:27928?addrs=10.240.0.3-27928>
...
001 (3287.000.000) 05/17 20:40:28 Job executing on host: <10.240.0.3:37454?addrs=10.240.0.3-37454>
...
005 (3286.000.000) 05/17 20:40:31 Job terminated.
	(1) Normal termination (return value 0)
		Usr 0 00:00:00, Sys 0 00:00:00  -  Run Remote Usage
		Usr 0 00:00:00, Sys 0 00:00:00  -  Run Local Usage
		Usr 0 00:00:00, Sys 0 00:00:00  -  Total Remote Usage
		Usr 0 00:00:00, Sys 0 00:00:00  -  Total Local Usage
	0  -  Run Bytes Sent By Job
	0  -  Run Bytes Received By Job
	0  -  Total Bytes Sent By Job
	0  -  Total Bytes Received By Job
...
005 (3289.000.000) 05/17 20:40:31 Job terminated.
	(1) Normal termination (return value 0)
		Usr 0 00:00:00, Sys 0 00:00:00  -  Run Remote Usage
		Usr 0 00:00:00, Sys 0 00:00:00  -  Run Local Usage
		Usr 0 00:00:00, Sys 0 00:00:00  -  Total Remote Usage
		Usr 0 00:00:00, Sys 0 00:00:00  -  Total Local Usage
	0  -  Run Bytes Sent By Job
	0  -  Run Bytes Received By Job
	0  -  Total Bytes Sent By Job
	0  -  Total Bytes Received By Job
...
005 (3287.000.000) 05/17 20:40:31 Job terminated.
	(1) Normal termination (return value 0)
		Usr 0 00:00:00, Sys 0 00:00:00  -  Run Remote Usage
		Usr 0 00:00:00, Sys 0 00:00:00  -  Run Local Usage
		Usr 0 00:00:00, Sys 0 00:00:00  -  Total Remote Usage
		Usr 0 00:00:00, Sys 0 00:00:00  -  Total Local Usage
	0  -  Run Bytes Sent By Job
	0  -  Run Bytes Received By Job
	0  -  Total Bytes Sent By Job
	0  -  Total Bytes Received By Job
...
005 (3288.000.000) 05/17 20:40:31 Job terminated.
	(1) Normal termination (return value 0)
		Usr 0 00:00:00, Sys 0 00:00:00  -  Run Remote Usage
		Usr 0 00:00:00, Sys 0 00:00:00  -  Run Local Usage
		Usr 0 00:00:00, Sys 0 00:00:00  -  Total Remote Usage
		Usr 0 00:00:00, Sys 0 00:00:00  -  Total Local Usage
	0  -  Run Bytes Sent By Job
	0  -  Run Bytes Received By Job
	0  -  Total Bytes Sent By Job
	0  -  Total Bytes Received By Job
...
000 (3290.000.000) 05/17 20:40:32 Job submitted from host: <10.240.0.3:31139?addrs=10.240.0.3-31139>
    DAG Node: stage_in_remote_local_1_0
    pool:local
...
000 (3291.000.000) 05/17 20:40:32 Job submitted from host: <10.240.0.3:31139?addrs=10.240.0.3-31139>
    DAG Node: stage_in_local_local_3_0
    pool:local
...
000 (3292.000.000) 05/17 20:40:32 Job submitted from host: <10.240.0.3:31139?addrs=10.240.0.3-31139>
    DAG Node: stage_in_remote_local_2_0
    pool:local
...
000 (3293.000.000) 05/17 20:40:32 Job submitted from host: <10.240.0.3:31139?addrs=10.240.0.3-31139>
    DAG Node: stage_in_remote_local_3_1
    pool:local
...
000 (3294.000.000) 05/17 20:40:32 Job submitted from host: <10.240.0.3:31139?addrs=10.240.0.3-31139>
    DAG Node: stage_in_remote_local_3_0
    pool:local
...
016 (3281.000.000) 05/17 20:40:33 POST Script terminated.
	(1) Normal termination (return value 0)
    DAG Node: stage_in_remote_local_2_1
...
016 (3286.000.000) 05/17 20:40:33 POST Script terminated.
	(1) Normal termination (return value 0)
    DAG Node: stage_in_local_local_2_1
...
016 (3284.000.000) 05/17 20:40:33 POST Script terminated.
	(1) Normal termination (return value 0)
    DAG Node: stage_in_local_local_1_0
...
016 (3289.000.000) 05/17 20:40:33 POST Script terminated.
	(1) Normal termination (return value 0)
    DAG Node: stage_in_local_local_3_1
...
016 (3287.000.000) 05/17 20:40:33 POST Script terminated.
	(1) Normal termination (return value 0)
    DAG Node: stage_in_remote_local_1_1
...
016 (3288.000.000) 05/17 20:40:33 POST Script terminated.
	(1) Normal termination (return value 0)
    DAG Node: stage_in_remote_local_4_0
...
005 (3285.000.000) 05/17 20:40:33 Job terminated.
	(1) Normal termination (return value 0)
		Usr 0 00:00:00, Sys 0 00:00:00  -  Run Remote Usage
		Usr 0 00:00:00, Sys 0 00:00:00  -  Run Local Usage
		Usr 0 00:00:00, Sys 0 00:00:00  -  Total Remote Usage
		Usr 0 00:00:00, Sys 0 00:00:00  -  Total Local Usage
	0  -  Run Bytes Sent By Job
	0  -  Run Bytes Received By Job
	0  -  Total Bytes Sent By Job
	0  -  Total Bytes Received By Job
...
001 (3292.000.000) 05/17 20:40:33 Job executing on host: <10.240.0.3:50413?addrs=10.240.0.3-50413>
...
001 (3291.000.000) 05/17 20:40:33 Job executing on host: <10.240.0.3:56202?addrs=10.240.0.3-56202>
...
001 (3294.000.000) 05/17 20:40:33 Job executing on host: <10.240.0.3:30399?addrs=10.240.0.3-30399>
...
001 (3290.000.000) 05/17 20:40:33 Job executing on host: <10.240.0.3:8334?addrs=10.240.0.3-8334>
...
001 (3293.000.000) 05/17 20:40:33 Job executing on host: <10.240.0.3:29853?addrs=10.240.0.3-29853>
...
005 (3293.000.000) 05/17 20:40:35 Job terminated.
	(1) Normal termination (return value 0)
		Usr 0 00:00:00, Sys 0 00:00:00  -  Run Remote Usage
		Usr 0 00:00:00, Sys 0 00:00:00  -  Run Local Usage
		Usr 0 00:00:00, Sys 0 00:00:00  -  Total Remote Usage
		Usr 0 00:00:00, Sys 0 00:00:00  -  Total Local Usage
	0  -  Run Bytes Sent By Job
	0  -  Run Bytes Received By Job
	0  -  Total Bytes Sent By Job
	0  -  Total Bytes Received By Job
...
000 (3295.000.000) 05/17 20:40:37 Job submitted from host: <10.240.0.3:31139?addrs=10.240.0.3-31139>
    DAG Node: init_0_ID0000001
    pool:condorpool
...
016 (3285.000.000) 05/17 20:40:37 POST Script terminated.
	(1) Normal termination (return value 0)
    DAG Node: stage_in_local_local_2_0
...
016 (3293.000.000) 05/17 20:40:37 POST Script terminated.
	(1) Normal termination (return value 0)
    DAG Node: stage_in_remote_local_3_1
...
005 (3291.000.000) 05/17 20:40:37 Job terminated.
	(1) Normal termination (return value 0)
		Usr 0 00:00:00, Sys 0 00:00:00  -  Run Remote Usage
		Usr 0 00:00:00, Sys 0 00:00:00  -  Run Local Usage
		Usr 0 00:00:00, Sys 0 00:00:00  -  Total Remote Usage
		Usr 0 00:00:00, Sys 0 00:00:00  -  Total Local Usage
	0  -  Run Bytes Sent By Job
	0  -  Run Bytes Received By Job
	0  -  Total Bytes Sent By Job
	0  -  Total Bytes Received By Job
...
005 (3292.000.000) 05/17 20:40:37 Job terminated.
	(1) Normal termination (return value 0)
		Usr 0 00:00:00, Sys 0 00:00:00  -  Run Remote Usage
		Usr 0 00:00:00, Sys 0 00:00:00  -  Run Local Usage
		Usr 0 00:00:00, Sys 0 00:00:00  -  Total Remote Usage
		Usr 0 00:00:00, Sys 0 00:00:00  -  Total Local Usage
	0  -  Run Bytes Sent By Job
	0  -  Run Bytes Received By Job
	0  -  Total Bytes Sent By Job
	0  -  Total Bytes Received By Job
...
005 (3294.000.000) 05/17 20:40:37 Job terminated.
	(1) Normal termination (return value 0)
		Usr 0 00:00:00, Sys 0 00:00:00  -  Run Remote Usage
		Usr 0 00:00:00, Sys 0 00:00:00  -  Run Local Usage
		Usr 0 00:00:00, Sys 0 00:00:00  -  Total Remote Usage
		Usr 0 00:00:00, Sys 0 00:00:00  -  Total Local Usage
	0  -  Run Bytes Sent By Job
	0  -  Run Bytes Received By Job
	0  -  Total Bytes Sent By Job
	0  -  Total Bytes Received By Job
...
005 (3290.000.000) 05/17 20:40:37 Job terminated.
	(1) Normal termination (return value 0)
		Usr 0 00:00:00, Sys 0 00:00:00  -  Run Remote Usage
		Usr 0 00:00:00, Sys 0 00:00:00  -  Run Local Usage
		Usr 0 00:00:00, Sys 0 00:00:00  -  Total Remote Usage
		Usr 0 00:00:00, Sys 0 00:00:00  -  Total Local Usage
	0  -  Run Bytes Sent By Job
	0  -  Run Bytes Received By Job
	0  -  Total Bytes Sent By Job
	0  -  Total Bytes Received By Job
...
016 (3291.000.000) 05/17 20:40:42 POST Script terminated.
	(1) Normal termination (return value 0)
    DAG Node: stage_in_local_local_3_0
...
016 (3292.000.000) 05/17 20:40:42 POST Script terminated.
	(1) Normal termination (return value 0)
    DAG Node: stage_in_remote_local_2_0
...
016 (3294.000.000) 05/17 20:40:42 POST Script terminated.
	(1) Normal termination (return value 0)
    DAG Node: stage_in_remote_local_3_0
...
016 (3290.000.000) 05/17 20:40:42 POST Script terminated.
	(1) Normal termination (return value 0)
    DAG Node: stage_in_remote_local_1_0
...
001 (3295.000.000) 05/17 20:40:53 Job executing on host: <10.240.0.75:25214?addrs=10.240.0.75-25214>
...
005 (3295.000.000) 05/17 20:40:55 Job terminated.
	(1) Normal termination (return value 0)
		Usr 0 00:00:00, Sys 0 00:00:00  -  Run Remote Usage
		Usr 0 00:00:00, Sys 0 00:00:00  -  Run Local Usage
		Usr 0 00:00:00, Sys 0 00:00:00  -  Total Remote Usage
		Usr 0 00:00:00, Sys 0 00:00:00  -  Total Local Usage
	4058  -  Run Bytes Sent By Job
	1662559  -  Run Bytes Received By Job
	4058  -  Total Bytes Sent By Job
	1662559  -  Total Bytes Received By Job
	Partitionable Resources :    Usage  Request Allocated
	   Cpus                 :                 1         1
	   Disk (KB)            :     7003     1750   7341016
	   Memory (MB)          :        0        1      3700
...
016 (3295.000.000) 05/17 20:40:57 POST Script terminated.
	(1) Normal termination (return value 0)
    DAG Node: init_0_ID0000001
...
000 (3296.000.000) 05/17 20:41:07 Job submitted from host: <10.240.0.3:31139?addrs=10.240.0.3-31139>
    DAG Node: mediancpu_0_ID0000002
    pool:condorpool
...
000 (3297.000.000) 05/17 20:41:07 Job submitted from host: <10.240.0.3:31139?addrs=10.240.0.3-31139>
    DAG Node: clean_up_local_level_3_0
    pool:local
...
000 (3298.000.000) 05/17 20:41:07 Job submitted from host: <10.240.0.3:31139?addrs=10.240.0.3-31139>
    DAG Node: averagecpu_0_ID0000004
    pool:condorpool
...
000 (3299.000.000) 05/17 20:41:07 Job submitted from host: <10.240.0.3:31139?addrs=10.240.0.3-31139>
    DAG Node: maxmincpu_0_ID0000003
    pool:condorpool
...
001 (3296.000.000) 05/17 20:41:10 Job executing on host: <10.240.0.75:25214?addrs=10.240.0.75-25214>
...
001 (3297.000.000) 05/17 20:41:13 Job executing on host: <10.240.0.3:47719?addrs=10.240.0.3-47719>
...
005 (3297.000.000) 05/17 20:41:15 Job terminated.
	(1) Normal termination (return value 0)
		Usr 0 00:00:00, Sys 0 00:00:00  -  Run Remote Usage
		Usr 0 00:00:00, Sys 0 00:00:00  -  Run Local Usage
		Usr 0 00:00:00, Sys 0 00:00:00  -  Total Remote Usage
		Usr 0 00:00:00, Sys 0 00:00:00  -  Total Local Usage
	0  -  Run Bytes Sent By Job
	0  -  Run Bytes Received By Job
	0  -  Total Bytes Sent By Job
	0  -  Total Bytes Received By Job
...
016 (3297.000.000) 05/17 20:41:17 POST Script terminated.
	(1) Normal termination (return value 0)
    DAG Node: clean_up_local_level_3_0
...
001 (3298.000.000) 05/17 20:41:33 Job executing on host: <10.240.0.74:59889?addrs=10.240.0.74-59889>
...
001 (3299.000.000) 05/17 20:41:33 Job executing on host: <10.240.0.79:55619?addrs=10.240.0.79-55619>
...
005 (3299.000.000) 05/17 20:43:58 Job terminated.
	(1) Normal termination (return value 0)
		Usr 0 00:01:51, Sys 0 00:00:01  -  Run Remote Usage
		Usr 0 00:00:00, Sys 0 00:00:00  -  Run Local Usage
		Usr 0 00:01:51, Sys 0 00:00:01  -  Total Remote Usage
		Usr 0 00:00:00, Sys 0 00:00:00  -  Total Local Usage
	4640  -  Run Bytes Sent By Job
	1662242  -  Run Bytes Received By Job
	4640  -  Total Bytes Sent By Job
	1662242  -  Total Bytes Received By Job
	Partitionable Resources :    Usage  Request Allocated
	   Cpus                 :                 1         1
	   Disk (KB)            :     7004     1750   7336112
	   Memory (MB)          :       84        1      3700
...
016 (3299.000.000) 05/17 20:44:03 POST Script terminated.
	(1) Normal termination (return value 0)
    DAG Node: maxmincpu_0_ID0000003
...
000 (3300.000.000) 05/17 20:44:13 Job submitted from host: <10.240.0.3:31139?addrs=10.240.0.3-31139>
    DAG Node: clean_up_local_level_4_1
    pool:local
...
001 (3300.000.000) 05/17 20:44:13 Job executing on host: <10.240.0.3:60500?addrs=10.240.0.3-60500>
...
005 (3300.000.000) 05/17 20:44:17 Job terminated.
	(1) Normal termination (return value 0)
		Usr 0 00:00:00, Sys 0 00:00:00  -  Run Remote Usage
		Usr 0 00:00:00, Sys 0 00:00:00  -  Run Local Usage
		Usr 0 00:00:00, Sys 0 00:00:00  -  Total Remote Usage
		Usr 0 00:00:00, Sys 0 00:00:00  -  Total Local Usage
	0  -  Run Bytes Sent By Job
	0  -  Run Bytes Received By Job
	0  -  Total Bytes Sent By Job
	0  -  Total Bytes Received By Job
...
016 (3300.000.000) 05/17 20:44:18 POST Script terminated.
	(1) Normal termination (return value 0)
    DAG Node: clean_up_local_level_4_1
...
005 (3296.000.000) 05/17 20:46:16 Job terminated.
	(1) Normal termination (return value 0)
		Usr 0 00:04:27, Sys 0 00:00:04  -  Run Remote Usage
		Usr 0 00:00:00, Sys 0 00:00:00  -  Run Local Usage
		Usr 0 00:04:27, Sys 0 00:00:04  -  Total Remote Usage
		Usr 0 00:00:00, Sys 0 00:00:00  -  Total Local Usage
	381096  -  Run Bytes Sent By Job
	1662104  -  Run Bytes Received By Job
	381096  -  Total Bytes Sent By Job
	1662104  -  Total Bytes Received By Job
	Partitionable Resources :    Usage  Request Allocated
	   Cpus                 :                 1         1
	   Disk (KB)            :    24724     1750   7341016
	   Memory (MB)          :        3        1      3700
...
016 (3296.000.000) 05/17 20:46:18 POST Script terminated.
	(1) Normal termination (return value 0)
    DAG Node: mediancpu_0_ID0000002
...
005 (3298.000.000) 05/17 20:47:07 Job terminated.
	(1) Normal termination (return value 0)
		Usr 0 00:05:08, Sys 0 00:00:05  -  Run Remote Usage
		Usr 0 00:00:00, Sys 0 00:00:00  -  Run Local Usage
		Usr 0 00:05:08, Sys 0 00:00:05  -  Total Remote Usage
		Usr 0 00:00:00, Sys 0 00:00:00  -  Total Local Usage
	381197  -  Run Bytes Sent By Job
	1662730  -  Run Bytes Received By Job
	381197  -  Total Bytes Sent By Job
	1662730  -  Total Bytes Received By Job
	Partitionable Resources :    Usage  Request Allocated
	   Cpus                 :                 1         1
	   Disk (KB)            :   725892     1750   7341428
	   Memory (MB)          :      162        1      3700
...
016 (3298.000.000) 05/17 20:47:08 POST Script terminated.
	(1) Normal termination (return value 0)
    DAG Node: averagecpu_0_ID0000004
...
000 (3301.000.000) 05/17 20:47:18 Job submitted from host: <10.240.0.3:31139?addrs=10.240.0.3-31139>
    DAG Node: clean_up_local_level_4_0
    pool:local
...
001 (3301.000.000) 05/17 20:47:18 Job executing on host: <10.240.0.3:56822?addrs=10.240.0.3-56822>
...
000 (3302.000.000) 05/17 20:47:18 Job submitted from host: <10.240.0.3:31139?addrs=10.240.0.3-31139>
    DAG Node: calculateratio_1_ID0000006
    pool:condorpool
...
000 (3303.000.000) 05/17 20:47:18 Job submitted from host: <10.240.0.3:31139?addrs=10.240.0.3-31139>
    DAG Node: calculateratio_2_ID0000007
    pool:condorpool
...
000 (3304.000.000) 05/17 20:47:18 Job submitted from host: <10.240.0.3:31139?addrs=10.240.0.3-31139>
    DAG Node: calculateratio_0_ID0000005
    pool:condorpool
...
001 (3302.000.000) 05/17 20:47:22 Job executing on host: <10.240.0.74:59889?addrs=10.240.0.74-59889>
...
005 (3301.000.000) 05/17 20:47:26 Job terminated.
	(1) Normal termination (return value 0)
		Usr 0 00:00:00, Sys 0 00:00:00  -  Run Remote Usage
		Usr 0 00:00:00, Sys 0 00:00:00  -  Run Local Usage
		Usr 0 00:00:00, Sys 0 00:00:00  -  Total Remote Usage
		Usr 0 00:00:00, Sys 0 00:00:00  -  Total Local Usage
	0  -  Run Bytes Sent By Job
	0  -  Run Bytes Received By Job
	0  -  Total Bytes Sent By Job
	0  -  Total Bytes Received By Job
...
016 (3301.000.000) 05/17 20:47:29 POST Script terminated.
	(1) Normal termination (return value 0)
    DAG Node: clean_up_local_level_4_0
...
001 (3304.000.000) 05/17 20:47:36 Job executing on host: <10.240.0.79:55619?addrs=10.240.0.79-55619>
...
001 (3303.000.000) 05/17 20:47:36 Job executing on host: <10.240.0.75:25214?addrs=10.240.0.75-25214>
...
005 (3304.000.000) 05/17 22:08:31 Job terminated.
	(1) Normal termination (return value 0)
		Usr 0 00:38:02, Sys 0 00:15:19  -  Run Remote Usage
		Usr 0 00:00:00, Sys 0 00:00:00  -  Run Local Usage
		Usr 0 00:38:02, Sys 0 00:15:19  -  Total Remote Usage
		Usr 0 00:00:00, Sys 0 00:00:00  -  Total Local Usage
	286470  -  Run Bytes Sent By Job
	1665532  -  Run Bytes Received By Job
	286470  -  Total Bytes Sent By Job
	1665532  -  Total Bytes Received By Job
	Partitionable Resources :    Usage  Request Allocated
	   Cpus                 :                 1         1
	   Disk (KB)            :   201393     1750   7336088
	   Memory (MB)          :      152        1      3700
...
016 (3304.000.000) 05/17 22:08:31 POST Script terminated.
	(1) Normal termination (return value 0)
    DAG Node: calculateratio_0_ID0000005
...
000 (3305.000.000) 05/17 22:08:41 Job submitted from host: <10.240.0.3:31139?addrs=10.240.0.3-31139>
    DAG Node: clean_up_local_level_5_1
    pool:local
...
001 (3305.000.000) 05/17 22:08:41 Job executing on host: <10.240.0.3:18116?addrs=10.240.0.3-18116>
...
005 (3305.000.000) 05/17 22:08:52 Job terminated.
	(1) Normal termination (return value 0)
		Usr 0 00:00:00, Sys 0 00:00:00  -  Run Remote Usage
		Usr 0 00:00:00, Sys 0 00:00:00  -  Run Local Usage
		Usr 0 00:00:00, Sys 0 00:00:00  -  Total Remote Usage
		Usr 0 00:00:00, Sys 0 00:00:00  -  Total Local Usage
	0  -  Run Bytes Sent By Job
	0  -  Run Bytes Received By Job
	0  -  Total Bytes Sent By Job
	0  -  Total Bytes Received By Job
...
016 (3305.000.000) 05/17 22:08:57 POST Script terminated.
	(1) Normal termination (return value 0)
    DAG Node: clean_up_local_level_5_1
...
005 (3302.000.000) 05/17 22:10:01 Job terminated.
	(1) Normal termination (return value 0)
		Usr 0 00:36:38, Sys 0 00:14:41  -  Run Remote Usage
		Usr 0 00:00:00, Sys 0 00:00:00  -  Run Local Usage
		Usr 0 00:36:38, Sys 0 00:14:41  -  Total Remote Usage
		Usr 0 00:00:00, Sys 0 00:00:00  -  Total Local Usage
	286470  -  Run Bytes Sent By Job
	1665537  -  Run Bytes Received By Job
	286470  -  Total Bytes Sent By Job
	1665537  -  Total Bytes Received By Job
	Partitionable Resources :    Usage  Request Allocated
	   Cpus                 :                 1         1
	   Disk (KB)            :   197517     1750   7341428
	   Memory (MB)          :      168        1      3700
...
016 (3302.000.000) 05/17 22:10:02 POST Script terminated.
	(1) Normal termination (return value 0)
    DAG Node: calculateratio_1_ID0000006
...
005 (3303.000.000) 05/17 22:12:30 Job terminated.
	(1) Normal termination (return value 0)
		Usr 0 00:39:16, Sys 0 00:15:48  -  Run Remote Usage
		Usr 0 00:00:00, Sys 0 00:00:00  -  Run Local Usage
		Usr 0 00:39:16, Sys 0 00:15:48  -  Total Remote Usage
		Usr 0 00:00:00, Sys 0 00:00:00  -  Total Local Usage
	286463  -  Run Bytes Sent By Job
	1665538  -  Run Bytes Received By Job
	286463  -  Total Bytes Sent By Job
	1665538  -  Total Bytes Received By Job
	Partitionable Resources :    Usage  Request Allocated
	   Cpus                 :                 1         1
	   Disk (KB)            :   192309     1750   7340972
	   Memory (MB)          :      165        1      3700
...
016 (3303.000.000) 05/17 22:12:32 POST Script terminated.
	(1) Normal termination (return value 0)
    DAG Node: calculateratio_2_ID0000007
...
000 (3306.000.000) 05/17 22:12:42 Job submitted from host: <10.240.0.3:31139?addrs=10.240.0.3-31139>
    DAG Node: clean_up_local_level_5_0
    pool:local
...
001 (3306.000.000) 05/17 22:12:42 Job executing on host: <10.240.0.3:63658?addrs=10.240.0.3-63658>
...
000 (3307.000.000) 05/17 22:12:42 Job submitted from host: <10.240.0.3:31139?addrs=10.240.0.3-31139>
    DAG Node: averageratio_1_ID0000009
    pool:condorpool
...
000 (3308.000.000) 05/17 22:12:42 Job submitted from host: <10.240.0.3:31139?addrs=10.240.0.3-31139>
    DAG Node: averageratio_2_ID0000010
    pool:condorpool
...
000 (3309.000.000) 05/17 22:12:42 Job submitted from host: <10.240.0.3:31139?addrs=10.240.0.3-31139>
    DAG Node: averageratio_0_ID0000008
    pool:condorpool
...
005 (3306.000.000) 05/17 22:12:52 Job terminated.
	(1) Normal termination (return value 0)
		Usr 0 00:00:00, Sys 0 00:00:00  -  Run Remote Usage
		Usr 0 00:00:00, Sys 0 00:00:00  -  Run Local Usage
		Usr 0 00:00:00, Sys 0 00:00:00  -  Total Remote Usage
		Usr 0 00:00:00, Sys 0 00:00:00  -  Total Local Usage
	0  -  Run Bytes Sent By Job
	0  -  Run Bytes Received By Job
	0  -  Total Bytes Sent By Job
	0  -  Total Bytes Received By Job
...
016 (3306.000.000) 05/17 22:12:57 POST Script terminated.
	(1) Normal termination (return value 0)
    DAG Node: clean_up_local_level_5_0
...
001 (3309.000.000) 05/17 22:13:05 Job executing on host: <10.240.0.79:55619?addrs=10.240.0.79-55619>
...
001 (3307.000.000) 05/17 22:13:05 Job executing on host: <10.240.0.75:25214?addrs=10.240.0.75-25214>
...
001 (3308.000.000) 05/17 22:13:05 Job executing on host: <10.240.0.74:59889?addrs=10.240.0.74-59889>
...
005 (3308.000.000) 05/17 22:14:05 Job terminated.
	(1) Normal termination (return value 0)
		Usr 0 00:00:00, Sys 0 00:00:00  -  Run Remote Usage
		Usr 0 00:00:00, Sys 0 00:00:00  -  Run Local Usage
		Usr 0 00:00:00, Sys 0 00:00:00  -  Total Remote Usage
		Usr 0 00:00:00, Sys 0 00:00:00  -  Total Local Usage
	5476  -  Run Bytes Sent By Job
	1662568  -  Run Bytes Received By Job
	5476  -  Total Bytes Sent By Job
	1662568  -  Total Bytes Received By Job
	Partitionable Resources :    Usage  Request Allocated
	   Cpus                 :                 1         1
	   Disk (KB)            :     7005     1750   7341148
	   Memory (MB)          :       20        1      3700
...
016 (3308.000.000) 05/17 22:14:07 POST Script terminated.
	(1) Normal termination (return value 0)
    DAG Node: averageratio_2_ID0000010
...
005 (3307.000.000) 05/17 22:14:41 Job terminated.
	(1) Normal termination (return value 0)
		Usr 0 00:00:29, Sys 0 00:00:00  -  Run Remote Usage
		Usr 0 00:00:00, Sys 0 00:00:00  -  Run Local Usage
		Usr 0 00:00:29, Sys 0 00:00:00  -  Total Remote Usage
		Usr 0 00:00:00, Sys 0 00:00:00  -  Total Local Usage
	5473  -  Run Bytes Sent By Job
	1662568  -  Run Bytes Received By Job
	5473  -  Total Bytes Sent By Job
	1662568  -  Total Bytes Received By Job
	Partitionable Resources :    Usage  Request Allocated
	   Cpus                 :                 1         1
	   Disk (KB)            :     7005     1750   7340728
	   Memory (MB)          :        3        1      3700
...
016 (3307.000.000) 05/17 22:14:42 POST Script terminated.
	(1) Normal termination (return value 0)
    DAG Node: averageratio_1_ID0000009
...
000 (3310.000.000) 05/17 22:14:52 Job submitted from host: <10.240.0.3:31139?addrs=10.240.0.3-31139>
    DAG Node: clean_up_local_level_6_0
    pool:local
...
001 (3310.000.000) 05/17 22:14:53 Job executing on host: <10.240.0.3:55022?addrs=10.240.0.3-55022>
...
005 (3310.000.000) 05/17 22:15:01 Job terminated.
	(1) Normal termination (return value 0)
		Usr 0 00:00:00, Sys 0 00:00:00  -  Run Remote Usage
		Usr 0 00:00:00, Sys 0 00:00:00  -  Run Local Usage
		Usr 0 00:00:00, Sys 0 00:00:00  -  Total Remote Usage
		Usr 0 00:00:00, Sys 0 00:00:00  -  Total Local Usage
	0  -  Run Bytes Sent By Job
	0  -  Run Bytes Received By Job
	0  -  Total Bytes Sent By Job
	0  -  Total Bytes Received By Job
...
016 (3310.000.000) 05/17 22:15:03 POST Script terminated.
	(1) Normal termination (return value 0)
    DAG Node: clean_up_local_level_6_0
...
005 (3309.000.000) 05/17 22:15:20 Job terminated.
	(1) Normal termination (return value 0)
		Usr 0 00:01:17, Sys 0 00:00:01  -  Run Remote Usage
		Usr 0 00:00:00, Sys 0 00:00:00  -  Run Local Usage
		Usr 0 00:01:17, Sys 0 00:00:01  -  Total Remote Usage
		Usr 0 00:00:00, Sys 0 00:00:00  -  Total Local Usage
	5483  -  Run Bytes Sent By Job
	1662568  -  Run Bytes Received By Job
	5483  -  Total Bytes Sent By Job
	1662568  -  Total Bytes Received By Job
	Partitionable Resources :    Usage  Request Allocated
	   Cpus                 :                 1         1
	   Disk (KB)            :     7005     1750   7336820
	   Memory (MB)          :        3        1      3700
...
016 (3309.000.000) 05/17 22:15:23 POST Script terminated.
	(1) Normal termination (return value 0)
    DAG Node: averageratio_0_ID0000008
...
000 (3311.000.000) 05/17 22:15:33 Job submitted from host: <10.240.0.3:31139?addrs=10.240.0.3-31139>
    DAG Node: clean_up_local_level_6_1
    pool:local
...
001 (3311.000.000) 05/17 22:15:33 Job executing on host: <10.240.0.3:38841?addrs=10.240.0.3-38841>
...
000 (3312.000.000) 05/17 22:15:33 Job submitted from host: <10.240.0.3:31139?addrs=10.240.0.3-31139>
    DAG Node: maxminratio_0_ID0000011
    pool:condorpool
...
001 (3312.000.000) 05/17 22:15:36 Job executing on host: <10.240.0.79:55619?addrs=10.240.0.79-55619>
...
005 (3311.000.000) 05/17 22:15:37 Job terminated.
	(1) Normal termination (return value 0)
		Usr 0 00:00:00, Sys 0 00:00:00  -  Run Remote Usage
		Usr 0 00:00:00, Sys 0 00:00:00  -  Run Local Usage
		Usr 0 00:00:00, Sys 0 00:00:00  -  Total Remote Usage
		Usr 0 00:00:00, Sys 0 00:00:00  -  Total Local Usage
	0  -  Run Bytes Sent By Job
	0  -  Run Bytes Received By Job
	0  -  Total Bytes Sent By Job
	0  -  Total Bytes Received By Job
...
005 (3312.000.000) 05/17 22:15:38 Job terminated.
	(1) Normal termination (return value 0)
		Usr 0 00:00:00, Sys 0 00:00:00  -  Run Remote Usage
		Usr 0 00:00:00, Sys 0 00:00:00  -  Run Local Usage
		Usr 0 00:00:00, Sys 0 00:00:00  -  Total Remote Usage
		Usr 0 00:00:00, Sys 0 00:00:00  -  Total Local Usage
	7036  -  Run Bytes Sent By Job
	1662377  -  Run Bytes Received By Job
	7036  -  Total Bytes Sent By Job
	1662377  -  Total Bytes Received By Job
	Partitionable Resources :    Usage  Request Allocated
	   Cpus                 :                 1         1
	   Disk (KB)            :     7006     1750   7336820
	   Memory (MB)          :        0        1      3700
...
016 (3311.000.000) 05/17 22:15:38 POST Script terminated.
	(1) Normal termination (return value 0)
    DAG Node: clean_up_local_level_6_1
...
016 (3312.000.000) 05/17 22:15:38 POST Script terminated.
	(1) Normal termination (return value 0)
    DAG Node: maxminratio_0_ID0000011
...
000 (3313.000.000) 05/17 22:15:48 Job submitted from host: <10.240.0.3:31139?addrs=10.240.0.3-31139>
    DAG Node: clean_up_local_level_7_0
    pool:local
...
001 (3313.000.000) 05/17 22:15:48 Job executing on host: <10.240.0.3:54901?addrs=10.240.0.3-54901>
...
005 (3313.000.000) 05/17 22:15:52 Job terminated.
	(1) Normal termination (return value 0)
		Usr 0 00:00:00, Sys 0 00:00:00  -  Run Remote Usage
		Usr 0 00:00:00, Sys 0 00:00:00  -  Run Local Usage
		Usr 0 00:00:00, Sys 0 00:00:00  -  Total Remote Usage
		Usr 0 00:00:00, Sys 0 00:00:00  -  Total Local Usage
	0  -  Run Bytes Sent By Job
	0  -  Run Bytes Received By Job
	0  -  Total Bytes Sent By Job
	0  -  Total Bytes Received By Job
...
016 (3313.000.000) 05/17 22:15:53 POST Script terminated.
	(1) Normal termination (return value 0)
    DAG Node: clean_up_local_level_7_0
...
000 (3314.000.000) 05/17 22:16:03 Job submitted from host: <10.240.0.3:31139?addrs=10.240.0.3-31139>
    DAG Node: cleanup_example_workflow_0_local
    pool:local
...
001 (3314.000.000) 05/17 22:16:03 Job executing on host: <10.240.0.3:60210?addrs=10.240.0.3-60210>
...
005 (3314.000.000) 05/17 22:16:05 Job terminated.
	(1) Normal termination (return value 0)
		Usr 0 00:00:00, Sys 0 00:00:00  -  Run Remote Usage
		Usr 0 00:00:00, Sys 0 00:00:00  -  Run Local Usage
		Usr 0 00:00:00, Sys 0 00:00:00  -  Total Remote Usage
		Usr 0 00:00:00, Sys 0 00:00:00  -  Total Local Usage
	0  -  Run Bytes Sent By Job
	0  -  Run Bytes Received By Job
	0  -  Total Bytes Sent By Job
	0  -  Total Bytes Received By Job
...
