2017-01-10 16:43:43,160:INFO:pegasus-monitord(68): pegasus-monitord starting - pid 16058 
2017-01-10 16:43:43,179:INFO:pegasus-monitord(319): Final Command line options are: ['-N', 'example_workflow-0.dag.dagman.out']
Created Pegasus database in: sqlite:////home/ubuntu/more_data/more_more_data/8_1_workflow_full_10files_secondary_w1_1sh_3rs_with_annot_with_proj_3s/dags/ubuntu/pegasus/example_workflow/20170110T164337+0000/example_workflow-0.stampede.db
2017-01-10 16:43:43,617:INFO:Pegasus.monitoring.event_output(315): output type=DB namespace=stampede. name=sqlite:////home/ubuntu/more_data/more_more_data/8_1_workflow_full_10files_secondary_w1_1sh_3rs_with_annot_with_proj_3s/dags/ubuntu/pegasus/example_workflow/20170110T164337+0000/example_workflow-0.stampede.db
2017-01-10 16:43:43,675:INFO:Pegasus.monitoring.event_output(315): output type=DB namespace=dashboard. name=sqlite:////home/ubuntu/.pegasus/workflow.db
2017-01-10 16:43:43,675:INFO:pegasus-monitord(1010): monitord started in fast start mode
2017-01-10 16:43:43,695:INFO:Pegasus.monitoring.workflow(360): cannot open state file /home/ubuntu/more_data/more_more_data/8_1_workflow_full_10files_secondary_w1_1sh_3rs_with_annot_with_proj_3s/dags/ubuntu/pegasus/example_workflow/20170110T164337+0000/monitord.info, continuing without state...
2017-01-10 16:43:43,695:INFO:Pegasus.monitoring.workflow(937): creating new file /home/ubuntu/more_data/more_more_data/8_1_workflow_full_10files_secondary_w1_1sh_3rs_with_annot_with_proj_3s/dags/ubuntu/pegasus/example_workflow/20170110T164337+0000/jobstate.log
2017-01-10 16:43:43,695:INFO:Pegasus.monitoring.workflow(945): Appending to exisitng jobstate.log replay_mode 0 previous_processed_line 0
2017-01-10 16:43:43,696:INFO:Pegasus.monitoring.notifications(394): loading notifications from /home/ubuntu/more_data/more_more_data/8_1_workflow_full_10files_secondary_w1_1sh_3rs_with_annot_with_proj_3s/dags/ubuntu/pegasus/example_workflow/20170110T164337+0000/example_workflow-0.notify
2017-01-10 16:43:43,978:INFO:pegasus-monitord(773): Using DAGMan version 8.4.8 80408
2017-01-10 16:43:43,978:INFO:pegasus-monitord(753): DAGMan runs at pid 16057
2017-01-10 16:43:43,980:INFO:pegasus-monitord(759): using dag example_workflow-0.dag
2017-01-10 16:43:43,981:INFO:Pegasus.monitoring.workflow(675): DAGMan starting with condor id 10365.0
2017-01-10 23:13:36,402:INFO:pegasus-monitord(733): DAGMan example_workflow-0.dag finished with exit code 0
2017-01-10 23:13:37,413:INFO:pegasus-monitord(1169): workflow /home/ubuntu/more_data/more_more_data/8_1_workflow_full_10files_secondary_w1_1sh_3rs_with_annot_with_proj_3s/dags/ubuntu/pegasus/example_workflow/20170110T164337+0000/example_workflow-0.dag.dagman.out ended
2017-01-10 23:13:37,414:INFO:Pegasus.monitoring.workflow(1111): recovery file deleted: /home/ubuntu/more_data/more_more_data/8_1_workflow_full_10files_secondary_w1_1sh_3rs_with_annot_with_proj_3s/dags/ubuntu/pegasus/example_workflow/20170110T164337+0000/monitord.recover
2017-01-10 23:13:37,414:INFO:pegasus-monitord(1343): finishing workflow: /home/ubuntu/more_data/more_more_data/8_1_workflow_full_10files_secondary_w1_1sh_3rs_with_annot_with_proj_3s/dags/ubuntu/pegasus/example_workflow/20170110T164337+0000/example_workflow-0.dag.dagman.out
2017-01-10 23:13:37,414:INFO:pegasus-monitord(1395): finishing notifications...
2017-01-10 23:13:37,414:INFO:pegasus-monitord(1400): monitord process 16058 exiting with 0
2017-01-10 23:13:37,414:INFO:pegasus-monitord(182): DB flushing beginning
2017-01-10 23:13:37,414:INFO:Pegasus.db.workflow_loader.WorkflowLoader(1052): Executing final flush
2017-01-10 23:13:37,454:INFO:Pegasus.db.dashboard_loader.DashboardLoader(343): Executing final flush
2017-01-10 23:13:37,454:INFO:pegasus-monitord(196): DB flushing ended
