000 (6202.000.000) 11/22 15:48:11 Job submitted from host: <54.67.10.246:28831?addrs=54.67.10.246-28831>
    DAG Node: create_dir_example_workflow_0_local
    pool:local
...
001 (6202.000.000) 11/22 15:48:12 Job executing on host: <54.67.10.246:23952?addrs=54.67.10.246-23952>
...
005 (6202.000.000) 11/22 15:48:14 Job terminated.
	(1) Normal termination (return value 0)
		Usr 0 00:00:00, Sys 0 00:00:00  -  Run Remote Usage
		Usr 0 00:00:00, Sys 0 00:00:00  -  Run Local Usage
		Usr 0 00:00:00, Sys 0 00:00:00  -  Total Remote Usage
		Usr 0 00:00:00, Sys 0 00:00:00  -  Total Local Usage
	0  -  Run Bytes Sent By Job
	0  -  Run Bytes Received By Job
	0  -  Total Bytes Sent By Job
	0  -  Total Bytes Received By Job
...
000 (6203.000.000) 11/22 15:48:26 Job submitted from host: <54.67.10.246:28831?addrs=54.67.10.246-28831>
    DAG Node: stage_in_local_local_0_0
    pool:local
...
001 (6203.000.000) 11/22 15:48:26 Job executing on host: <54.67.10.246:46989?addrs=54.67.10.246-46989>
...
000 (6204.000.000) 11/22 15:48:26 Job submitted from host: <54.67.10.246:28831?addrs=54.67.10.246-28831>
    DAG Node: stage_in_remote_local_2_1
    pool:local
...
000 (6205.000.000) 11/22 15:48:26 Job submitted from host: <54.67.10.246:28831?addrs=54.67.10.246-28831>
    DAG Node: stage_in_local_local_6_0
    pool:local
...
000 (6206.000.000) 11/22 15:48:26 Job submitted from host: <54.67.10.246:28831?addrs=54.67.10.246-28831>
    DAG Node: stage_in_remote_local_5_1
    pool:local
...
000 (6207.000.000) 11/22 15:48:26 Job submitted from host: <54.67.10.246:28831?addrs=54.67.10.246-28831>
    DAG Node: stage_in_remote_local_5_0
    pool:local
...
005 (6203.000.000) 11/22 15:48:28 Job terminated.
	(1) Normal termination (return value 0)
		Usr 0 00:00:00, Sys 0 00:00:00  -  Run Remote Usage
		Usr 0 00:00:00, Sys 0 00:00:00  -  Run Local Usage
		Usr 0 00:00:00, Sys 0 00:00:00  -  Total Remote Usage
		Usr 0 00:00:00, Sys 0 00:00:00  -  Total Local Usage
	0  -  Run Bytes Sent By Job
	0  -  Run Bytes Received By Job
	0  -  Total Bytes Sent By Job
	0  -  Total Bytes Received By Job
...
001 (6206.000.000) 11/22 15:48:28 Job executing on host: <54.67.10.246:42110?addrs=54.67.10.246-42110>
...
001 (6204.000.000) 11/22 15:48:28 Job executing on host: <54.67.10.246:13037?addrs=54.67.10.246-13037>
...
001 (6205.000.000) 11/22 15:48:28 Job executing on host: <54.67.10.246:62993?addrs=54.67.10.246-62993>
...
001 (6207.000.000) 11/22 15:48:28 Job executing on host: <54.67.10.246:8221?addrs=54.67.10.246-8221>
...
005 (6204.000.000) 11/22 15:48:31 Job terminated.
	(1) Normal termination (return value 0)
		Usr 0 00:00:00, Sys 0 00:00:00  -  Run Remote Usage
		Usr 0 00:00:00, Sys 0 00:00:00  -  Run Local Usage
		Usr 0 00:00:00, Sys 0 00:00:00  -  Total Remote Usage
		Usr 0 00:00:00, Sys 0 00:00:00  -  Total Local Usage
	0  -  Run Bytes Sent By Job
	0  -  Run Bytes Received By Job
	0  -  Total Bytes Sent By Job
	0  -  Total Bytes Received By Job
...
005 (6205.000.000) 11/22 15:48:31 Job terminated.
	(1) Normal termination (return value 0)
		Usr 0 00:00:00, Sys 0 00:00:00  -  Run Remote Usage
		Usr 0 00:00:00, Sys 0 00:00:00  -  Run Local Usage
		Usr 0 00:00:00, Sys 0 00:00:00  -  Total Remote Usage
		Usr 0 00:00:00, Sys 0 00:00:00  -  Total Local Usage
	0  -  Run Bytes Sent By Job
	0  -  Run Bytes Received By Job
	0  -  Total Bytes Sent By Job
	0  -  Total Bytes Received By Job
...
000 (6208.000.000) 11/22 15:48:31 Job submitted from host: <54.67.10.246:28831?addrs=54.67.10.246-28831>
    DAG Node: stage_in_local_local_2_0
    pool:local
...
001 (6208.000.000) 11/22 15:48:31 Job executing on host: <54.67.10.246:53357?addrs=54.67.10.246-53357>
...
000 (6209.000.000) 11/22 15:48:31 Job submitted from host: <54.67.10.246:28831?addrs=54.67.10.246-28831>
    DAG Node: stage_in_local_local_2_1
    pool:local
...
001 (6209.000.000) 11/22 15:48:31 Job executing on host: <54.67.10.246:52378?addrs=54.67.10.246-52378>
...
000 (6210.000.000) 11/22 15:48:31 Job submitted from host: <54.67.10.246:28831?addrs=54.67.10.246-28831>
    DAG Node: stage_in_remote_local_1_0
    pool:local
...
000 (6211.000.000) 11/22 15:48:32 Job submitted from host: <54.67.10.246:28831?addrs=54.67.10.246-28831>
    DAG Node: stage_in_local_local_3_1
    pool:local
...
000 (6212.000.000) 11/22 15:48:32 Job submitted from host: <54.67.10.246:28831?addrs=54.67.10.246-28831>
    DAG Node: stage_in_local_local_5_0
    pool:local
...
005 (6206.000.000) 11/22 15:48:33 Job terminated.
	(1) Normal termination (return value 0)
		Usr 0 00:00:00, Sys 0 00:00:00  -  Run Remote Usage
		Usr 0 00:00:00, Sys 0 00:00:00  -  Run Local Usage
		Usr 0 00:00:00, Sys 0 00:00:00  -  Total Remote Usage
		Usr 0 00:00:00, Sys 0 00:00:00  -  Total Local Usage
	0  -  Run Bytes Sent By Job
	0  -  Run Bytes Received By Job
	0  -  Total Bytes Sent By Job
	0  -  Total Bytes Received By Job
...
001 (6212.000.000) 11/22 15:48:33 Job executing on host: <54.67.10.246:62579?addrs=54.67.10.246-62579>
...
001 (6211.000.000) 11/22 15:48:33 Job executing on host: <54.67.10.246:65160?addrs=54.67.10.246-65160>
...
001 (6210.000.000) 11/22 15:48:33 Job executing on host: <54.67.10.246:63844?addrs=54.67.10.246-63844>
...
005 (6207.000.000) 11/22 15:48:33 Job terminated.
	(1) Normal termination (return value 0)
		Usr 0 00:00:00, Sys 0 00:00:00  -  Run Remote Usage
		Usr 0 00:00:00, Sys 0 00:00:00  -  Run Local Usage
		Usr 0 00:00:00, Sys 0 00:00:00  -  Total Remote Usage
		Usr 0 00:00:00, Sys 0 00:00:00  -  Total Local Usage
	0  -  Run Bytes Sent By Job
	0  -  Run Bytes Received By Job
	0  -  Total Bytes Sent By Job
	0  -  Total Bytes Received By Job
...
005 (6209.000.000) 11/22 15:48:34 Job terminated.
	(1) Normal termination (return value 0)
		Usr 0 00:00:00, Sys 0 00:00:00  -  Run Remote Usage
		Usr 0 00:00:00, Sys 0 00:00:00  -  Run Local Usage
		Usr 0 00:00:00, Sys 0 00:00:00  -  Total Remote Usage
		Usr 0 00:00:00, Sys 0 00:00:00  -  Total Local Usage
	0  -  Run Bytes Sent By Job
	0  -  Run Bytes Received By Job
	0  -  Total Bytes Sent By Job
	0  -  Total Bytes Received By Job
...
005 (6210.000.000) 11/22 15:48:35 Job terminated.
	(1) Normal termination (return value 0)
		Usr 0 00:00:00, Sys 0 00:00:00  -  Run Remote Usage
		Usr 0 00:00:00, Sys 0 00:00:00  -  Run Local Usage
		Usr 0 00:00:00, Sys 0 00:00:00  -  Total Remote Usage
		Usr 0 00:00:00, Sys 0 00:00:00  -  Total Local Usage
	0  -  Run Bytes Sent By Job
	0  -  Run Bytes Received By Job
	0  -  Total Bytes Sent By Job
	0  -  Total Bytes Received By Job
...
005 (6208.000.000) 11/22 15:48:36 Job terminated.
	(1) Normal termination (return value 0)
		Usr 0 00:00:00, Sys 0 00:00:00  -  Run Remote Usage
		Usr 0 00:00:00, Sys 0 00:00:00  -  Run Local Usage
		Usr 0 00:00:00, Sys 0 00:00:00  -  Total Remote Usage
		Usr 0 00:00:00, Sys 0 00:00:00  -  Total Local Usage
	0  -  Run Bytes Sent By Job
	0  -  Run Bytes Received By Job
	0  -  Total Bytes Sent By Job
	0  -  Total Bytes Received By Job
...
000 (6213.000.000) 11/22 15:48:37 Job submitted from host: <54.67.10.246:28831?addrs=54.67.10.246-28831>
    DAG Node: stage_in_local_local_3_0
    pool:local
...
001 (6213.000.000) 11/22 15:48:37 Job executing on host: <54.67.10.246:43932?addrs=54.67.10.246-43932>
...
000 (6214.000.000) 11/22 15:48:37 Job submitted from host: <54.67.10.246:28831?addrs=54.67.10.246-28831>
    DAG Node: stage_in_local_local_5_1
    pool:local
...
000 (6215.000.000) 11/22 15:48:37 Job submitted from host: <54.67.10.246:28831?addrs=54.67.10.246-28831>
    DAG Node: stage_in_local_local_4_0
    pool:local
...
005 (6212.000.000) 11/22 15:48:37 Job terminated.
	(1) Normal termination (return value 0)
		Usr 0 00:00:00, Sys 0 00:00:00  -  Run Remote Usage
		Usr 0 00:00:00, Sys 0 00:00:00  -  Run Local Usage
		Usr 0 00:00:00, Sys 0 00:00:00  -  Total Remote Usage
		Usr 0 00:00:00, Sys 0 00:00:00  -  Total Local Usage
	0  -  Run Bytes Sent By Job
	0  -  Run Bytes Received By Job
	0  -  Total Bytes Sent By Job
	0  -  Total Bytes Received By Job
...
005 (6211.000.000) 11/22 15:48:38 Job terminated.
	(1) Normal termination (return value 0)
		Usr 0 00:00:00, Sys 0 00:00:00  -  Run Remote Usage
		Usr 0 00:00:00, Sys 0 00:00:00  -  Run Local Usage
		Usr 0 00:00:00, Sys 0 00:00:00  -  Total Remote Usage
		Usr 0 00:00:00, Sys 0 00:00:00  -  Total Local Usage
	0  -  Run Bytes Sent By Job
	0  -  Run Bytes Received By Job
	0  -  Total Bytes Sent By Job
	0  -  Total Bytes Received By Job
...
001 (6215.000.000) 11/22 15:48:38 Job executing on host: <54.67.10.246:29190?addrs=54.67.10.246-29190>
...
001 (6214.000.000) 11/22 15:48:38 Job executing on host: <54.67.10.246:50575?addrs=54.67.10.246-50575>
...
000 (6216.000.000) 11/22 15:48:38 Job submitted from host: <54.67.10.246:28831?addrs=54.67.10.246-28831>
    DAG Node: stage_in_local_local_7_0
    pool:local
...
001 (6216.000.000) 11/22 15:48:38 Job executing on host: <54.67.10.246:35137?addrs=54.67.10.246-35137>
...
000 (6217.000.000) 11/22 15:48:38 Job submitted from host: <54.67.10.246:28831?addrs=54.67.10.246-28831>
    DAG Node: stage_in_local_local_4_1
    pool:local
...
005 (6216.000.000) 11/22 15:48:40 Job terminated.
	(1) Normal termination (return value 0)
		Usr 0 00:00:00, Sys 0 00:00:00  -  Run Remote Usage
		Usr 0 00:00:00, Sys 0 00:00:00  -  Run Local Usage
		Usr 0 00:00:00, Sys 0 00:00:00  -  Total Remote Usage
		Usr 0 00:00:00, Sys 0 00:00:00  -  Total Local Usage
	0  -  Run Bytes Sent By Job
	0  -  Run Bytes Received By Job
	0  -  Total Bytes Sent By Job
	0  -  Total Bytes Received By Job
...
001 (6217.000.000) 11/22 15:48:40 Job executing on host: <54.67.10.246:11429?addrs=54.67.10.246-11429>
...
005 (6213.000.000) 11/22 15:48:42 Job terminated.
	(1) Normal termination (return value 0)
		Usr 0 00:00:00, Sys 0 00:00:00  -  Run Remote Usage
		Usr 0 00:00:00, Sys 0 00:00:00  -  Run Local Usage
		Usr 0 00:00:00, Sys 0 00:00:00  -  Total Remote Usage
		Usr 0 00:00:00, Sys 0 00:00:00  -  Total Local Usage
	0  -  Run Bytes Sent By Job
	0  -  Run Bytes Received By Job
	0  -  Total Bytes Sent By Job
	0  -  Total Bytes Received By Job
...
005 (6215.000.000) 11/22 15:48:42 Job terminated.
	(1) Normal termination (return value 0)
		Usr 0 00:00:00, Sys 0 00:00:00  -  Run Remote Usage
		Usr 0 00:00:00, Sys 0 00:00:00  -  Run Local Usage
		Usr 0 00:00:00, Sys 0 00:00:00  -  Total Remote Usage
		Usr 0 00:00:00, Sys 0 00:00:00  -  Total Local Usage
	0  -  Run Bytes Sent By Job
	0  -  Run Bytes Received By Job
	0  -  Total Bytes Sent By Job
	0  -  Total Bytes Received By Job
...
005 (6214.000.000) 11/22 15:48:42 Job terminated.
	(1) Normal termination (return value 0)
		Usr 0 00:00:00, Sys 0 00:00:00  -  Run Remote Usage
		Usr 0 00:00:00, Sys 0 00:00:00  -  Run Local Usage
		Usr 0 00:00:00, Sys 0 00:00:00  -  Total Remote Usage
		Usr 0 00:00:00, Sys 0 00:00:00  -  Total Local Usage
	0  -  Run Bytes Sent By Job
	0  -  Run Bytes Received By Job
	0  -  Total Bytes Sent By Job
	0  -  Total Bytes Received By Job
...
000 (6218.000.000) 11/22 15:48:43 Job submitted from host: <54.67.10.246:28831?addrs=54.67.10.246-28831>
    DAG Node: stage_in_local_local_1_0
    pool:local
...
001 (6218.000.000) 11/22 15:48:43 Job executing on host: <54.67.10.246:52538?addrs=54.67.10.246-52538>
...
000 (6219.000.000) 11/22 15:48:43 Job submitted from host: <54.67.10.246:28831?addrs=54.67.10.246-28831>
    DAG Node: stage_in_remote_local_4_1
    pool:local
...
001 (6219.000.000) 11/22 15:48:43 Job executing on host: <54.67.10.246:40621?addrs=54.67.10.246-40621>
...
000 (6220.000.000) 11/22 15:48:44 Job submitted from host: <54.67.10.246:28831?addrs=54.67.10.246-28831>
    DAG Node: stage_in_remote_local_4_0
    pool:local
...
001 (6220.000.000) 11/22 15:48:44 Job executing on host: <54.67.10.246:40941?addrs=54.67.10.246-40941>
...
000 (6221.000.000) 11/22 15:48:44 Job submitted from host: <54.67.10.246:28831?addrs=54.67.10.246-28831>
    DAG Node: stage_in_remote_local_2_0
    pool:local
...
000 (6222.000.000) 11/22 15:48:44 Job submitted from host: <54.67.10.246:28831?addrs=54.67.10.246-28831>
    DAG Node: stage_in_remote_local_3_1
    pool:local
...
005 (6217.000.000) 11/22 15:48:45 Job terminated.
	(1) Normal termination (return value 0)
		Usr 0 00:00:00, Sys 0 00:00:00  -  Run Remote Usage
		Usr 0 00:00:00, Sys 0 00:00:00  -  Run Local Usage
		Usr 0 00:00:00, Sys 0 00:00:00  -  Total Remote Usage
		Usr 0 00:00:00, Sys 0 00:00:00  -  Total Local Usage
	0  -  Run Bytes Sent By Job
	0  -  Run Bytes Received By Job
	0  -  Total Bytes Sent By Job
	0  -  Total Bytes Received By Job
...
001 (6221.000.000) 11/22 15:48:45 Job executing on host: <54.67.10.246:20016?addrs=54.67.10.246-20016>
...
001 (6222.000.000) 11/22 15:48:45 Job executing on host: <54.67.10.246:4148?addrs=54.67.10.246-4148>
...
005 (6218.000.000) 11/22 15:48:46 Job terminated.
	(1) Normal termination (return value 0)
		Usr 0 00:00:00, Sys 0 00:00:00  -  Run Remote Usage
		Usr 0 00:00:00, Sys 0 00:00:00  -  Run Local Usage
		Usr 0 00:00:00, Sys 0 00:00:00  -  Total Remote Usage
		Usr 0 00:00:00, Sys 0 00:00:00  -  Total Local Usage
	0  -  Run Bytes Sent By Job
	0  -  Run Bytes Received By Job
	0  -  Total Bytes Sent By Job
	0  -  Total Bytes Received By Job
...
005 (6220.000.000) 11/22 15:48:48 Job terminated.
	(1) Normal termination (return value 0)
		Usr 0 00:00:00, Sys 0 00:00:00  -  Run Remote Usage
		Usr 0 00:00:00, Sys 0 00:00:00  -  Run Local Usage
		Usr 0 00:00:00, Sys 0 00:00:00  -  Total Remote Usage
		Usr 0 00:00:00, Sys 0 00:00:00  -  Total Local Usage
	0  -  Run Bytes Sent By Job
	0  -  Run Bytes Received By Job
	0  -  Total Bytes Sent By Job
	0  -  Total Bytes Received By Job
...
005 (6219.000.000) 11/22 15:48:48 Job terminated.
	(1) Normal termination (return value 0)
		Usr 0 00:00:00, Sys 0 00:00:00  -  Run Remote Usage
		Usr 0 00:00:00, Sys 0 00:00:00  -  Run Local Usage
		Usr 0 00:00:00, Sys 0 00:00:00  -  Total Remote Usage
		Usr 0 00:00:00, Sys 0 00:00:00  -  Total Local Usage
	0  -  Run Bytes Sent By Job
	0  -  Run Bytes Received By Job
	0  -  Total Bytes Sent By Job
	0  -  Total Bytes Received By Job
...
000 (6223.000.000) 11/22 15:48:49 Job submitted from host: <54.67.10.246:28831?addrs=54.67.10.246-28831>
    DAG Node: stage_in_remote_local_3_0
    pool:local
...
001 (6223.000.000) 11/22 15:48:49 Job executing on host: <54.67.10.246:41779?addrs=54.67.10.246-41779>
...
000 (6224.000.000) 11/22 15:48:49 Job submitted from host: <54.67.10.246:28831?addrs=54.67.10.246-28831>
    DAG Node: stage_in_remote_local_6_0
    pool:local
...
001 (6224.000.000) 11/22 15:48:49 Job executing on host: <54.67.10.246:60189?addrs=54.67.10.246-60189>
...
000 (6225.000.000) 11/22 15:48:49 Job submitted from host: <54.67.10.246:28831?addrs=54.67.10.246-28831>
    DAG Node: init_0_ID0000001
    pool:condorpool
...
005 (6222.000.000) 11/22 15:48:49 Job terminated.
	(1) Normal termination (return value 0)
		Usr 0 00:00:00, Sys 0 00:00:00  -  Run Remote Usage
		Usr 0 00:00:00, Sys 0 00:00:00  -  Run Local Usage
		Usr 0 00:00:00, Sys 0 00:00:00  -  Total Remote Usage
		Usr 0 00:00:00, Sys 0 00:00:00  -  Total Local Usage
	0  -  Run Bytes Sent By Job
	0  -  Run Bytes Received By Job
	0  -  Total Bytes Sent By Job
	0  -  Total Bytes Received By Job
...
005 (6221.000.000) 11/22 15:48:49 Job terminated.
	(1) Normal termination (return value 0)
		Usr 0 00:00:00, Sys 0 00:00:00  -  Run Remote Usage
		Usr 0 00:00:00, Sys 0 00:00:00  -  Run Local Usage
		Usr 0 00:00:00, Sys 0 00:00:00  -  Total Remote Usage
		Usr 0 00:00:00, Sys 0 00:00:00  -  Total Local Usage
	0  -  Run Bytes Sent By Job
	0  -  Run Bytes Received By Job
	0  -  Total Bytes Sent By Job
	0  -  Total Bytes Received By Job
...
005 (6224.000.000) 11/22 15:48:52 Job terminated.
	(1) Normal termination (return value 0)
		Usr 0 00:00:00, Sys 0 00:00:00  -  Run Remote Usage
		Usr 0 00:00:00, Sys 0 00:00:00  -  Run Local Usage
		Usr 0 00:00:00, Sys 0 00:00:00  -  Total Remote Usage
		Usr 0 00:00:00, Sys 0 00:00:00  -  Total Local Usage
	0  -  Run Bytes Sent By Job
	0  -  Run Bytes Received By Job
	0  -  Total Bytes Sent By Job
	0  -  Total Bytes Received By Job
...
005 (6223.000.000) 11/22 15:48:54 Job terminated.
	(1) Normal termination (return value 0)
		Usr 0 00:00:00, Sys 0 00:00:00  -  Run Remote Usage
		Usr 0 00:00:00, Sys 0 00:00:00  -  Run Local Usage
		Usr 0 00:00:00, Sys 0 00:00:00  -  Total Remote Usage
		Usr 0 00:00:00, Sys 0 00:00:00  -  Total Local Usage
	0  -  Run Bytes Sent By Job
	0  -  Run Bytes Received By Job
	0  -  Total Bytes Sent By Job
	0  -  Total Bytes Received By Job
...
001 (6225.000.000) 11/22 15:49:06 Job executing on host: <54.213.17.0:8127?addrs=54.213.17.0-8127&noUDP>
...
006 (6225.000.000) 11/22 15:49:14 Image size of job updated: 2
	2  -  MemoryUsage of job (MB)
	1652  -  ResidentSetSize of job (KB)
...
006 (6225.000.000) 11/22 15:54:14 Image size of job updated: 633496
	15  -  MemoryUsage of job (MB)
	15308  -  ResidentSetSize of job (KB)
...
005 (6225.000.000) 11/22 16:00:10 Job terminated.
	(1) Normal termination (return value 0)
		Usr 0 00:00:00, Sys 0 00:00:00  -  Run Remote Usage
		Usr 0 00:00:00, Sys 0 00:00:00  -  Run Local Usage
		Usr 0 00:00:00, Sys 0 00:00:00  -  Total Remote Usage
		Usr 0 00:00:00, Sys 0 00:00:00  -  Total Local Usage
	4461  -  Run Bytes Sent By Job
	3170346  -  Run Bytes Received By Job
	4461  -  Total Bytes Sent By Job
	3170346  -  Total Bytes Received By Job
	Partitionable Resources :    Usage  Request Allocated
	   Cpus                 :                 1         1
	   Disk (KB)            :     6106     3250  27704396
	   Memory (MB)          :       15        1      3764
...
000 (6226.000.000) 11/22 16:00:24 Job submitted from host: <54.67.10.246:28831?addrs=54.67.10.246-28831>
    DAG Node: clean_up_local_level_3_0
    pool:local
...
001 (6226.000.000) 11/22 16:00:24 Job executing on host: <54.67.10.246:52203?addrs=54.67.10.246-52203>
...
000 (6227.000.000) 11/22 16:00:24 Job submitted from host: <54.67.10.246:28831?addrs=54.67.10.246-28831>
    DAG Node: generalinfo_0_ID0000002
    pool:condorpool
...
001 (6227.000.000) 11/22 16:00:24 Job executing on host: <54.213.17.0:8127?addrs=54.213.17.0-8127&noUDP>
...
005 (6226.000.000) 11/22 16:00:26 Job terminated.
	(1) Normal termination (return value 0)
		Usr 0 00:00:00, Sys 0 00:00:00  -  Run Remote Usage
		Usr 0 00:00:00, Sys 0 00:00:00  -  Run Local Usage
		Usr 0 00:00:00, Sys 0 00:00:00  -  Total Remote Usage
		Usr 0 00:00:00, Sys 0 00:00:00  -  Total Local Usage
	0  -  Run Bytes Sent By Job
	0  -  Run Bytes Received By Job
	0  -  Total Bytes Sent By Job
	0  -  Total Bytes Received By Job
...
006 (6227.000.000) 11/22 16:00:32 Image size of job updated: 2
	2  -  MemoryUsage of job (MB)
	1648  -  ResidentSetSize of job (KB)
...
006 (6227.000.000) 11/22 16:05:33 Image size of job updated: 757980
	128  -  MemoryUsage of job (MB)
	130884  -  ResidentSetSize of job (KB)
...
006 (6227.000.000) 11/22 16:10:33 Image size of job updated: 757980
	132  -  MemoryUsage of job (MB)
	134752  -  ResidentSetSize of job (KB)
...
006 (6227.000.000) 11/22 16:15:33 Image size of job updated: 761580
	133  -  MemoryUsage of job (MB)
	135176  -  ResidentSetSize of job (KB)
...
005 (6227.000.000) 11/22 17:02:38 Job terminated.
	(1) Normal termination (return value 0)
		Usr 0 00:51:30, Sys 0 00:00:32  -  Run Remote Usage
		Usr 0 00:00:00, Sys 0 00:00:00  -  Run Local Usage
		Usr 0 00:51:30, Sys 0 00:00:32  -  Total Remote Usage
		Usr 0 00:00:00, Sys 0 00:00:00  -  Total Local Usage
	5882  -  Run Bytes Sent By Job
	3169156  -  Run Bytes Received By Job
	5882  -  Total Bytes Sent By Job
	3169156  -  Total Bytes Received By Job
	Partitionable Resources :    Usage  Request Allocated
	   Cpus                 :                 1         1
	   Disk (KB)            :     6107     3250  27704396
	   Memory (MB)          :      133        1      3764
...
000 (6228.000.000) 11/22 17:02:53 Job submitted from host: <54.67.10.246:28831?addrs=54.67.10.246-28831>
    DAG Node: clean_up_local_level_4_0
    pool:local
...
001 (6228.000.000) 11/22 17:02:53 Job executing on host: <54.67.10.246:51145?addrs=54.67.10.246-51145>
...
000 (6229.000.000) 11/22 17:02:53 Job submitted from host: <54.67.10.246:28831?addrs=54.67.10.246-28831>
    DAG Node: statscpumemory_0_ID0000003
    pool:condorpool
...
000 (6230.000.000) 11/22 17:02:53 Job submitted from host: <54.67.10.246:28831?addrs=54.67.10.246-28831>
    DAG Node: medianmemory_0_ID0000005
    pool:condorpool
...
000 (6231.000.000) 11/22 17:02:53 Job submitted from host: <54.67.10.246:28831?addrs=54.67.10.246-28831>
    DAG Node: mediancpu_0_ID0000004
    pool:condorpool
...
005 (6228.000.000) 11/22 17:02:57 Job terminated.
	(1) Normal termination (return value 0)
		Usr 0 00:00:00, Sys 0 00:00:00  -  Run Remote Usage
		Usr 0 00:00:00, Sys 0 00:00:00  -  Run Local Usage
		Usr 0 00:00:00, Sys 0 00:00:00  -  Total Remote Usage
		Usr 0 00:00:00, Sys 0 00:00:00  -  Total Local Usage
	0  -  Run Bytes Sent By Job
	0  -  Run Bytes Received By Job
	0  -  Total Bytes Sent By Job
	0  -  Total Bytes Received By Job
...
001 (6229.000.000) 11/22 17:03:14 Job executing on host: <54.213.17.0:8127?addrs=54.213.17.0-8127&noUDP>
...
001 (6230.000.000) 11/22 17:03:14 Job executing on host: <54.200.31.33:26015?addrs=54.200.31.33-26015&noUDP>
...
001 (6231.000.000) 11/22 17:03:14 Job executing on host: <54.201.173.21:12532?addrs=54.201.173.21-12532&noUDP>
...
006 (6230.000.000) 11/22 17:03:22 Image size of job updated: 2
	2  -  MemoryUsage of job (MB)
	1656  -  ResidentSetSize of job (KB)
...
006 (6231.000.000) 11/22 17:03:22 Image size of job updated: 2
	2  -  MemoryUsage of job (MB)
	1648  -  ResidentSetSize of job (KB)
...
006 (6229.000.000) 11/22 17:03:23 Image size of job updated: 2
	2  -  MemoryUsage of job (MB)
	1656  -  ResidentSetSize of job (KB)
...
006 (6230.000.000) 11/22 17:08:22 Image size of job updated: 779000
	147  -  MemoryUsage of job (MB)
	149508  -  ResidentSetSize of job (KB)
...
006 (6231.000.000) 11/22 17:08:22 Image size of job updated: 786504
	158  -  MemoryUsage of job (MB)
	160816  -  ResidentSetSize of job (KB)
...
006 (6229.000.000) 11/22 17:08:23 Image size of job updated: 761232
	97  -  MemoryUsage of job (MB)
	99300  -  ResidentSetSize of job (KB)
...
006 (6230.000.000) 11/22 17:13:23 Image size of job updated: 779540
	148  -  MemoryUsage of job (MB)
	151028  -  ResidentSetSize of job (KB)
...
006 (6229.000.000) 11/22 17:13:24 Image size of job updated: 766496
	143  -  MemoryUsage of job (MB)
	145492  -  ResidentSetSize of job (KB)
...
006 (6230.000.000) 11/22 17:18:23 Image size of job updated: 779540
	155  -  MemoryUsage of job (MB)
	158204  -  ResidentSetSize of job (KB)
...
006 (6231.000.000) 11/22 17:18:23 Image size of job updated: 786876
	158  -  MemoryUsage of job (MB)
	160816  -  ResidentSetSize of job (KB)
...
006 (6230.000.000) 11/22 17:23:23 Image size of job updated: 780452
	158  -  MemoryUsage of job (MB)
	161664  -  ResidentSetSize of job (KB)
...
006 (6231.000.000) 11/22 17:23:24 Image size of job updated: 786876
	161  -  MemoryUsage of job (MB)
	164684  -  ResidentSetSize of job (KB)
...
006 (6231.000.000) 11/22 17:28:24 Image size of job updated: 786876
	162  -  MemoryUsage of job (MB)
	165260  -  ResidentSetSize of job (KB)
...
006 (6230.000.000) 11/22 17:33:25 Image size of job updated: 781564
	158  -  MemoryUsage of job (MB)
	161664  -  ResidentSetSize of job (KB)
...
006 (6231.000.000) 11/22 17:38:25 Image size of job updated: 787640
	162  -  MemoryUsage of job (MB)
	165260  -  ResidentSetSize of job (KB)
...
006 (6230.000.000) 11/22 17:43:27 Image size of job updated: 784188
	158  -  MemoryUsage of job (MB)
	161664  -  ResidentSetSize of job (KB)
...
006 (6231.000.000) 11/22 17:48:25 Image size of job updated: 788800
	162  -  MemoryUsage of job (MB)
	165260  -  ResidentSetSize of job (KB)
...
006 (6229.000.000) 11/22 17:48:27 Image size of job updated: 766572
	143  -  MemoryUsage of job (MB)
	145492  -  ResidentSetSize of job (KB)
...
006 (6229.000.000) 11/22 18:13:30 Image size of job updated: 782244
	143  -  MemoryUsage of job (MB)
	145492  -  ResidentSetSize of job (KB)
...
006 (6230.000.000) 11/22 18:13:31 Image size of job updated: 784916
	158  -  MemoryUsage of job (MB)
	161664  -  ResidentSetSize of job (KB)
...
006 (6229.000.000) 11/22 18:18:31 Image size of job updated: 787776
	143  -  MemoryUsage of job (MB)
	145492  -  ResidentSetSize of job (KB)
...
006 (6231.000.000) 11/22 18:23:30 Image size of job updated: 802248
	162  -  MemoryUsage of job (MB)
	165260  -  ResidentSetSize of job (KB)
...
006 (6230.000.000) 11/22 18:23:32 Image size of job updated: 804828
	158  -  MemoryUsage of job (MB)
	161664  -  ResidentSetSize of job (KB)
...
006 (6231.000.000) 11/22 18:28:30 Image size of job updated: 804288
	162  -  MemoryUsage of job (MB)
	165260  -  ResidentSetSize of job (KB)
...
006 (6231.000.000) 11/22 18:33:30 Image size of job updated: 804416
	162  -  MemoryUsage of job (MB)
	165260  -  ResidentSetSize of job (KB)
...
006 (6231.000.000) 11/22 18:38:32 Image size of job updated: 805720
	162  -  MemoryUsage of job (MB)
	165260  -  ResidentSetSize of job (KB)
...
006 (6230.000.000) 11/22 18:43:35 Image size of job updated: 804828
	159  -  MemoryUsage of job (MB)
	162452  -  ResidentSetSize of job (KB)
...
006 (6229.000.000) 11/22 18:48:35 Image size of job updated: 787776
	143  -  MemoryUsage of job (MB)
	145812  -  ResidentSetSize of job (KB)
...
006 (6229.000.000) 11/22 19:08:38 Image size of job updated: 787776
	143  -  MemoryUsage of job (MB)
	145836  -  ResidentSetSize of job (KB)
...
005 (6229.000.000) 11/22 19:14:28 Job terminated.
	(1) Normal termination (return value 0)
		Usr 0 01:49:48, Sys 0 00:01:11  -  Run Remote Usage
		Usr 0 00:00:00, Sys 0 00:00:00  -  Run Local Usage
		Usr 0 01:49:48, Sys 0 00:01:11  -  Total Remote Usage
		Usr 0 00:00:00, Sys 0 00:00:00  -  Total Local Usage
	6583  -  Run Bytes Sent By Job
	3171328  -  Run Bytes Received By Job
	6583  -  Total Bytes Sent By Job
	3171328  -  Total Bytes Received By Job
	Partitionable Resources :    Usage  Request Allocated
	   Cpus                 :                 1         1
	   Disk (KB)            :     6110     3250  27698196
	   Memory (MB)          :      143        1      3764
...
006 (6230.000.000) 11/22 19:17:00 Image size of job updated: 805252
	159  -  MemoryUsage of job (MB)
	162452  -  ResidentSetSize of job (KB)
...
005 (6230.000.000) 11/22 19:17:00 Job terminated.
	(1) Normal termination (return value 0)
		Usr 0 01:55:20, Sys 0 00:01:22  -  Run Remote Usage
		Usr 0 00:00:00, Sys 0 00:00:00  -  Run Local Usage
		Usr 0 01:55:20, Sys 0 00:01:22  -  Total Remote Usage
		Usr 0 00:00:00, Sys 0 00:00:00  -  Total Local Usage
	379308  -  Run Bytes Sent By Job
	3169051  -  Run Bytes Received By Job
	379308  -  Total Bytes Sent By Job
	3169051  -  Total Bytes Received By Job
	Partitionable Resources :    Usage  Request Allocated
	   Cpus                 :                 1         1
	   Disk (KB)            :  5910482     3250  27709936
	   Memory (MB)          :      159        1      3764
...
000 (6232.000.000) 11/22 19:17:11 Job submitted from host: <54.67.10.246:28831?addrs=54.67.10.246-28831>
    DAG Node: clean_up_local_level_5_0
    pool:local
...
001 (6232.000.000) 11/22 19:17:11 Job executing on host: <54.67.10.246:53198?addrs=54.67.10.246-53198>
...
005 (6232.000.000) 11/22 19:17:20 Job terminated.
	(1) Normal termination (return value 0)
		Usr 0 00:00:00, Sys 0 00:00:00  -  Run Remote Usage
		Usr 0 00:00:00, Sys 0 00:00:00  -  Run Local Usage
		Usr 0 00:00:00, Sys 0 00:00:00  -  Total Remote Usage
		Usr 0 00:00:00, Sys 0 00:00:00  -  Total Local Usage
	0  -  Run Bytes Sent By Job
	0  -  Run Bytes Received By Job
	0  -  Total Bytes Sent By Job
	0  -  Total Bytes Received By Job
...
006 (6231.000.000) 11/22 19:18:35 Image size of job updated: 806492
	162  -  MemoryUsage of job (MB)
	165260  -  ResidentSetSize of job (KB)
...
005 (6231.000.000) 11/22 19:20:28 Job terminated.
	(1) Normal termination (return value 0)
		Usr 0 01:57:44, Sys 0 00:01:19  -  Run Remote Usage
		Usr 0 00:00:00, Sys 0 00:00:00  -  Run Local Usage
		Usr 0 01:57:44, Sys 0 00:01:19  -  Total Remote Usage
		Usr 0 00:00:00, Sys 0 00:00:00  -  Total Local Usage
	381761  -  Run Bytes Sent By Job
	3169015  -  Run Bytes Received By Job
	381761  -  Total Bytes Sent By Job
	3169015  -  Total Bytes Received By Job
	Partitionable Resources :    Usage  Request Allocated
	   Cpus                 :                 1         1
	   Disk (KB)            :  5780490     3250  27707620
	   Memory (MB)          :      162        1      3764
...
000 (6233.000.000) 11/22 19:20:42 Job submitted from host: <54.67.10.246:28831?addrs=54.67.10.246-28831>
    DAG Node: taskevent_6_ID0000012
    pool:condorpool
...
000 (6234.000.000) 11/22 19:20:42 Job submitted from host: <54.67.10.246:28831?addrs=54.67.10.246-28831>
    DAG Node: taskevent_0_ID0000006
    pool:condorpool
...
000 (6235.000.000) 11/22 19:20:42 Job submitted from host: <54.67.10.246:28831?addrs=54.67.10.246-28831>
    DAG Node: taskevent_3_ID0000009
    pool:condorpool
...
000 (6236.000.000) 11/22 19:20:42 Job submitted from host: <54.67.10.246:28831?addrs=54.67.10.246-28831>
    DAG Node: taskevent_1_ID0000007
    pool:condorpool
...
000 (6237.000.000) 11/22 19:20:42 Job submitted from host: <54.67.10.246:28831?addrs=54.67.10.246-28831>
    DAG Node: taskevent_5_ID0000011
    pool:condorpool
...
001 (6233.000.000) 11/22 19:20:43 Job executing on host: <54.213.17.0:8127?addrs=54.213.17.0-8127&noUDP>
...
006 (6233.000.000) 11/22 19:20:45 Image size of job updated: 2
	0  -  MemoryUsage of job (MB)
	0  -  ResidentSetSize of job (KB)
...
005 (6233.000.000) 11/22 19:20:45 Job terminated.
	(1) Normal termination (return value 0)
		Usr 0 00:00:00, Sys 0 00:00:00  -  Run Remote Usage
		Usr 0 00:00:00, Sys 0 00:00:00  -  Run Local Usage
		Usr 0 00:00:00, Sys 0 00:00:00  -  Total Remote Usage
		Usr 0 00:00:00, Sys 0 00:00:00  -  Total Local Usage
	8700  -  Run Bytes Sent By Job
	3175789  -  Run Bytes Received By Job
	8700  -  Total Bytes Sent By Job
	3175789  -  Total Bytes Received By Job
	Partitionable Resources :    Usage  Request Allocated
	   Cpus                 :                 1         1
	   Disk (KB)            :     6119     3250  27704292
	   Memory (MB)          :        0        1      3764
...
001 (6234.000.000) 11/22 19:20:46 Job executing on host: <54.213.17.0:8127?addrs=54.213.17.0-8127&noUDP>
...
000 (6238.000.000) 11/22 19:20:47 Job submitted from host: <54.67.10.246:28831?addrs=54.67.10.246-28831>
    DAG Node: taskevent_4_ID0000010
    pool:condorpool
...
000 (6239.000.000) 11/22 19:20:48 Job submitted from host: <54.67.10.246:28831?addrs=54.67.10.246-28831>
    DAG Node: taskevent_2_ID0000008
    pool:condorpool
...
000 (6240.000.000) 11/22 19:20:48 Job submitted from host: <54.67.10.246:28831?addrs=54.67.10.246-28831>
    DAG Node: taskevent_8_ID0000014
    pool:condorpool
...
000 (6241.000.000) 11/22 19:20:48 Job submitted from host: <54.67.10.246:28831?addrs=54.67.10.246-28831>
    DAG Node: taskevent_7_ID0000013
    pool:condorpool
...
000 (6242.000.000) 11/22 19:20:48 Job submitted from host: <54.67.10.246:28831?addrs=54.67.10.246-28831>
    DAG Node: clean_up_local_level_5_1
    pool:local
...
001 (6242.000.000) 11/22 19:20:52 Job executing on host: <54.67.10.246:23842?addrs=54.67.10.246-23842>
...
006 (6234.000.000) 11/22 19:20:54 Image size of job updated: 2
	2  -  MemoryUsage of job (MB)
	1652  -  ResidentSetSize of job (KB)
...
005 (6242.000.000) 11/22 19:20:56 Job terminated.
	(1) Normal termination (return value 0)
		Usr 0 00:00:00, Sys 0 00:00:00  -  Run Remote Usage
		Usr 0 00:00:00, Sys 0 00:00:00  -  Run Local Usage
		Usr 0 00:00:00, Sys 0 00:00:00  -  Total Remote Usage
		Usr 0 00:00:00, Sys 0 00:00:00  -  Total Local Usage
	0  -  Run Bytes Sent By Job
	0  -  Run Bytes Received By Job
	0  -  Total Bytes Sent By Job
	0  -  Total Bytes Received By Job
...
001 (6241.000.000) 11/22 19:21:02 Job executing on host: <54.218.71.145:5408?addrs=54.218.71.145-5408&noUDP>
...
001 (6240.000.000) 11/22 19:21:02 Job executing on host: <54.187.184.72:41367?addrs=54.187.184.72-41367&noUDP>
...
001 (6238.000.000) 11/22 19:21:02 Job executing on host: <54.218.67.200:24516?addrs=54.218.67.200-24516&noUDP>
...
001 (6235.000.000) 11/22 19:21:02 Job executing on host: <54.200.31.33:26015?addrs=54.200.31.33-26015&noUDP>
...
001 (6239.000.000) 11/22 19:21:02 Job executing on host: <54.214.127.179:23217?addrs=54.214.127.179-23217&noUDP>
...
001 (6237.000.000) 11/22 19:21:03 Job executing on host: <54.218.67.255:43996?addrs=54.218.67.255-43996&noUDP>
...
001 (6236.000.000) 11/22 19:21:03 Job executing on host: <54.201.173.21:12532?addrs=54.201.173.21-12532&noUDP>
...
006 (6241.000.000) 11/22 19:21:05 Image size of job updated: 2
	0  -  MemoryUsage of job (MB)
	0  -  ResidentSetSize of job (KB)
...
005 (6241.000.000) 11/22 19:21:05 Job terminated.
	(1) Normal termination (return value 0)
		Usr 0 00:00:00, Sys 0 00:00:00  -  Run Remote Usage
		Usr 0 00:00:00, Sys 0 00:00:00  -  Run Local Usage
		Usr 0 00:00:00, Sys 0 00:00:00  -  Total Remote Usage
		Usr 0 00:00:00, Sys 0 00:00:00  -  Total Local Usage
	8699  -  Run Bytes Sent By Job
	3175789  -  Run Bytes Received By Job
	8699  -  Total Bytes Sent By Job
	3175789  -  Total Bytes Received By Job
	Partitionable Resources :    Usage  Request Allocated
	   Cpus                 :                 1         1
	   Disk (KB)            :     6119     3250  27708964
	   Memory (MB)          :        0        1      3764
...
006 (6238.000.000) 11/22 19:21:11 Image size of job updated: 2
	2  -  MemoryUsage of job (MB)
	1648  -  ResidentSetSize of job (KB)
...
006 (6235.000.000) 11/22 19:21:11 Image size of job updated: 675096
	16  -  MemoryUsage of job (MB)
	16244  -  ResidentSetSize of job (KB)
...
006 (6236.000.000) 11/22 19:21:11 Image size of job updated: 2
	2  -  MemoryUsage of job (MB)
	1652  -  ResidentSetSize of job (KB)
...
006 (6240.000.000) 11/22 19:21:11 Image size of job updated: 674840
	16  -  MemoryUsage of job (MB)
	15980  -  ResidentSetSize of job (KB)
...
006 (6239.000.000) 11/22 19:21:12 Image size of job updated: 2
	2  -  MemoryUsage of job (MB)
	1648  -  ResidentSetSize of job (KB)
...
006 (6237.000.000) 11/22 19:21:12 Image size of job updated: 2
	2  -  MemoryUsage of job (MB)
	1656  -  ResidentSetSize of job (KB)
...
006 (6234.000.000) 11/22 19:25:54 Image size of job updated: 797620
	106  -  MemoryUsage of job (MB)
	107904  -  ResidentSetSize of job (KB)
...
006 (6235.000.000) 11/22 19:26:11 Image size of job updated: 793344
	131  -  MemoryUsage of job (MB)
	133932  -  ResidentSetSize of job (KB)
...
006 (6238.000.000) 11/22 19:26:11 Image size of job updated: 796932
	120  -  MemoryUsage of job (MB)
	122432  -  ResidentSetSize of job (KB)
...
006 (6236.000.000) 11/22 19:26:11 Image size of job updated: 798572
	100  -  MemoryUsage of job (MB)
	101872  -  ResidentSetSize of job (KB)
...
006 (6239.000.000) 11/22 19:26:12 Image size of job updated: 793084
	126  -  MemoryUsage of job (MB)
	128828  -  ResidentSetSize of job (KB)
...
006 (6237.000.000) 11/22 19:26:12 Image size of job updated: 789252
	125  -  MemoryUsage of job (MB)
	127408  -  ResidentSetSize of job (KB)
...
006 (6240.000.000) 11/22 19:26:13 Image size of job updated: 785984
	125  -  MemoryUsage of job (MB)
	127404  -  ResidentSetSize of job (KB)
...
006 (6234.000.000) 11/22 19:30:55 Image size of job updated: 797832
	122  -  MemoryUsage of job (MB)
	124700  -  ResidentSetSize of job (KB)
...
006 (6236.000.000) 11/22 19:31:11 Image size of job updated: 799612
	137  -  MemoryUsage of job (MB)
	139324  -  ResidentSetSize of job (KB)
...
006 (6239.000.000) 11/22 19:31:12 Image size of job updated: 793460
	131  -  MemoryUsage of job (MB)
	133396  -  ResidentSetSize of job (KB)
...
006 (6235.000.000) 11/22 19:31:12 Image size of job updated: 797748
	131  -  MemoryUsage of job (MB)
	133932  -  ResidentSetSize of job (KB)
...
006 (6237.000.000) 11/22 19:31:12 Image size of job updated: 795548
	131  -  MemoryUsage of job (MB)
	133980  -  ResidentSetSize of job (KB)
...
006 (6240.000.000) 11/22 19:31:14 Image size of job updated: 786300
	126  -  MemoryUsage of job (MB)
	128152  -  ResidentSetSize of job (KB)
...
006 (6234.000.000) 11/22 19:35:56 Image size of job updated: 797832
	125  -  MemoryUsage of job (MB)
	127860  -  ResidentSetSize of job (KB)
...
006 (6239.000.000) 11/22 19:36:12 Image size of job updated: 812512
	131  -  MemoryUsage of job (MB)
	133396  -  ResidentSetSize of job (KB)
...
006 (6237.000.000) 11/22 19:36:12 Image size of job updated: 800744
	133  -  MemoryUsage of job (MB)
	135224  -  ResidentSetSize of job (KB)
...
006 (6238.000.000) 11/22 19:36:12 Image size of job updated: 796932
	123  -  MemoryUsage of job (MB)
	125708  -  ResidentSetSize of job (KB)
...
006 (6240.000.000) 11/22 19:36:14 Image size of job updated: 807120
	127  -  MemoryUsage of job (MB)
	129060  -  ResidentSetSize of job (KB)
...
005 (6240.000.000) 11/22 19:40:23 Job terminated.
	(1) Normal termination (return value 0)
		Usr 0 00:00:52, Sys 0 00:00:01  -  Run Remote Usage
		Usr 0 00:00:00, Sys 0 00:00:00  -  Run Local Usage
		Usr 0 00:00:52, Sys 0 00:00:01  -  Total Remote Usage
		Usr 0 00:00:00, Sys 0 00:00:00  -  Total Local Usage
	8712  -  Run Bytes Sent By Job
	3175789  -  Run Bytes Received By Job
	8712  -  Total Bytes Sent By Job
	3175789  -  Total Bytes Received By Job
	Partitionable Resources :    Usage  Request Allocated
	   Cpus                 :                 1         1
	   Disk (KB)            :     6119     3250  27709552
	   Memory (MB)          :      127        1      3764
...
006 (6234.000.000) 11/22 19:40:56 Image size of job updated: 800504
	125  -  MemoryUsage of job (MB)
	127860  -  ResidentSetSize of job (KB)
...
006 (6239.000.000) 11/22 19:41:12 Image size of job updated: 822176
	131  -  MemoryUsage of job (MB)
	133724  -  ResidentSetSize of job (KB)
...
006 (6238.000.000) 11/22 19:41:12 Image size of job updated: 797392
	123  -  MemoryUsage of job (MB)
	125708  -  ResidentSetSize of job (KB)
...
006 (6235.000.000) 11/22 19:41:13 Image size of job updated: 809656
	131  -  MemoryUsage of job (MB)
	133932  -  ResidentSetSize of job (KB)
...
006 (6237.000.000) 11/22 19:41:13 Image size of job updated: 816060
	133  -  MemoryUsage of job (MB)
	135224  -  ResidentSetSize of job (KB)
...
005 (6239.000.000) 11/22 19:45:46 Job terminated.
	(1) Normal termination (return value 0)
		Usr 0 00:04:02, Sys 0 00:00:04  -  Run Remote Usage
		Usr 0 00:00:00, Sys 0 00:00:00  -  Run Local Usage
		Usr 0 00:04:02, Sys 0 00:00:04  -  Total Remote Usage
		Usr 0 00:00:00, Sys 0 00:00:00  -  Total Local Usage
	8715  -  Run Bytes Sent By Job
	3175789  -  Run Bytes Received By Job
	8715  -  Total Bytes Sent By Job
	3175789  -  Total Bytes Received By Job
	Partitionable Resources :    Usage  Request Allocated
	   Cpus                 :                 1         1
	   Disk (KB)            :     6119     3250  27709580
	   Memory (MB)          :      131        1      3764
...
006 (6234.000.000) 11/22 19:45:57 Image size of job updated: 800504
	130  -  MemoryUsage of job (MB)
	132868  -  ResidentSetSize of job (KB)
...
006 (6238.000.000) 11/22 19:46:13 Image size of job updated: 814968
	131  -  MemoryUsage of job (MB)
	133428  -  ResidentSetSize of job (KB)
...
006 (6235.000.000) 11/22 19:46:14 Image size of job updated: 818500
	132  -  MemoryUsage of job (MB)
	134632  -  ResidentSetSize of job (KB)
...
006 (6237.000.000) 11/22 19:46:14 Image size of job updated: 817208
	133  -  MemoryUsage of job (MB)
	135224  -  ResidentSetSize of job (KB)
...
005 (6237.000.000) 11/22 19:50:12 Job terminated.
	(1) Normal termination (return value 0)
		Usr 0 00:08:00, Sys 0 00:00:06  -  Run Remote Usage
		Usr 0 00:00:00, Sys 0 00:00:00  -  Run Local Usage
		Usr 0 00:08:00, Sys 0 00:00:06  -  Total Remote Usage
		Usr 0 00:00:00, Sys 0 00:00:00  -  Total Local Usage
	8715  -  Run Bytes Sent By Job
	3175789  -  Run Bytes Received By Job
	8715  -  Total Bytes Sent By Job
	3175789  -  Total Bytes Received By Job
	Partitionable Resources :    Usage  Request Allocated
	   Cpus                 :                 1         1
	   Disk (KB)            :     6119     3250  27710340
	   Memory (MB)          :      133        1      3764
...
006 (6238.000.000) 11/22 19:51:13 Image size of job updated: 816592
	131  -  MemoryUsage of job (MB)
	133428  -  ResidentSetSize of job (KB)
...
006 (6235.000.000) 11/22 19:51:14 Image size of job updated: 819116
	132  -  MemoryUsage of job (MB)
	134632  -  ResidentSetSize of job (KB)
...
005 (6235.000.000) 11/22 19:54:12 Job terminated.
	(1) Normal termination (return value 0)
		Usr 0 00:12:13, Sys 0 00:00:11  -  Run Remote Usage
		Usr 0 00:00:00, Sys 0 00:00:00  -  Run Local Usage
		Usr 0 00:12:13, Sys 0 00:00:11  -  Total Remote Usage
		Usr 0 00:00:00, Sys 0 00:00:00  -  Total Local Usage
	8721  -  Run Bytes Sent By Job
	3175789  -  Run Bytes Received By Job
	8721  -  Total Bytes Sent By Job
	3175789  -  Total Bytes Received By Job
	Partitionable Resources :    Usage  Request Allocated
	   Cpus                 :                 1         1
	   Disk (KB)            :     6119     3250  27709296
	   Memory (MB)          :      132        1      3764
...
006 (6238.000.000) 11/22 19:56:14 Image size of job updated: 820360
	131  -  MemoryUsage of job (MB)
	133428  -  ResidentSetSize of job (KB)
...
005 (6238.000.000) 11/22 19:58:19 Job terminated.
	(1) Normal termination (return value 0)
		Usr 0 00:14:38, Sys 0 00:00:11  -  Run Remote Usage
		Usr 0 00:00:00, Sys 0 00:00:00  -  Run Local Usage
		Usr 0 00:14:38, Sys 0 00:00:11  -  Total Remote Usage
		Usr 0 00:00:00, Sys 0 00:00:00  -  Total Local Usage
	8716  -  Run Bytes Sent By Job
	3175789  -  Run Bytes Received By Job
	8716  -  Total Bytes Sent By Job
	3175789  -  Total Bytes Received By Job
	Partitionable Resources :    Usage  Request Allocated
	   Cpus                 :                 1         1
	   Disk (KB)            :     6119     3250  27735652
	   Memory (MB)          :      131        1      3764
...
000 (6243.000.000) 11/22 19:58:31 Job submitted from host: <54.67.10.246:28831?addrs=54.67.10.246-28831>
    DAG Node: clean_up_local_level_6_1
    pool:local
...
001 (6243.000.000) 11/22 19:58:31 Job executing on host: <54.67.10.246:5621?addrs=54.67.10.246-5621>
...
005 (6243.000.000) 11/22 19:58:47 Job terminated.
	(1) Normal termination (return value 0)
		Usr 0 00:00:00, Sys 0 00:00:00  -  Run Remote Usage
		Usr 0 00:00:00, Sys 0 00:00:00  -  Run Local Usage
		Usr 0 00:00:00, Sys 0 00:00:00  -  Total Remote Usage
		Usr 0 00:00:00, Sys 0 00:00:00  -  Total Local Usage
	0  -  Run Bytes Sent By Job
	0  -  Run Bytes Received By Job
	0  -  Total Bytes Sent By Job
	0  -  Total Bytes Received By Job
...
006 (6234.000.000) 11/22 20:00:59 Image size of job updated: 814780
	130  -  MemoryUsage of job (MB)
	132868  -  ResidentSetSize of job (KB)
...
006 (6236.000.000) 11/22 20:01:15 Image size of job updated: 818964
	137  -  MemoryUsage of job (MB)
	139324  -  ResidentSetSize of job (KB)
...
006 (6234.000.000) 11/22 20:06:00 Image size of job updated: 818164
	132  -  MemoryUsage of job (MB)
	134916  -  ResidentSetSize of job (KB)
...
006 (6236.000.000) 11/22 20:11:16 Image size of job updated: 819900
	137  -  MemoryUsage of job (MB)
	139324  -  ResidentSetSize of job (KB)
...
006 (6234.000.000) 11/22 20:16:01 Image size of job updated: 819000
	133  -  MemoryUsage of job (MB)
	135868  -  ResidentSetSize of job (KB)
...
005 (6234.000.000) 11/22 20:29:16 Job terminated.
	(1) Normal termination (return value 0)
		Usr 0 00:38:11, Sys 0 00:00:28  -  Run Remote Usage
		Usr 0 00:00:00, Sys 0 00:00:00  -  Run Local Usage
		Usr 0 00:38:11, Sys 0 00:00:28  -  Total Remote Usage
		Usr 0 00:00:00, Sys 0 00:00:00  -  Total Local Usage
	8719  -  Run Bytes Sent By Job
	3175789  -  Run Bytes Received By Job
	8719  -  Total Bytes Sent By Job
	3175789  -  Total Bytes Received By Job
	Partitionable Resources :    Usage  Request Allocated
	   Cpus                 :                 1         1
	   Disk (KB)            :     6119     3250  27704292
	   Memory (MB)          :      133        1      3764
...
005 (6236.000.000) 11/22 20:29:19 Job terminated.
	(1) Normal termination (return value 0)
		Usr 0 00:38:56, Sys 0 00:00:32  -  Run Remote Usage
		Usr 0 00:00:00, Sys 0 00:00:00  -  Run Local Usage
		Usr 0 00:38:56, Sys 0 00:00:32  -  Total Remote Usage
		Usr 0 00:00:00, Sys 0 00:00:00  -  Total Local Usage
	8723  -  Run Bytes Sent By Job
	3175789  -  Run Bytes Received By Job
	8723  -  Total Bytes Sent By Job
	3175789  -  Total Bytes Received By Job
	Partitionable Resources :    Usage  Request Allocated
	   Cpus                 :                 1         1
	   Disk (KB)            :     6119     3250  27706948
	   Memory (MB)          :      137        1      3764
...
000 (6244.000.000) 11/22 20:29:33 Job submitted from host: <54.67.10.246:28831?addrs=54.67.10.246-28831>
    DAG Node: clean_up_local_level_6_0
    pool:local
...
001 (6244.000.000) 11/22 20:29:33 Job executing on host: <54.67.10.246:50070?addrs=54.67.10.246-50070>
...
000 (6245.000.000) 11/22 20:29:33 Job submitted from host: <54.67.10.246:28831?addrs=54.67.10.246-28831>
    DAG Node: calculateratio_8_ID0000023
    pool:condorpool
...
000 (6246.000.000) 11/22 20:29:33 Job submitted from host: <54.67.10.246:28831?addrs=54.67.10.246-28831>
    DAG Node: calculateratio_6_ID0000021
    pool:condorpool
...
000 (6247.000.000) 11/22 20:29:33 Job submitted from host: <54.67.10.246:28831?addrs=54.67.10.246-28831>
    DAG Node: calculateratio_7_ID0000022
    pool:condorpool
...
000 (6248.000.000) 11/22 20:29:33 Job submitted from host: <54.67.10.246:28831?addrs=54.67.10.246-28831>
    DAG Node: calculateratio_5_ID0000020
    pool:condorpool
...
000 (6249.000.000) 11/22 20:29:38 Job submitted from host: <54.67.10.246:28831?addrs=54.67.10.246-28831>
    DAG Node: calculateratio_1_ID0000016
    pool:condorpool
...
000 (6250.000.000) 11/22 20:29:38 Job submitted from host: <54.67.10.246:28831?addrs=54.67.10.246-28831>
    DAG Node: calculateratio_4_ID0000019
    pool:condorpool
...
000 (6251.000.000) 11/22 20:29:38 Job submitted from host: <54.67.10.246:28831?addrs=54.67.10.246-28831>
    DAG Node: calculateratio_3_ID0000018
    pool:condorpool
...
000 (6252.000.000) 11/22 20:29:38 Job submitted from host: <54.67.10.246:28831?addrs=54.67.10.246-28831>
    DAG Node: calculateratio_2_ID0000017
    pool:condorpool
...
000 (6253.000.000) 11/22 20:29:38 Job submitted from host: <54.67.10.246:28831?addrs=54.67.10.246-28831>
    DAG Node: calculateratio_0_ID0000015
    pool:condorpool
...
005 (6244.000.000) 11/22 20:29:47 Job terminated.
	(1) Normal termination (return value 0)
		Usr 0 00:00:00, Sys 0 00:00:00  -  Run Remote Usage
		Usr 0 00:00:00, Sys 0 00:00:00  -  Run Local Usage
		Usr 0 00:00:00, Sys 0 00:00:00  -  Total Remote Usage
		Usr 0 00:00:00, Sys 0 00:00:00  -  Total Local Usage
	0  -  Run Bytes Sent By Job
	0  -  Run Bytes Received By Job
	0  -  Total Bytes Sent By Job
	0  -  Total Bytes Received By Job
...
001 (6245.000.000) 11/22 20:29:54 Job executing on host: <54.213.17.0:8127?addrs=54.213.17.0-8127&noUDP>
...
001 (6248.000.000) 11/22 20:29:54 Job executing on host: <54.218.67.255:43996?addrs=54.218.67.255-43996&noUDP>
...
001 (6246.000.000) 11/22 20:29:54 Job executing on host: <54.200.31.33:26015?addrs=54.200.31.33-26015&noUDP>
...
001 (6253.000.000) 11/22 20:29:54 Job executing on host: <54.218.1.79:17193?addrs=54.218.1.79-17193&noUDP>
...
001 (6252.000.000) 11/22 20:29:54 Job executing on host: <54.218.71.145:5408?addrs=54.218.71.145-5408&noUDP>
...
001 (6247.000.000) 11/22 20:29:54 Job executing on host: <54.201.173.21:12532?addrs=54.201.173.21-12532&noUDP>
...
001 (6249.000.000) 11/22 20:29:54 Job executing on host: <54.218.67.200:24516?addrs=54.218.67.200-24516&noUDP>
...
001 (6251.000.000) 11/22 20:29:54 Job executing on host: <54.187.184.72:41367?addrs=54.187.184.72-41367&noUDP>
...
001 (6250.000.000) 11/22 20:29:54 Job executing on host: <54.214.127.179:23217?addrs=54.214.127.179-23217&noUDP>
...
006 (6245.000.000) 11/22 20:29:55 Image size of job updated: 2
	0  -  MemoryUsage of job (MB)
	0  -  ResidentSetSize of job (KB)
...
006 (6248.000.000) 11/22 20:29:55 Image size of job updated: 2
	0  -  MemoryUsage of job (MB)
	0  -  ResidentSetSize of job (KB)
...
006 (6246.000.000) 11/22 20:29:55 Image size of job updated: 2
	0  -  MemoryUsage of job (MB)
	0  -  ResidentSetSize of job (KB)
...
005 (6245.000.000) 11/22 20:29:55 Job terminated.
	(1) Normal termination (return value 0)
		Usr 0 00:00:00, Sys 0 00:00:00  -  Run Remote Usage
		Usr 0 00:00:00, Sys 0 00:00:00  -  Run Local Usage
		Usr 0 00:00:00, Sys 0 00:00:00  -  Total Remote Usage
		Usr 0 00:00:00, Sys 0 00:00:00  -  Total Local Usage
	13072  -  Run Bytes Sent By Job
	3174672  -  Run Bytes Received By Job
	13072  -  Total Bytes Sent By Job
	3174672  -  Total Bytes Received By Job
	Partitionable Resources :    Usage  Request Allocated
	   Cpus                 :                 1         1
	   Disk (KB)            :     6122     3250  27703932
	   Memory (MB)          :        0        1      3764
...
006 (6253.000.000) 11/22 20:29:55 Image size of job updated: 2
	0  -  MemoryUsage of job (MB)
	0  -  ResidentSetSize of job (KB)
...
005 (6248.000.000) 11/22 20:29:55 Job terminated.
	(1) Normal termination (return value 0)
		Usr 0 00:00:00, Sys 0 00:00:00  -  Run Remote Usage
		Usr 0 00:00:00, Sys 0 00:00:00  -  Run Local Usage
		Usr 0 00:00:00, Sys 0 00:00:00  -  Total Remote Usage
		Usr 0 00:00:00, Sys 0 00:00:00  -  Total Local Usage
	13071  -  Run Bytes Sent By Job
	3174672  -  Run Bytes Received By Job
	13071  -  Total Bytes Sent By Job
	3174672  -  Total Bytes Received By Job
	Partitionable Resources :    Usage  Request Allocated
	   Cpus                 :                 1         1
	   Disk (KB)            :     6122     3250  27710072
	   Memory (MB)          :        0        1      3764
...
005 (6246.000.000) 11/22 20:29:55 Job terminated.
	(1) Normal termination (return value 0)
		Usr 0 00:00:00, Sys 0 00:00:00  -  Run Remote Usage
		Usr 0 00:00:00, Sys 0 00:00:00  -  Run Local Usage
		Usr 0 00:00:00, Sys 0 00:00:00  -  Total Remote Usage
		Usr 0 00:00:00, Sys 0 00:00:00  -  Total Local Usage
	13060  -  Run Bytes Sent By Job
	3174668  -  Run Bytes Received By Job
	13060  -  Total Bytes Sent By Job
	3174668  -  Total Bytes Received By Job
	Partitionable Resources :    Usage  Request Allocated
	   Cpus                 :                 1         1
	   Disk (KB)            :     6122     3250  27710012
	   Memory (MB)          :        0        1      3764
...
006 (6252.000.000) 11/22 20:29:55 Image size of job updated: 2
	0  -  MemoryUsage of job (MB)
	0  -  ResidentSetSize of job (KB)
...
006 (6247.000.000) 11/22 20:29:55 Image size of job updated: 2
	0  -  MemoryUsage of job (MB)
	0  -  ResidentSetSize of job (KB)
...
006 (6249.000.000) 11/22 20:29:55 Image size of job updated: 2
	0  -  MemoryUsage of job (MB)
	0  -  ResidentSetSize of job (KB)
...
005 (6253.000.000) 11/22 20:29:55 Job terminated.
	(1) Normal termination (return value 0)
		Usr 0 00:00:00, Sys 0 00:00:00  -  Run Remote Usage
		Usr 0 00:00:00, Sys 0 00:00:00  -  Run Local Usage
		Usr 0 00:00:00, Sys 0 00:00:00  -  Total Remote Usage
		Usr 0 00:00:00, Sys 0 00:00:00  -  Total Local Usage
	13059  -  Run Bytes Sent By Job
	3174668  -  Run Bytes Received By Job
	13059  -  Total Bytes Sent By Job
	3174668  -  Total Bytes Received By Job
	Partitionable Resources :    Usage  Request Allocated
	   Cpus                 :                 1         1
	   Disk (KB)            :     6122     3250  27710356
	   Memory (MB)          :        0        1      3764
...
006 (6250.000.000) 11/22 20:29:55 Image size of job updated: 2
	0  -  MemoryUsage of job (MB)
	0  -  ResidentSetSize of job (KB)
...
006 (6251.000.000) 11/22 20:29:55 Image size of job updated: 2
	0  -  MemoryUsage of job (MB)
	0  -  ResidentSetSize of job (KB)
...
005 (6252.000.000) 11/22 20:29:55 Job terminated.
	(1) Normal termination (return value 0)
		Usr 0 00:00:00, Sys 0 00:00:00  -  Run Remote Usage
		Usr 0 00:00:00, Sys 0 00:00:00  -  Run Local Usage
		Usr 0 00:00:00, Sys 0 00:00:00  -  Total Remote Usage
		Usr 0 00:00:00, Sys 0 00:00:00  -  Total Local Usage
	13072  -  Run Bytes Sent By Job
	3174672  -  Run Bytes Received By Job
	13072  -  Total Bytes Sent By Job
	3174672  -  Total Bytes Received By Job
	Partitionable Resources :    Usage  Request Allocated
	   Cpus                 :                 1         1
	   Disk (KB)            :     6122     3250  27708760
	   Memory (MB)          :        0        1      3764
...
005 (6247.000.000) 11/22 20:29:55 Job terminated.
	(1) Normal termination (return value 0)
		Usr 0 00:00:00, Sys 0 00:00:00  -  Run Remote Usage
		Usr 0 00:00:00, Sys 0 00:00:00  -  Run Local Usage
		Usr 0 00:00:00, Sys 0 00:00:00  -  Total Remote Usage
		Usr 0 00:00:00, Sys 0 00:00:00  -  Total Local Usage
	13072  -  Run Bytes Sent By Job
	3174672  -  Run Bytes Received By Job
	13072  -  Total Bytes Sent By Job
	3174672  -  Total Bytes Received By Job
	Partitionable Resources :    Usage  Request Allocated
	   Cpus                 :                 1         1
	   Disk (KB)            :     6122     3250  27706604
	   Memory (MB)          :        0        1      3764
...
005 (6249.000.000) 11/22 20:29:55 Job terminated.
	(1) Normal termination (return value 0)
		Usr 0 00:00:00, Sys 0 00:00:00  -  Run Remote Usage
		Usr 0 00:00:00, Sys 0 00:00:00  -  Run Local Usage
		Usr 0 00:00:00, Sys 0 00:00:00  -  Total Remote Usage
		Usr 0 00:00:00, Sys 0 00:00:00  -  Total Local Usage
	13072  -  Run Bytes Sent By Job
	3174672  -  Run Bytes Received By Job
	13072  -  Total Bytes Sent By Job
	3174672  -  Total Bytes Received By Job
	Partitionable Resources :    Usage  Request Allocated
	   Cpus                 :                 1         1
	   Disk (KB)            :     6122     3250  27735372
	   Memory (MB)          :        0        1      3764
...
005 (6250.000.000) 11/22 20:29:56 Job terminated.
	(1) Normal termination (return value 0)
		Usr 0 00:00:00, Sys 0 00:00:00  -  Run Remote Usage
		Usr 0 00:00:00, Sys 0 00:00:00  -  Run Local Usage
		Usr 0 00:00:00, Sys 0 00:00:00  -  Total Remote Usage
		Usr 0 00:00:00, Sys 0 00:00:00  -  Total Local Usage
	13072  -  Run Bytes Sent By Job
	3174672  -  Run Bytes Received By Job
	13072  -  Total Bytes Sent By Job
	3174672  -  Total Bytes Received By Job
	Partitionable Resources :    Usage  Request Allocated
	   Cpus                 :                 1         1
	   Disk (KB)            :     6122     3250  27709324
	   Memory (MB)          :        0        1      3764
...
005 (6251.000.000) 11/22 20:29:56 Job terminated.
	(1) Normal termination (return value 0)
		Usr 0 00:00:00, Sys 0 00:00:00  -  Run Remote Usage
		Usr 0 00:00:00, Sys 0 00:00:00  -  Run Local Usage
		Usr 0 00:00:00, Sys 0 00:00:00  -  Total Remote Usage
		Usr 0 00:00:00, Sys 0 00:00:00  -  Total Local Usage
	13059  -  Run Bytes Sent By Job
	3174668  -  Run Bytes Received By Job
	13059  -  Total Bytes Sent By Job
	3174668  -  Total Bytes Received By Job
	Partitionable Resources :    Usage  Request Allocated
	   Cpus                 :                 1         1
	   Disk (KB)            :     6122     3250  27709324
	   Memory (MB)          :        0        1      3764
...
000 (6254.000.000) 11/22 20:30:09 Job submitted from host: <54.67.10.246:28831?addrs=54.67.10.246-28831>
    DAG Node: clean_up_local_level_7_0
    pool:local
...
001 (6254.000.000) 11/22 20:30:09 Job executing on host: <54.67.10.246:61124?addrs=54.67.10.246-61124>
...
000 (6255.000.000) 11/22 20:30:09 Job submitted from host: <54.67.10.246:28831?addrs=54.67.10.246-28831>
    DAG Node: clean_up_local_level_7_1
    pool:local
...
000 (6256.000.000) 11/22 20:30:09 Job submitted from host: <54.67.10.246:28831?addrs=54.67.10.246-28831>
    DAG Node: averageratioevent_1_ID0000025
    pool:condorpool
...
000 (6257.000.000) 11/22 20:30:09 Job submitted from host: <54.67.10.246:28831?addrs=54.67.10.246-28831>
    DAG Node: averageratioevent_3_ID0000027
    pool:condorpool
...
000 (6258.000.000) 11/22 20:30:09 Job submitted from host: <54.67.10.246:28831?addrs=54.67.10.246-28831>
    DAG Node: averageratioevent_0_ID0000024
    pool:condorpool
...
001 (6256.000.000) 11/22 20:30:10 Job executing on host: <54.218.67.200:24516?addrs=54.218.67.200-24516&noUDP>
...
001 (6258.000.000) 11/22 20:30:10 Job executing on host: <54.218.1.79:17193?addrs=54.218.1.79-17193&noUDP>
...
001 (6257.000.000) 11/22 20:30:10 Job executing on host: <54.201.173.21:12532?addrs=54.201.173.21-12532&noUDP>
...
006 (6256.000.000) 11/22 20:30:11 Image size of job updated: 2
	0  -  MemoryUsage of job (MB)
	0  -  ResidentSetSize of job (KB)
...
006 (6258.000.000) 11/22 20:30:11 Image size of job updated: 2
	0  -  MemoryUsage of job (MB)
	0  -  ResidentSetSize of job (KB)
...
005 (6256.000.000) 11/22 20:30:11 Job terminated.
	(1) Normal termination (return value 0)
		Usr 0 00:00:00, Sys 0 00:00:00  -  Run Remote Usage
		Usr 0 00:00:00, Sys 0 00:00:00  -  Run Local Usage
		Usr 0 00:00:00, Sys 0 00:00:00  -  Total Remote Usage
		Usr 0 00:00:00, Sys 0 00:00:00  -  Total Local Usage
	5980  -  Run Bytes Sent By Job
	3169626  -  Run Bytes Received By Job
	5980  -  Total Bytes Sent By Job
	3169626  -  Total Bytes Received By Job
	Partitionable Resources :    Usage  Request Allocated
	   Cpus                 :                 1         1
	   Disk (KB)            :     6108     3250  27735372
	   Memory (MB)          :        0        1      3764
...
005 (6258.000.000) 11/22 20:30:11 Job terminated.
	(1) Normal termination (return value 0)
		Usr 0 00:00:00, Sys 0 00:00:00  -  Run Remote Usage
		Usr 0 00:00:00, Sys 0 00:00:00  -  Run Local Usage
		Usr 0 00:00:00, Sys 0 00:00:00  -  Total Remote Usage
		Usr 0 00:00:00, Sys 0 00:00:00  -  Total Local Usage
	5979  -  Run Bytes Sent By Job
	3169626  -  Run Bytes Received By Job
	5979  -  Total Bytes Sent By Job
	3169626  -  Total Bytes Received By Job
	Partitionable Resources :    Usage  Request Allocated
	   Cpus                 :                 1         1
	   Disk (KB)            :     6108     3250  27710356
	   Memory (MB)          :        0        1      3764
...
006 (6257.000.000) 11/22 20:30:11 Image size of job updated: 2
	0  -  MemoryUsage of job (MB)
	0  -  ResidentSetSize of job (KB)
...
005 (6257.000.000) 11/22 20:30:11 Job terminated.
	(1) Normal termination (return value 0)
		Usr 0 00:00:00, Sys 0 00:00:00  -  Run Remote Usage
		Usr 0 00:00:00, Sys 0 00:00:00  -  Run Local Usage
		Usr 0 00:00:00, Sys 0 00:00:00  -  Total Remote Usage
		Usr 0 00:00:00, Sys 0 00:00:00  -  Total Local Usage
	5980  -  Run Bytes Sent By Job
	3169626  -  Run Bytes Received By Job
	5980  -  Total Bytes Sent By Job
	3169626  -  Total Bytes Received By Job
	Partitionable Resources :    Usage  Request Allocated
	   Cpus                 :                 1         1
	   Disk (KB)            :     6108     3250  27706604
	   Memory (MB)          :        0        1      3764
...
001 (6255.000.000) 11/22 20:30:14 Job executing on host: <54.67.10.246:57500?addrs=54.67.10.246-57500>
...
000 (6259.000.000) 11/22 20:30:14 Job submitted from host: <54.67.10.246:28831?addrs=54.67.10.246-28831>
    DAG Node: averageratioevent_2_ID0000026
    pool:condorpool
...
001 (6259.000.000) 11/22 20:30:15 Job executing on host: <54.218.67.200:24516?addrs=54.218.67.200-24516&noUDP>
...
006 (6259.000.000) 11/22 20:30:16 Image size of job updated: 2
	0  -  MemoryUsage of job (MB)
	0  -  ResidentSetSize of job (KB)
...
005 (6259.000.000) 11/22 20:30:16 Job terminated.
	(1) Normal termination (return value 0)
		Usr 0 00:00:00, Sys 0 00:00:00  -  Run Remote Usage
		Usr 0 00:00:00, Sys 0 00:00:00  -  Run Local Usage
		Usr 0 00:00:00, Sys 0 00:00:00  -  Total Remote Usage
		Usr 0 00:00:00, Sys 0 00:00:00  -  Total Local Usage
	5980  -  Run Bytes Sent By Job
	3169626  -  Run Bytes Received By Job
	5980  -  Total Bytes Sent By Job
	3169626  -  Total Bytes Received By Job
	Partitionable Resources :    Usage  Request Allocated
	   Cpus                 :                 1         1
	   Disk (KB)            :     6108     3250  27735372
	   Memory (MB)          :        0        1      3764
...
005 (6254.000.000) 11/22 20:30:23 Job terminated.
	(1) Normal termination (return value 0)
		Usr 0 00:00:00, Sys 0 00:00:00  -  Run Remote Usage
		Usr 0 00:00:00, Sys 0 00:00:00  -  Run Local Usage
		Usr 0 00:00:00, Sys 0 00:00:00  -  Total Remote Usage
		Usr 0 00:00:00, Sys 0 00:00:00  -  Total Local Usage
	0  -  Run Bytes Sent By Job
	0  -  Run Bytes Received By Job
	0  -  Total Bytes Sent By Job
	0  -  Total Bytes Received By Job
...
000 (6260.000.000) 11/22 20:30:24 Job submitted from host: <54.67.10.246:28831?addrs=54.67.10.246-28831>
    DAG Node: clean_up_local_level_8_0
    pool:local
...
001 (6260.000.000) 11/22 20:30:24 Job executing on host: <54.67.10.246:42555?addrs=54.67.10.246-42555>
...
000 (6261.000.000) 11/22 20:30:29 Job submitted from host: <54.67.10.246:28831?addrs=54.67.10.246-28831>
    DAG Node: analysisevent_0_ID0000028
    pool:condorpool
...
000 (6262.000.000) 11/22 20:30:29 Job submitted from host: <54.67.10.246:28831?addrs=54.67.10.246-28831>
    DAG Node: clean_up_local_level_8_1
    pool:local
...
001 (6261.000.000) 11/22 20:30:30 Job executing on host: <54.218.67.200:24516?addrs=54.218.67.200-24516&noUDP>
...
005 (6255.000.000) 11/22 20:30:30 Job terminated.
	(1) Normal termination (return value 0)
		Usr 0 00:00:00, Sys 0 00:00:00  -  Run Remote Usage
		Usr 0 00:00:00, Sys 0 00:00:00  -  Run Local Usage
		Usr 0 00:00:00, Sys 0 00:00:00  -  Total Remote Usage
		Usr 0 00:00:00, Sys 0 00:00:00  -  Total Local Usage
	0  -  Run Bytes Sent By Job
	0  -  Run Bytes Received By Job
	0  -  Total Bytes Sent By Job
	0  -  Total Bytes Received By Job
...
001 (6262.000.000) 11/22 20:30:30 Job executing on host: <54.67.10.246:48916?addrs=54.67.10.246-48916>
...
006 (6261.000.000) 11/22 20:30:31 Image size of job updated: 2
	0  -  MemoryUsage of job (MB)
	0  -  ResidentSetSize of job (KB)
...
005 (6261.000.000) 11/22 20:30:31 Job terminated.
	(1) Normal termination (return value 0)
		Usr 0 00:00:00, Sys 0 00:00:00  -  Run Remote Usage
		Usr 0 00:00:00, Sys 0 00:00:00  -  Run Local Usage
		Usr 0 00:00:00, Sys 0 00:00:00  -  Total Remote Usage
		Usr 0 00:00:00, Sys 0 00:00:00  -  Total Local Usage
	5938  -  Run Bytes Sent By Job
	3169438  -  Run Bytes Received By Job
	5938  -  Total Bytes Sent By Job
	3169438  -  Total Bytes Received By Job
	Partitionable Resources :    Usage  Request Allocated
	   Cpus                 :                 1         1
	   Disk (KB)            :     6108     3250  27735372
	   Memory (MB)          :        0        1      3764
...
005 (6260.000.000) 11/22 20:30:32 Job terminated.
	(1) Normal termination (return value 0)
		Usr 0 00:00:00, Sys 0 00:00:00  -  Run Remote Usage
		Usr 0 00:00:00, Sys 0 00:00:00  -  Run Local Usage
		Usr 0 00:00:00, Sys 0 00:00:00  -  Total Remote Usage
		Usr 0 00:00:00, Sys 0 00:00:00  -  Total Local Usage
	0  -  Run Bytes Sent By Job
	0  -  Run Bytes Received By Job
	0  -  Total Bytes Sent By Job
	0  -  Total Bytes Received By Job
...
005 (6262.000.000) 11/22 20:30:38 Job terminated.
	(1) Normal termination (return value 0)
		Usr 0 00:00:00, Sys 0 00:00:00  -  Run Remote Usage
		Usr 0 00:00:00, Sys 0 00:00:00  -  Run Local Usage
		Usr 0 00:00:00, Sys 0 00:00:00  -  Total Remote Usage
		Usr 0 00:00:00, Sys 0 00:00:00  -  Total Local Usage
	0  -  Run Bytes Sent By Job
	0  -  Run Bytes Received By Job
	0  -  Total Bytes Sent By Job
	0  -  Total Bytes Received By Job
...
000 (6263.000.000) 11/22 20:30:44 Job submitted from host: <54.67.10.246:28831?addrs=54.67.10.246-28831>
    DAG Node: terminate_0_ID0000029
    pool:condorpool
...
000 (6264.000.000) 11/22 20:30:44 Job submitted from host: <54.67.10.246:28831?addrs=54.67.10.246-28831>
    DAG Node: clean_up_local_level_9_0
    pool:local
...
001 (6263.000.000) 11/22 20:30:44 Job executing on host: <54.218.67.200:24516?addrs=54.218.67.200-24516&noUDP>
...
006 (6263.000.000) 11/22 20:30:45 Image size of job updated: 47984
	0  -  MemoryUsage of job (MB)
	0  -  ResidentSetSize of job (KB)
...
005 (6263.000.000) 11/22 20:30:46 Job terminated.
	(1) Normal termination (return value 0)
		Usr 0 00:00:00, Sys 0 00:00:00  -  Run Remote Usage
		Usr 0 00:00:00, Sys 0 00:00:00  -  Run Local Usage
		Usr 0 00:00:00, Sys 0 00:00:00  -  Total Remote Usage
		Usr 0 00:00:00, Sys 0 00:00:00  -  Total Local Usage
	4464  -  Run Bytes Sent By Job
	3168050  -  Run Bytes Received By Job
	4464  -  Total Bytes Sent By Job
	3168050  -  Total Bytes Received By Job
	Partitionable Resources :    Usage  Request Allocated
	   Cpus                 :                 1         1
	   Disk (KB)            :     6104     3250  27735372
	   Memory (MB)          :        0        1      3764
...
001 (6264.000.000) 11/22 20:30:50 Job executing on host: <54.67.10.246:40127?addrs=54.67.10.246-40127>
...
005 (6264.000.000) 11/22 20:30:54 Job terminated.
	(1) Normal termination (return value 0)
		Usr 0 00:00:00, Sys 0 00:00:00  -  Run Remote Usage
		Usr 0 00:00:00, Sys 0 00:00:00  -  Run Local Usage
		Usr 0 00:00:00, Sys 0 00:00:00  -  Total Remote Usage
		Usr 0 00:00:00, Sys 0 00:00:00  -  Total Local Usage
	0  -  Run Bytes Sent By Job
	0  -  Run Bytes Received By Job
	0  -  Total Bytes Sent By Job
	0  -  Total Bytes Received By Job
...
000 (6265.000.000) 11/22 20:30:59 Job submitted from host: <54.67.10.246:28831?addrs=54.67.10.246-28831>
    DAG Node: clean_up_local_level_10_0
    pool:local
...
001 (6265.000.000) 11/22 20:30:59 Job executing on host: <54.67.10.246:20535?addrs=54.67.10.246-20535>
...
005 (6265.000.000) 11/22 20:31:02 Job terminated.
	(1) Normal termination (return value 0)
		Usr 0 00:00:00, Sys 0 00:00:00  -  Run Remote Usage
		Usr 0 00:00:00, Sys 0 00:00:00  -  Run Local Usage
		Usr 0 00:00:00, Sys 0 00:00:00  -  Total Remote Usage
		Usr 0 00:00:00, Sys 0 00:00:00  -  Total Local Usage
	0  -  Run Bytes Sent By Job
	0  -  Run Bytes Received By Job
	0  -  Total Bytes Sent By Job
	0  -  Total Bytes Received By Job
...
000 (6266.000.000) 11/22 20:31:14 Job submitted from host: <54.67.10.246:28831?addrs=54.67.10.246-28831>
    DAG Node: cleanup_example_workflow_0_local
    pool:local
...
001 (6266.000.000) 11/22 20:31:14 Job executing on host: <54.67.10.246:23543?addrs=54.67.10.246-23543>
...
005 (6266.000.000) 11/22 20:31:16 Job terminated.
	(1) Normal termination (return value 0)
		Usr 0 00:00:00, Sys 0 00:00:00  -  Run Remote Usage
		Usr 0 00:00:00, Sys 0 00:00:00  -  Run Local Usage
		Usr 0 00:00:00, Sys 0 00:00:00  -  Total Remote Usage
		Usr 0 00:00:00, Sys 0 00:00:00  -  Total Local Usage
	0  -  Run Bytes Sent By Job
	0  -  Run Bytes Received By Job
	0  -  Total Bytes Sent By Job
	0  -  Total Bytes Received By Job
...
