000 (3699.000.000) 11/08 22:47:05 Job submitted from host: <54.193.36.194:26489?addrs=54.193.36.194-26489>
    DAG Node: create_dir_example_workflow_0_local
    pool:local
...
001 (3699.000.000) 11/08 22:47:06 Job executing on host: <54.193.36.194:1873?addrs=54.193.36.194-1873>
...
005 (3699.000.000) 11/08 22:47:09 Job terminated.
	(1) Normal termination (return value 0)
		Usr 0 00:00:00, Sys 0 00:00:00  -  Run Remote Usage
		Usr 0 00:00:00, Sys 0 00:00:00  -  Run Local Usage
		Usr 0 00:00:00, Sys 0 00:00:00  -  Total Remote Usage
		Usr 0 00:00:00, Sys 0 00:00:00  -  Total Local Usage
	0  -  Run Bytes Sent By Job
	0  -  Run Bytes Received By Job
	0  -  Total Bytes Sent By Job
	0  -  Total Bytes Received By Job
...
016 (3699.000.000) 11/08 22:47:11 POST Script terminated.
	(1) Normal termination (return value 0)
    DAG Node: create_dir_example_workflow_0_local
...
000 (3700.000.000) 11/08 22:47:20 Job submitted from host: <54.193.36.194:26489?addrs=54.193.36.194-26489>
    DAG Node: stage_in_local_local_0_0
    pool:local
...
000 (3701.000.000) 11/08 22:47:20 Job submitted from host: <54.193.36.194:26489?addrs=54.193.36.194-26489>
    DAG Node: stage_in_remote_local_2_1
    pool:local
...
001 (3700.000.000) 11/08 22:47:20 Job executing on host: <54.193.36.194:19387?addrs=54.193.36.194-19387>
...
000 (3702.000.000) 11/08 22:47:20 Job submitted from host: <54.193.36.194:26489?addrs=54.193.36.194-26489>
    DAG Node: stage_in_local_local_6_0
    pool:local
...
000 (3703.000.000) 11/08 22:47:20 Job submitted from host: <54.193.36.194:26489?addrs=54.193.36.194-26489>
    DAG Node: stage_in_remote_local_5_1
    pool:local
...
000 (3704.000.000) 11/08 22:47:20 Job submitted from host: <54.193.36.194:26489?addrs=54.193.36.194-26489>
    DAG Node: stage_in_remote_local_5_0
    pool:local
...
005 (3700.000.000) 11/08 22:47:22 Job terminated.
	(1) Normal termination (return value 0)
		Usr 0 00:00:00, Sys 0 00:00:00  -  Run Remote Usage
		Usr 0 00:00:00, Sys 0 00:00:00  -  Run Local Usage
		Usr 0 00:00:00, Sys 0 00:00:00  -  Total Remote Usage
		Usr 0 00:00:00, Sys 0 00:00:00  -  Total Local Usage
	0  -  Run Bytes Sent By Job
	0  -  Run Bytes Received By Job
	0  -  Total Bytes Sent By Job
	0  -  Total Bytes Received By Job
...
001 (3701.000.000) 11/08 22:47:22 Job executing on host: <54.193.36.194:37224?addrs=54.193.36.194-37224>
...
001 (3703.000.000) 11/08 22:47:22 Job executing on host: <54.193.36.194:38759?addrs=54.193.36.194-38759>
...
001 (3702.000.000) 11/08 22:47:22 Job executing on host: <54.193.36.194:5744?addrs=54.193.36.194-5744>
...
001 (3704.000.000) 11/08 22:47:22 Job executing on host: <54.193.36.194:42206?addrs=54.193.36.194-42206>
...
005 (3701.000.000) 11/08 22:47:25 Job terminated.
	(1) Normal termination (return value 0)
		Usr 0 00:00:00, Sys 0 00:00:00  -  Run Remote Usage
		Usr 0 00:00:00, Sys 0 00:00:00  -  Run Local Usage
		Usr 0 00:00:00, Sys 0 00:00:00  -  Total Remote Usage
		Usr 0 00:00:00, Sys 0 00:00:00  -  Total Local Usage
	0  -  Run Bytes Sent By Job
	0  -  Run Bytes Received By Job
	0  -  Total Bytes Sent By Job
	0  -  Total Bytes Received By Job
...
005 (3702.000.000) 11/08 22:47:25 Job terminated.
	(1) Normal termination (return value 0)
		Usr 0 00:00:00, Sys 0 00:00:00  -  Run Remote Usage
		Usr 0 00:00:00, Sys 0 00:00:00  -  Run Local Usage
		Usr 0 00:00:00, Sys 0 00:00:00  -  Total Remote Usage
		Usr 0 00:00:00, Sys 0 00:00:00  -  Total Local Usage
	0  -  Run Bytes Sent By Job
	0  -  Run Bytes Received By Job
	0  -  Total Bytes Sent By Job
	0  -  Total Bytes Received By Job
...
000 (3705.000.000) 11/08 22:47:25 Job submitted from host: <54.193.36.194:26489?addrs=54.193.36.194-26489>
    DAG Node: stage_in_local_local_2_0
    pool:local
...
001 (3705.000.000) 11/08 22:47:25 Job executing on host: <54.193.36.194:3072?addrs=54.193.36.194-3072>
...
000 (3706.000.000) 11/08 22:47:25 Job submitted from host: <54.193.36.194:26489?addrs=54.193.36.194-26489>
    DAG Node: stage_in_local_local_2_1
    pool:local
...
001 (3706.000.000) 11/08 22:47:25 Job executing on host: <54.193.36.194:6799?addrs=54.193.36.194-6799>
...
000 (3707.000.000) 11/08 22:47:25 Job submitted from host: <54.193.36.194:26489?addrs=54.193.36.194-26489>
    DAG Node: stage_in_remote_local_1_0
    pool:local
...
000 (3708.000.000) 11/08 22:47:25 Job submitted from host: <54.193.36.194:26489?addrs=54.193.36.194-26489>
    DAG Node: stage_in_local_local_3_1
    pool:local
...
000 (3709.000.000) 11/08 22:47:25 Job submitted from host: <54.193.36.194:26489?addrs=54.193.36.194-26489>
    DAG Node: stage_in_local_local_5_0
    pool:local
...
016 (3700.000.000) 11/08 22:47:26 POST Script terminated.
	(1) Normal termination (return value 0)
    DAG Node: stage_in_local_local_0_0
...
016 (3702.000.000) 11/08 22:47:26 POST Script terminated.
	(1) Normal termination (return value 0)
    DAG Node: stage_in_local_local_6_0
...
016 (3701.000.000) 11/08 22:47:26 POST Script terminated.
	(1) Normal termination (return value 0)
    DAG Node: stage_in_remote_local_2_1
...
005 (3704.000.000) 11/08 22:47:27 Job terminated.
	(1) Normal termination (return value 0)
		Usr 0 00:00:00, Sys 0 00:00:00  -  Run Remote Usage
		Usr 0 00:00:00, Sys 0 00:00:00  -  Run Local Usage
		Usr 0 00:00:00, Sys 0 00:00:00  -  Total Remote Usage
		Usr 0 00:00:00, Sys 0 00:00:00  -  Total Local Usage
	0  -  Run Bytes Sent By Job
	0  -  Run Bytes Received By Job
	0  -  Total Bytes Sent By Job
	0  -  Total Bytes Received By Job
...
005 (3703.000.000) 11/08 22:47:27 Job terminated.
	(1) Normal termination (return value 0)
		Usr 0 00:00:00, Sys 0 00:00:00  -  Run Remote Usage
		Usr 0 00:00:00, Sys 0 00:00:00  -  Run Local Usage
		Usr 0 00:00:00, Sys 0 00:00:00  -  Total Remote Usage
		Usr 0 00:00:00, Sys 0 00:00:00  -  Total Local Usage
	0  -  Run Bytes Sent By Job
	0  -  Run Bytes Received By Job
	0  -  Total Bytes Sent By Job
	0  -  Total Bytes Received By Job
...
001 (3707.000.000) 11/08 22:47:27 Job executing on host: <54.193.36.194:18486?addrs=54.193.36.194-18486>
...
001 (3708.000.000) 11/08 22:47:27 Job executing on host: <54.193.36.194:34839?addrs=54.193.36.194-34839>
...
001 (3709.000.000) 11/08 22:47:27 Job executing on host: <54.193.36.194:1933?addrs=54.193.36.194-1933>
...
005 (3706.000.000) 11/08 22:47:28 Job terminated.
	(1) Normal termination (return value 0)
		Usr 0 00:00:00, Sys 0 00:00:00  -  Run Remote Usage
		Usr 0 00:00:00, Sys 0 00:00:00  -  Run Local Usage
		Usr 0 00:00:00, Sys 0 00:00:00  -  Total Remote Usage
		Usr 0 00:00:00, Sys 0 00:00:00  -  Total Local Usage
	0  -  Run Bytes Sent By Job
	0  -  Run Bytes Received By Job
	0  -  Total Bytes Sent By Job
	0  -  Total Bytes Received By Job
...
005 (3707.000.000) 11/08 22:47:29 Job terminated.
	(1) Normal termination (return value 0)
		Usr 0 00:00:00, Sys 0 00:00:00  -  Run Remote Usage
		Usr 0 00:00:00, Sys 0 00:00:00  -  Run Local Usage
		Usr 0 00:00:00, Sys 0 00:00:00  -  Total Remote Usage
		Usr 0 00:00:00, Sys 0 00:00:00  -  Total Local Usage
	0  -  Run Bytes Sent By Job
	0  -  Run Bytes Received By Job
	0  -  Total Bytes Sent By Job
	0  -  Total Bytes Received By Job
...
005 (3705.000.000) 11/08 22:47:29 Job terminated.
	(1) Normal termination (return value 0)
		Usr 0 00:00:00, Sys 0 00:00:00  -  Run Remote Usage
		Usr 0 00:00:00, Sys 0 00:00:00  -  Run Local Usage
		Usr 0 00:00:00, Sys 0 00:00:00  -  Total Remote Usage
		Usr 0 00:00:00, Sys 0 00:00:00  -  Total Local Usage
	0  -  Run Bytes Sent By Job
	0  -  Run Bytes Received By Job
	0  -  Total Bytes Sent By Job
	0  -  Total Bytes Received By Job
...
000 (3710.000.000) 11/08 22:47:31 Job submitted from host: <54.193.36.194:26489?addrs=54.193.36.194-26489>
    DAG Node: stage_in_local_local_3_0
    pool:local
...
000 (3711.000.000) 11/08 22:47:31 Job submitted from host: <54.193.36.194:26489?addrs=54.193.36.194-26489>
    DAG Node: stage_in_local_local_5_1
    pool:local
...
000 (3712.000.000) 11/08 22:47:31 Job submitted from host: <54.193.36.194:26489?addrs=54.193.36.194-26489>
    DAG Node: stage_in_local_local_4_0
    pool:local
...
000 (3713.000.000) 11/08 22:47:31 Job submitted from host: <54.193.36.194:26489?addrs=54.193.36.194-26489>
    DAG Node: stage_in_local_local_7_0
    pool:local
...
000 (3714.000.000) 11/08 22:47:31 Job submitted from host: <54.193.36.194:26489?addrs=54.193.36.194-26489>
    DAG Node: stage_in_local_local_4_1
    pool:local
...
005 (3709.000.000) 11/08 22:47:31 Job terminated.
	(1) Normal termination (return value 0)
		Usr 0 00:00:00, Sys 0 00:00:00  -  Run Remote Usage
		Usr 0 00:00:00, Sys 0 00:00:00  -  Run Local Usage
		Usr 0 00:00:00, Sys 0 00:00:00  -  Total Remote Usage
		Usr 0 00:00:00, Sys 0 00:00:00  -  Total Local Usage
	0  -  Run Bytes Sent By Job
	0  -  Run Bytes Received By Job
	0  -  Total Bytes Sent By Job
	0  -  Total Bytes Received By Job
...
005 (3708.000.000) 11/08 22:47:31 Job terminated.
	(1) Normal termination (return value 0)
		Usr 0 00:00:00, Sys 0 00:00:00  -  Run Remote Usage
		Usr 0 00:00:00, Sys 0 00:00:00  -  Run Local Usage
		Usr 0 00:00:00, Sys 0 00:00:00  -  Total Remote Usage
		Usr 0 00:00:00, Sys 0 00:00:00  -  Total Local Usage
	0  -  Run Bytes Sent By Job
	0  -  Run Bytes Received By Job
	0  -  Total Bytes Sent By Job
	0  -  Total Bytes Received By Job
...
001 (3711.000.000) 11/08 22:47:31 Job executing on host: <54.193.36.194:48548?addrs=54.193.36.194-48548>
...
001 (3710.000.000) 11/08 22:47:32 Job executing on host: <54.193.36.194:29041?addrs=54.193.36.194-29041>
...
001 (3712.000.000) 11/08 22:47:32 Job executing on host: <54.193.36.194:16841?addrs=54.193.36.194-16841>
...
001 (3713.000.000) 11/08 22:47:32 Job executing on host: <54.193.36.194:18200?addrs=54.193.36.194-18200>
...
001 (3714.000.000) 11/08 22:47:32 Job executing on host: <54.193.36.194:46448?addrs=54.193.36.194-46448>
...
016 (3706.000.000) 11/08 22:47:33 POST Script terminated.
	(1) Normal termination (return value 0)
    DAG Node: stage_in_local_local_2_1
...
016 (3704.000.000) 11/08 22:47:33 POST Script terminated.
	(1) Normal termination (return value 0)
    DAG Node: stage_in_remote_local_5_0
...
016 (3705.000.000) 11/08 22:47:33 POST Script terminated.
	(1) Normal termination (return value 0)
    DAG Node: stage_in_local_local_2_0
...
016 (3707.000.000) 11/08 22:47:33 POST Script terminated.
	(1) Normal termination (return value 0)
    DAG Node: stage_in_remote_local_1_0
...
016 (3703.000.000) 11/08 22:47:33 POST Script terminated.
	(1) Normal termination (return value 0)
    DAG Node: stage_in_remote_local_5_1
...
005 (3713.000.000) 11/08 22:47:35 Job terminated.
	(1) Normal termination (return value 0)
		Usr 0 00:00:00, Sys 0 00:00:00  -  Run Remote Usage
		Usr 0 00:00:00, Sys 0 00:00:00  -  Run Local Usage
		Usr 0 00:00:00, Sys 0 00:00:00  -  Total Remote Usage
		Usr 0 00:00:00, Sys 0 00:00:00  -  Total Local Usage
	0  -  Run Bytes Sent By Job
	0  -  Run Bytes Received By Job
	0  -  Total Bytes Sent By Job
	0  -  Total Bytes Received By Job
...
000 (3715.000.000) 11/08 22:47:36 Job submitted from host: <54.193.36.194:26489?addrs=54.193.36.194-26489>
    DAG Node: stage_in_local_local_1_0
    pool:local
...
000 (3716.000.000) 11/08 22:47:36 Job submitted from host: <54.193.36.194:26489?addrs=54.193.36.194-26489>
    DAG Node: stage_in_remote_local_4_1
    pool:local
...
000 (3717.000.000) 11/08 22:47:36 Job submitted from host: <54.193.36.194:26489?addrs=54.193.36.194-26489>
    DAG Node: stage_in_remote_local_4_0
    pool:local
...
000 (3718.000.000) 11/08 22:47:36 Job submitted from host: <54.193.36.194:26489?addrs=54.193.36.194-26489>
    DAG Node: stage_in_remote_local_2_0
    pool:local
...
000 (3719.000.000) 11/08 22:47:36 Job submitted from host: <54.193.36.194:26489?addrs=54.193.36.194-26489>
    DAG Node: stage_in_remote_local_3_1
    pool:local
...
005 (3712.000.000) 11/08 22:47:36 Job terminated.
	(1) Normal termination (return value 0)
		Usr 0 00:00:00, Sys 0 00:00:00  -  Run Remote Usage
		Usr 0 00:00:00, Sys 0 00:00:00  -  Run Local Usage
		Usr 0 00:00:00, Sys 0 00:00:00  -  Total Remote Usage
		Usr 0 00:00:00, Sys 0 00:00:00  -  Total Local Usage
	0  -  Run Bytes Sent By Job
	0  -  Run Bytes Received By Job
	0  -  Total Bytes Sent By Job
	0  -  Total Bytes Received By Job
...
005 (3714.000.000) 11/08 22:47:36 Job terminated.
	(1) Normal termination (return value 0)
		Usr 0 00:00:00, Sys 0 00:00:00  -  Run Remote Usage
		Usr 0 00:00:00, Sys 0 00:00:00  -  Run Local Usage
		Usr 0 00:00:00, Sys 0 00:00:00  -  Total Remote Usage
		Usr 0 00:00:00, Sys 0 00:00:00  -  Total Local Usage
	0  -  Run Bytes Sent By Job
	0  -  Run Bytes Received By Job
	0  -  Total Bytes Sent By Job
	0  -  Total Bytes Received By Job
...
005 (3710.000.000) 11/08 22:47:37 Job terminated.
	(1) Normal termination (return value 0)
		Usr 0 00:00:00, Sys 0 00:00:00  -  Run Remote Usage
		Usr 0 00:00:00, Sys 0 00:00:00  -  Run Local Usage
		Usr 0 00:00:00, Sys 0 00:00:00  -  Total Remote Usage
		Usr 0 00:00:00, Sys 0 00:00:00  -  Total Local Usage
	0  -  Run Bytes Sent By Job
	0  -  Run Bytes Received By Job
	0  -  Total Bytes Sent By Job
	0  -  Total Bytes Received By Job
...
005 (3711.000.000) 11/08 22:47:37 Job terminated.
	(1) Normal termination (return value 0)
		Usr 0 00:00:00, Sys 0 00:00:00  -  Run Remote Usage
		Usr 0 00:00:00, Sys 0 00:00:00  -  Run Local Usage
		Usr 0 00:00:00, Sys 0 00:00:00  -  Total Remote Usage
		Usr 0 00:00:00, Sys 0 00:00:00  -  Total Local Usage
	0  -  Run Bytes Sent By Job
	0  -  Run Bytes Received By Job
	0  -  Total Bytes Sent By Job
	0  -  Total Bytes Received By Job
...
001 (3717.000.000) 11/08 22:47:37 Job executing on host: <54.193.36.194:31028?addrs=54.193.36.194-31028>
...
001 (3719.000.000) 11/08 22:47:37 Job executing on host: <54.193.36.194:65232?addrs=54.193.36.194-65232>
...
001 (3718.000.000) 11/08 22:47:37 Job executing on host: <54.193.36.194:30835?addrs=54.193.36.194-30835>
...
001 (3715.000.000) 11/08 22:47:37 Job executing on host: <54.193.36.194:48474?addrs=54.193.36.194-48474>
...
001 (3716.000.000) 11/08 22:47:37 Job executing on host: <54.193.36.194:6912?addrs=54.193.36.194-6912>
...
016 (3708.000.000) 11/08 22:47:37 POST Script terminated.
	(1) Normal termination (return value 0)
    DAG Node: stage_in_local_local_3_1
...
016 (3713.000.000) 11/08 22:47:38 POST Script terminated.
	(1) Normal termination (return value 0)
    DAG Node: stage_in_local_local_7_0
...
016 (3709.000.000) 11/08 22:47:38 POST Script terminated.
	(1) Normal termination (return value 0)
    DAG Node: stage_in_local_local_5_0
...
005 (3715.000.000) 11/08 22:47:40 Job terminated.
	(1) Normal termination (return value 0)
		Usr 0 00:00:00, Sys 0 00:00:00  -  Run Remote Usage
		Usr 0 00:00:00, Sys 0 00:00:00  -  Run Local Usage
		Usr 0 00:00:00, Sys 0 00:00:00  -  Total Remote Usage
		Usr 0 00:00:00, Sys 0 00:00:00  -  Total Local Usage
	0  -  Run Bytes Sent By Job
	0  -  Run Bytes Received By Job
	0  -  Total Bytes Sent By Job
	0  -  Total Bytes Received By Job
...
000 (3720.000.000) 11/08 22:47:41 Job submitted from host: <54.193.36.194:26489?addrs=54.193.36.194-26489>
    DAG Node: stage_in_remote_local_3_0
    pool:local
...
000 (3721.000.000) 11/08 22:47:41 Job submitted from host: <54.193.36.194:26489?addrs=54.193.36.194-26489>
    DAG Node: stage_in_remote_local_6_0
    pool:local
...
000 (3722.000.000) 11/08 22:47:41 Job submitted from host: <54.193.36.194:26489?addrs=54.193.36.194-26489>
    DAG Node: init_0_ID0000001
    pool:condorpool
...
016 (3714.000.000) 11/08 22:47:41 POST Script terminated.
	(1) Normal termination (return value 0)
    DAG Node: stage_in_local_local_4_1
...
016 (3712.000.000) 11/08 22:47:41 POST Script terminated.
	(1) Normal termination (return value 0)
    DAG Node: stage_in_local_local_4_0
...
016 (3710.000.000) 11/08 22:47:42 POST Script terminated.
	(1) Normal termination (return value 0)
    DAG Node: stage_in_local_local_3_0
...
016 (3715.000.000) 11/08 22:47:42 POST Script terminated.
	(1) Normal termination (return value 0)
    DAG Node: stage_in_local_local_1_0
...
016 (3711.000.000) 11/08 22:47:42 POST Script terminated.
	(1) Normal termination (return value 0)
    DAG Node: stage_in_local_local_5_1
...
005 (3719.000.000) 11/08 22:47:42 Job terminated.
	(1) Normal termination (return value 0)
		Usr 0 00:00:00, Sys 0 00:00:00  -  Run Remote Usage
		Usr 0 00:00:00, Sys 0 00:00:00  -  Run Local Usage
		Usr 0 00:00:00, Sys 0 00:00:00  -  Total Remote Usage
		Usr 0 00:00:00, Sys 0 00:00:00  -  Total Local Usage
	0  -  Run Bytes Sent By Job
	0  -  Run Bytes Received By Job
	0  -  Total Bytes Sent By Job
	0  -  Total Bytes Received By Job
...
005 (3717.000.000) 11/08 22:47:42 Job terminated.
	(1) Normal termination (return value 0)
		Usr 0 00:00:00, Sys 0 00:00:00  -  Run Remote Usage
		Usr 0 00:00:00, Sys 0 00:00:00  -  Run Local Usage
		Usr 0 00:00:00, Sys 0 00:00:00  -  Total Remote Usage
		Usr 0 00:00:00, Sys 0 00:00:00  -  Total Local Usage
	0  -  Run Bytes Sent By Job
	0  -  Run Bytes Received By Job
	0  -  Total Bytes Sent By Job
	0  -  Total Bytes Received By Job
...
001 (3720.000.000) 11/08 22:47:42 Job executing on host: <54.193.36.194:53784?addrs=54.193.36.194-53784>
...
001 (3721.000.000) 11/08 22:47:42 Job executing on host: <54.193.36.194:32149?addrs=54.193.36.194-32149>
...
005 (3716.000.000) 11/08 22:47:42 Job terminated.
	(1) Normal termination (return value 0)
		Usr 0 00:00:00, Sys 0 00:00:00  -  Run Remote Usage
		Usr 0 00:00:00, Sys 0 00:00:00  -  Run Local Usage
		Usr 0 00:00:00, Sys 0 00:00:00  -  Total Remote Usage
		Usr 0 00:00:00, Sys 0 00:00:00  -  Total Local Usage
	0  -  Run Bytes Sent By Job
	0  -  Run Bytes Received By Job
	0  -  Total Bytes Sent By Job
	0  -  Total Bytes Received By Job
...
005 (3718.000.000) 11/08 22:47:42 Job terminated.
	(1) Normal termination (return value 0)
		Usr 0 00:00:00, Sys 0 00:00:00  -  Run Remote Usage
		Usr 0 00:00:00, Sys 0 00:00:00  -  Run Local Usage
		Usr 0 00:00:00, Sys 0 00:00:00  -  Total Remote Usage
		Usr 0 00:00:00, Sys 0 00:00:00  -  Total Local Usage
	0  -  Run Bytes Sent By Job
	0  -  Run Bytes Received By Job
	0  -  Total Bytes Sent By Job
	0  -  Total Bytes Received By Job
...
005 (3721.000.000) 11/08 22:47:44 Job terminated.
	(1) Normal termination (return value 0)
		Usr 0 00:00:00, Sys 0 00:00:00  -  Run Remote Usage
		Usr 0 00:00:00, Sys 0 00:00:00  -  Run Local Usage
		Usr 0 00:00:00, Sys 0 00:00:00  -  Total Remote Usage
		Usr 0 00:00:00, Sys 0 00:00:00  -  Total Local Usage
	0  -  Run Bytes Sent By Job
	0  -  Run Bytes Received By Job
	0  -  Total Bytes Sent By Job
	0  -  Total Bytes Received By Job
...
016 (3718.000.000) 11/08 22:47:46 POST Script terminated.
	(1) Normal termination (return value 0)
    DAG Node: stage_in_remote_local_2_0
...
016 (3719.000.000) 11/08 22:47:46 POST Script terminated.
	(1) Normal termination (return value 0)
    DAG Node: stage_in_remote_local_3_1
...
005 (3720.000.000) 11/08 22:47:46 Job terminated.
	(1) Normal termination (return value 0)
		Usr 0 00:00:00, Sys 0 00:00:00  -  Run Remote Usage
		Usr 0 00:00:00, Sys 0 00:00:00  -  Run Local Usage
		Usr 0 00:00:00, Sys 0 00:00:00  -  Total Remote Usage
		Usr 0 00:00:00, Sys 0 00:00:00  -  Total Local Usage
	0  -  Run Bytes Sent By Job
	0  -  Run Bytes Received By Job
	0  -  Total Bytes Sent By Job
	0  -  Total Bytes Received By Job
...
016 (3721.000.000) 11/08 22:47:46 POST Script terminated.
	(1) Normal termination (return value 0)
    DAG Node: stage_in_remote_local_6_0
...
016 (3716.000.000) 11/08 22:47:46 POST Script terminated.
	(1) Normal termination (return value 0)
    DAG Node: stage_in_remote_local_4_1
...
016 (3717.000.000) 11/08 22:47:46 POST Script terminated.
	(1) Normal termination (return value 0)
    DAG Node: stage_in_remote_local_4_0
...
016 (3720.000.000) 11/08 22:47:52 POST Script terminated.
	(1) Normal termination (return value 0)
    DAG Node: stage_in_remote_local_3_0
...
001 (3722.000.000) 11/08 22:48:01 Job executing on host: <54.200.57.163:59896?addrs=54.200.57.163-59896&noUDP>
...
005 (3722.000.000) 11/08 22:48:16 Job terminated.
	(1) Normal termination (return value 1)
		Usr 0 00:00:00, Sys 0 00:00:00  -  Run Remote Usage
		Usr 0 00:00:00, Sys 0 00:00:00  -  Run Local Usage
		Usr 0 00:00:00, Sys 0 00:00:00  -  Total Remote Usage
		Usr 0 00:00:00, Sys 0 00:00:00  -  Total Local Usage
	9202  -  Run Bytes Sent By Job
	3170225  -  Run Bytes Received By Job
	9202  -  Total Bytes Sent By Job
	3170225  -  Total Bytes Received By Job
	Partitionable Resources :    Usage  Request Allocated
	   Cpus                 :                 1         1
	   Disk (KB)            :     6111     3250  27634424
	   Memory (MB)          :        2        1      3764
...
016 (3722.000.000) 11/08 22:48:21 POST Script terminated.
	(1) Normal termination (return value 1)
    DAG Node: init_0_ID0000001
...
000 (3723.000.000) 11/08 22:48:31 Job submitted from host: <54.193.36.194:26489?addrs=54.193.36.194-26489>
    DAG Node: init_0_ID0000001
    pool:condorpool
...
001 (3723.000.000) 11/08 22:48:31 Job executing on host: <54.200.57.163:59896?addrs=54.200.57.163-59896&noUDP>
...
005 (3723.000.000) 11/08 22:48:32 Job terminated.
	(1) Normal termination (return value 1)
		Usr 0 00:00:00, Sys 0 00:00:00  -  Run Remote Usage
		Usr 0 00:00:00, Sys 0 00:00:00  -  Run Local Usage
		Usr 0 00:00:00, Sys 0 00:00:00  -  Total Remote Usage
		Usr 0 00:00:00, Sys 0 00:00:00  -  Total Local Usage
	9199  -  Run Bytes Sent By Job
	3170225  -  Run Bytes Received By Job
	9199  -  Total Bytes Sent By Job
	3170225  -  Total Bytes Received By Job
	Partitionable Resources :    Usage  Request Allocated
	   Cpus                 :                 1         1
	   Disk (KB)            :     6111     3250  27634424
	   Memory (MB)          :        0        1      3764
...
016 (3723.000.000) 11/08 22:48:36 POST Script terminated.
	(1) Normal termination (return value 1)
    DAG Node: init_0_ID0000001
...
