000 (4494.000.000) 05/23 03:08:49 Job submitted from host: <10.240.0.3:18881?addrs=10.240.0.3-18881>
    DAG Node: create_dir_example_workflow_0_local
    pool:local
...
000 (4495.000.000) 05/23 03:08:49 Job submitted from host: <10.240.0.3:18881?addrs=10.240.0.3-18881>
    DAG Node: stage_worker_local_example_workflow_0_local
    pool:local
...
001 (4494.000.000) 05/23 03:08:50 Job executing on host: <10.240.0.3:41234?addrs=10.240.0.3-41234>
...
001 (4495.000.000) 05/23 03:08:50 Job executing on host: <10.240.0.3:35452?addrs=10.240.0.3-35452>
...
005 (4495.000.000) 05/23 03:08:52 Job terminated.
	(1) Normal termination (return value 0)
		Usr 0 00:00:00, Sys 0 00:00:00  -  Run Remote Usage
		Usr 0 00:00:00, Sys 0 00:00:00  -  Run Local Usage
		Usr 0 00:00:00, Sys 0 00:00:00  -  Total Remote Usage
		Usr 0 00:00:00, Sys 0 00:00:00  -  Total Local Usage
	0  -  Run Bytes Sent By Job
	0  -  Run Bytes Received By Job
	0  -  Total Bytes Sent By Job
	0  -  Total Bytes Received By Job
...
005 (4494.000.000) 05/23 03:08:52 Job terminated.
	(1) Normal termination (return value 0)
		Usr 0 00:00:00, Sys 0 00:00:00  -  Run Remote Usage
		Usr 0 00:00:00, Sys 0 00:00:00  -  Run Local Usage
		Usr 0 00:00:00, Sys 0 00:00:00  -  Total Remote Usage
		Usr 0 00:00:00, Sys 0 00:00:00  -  Total Local Usage
	0  -  Run Bytes Sent By Job
	0  -  Run Bytes Received By Job
	0  -  Total Bytes Sent By Job
	0  -  Total Bytes Received By Job
...
000 (4496.000.000) 05/23 03:09:04 Job submitted from host: <10.240.0.3:18881?addrs=10.240.0.3-18881>
    DAG Node: stage_in_local_local_0_0
    pool:local
...
001 (4496.000.000) 05/23 03:09:04 Job executing on host: <10.240.0.3:35381?addrs=10.240.0.3-35381>
...
000 (4497.000.000) 05/23 03:09:04 Job submitted from host: <10.240.0.3:18881?addrs=10.240.0.3-18881>
    DAG Node: stage_in_remote_local_2_1
    pool:local
...
000 (4498.000.000) 05/23 03:09:04 Job submitted from host: <10.240.0.3:18881?addrs=10.240.0.3-18881>
    DAG Node: stage_in_local_local_1_1
    pool:local
...
000 (4499.000.000) 05/23 03:09:04 Job submitted from host: <10.240.0.3:18881?addrs=10.240.0.3-18881>
    DAG Node: stage_in_local_local_4_0
    pool:local
...
000 (4500.000.000) 05/23 03:09:04 Job submitted from host: <10.240.0.3:18881?addrs=10.240.0.3-18881>
    DAG Node: stage_in_local_local_1_0
    pool:local
...
005 (4496.000.000) 05/23 03:09:06 Job terminated.
	(1) Normal termination (return value 0)
		Usr 0 00:00:00, Sys 0 00:00:00  -  Run Remote Usage
		Usr 0 00:00:00, Sys 0 00:00:00  -  Run Local Usage
		Usr 0 00:00:00, Sys 0 00:00:00  -  Total Remote Usage
		Usr 0 00:00:00, Sys 0 00:00:00  -  Total Local Usage
	0  -  Run Bytes Sent By Job
	0  -  Run Bytes Received By Job
	0  -  Total Bytes Sent By Job
	0  -  Total Bytes Received By Job
...
001 (4499.000.000) 05/23 03:09:06 Job executing on host: <10.240.0.3:43796?addrs=10.240.0.3-43796>
...
001 (4500.000.000) 05/23 03:09:06 Job executing on host: <10.240.0.3:11809?addrs=10.240.0.3-11809>
...
001 (4497.000.000) 05/23 03:09:06 Job executing on host: <10.240.0.3:18612?addrs=10.240.0.3-18612>
...
001 (4498.000.000) 05/23 03:09:07 Job executing on host: <10.240.0.3:4011?addrs=10.240.0.3-4011>
...
005 (4499.000.000) 05/23 03:09:09 Job terminated.
	(1) Normal termination (return value 0)
		Usr 0 00:00:00, Sys 0 00:00:00  -  Run Remote Usage
		Usr 0 00:00:00, Sys 0 00:00:00  -  Run Local Usage
		Usr 0 00:00:00, Sys 0 00:00:00  -  Total Remote Usage
		Usr 0 00:00:00, Sys 0 00:00:00  -  Total Local Usage
	0  -  Run Bytes Sent By Job
	0  -  Run Bytes Received By Job
	0  -  Total Bytes Sent By Job
	0  -  Total Bytes Received By Job
...
005 (4498.000.000) 05/23 03:09:09 Job terminated.
	(1) Normal termination (return value 0)
		Usr 0 00:00:00, Sys 0 00:00:00  -  Run Remote Usage
		Usr 0 00:00:00, Sys 0 00:00:00  -  Run Local Usage
		Usr 0 00:00:00, Sys 0 00:00:00  -  Total Remote Usage
		Usr 0 00:00:00, Sys 0 00:00:00  -  Total Local Usage
	0  -  Run Bytes Sent By Job
	0  -  Run Bytes Received By Job
	0  -  Total Bytes Sent By Job
	0  -  Total Bytes Received By Job
...
000 (4501.000.000) 05/23 03:09:09 Job submitted from host: <10.240.0.3:18881?addrs=10.240.0.3-18881>
    DAG Node: stage_in_local_local_2_0
    pool:local
...
001 (4501.000.000) 05/23 03:09:09 Job executing on host: <10.240.0.3:11617?addrs=10.240.0.3-11617>
...
000 (4502.000.000) 05/23 03:09:09 Job submitted from host: <10.240.0.3:18881?addrs=10.240.0.3-18881>
    DAG Node: stage_in_local_local_2_1
    pool:local
...
001 (4502.000.000) 05/23 03:09:10 Job executing on host: <10.240.0.3:24898?addrs=10.240.0.3-24898>
...
000 (4503.000.000) 05/23 03:09:10 Job submitted from host: <10.240.0.3:18881?addrs=10.240.0.3-18881>
    DAG Node: stage_in_remote_local_1_1
    pool:local
...
000 (4504.000.000) 05/23 03:09:10 Job submitted from host: <10.240.0.3:18881?addrs=10.240.0.3-18881>
    DAG Node: stage_in_remote_local_4_0
    pool:local
...
000 (4505.000.000) 05/23 03:09:10 Job submitted from host: <10.240.0.3:18881?addrs=10.240.0.3-18881>
    DAG Node: stage_in_remote_local_1_0
    pool:local
...
005 (4500.000.000) 05/23 03:09:11 Job terminated.
	(1) Normal termination (return value 0)
		Usr 0 00:00:00, Sys 0 00:00:00  -  Run Remote Usage
		Usr 0 00:00:00, Sys 0 00:00:00  -  Run Local Usage
		Usr 0 00:00:00, Sys 0 00:00:00  -  Total Remote Usage
		Usr 0 00:00:00, Sys 0 00:00:00  -  Total Local Usage
	0  -  Run Bytes Sent By Job
	0  -  Run Bytes Received By Job
	0  -  Total Bytes Sent By Job
	0  -  Total Bytes Received By Job
...
005 (4497.000.000) 05/23 03:09:11 Job terminated.
	(1) Normal termination (return value 0)
		Usr 0 00:00:00, Sys 0 00:00:00  -  Run Remote Usage
		Usr 0 00:00:00, Sys 0 00:00:00  -  Run Local Usage
		Usr 0 00:00:00, Sys 0 00:00:00  -  Total Remote Usage
		Usr 0 00:00:00, Sys 0 00:00:00  -  Total Local Usage
	0  -  Run Bytes Sent By Job
	0  -  Run Bytes Received By Job
	0  -  Total Bytes Sent By Job
	0  -  Total Bytes Received By Job
...
001 (4503.000.000) 05/23 03:09:11 Job executing on host: <10.240.0.3:10370?addrs=10.240.0.3-10370>
...
001 (4504.000.000) 05/23 03:09:11 Job executing on host: <10.240.0.3:16140?addrs=10.240.0.3-16140>
...
001 (4505.000.000) 05/23 03:09:11 Job executing on host: <10.240.0.3:56163?addrs=10.240.0.3-56163>
...
005 (4503.000.000) 05/23 03:09:13 Job terminated.
	(1) Normal termination (return value 0)
		Usr 0 00:00:00, Sys 0 00:00:00  -  Run Remote Usage
		Usr 0 00:00:00, Sys 0 00:00:00  -  Run Local Usage
		Usr 0 00:00:00, Sys 0 00:00:00  -  Total Remote Usage
		Usr 0 00:00:00, Sys 0 00:00:00  -  Total Local Usage
	0  -  Run Bytes Sent By Job
	0  -  Run Bytes Received By Job
	0  -  Total Bytes Sent By Job
	0  -  Total Bytes Received By Job
...
005 (4504.000.000) 05/23 03:09:13 Job terminated.
	(1) Normal termination (return value 0)
		Usr 0 00:00:00, Sys 0 00:00:00  -  Run Remote Usage
		Usr 0 00:00:00, Sys 0 00:00:00  -  Run Local Usage
		Usr 0 00:00:00, Sys 0 00:00:00  -  Total Remote Usage
		Usr 0 00:00:00, Sys 0 00:00:00  -  Total Local Usage
	0  -  Run Bytes Sent By Job
	0  -  Run Bytes Received By Job
	0  -  Total Bytes Sent By Job
	0  -  Total Bytes Received By Job
...
005 (4501.000.000) 05/23 03:09:14 Job terminated.
	(1) Normal termination (return value 0)
		Usr 0 00:00:00, Sys 0 00:00:00  -  Run Remote Usage
		Usr 0 00:00:00, Sys 0 00:00:00  -  Run Local Usage
		Usr 0 00:00:00, Sys 0 00:00:00  -  Total Remote Usage
		Usr 0 00:00:00, Sys 0 00:00:00  -  Total Local Usage
	0  -  Run Bytes Sent By Job
	0  -  Run Bytes Received By Job
	0  -  Total Bytes Sent By Job
	0  -  Total Bytes Received By Job
...
005 (4502.000.000) 05/23 03:09:14 Job terminated.
	(1) Normal termination (return value 0)
		Usr 0 00:00:00, Sys 0 00:00:00  -  Run Remote Usage
		Usr 0 00:00:00, Sys 0 00:00:00  -  Run Local Usage
		Usr 0 00:00:00, Sys 0 00:00:00  -  Total Remote Usage
		Usr 0 00:00:00, Sys 0 00:00:00  -  Total Local Usage
	0  -  Run Bytes Sent By Job
	0  -  Run Bytes Received By Job
	0  -  Total Bytes Sent By Job
	0  -  Total Bytes Received By Job
...
000 (4506.000.000) 05/23 03:09:15 Job submitted from host: <10.240.0.3:18881?addrs=10.240.0.3-18881>
    DAG Node: stage_in_local_local_3_1
    pool:local
...
000 (4507.000.000) 05/23 03:09:15 Job submitted from host: <10.240.0.3:18881?addrs=10.240.0.3-18881>
    DAG Node: stage_in_local_local_3_0
    pool:local
...
000 (4508.000.000) 05/23 03:09:15 Job submitted from host: <10.240.0.3:18881?addrs=10.240.0.3-18881>
    DAG Node: stage_in_remote_local_2_0
    pool:local
...
000 (4509.000.000) 05/23 03:09:15 Job submitted from host: <10.240.0.3:18881?addrs=10.240.0.3-18881>
    DAG Node: stage_in_remote_local_3_1
    pool:local
...
000 (4510.000.000) 05/23 03:09:15 Job submitted from host: <10.240.0.3:18881?addrs=10.240.0.3-18881>
    DAG Node: stage_in_remote_local_3_0
    pool:local
...
005 (4505.000.000) 05/23 03:09:15 Job terminated.
	(1) Normal termination (return value 0)
		Usr 0 00:00:00, Sys 0 00:00:00  -  Run Remote Usage
		Usr 0 00:00:00, Sys 0 00:00:00  -  Run Local Usage
		Usr 0 00:00:00, Sys 0 00:00:00  -  Total Remote Usage
		Usr 0 00:00:00, Sys 0 00:00:00  -  Total Local Usage
	0  -  Run Bytes Sent By Job
	0  -  Run Bytes Received By Job
	0  -  Total Bytes Sent By Job
	0  -  Total Bytes Received By Job
...
001 (4506.000.000) 05/23 03:09:15 Job executing on host: <10.240.0.3:16619?addrs=10.240.0.3-16619>
...
001 (4507.000.000) 05/23 03:09:15 Job executing on host: <10.240.0.3:38578?addrs=10.240.0.3-38578>
...
001 (4508.000.000) 05/23 03:09:15 Job executing on host: <10.240.0.3:45275?addrs=10.240.0.3-45275>
...
001 (4509.000.000) 05/23 03:09:15 Job executing on host: <10.240.0.3:61458?addrs=10.240.0.3-61458>
...
001 (4510.000.000) 05/23 03:09:15 Job executing on host: <10.240.0.3:38942?addrs=10.240.0.3-38942>
...
005 (4506.000.000) 05/23 03:09:20 Job terminated.
	(1) Normal termination (return value 0)
		Usr 0 00:00:00, Sys 0 00:00:00  -  Run Remote Usage
		Usr 0 00:00:00, Sys 0 00:00:00  -  Run Local Usage
		Usr 0 00:00:00, Sys 0 00:00:00  -  Total Remote Usage
		Usr 0 00:00:00, Sys 0 00:00:00  -  Total Local Usage
	0  -  Run Bytes Sent By Job
	0  -  Run Bytes Received By Job
	0  -  Total Bytes Sent By Job
	0  -  Total Bytes Received By Job
...
005 (4507.000.000) 05/23 03:09:20 Job terminated.
	(1) Normal termination (return value 0)
		Usr 0 00:00:00, Sys 0 00:00:00  -  Run Remote Usage
		Usr 0 00:00:00, Sys 0 00:00:00  -  Run Local Usage
		Usr 0 00:00:00, Sys 0 00:00:00  -  Total Remote Usage
		Usr 0 00:00:00, Sys 0 00:00:00  -  Total Local Usage
	0  -  Run Bytes Sent By Job
	0  -  Run Bytes Received By Job
	0  -  Total Bytes Sent By Job
	0  -  Total Bytes Received By Job
...
005 (4508.000.000) 05/23 03:09:20 Job terminated.
	(1) Normal termination (return value 0)
		Usr 0 00:00:00, Sys 0 00:00:00  -  Run Remote Usage
		Usr 0 00:00:00, Sys 0 00:00:00  -  Run Local Usage
		Usr 0 00:00:00, Sys 0 00:00:00  -  Total Remote Usage
		Usr 0 00:00:00, Sys 0 00:00:00  -  Total Local Usage
	0  -  Run Bytes Sent By Job
	0  -  Run Bytes Received By Job
	0  -  Total Bytes Sent By Job
	0  -  Total Bytes Received By Job
...
005 (4510.000.000) 05/23 03:09:20 Job terminated.
	(1) Normal termination (return value 0)
		Usr 0 00:00:00, Sys 0 00:00:00  -  Run Remote Usage
		Usr 0 00:00:00, Sys 0 00:00:00  -  Run Local Usage
		Usr 0 00:00:00, Sys 0 00:00:00  -  Total Remote Usage
		Usr 0 00:00:00, Sys 0 00:00:00  -  Total Local Usage
	0  -  Run Bytes Sent By Job
	0  -  Run Bytes Received By Job
	0  -  Total Bytes Sent By Job
	0  -  Total Bytes Received By Job
...
005 (4509.000.000) 05/23 03:09:20 Job terminated.
	(1) Normal termination (return value 0)
		Usr 0 00:00:00, Sys 0 00:00:00  -  Run Remote Usage
		Usr 0 00:00:00, Sys 0 00:00:00  -  Run Local Usage
		Usr 0 00:00:00, Sys 0 00:00:00  -  Total Remote Usage
		Usr 0 00:00:00, Sys 0 00:00:00  -  Total Local Usage
	0  -  Run Bytes Sent By Job
	0  -  Run Bytes Received By Job
	0  -  Total Bytes Sent By Job
	0  -  Total Bytes Received By Job
...
000 (4511.000.000) 05/23 03:09:20 Job submitted from host: <10.240.0.3:18881?addrs=10.240.0.3-18881>
    DAG Node: init_0_ID0000001
    pool:condorpool
...
001 (4511.000.000) 05/23 03:09:48 Job executing on host: <10.240.0.78:26513?addrs=10.240.0.78-26513>
...
006 (4511.000.000) 05/23 03:09:49 Image size of job updated: 2
	0  -  MemoryUsage of job (MB)
	0  -  ResidentSetSize of job (KB)
...
005 (4511.000.000) 05/23 03:09:50 Job terminated.
	(1) Normal termination (return value 0)
		Usr 0 00:00:00, Sys 0 00:00:00  -  Run Remote Usage
		Usr 0 00:00:00, Sys 0 00:00:00  -  Run Local Usage
		Usr 0 00:00:00, Sys 0 00:00:00  -  Total Remote Usage
		Usr 0 00:00:00, Sys 0 00:00:00  -  Total Local Usage
	4064  -  Run Bytes Sent By Job
	1662681  -  Run Bytes Received By Job
	4064  -  Total Bytes Sent By Job
	1662681  -  Total Bytes Received By Job
	Partitionable Resources :    Usage  Request Allocated
	   Cpus                 :                 1         1
	   Disk (KB)            :     7003     1750   7341516
	   Memory (MB)          :        0        1      3700
...
000 (4512.000.000) 05/23 03:10:01 Job submitted from host: <10.240.0.3:18881?addrs=10.240.0.3-18881>
    DAG Node: mediancpu_0_ID0000002
    pool:condorpool
...
000 (4513.000.000) 05/23 03:10:01 Job submitted from host: <10.240.0.3:18881?addrs=10.240.0.3-18881>
    DAG Node: clean_up_local_level_3_0
    pool:local
...
000 (4514.000.000) 05/23 03:10:01 Job submitted from host: <10.240.0.3:18881?addrs=10.240.0.3-18881>
    DAG Node: averagecpu_0_ID0000004
    pool:condorpool
...
000 (4515.000.000) 05/23 03:10:01 Job submitted from host: <10.240.0.3:18881?addrs=10.240.0.3-18881>
    DAG Node: maxmincpu_0_ID0000003
    pool:condorpool
...
001 (4512.000.000) 05/23 03:10:03 Job executing on host: <10.240.0.78:26513?addrs=10.240.0.78-26513>
...
001 (4513.000.000) 05/23 03:10:06 Job executing on host: <10.240.0.3:28081?addrs=10.240.0.3-28081>
...
005 (4513.000.000) 05/23 03:10:08 Job terminated.
	(1) Normal termination (return value 0)
		Usr 0 00:00:00, Sys 0 00:00:00  -  Run Remote Usage
		Usr 0 00:00:00, Sys 0 00:00:00  -  Run Local Usage
		Usr 0 00:00:00, Sys 0 00:00:00  -  Total Remote Usage
		Usr 0 00:00:00, Sys 0 00:00:00  -  Total Local Usage
	0  -  Run Bytes Sent By Job
	0  -  Run Bytes Received By Job
	0  -  Total Bytes Sent By Job
	0  -  Total Bytes Received By Job
...
006 (4512.000.000) 05/23 03:10:12 Image size of job updated: 2
	3  -  MemoryUsage of job (MB)
	2772  -  ResidentSetSize of job (KB)
...
001 (4515.000.000) 05/23 03:10:28 Job executing on host: <10.240.0.77:21055?addrs=10.240.0.77-21055>
...
001 (4514.000.000) 05/23 03:10:28 Job executing on host: <10.240.0.81:1915?addrs=10.240.0.81-1915>
...
006 (4515.000.000) 05/23 03:10:37 Image size of job updated: 2
	3  -  MemoryUsage of job (MB)
	2952  -  ResidentSetSize of job (KB)
...
006 (4514.000.000) 05/23 03:10:37 Image size of job updated: 2
	3  -  MemoryUsage of job (MB)
	2828  -  ResidentSetSize of job (KB)
...
006 (4515.000.000) 05/23 03:12:41 Image size of job updated: 504288
	3  -  MemoryUsage of job (MB)
	2952  -  ResidentSetSize of job (KB)
...
005 (4515.000.000) 05/23 03:12:42 Job terminated.
	(1) Normal termination (return value 0)
		Usr 0 00:02:03, Sys 0 00:00:01  -  Run Remote Usage
		Usr 0 00:00:00, Sys 0 00:00:00  -  Run Local Usage
		Usr 0 00:02:03, Sys 0 00:00:01  -  Total Remote Usage
		Usr 0 00:00:00, Sys 0 00:00:00  -  Total Local Usage
	4639  -  Run Bytes Sent By Job
	1662090  -  Run Bytes Received By Job
	4639  -  Total Bytes Sent By Job
	1662090  -  Total Bytes Received By Job
	Partitionable Resources :    Usage  Request Allocated
	   Cpus                 :                 1         1
	   Disk (KB)            :     7004     1750   7341684
	   Memory (MB)          :        3        1      3700
...
000 (4516.000.000) 05/23 03:12:56 Job submitted from host: <10.240.0.3:18881?addrs=10.240.0.3-18881>
    DAG Node: clean_up_local_level_4_1
    pool:local
...
001 (4516.000.000) 05/23 03:12:56 Job executing on host: <10.240.0.3:45200?addrs=10.240.0.3-45200>
...
005 (4516.000.000) 05/23 03:13:00 Job terminated.
	(1) Normal termination (return value 0)
		Usr 0 00:00:00, Sys 0 00:00:00  -  Run Remote Usage
		Usr 0 00:00:00, Sys 0 00:00:00  -  Run Local Usage
		Usr 0 00:00:00, Sys 0 00:00:00  -  Total Remote Usage
		Usr 0 00:00:00, Sys 0 00:00:00  -  Total Local Usage
	0  -  Run Bytes Sent By Job
	0  -  Run Bytes Received By Job
	0  -  Total Bytes Sent By Job
	0  -  Total Bytes Received By Job
...
006 (4512.000.000) 05/23 03:15:13 Image size of job updated: 774716
	159  -  MemoryUsage of job (MB)
	162136  -  ResidentSetSize of job (KB)
...
006 (4512.000.000) 05/23 03:15:22 Image size of job updated: 777508
	159  -  MemoryUsage of job (MB)
	162136  -  ResidentSetSize of job (KB)
...
005 (4512.000.000) 05/23 03:15:23 Job terminated.
	(1) Normal termination (return value 0)
		Usr 0 00:04:53, Sys 0 00:00:04  -  Run Remote Usage
		Usr 0 00:00:00, Sys 0 00:00:00  -  Run Local Usage
		Usr 0 00:04:53, Sys 0 00:00:04  -  Total Remote Usage
		Usr 0 00:00:00, Sys 0 00:00:00  -  Total Local Usage
	381158  -  Run Bytes Sent By Job
	1661952  -  Run Bytes Received By Job
	381158  -  Total Bytes Sent By Job
	1661952  -  Total Bytes Received By Job
	Partitionable Resources :    Usage  Request Allocated
	   Cpus                 :                 1         1
	   Disk (KB)            :   392468     1750   7341516
	   Memory (MB)          :      159        1      3700
...
006 (4514.000.000) 05/23 03:15:38 Image size of job updated: 783052
	158  -  MemoryUsage of job (MB)
	161492  -  ResidentSetSize of job (KB)
...
005 (4514.000.000) 05/23 03:16:25 Job terminated.
	(1) Normal termination (return value 0)
		Usr 0 00:05:25, Sys 0 00:00:04  -  Run Remote Usage
		Usr 0 00:00:00, Sys 0 00:00:00  -  Run Local Usage
		Usr 0 00:05:25, Sys 0 00:00:04  -  Total Remote Usage
		Usr 0 00:00:00, Sys 0 00:00:00  -  Total Local Usage
	381256  -  Run Bytes Sent By Job
	1662578  -  Run Bytes Received By Job
	381256  -  Total Bytes Sent By Job
	1662578  -  Total Bytes Received By Job
	Partitionable Resources :    Usage  Request Allocated
	   Cpus                 :                 1         1
	   Disk (KB)            :   684168     1750   7469812
	   Memory (MB)          :      158        1      3700
...
000 (4517.000.000) 05/23 03:16:36 Job submitted from host: <10.240.0.3:18881?addrs=10.240.0.3-18881>
    DAG Node: clean_up_local_level_4_0
    pool:local
...
001 (4517.000.000) 05/23 03:16:36 Job executing on host: <10.240.0.3:59852?addrs=10.240.0.3-59852>
...
000 (4518.000.000) 05/23 03:16:36 Job submitted from host: <10.240.0.3:18881?addrs=10.240.0.3-18881>
    DAG Node: calculateratio_6_ID0000011
    pool:condorpool
...
000 (4519.000.000) 05/23 03:16:37 Job submitted from host: <10.240.0.3:18881?addrs=10.240.0.3-18881>
    DAG Node: calculateratio_5_ID0000010
    pool:condorpool
...
000 (4520.000.000) 05/23 03:16:37 Job submitted from host: <10.240.0.3:18881?addrs=10.240.0.3-18881>
    DAG Node: calculateratio_8_ID0000013
    pool:condorpool
...
000 (4521.000.000) 05/23 03:16:37 Job submitted from host: <10.240.0.3:18881?addrs=10.240.0.3-18881>
    DAG Node: calculateratio_4_ID0000009
    pool:condorpool
...
001 (4518.000.000) 05/23 03:16:40 Job executing on host: <10.240.0.81:1915?addrs=10.240.0.81-1915>
...
000 (4522.000.000) 05/23 03:16:42 Job submitted from host: <10.240.0.3:18881?addrs=10.240.0.3-18881>
    DAG Node: calculateratio_7_ID0000012
    pool:condorpool
...
000 (4523.000.000) 05/23 03:16:42 Job submitted from host: <10.240.0.3:18881?addrs=10.240.0.3-18881>
    DAG Node: calculateratio_1_ID0000006
    pool:condorpool
...
000 (4524.000.000) 05/23 03:16:42 Job submitted from host: <10.240.0.3:18881?addrs=10.240.0.3-18881>
    DAG Node: calculateratio_2_ID0000007
    pool:condorpool
...
000 (4525.000.000) 05/23 03:16:42 Job submitted from host: <10.240.0.3:18881?addrs=10.240.0.3-18881>
    DAG Node: calculateratio_0_ID0000005
    pool:condorpool
...
000 (4526.000.000) 05/23 03:16:42 Job submitted from host: <10.240.0.3:18881?addrs=10.240.0.3-18881>
    DAG Node: calculateratio_3_ID0000008
    pool:condorpool
...
005 (4517.000.000) 05/23 03:16:45 Job terminated.
	(1) Normal termination (return value 0)
		Usr 0 00:00:00, Sys 0 00:00:00  -  Run Remote Usage
		Usr 0 00:00:00, Sys 0 00:00:00  -  Run Local Usage
		Usr 0 00:00:00, Sys 0 00:00:00  -  Total Remote Usage
		Usr 0 00:00:00, Sys 0 00:00:00  -  Total Local Usage
	0  -  Run Bytes Sent By Job
	0  -  Run Bytes Received By Job
	0  -  Total Bytes Sent By Job
	0  -  Total Bytes Received By Job
...
006 (4518.000.000) 05/23 03:16:48 Image size of job updated: 2
	3  -  MemoryUsage of job (MB)
	2864  -  ResidentSetSize of job (KB)
...
001 (4519.000.000) 05/23 03:16:59 Job executing on host: <10.240.0.78:26513?addrs=10.240.0.78-26513>
...
001 (4522.000.000) 05/23 03:16:59 Job executing on host: <10.240.0.74:43555?addrs=10.240.0.74-43555>
...
001 (4521.000.000) 05/23 03:16:59 Job executing on host: <10.240.0.75:48422?addrs=10.240.0.75-48422>
...
001 (4523.000.000) 05/23 03:16:59 Job executing on host: <10.240.0.80:37323?addrs=10.240.0.80-37323>
...
001 (4525.000.000) 05/23 03:16:59 Job executing on host: <10.240.0.82:15484?addrs=10.240.0.82-15484>
...
001 (4524.000.000) 05/23 03:16:59 Job executing on host: <10.240.0.76:37107?addrs=10.240.0.76-37107>
...
001 (4520.000.000) 05/23 03:16:59 Job executing on host: <10.240.0.77:21055?addrs=10.240.0.77-21055>
...
001 (4526.000.000) 05/23 03:16:59 Job executing on host: <10.240.0.79:55619?addrs=10.240.0.79-55619>
...
006 (4519.000.000) 05/23 03:17:08 Image size of job updated: 2
	3  -  MemoryUsage of job (MB)
	2832  -  ResidentSetSize of job (KB)
...
006 (4522.000.000) 05/23 03:17:08 Image size of job updated: 645824
	21  -  MemoryUsage of job (MB)
	20532  -  ResidentSetSize of job (KB)
...
006 (4521.000.000) 05/23 03:17:08 Image size of job updated: 2
	3  -  MemoryUsage of job (MB)
	2924  -  ResidentSetSize of job (KB)
...
006 (4523.000.000) 05/23 03:17:08 Image size of job updated: 2
	3  -  MemoryUsage of job (MB)
	2776  -  ResidentSetSize of job (KB)
...
006 (4525.000.000) 05/23 03:17:08 Image size of job updated: 2
	3  -  MemoryUsage of job (MB)
	2764  -  ResidentSetSize of job (KB)
...
006 (4524.000.000) 05/23 03:17:08 Image size of job updated: 2
	3  -  MemoryUsage of job (MB)
	2768  -  ResidentSetSize of job (KB)
...
006 (4520.000.000) 05/23 03:17:09 Image size of job updated: 2
	3  -  MemoryUsage of job (MB)
	2852  -  ResidentSetSize of job (KB)
...
006 (4526.000.000) 05/23 03:17:09 Image size of job updated: 2
	3  -  MemoryUsage of job (MB)
	2756  -  ResidentSetSize of job (KB)
...
006 (4518.000.000) 05/23 03:21:48 Image size of job updated: 1457668
	134  -  MemoryUsage of job (MB)
	136316  -  ResidentSetSize of job (KB)
...
006 (4519.000.000) 05/23 03:22:09 Image size of job updated: 1184252
	151  -  MemoryUsage of job (MB)
	153688  -  ResidentSetSize of job (KB)
...
006 (4522.000.000) 05/23 03:22:09 Image size of job updated: 1323660
	126  -  MemoryUsage of job (MB)
	128384  -  ResidentSetSize of job (KB)
...
006 (4521.000.000) 05/23 03:22:09 Image size of job updated: 1181520
	151  -  MemoryUsage of job (MB)
	153612  -  ResidentSetSize of job (KB)
...
006 (4523.000.000) 05/23 03:22:09 Image size of job updated: 1268024
	114  -  MemoryUsage of job (MB)
	116108  -  ResidentSetSize of job (KB)
...
006 (4525.000.000) 05/23 03:22:09 Image size of job updated: 1231048
	143  -  MemoryUsage of job (MB)
	146380  -  ResidentSetSize of job (KB)
...
006 (4524.000.000) 05/23 03:22:09 Image size of job updated: 1292580
	150  -  MemoryUsage of job (MB)
	152944  -  ResidentSetSize of job (KB)
...
006 (4520.000.000) 05/23 03:22:09 Image size of job updated: 1224604
	121  -  MemoryUsage of job (MB)
	123456  -  ResidentSetSize of job (KB)
...
006 (4526.000.000) 05/23 03:22:09 Image size of job updated: 1234888
	127  -  MemoryUsage of job (MB)
	129536  -  ResidentSetSize of job (KB)
...
006 (4518.000.000) 05/23 03:26:49 Image size of job updated: 1457668
	154  -  MemoryUsage of job (MB)
	157080  -  ResidentSetSize of job (KB)
...
006 (4519.000.000) 05/23 03:27:09 Image size of job updated: 1345056
	151  -  MemoryUsage of job (MB)
	153688  -  ResidentSetSize of job (KB)
...
006 (4522.000.000) 05/23 03:27:09 Image size of job updated: 1356664
	146  -  MemoryUsage of job (MB)
	148612  -  ResidentSetSize of job (KB)
...
006 (4521.000.000) 05/23 03:27:09 Image size of job updated: 1264620
	151  -  MemoryUsage of job (MB)
	153612  -  ResidentSetSize of job (KB)
...
006 (4523.000.000) 05/23 03:27:09 Image size of job updated: 1397540
	159  -  MemoryUsage of job (MB)
	162560  -  ResidentSetSize of job (KB)
...
006 (4524.000.000) 05/23 03:27:09 Image size of job updated: 1380248
	155  -  MemoryUsage of job (MB)
	158068  -  ResidentSetSize of job (KB)
...
006 (4520.000.000) 05/23 03:27:09 Image size of job updated: 1230772
	153  -  MemoryUsage of job (MB)
	156292  -  ResidentSetSize of job (KB)
...
006 (4526.000.000) 05/23 03:27:10 Image size of job updated: 1416692
	140  -  MemoryUsage of job (MB)
	142420  -  ResidentSetSize of job (KB)
...
006 (4519.000.000) 05/23 03:32:10 Image size of job updated: 1345056
	153  -  MemoryUsage of job (MB)
	156224  -  ResidentSetSize of job (KB)
...
006 (4522.000.000) 05/23 03:32:10 Image size of job updated: 1391972
	154  -  MemoryUsage of job (MB)
	156856  -  ResidentSetSize of job (KB)
...
006 (4521.000.000) 05/23 03:32:10 Image size of job updated: 1264620
	155  -  MemoryUsage of job (MB)
	158088  -  ResidentSetSize of job (KB)
...
006 (4520.000.000) 05/23 03:32:10 Image size of job updated: 1264008
	153  -  MemoryUsage of job (MB)
	156292  -  ResidentSetSize of job (KB)
...
006 (4524.000.000) 05/23 03:37:10 Image size of job updated: 1380248
	159  -  MemoryUsage of job (MB)
	162060  -  ResidentSetSize of job (KB)
...
006 (4520.000.000) 05/23 03:37:10 Image size of job updated: 1283952
	153  -  MemoryUsage of job (MB)
	156292  -  ResidentSetSize of job (KB)
...
006 (4526.000.000) 05/23 03:37:10 Image size of job updated: 1416692
	144  -  MemoryUsage of job (MB)
	146744  -  ResidentSetSize of job (KB)
...
006 (4519.000.000) 05/23 03:42:11 Image size of job updated: 1345056
	153  -  MemoryUsage of job (MB)
	156660  -  ResidentSetSize of job (KB)
...
006 (4522.000.000) 05/23 03:42:11 Image size of job updated: 1391972
	156  -  MemoryUsage of job (MB)
	159188  -  ResidentSetSize of job (KB)
...
006 (4521.000.000) 05/23 03:42:11 Image size of job updated: 1327444
	158  -  MemoryUsage of job (MB)
	161400  -  ResidentSetSize of job (KB)
...
006 (4525.000.000) 05/23 03:42:11 Image size of job updated: 1349864
	143  -  MemoryUsage of job (MB)
	146380  -  ResidentSetSize of job (KB)
...
006 (4520.000.000) 05/23 03:42:11 Image size of job updated: 1421124
	153  -  MemoryUsage of job (MB)
	156292  -  ResidentSetSize of job (KB)
...
006 (4526.000.000) 05/23 03:42:11 Image size of job updated: 1416692
	160  -  MemoryUsage of job (MB)
	163236  -  ResidentSetSize of job (KB)
...
006 (4523.000.000) 05/23 03:47:11 Image size of job updated: 1450828
	159  -  MemoryUsage of job (MB)
	162560  -  ResidentSetSize of job (KB)
...
006 (4520.000.000) 05/23 03:47:11 Image size of job updated: 1421124
	154  -  MemoryUsage of job (MB)
	157492  -  ResidentSetSize of job (KB)
...
006 (4526.000.000) 05/23 03:47:11 Image size of job updated: 1492036
	160  -  MemoryUsage of job (MB)
	163236  -  ResidentSetSize of job (KB)
...
006 (4525.000.000) 05/23 03:52:12 Image size of job updated: 1349864
	159  -  MemoryUsage of job (MB)
	161944  -  ResidentSetSize of job (KB)
...
006 (4522.000.000) 05/23 03:52:13 Image size of job updated: 1531644
	156  -  MemoryUsage of job (MB)
	159188  -  ResidentSetSize of job (KB)
...
006 (4521.000.000) 05/23 03:52:13 Image size of job updated: 1367364
	158  -  MemoryUsage of job (MB)
	161400  -  ResidentSetSize of job (KB)
...
006 (4524.000.000) 05/23 03:57:12 Image size of job updated: 1415712
	159  -  MemoryUsage of job (MB)
	162060  -  ResidentSetSize of job (KB)
...
006 (4520.000.000) 05/23 03:57:12 Image size of job updated: 1422044
	154  -  MemoryUsage of job (MB)
	157492  -  ResidentSetSize of job (KB)
...
006 (4519.000.000) 05/23 04:02:12 Image size of job updated: 1386468
	153  -  MemoryUsage of job (MB)
	156660  -  ResidentSetSize of job (KB)
...
006 (4520.000.000) 05/23 04:02:13 Image size of job updated: 1462612
	154  -  MemoryUsage of job (MB)
	157492  -  ResidentSetSize of job (KB)
...
005 (4522.000.000) 05/23 04:05:08 Job terminated.
	(1) Normal termination (return value 0)
		Usr 0 00:12:46, Sys 0 00:04:41  -  Run Remote Usage
		Usr 0 00:00:00, Sys 0 00:00:00  -  Run Local Usage
		Usr 0 00:12:46, Sys 0 00:04:41  -  Total Remote Usage
		Usr 0 00:00:00, Sys 0 00:00:00  -  Total Local Usage
	286464  -  Run Bytes Sent By Job
	1665386  -  Run Bytes Received By Job
	286464  -  Total Bytes Sent By Job
	1665386  -  Total Bytes Received By Job
	Partitionable Resources :    Usage  Request Allocated
	   Cpus                 :                 1         1
	   Disk (KB)            :    68221     1750   7341816
	   Memory (MB)          :      156        1      3700
...
006 (4523.000.000) 05/23 04:06:12 Image size of job updated: 1482972
	159  -  MemoryUsage of job (MB)
	162560  -  ResidentSetSize of job (KB)
...
005 (4523.000.000) 05/23 04:06:14 Job terminated.
	(1) Normal termination (return value 0)
		Usr 0 00:13:09, Sys 0 00:06:02  -  Run Remote Usage
		Usr 0 00:00:00, Sys 0 00:00:00  -  Run Local Usage
		Usr 0 00:13:09, Sys 0 00:06:02  -  Total Remote Usage
		Usr 0 00:00:00, Sys 0 00:00:00  -  Total Local Usage
	286457  -  Run Bytes Sent By Job
	1665384  -  Run Bytes Received By Job
	286457  -  Total Bytes Sent By Job
	1665384  -  Total Bytes Received By Job
	Partitionable Resources :    Usage  Request Allocated
	   Cpus                 :                 1         1
	   Disk (KB)            :    66825     1750   7469928
	   Memory (MB)          :      159        1      3700
...
006 (4526.000.000) 05/23 04:06:57 Image size of job updated: 1498780
	160  -  MemoryUsage of job (MB)
	163236  -  ResidentSetSize of job (KB)
...
005 (4526.000.000) 05/23 04:06:59 Job terminated.
	(1) Normal termination (return value 0)
		Usr 0 00:12:35, Sys 0 00:05:03  -  Run Remote Usage
		Usr 0 00:00:00, Sys 0 00:00:00  -  Run Local Usage
		Usr 0 00:12:35, Sys 0 00:05:03  -  Total Remote Usage
		Usr 0 00:00:00, Sys 0 00:00:00  -  Total Local Usage
	286458  -  Run Bytes Sent By Job
	1665385  -  Run Bytes Received By Job
	286458  -  Total Bytes Sent By Job
	1665385  -  Total Bytes Received By Job
	Partitionable Resources :    Usage  Request Allocated
	   Cpus                 :                 1         1
	   Disk (KB)            :    65801     1750   7330616
	   Memory (MB)          :      160        1      3700
...
005 (4518.000.000) 05/23 04:07:01 Job terminated.
	(1) Normal termination (return value 0)
		Usr 0 00:14:06, Sys 0 00:05:14  -  Run Remote Usage
		Usr 0 00:00:00, Sys 0 00:00:00  -  Run Local Usage
		Usr 0 00:14:06, Sys 0 00:05:14  -  Total Remote Usage
		Usr 0 00:00:00, Sys 0 00:00:00  -  Total Local Usage
	286464  -  Run Bytes Sent By Job
	1665386  -  Run Bytes Received By Job
	286464  -  Total Bytes Sent By Job
	1665386  -  Total Bytes Received By Job
	Partitionable Resources :    Usage  Request Allocated
	   Cpus                 :                 1         1
	   Disk (KB)            :    72226     1750   7469812
	   Memory (MB)          :      154        1      3700
...
006 (4519.000.000) 05/23 04:07:13 Image size of job updated: 1523096
	162  -  MemoryUsage of job (MB)
	165572  -  ResidentSetSize of job (KB)
...
006 (4525.000.000) 05/23 04:07:13 Image size of job updated: 1446876
	159  -  MemoryUsage of job (MB)
	161944  -  ResidentSetSize of job (KB)
...
006 (4520.000.000) 05/23 04:09:15 Image size of job updated: 1477204
	154  -  MemoryUsage of job (MB)
	157492  -  ResidentSetSize of job (KB)
...
005 (4520.000.000) 05/23 04:09:17 Job terminated.
	(1) Normal termination (return value 0)
		Usr 0 00:14:06, Sys 0 00:05:01  -  Run Remote Usage
		Usr 0 00:00:00, Sys 0 00:00:00  -  Run Local Usage
		Usr 0 00:14:06, Sys 0 00:05:01  -  Total Remote Usage
		Usr 0 00:00:00, Sys 0 00:00:00  -  Total Local Usage
	286464  -  Run Bytes Sent By Job
	1665386  -  Run Bytes Received By Job
	286464  -  Total Bytes Sent By Job
	1665386  -  Total Bytes Received By Job
	Partitionable Resources :    Usage  Request Allocated
	   Cpus                 :                 1         1
	   Disk (KB)            :    69185     1750   7341656
	   Memory (MB)          :      154        1      3700
...
005 (4524.000.000) 05/23 04:10:13 Job terminated.
	(1) Normal termination (return value 0)
		Usr 0 00:13:57, Sys 0 00:05:58  -  Run Remote Usage
		Usr 0 00:00:00, Sys 0 00:00:00  -  Run Local Usage
		Usr 0 00:13:57, Sys 0 00:05:58  -  Total Remote Usage
		Usr 0 00:00:00, Sys 0 00:00:00  -  Total Local Usage
	286464  -  Run Bytes Sent By Job
	1665384  -  Run Bytes Received By Job
	286464  -  Total Bytes Sent By Job
	1665384  -  Total Bytes Received By Job
	Partitionable Resources :    Usage  Request Allocated
	   Cpus                 :                 1         1
	   Disk (KB)            :    67613     1750   7341828
	   Memory (MB)          :      159        1      3700
...
005 (4519.000.000) 05/23 04:11:52 Job terminated.
	(1) Normal termination (return value 0)
		Usr 0 00:15:14, Sys 0 00:05:36  -  Run Remote Usage
		Usr 0 00:00:00, Sys 0 00:00:00  -  Run Local Usage
		Usr 0 00:15:14, Sys 0 00:05:36  -  Total Remote Usage
		Usr 0 00:00:00, Sys 0 00:00:00  -  Total Local Usage
	286464  -  Run Bytes Sent By Job
	1665386  -  Run Bytes Received By Job
	286464  -  Total Bytes Sent By Job
	1665386  -  Total Bytes Received By Job
	Partitionable Resources :    Usage  Request Allocated
	   Cpus                 :                 1         1
	   Disk (KB)            :    65281     1750   7341476
	   Memory (MB)          :      162        1      3700
...
005 (4521.000.000) 05/23 04:12:59 Job terminated.
	(1) Normal termination (return value 0)
		Usr 0 00:17:03, Sys 0 00:06:04  -  Run Remote Usage
		Usr 0 00:00:00, Sys 0 00:00:00  -  Run Local Usage
		Usr 0 00:17:03, Sys 0 00:06:04  -  Total Remote Usage
		Usr 0 00:00:00, Sys 0 00:00:00  -  Total Local Usage
	286465  -  Run Bytes Sent By Job
	1665386  -  Run Bytes Received By Job
	286465  -  Total Bytes Sent By Job
	1665386  -  Total Bytes Received By Job
	Partitionable Resources :    Usage  Request Allocated
	   Cpus                 :                 1         1
	   Disk (KB)            :    71117     1750   7341760
	   Memory (MB)          :      158        1      3700
...
000 (4527.000.000) 05/23 04:13:10 Job submitted from host: <10.240.0.3:18881?addrs=10.240.0.3-18881>
    DAG Node: clean_up_local_level_5_0
    pool:local
...
001 (4527.000.000) 05/23 04:13:10 Job executing on host: <10.240.0.3:41420?addrs=10.240.0.3-41420>
...
005 (4527.000.000) 05/23 04:13:24 Job terminated.
	(1) Normal termination (return value 0)
		Usr 0 00:00:00, Sys 0 00:00:00  -  Run Remote Usage
		Usr 0 00:00:00, Sys 0 00:00:00  -  Run Local Usage
		Usr 0 00:00:00, Sys 0 00:00:00  -  Total Remote Usage
		Usr 0 00:00:00, Sys 0 00:00:00  -  Total Local Usage
	0  -  Run Bytes Sent By Job
	0  -  Run Bytes Received By Job
	0  -  Total Bytes Sent By Job
	0  -  Total Bytes Received By Job
...
005 (4525.000.000) 05/23 04:13:51 Job terminated.
	(1) Normal termination (return value 0)
		Usr 0 00:16:33, Sys 0 00:05:51  -  Run Remote Usage
		Usr 0 00:00:00, Sys 0 00:00:00  -  Run Local Usage
		Usr 0 00:16:33, Sys 0 00:05:51  -  Total Remote Usage
		Usr 0 00:00:00, Sys 0 00:00:00  -  Total Local Usage
	286464  -  Run Bytes Sent By Job
	1665380  -  Run Bytes Received By Job
	286464  -  Total Bytes Sent By Job
	1665380  -  Total Bytes Received By Job
	Partitionable Resources :    Usage  Request Allocated
	   Cpus                 :                 1         1
	   Disk (KB)            :    69465     1750   7341748
	   Memory (MB)          :      159        1      3700
...
000 (4528.000.000) 05/23 04:14:05 Job submitted from host: <10.240.0.3:18881?addrs=10.240.0.3-18881>
    DAG Node: averageratio_6_ID0000020
    pool:condorpool
...
000 (4529.000.000) 05/23 04:14:05 Job submitted from host: <10.240.0.3:18881?addrs=10.240.0.3-18881>
    DAG Node: averageratio_4_ID0000018
    pool:condorpool
...
000 (4530.000.000) 05/23 04:14:05 Job submitted from host: <10.240.0.3:18881?addrs=10.240.0.3-18881>
    DAG Node: averageratio_5_ID0000019
    pool:condorpool
...
000 (4531.000.000) 05/23 04:14:05 Job submitted from host: <10.240.0.3:18881?addrs=10.240.0.3-18881>
    DAG Node: averageratio_7_ID0000021
    pool:condorpool
...
000 (4532.000.000) 05/23 04:14:05 Job submitted from host: <10.240.0.3:18881?addrs=10.240.0.3-18881>
    DAG Node: averageratio_1_ID0000015
    pool:condorpool
...
001 (4529.000.000) 05/23 04:14:08 Job executing on host: <10.240.0.81:1915?addrs=10.240.0.81-1915>
...
001 (4528.000.000) 05/23 04:14:08 Job executing on host: <10.240.0.78:26513?addrs=10.240.0.78-26513>
...
006 (4528.000.000) 05/23 04:14:09 Image size of job updated: 2
	0  -  MemoryUsage of job (MB)
	0  -  ResidentSetSize of job (KB)
...
000 (4533.000.000) 05/23 04:14:10 Job submitted from host: <10.240.0.3:18881?addrs=10.240.0.3-18881>
    DAG Node: averageratio_3_ID0000017
    pool:condorpool
...
000 (4534.000.000) 05/23 04:14:10 Job submitted from host: <10.240.0.3:18881?addrs=10.240.0.3-18881>
    DAG Node: averageratio_2_ID0000016
    pool:condorpool
...
005 (4528.000.000) 05/23 04:14:10 Job terminated.
	(1) Normal termination (return value 0)
		Usr 0 00:00:00, Sys 0 00:00:00  -  Run Remote Usage
		Usr 0 00:00:00, Sys 0 00:00:00  -  Run Local Usage
		Usr 0 00:00:00, Sys 0 00:00:00  -  Total Remote Usage
		Usr 0 00:00:00, Sys 0 00:00:00  -  Total Local Usage
	4798  -  Run Bytes Sent By Job
	1662408  -  Run Bytes Received By Job
	4798  -  Total Bytes Sent By Job
	1662408  -  Total Bytes Received By Job
	Partitionable Resources :    Usage  Request Allocated
	   Cpus                 :                 1         1
	   Disk (KB)            :     7005     1750   7341276
	   Memory (MB)          :        0        1      3700
...
000 (4535.000.000) 05/23 04:14:10 Job submitted from host: <10.240.0.3:18881?addrs=10.240.0.3-18881>
    DAG Node: averageratio_0_ID0000014
    pool:condorpool
...
000 (4536.000.000) 05/23 04:14:10 Job submitted from host: <10.240.0.3:18881?addrs=10.240.0.3-18881>
    DAG Node: clean_up_local_level_5_1
    pool:local
...
000 (4537.000.000) 05/23 04:14:10 Job submitted from host: <10.240.0.3:18881?addrs=10.240.0.3-18881>
    DAG Node: averageratio_8_ID0000022
    pool:condorpool
...
001 (4536.000.000) 05/23 04:14:11 Job executing on host: <10.240.0.3:26350?addrs=10.240.0.3-26350>
...
001 (4530.000.000) 05/23 04:14:13 Job executing on host: <10.240.0.78:26513?addrs=10.240.0.78-26513>
...
006 (4529.000.000) 05/23 04:14:17 Image size of job updated: 359036
	21  -  MemoryUsage of job (MB)
	20536  -  ResidentSetSize of job (KB)
...
006 (4530.000.000) 05/23 04:14:22 Image size of job updated: 359036
	20  -  MemoryUsage of job (MB)
	20324  -  ResidentSetSize of job (KB)
...
005 (4536.000.000) 05/23 04:14:26 Job terminated.
	(1) Normal termination (return value 0)
		Usr 0 00:00:00, Sys 0 00:00:00  -  Run Remote Usage
		Usr 0 00:00:00, Sys 0 00:00:00  -  Run Local Usage
		Usr 0 00:00:00, Sys 0 00:00:00  -  Total Remote Usage
		Usr 0 00:00:00, Sys 0 00:00:00  -  Total Local Usage
	0  -  Run Bytes Sent By Job
	0  -  Run Bytes Received By Job
	0  -  Total Bytes Sent By Job
	0  -  Total Bytes Received By Job
...
001 (4533.000.000) 05/23 04:14:28 Job executing on host: <10.240.0.74:43555?addrs=10.240.0.74-43555>
...
001 (4535.000.000) 05/23 04:14:28 Job executing on host: <10.240.0.76:37107?addrs=10.240.0.76-37107>
...
001 (4534.000.000) 05/23 04:14:28 Job executing on host: <10.240.0.80:37323?addrs=10.240.0.80-37323>
...
001 (4532.000.000) 05/23 04:14:28 Job executing on host: <10.240.0.75:48422?addrs=10.240.0.75-48422>
...
001 (4531.000.000) 05/23 04:14:28 Job executing on host: <10.240.0.77:21055?addrs=10.240.0.77-21055>
...
001 (4537.000.000) 05/23 04:14:29 Job executing on host: <10.240.0.82:15484?addrs=10.240.0.82-15484>
...
006 (4531.000.000) 05/23 04:14:30 Image size of job updated: 2
	0  -  MemoryUsage of job (MB)
	0  -  ResidentSetSize of job (KB)
...
005 (4531.000.000) 05/23 04:14:31 Job terminated.
	(1) Normal termination (return value 0)
		Usr 0 00:00:00, Sys 0 00:00:00  -  Run Remote Usage
		Usr 0 00:00:00, Sys 0 00:00:00  -  Run Local Usage
		Usr 0 00:00:00, Sys 0 00:00:00  -  Total Remote Usage
		Usr 0 00:00:00, Sys 0 00:00:00  -  Total Local Usage
	4798  -  Run Bytes Sent By Job
	1662408  -  Run Bytes Received By Job
	4798  -  Total Bytes Sent By Job
	1662408  -  Total Bytes Received By Job
	Partitionable Resources :    Usage  Request Allocated
	   Cpus                 :                 1         1
	   Disk (KB)            :     7005     1750   7341464
	   Memory (MB)          :        0        1      3700
...
006 (4533.000.000) 05/23 04:14:37 Image size of job updated: 2
	3  -  MemoryUsage of job (MB)
	2848  -  ResidentSetSize of job (KB)
...
006 (4535.000.000) 05/23 04:14:37 Image size of job updated: 2
	3  -  MemoryUsage of job (MB)
	2780  -  ResidentSetSize of job (KB)
...
006 (4534.000.000) 05/23 04:14:37 Image size of job updated: 2
	3  -  MemoryUsage of job (MB)
	2788  -  ResidentSetSize of job (KB)
...
006 (4532.000.000) 05/23 04:14:37 Image size of job updated: 2
	3  -  MemoryUsage of job (MB)
	2832  -  ResidentSetSize of job (KB)
...
006 (4537.000.000) 05/23 04:14:37 Image size of job updated: 2
	3  -  MemoryUsage of job (MB)
	2824  -  ResidentSetSize of job (KB)
...
006 (4537.000.000) 05/23 04:14:44 Image size of job updated: 483160
	3  -  MemoryUsage of job (MB)
	2824  -  ResidentSetSize of job (KB)
...
005 (4537.000.000) 05/23 04:14:45 Job terminated.
	(1) Normal termination (return value 0)
		Usr 0 00:00:02, Sys 0 00:00:00  -  Run Remote Usage
		Usr 0 00:00:00, Sys 0 00:00:00  -  Run Local Usage
		Usr 0 00:00:02, Sys 0 00:00:00  -  Total Remote Usage
		Usr 0 00:00:00, Sys 0 00:00:00  -  Total Local Usage
	4804  -  Run Bytes Sent By Job
	1662408  -  Run Bytes Received By Job
	4804  -  Total Bytes Sent By Job
	1662408  -  Total Bytes Received By Job
	Partitionable Resources :    Usage  Request Allocated
	   Cpus                 :                 1         1
	   Disk (KB)            :     7005     1750   7341544
	   Memory (MB)          :        3        1      3700
...
006 (4533.000.000) 05/23 04:15:11 Image size of job updated: 747852
	3  -  MemoryUsage of job (MB)
	2848  -  ResidentSetSize of job (KB)
...
005 (4533.000.000) 05/23 04:15:12 Job terminated.
	(1) Normal termination (return value 0)
		Usr 0 00:00:02, Sys 0 00:00:00  -  Run Remote Usage
		Usr 0 00:00:00, Sys 0 00:00:00  -  Run Local Usage
		Usr 0 00:00:02, Sys 0 00:00:00  -  Total Remote Usage
		Usr 0 00:00:00, Sys 0 00:00:00  -  Total Local Usage
	4796  -  Run Bytes Sent By Job
	1662408  -  Run Bytes Received By Job
	4796  -  Total Bytes Sent By Job
	1662408  -  Total Bytes Received By Job
	Partitionable Resources :    Usage  Request Allocated
	   Cpus                 :                 1         1
	   Disk (KB)            :     7004     1750   7341628
	   Memory (MB)          :        3        1      3700
...
006 (4534.000.000) 05/23 04:15:16 Image size of job updated: 486964
	3  -  MemoryUsage of job (MB)
	2788  -  ResidentSetSize of job (KB)
...
005 (4534.000.000) 05/23 04:15:17 Job terminated.
	(1) Normal termination (return value 0)
		Usr 0 00:00:03, Sys 0 00:00:00  -  Run Remote Usage
		Usr 0 00:00:00, Sys 0 00:00:00  -  Run Local Usage
		Usr 0 00:00:03, Sys 0 00:00:00  -  Total Remote Usage
		Usr 0 00:00:00, Sys 0 00:00:00  -  Total Local Usage
	4811  -  Run Bytes Sent By Job
	1662408  -  Run Bytes Received By Job
	4811  -  Total Bytes Sent By Job
	1662408  -  Total Bytes Received By Job
	Partitionable Resources :    Usage  Request Allocated
	   Cpus                 :                 1         1
	   Disk (KB)            :     7005     1750   7469736
	   Memory (MB)          :        3        1      3700
...
006 (4530.000.000) 05/23 04:15:20 Image size of job updated: 483204
	20  -  MemoryUsage of job (MB)
	20324  -  ResidentSetSize of job (KB)
...
005 (4530.000.000) 05/23 04:15:21 Job terminated.
	(1) Normal termination (return value 0)
		Usr 0 00:00:07, Sys 0 00:00:00  -  Run Remote Usage
		Usr 0 00:00:00, Sys 0 00:00:00  -  Run Local Usage
		Usr 0 00:00:07, Sys 0 00:00:00  -  Total Remote Usage
		Usr 0 00:00:00, Sys 0 00:00:00  -  Total Local Usage
	4807  -  Run Bytes Sent By Job
	1662408  -  Run Bytes Received By Job
	4807  -  Total Bytes Sent By Job
	1662408  -  Total Bytes Received By Job
	Partitionable Resources :    Usage  Request Allocated
	   Cpus                 :                 1         1
	   Disk (KB)            :     7005     1750   7341276
	   Memory (MB)          :       20        1      3700
...
006 (4529.000.000) 05/23 04:15:24 Image size of job updated: 492148
	21  -  MemoryUsage of job (MB)
	20536  -  ResidentSetSize of job (KB)
...
005 (4529.000.000) 05/23 04:15:25 Job terminated.
	(1) Normal termination (return value 0)
		Usr 0 00:00:11, Sys 0 00:00:00  -  Run Remote Usage
		Usr 0 00:00:00, Sys 0 00:00:00  -  Run Local Usage
		Usr 0 00:00:11, Sys 0 00:00:00  -  Total Remote Usage
		Usr 0 00:00:00, Sys 0 00:00:00  -  Total Local Usage
	4800  -  Run Bytes Sent By Job
	1662408  -  Run Bytes Received By Job
	4800  -  Total Bytes Sent By Job
	1662408  -  Total Bytes Received By Job
	Partitionable Resources :    Usage  Request Allocated
	   Cpus                 :                 1         1
	   Disk (KB)            :     7004     1750   7469592
	   Memory (MB)          :       21        1      3700
...
006 (4535.000.000) 05/23 04:15:55 Image size of job updated: 495548
	3  -  MemoryUsage of job (MB)
	2780  -  ResidentSetSize of job (KB)
...
005 (4535.000.000) 05/23 04:15:56 Job terminated.
	(1) Normal termination (return value 0)
		Usr 0 00:00:34, Sys 0 00:00:00  -  Run Remote Usage
		Usr 0 00:00:00, Sys 0 00:00:00  -  Run Local Usage
		Usr 0 00:00:34, Sys 0 00:00:00  -  Total Remote Usage
		Usr 0 00:00:00, Sys 0 00:00:00  -  Total Local Usage
	4800  -  Run Bytes Sent By Job
	1662408  -  Run Bytes Received By Job
	4800  -  Total Bytes Sent By Job
	1662408  -  Total Bytes Received By Job
	Partitionable Resources :    Usage  Request Allocated
	   Cpus                 :                 1         1
	   Disk (KB)            :     7005     1750   7341628
	   Memory (MB)          :        3        1      3700
...
006 (4532.000.000) 05/23 04:16:01 Image size of job updated: 499048
	3  -  MemoryUsage of job (MB)
	2832  -  ResidentSetSize of job (KB)
...
005 (4532.000.000) 05/23 04:16:02 Job terminated.
	(1) Normal termination (return value 0)
		Usr 0 00:00:47, Sys 0 00:00:00  -  Run Remote Usage
		Usr 0 00:00:00, Sys 0 00:00:00  -  Run Local Usage
		Usr 0 00:00:47, Sys 0 00:00:00  -  Total Remote Usage
		Usr 0 00:00:00, Sys 0 00:00:00  -  Total Local Usage
	4786  -  Run Bytes Sent By Job
	1662408  -  Run Bytes Received By Job
	4786  -  Total Bytes Sent By Job
	1662408  -  Total Bytes Received By Job
	Partitionable Resources :    Usage  Request Allocated
	   Cpus                 :                 1         1
	   Disk (KB)            :     7004     1750   7341552
	   Memory (MB)          :        3        1      3700
...
000 (4538.000.000) 05/23 04:16:10 Job submitted from host: <10.240.0.3:18881?addrs=10.240.0.3-18881>
    DAG Node: clean_up_local_level_6_1
    pool:local
...
001 (4538.000.000) 05/23 04:16:10 Job executing on host: <10.240.0.3:5361?addrs=10.240.0.3-5361>
...
000 (4539.000.000) 05/23 04:16:15 Job submitted from host: <10.240.0.3:18881?addrs=10.240.0.3-18881>
    DAG Node: clean_up_local_level_6_0
    pool:local
...
000 (4540.000.000) 05/23 04:16:15 Job submitted from host: <10.240.0.3:18881?addrs=10.240.0.3-18881>
    DAG Node: maxminratio_0_ID0000023
    pool:condorpool
...
001 (4539.000.000) 05/23 04:16:16 Job executing on host: <10.240.0.3:13192?addrs=10.240.0.3-13192>
...
001 (4540.000.000) 05/23 04:16:18 Job executing on host: <10.240.0.75:48422?addrs=10.240.0.75-48422>
...
006 (4540.000.000) 05/23 04:16:19 Image size of job updated: 2
	0  -  MemoryUsage of job (MB)
	0  -  ResidentSetSize of job (KB)
...
005 (4540.000.000) 05/23 04:16:20 Job terminated.
	(1) Normal termination (return value 0)
		Usr 0 00:00:00, Sys 0 00:00:00  -  Run Remote Usage
		Usr 0 00:00:00, Sys 0 00:00:00  -  Run Local Usage
		Usr 0 00:00:00, Sys 0 00:00:00  -  Total Remote Usage
		Usr 0 00:00:00, Sys 0 00:00:00  -  Total Local Usage
	7012  -  Run Bytes Sent By Job
	1662225  -  Run Bytes Received By Job
	7012  -  Total Bytes Sent By Job
	1662225  -  Total Bytes Received By Job
	Partitionable Resources :    Usage  Request Allocated
	   Cpus                 :                 1         1
	   Disk (KB)            :     7007     1750   7341552
	   Memory (MB)          :        0        1      3700
...
005 (4539.000.000) 05/23 04:16:26 Job terminated.
	(1) Normal termination (return value 0)
		Usr 0 00:00:00, Sys 0 00:00:00  -  Run Remote Usage
		Usr 0 00:00:00, Sys 0 00:00:00  -  Run Local Usage
		Usr 0 00:00:00, Sys 0 00:00:00  -  Total Remote Usage
		Usr 0 00:00:00, Sys 0 00:00:00  -  Total Local Usage
	0  -  Run Bytes Sent By Job
	0  -  Run Bytes Received By Job
	0  -  Total Bytes Sent By Job
	0  -  Total Bytes Received By Job
...
005 (4538.000.000) 05/23 04:16:26 Job terminated.
	(1) Normal termination (return value 0)
		Usr 0 00:00:00, Sys 0 00:00:00  -  Run Remote Usage
		Usr 0 00:00:00, Sys 0 00:00:00  -  Run Local Usage
		Usr 0 00:00:00, Sys 0 00:00:00  -  Total Remote Usage
		Usr 0 00:00:00, Sys 0 00:00:00  -  Total Local Usage
	0  -  Run Bytes Sent By Job
	0  -  Run Bytes Received By Job
	0  -  Total Bytes Sent By Job
	0  -  Total Bytes Received By Job
...
000 (4541.000.000) 05/23 04:16:30 Job submitted from host: <10.240.0.3:18881?addrs=10.240.0.3-18881>
    DAG Node: clean_up_local_level_7_0
    pool:local
...
001 (4541.000.000) 05/23 04:16:30 Job executing on host: <10.240.0.3:13979?addrs=10.240.0.3-13979>
...
005 (4541.000.000) 05/23 04:16:35 Job terminated.
	(1) Normal termination (return value 0)
		Usr 0 00:00:00, Sys 0 00:00:00  -  Run Remote Usage
		Usr 0 00:00:00, Sys 0 00:00:00  -  Run Local Usage
		Usr 0 00:00:00, Sys 0 00:00:00  -  Total Remote Usage
		Usr 0 00:00:00, Sys 0 00:00:00  -  Total Local Usage
	0  -  Run Bytes Sent By Job
	0  -  Run Bytes Received By Job
	0  -  Total Bytes Sent By Job
	0  -  Total Bytes Received By Job
...
000 (4542.000.000) 05/23 04:16:45 Job submitted from host: <10.240.0.3:18881?addrs=10.240.0.3-18881>
    DAG Node: cleanup_example_workflow_0_local
    pool:local
...
001 (4542.000.000) 05/23 04:16:45 Job executing on host: <10.240.0.3:60710?addrs=10.240.0.3-60710>
...
005 (4542.000.000) 05/23 04:16:47 Job terminated.
	(1) Normal termination (return value 0)
		Usr 0 00:00:00, Sys 0 00:00:00  -  Run Remote Usage
		Usr 0 00:00:00, Sys 0 00:00:00  -  Run Local Usage
		Usr 0 00:00:00, Sys 0 00:00:00  -  Total Remote Usage
		Usr 0 00:00:00, Sys 0 00:00:00  -  Total Local Usage
	0  -  Run Bytes Sent By Job
	0  -  Run Bytes Received By Job
	0  -  Total Bytes Sent By Job
	0  -  Total Bytes Received By Job
...
