000 (2854.000.000) 05/14 18:55:19 Job submitted from host: <10.240.0.3:31139?addrs=10.240.0.3-31139>
    DAG Node: create_dir_example_workflow_0_local
    pool:local
...
000 (2855.000.000) 05/14 18:55:19 Job submitted from host: <10.240.0.3:31139?addrs=10.240.0.3-31139>
    DAG Node: stage_worker_local_example_workflow_0_local
    pool:local
...
001 (2855.000.000) 05/14 18:55:20 Job executing on host: <10.240.0.3:48400?addrs=10.240.0.3-48400>
...
001 (2854.000.000) 05/14 18:55:20 Job executing on host: <10.240.0.3:58468?addrs=10.240.0.3-58468>
...
005 (2855.000.000) 05/14 18:55:22 Job terminated.
	(1) Normal termination (return value 0)
		Usr 0 00:00:00, Sys 0 00:00:00  -  Run Remote Usage
		Usr 0 00:00:00, Sys 0 00:00:00  -  Run Local Usage
		Usr 0 00:00:00, Sys 0 00:00:00  -  Total Remote Usage
		Usr 0 00:00:00, Sys 0 00:00:00  -  Total Local Usage
	0  -  Run Bytes Sent By Job
	0  -  Run Bytes Received By Job
	0  -  Total Bytes Sent By Job
	0  -  Total Bytes Received By Job
...
005 (2854.000.000) 05/14 18:55:22 Job terminated.
	(1) Normal termination (return value 0)
		Usr 0 00:00:00, Sys 0 00:00:00  -  Run Remote Usage
		Usr 0 00:00:00, Sys 0 00:00:00  -  Run Local Usage
		Usr 0 00:00:00, Sys 0 00:00:00  -  Total Remote Usage
		Usr 0 00:00:00, Sys 0 00:00:00  -  Total Local Usage
	0  -  Run Bytes Sent By Job
	0  -  Run Bytes Received By Job
	0  -  Total Bytes Sent By Job
	0  -  Total Bytes Received By Job
...
000 (2856.000.000) 05/14 18:55:34 Job submitted from host: <10.240.0.3:31139?addrs=10.240.0.3-31139>
    DAG Node: stage_in_local_local_0_0
    pool:local
...
001 (2856.000.000) 05/14 18:55:34 Job executing on host: <10.240.0.3:59358?addrs=10.240.0.3-59358>
...
000 (2857.000.000) 05/14 18:55:34 Job submitted from host: <10.240.0.3:31139?addrs=10.240.0.3-31139>
    DAG Node: stage_in_remote_local_2_1
    pool:local
...
000 (2858.000.000) 05/14 18:55:34 Job submitted from host: <10.240.0.3:31139?addrs=10.240.0.3-31139>
    DAG Node: stage_in_local_local_1_1
    pool:local
...
000 (2859.000.000) 05/14 18:55:34 Job submitted from host: <10.240.0.3:31139?addrs=10.240.0.3-31139>
    DAG Node: stage_in_local_local_4_0
    pool:local
...
000 (2860.000.000) 05/14 18:55:34 Job submitted from host: <10.240.0.3:31139?addrs=10.240.0.3-31139>
    DAG Node: stage_in_local_local_1_0
    pool:local
...
005 (2856.000.000) 05/14 18:55:36 Job terminated.
	(1) Normal termination (return value 0)
		Usr 0 00:00:00, Sys 0 00:00:00  -  Run Remote Usage
		Usr 0 00:00:00, Sys 0 00:00:00  -  Run Local Usage
		Usr 0 00:00:00, Sys 0 00:00:00  -  Total Remote Usage
		Usr 0 00:00:00, Sys 0 00:00:00  -  Total Local Usage
	0  -  Run Bytes Sent By Job
	0  -  Run Bytes Received By Job
	0  -  Total Bytes Sent By Job
	0  -  Total Bytes Received By Job
...
001 (2858.000.000) 05/14 18:55:36 Job executing on host: <10.240.0.3:1528?addrs=10.240.0.3-1528>
...
001 (2857.000.000) 05/14 18:55:36 Job executing on host: <10.240.0.3:65232?addrs=10.240.0.3-65232>
...
001 (2860.000.000) 05/14 18:55:36 Job executing on host: <10.240.0.3:16755?addrs=10.240.0.3-16755>
...
001 (2859.000.000) 05/14 18:55:36 Job executing on host: <10.240.0.3:58948?addrs=10.240.0.3-58948>
...
005 (2859.000.000) 05/14 18:55:38 Job terminated.
	(1) Normal termination (return value 0)
		Usr 0 00:00:00, Sys 0 00:00:00  -  Run Remote Usage
		Usr 0 00:00:00, Sys 0 00:00:00  -  Run Local Usage
		Usr 0 00:00:00, Sys 0 00:00:00  -  Total Remote Usage
		Usr 0 00:00:00, Sys 0 00:00:00  -  Total Local Usage
	0  -  Run Bytes Sent By Job
	0  -  Run Bytes Received By Job
	0  -  Total Bytes Sent By Job
	0  -  Total Bytes Received By Job
...
005 (2858.000.000) 05/14 18:55:38 Job terminated.
	(1) Normal termination (return value 0)
		Usr 0 00:00:00, Sys 0 00:00:00  -  Run Remote Usage
		Usr 0 00:00:00, Sys 0 00:00:00  -  Run Local Usage
		Usr 0 00:00:00, Sys 0 00:00:00  -  Total Remote Usage
		Usr 0 00:00:00, Sys 0 00:00:00  -  Total Local Usage
	0  -  Run Bytes Sent By Job
	0  -  Run Bytes Received By Job
	0  -  Total Bytes Sent By Job
	0  -  Total Bytes Received By Job
...
000 (2861.000.000) 05/14 18:55:39 Job submitted from host: <10.240.0.3:31139?addrs=10.240.0.3-31139>
    DAG Node: stage_in_local_local_2_0
    pool:local
...
000 (2862.000.000) 05/14 18:55:39 Job submitted from host: <10.240.0.3:31139?addrs=10.240.0.3-31139>
    DAG Node: stage_in_remote_local_1_1
    pool:local
...
000 (2863.000.000) 05/14 18:55:39 Job submitted from host: <10.240.0.3:31139?addrs=10.240.0.3-31139>
    DAG Node: stage_in_remote_local_4_0
    pool:local
...
000 (2864.000.000) 05/14 18:55:39 Job submitted from host: <10.240.0.3:31139?addrs=10.240.0.3-31139>
    DAG Node: stage_in_remote_local_1_0
    pool:local
...
000 (2865.000.000) 05/14 18:55:39 Job submitted from host: <10.240.0.3:31139?addrs=10.240.0.3-31139>
    DAG Node: stage_in_local_local_3_0
    pool:local
...
005 (2860.000.000) 05/14 18:55:40 Job terminated.
	(1) Normal termination (return value 0)
		Usr 0 00:00:00, Sys 0 00:00:00  -  Run Remote Usage
		Usr 0 00:00:00, Sys 0 00:00:00  -  Run Local Usage
		Usr 0 00:00:00, Sys 0 00:00:00  -  Total Remote Usage
		Usr 0 00:00:00, Sys 0 00:00:00  -  Total Local Usage
	0  -  Run Bytes Sent By Job
	0  -  Run Bytes Received By Job
	0  -  Total Bytes Sent By Job
	0  -  Total Bytes Received By Job
...
005 (2857.000.000) 05/14 18:55:40 Job terminated.
	(1) Normal termination (return value 0)
		Usr 0 00:00:00, Sys 0 00:00:00  -  Run Remote Usage
		Usr 0 00:00:00, Sys 0 00:00:00  -  Run Local Usage
		Usr 0 00:00:00, Sys 0 00:00:00  -  Total Remote Usage
		Usr 0 00:00:00, Sys 0 00:00:00  -  Total Local Usage
	0  -  Run Bytes Sent By Job
	0  -  Run Bytes Received By Job
	0  -  Total Bytes Sent By Job
	0  -  Total Bytes Received By Job
...
001 (2861.000.000) 05/14 18:55:40 Job executing on host: <10.240.0.3:31140?addrs=10.240.0.3-31140>
...
001 (2864.000.000) 05/14 18:55:40 Job executing on host: <10.240.0.3:55497?addrs=10.240.0.3-55497>
...
001 (2863.000.000) 05/14 18:55:40 Job executing on host: <10.240.0.3:30472?addrs=10.240.0.3-30472>
...
001 (2862.000.000) 05/14 18:55:41 Job executing on host: <10.240.0.3:43849?addrs=10.240.0.3-43849>
...
001 (2865.000.000) 05/14 18:55:41 Job executing on host: <10.240.0.3:55686?addrs=10.240.0.3-55686>
...
005 (2861.000.000) 05/14 18:55:43 Job terminated.
	(1) Normal termination (return value 0)
		Usr 0 00:00:00, Sys 0 00:00:00  -  Run Remote Usage
		Usr 0 00:00:00, Sys 0 00:00:00  -  Run Local Usage
		Usr 0 00:00:00, Sys 0 00:00:00  -  Total Remote Usage
		Usr 0 00:00:00, Sys 0 00:00:00  -  Total Local Usage
	0  -  Run Bytes Sent By Job
	0  -  Run Bytes Received By Job
	0  -  Total Bytes Sent By Job
	0  -  Total Bytes Received By Job
...
005 (2863.000.000) 05/14 18:55:43 Job terminated.
	(1) Normal termination (return value 0)
		Usr 0 00:00:00, Sys 0 00:00:00  -  Run Remote Usage
		Usr 0 00:00:00, Sys 0 00:00:00  -  Run Local Usage
		Usr 0 00:00:00, Sys 0 00:00:00  -  Total Remote Usage
		Usr 0 00:00:00, Sys 0 00:00:00  -  Total Local Usage
	0  -  Run Bytes Sent By Job
	0  -  Run Bytes Received By Job
	0  -  Total Bytes Sent By Job
	0  -  Total Bytes Received By Job
...
005 (2862.000.000) 05/14 18:55:43 Job terminated.
	(1) Normal termination (return value 0)
		Usr 0 00:00:00, Sys 0 00:00:00  -  Run Remote Usage
		Usr 0 00:00:00, Sys 0 00:00:00  -  Run Local Usage
		Usr 0 00:00:00, Sys 0 00:00:00  -  Total Remote Usage
		Usr 0 00:00:00, Sys 0 00:00:00  -  Total Local Usage
	0  -  Run Bytes Sent By Job
	0  -  Run Bytes Received By Job
	0  -  Total Bytes Sent By Job
	0  -  Total Bytes Received By Job
...
005 (2865.000.000) 05/14 18:55:43 Job terminated.
	(1) Normal termination (return value 0)
		Usr 0 00:00:00, Sys 0 00:00:00  -  Run Remote Usage
		Usr 0 00:00:00, Sys 0 00:00:00  -  Run Local Usage
		Usr 0 00:00:00, Sys 0 00:00:00  -  Total Remote Usage
		Usr 0 00:00:00, Sys 0 00:00:00  -  Total Local Usage
	0  -  Run Bytes Sent By Job
	0  -  Run Bytes Received By Job
	0  -  Total Bytes Sent By Job
	0  -  Total Bytes Received By Job
...
000 (2866.000.000) 05/14 18:55:44 Job submitted from host: <10.240.0.3:31139?addrs=10.240.0.3-31139>
    DAG Node: stage_in_remote_local_2_0
    pool:local
...
001 (2866.000.000) 05/14 18:55:44 Job executing on host: <10.240.0.3:16381?addrs=10.240.0.3-16381>
...
000 (2867.000.000) 05/14 18:55:44 Job submitted from host: <10.240.0.3:31139?addrs=10.240.0.3-31139>
    DAG Node: stage_in_remote_local_3_0
    pool:local
...
001 (2867.000.000) 05/14 18:55:44 Job executing on host: <10.240.0.3:35085?addrs=10.240.0.3-35085>
...
005 (2864.000.000) 05/14 18:55:45 Job terminated.
	(1) Normal termination (return value 0)
		Usr 0 00:00:00, Sys 0 00:00:00  -  Run Remote Usage
		Usr 0 00:00:00, Sys 0 00:00:00  -  Run Local Usage
		Usr 0 00:00:00, Sys 0 00:00:00  -  Total Remote Usage
		Usr 0 00:00:00, Sys 0 00:00:00  -  Total Local Usage
	0  -  Run Bytes Sent By Job
	0  -  Run Bytes Received By Job
	0  -  Total Bytes Sent By Job
	0  -  Total Bytes Received By Job
...
005 (2867.000.000) 05/14 18:55:47 Job terminated.
	(1) Normal termination (return value 0)
		Usr 0 00:00:00, Sys 0 00:00:00  -  Run Remote Usage
		Usr 0 00:00:00, Sys 0 00:00:00  -  Run Local Usage
		Usr 0 00:00:00, Sys 0 00:00:00  -  Total Remote Usage
		Usr 0 00:00:00, Sys 0 00:00:00  -  Total Local Usage
	0  -  Run Bytes Sent By Job
	0  -  Run Bytes Received By Job
	0  -  Total Bytes Sent By Job
	0  -  Total Bytes Received By Job
...
005 (2866.000.000) 05/14 18:55:49 Job terminated.
	(1) Normal termination (return value 0)
		Usr 0 00:00:00, Sys 0 00:00:00  -  Run Remote Usage
		Usr 0 00:00:00, Sys 0 00:00:00  -  Run Local Usage
		Usr 0 00:00:00, Sys 0 00:00:00  -  Total Remote Usage
		Usr 0 00:00:00, Sys 0 00:00:00  -  Total Local Usage
	0  -  Run Bytes Sent By Job
	0  -  Run Bytes Received By Job
	0  -  Total Bytes Sent By Job
	0  -  Total Bytes Received By Job
...
000 (2868.000.000) 05/14 18:55:50 Job submitted from host: <10.240.0.3:31139?addrs=10.240.0.3-31139>
    DAG Node: init_0_ID0000001
    pool:condorpool
...
001 (2868.000.000) 05/14 18:55:58 Job executing on host: <10.240.0.79:55619?addrs=10.240.0.79-55619>
...
006 (2868.000.000) 05/14 18:55:59 Image size of job updated: 2
	0  -  MemoryUsage of job (MB)
	0  -  ResidentSetSize of job (KB)
...
005 (2868.000.000) 05/14 18:56:00 Job terminated.
	(1) Normal termination (return value 0)
		Usr 0 00:00:00, Sys 0 00:00:00  -  Run Remote Usage
		Usr 0 00:00:00, Sys 0 00:00:00  -  Run Local Usage
		Usr 0 00:00:00, Sys 0 00:00:00  -  Total Remote Usage
		Usr 0 00:00:00, Sys 0 00:00:00  -  Total Local Usage
	4065  -  Run Bytes Sent By Job
	1662522  -  Run Bytes Received By Job
	4065  -  Total Bytes Sent By Job
	1662522  -  Total Bytes Received By Job
	Partitionable Resources :    Usage  Request Allocated
	   Cpus                 :                 1         1
	   Disk (KB)            :     7003     1750   7339852
	   Memory (MB)          :        0        1      3700
...
000 (2869.000.000) 05/14 18:56:10 Job submitted from host: <10.240.0.3:31139?addrs=10.240.0.3-31139>
    DAG Node: mediancpu_0_ID0000002
    pool:condorpool
...
000 (2870.000.000) 05/14 18:56:10 Job submitted from host: <10.240.0.3:31139?addrs=10.240.0.3-31139>
    DAG Node: clean_up_local_level_3_0
    pool:local
...
000 (2871.000.000) 05/14 18:56:10 Job submitted from host: <10.240.0.3:31139?addrs=10.240.0.3-31139>
    DAG Node: averagecpu_0_ID0000004
    pool:condorpool
...
000 (2872.000.000) 05/14 18:56:10 Job submitted from host: <10.240.0.3:31139?addrs=10.240.0.3-31139>
    DAG Node: maxmincpu_0_ID0000003
    pool:condorpool
...
001 (2869.000.000) 05/14 18:56:13 Job executing on host: <10.240.0.79:55619?addrs=10.240.0.79-55619>
...
001 (2870.000.000) 05/14 18:56:16 Job executing on host: <10.240.0.3:27668?addrs=10.240.0.3-27668>
...
005 (2870.000.000) 05/14 18:56:18 Job terminated.
	(1) Normal termination (return value 0)
		Usr 0 00:00:00, Sys 0 00:00:00  -  Run Remote Usage
		Usr 0 00:00:00, Sys 0 00:00:00  -  Run Local Usage
		Usr 0 00:00:00, Sys 0 00:00:00  -  Total Remote Usage
		Usr 0 00:00:00, Sys 0 00:00:00  -  Total Local Usage
	0  -  Run Bytes Sent By Job
	0  -  Run Bytes Received By Job
	0  -  Total Bytes Sent By Job
	0  -  Total Bytes Received By Job
...
006 (2869.000.000) 05/14 18:56:22 Image size of job updated: 2
	3  -  MemoryUsage of job (MB)
	2772  -  ResidentSetSize of job (KB)
...
006 (2869.000.000) 05/14 19:01:23 Image size of job updated: 500408
	156  -  MemoryUsage of job (MB)
	159328  -  ResidentSetSize of job (KB)
...
005 (2869.000.000) 05/14 19:01:29 Job terminated.
	(1) Normal termination (return value 0)
		Usr 0 00:04:28, Sys 0 00:00:04  -  Run Remote Usage
		Usr 0 00:00:00, Sys 0 00:00:00  -  Run Local Usage
		Usr 0 00:04:28, Sys 0 00:00:04  -  Total Remote Usage
		Usr 0 00:00:00, Sys 0 00:00:00  -  Total Local Usage
	381658  -  Run Bytes Sent By Job
	1662067  -  Run Bytes Received By Job
	381658  -  Total Bytes Sent By Job
	1662067  -  Total Bytes Received By Job
	Partitionable Resources :    Usage  Request Allocated
	   Cpus                 :                 1         1
	   Disk (KB)            :   392468     1750   7339852
	   Memory (MB)          :      156        1      3700
...
001 (2871.000.000) 05/14 19:01:32 Job executing on host: <10.240.0.79:55619?addrs=10.240.0.79-55619>
...
006 (2871.000.000) 05/14 19:01:40 Image size of job updated: 2
	3  -  MemoryUsage of job (MB)
	2832  -  ResidentSetSize of job (KB)
...
006 (2871.000.000) 05/14 19:06:40 Image size of job updated: 498960
	104  -  MemoryUsage of job (MB)
	105872  -  ResidentSetSize of job (KB)
...
005 (2871.000.000) 05/14 19:07:13 Job terminated.
	(1) Normal termination (return value 0)
		Usr 0 00:05:12, Sys 0 00:00:04  -  Run Remote Usage
		Usr 0 00:00:00, Sys 0 00:00:00  -  Run Local Usage
		Usr 0 00:05:12, Sys 0 00:00:04  -  Total Remote Usage
		Usr 0 00:00:00, Sys 0 00:00:00  -  Total Local Usage
	381736  -  Run Bytes Sent By Job
	1662693  -  Run Bytes Received By Job
	381736  -  Total Bytes Sent By Job
	1662693  -  Total Bytes Received By Job
	Partitionable Resources :    Usage  Request Allocated
	   Cpus                 :                 1         1
	   Disk (KB)            :   709060     1750   7339852
	   Memory (MB)          :      104        1      3700
...
001 (2872.000.000) 05/14 19:07:16 Job executing on host: <10.240.0.79:55619?addrs=10.240.0.79-55619>
...
006 (2872.000.000) 05/14 19:07:25 Image size of job updated: 2
	3  -  MemoryUsage of job (MB)
	2960  -  ResidentSetSize of job (KB)
...
000 (2873.000.000) 05/14 19:07:26 Job submitted from host: <10.240.0.3:31139?addrs=10.240.0.3-31139>
    DAG Node: clean_up_local_level_4_0
    pool:local
...
001 (2873.000.000) 05/14 19:07:26 Job executing on host: <10.240.0.3:20395?addrs=10.240.0.3-20395>
...
005 (2873.000.000) 05/14 19:07:34 Job terminated.
	(1) Normal termination (return value 0)
		Usr 0 00:00:00, Sys 0 00:00:00  -  Run Remote Usage
		Usr 0 00:00:00, Sys 0 00:00:00  -  Run Local Usage
		Usr 0 00:00:00, Sys 0 00:00:00  -  Total Remote Usage
		Usr 0 00:00:00, Sys 0 00:00:00  -  Total Local Usage
	0  -  Run Bytes Sent By Job
	0  -  Run Bytes Received By Job
	0  -  Total Bytes Sent By Job
	0  -  Total Bytes Received By Job
...
006 (2872.000.000) 05/14 19:09:22 Image size of job updated: 360952
	3  -  MemoryUsage of job (MB)
	2960  -  ResidentSetSize of job (KB)
...
005 (2872.000.000) 05/14 19:09:23 Job terminated.
	(1) Normal termination (return value 0)
		Usr 0 00:01:51, Sys 0 00:00:01  -  Run Remote Usage
		Usr 0 00:00:00, Sys 0 00:00:00  -  Run Local Usage
		Usr 0 00:01:51, Sys 0 00:00:01  -  Total Remote Usage
		Usr 0 00:00:00, Sys 0 00:00:00  -  Total Local Usage
	4562  -  Run Bytes Sent By Job
	1662205  -  Run Bytes Received By Job
	4562  -  Total Bytes Sent By Job
	1662205  -  Total Bytes Received By Job
	Partitionable Resources :    Usage  Request Allocated
	   Cpus                 :                 1         1
	   Disk (KB)            :     7004     1750   7339852
	   Memory (MB)          :        3        1      3700
...
000 (2874.000.000) 05/14 19:09:36 Job submitted from host: <10.240.0.3:31139?addrs=10.240.0.3-31139>
    DAG Node: clean_up_local_level_4_1
    pool:local
...
001 (2874.000.000) 05/14 19:09:36 Job executing on host: <10.240.0.3:7863?addrs=10.240.0.3-7863>
...
000 (2875.000.000) 05/14 19:09:36 Job submitted from host: <10.240.0.3:31139?addrs=10.240.0.3-31139>
    DAG Node: calculateratio_0_ID0000005
    pool:condorpool
...
001 (2875.000.000) 05/14 19:09:39 Job executing on host: <10.240.0.79:55619?addrs=10.240.0.79-55619>
...
005 (2874.000.000) 05/14 19:09:40 Job terminated.
	(1) Normal termination (return value 0)
		Usr 0 00:00:00, Sys 0 00:00:00  -  Run Remote Usage
		Usr 0 00:00:00, Sys 0 00:00:00  -  Run Local Usage
		Usr 0 00:00:00, Sys 0 00:00:00  -  Total Remote Usage
		Usr 0 00:00:00, Sys 0 00:00:00  -  Total Local Usage
	0  -  Run Bytes Sent By Job
	0  -  Run Bytes Received By Job
	0  -  Total Bytes Sent By Job
	0  -  Total Bytes Received By Job
...
006 (2875.000.000) 05/14 19:09:47 Image size of job updated: 2
	3  -  MemoryUsage of job (MB)
	2768  -  ResidentSetSize of job (KB)
...
006 (2875.000.000) 05/14 19:14:47 Image size of job updated: 1355452
	157  -  MemoryUsage of job (MB)
	160056  -  ResidentSetSize of job (KB)
...
006 (2875.000.000) 05/14 19:19:48 Image size of job updated: 1374880
	157  -  MemoryUsage of job (MB)
	160056  -  ResidentSetSize of job (KB)
...
006 (2875.000.000) 05/14 20:19:54 Image size of job updated: 1376036
	157  -  MemoryUsage of job (MB)
	160056  -  ResidentSetSize of job (KB)
...
006 (2875.000.000) 05/14 20:29:55 Image size of job updated: 1376036
	157  -  MemoryUsage of job (MB)
	160496  -  ResidentSetSize of job (KB)
...
006 (2875.000.000) 05/14 20:59:58 Image size of job updated: 1376036
	157  -  MemoryUsage of job (MB)
	160668  -  ResidentSetSize of job (KB)
...
005 (2875.000.000) 05/14 22:07:14 Job terminated.
	(1) Normal termination (return value 0)
		Usr 0 01:09:35, Sys 0 00:21:44  -  Run Remote Usage
		Usr 0 00:00:00, Sys 0 00:00:00  -  Run Local Usage
		Usr 0 01:09:35, Sys 0 00:21:44  -  Total Remote Usage
		Usr 0 00:00:00, Sys 0 00:00:00  -  Total Local Usage
	291129  -  Run Bytes Sent By Job
	1665213  -  Run Bytes Received By Job
	291129  -  Total Bytes Sent By Job
	1665213  -  Total Bytes Received By Job
	Partitionable Resources :    Usage  Request Allocated
	   Cpus                 :                 1         1
	   Disk (KB)            :   478737     1750   7339852
	   Memory (MB)          :      157        1      3700
...
000 (2876.000.000) 05/14 22:07:25 Job submitted from host: <10.240.0.3:31139?addrs=10.240.0.3-31139>
    DAG Node: averageratio_0_ID0000006
    pool:condorpool
...
000 (2877.000.000) 05/14 22:07:25 Job submitted from host: <10.240.0.3:31139?addrs=10.240.0.3-31139>
    DAG Node: clean_up_local_level_5_0
    pool:local
...
001 (2877.000.000) 05/14 22:07:31 Job executing on host: <10.240.0.3:51659?addrs=10.240.0.3-51659>
...
001 (2876.000.000) 05/14 22:07:41 Job executing on host: <10.240.0.79:55619?addrs=10.240.0.79-55619>
...
005 (2877.000.000) 05/14 22:07:42 Job terminated.
	(1) Normal termination (return value 0)
		Usr 0 00:00:00, Sys 0 00:00:00  -  Run Remote Usage
		Usr 0 00:00:00, Sys 0 00:00:00  -  Run Local Usage
		Usr 0 00:00:00, Sys 0 00:00:00  -  Total Remote Usage
		Usr 0 00:00:00, Sys 0 00:00:00  -  Total Local Usage
	0  -  Run Bytes Sent By Job
	0  -  Run Bytes Received By Job
	0  -  Total Bytes Sent By Job
	0  -  Total Bytes Received By Job
...
006 (2876.000.000) 05/14 22:07:49 Image size of job updated: 2
	3  -  MemoryUsage of job (MB)
	2752  -  ResidentSetSize of job (KB)
...
006 (2876.000.000) 05/14 22:10:41 Image size of job updated: 353636
	3  -  MemoryUsage of job (MB)
	2752  -  ResidentSetSize of job (KB)
...
005 (2876.000.000) 05/14 22:10:43 Job terminated.
	(1) Normal termination (return value 0)
		Usr 0 00:01:59, Sys 0 00:00:02  -  Run Remote Usage
		Usr 0 00:00:00, Sys 0 00:00:00  -  Run Local Usage
		Usr 0 00:01:59, Sys 0 00:00:02  -  Total Remote Usage
		Usr 0 00:00:00, Sys 0 00:00:00  -  Total Local Usage
	7391  -  Run Bytes Sent By Job
	1662556  -  Run Bytes Received By Job
	7391  -  Total Bytes Sent By Job
	1662556  -  Total Bytes Received By Job
	Partitionable Resources :    Usage  Request Allocated
	   Cpus                 :                 1         1
	   Disk (KB)            :     7007     1750   7340232
	   Memory (MB)          :        3        1      3700
...
000 (2878.000.000) 05/14 22:10:56 Job submitted from host: <10.240.0.3:31139?addrs=10.240.0.3-31139>
    DAG Node: maxminratio_0_ID0000007
    pool:condorpool
...
000 (2879.000.000) 05/14 22:10:56 Job submitted from host: <10.240.0.3:31139?addrs=10.240.0.3-31139>
    DAG Node: clean_up_local_level_6_0
    pool:local
...
001 (2878.000.000) 05/14 22:10:59 Job executing on host: <10.240.0.79:55619?addrs=10.240.0.79-55619>
...
006 (2878.000.000) 05/14 22:10:59 Image size of job updated: 2
	0  -  MemoryUsage of job (MB)
	0  -  ResidentSetSize of job (KB)
...
005 (2878.000.000) 05/14 22:11:00 Job terminated.
	(1) Normal termination (return value 0)
		Usr 0 00:00:00, Sys 0 00:00:00  -  Run Remote Usage
		Usr 0 00:00:00, Sys 0 00:00:00  -  Run Local Usage
		Usr 0 00:00:00, Sys 0 00:00:00  -  Total Remote Usage
		Usr 0 00:00:00, Sys 0 00:00:00  -  Total Local Usage
	6953  -  Run Bytes Sent By Job
	1662348  -  Run Bytes Received By Job
	6953  -  Total Bytes Sent By Job
	1662348  -  Total Bytes Received By Job
	Partitionable Resources :    Usage  Request Allocated
	   Cpus                 :                 1         1
	   Disk (KB)            :     7006     1750   7340232
	   Memory (MB)          :        0        1      3700
...
001 (2879.000.000) 05/14 22:11:01 Job executing on host: <10.240.0.3:32460?addrs=10.240.0.3-32460>
...
005 (2879.000.000) 05/14 22:11:05 Job terminated.
	(1) Normal termination (return value 0)
		Usr 0 00:00:00, Sys 0 00:00:00  -  Run Remote Usage
		Usr 0 00:00:00, Sys 0 00:00:00  -  Run Local Usage
		Usr 0 00:00:00, Sys 0 00:00:00  -  Total Remote Usage
		Usr 0 00:00:00, Sys 0 00:00:00  -  Total Local Usage
	0  -  Run Bytes Sent By Job
	0  -  Run Bytes Received By Job
	0  -  Total Bytes Sent By Job
	0  -  Total Bytes Received By Job
...
000 (2880.000.000) 05/14 22:11:11 Job submitted from host: <10.240.0.3:31139?addrs=10.240.0.3-31139>
    DAG Node: clean_up_local_level_7_0
    pool:local
...
001 (2880.000.000) 05/14 22:11:11 Job executing on host: <10.240.0.3:15625?addrs=10.240.0.3-15625>
...
005 (2880.000.000) 05/14 22:11:15 Job terminated.
	(1) Normal termination (return value 0)
		Usr 0 00:00:00, Sys 0 00:00:00  -  Run Remote Usage
		Usr 0 00:00:00, Sys 0 00:00:00  -  Run Local Usage
		Usr 0 00:00:00, Sys 0 00:00:00  -  Total Remote Usage
		Usr 0 00:00:00, Sys 0 00:00:00  -  Total Local Usage
	0  -  Run Bytes Sent By Job
	0  -  Run Bytes Received By Job
	0  -  Total Bytes Sent By Job
	0  -  Total Bytes Received By Job
...
000 (2881.000.000) 05/14 22:11:26 Job submitted from host: <10.240.0.3:31139?addrs=10.240.0.3-31139>
    DAG Node: cleanup_example_workflow_0_local
    pool:local
...
001 (2881.000.000) 05/14 22:11:26 Job executing on host: <10.240.0.3:10091?addrs=10.240.0.3-10091>
...
005 (2881.000.000) 05/14 22:11:28 Job terminated.
	(1) Normal termination (return value 0)
		Usr 0 00:00:00, Sys 0 00:00:00  -  Run Remote Usage
		Usr 0 00:00:00, Sys 0 00:00:00  -  Run Local Usage
		Usr 0 00:00:00, Sys 0 00:00:00  -  Total Remote Usage
		Usr 0 00:00:00, Sys 0 00:00:00  -  Total Local Usage
	0  -  Run Bytes Sent By Job
	0  -  Run Bytes Received By Job
	0  -  Total Bytes Sent By Job
	0  -  Total Bytes Received By Job
...
