000 (10901.000.000) 01/24 23:15:38 Job submitted from host: <52.53.227.117:37519?addrs=52.53.227.117-37519>
    DAG Node: create_dir_example_workflow_0_local
    pool:local
...
001 (10901.000.000) 01/24 23:15:39 Job executing on host: <52.53.227.117:16780?addrs=52.53.227.117-16780>
...
005 (10901.000.000) 01/24 23:15:42 Job terminated.
	(1) Normal termination (return value 0)
		Usr 0 00:00:00, Sys 0 00:00:00  -  Run Remote Usage
		Usr 0 00:00:00, Sys 0 00:00:00  -  Run Local Usage
		Usr 0 00:00:00, Sys 0 00:00:00  -  Total Remote Usage
		Usr 0 00:00:00, Sys 0 00:00:00  -  Total Local Usage
	0  -  Run Bytes Sent By Job
	0  -  Run Bytes Received By Job
	0  -  Total Bytes Sent By Job
	0  -  Total Bytes Received By Job
...
016 (10901.000.000) 01/24 23:15:44 POST Script terminated.
	(1) Normal termination (return value 0)
    DAG Node: create_dir_example_workflow_0_local
...
000 (10902.000.000) 01/24 23:15:53 Job submitted from host: <52.53.227.117:37519?addrs=52.53.227.117-37519>
    DAG Node: stage_in_local_local_0_0
    pool:local
...
000 (10903.000.000) 01/24 23:15:53 Job submitted from host: <52.53.227.117:37519?addrs=52.53.227.117-37519>
    DAG Node: stage_in_local_local_4_0
    pool:local
...
001 (10902.000.000) 01/24 23:15:53 Job executing on host: <52.53.227.117:43864?addrs=52.53.227.117-43864>
...
000 (10904.000.000) 01/24 23:15:53 Job submitted from host: <52.53.227.117:37519?addrs=52.53.227.117-37519>
    DAG Node: stage_in_local_local_1_0
    pool:local
...
000 (10905.000.000) 01/24 23:15:53 Job submitted from host: <52.53.227.117:37519?addrs=52.53.227.117-37519>
    DAG Node: stage_in_local_local_2_0
    pool:local
...
000 (10906.000.000) 01/24 23:15:53 Job submitted from host: <52.53.227.117:37519?addrs=52.53.227.117-37519>
    DAG Node: stage_in_local_local_2_1
    pool:local
...
005 (10902.000.000) 01/24 23:15:55 Job terminated.
	(1) Normal termination (return value 0)
		Usr 0 00:00:00, Sys 0 00:00:00  -  Run Remote Usage
		Usr 0 00:00:00, Sys 0 00:00:00  -  Run Local Usage
		Usr 0 00:00:00, Sys 0 00:00:00  -  Total Remote Usage
		Usr 0 00:00:00, Sys 0 00:00:00  -  Total Local Usage
	0  -  Run Bytes Sent By Job
	0  -  Run Bytes Received By Job
	0  -  Total Bytes Sent By Job
	0  -  Total Bytes Received By Job
...
001 (10905.000.000) 01/24 23:15:55 Job executing on host: <52.53.227.117:47523?addrs=52.53.227.117-47523>
...
001 (10904.000.000) 01/24 23:15:55 Job executing on host: <52.53.227.117:4769?addrs=52.53.227.117-4769>
...
001 (10903.000.000) 01/24 23:15:55 Job executing on host: <52.53.227.117:11571?addrs=52.53.227.117-11571>
...
001 (10906.000.000) 01/24 23:15:55 Job executing on host: <52.53.227.117:8587?addrs=52.53.227.117-8587>
...
005 (10904.000.000) 01/24 23:15:58 Job terminated.
	(1) Normal termination (return value 0)
		Usr 0 00:00:00, Sys 0 00:00:00  -  Run Remote Usage
		Usr 0 00:00:00, Sys 0 00:00:00  -  Run Local Usage
		Usr 0 00:00:00, Sys 0 00:00:00  -  Total Remote Usage
		Usr 0 00:00:00, Sys 0 00:00:00  -  Total Local Usage
	0  -  Run Bytes Sent By Job
	0  -  Run Bytes Received By Job
	0  -  Total Bytes Sent By Job
	0  -  Total Bytes Received By Job
...
005 (10903.000.000) 01/24 23:15:58 Job terminated.
	(1) Normal termination (return value 0)
		Usr 0 00:00:00, Sys 0 00:00:00  -  Run Remote Usage
		Usr 0 00:00:00, Sys 0 00:00:00  -  Run Local Usage
		Usr 0 00:00:00, Sys 0 00:00:00  -  Total Remote Usage
		Usr 0 00:00:00, Sys 0 00:00:00  -  Total Local Usage
	0  -  Run Bytes Sent By Job
	0  -  Run Bytes Received By Job
	0  -  Total Bytes Sent By Job
	0  -  Total Bytes Received By Job
...
000 (10907.000.000) 01/24 23:15:58 Job submitted from host: <52.53.227.117:37519?addrs=52.53.227.117-37519>
    DAG Node: stage_in_remote_local_1_0
    pool:local
...
001 (10907.000.000) 01/24 23:15:58 Job executing on host: <52.53.227.117:19233?addrs=52.53.227.117-19233>
...
000 (10908.000.000) 01/24 23:15:58 Job submitted from host: <52.53.227.117:37519?addrs=52.53.227.117-37519>
    DAG Node: stage_in_local_local_3_1
    pool:local
...
000 (10909.000.000) 01/24 23:15:58 Job submitted from host: <52.53.227.117:37519?addrs=52.53.227.117-37519>
    DAG Node: stage_in_local_local_3_0
    pool:local
...
001 (10908.000.000) 01/24 23:15:58 Job executing on host: <52.53.227.117:56686?addrs=52.53.227.117-56686>
...
000 (10910.000.000) 01/24 23:15:58 Job submitted from host: <52.53.227.117:37519?addrs=52.53.227.117-37519>
    DAG Node: stage_in_remote_local_3_1
    pool:local
...
000 (10911.000.000) 01/24 23:15:59 Job submitted from host: <52.53.227.117:37519?addrs=52.53.227.117-37519>
    DAG Node: stage_in_remote_local_3_0
    pool:local
...
016 (10904.000.000) 01/24 23:15:59 POST Script terminated.
	(1) Normal termination (return value 0)
    DAG Node: stage_in_local_local_1_0
...
016 (10902.000.000) 01/24 23:15:59 POST Script terminated.
	(1) Normal termination (return value 0)
    DAG Node: stage_in_local_local_0_0
...
016 (10903.000.000) 01/24 23:15:59 POST Script terminated.
	(1) Normal termination (return value 0)
    DAG Node: stage_in_local_local_4_0
...
005 (10906.000.000) 01/24 23:16:00 Job terminated.
	(1) Normal termination (return value 0)
		Usr 0 00:00:00, Sys 0 00:00:00  -  Run Remote Usage
		Usr 0 00:00:00, Sys 0 00:00:00  -  Run Local Usage
		Usr 0 00:00:00, Sys 0 00:00:00  -  Total Remote Usage
		Usr 0 00:00:00, Sys 0 00:00:00  -  Total Local Usage
	0  -  Run Bytes Sent By Job
	0  -  Run Bytes Received By Job
	0  -  Total Bytes Sent By Job
	0  -  Total Bytes Received By Job
...
005 (10905.000.000) 01/24 23:16:00 Job terminated.
	(1) Normal termination (return value 0)
		Usr 0 00:00:00, Sys 0 00:00:00  -  Run Remote Usage
		Usr 0 00:00:00, Sys 0 00:00:00  -  Run Local Usage
		Usr 0 00:00:00, Sys 0 00:00:00  -  Total Remote Usage
		Usr 0 00:00:00, Sys 0 00:00:00  -  Total Local Usage
	0  -  Run Bytes Sent By Job
	0  -  Run Bytes Received By Job
	0  -  Total Bytes Sent By Job
	0  -  Total Bytes Received By Job
...
001 (10911.000.000) 01/24 23:16:00 Job executing on host: <52.53.227.117:35356?addrs=52.53.227.117-35356>
...
001 (10909.000.000) 01/24 23:16:00 Job executing on host: <52.53.227.117:36200?addrs=52.53.227.117-36200>
...
001 (10910.000.000) 01/24 23:16:00 Job executing on host: <52.53.227.117:65216?addrs=52.53.227.117-65216>
...
005 (10907.000.000) 01/24 23:16:01 Job terminated.
	(1) Normal termination (return value 0)
		Usr 0 00:00:00, Sys 0 00:00:00  -  Run Remote Usage
		Usr 0 00:00:00, Sys 0 00:00:00  -  Run Local Usage
		Usr 0 00:00:00, Sys 0 00:00:00  -  Total Remote Usage
		Usr 0 00:00:00, Sys 0 00:00:00  -  Total Local Usage
	0  -  Run Bytes Sent By Job
	0  -  Run Bytes Received By Job
	0  -  Total Bytes Sent By Job
	0  -  Total Bytes Received By Job
...
005 (10908.000.000) 01/24 23:16:03 Job terminated.
	(1) Normal termination (return value 0)
		Usr 0 00:00:00, Sys 0 00:00:00  -  Run Remote Usage
		Usr 0 00:00:00, Sys 0 00:00:00  -  Run Local Usage
		Usr 0 00:00:00, Sys 0 00:00:00  -  Total Remote Usage
		Usr 0 00:00:00, Sys 0 00:00:00  -  Total Local Usage
	0  -  Run Bytes Sent By Job
	0  -  Run Bytes Received By Job
	0  -  Total Bytes Sent By Job
	0  -  Total Bytes Received By Job
...
005 (10909.000.000) 01/24 23:16:05 Job terminated.
	(1) Normal termination (return value 0)
		Usr 0 00:00:00, Sys 0 00:00:00  -  Run Remote Usage
		Usr 0 00:00:00, Sys 0 00:00:00  -  Run Local Usage
		Usr 0 00:00:00, Sys 0 00:00:00  -  Total Remote Usage
		Usr 0 00:00:00, Sys 0 00:00:00  -  Total Local Usage
	0  -  Run Bytes Sent By Job
	0  -  Run Bytes Received By Job
	0  -  Total Bytes Sent By Job
	0  -  Total Bytes Received By Job
...
005 (10910.000.000) 01/24 23:16:05 Job terminated.
	(1) Normal termination (return value 0)
		Usr 0 00:00:00, Sys 0 00:00:00  -  Run Remote Usage
		Usr 0 00:00:00, Sys 0 00:00:00  -  Run Local Usage
		Usr 0 00:00:00, Sys 0 00:00:00  -  Total Remote Usage
		Usr 0 00:00:00, Sys 0 00:00:00  -  Total Local Usage
	0  -  Run Bytes Sent By Job
	0  -  Run Bytes Received By Job
	0  -  Total Bytes Sent By Job
	0  -  Total Bytes Received By Job
...
005 (10911.000.000) 01/24 23:16:05 Job terminated.
	(1) Normal termination (return value 0)
		Usr 0 00:00:00, Sys 0 00:00:00  -  Run Remote Usage
		Usr 0 00:00:00, Sys 0 00:00:00  -  Run Local Usage
		Usr 0 00:00:00, Sys 0 00:00:00  -  Total Remote Usage
		Usr 0 00:00:00, Sys 0 00:00:00  -  Total Local Usage
	0  -  Run Bytes Sent By Job
	0  -  Run Bytes Received By Job
	0  -  Total Bytes Sent By Job
	0  -  Total Bytes Received By Job
...
016 (10905.000.000) 01/24 23:16:05 POST Script terminated.
	(1) Normal termination (return value 0)
    DAG Node: stage_in_local_local_2_0
...
016 (10906.000.000) 01/24 23:16:05 POST Script terminated.
	(1) Normal termination (return value 0)
    DAG Node: stage_in_local_local_2_1
...
016 (10907.000.000) 01/24 23:16:05 POST Script terminated.
	(1) Normal termination (return value 0)
    DAG Node: stage_in_remote_local_1_0
...
016 (10908.000.000) 01/24 23:16:05 POST Script terminated.
	(1) Normal termination (return value 0)
    DAG Node: stage_in_local_local_3_1
...
000 (10912.000.000) 01/24 23:16:09 Job submitted from host: <52.53.227.117:37519?addrs=52.53.227.117-37519>
    DAG Node: init_0_ID0000001
    pool:condorpool
...
016 (10909.000.000) 01/24 23:16:09 POST Script terminated.
	(1) Normal termination (return value 0)
    DAG Node: stage_in_local_local_3_0
...
016 (10910.000.000) 01/24 23:16:09 POST Script terminated.
	(1) Normal termination (return value 0)
    DAG Node: stage_in_remote_local_3_1
...
016 (10911.000.000) 01/24 23:16:09 POST Script terminated.
	(1) Normal termination (return value 0)
    DAG Node: stage_in_remote_local_3_0
...
001 (10912.000.000) 01/24 23:16:12 Job executing on host: <54.202.85.81:50698?addrs=54.202.85.81-50698&noUDP>
...
005 (10912.000.000) 01/24 23:23:02 Job terminated.
	(1) Normal termination (return value 0)
		Usr 0 00:00:00, Sys 0 00:00:00  -  Run Remote Usage
		Usr 0 00:00:00, Sys 0 00:00:00  -  Run Local Usage
		Usr 0 00:00:00, Sys 0 00:00:00  -  Total Remote Usage
		Usr 0 00:00:00, Sys 0 00:00:00  -  Total Local Usage
	4454  -  Run Bytes Sent By Job
	3168765  -  Run Bytes Received By Job
	4454  -  Total Bytes Sent By Job
	3168765  -  Total Bytes Received By Job
	Partitionable Resources :    Usage  Request Allocated
	   Cpus                 :                 1         1
	   Disk (KB)            :     6104     3250  27748208
	   Memory (MB)          :       15        1      3764
...
016 (10912.000.000) 01/24 23:23:04 POST Script terminated.
	(1) Normal termination (return value 0)
    DAG Node: init_0_ID0000001
...
000 (10913.000.000) 01/24 23:23:14 Job submitted from host: <52.53.227.117:37519?addrs=52.53.227.117-37519>
    DAG Node: clean_up_local_level_3_0
    pool:local
...
000 (10914.000.000) 01/24 23:23:14 Job submitted from host: <52.53.227.117:37519?addrs=52.53.227.117-37519>
    DAG Node: computeusergroup_0_ID0000002
    pool:condorpool
...
001 (10913.000.000) 01/24 23:23:14 Job executing on host: <52.53.227.117:2225?addrs=52.53.227.117-2225>
...
001 (10914.000.000) 01/24 23:23:15 Job executing on host: <54.202.85.81:50698?addrs=54.202.85.81-50698&noUDP>
...
005 (10913.000.000) 01/24 23:23:16 Job terminated.
	(1) Normal termination (return value 0)
		Usr 0 00:00:00, Sys 0 00:00:00  -  Run Remote Usage
		Usr 0 00:00:00, Sys 0 00:00:00  -  Run Local Usage
		Usr 0 00:00:00, Sys 0 00:00:00  -  Total Remote Usage
		Usr 0 00:00:00, Sys 0 00:00:00  -  Total Local Usage
	0  -  Run Bytes Sent By Job
	0  -  Run Bytes Received By Job
	0  -  Total Bytes Sent By Job
	0  -  Total Bytes Received By Job
...
016 (10913.000.000) 01/24 23:23:19 POST Script terminated.
	(1) Normal termination (return value 0)
    DAG Node: clean_up_local_level_3_0
...
005 (10914.000.000) 01/25 00:20:41 Job terminated.
	(1) Normal termination (return value 0)
		Usr 0 00:05:24, Sys 0 00:00:17  -  Run Remote Usage
		Usr 0 00:00:00, Sys 0 00:00:00  -  Run Local Usage
		Usr 0 00:05:24, Sys 0 00:00:17  -  Total Remote Usage
		Usr 0 00:00:00, Sys 0 00:00:00  -  Total Local Usage
	526457  -  Run Bytes Sent By Job
	3171474  -  Run Bytes Received By Job
	526457  -  Total Bytes Sent By Job
	3171474  -  Total Bytes Received By Job
	Partitionable Resources :    Usage  Request Allocated
	   Cpus                 :                 1         1
	   Disk (KB)            :    81636     3250  27748208
	   Memory (MB)          :      554        1      3764
...
016 (10914.000.000) 01/25 00:20:43 POST Script terminated.
	(1) Normal termination (return value 0)
    DAG Node: computeusergroup_0_ID0000002
...
000 (10915.000.000) 01/25 00:20:53 Job submitted from host: <52.53.227.117:37519?addrs=52.53.227.117-37519>
    DAG Node: clean_up_local_level_4_0
    pool:local
...
001 (10915.000.000) 01/25 00:20:54 Job executing on host: <52.53.227.117:7998?addrs=52.53.227.117-7998>
...
000 (10916.000.000) 01/25 00:20:54 Job submitted from host: <52.53.227.117:37519?addrs=52.53.227.117-37519>
    DAG Node: stage_out_local_local_1_0
    pool:local
...
000 (10917.000.000) 01/25 00:20:54 Job submitted from host: <52.53.227.117:37519?addrs=52.53.227.117-37519>
    DAG Node: stage_out_local_local_1_1
    pool:local
...
000 (10918.000.000) 01/25 00:20:54 Job submitted from host: <52.53.227.117:37519?addrs=52.53.227.117-37519>
    DAG Node: sessioncompute_0_ID0000003
    pool:condorpool
...
000 (10919.000.000) 01/25 00:20:54 Job submitted from host: <52.53.227.117:37519?addrs=52.53.227.117-37519>
    DAG Node: sessioncompute_5_ID0000008
    pool:condorpool
...
005 (10915.000.000) 01/25 00:20:58 Job terminated.
	(1) Normal termination (return value 0)
		Usr 0 00:00:00, Sys 0 00:00:00  -  Run Remote Usage
		Usr 0 00:00:00, Sys 0 00:00:00  -  Run Local Usage
		Usr 0 00:00:00, Sys 0 00:00:00  -  Total Remote Usage
		Usr 0 00:00:00, Sys 0 00:00:00  -  Total Local Usage
	0  -  Run Bytes Sent By Job
	0  -  Run Bytes Received By Job
	0  -  Total Bytes Sent By Job
	0  -  Total Bytes Received By Job
...
001 (10917.000.000) 01/25 00:20:58 Job executing on host: <52.53.227.117:17166?addrs=52.53.227.117-17166>
...
001 (10916.000.000) 01/25 00:20:58 Job executing on host: <52.53.227.117:47439?addrs=52.53.227.117-47439>
...
000 (10920.000.000) 01/25 00:20:59 Job submitted from host: <52.53.227.117:37519?addrs=52.53.227.117-37519>
    DAG Node: sessioncompute_6_ID0000009
    pool:condorpool
...
000 (10921.000.000) 01/25 00:20:59 Job submitted from host: <52.53.227.117:37519?addrs=52.53.227.117-37519>
    DAG Node: sessioncompute_1_ID0000004
    pool:condorpool
...
000 (10922.000.000) 01/25 00:20:59 Job submitted from host: <52.53.227.117:37519?addrs=52.53.227.117-37519>
    DAG Node: sessioncompute_3_ID0000006
    pool:condorpool
...
000 (10923.000.000) 01/25 00:21:00 Job submitted from host: <52.53.227.117:37519?addrs=52.53.227.117-37519>
    DAG Node: sessioncompute_7_ID0000010
    pool:condorpool
...
000 (10924.000.000) 01/25 00:21:00 Job submitted from host: <52.53.227.117:37519?addrs=52.53.227.117-37519>
    DAG Node: sessioncompute_8_ID0000011
    pool:condorpool
...
016 (10915.000.000) 01/25 00:21:00 POST Script terminated.
	(1) Normal termination (return value 0)
    DAG Node: clean_up_local_level_4_0
...
005 (10916.000.000) 01/25 00:21:02 Job terminated.
	(1) Normal termination (return value 0)
		Usr 0 00:00:00, Sys 0 00:00:00  -  Run Remote Usage
		Usr 0 00:00:00, Sys 0 00:00:00  -  Run Local Usage
		Usr 0 00:00:00, Sys 0 00:00:00  -  Total Remote Usage
		Usr 0 00:00:00, Sys 0 00:00:00  -  Total Local Usage
	0  -  Run Bytes Sent By Job
	0  -  Run Bytes Received By Job
	0  -  Total Bytes Sent By Job
	0  -  Total Bytes Received By Job
...
005 (10917.000.000) 01/25 00:21:03 Job terminated.
	(1) Normal termination (return value 0)
		Usr 0 00:00:00, Sys 0 00:00:00  -  Run Remote Usage
		Usr 0 00:00:00, Sys 0 00:00:00  -  Run Local Usage
		Usr 0 00:00:00, Sys 0 00:00:00  -  Total Remote Usage
		Usr 0 00:00:00, Sys 0 00:00:00  -  Total Local Usage
	0  -  Run Bytes Sent By Job
	0  -  Run Bytes Received By Job
	0  -  Total Bytes Sent By Job
	0  -  Total Bytes Received By Job
...
000 (10925.000.000) 01/25 00:21:05 Job submitted from host: <52.53.227.117:37519?addrs=52.53.227.117-37519>
    DAG Node: sessioncompute_2_ID0000005
    pool:condorpool
...
000 (10926.000.000) 01/25 00:21:05 Job submitted from host: <52.53.227.117:37519?addrs=52.53.227.117-37519>
    DAG Node: sessioncompute_4_ID0000007
    pool:condorpool
...
016 (10916.000.000) 01/25 00:21:05 POST Script terminated.
	(1) Normal termination (return value 0)
    DAG Node: stage_out_local_local_1_0
...
016 (10917.000.000) 01/25 00:21:05 POST Script terminated.
	(1) Normal termination (return value 0)
    DAG Node: stage_out_local_local_1_1
...
001 (10919.000.000) 01/25 00:21:14 Job executing on host: <54.201.201.111:3492?addrs=54.201.201.111-3492&noUDP>
...
001 (10920.000.000) 01/25 00:21:14 Job executing on host: <54.200.250.27:7208?addrs=54.200.250.27-7208&noUDP>
...
001 (10918.000.000) 01/25 00:21:14 Job executing on host: <54.202.85.81:50698?addrs=54.202.85.81-50698&noUDP>
...
001 (10922.000.000) 01/25 00:21:14 Job executing on host: <54.202.88.95:31883?addrs=54.202.88.95-31883&noUDP>
...
001 (10923.000.000) 01/25 00:21:14 Job executing on host: <54.201.224.38:13656?addrs=54.201.224.38-13656&noUDP>
...
001 (10924.000.000) 01/25 00:21:14 Job executing on host: <54.202.85.173:30231?addrs=54.202.85.173-30231&noUDP>
...
001 (10925.000.000) 01/25 00:21:14 Job executing on host: <54.202.123.4:36246?addrs=54.202.123.4-36246&noUDP>
...
001 (10921.000.000) 01/25 00:21:14 Job executing on host: <54.203.103.253:55703?addrs=54.203.103.253-55703&noUDP>
...
001 (10926.000.000) 01/25 00:21:14 Job executing on host: <54.201.97.210:35661?addrs=54.201.97.210-35661&noUDP>
...
005 (10925.000.000) 01/25 00:25:03 Job terminated.
	(1) Normal termination (return value 0)
		Usr 0 00:00:05, Sys 0 00:00:00  -  Run Remote Usage
		Usr 0 00:00:00, Sys 0 00:00:00  -  Run Local Usage
		Usr 0 00:00:05, Sys 0 00:00:00  -  Total Remote Usage
		Usr 0 00:00:00, Sys 0 00:00:00  -  Total Local Usage
	376070  -  Run Bytes Sent By Job
	3186489  -  Run Bytes Received By Job
	376070  -  Total Bytes Sent By Job
	3186489  -  Total Bytes Received By Job
	Partitionable Resources :    Usage  Request Allocated
	   Cpus                 :                 1         1
	   Disk (KB)            :     6504     3250  27752884
	   Memory (MB)          :        2        1      3764
...
016 (10925.000.000) 01/25 00:25:06 POST Script terminated.
	(1) Normal termination (return value 0)
    DAG Node: sessioncompute_2_ID0000005
...
005 (10919.000.000) 01/25 00:25:33 Job terminated.
	(1) Normal termination (return value 0)
		Usr 0 00:00:05, Sys 0 00:00:00  -  Run Remote Usage
		Usr 0 00:00:00, Sys 0 00:00:00  -  Run Local Usage
		Usr 0 00:00:05, Sys 0 00:00:00  -  Total Remote Usage
		Usr 0 00:00:00, Sys 0 00:00:00  -  Total Local Usage
	376263  -  Run Bytes Sent By Job
	3185676  -  Run Bytes Received By Job
	376263  -  Total Bytes Sent By Job
	3185676  -  Total Bytes Received By Job
	Partitionable Resources :    Usage  Request Allocated
	   Cpus                 :                 1         1
	   Disk (KB)            :     6503     3250  27752708
	   Memory (MB)          :        2        1      3764
...
016 (10919.000.000) 01/25 00:25:36 POST Script terminated.
	(1) Normal termination (return value 0)
    DAG Node: sessioncompute_5_ID0000008
...
005 (10926.000.000) 01/25 00:25:52 Job terminated.
	(1) Normal termination (return value 0)
		Usr 0 00:00:05, Sys 0 00:00:00  -  Run Remote Usage
		Usr 0 00:00:00, Sys 0 00:00:00  -  Run Local Usage
		Usr 0 00:00:05, Sys 0 00:00:00  -  Total Remote Usage
		Usr 0 00:00:00, Sys 0 00:00:00  -  Total Local Usage
	376288  -  Run Bytes Sent By Job
	3185104  -  Run Bytes Received By Job
	376288  -  Total Bytes Sent By Job
	3185104  -  Total Bytes Received By Job
	Partitionable Resources :    Usage  Request Allocated
	   Cpus                 :                 1         1
	   Disk (KB)            :     6501     3250  27748912
	   Memory (MB)          :        2        1      3764
...
016 (10926.000.000) 01/25 00:25:56 POST Script terminated.
	(1) Normal termination (return value 0)
    DAG Node: sessioncompute_4_ID0000007
...
005 (10921.000.000) 01/25 00:26:13 Job terminated.
	(1) Normal termination (return value 0)
		Usr 0 00:00:04, Sys 0 00:00:00  -  Run Remote Usage
		Usr 0 00:00:00, Sys 0 00:00:00  -  Run Local Usage
		Usr 0 00:00:04, Sys 0 00:00:00  -  Total Remote Usage
		Usr 0 00:00:00, Sys 0 00:00:00  -  Total Local Usage
	378401  -  Run Bytes Sent By Job
	3186116  -  Run Bytes Received By Job
	378401  -  Total Bytes Sent By Job
	3186116  -  Total Bytes Received By Job
	Partitionable Resources :    Usage  Request Allocated
	   Cpus                 :                 1         1
	   Disk (KB)            :     6506     3250  27750548
	   Memory (MB)          :        2        1      3764
...
016 (10921.000.000) 01/25 00:26:16 POST Script terminated.
	(1) Normal termination (return value 0)
    DAG Node: sessioncompute_1_ID0000004
...
005 (10922.000.000) 01/25 00:27:21 Job terminated.
	(1) Normal termination (return value 0)
		Usr 0 00:00:06, Sys 0 00:00:00  -  Run Remote Usage
		Usr 0 00:00:00, Sys 0 00:00:00  -  Run Local Usage
		Usr 0 00:00:06, Sys 0 00:00:00  -  Total Remote Usage
		Usr 0 00:00:00, Sys 0 00:00:00  -  Total Local Usage
	376826  -  Run Bytes Sent By Job
	3186675  -  Run Bytes Received By Job
	376826  -  Total Bytes Sent By Job
	3186675  -  Total Bytes Received By Job
	Partitionable Resources :    Usage  Request Allocated
	   Cpus                 :                 1         1
	   Disk (KB)            :     6562     3250  27752180
	   Memory (MB)          :       32        1      3764
...
016 (10922.000.000) 01/25 00:27:22 POST Script terminated.
	(1) Normal termination (return value 0)
    DAG Node: sessioncompute_3_ID0000006
...
005 (10920.000.000) 01/25 00:27:50 Job terminated.
	(1) Normal termination (return value 0)
		Usr 0 00:00:06, Sys 0 00:00:00  -  Run Remote Usage
		Usr 0 00:00:00, Sys 0 00:00:00  -  Run Local Usage
		Usr 0 00:00:06, Sys 0 00:00:00  -  Total Remote Usage
		Usr 0 00:00:00, Sys 0 00:00:00  -  Total Local Usage
	375770  -  Run Bytes Sent By Job
	3185228  -  Run Bytes Received By Job
	375770  -  Total Bytes Sent By Job
	3185228  -  Total Bytes Received By Job
	Partitionable Resources :    Usage  Request Allocated
	   Cpus                 :                 1         1
	   Disk (KB)            :     6551     3250  27744208
	   Memory (MB)          :       35        1      3764
...
016 (10920.000.000) 01/25 00:27:52 POST Script terminated.
	(1) Normal termination (return value 0)
    DAG Node: sessioncompute_6_ID0000009
...
005 (10918.000.000) 01/25 00:28:01 Job terminated.
	(1) Normal termination (return value 0)
		Usr 0 00:00:09, Sys 0 00:00:00  -  Run Remote Usage
		Usr 0 00:00:00, Sys 0 00:00:00  -  Run Local Usage
		Usr 0 00:00:09, Sys 0 00:00:00  -  Total Remote Usage
		Usr 0 00:00:00, Sys 0 00:00:00  -  Total Local Usage
	376009  -  Run Bytes Sent By Job
	3187436  -  Run Bytes Received By Job
	376009  -  Total Bytes Sent By Job
	3187436  -  Total Bytes Received By Job
	Partitionable Resources :    Usage  Request Allocated
	   Cpus                 :                 1         1
	   Disk (KB)            :     6559     3250  27748008
	   Memory (MB)          :       33        1      3764
...
016 (10918.000.000) 01/25 00:28:02 POST Script terminated.
	(1) Normal termination (return value 0)
    DAG Node: sessioncompute_0_ID0000003
...
000 (10927.000.000) 01/25 00:28:12 Job submitted from host: <52.53.227.117:37519?addrs=52.53.227.117-37519>
    DAG Node: clean_up_local_level_5_1
    pool:local
...
001 (10927.000.000) 01/25 00:28:13 Job executing on host: <52.53.227.117:44092?addrs=52.53.227.117-44092>
...
005 (10927.000.000) 01/25 00:28:23 Job terminated.
	(1) Normal termination (return value 0)
		Usr 0 00:00:00, Sys 0 00:00:00  -  Run Remote Usage
		Usr 0 00:00:00, Sys 0 00:00:00  -  Run Local Usage
		Usr 0 00:00:00, Sys 0 00:00:00  -  Total Remote Usage
		Usr 0 00:00:00, Sys 0 00:00:00  -  Total Local Usage
	0  -  Run Bytes Sent By Job
	0  -  Run Bytes Received By Job
	0  -  Total Bytes Sent By Job
	0  -  Total Bytes Received By Job
...
016 (10927.000.000) 01/25 00:28:28 POST Script terminated.
	(1) Normal termination (return value 0)
    DAG Node: clean_up_local_level_5_1
...
005 (10924.000.000) 01/25 00:28:44 Job terminated.
	(1) Normal termination (return value 0)
		Usr 0 00:00:11, Sys 0 00:00:00  -  Run Remote Usage
		Usr 0 00:00:00, Sys 0 00:00:00  -  Run Local Usage
		Usr 0 00:00:11, Sys 0 00:00:00  -  Total Remote Usage
		Usr 0 00:00:00, Sys 0 00:00:00  -  Total Local Usage
	378587  -  Run Bytes Sent By Job
	3184680  -  Run Bytes Received By Job
	378587  -  Total Bytes Sent By Job
	3184680  -  Total Bytes Received By Job
	Partitionable Resources :    Usage  Request Allocated
	   Cpus                 :                 1         1
	   Disk (KB)            :     6562     3250  27777328
	   Memory (MB)          :       30        1      3764
...
016 (10924.000.000) 01/25 00:28:48 POST Script terminated.
	(1) Normal termination (return value 0)
    DAG Node: sessioncompute_8_ID0000011
...
005 (10923.000.000) 01/25 00:29:02 Job terminated.
	(1) Normal termination (return value 0)
		Usr 0 00:00:13, Sys 0 00:00:00  -  Run Remote Usage
		Usr 0 00:00:00, Sys 0 00:00:00  -  Run Local Usage
		Usr 0 00:00:13, Sys 0 00:00:00  -  Total Remote Usage
		Usr 0 00:00:00, Sys 0 00:00:00  -  Total Local Usage
	376332  -  Run Bytes Sent By Job
	3187919  -  Run Bytes Received By Job
	376332  -  Total Bytes Sent By Job
	3187919  -  Total Bytes Received By Job
	Partitionable Resources :    Usage  Request Allocated
	   Cpus                 :                 1         1
	   Disk (KB)            :     6576     3250  27752192
	   Memory (MB)          :       36        1      3764
...
016 (10923.000.000) 01/25 00:29:03 POST Script terminated.
	(1) Normal termination (return value 0)
    DAG Node: sessioncompute_7_ID0000010
...
000 (10928.000.000) 01/25 00:29:13 Job submitted from host: <52.53.227.117:37519?addrs=52.53.227.117-37519>
    DAG Node: longestsession_3_ID0000015
    pool:condorpool
...
000 (10929.000.000) 01/25 00:29:13 Job submitted from host: <52.53.227.117:37519?addrs=52.53.227.117-37519>
    DAG Node: longestsession_1_ID0000013
    pool:condorpool
...
000 (10930.000.000) 01/25 00:29:13 Job submitted from host: <52.53.227.117:37519?addrs=52.53.227.117-37519>
    DAG Node: longestsession_6_ID0000018
    pool:condorpool
...
000 (10931.000.000) 01/25 00:29:13 Job submitted from host: <52.53.227.117:37519?addrs=52.53.227.117-37519>
    DAG Node: longestsession_2_ID0000014
    pool:condorpool
...
000 (10932.000.000) 01/25 00:29:14 Job submitted from host: <52.53.227.117:37519?addrs=52.53.227.117-37519>
    DAG Node: longestsession_8_ID0000020
    pool:condorpool
...
001 (10928.000.000) 01/25 00:29:14 Job executing on host: <54.201.224.38:13656?addrs=54.201.224.38-13656&noUDP>
...
005 (10928.000.000) 01/25 00:29:17 Job terminated.
	(1) Normal termination (return value 0)
		Usr 0 00:00:00, Sys 0 00:00:00  -  Run Remote Usage
		Usr 0 00:00:00, Sys 0 00:00:00  -  Run Local Usage
		Usr 0 00:00:00, Sys 0 00:00:00  -  Total Remote Usage
		Usr 0 00:00:00, Sys 0 00:00:00  -  Total Local Usage
	16846  -  Run Bytes Sent By Job
	3170141  -  Run Bytes Received By Job
	16846  -  Total Bytes Sent By Job
	3170141  -  Total Bytes Received By Job
	Partitionable Resources :    Usage  Request Allocated
	   Cpus                 :                 1         1
	   Disk (KB)            :     6119     3250  27752192
	   Memory (MB)          :        0        1      3764
...
001 (10929.000.000) 01/25 00:29:18 Job executing on host: <54.201.224.38:13656?addrs=54.201.224.38-13656&noUDP>
...
000 (10933.000.000) 01/25 00:29:19 Job submitted from host: <52.53.227.117:37519?addrs=52.53.227.117-37519>
    DAG Node: longestsession_7_ID0000019
    pool:condorpool
...
000 (10934.000.000) 01/25 00:29:19 Job submitted from host: <52.53.227.117:37519?addrs=52.53.227.117-37519>
    DAG Node: clean_up_local_level_5_0
    pool:local
...
000 (10935.000.000) 01/25 00:29:19 Job submitted from host: <52.53.227.117:37519?addrs=52.53.227.117-37519>
    DAG Node: longestsession_0_ID0000012
    pool:condorpool
...
000 (10936.000.000) 01/25 00:29:19 Job submitted from host: <52.53.227.117:37519?addrs=52.53.227.117-37519>
    DAG Node: longestsession_5_ID0000017
    pool:condorpool
...
000 (10937.000.000) 01/25 00:29:19 Job submitted from host: <52.53.227.117:37519?addrs=52.53.227.117-37519>
    DAG Node: longestsession_4_ID0000016
    pool:condorpool
...
016 (10928.000.000) 01/25 00:29:19 POST Script terminated.
	(1) Normal termination (return value 0)
    DAG Node: longestsession_3_ID0000015
...
005 (10929.000.000) 01/25 00:29:22 Job terminated.
	(1) Normal termination (return value 0)
		Usr 0 00:00:00, Sys 0 00:00:00  -  Run Remote Usage
		Usr 0 00:00:00, Sys 0 00:00:00  -  Run Local Usage
		Usr 0 00:00:00, Sys 0 00:00:00  -  Total Remote Usage
		Usr 0 00:00:00, Sys 0 00:00:00  -  Total Local Usage
	17808  -  Run Bytes Sent By Job
	3170166  -  Run Bytes Received By Job
	17808  -  Total Bytes Sent By Job
	3170166  -  Total Bytes Received By Job
	Partitionable Resources :    Usage  Request Allocated
	   Cpus                 :                 1         1
	   Disk (KB)            :     6120     3250  27752192
	   Memory (MB)          :        0        1      3764
...
001 (10930.000.000) 01/25 00:29:22 Job executing on host: <54.201.224.38:13656?addrs=54.201.224.38-13656&noUDP>
...
001 (10934.000.000) 01/25 00:29:24 Job executing on host: <52.53.227.117:61860?addrs=52.53.227.117-61860>
...
016 (10929.000.000) 01/25 00:29:24 POST Script terminated.
	(1) Normal termination (return value 0)
    DAG Node: longestsession_1_ID0000013
...
005 (10930.000.000) 01/25 00:29:28 Job terminated.
	(1) Normal termination (return value 0)
		Usr 0 00:00:00, Sys 0 00:00:00  -  Run Remote Usage
		Usr 0 00:00:00, Sys 0 00:00:00  -  Run Local Usage
		Usr 0 00:00:00, Sys 0 00:00:00  -  Total Remote Usage
		Usr 0 00:00:00, Sys 0 00:00:00  -  Total Local Usage
	16870  -  Run Bytes Sent By Job
	3170141  -  Run Bytes Received By Job
	16870  -  Total Bytes Sent By Job
	3170141  -  Total Bytes Received By Job
	Partitionable Resources :    Usage  Request Allocated
	   Cpus                 :                 1         1
	   Disk (KB)            :     6119     3250  27752192
	   Memory (MB)          :        0        1      3764
...
001 (10931.000.000) 01/25 00:29:28 Job executing on host: <54.201.224.38:13656?addrs=54.201.224.38-13656&noUDP>
...
016 (10930.000.000) 01/25 00:29:30 POST Script terminated.
	(1) Normal termination (return value 0)
    DAG Node: longestsession_6_ID0000018
...
005 (10931.000.000) 01/25 00:29:32 Job terminated.
	(1) Normal termination (return value 0)
		Usr 0 00:00:00, Sys 0 00:00:00  -  Run Remote Usage
		Usr 0 00:00:00, Sys 0 00:00:00  -  Run Local Usage
		Usr 0 00:00:00, Sys 0 00:00:00  -  Total Remote Usage
		Usr 0 00:00:00, Sys 0 00:00:00  -  Total Local Usage
	17778  -  Run Bytes Sent By Job
	3170166  -  Run Bytes Received By Job
	17778  -  Total Bytes Sent By Job
	3170166  -  Total Bytes Received By Job
	Partitionable Resources :    Usage  Request Allocated
	   Cpus                 :                 1         1
	   Disk (KB)            :     6120     3250  27752192
	   Memory (MB)          :        0        1      3764
...
001 (10932.000.000) 01/25 00:29:32 Job executing on host: <54.201.224.38:13656?addrs=54.201.224.38-13656&noUDP>
...
001 (10935.000.000) 01/25 00:29:34 Job executing on host: <54.201.201.111:3492?addrs=54.201.201.111-3492&noUDP>
...
001 (10936.000.000) 01/25 00:29:34 Job executing on host: <54.200.250.27:7208?addrs=54.200.250.27-7208&noUDP>
...
001 (10933.000.000) 01/25 00:29:34 Job executing on host: <54.202.85.81:50698?addrs=54.202.85.81-50698&noUDP>
...
016 (10931.000.000) 01/25 00:29:34 POST Script terminated.
	(1) Normal termination (return value 0)
    DAG Node: longestsession_2_ID0000014
...
001 (10937.000.000) 01/25 00:29:34 Job executing on host: <54.203.103.253:55703?addrs=54.203.103.253-55703&noUDP>
...
005 (10934.000.000) 01/25 00:29:38 Job terminated.
	(1) Normal termination (return value 0)
		Usr 0 00:00:00, Sys 0 00:00:00  -  Run Remote Usage
		Usr 0 00:00:00, Sys 0 00:00:00  -  Run Local Usage
		Usr 0 00:00:00, Sys 0 00:00:00  -  Total Remote Usage
		Usr 0 00:00:00, Sys 0 00:00:00  -  Total Local Usage
	0  -  Run Bytes Sent By Job
	0  -  Run Bytes Received By Job
	0  -  Total Bytes Sent By Job
	0  -  Total Bytes Received By Job
...
016 (10934.000.000) 01/25 00:29:39 POST Script terminated.
	(1) Normal termination (return value 0)
    DAG Node: clean_up_local_level_5_0
...
005 (10935.000.000) 01/25 00:29:40 Job terminated.
	(1) Normal termination (return value 0)
		Usr 0 00:00:00, Sys 0 00:00:00  -  Run Remote Usage
		Usr 0 00:00:00, Sys 0 00:00:00  -  Run Local Usage
		Usr 0 00:00:00, Sys 0 00:00:00  -  Total Remote Usage
		Usr 0 00:00:00, Sys 0 00:00:00  -  Total Local Usage
	14627  -  Run Bytes Sent By Job
	3170151  -  Run Bytes Received By Job
	14627  -  Total Bytes Sent By Job
	3170151  -  Total Bytes Received By Job
	Partitionable Resources :    Usage  Request Allocated
	   Cpus                 :                 1         1
	   Disk (KB)            :     6117     3250  27752672
	   Memory (MB)          :        0        1      3764
...
005 (10932.000.000) 01/25 00:29:42 Job terminated.
	(1) Normal termination (return value 0)
		Usr 0 00:00:00, Sys 0 00:00:00  -  Run Remote Usage
		Usr 0 00:00:00, Sys 0 00:00:00  -  Run Local Usage
		Usr 0 00:00:00, Sys 0 00:00:00  -  Total Remote Usage
		Usr 0 00:00:00, Sys 0 00:00:00  -  Total Local Usage
	16831  -  Run Bytes Sent By Job
	3170141  -  Run Bytes Received By Job
	16831  -  Total Bytes Sent By Job
	3170141  -  Total Bytes Received By Job
	Partitionable Resources :    Usage  Request Allocated
	   Cpus                 :                 1         1
	   Disk (KB)            :     6119     3250  27752192
	   Memory (MB)          :        2        1      3764
...
005 (10937.000.000) 01/25 00:29:42 Job terminated.
	(1) Normal termination (return value 0)
		Usr 0 00:00:00, Sys 0 00:00:00  -  Run Remote Usage
		Usr 0 00:00:00, Sys 0 00:00:00  -  Run Local Usage
		Usr 0 00:00:00, Sys 0 00:00:00  -  Total Remote Usage
		Usr 0 00:00:00, Sys 0 00:00:00  -  Total Local Usage
	16847  -  Run Bytes Sent By Job
	3170141  -  Run Bytes Received By Job
	16847  -  Total Bytes Sent By Job
	3170141  -  Total Bytes Received By Job
	Partitionable Resources :    Usage  Request Allocated
	   Cpus                 :                 1         1
	   Disk (KB)            :     6119     3250  27750508
	   Memory (MB)          :        2        1      3764
...
005 (10936.000.000) 01/25 00:29:42 Job terminated.
	(1) Normal termination (return value 0)
		Usr 0 00:00:00, Sys 0 00:00:00  -  Run Remote Usage
		Usr 0 00:00:00, Sys 0 00:00:00  -  Run Local Usage
		Usr 0 00:00:00, Sys 0 00:00:00  -  Total Remote Usage
		Usr 0 00:00:00, Sys 0 00:00:00  -  Total Local Usage
	16907  -  Run Bytes Sent By Job
	3170141  -  Run Bytes Received By Job
	16907  -  Total Bytes Sent By Job
	3170141  -  Total Bytes Received By Job
	Partitionable Resources :    Usage  Request Allocated
	   Cpus                 :                 1         1
	   Disk (KB)            :     6119     3250  27744156
	   Memory (MB)          :        2        1      3764
...
005 (10933.000.000) 01/25 00:29:43 Job terminated.
	(1) Normal termination (return value 0)
		Usr 0 00:00:00, Sys 0 00:00:00  -  Run Remote Usage
		Usr 0 00:00:00, Sys 0 00:00:00  -  Run Local Usage
		Usr 0 00:00:00, Sys 0 00:00:00  -  Total Remote Usage
		Usr 0 00:00:00, Sys 0 00:00:00  -  Total Local Usage
	16880  -  Run Bytes Sent By Job
	3170141  -  Run Bytes Received By Job
	16880  -  Total Bytes Sent By Job
	3170141  -  Total Bytes Received By Job
	Partitionable Resources :    Usage  Request Allocated
	   Cpus                 :                 1         1
	   Disk (KB)            :     6119     3250  27747956
	   Memory (MB)          :        2        1      3764
...
016 (10936.000.000) 01/25 00:29:45 POST Script terminated.
	(1) Normal termination (return value 0)
    DAG Node: longestsession_5_ID0000017
...
016 (10932.000.000) 01/25 00:29:45 POST Script terminated.
	(1) Normal termination (return value 0)
    DAG Node: longestsession_8_ID0000020
...
016 (10935.000.000) 01/25 00:29:45 POST Script terminated.
	(1) Normal termination (return value 0)
    DAG Node: longestsession_0_ID0000012
...
016 (10937.000.000) 01/25 00:29:45 POST Script terminated.
	(1) Normal termination (return value 0)
    DAG Node: longestsession_4_ID0000016
...
016 (10933.000.000) 01/25 00:29:45 POST Script terminated.
	(1) Normal termination (return value 0)
    DAG Node: longestsession_7_ID0000019
...
000 (10938.000.000) 01/25 00:29:54 Job submitted from host: <52.53.227.117:37519?addrs=52.53.227.117-37519>
    DAG Node: clean_up_local_level_6_0
    pool:local
...
001 (10938.000.000) 01/25 00:29:54 Job executing on host: <52.53.227.117:61095?addrs=52.53.227.117-61095>
...
000 (10939.000.000) 01/25 00:29:54 Job submitted from host: <52.53.227.117:37519?addrs=52.53.227.117-37519>
    DAG Node: clean_up_local_level_6_1
    pool:local
...
000 (10940.000.000) 01/25 00:29:54 Job submitted from host: <52.53.227.117:37519?addrs=52.53.227.117-37519>
    DAG Node: terminate_0_ID0000021
    pool:condorpool
...
001 (10940.000.000) 01/25 00:29:54 Job executing on host: <54.202.85.81:50698?addrs=54.202.85.81-50698&noUDP>
...
005 (10940.000.000) 01/25 00:29:55 Job terminated.
	(1) Normal termination (return value 0)
		Usr 0 00:00:00, Sys 0 00:00:00  -  Run Remote Usage
		Usr 0 00:00:00, Sys 0 00:00:00  -  Run Local Usage
		Usr 0 00:00:00, Sys 0 00:00:00  -  Total Remote Usage
		Usr 0 00:00:00, Sys 0 00:00:00  -  Total Local Usage
	4456  -  Run Bytes Sent By Job
	3167828  -  Run Bytes Received By Job
	4456  -  Total Bytes Sent By Job
	3167828  -  Total Bytes Received By Job
	Partitionable Resources :    Usage  Request Allocated
	   Cpus                 :                 1         1
	   Disk (KB)            :     6103     3250  27747956
	   Memory (MB)          :        0        1      3764
...
001 (10939.000.000) 01/25 00:29:59 Job executing on host: <52.53.227.117:35417?addrs=52.53.227.117-35417>
...
016 (10940.000.000) 01/25 00:29:59 POST Script terminated.
	(1) Normal termination (return value 0)
    DAG Node: terminate_0_ID0000021
...
005 (10938.000.000) 01/25 00:30:04 Job terminated.
	(1) Normal termination (return value 0)
		Usr 0 00:00:00, Sys 0 00:00:00  -  Run Remote Usage
		Usr 0 00:00:00, Sys 0 00:00:00  -  Run Local Usage
		Usr 0 00:00:00, Sys 0 00:00:00  -  Total Remote Usage
		Usr 0 00:00:00, Sys 0 00:00:00  -  Total Local Usage
	0  -  Run Bytes Sent By Job
	0  -  Run Bytes Received By Job
	0  -  Total Bytes Sent By Job
	0  -  Total Bytes Received By Job
...
016 (10938.000.000) 01/25 00:30:04 POST Script terminated.
	(1) Normal termination (return value 0)
    DAG Node: clean_up_local_level_6_0
...
000 (10941.000.000) 01/25 00:30:09 Job submitted from host: <52.53.227.117:37519?addrs=52.53.227.117-37519>
    DAG Node: clean_up_local_level_7_0
    pool:local
...
001 (10941.000.000) 01/25 00:30:10 Job executing on host: <52.53.227.117:53640?addrs=52.53.227.117-53640>
...
005 (10941.000.000) 01/25 00:30:12 Job terminated.
	(1) Normal termination (return value 0)
		Usr 0 00:00:00, Sys 0 00:00:00  -  Run Remote Usage
		Usr 0 00:00:00, Sys 0 00:00:00  -  Run Local Usage
		Usr 0 00:00:00, Sys 0 00:00:00  -  Total Remote Usage
		Usr 0 00:00:00, Sys 0 00:00:00  -  Total Local Usage
	0  -  Run Bytes Sent By Job
	0  -  Run Bytes Received By Job
	0  -  Total Bytes Sent By Job
	0  -  Total Bytes Received By Job
...
016 (10941.000.000) 01/25 00:30:15 POST Script terminated.
	(1) Normal termination (return value 0)
    DAG Node: clean_up_local_level_7_0
...
005 (10939.000.000) 01/25 00:30:15 Job terminated.
	(1) Normal termination (return value 0)
		Usr 0 00:00:00, Sys 0 00:00:00  -  Run Remote Usage
		Usr 0 00:00:00, Sys 0 00:00:00  -  Run Local Usage
		Usr 0 00:00:00, Sys 0 00:00:00  -  Total Remote Usage
		Usr 0 00:00:00, Sys 0 00:00:00  -  Total Local Usage
	0  -  Run Bytes Sent By Job
	0  -  Run Bytes Received By Job
	0  -  Total Bytes Sent By Job
	0  -  Total Bytes Received By Job
...
016 (10939.000.000) 01/25 00:30:20 POST Script terminated.
	(1) Normal termination (return value 0)
    DAG Node: clean_up_local_level_6_1
...
000 (10942.000.000) 01/25 00:30:30 Job submitted from host: <52.53.227.117:37519?addrs=52.53.227.117-37519>
    DAG Node: cleanup_example_workflow_0_local
    pool:local
...
001 (10942.000.000) 01/25 00:30:30 Job executing on host: <52.53.227.117:65177?addrs=52.53.227.117-65177>
...
005 (10942.000.000) 01/25 00:30:32 Job terminated.
	(1) Normal termination (return value 0)
		Usr 0 00:00:00, Sys 0 00:00:00  -  Run Remote Usage
		Usr 0 00:00:00, Sys 0 00:00:00  -  Run Local Usage
		Usr 0 00:00:00, Sys 0 00:00:00  -  Total Remote Usage
		Usr 0 00:00:00, Sys 0 00:00:00  -  Total Local Usage
	0  -  Run Bytes Sent By Job
	0  -  Run Bytes Received By Job
	0  -  Total Bytes Sent By Job
	0  -  Total Bytes Received By Job
...
