000 (8626.000.000) 12/08 14:57:51 Job submitted from host: <54.67.10.246:6432?addrs=54.67.10.246-6432>
    DAG Node: create_dir_example_workflow_0_local
    pool:local
...
001 (8626.000.000) 12/08 14:57:52 Job executing on host: <54.67.10.246:38408?addrs=54.67.10.246-38408>
...
005 (8626.000.000) 12/08 14:57:54 Job terminated.
	(1) Normal termination (return value 0)
		Usr 0 00:00:00, Sys 0 00:00:00  -  Run Remote Usage
		Usr 0 00:00:00, Sys 0 00:00:00  -  Run Local Usage
		Usr 0 00:00:00, Sys 0 00:00:00  -  Total Remote Usage
		Usr 0 00:00:00, Sys 0 00:00:00  -  Total Local Usage
	0  -  Run Bytes Sent By Job
	0  -  Run Bytes Received By Job
	0  -  Total Bytes Sent By Job
	0  -  Total Bytes Received By Job
...
000 (8627.000.000) 12/08 14:58:06 Job submitted from host: <54.67.10.246:6432?addrs=54.67.10.246-6432>
    DAG Node: stage_in_local_local_0_0
    pool:local
...
001 (8627.000.000) 12/08 14:58:06 Job executing on host: <54.67.10.246:12760?addrs=54.67.10.246-12760>
...
000 (8628.000.000) 12/08 14:58:06 Job submitted from host: <54.67.10.246:6432?addrs=54.67.10.246-6432>
    DAG Node: stage_in_local_local_6_0
    pool:local
...
000 (8629.000.000) 12/08 14:58:06 Job submitted from host: <54.67.10.246:6432?addrs=54.67.10.246-6432>
    DAG Node: stage_in_remote_local_2_1
    pool:local
...
000 (8630.000.000) 12/08 14:58:06 Job submitted from host: <54.67.10.246:6432?addrs=54.67.10.246-6432>
    DAG Node: stage_in_remote_local_5_0
    pool:local
...
000 (8631.000.000) 12/08 14:58:06 Job submitted from host: <54.67.10.246:6432?addrs=54.67.10.246-6432>
    DAG Node: stage_in_local_local_2_0
    pool:local
...
005 (8627.000.000) 12/08 14:58:08 Job terminated.
	(1) Normal termination (return value 0)
		Usr 0 00:00:00, Sys 0 00:00:00  -  Run Remote Usage
		Usr 0 00:00:00, Sys 0 00:00:00  -  Run Local Usage
		Usr 0 00:00:00, Sys 0 00:00:00  -  Total Remote Usage
		Usr 0 00:00:00, Sys 0 00:00:00  -  Total Local Usage
	0  -  Run Bytes Sent By Job
	0  -  Run Bytes Received By Job
	0  -  Total Bytes Sent By Job
	0  -  Total Bytes Received By Job
...
001 (8629.000.000) 12/08 14:58:09 Job executing on host: <54.67.10.246:14432?addrs=54.67.10.246-14432>
...
001 (8630.000.000) 12/08 14:58:09 Job executing on host: <54.67.10.246:27772?addrs=54.67.10.246-27772>
...
001 (8631.000.000) 12/08 14:58:09 Job executing on host: <54.67.10.246:19239?addrs=54.67.10.246-19239>
...
001 (8628.000.000) 12/08 14:58:09 Job executing on host: <54.67.10.246:63422?addrs=54.67.10.246-63422>
...
005 (8629.000.000) 12/08 14:58:11 Job terminated.
	(1) Normal termination (return value 0)
		Usr 0 00:00:00, Sys 0 00:00:00  -  Run Remote Usage
		Usr 0 00:00:00, Sys 0 00:00:00  -  Run Local Usage
		Usr 0 00:00:00, Sys 0 00:00:00  -  Total Remote Usage
		Usr 0 00:00:00, Sys 0 00:00:00  -  Total Local Usage
	0  -  Run Bytes Sent By Job
	0  -  Run Bytes Received By Job
	0  -  Total Bytes Sent By Job
	0  -  Total Bytes Received By Job
...
005 (8628.000.000) 12/08 14:58:11 Job terminated.
	(1) Normal termination (return value 0)
		Usr 0 00:00:00, Sys 0 00:00:00  -  Run Remote Usage
		Usr 0 00:00:00, Sys 0 00:00:00  -  Run Local Usage
		Usr 0 00:00:00, Sys 0 00:00:00  -  Total Remote Usage
		Usr 0 00:00:00, Sys 0 00:00:00  -  Total Local Usage
	0  -  Run Bytes Sent By Job
	0  -  Run Bytes Received By Job
	0  -  Total Bytes Sent By Job
	0  -  Total Bytes Received By Job
...
005 (8630.000.000) 12/08 14:58:11 Job terminated.
	(1) Normal termination (return value 0)
		Usr 0 00:00:00, Sys 0 00:00:00  -  Run Remote Usage
		Usr 0 00:00:00, Sys 0 00:00:00  -  Run Local Usage
		Usr 0 00:00:00, Sys 0 00:00:00  -  Total Remote Usage
		Usr 0 00:00:00, Sys 0 00:00:00  -  Total Local Usage
	0  -  Run Bytes Sent By Job
	0  -  Run Bytes Received By Job
	0  -  Total Bytes Sent By Job
	0  -  Total Bytes Received By Job
...
000 (8632.000.000) 12/08 14:58:12 Job submitted from host: <54.67.10.246:6432?addrs=54.67.10.246-6432>
    DAG Node: stage_in_local_local_2_1
    pool:local
...
001 (8632.000.000) 12/08 14:58:12 Job executing on host: <54.67.10.246:4044?addrs=54.67.10.246-4044>
...
000 (8633.000.000) 12/08 14:58:12 Job submitted from host: <54.67.10.246:6432?addrs=54.67.10.246-6432>
    DAG Node: stage_in_remote_local_1_0
    pool:local
...
000 (8634.000.000) 12/08 14:58:12 Job submitted from host: <54.67.10.246:6432?addrs=54.67.10.246-6432>
    DAG Node: stage_in_local_local_3_0
    pool:local
...
000 (8635.000.000) 12/08 14:58:12 Job submitted from host: <54.67.10.246:6432?addrs=54.67.10.246-6432>
    DAG Node: stage_in_local_local_5_0
    pool:local
...
000 (8636.000.000) 12/08 14:58:12 Job submitted from host: <54.67.10.246:6432?addrs=54.67.10.246-6432>
    DAG Node: stage_in_local_local_4_0
    pool:local
...
005 (8631.000.000) 12/08 14:58:13 Job terminated.
	(1) Normal termination (return value 0)
		Usr 0 00:00:00, Sys 0 00:00:00  -  Run Remote Usage
		Usr 0 00:00:00, Sys 0 00:00:00  -  Run Local Usage
		Usr 0 00:00:00, Sys 0 00:00:00  -  Total Remote Usage
		Usr 0 00:00:00, Sys 0 00:00:00  -  Total Local Usage
	0  -  Run Bytes Sent By Job
	0  -  Run Bytes Received By Job
	0  -  Total Bytes Sent By Job
	0  -  Total Bytes Received By Job
...
001 (8633.000.000) 12/08 14:58:13 Job executing on host: <54.67.10.246:60689?addrs=54.67.10.246-60689>
...
001 (8636.000.000) 12/08 14:58:13 Job executing on host: <54.67.10.246:11235?addrs=54.67.10.246-11235>
...
001 (8635.000.000) 12/08 14:58:13 Job executing on host: <54.67.10.246:52431?addrs=54.67.10.246-52431>
...
001 (8634.000.000) 12/08 14:58:13 Job executing on host: <54.67.10.246:50724?addrs=54.67.10.246-50724>
...
005 (8632.000.000) 12/08 14:58:14 Job terminated.
	(1) Normal termination (return value 0)
		Usr 0 00:00:00, Sys 0 00:00:00  -  Run Remote Usage
		Usr 0 00:00:00, Sys 0 00:00:00  -  Run Local Usage
		Usr 0 00:00:00, Sys 0 00:00:00  -  Total Remote Usage
		Usr 0 00:00:00, Sys 0 00:00:00  -  Total Local Usage
	0  -  Run Bytes Sent By Job
	0  -  Run Bytes Received By Job
	0  -  Total Bytes Sent By Job
	0  -  Total Bytes Received By Job
...
005 (8635.000.000) 12/08 14:58:16 Job terminated.
	(1) Normal termination (return value 0)
		Usr 0 00:00:00, Sys 0 00:00:00  -  Run Remote Usage
		Usr 0 00:00:00, Sys 0 00:00:00  -  Run Local Usage
		Usr 0 00:00:00, Sys 0 00:00:00  -  Total Remote Usage
		Usr 0 00:00:00, Sys 0 00:00:00  -  Total Local Usage
	0  -  Run Bytes Sent By Job
	0  -  Run Bytes Received By Job
	0  -  Total Bytes Sent By Job
	0  -  Total Bytes Received By Job
...
005 (8636.000.000) 12/08 14:58:16 Job terminated.
	(1) Normal termination (return value 0)
		Usr 0 00:00:00, Sys 0 00:00:00  -  Run Remote Usage
		Usr 0 00:00:00, Sys 0 00:00:00  -  Run Local Usage
		Usr 0 00:00:00, Sys 0 00:00:00  -  Total Remote Usage
		Usr 0 00:00:00, Sys 0 00:00:00  -  Total Local Usage
	0  -  Run Bytes Sent By Job
	0  -  Run Bytes Received By Job
	0  -  Total Bytes Sent By Job
	0  -  Total Bytes Received By Job
...
005 (8634.000.000) 12/08 14:58:16 Job terminated.
	(1) Normal termination (return value 0)
		Usr 0 00:00:00, Sys 0 00:00:00  -  Run Remote Usage
		Usr 0 00:00:00, Sys 0 00:00:00  -  Run Local Usage
		Usr 0 00:00:00, Sys 0 00:00:00  -  Total Remote Usage
		Usr 0 00:00:00, Sys 0 00:00:00  -  Total Local Usage
	0  -  Run Bytes Sent By Job
	0  -  Run Bytes Received By Job
	0  -  Total Bytes Sent By Job
	0  -  Total Bytes Received By Job
...
005 (8633.000.000) 12/08 14:58:16 Job terminated.
	(1) Normal termination (return value 0)
		Usr 0 00:00:00, Sys 0 00:00:00  -  Run Remote Usage
		Usr 0 00:00:00, Sys 0 00:00:00  -  Run Local Usage
		Usr 0 00:00:00, Sys 0 00:00:00  -  Total Remote Usage
		Usr 0 00:00:00, Sys 0 00:00:00  -  Total Local Usage
	0  -  Run Bytes Sent By Job
	0  -  Run Bytes Received By Job
	0  -  Total Bytes Sent By Job
	0  -  Total Bytes Received By Job
...
000 (8637.000.000) 12/08 14:58:18 Job submitted from host: <54.67.10.246:6432?addrs=54.67.10.246-6432>
    DAG Node: stage_in_local_local_7_0
    pool:local
...
000 (8638.000.000) 12/08 14:58:18 Job submitted from host: <54.67.10.246:6432?addrs=54.67.10.246-6432>
    DAG Node: stage_in_local_local_1_0
    pool:local
...
000 (8639.000.000) 12/08 14:58:18 Job submitted from host: <54.67.10.246:6432?addrs=54.67.10.246-6432>
    DAG Node: stage_in_remote_local_4_1
    pool:local
...
000 (8640.000.000) 12/08 14:58:18 Job submitted from host: <54.67.10.246:6432?addrs=54.67.10.246-6432>
    DAG Node: stage_in_remote_local_4_0
    pool:local
...
000 (8641.000.000) 12/08 14:58:18 Job submitted from host: <54.67.10.246:6432?addrs=54.67.10.246-6432>
    DAG Node: stage_in_remote_local_2_0
    pool:local
...
001 (8638.000.000) 12/08 14:58:22 Job executing on host: <54.67.10.246:2012?addrs=54.67.10.246-2012>
...
001 (8641.000.000) 12/08 14:58:22 Job executing on host: <54.67.10.246:35639?addrs=54.67.10.246-35639>
...
001 (8639.000.000) 12/08 14:58:22 Job executing on host: <54.67.10.246:40730?addrs=54.67.10.246-40730>
...
001 (8640.000.000) 12/08 14:58:22 Job executing on host: <54.67.10.246:36323?addrs=54.67.10.246-36323>
...
001 (8637.000.000) 12/08 14:58:22 Job executing on host: <54.67.10.246:33180?addrs=54.67.10.246-33180>
...
000 (8642.000.000) 12/08 14:58:23 Job submitted from host: <54.67.10.246:6432?addrs=54.67.10.246-6432>
    DAG Node: stage_in_remote_local_3_1
    pool:local
...
000 (8643.000.000) 12/08 14:58:23 Job submitted from host: <54.67.10.246:6432?addrs=54.67.10.246-6432>
    DAG Node: stage_in_remote_local_3_0
    pool:local
...
000 (8644.000.000) 12/08 14:58:23 Job submitted from host: <54.67.10.246:6432?addrs=54.67.10.246-6432>
    DAG Node: stage_in_remote_local_6_0
    pool:local
...
000 (8645.000.000) 12/08 14:58:23 Job submitted from host: <54.67.10.246:6432?addrs=54.67.10.246-6432>
    DAG Node: init_0_ID0000001
    pool:condorpool
...
005 (8639.000.000) 12/08 14:58:25 Job terminated.
	(1) Normal termination (return value 0)
		Usr 0 00:00:00, Sys 0 00:00:00  -  Run Remote Usage
		Usr 0 00:00:00, Sys 0 00:00:00  -  Run Local Usage
		Usr 0 00:00:00, Sys 0 00:00:00  -  Total Remote Usage
		Usr 0 00:00:00, Sys 0 00:00:00  -  Total Local Usage
	0  -  Run Bytes Sent By Job
	0  -  Run Bytes Received By Job
	0  -  Total Bytes Sent By Job
	0  -  Total Bytes Received By Job
...
001 (8642.000.000) 12/08 14:58:25 Job executing on host: <54.67.10.246:62809?addrs=54.67.10.246-62809>
...
001 (8644.000.000) 12/08 14:58:25 Job executing on host: <54.67.10.246:5617?addrs=54.67.10.246-5617>
...
001 (8643.000.000) 12/08 14:58:25 Job executing on host: <54.67.10.246:27205?addrs=54.67.10.246-27205>
...
005 (8638.000.000) 12/08 14:58:25 Job terminated.
	(1) Normal termination (return value 0)
		Usr 0 00:00:00, Sys 0 00:00:00  -  Run Remote Usage
		Usr 0 00:00:00, Sys 0 00:00:00  -  Run Local Usage
		Usr 0 00:00:00, Sys 0 00:00:00  -  Total Remote Usage
		Usr 0 00:00:00, Sys 0 00:00:00  -  Total Local Usage
	0  -  Run Bytes Sent By Job
	0  -  Run Bytes Received By Job
	0  -  Total Bytes Sent By Job
	0  -  Total Bytes Received By Job
...
005 (8637.000.000) 12/08 14:58:25 Job terminated.
	(1) Normal termination (return value 0)
		Usr 0 00:00:00, Sys 0 00:00:00  -  Run Remote Usage
		Usr 0 00:00:00, Sys 0 00:00:00  -  Run Local Usage
		Usr 0 00:00:00, Sys 0 00:00:00  -  Total Remote Usage
		Usr 0 00:00:00, Sys 0 00:00:00  -  Total Local Usage
	0  -  Run Bytes Sent By Job
	0  -  Run Bytes Received By Job
	0  -  Total Bytes Sent By Job
	0  -  Total Bytes Received By Job
...
005 (8641.000.000) 12/08 14:58:27 Job terminated.
	(1) Normal termination (return value 0)
		Usr 0 00:00:00, Sys 0 00:00:00  -  Run Remote Usage
		Usr 0 00:00:00, Sys 0 00:00:00  -  Run Local Usage
		Usr 0 00:00:00, Sys 0 00:00:00  -  Total Remote Usage
		Usr 0 00:00:00, Sys 0 00:00:00  -  Total Local Usage
	0  -  Run Bytes Sent By Job
	0  -  Run Bytes Received By Job
	0  -  Total Bytes Sent By Job
	0  -  Total Bytes Received By Job
...
005 (8640.000.000) 12/08 14:58:27 Job terminated.
	(1) Normal termination (return value 0)
		Usr 0 00:00:00, Sys 0 00:00:00  -  Run Remote Usage
		Usr 0 00:00:00, Sys 0 00:00:00  -  Run Local Usage
		Usr 0 00:00:00, Sys 0 00:00:00  -  Total Remote Usage
		Usr 0 00:00:00, Sys 0 00:00:00  -  Total Local Usage
	0  -  Run Bytes Sent By Job
	0  -  Run Bytes Received By Job
	0  -  Total Bytes Sent By Job
	0  -  Total Bytes Received By Job
...
005 (8642.000.000) 12/08 14:58:27 Job terminated.
	(1) Normal termination (return value 0)
		Usr 0 00:00:00, Sys 0 00:00:00  -  Run Remote Usage
		Usr 0 00:00:00, Sys 0 00:00:00  -  Run Local Usage
		Usr 0 00:00:00, Sys 0 00:00:00  -  Total Remote Usage
		Usr 0 00:00:00, Sys 0 00:00:00  -  Total Local Usage
	0  -  Run Bytes Sent By Job
	0  -  Run Bytes Received By Job
	0  -  Total Bytes Sent By Job
	0  -  Total Bytes Received By Job
...
005 (8644.000.000) 12/08 14:58:27 Job terminated.
	(1) Normal termination (return value 0)
		Usr 0 00:00:00, Sys 0 00:00:00  -  Run Remote Usage
		Usr 0 00:00:00, Sys 0 00:00:00  -  Run Local Usage
		Usr 0 00:00:00, Sys 0 00:00:00  -  Total Remote Usage
		Usr 0 00:00:00, Sys 0 00:00:00  -  Total Local Usage
	0  -  Run Bytes Sent By Job
	0  -  Run Bytes Received By Job
	0  -  Total Bytes Sent By Job
	0  -  Total Bytes Received By Job
...
005 (8643.000.000) 12/08 14:58:29 Job terminated.
	(1) Normal termination (return value 0)
		Usr 0 00:00:00, Sys 0 00:00:00  -  Run Remote Usage
		Usr 0 00:00:00, Sys 0 00:00:00  -  Run Local Usage
		Usr 0 00:00:00, Sys 0 00:00:00  -  Total Remote Usage
		Usr 0 00:00:00, Sys 0 00:00:00  -  Total Local Usage
	0  -  Run Bytes Sent By Job
	0  -  Run Bytes Received By Job
	0  -  Total Bytes Sent By Job
	0  -  Total Bytes Received By Job
...
001 (8645.000.000) 12/08 14:58:36 Job executing on host: <54.213.17.0:8127?addrs=54.213.17.0-8127&noUDP>
...
006 (8645.000.000) 12/08 14:58:44 Image size of job updated: 2
	2  -  MemoryUsage of job (MB)
	1652  -  ResidentSetSize of job (KB)
...
006 (8645.000.000) 12/08 15:03:44 Image size of job updated: 633500
	15  -  MemoryUsage of job (MB)
	15332  -  ResidentSetSize of job (KB)
...
005 (8645.000.000) 12/08 15:04:10 Job terminated.
	(1) Normal termination (return value 0)
		Usr 0 00:00:00, Sys 0 00:00:00  -  Run Remote Usage
		Usr 0 00:00:00, Sys 0 00:00:00  -  Run Local Usage
		Usr 0 00:00:00, Sys 0 00:00:00  -  Total Remote Usage
		Usr 0 00:00:00, Sys 0 00:00:00  -  Total Local Usage
	4469  -  Run Bytes Sent By Job
	3170148  -  Run Bytes Received By Job
	4469  -  Total Bytes Sent By Job
	3170148  -  Total Bytes Received By Job
	Partitionable Resources :    Usage  Request Allocated
	   Cpus                 :                 1         1
	   Disk (KB)            :     6106     3250  27750828
	   Memory (MB)          :       15        1      3764
...
000 (8646.000.000) 12/08 15:04:23 Job submitted from host: <54.67.10.246:6432?addrs=54.67.10.246-6432>
    DAG Node: clean_up_local_level_3_0
    pool:local
...
001 (8646.000.000) 12/08 15:04:23 Job executing on host: <54.67.10.246:36804?addrs=54.67.10.246-36804>
...
000 (8647.000.000) 12/08 15:04:23 Job submitted from host: <54.67.10.246:6432?addrs=54.67.10.246-6432>
    DAG Node: generalinfo_0_ID0000002
    pool:condorpool
...
001 (8647.000.000) 12/08 15:04:23 Job executing on host: <54.213.17.0:8127?addrs=54.213.17.0-8127&noUDP>
...
005 (8646.000.000) 12/08 15:04:25 Job terminated.
	(1) Normal termination (return value 0)
		Usr 0 00:00:00, Sys 0 00:00:00  -  Run Remote Usage
		Usr 0 00:00:00, Sys 0 00:00:00  -  Run Local Usage
		Usr 0 00:00:00, Sys 0 00:00:00  -  Total Remote Usage
		Usr 0 00:00:00, Sys 0 00:00:00  -  Total Local Usage
	0  -  Run Bytes Sent By Job
	0  -  Run Bytes Received By Job
	0  -  Total Bytes Sent By Job
	0  -  Total Bytes Received By Job
...
006 (8647.000.000) 12/08 15:04:31 Image size of job updated: 2
	2  -  MemoryUsage of job (MB)
	1644  -  ResidentSetSize of job (KB)
...
006 (8647.000.000) 12/08 15:09:32 Image size of job updated: 758192
	137  -  MemoryUsage of job (MB)
	139900  -  ResidentSetSize of job (KB)
...
006 (8647.000.000) 12/08 15:14:33 Image size of job updated: 759016
	137  -  MemoryUsage of job (MB)
	139900  -  ResidentSetSize of job (KB)
...
006 (8647.000.000) 12/08 15:24:34 Image size of job updated: 762512
	137  -  MemoryUsage of job (MB)
	139900  -  ResidentSetSize of job (KB)
...
006 (8647.000.000) 12/08 15:49:37 Image size of job updated: 762512
	138  -  MemoryUsage of job (MB)
	140492  -  ResidentSetSize of job (KB)
...
005 (8647.000.000) 12/08 16:05:32 Job terminated.
	(1) Normal termination (return value 0)
		Usr 0 00:51:01, Sys 0 00:00:36  -  Run Remote Usage
		Usr 0 00:00:00, Sys 0 00:00:00  -  Run Local Usage
		Usr 0 00:51:01, Sys 0 00:00:36  -  Total Remote Usage
		Usr 0 00:00:00, Sys 0 00:00:00  -  Total Local Usage
	5891  -  Run Bytes Sent By Job
	3169156  -  Run Bytes Received By Job
	5891  -  Total Bytes Sent By Job
	3169156  -  Total Bytes Received By Job
	Partitionable Resources :    Usage  Request Allocated
	   Cpus                 :                 1         1
	   Disk (KB)            :     6107     3250  27750828
	   Memory (MB)          :      138        1      3764
...
000 (8648.000.000) 12/08 16:05:47 Job submitted from host: <54.67.10.246:6432?addrs=54.67.10.246-6432>
    DAG Node: clean_up_local_level_4_0
    pool:local
...
001 (8648.000.000) 12/08 16:05:47 Job executing on host: <54.67.10.246:62568?addrs=54.67.10.246-62568>
...
000 (8649.000.000) 12/08 16:05:47 Job submitted from host: <54.67.10.246:6432?addrs=54.67.10.246-6432>
    DAG Node: statscpumemory_0_ID0000003
    pool:condorpool
...
000 (8650.000.000) 12/08 16:05:48 Job submitted from host: <54.67.10.246:6432?addrs=54.67.10.246-6432>
    DAG Node: medianmemory_0_ID0000005
    pool:condorpool
...
000 (8651.000.000) 12/08 16:05:48 Job submitted from host: <54.67.10.246:6432?addrs=54.67.10.246-6432>
    DAG Node: mediancpu_0_ID0000004
    pool:condorpool
...
005 (8648.000.000) 12/08 16:05:52 Job terminated.
	(1) Normal termination (return value 0)
		Usr 0 00:00:00, Sys 0 00:00:00  -  Run Remote Usage
		Usr 0 00:00:00, Sys 0 00:00:00  -  Run Local Usage
		Usr 0 00:00:00, Sys 0 00:00:00  -  Total Remote Usage
		Usr 0 00:00:00, Sys 0 00:00:00  -  Total Local Usage
	0  -  Run Bytes Sent By Job
	0  -  Run Bytes Received By Job
	0  -  Total Bytes Sent By Job
	0  -  Total Bytes Received By Job
...
001 (8649.000.000) 12/08 16:06:07 Job executing on host: <54.213.17.0:8127?addrs=54.213.17.0-8127&noUDP>
...
001 (8650.000.000) 12/08 16:06:07 Job executing on host: <54.200.31.33:26015?addrs=54.200.31.33-26015&noUDP>
...
001 (8651.000.000) 12/08 16:06:07 Job executing on host: <54.201.173.21:12532?addrs=54.201.173.21-12532&noUDP>
...
006 (8649.000.000) 12/08 16:06:15 Image size of job updated: 2
	2  -  MemoryUsage of job (MB)
	1656  -  ResidentSetSize of job (KB)
...
006 (8650.000.000) 12/08 16:06:15 Image size of job updated: 2
	2  -  MemoryUsage of job (MB)
	1652  -  ResidentSetSize of job (KB)
...
006 (8651.000.000) 12/08 16:06:16 Image size of job updated: 2
	2  -  MemoryUsage of job (MB)
	1656  -  ResidentSetSize of job (KB)
...
006 (8649.000.000) 12/08 16:11:16 Image size of job updated: 762040
	126  -  MemoryUsage of job (MB)
	128988  -  ResidentSetSize of job (KB)
...
006 (8650.000.000) 12/08 16:11:16 Image size of job updated: 782888
	152  -  MemoryUsage of job (MB)
	154680  -  ResidentSetSize of job (KB)
...
006 (8651.000.000) 12/08 16:11:17 Image size of job updated: 788900
	152  -  MemoryUsage of job (MB)
	155576  -  ResidentSetSize of job (KB)
...
006 (8649.000.000) 12/08 16:16:16 Image size of job updated: 766776
	137  -  MemoryUsage of job (MB)
	139328  -  ResidentSetSize of job (KB)
...
006 (8650.000.000) 12/08 16:16:17 Image size of job updated: 782888
	161  -  MemoryUsage of job (MB)
	164824  -  ResidentSetSize of job (KB)
...
006 (8651.000.000) 12/08 16:16:17 Image size of job updated: 788900
	162  -  MemoryUsage of job (MB)
	165620  -  ResidentSetSize of job (KB)
...
006 (8650.000.000) 12/08 16:31:19 Image size of job updated: 784092
	161  -  MemoryUsage of job (MB)
	164824  -  ResidentSetSize of job (KB)
...
006 (8649.000.000) 12/08 16:41:19 Image size of job updated: 766776
	140  -  MemoryUsage of job (MB)
	142928  -  ResidentSetSize of job (KB)
...
006 (8649.000.000) 12/08 17:11:21 Image size of job updated: 766928
	143  -  MemoryUsage of job (MB)
	145508  -  ResidentSetSize of job (KB)
...
006 (8649.000.000) 12/08 17:16:21 Image size of job updated: 783400
	143  -  MemoryUsage of job (MB)
	145508  -  ResidentSetSize of job (KB)
...
006 (8649.000.000) 12/08 17:21:21 Image size of job updated: 783472
	143  -  MemoryUsage of job (MB)
	145508  -  ResidentSetSize of job (KB)
...
006 (8651.000.000) 12/08 17:26:22 Image size of job updated: 809096
	162  -  MemoryUsage of job (MB)
	165620  -  ResidentSetSize of job (KB)
...
006 (8650.000.000) 12/08 17:26:26 Image size of job updated: 800576
	161  -  MemoryUsage of job (MB)
	164824  -  ResidentSetSize of job (KB)
...
006 (8650.000.000) 12/08 17:31:27 Image size of job updated: 805760
	161  -  MemoryUsage of job (MB)
	164824  -  ResidentSetSize of job (KB)
...
006 (8649.000.000) 12/08 17:36:22 Image size of job updated: 788868
	143  -  MemoryUsage of job (MB)
	145508  -  ResidentSetSize of job (KB)
...
005 (8649.000.000) 12/08 18:17:38 Job terminated.
	(1) Normal termination (return value 0)
		Usr 0 01:50:18, Sys 0 00:01:11  -  Run Remote Usage
		Usr 0 00:00:00, Sys 0 00:00:00  -  Run Local Usage
		Usr 0 01:50:18, Sys 0 00:01:11  -  Total Remote Usage
		Usr 0 00:00:00, Sys 0 00:00:00  -  Total Local Usage
	6592  -  Run Bytes Sent By Job
	3171328  -  Run Bytes Received By Job
	6592  -  Total Bytes Sent By Job
	3171328  -  Total Bytes Received By Job
	Partitionable Resources :    Usage  Request Allocated
	   Cpus                 :                 1         1
	   Disk (KB)            :     6110     3250  27743680
	   Memory (MB)          :      143        1      3764
...
005 (8651.000.000) 12/08 18:20:00 Job terminated.
	(1) Normal termination (return value 0)
		Usr 0 01:54:45, Sys 0 00:01:26  -  Run Remote Usage
		Usr 0 00:00:00, Sys 0 00:00:00  -  Run Local Usage
		Usr 0 01:54:45, Sys 0 00:01:26  -  Total Remote Usage
		Usr 0 00:00:00, Sys 0 00:00:00  -  Total Local Usage
	381772  -  Run Bytes Sent By Job
	3169015  -  Run Bytes Received By Job
	381772  -  Total Bytes Sent By Job
	3169015  -  Total Bytes Received By Job
	Partitionable Resources :    Usage  Request Allocated
	   Cpus                 :                 1         1
	   Disk (KB)            :  5780490     3250  27752576
	   Memory (MB)          :      162        1      3764
...
000 (8652.000.000) 12/08 18:20:15 Job submitted from host: <54.67.10.246:6432?addrs=54.67.10.246-6432>
    DAG Node: clean_up_local_level_5_1
    pool:local
...
001 (8652.000.000) 12/08 18:20:16 Job executing on host: <54.67.10.246:27551?addrs=54.67.10.246-27551>
...
005 (8652.000.000) 12/08 18:20:20 Job terminated.
	(1) Normal termination (return value 0)
		Usr 0 00:00:00, Sys 0 00:00:00  -  Run Remote Usage
		Usr 0 00:00:00, Sys 0 00:00:00  -  Run Local Usage
		Usr 0 00:00:00, Sys 0 00:00:00  -  Total Remote Usage
		Usr 0 00:00:00, Sys 0 00:00:00  -  Total Local Usage
	0  -  Run Bytes Sent By Job
	0  -  Run Bytes Received By Job
	0  -  Total Bytes Sent By Job
	0  -  Total Bytes Received By Job
...
005 (8650.000.000) 12/08 18:22:38 Job terminated.
	(1) Normal termination (return value 0)
		Usr 0 01:58:00, Sys 0 00:01:30  -  Run Remote Usage
		Usr 0 00:00:00, Sys 0 00:00:00  -  Run Local Usage
		Usr 0 01:58:00, Sys 0 00:01:30  -  Total Remote Usage
		Usr 0 00:00:00, Sys 0 00:00:00  -  Total Local Usage
	379318  -  Run Bytes Sent By Job
	3169051  -  Run Bytes Received By Job
	379318  -  Total Bytes Sent By Job
	3169051  -  Total Bytes Received By Job
	Partitionable Resources :    Usage  Request Allocated
	   Cpus                 :                 1         1
	   Disk (KB)            :  5910482     3250  27756372
	   Memory (MB)          :      161        1      3764
...
000 (8653.000.000) 12/08 18:22:51 Job submitted from host: <54.67.10.246:6432?addrs=54.67.10.246-6432>
    DAG Node: clean_up_local_level_5_0
    pool:local
...
001 (8653.000.000) 12/08 18:22:51 Job executing on host: <54.67.10.246:24196?addrs=54.67.10.246-24196>
...
000 (8654.000.000) 12/08 18:22:51 Job submitted from host: <54.67.10.246:6432?addrs=54.67.10.246-6432>
    DAG Node: taskevent_0_ID0000006
    pool:condorpool
...
005 (8653.000.000) 12/08 18:23:00 Job terminated.
	(1) Normal termination (return value 0)
		Usr 0 00:00:00, Sys 0 00:00:00  -  Run Remote Usage
		Usr 0 00:00:00, Sys 0 00:00:00  -  Run Local Usage
		Usr 0 00:00:00, Sys 0 00:00:00  -  Total Remote Usage
		Usr 0 00:00:00, Sys 0 00:00:00  -  Total Local Usage
	0  -  Run Bytes Sent By Job
	0  -  Run Bytes Received By Job
	0  -  Total Bytes Sent By Job
	0  -  Total Bytes Received By Job
...
001 (8654.000.000) 12/08 18:23:13 Job executing on host: <54.213.17.0:8127?addrs=54.213.17.0-8127&noUDP>
...
006 (8654.000.000) 12/08 18:23:22 Image size of job updated: 2
	2  -  MemoryUsage of job (MB)
	1640  -  ResidentSetSize of job (KB)
...
006 (8654.000.000) 12/08 18:28:23 Image size of job updated: 797268
	130  -  MemoryUsage of job (MB)
	132568  -  ResidentSetSize of job (KB)
...
006 (8654.000.000) 12/08 18:33:23 Image size of job updated: 797752
	131  -  MemoryUsage of job (MB)
	133816  -  ResidentSetSize of job (KB)
...
006 (8654.000.000) 12/08 18:38:23 Image size of job updated: 797820
	131  -  MemoryUsage of job (MB)
	133816  -  ResidentSetSize of job (KB)
...
006 (8654.000.000) 12/08 18:48:25 Image size of job updated: 798636
	131  -  MemoryUsage of job (MB)
	133816  -  ResidentSetSize of job (KB)
...
006 (8654.000.000) 12/08 19:18:27 Image size of job updated: 799752
	132  -  MemoryUsage of job (MB)
	134240  -  ResidentSetSize of job (KB)
...
006 (8654.000.000) 12/08 19:58:32 Image size of job updated: 799752
	132  -  MemoryUsage of job (MB)
	135044  -  ResidentSetSize of job (KB)
...
006 (8654.000.000) 12/08 20:18:34 Image size of job updated: 799752
	133  -  MemoryUsage of job (MB)
	135672  -  ResidentSetSize of job (KB)
...
006 (8654.000.000) 12/08 20:23:35 Image size of job updated: 817720
	133  -  MemoryUsage of job (MB)
	135672  -  ResidentSetSize of job (KB)
...
006 (8654.000.000) 12/08 20:33:35 Image size of job updated: 818340
	133  -  MemoryUsage of job (MB)
	135672  -  ResidentSetSize of job (KB)
...
006 (8654.000.000) 12/08 21:08:39 Image size of job updated: 818340
	135  -  MemoryUsage of job (MB)
	138232  -  ResidentSetSize of job (KB)
...
005 (8654.000.000) 12/08 22:17:15 Job terminated.
	(1) Normal termination (return value 0)
		Usr 0 01:57:13, Sys 0 00:01:23  -  Run Remote Usage
		Usr 0 00:00:00, Sys 0 00:00:00  -  Run Local Usage
		Usr 0 01:57:13, Sys 0 00:01:23  -  Total Remote Usage
		Usr 0 00:00:00, Sys 0 00:00:00  -  Total Local Usage
	14701  -  Run Bytes Sent By Job
	3175823  -  Run Bytes Received By Job
	14701  -  Total Bytes Sent By Job
	3175823  -  Total Bytes Received By Job
	Partitionable Resources :    Usage  Request Allocated
	   Cpus                 :                 1         1
	   Disk (KB)            :     6125     3250  27749896
	   Memory (MB)          :      135        1      3764
...
000 (8655.000.000) 12/08 22:17:27 Job submitted from host: <54.67.10.246:6432?addrs=54.67.10.246-6432>
    DAG Node: clean_up_local_level_6_0
    pool:local
...
001 (8655.000.000) 12/08 22:17:27 Job executing on host: <54.67.10.246:7910?addrs=54.67.10.246-7910>
...
000 (8656.000.000) 12/08 22:17:27 Job submitted from host: <54.67.10.246:6432?addrs=54.67.10.246-6432>
    DAG Node: calculateratio_0_ID0000007
    pool:condorpool
...
005 (8655.000.000) 12/08 22:17:35 Job terminated.
	(1) Normal termination (return value 0)
		Usr 0 00:00:00, Sys 0 00:00:00  -  Run Remote Usage
		Usr 0 00:00:00, Sys 0 00:00:00  -  Run Local Usage
		Usr 0 00:00:00, Sys 0 00:00:00  -  Total Remote Usage
		Usr 0 00:00:00, Sys 0 00:00:00  -  Total Local Usage
	0  -  Run Bytes Sent By Job
	0  -  Run Bytes Received By Job
	0  -  Total Bytes Sent By Job
	0  -  Total Bytes Received By Job
...
001 (8656.000.000) 12/08 22:17:44 Job executing on host: <54.213.17.0:8127?addrs=54.213.17.0-8127&noUDP>
...
006 (8656.000.000) 12/08 22:17:52 Image size of job updated: 2
	2  -  MemoryUsage of job (MB)
	1652  -  ResidentSetSize of job (KB)
...
006 (8656.000.000) 12/08 22:22:52 Image size of job updated: 852968
	150  -  MemoryUsage of job (MB)
	153476  -  ResidentSetSize of job (KB)
...
006 (8656.000.000) 12/08 22:32:53 Image size of job updated: 856420
	150  -  MemoryUsage of job (MB)
	153476  -  ResidentSetSize of job (KB)
...
006 (8656.000.000) 12/08 22:52:55 Image size of job updated: 856420
	154  -  MemoryUsage of job (MB)
	157028  -  ResidentSetSize of job (KB)
...
006 (8656.000.000) 12/08 23:02:55 Image size of job updated: 856708
	154  -  MemoryUsage of job (MB)
	157028  -  ResidentSetSize of job (KB)
...
006 (8656.000.000) 12/08 23:12:56 Image size of job updated: 856964
	154  -  MemoryUsage of job (MB)
	157028  -  ResidentSetSize of job (KB)
...
006 (8656.000.000) 12/08 23:22:58 Image size of job updated: 857220
	154  -  MemoryUsage of job (MB)
	157028  -  ResidentSetSize of job (KB)
...
006 (8656.000.000) 12/09 00:13:04 Image size of job updated: 858576
	154  -  MemoryUsage of job (MB)
	157028  -  ResidentSetSize of job (KB)
...
006 (8656.000.000) 12/09 00:18:04 Image size of job updated: 860112
	154  -  MemoryUsage of job (MB)
	157028  -  ResidentSetSize of job (KB)
...
006 (8656.000.000) 12/09 02:18:15 Image size of job updated: 860112
	154  -  MemoryUsage of job (MB)
	157344  -  ResidentSetSize of job (KB)
...
005 (8656.000.000) 12/09 03:16:19 Job terminated.
	(1) Normal termination (return value 0)
		Usr 0 01:55:36, Sys 0 00:04:21  -  Run Remote Usage
		Usr 0 00:00:00, Sys 0 00:00:00  -  Run Local Usage
		Usr 0 01:55:36, Sys 0 00:04:21  -  Total Remote Usage
		Usr 0 00:00:00, Sys 0 00:00:00  -  Total Local Usage
	359979  -  Run Bytes Sent By Job
	3174554  -  Run Bytes Received By Job
	359979  -  Total Bytes Sent By Job
	3174554  -  Total Bytes Received By Job
	Partitionable Resources :    Usage  Request Allocated
	   Cpus                 :                 1         1
	   Disk (KB)            :     8434     3250  27749932
	   Memory (MB)          :      154        1      3764
...
000 (8657.000.000) 12/09 03:16:31 Job submitted from host: <54.67.10.246:6432?addrs=54.67.10.246-6432>
    DAG Node: clean_up_local_level_7_0
    pool:local
...
000 (8658.000.000) 12/09 03:16:31 Job submitted from host: <54.67.10.246:6432?addrs=54.67.10.246-6432>
    DAG Node: averageratioevent_0_ID0000008
    pool:condorpool
...
001 (8657.000.000) 12/09 03:16:31 Job executing on host: <54.67.10.246:30877?addrs=54.67.10.246-30877>
...
005 (8657.000.000) 12/09 03:16:40 Job terminated.
	(1) Normal termination (return value 0)
		Usr 0 00:00:00, Sys 0 00:00:00  -  Run Remote Usage
		Usr 0 00:00:00, Sys 0 00:00:00  -  Run Local Usage
		Usr 0 00:00:00, Sys 0 00:00:00  -  Total Remote Usage
		Usr 0 00:00:00, Sys 0 00:00:00  -  Total Local Usage
	0  -  Run Bytes Sent By Job
	0  -  Run Bytes Received By Job
	0  -  Total Bytes Sent By Job
	0  -  Total Bytes Received By Job
...
001 (8658.000.000) 12/09 03:16:52 Job executing on host: <54.213.17.0:8127?addrs=54.213.17.0-8127&noUDP>
...
006 (8658.000.000) 12/09 03:17:00 Image size of job updated: 2
	2  -  MemoryUsage of job (MB)
	1644  -  ResidentSetSize of job (KB)
...
006 (8658.000.000) 12/09 03:22:00 Image size of job updated: 767156
	145  -  MemoryUsage of job (MB)
	148312  -  ResidentSetSize of job (KB)
...
006 (8658.000.000) 12/09 03:27:00 Image size of job updated: 767156
	146  -  MemoryUsage of job (MB)
	149380  -  ResidentSetSize of job (KB)
...
005 (8658.000.000) 12/09 03:40:35 Job terminated.
	(1) Normal termination (return value 0)
		Usr 0 00:14:00, Sys 0 00:00:14  -  Run Remote Usage
		Usr 0 00:00:00, Sys 0 00:00:00  -  Run Local Usage
		Usr 0 00:14:00, Sys 0 00:00:14  -  Total Remote Usage
		Usr 0 00:00:00, Sys 0 00:00:00  -  Total Local Usage
	266722  -  Run Bytes Sent By Job
	3169951  -  Run Bytes Received By Job
	266722  -  Total Bytes Sent By Job
	3169951  -  Total Bytes Received By Job
	Partitionable Resources :    Usage  Request Allocated
	   Cpus                 :                 1         1
	   Disk (KB)            :   173527     3250  27746816
	   Memory (MB)          :      146        1      3764
...
000 (8659.000.000) 12/09 03:40:47 Job submitted from host: <54.67.10.246:6432?addrs=54.67.10.246-6432>
    DAG Node: clean_up_local_level_8_0
    pool:local
...
001 (8659.000.000) 12/09 03:40:47 Job executing on host: <54.67.10.246:10995?addrs=54.67.10.246-10995>
...
000 (8660.000.000) 12/09 03:40:47 Job submitted from host: <54.67.10.246:6432?addrs=54.67.10.246-6432>
    DAG Node: analysisevent_0_ID0000009
    pool:condorpool
...
005 (8659.000.000) 12/09 03:40:52 Job terminated.
	(1) Normal termination (return value 0)
		Usr 0 00:00:00, Sys 0 00:00:00  -  Run Remote Usage
		Usr 0 00:00:00, Sys 0 00:00:00  -  Run Local Usage
		Usr 0 00:00:00, Sys 0 00:00:00  -  Total Remote Usage
		Usr 0 00:00:00, Sys 0 00:00:00  -  Total Local Usage
	0  -  Run Bytes Sent By Job
	0  -  Run Bytes Received By Job
	0  -  Total Bytes Sent By Job
	0  -  Total Bytes Received By Job
...
001 (8660.000.000) 12/09 03:41:08 Job executing on host: <54.213.17.0:8127?addrs=54.213.17.0-8127&noUDP>
...
006 (8660.000.000) 12/09 03:41:09 Image size of job updated: 2
	0  -  MemoryUsage of job (MB)
	0  -  ResidentSetSize of job (KB)
...
005 (8660.000.000) 12/09 03:41:09 Job terminated.
	(1) Normal termination (return value 0)
		Usr 0 00:00:00, Sys 0 00:00:00  -  Run Remote Usage
		Usr 0 00:00:00, Sys 0 00:00:00  -  Run Local Usage
		Usr 0 00:00:00, Sys 0 00:00:00  -  Total Remote Usage
		Usr 0 00:00:00, Sys 0 00:00:00  -  Total Local Usage
	5947  -  Run Bytes Sent By Job
	3169438  -  Run Bytes Received By Job
	5947  -  Total Bytes Sent By Job
	3169438  -  Total Bytes Received By Job
	Partitionable Resources :    Usage  Request Allocated
	   Cpus                 :                 1         1
	   Disk (KB)            :     6108     3250  27746716
	   Memory (MB)          :        0        1      3764
...
000 (8661.000.000) 12/09 03:41:22 Job submitted from host: <54.67.10.246:6432?addrs=54.67.10.246-6432>
    DAG Node: terminate_0_ID0000010
    pool:condorpool
...
000 (8662.000.000) 12/09 03:41:22 Job submitted from host: <54.67.10.246:6432?addrs=54.67.10.246-6432>
    DAG Node: clean_up_local_level_9_0
    pool:local
...
001 (8661.000.000) 12/09 03:41:22 Job executing on host: <54.213.17.0:8127?addrs=54.213.17.0-8127&noUDP>
...
006 (8661.000.000) 12/09 03:41:23 Image size of job updated: 2
	0  -  MemoryUsage of job (MB)
	0  -  ResidentSetSize of job (KB)
...
005 (8661.000.000) 12/09 03:41:23 Job terminated.
	(1) Normal termination (return value 0)
		Usr 0 00:00:00, Sys 0 00:00:00  -  Run Remote Usage
		Usr 0 00:00:00, Sys 0 00:00:00  -  Run Local Usage
		Usr 0 00:00:00, Sys 0 00:00:00  -  Total Remote Usage
		Usr 0 00:00:00, Sys 0 00:00:00  -  Total Local Usage
	4473  -  Run Bytes Sent By Job
	3167897  -  Run Bytes Received By Job
	4473  -  Total Bytes Sent By Job
	3167897  -  Total Bytes Received By Job
	Partitionable Resources :    Usage  Request Allocated
	   Cpus                 :                 1         1
	   Disk (KB)            :     6104     3250  27746716
	   Memory (MB)          :        0        1      3764
...
001 (8662.000.000) 12/09 03:41:27 Job executing on host: <54.67.10.246:3199?addrs=54.67.10.246-3199>
...
005 (8662.000.000) 12/09 03:41:31 Job terminated.
	(1) Normal termination (return value 0)
		Usr 0 00:00:00, Sys 0 00:00:00  -  Run Remote Usage
		Usr 0 00:00:00, Sys 0 00:00:00  -  Run Local Usage
		Usr 0 00:00:00, Sys 0 00:00:00  -  Total Remote Usage
		Usr 0 00:00:00, Sys 0 00:00:00  -  Total Local Usage
	0  -  Run Bytes Sent By Job
	0  -  Run Bytes Received By Job
	0  -  Total Bytes Sent By Job
	0  -  Total Bytes Received By Job
...
000 (8663.000.000) 12/09 03:41:37 Job submitted from host: <54.67.10.246:6432?addrs=54.67.10.246-6432>
    DAG Node: clean_up_local_level_10_0
    pool:local
...
001 (8663.000.000) 12/09 03:41:37 Job executing on host: <54.67.10.246:16390?addrs=54.67.10.246-16390>
...
005 (8663.000.000) 12/09 03:41:40 Job terminated.
	(1) Normal termination (return value 0)
		Usr 0 00:00:00, Sys 0 00:00:00  -  Run Remote Usage
		Usr 0 00:00:00, Sys 0 00:00:00  -  Run Local Usage
		Usr 0 00:00:00, Sys 0 00:00:00  -  Total Remote Usage
		Usr 0 00:00:00, Sys 0 00:00:00  -  Total Local Usage
	0  -  Run Bytes Sent By Job
	0  -  Run Bytes Received By Job
	0  -  Total Bytes Sent By Job
	0  -  Total Bytes Received By Job
...
000 (8664.000.000) 12/09 03:41:52 Job submitted from host: <54.67.10.246:6432?addrs=54.67.10.246-6432>
    DAG Node: cleanup_example_workflow_0_local
    pool:local
...
001 (8664.000.000) 12/09 03:41:52 Job executing on host: <54.67.10.246:50595?addrs=54.67.10.246-50595>
...
005 (8664.000.000) 12/09 03:41:54 Job terminated.
	(1) Normal termination (return value 0)
		Usr 0 00:00:00, Sys 0 00:00:00  -  Run Remote Usage
		Usr 0 00:00:00, Sys 0 00:00:00  -  Run Local Usage
		Usr 0 00:00:00, Sys 0 00:00:00  -  Total Remote Usage
		Usr 0 00:00:00, Sys 0 00:00:00  -  Total Local Usage
	0  -  Run Bytes Sent By Job
	0  -  Run Bytes Received By Job
	0  -  Total Bytes Sent By Job
	0  -  Total Bytes Received By Job
...
