01/21/17 02:34:03 ******************************************************
01/21/17 02:34:03 ** condor_scheduniv_exec.10198.0 (CONDOR_DAGMAN) STARTING UP
01/21/17 02:34:03 ** /usr/bin/condor_dagman
01/21/17 02:34:03 ** SubsystemInfo: name=DAGMAN type=DAGMAN(10) class=DAEMON(1)
01/21/17 02:34:03 ** Configuration: subsystem:DAGMAN local:<NONE> class:DAEMON
01/21/17 02:34:03 ** $CondorVersion: 8.4.8 Jun 30 2016 BuildID: 373513 $
01/21/17 02:34:03 ** $CondorPlatform: x86_64_Ubuntu14 $
01/21/17 02:34:03 ** PID = 98945
01/21/17 02:34:03 ** Log last touched time unavailable (No such file or directory)
01/21/17 02:34:03 ******************************************************
01/21/17 02:34:03 Using config source: /etc/condor/condor_config
01/21/17 02:34:03 Using local config sources: 
01/21/17 02:34:03    /etc/condor/condor_config.local
01/21/17 02:34:03 config Macros = 63, Sorted = 63, StringBytes = 1968, TablesBytes = 2308
01/21/17 02:34:03 CLASSAD_CACHING is ENABLED
01/21/17 02:34:03 Daemon Log is logging: D_ALWAYS D_ERROR
01/21/17 02:34:03 DaemonCore: No command port requested.
01/21/17 02:34:03 DAGMAN_USE_STRICT setting: 1
01/21/17 02:34:03 DAGMAN_VERBOSITY setting: 3
01/21/17 02:34:03 DAGMAN_DEBUG_CACHE_SIZE setting: 5242880
01/21/17 02:34:03 DAGMAN_DEBUG_CACHE_ENABLE setting: False
01/21/17 02:34:03 DAGMAN_SUBMIT_DELAY setting: 0
01/21/17 02:34:03 DAGMAN_MAX_SUBMIT_ATTEMPTS setting: 6
01/21/17 02:34:03 DAGMAN_STARTUP_CYCLE_DETECT setting: False
01/21/17 02:34:03 DAGMAN_MAX_SUBMITS_PER_INTERVAL setting: 5
01/21/17 02:34:03 DAGMAN_USER_LOG_SCAN_INTERVAL setting: 5
01/21/17 02:34:03 DAGMAN_DEFAULT_PRIORITY setting: 0
01/21/17 02:34:03 DAGMAN_SUPPRESS_NOTIFICATION setting: True
01/21/17 02:34:03 allow_events (DAGMAN_ALLOW_EVENTS) setting: 114
01/21/17 02:34:03 DAGMAN_RETRY_SUBMIT_FIRST setting: True
01/21/17 02:34:03 DAGMAN_RETRY_NODE_FIRST setting: False
01/21/17 02:34:03 DAGMAN_MAX_JOBS_IDLE setting: 1000
01/21/17 02:34:03 DAGMAN_MAX_JOBS_SUBMITTED setting: 0
01/21/17 02:34:03 DAGMAN_MAX_PRE_SCRIPTS setting: 20
01/21/17 02:34:03 DAGMAN_MAX_POST_SCRIPTS setting: 20
01/21/17 02:34:03 DAGMAN_ALLOW_LOG_ERROR setting: False
01/21/17 02:34:03 DAGMAN_MUNGE_NODE_NAMES setting: True
01/21/17 02:34:03 DAGMAN_PROHIBIT_MULTI_JOBS setting: False
01/21/17 02:34:03 DAGMAN_SUBMIT_DEPTH_FIRST setting: False
01/21/17 02:34:03 DAGMAN_ALWAYS_RUN_POST setting: True
01/21/17 02:34:03 DAGMAN_ABORT_DUPLICATES setting: True
01/21/17 02:34:03 DAGMAN_ABORT_ON_SCARY_SUBMIT setting: True
01/21/17 02:34:03 DAGMAN_PENDING_REPORT_INTERVAL setting: 600
01/21/17 02:34:03 DAGMAN_AUTO_RESCUE setting: True
01/21/17 02:34:03 DAGMAN_MAX_RESCUE_NUM setting: 100
01/21/17 02:34:03 DAGMAN_WRITE_PARTIAL_RESCUE setting: True
01/21/17 02:34:03 DAGMAN_DEFAULT_NODE_LOG setting: @(DAG_DIR)/@(DAG_FILE).nodes.log
01/21/17 02:34:03 DAGMAN_GENERATE_SUBDAG_SUBMITS setting: True
01/21/17 02:34:03 DAGMAN_MAX_JOB_HOLDS setting: 100
01/21/17 02:34:03 DAGMAN_HOLD_CLAIM_TIME setting: 20
01/21/17 02:34:03 ALL_DEBUG setting: 
01/21/17 02:34:03 DAGMAN_DEBUG setting: 
01/21/17 02:34:03 DAGMAN_SUPPRESS_JOB_LOGS setting: False
01/21/17 02:34:03 argv[0] == "condor_scheduniv_exec.10198.0"
01/21/17 02:34:03 argv[1] == "-Lockfile"
01/21/17 02:34:03 argv[2] == "example_workflow-0.dag.lock"
01/21/17 02:34:03 argv[3] == "-AutoRescue"
01/21/17 02:34:03 argv[4] == "1"
01/21/17 02:34:03 argv[5] == "-DoRescueFrom"
01/21/17 02:34:03 argv[6] == "0"
01/21/17 02:34:03 argv[7] == "-Dag"
01/21/17 02:34:03 argv[8] == "example_workflow-0.dag"
01/21/17 02:34:03 argv[9] == "-MaxPost"
01/21/17 02:34:03 argv[10] == "20"
01/21/17 02:34:03 argv[11] == "-Suppress_notification"
01/21/17 02:34:03 argv[12] == "-CsdVersion"
01/21/17 02:34:03 argv[13] == "$CondorVersion: 8.4.8 Jun 30 2016 BuildID: 373513 $"
01/21/17 02:34:03 argv[14] == "-Dagman"
01/21/17 02:34:03 argv[15] == "/usr/bin/condor_dagman"
01/21/17 02:34:03 Warning: failed to get attribute DAGNodeName
01/21/17 02:34:03 DAGMAN_LOG_ON_NFS_IS_ERROR setting: False
01/21/17 02:34:03 Default node log file is: </home/ubuntu/wikiflow/4_wikiflow_1sh_1s_noannot/dags/ubuntu/pegasus/example_workflow/20170121T023359+0000/./example_workflow-0.dag.nodes.log>
01/21/17 02:34:03 DAG Lockfile will be written to example_workflow-0.dag.lock
01/21/17 02:34:03 DAG Input file is example_workflow-0.dag
01/21/17 02:34:03 Parsing 1 dagfiles
01/21/17 02:34:03 Parsing example_workflow-0.dag ...
01/21/17 02:34:03 Warning: category stage-out has no throttle value set
01/21/17 02:34:03 Warning: category stage-in has no throttle value set
01/21/17 02:34:03 Dag contains 23 total jobs
01/21/17 02:34:03 Sleeping for 3 seconds to ensure ProcessId uniqueness
01/21/17 02:34:06 Bootstrapping...
01/21/17 02:34:06 Number of pre-completed nodes: 0
01/21/17 02:34:06 MultiLogFiles: truncating log file /home/ubuntu/wikiflow/4_wikiflow_1sh_1s_noannot/dags/ubuntu/pegasus/example_workflow/20170121T023359+0000/./example_workflow-0.dag.nodes.log
01/21/17 02:34:06 DAG status: 0 (DAG_STATUS_OK)
01/21/17 02:34:06 Of 23 nodes total:
01/21/17 02:34:06  Done     Pre   Queued    Post   Ready   Un-Ready   Failed
01/21/17 02:34:06   ===     ===      ===     ===     ===        ===      ===
01/21/17 02:34:06     0       0        0       0       1         22        0
01/21/17 02:34:06 0 job proc(s) currently held
01/21/17 02:34:06 Registering condor_event_timer...
01/21/17 02:34:07 Submitting Condor Node create_dir_example_workflow_0_local job(s)...
01/21/17 02:34:07 Adding a DAGMan workflow log /home/ubuntu/wikiflow/4_wikiflow_1sh_1s_noannot/dags/ubuntu/pegasus/example_workflow/20170121T023359+0000/./example_workflow-0.dag.nodes.log
01/21/17 02:34:07 Masking the events recorded in the DAGMAN workflow log
01/21/17 02:34:07 Mask for workflow log is 0,1,2,4,5,7,9,10,11,12,13,16,17,24,27
01/21/17 02:34:07 submitting: /usr/bin/condor_submit -a dag_node_name' '=' 'create_dir_example_workflow_0_local -a +DAGManJobId' '=' '10198 -a DAGManJobId' '=' '10198 -a submit_event_notes' '=' 'DAG' 'Node:' 'create_dir_example_workflow_0_local -a dagman_log' '=' '/home/ubuntu/wikiflow/4_wikiflow_1sh_1s_noannot/dags/ubuntu/pegasus/example_workflow/20170121T023359+0000/./example_workflow-0.dag.nodes.log -a +DAGManNodesMask' '=' '"0,1,2,4,5,7,9,10,11,12,13,16,17,24,27" -a DAG_STATUS' '=' '0 -a FAILED_COUNT' '=' '0 -a +DAGParentNodeNames' '=' '"" -a +KeepClaimIdle' '=' '20 -a notification' '=' 'never 00/00/create_dir_example_workflow_0_local.sub
01/21/17 02:34:07 From submit: Submitting job(s).
01/21/17 02:34:07 From submit: 1 job(s) submitted to cluster 10199.
01/21/17 02:34:07 	assigned Condor ID (10199.0.0)
01/21/17 02:34:07 Just submitted 1 job this cycle...
01/21/17 02:34:07 Currently monitoring 1 Condor log file(s)
01/21/17 02:34:07 Reassigning the id of job create_dir_example_workflow_0_local from (10199.0.0) to (10199.0.0)
01/21/17 02:34:07 Event: ULOG_SUBMIT for Condor Node create_dir_example_workflow_0_local (10199.0.0)
01/21/17 02:34:07 Number of idle job procs: 1
01/21/17 02:34:07 DAG status: 0 (DAG_STATUS_OK)
01/21/17 02:34:07 Of 23 nodes total:
01/21/17 02:34:07  Done     Pre   Queued    Post   Ready   Un-Ready   Failed
01/21/17 02:34:07   ===     ===      ===     ===     ===        ===      ===
01/21/17 02:34:07     0       0        1       0       0         22        0
01/21/17 02:34:07 0 job proc(s) currently held
01/21/17 02:34:12 Currently monitoring 1 Condor log file(s)
01/21/17 02:34:12 Event: ULOG_EXECUTE for Condor Node create_dir_example_workflow_0_local (10199.0.0)
01/21/17 02:34:12 Number of idle job procs: 0
01/21/17 02:34:12 Event: ULOG_JOB_TERMINATED for Condor Node create_dir_example_workflow_0_local (10199.0.0)
01/21/17 02:34:12 Number of idle job procs: 0
01/21/17 02:34:12 Node create_dir_example_workflow_0_local job proc (10199.0.0) completed successfully.
01/21/17 02:34:12 Node create_dir_example_workflow_0_local job completed
01/21/17 02:34:12 Running POST script of Node create_dir_example_workflow_0_local...
01/21/17 02:34:12 Warning: mysin has length 0 (ignore if produced by DAGMan; see gittrac #4987, #5031)
01/21/17 02:34:12 DAG status: 0 (DAG_STATUS_OK)
01/21/17 02:34:12 Of 23 nodes total:
01/21/17 02:34:12  Done     Pre   Queued    Post   Ready   Un-Ready   Failed
01/21/17 02:34:12   ===     ===      ===     ===     ===        ===      ===
01/21/17 02:34:12     0       0        0       1       0         22        0
01/21/17 02:34:12 0 job proc(s) currently held
01/21/17 02:34:12 Initializing user log writer for /home/ubuntu/wikiflow/4_wikiflow_1sh_1s_noannot/dags/ubuntu/pegasus/example_workflow/20170121T023359+0000/./example_workflow-0.dag.nodes.log, (10199.0.0)
01/21/17 02:34:17 Currently monitoring 1 Condor log file(s)
01/21/17 02:34:17 Event: ULOG_POST_SCRIPT_TERMINATED for Condor Node create_dir_example_workflow_0_local (10199.0.0)
01/21/17 02:34:17 POST Script of Node create_dir_example_workflow_0_local completed successfully.
01/21/17 02:34:17 DAG status: 0 (DAG_STATUS_OK)
01/21/17 02:34:17 Of 23 nodes total:
01/21/17 02:34:17  Done     Pre   Queued    Post   Ready   Un-Ready   Failed
01/21/17 02:34:17   ===     ===      ===     ===     ===        ===      ===
01/21/17 02:34:17     1       0        0       0       9         13        0
01/21/17 02:34:17 0 job proc(s) currently held
01/21/17 02:34:22 Submitting Condor Node stage_in_local_local_0_0 job(s)...
01/21/17 02:34:22 Adding a DAGMan workflow log /home/ubuntu/wikiflow/4_wikiflow_1sh_1s_noannot/dags/ubuntu/pegasus/example_workflow/20170121T023359+0000/./example_workflow-0.dag.nodes.log
01/21/17 02:34:22 Masking the events recorded in the DAGMAN workflow log
01/21/17 02:34:22 Mask for workflow log is 0,1,2,4,5,7,9,10,11,12,13,16,17,24,27
01/21/17 02:34:22 submitting: /usr/bin/condor_submit -a dag_node_name' '=' 'stage_in_local_local_0_0 -a +DAGManJobId' '=' '10198 -a DAGManJobId' '=' '10198 -a submit_event_notes' '=' 'DAG' 'Node:' 'stage_in_local_local_0_0 -a dagman_log' '=' '/home/ubuntu/wikiflow/4_wikiflow_1sh_1s_noannot/dags/ubuntu/pegasus/example_workflow/20170121T023359+0000/./example_workflow-0.dag.nodes.log -a +DAGManNodesMask' '=' '"0,1,2,4,5,7,9,10,11,12,13,16,17,24,27" -a DAG_STATUS' '=' '0 -a FAILED_COUNT' '=' '0 -a +DAGParentNodeNames' '=' '"create_dir_example_workflow_0_local" -a +KeepClaimIdle' '=' '20 -a notification' '=' 'never 00/00/stage_in_local_local_0_0.sub
01/21/17 02:34:22 From submit: Submitting job(s).
01/21/17 02:34:22 From submit: 1 job(s) submitted to cluster 10200.
01/21/17 02:34:22 	assigned Condor ID (10200.0.0)
01/21/17 02:34:22 Submitting Condor Node stage_in_local_local_4_0 job(s)...
01/21/17 02:34:22 Adding a DAGMan workflow log /home/ubuntu/wikiflow/4_wikiflow_1sh_1s_noannot/dags/ubuntu/pegasus/example_workflow/20170121T023359+0000/./example_workflow-0.dag.nodes.log
01/21/17 02:34:22 Masking the events recorded in the DAGMAN workflow log
01/21/17 02:34:22 Mask for workflow log is 0,1,2,4,5,7,9,10,11,12,13,16,17,24,27
01/21/17 02:34:22 submitting: /usr/bin/condor_submit -a dag_node_name' '=' 'stage_in_local_local_4_0 -a +DAGManJobId' '=' '10198 -a DAGManJobId' '=' '10198 -a submit_event_notes' '=' 'DAG' 'Node:' 'stage_in_local_local_4_0 -a dagman_log' '=' '/home/ubuntu/wikiflow/4_wikiflow_1sh_1s_noannot/dags/ubuntu/pegasus/example_workflow/20170121T023359+0000/./example_workflow-0.dag.nodes.log -a +DAGManNodesMask' '=' '"0,1,2,4,5,7,9,10,11,12,13,16,17,24,27" -a DAG_STATUS' '=' '0 -a FAILED_COUNT' '=' '0 -a +DAGParentNodeNames' '=' '"create_dir_example_workflow_0_local" -a +KeepClaimIdle' '=' '20 -a notification' '=' 'never 00/00/stage_in_local_local_4_0.sub
01/21/17 02:34:22 From submit: Submitting job(s).
01/21/17 02:34:22 From submit: 1 job(s) submitted to cluster 10201.
01/21/17 02:34:22 	assigned Condor ID (10201.0.0)
01/21/17 02:34:22 Submitting Condor Node stage_in_local_local_1_0 job(s)...
01/21/17 02:34:22 Adding a DAGMan workflow log /home/ubuntu/wikiflow/4_wikiflow_1sh_1s_noannot/dags/ubuntu/pegasus/example_workflow/20170121T023359+0000/./example_workflow-0.dag.nodes.log
01/21/17 02:34:22 Masking the events recorded in the DAGMAN workflow log
01/21/17 02:34:22 Mask for workflow log is 0,1,2,4,5,7,9,10,11,12,13,16,17,24,27
01/21/17 02:34:22 submitting: /usr/bin/condor_submit -a dag_node_name' '=' 'stage_in_local_local_1_0 -a +DAGManJobId' '=' '10198 -a DAGManJobId' '=' '10198 -a submit_event_notes' '=' 'DAG' 'Node:' 'stage_in_local_local_1_0 -a dagman_log' '=' '/home/ubuntu/wikiflow/4_wikiflow_1sh_1s_noannot/dags/ubuntu/pegasus/example_workflow/20170121T023359+0000/./example_workflow-0.dag.nodes.log -a +DAGManNodesMask' '=' '"0,1,2,4,5,7,9,10,11,12,13,16,17,24,27" -a DAG_STATUS' '=' '0 -a FAILED_COUNT' '=' '0 -a +DAGParentNodeNames' '=' '"create_dir_example_workflow_0_local" -a +KeepClaimIdle' '=' '20 -a notification' '=' 'never 00/00/stage_in_local_local_1_0.sub
01/21/17 02:34:22 From submit: Submitting job(s).
01/21/17 02:34:22 From submit: 1 job(s) submitted to cluster 10202.
01/21/17 02:34:22 	assigned Condor ID (10202.0.0)
01/21/17 02:34:22 Submitting Condor Node stage_in_local_local_2_0 job(s)...
01/21/17 02:34:22 Adding a DAGMan workflow log /home/ubuntu/wikiflow/4_wikiflow_1sh_1s_noannot/dags/ubuntu/pegasus/example_workflow/20170121T023359+0000/./example_workflow-0.dag.nodes.log
01/21/17 02:34:22 Masking the events recorded in the DAGMAN workflow log
01/21/17 02:34:22 Mask for workflow log is 0,1,2,4,5,7,9,10,11,12,13,16,17,24,27
01/21/17 02:34:22 submitting: /usr/bin/condor_submit -a dag_node_name' '=' 'stage_in_local_local_2_0 -a +DAGManJobId' '=' '10198 -a DAGManJobId' '=' '10198 -a submit_event_notes' '=' 'DAG' 'Node:' 'stage_in_local_local_2_0 -a dagman_log' '=' '/home/ubuntu/wikiflow/4_wikiflow_1sh_1s_noannot/dags/ubuntu/pegasus/example_workflow/20170121T023359+0000/./example_workflow-0.dag.nodes.log -a +DAGManNodesMask' '=' '"0,1,2,4,5,7,9,10,11,12,13,16,17,24,27" -a DAG_STATUS' '=' '0 -a FAILED_COUNT' '=' '0 -a +DAGParentNodeNames' '=' '"create_dir_example_workflow_0_local" -a +KeepClaimIdle' '=' '20 -a notification' '=' 'never 00/00/stage_in_local_local_2_0.sub
01/21/17 02:34:22 From submit: Submitting job(s).
01/21/17 02:34:22 From submit: 1 job(s) submitted to cluster 10203.
01/21/17 02:34:22 	assigned Condor ID (10203.0.0)
01/21/17 02:34:22 Submitting Condor Node stage_in_remote_local_1_1 job(s)...
01/21/17 02:34:22 Adding a DAGMan workflow log /home/ubuntu/wikiflow/4_wikiflow_1sh_1s_noannot/dags/ubuntu/pegasus/example_workflow/20170121T023359+0000/./example_workflow-0.dag.nodes.log
01/21/17 02:34:22 Masking the events recorded in the DAGMAN workflow log
01/21/17 02:34:22 Mask for workflow log is 0,1,2,4,5,7,9,10,11,12,13,16,17,24,27
01/21/17 02:34:22 submitting: /usr/bin/condor_submit -a dag_node_name' '=' 'stage_in_remote_local_1_1 -a +DAGManJobId' '=' '10198 -a DAGManJobId' '=' '10198 -a submit_event_notes' '=' 'DAG' 'Node:' 'stage_in_remote_local_1_1 -a dagman_log' '=' '/home/ubuntu/wikiflow/4_wikiflow_1sh_1s_noannot/dags/ubuntu/pegasus/example_workflow/20170121T023359+0000/./example_workflow-0.dag.nodes.log -a +DAGManNodesMask' '=' '"0,1,2,4,5,7,9,10,11,12,13,16,17,24,27" -a DAG_STATUS' '=' '0 -a FAILED_COUNT' '=' '0 -a +DAGParentNodeNames' '=' '"create_dir_example_workflow_0_local" -a +KeepClaimIdle' '=' '20 -a notification' '=' 'never 00/00/stage_in_remote_local_1_1.sub
01/21/17 02:34:22 From submit: Submitting job(s).
01/21/17 02:34:22 From submit: 1 job(s) submitted to cluster 10204.
01/21/17 02:34:22 	assigned Condor ID (10204.0.0)
01/21/17 02:34:22 Just submitted 5 jobs this cycle...
01/21/17 02:34:22 Currently monitoring 1 Condor log file(s)
01/21/17 02:34:22 Reassigning the id of job stage_in_local_local_0_0 from (10200.0.0) to (10200.0.0)
01/21/17 02:34:22 Event: ULOG_SUBMIT for Condor Node stage_in_local_local_0_0 (10200.0.0)
01/21/17 02:34:22 Number of idle job procs: 1
01/21/17 02:34:22 Event: ULOG_EXECUTE for Condor Node stage_in_local_local_0_0 (10200.0.0)
01/21/17 02:34:22 Number of idle job procs: 0
01/21/17 02:34:22 Reassigning the id of job stage_in_local_local_4_0 from (10201.0.0) to (10201.0.0)
01/21/17 02:34:22 Event: ULOG_SUBMIT for Condor Node stage_in_local_local_4_0 (10201.0.0)
01/21/17 02:34:22 Number of idle job procs: 1
01/21/17 02:34:22 Reassigning the id of job stage_in_local_local_1_0 from (10202.0.0) to (10202.0.0)
01/21/17 02:34:22 Event: ULOG_SUBMIT for Condor Node stage_in_local_local_1_0 (10202.0.0)
01/21/17 02:34:22 Number of idle job procs: 2
01/21/17 02:34:22 Reassigning the id of job stage_in_local_local_2_0 from (10203.0.0) to (10203.0.0)
01/21/17 02:34:22 Event: ULOG_SUBMIT for Condor Node stage_in_local_local_2_0 (10203.0.0)
01/21/17 02:34:22 Number of idle job procs: 3
01/21/17 02:34:22 Reassigning the id of job stage_in_remote_local_1_1 from (10204.0.0) to (10204.0.0)
01/21/17 02:34:22 Event: ULOG_SUBMIT for Condor Node stage_in_remote_local_1_1 (10204.0.0)
01/21/17 02:34:22 Number of idle job procs: 4
01/21/17 02:34:22 DAG status: 0 (DAG_STATUS_OK)
01/21/17 02:34:22 Of 23 nodes total:
01/21/17 02:34:22  Done     Pre   Queued    Post   Ready   Un-Ready   Failed
01/21/17 02:34:22   ===     ===      ===     ===     ===        ===      ===
01/21/17 02:34:22     1       0        5       0       4         13        0
01/21/17 02:34:22 0 job proc(s) currently held
01/21/17 02:34:27 Submitting Condor Node stage_in_remote_local_1_0 job(s)...
01/21/17 02:34:27 Adding a DAGMan workflow log /home/ubuntu/wikiflow/4_wikiflow_1sh_1s_noannot/dags/ubuntu/pegasus/example_workflow/20170121T023359+0000/./example_workflow-0.dag.nodes.log
01/21/17 02:34:27 Masking the events recorded in the DAGMAN workflow log
01/21/17 02:34:27 Mask for workflow log is 0,1,2,4,5,7,9,10,11,12,13,16,17,24,27
01/21/17 02:34:27 submitting: /usr/bin/condor_submit -a dag_node_name' '=' 'stage_in_remote_local_1_0 -a +DAGManJobId' '=' '10198 -a DAGManJobId' '=' '10198 -a submit_event_notes' '=' 'DAG' 'Node:' 'stage_in_remote_local_1_0 -a dagman_log' '=' '/home/ubuntu/wikiflow/4_wikiflow_1sh_1s_noannot/dags/ubuntu/pegasus/example_workflow/20170121T023359+0000/./example_workflow-0.dag.nodes.log -a +DAGManNodesMask' '=' '"0,1,2,4,5,7,9,10,11,12,13,16,17,24,27" -a DAG_STATUS' '=' '0 -a FAILED_COUNT' '=' '0 -a +DAGParentNodeNames' '=' '"create_dir_example_workflow_0_local" -a +KeepClaimIdle' '=' '20 -a notification' '=' 'never 00/00/stage_in_remote_local_1_0.sub
01/21/17 02:34:27 From submit: Submitting job(s).
01/21/17 02:34:27 From submit: 1 job(s) submitted to cluster 10205.
01/21/17 02:34:27 	assigned Condor ID (10205.0.0)
01/21/17 02:34:27 Submitting Condor Node stage_in_local_local_3_0 job(s)...
01/21/17 02:34:27 Adding a DAGMan workflow log /home/ubuntu/wikiflow/4_wikiflow_1sh_1s_noannot/dags/ubuntu/pegasus/example_workflow/20170121T023359+0000/./example_workflow-0.dag.nodes.log
01/21/17 02:34:27 Masking the events recorded in the DAGMAN workflow log
01/21/17 02:34:27 Mask for workflow log is 0,1,2,4,5,7,9,10,11,12,13,16,17,24,27
01/21/17 02:34:27 submitting: /usr/bin/condor_submit -a dag_node_name' '=' 'stage_in_local_local_3_0 -a +DAGManJobId' '=' '10198 -a DAGManJobId' '=' '10198 -a submit_event_notes' '=' 'DAG' 'Node:' 'stage_in_local_local_3_0 -a dagman_log' '=' '/home/ubuntu/wikiflow/4_wikiflow_1sh_1s_noannot/dags/ubuntu/pegasus/example_workflow/20170121T023359+0000/./example_workflow-0.dag.nodes.log -a +DAGManNodesMask' '=' '"0,1,2,4,5,7,9,10,11,12,13,16,17,24,27" -a DAG_STATUS' '=' '0 -a FAILED_COUNT' '=' '0 -a +DAGParentNodeNames' '=' '"create_dir_example_workflow_0_local" -a +KeepClaimIdle' '=' '20 -a notification' '=' 'never 00/00/stage_in_local_local_3_0.sub
01/21/17 02:34:27 From submit: Submitting job(s).
01/21/17 02:34:27 From submit: 1 job(s) submitted to cluster 10206.
01/21/17 02:34:27 	assigned Condor ID (10206.0.0)
01/21/17 02:34:27 Submitting Condor Node stage_in_remote_local_2_0 job(s)...
01/21/17 02:34:27 Adding a DAGMan workflow log /home/ubuntu/wikiflow/4_wikiflow_1sh_1s_noannot/dags/ubuntu/pegasus/example_workflow/20170121T023359+0000/./example_workflow-0.dag.nodes.log
01/21/17 02:34:27 Masking the events recorded in the DAGMAN workflow log
01/21/17 02:34:27 Mask for workflow log is 0,1,2,4,5,7,9,10,11,12,13,16,17,24,27
01/21/17 02:34:27 submitting: /usr/bin/condor_submit -a dag_node_name' '=' 'stage_in_remote_local_2_0 -a +DAGManJobId' '=' '10198 -a DAGManJobId' '=' '10198 -a submit_event_notes' '=' 'DAG' 'Node:' 'stage_in_remote_local_2_0 -a dagman_log' '=' '/home/ubuntu/wikiflow/4_wikiflow_1sh_1s_noannot/dags/ubuntu/pegasus/example_workflow/20170121T023359+0000/./example_workflow-0.dag.nodes.log -a +DAGManNodesMask' '=' '"0,1,2,4,5,7,9,10,11,12,13,16,17,24,27" -a DAG_STATUS' '=' '0 -a FAILED_COUNT' '=' '0 -a +DAGParentNodeNames' '=' '"create_dir_example_workflow_0_local" -a +KeepClaimIdle' '=' '20 -a notification' '=' 'never 00/00/stage_in_remote_local_2_0.sub
01/21/17 02:34:28 From submit: Submitting job(s).
01/21/17 02:34:28 From submit: 1 job(s) submitted to cluster 10207.
01/21/17 02:34:28 	assigned Condor ID (10207.0.0)
01/21/17 02:34:28 Submitting Condor Node stage_in_remote_local_3_0 job(s)...
01/21/17 02:34:28 Adding a DAGMan workflow log /home/ubuntu/wikiflow/4_wikiflow_1sh_1s_noannot/dags/ubuntu/pegasus/example_workflow/20170121T023359+0000/./example_workflow-0.dag.nodes.log
01/21/17 02:34:28 Masking the events recorded in the DAGMAN workflow log
01/21/17 02:34:28 Mask for workflow log is 0,1,2,4,5,7,9,10,11,12,13,16,17,24,27
01/21/17 02:34:28 submitting: /usr/bin/condor_submit -a dag_node_name' '=' 'stage_in_remote_local_3_0 -a +DAGManJobId' '=' '10198 -a DAGManJobId' '=' '10198 -a submit_event_notes' '=' 'DAG' 'Node:' 'stage_in_remote_local_3_0 -a dagman_log' '=' '/home/ubuntu/wikiflow/4_wikiflow_1sh_1s_noannot/dags/ubuntu/pegasus/example_workflow/20170121T023359+0000/./example_workflow-0.dag.nodes.log -a +DAGManNodesMask' '=' '"0,1,2,4,5,7,9,10,11,12,13,16,17,24,27" -a DAG_STATUS' '=' '0 -a FAILED_COUNT' '=' '0 -a +DAGParentNodeNames' '=' '"create_dir_example_workflow_0_local" -a +KeepClaimIdle' '=' '20 -a notification' '=' 'never 00/00/stage_in_remote_local_3_0.sub
01/21/17 02:34:28 From submit: Submitting job(s).
01/21/17 02:34:28 From submit: 1 job(s) submitted to cluster 10208.
01/21/17 02:34:28 	assigned Condor ID (10208.0.0)
01/21/17 02:34:28 Just submitted 4 jobs this cycle...
01/21/17 02:34:28 Currently monitoring 1 Condor log file(s)
01/21/17 02:34:28 Event: ULOG_JOB_TERMINATED for Condor Node stage_in_local_local_0_0 (10200.0.0)
01/21/17 02:34:28 Number of idle job procs: 4
01/21/17 02:34:28 Node stage_in_local_local_0_0 job proc (10200.0.0) completed successfully.
01/21/17 02:34:28 Node stage_in_local_local_0_0 job completed
01/21/17 02:34:28 Running POST script of Node stage_in_local_local_0_0...
01/21/17 02:34:28 Warning: mysin has length 0 (ignore if produced by DAGMan; see gittrac #4987, #5031)
01/21/17 02:34:28 Event: ULOG_EXECUTE for Condor Node stage_in_local_local_1_0 (10202.0.0)
01/21/17 02:34:28 Number of idle job procs: 3
01/21/17 02:34:28 Event: ULOG_EXECUTE for Condor Node stage_in_local_local_4_0 (10201.0.0)
01/21/17 02:34:28 Number of idle job procs: 2
01/21/17 02:34:28 Event: ULOG_EXECUTE for Condor Node stage_in_remote_local_1_1 (10204.0.0)
01/21/17 02:34:28 Number of idle job procs: 1
01/21/17 02:34:28 Event: ULOG_EXECUTE for Condor Node stage_in_local_local_2_0 (10203.0.0)
01/21/17 02:34:28 Number of idle job procs: 0
01/21/17 02:34:28 Event: ULOG_JOB_TERMINATED for Condor Node stage_in_local_local_1_0 (10202.0.0)
01/21/17 02:34:28 Number of idle job procs: 0
01/21/17 02:34:28 Node stage_in_local_local_1_0 job proc (10202.0.0) completed successfully.
01/21/17 02:34:28 Node stage_in_local_local_1_0 job completed
01/21/17 02:34:28 Running POST script of Node stage_in_local_local_1_0...
01/21/17 02:34:28 Warning: mysin has length 0 (ignore if produced by DAGMan; see gittrac #4987, #5031)
01/21/17 02:34:28 Event: ULOG_JOB_TERMINATED for Condor Node stage_in_remote_local_1_1 (10204.0.0)
01/21/17 02:34:28 Number of idle job procs: 0
01/21/17 02:34:28 Node stage_in_remote_local_1_1 job proc (10204.0.0) completed successfully.
01/21/17 02:34:28 Node stage_in_remote_local_1_1 job completed
01/21/17 02:34:28 Running POST script of Node stage_in_remote_local_1_1...
01/21/17 02:34:28 Warning: mysin has length 0 (ignore if produced by DAGMan; see gittrac #4987, #5031)
01/21/17 02:34:28 Event: ULOG_JOB_TERMINATED for Condor Node stage_in_local_local_2_0 (10203.0.0)
01/21/17 02:34:28 Number of idle job procs: 0
01/21/17 02:34:28 Node stage_in_local_local_2_0 job proc (10203.0.0) completed successfully.
01/21/17 02:34:28 Node stage_in_local_local_2_0 job completed
01/21/17 02:34:28 Running POST script of Node stage_in_local_local_2_0...
01/21/17 02:34:28 Warning: mysin has length 0 (ignore if produced by DAGMan; see gittrac #4987, #5031)
01/21/17 02:34:28 Event: ULOG_JOB_TERMINATED for Condor Node stage_in_local_local_4_0 (10201.0.0)
01/21/17 02:34:28 Number of idle job procs: 0
01/21/17 02:34:28 Node stage_in_local_local_4_0 job proc (10201.0.0) completed successfully.
01/21/17 02:34:28 Node stage_in_local_local_4_0 job completed
01/21/17 02:34:28 Running POST script of Node stage_in_local_local_4_0...
01/21/17 02:34:28 Warning: mysin has length 0 (ignore if produced by DAGMan; see gittrac #4987, #5031)
01/21/17 02:34:28 Reassigning the id of job stage_in_remote_local_1_0 from (10205.0.0) to (10205.0.0)
01/21/17 02:34:28 Event: ULOG_SUBMIT for Condor Node stage_in_remote_local_1_0 (10205.0.0)
01/21/17 02:34:28 Number of idle job procs: 1
01/21/17 02:34:28 Event: ULOG_EXECUTE for Condor Node stage_in_remote_local_1_0 (10205.0.0)
01/21/17 02:34:28 Number of idle job procs: 0
01/21/17 02:34:28 Reassigning the id of job stage_in_local_local_3_0 from (10206.0.0) to (10206.0.0)
01/21/17 02:34:28 Event: ULOG_SUBMIT for Condor Node stage_in_local_local_3_0 (10206.0.0)
01/21/17 02:34:28 Number of idle job procs: 1
01/21/17 02:34:28 Event: ULOG_EXECUTE for Condor Node stage_in_local_local_3_0 (10206.0.0)
01/21/17 02:34:28 Number of idle job procs: 0
01/21/17 02:34:28 Reassigning the id of job stage_in_remote_local_2_0 from (10207.0.0) to (10207.0.0)
01/21/17 02:34:28 Event: ULOG_SUBMIT for Condor Node stage_in_remote_local_2_0 (10207.0.0)
01/21/17 02:34:28 Number of idle job procs: 1
01/21/17 02:34:28 Reassigning the id of job stage_in_remote_local_3_0 from (10208.0.0) to (10208.0.0)
01/21/17 02:34:28 Event: ULOG_SUBMIT for Condor Node stage_in_remote_local_3_0 (10208.0.0)
01/21/17 02:34:28 Number of idle job procs: 2
01/21/17 02:34:28 Event: ULOG_EXECUTE for Condor Node stage_in_remote_local_2_0 (10207.0.0)
01/21/17 02:34:28 Number of idle job procs: 1
01/21/17 02:34:28 Event: ULOG_EXECUTE for Condor Node stage_in_remote_local_3_0 (10208.0.0)
01/21/17 02:34:28 Number of idle job procs: 0
01/21/17 02:34:28 DAG status: 0 (DAG_STATUS_OK)
01/21/17 02:34:28 Of 23 nodes total:
01/21/17 02:34:28  Done     Pre   Queued    Post   Ready   Un-Ready   Failed
01/21/17 02:34:28   ===     ===      ===     ===     ===        ===      ===
01/21/17 02:34:28     1       0        4       5       0         13        0
01/21/17 02:34:28 0 job proc(s) currently held
01/21/17 02:34:29 Initializing user log writer for /home/ubuntu/wikiflow/4_wikiflow_1sh_1s_noannot/dags/ubuntu/pegasus/example_workflow/20170121T023359+0000/./example_workflow-0.dag.nodes.log, (10200.0.0)
01/21/17 02:34:29 Initializing user log writer for /home/ubuntu/wikiflow/4_wikiflow_1sh_1s_noannot/dags/ubuntu/pegasus/example_workflow/20170121T023359+0000/./example_workflow-0.dag.nodes.log, (10204.0.0)
01/21/17 02:34:29 Initializing user log writer for /home/ubuntu/wikiflow/4_wikiflow_1sh_1s_noannot/dags/ubuntu/pegasus/example_workflow/20170121T023359+0000/./example_workflow-0.dag.nodes.log, (10202.0.0)
01/21/17 02:34:29 Initializing user log writer for /home/ubuntu/wikiflow/4_wikiflow_1sh_1s_noannot/dags/ubuntu/pegasus/example_workflow/20170121T023359+0000/./example_workflow-0.dag.nodes.log, (10201.0.0)
01/21/17 02:34:29 Initializing user log writer for /home/ubuntu/wikiflow/4_wikiflow_1sh_1s_noannot/dags/ubuntu/pegasus/example_workflow/20170121T023359+0000/./example_workflow-0.dag.nodes.log, (10203.0.0)
01/21/17 02:34:33 Currently monitoring 1 Condor log file(s)
01/21/17 02:34:33 Event: ULOG_POST_SCRIPT_TERMINATED for Condor Node stage_in_local_local_0_0 (10200.0.0)
01/21/17 02:34:33 POST Script of Node stage_in_local_local_0_0 completed successfully.
01/21/17 02:34:33 Event: ULOG_POST_SCRIPT_TERMINATED for Condor Node stage_in_remote_local_1_1 (10204.0.0)
01/21/17 02:34:33 POST Script of Node stage_in_remote_local_1_1 completed successfully.
01/21/17 02:34:33 Event: ULOG_POST_SCRIPT_TERMINATED for Condor Node stage_in_local_local_1_0 (10202.0.0)
01/21/17 02:34:33 POST Script of Node stage_in_local_local_1_0 completed successfully.
01/21/17 02:34:33 Event: ULOG_POST_SCRIPT_TERMINATED for Condor Node stage_in_local_local_4_0 (10201.0.0)
01/21/17 02:34:33 POST Script of Node stage_in_local_local_4_0 completed successfully.
01/21/17 02:34:33 Event: ULOG_POST_SCRIPT_TERMINATED for Condor Node stage_in_local_local_2_0 (10203.0.0)
01/21/17 02:34:33 POST Script of Node stage_in_local_local_2_0 completed successfully.
01/21/17 02:34:33 Event: ULOG_JOB_TERMINATED for Condor Node stage_in_remote_local_1_0 (10205.0.0)
01/21/17 02:34:33 Number of idle job procs: 0
01/21/17 02:34:33 Node stage_in_remote_local_1_0 job proc (10205.0.0) completed successfully.
01/21/17 02:34:33 Node stage_in_remote_local_1_0 job completed
01/21/17 02:34:33 Running POST script of Node stage_in_remote_local_1_0...
01/21/17 02:34:33 Warning: mysin has length 0 (ignore if produced by DAGMan; see gittrac #4987, #5031)
01/21/17 02:34:33 Event: ULOG_JOB_TERMINATED for Condor Node stage_in_local_local_3_0 (10206.0.0)
01/21/17 02:34:33 Number of idle job procs: 0
01/21/17 02:34:33 Node stage_in_local_local_3_0 job proc (10206.0.0) completed successfully.
01/21/17 02:34:33 Node stage_in_local_local_3_0 job completed
01/21/17 02:34:33 Running POST script of Node stage_in_local_local_3_0...
01/21/17 02:34:33 Warning: mysin has length 0 (ignore if produced by DAGMan; see gittrac #4987, #5031)
01/21/17 02:34:33 Event: ULOG_JOB_TERMINATED for Condor Node stage_in_remote_local_2_0 (10207.0.0)
01/21/17 02:34:33 Number of idle job procs: 0
01/21/17 02:34:33 Node stage_in_remote_local_2_0 job proc (10207.0.0) completed successfully.
01/21/17 02:34:33 Node stage_in_remote_local_2_0 job completed
01/21/17 02:34:33 Running POST script of Node stage_in_remote_local_2_0...
01/21/17 02:34:33 Warning: mysin has length 0 (ignore if produced by DAGMan; see gittrac #4987, #5031)
01/21/17 02:34:33 Event: ULOG_JOB_TERMINATED for Condor Node stage_in_remote_local_3_0 (10208.0.0)
01/21/17 02:34:33 Number of idle job procs: 0
01/21/17 02:34:33 Node stage_in_remote_local_3_0 job proc (10208.0.0) completed successfully.
01/21/17 02:34:33 Node stage_in_remote_local_3_0 job completed
01/21/17 02:34:33 Running POST script of Node stage_in_remote_local_3_0...
01/21/17 02:34:33 Warning: mysin has length 0 (ignore if produced by DAGMan; see gittrac #4987, #5031)
01/21/17 02:34:33 DAG status: 0 (DAG_STATUS_OK)
01/21/17 02:34:33 Of 23 nodes total:
01/21/17 02:34:33  Done     Pre   Queued    Post   Ready   Un-Ready   Failed
01/21/17 02:34:33   ===     ===      ===     ===     ===        ===      ===
01/21/17 02:34:33     6       0        0       4       1         12        0
01/21/17 02:34:33 0 job proc(s) currently held
01/21/17 02:34:33 Initializing user log writer for /home/ubuntu/wikiflow/4_wikiflow_1sh_1s_noannot/dags/ubuntu/pegasus/example_workflow/20170121T023359+0000/./example_workflow-0.dag.nodes.log, (10208.0.0)
01/21/17 02:34:33 Initializing user log writer for /home/ubuntu/wikiflow/4_wikiflow_1sh_1s_noannot/dags/ubuntu/pegasus/example_workflow/20170121T023359+0000/./example_workflow-0.dag.nodes.log, (10205.0.0)
01/21/17 02:34:33 Initializing user log writer for /home/ubuntu/wikiflow/4_wikiflow_1sh_1s_noannot/dags/ubuntu/pegasus/example_workflow/20170121T023359+0000/./example_workflow-0.dag.nodes.log, (10206.0.0)
01/21/17 02:34:33 Initializing user log writer for /home/ubuntu/wikiflow/4_wikiflow_1sh_1s_noannot/dags/ubuntu/pegasus/example_workflow/20170121T023359+0000/./example_workflow-0.dag.nodes.log, (10207.0.0)
01/21/17 02:34:38 Submitting Condor Node init_0_ID0000001 job(s)...
01/21/17 02:34:38 Adding a DAGMan workflow log /home/ubuntu/wikiflow/4_wikiflow_1sh_1s_noannot/dags/ubuntu/pegasus/example_workflow/20170121T023359+0000/./example_workflow-0.dag.nodes.log
01/21/17 02:34:38 Masking the events recorded in the DAGMAN workflow log
01/21/17 02:34:38 Mask for workflow log is 0,1,2,4,5,7,9,10,11,12,13,16,17,24,27
01/21/17 02:34:38 submitting: /usr/bin/condor_submit -a dag_node_name' '=' 'init_0_ID0000001 -a +DAGManJobId' '=' '10198 -a DAGManJobId' '=' '10198 -a submit_event_notes' '=' 'DAG' 'Node:' 'init_0_ID0000001 -a dagman_log' '=' '/home/ubuntu/wikiflow/4_wikiflow_1sh_1s_noannot/dags/ubuntu/pegasus/example_workflow/20170121T023359+0000/./example_workflow-0.dag.nodes.log -a +DAGManNodesMask' '=' '"0,1,2,4,5,7,9,10,11,12,13,16,17,24,27" -a DAG_STATUS' '=' '0 -a FAILED_COUNT' '=' '0 -a +DAGParentNodeNames' '=' '"stage_in_local_local_0_0" -a +KeepClaimIdle' '=' '20 -a notification' '=' 'never 00/00/init_0_ID0000001.sub
01/21/17 02:34:38 From submit: Submitting job(s).
01/21/17 02:34:38 From submit: 1 job(s) submitted to cluster 10209.
01/21/17 02:34:38 	assigned Condor ID (10209.0.0)
01/21/17 02:34:38 Just submitted 1 job this cycle...
01/21/17 02:34:38 Currently monitoring 1 Condor log file(s)
01/21/17 02:34:38 Event: ULOG_POST_SCRIPT_TERMINATED for Condor Node stage_in_remote_local_3_0 (10208.0.0)
01/21/17 02:34:38 POST Script of Node stage_in_remote_local_3_0 completed successfully.
01/21/17 02:34:38 Event: ULOG_POST_SCRIPT_TERMINATED for Condor Node stage_in_remote_local_1_0 (10205.0.0)
01/21/17 02:34:38 POST Script of Node stage_in_remote_local_1_0 completed successfully.
01/21/17 02:34:38 Event: ULOG_POST_SCRIPT_TERMINATED for Condor Node stage_in_local_local_3_0 (10206.0.0)
01/21/17 02:34:38 POST Script of Node stage_in_local_local_3_0 completed successfully.
01/21/17 02:34:38 Event: ULOG_POST_SCRIPT_TERMINATED for Condor Node stage_in_remote_local_2_0 (10207.0.0)
01/21/17 02:34:38 POST Script of Node stage_in_remote_local_2_0 completed successfully.
01/21/17 02:34:38 Reassigning the id of job init_0_ID0000001 from (10209.0.0) to (10209.0.0)
01/21/17 02:34:38 Event: ULOG_SUBMIT for Condor Node init_0_ID0000001 (10209.0.0)
01/21/17 02:34:38 Number of idle job procs: 1
01/21/17 02:34:38 DAG status: 0 (DAG_STATUS_OK)
01/21/17 02:34:38 Of 23 nodes total:
01/21/17 02:34:38  Done     Pre   Queued    Post   Ready   Un-Ready   Failed
01/21/17 02:34:38   ===     ===      ===     ===     ===        ===      ===
01/21/17 02:34:38    10       0        1       0       0         12        0
01/21/17 02:34:38 0 job proc(s) currently held
01/21/17 02:34:58 Currently monitoring 1 Condor log file(s)
01/21/17 02:34:58 Event: ULOG_EXECUTE for Condor Node init_0_ID0000001 (10209.0.0)
01/21/17 02:34:58 Number of idle job procs: 0
01/21/17 02:40:39 Currently monitoring 1 Condor log file(s)
01/21/17 02:40:39 Event: ULOG_JOB_TERMINATED for Condor Node init_0_ID0000001 (10209.0.0)
01/21/17 02:40:39 Number of idle job procs: 0
01/21/17 02:40:39 Node init_0_ID0000001 job proc (10209.0.0) completed successfully.
01/21/17 02:40:39 Node init_0_ID0000001 job completed
01/21/17 02:40:39 Running POST script of Node init_0_ID0000001...
01/21/17 02:40:39 Warning: mysin has length 0 (ignore if produced by DAGMan; see gittrac #4987, #5031)
01/21/17 02:40:39 DAG status: 0 (DAG_STATUS_OK)
01/21/17 02:40:39 Of 23 nodes total:
01/21/17 02:40:39  Done     Pre   Queued    Post   Ready   Un-Ready   Failed
01/21/17 02:40:39   ===     ===      ===     ===     ===        ===      ===
01/21/17 02:40:39    10       0        0       1       0         12        0
01/21/17 02:40:39 0 job proc(s) currently held
01/21/17 02:40:39 Initializing user log writer for /home/ubuntu/wikiflow/4_wikiflow_1sh_1s_noannot/dags/ubuntu/pegasus/example_workflow/20170121T023359+0000/./example_workflow-0.dag.nodes.log, (10209.0.0)
01/21/17 02:40:44 Currently monitoring 1 Condor log file(s)
01/21/17 02:40:44 Event: ULOG_POST_SCRIPT_TERMINATED for Condor Node init_0_ID0000001 (10209.0.0)
01/21/17 02:40:44 POST Script of Node init_0_ID0000001 completed successfully.
01/21/17 02:40:44 DAG status: 0 (DAG_STATUS_OK)
01/21/17 02:40:44 Of 23 nodes total:
01/21/17 02:40:44  Done     Pre   Queued    Post   Ready   Un-Ready   Failed
01/21/17 02:40:44   ===     ===      ===     ===     ===        ===      ===
01/21/17 02:40:44    11       0        0       0       2         10        0
01/21/17 02:40:44 0 job proc(s) currently held
01/21/17 02:40:49 Submitting Condor Node clean_up_local_level_3_0 job(s)...
01/21/17 02:40:49 Adding a DAGMan workflow log /home/ubuntu/wikiflow/4_wikiflow_1sh_1s_noannot/dags/ubuntu/pegasus/example_workflow/20170121T023359+0000/./example_workflow-0.dag.nodes.log
01/21/17 02:40:49 Masking the events recorded in the DAGMAN workflow log
01/21/17 02:40:49 Mask for workflow log is 0,1,2,4,5,7,9,10,11,12,13,16,17,24,27
01/21/17 02:40:49 submitting: /usr/bin/condor_submit -a dag_node_name' '=' 'clean_up_local_level_3_0 -a +DAGManJobId' '=' '10198 -a DAGManJobId' '=' '10198 -a submit_event_notes' '=' 'DAG' 'Node:' 'clean_up_local_level_3_0 -a dagman_log' '=' '/home/ubuntu/wikiflow/4_wikiflow_1sh_1s_noannot/dags/ubuntu/pegasus/example_workflow/20170121T023359+0000/./example_workflow-0.dag.nodes.log -a +DAGManNodesMask' '=' '"0,1,2,4,5,7,9,10,11,12,13,16,17,24,27" -a DAG_STATUS' '=' '0 -a FAILED_COUNT' '=' '0 -a +DAGParentNodeNames' '=' '"init_0_ID0000001" -a +KeepClaimIdle' '=' '20 -a notification' '=' 'never 00/00/clean_up_local_level_3_0.sub
01/21/17 02:40:49 From submit: Submitting job(s).
01/21/17 02:40:49 From submit: 1 job(s) submitted to cluster 10210.
01/21/17 02:40:49 	assigned Condor ID (10210.0.0)
01/21/17 02:40:49 Submitting Condor Node computeusergroup_0_ID0000002 job(s)...
01/21/17 02:40:49 Adding a DAGMan workflow log /home/ubuntu/wikiflow/4_wikiflow_1sh_1s_noannot/dags/ubuntu/pegasus/example_workflow/20170121T023359+0000/./example_workflow-0.dag.nodes.log
01/21/17 02:40:49 Masking the events recorded in the DAGMAN workflow log
01/21/17 02:40:49 Mask for workflow log is 0,1,2,4,5,7,9,10,11,12,13,16,17,24,27
01/21/17 02:40:49 submitting: /usr/bin/condor_submit -a dag_node_name' '=' 'computeusergroup_0_ID0000002 -a +DAGManJobId' '=' '10198 -a DAGManJobId' '=' '10198 -a submit_event_notes' '=' 'DAG' 'Node:' 'computeusergroup_0_ID0000002 -a dagman_log' '=' '/home/ubuntu/wikiflow/4_wikiflow_1sh_1s_noannot/dags/ubuntu/pegasus/example_workflow/20170121T023359+0000/./example_workflow-0.dag.nodes.log -a +DAGManNodesMask' '=' '"0,1,2,4,5,7,9,10,11,12,13,16,17,24,27" -a DAG_STATUS' '=' '0 -a FAILED_COUNT' '=' '0 -a +DAGParentNodeNames' '=' '"stage_in_local_local_1_0,stage_in_remote_local_1_1,stage_in_remote_local_1_0,init_0_ID0000001" -a +KeepClaimIdle' '=' '20 -a notification' '=' 'never 00/00/computeusergroup_0_ID0000002.sub
01/21/17 02:40:49 From submit: Submitting job(s).
01/21/17 02:40:49 From submit: 1 job(s) submitted to cluster 10211.
01/21/17 02:40:49 	assigned Condor ID (10211.0.0)
01/21/17 02:40:49 Just submitted 2 jobs this cycle...
01/21/17 02:40:49 Currently monitoring 1 Condor log file(s)
01/21/17 02:40:49 Reassigning the id of job clean_up_local_level_3_0 from (10210.0.0) to (10210.0.0)
01/21/17 02:40:49 Event: ULOG_SUBMIT for Condor Node clean_up_local_level_3_0 (10210.0.0)
01/21/17 02:40:49 Number of idle job procs: 1
01/21/17 02:40:49 Event: ULOG_EXECUTE for Condor Node clean_up_local_level_3_0 (10210.0.0)
01/21/17 02:40:49 Number of idle job procs: 0
01/21/17 02:40:49 Reassigning the id of job computeusergroup_0_ID0000002 from (10211.0.0) to (10211.0.0)
01/21/17 02:40:49 Event: ULOG_SUBMIT for Condor Node computeusergroup_0_ID0000002 (10211.0.0)
01/21/17 02:40:49 Number of idle job procs: 1
01/21/17 02:40:49 DAG status: 0 (DAG_STATUS_OK)
01/21/17 02:40:49 Of 23 nodes total:
01/21/17 02:40:49  Done     Pre   Queued    Post   Ready   Un-Ready   Failed
01/21/17 02:40:49   ===     ===      ===     ===     ===        ===      ===
01/21/17 02:40:49    11       0        2       0       0         10        0
01/21/17 02:40:49 0 job proc(s) currently held
01/21/17 02:40:54 Currently monitoring 1 Condor log file(s)
01/21/17 02:40:54 Event: ULOG_EXECUTE for Condor Node computeusergroup_0_ID0000002 (10211.0.0)
01/21/17 02:40:54 Number of idle job procs: 0
01/21/17 02:40:54 Event: ULOG_JOB_TERMINATED for Condor Node clean_up_local_level_3_0 (10210.0.0)
01/21/17 02:40:54 Number of idle job procs: 0
01/21/17 02:40:54 Node clean_up_local_level_3_0 job proc (10210.0.0) completed successfully.
01/21/17 02:40:54 Node clean_up_local_level_3_0 job completed
01/21/17 02:40:54 Running POST script of Node clean_up_local_level_3_0...
01/21/17 02:40:54 Warning: mysin has length 0 (ignore if produced by DAGMan; see gittrac #4987, #5031)
01/21/17 02:40:54 DAG status: 0 (DAG_STATUS_OK)
01/21/17 02:40:54 Of 23 nodes total:
01/21/17 02:40:54  Done     Pre   Queued    Post   Ready   Un-Ready   Failed
01/21/17 02:40:54   ===     ===      ===     ===     ===        ===      ===
01/21/17 02:40:54    11       0        1       1       0         10        0
01/21/17 02:40:54 0 job proc(s) currently held
01/21/17 02:40:54 Initializing user log writer for /home/ubuntu/wikiflow/4_wikiflow_1sh_1s_noannot/dags/ubuntu/pegasus/example_workflow/20170121T023359+0000/./example_workflow-0.dag.nodes.log, (10210.0.0)
01/21/17 02:40:59 Currently monitoring 1 Condor log file(s)
01/21/17 02:40:59 Event: ULOG_POST_SCRIPT_TERMINATED for Condor Node clean_up_local_level_3_0 (10210.0.0)
01/21/17 02:40:59 POST Script of Node clean_up_local_level_3_0 completed successfully.
01/21/17 02:40:59 DAG status: 0 (DAG_STATUS_OK)
01/21/17 02:40:59 Of 23 nodes total:
01/21/17 02:40:59  Done     Pre   Queued    Post   Ready   Un-Ready   Failed
01/21/17 02:40:59   ===     ===      ===     ===     ===        ===      ===
01/21/17 02:40:59    12       0        1       0       0         10        0
01/21/17 02:40:59 0 job proc(s) currently held
01/21/17 02:51:00 601 seconds since last log event
01/21/17 02:51:00 Pending DAG nodes:
01/21/17 02:51:00   Node computeusergroup_0_ID0000002, Condor ID 10211, status STATUS_SUBMITTED
01/21/17 03:01:01 1202 seconds since last log event
01/21/17 03:01:01 Pending DAG nodes:
01/21/17 03:01:01   Node computeusergroup_0_ID0000002, Condor ID 10211, status STATUS_SUBMITTED
01/21/17 03:11:01 1802 seconds since last log event
01/21/17 03:11:01 Pending DAG nodes:
01/21/17 03:11:01   Node computeusergroup_0_ID0000002, Condor ID 10211, status STATUS_SUBMITTED
01/21/17 03:21:02 2403 seconds since last log event
01/21/17 03:21:02 Pending DAG nodes:
01/21/17 03:21:02   Node computeusergroup_0_ID0000002, Condor ID 10211, status STATUS_SUBMITTED
01/21/17 03:31:02 3003 seconds since last log event
01/21/17 03:31:02 Pending DAG nodes:
01/21/17 03:31:02   Node computeusergroup_0_ID0000002, Condor ID 10211, status STATUS_SUBMITTED
01/21/17 03:35:53 Currently monitoring 1 Condor log file(s)
01/21/17 03:35:53 Event: ULOG_JOB_TERMINATED for Condor Node computeusergroup_0_ID0000002 (10211.0.0)
01/21/17 03:35:53 Number of idle job procs: 0
01/21/17 03:35:53 Node computeusergroup_0_ID0000002 job proc (10211.0.0) completed successfully.
01/21/17 03:35:53 Node computeusergroup_0_ID0000002 job completed
01/21/17 03:35:53 Running POST script of Node computeusergroup_0_ID0000002...
01/21/17 03:35:53 Warning: mysin has length 0 (ignore if produced by DAGMan; see gittrac #4987, #5031)
01/21/17 03:35:53 DAG status: 0 (DAG_STATUS_OK)
01/21/17 03:35:53 Of 23 nodes total:
01/21/17 03:35:53  Done     Pre   Queued    Post   Ready   Un-Ready   Failed
01/21/17 03:35:53   ===     ===      ===     ===     ===        ===      ===
01/21/17 03:35:53    12       0        0       1       0         10        0
01/21/17 03:35:53 0 job proc(s) currently held
01/21/17 03:35:53 Initializing user log writer for /home/ubuntu/wikiflow/4_wikiflow_1sh_1s_noannot/dags/ubuntu/pegasus/example_workflow/20170121T023359+0000/./example_workflow-0.dag.nodes.log, (10211.0.0)
01/21/17 03:35:58 Currently monitoring 1 Condor log file(s)
01/21/17 03:35:58 Event: ULOG_POST_SCRIPT_TERMINATED for Condor Node computeusergroup_0_ID0000002 (10211.0.0)
01/21/17 03:35:58 POST Script of Node computeusergroup_0_ID0000002 completed successfully.
01/21/17 03:35:58 DAG status: 0 (DAG_STATUS_OK)
01/21/17 03:35:58 Of 23 nodes total:
01/21/17 03:35:58  Done     Pre   Queued    Post   Ready   Un-Ready   Failed
01/21/17 03:35:58   ===     ===      ===     ===     ===        ===      ===
01/21/17 03:35:58    13       0        0       0       3          7        0
01/21/17 03:35:58 0 job proc(s) currently held
01/21/17 03:36:03 Submitting Condor Node clean_up_local_level_4_0 job(s)...
01/21/17 03:36:03 Adding a DAGMan workflow log /home/ubuntu/wikiflow/4_wikiflow_1sh_1s_noannot/dags/ubuntu/pegasus/example_workflow/20170121T023359+0000/./example_workflow-0.dag.nodes.log
01/21/17 03:36:03 Masking the events recorded in the DAGMAN workflow log
01/21/17 03:36:03 Mask for workflow log is 0,1,2,4,5,7,9,10,11,12,13,16,17,24,27
01/21/17 03:36:03 submitting: /usr/bin/condor_submit -a dag_node_name' '=' 'clean_up_local_level_4_0 -a +DAGManJobId' '=' '10198 -a DAGManJobId' '=' '10198 -a submit_event_notes' '=' 'DAG' 'Node:' 'clean_up_local_level_4_0 -a dagman_log' '=' '/home/ubuntu/wikiflow/4_wikiflow_1sh_1s_noannot/dags/ubuntu/pegasus/example_workflow/20170121T023359+0000/./example_workflow-0.dag.nodes.log -a +DAGManNodesMask' '=' '"0,1,2,4,5,7,9,10,11,12,13,16,17,24,27" -a DAG_STATUS' '=' '0 -a FAILED_COUNT' '=' '0 -a +DAGParentNodeNames' '=' '"computeusergroup_0_ID0000002" -a +KeepClaimIdle' '=' '20 -a notification' '=' 'never 00/00/clean_up_local_level_4_0.sub
01/21/17 03:36:03 From submit: Submitting job(s).
01/21/17 03:36:03 From submit: 1 job(s) submitted to cluster 10212.
01/21/17 03:36:03 	assigned Condor ID (10212.0.0)
01/21/17 03:36:03 Submitting Condor Node stage_out_local_local_1_0 job(s)...
01/21/17 03:36:03 Adding a DAGMan workflow log /home/ubuntu/wikiflow/4_wikiflow_1sh_1s_noannot/dags/ubuntu/pegasus/example_workflow/20170121T023359+0000/./example_workflow-0.dag.nodes.log
01/21/17 03:36:03 Masking the events recorded in the DAGMAN workflow log
01/21/17 03:36:03 Mask for workflow log is 0,1,2,4,5,7,9,10,11,12,13,16,17,24,27
01/21/17 03:36:03 submitting: /usr/bin/condor_submit -a dag_node_name' '=' 'stage_out_local_local_1_0 -a +DAGManJobId' '=' '10198 -a DAGManJobId' '=' '10198 -a submit_event_notes' '=' 'DAG' 'Node:' 'stage_out_local_local_1_0 -a dagman_log' '=' '/home/ubuntu/wikiflow/4_wikiflow_1sh_1s_noannot/dags/ubuntu/pegasus/example_workflow/20170121T023359+0000/./example_workflow-0.dag.nodes.log -a +DAGManNodesMask' '=' '"0,1,2,4,5,7,9,10,11,12,13,16,17,24,27" -a DAG_STATUS' '=' '0 -a FAILED_COUNT' '=' '0 -a +DAGParentNodeNames' '=' '"computeusergroup_0_ID0000002" -a +KeepClaimIdle' '=' '20 -a notification' '=' 'never 00/00/stage_out_local_local_1_0.sub
01/21/17 03:36:03 From submit: Submitting job(s).
01/21/17 03:36:03 From submit: 1 job(s) submitted to cluster 10213.
01/21/17 03:36:03 	assigned Condor ID (10213.0.0)
01/21/17 03:36:03 Submitting Condor Node sessioncompute_0_ID0000003 job(s)...
01/21/17 03:36:03 Adding a DAGMan workflow log /home/ubuntu/wikiflow/4_wikiflow_1sh_1s_noannot/dags/ubuntu/pegasus/example_workflow/20170121T023359+0000/./example_workflow-0.dag.nodes.log
01/21/17 03:36:03 Masking the events recorded in the DAGMAN workflow log
01/21/17 03:36:03 Mask for workflow log is 0,1,2,4,5,7,9,10,11,12,13,16,17,24,27
01/21/17 03:36:03 submitting: /usr/bin/condor_submit -a dag_node_name' '=' 'sessioncompute_0_ID0000003 -a +DAGManJobId' '=' '10198 -a DAGManJobId' '=' '10198 -a submit_event_notes' '=' 'DAG' 'Node:' 'sessioncompute_0_ID0000003 -a dagman_log' '=' '/home/ubuntu/wikiflow/4_wikiflow_1sh_1s_noannot/dags/ubuntu/pegasus/example_workflow/20170121T023359+0000/./example_workflow-0.dag.nodes.log -a +DAGManNodesMask' '=' '"0,1,2,4,5,7,9,10,11,12,13,16,17,24,27" -a DAG_STATUS' '=' '0 -a FAILED_COUNT' '=' '0 -a +DAGParentNodeNames' '=' '"stage_in_local_local_2_0,stage_in_remote_local_2_0,computeusergroup_0_ID0000002" -a +KeepClaimIdle' '=' '20 -a notification' '=' 'never 00/00/sessioncompute_0_ID0000003.sub
01/21/17 03:36:03 From submit: Submitting job(s).
01/21/17 03:36:03 From submit: 1 job(s) submitted to cluster 10214.
01/21/17 03:36:03 	assigned Condor ID (10214.0.0)
01/21/17 03:36:03 Just submitted 3 jobs this cycle...
01/21/17 03:36:03 Currently monitoring 1 Condor log file(s)
01/21/17 03:36:03 Reassigning the id of job clean_up_local_level_4_0 from (10212.0.0) to (10212.0.0)
01/21/17 03:36:03 Event: ULOG_SUBMIT for Condor Node clean_up_local_level_4_0 (10212.0.0)
01/21/17 03:36:03 Number of idle job procs: 1
01/21/17 03:36:03 Event: ULOG_EXECUTE for Condor Node clean_up_local_level_4_0 (10212.0.0)
01/21/17 03:36:03 Number of idle job procs: 0
01/21/17 03:36:03 Reassigning the id of job stage_out_local_local_1_0 from (10213.0.0) to (10213.0.0)
01/21/17 03:36:03 Event: ULOG_SUBMIT for Condor Node stage_out_local_local_1_0 (10213.0.0)
01/21/17 03:36:03 Number of idle job procs: 1
01/21/17 03:36:03 Reassigning the id of job sessioncompute_0_ID0000003 from (10214.0.0) to (10214.0.0)
01/21/17 03:36:03 Event: ULOG_SUBMIT for Condor Node sessioncompute_0_ID0000003 (10214.0.0)
01/21/17 03:36:03 Number of idle job procs: 2
01/21/17 03:36:03 DAG status: 0 (DAG_STATUS_OK)
01/21/17 03:36:03 Of 23 nodes total:
01/21/17 03:36:03  Done     Pre   Queued    Post   Ready   Un-Ready   Failed
01/21/17 03:36:03   ===     ===      ===     ===     ===        ===      ===
01/21/17 03:36:03    13       0        3       0       0          7        0
01/21/17 03:36:03 0 job proc(s) currently held
01/21/17 03:36:13 Currently monitoring 1 Condor log file(s)
01/21/17 03:36:13 Event: ULOG_EXECUTE for Condor Node stage_out_local_local_1_0 (10213.0.0)
01/21/17 03:36:13 Number of idle job procs: 1
01/21/17 03:36:13 Event: ULOG_JOB_TERMINATED for Condor Node clean_up_local_level_4_0 (10212.0.0)
01/21/17 03:36:13 Number of idle job procs: 1
01/21/17 03:36:13 Node clean_up_local_level_4_0 job proc (10212.0.0) completed successfully.
01/21/17 03:36:13 Node clean_up_local_level_4_0 job completed
01/21/17 03:36:13 Running POST script of Node clean_up_local_level_4_0...
01/21/17 03:36:13 Warning: mysin has length 0 (ignore if produced by DAGMan; see gittrac #4987, #5031)
01/21/17 03:36:13 Event: ULOG_JOB_TERMINATED for Condor Node stage_out_local_local_1_0 (10213.0.0)
01/21/17 03:36:13 Number of idle job procs: 1
01/21/17 03:36:13 Node stage_out_local_local_1_0 job proc (10213.0.0) completed successfully.
01/21/17 03:36:13 Node stage_out_local_local_1_0 job completed
01/21/17 03:36:13 Running POST script of Node stage_out_local_local_1_0...
01/21/17 03:36:13 Warning: mysin has length 0 (ignore if produced by DAGMan; see gittrac #4987, #5031)
01/21/17 03:36:13 DAG status: 0 (DAG_STATUS_OK)
01/21/17 03:36:13 Of 23 nodes total:
01/21/17 03:36:13  Done     Pre   Queued    Post   Ready   Un-Ready   Failed
01/21/17 03:36:13   ===     ===      ===     ===     ===        ===      ===
01/21/17 03:36:13    13       0        1       2       0          7        0
01/21/17 03:36:13 0 job proc(s) currently held
01/21/17 03:36:14 Initializing user log writer for /home/ubuntu/wikiflow/4_wikiflow_1sh_1s_noannot/dags/ubuntu/pegasus/example_workflow/20170121T023359+0000/./example_workflow-0.dag.nodes.log, (10212.0.0)
01/21/17 03:36:14 Initializing user log writer for /home/ubuntu/wikiflow/4_wikiflow_1sh_1s_noannot/dags/ubuntu/pegasus/example_workflow/20170121T023359+0000/./example_workflow-0.dag.nodes.log, (10213.0.0)
01/21/17 03:36:18 Currently monitoring 1 Condor log file(s)
01/21/17 03:36:18 Event: ULOG_POST_SCRIPT_TERMINATED for Condor Node clean_up_local_level_4_0 (10212.0.0)
01/21/17 03:36:18 POST Script of Node clean_up_local_level_4_0 completed successfully.
01/21/17 03:36:18 Event: ULOG_POST_SCRIPT_TERMINATED for Condor Node stage_out_local_local_1_0 (10213.0.0)
01/21/17 03:36:18 POST Script of Node stage_out_local_local_1_0 completed successfully.
01/21/17 03:36:18 DAG status: 0 (DAG_STATUS_OK)
01/21/17 03:36:18 Of 23 nodes total:
01/21/17 03:36:18  Done     Pre   Queued    Post   Ready   Un-Ready   Failed
01/21/17 03:36:18   ===     ===      ===     ===     ===        ===      ===
01/21/17 03:36:18    15       0        1       0       0          7        0
01/21/17 03:36:18 0 job proc(s) currently held
01/21/17 03:36:23 Currently monitoring 1 Condor log file(s)
01/21/17 03:36:23 Event: ULOG_EXECUTE for Condor Node sessioncompute_0_ID0000003 (10214.0.0)
01/21/17 03:36:23 Number of idle job procs: 0
01/21/17 03:46:23 600 seconds since last log event
01/21/17 03:46:23 Pending DAG nodes:
01/21/17 03:46:23   Node sessioncompute_0_ID0000003, Condor ID 10214, status STATUS_SUBMITTED
01/21/17 03:56:24 1201 seconds since last log event
01/21/17 03:56:24 Pending DAG nodes:
01/21/17 03:56:24   Node sessioncompute_0_ID0000003, Condor ID 10214, status STATUS_SUBMITTED
01/21/17 03:56:29 Currently monitoring 1 Condor log file(s)
01/21/17 03:56:29 Event: ULOG_JOB_TERMINATED for Condor Node sessioncompute_0_ID0000003 (10214.0.0)
01/21/17 03:56:29 Number of idle job procs: 0
01/21/17 03:56:29 Node sessioncompute_0_ID0000003 job proc (10214.0.0) completed successfully.
01/21/17 03:56:29 Node sessioncompute_0_ID0000003 job completed
01/21/17 03:56:29 Running POST script of Node sessioncompute_0_ID0000003...
01/21/17 03:56:29 Warning: mysin has length 0 (ignore if produced by DAGMan; see gittrac #4987, #5031)
01/21/17 03:56:29 DAG status: 0 (DAG_STATUS_OK)
01/21/17 03:56:29 Of 23 nodes total:
01/21/17 03:56:29  Done     Pre   Queued    Post   Ready   Un-Ready   Failed
01/21/17 03:56:29   ===     ===      ===     ===     ===        ===      ===
01/21/17 03:56:29    15       0        0       1       0          7        0
01/21/17 03:56:29 0 job proc(s) currently held
01/21/17 03:56:29 Initializing user log writer for /home/ubuntu/wikiflow/4_wikiflow_1sh_1s_noannot/dags/ubuntu/pegasus/example_workflow/20170121T023359+0000/./example_workflow-0.dag.nodes.log, (10214.0.0)
01/21/17 03:56:34 Currently monitoring 1 Condor log file(s)
01/21/17 03:56:34 Event: ULOG_POST_SCRIPT_TERMINATED for Condor Node sessioncompute_0_ID0000003 (10214.0.0)
01/21/17 03:56:34 POST Script of Node sessioncompute_0_ID0000003 completed successfully.
01/21/17 03:56:34 DAG status: 0 (DAG_STATUS_OK)
01/21/17 03:56:34 Of 23 nodes total:
01/21/17 03:56:34  Done     Pre   Queued    Post   Ready   Un-Ready   Failed
01/21/17 03:56:34   ===     ===      ===     ===     ===        ===      ===
01/21/17 03:56:34    16       0        0       0       3          4        0
01/21/17 03:56:34 0 job proc(s) currently held
01/21/17 03:56:39 Submitting Condor Node longestsession_0_ID0000004 job(s)...
01/21/17 03:56:39 Adding a DAGMan workflow log /home/ubuntu/wikiflow/4_wikiflow_1sh_1s_noannot/dags/ubuntu/pegasus/example_workflow/20170121T023359+0000/./example_workflow-0.dag.nodes.log
01/21/17 03:56:39 Masking the events recorded in the DAGMAN workflow log
01/21/17 03:56:39 Mask for workflow log is 0,1,2,4,5,7,9,10,11,12,13,16,17,24,27
01/21/17 03:56:39 submitting: /usr/bin/condor_submit -a dag_node_name' '=' 'longestsession_0_ID0000004 -a +DAGManJobId' '=' '10198 -a DAGManJobId' '=' '10198 -a submit_event_notes' '=' 'DAG' 'Node:' 'longestsession_0_ID0000004 -a dagman_log' '=' '/home/ubuntu/wikiflow/4_wikiflow_1sh_1s_noannot/dags/ubuntu/pegasus/example_workflow/20170121T023359+0000/./example_workflow-0.dag.nodes.log -a +DAGManNodesMask' '=' '"0,1,2,4,5,7,9,10,11,12,13,16,17,24,27" -a DAG_STATUS' '=' '0 -a FAILED_COUNT' '=' '0 -a +DAGParentNodeNames' '=' '"stage_in_local_local_3_0,stage_in_remote_local_3_0,sessioncompute_0_ID0000003" -a +KeepClaimIdle' '=' '20 -a notification' '=' 'never 00/00/longestsession_0_ID0000004.sub
01/21/17 03:56:39 From submit: Submitting job(s).
01/21/17 03:56:39 From submit: 1 job(s) submitted to cluster 10215.
01/21/17 03:56:39 	assigned Condor ID (10215.0.0)
01/21/17 03:56:39 Submitting Condor Node clean_up_local_level_5_0 job(s)...
01/21/17 03:56:39 Adding a DAGMan workflow log /home/ubuntu/wikiflow/4_wikiflow_1sh_1s_noannot/dags/ubuntu/pegasus/example_workflow/20170121T023359+0000/./example_workflow-0.dag.nodes.log
01/21/17 03:56:39 Masking the events recorded in the DAGMAN workflow log
01/21/17 03:56:39 Mask for workflow log is 0,1,2,4,5,7,9,10,11,12,13,16,17,24,27
01/21/17 03:56:39 submitting: /usr/bin/condor_submit -a dag_node_name' '=' 'clean_up_local_level_5_0 -a +DAGManJobId' '=' '10198 -a DAGManJobId' '=' '10198 -a submit_event_notes' '=' 'DAG' 'Node:' 'clean_up_local_level_5_0 -a dagman_log' '=' '/home/ubuntu/wikiflow/4_wikiflow_1sh_1s_noannot/dags/ubuntu/pegasus/example_workflow/20170121T023359+0000/./example_workflow-0.dag.nodes.log -a +DAGManNodesMask' '=' '"0,1,2,4,5,7,9,10,11,12,13,16,17,24,27" -a DAG_STATUS' '=' '0 -a FAILED_COUNT' '=' '0 -a +DAGParentNodeNames' '=' '"stage_out_local_local_1_0,sessioncompute_0_ID0000003" -a +KeepClaimIdle' '=' '20 -a notification' '=' 'never 00/00/clean_up_local_level_5_0.sub
01/21/17 03:56:39 From submit: Submitting job(s).
01/21/17 03:56:39 From submit: 1 job(s) submitted to cluster 10216.
01/21/17 03:56:39 	assigned Condor ID (10216.0.0)
01/21/17 03:56:39 Submitting Condor Node clean_up_local_level_5_1 job(s)...
01/21/17 03:56:39 Adding a DAGMan workflow log /home/ubuntu/wikiflow/4_wikiflow_1sh_1s_noannot/dags/ubuntu/pegasus/example_workflow/20170121T023359+0000/./example_workflow-0.dag.nodes.log
01/21/17 03:56:39 Masking the events recorded in the DAGMAN workflow log
01/21/17 03:56:39 Mask for workflow log is 0,1,2,4,5,7,9,10,11,12,13,16,17,24,27
01/21/17 03:56:39 submitting: /usr/bin/condor_submit -a dag_node_name' '=' 'clean_up_local_level_5_1 -a +DAGManJobId' '=' '10198 -a DAGManJobId' '=' '10198 -a submit_event_notes' '=' 'DAG' 'Node:' 'clean_up_local_level_5_1 -a dagman_log' '=' '/home/ubuntu/wikiflow/4_wikiflow_1sh_1s_noannot/dags/ubuntu/pegasus/example_workflow/20170121T023359+0000/./example_workflow-0.dag.nodes.log -a +DAGManNodesMask' '=' '"0,1,2,4,5,7,9,10,11,12,13,16,17,24,27" -a DAG_STATUS' '=' '0 -a FAILED_COUNT' '=' '0 -a +DAGParentNodeNames' '=' '"sessioncompute_0_ID0000003" -a +KeepClaimIdle' '=' '20 -a notification' '=' 'never 00/00/clean_up_local_level_5_1.sub
01/21/17 03:56:39 From submit: Submitting job(s).
01/21/17 03:56:39 From submit: 1 job(s) submitted to cluster 10217.
01/21/17 03:56:39 	assigned Condor ID (10217.0.0)
01/21/17 03:56:39 Just submitted 3 jobs this cycle...
01/21/17 03:56:39 Currently monitoring 1 Condor log file(s)
01/21/17 03:56:39 Reassigning the id of job longestsession_0_ID0000004 from (10215.0.0) to (10215.0.0)
01/21/17 03:56:39 Event: ULOG_SUBMIT for Condor Node longestsession_0_ID0000004 (10215.0.0)
01/21/17 03:56:39 Number of idle job procs: 1
01/21/17 03:56:39 Reassigning the id of job clean_up_local_level_5_0 from (10216.0.0) to (10216.0.0)
01/21/17 03:56:39 Event: ULOG_SUBMIT for Condor Node clean_up_local_level_5_0 (10216.0.0)
01/21/17 03:56:39 Number of idle job procs: 2
01/21/17 03:56:39 Reassigning the id of job clean_up_local_level_5_1 from (10217.0.0) to (10217.0.0)
01/21/17 03:56:39 Event: ULOG_SUBMIT for Condor Node clean_up_local_level_5_1 (10217.0.0)
01/21/17 03:56:39 Number of idle job procs: 3
01/21/17 03:56:39 DAG status: 0 (DAG_STATUS_OK)
01/21/17 03:56:39 Of 23 nodes total:
01/21/17 03:56:39  Done     Pre   Queued    Post   Ready   Un-Ready   Failed
01/21/17 03:56:39   ===     ===      ===     ===     ===        ===      ===
01/21/17 03:56:39    16       0        3       0       0          4        0
01/21/17 03:56:39 0 job proc(s) currently held
01/21/17 03:56:44 Currently monitoring 1 Condor log file(s)
01/21/17 03:56:44 Event: ULOG_EXECUTE for Condor Node longestsession_0_ID0000004 (10215.0.0)
01/21/17 03:56:44 Number of idle job procs: 2
01/21/17 03:56:49 Currently monitoring 1 Condor log file(s)
01/21/17 03:56:49 Event: ULOG_EXECUTE for Condor Node clean_up_local_level_5_1 (10217.0.0)
01/21/17 03:56:49 Number of idle job procs: 1
01/21/17 03:56:49 Event: ULOG_EXECUTE for Condor Node clean_up_local_level_5_0 (10216.0.0)
01/21/17 03:56:49 Number of idle job procs: 0
01/21/17 03:56:49 Event: ULOG_JOB_TERMINATED for Condor Node clean_up_local_level_5_0 (10216.0.0)
01/21/17 03:56:49 Number of idle job procs: 0
01/21/17 03:56:49 Node clean_up_local_level_5_0 job proc (10216.0.0) completed successfully.
01/21/17 03:56:49 Node clean_up_local_level_5_0 job completed
01/21/17 03:56:49 Running POST script of Node clean_up_local_level_5_0...
01/21/17 03:56:49 Warning: mysin has length 0 (ignore if produced by DAGMan; see gittrac #4987, #5031)
01/21/17 03:56:49 Event: ULOG_JOB_TERMINATED for Condor Node clean_up_local_level_5_1 (10217.0.0)
01/21/17 03:56:49 Number of idle job procs: 0
01/21/17 03:56:49 Node clean_up_local_level_5_1 job proc (10217.0.0) completed successfully.
01/21/17 03:56:49 Node clean_up_local_level_5_1 job completed
01/21/17 03:56:49 Running POST script of Node clean_up_local_level_5_1...
01/21/17 03:56:49 Warning: mysin has length 0 (ignore if produced by DAGMan; see gittrac #4987, #5031)
01/21/17 03:56:49 DAG status: 0 (DAG_STATUS_OK)
01/21/17 03:56:49 Of 23 nodes total:
01/21/17 03:56:49  Done     Pre   Queued    Post   Ready   Un-Ready   Failed
01/21/17 03:56:49   ===     ===      ===     ===     ===        ===      ===
01/21/17 03:56:49    16       0        1       2       0          4        0
01/21/17 03:56:49 0 job proc(s) currently held
01/21/17 03:56:50 Initializing user log writer for /home/ubuntu/wikiflow/4_wikiflow_1sh_1s_noannot/dags/ubuntu/pegasus/example_workflow/20170121T023359+0000/./example_workflow-0.dag.nodes.log, (10216.0.0)
01/21/17 03:56:50 Initializing user log writer for /home/ubuntu/wikiflow/4_wikiflow_1sh_1s_noannot/dags/ubuntu/pegasus/example_workflow/20170121T023359+0000/./example_workflow-0.dag.nodes.log, (10217.0.0)
01/21/17 03:56:54 Currently monitoring 1 Condor log file(s)
01/21/17 03:56:54 Event: ULOG_POST_SCRIPT_TERMINATED for Condor Node clean_up_local_level_5_0 (10216.0.0)
01/21/17 03:56:54 POST Script of Node clean_up_local_level_5_0 completed successfully.
01/21/17 03:56:54 Event: ULOG_POST_SCRIPT_TERMINATED for Condor Node clean_up_local_level_5_1 (10217.0.0)
01/21/17 03:56:54 POST Script of Node clean_up_local_level_5_1 completed successfully.
01/21/17 03:56:54 DAG status: 0 (DAG_STATUS_OK)
01/21/17 03:56:54 Of 23 nodes total:
01/21/17 03:56:54  Done     Pre   Queued    Post   Ready   Un-Ready   Failed
01/21/17 03:56:54   ===     ===      ===     ===     ===        ===      ===
01/21/17 03:56:54    18       0        1       0       0          4        0
01/21/17 03:56:54 0 job proc(s) currently held
01/21/17 03:57:04 Currently monitoring 1 Condor log file(s)
01/21/17 03:57:04 Event: ULOG_JOB_TERMINATED for Condor Node longestsession_0_ID0000004 (10215.0.0)
01/21/17 03:57:04 Number of idle job procs: 0
01/21/17 03:57:04 Node longestsession_0_ID0000004 job proc (10215.0.0) completed successfully.
01/21/17 03:57:04 Node longestsession_0_ID0000004 job completed
01/21/17 03:57:04 Running POST script of Node longestsession_0_ID0000004...
01/21/17 03:57:04 Warning: mysin has length 0 (ignore if produced by DAGMan; see gittrac #4987, #5031)
01/21/17 03:57:04 DAG status: 0 (DAG_STATUS_OK)
01/21/17 03:57:04 Of 23 nodes total:
01/21/17 03:57:04  Done     Pre   Queued    Post   Ready   Un-Ready   Failed
01/21/17 03:57:04   ===     ===      ===     ===     ===        ===      ===
01/21/17 03:57:04    18       0        0       1       0          4        0
01/21/17 03:57:04 0 job proc(s) currently held
01/21/17 03:57:04 Initializing user log writer for /home/ubuntu/wikiflow/4_wikiflow_1sh_1s_noannot/dags/ubuntu/pegasus/example_workflow/20170121T023359+0000/./example_workflow-0.dag.nodes.log, (10215.0.0)
01/21/17 03:57:09 Currently monitoring 1 Condor log file(s)
01/21/17 03:57:09 Event: ULOG_POST_SCRIPT_TERMINATED for Condor Node longestsession_0_ID0000004 (10215.0.0)
01/21/17 03:57:09 POST Script of Node longestsession_0_ID0000004 completed successfully.
01/21/17 03:57:09 DAG status: 0 (DAG_STATUS_OK)
01/21/17 03:57:09 Of 23 nodes total:
01/21/17 03:57:09  Done     Pre   Queued    Post   Ready   Un-Ready   Failed
01/21/17 03:57:09   ===     ===      ===     ===     ===        ===      ===
01/21/17 03:57:09    19       0        0       0       2          2        0
01/21/17 03:57:09 0 job proc(s) currently held
01/21/17 03:57:14 Submitting Condor Node terminate_0_ID0000005 job(s)...
01/21/17 03:57:14 Adding a DAGMan workflow log /home/ubuntu/wikiflow/4_wikiflow_1sh_1s_noannot/dags/ubuntu/pegasus/example_workflow/20170121T023359+0000/./example_workflow-0.dag.nodes.log
01/21/17 03:57:14 Masking the events recorded in the DAGMAN workflow log
01/21/17 03:57:14 Mask for workflow log is 0,1,2,4,5,7,9,10,11,12,13,16,17,24,27
01/21/17 03:57:14 submitting: /usr/bin/condor_submit -a dag_node_name' '=' 'terminate_0_ID0000005 -a +DAGManJobId' '=' '10198 -a DAGManJobId' '=' '10198 -a submit_event_notes' '=' 'DAG' 'Node:' 'terminate_0_ID0000005 -a dagman_log' '=' '/home/ubuntu/wikiflow/4_wikiflow_1sh_1s_noannot/dags/ubuntu/pegasus/example_workflow/20170121T023359+0000/./example_workflow-0.dag.nodes.log -a +DAGManNodesMask' '=' '"0,1,2,4,5,7,9,10,11,12,13,16,17,24,27" -a DAG_STATUS' '=' '0 -a FAILED_COUNT' '=' '0 -a +DAGParentNodeNames' '=' '"stage_in_local_local_4_0,longestsession_0_ID0000004" -a +KeepClaimIdle' '=' '20 -a notification' '=' 'never 00/00/terminate_0_ID0000005.sub
01/21/17 03:57:14 From submit: Submitting job(s).
01/21/17 03:57:14 From submit: 1 job(s) submitted to cluster 10218.
01/21/17 03:57:14 	assigned Condor ID (10218.0.0)
01/21/17 03:57:14 Submitting Condor Node clean_up_local_level_6_0 job(s)...
01/21/17 03:57:14 Adding a DAGMan workflow log /home/ubuntu/wikiflow/4_wikiflow_1sh_1s_noannot/dags/ubuntu/pegasus/example_workflow/20170121T023359+0000/./example_workflow-0.dag.nodes.log
01/21/17 03:57:14 Masking the events recorded in the DAGMAN workflow log
01/21/17 03:57:14 Mask for workflow log is 0,1,2,4,5,7,9,10,11,12,13,16,17,24,27
01/21/17 03:57:14 submitting: /usr/bin/condor_submit -a dag_node_name' '=' 'clean_up_local_level_6_0 -a +DAGManJobId' '=' '10198 -a DAGManJobId' '=' '10198 -a submit_event_notes' '=' 'DAG' 'Node:' 'clean_up_local_level_6_0 -a dagman_log' '=' '/home/ubuntu/wikiflow/4_wikiflow_1sh_1s_noannot/dags/ubuntu/pegasus/example_workflow/20170121T023359+0000/./example_workflow-0.dag.nodes.log -a +DAGManNodesMask' '=' '"0,1,2,4,5,7,9,10,11,12,13,16,17,24,27" -a DAG_STATUS' '=' '0 -a FAILED_COUNT' '=' '0 -a +DAGParentNodeNames' '=' '"longestsession_0_ID0000004" -a +KeepClaimIdle' '=' '20 -a notification' '=' 'never 00/00/clean_up_local_level_6_0.sub
01/21/17 03:57:14 From submit: Submitting job(s).
01/21/17 03:57:14 From submit: 1 job(s) submitted to cluster 10219.
01/21/17 03:57:14 	assigned Condor ID (10219.0.0)
01/21/17 03:57:14 Just submitted 2 jobs this cycle...
01/21/17 03:57:14 Currently monitoring 1 Condor log file(s)
01/21/17 03:57:14 Reassigning the id of job terminate_0_ID0000005 from (10218.0.0) to (10218.0.0)
01/21/17 03:57:14 Event: ULOG_SUBMIT for Condor Node terminate_0_ID0000005 (10218.0.0)
01/21/17 03:57:14 Number of idle job procs: 1
01/21/17 03:57:14 Reassigning the id of job clean_up_local_level_6_0 from (10219.0.0) to (10219.0.0)
01/21/17 03:57:14 Event: ULOG_SUBMIT for Condor Node clean_up_local_level_6_0 (10219.0.0)
01/21/17 03:57:14 Number of idle job procs: 2
01/21/17 03:57:14 DAG status: 0 (DAG_STATUS_OK)
01/21/17 03:57:14 Of 23 nodes total:
01/21/17 03:57:14  Done     Pre   Queued    Post   Ready   Un-Ready   Failed
01/21/17 03:57:14   ===     ===      ===     ===     ===        ===      ===
01/21/17 03:57:14    19       0        2       0       0          2        0
01/21/17 03:57:14 0 job proc(s) currently held
01/21/17 03:57:19 Currently monitoring 1 Condor log file(s)
01/21/17 03:57:19 Event: ULOG_EXECUTE for Condor Node terminate_0_ID0000005 (10218.0.0)
01/21/17 03:57:19 Number of idle job procs: 1
01/21/17 03:57:19 Event: ULOG_JOB_TERMINATED for Condor Node terminate_0_ID0000005 (10218.0.0)
01/21/17 03:57:19 Number of idle job procs: 1
01/21/17 03:57:19 Node terminate_0_ID0000005 job proc (10218.0.0) completed successfully.
01/21/17 03:57:19 Node terminate_0_ID0000005 job completed
01/21/17 03:57:19 Running POST script of Node terminate_0_ID0000005...
01/21/17 03:57:19 Warning: mysin has length 0 (ignore if produced by DAGMan; see gittrac #4987, #5031)
01/21/17 03:57:19 DAG status: 0 (DAG_STATUS_OK)
01/21/17 03:57:19 Of 23 nodes total:
01/21/17 03:57:19  Done     Pre   Queued    Post   Ready   Un-Ready   Failed
01/21/17 03:57:19   ===     ===      ===     ===     ===        ===      ===
01/21/17 03:57:19    19       0        1       1       0          2        0
01/21/17 03:57:19 0 job proc(s) currently held
01/21/17 03:57:19 Initializing user log writer for /home/ubuntu/wikiflow/4_wikiflow_1sh_1s_noannot/dags/ubuntu/pegasus/example_workflow/20170121T023359+0000/./example_workflow-0.dag.nodes.log, (10218.0.0)
01/21/17 03:57:24 Currently monitoring 1 Condor log file(s)
01/21/17 03:57:24 Event: ULOG_EXECUTE for Condor Node clean_up_local_level_6_0 (10219.0.0)
01/21/17 03:57:24 Number of idle job procs: 0
01/21/17 03:57:24 Event: ULOG_POST_SCRIPT_TERMINATED for Condor Node terminate_0_ID0000005 (10218.0.0)
01/21/17 03:57:24 POST Script of Node terminate_0_ID0000005 completed successfully.
01/21/17 03:57:24 Event: ULOG_JOB_TERMINATED for Condor Node clean_up_local_level_6_0 (10219.0.0)
01/21/17 03:57:24 Number of idle job procs: 0
01/21/17 03:57:24 Node clean_up_local_level_6_0 job proc (10219.0.0) completed successfully.
01/21/17 03:57:24 Node clean_up_local_level_6_0 job completed
01/21/17 03:57:24 Running POST script of Node clean_up_local_level_6_0...
01/21/17 03:57:24 Warning: mysin has length 0 (ignore if produced by DAGMan; see gittrac #4987, #5031)
01/21/17 03:57:24 DAG status: 0 (DAG_STATUS_OK)
01/21/17 03:57:24 Of 23 nodes total:
01/21/17 03:57:24  Done     Pre   Queued    Post   Ready   Un-Ready   Failed
01/21/17 03:57:24   ===     ===      ===     ===     ===        ===      ===
01/21/17 03:57:24    20       0        0       1       1          1        0
01/21/17 03:57:24 0 job proc(s) currently held
01/21/17 03:57:24 Initializing user log writer for /home/ubuntu/wikiflow/4_wikiflow_1sh_1s_noannot/dags/ubuntu/pegasus/example_workflow/20170121T023359+0000/./example_workflow-0.dag.nodes.log, (10219.0.0)
01/21/17 03:57:29 Submitting Condor Node clean_up_local_level_7_0 job(s)...
01/21/17 03:57:29 Adding a DAGMan workflow log /home/ubuntu/wikiflow/4_wikiflow_1sh_1s_noannot/dags/ubuntu/pegasus/example_workflow/20170121T023359+0000/./example_workflow-0.dag.nodes.log
01/21/17 03:57:29 Masking the events recorded in the DAGMAN workflow log
01/21/17 03:57:29 Mask for workflow log is 0,1,2,4,5,7,9,10,11,12,13,16,17,24,27
01/21/17 03:57:29 submitting: /usr/bin/condor_submit -a dag_node_name' '=' 'clean_up_local_level_7_0 -a +DAGManJobId' '=' '10198 -a DAGManJobId' '=' '10198 -a submit_event_notes' '=' 'DAG' 'Node:' 'clean_up_local_level_7_0 -a dagman_log' '=' '/home/ubuntu/wikiflow/4_wikiflow_1sh_1s_noannot/dags/ubuntu/pegasus/example_workflow/20170121T023359+0000/./example_workflow-0.dag.nodes.log -a +DAGManNodesMask' '=' '"0,1,2,4,5,7,9,10,11,12,13,16,17,24,27" -a DAG_STATUS' '=' '0 -a FAILED_COUNT' '=' '0 -a +DAGParentNodeNames' '=' '"terminate_0_ID0000005" -a +KeepClaimIdle' '=' '20 -a notification' '=' 'never 00/00/clean_up_local_level_7_0.sub
01/21/17 03:57:29 From submit: Submitting job(s).
01/21/17 03:57:29 From submit: 1 job(s) submitted to cluster 10220.
01/21/17 03:57:29 	assigned Condor ID (10220.0.0)
01/21/17 03:57:29 Just submitted 1 job this cycle...
01/21/17 03:57:29 Currently monitoring 1 Condor log file(s)
01/21/17 03:57:29 Event: ULOG_POST_SCRIPT_TERMINATED for Condor Node clean_up_local_level_6_0 (10219.0.0)
01/21/17 03:57:29 POST Script of Node clean_up_local_level_6_0 completed successfully.
01/21/17 03:57:29 Reassigning the id of job clean_up_local_level_7_0 from (10220.0.0) to (10220.0.0)
01/21/17 03:57:29 Event: ULOG_SUBMIT for Condor Node clean_up_local_level_7_0 (10220.0.0)
01/21/17 03:57:29 Number of idle job procs: 1
01/21/17 03:57:29 DAG status: 0 (DAG_STATUS_OK)
01/21/17 03:57:29 Of 23 nodes total:
01/21/17 03:57:29  Done     Pre   Queued    Post   Ready   Un-Ready   Failed
01/21/17 03:57:29   ===     ===      ===     ===     ===        ===      ===
01/21/17 03:57:29    21       0        1       0       0          1        0
01/21/17 03:57:29 0 job proc(s) currently held
01/21/17 03:57:34 Currently monitoring 1 Condor log file(s)
01/21/17 03:57:34 Event: ULOG_EXECUTE for Condor Node clean_up_local_level_7_0 (10220.0.0)
01/21/17 03:57:34 Number of idle job procs: 0
01/21/17 03:57:34 Event: ULOG_JOB_TERMINATED for Condor Node clean_up_local_level_7_0 (10220.0.0)
01/21/17 03:57:34 Number of idle job procs: 0
01/21/17 03:57:34 Node clean_up_local_level_7_0 job proc (10220.0.0) completed successfully.
01/21/17 03:57:34 Node clean_up_local_level_7_0 job completed
01/21/17 03:57:34 Running POST script of Node clean_up_local_level_7_0...
01/21/17 03:57:34 Warning: mysin has length 0 (ignore if produced by DAGMan; see gittrac #4987, #5031)
01/21/17 03:57:34 DAG status: 0 (DAG_STATUS_OK)
01/21/17 03:57:34 Of 23 nodes total:
01/21/17 03:57:34  Done     Pre   Queued    Post   Ready   Un-Ready   Failed
01/21/17 03:57:34   ===     ===      ===     ===     ===        ===      ===
01/21/17 03:57:34    21       0        0       1       0          1        0
01/21/17 03:57:34 0 job proc(s) currently held
01/21/17 03:57:35 Initializing user log writer for /home/ubuntu/wikiflow/4_wikiflow_1sh_1s_noannot/dags/ubuntu/pegasus/example_workflow/20170121T023359+0000/./example_workflow-0.dag.nodes.log, (10220.0.0)
01/21/17 03:57:39 Currently monitoring 1 Condor log file(s)
01/21/17 03:57:39 Event: ULOG_POST_SCRIPT_TERMINATED for Condor Node clean_up_local_level_7_0 (10220.0.0)
01/21/17 03:57:39 POST Script of Node clean_up_local_level_7_0 completed successfully.
01/21/17 03:57:39 DAG status: 0 (DAG_STATUS_OK)
01/21/17 03:57:39 Of 23 nodes total:
01/21/17 03:57:39  Done     Pre   Queued    Post   Ready   Un-Ready   Failed
01/21/17 03:57:39   ===     ===      ===     ===     ===        ===      ===
01/21/17 03:57:39    22       0        0       0       1          0        0
01/21/17 03:57:39 0 job proc(s) currently held
01/21/17 03:57:44 Submitting Condor Node cleanup_example_workflow_0_local job(s)...
01/21/17 03:57:44 Adding a DAGMan workflow log /home/ubuntu/wikiflow/4_wikiflow_1sh_1s_noannot/dags/ubuntu/pegasus/example_workflow/20170121T023359+0000/./example_workflow-0.dag.nodes.log
01/21/17 03:57:44 Masking the events recorded in the DAGMAN workflow log
01/21/17 03:57:44 Mask for workflow log is 0,1,2,4,5,7,9,10,11,12,13,16,17,24,27
01/21/17 03:57:44 submitting: /usr/bin/condor_submit -a dag_node_name' '=' 'cleanup_example_workflow_0_local -a +DAGManJobId' '=' '10198 -a DAGManJobId' '=' '10198 -a submit_event_notes' '=' 'DAG' 'Node:' 'cleanup_example_workflow_0_local -a dagman_log' '=' '/home/ubuntu/wikiflow/4_wikiflow_1sh_1s_noannot/dags/ubuntu/pegasus/example_workflow/20170121T023359+0000/./example_workflow-0.dag.nodes.log -a +DAGManNodesMask' '=' '"0,1,2,4,5,7,9,10,11,12,13,16,17,24,27" -a DAG_STATUS' '=' '0 -a FAILED_COUNT' '=' '0 -a +DAGParentNodeNames' '=' '"clean_up_local_level_3_0,clean_up_local_level_4_0,clean_up_local_level_5_0,clean_up_local_level_5_1,clean_up_local_level_6_0,clean_up_local_level_7_0" -a notification' '=' 'never 00/00/cleanup_example_workflow_0_local.sub
01/21/17 03:57:44 From submit: Submitting job(s).
01/21/17 03:57:44 From submit: 1 job(s) submitted to cluster 10221.
01/21/17 03:57:44 	assigned Condor ID (10221.0.0)
01/21/17 03:57:44 Just submitted 1 job this cycle...
01/21/17 03:57:44 Currently monitoring 1 Condor log file(s)
01/21/17 03:57:44 Reassigning the id of job cleanup_example_workflow_0_local from (10221.0.0) to (10221.0.0)
01/21/17 03:57:44 Event: ULOG_SUBMIT for Condor Node cleanup_example_workflow_0_local (10221.0.0)
01/21/17 03:57:44 Number of idle job procs: 1
01/21/17 03:57:44 DAG status: 0 (DAG_STATUS_OK)
01/21/17 03:57:44 Of 23 nodes total:
01/21/17 03:57:44  Done     Pre   Queued    Post   Ready   Un-Ready   Failed
01/21/17 03:57:44   ===     ===      ===     ===     ===        ===      ===
01/21/17 03:57:44    22       0        1       0       0          0        0
01/21/17 03:57:44 0 job proc(s) currently held
01/21/17 03:57:49 Currently monitoring 1 Condor log file(s)
01/21/17 03:57:49 Event: ULOG_EXECUTE for Condor Node cleanup_example_workflow_0_local (10221.0.0)
01/21/17 03:57:49 Number of idle job procs: 0
01/21/17 03:57:49 Event: ULOG_JOB_TERMINATED for Condor Node cleanup_example_workflow_0_local (10221.0.0)
01/21/17 03:57:49 Number of idle job procs: 0
01/21/17 03:57:49 Node cleanup_example_workflow_0_local job proc (10221.0.0) completed successfully.
01/21/17 03:57:49 Node cleanup_example_workflow_0_local job completed
01/21/17 03:57:49 DAG status: 0 (DAG_STATUS_OK)
01/21/17 03:57:49 Of 23 nodes total:
01/21/17 03:57:49  Done     Pre   Queued    Post   Ready   Un-Ready   Failed
01/21/17 03:57:49   ===     ===      ===     ===     ===        ===      ===
01/21/17 03:57:49    23       0        0       0       0          0        0
01/21/17 03:57:49 0 job proc(s) currently held
01/21/17 03:57:49 All jobs Completed!
01/21/17 03:57:49 Note: 0 total job deferrals because of -MaxJobs limit (0)
01/21/17 03:57:49 Note: 0 total job deferrals because of -MaxIdle limit (1000)
01/21/17 03:57:49 Note: 0 total job deferrals because of node category throttles
01/21/17 03:57:49 Note: 0 total PRE script deferrals because of -MaxPre limit (20) or DEFER
01/21/17 03:57:49 Note: 0 total POST script deferrals because of -MaxPost limit (20) or DEFER
01/21/17 03:57:49 DAG status: 0 (DAG_STATUS_OK)
01/21/17 03:57:49 Of 23 nodes total:
01/21/17 03:57:49  Done     Pre   Queued    Post   Ready   Un-Ready   Failed
01/21/17 03:57:49   ===     ===      ===     ===     ===        ===      ===
01/21/17 03:57:49    23       0        0       0       0          0        0
01/21/17 03:57:49 0 job proc(s) currently held
01/21/17 03:57:49 Wrote metrics file example_workflow-0.dag.metrics.
01/21/17 03:57:49 Reporting metrics to Pegasus metrics server(s); output is in example_workflow-0.dag.metrics.out.
01/21/17 03:57:49 Running command </usr/lib/condor/libexec/condor_dagman_metrics_reporter -f example_workflow-0.dag.metrics -t 100>
01/21/17 03:57:49 Warning: mysin has length 0 (ignore if produced by DAGMan; see gittrac #4987, #5031)
01/21/17 03:57:49 **** condor_scheduniv_exec.10198.0 (condor_DAGMAN) pid 98945 EXITING WITH STATUS 0
