000 (8653.000.000) 12/02 02:20:10 Job submitted from host: <54.153.25.18:34310?addrs=54.153.25.18-34310>
    DAG Node: create_dir_example_workflow_0_local
    pool:local
...
001 (8653.000.000) 12/02 02:20:11 Job executing on host: <54.153.25.18:45319?addrs=54.153.25.18-45319>
...
005 (8653.000.000) 12/02 02:20:13 Job terminated.
	(1) Normal termination (return value 0)
		Usr 0 00:00:00, Sys 0 00:00:00  -  Run Remote Usage
		Usr 0 00:00:00, Sys 0 00:00:00  -  Run Local Usage
		Usr 0 00:00:00, Sys 0 00:00:00  -  Total Remote Usage
		Usr 0 00:00:00, Sys 0 00:00:00  -  Total Local Usage
	0  -  Run Bytes Sent By Job
	0  -  Run Bytes Received By Job
	0  -  Total Bytes Sent By Job
	0  -  Total Bytes Received By Job
...
000 (8654.000.000) 12/02 02:20:25 Job submitted from host: <54.153.25.18:34310?addrs=54.153.25.18-34310>
    DAG Node: stage_in_local_local_0_0
    pool:local
...
001 (8654.000.000) 12/02 02:20:25 Job executing on host: <54.153.25.18:62066?addrs=54.153.25.18-62066>
...
000 (8655.000.000) 12/02 02:20:25 Job submitted from host: <54.153.25.18:34310?addrs=54.153.25.18-34310>
    DAG Node: stage_in_local_local_6_0
    pool:local
...
000 (8656.000.000) 12/02 02:20:25 Job submitted from host: <54.153.25.18:34310?addrs=54.153.25.18-34310>
    DAG Node: stage_in_remote_local_2_1
    pool:local
...
000 (8657.000.000) 12/02 02:20:26 Job submitted from host: <54.153.25.18:34310?addrs=54.153.25.18-34310>
    DAG Node: stage_in_remote_local_5_1
    pool:local
...
000 (8658.000.000) 12/02 02:20:26 Job submitted from host: <54.153.25.18:34310?addrs=54.153.25.18-34310>
    DAG Node: stage_in_remote_local_5_0
    pool:local
...
005 (8654.000.000) 12/02 02:20:28 Job terminated.
	(1) Normal termination (return value 0)
		Usr 0 00:00:00, Sys 0 00:00:00  -  Run Remote Usage
		Usr 0 00:00:00, Sys 0 00:00:00  -  Run Local Usage
		Usr 0 00:00:00, Sys 0 00:00:00  -  Total Remote Usage
		Usr 0 00:00:00, Sys 0 00:00:00  -  Total Local Usage
	0  -  Run Bytes Sent By Job
	0  -  Run Bytes Received By Job
	0  -  Total Bytes Sent By Job
	0  -  Total Bytes Received By Job
...
001 (8655.000.000) 12/02 02:20:28 Job executing on host: <54.153.25.18:63955?addrs=54.153.25.18-63955>
...
001 (8658.000.000) 12/02 02:20:28 Job executing on host: <54.153.25.18:7593?addrs=54.153.25.18-7593>
...
001 (8657.000.000) 12/02 02:20:28 Job executing on host: <54.153.25.18:51432?addrs=54.153.25.18-51432>
...
001 (8656.000.000) 12/02 02:20:28 Job executing on host: <54.153.25.18:8276?addrs=54.153.25.18-8276>
...
005 (8657.000.000) 12/02 02:20:30 Job terminated.
	(1) Normal termination (return value 0)
		Usr 0 00:00:00, Sys 0 00:00:00  -  Run Remote Usage
		Usr 0 00:00:00, Sys 0 00:00:00  -  Run Local Usage
		Usr 0 00:00:00, Sys 0 00:00:00  -  Total Remote Usage
		Usr 0 00:00:00, Sys 0 00:00:00  -  Total Local Usage
	0  -  Run Bytes Sent By Job
	0  -  Run Bytes Received By Job
	0  -  Total Bytes Sent By Job
	0  -  Total Bytes Received By Job
...
005 (8656.000.000) 12/02 02:20:30 Job terminated.
	(1) Normal termination (return value 0)
		Usr 0 00:00:00, Sys 0 00:00:00  -  Run Remote Usage
		Usr 0 00:00:00, Sys 0 00:00:00  -  Run Local Usage
		Usr 0 00:00:00, Sys 0 00:00:00  -  Total Remote Usage
		Usr 0 00:00:00, Sys 0 00:00:00  -  Total Local Usage
	0  -  Run Bytes Sent By Job
	0  -  Run Bytes Received By Job
	0  -  Total Bytes Sent By Job
	0  -  Total Bytes Received By Job
...
005 (8655.000.000) 12/02 02:20:30 Job terminated.
	(1) Normal termination (return value 0)
		Usr 0 00:00:00, Sys 0 00:00:00  -  Run Remote Usage
		Usr 0 00:00:00, Sys 0 00:00:00  -  Run Local Usage
		Usr 0 00:00:00, Sys 0 00:00:00  -  Total Remote Usage
		Usr 0 00:00:00, Sys 0 00:00:00  -  Total Local Usage
	0  -  Run Bytes Sent By Job
	0  -  Run Bytes Received By Job
	0  -  Total Bytes Sent By Job
	0  -  Total Bytes Received By Job
...
000 (8659.000.000) 12/02 02:20:31 Job submitted from host: <54.153.25.18:34310?addrs=54.153.25.18-34310>
    DAG Node: stage_in_local_local_2_0
    pool:local
...
000 (8660.000.000) 12/02 02:20:31 Job submitted from host: <54.153.25.18:34310?addrs=54.153.25.18-34310>
    DAG Node: stage_in_local_local_2_1
    pool:local
...
000 (8661.000.000) 12/02 02:20:31 Job submitted from host: <54.153.25.18:34310?addrs=54.153.25.18-34310>
    DAG Node: stage_in_local_local_3_1
    pool:local
...
000 (8662.000.000) 12/02 02:20:31 Job submitted from host: <54.153.25.18:34310?addrs=54.153.25.18-34310>
    DAG Node: stage_in_remote_local_1_0
    pool:local
...
000 (8663.000.000) 12/02 02:20:31 Job submitted from host: <54.153.25.18:34310?addrs=54.153.25.18-34310>
    DAG Node: stage_in_local_local_3_0
    pool:local
...
005 (8658.000.000) 12/02 02:20:32 Job terminated.
	(1) Normal termination (return value 0)
		Usr 0 00:00:00, Sys 0 00:00:00  -  Run Remote Usage
		Usr 0 00:00:00, Sys 0 00:00:00  -  Run Local Usage
		Usr 0 00:00:00, Sys 0 00:00:00  -  Total Remote Usage
		Usr 0 00:00:00, Sys 0 00:00:00  -  Total Local Usage
	0  -  Run Bytes Sent By Job
	0  -  Run Bytes Received By Job
	0  -  Total Bytes Sent By Job
	0  -  Total Bytes Received By Job
...
001 (8660.000.000) 12/02 02:20:32 Job executing on host: <54.153.25.18:27696?addrs=54.153.25.18-27696>
...
001 (8659.000.000) 12/02 02:20:32 Job executing on host: <54.153.25.18:2937?addrs=54.153.25.18-2937>
...
001 (8661.000.000) 12/02 02:20:32 Job executing on host: <54.153.25.18:34024?addrs=54.153.25.18-34024>
...
001 (8663.000.000) 12/02 02:20:32 Job executing on host: <54.153.25.18:14026?addrs=54.153.25.18-14026>
...
001 (8662.000.000) 12/02 02:20:32 Job executing on host: <54.153.25.18:34631?addrs=54.153.25.18-34631>
...
005 (8660.000.000) 12/02 02:20:35 Job terminated.
	(1) Normal termination (return value 0)
		Usr 0 00:00:00, Sys 0 00:00:00  -  Run Remote Usage
		Usr 0 00:00:00, Sys 0 00:00:00  -  Run Local Usage
		Usr 0 00:00:00, Sys 0 00:00:00  -  Total Remote Usage
		Usr 0 00:00:00, Sys 0 00:00:00  -  Total Local Usage
	0  -  Run Bytes Sent By Job
	0  -  Run Bytes Received By Job
	0  -  Total Bytes Sent By Job
	0  -  Total Bytes Received By Job
...
005 (8662.000.000) 12/02 02:20:35 Job terminated.
	(1) Normal termination (return value 0)
		Usr 0 00:00:00, Sys 0 00:00:00  -  Run Remote Usage
		Usr 0 00:00:00, Sys 0 00:00:00  -  Run Local Usage
		Usr 0 00:00:00, Sys 0 00:00:00  -  Total Remote Usage
		Usr 0 00:00:00, Sys 0 00:00:00  -  Total Local Usage
	0  -  Run Bytes Sent By Job
	0  -  Run Bytes Received By Job
	0  -  Total Bytes Sent By Job
	0  -  Total Bytes Received By Job
...
005 (8661.000.000) 12/02 02:20:35 Job terminated.
	(1) Normal termination (return value 0)
		Usr 0 00:00:00, Sys 0 00:00:00  -  Run Remote Usage
		Usr 0 00:00:00, Sys 0 00:00:00  -  Run Local Usage
		Usr 0 00:00:00, Sys 0 00:00:00  -  Total Remote Usage
		Usr 0 00:00:00, Sys 0 00:00:00  -  Total Local Usage
	0  -  Run Bytes Sent By Job
	0  -  Run Bytes Received By Job
	0  -  Total Bytes Sent By Job
	0  -  Total Bytes Received By Job
...
000 (8664.000.000) 12/02 02:20:36 Job submitted from host: <54.153.25.18:34310?addrs=54.153.25.18-34310>
    DAG Node: stage_in_local_local_5_0
    pool:local
...
000 (8665.000.000) 12/02 02:20:36 Job submitted from host: <54.153.25.18:34310?addrs=54.153.25.18-34310>
    DAG Node: stage_in_local_local_5_1
    pool:local
...
000 (8666.000.000) 12/02 02:20:36 Job submitted from host: <54.153.25.18:34310?addrs=54.153.25.18-34310>
    DAG Node: stage_in_local_local_4_0
    pool:local
...
000 (8667.000.000) 12/02 02:20:36 Job submitted from host: <54.153.25.18:34310?addrs=54.153.25.18-34310>
    DAG Node: stage_in_local_local_1_0
    pool:local
...
000 (8668.000.000) 12/02 02:20:36 Job submitted from host: <54.153.25.18:34310?addrs=54.153.25.18-34310>
    DAG Node: stage_in_local_local_7_0
    pool:local
...
005 (8659.000.000) 12/02 02:20:37 Job terminated.
	(1) Normal termination (return value 0)
		Usr 0 00:00:00, Sys 0 00:00:00  -  Run Remote Usage
		Usr 0 00:00:00, Sys 0 00:00:00  -  Run Local Usage
		Usr 0 00:00:00, Sys 0 00:00:00  -  Total Remote Usage
		Usr 0 00:00:00, Sys 0 00:00:00  -  Total Local Usage
	0  -  Run Bytes Sent By Job
	0  -  Run Bytes Received By Job
	0  -  Total Bytes Sent By Job
	0  -  Total Bytes Received By Job
...
005 (8663.000.000) 12/02 02:20:37 Job terminated.
	(1) Normal termination (return value 0)
		Usr 0 00:00:00, Sys 0 00:00:00  -  Run Remote Usage
		Usr 0 00:00:00, Sys 0 00:00:00  -  Run Local Usage
		Usr 0 00:00:00, Sys 0 00:00:00  -  Total Remote Usage
		Usr 0 00:00:00, Sys 0 00:00:00  -  Total Local Usage
	0  -  Run Bytes Sent By Job
	0  -  Run Bytes Received By Job
	0  -  Total Bytes Sent By Job
	0  -  Total Bytes Received By Job
...
001 (8664.000.000) 12/02 02:20:37 Job executing on host: <54.153.25.18:24671?addrs=54.153.25.18-24671>
...
001 (8667.000.000) 12/02 02:20:37 Job executing on host: <54.153.25.18:8033?addrs=54.153.25.18-8033>
...
001 (8666.000.000) 12/02 02:20:37 Job executing on host: <54.153.25.18:37640?addrs=54.153.25.18-37640>
...
001 (8665.000.000) 12/02 02:20:37 Job executing on host: <54.153.25.18:22215?addrs=54.153.25.18-22215>
...
001 (8668.000.000) 12/02 02:20:37 Job executing on host: <54.153.25.18:63602?addrs=54.153.25.18-63602>
...
005 (8668.000.000) 12/02 02:20:40 Job terminated.
	(1) Normal termination (return value 0)
		Usr 0 00:00:00, Sys 0 00:00:00  -  Run Remote Usage
		Usr 0 00:00:00, Sys 0 00:00:00  -  Run Local Usage
		Usr 0 00:00:00, Sys 0 00:00:00  -  Total Remote Usage
		Usr 0 00:00:00, Sys 0 00:00:00  -  Total Local Usage
	0  -  Run Bytes Sent By Job
	0  -  Run Bytes Received By Job
	0  -  Total Bytes Sent By Job
	0  -  Total Bytes Received By Job
...
005 (8665.000.000) 12/02 02:20:40 Job terminated.
	(1) Normal termination (return value 0)
		Usr 0 00:00:00, Sys 0 00:00:00  -  Run Remote Usage
		Usr 0 00:00:00, Sys 0 00:00:00  -  Run Local Usage
		Usr 0 00:00:00, Sys 0 00:00:00  -  Total Remote Usage
		Usr 0 00:00:00, Sys 0 00:00:00  -  Total Local Usage
	0  -  Run Bytes Sent By Job
	0  -  Run Bytes Received By Job
	0  -  Total Bytes Sent By Job
	0  -  Total Bytes Received By Job
...
005 (8667.000.000) 12/02 02:20:40 Job terminated.
	(1) Normal termination (return value 0)
		Usr 0 00:00:00, Sys 0 00:00:00  -  Run Remote Usage
		Usr 0 00:00:00, Sys 0 00:00:00  -  Run Local Usage
		Usr 0 00:00:00, Sys 0 00:00:00  -  Total Remote Usage
		Usr 0 00:00:00, Sys 0 00:00:00  -  Total Local Usage
	0  -  Run Bytes Sent By Job
	0  -  Run Bytes Received By Job
	0  -  Total Bytes Sent By Job
	0  -  Total Bytes Received By Job
...
000 (8669.000.000) 12/02 02:20:41 Job submitted from host: <54.153.25.18:34310?addrs=54.153.25.18-34310>
    DAG Node: stage_in_local_local_4_1
    pool:local
...
000 (8670.000.000) 12/02 02:20:42 Job submitted from host: <54.153.25.18:34310?addrs=54.153.25.18-34310>
    DAG Node: stage_in_remote_local_4_1
    pool:local
...
000 (8671.000.000) 12/02 02:20:42 Job submitted from host: <54.153.25.18:34310?addrs=54.153.25.18-34310>
    DAG Node: stage_in_remote_local_4_0
    pool:local
...
000 (8672.000.000) 12/02 02:20:42 Job submitted from host: <54.153.25.18:34310?addrs=54.153.25.18-34310>
    DAG Node: stage_in_remote_local_2_0
    pool:local
...
000 (8673.000.000) 12/02 02:20:42 Job submitted from host: <54.153.25.18:34310?addrs=54.153.25.18-34310>
    DAG Node: stage_in_remote_local_3_1
    pool:local
...
005 (8666.000.000) 12/02 02:20:42 Job terminated.
	(1) Normal termination (return value 0)
		Usr 0 00:00:00, Sys 0 00:00:00  -  Run Remote Usage
		Usr 0 00:00:00, Sys 0 00:00:00  -  Run Local Usage
		Usr 0 00:00:00, Sys 0 00:00:00  -  Total Remote Usage
		Usr 0 00:00:00, Sys 0 00:00:00  -  Total Local Usage
	0  -  Run Bytes Sent By Job
	0  -  Run Bytes Received By Job
	0  -  Total Bytes Sent By Job
	0  -  Total Bytes Received By Job
...
001 (8673.000.000) 12/02 02:20:42 Job executing on host: <54.153.25.18:50456?addrs=54.153.25.18-50456>
...
005 (8664.000.000) 12/02 02:20:42 Job terminated.
	(1) Normal termination (return value 0)
		Usr 0 00:00:00, Sys 0 00:00:00  -  Run Remote Usage
		Usr 0 00:00:00, Sys 0 00:00:00  -  Run Local Usage
		Usr 0 00:00:00, Sys 0 00:00:00  -  Total Remote Usage
		Usr 0 00:00:00, Sys 0 00:00:00  -  Total Local Usage
	0  -  Run Bytes Sent By Job
	0  -  Run Bytes Received By Job
	0  -  Total Bytes Sent By Job
	0  -  Total Bytes Received By Job
...
001 (8670.000.000) 12/02 02:20:42 Job executing on host: <54.153.25.18:30831?addrs=54.153.25.18-30831>
...
001 (8669.000.000) 12/02 02:20:42 Job executing on host: <54.153.25.18:4398?addrs=54.153.25.18-4398>
...
001 (8672.000.000) 12/02 02:20:42 Job executing on host: <54.153.25.18:41584?addrs=54.153.25.18-41584>
...
001 (8671.000.000) 12/02 02:20:42 Job executing on host: <54.153.25.18:25580?addrs=54.153.25.18-25580>
...
005 (8669.000.000) 12/02 02:20:45 Job terminated.
	(1) Normal termination (return value 0)
		Usr 0 00:00:00, Sys 0 00:00:00  -  Run Remote Usage
		Usr 0 00:00:00, Sys 0 00:00:00  -  Run Local Usage
		Usr 0 00:00:00, Sys 0 00:00:00  -  Total Remote Usage
		Usr 0 00:00:00, Sys 0 00:00:00  -  Total Local Usage
	0  -  Run Bytes Sent By Job
	0  -  Run Bytes Received By Job
	0  -  Total Bytes Sent By Job
	0  -  Total Bytes Received By Job
...
005 (8672.000.000) 12/02 02:20:47 Job terminated.
	(1) Normal termination (return value 0)
		Usr 0 00:00:00, Sys 0 00:00:00  -  Run Remote Usage
		Usr 0 00:00:00, Sys 0 00:00:00  -  Run Local Usage
		Usr 0 00:00:00, Sys 0 00:00:00  -  Total Remote Usage
		Usr 0 00:00:00, Sys 0 00:00:00  -  Total Local Usage
	0  -  Run Bytes Sent By Job
	0  -  Run Bytes Received By Job
	0  -  Total Bytes Sent By Job
	0  -  Total Bytes Received By Job
...
005 (8673.000.000) 12/02 02:20:47 Job terminated.
	(1) Normal termination (return value 0)
		Usr 0 00:00:00, Sys 0 00:00:00  -  Run Remote Usage
		Usr 0 00:00:00, Sys 0 00:00:00  -  Run Local Usage
		Usr 0 00:00:00, Sys 0 00:00:00  -  Total Remote Usage
		Usr 0 00:00:00, Sys 0 00:00:00  -  Total Local Usage
	0  -  Run Bytes Sent By Job
	0  -  Run Bytes Received By Job
	0  -  Total Bytes Sent By Job
	0  -  Total Bytes Received By Job
...
005 (8670.000.000) 12/02 02:20:47 Job terminated.
	(1) Normal termination (return value 0)
		Usr 0 00:00:00, Sys 0 00:00:00  -  Run Remote Usage
		Usr 0 00:00:00, Sys 0 00:00:00  -  Run Local Usage
		Usr 0 00:00:00, Sys 0 00:00:00  -  Total Remote Usage
		Usr 0 00:00:00, Sys 0 00:00:00  -  Total Local Usage
	0  -  Run Bytes Sent By Job
	0  -  Run Bytes Received By Job
	0  -  Total Bytes Sent By Job
	0  -  Total Bytes Received By Job
...
005 (8671.000.000) 12/02 02:20:47 Job terminated.
	(1) Normal termination (return value 0)
		Usr 0 00:00:00, Sys 0 00:00:00  -  Run Remote Usage
		Usr 0 00:00:00, Sys 0 00:00:00  -  Run Local Usage
		Usr 0 00:00:00, Sys 0 00:00:00  -  Total Remote Usage
		Usr 0 00:00:00, Sys 0 00:00:00  -  Total Local Usage
	0  -  Run Bytes Sent By Job
	0  -  Run Bytes Received By Job
	0  -  Total Bytes Sent By Job
	0  -  Total Bytes Received By Job
...
000 (8674.000.000) 12/02 02:20:47 Job submitted from host: <54.153.25.18:34310?addrs=54.153.25.18-34310>
    DAG Node: stage_in_remote_local_3_0
    pool:local
...
001 (8674.000.000) 12/02 02:20:47 Job executing on host: <54.153.25.18:24866?addrs=54.153.25.18-24866>
...
000 (8675.000.000) 12/02 02:20:48 Job submitted from host: <54.153.25.18:34310?addrs=54.153.25.18-34310>
    DAG Node: stage_in_remote_local_6_0
    pool:local
...
001 (8675.000.000) 12/02 02:20:48 Job executing on host: <54.153.25.18:15035?addrs=54.153.25.18-15035>
...
000 (8676.000.000) 12/02 02:20:48 Job submitted from host: <54.153.25.18:34310?addrs=54.153.25.18-34310>
    DAG Node: init_0_ID0000001
    pool:condorpool
...
005 (8675.000.000) 12/02 02:20:50 Job terminated.
	(1) Normal termination (return value 0)
		Usr 0 00:00:00, Sys 0 00:00:00  -  Run Remote Usage
		Usr 0 00:00:00, Sys 0 00:00:00  -  Run Local Usage
		Usr 0 00:00:00, Sys 0 00:00:00  -  Total Remote Usage
		Usr 0 00:00:00, Sys 0 00:00:00  -  Total Local Usage
	0  -  Run Bytes Sent By Job
	0  -  Run Bytes Received By Job
	0  -  Total Bytes Sent By Job
	0  -  Total Bytes Received By Job
...
005 (8674.000.000) 12/02 02:20:52 Job terminated.
	(1) Normal termination (return value 0)
		Usr 0 00:00:00, Sys 0 00:00:00  -  Run Remote Usage
		Usr 0 00:00:00, Sys 0 00:00:00  -  Run Local Usage
		Usr 0 00:00:00, Sys 0 00:00:00  -  Total Remote Usage
		Usr 0 00:00:00, Sys 0 00:00:00  -  Total Local Usage
	0  -  Run Bytes Sent By Job
	0  -  Run Bytes Received By Job
	0  -  Total Bytes Sent By Job
	0  -  Total Bytes Received By Job
...
001 (8676.000.000) 12/02 02:21:06 Job executing on host: <54.213.88.53:32108?addrs=54.213.88.53-32108&noUDP>
...
006 (8676.000.000) 12/02 02:21:16 Image size of job updated: 2
	2  -  MemoryUsage of job (MB)
	1644  -  ResidentSetSize of job (KB)
...
006 (8676.000.000) 12/02 02:26:16 Image size of job updated: 219384
	15  -  MemoryUsage of job (MB)
	14672  -  ResidentSetSize of job (KB)
...
005 (8676.000.000) 12/02 02:35:43 Job terminated.
	(1) Normal termination (return value 0)
		Usr 0 00:00:00, Sys 0 00:00:00  -  Run Remote Usage
		Usr 0 00:00:00, Sys 0 00:00:00  -  Run Local Usage
		Usr 0 00:00:00, Sys 0 00:00:00  -  Total Remote Usage
		Usr 0 00:00:00, Sys 0 00:00:00  -  Total Local Usage
	4450  -  Run Bytes Sent By Job
	3169837  -  Run Bytes Received By Job
	4450  -  Total Bytes Sent By Job
	3169837  -  Total Bytes Received By Job
	Partitionable Resources :    Usage  Request Allocated
	   Cpus                 :                 1         1
	   Disk (KB)            :     6105     3250  27705468
	   Memory (MB)          :       15        1      3764
...
000 (8677.000.000) 12/02 02:35:54 Job submitted from host: <54.153.25.18:34310?addrs=54.153.25.18-34310>
    DAG Node: clean_up_local_level_3_0
    pool:local
...
001 (8677.000.000) 12/02 02:35:54 Job executing on host: <54.153.25.18:28928?addrs=54.153.25.18-28928>
...
000 (8678.000.000) 12/02 02:35:54 Job submitted from host: <54.153.25.18:34310?addrs=54.153.25.18-34310>
    DAG Node: generalinfo_0_ID0000002
    pool:condorpool
...
001 (8678.000.000) 12/02 02:35:55 Job executing on host: <54.213.88.53:32108?addrs=54.213.88.53-32108&noUDP>
...
005 (8677.000.000) 12/02 02:35:57 Job terminated.
	(1) Normal termination (return value 0)
		Usr 0 00:00:00, Sys 0 00:00:00  -  Run Remote Usage
		Usr 0 00:00:00, Sys 0 00:00:00  -  Run Local Usage
		Usr 0 00:00:00, Sys 0 00:00:00  -  Total Remote Usage
		Usr 0 00:00:00, Sys 0 00:00:00  -  Total Local Usage
	0  -  Run Bytes Sent By Job
	0  -  Run Bytes Received By Job
	0  -  Total Bytes Sent By Job
	0  -  Total Bytes Received By Job
...
006 (8678.000.000) 12/02 02:36:04 Image size of job updated: 2
	2  -  MemoryUsage of job (MB)
	1652  -  ResidentSetSize of job (KB)
...
006 (8678.000.000) 12/02 02:41:05 Image size of job updated: 338020
	121  -  MemoryUsage of job (MB)
	123568  -  ResidentSetSize of job (KB)
...
006 (8678.000.000) 12/02 02:46:06 Image size of job updated: 338020
	122  -  MemoryUsage of job (MB)
	124144  -  ResidentSetSize of job (KB)
...
006 (8678.000.000) 12/02 02:51:06 Image size of job updated: 338020
	125  -  MemoryUsage of job (MB)
	127136  -  ResidentSetSize of job (KB)
...
006 (8678.000.000) 12/02 02:56:08 Image size of job updated: 338020
	128  -  MemoryUsage of job (MB)
	130376  -  ResidentSetSize of job (KB)
...
006 (8678.000.000) 12/02 03:01:08 Image size of job updated: 338756
	128  -  MemoryUsage of job (MB)
	130376  -  ResidentSetSize of job (KB)
...
006 (8678.000.000) 12/02 03:06:08 Image size of job updated: 339360
	131  -  MemoryUsage of job (MB)
	133440  -  ResidentSetSize of job (KB)
...
005 (8678.000.000) 12/02 03:36:51 Job terminated.
	(1) Normal termination (return value 0)
		Usr 0 00:57:27, Sys 0 00:00:39  -  Run Remote Usage
		Usr 0 00:00:00, Sys 0 00:00:00  -  Run Local Usage
		Usr 0 00:57:27, Sys 0 00:00:39  -  Total Remote Usage
		Usr 0 00:00:00, Sys 0 00:00:00  -  Total Local Usage
	5009  -  Run Bytes Sent By Job
	3168725  -  Run Bytes Received By Job
	5009  -  Total Bytes Sent By Job
	3168725  -  Total Bytes Received By Job
	Partitionable Resources :    Usage  Request Allocated
	   Cpus                 :                 1         1
	   Disk (KB)            :     6106     3250  27705468
	   Memory (MB)          :      131        1      3764
...
000 (8705.000.000) 12/02 03:37:03 Job submitted from host: <54.153.25.18:34310?addrs=54.153.25.18-34310>
    DAG Node: clean_up_local_level_4_0
    pool:local
...
000 (8706.000.000) 12/02 03:37:03 Job submitted from host: <54.153.25.18:34310?addrs=54.153.25.18-34310>
    DAG Node: statscpumemory_0_ID0000003
    pool:condorpool
...
001 (8705.000.000) 12/02 03:37:03 Job executing on host: <54.153.25.18:29818?addrs=54.153.25.18-29818>
...
000 (8707.000.000) 12/02 03:37:03 Job submitted from host: <54.153.25.18:34310?addrs=54.153.25.18-34310>
    DAG Node: medianmemory_0_ID0000005
    pool:condorpool
...
000 (8708.000.000) 12/02 03:37:03 Job submitted from host: <54.153.25.18:34310?addrs=54.153.25.18-34310>
    DAG Node: mediancpu_0_ID0000004
    pool:condorpool
...
005 (8705.000.000) 12/02 03:37:07 Job terminated.
	(1) Normal termination (return value 0)
		Usr 0 00:00:00, Sys 0 00:00:00  -  Run Remote Usage
		Usr 0 00:00:00, Sys 0 00:00:00  -  Run Local Usage
		Usr 0 00:00:00, Sys 0 00:00:00  -  Total Remote Usage
		Usr 0 00:00:00, Sys 0 00:00:00  -  Total Local Usage
	0  -  Run Bytes Sent By Job
	0  -  Run Bytes Received By Job
	0  -  Total Bytes Sent By Job
	0  -  Total Bytes Received By Job
...
001 (8706.000.000) 12/02 03:37:14 Job executing on host: <54.213.88.53:32108?addrs=54.213.88.53-32108&noUDP>
...
001 (8707.000.000) 12/02 03:37:15 Job executing on host: <54.191.178.138:35209?addrs=54.191.178.138-35209&noUDP>
...
001 (8708.000.000) 12/02 03:37:15 Job executing on host: <54.191.39.190:28005?addrs=54.191.39.190-28005&noUDP>
...
006 (8707.000.000) 12/02 03:37:23 Image size of job updated: 2
	2  -  MemoryUsage of job (MB)
	1656  -  ResidentSetSize of job (KB)
...
006 (8708.000.000) 12/02 03:37:23 Image size of job updated: 2
	2  -  MemoryUsage of job (MB)
	1656  -  ResidentSetSize of job (KB)
...
006 (8706.000.000) 12/02 03:37:24 Image size of job updated: 2
	2  -  MemoryUsage of job (MB)
	1648  -  ResidentSetSize of job (KB)
...
006 (8707.000.000) 12/02 03:42:23 Image size of job updated: 355192
	147  -  MemoryUsage of job (MB)
	150104  -  ResidentSetSize of job (KB)
...
006 (8708.000.000) 12/02 03:42:23 Image size of job updated: 360080
	98  -  MemoryUsage of job (MB)
	99884  -  ResidentSetSize of job (KB)
...
006 (8706.000.000) 12/02 03:42:24 Image size of job updated: 340272
	127  -  MemoryUsage of job (MB)
	129336  -  ResidentSetSize of job (KB)
...
006 (8707.000.000) 12/02 03:47:23 Image size of job updated: 355536
	147  -  MemoryUsage of job (MB)
	150104  -  ResidentSetSize of job (KB)
...
006 (8708.000.000) 12/02 03:47:23 Image size of job updated: 360080
	137  -  MemoryUsage of job (MB)
	139980  -  ResidentSetSize of job (KB)
...
006 (8708.000.000) 12/02 03:52:24 Image size of job updated: 360080
	146  -  MemoryUsage of job (MB)
	148488  -  ResidentSetSize of job (KB)
...
006 (8706.000.000) 12/02 03:52:26 Image size of job updated: 342356
	127  -  MemoryUsage of job (MB)
	129336  -  ResidentSetSize of job (KB)
...
006 (8707.000.000) 12/02 03:57:24 Image size of job updated: 356228
	147  -  MemoryUsage of job (MB)
	150104  -  ResidentSetSize of job (KB)
...
006 (8708.000.000) 12/02 03:57:24 Image size of job updated: 360784
	146  -  MemoryUsage of job (MB)
	148680  -  ResidentSetSize of job (KB)
...
006 (8706.000.000) 12/02 03:57:26 Image size of job updated: 343172
	127  -  MemoryUsage of job (MB)
	129336  -  ResidentSetSize of job (KB)
...
006 (8708.000.000) 12/02 04:02:24 Image size of job updated: 361092
	150  -  MemoryUsage of job (MB)
	152676  -  ResidentSetSize of job (KB)
...
006 (8706.000.000) 12/02 04:02:26 Image size of job updated: 343352
	136  -  MemoryUsage of job (MB)
	138804  -  ResidentSetSize of job (KB)
...
006 (8708.000.000) 12/02 04:12:25 Image size of job updated: 364084
	150  -  MemoryUsage of job (MB)
	152676  -  ResidentSetSize of job (KB)
...
006 (8706.000.000) 12/02 04:12:27 Image size of job updated: 344420
	136  -  MemoryUsage of job (MB)
	138804  -  ResidentSetSize of job (KB)
...
006 (8708.000.000) 12/02 04:17:25 Image size of job updated: 364084
	154  -  MemoryUsage of job (MB)
	157364  -  ResidentSetSize of job (KB)
...
006 (8707.000.000) 12/02 04:32:28 Image size of job updated: 356228
	148  -  MemoryUsage of job (MB)
	151252  -  ResidentSetSize of job (KB)
...
006 (8707.000.000) 12/02 04:42:28 Image size of job updated: 357488
	148  -  MemoryUsage of job (MB)
	151252  -  ResidentSetSize of job (KB)
...
006 (8706.000.000) 12/02 04:42:29 Image size of job updated: 447272
	136  -  MemoryUsage of job (MB)
	138804  -  ResidentSetSize of job (KB)
...
006 (8706.000.000) 12/02 04:47:31 Image size of job updated: 468536
	136  -  MemoryUsage of job (MB)
	138804  -  ResidentSetSize of job (KB)
...
006 (8706.000.000) 12/02 04:52:31 Image size of job updated: 477216
	136  -  MemoryUsage of job (MB)
	138804  -  ResidentSetSize of job (KB)
...
006 (8707.000.000) 12/02 04:57:29 Image size of job updated: 492868
	148  -  MemoryUsage of job (MB)
	151252  -  ResidentSetSize of job (KB)
...
006 (8708.000.000) 12/02 04:57:30 Image size of job updated: 495364
	154  -  MemoryUsage of job (MB)
	157364  -  ResidentSetSize of job (KB)
...
006 (8707.000.000) 12/02 05:02:30 Image size of job updated: 495788
	148  -  MemoryUsage of job (MB)
	151252  -  ResidentSetSize of job (KB)
...
006 (8708.000.000) 12/02 05:02:32 Image size of job updated: 499080
	154  -  MemoryUsage of job (MB)
	157364  -  ResidentSetSize of job (KB)
...
006 (8706.000.000) 12/02 05:02:33 Image size of job updated: 479320
	136  -  MemoryUsage of job (MB)
	138804  -  ResidentSetSize of job (KB)
...
006 (8706.000.000) 12/02 05:12:33 Image size of job updated: 479768
	136  -  MemoryUsage of job (MB)
	138804  -  ResidentSetSize of job (KB)
...
006 (8706.000.000) 12/02 05:27:35 Image size of job updated: 479968
	136  -  MemoryUsage of job (MB)
	138804  -  ResidentSetSize of job (KB)
...
006 (8707.000.000) 12/02 05:37:33 Image size of job updated: 495788
	149  -  MemoryUsage of job (MB)
	152152  -  ResidentSetSize of job (KB)
...
006 (8706.000.000) 12/02 05:37:35 Image size of job updated: 480320
	136  -  MemoryUsage of job (MB)
	138804  -  ResidentSetSize of job (KB)
...
006 (8708.000.000) 12/02 05:47:35 Image size of job updated: 499080
	155  -  MemoryUsage of job (MB)
	158636  -  ResidentSetSize of job (KB)
...
005 (8706.000.000) 12/02 05:48:09 Job terminated.
	(1) Normal termination (return value 0)
		Usr 0 02:03:58, Sys 0 00:01:28  -  Run Remote Usage
		Usr 0 00:00:00, Sys 0 00:00:00  -  Run Local Usage
		Usr 0 02:03:58, Sys 0 00:01:28  -  Total Remote Usage
		Usr 0 00:00:00, Sys 0 00:00:00  -  Total Local Usage
	5278  -  Run Bytes Sent By Job
	3170897  -  Run Bytes Received By Job
	5278  -  Total Bytes Sent By Job
	3170897  -  Total Bytes Received By Job
	Partitionable Resources :    Usage  Request Allocated
	   Cpus                 :                 1         1
	   Disk (KB)            :     6108     3250  27704772
	   Memory (MB)          :      136        1      3764
...
005 (8708.000.000) 12/02 05:52:08 Job terminated.
	(1) Normal termination (return value 0)
		Usr 0 02:08:00, Sys 0 00:01:42  -  Run Remote Usage
		Usr 0 00:00:00, Sys 0 00:00:00  -  Run Local Usage
		Usr 0 02:08:00, Sys 0 00:01:42  -  Total Remote Usage
		Usr 0 00:00:00, Sys 0 00:00:00  -  Total Local Usage
	382101  -  Run Bytes Sent By Job
	3168584  -  Run Bytes Received By Job
	382101  -  Total Bytes Sent By Job
	3168584  -  Total Bytes Received By Job
	Partitionable Resources :    Usage  Request Allocated
	   Cpus                 :                 1         1
	   Disk (KB)            :  5780489     3250  27703472
	   Memory (MB)          :      155        1      3764
...
000 (8787.000.000) 12/02 05:52:22 Job submitted from host: <54.153.25.18:34310?addrs=54.153.25.18-34310>
    DAG Node: clean_up_local_level_5_1
    pool:local
...
001 (8787.000.000) 12/02 05:52:22 Job executing on host: <54.153.25.18:46959?addrs=54.153.25.18-46959>
...
005 (8787.000.000) 12/02 05:52:26 Job terminated.
	(1) Normal termination (return value 0)
		Usr 0 00:00:00, Sys 0 00:00:00  -  Run Remote Usage
		Usr 0 00:00:00, Sys 0 00:00:00  -  Run Local Usage
		Usr 0 00:00:00, Sys 0 00:00:00  -  Total Remote Usage
		Usr 0 00:00:00, Sys 0 00:00:00  -  Total Local Usage
	0  -  Run Bytes Sent By Job
	0  -  Run Bytes Received By Job
	0  -  Total Bytes Sent By Job
	0  -  Total Bytes Received By Job
...
005 (8707.000.000) 12/02 05:52:36 Job terminated.
	(1) Normal termination (return value 0)
		Usr 0 02:08:03, Sys 0 00:02:10  -  Run Remote Usage
		Usr 0 00:00:00, Sys 0 00:00:00  -  Run Local Usage
		Usr 0 02:08:03, Sys 0 00:02:10  -  Total Remote Usage
		Usr 0 00:00:00, Sys 0 00:00:00  -  Total Local Usage
	379616  -  Run Bytes Sent By Job
	3168620  -  Run Bytes Received By Job
	379616  -  Total Bytes Sent By Job
	3168620  -  Total Bytes Received By Job
	Partitionable Resources :    Usage  Request Allocated
	   Cpus                 :                 1         1
	   Disk (KB)            :  5910481     3250  27704592
	   Memory (MB)          :      149        1      3764
...
000 (8788.000.000) 12/02 05:52:47 Job submitted from host: <54.153.25.18:34310?addrs=54.153.25.18-34310>
    DAG Node: clean_up_local_level_5_0
    pool:local
...
001 (8788.000.000) 12/02 05:52:47 Job executing on host: <54.153.25.18:19656?addrs=54.153.25.18-19656>
...
000 (8789.000.000) 12/02 05:52:47 Job submitted from host: <54.153.25.18:34310?addrs=54.153.25.18-34310>
    DAG Node: taskevent_0_ID0000006
    pool:condorpool
...
000 (8790.000.000) 12/02 05:52:48 Job submitted from host: <54.153.25.18:34310?addrs=54.153.25.18-34310>
    DAG Node: taskevent_1_ID0000007
    pool:condorpool
...
000 (8791.000.000) 12/02 05:52:48 Job submitted from host: <54.153.25.18:34310?addrs=54.153.25.18-34310>
    DAG Node: taskevent_2_ID0000008
    pool:condorpool
...
005 (8788.000.000) 12/02 05:52:56 Job terminated.
	(1) Normal termination (return value 0)
		Usr 0 00:00:00, Sys 0 00:00:00  -  Run Remote Usage
		Usr 0 00:00:00, Sys 0 00:00:00  -  Run Local Usage
		Usr 0 00:00:00, Sys 0 00:00:00  -  Total Remote Usage
		Usr 0 00:00:00, Sys 0 00:00:00  -  Total Local Usage
	0  -  Run Bytes Sent By Job
	0  -  Run Bytes Received By Job
	0  -  Total Bytes Sent By Job
	0  -  Total Bytes Received By Job
...
001 (8789.000.000) 12/02 05:53:07 Job executing on host: <54.213.88.53:32108?addrs=54.213.88.53-32108&noUDP>
...
001 (8791.000.000) 12/02 05:53:07 Job executing on host: <54.191.39.190:28005?addrs=54.191.39.190-28005&noUDP>
...
001 (8790.000.000) 12/02 05:53:07 Job executing on host: <54.191.178.138:35209?addrs=54.191.178.138-35209&noUDP>
...
006 (8789.000.000) 12/02 05:53:16 Image size of job updated: 2
	2  -  MemoryUsage of job (MB)
	1652  -  ResidentSetSize of job (KB)
...
006 (8791.000.000) 12/02 05:53:16 Image size of job updated: 503964
	29  -  MemoryUsage of job (MB)
	28976  -  ResidentSetSize of job (KB)
...
006 (8790.000.000) 12/02 05:53:16 Image size of job updated: 2
	2  -  MemoryUsage of job (MB)
	1652  -  ResidentSetSize of job (KB)
...
006 (8791.000.000) 12/02 05:58:17 Image size of job updated: 602352
	125  -  MemoryUsage of job (MB)
	127916  -  ResidentSetSize of job (KB)
...
006 (8790.000.000) 12/02 05:58:17 Image size of job updated: 607128
	121  -  MemoryUsage of job (MB)
	123876  -  ResidentSetSize of job (KB)
...
006 (8789.000.000) 12/02 05:58:18 Image size of job updated: 605700
	117  -  MemoryUsage of job (MB)
	119128  -  ResidentSetSize of job (KB)
...
006 (8791.000.000) 12/02 06:03:17 Image size of job updated: 739404
	125  -  MemoryUsage of job (MB)
	127916  -  ResidentSetSize of job (KB)
...
006 (8789.000.000) 12/02 06:03:18 Image size of job updated: 606124
	124  -  MemoryUsage of job (MB)
	126608  -  ResidentSetSize of job (KB)
...
005 (8791.000.000) 12/02 06:04:43 Job terminated.
	(1) Normal termination (return value 0)
		Usr 0 00:00:53, Sys 0 00:00:00  -  Run Remote Usage
		Usr 0 00:00:00, Sys 0 00:00:00  -  Run Local Usage
		Usr 0 00:00:53, Sys 0 00:00:00  -  Total Remote Usage
		Usr 0 00:00:00, Sys 0 00:00:00  -  Total Local Usage
	8044  -  Run Bytes Sent By Job
	3174504  -  Run Bytes Received By Job
	8044  -  Total Bytes Sent By Job
	3174504  -  Total Bytes Received By Job
	Partitionable Resources :    Usage  Request Allocated
	   Cpus                 :                 1         1
	   Disk (KB)            :     6115     3250  27702224
	   Memory (MB)          :      125        1      3764
...
000 (8792.000.000) 12/02 06:04:54 Job submitted from host: <54.153.25.18:34310?addrs=54.153.25.18-34310>
    DAG Node: clean_up_local_level_6_1
    pool:local
...
001 (8792.000.000) 12/02 06:04:54 Job executing on host: <54.153.25.18:43450?addrs=54.153.25.18-43450>
...
005 (8792.000.000) 12/02 06:05:02 Job terminated.
	(1) Normal termination (return value 0)
		Usr 0 00:00:00, Sys 0 00:00:00  -  Run Remote Usage
		Usr 0 00:00:00, Sys 0 00:00:00  -  Run Local Usage
		Usr 0 00:00:00, Sys 0 00:00:00  -  Total Remote Usage
		Usr 0 00:00:00, Sys 0 00:00:00  -  Total Local Usage
	0  -  Run Bytes Sent By Job
	0  -  Run Bytes Received By Job
	0  -  Total Bytes Sent By Job
	0  -  Total Bytes Received By Job
...
006 (8789.000.000) 12/02 06:08:18 Image size of job updated: 607408
	124  -  MemoryUsage of job (MB)
	126608  -  ResidentSetSize of job (KB)
...
006 (8790.000.000) 12/02 06:18:19 Image size of job updated: 607128
	124  -  MemoryUsage of job (MB)
	126468  -  ResidentSetSize of job (KB)
...
006 (8790.000.000) 12/02 06:23:20 Image size of job updated: 607128
	128  -  MemoryUsage of job (MB)
	130500  -  ResidentSetSize of job (KB)
...
006 (8789.000.000) 12/02 06:23:21 Image size of job updated: 607408
	130  -  MemoryUsage of job (MB)
	133096  -  ResidentSetSize of job (KB)
...
006 (8790.000.000) 12/02 06:28:21 Image size of job updated: 738348
	128  -  MemoryUsage of job (MB)
	130500  -  ResidentSetSize of job (KB)
...
006 (8790.000.000) 12/02 06:38:22 Image size of job updated: 741264
	128  -  MemoryUsage of job (MB)
	130500  -  ResidentSetSize of job (KB)
...
006 (8790.000.000) 12/02 06:48:23 Image size of job updated: 741332
	128  -  MemoryUsage of job (MB)
	130500  -  ResidentSetSize of job (KB)
...
006 (8789.000.000) 12/02 06:58:23 Image size of job updated: 741908
	130  -  MemoryUsage of job (MB)
	133096  -  ResidentSetSize of job (KB)
...
005 (8790.000.000) 12/02 07:00:35 Job terminated.
	(1) Normal termination (return value 0)
		Usr 0 00:40:17, Sys 0 00:00:31  -  Run Remote Usage
		Usr 0 00:00:00, Sys 0 00:00:00  -  Run Local Usage
		Usr 0 00:40:17, Sys 0 00:00:31  -  Total Remote Usage
		Usr 0 00:00:00, Sys 0 00:00:00  -  Total Local Usage
	8052  -  Run Bytes Sent By Job
	3174504  -  Run Bytes Received By Job
	8052  -  Total Bytes Sent By Job
	3174504  -  Total Bytes Received By Job
	Partitionable Resources :    Usage  Request Allocated
	   Cpus                 :                 1         1
	   Disk (KB)            :     6115     3250  27703368
	   Memory (MB)          :      128        1      3764
...
006 (8789.000.000) 12/02 07:03:23 Image size of job updated: 745768
	130  -  MemoryUsage of job (MB)
	133096  -  ResidentSetSize of job (KB)
...
006 (8789.000.000) 12/02 07:08:24 Image size of job updated: 745768
	134  -  MemoryUsage of job (MB)
	136916  -  ResidentSetSize of job (KB)
...
006 (8789.000.000) 12/02 07:28:25 Image size of job updated: 746004
	134  -  MemoryUsage of job (MB)
	136916  -  ResidentSetSize of job (KB)
...
005 (8789.000.000) 12/02 07:52:12 Job terminated.
	(1) Normal termination (return value 0)
		Usr 0 01:30:42, Sys 0 00:01:00  -  Run Remote Usage
		Usr 0 00:00:00, Sys 0 00:00:00  -  Run Local Usage
		Usr 0 01:30:42, Sys 0 00:01:00  -  Total Remote Usage
		Usr 0 00:00:00, Sys 0 00:00:00  -  Total Local Usage
	8049  -  Run Bytes Sent By Job
	3174504  -  Run Bytes Received By Job
	8049  -  Total Bytes Sent By Job
	3174504  -  Total Bytes Received By Job
	Partitionable Resources :    Usage  Request Allocated
	   Cpus                 :                 1         1
	   Disk (KB)            :     6115     3250  27703512
	   Memory (MB)          :      134        1      3764
...
000 (8837.000.000) 12/02 07:52:25 Job submitted from host: <54.153.25.18:34310?addrs=54.153.25.18-34310>
    DAG Node: clean_up_local_level_6_0
    pool:local
...
000 (8838.000.000) 12/02 07:52:25 Job submitted from host: <54.153.25.18:34310?addrs=54.153.25.18-34310>
    DAG Node: calculateratio_2_ID0000011
    pool:condorpool
...
001 (8837.000.000) 12/02 07:52:25 Job executing on host: <54.153.25.18:23148?addrs=54.153.25.18-23148>
...
000 (8839.000.000) 12/02 07:52:25 Job submitted from host: <54.153.25.18:34310?addrs=54.153.25.18-34310>
    DAG Node: calculateratio_1_ID0000010
    pool:condorpool
...
000 (8840.000.000) 12/02 07:52:25 Job submitted from host: <54.153.25.18:34310?addrs=54.153.25.18-34310>
    DAG Node: calculateratio_0_ID0000009
    pool:condorpool
...
005 (8837.000.000) 12/02 07:52:41 Job terminated.
	(1) Normal termination (return value 0)
		Usr 0 00:00:00, Sys 0 00:00:00  -  Run Remote Usage
		Usr 0 00:00:00, Sys 0 00:00:00  -  Run Local Usage
		Usr 0 00:00:00, Sys 0 00:00:00  -  Total Remote Usage
		Usr 0 00:00:00, Sys 0 00:00:00  -  Total Local Usage
	0  -  Run Bytes Sent By Job
	0  -  Run Bytes Received By Job
	0  -  Total Bytes Sent By Job
	0  -  Total Bytes Received By Job
...
001 (8838.000.000) 12/02 07:52:46 Job executing on host: <54.213.88.53:32108?addrs=54.213.88.53-32108&noUDP>
...
001 (8839.000.000) 12/02 07:52:46 Job executing on host: <54.191.178.138:35209?addrs=54.191.178.138-35209&noUDP>
...
001 (8840.000.000) 12/02 07:52:46 Job executing on host: <54.191.39.190:28005?addrs=54.191.39.190-28005&noUDP>
...
006 (8838.000.000) 12/02 07:52:54 Image size of job updated: 2
	2  -  MemoryUsage of job (MB)
	1640  -  ResidentSetSize of job (KB)
...
006 (8839.000.000) 12/02 07:52:55 Image size of job updated: 2
	2  -  MemoryUsage of job (MB)
	1640  -  ResidentSetSize of job (KB)
...
006 (8840.000.000) 12/02 07:52:55 Image size of job updated: 2
	2  -  MemoryUsage of job (MB)
	1648  -  ResidentSetSize of job (KB)
...
006 (8838.000.000) 12/02 07:57:54 Image size of job updated: 761200
	144  -  MemoryUsage of job (MB)
	147132  -  ResidentSetSize of job (KB)
...
006 (8839.000.000) 12/02 07:57:56 Image size of job updated: 765140
	148  -  MemoryUsage of job (MB)
	150960  -  ResidentSetSize of job (KB)
...
006 (8840.000.000) 12/02 07:57:57 Image size of job updated: 756900
	137  -  MemoryUsage of job (MB)
	139980  -  ResidentSetSize of job (KB)
...
006 (8838.000.000) 12/02 08:02:55 Image size of job updated: 762332
	145  -  MemoryUsage of job (MB)
	148244  -  ResidentSetSize of job (KB)
...
006 (8839.000.000) 12/02 08:02:57 Image size of job updated: 765140
	150  -  MemoryUsage of job (MB)
	152580  -  ResidentSetSize of job (KB)
...
006 (8840.000.000) 12/02 08:02:57 Image size of job updated: 762100
	138  -  MemoryUsage of job (MB)
	140824  -  ResidentSetSize of job (KB)
...
006 (8838.000.000) 12/02 08:07:55 Image size of job updated: 762588
	145  -  MemoryUsage of job (MB)
	148244  -  ResidentSetSize of job (KB)
...
006 (8839.000.000) 12/02 08:07:57 Image size of job updated: 765696
	150  -  MemoryUsage of job (MB)
	152580  -  ResidentSetSize of job (KB)
...
006 (8839.000.000) 12/02 08:12:58 Image size of job updated: 765836
	150  -  MemoryUsage of job (MB)
	152620  -  ResidentSetSize of job (KB)
...
006 (8840.000.000) 12/02 08:17:59 Image size of job updated: 762100
	146  -  MemoryUsage of job (MB)
	149004  -  ResidentSetSize of job (KB)
...
006 (8840.000.000) 12/02 08:22:59 Image size of job updated: 762328
	146  -  MemoryUsage of job (MB)
	149004  -  ResidentSetSize of job (KB)
...
006 (8838.000.000) 12/02 08:27:57 Image size of job updated: 765480
	145  -  MemoryUsage of job (MB)
	148244  -  ResidentSetSize of job (KB)
...
006 (8840.000.000) 12/02 08:33:00 Image size of job updated: 762808
	146  -  MemoryUsage of job (MB)
	149004  -  ResidentSetSize of job (KB)
...
006 (8840.000.000) 12/02 08:38:00 Image size of job updated: 763032
	146  -  MemoryUsage of job (MB)
	149004  -  ResidentSetSize of job (KB)
...
006 (8840.000.000) 12/02 08:43:00 Image size of job updated: 766088
	146  -  MemoryUsage of job (MB)
	149004  -  ResidentSetSize of job (KB)
...
006 (8838.000.000) 12/02 08:48:00 Image size of job updated: 765480
	146  -  MemoryUsage of job (MB)
	148708  -  ResidentSetSize of job (KB)
...
006 (8838.000.000) 12/02 08:53:01 Image size of job updated: 766180
	148  -  MemoryUsage of job (MB)
	151284  -  ResidentSetSize of job (KB)
...
006 (8839.000.000) 12/02 08:53:01 Image size of job updated: 766408
	150  -  MemoryUsage of job (MB)
	152620  -  ResidentSetSize of job (KB)
...
006 (8838.000.000) 12/02 08:58:01 Image size of job updated: 766180
	149  -  MemoryUsage of job (MB)
	152128  -  ResidentSetSize of job (KB)
...
006 (8838.000.000) 12/02 09:03:02 Image size of job updated: 766692
	149  -  MemoryUsage of job (MB)
	152128  -  ResidentSetSize of job (KB)
...
006 (8839.000.000) 12/02 09:08:02 Image size of job updated: 766408
	150  -  MemoryUsage of job (MB)
	152708  -  ResidentSetSize of job (KB)
...
006 (8838.000.000) 12/02 09:08:03 Image size of job updated: 766692
	149  -  MemoryUsage of job (MB)
	152384  -  ResidentSetSize of job (KB)
...
006 (8839.000.000) 12/02 09:18:04 Image size of job updated: 768492
	150  -  MemoryUsage of job (MB)
	152708  -  ResidentSetSize of job (KB)
...
006 (8840.000.000) 12/02 09:28:04 Image size of job updated: 766088
	147  -  MemoryUsage of job (MB)
	150372  -  ResidentSetSize of job (KB)
...
006 (8838.000.000) 12/02 09:28:05 Image size of job updated: 766692
	150  -  MemoryUsage of job (MB)
	152628  -  ResidentSetSize of job (KB)
...
005 (8838.000.000) 12/02 09:31:30 Job terminated.
	(1) Normal termination (return value 0)
		Usr 0 00:38:23, Sys 0 00:01:25  -  Run Remote Usage
		Usr 0 00:00:00, Sys 0 00:00:00  -  Run Local Usage
		Usr 0 00:38:23, Sys 0 00:01:25  -  Total Remote Usage
		Usr 0 00:00:00, Sys 0 00:00:00  -  Total Local Usage
	359343  -  Run Bytes Sent By Job
	3173378  -  Run Bytes Received By Job
	359343  -  Total Bytes Sent By Job
	3173378  -  Total Bytes Received By Job
	Partitionable Resources :    Usage  Request Allocated
	   Cpus                 :                 1         1
	   Disk (KB)            :     6458     3250  27759440
	   Memory (MB)          :      150        1      3764
...
005 (8839.000.000) 12/02 09:34:49 Job terminated.
	(1) Normal termination (return value 0)
		Usr 0 00:40:03, Sys 0 00:01:25  -  Run Remote Usage
		Usr 0 00:00:00, Sys 0 00:00:00  -  Run Local Usage
		Usr 0 00:40:03, Sys 0 00:01:25  -  Total Remote Usage
		Usr 0 00:00:00, Sys 0 00:00:00  -  Total Local Usage
	360271  -  Run Bytes Sent By Job
	3173378  -  Run Bytes Received By Job
	360271  -  Total Bytes Sent By Job
	3173378  -  Total Bytes Received By Job
	Partitionable Resources :    Usage  Request Allocated
	   Cpus                 :                 1         1
	   Disk (KB)            :     6459     3250  27759128
	   Memory (MB)          :      150        1      3764
...
000 (8863.000.000) 12/02 09:35:00 Job submitted from host: <54.153.25.18:34310?addrs=54.153.25.18-34310>
    DAG Node: clean_up_local_level_7_0
    pool:local
...
001 (8863.000.000) 12/02 09:35:00 Job executing on host: <54.153.25.18:32944?addrs=54.153.25.18-32944>
...
005 (8863.000.000) 12/02 09:35:16 Job terminated.
	(1) Normal termination (return value 0)
		Usr 0 00:00:00, Sys 0 00:00:00  -  Run Remote Usage
		Usr 0 00:00:00, Sys 0 00:00:00  -  Run Local Usage
		Usr 0 00:00:00, Sys 0 00:00:00  -  Total Remote Usage
		Usr 0 00:00:00, Sys 0 00:00:00  -  Total Local Usage
	0  -  Run Bytes Sent By Job
	0  -  Run Bytes Received By Job
	0  -  Total Bytes Sent By Job
	0  -  Total Bytes Received By Job
...
006 (8840.000.000) 12/02 09:38:06 Image size of job updated: 766088
	148  -  MemoryUsage of job (MB)
	150552  -  ResidentSetSize of job (KB)
...
005 (8840.000.000) 12/02 09:38:27 Job terminated.
	(1) Normal termination (return value 0)
		Usr 0 00:39:03, Sys 0 00:01:32  -  Run Remote Usage
		Usr 0 00:00:00, Sys 0 00:00:00  -  Run Local Usage
		Usr 0 00:39:03, Sys 0 00:01:32  -  Total Remote Usage
		Usr 0 00:00:00, Sys 0 00:00:00  -  Total Local Usage
	360208  -  Run Bytes Sent By Job
	3173378  -  Run Bytes Received By Job
	360208  -  Total Bytes Sent By Job
	3173378  -  Total Bytes Received By Job
	Partitionable Resources :    Usage  Request Allocated
	   Cpus                 :                 1         1
	   Disk (KB)            :     6459     3250  27758280
	   Memory (MB)          :      148        1      3764
...
000 (8864.000.000) 12/02 09:38:41 Job submitted from host: <54.153.25.18:34310?addrs=54.153.25.18-34310>
    DAG Node: clean_up_local_level_7_1
    pool:local
...
000 (8865.000.000) 12/02 09:38:41 Job submitted from host: <54.153.25.18:34310?addrs=54.153.25.18-34310>
    DAG Node: averageratioevent_1_ID0000013
    pool:condorpool
...
001 (8864.000.000) 12/02 09:38:41 Job executing on host: <54.153.25.18:38004?addrs=54.153.25.18-38004>
...
000 (8866.000.000) 12/02 09:38:41 Job submitted from host: <54.153.25.18:34310?addrs=54.153.25.18-34310>
    DAG Node: averageratioevent_0_ID0000012
    pool:condorpool
...
000 (8867.000.000) 12/02 09:38:41 Job submitted from host: <54.153.25.18:34310?addrs=54.153.25.18-34310>
    DAG Node: averageratioevent_2_ID0000014
    pool:condorpool
...
005 (8864.000.000) 12/02 09:38:49 Job terminated.
	(1) Normal termination (return value 0)
		Usr 0 00:00:00, Sys 0 00:00:00  -  Run Remote Usage
		Usr 0 00:00:00, Sys 0 00:00:00  -  Run Local Usage
		Usr 0 00:00:00, Sys 0 00:00:00  -  Total Remote Usage
		Usr 0 00:00:00, Sys 0 00:00:00  -  Total Local Usage
	0  -  Run Bytes Sent By Job
	0  -  Run Bytes Received By Job
	0  -  Total Bytes Sent By Job
	0  -  Total Bytes Received By Job
...
001 (8866.000.000) 12/02 09:39:02 Job executing on host: <54.191.178.138:35209?addrs=54.191.178.138-35209&noUDP>
...
001 (8865.000.000) 12/02 09:39:02 Job executing on host: <54.213.88.53:32108?addrs=54.213.88.53-32108&noUDP>
...
001 (8867.000.000) 12/02 09:39:02 Job executing on host: <54.191.39.190:28005?addrs=54.191.39.190-28005&noUDP>
...
006 (8867.000.000) 12/02 09:39:04 Image size of job updated: 2
	0  -  MemoryUsage of job (MB)
	0  -  ResidentSetSize of job (KB)
...
005 (8867.000.000) 12/02 09:39:04 Job terminated.
	(1) Normal termination (return value 0)
		Usr 0 00:00:00, Sys 0 00:00:00  -  Run Remote Usage
		Usr 0 00:00:00, Sys 0 00:00:00  -  Run Local Usage
		Usr 0 00:00:00, Sys 0 00:00:00  -  Total Remote Usage
		Usr 0 00:00:00, Sys 0 00:00:00  -  Total Local Usage
	83700  -  Run Bytes Sent By Job
	3169195  -  Run Bytes Received By Job
	83700  -  Total Bytes Sent By Job
	3169195  -  Total Bytes Received By Job
	Partitionable Resources :    Usage  Request Allocated
	   Cpus                 :                 1         1
	   Disk (KB)            :     6183     3250  27757316
	   Memory (MB)          :        0        1      3764
...
006 (8866.000.000) 12/02 09:39:10 Image size of job updated: 2
	2  -  MemoryUsage of job (MB)
	1656  -  ResidentSetSize of job (KB)
...
006 (8865.000.000) 12/02 09:39:11 Image size of job updated: 2
	2  -  MemoryUsage of job (MB)
	1656  -  ResidentSetSize of job (KB)
...
000 (8868.000.000) 12/02 09:39:16 Job submitted from host: <54.153.25.18:34310?addrs=54.153.25.18-34310>
    DAG Node: clean_up_local_level_8_1
    pool:local
...
001 (8868.000.000) 12/02 09:39:16 Job executing on host: <54.153.25.18:7725?addrs=54.153.25.18-7725>
...
005 (8868.000.000) 12/02 09:39:20 Job terminated.
	(1) Normal termination (return value 0)
		Usr 0 00:00:00, Sys 0 00:00:00  -  Run Remote Usage
		Usr 0 00:00:00, Sys 0 00:00:00  -  Run Local Usage
		Usr 0 00:00:00, Sys 0 00:00:00  -  Total Remote Usage
		Usr 0 00:00:00, Sys 0 00:00:00  -  Total Local Usage
	0  -  Run Bytes Sent By Job
	0  -  Run Bytes Received By Job
	0  -  Total Bytes Sent By Job
	0  -  Total Bytes Received By Job
...
006 (8866.000.000) 12/02 09:44:10 Image size of job updated: 343672
	85  -  MemoryUsage of job (MB)
	87016  -  ResidentSetSize of job (KB)
...
006 (8865.000.000) 12/02 09:44:11 Image size of job updated: 343956
	111  -  MemoryUsage of job (MB)
	113208  -  ResidentSetSize of job (KB)
...
005 (8865.000.000) 12/02 09:48:36 Job terminated.
	(1) Normal termination (return value 0)
		Usr 0 00:07:43, Sys 0 00:00:06  -  Run Remote Usage
		Usr 0 00:00:00, Sys 0 00:00:00  -  Run Local Usage
		Usr 0 00:07:43, Sys 0 00:00:06  -  Total Remote Usage
		Usr 0 00:00:00, Sys 0 00:00:00  -  Total Local Usage
	266703  -  Run Bytes Sent By Job
	3169195  -  Run Bytes Received By Job
	266703  -  Total Bytes Sent By Job
	3169195  -  Total Bytes Received By Job
	Partitionable Resources :    Usage  Request Allocated
	   Cpus                 :                 1         1
	   Disk (KB)            :    52402     3250  27759484
	   Memory (MB)          :      111        1      3764
...
006 (8866.000.000) 12/02 09:49:12 Image size of job updated: 343964
	112  -  MemoryUsage of job (MB)
	114024  -  ResidentSetSize of job (KB)
...
005 (8866.000.000) 12/02 09:51:54 Job terminated.
	(1) Normal termination (return value 0)
		Usr 0 00:08:05, Sys 0 00:00:06  -  Run Remote Usage
		Usr 0 00:00:00, Sys 0 00:00:00  -  Run Local Usage
		Usr 0 00:08:05, Sys 0 00:00:06  -  Total Remote Usage
		Usr 0 00:00:00, Sys 0 00:00:00  -  Total Local Usage
	266704  -  Run Bytes Sent By Job
	3169199  -  Run Bytes Received By Job
	266704  -  Total Bytes Sent By Job
	3169199  -  Total Bytes Received By Job
	Partitionable Resources :    Usage  Request Allocated
	   Cpus                 :                 1         1
	   Disk (KB)            :    77290     3250  27758180
	   Memory (MB)          :      112        1      3764
...
000 (8869.000.000) 12/02 09:52:06 Job submitted from host: <54.153.25.18:34310?addrs=54.153.25.18-34310>
    DAG Node: clean_up_local_level_8_0
    pool:local
...
000 (8870.000.000) 12/02 09:52:06 Job submitted from host: <54.153.25.18:34310?addrs=54.153.25.18-34310>
    DAG Node: analysisevent_0_ID0000015
    pool:condorpool
...
001 (8869.000.000) 12/02 09:52:06 Job executing on host: <54.153.25.18:27463?addrs=54.153.25.18-27463>
...
001 (8870.000.000) 12/02 09:52:07 Job executing on host: <54.191.178.138:35209?addrs=54.191.178.138-35209&noUDP>
...
006 (8870.000.000) 12/02 09:52:08 Image size of job updated: 2
	0  -  MemoryUsage of job (MB)
	0  -  ResidentSetSize of job (KB)
...
005 (8870.000.000) 12/02 09:52:08 Job terminated.
	(1) Normal termination (return value 0)
		Usr 0 00:00:00, Sys 0 00:00:00  -  Run Remote Usage
		Usr 0 00:00:00, Sys 0 00:00:00  -  Run Local Usage
		Usr 0 00:00:00, Sys 0 00:00:00  -  Total Remote Usage
		Usr 0 00:00:00, Sys 0 00:00:00  -  Total Local Usage
	5072  -  Run Bytes Sent By Job
	3169007  -  Run Bytes Received By Job
	5072  -  Total Bytes Sent By Job
	3169007  -  Total Bytes Received By Job
	Partitionable Resources :    Usage  Request Allocated
	   Cpus                 :                 1         1
	   Disk (KB)            :     6106     3250  27758180
	   Memory (MB)          :        0        1      3764
...
005 (8869.000.000) 12/02 09:52:14 Job terminated.
	(1) Normal termination (return value 0)
		Usr 0 00:00:00, Sys 0 00:00:00  -  Run Remote Usage
		Usr 0 00:00:00, Sys 0 00:00:00  -  Run Local Usage
		Usr 0 00:00:00, Sys 0 00:00:00  -  Total Remote Usage
		Usr 0 00:00:00, Sys 0 00:00:00  -  Total Local Usage
	0  -  Run Bytes Sent By Job
	0  -  Run Bytes Received By Job
	0  -  Total Bytes Sent By Job
	0  -  Total Bytes Received By Job
...
000 (8871.000.000) 12/02 09:52:21 Job submitted from host: <54.153.25.18:34310?addrs=54.153.25.18-34310>
    DAG Node: terminate_0_ID0000016
    pool:condorpool
...
000 (8872.000.000) 12/02 09:52:22 Job submitted from host: <54.153.25.18:34310?addrs=54.153.25.18-34310>
    DAG Node: clean_up_local_level_9_0
    pool:local
...
001 (8871.000.000) 12/02 09:52:22 Job executing on host: <54.191.178.138:35209?addrs=54.191.178.138-35209&noUDP>
...
006 (8871.000.000) 12/02 09:52:23 Image size of job updated: 2
	0  -  MemoryUsage of job (MB)
	0  -  ResidentSetSize of job (KB)
...
005 (8871.000.000) 12/02 09:52:23 Job terminated.
	(1) Normal termination (return value 0)
		Usr 0 00:00:00, Sys 0 00:00:00  -  Run Remote Usage
		Usr 0 00:00:00, Sys 0 00:00:00  -  Run Local Usage
		Usr 0 00:00:00, Sys 0 00:00:00  -  Total Remote Usage
		Usr 0 00:00:00, Sys 0 00:00:00  -  Total Local Usage
	4460  -  Run Bytes Sent By Job
	3167619  -  Run Bytes Received By Job
	4460  -  Total Bytes Sent By Job
	3167619  -  Total Bytes Received By Job
	Partitionable Resources :    Usage  Request Allocated
	   Cpus                 :                 1         1
	   Disk (KB)            :     6103     3250  27758180
	   Memory (MB)          :        0        1      3764
...
001 (8872.000.000) 12/02 09:52:27 Job executing on host: <54.153.25.18:60724?addrs=54.153.25.18-60724>
...
005 (8872.000.000) 12/02 09:52:31 Job terminated.
	(1) Normal termination (return value 0)
		Usr 0 00:00:00, Sys 0 00:00:00  -  Run Remote Usage
		Usr 0 00:00:00, Sys 0 00:00:00  -  Run Local Usage
		Usr 0 00:00:00, Sys 0 00:00:00  -  Total Remote Usage
		Usr 0 00:00:00, Sys 0 00:00:00  -  Total Local Usage
	0  -  Run Bytes Sent By Job
	0  -  Run Bytes Received By Job
	0  -  Total Bytes Sent By Job
	0  -  Total Bytes Received By Job
...
000 (8873.000.000) 12/02 09:52:37 Job submitted from host: <54.153.25.18:34310?addrs=54.153.25.18-34310>
    DAG Node: clean_up_local_level_10_0
    pool:local
...
001 (8873.000.000) 12/02 09:52:37 Job executing on host: <54.153.25.18:29353?addrs=54.153.25.18-29353>
...
005 (8873.000.000) 12/02 09:52:39 Job terminated.
	(1) Normal termination (return value 0)
		Usr 0 00:00:00, Sys 0 00:00:00  -  Run Remote Usage
		Usr 0 00:00:00, Sys 0 00:00:00  -  Run Local Usage
		Usr 0 00:00:00, Sys 0 00:00:00  -  Total Remote Usage
		Usr 0 00:00:00, Sys 0 00:00:00  -  Total Local Usage
	0  -  Run Bytes Sent By Job
	0  -  Run Bytes Received By Job
	0  -  Total Bytes Sent By Job
	0  -  Total Bytes Received By Job
...
000 (8874.000.000) 12/02 09:52:52 Job submitted from host: <54.153.25.18:34310?addrs=54.153.25.18-34310>
    DAG Node: cleanup_example_workflow_0_local
    pool:local
...
001 (8874.000.000) 12/02 09:52:52 Job executing on host: <54.153.25.18:29652?addrs=54.153.25.18-29652>
...
005 (8874.000.000) 12/02 09:52:54 Job terminated.
	(1) Normal termination (return value 0)
		Usr 0 00:00:00, Sys 0 00:00:00  -  Run Remote Usage
		Usr 0 00:00:00, Sys 0 00:00:00  -  Run Local Usage
		Usr 0 00:00:00, Sys 0 00:00:00  -  Total Remote Usage
		Usr 0 00:00:00, Sys 0 00:00:00  -  Total Local Usage
	0  -  Run Bytes Sent By Job
	0  -  Run Bytes Received By Job
	0  -  Total Bytes Sent By Job
	0  -  Total Bytes Received By Job
...
