000 (3642.000.000) 05/19 19:23:40 Job submitted from host: <10.240.0.3:31139?addrs=10.240.0.3-31139>
    DAG Node: create_dir_example_workflow_0_local
    pool:local
...
000 (3643.000.000) 05/19 19:23:40 Job submitted from host: <10.240.0.3:31139?addrs=10.240.0.3-31139>
    DAG Node: stage_worker_local_example_workflow_0_local
    pool:local
...
001 (3642.000.000) 05/19 19:23:41 Job executing on host: <10.240.0.3:9413?addrs=10.240.0.3-9413>
...
001 (3643.000.000) 05/19 19:23:41 Job executing on host: <10.240.0.3:64036?addrs=10.240.0.3-64036>
...
005 (3643.000.000) 05/19 19:23:43 Job terminated.
	(1) Normal termination (return value 0)
		Usr 0 00:00:00, Sys 0 00:00:00  -  Run Remote Usage
		Usr 0 00:00:00, Sys 0 00:00:00  -  Run Local Usage
		Usr 0 00:00:00, Sys 0 00:00:00  -  Total Remote Usage
		Usr 0 00:00:00, Sys 0 00:00:00  -  Total Local Usage
	0  -  Run Bytes Sent By Job
	0  -  Run Bytes Received By Job
	0  -  Total Bytes Sent By Job
	0  -  Total Bytes Received By Job
...
005 (3642.000.000) 05/19 19:23:43 Job terminated.
	(1) Normal termination (return value 0)
		Usr 0 00:00:00, Sys 0 00:00:00  -  Run Remote Usage
		Usr 0 00:00:00, Sys 0 00:00:00  -  Run Local Usage
		Usr 0 00:00:00, Sys 0 00:00:00  -  Total Remote Usage
		Usr 0 00:00:00, Sys 0 00:00:00  -  Total Local Usage
	0  -  Run Bytes Sent By Job
	0  -  Run Bytes Received By Job
	0  -  Total Bytes Sent By Job
	0  -  Total Bytes Received By Job
...
016 (3642.000.000) 05/19 19:23:45 POST Script terminated.
	(1) Normal termination (return value 0)
    DAG Node: create_dir_example_workflow_0_local
...
000 (3644.000.000) 05/19 19:23:55 Job submitted from host: <10.240.0.3:31139?addrs=10.240.0.3-31139>
    DAG Node: stage_in_local_local_0_0
    pool:local
...
001 (3644.000.000) 05/19 19:23:55 Job executing on host: <10.240.0.3:43144?addrs=10.240.0.3-43144>
...
000 (3645.000.000) 05/19 19:23:55 Job submitted from host: <10.240.0.3:31139?addrs=10.240.0.3-31139>
    DAG Node: stage_in_remote_local_2_1
    pool:local
...
000 (3646.000.000) 05/19 19:23:55 Job submitted from host: <10.240.0.3:31139?addrs=10.240.0.3-31139>
    DAG Node: stage_in_local_local_1_1
    pool:local
...
000 (3647.000.000) 05/19 19:23:55 Job submitted from host: <10.240.0.3:31139?addrs=10.240.0.3-31139>
    DAG Node: stage_in_local_local_4_0
    pool:local
...
000 (3648.000.000) 05/19 19:23:55 Job submitted from host: <10.240.0.3:31139?addrs=10.240.0.3-31139>
    DAG Node: stage_in_local_local_1_0
    pool:local
...
005 (3644.000.000) 05/19 19:23:57 Job terminated.
	(1) Normal termination (return value 0)
		Usr 0 00:00:00, Sys 0 00:00:00  -  Run Remote Usage
		Usr 0 00:00:00, Sys 0 00:00:00  -  Run Local Usage
		Usr 0 00:00:00, Sys 0 00:00:00  -  Total Remote Usage
		Usr 0 00:00:00, Sys 0 00:00:00  -  Total Local Usage
	0  -  Run Bytes Sent By Job
	0  -  Run Bytes Received By Job
	0  -  Total Bytes Sent By Job
	0  -  Total Bytes Received By Job
...
001 (3645.000.000) 05/19 19:23:57 Job executing on host: <10.240.0.3:20042?addrs=10.240.0.3-20042>
...
001 (3648.000.000) 05/19 19:23:57 Job executing on host: <10.240.0.3:24259?addrs=10.240.0.3-24259>
...
001 (3647.000.000) 05/19 19:23:57 Job executing on host: <10.240.0.3:24602?addrs=10.240.0.3-24602>
...
001 (3646.000.000) 05/19 19:23:57 Job executing on host: <10.240.0.3:2839?addrs=10.240.0.3-2839>
...
005 (3647.000.000) 05/19 19:24:00 Job terminated.
	(1) Normal termination (return value 0)
		Usr 0 00:00:00, Sys 0 00:00:00  -  Run Remote Usage
		Usr 0 00:00:00, Sys 0 00:00:00  -  Run Local Usage
		Usr 0 00:00:00, Sys 0 00:00:00  -  Total Remote Usage
		Usr 0 00:00:00, Sys 0 00:00:00  -  Total Local Usage
	0  -  Run Bytes Sent By Job
	0  -  Run Bytes Received By Job
	0  -  Total Bytes Sent By Job
	0  -  Total Bytes Received By Job
...
005 (3646.000.000) 05/19 19:24:00 Job terminated.
	(1) Normal termination (return value 0)
		Usr 0 00:00:00, Sys 0 00:00:00  -  Run Remote Usage
		Usr 0 00:00:00, Sys 0 00:00:00  -  Run Local Usage
		Usr 0 00:00:00, Sys 0 00:00:00  -  Total Remote Usage
		Usr 0 00:00:00, Sys 0 00:00:00  -  Total Local Usage
	0  -  Run Bytes Sent By Job
	0  -  Run Bytes Received By Job
	0  -  Total Bytes Sent By Job
	0  -  Total Bytes Received By Job
...
000 (3649.000.000) 05/19 19:24:00 Job submitted from host: <10.240.0.3:31139?addrs=10.240.0.3-31139>
    DAG Node: stage_in_local_local_2_0
    pool:local
...
001 (3649.000.000) 05/19 19:24:00 Job executing on host: <10.240.0.3:65490?addrs=10.240.0.3-65490>
...
000 (3650.000.000) 05/19 19:24:00 Job submitted from host: <10.240.0.3:31139?addrs=10.240.0.3-31139>
    DAG Node: stage_in_remote_local_1_1
    pool:local
...
001 (3650.000.000) 05/19 19:24:00 Job executing on host: <10.240.0.3:35040?addrs=10.240.0.3-35040>
...
000 (3651.000.000) 05/19 19:24:00 Job submitted from host: <10.240.0.3:31139?addrs=10.240.0.3-31139>
    DAG Node: stage_in_remote_local_4_0
    pool:local
...
000 (3652.000.000) 05/19 19:24:01 Job submitted from host: <10.240.0.3:31139?addrs=10.240.0.3-31139>
    DAG Node: stage_in_remote_local_1_0
    pool:local
...
001 (3651.000.000) 05/19 19:24:01 Job executing on host: <10.240.0.3:46873?addrs=10.240.0.3-46873>
...
001 (3652.000.000) 05/19 19:24:01 Job executing on host: <10.240.0.3:46110?addrs=10.240.0.3-46110>
...
000 (3653.000.000) 05/19 19:24:01 Job submitted from host: <10.240.0.3:31139?addrs=10.240.0.3-31139>
    DAG Node: stage_in_local_local_3_0
    pool:local
...
016 (3644.000.000) 05/19 19:24:01 POST Script terminated.
	(1) Normal termination (return value 0)
    DAG Node: stage_in_local_local_0_0
...
016 (3647.000.000) 05/19 19:24:01 POST Script terminated.
	(1) Normal termination (return value 0)
    DAG Node: stage_in_local_local_4_0
...
016 (3646.000.000) 05/19 19:24:01 POST Script terminated.
	(1) Normal termination (return value 0)
    DAG Node: stage_in_local_local_1_1
...
005 (3645.000.000) 05/19 19:24:02 Job terminated.
	(1) Normal termination (return value 0)
		Usr 0 00:00:00, Sys 0 00:00:00  -  Run Remote Usage
		Usr 0 00:00:00, Sys 0 00:00:00  -  Run Local Usage
		Usr 0 00:00:00, Sys 0 00:00:00  -  Total Remote Usage
		Usr 0 00:00:00, Sys 0 00:00:00  -  Total Local Usage
	0  -  Run Bytes Sent By Job
	0  -  Run Bytes Received By Job
	0  -  Total Bytes Sent By Job
	0  -  Total Bytes Received By Job
...
005 (3648.000.000) 05/19 19:24:02 Job terminated.
	(1) Normal termination (return value 0)
		Usr 0 00:00:00, Sys 0 00:00:00  -  Run Remote Usage
		Usr 0 00:00:00, Sys 0 00:00:00  -  Run Local Usage
		Usr 0 00:00:00, Sys 0 00:00:00  -  Total Remote Usage
		Usr 0 00:00:00, Sys 0 00:00:00  -  Total Local Usage
	0  -  Run Bytes Sent By Job
	0  -  Run Bytes Received By Job
	0  -  Total Bytes Sent By Job
	0  -  Total Bytes Received By Job
...
001 (3653.000.000) 05/19 19:24:02 Job executing on host: <10.240.0.3:38196?addrs=10.240.0.3-38196>
...
005 (3649.000.000) 05/19 19:24:03 Job terminated.
	(1) Normal termination (return value 0)
		Usr 0 00:00:00, Sys 0 00:00:00  -  Run Remote Usage
		Usr 0 00:00:00, Sys 0 00:00:00  -  Run Local Usage
		Usr 0 00:00:00, Sys 0 00:00:00  -  Total Remote Usage
		Usr 0 00:00:00, Sys 0 00:00:00  -  Total Local Usage
	0  -  Run Bytes Sent By Job
	0  -  Run Bytes Received By Job
	0  -  Total Bytes Sent By Job
	0  -  Total Bytes Received By Job
...
005 (3650.000.000) 05/19 19:24:03 Job terminated.
	(1) Normal termination (return value 0)
		Usr 0 00:00:00, Sys 0 00:00:00  -  Run Remote Usage
		Usr 0 00:00:00, Sys 0 00:00:00  -  Run Local Usage
		Usr 0 00:00:00, Sys 0 00:00:00  -  Total Remote Usage
		Usr 0 00:00:00, Sys 0 00:00:00  -  Total Local Usage
	0  -  Run Bytes Sent By Job
	0  -  Run Bytes Received By Job
	0  -  Total Bytes Sent By Job
	0  -  Total Bytes Received By Job
...
005 (3651.000.000) 05/19 19:24:03 Job terminated.
	(1) Normal termination (return value 0)
		Usr 0 00:00:00, Sys 0 00:00:00  -  Run Remote Usage
		Usr 0 00:00:00, Sys 0 00:00:00  -  Run Local Usage
		Usr 0 00:00:00, Sys 0 00:00:00  -  Total Remote Usage
		Usr 0 00:00:00, Sys 0 00:00:00  -  Total Local Usage
	0  -  Run Bytes Sent By Job
	0  -  Run Bytes Received By Job
	0  -  Total Bytes Sent By Job
	0  -  Total Bytes Received By Job
...
005 (3653.000.000) 05/19 19:24:04 Job terminated.
	(1) Normal termination (return value 0)
		Usr 0 00:00:00, Sys 0 00:00:00  -  Run Remote Usage
		Usr 0 00:00:00, Sys 0 00:00:00  -  Run Local Usage
		Usr 0 00:00:00, Sys 0 00:00:00  -  Total Remote Usage
		Usr 0 00:00:00, Sys 0 00:00:00  -  Total Local Usage
	0  -  Run Bytes Sent By Job
	0  -  Run Bytes Received By Job
	0  -  Total Bytes Sent By Job
	0  -  Total Bytes Received By Job
...
005 (3652.000.000) 05/19 19:24:05 Job terminated.
	(1) Normal termination (return value 0)
		Usr 0 00:00:00, Sys 0 00:00:00  -  Run Remote Usage
		Usr 0 00:00:00, Sys 0 00:00:00  -  Run Local Usage
		Usr 0 00:00:00, Sys 0 00:00:00  -  Total Remote Usage
		Usr 0 00:00:00, Sys 0 00:00:00  -  Total Local Usage
	0  -  Run Bytes Sent By Job
	0  -  Run Bytes Received By Job
	0  -  Total Bytes Sent By Job
	0  -  Total Bytes Received By Job
...
000 (3654.000.000) 05/19 19:24:06 Job submitted from host: <10.240.0.3:31139?addrs=10.240.0.3-31139>
    DAG Node: stage_in_remote_local_2_0
    pool:local
...
000 (3655.000.000) 05/19 19:24:06 Job submitted from host: <10.240.0.3:31139?addrs=10.240.0.3-31139>
    DAG Node: stage_in_remote_local_3_0
    pool:local
...
016 (3649.000.000) 05/19 19:24:06 POST Script terminated.
	(1) Normal termination (return value 0)
    DAG Node: stage_in_local_local_2_0
...
016 (3650.000.000) 05/19 19:24:06 POST Script terminated.
	(1) Normal termination (return value 0)
    DAG Node: stage_in_remote_local_1_1
...
016 (3645.000.000) 05/19 19:24:06 POST Script terminated.
	(1) Normal termination (return value 0)
    DAG Node: stage_in_remote_local_2_1
...
016 (3648.000.000) 05/19 19:24:06 POST Script terminated.
	(1) Normal termination (return value 0)
    DAG Node: stage_in_local_local_1_0
...
016 (3651.000.000) 05/19 19:24:06 POST Script terminated.
	(1) Normal termination (return value 0)
    DAG Node: stage_in_remote_local_4_0
...
016 (3653.000.000) 05/19 19:24:06 POST Script terminated.
	(1) Normal termination (return value 0)
    DAG Node: stage_in_local_local_3_0
...
016 (3652.000.000) 05/19 19:24:06 POST Script terminated.
	(1) Normal termination (return value 0)
    DAG Node: stage_in_remote_local_1_0
...
001 (3654.000.000) 05/19 19:24:11 Job executing on host: <10.240.0.3:39627?addrs=10.240.0.3-39627>
...
001 (3655.000.000) 05/19 19:24:11 Job executing on host: <10.240.0.3:20771?addrs=10.240.0.3-20771>
...
000 (3656.000.000) 05/19 19:24:11 Job submitted from host: <10.240.0.3:31139?addrs=10.240.0.3-31139>
    DAG Node: init_0_ID0000001
    pool:condorpool
...
005 (3655.000.000) 05/19 19:24:13 Job terminated.
	(1) Normal termination (return value 0)
		Usr 0 00:00:00, Sys 0 00:00:00  -  Run Remote Usage
		Usr 0 00:00:00, Sys 0 00:00:00  -  Run Local Usage
		Usr 0 00:00:00, Sys 0 00:00:00  -  Total Remote Usage
		Usr 0 00:00:00, Sys 0 00:00:00  -  Total Local Usage
	0  -  Run Bytes Sent By Job
	0  -  Run Bytes Received By Job
	0  -  Total Bytes Sent By Job
	0  -  Total Bytes Received By Job
...
005 (3654.000.000) 05/19 19:24:15 Job terminated.
	(1) Normal termination (return value 0)
		Usr 0 00:00:00, Sys 0 00:00:00  -  Run Remote Usage
		Usr 0 00:00:00, Sys 0 00:00:00  -  Run Local Usage
		Usr 0 00:00:00, Sys 0 00:00:00  -  Total Remote Usage
		Usr 0 00:00:00, Sys 0 00:00:00  -  Total Local Usage
	0  -  Run Bytes Sent By Job
	0  -  Run Bytes Received By Job
	0  -  Total Bytes Sent By Job
	0  -  Total Bytes Received By Job
...
016 (3654.000.000) 05/19 19:24:17 POST Script terminated.
	(1) Normal termination (return value 0)
    DAG Node: stage_in_remote_local_2_0
...
016 (3655.000.000) 05/19 19:24:17 POST Script terminated.
	(1) Normal termination (return value 0)
    DAG Node: stage_in_remote_local_3_0
...
001 (3656.000.000) 05/19 19:24:39 Job executing on host: <10.240.0.76:31567?addrs=10.240.0.76-31567>
...
005 (3656.000.000) 05/19 19:24:41 Job terminated.
	(1) Normal termination (return value 0)
		Usr 0 00:00:00, Sys 0 00:00:00  -  Run Remote Usage
		Usr 0 00:00:00, Sys 0 00:00:00  -  Run Local Usage
		Usr 0 00:00:00, Sys 0 00:00:00  -  Total Remote Usage
		Usr 0 00:00:00, Sys 0 00:00:00  -  Total Local Usage
	4043  -  Run Bytes Sent By Job
	1662417  -  Run Bytes Received By Job
	4043  -  Total Bytes Sent By Job
	1662417  -  Total Bytes Received By Job
	Partitionable Resources :    Usage  Request Allocated
	   Cpus                 :                 1         1
	   Disk (KB)            :     7003     1750   7219268
	   Memory (MB)          :        0        1      3700
...
016 (3656.000.000) 05/19 19:24:46 POST Script terminated.
	(1) Normal termination (return value 0)
    DAG Node: init_0_ID0000001
...
000 (3657.000.000) 05/19 19:24:56 Job submitted from host: <10.240.0.3:31139?addrs=10.240.0.3-31139>
    DAG Node: mediancpu_0_ID0000002
    pool:condorpool
...
000 (3658.000.000) 05/19 19:24:56 Job submitted from host: <10.240.0.3:31139?addrs=10.240.0.3-31139>
    DAG Node: clean_up_local_level_3_0
    pool:local
...
000 (3659.000.000) 05/19 19:24:56 Job submitted from host: <10.240.0.3:31139?addrs=10.240.0.3-31139>
    DAG Node: averagecpu_0_ID0000004
    pool:condorpool
...
000 (3660.000.000) 05/19 19:24:56 Job submitted from host: <10.240.0.3:31139?addrs=10.240.0.3-31139>
    DAG Node: maxmincpu_0_ID0000003
    pool:condorpool
...
001 (3657.000.000) 05/19 19:24:59 Job executing on host: <10.240.0.76:31567?addrs=10.240.0.76-31567>
...
001 (3658.000.000) 05/19 19:25:01 Job executing on host: <10.240.0.3:16765?addrs=10.240.0.3-16765>
...
005 (3658.000.000) 05/19 19:25:03 Job terminated.
	(1) Normal termination (return value 0)
		Usr 0 00:00:00, Sys 0 00:00:00  -  Run Remote Usage
		Usr 0 00:00:00, Sys 0 00:00:00  -  Run Local Usage
		Usr 0 00:00:00, Sys 0 00:00:00  -  Total Remote Usage
		Usr 0 00:00:00, Sys 0 00:00:00  -  Total Local Usage
	0  -  Run Bytes Sent By Job
	0  -  Run Bytes Received By Job
	0  -  Total Bytes Sent By Job
	0  -  Total Bytes Received By Job
...
016 (3658.000.000) 05/19 19:25:06 POST Script terminated.
	(1) Normal termination (return value 0)
    DAG Node: clean_up_local_level_3_0
...
001 (3659.000.000) 05/19 19:25:20 Job executing on host: <10.240.0.81:16070?addrs=10.240.0.81-16070>
...
001 (3660.000.000) 05/19 19:25:20 Job executing on host: <10.240.0.74:6024?addrs=10.240.0.74-6024>
...
005 (3660.000.000) 05/19 19:27:23 Job terminated.
	(1) Normal termination (return value 0)
		Usr 0 00:01:49, Sys 0 00:00:01  -  Run Remote Usage
		Usr 0 00:00:00, Sys 0 00:00:00  -  Run Local Usage
		Usr 0 00:01:49, Sys 0 00:00:01  -  Total Remote Usage
		Usr 0 00:00:00, Sys 0 00:00:00  -  Total Local Usage
	4639  -  Run Bytes Sent By Job
	1662100  -  Run Bytes Received By Job
	4639  -  Total Bytes Sent By Job
	1662100  -  Total Bytes Received By Job
	Partitionable Resources :    Usage  Request Allocated
	   Cpus                 :                 1         1
	   Disk (KB)            :     7004     1750   7341852
	   Memory (MB)          :        3        1      3700
...
016 (3660.000.000) 05/19 19:27:26 POST Script terminated.
	(1) Normal termination (return value 0)
    DAG Node: maxmincpu_0_ID0000003
...
000 (3661.000.000) 05/19 19:27:36 Job submitted from host: <10.240.0.3:31139?addrs=10.240.0.3-31139>
    DAG Node: clean_up_local_level_4_1
    pool:local
...
001 (3661.000.000) 05/19 19:27:36 Job executing on host: <10.240.0.3:33554?addrs=10.240.0.3-33554>
...
005 (3661.000.000) 05/19 19:27:40 Job terminated.
	(1) Normal termination (return value 0)
		Usr 0 00:00:00, Sys 0 00:00:00  -  Run Remote Usage
		Usr 0 00:00:00, Sys 0 00:00:00  -  Run Local Usage
		Usr 0 00:00:00, Sys 0 00:00:00  -  Total Remote Usage
		Usr 0 00:00:00, Sys 0 00:00:00  -  Total Local Usage
	0  -  Run Bytes Sent By Job
	0  -  Run Bytes Received By Job
	0  -  Total Bytes Sent By Job
	0  -  Total Bytes Received By Job
...
016 (3661.000.000) 05/19 19:27:41 POST Script terminated.
	(1) Normal termination (return value 0)
    DAG Node: clean_up_local_level_4_1
...
005 (3657.000.000) 05/19 19:29:49 Job terminated.
	(1) Normal termination (return value 0)
		Usr 0 00:04:26, Sys 0 00:00:03  -  Run Remote Usage
		Usr 0 00:00:00, Sys 0 00:00:00  -  Run Local Usage
		Usr 0 00:04:26, Sys 0 00:00:03  -  Total Remote Usage
		Usr 0 00:00:00, Sys 0 00:00:00  -  Total Local Usage
	381136  -  Run Bytes Sent By Job
	1661962  -  Run Bytes Received By Job
	381136  -  Total Bytes Sent By Job
	1661962  -  Total Bytes Received By Job
	Partitionable Resources :    Usage  Request Allocated
	   Cpus                 :                 1         1
	   Disk (KB)            :    24636     1750   7219268
	   Memory (MB)          :        3        1      3700
...
016 (3657.000.000) 05/19 19:29:51 POST Script terminated.
	(1) Normal termination (return value 0)
    DAG Node: mediancpu_0_ID0000002
...
005 (3659.000.000) 05/19 19:30:55 Job terminated.
	(1) Normal termination (return value 0)
		Usr 0 00:05:10, Sys 0 00:00:04  -  Run Remote Usage
		Usr 0 00:00:00, Sys 0 00:00:00  -  Run Local Usage
		Usr 0 00:05:10, Sys 0 00:00:04  -  Total Remote Usage
		Usr 0 00:00:00, Sys 0 00:00:00  -  Total Local Usage
	381254  -  Run Bytes Sent By Job
	1662588  -  Run Bytes Received By Job
	381254  -  Total Bytes Sent By Job
	1662588  -  Total Bytes Received By Job
	Partitionable Resources :    Usage  Request Allocated
	   Cpus                 :                 1         1
	   Disk (KB)            :   720008     1750   7218916
	   Memory (MB)          :      162        1      3700
...
016 (3659.000.000) 05/19 19:30:57 POST Script terminated.
	(1) Normal termination (return value 0)
    DAG Node: averagecpu_0_ID0000004
...
000 (3662.000.000) 05/19 19:31:07 Job submitted from host: <10.240.0.3:31139?addrs=10.240.0.3-31139>
    DAG Node: clean_up_local_level_4_0
    pool:local
...
001 (3662.000.000) 05/19 19:31:07 Job executing on host: <10.240.0.3:29132?addrs=10.240.0.3-29132>
...
000 (3663.000.000) 05/19 19:31:07 Job submitted from host: <10.240.0.3:31139?addrs=10.240.0.3-31139>
    DAG Node: calculateratio_0_ID0000005
    pool:condorpool
...
001 (3663.000.000) 05/19 19:31:10 Job executing on host: <10.240.0.81:16070?addrs=10.240.0.81-16070>
...
005 (3662.000.000) 05/19 19:31:15 Job terminated.
	(1) Normal termination (return value 0)
		Usr 0 00:00:00, Sys 0 00:00:00  -  Run Remote Usage
		Usr 0 00:00:00, Sys 0 00:00:00  -  Run Local Usage
		Usr 0 00:00:00, Sys 0 00:00:00  -  Total Remote Usage
		Usr 0 00:00:00, Sys 0 00:00:00  -  Total Local Usage
	0  -  Run Bytes Sent By Job
	0  -  Run Bytes Received By Job
	0  -  Total Bytes Sent By Job
	0  -  Total Bytes Received By Job
...
016 (3662.000.000) 05/19 19:31:17 POST Script terminated.
	(1) Normal termination (return value 0)
    DAG Node: clean_up_local_level_4_0
...
005 (3663.000.000) 05/19 23:22:10 Job terminated.
	(1) Normal termination (return value 0)
		Usr 0 01:44:23, Sys 0 00:44:31  -  Run Remote Usage
		Usr 0 00:00:00, Sys 0 00:00:00  -  Run Local Usage
		Usr 0 01:44:23, Sys 0 00:44:31  -  Total Remote Usage
		Usr 0 00:00:00, Sys 0 00:00:00  -  Total Local Usage
	286473  -  Run Bytes Sent By Job
	1665225  -  Run Bytes Received By Job
	286473  -  Total Bytes Sent By Job
	1665225  -  Total Bytes Received By Job
	Partitionable Resources :    Usage  Request Allocated
	   Cpus                 :                 1         1
	   Disk (KB)            :   593581     1750   7218916
	   Memory (MB)          :      167        1      3700
...
016 (3663.000.000) 05/19 23:22:15 POST Script terminated.
	(1) Normal termination (return value 0)
    DAG Node: calculateratio_0_ID0000005
...
000 (3664.000.000) 05/19 23:22:25 Job submitted from host: <10.240.0.3:31139?addrs=10.240.0.3-31139>
    DAG Node: averageratio_0_ID0000006
    pool:condorpool
...
000 (3665.000.000) 05/19 23:22:25 Job submitted from host: <10.240.0.3:31139?addrs=10.240.0.3-31139>
    DAG Node: clean_up_local_level_5_0
    pool:local
...
001 (3664.000.000) 05/19 23:22:28 Job executing on host: <10.240.0.76:31567?addrs=10.240.0.76-31567>
...
001 (3665.000.000) 05/19 23:22:30 Job executing on host: <10.240.0.3:64113?addrs=10.240.0.3-64113>
...
005 (3665.000.000) 05/19 23:22:40 Job terminated.
	(1) Normal termination (return value 0)
		Usr 0 00:00:00, Sys 0 00:00:00  -  Run Remote Usage
		Usr 0 00:00:00, Sys 0 00:00:00  -  Run Local Usage
		Usr 0 00:00:00, Sys 0 00:00:00  -  Total Remote Usage
		Usr 0 00:00:00, Sys 0 00:00:00  -  Total Local Usage
	0  -  Run Bytes Sent By Job
	0  -  Run Bytes Received By Job
	0  -  Total Bytes Sent By Job
	0  -  Total Bytes Received By Job
...
016 (3665.000.000) 05/19 23:22:45 POST Script terminated.
	(1) Normal termination (return value 0)
    DAG Node: clean_up_local_level_5_0
...
005 (3664.000.000) 05/19 23:26:15 Job terminated.
	(1) Normal termination (return value 0)
		Usr 0 00:02:22, Sys 0 00:00:01  -  Run Remote Usage
		Usr 0 00:00:00, Sys 0 00:00:00  -  Run Local Usage
		Usr 0 00:02:22, Sys 0 00:00:01  -  Total Remote Usage
		Usr 0 00:00:00, Sys 0 00:00:00  -  Total Local Usage
	7461  -  Run Bytes Sent By Job
	1662451  -  Run Bytes Received By Job
	7461  -  Total Bytes Sent By Job
	1662451  -  Total Bytes Received By Job
	Partitionable Resources :    Usage  Request Allocated
	   Cpus                 :                 1         1
	   Disk (KB)            :     7007     1750   7218968
	   Memory (MB)          :        3        1      3700
...
016 (3664.000.000) 05/19 23:26:20 POST Script terminated.
	(1) Normal termination (return value 0)
    DAG Node: averageratio_0_ID0000006
...
000 (3666.000.000) 05/19 23:26:30 Job submitted from host: <10.240.0.3:31139?addrs=10.240.0.3-31139>
    DAG Node: maxminratio_0_ID0000007
    pool:condorpool
...
000 (3667.000.000) 05/19 23:26:30 Job submitted from host: <10.240.0.3:31139?addrs=10.240.0.3-31139>
    DAG Node: clean_up_local_level_6_0
    pool:local
...
001 (3666.000.000) 05/19 23:26:33 Job executing on host: <10.240.0.76:31567?addrs=10.240.0.76-31567>
...
005 (3666.000.000) 05/19 23:26:35 Job terminated.
	(1) Normal termination (return value 0)
		Usr 0 00:00:00, Sys 0 00:00:00  -  Run Remote Usage
		Usr 0 00:00:00, Sys 0 00:00:00  -  Run Local Usage
		Usr 0 00:00:00, Sys 0 00:00:00  -  Total Remote Usage
		Usr 0 00:00:00, Sys 0 00:00:00  -  Total Local Usage
	7019  -  Run Bytes Sent By Job
	1662243  -  Run Bytes Received By Job
	7019  -  Total Bytes Sent By Job
	1662243  -  Total Bytes Received By Job
	Partitionable Resources :    Usage  Request Allocated
	   Cpus                 :                 1         1
	   Disk (KB)            :     7006     1750   7218968
	   Memory (MB)          :        0        1      3700
...
016 (3666.000.000) 05/19 23:26:35 POST Script terminated.
	(1) Normal termination (return value 0)
    DAG Node: maxminratio_0_ID0000007
...
001 (3667.000.000) 05/19 23:26:36 Job executing on host: <10.240.0.3:46113?addrs=10.240.0.3-46113>
...
005 (3667.000.000) 05/19 23:26:40 Job terminated.
	(1) Normal termination (return value 0)
		Usr 0 00:00:00, Sys 0 00:00:00  -  Run Remote Usage
		Usr 0 00:00:00, Sys 0 00:00:00  -  Run Local Usage
		Usr 0 00:00:00, Sys 0 00:00:00  -  Total Remote Usage
		Usr 0 00:00:00, Sys 0 00:00:00  -  Total Local Usage
	0  -  Run Bytes Sent By Job
	0  -  Run Bytes Received By Job
	0  -  Total Bytes Sent By Job
	0  -  Total Bytes Received By Job
...
000 (3668.000.000) 05/19 23:26:45 Job submitted from host: <10.240.0.3:31139?addrs=10.240.0.3-31139>
    DAG Node: clean_up_local_level_7_0
    pool:local
...
001 (3668.000.000) 05/19 23:26:45 Job executing on host: <10.240.0.3:52919?addrs=10.240.0.3-52919>
...
016 (3667.000.000) 05/19 23:26:45 POST Script terminated.
	(1) Normal termination (return value 0)
    DAG Node: clean_up_local_level_6_0
...
005 (3668.000.000) 05/19 23:26:49 Job terminated.
	(1) Normal termination (return value 0)
		Usr 0 00:00:00, Sys 0 00:00:00  -  Run Remote Usage
		Usr 0 00:00:00, Sys 0 00:00:00  -  Run Local Usage
		Usr 0 00:00:00, Sys 0 00:00:00  -  Total Remote Usage
		Usr 0 00:00:00, Sys 0 00:00:00  -  Total Local Usage
	0  -  Run Bytes Sent By Job
	0  -  Run Bytes Received By Job
	0  -  Total Bytes Sent By Job
	0  -  Total Bytes Received By Job
...
016 (3668.000.000) 05/19 23:26:50 POST Script terminated.
	(1) Normal termination (return value 0)
    DAG Node: clean_up_local_level_7_0
...
000 (3669.000.000) 05/19 23:27:01 Job submitted from host: <10.240.0.3:31139?addrs=10.240.0.3-31139>
    DAG Node: cleanup_example_workflow_0_local
    pool:local
...
001 (3669.000.000) 05/19 23:27:01 Job executing on host: <10.240.0.3:1783?addrs=10.240.0.3-1783>
...
005 (3669.000.000) 05/19 23:27:03 Job terminated.
	(1) Normal termination (return value 0)
		Usr 0 00:00:00, Sys 0 00:00:00  -  Run Remote Usage
		Usr 0 00:00:00, Sys 0 00:00:00  -  Run Local Usage
		Usr 0 00:00:00, Sys 0 00:00:00  -  Total Remote Usage
		Usr 0 00:00:00, Sys 0 00:00:00  -  Total Local Usage
	0  -  Run Bytes Sent By Job
	0  -  Run Bytes Received By Job
	0  -  Total Bytes Sent By Job
	0  -  Total Bytes Received By Job
...
