2017-01-17 20:40:51,316:INFO:pegasus-monitord(68): pegasus-monitord starting - pid 60521 
2017-01-17 20:40:51,332:INFO:pegasus-monitord(319): Final Command line options are: ['-N', 'example_workflow-0.dag.dagman.out']
Created Pegasus database in: sqlite:////home/ubuntu/wikiflow/8_0_wikiflow_1sh_1s_annot/dags/ubuntu/pegasus/example_workflow/20170117T204045+0000/example_workflow-0.stampede.db
2017-01-17 20:40:51,789:INFO:Pegasus.monitoring.event_output(315): output type=DB namespace=stampede. name=sqlite:////home/ubuntu/wikiflow/8_0_wikiflow_1sh_1s_annot/dags/ubuntu/pegasus/example_workflow/20170117T204045+0000/example_workflow-0.stampede.db
2017-01-17 20:40:51,848:INFO:Pegasus.monitoring.event_output(315): output type=DB namespace=dashboard. name=sqlite:////home/ubuntu/.pegasus/workflow.db
2017-01-17 20:40:51,848:INFO:pegasus-monitord(1010): monitord started in fast start mode
2017-01-17 20:40:51,857:INFO:Pegasus.monitoring.workflow(360): cannot open state file /home/ubuntu/wikiflow/8_0_wikiflow_1sh_1s_annot/dags/ubuntu/pegasus/example_workflow/20170117T204045+0000/monitord.info, continuing without state...
2017-01-17 20:40:51,857:INFO:Pegasus.monitoring.workflow(937): creating new file /home/ubuntu/wikiflow/8_0_wikiflow_1sh_1s_annot/dags/ubuntu/pegasus/example_workflow/20170117T204045+0000/jobstate.log
2017-01-17 20:40:51,857:INFO:Pegasus.monitoring.workflow(945): Appending to exisitng jobstate.log replay_mode 0 previous_processed_line 0
2017-01-17 20:40:51,857:INFO:Pegasus.monitoring.notifications(394): loading notifications from /home/ubuntu/wikiflow/8_0_wikiflow_1sh_1s_annot/dags/ubuntu/pegasus/example_workflow/20170117T204045+0000/example_workflow-0.notify
2017-01-17 20:40:52,080:INFO:pegasus-monitord(773): Using DAGMan version 8.4.8 80408
2017-01-17 20:40:52,080:INFO:pegasus-monitord(753): DAGMan runs at pid 60520
2017-01-17 20:40:52,082:INFO:pegasus-monitord(759): using dag example_workflow-0.dag
2017-01-17 20:40:52,083:INFO:Pegasus.monitoring.workflow(675): DAGMan starting with condor id 10638.0
2017-01-17 22:09:44,227:INFO:pegasus-monitord(733): DAGMan example_workflow-0.dag finished with exit code 0
2017-01-17 22:09:45,238:INFO:pegasus-monitord(1169): workflow /home/ubuntu/wikiflow/8_0_wikiflow_1sh_1s_annot/dags/ubuntu/pegasus/example_workflow/20170117T204045+0000/example_workflow-0.dag.dagman.out ended
2017-01-17 22:09:45,238:INFO:Pegasus.monitoring.workflow(1111): recovery file deleted: /home/ubuntu/wikiflow/8_0_wikiflow_1sh_1s_annot/dags/ubuntu/pegasus/example_workflow/20170117T204045+0000/monitord.recover
2017-01-17 22:09:45,238:INFO:pegasus-monitord(1343): finishing workflow: /home/ubuntu/wikiflow/8_0_wikiflow_1sh_1s_annot/dags/ubuntu/pegasus/example_workflow/20170117T204045+0000/example_workflow-0.dag.dagman.out
2017-01-17 22:09:45,238:INFO:pegasus-monitord(1395): finishing notifications...
2017-01-17 22:09:45,239:INFO:pegasus-monitord(1400): monitord process 60521 exiting with 0
2017-01-17 22:09:45,239:INFO:pegasus-monitord(182): DB flushing beginning
2017-01-17 22:09:45,239:INFO:Pegasus.db.workflow_loader.WorkflowLoader(1052): Executing final flush
2017-01-17 22:09:45,276:INFO:Pegasus.db.dashboard_loader.DashboardLoader(343): Executing final flush
2017-01-17 22:09:45,276:INFO:pegasus-monitord(196): DB flushing ended
