01/20/17 18:33:37 ******************************************************
01/20/17 18:33:37 ** condor_scheduniv_exec.10081.0 (CONDOR_DAGMAN) STARTING UP
01/20/17 18:33:37 ** /usr/bin/condor_dagman
01/20/17 18:33:37 ** SubsystemInfo: name=DAGMAN type=DAGMAN(10) class=DAEMON(1)
01/20/17 18:33:37 ** Configuration: subsystem:DAGMAN local:<NONE> class:DAEMON
01/20/17 18:33:37 ** $CondorVersion: 8.4.8 Jun 30 2016 BuildID: 373513 $
01/20/17 18:33:37 ** $CondorPlatform: x86_64_Ubuntu14 $
01/20/17 18:33:37 ** PID = 93919
01/20/17 18:33:37 ** Log last touched time unavailable (No such file or directory)
01/20/17 18:33:37 ******************************************************
01/20/17 18:33:37 Using config source: /etc/condor/condor_config
01/20/17 18:33:37 Using local config sources: 
01/20/17 18:33:37    /etc/condor/condor_config.local
01/20/17 18:33:37 config Macros = 63, Sorted = 63, StringBytes = 1966, TablesBytes = 2308
01/20/17 18:33:37 CLASSAD_CACHING is ENABLED
01/20/17 18:33:37 Daemon Log is logging: D_ALWAYS D_ERROR
01/20/17 18:33:37 DaemonCore: No command port requested.
01/20/17 18:33:37 DAGMAN_USE_STRICT setting: 1
01/20/17 18:33:37 DAGMAN_VERBOSITY setting: 3
01/20/17 18:33:37 DAGMAN_DEBUG_CACHE_SIZE setting: 5242880
01/20/17 18:33:37 DAGMAN_DEBUG_CACHE_ENABLE setting: False
01/20/17 18:33:37 DAGMAN_SUBMIT_DELAY setting: 0
01/20/17 18:33:37 DAGMAN_MAX_SUBMIT_ATTEMPTS setting: 6
01/20/17 18:33:37 DAGMAN_STARTUP_CYCLE_DETECT setting: False
01/20/17 18:33:37 DAGMAN_MAX_SUBMITS_PER_INTERVAL setting: 5
01/20/17 18:33:37 DAGMAN_USER_LOG_SCAN_INTERVAL setting: 5
01/20/17 18:33:37 DAGMAN_DEFAULT_PRIORITY setting: 0
01/20/17 18:33:37 DAGMAN_SUPPRESS_NOTIFICATION setting: True
01/20/17 18:33:37 allow_events (DAGMAN_ALLOW_EVENTS) setting: 114
01/20/17 18:33:37 DAGMAN_RETRY_SUBMIT_FIRST setting: True
01/20/17 18:33:37 DAGMAN_RETRY_NODE_FIRST setting: False
01/20/17 18:33:37 DAGMAN_MAX_JOBS_IDLE setting: 1000
01/20/17 18:33:37 DAGMAN_MAX_JOBS_SUBMITTED setting: 0
01/20/17 18:33:37 DAGMAN_MAX_PRE_SCRIPTS setting: 20
01/20/17 18:33:37 DAGMAN_MAX_POST_SCRIPTS setting: 20
01/20/17 18:33:37 DAGMAN_ALLOW_LOG_ERROR setting: False
01/20/17 18:33:37 DAGMAN_MUNGE_NODE_NAMES setting: True
01/20/17 18:33:37 DAGMAN_PROHIBIT_MULTI_JOBS setting: False
01/20/17 18:33:37 DAGMAN_SUBMIT_DEPTH_FIRST setting: False
01/20/17 18:33:37 DAGMAN_ALWAYS_RUN_POST setting: True
01/20/17 18:33:37 DAGMAN_ABORT_DUPLICATES setting: True
01/20/17 18:33:37 DAGMAN_ABORT_ON_SCARY_SUBMIT setting: True
01/20/17 18:33:37 DAGMAN_PENDING_REPORT_INTERVAL setting: 600
01/20/17 18:33:37 DAGMAN_AUTO_RESCUE setting: True
01/20/17 18:33:37 DAGMAN_MAX_RESCUE_NUM setting: 100
01/20/17 18:33:37 DAGMAN_WRITE_PARTIAL_RESCUE setting: True
01/20/17 18:33:37 DAGMAN_DEFAULT_NODE_LOG setting: @(DAG_DIR)/@(DAG_FILE).nodes.log
01/20/17 18:33:37 DAGMAN_GENERATE_SUBDAG_SUBMITS setting: True
01/20/17 18:33:37 DAGMAN_MAX_JOB_HOLDS setting: 100
01/20/17 18:33:37 DAGMAN_HOLD_CLAIM_TIME setting: 20
01/20/17 18:33:37 ALL_DEBUG setting: 
01/20/17 18:33:37 DAGMAN_DEBUG setting: 
01/20/17 18:33:37 DAGMAN_SUPPRESS_JOB_LOGS setting: False
01/20/17 18:33:37 argv[0] == "condor_scheduniv_exec.10081.0"
01/20/17 18:33:37 argv[1] == "-Lockfile"
01/20/17 18:33:37 argv[2] == "example_workflow-0.dag.lock"
01/20/17 18:33:37 argv[3] == "-AutoRescue"
01/20/17 18:33:37 argv[4] == "1"
01/20/17 18:33:37 argv[5] == "-DoRescueFrom"
01/20/17 18:33:37 argv[6] == "0"
01/20/17 18:33:37 argv[7] == "-Dag"
01/20/17 18:33:37 argv[8] == "example_workflow-0.dag"
01/20/17 18:33:37 argv[9] == "-MaxPost"
01/20/17 18:33:37 argv[10] == "20"
01/20/17 18:33:37 argv[11] == "-Suppress_notification"
01/20/17 18:33:37 argv[12] == "-CsdVersion"
01/20/17 18:33:37 argv[13] == "$CondorVersion: 8.4.8 Jun 30 2016 BuildID: 373513 $"
01/20/17 18:33:37 argv[14] == "-Dagman"
01/20/17 18:33:37 argv[15] == "/usr/bin/condor_dagman"
01/20/17 18:33:37 Warning: failed to get attribute DAGNodeName
01/20/17 18:33:37 DAGMAN_LOG_ON_NFS_IS_ERROR setting: False
01/20/17 18:33:37 Default node log file is: </home/ubuntu/wikiflow/6_wikiflow_1sh_1s_annot/dags/ubuntu/pegasus/example_workflow/20170120T183334+0000/./example_workflow-0.dag.nodes.log>
01/20/17 18:33:38 DAG Lockfile will be written to example_workflow-0.dag.lock
01/20/17 18:33:38 DAG Input file is example_workflow-0.dag
01/20/17 18:33:38 Parsing 1 dagfiles
01/20/17 18:33:38 Parsing example_workflow-0.dag ...
01/20/17 18:33:38 Warning: category stage-out has no throttle value set
01/20/17 18:33:38 Warning: category stage-in has no throttle value set
01/20/17 18:33:38 Dag contains 30 total jobs
01/20/17 18:33:38 Sleeping for 3 seconds to ensure ProcessId uniqueness
01/20/17 18:33:41 Bootstrapping...
01/20/17 18:33:41 Number of pre-completed nodes: 0
01/20/17 18:33:41 MultiLogFiles: truncating log file /home/ubuntu/wikiflow/6_wikiflow_1sh_1s_annot/dags/ubuntu/pegasus/example_workflow/20170120T183334+0000/./example_workflow-0.dag.nodes.log
01/20/17 18:33:41 DAG status: 0 (DAG_STATUS_OK)
01/20/17 18:33:41 Of 30 nodes total:
01/20/17 18:33:41  Done     Pre   Queued    Post   Ready   Un-Ready   Failed
01/20/17 18:33:41   ===     ===      ===     ===     ===        ===      ===
01/20/17 18:33:41     0       0        0       0       1         29        0
01/20/17 18:33:41 0 job proc(s) currently held
01/20/17 18:33:41 Registering condor_event_timer...
01/20/17 18:33:42 Submitting Condor Node create_dir_example_workflow_0_local job(s)...
01/20/17 18:33:42 Adding a DAGMan workflow log /home/ubuntu/wikiflow/6_wikiflow_1sh_1s_annot/dags/ubuntu/pegasus/example_workflow/20170120T183334+0000/./example_workflow-0.dag.nodes.log
01/20/17 18:33:42 Masking the events recorded in the DAGMAN workflow log
01/20/17 18:33:42 Mask for workflow log is 0,1,2,4,5,7,9,10,11,12,13,16,17,24,27
01/20/17 18:33:42 submitting: /usr/bin/condor_submit -a dag_node_name' '=' 'create_dir_example_workflow_0_local -a +DAGManJobId' '=' '10081 -a DAGManJobId' '=' '10081 -a submit_event_notes' '=' 'DAG' 'Node:' 'create_dir_example_workflow_0_local -a dagman_log' '=' '/home/ubuntu/wikiflow/6_wikiflow_1sh_1s_annot/dags/ubuntu/pegasus/example_workflow/20170120T183334+0000/./example_workflow-0.dag.nodes.log -a +DAGManNodesMask' '=' '"0,1,2,4,5,7,9,10,11,12,13,16,17,24,27" -a DAG_STATUS' '=' '0 -a FAILED_COUNT' '=' '0 -a +DAGParentNodeNames' '=' '"" -a +KeepClaimIdle' '=' '20 -a notification' '=' 'never 00/00/create_dir_example_workflow_0_local.sub
01/20/17 18:33:42 From submit: Submitting job(s).
01/20/17 18:33:42 From submit: 1 job(s) submitted to cluster 10082.
01/20/17 18:33:42 	assigned Condor ID (10082.0.0)
01/20/17 18:33:42 Just submitted 1 job this cycle...
01/20/17 18:33:42 Currently monitoring 1 Condor log file(s)
01/20/17 18:33:42 Reassigning the id of job create_dir_example_workflow_0_local from (10082.0.0) to (10082.0.0)
01/20/17 18:33:42 Event: ULOG_SUBMIT for Condor Node create_dir_example_workflow_0_local (10082.0.0)
01/20/17 18:33:42 Number of idle job procs: 1
01/20/17 18:33:42 DAG status: 0 (DAG_STATUS_OK)
01/20/17 18:33:42 Of 30 nodes total:
01/20/17 18:33:42  Done     Pre   Queued    Post   Ready   Un-Ready   Failed
01/20/17 18:33:42   ===     ===      ===     ===     ===        ===      ===
01/20/17 18:33:42     0       0        1       0       0         29        0
01/20/17 18:33:42 0 job proc(s) currently held
01/20/17 18:33:47 Currently monitoring 1 Condor log file(s)
01/20/17 18:33:47 Event: ULOG_EXECUTE for Condor Node create_dir_example_workflow_0_local (10082.0.0)
01/20/17 18:33:47 Number of idle job procs: 0
01/20/17 18:33:47 Event: ULOG_JOB_TERMINATED for Condor Node create_dir_example_workflow_0_local (10082.0.0)
01/20/17 18:33:47 Number of idle job procs: 0
01/20/17 18:33:47 Node create_dir_example_workflow_0_local job proc (10082.0.0) completed successfully.
01/20/17 18:33:47 Node create_dir_example_workflow_0_local job completed
01/20/17 18:33:47 Running POST script of Node create_dir_example_workflow_0_local...
01/20/17 18:33:47 Warning: mysin has length 0 (ignore if produced by DAGMan; see gittrac #4987, #5031)
01/20/17 18:33:47 DAG status: 0 (DAG_STATUS_OK)
01/20/17 18:33:47 Of 30 nodes total:
01/20/17 18:33:47  Done     Pre   Queued    Post   Ready   Un-Ready   Failed
01/20/17 18:33:47   ===     ===      ===     ===     ===        ===      ===
01/20/17 18:33:47     0       0        0       1       0         29        0
01/20/17 18:33:47 0 job proc(s) currently held
01/20/17 18:33:47 Initializing user log writer for /home/ubuntu/wikiflow/6_wikiflow_1sh_1s_annot/dags/ubuntu/pegasus/example_workflow/20170120T183334+0000/./example_workflow-0.dag.nodes.log, (10082.0.0)
01/20/17 18:33:52 Currently monitoring 1 Condor log file(s)
01/20/17 18:33:52 Event: ULOG_POST_SCRIPT_TERMINATED for Condor Node create_dir_example_workflow_0_local (10082.0.0)
01/20/17 18:33:52 POST Script of Node create_dir_example_workflow_0_local completed successfully.
01/20/17 18:33:52 DAG status: 0 (DAG_STATUS_OK)
01/20/17 18:33:52 Of 30 nodes total:
01/20/17 18:33:52  Done     Pre   Queued    Post   Ready   Un-Ready   Failed
01/20/17 18:33:52   ===     ===      ===     ===     ===        ===      ===
01/20/17 18:33:52     1       0        0       0      10         19        0
01/20/17 18:33:52 0 job proc(s) currently held
01/20/17 18:33:57 Submitting Condor Node stage_in_local_local_0_0 job(s)...
01/20/17 18:33:57 Adding a DAGMan workflow log /home/ubuntu/wikiflow/6_wikiflow_1sh_1s_annot/dags/ubuntu/pegasus/example_workflow/20170120T183334+0000/./example_workflow-0.dag.nodes.log
01/20/17 18:33:57 Masking the events recorded in the DAGMAN workflow log
01/20/17 18:33:57 Mask for workflow log is 0,1,2,4,5,7,9,10,11,12,13,16,17,24,27
01/20/17 18:33:57 submitting: /usr/bin/condor_submit -a dag_node_name' '=' 'stage_in_local_local_0_0 -a +DAGManJobId' '=' '10081 -a DAGManJobId' '=' '10081 -a submit_event_notes' '=' 'DAG' 'Node:' 'stage_in_local_local_0_0 -a dagman_log' '=' '/home/ubuntu/wikiflow/6_wikiflow_1sh_1s_annot/dags/ubuntu/pegasus/example_workflow/20170120T183334+0000/./example_workflow-0.dag.nodes.log -a +DAGManNodesMask' '=' '"0,1,2,4,5,7,9,10,11,12,13,16,17,24,27" -a DAG_STATUS' '=' '0 -a FAILED_COUNT' '=' '0 -a +DAGParentNodeNames' '=' '"create_dir_example_workflow_0_local" -a +KeepClaimIdle' '=' '20 -a notification' '=' 'never 00/00/stage_in_local_local_0_0.sub
01/20/17 18:33:57 From submit: Submitting job(s).
01/20/17 18:33:57 From submit: 1 job(s) submitted to cluster 10083.
01/20/17 18:33:57 	assigned Condor ID (10083.0.0)
01/20/17 18:33:57 Submitting Condor Node stage_in_local_local_4_0 job(s)...
01/20/17 18:33:57 Adding a DAGMan workflow log /home/ubuntu/wikiflow/6_wikiflow_1sh_1s_annot/dags/ubuntu/pegasus/example_workflow/20170120T183334+0000/./example_workflow-0.dag.nodes.log
01/20/17 18:33:57 Masking the events recorded in the DAGMAN workflow log
01/20/17 18:33:57 Mask for workflow log is 0,1,2,4,5,7,9,10,11,12,13,16,17,24,27
01/20/17 18:33:57 submitting: /usr/bin/condor_submit -a dag_node_name' '=' 'stage_in_local_local_4_0 -a +DAGManJobId' '=' '10081 -a DAGManJobId' '=' '10081 -a submit_event_notes' '=' 'DAG' 'Node:' 'stage_in_local_local_4_0 -a dagman_log' '=' '/home/ubuntu/wikiflow/6_wikiflow_1sh_1s_annot/dags/ubuntu/pegasus/example_workflow/20170120T183334+0000/./example_workflow-0.dag.nodes.log -a +DAGManNodesMask' '=' '"0,1,2,4,5,7,9,10,11,12,13,16,17,24,27" -a DAG_STATUS' '=' '0 -a FAILED_COUNT' '=' '0 -a +DAGParentNodeNames' '=' '"create_dir_example_workflow_0_local" -a +KeepClaimIdle' '=' '20 -a notification' '=' 'never 00/00/stage_in_local_local_4_0.sub
01/20/17 18:33:57 From submit: Submitting job(s).
01/20/17 18:33:57 From submit: 1 job(s) submitted to cluster 10084.
01/20/17 18:33:57 	assigned Condor ID (10084.0.0)
01/20/17 18:33:57 Submitting Condor Node stage_in_local_local_1_0 job(s)...
01/20/17 18:33:57 Adding a DAGMan workflow log /home/ubuntu/wikiflow/6_wikiflow_1sh_1s_annot/dags/ubuntu/pegasus/example_workflow/20170120T183334+0000/./example_workflow-0.dag.nodes.log
01/20/17 18:33:57 Masking the events recorded in the DAGMAN workflow log
01/20/17 18:33:57 Mask for workflow log is 0,1,2,4,5,7,9,10,11,12,13,16,17,24,27
01/20/17 18:33:57 submitting: /usr/bin/condor_submit -a dag_node_name' '=' 'stage_in_local_local_1_0 -a +DAGManJobId' '=' '10081 -a DAGManJobId' '=' '10081 -a submit_event_notes' '=' 'DAG' 'Node:' 'stage_in_local_local_1_0 -a dagman_log' '=' '/home/ubuntu/wikiflow/6_wikiflow_1sh_1s_annot/dags/ubuntu/pegasus/example_workflow/20170120T183334+0000/./example_workflow-0.dag.nodes.log -a +DAGManNodesMask' '=' '"0,1,2,4,5,7,9,10,11,12,13,16,17,24,27" -a DAG_STATUS' '=' '0 -a FAILED_COUNT' '=' '0 -a +DAGParentNodeNames' '=' '"create_dir_example_workflow_0_local" -a +KeepClaimIdle' '=' '20 -a notification' '=' 'never 00/00/stage_in_local_local_1_0.sub
01/20/17 18:33:57 From submit: Submitting job(s).
01/20/17 18:33:57 From submit: 1 job(s) submitted to cluster 10085.
01/20/17 18:33:57 	assigned Condor ID (10085.0.0)
01/20/17 18:33:57 Submitting Condor Node stage_in_local_local_2_0 job(s)...
01/20/17 18:33:57 Adding a DAGMan workflow log /home/ubuntu/wikiflow/6_wikiflow_1sh_1s_annot/dags/ubuntu/pegasus/example_workflow/20170120T183334+0000/./example_workflow-0.dag.nodes.log
01/20/17 18:33:57 Masking the events recorded in the DAGMAN workflow log
01/20/17 18:33:57 Mask for workflow log is 0,1,2,4,5,7,9,10,11,12,13,16,17,24,27
01/20/17 18:33:57 submitting: /usr/bin/condor_submit -a dag_node_name' '=' 'stage_in_local_local_2_0 -a +DAGManJobId' '=' '10081 -a DAGManJobId' '=' '10081 -a submit_event_notes' '=' 'DAG' 'Node:' 'stage_in_local_local_2_0 -a dagman_log' '=' '/home/ubuntu/wikiflow/6_wikiflow_1sh_1s_annot/dags/ubuntu/pegasus/example_workflow/20170120T183334+0000/./example_workflow-0.dag.nodes.log -a +DAGManNodesMask' '=' '"0,1,2,4,5,7,9,10,11,12,13,16,17,24,27" -a DAG_STATUS' '=' '0 -a FAILED_COUNT' '=' '0 -a +DAGParentNodeNames' '=' '"create_dir_example_workflow_0_local" -a +KeepClaimIdle' '=' '20 -a notification' '=' 'never 00/00/stage_in_local_local_2_0.sub
01/20/17 18:33:57 From submit: Submitting job(s).
01/20/17 18:33:57 From submit: 1 job(s) submitted to cluster 10086.
01/20/17 18:33:57 	assigned Condor ID (10086.0.0)
01/20/17 18:33:57 Submitting Condor Node stage_in_local_local_2_1 job(s)...
01/20/17 18:33:57 Adding a DAGMan workflow log /home/ubuntu/wikiflow/6_wikiflow_1sh_1s_annot/dags/ubuntu/pegasus/example_workflow/20170120T183334+0000/./example_workflow-0.dag.nodes.log
01/20/17 18:33:57 Masking the events recorded in the DAGMAN workflow log
01/20/17 18:33:57 Mask for workflow log is 0,1,2,4,5,7,9,10,11,12,13,16,17,24,27
01/20/17 18:33:57 submitting: /usr/bin/condor_submit -a dag_node_name' '=' 'stage_in_local_local_2_1 -a +DAGManJobId' '=' '10081 -a DAGManJobId' '=' '10081 -a submit_event_notes' '=' 'DAG' 'Node:' 'stage_in_local_local_2_1 -a dagman_log' '=' '/home/ubuntu/wikiflow/6_wikiflow_1sh_1s_annot/dags/ubuntu/pegasus/example_workflow/20170120T183334+0000/./example_workflow-0.dag.nodes.log -a +DAGManNodesMask' '=' '"0,1,2,4,5,7,9,10,11,12,13,16,17,24,27" -a DAG_STATUS' '=' '0 -a FAILED_COUNT' '=' '0 -a +DAGParentNodeNames' '=' '"create_dir_example_workflow_0_local" -a +KeepClaimIdle' '=' '20 -a notification' '=' 'never 00/00/stage_in_local_local_2_1.sub
01/20/17 18:33:57 From submit: Submitting job(s).
01/20/17 18:33:57 From submit: 1 job(s) submitted to cluster 10087.
01/20/17 18:33:57 	assigned Condor ID (10087.0.0)
01/20/17 18:33:57 Just submitted 5 jobs this cycle...
01/20/17 18:33:57 Currently monitoring 1 Condor log file(s)
01/20/17 18:33:57 Reassigning the id of job stage_in_local_local_0_0 from (10083.0.0) to (10083.0.0)
01/20/17 18:33:57 Event: ULOG_SUBMIT for Condor Node stage_in_local_local_0_0 (10083.0.0)
01/20/17 18:33:57 Number of idle job procs: 1
01/20/17 18:33:57 Reassigning the id of job stage_in_local_local_4_0 from (10084.0.0) to (10084.0.0)
01/20/17 18:33:57 Event: ULOG_SUBMIT for Condor Node stage_in_local_local_4_0 (10084.0.0)
01/20/17 18:33:57 Number of idle job procs: 2
01/20/17 18:33:57 Event: ULOG_EXECUTE for Condor Node stage_in_local_local_0_0 (10083.0.0)
01/20/17 18:33:57 Number of idle job procs: 1
01/20/17 18:33:57 Reassigning the id of job stage_in_local_local_1_0 from (10085.0.0) to (10085.0.0)
01/20/17 18:33:57 Event: ULOG_SUBMIT for Condor Node stage_in_local_local_1_0 (10085.0.0)
01/20/17 18:33:57 Number of idle job procs: 2
01/20/17 18:33:57 Reassigning the id of job stage_in_local_local_2_0 from (10086.0.0) to (10086.0.0)
01/20/17 18:33:57 Event: ULOG_SUBMIT for Condor Node stage_in_local_local_2_0 (10086.0.0)
01/20/17 18:33:57 Number of idle job procs: 3
01/20/17 18:33:57 Reassigning the id of job stage_in_local_local_2_1 from (10087.0.0) to (10087.0.0)
01/20/17 18:33:57 Event: ULOG_SUBMIT for Condor Node stage_in_local_local_2_1 (10087.0.0)
01/20/17 18:33:57 Number of idle job procs: 4
01/20/17 18:33:57 DAG status: 0 (DAG_STATUS_OK)
01/20/17 18:33:57 Of 30 nodes total:
01/20/17 18:33:57  Done     Pre   Queued    Post   Ready   Un-Ready   Failed
01/20/17 18:33:57   ===     ===      ===     ===     ===        ===      ===
01/20/17 18:33:57     1       0        5       0       5         19        0
01/20/17 18:33:57 0 job proc(s) currently held
01/20/17 18:34:02 Submitting Condor Node stage_in_remote_local_1_0 job(s)...
01/20/17 18:34:02 Adding a DAGMan workflow log /home/ubuntu/wikiflow/6_wikiflow_1sh_1s_annot/dags/ubuntu/pegasus/example_workflow/20170120T183334+0000/./example_workflow-0.dag.nodes.log
01/20/17 18:34:02 Masking the events recorded in the DAGMAN workflow log
01/20/17 18:34:02 Mask for workflow log is 0,1,2,4,5,7,9,10,11,12,13,16,17,24,27
01/20/17 18:34:02 submitting: /usr/bin/condor_submit -a dag_node_name' '=' 'stage_in_remote_local_1_0 -a +DAGManJobId' '=' '10081 -a DAGManJobId' '=' '10081 -a submit_event_notes' '=' 'DAG' 'Node:' 'stage_in_remote_local_1_0 -a dagman_log' '=' '/home/ubuntu/wikiflow/6_wikiflow_1sh_1s_annot/dags/ubuntu/pegasus/example_workflow/20170120T183334+0000/./example_workflow-0.dag.nodes.log -a +DAGManNodesMask' '=' '"0,1,2,4,5,7,9,10,11,12,13,16,17,24,27" -a DAG_STATUS' '=' '0 -a FAILED_COUNT' '=' '0 -a +DAGParentNodeNames' '=' '"create_dir_example_workflow_0_local" -a +KeepClaimIdle' '=' '20 -a notification' '=' 'never 00/00/stage_in_remote_local_1_0.sub
01/20/17 18:34:02 From submit: Submitting job(s).
01/20/17 18:34:02 From submit: 1 job(s) submitted to cluster 10088.
01/20/17 18:34:02 	assigned Condor ID (10088.0.0)
01/20/17 18:34:02 Submitting Condor Node stage_in_local_local_3_1 job(s)...
01/20/17 18:34:02 Adding a DAGMan workflow log /home/ubuntu/wikiflow/6_wikiflow_1sh_1s_annot/dags/ubuntu/pegasus/example_workflow/20170120T183334+0000/./example_workflow-0.dag.nodes.log
01/20/17 18:34:02 Masking the events recorded in the DAGMAN workflow log
01/20/17 18:34:02 Mask for workflow log is 0,1,2,4,5,7,9,10,11,12,13,16,17,24,27
01/20/17 18:34:02 submitting: /usr/bin/condor_submit -a dag_node_name' '=' 'stage_in_local_local_3_1 -a +DAGManJobId' '=' '10081 -a DAGManJobId' '=' '10081 -a submit_event_notes' '=' 'DAG' 'Node:' 'stage_in_local_local_3_1 -a dagman_log' '=' '/home/ubuntu/wikiflow/6_wikiflow_1sh_1s_annot/dags/ubuntu/pegasus/example_workflow/20170120T183334+0000/./example_workflow-0.dag.nodes.log -a +DAGManNodesMask' '=' '"0,1,2,4,5,7,9,10,11,12,13,16,17,24,27" -a DAG_STATUS' '=' '0 -a FAILED_COUNT' '=' '0 -a +DAGParentNodeNames' '=' '"create_dir_example_workflow_0_local" -a +KeepClaimIdle' '=' '20 -a notification' '=' 'never 00/00/stage_in_local_local_3_1.sub
01/20/17 18:34:02 From submit: Submitting job(s).
01/20/17 18:34:02 From submit: 1 job(s) submitted to cluster 10089.
01/20/17 18:34:02 	assigned Condor ID (10089.0.0)
01/20/17 18:34:02 Submitting Condor Node stage_in_local_local_3_0 job(s)...
01/20/17 18:34:02 Adding a DAGMan workflow log /home/ubuntu/wikiflow/6_wikiflow_1sh_1s_annot/dags/ubuntu/pegasus/example_workflow/20170120T183334+0000/./example_workflow-0.dag.nodes.log
01/20/17 18:34:02 Masking the events recorded in the DAGMAN workflow log
01/20/17 18:34:02 Mask for workflow log is 0,1,2,4,5,7,9,10,11,12,13,16,17,24,27
01/20/17 18:34:02 submitting: /usr/bin/condor_submit -a dag_node_name' '=' 'stage_in_local_local_3_0 -a +DAGManJobId' '=' '10081 -a DAGManJobId' '=' '10081 -a submit_event_notes' '=' 'DAG' 'Node:' 'stage_in_local_local_3_0 -a dagman_log' '=' '/home/ubuntu/wikiflow/6_wikiflow_1sh_1s_annot/dags/ubuntu/pegasus/example_workflow/20170120T183334+0000/./example_workflow-0.dag.nodes.log -a +DAGManNodesMask' '=' '"0,1,2,4,5,7,9,10,11,12,13,16,17,24,27" -a DAG_STATUS' '=' '0 -a FAILED_COUNT' '=' '0 -a +DAGParentNodeNames' '=' '"create_dir_example_workflow_0_local" -a +KeepClaimIdle' '=' '20 -a notification' '=' 'never 00/00/stage_in_local_local_3_0.sub
01/20/17 18:34:02 From submit: Submitting job(s).
01/20/17 18:34:02 From submit: 1 job(s) submitted to cluster 10090.
01/20/17 18:34:02 	assigned Condor ID (10090.0.0)
01/20/17 18:34:02 Submitting Condor Node stage_in_remote_local_3_1 job(s)...
01/20/17 18:34:02 Adding a DAGMan workflow log /home/ubuntu/wikiflow/6_wikiflow_1sh_1s_annot/dags/ubuntu/pegasus/example_workflow/20170120T183334+0000/./example_workflow-0.dag.nodes.log
01/20/17 18:34:02 Masking the events recorded in the DAGMAN workflow log
01/20/17 18:34:02 Mask for workflow log is 0,1,2,4,5,7,9,10,11,12,13,16,17,24,27
01/20/17 18:34:02 submitting: /usr/bin/condor_submit -a dag_node_name' '=' 'stage_in_remote_local_3_1 -a +DAGManJobId' '=' '10081 -a DAGManJobId' '=' '10081 -a submit_event_notes' '=' 'DAG' 'Node:' 'stage_in_remote_local_3_1 -a dagman_log' '=' '/home/ubuntu/wikiflow/6_wikiflow_1sh_1s_annot/dags/ubuntu/pegasus/example_workflow/20170120T183334+0000/./example_workflow-0.dag.nodes.log -a +DAGManNodesMask' '=' '"0,1,2,4,5,7,9,10,11,12,13,16,17,24,27" -a DAG_STATUS' '=' '0 -a FAILED_COUNT' '=' '0 -a +DAGParentNodeNames' '=' '"create_dir_example_workflow_0_local" -a +KeepClaimIdle' '=' '20 -a notification' '=' 'never 00/00/stage_in_remote_local_3_1.sub
01/20/17 18:34:03 From submit: Submitting job(s).
01/20/17 18:34:03 From submit: 1 job(s) submitted to cluster 10091.
01/20/17 18:34:03 	assigned Condor ID (10091.0.0)
01/20/17 18:34:03 Submitting Condor Node stage_in_remote_local_3_0 job(s)...
01/20/17 18:34:03 Adding a DAGMan workflow log /home/ubuntu/wikiflow/6_wikiflow_1sh_1s_annot/dags/ubuntu/pegasus/example_workflow/20170120T183334+0000/./example_workflow-0.dag.nodes.log
01/20/17 18:34:03 Masking the events recorded in the DAGMAN workflow log
01/20/17 18:34:03 Mask for workflow log is 0,1,2,4,5,7,9,10,11,12,13,16,17,24,27
01/20/17 18:34:03 submitting: /usr/bin/condor_submit -a dag_node_name' '=' 'stage_in_remote_local_3_0 -a +DAGManJobId' '=' '10081 -a DAGManJobId' '=' '10081 -a submit_event_notes' '=' 'DAG' 'Node:' 'stage_in_remote_local_3_0 -a dagman_log' '=' '/home/ubuntu/wikiflow/6_wikiflow_1sh_1s_annot/dags/ubuntu/pegasus/example_workflow/20170120T183334+0000/./example_workflow-0.dag.nodes.log -a +DAGManNodesMask' '=' '"0,1,2,4,5,7,9,10,11,12,13,16,17,24,27" -a DAG_STATUS' '=' '0 -a FAILED_COUNT' '=' '0 -a +DAGParentNodeNames' '=' '"create_dir_example_workflow_0_local" -a +KeepClaimIdle' '=' '20 -a notification' '=' 'never 00/00/stage_in_remote_local_3_0.sub
01/20/17 18:34:03 From submit: Submitting job(s).
01/20/17 18:34:03 From submit: 1 job(s) submitted to cluster 10092.
01/20/17 18:34:03 	assigned Condor ID (10092.0.0)
01/20/17 18:34:03 Just submitted 5 jobs this cycle...
01/20/17 18:34:03 Currently monitoring 1 Condor log file(s)
01/20/17 18:34:03 Event: ULOG_JOB_TERMINATED for Condor Node stage_in_local_local_0_0 (10083.0.0)
01/20/17 18:34:03 Number of idle job procs: 4
01/20/17 18:34:03 Node stage_in_local_local_0_0 job proc (10083.0.0) completed successfully.
01/20/17 18:34:03 Node stage_in_local_local_0_0 job completed
01/20/17 18:34:03 Running POST script of Node stage_in_local_local_0_0...
01/20/17 18:34:03 Warning: mysin has length 0 (ignore if produced by DAGMan; see gittrac #4987, #5031)
01/20/17 18:34:03 Event: ULOG_EXECUTE for Condor Node stage_in_local_local_4_0 (10084.0.0)
01/20/17 18:34:03 Number of idle job procs: 3
01/20/17 18:34:03 Event: ULOG_EXECUTE for Condor Node stage_in_local_local_2_1 (10087.0.0)
01/20/17 18:34:03 Number of idle job procs: 2
01/20/17 18:34:03 Event: ULOG_EXECUTE for Condor Node stage_in_local_local_2_0 (10086.0.0)
01/20/17 18:34:03 Number of idle job procs: 1
01/20/17 18:34:03 Event: ULOG_EXECUTE for Condor Node stage_in_local_local_1_0 (10085.0.0)
01/20/17 18:34:03 Number of idle job procs: 0
01/20/17 18:34:03 Event: ULOG_JOB_TERMINATED for Condor Node stage_in_local_local_4_0 (10084.0.0)
01/20/17 18:34:03 Number of idle job procs: 0
01/20/17 18:34:03 Node stage_in_local_local_4_0 job proc (10084.0.0) completed successfully.
01/20/17 18:34:03 Node stage_in_local_local_4_0 job completed
01/20/17 18:34:03 Running POST script of Node stage_in_local_local_4_0...
01/20/17 18:34:03 Warning: mysin has length 0 (ignore if produced by DAGMan; see gittrac #4987, #5031)
01/20/17 18:34:03 Event: ULOG_JOB_TERMINATED for Condor Node stage_in_local_local_2_1 (10087.0.0)
01/20/17 18:34:03 Number of idle job procs: 0
01/20/17 18:34:03 Node stage_in_local_local_2_1 job proc (10087.0.0) completed successfully.
01/20/17 18:34:03 Node stage_in_local_local_2_1 job completed
01/20/17 18:34:03 Running POST script of Node stage_in_local_local_2_1...
01/20/17 18:34:03 Warning: mysin has length 0 (ignore if produced by DAGMan; see gittrac #4987, #5031)
01/20/17 18:34:03 Event: ULOG_JOB_TERMINATED for Condor Node stage_in_local_local_1_0 (10085.0.0)
01/20/17 18:34:03 Number of idle job procs: 0
01/20/17 18:34:03 Node stage_in_local_local_1_0 job proc (10085.0.0) completed successfully.
01/20/17 18:34:03 Node stage_in_local_local_1_0 job completed
01/20/17 18:34:03 Running POST script of Node stage_in_local_local_1_0...
01/20/17 18:34:03 Warning: mysin has length 0 (ignore if produced by DAGMan; see gittrac #4987, #5031)
01/20/17 18:34:03 Reassigning the id of job stage_in_remote_local_1_0 from (10088.0.0) to (10088.0.0)
01/20/17 18:34:03 Event: ULOG_SUBMIT for Condor Node stage_in_remote_local_1_0 (10088.0.0)
01/20/17 18:34:03 Number of idle job procs: 1
01/20/17 18:34:03 Event: ULOG_EXECUTE for Condor Node stage_in_remote_local_1_0 (10088.0.0)
01/20/17 18:34:03 Number of idle job procs: 0
01/20/17 18:34:03 Reassigning the id of job stage_in_local_local_3_1 from (10089.0.0) to (10089.0.0)
01/20/17 18:34:03 Event: ULOG_SUBMIT for Condor Node stage_in_local_local_3_1 (10089.0.0)
01/20/17 18:34:03 Number of idle job procs: 1
01/20/17 18:34:03 Event: ULOG_EXECUTE for Condor Node stage_in_local_local_3_1 (10089.0.0)
01/20/17 18:34:03 Number of idle job procs: 0
01/20/17 18:34:03 Reassigning the id of job stage_in_local_local_3_0 from (10090.0.0) to (10090.0.0)
01/20/17 18:34:03 Event: ULOG_SUBMIT for Condor Node stage_in_local_local_3_0 (10090.0.0)
01/20/17 18:34:03 Number of idle job procs: 1
01/20/17 18:34:03 Event: ULOG_EXECUTE for Condor Node stage_in_local_local_3_0 (10090.0.0)
01/20/17 18:34:03 Number of idle job procs: 0
01/20/17 18:34:03 Reassigning the id of job stage_in_remote_local_3_1 from (10091.0.0) to (10091.0.0)
01/20/17 18:34:03 Event: ULOG_SUBMIT for Condor Node stage_in_remote_local_3_1 (10091.0.0)
01/20/17 18:34:03 Number of idle job procs: 1
01/20/17 18:34:03 Reassigning the id of job stage_in_remote_local_3_0 from (10092.0.0) to (10092.0.0)
01/20/17 18:34:03 Event: ULOG_SUBMIT for Condor Node stage_in_remote_local_3_0 (10092.0.0)
01/20/17 18:34:03 Number of idle job procs: 2
01/20/17 18:34:03 DAG status: 0 (DAG_STATUS_OK)
01/20/17 18:34:03 Of 30 nodes total:
01/20/17 18:34:03  Done     Pre   Queued    Post   Ready   Un-Ready   Failed
01/20/17 18:34:03   ===     ===      ===     ===     ===        ===      ===
01/20/17 18:34:03     1       0        6       4       0         19        0
01/20/17 18:34:03 0 job proc(s) currently held
01/20/17 18:34:03 Initializing user log writer for /home/ubuntu/wikiflow/6_wikiflow_1sh_1s_annot/dags/ubuntu/pegasus/example_workflow/20170120T183334+0000/./example_workflow-0.dag.nodes.log, (10085.0.0)
01/20/17 18:34:03 Initializing user log writer for /home/ubuntu/wikiflow/6_wikiflow_1sh_1s_annot/dags/ubuntu/pegasus/example_workflow/20170120T183334+0000/./example_workflow-0.dag.nodes.log, (10083.0.0)
01/20/17 18:34:03 Initializing user log writer for /home/ubuntu/wikiflow/6_wikiflow_1sh_1s_annot/dags/ubuntu/pegasus/example_workflow/20170120T183334+0000/./example_workflow-0.dag.nodes.log, (10084.0.0)
01/20/17 18:34:03 Initializing user log writer for /home/ubuntu/wikiflow/6_wikiflow_1sh_1s_annot/dags/ubuntu/pegasus/example_workflow/20170120T183334+0000/./example_workflow-0.dag.nodes.log, (10087.0.0)
01/20/17 18:34:08 Currently monitoring 1 Condor log file(s)
01/20/17 18:34:08 Event: ULOG_POST_SCRIPT_TERMINATED for Condor Node stage_in_local_local_1_0 (10085.0.0)
01/20/17 18:34:08 POST Script of Node stage_in_local_local_1_0 completed successfully.
01/20/17 18:34:08 Event: ULOG_POST_SCRIPT_TERMINATED for Condor Node stage_in_local_local_0_0 (10083.0.0)
01/20/17 18:34:08 POST Script of Node stage_in_local_local_0_0 completed successfully.
01/20/17 18:34:08 Event: ULOG_POST_SCRIPT_TERMINATED for Condor Node stage_in_local_local_4_0 (10084.0.0)
01/20/17 18:34:08 POST Script of Node stage_in_local_local_4_0 completed successfully.
01/20/17 18:34:08 Event: ULOG_POST_SCRIPT_TERMINATED for Condor Node stage_in_local_local_2_1 (10087.0.0)
01/20/17 18:34:08 POST Script of Node stage_in_local_local_2_1 completed successfully.
01/20/17 18:34:08 Event: ULOG_JOB_TERMINATED for Condor Node stage_in_local_local_2_0 (10086.0.0)
01/20/17 18:34:08 Number of idle job procs: 2
01/20/17 18:34:08 Node stage_in_local_local_2_0 job proc (10086.0.0) completed successfully.
01/20/17 18:34:08 Node stage_in_local_local_2_0 job completed
01/20/17 18:34:08 Running POST script of Node stage_in_local_local_2_0...
01/20/17 18:34:08 Warning: mysin has length 0 (ignore if produced by DAGMan; see gittrac #4987, #5031)
01/20/17 18:34:08 Event: ULOG_EXECUTE for Condor Node stage_in_remote_local_3_0 (10092.0.0)
01/20/17 18:34:08 Number of idle job procs: 1
01/20/17 18:34:08 Event: ULOG_EXECUTE for Condor Node stage_in_remote_local_3_1 (10091.0.0)
01/20/17 18:34:08 Number of idle job procs: 0
01/20/17 18:34:08 Event: ULOG_JOB_TERMINATED for Condor Node stage_in_remote_local_1_0 (10088.0.0)
01/20/17 18:34:08 Number of idle job procs: 0
01/20/17 18:34:08 Node stage_in_remote_local_1_0 job proc (10088.0.0) completed successfully.
01/20/17 18:34:08 Node stage_in_remote_local_1_0 job completed
01/20/17 18:34:08 Running POST script of Node stage_in_remote_local_1_0...
01/20/17 18:34:08 Warning: mysin has length 0 (ignore if produced by DAGMan; see gittrac #4987, #5031)
01/20/17 18:34:08 Event: ULOG_JOB_TERMINATED for Condor Node stage_in_local_local_3_1 (10089.0.0)
01/20/17 18:34:08 Number of idle job procs: 0
01/20/17 18:34:08 Node stage_in_local_local_3_1 job proc (10089.0.0) completed successfully.
01/20/17 18:34:08 Node stage_in_local_local_3_1 job completed
01/20/17 18:34:08 Running POST script of Node stage_in_local_local_3_1...
01/20/17 18:34:08 Warning: mysin has length 0 (ignore if produced by DAGMan; see gittrac #4987, #5031)
01/20/17 18:34:08 Event: ULOG_JOB_TERMINATED for Condor Node stage_in_remote_local_3_1 (10091.0.0)
01/20/17 18:34:08 Number of idle job procs: 0
01/20/17 18:34:08 Node stage_in_remote_local_3_1 job proc (10091.0.0) completed successfully.
01/20/17 18:34:08 Node stage_in_remote_local_3_1 job completed
01/20/17 18:34:08 Running POST script of Node stage_in_remote_local_3_1...
01/20/17 18:34:08 Warning: mysin has length 0 (ignore if produced by DAGMan; see gittrac #4987, #5031)
01/20/17 18:34:08 Event: ULOG_JOB_TERMINATED for Condor Node stage_in_local_local_3_0 (10090.0.0)
01/20/17 18:34:08 Number of idle job procs: 0
01/20/17 18:34:08 Node stage_in_local_local_3_0 job proc (10090.0.0) completed successfully.
01/20/17 18:34:08 Node stage_in_local_local_3_0 job completed
01/20/17 18:34:08 Running POST script of Node stage_in_local_local_3_0...
01/20/17 18:34:08 Warning: mysin has length 0 (ignore if produced by DAGMan; see gittrac #4987, #5031)
01/20/17 18:34:08 Event: ULOG_JOB_TERMINATED for Condor Node stage_in_remote_local_3_0 (10092.0.0)
01/20/17 18:34:08 Number of idle job procs: 0
01/20/17 18:34:08 Node stage_in_remote_local_3_0 job proc (10092.0.0) completed successfully.
01/20/17 18:34:08 Node stage_in_remote_local_3_0 job completed
01/20/17 18:34:08 Running POST script of Node stage_in_remote_local_3_0...
01/20/17 18:34:08 Warning: mysin has length 0 (ignore if produced by DAGMan; see gittrac #4987, #5031)
01/20/17 18:34:08 DAG status: 0 (DAG_STATUS_OK)
01/20/17 18:34:08 Of 30 nodes total:
01/20/17 18:34:08  Done     Pre   Queued    Post   Ready   Un-Ready   Failed
01/20/17 18:34:08   ===     ===      ===     ===     ===        ===      ===
01/20/17 18:34:08     5       0        0       6       1         18        0
01/20/17 18:34:08 0 job proc(s) currently held
01/20/17 18:34:09 Initializing user log writer for /home/ubuntu/wikiflow/6_wikiflow_1sh_1s_annot/dags/ubuntu/pegasus/example_workflow/20170120T183334+0000/./example_workflow-0.dag.nodes.log, (10089.0.0)
01/20/17 18:34:09 Initializing user log writer for /home/ubuntu/wikiflow/6_wikiflow_1sh_1s_annot/dags/ubuntu/pegasus/example_workflow/20170120T183334+0000/./example_workflow-0.dag.nodes.log, (10088.0.0)
01/20/17 18:34:09 Initializing user log writer for /home/ubuntu/wikiflow/6_wikiflow_1sh_1s_annot/dags/ubuntu/pegasus/example_workflow/20170120T183334+0000/./example_workflow-0.dag.nodes.log, (10091.0.0)
01/20/17 18:34:09 Initializing user log writer for /home/ubuntu/wikiflow/6_wikiflow_1sh_1s_annot/dags/ubuntu/pegasus/example_workflow/20170120T183334+0000/./example_workflow-0.dag.nodes.log, (10090.0.0)
01/20/17 18:34:09 Initializing user log writer for /home/ubuntu/wikiflow/6_wikiflow_1sh_1s_annot/dags/ubuntu/pegasus/example_workflow/20170120T183334+0000/./example_workflow-0.dag.nodes.log, (10086.0.0)
01/20/17 18:34:09 Initializing user log writer for /home/ubuntu/wikiflow/6_wikiflow_1sh_1s_annot/dags/ubuntu/pegasus/example_workflow/20170120T183334+0000/./example_workflow-0.dag.nodes.log, (10092.0.0)
01/20/17 18:34:13 Submitting Condor Node init_0_ID0000001 job(s)...
01/20/17 18:34:13 Adding a DAGMan workflow log /home/ubuntu/wikiflow/6_wikiflow_1sh_1s_annot/dags/ubuntu/pegasus/example_workflow/20170120T183334+0000/./example_workflow-0.dag.nodes.log
01/20/17 18:34:13 Masking the events recorded in the DAGMAN workflow log
01/20/17 18:34:13 Mask for workflow log is 0,1,2,4,5,7,9,10,11,12,13,16,17,24,27
01/20/17 18:34:13 submitting: /usr/bin/condor_submit -a dag_node_name' '=' 'init_0_ID0000001 -a +DAGManJobId' '=' '10081 -a DAGManJobId' '=' '10081 -a submit_event_notes' '=' 'DAG' 'Node:' 'init_0_ID0000001 -a dagman_log' '=' '/home/ubuntu/wikiflow/6_wikiflow_1sh_1s_annot/dags/ubuntu/pegasus/example_workflow/20170120T183334+0000/./example_workflow-0.dag.nodes.log -a +DAGManNodesMask' '=' '"0,1,2,4,5,7,9,10,11,12,13,16,17,24,27" -a DAG_STATUS' '=' '0 -a FAILED_COUNT' '=' '0 -a +DAGParentNodeNames' '=' '"stage_in_local_local_0_0" -a +KeepClaimIdle' '=' '20 -a notification' '=' 'never 00/00/init_0_ID0000001.sub
01/20/17 18:34:13 From submit: Submitting job(s).
01/20/17 18:34:13 From submit: 1 job(s) submitted to cluster 10093.
01/20/17 18:34:13 	assigned Condor ID (10093.0.0)
01/20/17 18:34:13 Just submitted 1 job this cycle...
01/20/17 18:34:13 Currently monitoring 1 Condor log file(s)
01/20/17 18:34:13 Event: ULOG_POST_SCRIPT_TERMINATED for Condor Node stage_in_local_local_3_1 (10089.0.0)
01/20/17 18:34:13 POST Script of Node stage_in_local_local_3_1 completed successfully.
01/20/17 18:34:13 Event: ULOG_POST_SCRIPT_TERMINATED for Condor Node stage_in_remote_local_1_0 (10088.0.0)
01/20/17 18:34:13 POST Script of Node stage_in_remote_local_1_0 completed successfully.
01/20/17 18:34:13 Event: ULOG_POST_SCRIPT_TERMINATED for Condor Node stage_in_remote_local_3_1 (10091.0.0)
01/20/17 18:34:13 POST Script of Node stage_in_remote_local_3_1 completed successfully.
01/20/17 18:34:13 Event: ULOG_POST_SCRIPT_TERMINATED for Condor Node stage_in_local_local_3_0 (10090.0.0)
01/20/17 18:34:13 POST Script of Node stage_in_local_local_3_0 completed successfully.
01/20/17 18:34:13 Event: ULOG_POST_SCRIPT_TERMINATED for Condor Node stage_in_local_local_2_0 (10086.0.0)
01/20/17 18:34:13 POST Script of Node stage_in_local_local_2_0 completed successfully.
01/20/17 18:34:13 Event: ULOG_POST_SCRIPT_TERMINATED for Condor Node stage_in_remote_local_3_0 (10092.0.0)
01/20/17 18:34:13 POST Script of Node stage_in_remote_local_3_0 completed successfully.
01/20/17 18:34:13 Reassigning the id of job init_0_ID0000001 from (10093.0.0) to (10093.0.0)
01/20/17 18:34:13 Event: ULOG_SUBMIT for Condor Node init_0_ID0000001 (10093.0.0)
01/20/17 18:34:13 Number of idle job procs: 1
01/20/17 18:34:13 DAG status: 0 (DAG_STATUS_OK)
01/20/17 18:34:13 Of 30 nodes total:
01/20/17 18:34:13  Done     Pre   Queued    Post   Ready   Un-Ready   Failed
01/20/17 18:34:13   ===     ===      ===     ===     ===        ===      ===
01/20/17 18:34:13    11       0        1       0       0         18        0
01/20/17 18:34:13 0 job proc(s) currently held
01/20/17 18:34:18 Currently monitoring 1 Condor log file(s)
01/20/17 18:34:18 Event: ULOG_EXECUTE for Condor Node init_0_ID0000001 (10093.0.0)
01/20/17 18:34:18 Number of idle job procs: 0
01/20/17 18:39:59 Currently monitoring 1 Condor log file(s)
01/20/17 18:39:59 Event: ULOG_JOB_TERMINATED for Condor Node init_0_ID0000001 (10093.0.0)
01/20/17 18:39:59 Number of idle job procs: 0
01/20/17 18:39:59 Node init_0_ID0000001 job proc (10093.0.0) completed successfully.
01/20/17 18:39:59 Node init_0_ID0000001 job completed
01/20/17 18:39:59 Running POST script of Node init_0_ID0000001...
01/20/17 18:39:59 Warning: mysin has length 0 (ignore if produced by DAGMan; see gittrac #4987, #5031)
01/20/17 18:39:59 DAG status: 0 (DAG_STATUS_OK)
01/20/17 18:39:59 Of 30 nodes total:
01/20/17 18:39:59  Done     Pre   Queued    Post   Ready   Un-Ready   Failed
01/20/17 18:39:59   ===     ===      ===     ===     ===        ===      ===
01/20/17 18:39:59    11       0        0       1       0         18        0
01/20/17 18:39:59 0 job proc(s) currently held
01/20/17 18:39:59 Initializing user log writer for /home/ubuntu/wikiflow/6_wikiflow_1sh_1s_annot/dags/ubuntu/pegasus/example_workflow/20170120T183334+0000/./example_workflow-0.dag.nodes.log, (10093.0.0)
01/20/17 18:40:04 Currently monitoring 1 Condor log file(s)
01/20/17 18:40:04 Event: ULOG_POST_SCRIPT_TERMINATED for Condor Node init_0_ID0000001 (10093.0.0)
01/20/17 18:40:04 POST Script of Node init_0_ID0000001 completed successfully.
01/20/17 18:40:04 DAG status: 0 (DAG_STATUS_OK)
01/20/17 18:40:04 Of 30 nodes total:
01/20/17 18:40:04  Done     Pre   Queued    Post   Ready   Un-Ready   Failed
01/20/17 18:40:04   ===     ===      ===     ===     ===        ===      ===
01/20/17 18:40:04    12       0        0       0       2         16        0
01/20/17 18:40:04 0 job proc(s) currently held
01/20/17 18:40:09 Submitting Condor Node clean_up_local_level_3_0 job(s)...
01/20/17 18:40:09 Adding a DAGMan workflow log /home/ubuntu/wikiflow/6_wikiflow_1sh_1s_annot/dags/ubuntu/pegasus/example_workflow/20170120T183334+0000/./example_workflow-0.dag.nodes.log
01/20/17 18:40:09 Masking the events recorded in the DAGMAN workflow log
01/20/17 18:40:09 Mask for workflow log is 0,1,2,4,5,7,9,10,11,12,13,16,17,24,27
01/20/17 18:40:09 submitting: /usr/bin/condor_submit -a dag_node_name' '=' 'clean_up_local_level_3_0 -a +DAGManJobId' '=' '10081 -a DAGManJobId' '=' '10081 -a submit_event_notes' '=' 'DAG' 'Node:' 'clean_up_local_level_3_0 -a dagman_log' '=' '/home/ubuntu/wikiflow/6_wikiflow_1sh_1s_annot/dags/ubuntu/pegasus/example_workflow/20170120T183334+0000/./example_workflow-0.dag.nodes.log -a +DAGManNodesMask' '=' '"0,1,2,4,5,7,9,10,11,12,13,16,17,24,27" -a DAG_STATUS' '=' '0 -a FAILED_COUNT' '=' '0 -a +DAGParentNodeNames' '=' '"init_0_ID0000001" -a +KeepClaimIdle' '=' '20 -a notification' '=' 'never 00/00/clean_up_local_level_3_0.sub
01/20/17 18:40:09 From submit: Submitting job(s).
01/20/17 18:40:09 From submit: 1 job(s) submitted to cluster 10094.
01/20/17 18:40:09 	assigned Condor ID (10094.0.0)
01/20/17 18:40:09 Submitting Condor Node computeusergroup_0_ID0000002 job(s)...
01/20/17 18:40:09 Adding a DAGMan workflow log /home/ubuntu/wikiflow/6_wikiflow_1sh_1s_annot/dags/ubuntu/pegasus/example_workflow/20170120T183334+0000/./example_workflow-0.dag.nodes.log
01/20/17 18:40:09 Masking the events recorded in the DAGMAN workflow log
01/20/17 18:40:09 Mask for workflow log is 0,1,2,4,5,7,9,10,11,12,13,16,17,24,27
01/20/17 18:40:09 submitting: /usr/bin/condor_submit -a dag_node_name' '=' 'computeusergroup_0_ID0000002 -a +DAGManJobId' '=' '10081 -a DAGManJobId' '=' '10081 -a submit_event_notes' '=' 'DAG' 'Node:' 'computeusergroup_0_ID0000002 -a dagman_log' '=' '/home/ubuntu/wikiflow/6_wikiflow_1sh_1s_annot/dags/ubuntu/pegasus/example_workflow/20170120T183334+0000/./example_workflow-0.dag.nodes.log -a +DAGManNodesMask' '=' '"0,1,2,4,5,7,9,10,11,12,13,16,17,24,27" -a DAG_STATUS' '=' '0 -a FAILED_COUNT' '=' '0 -a +DAGParentNodeNames' '=' '"stage_in_local_local_1_0,stage_in_remote_local_1_0,init_0_ID0000001" -a +KeepClaimIdle' '=' '20 -a notification' '=' 'never 00/00/computeusergroup_0_ID0000002.sub
01/20/17 18:40:09 From submit: Submitting job(s).
01/20/17 18:40:09 From submit: 1 job(s) submitted to cluster 10095.
01/20/17 18:40:09 	assigned Condor ID (10095.0.0)
01/20/17 18:40:09 Just submitted 2 jobs this cycle...
01/20/17 18:40:09 Currently monitoring 1 Condor log file(s)
01/20/17 18:40:09 Reassigning the id of job clean_up_local_level_3_0 from (10094.0.0) to (10094.0.0)
01/20/17 18:40:09 Event: ULOG_SUBMIT for Condor Node clean_up_local_level_3_0 (10094.0.0)
01/20/17 18:40:09 Number of idle job procs: 1
01/20/17 18:40:09 Reassigning the id of job computeusergroup_0_ID0000002 from (10095.0.0) to (10095.0.0)
01/20/17 18:40:09 Event: ULOG_SUBMIT for Condor Node computeusergroup_0_ID0000002 (10095.0.0)
01/20/17 18:40:09 Number of idle job procs: 2
01/20/17 18:40:09 Event: ULOG_EXECUTE for Condor Node clean_up_local_level_3_0 (10094.0.0)
01/20/17 18:40:09 Number of idle job procs: 1
01/20/17 18:40:09 DAG status: 0 (DAG_STATUS_OK)
01/20/17 18:40:09 Of 30 nodes total:
01/20/17 18:40:09  Done     Pre   Queued    Post   Ready   Un-Ready   Failed
01/20/17 18:40:09   ===     ===      ===     ===     ===        ===      ===
01/20/17 18:40:09    12       0        2       0       0         16        0
01/20/17 18:40:09 0 job proc(s) currently held
01/20/17 18:40:14 Currently monitoring 1 Condor log file(s)
01/20/17 18:40:14 Event: ULOG_EXECUTE for Condor Node computeusergroup_0_ID0000002 (10095.0.0)
01/20/17 18:40:14 Number of idle job procs: 0
01/20/17 18:40:14 Event: ULOG_JOB_TERMINATED for Condor Node clean_up_local_level_3_0 (10094.0.0)
01/20/17 18:40:14 Number of idle job procs: 0
01/20/17 18:40:14 Node clean_up_local_level_3_0 job proc (10094.0.0) completed successfully.
01/20/17 18:40:14 Node clean_up_local_level_3_0 job completed
01/20/17 18:40:14 Running POST script of Node clean_up_local_level_3_0...
01/20/17 18:40:14 Warning: mysin has length 0 (ignore if produced by DAGMan; see gittrac #4987, #5031)
01/20/17 18:40:14 DAG status: 0 (DAG_STATUS_OK)
01/20/17 18:40:14 Of 30 nodes total:
01/20/17 18:40:14  Done     Pre   Queued    Post   Ready   Un-Ready   Failed
01/20/17 18:40:14   ===     ===      ===     ===     ===        ===      ===
01/20/17 18:40:14    12       0        1       1       0         16        0
01/20/17 18:40:14 0 job proc(s) currently held
01/20/17 18:40:14 Initializing user log writer for /home/ubuntu/wikiflow/6_wikiflow_1sh_1s_annot/dags/ubuntu/pegasus/example_workflow/20170120T183334+0000/./example_workflow-0.dag.nodes.log, (10094.0.0)
01/20/17 18:40:19 Currently monitoring 1 Condor log file(s)
01/20/17 18:40:19 Event: ULOG_POST_SCRIPT_TERMINATED for Condor Node clean_up_local_level_3_0 (10094.0.0)
01/20/17 18:40:19 POST Script of Node clean_up_local_level_3_0 completed successfully.
01/20/17 18:40:19 DAG status: 0 (DAG_STATUS_OK)
01/20/17 18:40:19 Of 30 nodes total:
01/20/17 18:40:19  Done     Pre   Queued    Post   Ready   Un-Ready   Failed
01/20/17 18:40:19   ===     ===      ===     ===     ===        ===      ===
01/20/17 18:40:19    13       0        1       0       0         16        0
01/20/17 18:40:19 0 job proc(s) currently held
01/20/17 18:50:20 601 seconds since last log event
01/20/17 18:50:20 Pending DAG nodes:
01/20/17 18:50:20   Node computeusergroup_0_ID0000002, Condor ID 10095, status STATUS_SUBMITTED
01/20/17 19:00:20 1201 seconds since last log event
01/20/17 19:00:20 Pending DAG nodes:
01/20/17 19:00:20   Node computeusergroup_0_ID0000002, Condor ID 10095, status STATUS_SUBMITTED
01/20/17 19:10:21 1802 seconds since last log event
01/20/17 19:10:21 Pending DAG nodes:
01/20/17 19:10:21   Node computeusergroup_0_ID0000002, Condor ID 10095, status STATUS_SUBMITTED
01/20/17 19:20:22 2403 seconds since last log event
01/20/17 19:20:22 Pending DAG nodes:
01/20/17 19:20:22   Node computeusergroup_0_ID0000002, Condor ID 10095, status STATUS_SUBMITTED
01/20/17 19:30:22 3003 seconds since last log event
01/20/17 19:30:22 Pending DAG nodes:
01/20/17 19:30:22   Node computeusergroup_0_ID0000002, Condor ID 10095, status STATUS_SUBMITTED
01/20/17 19:36:18 Currently monitoring 1 Condor log file(s)
01/20/17 19:36:18 Event: ULOG_JOB_TERMINATED for Condor Node computeusergroup_0_ID0000002 (10095.0.0)
01/20/17 19:36:18 Number of idle job procs: 0
01/20/17 19:36:18 Node computeusergroup_0_ID0000002 job proc (10095.0.0) completed successfully.
01/20/17 19:36:18 Node computeusergroup_0_ID0000002 job completed
01/20/17 19:36:18 Running POST script of Node computeusergroup_0_ID0000002...
01/20/17 19:36:18 Warning: mysin has length 0 (ignore if produced by DAGMan; see gittrac #4987, #5031)
01/20/17 19:36:18 DAG status: 0 (DAG_STATUS_OK)
01/20/17 19:36:18 Of 30 nodes total:
01/20/17 19:36:18  Done     Pre   Queued    Post   Ready   Un-Ready   Failed
01/20/17 19:36:18   ===     ===      ===     ===     ===        ===      ===
01/20/17 19:36:18    13       0        0       1       0         16        0
01/20/17 19:36:18 0 job proc(s) currently held
01/20/17 19:36:18 Initializing user log writer for /home/ubuntu/wikiflow/6_wikiflow_1sh_1s_annot/dags/ubuntu/pegasus/example_workflow/20170120T183334+0000/./example_workflow-0.dag.nodes.log, (10095.0.0)
01/20/17 19:36:23 Currently monitoring 1 Condor log file(s)
01/20/17 19:36:23 Event: ULOG_POST_SCRIPT_TERMINATED for Condor Node computeusergroup_0_ID0000002 (10095.0.0)
01/20/17 19:36:23 POST Script of Node computeusergroup_0_ID0000002 completed successfully.
01/20/17 19:36:23 DAG status: 0 (DAG_STATUS_OK)
01/20/17 19:36:23 Of 30 nodes total:
01/20/17 19:36:23  Done     Pre   Queued    Post   Ready   Un-Ready   Failed
01/20/17 19:36:23   ===     ===      ===     ===     ===        ===      ===
01/20/17 19:36:23    14       0        0       0       6         10        0
01/20/17 19:36:23 0 job proc(s) currently held
01/20/17 19:36:28 Submitting Condor Node clean_up_local_level_4_0 job(s)...
01/20/17 19:36:28 Adding a DAGMan workflow log /home/ubuntu/wikiflow/6_wikiflow_1sh_1s_annot/dags/ubuntu/pegasus/example_workflow/20170120T183334+0000/./example_workflow-0.dag.nodes.log
01/20/17 19:36:28 Masking the events recorded in the DAGMAN workflow log
01/20/17 19:36:28 Mask for workflow log is 0,1,2,4,5,7,9,10,11,12,13,16,17,24,27
01/20/17 19:36:28 submitting: /usr/bin/condor_submit -a dag_node_name' '=' 'clean_up_local_level_4_0 -a +DAGManJobId' '=' '10081 -a DAGManJobId' '=' '10081 -a submit_event_notes' '=' 'DAG' 'Node:' 'clean_up_local_level_4_0 -a dagman_log' '=' '/home/ubuntu/wikiflow/6_wikiflow_1sh_1s_annot/dags/ubuntu/pegasus/example_workflow/20170120T183334+0000/./example_workflow-0.dag.nodes.log -a +DAGManNodesMask' '=' '"0,1,2,4,5,7,9,10,11,12,13,16,17,24,27" -a DAG_STATUS' '=' '0 -a FAILED_COUNT' '=' '0 -a +DAGParentNodeNames' '=' '"computeusergroup_0_ID0000002" -a +KeepClaimIdle' '=' '20 -a notification' '=' 'never 00/00/clean_up_local_level_4_0.sub
01/20/17 19:36:28 From submit: Submitting job(s).
01/20/17 19:36:28 From submit: 1 job(s) submitted to cluster 10096.
01/20/17 19:36:28 	assigned Condor ID (10096.0.0)
01/20/17 19:36:28 Submitting Condor Node sessioncompute_1_ID0000004 job(s)...
01/20/17 19:36:28 Adding a DAGMan workflow log /home/ubuntu/wikiflow/6_wikiflow_1sh_1s_annot/dags/ubuntu/pegasus/example_workflow/20170120T183334+0000/./example_workflow-0.dag.nodes.log
01/20/17 19:36:28 Masking the events recorded in the DAGMAN workflow log
01/20/17 19:36:28 Mask for workflow log is 0,1,2,4,5,7,9,10,11,12,13,16,17,24,27
01/20/17 19:36:28 submitting: /usr/bin/condor_submit -a dag_node_name' '=' 'sessioncompute_1_ID0000004 -a +DAGManJobId' '=' '10081 -a DAGManJobId' '=' '10081 -a submit_event_notes' '=' 'DAG' 'Node:' 'sessioncompute_1_ID0000004 -a dagman_log' '=' '/home/ubuntu/wikiflow/6_wikiflow_1sh_1s_annot/dags/ubuntu/pegasus/example_workflow/20170120T183334+0000/./example_workflow-0.dag.nodes.log -a +DAGManNodesMask' '=' '"0,1,2,4,5,7,9,10,11,12,13,16,17,24,27" -a DAG_STATUS' '=' '0 -a FAILED_COUNT' '=' '0 -a +DAGParentNodeNames' '=' '"stage_in_local_local_2_0,computeusergroup_0_ID0000002" -a +KeepClaimIdle' '=' '20 -a notification' '=' 'never 00/00/sessioncompute_1_ID0000004.sub
01/20/17 19:36:28 From submit: Submitting job(s).
01/20/17 19:36:28 From submit: 1 job(s) submitted to cluster 10097.
01/20/17 19:36:28 	assigned Condor ID (10097.0.0)
01/20/17 19:36:28 Submitting Condor Node stage_out_local_local_1_0 job(s)...
01/20/17 19:36:28 Adding a DAGMan workflow log /home/ubuntu/wikiflow/6_wikiflow_1sh_1s_annot/dags/ubuntu/pegasus/example_workflow/20170120T183334+0000/./example_workflow-0.dag.nodes.log
01/20/17 19:36:28 Masking the events recorded in the DAGMAN workflow log
01/20/17 19:36:28 Mask for workflow log is 0,1,2,4,5,7,9,10,11,12,13,16,17,24,27
01/20/17 19:36:28 submitting: /usr/bin/condor_submit -a dag_node_name' '=' 'stage_out_local_local_1_0 -a +DAGManJobId' '=' '10081 -a DAGManJobId' '=' '10081 -a submit_event_notes' '=' 'DAG' 'Node:' 'stage_out_local_local_1_0 -a dagman_log' '=' '/home/ubuntu/wikiflow/6_wikiflow_1sh_1s_annot/dags/ubuntu/pegasus/example_workflow/20170120T183334+0000/./example_workflow-0.dag.nodes.log -a +DAGManNodesMask' '=' '"0,1,2,4,5,7,9,10,11,12,13,16,17,24,27" -a DAG_STATUS' '=' '0 -a FAILED_COUNT' '=' '0 -a +DAGParentNodeNames' '=' '"computeusergroup_0_ID0000002" -a +KeepClaimIdle' '=' '20 -a notification' '=' 'never 00/00/stage_out_local_local_1_0.sub
01/20/17 19:36:28 From submit: Submitting job(s).
01/20/17 19:36:28 From submit: 1 job(s) submitted to cluster 10098.
01/20/17 19:36:28 	assigned Condor ID (10098.0.0)
01/20/17 19:36:28 Submitting Condor Node stage_out_local_local_1_1 job(s)...
01/20/17 19:36:28 Adding a DAGMan workflow log /home/ubuntu/wikiflow/6_wikiflow_1sh_1s_annot/dags/ubuntu/pegasus/example_workflow/20170120T183334+0000/./example_workflow-0.dag.nodes.log
01/20/17 19:36:28 Masking the events recorded in the DAGMAN workflow log
01/20/17 19:36:28 Mask for workflow log is 0,1,2,4,5,7,9,10,11,12,13,16,17,24,27
01/20/17 19:36:28 submitting: /usr/bin/condor_submit -a dag_node_name' '=' 'stage_out_local_local_1_1 -a +DAGManJobId' '=' '10081 -a DAGManJobId' '=' '10081 -a submit_event_notes' '=' 'DAG' 'Node:' 'stage_out_local_local_1_1 -a dagman_log' '=' '/home/ubuntu/wikiflow/6_wikiflow_1sh_1s_annot/dags/ubuntu/pegasus/example_workflow/20170120T183334+0000/./example_workflow-0.dag.nodes.log -a +DAGManNodesMask' '=' '"0,1,2,4,5,7,9,10,11,12,13,16,17,24,27" -a DAG_STATUS' '=' '0 -a FAILED_COUNT' '=' '0 -a +DAGParentNodeNames' '=' '"computeusergroup_0_ID0000002" -a +KeepClaimIdle' '=' '20 -a notification' '=' 'never 00/00/stage_out_local_local_1_1.sub
01/20/17 19:36:28 From submit: Submitting job(s).
01/20/17 19:36:28 From submit: 1 job(s) submitted to cluster 10099.
01/20/17 19:36:28 	assigned Condor ID (10099.0.0)
01/20/17 19:36:28 Submitting Condor Node sessioncompute_0_ID0000003 job(s)...
01/20/17 19:36:28 Adding a DAGMan workflow log /home/ubuntu/wikiflow/6_wikiflow_1sh_1s_annot/dags/ubuntu/pegasus/example_workflow/20170120T183334+0000/./example_workflow-0.dag.nodes.log
01/20/17 19:36:28 Masking the events recorded in the DAGMAN workflow log
01/20/17 19:36:28 Mask for workflow log is 0,1,2,4,5,7,9,10,11,12,13,16,17,24,27
01/20/17 19:36:28 submitting: /usr/bin/condor_submit -a dag_node_name' '=' 'sessioncompute_0_ID0000003 -a +DAGManJobId' '=' '10081 -a DAGManJobId' '=' '10081 -a submit_event_notes' '=' 'DAG' 'Node:' 'sessioncompute_0_ID0000003 -a dagman_log' '=' '/home/ubuntu/wikiflow/6_wikiflow_1sh_1s_annot/dags/ubuntu/pegasus/example_workflow/20170120T183334+0000/./example_workflow-0.dag.nodes.log -a +DAGManNodesMask' '=' '"0,1,2,4,5,7,9,10,11,12,13,16,17,24,27" -a DAG_STATUS' '=' '0 -a FAILED_COUNT' '=' '0 -a +DAGParentNodeNames' '=' '"stage_in_local_local_2_1,computeusergroup_0_ID0000002" -a +KeepClaimIdle' '=' '20 -a notification' '=' 'never 00/00/sessioncompute_0_ID0000003.sub
01/20/17 19:36:28 From submit: Submitting job(s).
01/20/17 19:36:28 From submit: 1 job(s) submitted to cluster 10100.
01/20/17 19:36:29 	assigned Condor ID (10100.0.0)
01/20/17 19:36:29 Just submitted 5 jobs this cycle...
01/20/17 19:36:29 Currently monitoring 1 Condor log file(s)
01/20/17 19:36:29 Reassigning the id of job clean_up_local_level_4_0 from (10096.0.0) to (10096.0.0)
01/20/17 19:36:29 Event: ULOG_SUBMIT for Condor Node clean_up_local_level_4_0 (10096.0.0)
01/20/17 19:36:29 Number of idle job procs: 1
01/20/17 19:36:29 Event: ULOG_EXECUTE for Condor Node clean_up_local_level_4_0 (10096.0.0)
01/20/17 19:36:29 Number of idle job procs: 0
01/20/17 19:36:29 Reassigning the id of job sessioncompute_1_ID0000004 from (10097.0.0) to (10097.0.0)
01/20/17 19:36:29 Event: ULOG_SUBMIT for Condor Node sessioncompute_1_ID0000004 (10097.0.0)
01/20/17 19:36:29 Number of idle job procs: 1
01/20/17 19:36:29 Reassigning the id of job stage_out_local_local_1_0 from (10098.0.0) to (10098.0.0)
01/20/17 19:36:29 Event: ULOG_SUBMIT for Condor Node stage_out_local_local_1_0 (10098.0.0)
01/20/17 19:36:29 Number of idle job procs: 2
01/20/17 19:36:29 Reassigning the id of job stage_out_local_local_1_1 from (10099.0.0) to (10099.0.0)
01/20/17 19:36:29 Event: ULOG_SUBMIT for Condor Node stage_out_local_local_1_1 (10099.0.0)
01/20/17 19:36:29 Number of idle job procs: 3
01/20/17 19:36:29 Reassigning the id of job sessioncompute_0_ID0000003 from (10100.0.0) to (10100.0.0)
01/20/17 19:36:29 Event: ULOG_SUBMIT for Condor Node sessioncompute_0_ID0000003 (10100.0.0)
01/20/17 19:36:29 Number of idle job procs: 4
01/20/17 19:36:29 DAG status: 0 (DAG_STATUS_OK)
01/20/17 19:36:29 Of 30 nodes total:
01/20/17 19:36:29  Done     Pre   Queued    Post   Ready   Un-Ready   Failed
01/20/17 19:36:29   ===     ===      ===     ===     ===        ===      ===
01/20/17 19:36:29    14       0        5       0       1         10        0
01/20/17 19:36:29 0 job proc(s) currently held
01/20/17 19:36:34 Submitting Condor Node sessioncompute_2_ID0000005 job(s)...
01/20/17 19:36:34 Adding a DAGMan workflow log /home/ubuntu/wikiflow/6_wikiflow_1sh_1s_annot/dags/ubuntu/pegasus/example_workflow/20170120T183334+0000/./example_workflow-0.dag.nodes.log
01/20/17 19:36:34 Masking the events recorded in the DAGMAN workflow log
01/20/17 19:36:34 Mask for workflow log is 0,1,2,4,5,7,9,10,11,12,13,16,17,24,27
01/20/17 19:36:34 submitting: /usr/bin/condor_submit -a dag_node_name' '=' 'sessioncompute_2_ID0000005 -a +DAGManJobId' '=' '10081 -a DAGManJobId' '=' '10081 -a submit_event_notes' '=' 'DAG' 'Node:' 'sessioncompute_2_ID0000005 -a dagman_log' '=' '/home/ubuntu/wikiflow/6_wikiflow_1sh_1s_annot/dags/ubuntu/pegasus/example_workflow/20170120T183334+0000/./example_workflow-0.dag.nodes.log -a +DAGManNodesMask' '=' '"0,1,2,4,5,7,9,10,11,12,13,16,17,24,27" -a DAG_STATUS' '=' '0 -a FAILED_COUNT' '=' '0 -a +DAGParentNodeNames' '=' '"stage_in_local_local_2_0,computeusergroup_0_ID0000002" -a +KeepClaimIdle' '=' '20 -a notification' '=' 'never 00/00/sessioncompute_2_ID0000005.sub
01/20/17 19:36:34 From submit: Submitting job(s).
01/20/17 19:36:34 From submit: 1 job(s) submitted to cluster 10101.
01/20/17 19:36:34 	assigned Condor ID (10101.0.0)
01/20/17 19:36:34 Just submitted 1 job this cycle...
01/20/17 19:36:34 Currently monitoring 1 Condor log file(s)
01/20/17 19:36:34 Event: ULOG_JOB_TERMINATED for Condor Node clean_up_local_level_4_0 (10096.0.0)
01/20/17 19:36:34 Number of idle job procs: 4
01/20/17 19:36:34 Node clean_up_local_level_4_0 job proc (10096.0.0) completed successfully.
01/20/17 19:36:34 Node clean_up_local_level_4_0 job completed
01/20/17 19:36:34 Running POST script of Node clean_up_local_level_4_0...
01/20/17 19:36:34 Warning: mysin has length 0 (ignore if produced by DAGMan; see gittrac #4987, #5031)
01/20/17 19:36:34 Event: ULOG_EXECUTE for Condor Node stage_out_local_local_1_0 (10098.0.0)
01/20/17 19:36:34 Number of idle job procs: 3
01/20/17 19:36:34 Event: ULOG_EXECUTE for Condor Node stage_out_local_local_1_1 (10099.0.0)
01/20/17 19:36:34 Number of idle job procs: 2
01/20/17 19:36:34 Reassigning the id of job sessioncompute_2_ID0000005 from (10101.0.0) to (10101.0.0)
01/20/17 19:36:34 Event: ULOG_SUBMIT for Condor Node sessioncompute_2_ID0000005 (10101.0.0)
01/20/17 19:36:34 Number of idle job procs: 3
01/20/17 19:36:34 DAG status: 0 (DAG_STATUS_OK)
01/20/17 19:36:34 Of 30 nodes total:
01/20/17 19:36:34  Done     Pre   Queued    Post   Ready   Un-Ready   Failed
01/20/17 19:36:34   ===     ===      ===     ===     ===        ===      ===
01/20/17 19:36:34    14       0        5       1       0         10        0
01/20/17 19:36:34 0 job proc(s) currently held
01/20/17 19:36:34 Initializing user log writer for /home/ubuntu/wikiflow/6_wikiflow_1sh_1s_annot/dags/ubuntu/pegasus/example_workflow/20170120T183334+0000/./example_workflow-0.dag.nodes.log, (10096.0.0)
01/20/17 19:36:39 Currently monitoring 1 Condor log file(s)
01/20/17 19:36:39 Event: ULOG_POST_SCRIPT_TERMINATED for Condor Node clean_up_local_level_4_0 (10096.0.0)
01/20/17 19:36:39 POST Script of Node clean_up_local_level_4_0 completed successfully.
01/20/17 19:36:39 Event: ULOG_JOB_TERMINATED for Condor Node stage_out_local_local_1_1 (10099.0.0)
01/20/17 19:36:39 Number of idle job procs: 3
01/20/17 19:36:39 Node stage_out_local_local_1_1 job proc (10099.0.0) completed successfully.
01/20/17 19:36:39 Node stage_out_local_local_1_1 job completed
01/20/17 19:36:39 Running POST script of Node stage_out_local_local_1_1...
01/20/17 19:36:39 Warning: mysin has length 0 (ignore if produced by DAGMan; see gittrac #4987, #5031)
01/20/17 19:36:39 Event: ULOG_JOB_TERMINATED for Condor Node stage_out_local_local_1_0 (10098.0.0)
01/20/17 19:36:39 Number of idle job procs: 3
01/20/17 19:36:39 Node stage_out_local_local_1_0 job proc (10098.0.0) completed successfully.
01/20/17 19:36:39 Node stage_out_local_local_1_0 job completed
01/20/17 19:36:39 Running POST script of Node stage_out_local_local_1_0...
01/20/17 19:36:39 Warning: mysin has length 0 (ignore if produced by DAGMan; see gittrac #4987, #5031)
01/20/17 19:36:39 DAG status: 0 (DAG_STATUS_OK)
01/20/17 19:36:39 Of 30 nodes total:
01/20/17 19:36:39  Done     Pre   Queued    Post   Ready   Un-Ready   Failed
01/20/17 19:36:39   ===     ===      ===     ===     ===        ===      ===
01/20/17 19:36:39    15       0        3       2       0         10        0
01/20/17 19:36:39 0 job proc(s) currently held
01/20/17 19:36:39 Initializing user log writer for /home/ubuntu/wikiflow/6_wikiflow_1sh_1s_annot/dags/ubuntu/pegasus/example_workflow/20170120T183334+0000/./example_workflow-0.dag.nodes.log, (10099.0.0)
01/20/17 19:36:39 Initializing user log writer for /home/ubuntu/wikiflow/6_wikiflow_1sh_1s_annot/dags/ubuntu/pegasus/example_workflow/20170120T183334+0000/./example_workflow-0.dag.nodes.log, (10098.0.0)
01/20/17 19:36:44 Currently monitoring 1 Condor log file(s)
01/20/17 19:36:44 Event: ULOG_POST_SCRIPT_TERMINATED for Condor Node stage_out_local_local_1_1 (10099.0.0)
01/20/17 19:36:44 POST Script of Node stage_out_local_local_1_1 completed successfully.
01/20/17 19:36:44 Event: ULOG_POST_SCRIPT_TERMINATED for Condor Node stage_out_local_local_1_0 (10098.0.0)
01/20/17 19:36:44 POST Script of Node stage_out_local_local_1_0 completed successfully.
01/20/17 19:36:44 DAG status: 0 (DAG_STATUS_OK)
01/20/17 19:36:44 Of 30 nodes total:
01/20/17 19:36:44  Done     Pre   Queued    Post   Ready   Un-Ready   Failed
01/20/17 19:36:44   ===     ===      ===     ===     ===        ===      ===
01/20/17 19:36:44    17       0        3       0       0         10        0
01/20/17 19:36:44 0 job proc(s) currently held
01/20/17 19:36:49 Currently monitoring 1 Condor log file(s)
01/20/17 19:36:49 Event: ULOG_EXECUTE for Condor Node sessioncompute_2_ID0000005 (10101.0.0)
01/20/17 19:36:49 Number of idle job procs: 2
01/20/17 19:36:49 Event: ULOG_EXECUTE for Condor Node sessioncompute_0_ID0000003 (10100.0.0)
01/20/17 19:36:49 Number of idle job procs: 1
01/20/17 19:36:49 Event: ULOG_EXECUTE for Condor Node sessioncompute_1_ID0000004 (10097.0.0)
01/20/17 19:36:49 Number of idle job procs: 0
01/20/17 19:43:15 Currently monitoring 1 Condor log file(s)
01/20/17 19:43:15 Event: ULOG_JOB_TERMINATED for Condor Node sessioncompute_0_ID0000003 (10100.0.0)
01/20/17 19:43:15 Number of idle job procs: 0
01/20/17 19:43:15 Node sessioncompute_0_ID0000003 job proc (10100.0.0) completed successfully.
01/20/17 19:43:15 Node sessioncompute_0_ID0000003 job completed
01/20/17 19:43:15 Running POST script of Node sessioncompute_0_ID0000003...
01/20/17 19:43:15 Warning: mysin has length 0 (ignore if produced by DAGMan; see gittrac #4987, #5031)
01/20/17 19:43:15 DAG status: 0 (DAG_STATUS_OK)
01/20/17 19:43:15 Of 30 nodes total:
01/20/17 19:43:15  Done     Pre   Queued    Post   Ready   Un-Ready   Failed
01/20/17 19:43:15   ===     ===      ===     ===     ===        ===      ===
01/20/17 19:43:15    17       0        2       1       0         10        0
01/20/17 19:43:15 0 job proc(s) currently held
01/20/17 19:43:15 Initializing user log writer for /home/ubuntu/wikiflow/6_wikiflow_1sh_1s_annot/dags/ubuntu/pegasus/example_workflow/20170120T183334+0000/./example_workflow-0.dag.nodes.log, (10100.0.0)
01/20/17 19:43:20 Currently monitoring 1 Condor log file(s)
01/20/17 19:43:20 Event: ULOG_POST_SCRIPT_TERMINATED for Condor Node sessioncompute_0_ID0000003 (10100.0.0)
01/20/17 19:43:20 POST Script of Node sessioncompute_0_ID0000003 completed successfully.
01/20/17 19:43:20 DAG status: 0 (DAG_STATUS_OK)
01/20/17 19:43:20 Of 30 nodes total:
01/20/17 19:43:20  Done     Pre   Queued    Post   Ready   Un-Ready   Failed
01/20/17 19:43:20   ===     ===      ===     ===     ===        ===      ===
01/20/17 19:43:20    18       0        2       0       0         10        0
01/20/17 19:43:20 0 job proc(s) currently held
01/20/17 19:43:30 Currently monitoring 1 Condor log file(s)
01/20/17 19:43:30 Event: ULOG_JOB_TERMINATED for Condor Node sessioncompute_2_ID0000005 (10101.0.0)
01/20/17 19:43:30 Number of idle job procs: 0
01/20/17 19:43:30 Node sessioncompute_2_ID0000005 job proc (10101.0.0) completed successfully.
01/20/17 19:43:30 Node sessioncompute_2_ID0000005 job completed
01/20/17 19:43:30 Running POST script of Node sessioncompute_2_ID0000005...
01/20/17 19:43:30 Warning: mysin has length 0 (ignore if produced by DAGMan; see gittrac #4987, #5031)
01/20/17 19:43:30 DAG status: 0 (DAG_STATUS_OK)
01/20/17 19:43:30 Of 30 nodes total:
01/20/17 19:43:30  Done     Pre   Queued    Post   Ready   Un-Ready   Failed
01/20/17 19:43:30   ===     ===      ===     ===     ===        ===      ===
01/20/17 19:43:30    18       0        1       1       0         10        0
01/20/17 19:43:30 0 job proc(s) currently held
01/20/17 19:43:30 Initializing user log writer for /home/ubuntu/wikiflow/6_wikiflow_1sh_1s_annot/dags/ubuntu/pegasus/example_workflow/20170120T183334+0000/./example_workflow-0.dag.nodes.log, (10101.0.0)
01/20/17 19:43:35 Currently monitoring 1 Condor log file(s)
01/20/17 19:43:35 Event: ULOG_POST_SCRIPT_TERMINATED for Condor Node sessioncompute_2_ID0000005 (10101.0.0)
01/20/17 19:43:35 POST Script of Node sessioncompute_2_ID0000005 completed successfully.
01/20/17 19:43:35 DAG status: 0 (DAG_STATUS_OK)
01/20/17 19:43:35 Of 30 nodes total:
01/20/17 19:43:35  Done     Pre   Queued    Post   Ready   Un-Ready   Failed
01/20/17 19:43:35   ===     ===      ===     ===     ===        ===      ===
01/20/17 19:43:35    19       0        1       0       1          9        0
01/20/17 19:43:35 0 job proc(s) currently held
01/20/17 19:43:40 Submitting Condor Node clean_up_local_level_5_1 job(s)...
01/20/17 19:43:40 Adding a DAGMan workflow log /home/ubuntu/wikiflow/6_wikiflow_1sh_1s_annot/dags/ubuntu/pegasus/example_workflow/20170120T183334+0000/./example_workflow-0.dag.nodes.log
01/20/17 19:43:40 Masking the events recorded in the DAGMAN workflow log
01/20/17 19:43:40 Mask for workflow log is 0,1,2,4,5,7,9,10,11,12,13,16,17,24,27
01/20/17 19:43:40 submitting: /usr/bin/condor_submit -a dag_node_name' '=' 'clean_up_local_level_5_1 -a +DAGManJobId' '=' '10081 -a DAGManJobId' '=' '10081 -a submit_event_notes' '=' 'DAG' 'Node:' 'clean_up_local_level_5_1 -a dagman_log' '=' '/home/ubuntu/wikiflow/6_wikiflow_1sh_1s_annot/dags/ubuntu/pegasus/example_workflow/20170120T183334+0000/./example_workflow-0.dag.nodes.log -a +DAGManNodesMask' '=' '"0,1,2,4,5,7,9,10,11,12,13,16,17,24,27" -a DAG_STATUS' '=' '0 -a FAILED_COUNT' '=' '0 -a +DAGParentNodeNames' '=' '"sessioncompute_0_ID0000003,sessioncompute_2_ID0000005" -a +KeepClaimIdle' '=' '20 -a notification' '=' 'never 00/00/clean_up_local_level_5_1.sub
01/20/17 19:43:40 From submit: Submitting job(s).
01/20/17 19:43:40 From submit: 1 job(s) submitted to cluster 10102.
01/20/17 19:43:40 	assigned Condor ID (10102.0.0)
01/20/17 19:43:40 Just submitted 1 job this cycle...
01/20/17 19:43:40 Currently monitoring 1 Condor log file(s)
01/20/17 19:43:40 Event: ULOG_JOB_TERMINATED for Condor Node sessioncompute_1_ID0000004 (10097.0.0)
01/20/17 19:43:40 Number of idle job procs: 0
01/20/17 19:43:40 Node sessioncompute_1_ID0000004 job proc (10097.0.0) completed successfully.
01/20/17 19:43:40 Node sessioncompute_1_ID0000004 job completed
01/20/17 19:43:40 Running POST script of Node sessioncompute_1_ID0000004...
01/20/17 19:43:40 Warning: mysin has length 0 (ignore if produced by DAGMan; see gittrac #4987, #5031)
01/20/17 19:43:40 Reassigning the id of job clean_up_local_level_5_1 from (10102.0.0) to (10102.0.0)
01/20/17 19:43:40 Event: ULOG_SUBMIT for Condor Node clean_up_local_level_5_1 (10102.0.0)
01/20/17 19:43:40 Number of idle job procs: 1
01/20/17 19:43:40 DAG status: 0 (DAG_STATUS_OK)
01/20/17 19:43:40 Of 30 nodes total:
01/20/17 19:43:40  Done     Pre   Queued    Post   Ready   Un-Ready   Failed
01/20/17 19:43:40   ===     ===      ===     ===     ===        ===      ===
01/20/17 19:43:40    19       0        1       1       0          9        0
01/20/17 19:43:40 0 job proc(s) currently held
01/20/17 19:43:41 Initializing user log writer for /home/ubuntu/wikiflow/6_wikiflow_1sh_1s_annot/dags/ubuntu/pegasus/example_workflow/20170120T183334+0000/./example_workflow-0.dag.nodes.log, (10097.0.0)
01/20/17 19:43:45 Currently monitoring 1 Condor log file(s)
01/20/17 19:43:45 Event: ULOG_EXECUTE for Condor Node clean_up_local_level_5_1 (10102.0.0)
01/20/17 19:43:45 Number of idle job procs: 0
01/20/17 19:43:45 Event: ULOG_POST_SCRIPT_TERMINATED for Condor Node sessioncompute_1_ID0000004 (10097.0.0)
01/20/17 19:43:45 POST Script of Node sessioncompute_1_ID0000004 completed successfully.
01/20/17 19:43:45 Event: ULOG_JOB_TERMINATED for Condor Node clean_up_local_level_5_1 (10102.0.0)
01/20/17 19:43:45 Number of idle job procs: 0
01/20/17 19:43:45 Node clean_up_local_level_5_1 job proc (10102.0.0) completed successfully.
01/20/17 19:43:45 Node clean_up_local_level_5_1 job completed
01/20/17 19:43:45 Running POST script of Node clean_up_local_level_5_1...
01/20/17 19:43:45 Warning: mysin has length 0 (ignore if produced by DAGMan; see gittrac #4987, #5031)
01/20/17 19:43:45 DAG status: 0 (DAG_STATUS_OK)
01/20/17 19:43:45 Of 30 nodes total:
01/20/17 19:43:45  Done     Pre   Queued    Post   Ready   Un-Ready   Failed
01/20/17 19:43:45   ===     ===      ===     ===     ===        ===      ===
01/20/17 19:43:45    20       0        0       1       4          5        0
01/20/17 19:43:45 0 job proc(s) currently held
01/20/17 19:43:45 Initializing user log writer for /home/ubuntu/wikiflow/6_wikiflow_1sh_1s_annot/dags/ubuntu/pegasus/example_workflow/20170120T183334+0000/./example_workflow-0.dag.nodes.log, (10102.0.0)
01/20/17 19:43:50 Submitting Condor Node longestsession_2_ID0000008 job(s)...
01/20/17 19:43:50 Adding a DAGMan workflow log /home/ubuntu/wikiflow/6_wikiflow_1sh_1s_annot/dags/ubuntu/pegasus/example_workflow/20170120T183334+0000/./example_workflow-0.dag.nodes.log
01/20/17 19:43:50 Masking the events recorded in the DAGMAN workflow log
01/20/17 19:43:50 Mask for workflow log is 0,1,2,4,5,7,9,10,11,12,13,16,17,24,27
01/20/17 19:43:50 submitting: /usr/bin/condor_submit -a dag_node_name' '=' 'longestsession_2_ID0000008 -a +DAGManJobId' '=' '10081 -a DAGManJobId' '=' '10081 -a submit_event_notes' '=' 'DAG' 'Node:' 'longestsession_2_ID0000008 -a dagman_log' '=' '/home/ubuntu/wikiflow/6_wikiflow_1sh_1s_annot/dags/ubuntu/pegasus/example_workflow/20170120T183334+0000/./example_workflow-0.dag.nodes.log -a +DAGManNodesMask' '=' '"0,1,2,4,5,7,9,10,11,12,13,16,17,24,27" -a DAG_STATUS' '=' '0 -a FAILED_COUNT' '=' '0 -a +DAGParentNodeNames' '=' '"stage_in_local_local_3_0,stage_in_remote_local_3_0,sessioncompute_1_ID0000004,sessioncompute_0_ID0000003,sessioncompute_2_ID0000005" -a +KeepClaimIdle' '=' '20 -a notification' '=' 'never 00/00/longestsession_2_ID0000008.sub
01/20/17 19:43:50 From submit: Submitting job(s).
01/20/17 19:43:50 From submit: 1 job(s) submitted to cluster 10103.
01/20/17 19:43:50 	assigned Condor ID (10103.0.0)
01/20/17 19:43:50 Submitting Condor Node longestsession_1_ID0000007 job(s)...
01/20/17 19:43:50 Adding a DAGMan workflow log /home/ubuntu/wikiflow/6_wikiflow_1sh_1s_annot/dags/ubuntu/pegasus/example_workflow/20170120T183334+0000/./example_workflow-0.dag.nodes.log
01/20/17 19:43:50 Masking the events recorded in the DAGMAN workflow log
01/20/17 19:43:50 Mask for workflow log is 0,1,2,4,5,7,9,10,11,12,13,16,17,24,27
01/20/17 19:43:50 submitting: /usr/bin/condor_submit -a dag_node_name' '=' 'longestsession_1_ID0000007 -a +DAGManJobId' '=' '10081 -a DAGManJobId' '=' '10081 -a submit_event_notes' '=' 'DAG' 'Node:' 'longestsession_1_ID0000007 -a dagman_log' '=' '/home/ubuntu/wikiflow/6_wikiflow_1sh_1s_annot/dags/ubuntu/pegasus/example_workflow/20170120T183334+0000/./example_workflow-0.dag.nodes.log -a +DAGManNodesMask' '=' '"0,1,2,4,5,7,9,10,11,12,13,16,17,24,27" -a DAG_STATUS' '=' '0 -a FAILED_COUNT' '=' '0 -a +DAGParentNodeNames' '=' '"stage_in_local_local_3_1,stage_in_remote_local_3_1,sessioncompute_1_ID0000004,sessioncompute_0_ID0000003,sessioncompute_2_ID0000005" -a +KeepClaimIdle' '=' '20 -a notification' '=' 'never 00/00/longestsession_1_ID0000007.sub
01/20/17 19:43:50 From submit: Submitting job(s).
01/20/17 19:43:50 From submit: 1 job(s) submitted to cluster 10104.
01/20/17 19:43:50 	assigned Condor ID (10104.0.0)
01/20/17 19:43:50 Submitting Condor Node clean_up_local_level_5_0 job(s)...
01/20/17 19:43:50 Adding a DAGMan workflow log /home/ubuntu/wikiflow/6_wikiflow_1sh_1s_annot/dags/ubuntu/pegasus/example_workflow/20170120T183334+0000/./example_workflow-0.dag.nodes.log
01/20/17 19:43:50 Masking the events recorded in the DAGMAN workflow log
01/20/17 19:43:50 Mask for workflow log is 0,1,2,4,5,7,9,10,11,12,13,16,17,24,27
01/20/17 19:43:50 submitting: /usr/bin/condor_submit -a dag_node_name' '=' 'clean_up_local_level_5_0 -a +DAGManJobId' '=' '10081 -a DAGManJobId' '=' '10081 -a submit_event_notes' '=' 'DAG' 'Node:' 'clean_up_local_level_5_0 -a dagman_log' '=' '/home/ubuntu/wikiflow/6_wikiflow_1sh_1s_annot/dags/ubuntu/pegasus/example_workflow/20170120T183334+0000/./example_workflow-0.dag.nodes.log -a +DAGManNodesMask' '=' '"0,1,2,4,5,7,9,10,11,12,13,16,17,24,27" -a DAG_STATUS' '=' '0 -a FAILED_COUNT' '=' '0 -a +DAGParentNodeNames' '=' '"sessioncompute_1_ID0000004,stage_out_local_local_1_0,stage_out_local_local_1_1,sessioncompute_0_ID0000003,sessioncompute_2_ID0000005" -a +KeepClaimIdle' '=' '20 -a notification' '=' 'never 00/00/clean_up_local_level_5_0.sub
01/20/17 19:43:50 From submit: Submitting job(s).
01/20/17 19:43:50 From submit: 1 job(s) submitted to cluster 10105.
01/20/17 19:43:50 	assigned Condor ID (10105.0.0)
01/20/17 19:43:50 Submitting Condor Node longestsession_0_ID0000006 job(s)...
01/20/17 19:43:50 Adding a DAGMan workflow log /home/ubuntu/wikiflow/6_wikiflow_1sh_1s_annot/dags/ubuntu/pegasus/example_workflow/20170120T183334+0000/./example_workflow-0.dag.nodes.log
01/20/17 19:43:50 Masking the events recorded in the DAGMAN workflow log
01/20/17 19:43:50 Mask for workflow log is 0,1,2,4,5,7,9,10,11,12,13,16,17,24,27
01/20/17 19:43:50 submitting: /usr/bin/condor_submit -a dag_node_name' '=' 'longestsession_0_ID0000006 -a +DAGManJobId' '=' '10081 -a DAGManJobId' '=' '10081 -a submit_event_notes' '=' 'DAG' 'Node:' 'longestsession_0_ID0000006 -a dagman_log' '=' '/home/ubuntu/wikiflow/6_wikiflow_1sh_1s_annot/dags/ubuntu/pegasus/example_workflow/20170120T183334+0000/./example_workflow-0.dag.nodes.log -a +DAGManNodesMask' '=' '"0,1,2,4,5,7,9,10,11,12,13,16,17,24,27" -a DAG_STATUS' '=' '0 -a FAILED_COUNT' '=' '0 -a +DAGParentNodeNames' '=' '"stage_in_local_local_3_0,stage_in_remote_local_3_0,sessioncompute_1_ID0000004,sessioncompute_0_ID0000003,sessioncompute_2_ID0000005" -a +KeepClaimIdle' '=' '20 -a notification' '=' 'never 00/00/longestsession_0_ID0000006.sub
01/20/17 19:43:50 From submit: Submitting job(s).
01/20/17 19:43:50 From submit: 1 job(s) submitted to cluster 10106.
01/20/17 19:43:50 	assigned Condor ID (10106.0.0)
01/20/17 19:43:50 Just submitted 4 jobs this cycle...
01/20/17 19:43:50 Currently monitoring 1 Condor log file(s)
01/20/17 19:43:50 Event: ULOG_POST_SCRIPT_TERMINATED for Condor Node clean_up_local_level_5_1 (10102.0.0)
01/20/17 19:43:50 POST Script of Node clean_up_local_level_5_1 completed successfully.
01/20/17 19:43:50 Reassigning the id of job longestsession_2_ID0000008 from (10103.0.0) to (10103.0.0)
01/20/17 19:43:50 Event: ULOG_SUBMIT for Condor Node longestsession_2_ID0000008 (10103.0.0)
01/20/17 19:43:50 Number of idle job procs: 1
01/20/17 19:43:50 Reassigning the id of job longestsession_1_ID0000007 from (10104.0.0) to (10104.0.0)
01/20/17 19:43:50 Event: ULOG_SUBMIT for Condor Node longestsession_1_ID0000007 (10104.0.0)
01/20/17 19:43:50 Number of idle job procs: 2
01/20/17 19:43:50 Reassigning the id of job clean_up_local_level_5_0 from (10105.0.0) to (10105.0.0)
01/20/17 19:43:50 Event: ULOG_SUBMIT for Condor Node clean_up_local_level_5_0 (10105.0.0)
01/20/17 19:43:50 Number of idle job procs: 3
01/20/17 19:43:50 Reassigning the id of job longestsession_0_ID0000006 from (10106.0.0) to (10106.0.0)
01/20/17 19:43:50 Event: ULOG_SUBMIT for Condor Node longestsession_0_ID0000006 (10106.0.0)
01/20/17 19:43:50 Number of idle job procs: 4
01/20/17 19:43:50 DAG status: 0 (DAG_STATUS_OK)
01/20/17 19:43:50 Of 30 nodes total:
01/20/17 19:43:50  Done     Pre   Queued    Post   Ready   Un-Ready   Failed
01/20/17 19:43:50   ===     ===      ===     ===     ===        ===      ===
01/20/17 19:43:50    21       0        4       0       0          5        0
01/20/17 19:43:50 0 job proc(s) currently held
01/20/17 19:43:55 Currently monitoring 1 Condor log file(s)
01/20/17 19:43:55 Event: ULOG_EXECUTE for Condor Node longestsession_2_ID0000008 (10103.0.0)
01/20/17 19:43:55 Number of idle job procs: 3
01/20/17 19:43:55 Event: ULOG_EXECUTE for Condor Node longestsession_1_ID0000007 (10104.0.0)
01/20/17 19:43:55 Number of idle job procs: 2
01/20/17 19:44:00 Currently monitoring 1 Condor log file(s)
01/20/17 19:44:00 Event: ULOG_EXECUTE for Condor Node clean_up_local_level_5_0 (10105.0.0)
01/20/17 19:44:00 Number of idle job procs: 1
01/20/17 19:44:00 Event: ULOG_JOB_TERMINATED for Condor Node longestsession_1_ID0000007 (10104.0.0)
01/20/17 19:44:00 Number of idle job procs: 1
01/20/17 19:44:00 Node longestsession_1_ID0000007 job proc (10104.0.0) completed successfully.
01/20/17 19:44:00 Node longestsession_1_ID0000007 job completed
01/20/17 19:44:00 Running POST script of Node longestsession_1_ID0000007...
01/20/17 19:44:00 Warning: mysin has length 0 (ignore if produced by DAGMan; see gittrac #4987, #5031)
01/20/17 19:44:00 Event: ULOG_EXECUTE for Condor Node longestsession_0_ID0000006 (10106.0.0)
01/20/17 19:44:00 Number of idle job procs: 0
01/20/17 19:44:00 DAG status: 0 (DAG_STATUS_OK)
01/20/17 19:44:00 Of 30 nodes total:
01/20/17 19:44:00  Done     Pre   Queued    Post   Ready   Un-Ready   Failed
01/20/17 19:44:00   ===     ===      ===     ===     ===        ===      ===
01/20/17 19:44:00    21       0        3       1       0          5        0
01/20/17 19:44:00 0 job proc(s) currently held
01/20/17 19:44:00 Initializing user log writer for /home/ubuntu/wikiflow/6_wikiflow_1sh_1s_annot/dags/ubuntu/pegasus/example_workflow/20170120T183334+0000/./example_workflow-0.dag.nodes.log, (10104.0.0)
01/20/17 19:44:05 Currently monitoring 1 Condor log file(s)
01/20/17 19:44:05 Event: ULOG_POST_SCRIPT_TERMINATED for Condor Node longestsession_1_ID0000007 (10104.0.0)
01/20/17 19:44:05 POST Script of Node longestsession_1_ID0000007 completed successfully.
01/20/17 19:44:05 Event: ULOG_JOB_TERMINATED for Condor Node longestsession_2_ID0000008 (10103.0.0)
01/20/17 19:44:05 Number of idle job procs: 0
01/20/17 19:44:05 Node longestsession_2_ID0000008 job proc (10103.0.0) completed successfully.
01/20/17 19:44:05 Node longestsession_2_ID0000008 job completed
01/20/17 19:44:05 Running POST script of Node longestsession_2_ID0000008...
01/20/17 19:44:05 Warning: mysin has length 0 (ignore if produced by DAGMan; see gittrac #4987, #5031)
01/20/17 19:44:05 Event: ULOG_JOB_TERMINATED for Condor Node clean_up_local_level_5_0 (10105.0.0)
01/20/17 19:44:05 Number of idle job procs: 0
01/20/17 19:44:05 Node clean_up_local_level_5_0 job proc (10105.0.0) completed successfully.
01/20/17 19:44:05 Node clean_up_local_level_5_0 job completed
01/20/17 19:44:05 Running POST script of Node clean_up_local_level_5_0...
01/20/17 19:44:05 Warning: mysin has length 0 (ignore if produced by DAGMan; see gittrac #4987, #5031)
01/20/17 19:44:05 Event: ULOG_JOB_TERMINATED for Condor Node longestsession_0_ID0000006 (10106.0.0)
01/20/17 19:44:05 Number of idle job procs: 0
01/20/17 19:44:05 Node longestsession_0_ID0000006 job proc (10106.0.0) completed successfully.
01/20/17 19:44:05 Node longestsession_0_ID0000006 job completed
01/20/17 19:44:05 Running POST script of Node longestsession_0_ID0000006...
01/20/17 19:44:05 Warning: mysin has length 0 (ignore if produced by DAGMan; see gittrac #4987, #5031)
01/20/17 19:44:05 DAG status: 0 (DAG_STATUS_OK)
01/20/17 19:44:05 Of 30 nodes total:
01/20/17 19:44:05  Done     Pre   Queued    Post   Ready   Un-Ready   Failed
01/20/17 19:44:05   ===     ===      ===     ===     ===        ===      ===
01/20/17 19:44:05    22       0        0       3       0          5        0
01/20/17 19:44:05 0 job proc(s) currently held
01/20/17 19:44:06 Initializing user log writer for /home/ubuntu/wikiflow/6_wikiflow_1sh_1s_annot/dags/ubuntu/pegasus/example_workflow/20170120T183334+0000/./example_workflow-0.dag.nodes.log, (10105.0.0)
01/20/17 19:44:06 Initializing user log writer for /home/ubuntu/wikiflow/6_wikiflow_1sh_1s_annot/dags/ubuntu/pegasus/example_workflow/20170120T183334+0000/./example_workflow-0.dag.nodes.log, (10106.0.0)
01/20/17 19:44:06 Initializing user log writer for /home/ubuntu/wikiflow/6_wikiflow_1sh_1s_annot/dags/ubuntu/pegasus/example_workflow/20170120T183334+0000/./example_workflow-0.dag.nodes.log, (10103.0.0)
01/20/17 19:44:10 Currently monitoring 1 Condor log file(s)
01/20/17 19:44:10 Event: ULOG_POST_SCRIPT_TERMINATED for Condor Node clean_up_local_level_5_0 (10105.0.0)
01/20/17 19:44:10 POST Script of Node clean_up_local_level_5_0 completed successfully.
01/20/17 19:44:10 Event: ULOG_POST_SCRIPT_TERMINATED for Condor Node longestsession_0_ID0000006 (10106.0.0)
01/20/17 19:44:10 POST Script of Node longestsession_0_ID0000006 completed successfully.
01/20/17 19:44:10 Event: ULOG_POST_SCRIPT_TERMINATED for Condor Node longestsession_2_ID0000008 (10103.0.0)
01/20/17 19:44:10 POST Script of Node longestsession_2_ID0000008 completed successfully.
01/20/17 19:44:10 DAG status: 0 (DAG_STATUS_OK)
01/20/17 19:44:10 Of 30 nodes total:
01/20/17 19:44:10  Done     Pre   Queued    Post   Ready   Un-Ready   Failed
01/20/17 19:44:10   ===     ===      ===     ===     ===        ===      ===
01/20/17 19:44:10    25       0        0       0       3          2        0
01/20/17 19:44:10 0 job proc(s) currently held
01/20/17 19:44:15 Submitting Condor Node clean_up_local_level_6_1 job(s)...
01/20/17 19:44:15 Adding a DAGMan workflow log /home/ubuntu/wikiflow/6_wikiflow_1sh_1s_annot/dags/ubuntu/pegasus/example_workflow/20170120T183334+0000/./example_workflow-0.dag.nodes.log
01/20/17 19:44:15 Masking the events recorded in the DAGMAN workflow log
01/20/17 19:44:15 Mask for workflow log is 0,1,2,4,5,7,9,10,11,12,13,16,17,24,27
01/20/17 19:44:15 submitting: /usr/bin/condor_submit -a dag_node_name' '=' 'clean_up_local_level_6_1 -a +DAGManJobId' '=' '10081 -a DAGManJobId' '=' '10081 -a submit_event_notes' '=' 'DAG' 'Node:' 'clean_up_local_level_6_1 -a dagman_log' '=' '/home/ubuntu/wikiflow/6_wikiflow_1sh_1s_annot/dags/ubuntu/pegasus/example_workflow/20170120T183334+0000/./example_workflow-0.dag.nodes.log -a +DAGManNodesMask' '=' '"0,1,2,4,5,7,9,10,11,12,13,16,17,24,27" -a DAG_STATUS' '=' '0 -a FAILED_COUNT' '=' '0 -a +DAGParentNodeNames' '=' '"longestsession_0_ID0000006" -a +KeepClaimIdle' '=' '20 -a notification' '=' 'never 00/00/clean_up_local_level_6_1.sub
01/20/17 19:44:15 From submit: Submitting job(s).
01/20/17 19:44:15 From submit: 1 job(s) submitted to cluster 10107.
01/20/17 19:44:15 	assigned Condor ID (10107.0.0)
01/20/17 19:44:15 Submitting Condor Node clean_up_local_level_6_0 job(s)...
01/20/17 19:44:15 Adding a DAGMan workflow log /home/ubuntu/wikiflow/6_wikiflow_1sh_1s_annot/dags/ubuntu/pegasus/example_workflow/20170120T183334+0000/./example_workflow-0.dag.nodes.log
01/20/17 19:44:15 Masking the events recorded in the DAGMAN workflow log
01/20/17 19:44:15 Mask for workflow log is 0,1,2,4,5,7,9,10,11,12,13,16,17,24,27
01/20/17 19:44:15 submitting: /usr/bin/condor_submit -a dag_node_name' '=' 'clean_up_local_level_6_0 -a +DAGManJobId' '=' '10081 -a DAGManJobId' '=' '10081 -a submit_event_notes' '=' 'DAG' 'Node:' 'clean_up_local_level_6_0 -a dagman_log' '=' '/home/ubuntu/wikiflow/6_wikiflow_1sh_1s_annot/dags/ubuntu/pegasus/example_workflow/20170120T183334+0000/./example_workflow-0.dag.nodes.log -a +DAGManNodesMask' '=' '"0,1,2,4,5,7,9,10,11,12,13,16,17,24,27" -a DAG_STATUS' '=' '0 -a FAILED_COUNT' '=' '0 -a +DAGParentNodeNames' '=' '"longestsession_2_ID0000008,longestsession_1_ID0000007" -a +KeepClaimIdle' '=' '20 -a notification' '=' 'never 00/00/clean_up_local_level_6_0.sub
01/20/17 19:44:15 From submit: Submitting job(s).
01/20/17 19:44:15 From submit: 1 job(s) submitted to cluster 10108.
01/20/17 19:44:15 	assigned Condor ID (10108.0.0)
01/20/17 19:44:15 Submitting Condor Node terminate_0_ID0000009 job(s)...
01/20/17 19:44:15 Adding a DAGMan workflow log /home/ubuntu/wikiflow/6_wikiflow_1sh_1s_annot/dags/ubuntu/pegasus/example_workflow/20170120T183334+0000/./example_workflow-0.dag.nodes.log
01/20/17 19:44:15 Masking the events recorded in the DAGMAN workflow log
01/20/17 19:44:15 Mask for workflow log is 0,1,2,4,5,7,9,10,11,12,13,16,17,24,27
01/20/17 19:44:15 submitting: /usr/bin/condor_submit -a dag_node_name' '=' 'terminate_0_ID0000009 -a +DAGManJobId' '=' '10081 -a DAGManJobId' '=' '10081 -a submit_event_notes' '=' 'DAG' 'Node:' 'terminate_0_ID0000009 -a dagman_log' '=' '/home/ubuntu/wikiflow/6_wikiflow_1sh_1s_annot/dags/ubuntu/pegasus/example_workflow/20170120T183334+0000/./example_workflow-0.dag.nodes.log -a +DAGManNodesMask' '=' '"0,1,2,4,5,7,9,10,11,12,13,16,17,24,27" -a DAG_STATUS' '=' '0 -a FAILED_COUNT' '=' '0 -a +DAGParentNodeNames' '=' '"stage_in_local_local_4_0,longestsession_2_ID0000008,longestsession_1_ID0000007,longestsession_0_ID0000006" -a +KeepClaimIdle' '=' '20 -a notification' '=' 'never 00/00/terminate_0_ID0000009.sub
01/20/17 19:44:15 From submit: Submitting job(s).
01/20/17 19:44:15 From submit: 1 job(s) submitted to cluster 10109.
01/20/17 19:44:15 	assigned Condor ID (10109.0.0)
01/20/17 19:44:15 Just submitted 3 jobs this cycle...
01/20/17 19:44:15 Currently monitoring 1 Condor log file(s)
01/20/17 19:44:15 Reassigning the id of job clean_up_local_level_6_1 from (10107.0.0) to (10107.0.0)
01/20/17 19:44:15 Event: ULOG_SUBMIT for Condor Node clean_up_local_level_6_1 (10107.0.0)
01/20/17 19:44:15 Number of idle job procs: 1
01/20/17 19:44:15 Event: ULOG_EXECUTE for Condor Node clean_up_local_level_6_1 (10107.0.0)
01/20/17 19:44:15 Number of idle job procs: 0
01/20/17 19:44:15 Reassigning the id of job clean_up_local_level_6_0 from (10108.0.0) to (10108.0.0)
01/20/17 19:44:15 Event: ULOG_SUBMIT for Condor Node clean_up_local_level_6_0 (10108.0.0)
01/20/17 19:44:15 Number of idle job procs: 1
01/20/17 19:44:15 Reassigning the id of job terminate_0_ID0000009 from (10109.0.0) to (10109.0.0)
01/20/17 19:44:15 Event: ULOG_SUBMIT for Condor Node terminate_0_ID0000009 (10109.0.0)
01/20/17 19:44:15 Number of idle job procs: 2
01/20/17 19:44:15 DAG status: 0 (DAG_STATUS_OK)
01/20/17 19:44:15 Of 30 nodes total:
01/20/17 19:44:15  Done     Pre   Queued    Post   Ready   Un-Ready   Failed
01/20/17 19:44:15   ===     ===      ===     ===     ===        ===      ===
01/20/17 19:44:15    25       0        3       0       0          2        0
01/20/17 19:44:15 0 job proc(s) currently held
01/20/17 19:44:20 Currently monitoring 1 Condor log file(s)
01/20/17 19:44:20 Event: ULOG_EXECUTE for Condor Node terminate_0_ID0000009 (10109.0.0)
01/20/17 19:44:20 Number of idle job procs: 1
01/20/17 19:44:20 Event: ULOG_JOB_TERMINATED for Condor Node terminate_0_ID0000009 (10109.0.0)
01/20/17 19:44:20 Number of idle job procs: 1
01/20/17 19:44:20 Node terminate_0_ID0000009 job proc (10109.0.0) completed successfully.
01/20/17 19:44:20 Node terminate_0_ID0000009 job completed
01/20/17 19:44:20 Running POST script of Node terminate_0_ID0000009...
01/20/17 19:44:20 Warning: mysin has length 0 (ignore if produced by DAGMan; see gittrac #4987, #5031)
01/20/17 19:44:20 Event: ULOG_JOB_TERMINATED for Condor Node clean_up_local_level_6_1 (10107.0.0)
01/20/17 19:44:20 Number of idle job procs: 1
01/20/17 19:44:20 Node clean_up_local_level_6_1 job proc (10107.0.0) completed successfully.
01/20/17 19:44:20 Node clean_up_local_level_6_1 job completed
01/20/17 19:44:20 Running POST script of Node clean_up_local_level_6_1...
01/20/17 19:44:20 Warning: mysin has length 0 (ignore if produced by DAGMan; see gittrac #4987, #5031)
01/20/17 19:44:20 Event: ULOG_EXECUTE for Condor Node clean_up_local_level_6_0 (10108.0.0)
01/20/17 19:44:20 Number of idle job procs: 0
01/20/17 19:44:20 DAG status: 0 (DAG_STATUS_OK)
01/20/17 19:44:20 Of 30 nodes total:
01/20/17 19:44:20  Done     Pre   Queued    Post   Ready   Un-Ready   Failed
01/20/17 19:44:20   ===     ===      ===     ===     ===        ===      ===
01/20/17 19:44:20    25       0        1       2       0          2        0
01/20/17 19:44:20 0 job proc(s) currently held
01/20/17 19:44:20 Initializing user log writer for /home/ubuntu/wikiflow/6_wikiflow_1sh_1s_annot/dags/ubuntu/pegasus/example_workflow/20170120T183334+0000/./example_workflow-0.dag.nodes.log, (10109.0.0)
01/20/17 19:44:20 Initializing user log writer for /home/ubuntu/wikiflow/6_wikiflow_1sh_1s_annot/dags/ubuntu/pegasus/example_workflow/20170120T183334+0000/./example_workflow-0.dag.nodes.log, (10107.0.0)
01/20/17 19:44:25 Currently monitoring 1 Condor log file(s)
01/20/17 19:44:25 Event: ULOG_POST_SCRIPT_TERMINATED for Condor Node terminate_0_ID0000009 (10109.0.0)
01/20/17 19:44:25 POST Script of Node terminate_0_ID0000009 completed successfully.
01/20/17 19:44:25 Event: ULOG_POST_SCRIPT_TERMINATED for Condor Node clean_up_local_level_6_1 (10107.0.0)
01/20/17 19:44:25 POST Script of Node clean_up_local_level_6_1 completed successfully.
01/20/17 19:44:25 DAG status: 0 (DAG_STATUS_OK)
01/20/17 19:44:25 Of 30 nodes total:
01/20/17 19:44:25  Done     Pre   Queued    Post   Ready   Un-Ready   Failed
01/20/17 19:44:25   ===     ===      ===     ===     ===        ===      ===
01/20/17 19:44:25    27       0        1       0       1          1        0
01/20/17 19:44:25 0 job proc(s) currently held
01/20/17 19:44:30 Submitting Condor Node clean_up_local_level_7_0 job(s)...
01/20/17 19:44:30 Adding a DAGMan workflow log /home/ubuntu/wikiflow/6_wikiflow_1sh_1s_annot/dags/ubuntu/pegasus/example_workflow/20170120T183334+0000/./example_workflow-0.dag.nodes.log
01/20/17 19:44:30 Masking the events recorded in the DAGMAN workflow log
01/20/17 19:44:30 Mask for workflow log is 0,1,2,4,5,7,9,10,11,12,13,16,17,24,27
01/20/17 19:44:30 submitting: /usr/bin/condor_submit -a dag_node_name' '=' 'clean_up_local_level_7_0 -a +DAGManJobId' '=' '10081 -a DAGManJobId' '=' '10081 -a submit_event_notes' '=' 'DAG' 'Node:' 'clean_up_local_level_7_0 -a dagman_log' '=' '/home/ubuntu/wikiflow/6_wikiflow_1sh_1s_annot/dags/ubuntu/pegasus/example_workflow/20170120T183334+0000/./example_workflow-0.dag.nodes.log -a +DAGManNodesMask' '=' '"0,1,2,4,5,7,9,10,11,12,13,16,17,24,27" -a DAG_STATUS' '=' '0 -a FAILED_COUNT' '=' '0 -a +DAGParentNodeNames' '=' '"terminate_0_ID0000009" -a +KeepClaimIdle' '=' '20 -a notification' '=' 'never 00/00/clean_up_local_level_7_0.sub
01/20/17 19:44:30 From submit: Submitting job(s).
01/20/17 19:44:30 From submit: 1 job(s) submitted to cluster 10110.
01/20/17 19:44:30 	assigned Condor ID (10110.0.0)
01/20/17 19:44:30 Just submitted 1 job this cycle...
01/20/17 19:44:30 Currently monitoring 1 Condor log file(s)
01/20/17 19:44:30 Event: ULOG_JOB_TERMINATED for Condor Node clean_up_local_level_6_0 (10108.0.0)
01/20/17 19:44:30 Number of idle job procs: 0
01/20/17 19:44:30 Node clean_up_local_level_6_0 job proc (10108.0.0) completed successfully.
01/20/17 19:44:30 Node clean_up_local_level_6_0 job completed
01/20/17 19:44:30 Running POST script of Node clean_up_local_level_6_0...
01/20/17 19:44:30 Warning: mysin has length 0 (ignore if produced by DAGMan; see gittrac #4987, #5031)
01/20/17 19:44:30 Reassigning the id of job clean_up_local_level_7_0 from (10110.0.0) to (10110.0.0)
01/20/17 19:44:30 Event: ULOG_SUBMIT for Condor Node clean_up_local_level_7_0 (10110.0.0)
01/20/17 19:44:30 Number of idle job procs: 1
01/20/17 19:44:30 DAG status: 0 (DAG_STATUS_OK)
01/20/17 19:44:30 Of 30 nodes total:
01/20/17 19:44:30  Done     Pre   Queued    Post   Ready   Un-Ready   Failed
01/20/17 19:44:30   ===     ===      ===     ===     ===        ===      ===
01/20/17 19:44:30    27       0        1       1       0          1        0
01/20/17 19:44:30 0 job proc(s) currently held
01/20/17 19:44:31 Initializing user log writer for /home/ubuntu/wikiflow/6_wikiflow_1sh_1s_annot/dags/ubuntu/pegasus/example_workflow/20170120T183334+0000/./example_workflow-0.dag.nodes.log, (10108.0.0)
01/20/17 19:44:35 Currently monitoring 1 Condor log file(s)
01/20/17 19:44:35 Event: ULOG_EXECUTE for Condor Node clean_up_local_level_7_0 (10110.0.0)
01/20/17 19:44:35 Number of idle job procs: 0
01/20/17 19:44:35 Event: ULOG_POST_SCRIPT_TERMINATED for Condor Node clean_up_local_level_6_0 (10108.0.0)
01/20/17 19:44:35 POST Script of Node clean_up_local_level_6_0 completed successfully.
01/20/17 19:44:35 Event: ULOG_JOB_TERMINATED for Condor Node clean_up_local_level_7_0 (10110.0.0)
01/20/17 19:44:35 Number of idle job procs: 0
01/20/17 19:44:35 Node clean_up_local_level_7_0 job proc (10110.0.0) completed successfully.
01/20/17 19:44:35 Node clean_up_local_level_7_0 job completed
01/20/17 19:44:35 Running POST script of Node clean_up_local_level_7_0...
01/20/17 19:44:35 Warning: mysin has length 0 (ignore if produced by DAGMan; see gittrac #4987, #5031)
01/20/17 19:44:35 DAG status: 0 (DAG_STATUS_OK)
01/20/17 19:44:35 Of 30 nodes total:
01/20/17 19:44:35  Done     Pre   Queued    Post   Ready   Un-Ready   Failed
01/20/17 19:44:35   ===     ===      ===     ===     ===        ===      ===
01/20/17 19:44:35    28       0        0       1       0          1        0
01/20/17 19:44:35 0 job proc(s) currently held
01/20/17 19:44:35 Initializing user log writer for /home/ubuntu/wikiflow/6_wikiflow_1sh_1s_annot/dags/ubuntu/pegasus/example_workflow/20170120T183334+0000/./example_workflow-0.dag.nodes.log, (10110.0.0)
01/20/17 19:44:40 Currently monitoring 1 Condor log file(s)
01/20/17 19:44:40 Event: ULOG_POST_SCRIPT_TERMINATED for Condor Node clean_up_local_level_7_0 (10110.0.0)
01/20/17 19:44:40 POST Script of Node clean_up_local_level_7_0 completed successfully.
01/20/17 19:44:40 DAG status: 0 (DAG_STATUS_OK)
01/20/17 19:44:40 Of 30 nodes total:
01/20/17 19:44:40  Done     Pre   Queued    Post   Ready   Un-Ready   Failed
01/20/17 19:44:40   ===     ===      ===     ===     ===        ===      ===
01/20/17 19:44:40    29       0        0       0       1          0        0
01/20/17 19:44:40 0 job proc(s) currently held
01/20/17 19:44:45 Submitting Condor Node cleanup_example_workflow_0_local job(s)...
01/20/17 19:44:45 Adding a DAGMan workflow log /home/ubuntu/wikiflow/6_wikiflow_1sh_1s_annot/dags/ubuntu/pegasus/example_workflow/20170120T183334+0000/./example_workflow-0.dag.nodes.log
01/20/17 19:44:45 Masking the events recorded in the DAGMAN workflow log
01/20/17 19:44:45 Mask for workflow log is 0,1,2,4,5,7,9,10,11,12,13,16,17,24,27
01/20/17 19:44:45 submitting: /usr/bin/condor_submit -a dag_node_name' '=' 'cleanup_example_workflow_0_local -a +DAGManJobId' '=' '10081 -a DAGManJobId' '=' '10081 -a submit_event_notes' '=' 'DAG' 'Node:' 'cleanup_example_workflow_0_local -a dagman_log' '=' '/home/ubuntu/wikiflow/6_wikiflow_1sh_1s_annot/dags/ubuntu/pegasus/example_workflow/20170120T183334+0000/./example_workflow-0.dag.nodes.log -a +DAGManNodesMask' '=' '"0,1,2,4,5,7,9,10,11,12,13,16,17,24,27" -a DAG_STATUS' '=' '0 -a FAILED_COUNT' '=' '0 -a +DAGParentNodeNames' '=' '"clean_up_local_level_3_0,clean_up_local_level_4_0,clean_up_local_level_5_0,clean_up_local_level_5_1,clean_up_local_level_6_0,clean_up_local_level_6_1,clean_up_local_level_7_0" -a notification' '=' 'never 00/00/cleanup_example_workflow_0_local.sub
01/20/17 19:44:45 From submit: Submitting job(s).
01/20/17 19:44:45 From submit: 1 job(s) submitted to cluster 10111.
01/20/17 19:44:45 	assigned Condor ID (10111.0.0)
01/20/17 19:44:45 Just submitted 1 job this cycle...
01/20/17 19:44:45 Currently monitoring 1 Condor log file(s)
01/20/17 19:44:45 Reassigning the id of job cleanup_example_workflow_0_local from (10111.0.0) to (10111.0.0)
01/20/17 19:44:45 Event: ULOG_SUBMIT for Condor Node cleanup_example_workflow_0_local (10111.0.0)
01/20/17 19:44:45 Number of idle job procs: 1
01/20/17 19:44:45 DAG status: 0 (DAG_STATUS_OK)
01/20/17 19:44:45 Of 30 nodes total:
01/20/17 19:44:45  Done     Pre   Queued    Post   Ready   Un-Ready   Failed
01/20/17 19:44:45   ===     ===      ===     ===     ===        ===      ===
01/20/17 19:44:45    29       0        1       0       0          0        0
01/20/17 19:44:45 0 job proc(s) currently held
01/20/17 19:44:50 Currently monitoring 1 Condor log file(s)
01/20/17 19:44:50 Event: ULOG_EXECUTE for Condor Node cleanup_example_workflow_0_local (10111.0.0)
01/20/17 19:44:50 Number of idle job procs: 0
01/20/17 19:44:50 Event: ULOG_JOB_TERMINATED for Condor Node cleanup_example_workflow_0_local (10111.0.0)
01/20/17 19:44:50 Number of idle job procs: 0
01/20/17 19:44:50 Node cleanup_example_workflow_0_local job proc (10111.0.0) completed successfully.
01/20/17 19:44:50 Node cleanup_example_workflow_0_local job completed
01/20/17 19:44:50 DAG status: 0 (DAG_STATUS_OK)
01/20/17 19:44:50 Of 30 nodes total:
01/20/17 19:44:50  Done     Pre   Queued    Post   Ready   Un-Ready   Failed
01/20/17 19:44:50   ===     ===      ===     ===     ===        ===      ===
01/20/17 19:44:50    30       0        0       0       0          0        0
01/20/17 19:44:50 0 job proc(s) currently held
01/20/17 19:44:50 All jobs Completed!
01/20/17 19:44:50 Note: 0 total job deferrals because of -MaxJobs limit (0)
01/20/17 19:44:50 Note: 0 total job deferrals because of -MaxIdle limit (1000)
01/20/17 19:44:50 Note: 0 total job deferrals because of node category throttles
01/20/17 19:44:50 Note: 0 total PRE script deferrals because of -MaxPre limit (20) or DEFER
01/20/17 19:44:50 Note: 0 total POST script deferrals because of -MaxPost limit (20) or DEFER
01/20/17 19:44:50 DAG status: 0 (DAG_STATUS_OK)
01/20/17 19:44:50 Of 30 nodes total:
01/20/17 19:44:50  Done     Pre   Queued    Post   Ready   Un-Ready   Failed
01/20/17 19:44:50   ===     ===      ===     ===     ===        ===      ===
01/20/17 19:44:50    30       0        0       0       0          0        0
01/20/17 19:44:50 0 job proc(s) currently held
01/20/17 19:44:50 Wrote metrics file example_workflow-0.dag.metrics.
01/20/17 19:44:50 Reporting metrics to Pegasus metrics server(s); output is in example_workflow-0.dag.metrics.out.
01/20/17 19:44:50 Running command </usr/lib/condor/libexec/condor_dagman_metrics_reporter -f example_workflow-0.dag.metrics -t 100>
01/20/17 19:44:50 Warning: mysin has length 0 (ignore if produced by DAGMan; see gittrac #4987, #5031)
01/20/17 19:44:50 **** condor_scheduniv_exec.10081.0 (condor_DAGMAN) pid 93919 EXITING WITH STATUS 0
