01/26/17 16:09:29 ******************************************************
01/26/17 16:09:29 ** condor_scheduniv_exec.11311.0 (CONDOR_DAGMAN) STARTING UP
01/26/17 16:09:29 ** /usr/bin/condor_dagman
01/26/17 16:09:29 ** SubsystemInfo: name=DAGMAN type=DAGMAN(10) class=DAEMON(1)
01/26/17 16:09:29 ** Configuration: subsystem:DAGMAN local:<NONE> class:DAEMON
01/26/17 16:09:29 ** $CondorVersion: 8.4.8 Jun 30 2016 BuildID: 373513 $
01/26/17 16:09:29 ** $CondorPlatform: x86_64_Ubuntu14 $
01/26/17 16:09:29 ** PID = 158328
01/26/17 16:09:29 ** Log last touched time unavailable (No such file or directory)
01/26/17 16:09:29 ******************************************************
01/26/17 16:09:29 Using config source: /etc/condor/condor_config
01/26/17 16:09:29 Using local config sources: 
01/26/17 16:09:29    /etc/condor/condor_config.local
01/26/17 16:09:29 config Macros = 63, Sorted = 63, StringBytes = 1984, TablesBytes = 2308
01/26/17 16:09:29 CLASSAD_CACHING is ENABLED
01/26/17 16:09:29 Daemon Log is logging: D_ALWAYS D_ERROR
01/26/17 16:09:29 DaemonCore: No command port requested.
01/26/17 16:09:29 DAGMAN_USE_STRICT setting: 1
01/26/17 16:09:29 DAGMAN_VERBOSITY setting: 3
01/26/17 16:09:29 DAGMAN_DEBUG_CACHE_SIZE setting: 5242880
01/26/17 16:09:29 DAGMAN_DEBUG_CACHE_ENABLE setting: False
01/26/17 16:09:29 DAGMAN_SUBMIT_DELAY setting: 0
01/26/17 16:09:29 DAGMAN_MAX_SUBMIT_ATTEMPTS setting: 6
01/26/17 16:09:29 DAGMAN_STARTUP_CYCLE_DETECT setting: False
01/26/17 16:09:29 DAGMAN_MAX_SUBMITS_PER_INTERVAL setting: 5
01/26/17 16:09:29 DAGMAN_USER_LOG_SCAN_INTERVAL setting: 5
01/26/17 16:09:29 DAGMAN_DEFAULT_PRIORITY setting: 0
01/26/17 16:09:29 DAGMAN_SUPPRESS_NOTIFICATION setting: True
01/26/17 16:09:29 allow_events (DAGMAN_ALLOW_EVENTS) setting: 114
01/26/17 16:09:29 DAGMAN_RETRY_SUBMIT_FIRST setting: True
01/26/17 16:09:29 DAGMAN_RETRY_NODE_FIRST setting: False
01/26/17 16:09:29 DAGMAN_MAX_JOBS_IDLE setting: 1000
01/26/17 16:09:29 DAGMAN_MAX_JOBS_SUBMITTED setting: 0
01/26/17 16:09:29 DAGMAN_MAX_PRE_SCRIPTS setting: 20
01/26/17 16:09:29 DAGMAN_MAX_POST_SCRIPTS setting: 20
01/26/17 16:09:29 DAGMAN_ALLOW_LOG_ERROR setting: False
01/26/17 16:09:29 DAGMAN_MUNGE_NODE_NAMES setting: True
01/26/17 16:09:29 DAGMAN_PROHIBIT_MULTI_JOBS setting: False
01/26/17 16:09:29 DAGMAN_SUBMIT_DEPTH_FIRST setting: False
01/26/17 16:09:29 DAGMAN_ALWAYS_RUN_POST setting: True
01/26/17 16:09:29 DAGMAN_ABORT_DUPLICATES setting: True
01/26/17 16:09:29 DAGMAN_ABORT_ON_SCARY_SUBMIT setting: True
01/26/17 16:09:29 DAGMAN_PENDING_REPORT_INTERVAL setting: 600
01/26/17 16:09:29 DAGMAN_AUTO_RESCUE setting: True
01/26/17 16:09:29 DAGMAN_MAX_RESCUE_NUM setting: 100
01/26/17 16:09:29 DAGMAN_WRITE_PARTIAL_RESCUE setting: True
01/26/17 16:09:29 DAGMAN_DEFAULT_NODE_LOG setting: @(DAG_DIR)/@(DAG_FILE).nodes.log
01/26/17 16:09:29 DAGMAN_GENERATE_SUBDAG_SUBMITS setting: True
01/26/17 16:09:29 DAGMAN_MAX_JOB_HOLDS setting: 100
01/26/17 16:09:29 DAGMAN_HOLD_CLAIM_TIME setting: 20
01/26/17 16:09:29 ALL_DEBUG setting: 
01/26/17 16:09:29 DAGMAN_DEBUG setting: 
01/26/17 16:09:29 DAGMAN_SUPPRESS_JOB_LOGS setting: False
01/26/17 16:09:29 argv[0] == "condor_scheduniv_exec.11311.0"
01/26/17 16:09:29 argv[1] == "-Lockfile"
01/26/17 16:09:29 argv[2] == "example_workflow-0.dag.lock"
01/26/17 16:09:29 argv[3] == "-AutoRescue"
01/26/17 16:09:29 argv[4] == "1"
01/26/17 16:09:29 argv[5] == "-DoRescueFrom"
01/26/17 16:09:29 argv[6] == "0"
01/26/17 16:09:29 argv[7] == "-Dag"
01/26/17 16:09:29 argv[8] == "example_workflow-0.dag"
01/26/17 16:09:29 argv[9] == "-MaxPost"
01/26/17 16:09:29 argv[10] == "20"
01/26/17 16:09:29 argv[11] == "-Suppress_notification"
01/26/17 16:09:29 argv[12] == "-CsdVersion"
01/26/17 16:09:29 argv[13] == "$CondorVersion: 8.4.8 Jun 30 2016 BuildID: 373513 $"
01/26/17 16:09:29 argv[14] == "-Dagman"
01/26/17 16:09:29 argv[15] == "/usr/bin/condor_dagman"
01/26/17 16:09:29 Warning: failed to get attribute DAGNodeName
01/26/17 16:09:29 DAGMAN_LOG_ON_NFS_IS_ERROR setting: False
01/26/17 16:09:29 Default node log file is: </home/ubuntu/wikiflow/ok/9_0_wikiflow_1sh_1s_noannot_prim/dags/ubuntu/pegasus/example_workflow/20170126T160925+0000/./example_workflow-0.dag.nodes.log>
01/26/17 16:09:29 DAG Lockfile will be written to example_workflow-0.dag.lock
01/26/17 16:09:29 DAG Input file is example_workflow-0.dag
01/26/17 16:09:29 Parsing 1 dagfiles
01/26/17 16:09:29 Parsing example_workflow-0.dag ...
01/26/17 16:09:29 Warning: category stage-out has no throttle value set
01/26/17 16:09:29 Warning: category stage-in has no throttle value set
01/26/17 16:09:29 Dag contains 21 total jobs
01/26/17 16:09:29 Sleeping for 3 seconds to ensure ProcessId uniqueness
01/26/17 16:09:32 Bootstrapping...
01/26/17 16:09:32 Number of pre-completed nodes: 0
01/26/17 16:09:32 MultiLogFiles: truncating log file /home/ubuntu/wikiflow/ok/9_0_wikiflow_1sh_1s_noannot_prim/dags/ubuntu/pegasus/example_workflow/20170126T160925+0000/./example_workflow-0.dag.nodes.log
01/26/17 16:09:32 DAG status: 0 (DAG_STATUS_OK)
01/26/17 16:09:32 Of 21 nodes total:
01/26/17 16:09:32  Done     Pre   Queued    Post   Ready   Un-Ready   Failed
01/26/17 16:09:32   ===     ===      ===     ===     ===        ===      ===
01/26/17 16:09:32     0       0        0       0       1         20        0
01/26/17 16:09:32 0 job proc(s) currently held
01/26/17 16:09:32 Registering condor_event_timer...
01/26/17 16:09:33 Submitting Condor Node create_dir_example_workflow_0_local job(s)...
01/26/17 16:09:33 Adding a DAGMan workflow log /home/ubuntu/wikiflow/ok/9_0_wikiflow_1sh_1s_noannot_prim/dags/ubuntu/pegasus/example_workflow/20170126T160925+0000/./example_workflow-0.dag.nodes.log
01/26/17 16:09:33 Masking the events recorded in the DAGMAN workflow log
01/26/17 16:09:33 Mask for workflow log is 0,1,2,4,5,7,9,10,11,12,13,16,17,24,27
01/26/17 16:09:33 submitting: /usr/bin/condor_submit -a dag_node_name' '=' 'create_dir_example_workflow_0_local -a +DAGManJobId' '=' '11311 -a DAGManJobId' '=' '11311 -a submit_event_notes' '=' 'DAG' 'Node:' 'create_dir_example_workflow_0_local -a dagman_log' '=' '/home/ubuntu/wikiflow/ok/9_0_wikiflow_1sh_1s_noannot_prim/dags/ubuntu/pegasus/example_workflow/20170126T160925+0000/./example_workflow-0.dag.nodes.log -a +DAGManNodesMask' '=' '"0,1,2,4,5,7,9,10,11,12,13,16,17,24,27" -a DAG_STATUS' '=' '0 -a FAILED_COUNT' '=' '0 -a +DAGParentNodeNames' '=' '"" -a +KeepClaimIdle' '=' '20 -a notification' '=' 'never 00/00/create_dir_example_workflow_0_local.sub
01/26/17 16:09:33 From submit: Submitting job(s).
01/26/17 16:09:33 From submit: 1 job(s) submitted to cluster 11312.
01/26/17 16:09:33 	assigned Condor ID (11312.0.0)
01/26/17 16:09:33 Just submitted 1 job this cycle...
01/26/17 16:09:33 Currently monitoring 1 Condor log file(s)
01/26/17 16:09:33 Reassigning the id of job create_dir_example_workflow_0_local from (11312.0.0) to (11312.0.0)
01/26/17 16:09:33 Event: ULOG_SUBMIT for Condor Node create_dir_example_workflow_0_local (11312.0.0)
01/26/17 16:09:33 Number of idle job procs: 1
01/26/17 16:09:33 DAG status: 0 (DAG_STATUS_OK)
01/26/17 16:09:33 Of 21 nodes total:
01/26/17 16:09:33  Done     Pre   Queued    Post   Ready   Un-Ready   Failed
01/26/17 16:09:33   ===     ===      ===     ===     ===        ===      ===
01/26/17 16:09:33     0       0        1       0       0         20        0
01/26/17 16:09:33 0 job proc(s) currently held
01/26/17 16:09:38 Currently monitoring 1 Condor log file(s)
01/26/17 16:09:38 Event: ULOG_EXECUTE for Condor Node create_dir_example_workflow_0_local (11312.0.0)
01/26/17 16:09:38 Number of idle job procs: 0
01/26/17 16:09:38 Event: ULOG_JOB_TERMINATED for Condor Node create_dir_example_workflow_0_local (11312.0.0)
01/26/17 16:09:38 Number of idle job procs: 0
01/26/17 16:09:38 Node create_dir_example_workflow_0_local job proc (11312.0.0) completed successfully.
01/26/17 16:09:38 Node create_dir_example_workflow_0_local job completed
01/26/17 16:09:38 Running POST script of Node create_dir_example_workflow_0_local...
01/26/17 16:09:38 Warning: mysin has length 0 (ignore if produced by DAGMan; see gittrac #4987, #5031)
01/26/17 16:09:38 DAG status: 0 (DAG_STATUS_OK)
01/26/17 16:09:38 Of 21 nodes total:
01/26/17 16:09:38  Done     Pre   Queued    Post   Ready   Un-Ready   Failed
01/26/17 16:09:38   ===     ===      ===     ===     ===        ===      ===
01/26/17 16:09:38     0       0        0       1       0         20        0
01/26/17 16:09:38 0 job proc(s) currently held
01/26/17 16:09:38 Initializing user log writer for /home/ubuntu/wikiflow/ok/9_0_wikiflow_1sh_1s_noannot_prim/dags/ubuntu/pegasus/example_workflow/20170126T160925+0000/./example_workflow-0.dag.nodes.log, (11312.0.0)
01/26/17 16:09:43 Currently monitoring 1 Condor log file(s)
01/26/17 16:09:43 Event: ULOG_POST_SCRIPT_TERMINATED for Condor Node create_dir_example_workflow_0_local (11312.0.0)
01/26/17 16:09:43 POST Script of Node create_dir_example_workflow_0_local completed successfully.
01/26/17 16:09:43 DAG status: 0 (DAG_STATUS_OK)
01/26/17 16:09:43 Of 21 nodes total:
01/26/17 16:09:43  Done     Pre   Queued    Post   Ready   Un-Ready   Failed
01/26/17 16:09:43   ===     ===      ===     ===     ===        ===      ===
01/26/17 16:09:43     1       0        0       0       7         13        0
01/26/17 16:09:43 0 job proc(s) currently held
01/26/17 16:09:48 Submitting Condor Node stage_in_local_local_0_0 job(s)...
01/26/17 16:09:48 Adding a DAGMan workflow log /home/ubuntu/wikiflow/ok/9_0_wikiflow_1sh_1s_noannot_prim/dags/ubuntu/pegasus/example_workflow/20170126T160925+0000/./example_workflow-0.dag.nodes.log
01/26/17 16:09:48 Masking the events recorded in the DAGMAN workflow log
01/26/17 16:09:48 Mask for workflow log is 0,1,2,4,5,7,9,10,11,12,13,16,17,24,27
01/26/17 16:09:48 submitting: /usr/bin/condor_submit -a dag_node_name' '=' 'stage_in_local_local_0_0 -a +DAGManJobId' '=' '11311 -a DAGManJobId' '=' '11311 -a submit_event_notes' '=' 'DAG' 'Node:' 'stage_in_local_local_0_0 -a dagman_log' '=' '/home/ubuntu/wikiflow/ok/9_0_wikiflow_1sh_1s_noannot_prim/dags/ubuntu/pegasus/example_workflow/20170126T160925+0000/./example_workflow-0.dag.nodes.log -a +DAGManNodesMask' '=' '"0,1,2,4,5,7,9,10,11,12,13,16,17,24,27" -a DAG_STATUS' '=' '0 -a FAILED_COUNT' '=' '0 -a +DAGParentNodeNames' '=' '"create_dir_example_workflow_0_local" -a +KeepClaimIdle' '=' '20 -a notification' '=' 'never 00/00/stage_in_local_local_0_0.sub
01/26/17 16:09:48 From submit: Submitting job(s).
01/26/17 16:09:48 From submit: 1 job(s) submitted to cluster 11313.
01/26/17 16:09:48 	assigned Condor ID (11313.0.0)
01/26/17 16:09:48 Submitting Condor Node stage_in_local_local_4_0 job(s)...
01/26/17 16:09:48 Adding a DAGMan workflow log /home/ubuntu/wikiflow/ok/9_0_wikiflow_1sh_1s_noannot_prim/dags/ubuntu/pegasus/example_workflow/20170126T160925+0000/./example_workflow-0.dag.nodes.log
01/26/17 16:09:48 Masking the events recorded in the DAGMAN workflow log
01/26/17 16:09:48 Mask for workflow log is 0,1,2,4,5,7,9,10,11,12,13,16,17,24,27
01/26/17 16:09:48 submitting: /usr/bin/condor_submit -a dag_node_name' '=' 'stage_in_local_local_4_0 -a +DAGManJobId' '=' '11311 -a DAGManJobId' '=' '11311 -a submit_event_notes' '=' 'DAG' 'Node:' 'stage_in_local_local_4_0 -a dagman_log' '=' '/home/ubuntu/wikiflow/ok/9_0_wikiflow_1sh_1s_noannot_prim/dags/ubuntu/pegasus/example_workflow/20170126T160925+0000/./example_workflow-0.dag.nodes.log -a +DAGManNodesMask' '=' '"0,1,2,4,5,7,9,10,11,12,13,16,17,24,27" -a DAG_STATUS' '=' '0 -a FAILED_COUNT' '=' '0 -a +DAGParentNodeNames' '=' '"create_dir_example_workflow_0_local" -a +KeepClaimIdle' '=' '20 -a notification' '=' 'never 00/00/stage_in_local_local_4_0.sub
01/26/17 16:09:48 From submit: Submitting job(s).
01/26/17 16:09:48 From submit: 1 job(s) submitted to cluster 11314.
01/26/17 16:09:48 	assigned Condor ID (11314.0.0)
01/26/17 16:09:48 Submitting Condor Node stage_in_local_local_1_0 job(s)...
01/26/17 16:09:48 Adding a DAGMan workflow log /home/ubuntu/wikiflow/ok/9_0_wikiflow_1sh_1s_noannot_prim/dags/ubuntu/pegasus/example_workflow/20170126T160925+0000/./example_workflow-0.dag.nodes.log
01/26/17 16:09:48 Masking the events recorded in the DAGMAN workflow log
01/26/17 16:09:48 Mask for workflow log is 0,1,2,4,5,7,9,10,11,12,13,16,17,24,27
01/26/17 16:09:48 submitting: /usr/bin/condor_submit -a dag_node_name' '=' 'stage_in_local_local_1_0 -a +DAGManJobId' '=' '11311 -a DAGManJobId' '=' '11311 -a submit_event_notes' '=' 'DAG' 'Node:' 'stage_in_local_local_1_0 -a dagman_log' '=' '/home/ubuntu/wikiflow/ok/9_0_wikiflow_1sh_1s_noannot_prim/dags/ubuntu/pegasus/example_workflow/20170126T160925+0000/./example_workflow-0.dag.nodes.log -a +DAGManNodesMask' '=' '"0,1,2,4,5,7,9,10,11,12,13,16,17,24,27" -a DAG_STATUS' '=' '0 -a FAILED_COUNT' '=' '0 -a +DAGParentNodeNames' '=' '"create_dir_example_workflow_0_local" -a +KeepClaimIdle' '=' '20 -a notification' '=' 'never 00/00/stage_in_local_local_1_0.sub
01/26/17 16:09:48 From submit: Submitting job(s).
01/26/17 16:09:48 From submit: 1 job(s) submitted to cluster 11315.
01/26/17 16:09:48 	assigned Condor ID (11315.0.0)
01/26/17 16:09:48 Submitting Condor Node stage_in_local_local_2_0 job(s)...
01/26/17 16:09:48 Adding a DAGMan workflow log /home/ubuntu/wikiflow/ok/9_0_wikiflow_1sh_1s_noannot_prim/dags/ubuntu/pegasus/example_workflow/20170126T160925+0000/./example_workflow-0.dag.nodes.log
01/26/17 16:09:48 Masking the events recorded in the DAGMAN workflow log
01/26/17 16:09:48 Mask for workflow log is 0,1,2,4,5,7,9,10,11,12,13,16,17,24,27
01/26/17 16:09:48 submitting: /usr/bin/condor_submit -a dag_node_name' '=' 'stage_in_local_local_2_0 -a +DAGManJobId' '=' '11311 -a DAGManJobId' '=' '11311 -a submit_event_notes' '=' 'DAG' 'Node:' 'stage_in_local_local_2_0 -a dagman_log' '=' '/home/ubuntu/wikiflow/ok/9_0_wikiflow_1sh_1s_noannot_prim/dags/ubuntu/pegasus/example_workflow/20170126T160925+0000/./example_workflow-0.dag.nodes.log -a +DAGManNodesMask' '=' '"0,1,2,4,5,7,9,10,11,12,13,16,17,24,27" -a DAG_STATUS' '=' '0 -a FAILED_COUNT' '=' '0 -a +DAGParentNodeNames' '=' '"create_dir_example_workflow_0_local" -a +KeepClaimIdle' '=' '20 -a notification' '=' 'never 00/00/stage_in_local_local_2_0.sub
01/26/17 16:09:48 From submit: Submitting job(s).
01/26/17 16:09:48 From submit: 1 job(s) submitted to cluster 11316.
01/26/17 16:09:48 	assigned Condor ID (11316.0.0)
01/26/17 16:09:48 Submitting Condor Node stage_in_remote_local_1_0 job(s)...
01/26/17 16:09:48 Adding a DAGMan workflow log /home/ubuntu/wikiflow/ok/9_0_wikiflow_1sh_1s_noannot_prim/dags/ubuntu/pegasus/example_workflow/20170126T160925+0000/./example_workflow-0.dag.nodes.log
01/26/17 16:09:48 Masking the events recorded in the DAGMAN workflow log
01/26/17 16:09:48 Mask for workflow log is 0,1,2,4,5,7,9,10,11,12,13,16,17,24,27
01/26/17 16:09:48 submitting: /usr/bin/condor_submit -a dag_node_name' '=' 'stage_in_remote_local_1_0 -a +DAGManJobId' '=' '11311 -a DAGManJobId' '=' '11311 -a submit_event_notes' '=' 'DAG' 'Node:' 'stage_in_remote_local_1_0 -a dagman_log' '=' '/home/ubuntu/wikiflow/ok/9_0_wikiflow_1sh_1s_noannot_prim/dags/ubuntu/pegasus/example_workflow/20170126T160925+0000/./example_workflow-0.dag.nodes.log -a +DAGManNodesMask' '=' '"0,1,2,4,5,7,9,10,11,12,13,16,17,24,27" -a DAG_STATUS' '=' '0 -a FAILED_COUNT' '=' '0 -a +DAGParentNodeNames' '=' '"create_dir_example_workflow_0_local" -a +KeepClaimIdle' '=' '20 -a notification' '=' 'never 00/00/stage_in_remote_local_1_0.sub
01/26/17 16:09:48 From submit: Submitting job(s).
01/26/17 16:09:48 From submit: 1 job(s) submitted to cluster 11317.
01/26/17 16:09:48 	assigned Condor ID (11317.0.0)
01/26/17 16:09:48 Just submitted 5 jobs this cycle...
01/26/17 16:09:48 Currently monitoring 1 Condor log file(s)
01/26/17 16:09:48 Reassigning the id of job stage_in_local_local_0_0 from (11313.0.0) to (11313.0.0)
01/26/17 16:09:48 Event: ULOG_SUBMIT for Condor Node stage_in_local_local_0_0 (11313.0.0)
01/26/17 16:09:48 Number of idle job procs: 1
01/26/17 16:09:48 Event: ULOG_EXECUTE for Condor Node stage_in_local_local_0_0 (11313.0.0)
01/26/17 16:09:48 Number of idle job procs: 0
01/26/17 16:09:48 Reassigning the id of job stage_in_local_local_4_0 from (11314.0.0) to (11314.0.0)
01/26/17 16:09:48 Event: ULOG_SUBMIT for Condor Node stage_in_local_local_4_0 (11314.0.0)
01/26/17 16:09:48 Number of idle job procs: 1
01/26/17 16:09:48 Reassigning the id of job stage_in_local_local_1_0 from (11315.0.0) to (11315.0.0)
01/26/17 16:09:48 Event: ULOG_SUBMIT for Condor Node stage_in_local_local_1_0 (11315.0.0)
01/26/17 16:09:48 Number of idle job procs: 2
01/26/17 16:09:48 Reassigning the id of job stage_in_local_local_2_0 from (11316.0.0) to (11316.0.0)
01/26/17 16:09:48 Event: ULOG_SUBMIT for Condor Node stage_in_local_local_2_0 (11316.0.0)
01/26/17 16:09:48 Number of idle job procs: 3
01/26/17 16:09:48 Reassigning the id of job stage_in_remote_local_1_0 from (11317.0.0) to (11317.0.0)
01/26/17 16:09:48 Event: ULOG_SUBMIT for Condor Node stage_in_remote_local_1_0 (11317.0.0)
01/26/17 16:09:48 Number of idle job procs: 4
01/26/17 16:09:48 DAG status: 0 (DAG_STATUS_OK)
01/26/17 16:09:48 Of 21 nodes total:
01/26/17 16:09:48  Done     Pre   Queued    Post   Ready   Un-Ready   Failed
01/26/17 16:09:48   ===     ===      ===     ===     ===        ===      ===
01/26/17 16:09:48     1       0        5       0       2         13        0
01/26/17 16:09:48 0 job proc(s) currently held
01/26/17 16:09:53 Submitting Condor Node stage_in_local_local_3_0 job(s)...
01/26/17 16:09:53 Adding a DAGMan workflow log /home/ubuntu/wikiflow/ok/9_0_wikiflow_1sh_1s_noannot_prim/dags/ubuntu/pegasus/example_workflow/20170126T160925+0000/./example_workflow-0.dag.nodes.log
01/26/17 16:09:53 Masking the events recorded in the DAGMAN workflow log
01/26/17 16:09:53 Mask for workflow log is 0,1,2,4,5,7,9,10,11,12,13,16,17,24,27
01/26/17 16:09:53 submitting: /usr/bin/condor_submit -a dag_node_name' '=' 'stage_in_local_local_3_0 -a +DAGManJobId' '=' '11311 -a DAGManJobId' '=' '11311 -a submit_event_notes' '=' 'DAG' 'Node:' 'stage_in_local_local_3_0 -a dagman_log' '=' '/home/ubuntu/wikiflow/ok/9_0_wikiflow_1sh_1s_noannot_prim/dags/ubuntu/pegasus/example_workflow/20170126T160925+0000/./example_workflow-0.dag.nodes.log -a +DAGManNodesMask' '=' '"0,1,2,4,5,7,9,10,11,12,13,16,17,24,27" -a DAG_STATUS' '=' '0 -a FAILED_COUNT' '=' '0 -a +DAGParentNodeNames' '=' '"create_dir_example_workflow_0_local" -a +KeepClaimIdle' '=' '20 -a notification' '=' 'never 00/00/stage_in_local_local_3_0.sub
01/26/17 16:09:53 From submit: Submitting job(s).
01/26/17 16:09:53 From submit: 1 job(s) submitted to cluster 11318.
01/26/17 16:09:53 	assigned Condor ID (11318.0.0)
01/26/17 16:09:53 Submitting Condor Node stage_in_remote_local_3_0 job(s)...
01/26/17 16:09:53 Adding a DAGMan workflow log /home/ubuntu/wikiflow/ok/9_0_wikiflow_1sh_1s_noannot_prim/dags/ubuntu/pegasus/example_workflow/20170126T160925+0000/./example_workflow-0.dag.nodes.log
01/26/17 16:09:53 Masking the events recorded in the DAGMAN workflow log
01/26/17 16:09:53 Mask for workflow log is 0,1,2,4,5,7,9,10,11,12,13,16,17,24,27
01/26/17 16:09:53 submitting: /usr/bin/condor_submit -a dag_node_name' '=' 'stage_in_remote_local_3_0 -a +DAGManJobId' '=' '11311 -a DAGManJobId' '=' '11311 -a submit_event_notes' '=' 'DAG' 'Node:' 'stage_in_remote_local_3_0 -a dagman_log' '=' '/home/ubuntu/wikiflow/ok/9_0_wikiflow_1sh_1s_noannot_prim/dags/ubuntu/pegasus/example_workflow/20170126T160925+0000/./example_workflow-0.dag.nodes.log -a +DAGManNodesMask' '=' '"0,1,2,4,5,7,9,10,11,12,13,16,17,24,27" -a DAG_STATUS' '=' '0 -a FAILED_COUNT' '=' '0 -a +DAGParentNodeNames' '=' '"create_dir_example_workflow_0_local" -a +KeepClaimIdle' '=' '20 -a notification' '=' 'never 00/00/stage_in_remote_local_3_0.sub
01/26/17 16:09:53 From submit: Submitting job(s).
01/26/17 16:09:53 From submit: 1 job(s) submitted to cluster 11319.
01/26/17 16:09:53 	assigned Condor ID (11319.0.0)
01/26/17 16:09:53 Just submitted 2 jobs this cycle...
01/26/17 16:09:53 Currently monitoring 1 Condor log file(s)
01/26/17 16:09:53 Event: ULOG_JOB_TERMINATED for Condor Node stage_in_local_local_0_0 (11313.0.0)
01/26/17 16:09:53 Number of idle job procs: 4
01/26/17 16:09:53 Node stage_in_local_local_0_0 job proc (11313.0.0) completed successfully.
01/26/17 16:09:53 Node stage_in_local_local_0_0 job completed
01/26/17 16:09:53 Running POST script of Node stage_in_local_local_0_0...
01/26/17 16:09:53 Warning: mysin has length 0 (ignore if produced by DAGMan; see gittrac #4987, #5031)
01/26/17 16:09:53 Event: ULOG_EXECUTE for Condor Node stage_in_local_local_1_0 (11315.0.0)
01/26/17 16:09:53 Number of idle job procs: 3
01/26/17 16:09:53 Event: ULOG_EXECUTE for Condor Node stage_in_local_local_4_0 (11314.0.0)
01/26/17 16:09:53 Number of idle job procs: 2
01/26/17 16:09:53 Event: ULOG_EXECUTE for Condor Node stage_in_local_local_2_0 (11316.0.0)
01/26/17 16:09:53 Number of idle job procs: 1
01/26/17 16:09:53 Event: ULOG_EXECUTE for Condor Node stage_in_remote_local_1_0 (11317.0.0)
01/26/17 16:09:53 Number of idle job procs: 0
01/26/17 16:09:53 Event: ULOG_JOB_TERMINATED for Condor Node stage_in_local_local_1_0 (11315.0.0)
01/26/17 16:09:53 Number of idle job procs: 0
01/26/17 16:09:53 Node stage_in_local_local_1_0 job proc (11315.0.0) completed successfully.
01/26/17 16:09:53 Node stage_in_local_local_1_0 job completed
01/26/17 16:09:53 Running POST script of Node stage_in_local_local_1_0...
01/26/17 16:09:53 Warning: mysin has length 0 (ignore if produced by DAGMan; see gittrac #4987, #5031)
01/26/17 16:09:53 Event: ULOG_JOB_TERMINATED for Condor Node stage_in_local_local_4_0 (11314.0.0)
01/26/17 16:09:53 Number of idle job procs: 0
01/26/17 16:09:53 Node stage_in_local_local_4_0 job proc (11314.0.0) completed successfully.
01/26/17 16:09:53 Node stage_in_local_local_4_0 job completed
01/26/17 16:09:53 Running POST script of Node stage_in_local_local_4_0...
01/26/17 16:09:53 Warning: mysin has length 0 (ignore if produced by DAGMan; see gittrac #4987, #5031)
01/26/17 16:09:53 Event: ULOG_JOB_TERMINATED for Condor Node stage_in_local_local_2_0 (11316.0.0)
01/26/17 16:09:53 Number of idle job procs: 0
01/26/17 16:09:53 Node stage_in_local_local_2_0 job proc (11316.0.0) completed successfully.
01/26/17 16:09:53 Node stage_in_local_local_2_0 job completed
01/26/17 16:09:53 Running POST script of Node stage_in_local_local_2_0...
01/26/17 16:09:53 Warning: mysin has length 0 (ignore if produced by DAGMan; see gittrac #4987, #5031)
01/26/17 16:09:54 Event: ULOG_JOB_TERMINATED for Condor Node stage_in_remote_local_1_0 (11317.0.0)
01/26/17 16:09:54 Number of idle job procs: 0
01/26/17 16:09:54 Node stage_in_remote_local_1_0 job proc (11317.0.0) completed successfully.
01/26/17 16:09:54 Node stage_in_remote_local_1_0 job completed
01/26/17 16:09:54 Running POST script of Node stage_in_remote_local_1_0...
01/26/17 16:09:54 Warning: mysin has length 0 (ignore if produced by DAGMan; see gittrac #4987, #5031)
01/26/17 16:09:54 Reassigning the id of job stage_in_local_local_3_0 from (11318.0.0) to (11318.0.0)
01/26/17 16:09:54 Event: ULOG_SUBMIT for Condor Node stage_in_local_local_3_0 (11318.0.0)
01/26/17 16:09:54 Number of idle job procs: 1
01/26/17 16:09:54 Event: ULOG_EXECUTE for Condor Node stage_in_local_local_3_0 (11318.0.0)
01/26/17 16:09:54 Number of idle job procs: 0
01/26/17 16:09:54 Reassigning the id of job stage_in_remote_local_3_0 from (11319.0.0) to (11319.0.0)
01/26/17 16:09:54 Event: ULOG_SUBMIT for Condor Node stage_in_remote_local_3_0 (11319.0.0)
01/26/17 16:09:54 Number of idle job procs: 1
01/26/17 16:09:54 Event: ULOG_EXECUTE for Condor Node stage_in_remote_local_3_0 (11319.0.0)
01/26/17 16:09:54 Number of idle job procs: 0
01/26/17 16:09:54 DAG status: 0 (DAG_STATUS_OK)
01/26/17 16:09:54 Of 21 nodes total:
01/26/17 16:09:54  Done     Pre   Queued    Post   Ready   Un-Ready   Failed
01/26/17 16:09:54   ===     ===      ===     ===     ===        ===      ===
01/26/17 16:09:54     1       0        2       5       0         13        0
01/26/17 16:09:54 0 job proc(s) currently held
01/26/17 16:09:54 Initializing user log writer for /home/ubuntu/wikiflow/ok/9_0_wikiflow_1sh_1s_noannot_prim/dags/ubuntu/pegasus/example_workflow/20170126T160925+0000/./example_workflow-0.dag.nodes.log, (11314.0.0)
01/26/17 16:09:54 Initializing user log writer for /home/ubuntu/wikiflow/ok/9_0_wikiflow_1sh_1s_noannot_prim/dags/ubuntu/pegasus/example_workflow/20170126T160925+0000/./example_workflow-0.dag.nodes.log, (11316.0.0)
01/26/17 16:09:54 Initializing user log writer for /home/ubuntu/wikiflow/ok/9_0_wikiflow_1sh_1s_noannot_prim/dags/ubuntu/pegasus/example_workflow/20170126T160925+0000/./example_workflow-0.dag.nodes.log, (11315.0.0)
01/26/17 16:09:54 Initializing user log writer for /home/ubuntu/wikiflow/ok/9_0_wikiflow_1sh_1s_noannot_prim/dags/ubuntu/pegasus/example_workflow/20170126T160925+0000/./example_workflow-0.dag.nodes.log, (11313.0.0)
01/26/17 16:09:54 Initializing user log writer for /home/ubuntu/wikiflow/ok/9_0_wikiflow_1sh_1s_noannot_prim/dags/ubuntu/pegasus/example_workflow/20170126T160925+0000/./example_workflow-0.dag.nodes.log, (11317.0.0)
01/26/17 16:09:59 Currently monitoring 1 Condor log file(s)
01/26/17 16:09:59 Event: ULOG_POST_SCRIPT_TERMINATED for Condor Node stage_in_local_local_4_0 (11314.0.0)
01/26/17 16:09:59 POST Script of Node stage_in_local_local_4_0 completed successfully.
01/26/17 16:09:59 Event: ULOG_POST_SCRIPT_TERMINATED for Condor Node stage_in_local_local_2_0 (11316.0.0)
01/26/17 16:09:59 POST Script of Node stage_in_local_local_2_0 completed successfully.
01/26/17 16:09:59 Event: ULOG_POST_SCRIPT_TERMINATED for Condor Node stage_in_local_local_1_0 (11315.0.0)
01/26/17 16:09:59 POST Script of Node stage_in_local_local_1_0 completed successfully.
01/26/17 16:09:59 Event: ULOG_POST_SCRIPT_TERMINATED for Condor Node stage_in_local_local_0_0 (11313.0.0)
01/26/17 16:09:59 POST Script of Node stage_in_local_local_0_0 completed successfully.
01/26/17 16:09:59 Event: ULOG_POST_SCRIPT_TERMINATED for Condor Node stage_in_remote_local_1_0 (11317.0.0)
01/26/17 16:09:59 POST Script of Node stage_in_remote_local_1_0 completed successfully.
01/26/17 16:09:59 Event: ULOG_JOB_TERMINATED for Condor Node stage_in_local_local_3_0 (11318.0.0)
01/26/17 16:09:59 Number of idle job procs: 0
01/26/17 16:09:59 Node stage_in_local_local_3_0 job proc (11318.0.0) completed successfully.
01/26/17 16:09:59 Node stage_in_local_local_3_0 job completed
01/26/17 16:09:59 Running POST script of Node stage_in_local_local_3_0...
01/26/17 16:09:59 Warning: mysin has length 0 (ignore if produced by DAGMan; see gittrac #4987, #5031)
01/26/17 16:09:59 Event: ULOG_JOB_TERMINATED for Condor Node stage_in_remote_local_3_0 (11319.0.0)
01/26/17 16:09:59 Number of idle job procs: 0
01/26/17 16:09:59 Node stage_in_remote_local_3_0 job proc (11319.0.0) completed successfully.
01/26/17 16:09:59 Node stage_in_remote_local_3_0 job completed
01/26/17 16:09:59 Running POST script of Node stage_in_remote_local_3_0...
01/26/17 16:09:59 Warning: mysin has length 0 (ignore if produced by DAGMan; see gittrac #4987, #5031)
01/26/17 16:09:59 DAG status: 0 (DAG_STATUS_OK)
01/26/17 16:09:59 Of 21 nodes total:
01/26/17 16:09:59  Done     Pre   Queued    Post   Ready   Un-Ready   Failed
01/26/17 16:09:59   ===     ===      ===     ===     ===        ===      ===
01/26/17 16:09:59     6       0        0       2       1         12        0
01/26/17 16:09:59 0 job proc(s) currently held
01/26/17 16:09:59 Initializing user log writer for /home/ubuntu/wikiflow/ok/9_0_wikiflow_1sh_1s_noannot_prim/dags/ubuntu/pegasus/example_workflow/20170126T160925+0000/./example_workflow-0.dag.nodes.log, (11319.0.0)
01/26/17 16:09:59 Initializing user log writer for /home/ubuntu/wikiflow/ok/9_0_wikiflow_1sh_1s_noannot_prim/dags/ubuntu/pegasus/example_workflow/20170126T160925+0000/./example_workflow-0.dag.nodes.log, (11318.0.0)
01/26/17 16:10:04 Submitting Condor Node init_0_ID0000001 job(s)...
01/26/17 16:10:04 Adding a DAGMan workflow log /home/ubuntu/wikiflow/ok/9_0_wikiflow_1sh_1s_noannot_prim/dags/ubuntu/pegasus/example_workflow/20170126T160925+0000/./example_workflow-0.dag.nodes.log
01/26/17 16:10:04 Masking the events recorded in the DAGMAN workflow log
01/26/17 16:10:04 Mask for workflow log is 0,1,2,4,5,7,9,10,11,12,13,16,17,24,27
01/26/17 16:10:04 submitting: /usr/bin/condor_submit -a dag_node_name' '=' 'init_0_ID0000001 -a +DAGManJobId' '=' '11311 -a DAGManJobId' '=' '11311 -a submit_event_notes' '=' 'DAG' 'Node:' 'init_0_ID0000001 -a dagman_log' '=' '/home/ubuntu/wikiflow/ok/9_0_wikiflow_1sh_1s_noannot_prim/dags/ubuntu/pegasus/example_workflow/20170126T160925+0000/./example_workflow-0.dag.nodes.log -a +DAGManNodesMask' '=' '"0,1,2,4,5,7,9,10,11,12,13,16,17,24,27" -a DAG_STATUS' '=' '0 -a FAILED_COUNT' '=' '0 -a +DAGParentNodeNames' '=' '"stage_in_local_local_0_0" -a +KeepClaimIdle' '=' '20 -a notification' '=' 'never 00/00/init_0_ID0000001.sub
01/26/17 16:10:04 From submit: Submitting job(s).
01/26/17 16:10:04 From submit: 1 job(s) submitted to cluster 11320.
01/26/17 16:10:04 	assigned Condor ID (11320.0.0)
01/26/17 16:10:04 Just submitted 1 job this cycle...
01/26/17 16:10:04 Currently monitoring 1 Condor log file(s)
01/26/17 16:10:04 Event: ULOG_POST_SCRIPT_TERMINATED for Condor Node stage_in_remote_local_3_0 (11319.0.0)
01/26/17 16:10:04 POST Script of Node stage_in_remote_local_3_0 completed successfully.
01/26/17 16:10:04 Event: ULOG_POST_SCRIPT_TERMINATED for Condor Node stage_in_local_local_3_0 (11318.0.0)
01/26/17 16:10:04 POST Script of Node stage_in_local_local_3_0 completed successfully.
01/26/17 16:10:04 Reassigning the id of job init_0_ID0000001 from (11320.0.0) to (11320.0.0)
01/26/17 16:10:04 Event: ULOG_SUBMIT for Condor Node init_0_ID0000001 (11320.0.0)
01/26/17 16:10:04 Number of idle job procs: 1
01/26/17 16:10:04 DAG status: 0 (DAG_STATUS_OK)
01/26/17 16:10:04 Of 21 nodes total:
01/26/17 16:10:04  Done     Pre   Queued    Post   Ready   Un-Ready   Failed
01/26/17 16:10:04   ===     ===      ===     ===     ===        ===      ===
01/26/17 16:10:04     8       0        1       0       0         12        0
01/26/17 16:10:04 0 job proc(s) currently held
01/26/17 16:10:24 Currently monitoring 1 Condor log file(s)
01/26/17 16:10:24 Event: ULOG_EXECUTE for Condor Node init_0_ID0000001 (11320.0.0)
01/26/17 16:10:24 Number of idle job procs: 0
01/26/17 16:16:39 Currently monitoring 1 Condor log file(s)
01/26/17 16:16:39 Event: ULOG_JOB_TERMINATED for Condor Node init_0_ID0000001 (11320.0.0)
01/26/17 16:16:39 Number of idle job procs: 0
01/26/17 16:16:39 Node init_0_ID0000001 job proc (11320.0.0) completed successfully.
01/26/17 16:16:39 Node init_0_ID0000001 job completed
01/26/17 16:16:39 Running POST script of Node init_0_ID0000001...
01/26/17 16:16:39 Warning: mysin has length 0 (ignore if produced by DAGMan; see gittrac #4987, #5031)
01/26/17 16:16:39 DAG status: 0 (DAG_STATUS_OK)
01/26/17 16:16:39 Of 21 nodes total:
01/26/17 16:16:39  Done     Pre   Queued    Post   Ready   Un-Ready   Failed
01/26/17 16:16:39   ===     ===      ===     ===     ===        ===      ===
01/26/17 16:16:39     8       0        0       1       0         12        0
01/26/17 16:16:39 0 job proc(s) currently held
01/26/17 16:16:39 Initializing user log writer for /home/ubuntu/wikiflow/ok/9_0_wikiflow_1sh_1s_noannot_prim/dags/ubuntu/pegasus/example_workflow/20170126T160925+0000/./example_workflow-0.dag.nodes.log, (11320.0.0)
01/26/17 16:16:44 Currently monitoring 1 Condor log file(s)
01/26/17 16:16:44 Event: ULOG_POST_SCRIPT_TERMINATED for Condor Node init_0_ID0000001 (11320.0.0)
01/26/17 16:16:44 POST Script of Node init_0_ID0000001 completed successfully.
01/26/17 16:16:44 DAG status: 0 (DAG_STATUS_OK)
01/26/17 16:16:44 Of 21 nodes total:
01/26/17 16:16:44  Done     Pre   Queued    Post   Ready   Un-Ready   Failed
01/26/17 16:16:44   ===     ===      ===     ===     ===        ===      ===
01/26/17 16:16:44     9       0        0       0       2         10        0
01/26/17 16:16:44 0 job proc(s) currently held
01/26/17 16:16:50 Submitting Condor Node clean_up_local_level_3_0 job(s)...
01/26/17 16:16:50 Adding a DAGMan workflow log /home/ubuntu/wikiflow/ok/9_0_wikiflow_1sh_1s_noannot_prim/dags/ubuntu/pegasus/example_workflow/20170126T160925+0000/./example_workflow-0.dag.nodes.log
01/26/17 16:16:50 Masking the events recorded in the DAGMAN workflow log
01/26/17 16:16:50 Mask for workflow log is 0,1,2,4,5,7,9,10,11,12,13,16,17,24,27
01/26/17 16:16:50 submitting: /usr/bin/condor_submit -a dag_node_name' '=' 'clean_up_local_level_3_0 -a +DAGManJobId' '=' '11311 -a DAGManJobId' '=' '11311 -a submit_event_notes' '=' 'DAG' 'Node:' 'clean_up_local_level_3_0 -a dagman_log' '=' '/home/ubuntu/wikiflow/ok/9_0_wikiflow_1sh_1s_noannot_prim/dags/ubuntu/pegasus/example_workflow/20170126T160925+0000/./example_workflow-0.dag.nodes.log -a +DAGManNodesMask' '=' '"0,1,2,4,5,7,9,10,11,12,13,16,17,24,27" -a DAG_STATUS' '=' '0 -a FAILED_COUNT' '=' '0 -a +DAGParentNodeNames' '=' '"init_0_ID0000001" -a +KeepClaimIdle' '=' '20 -a notification' '=' 'never 00/00/clean_up_local_level_3_0.sub
01/26/17 16:16:50 From submit: Submitting job(s).
01/26/17 16:16:50 From submit: 1 job(s) submitted to cluster 11321.
01/26/17 16:16:50 	assigned Condor ID (11321.0.0)
01/26/17 16:16:50 Submitting Condor Node computeusergroup_0_ID0000002 job(s)...
01/26/17 16:16:50 Adding a DAGMan workflow log /home/ubuntu/wikiflow/ok/9_0_wikiflow_1sh_1s_noannot_prim/dags/ubuntu/pegasus/example_workflow/20170126T160925+0000/./example_workflow-0.dag.nodes.log
01/26/17 16:16:50 Masking the events recorded in the DAGMAN workflow log
01/26/17 16:16:50 Mask for workflow log is 0,1,2,4,5,7,9,10,11,12,13,16,17,24,27
01/26/17 16:16:50 submitting: /usr/bin/condor_submit -a dag_node_name' '=' 'computeusergroup_0_ID0000002 -a +DAGManJobId' '=' '11311 -a DAGManJobId' '=' '11311 -a submit_event_notes' '=' 'DAG' 'Node:' 'computeusergroup_0_ID0000002 -a dagman_log' '=' '/home/ubuntu/wikiflow/ok/9_0_wikiflow_1sh_1s_noannot_prim/dags/ubuntu/pegasus/example_workflow/20170126T160925+0000/./example_workflow-0.dag.nodes.log -a +DAGManNodesMask' '=' '"0,1,2,4,5,7,9,10,11,12,13,16,17,24,27" -a DAG_STATUS' '=' '0 -a FAILED_COUNT' '=' '0 -a +DAGParentNodeNames' '=' '"stage_in_local_local_1_0,stage_in_remote_local_1_0,init_0_ID0000001" -a +KeepClaimIdle' '=' '20 -a notification' '=' 'never 00/00/computeusergroup_0_ID0000002.sub
01/26/17 16:16:50 From submit: Submitting job(s).
01/26/17 16:16:50 From submit: 1 job(s) submitted to cluster 11322.
01/26/17 16:16:50 	assigned Condor ID (11322.0.0)
01/26/17 16:16:50 Just submitted 2 jobs this cycle...
01/26/17 16:16:50 Currently monitoring 1 Condor log file(s)
01/26/17 16:16:50 Reassigning the id of job clean_up_local_level_3_0 from (11321.0.0) to (11321.0.0)
01/26/17 16:16:50 Event: ULOG_SUBMIT for Condor Node clean_up_local_level_3_0 (11321.0.0)
01/26/17 16:16:50 Number of idle job procs: 1
01/26/17 16:16:50 Event: ULOG_EXECUTE for Condor Node clean_up_local_level_3_0 (11321.0.0)
01/26/17 16:16:50 Number of idle job procs: 0
01/26/17 16:16:50 Reassigning the id of job computeusergroup_0_ID0000002 from (11322.0.0) to (11322.0.0)
01/26/17 16:16:50 Event: ULOG_SUBMIT for Condor Node computeusergroup_0_ID0000002 (11322.0.0)
01/26/17 16:16:50 Number of idle job procs: 1
01/26/17 16:16:50 DAG status: 0 (DAG_STATUS_OK)
01/26/17 16:16:50 Of 21 nodes total:
01/26/17 16:16:50  Done     Pre   Queued    Post   Ready   Un-Ready   Failed
01/26/17 16:16:50   ===     ===      ===     ===     ===        ===      ===
01/26/17 16:16:50     9       0        2       0       0         10        0
01/26/17 16:16:50 0 job proc(s) currently held
01/26/17 16:16:55 Currently monitoring 1 Condor log file(s)
01/26/17 16:16:55 Event: ULOG_EXECUTE for Condor Node computeusergroup_0_ID0000002 (11322.0.0)
01/26/17 16:16:55 Number of idle job procs: 0
01/26/17 16:16:55 Event: ULOG_JOB_TERMINATED for Condor Node clean_up_local_level_3_0 (11321.0.0)
01/26/17 16:16:55 Number of idle job procs: 0
01/26/17 16:16:55 Node clean_up_local_level_3_0 job proc (11321.0.0) completed successfully.
01/26/17 16:16:55 Node clean_up_local_level_3_0 job completed
01/26/17 16:16:55 Running POST script of Node clean_up_local_level_3_0...
01/26/17 16:16:55 Warning: mysin has length 0 (ignore if produced by DAGMan; see gittrac #4987, #5031)
01/26/17 16:16:55 DAG status: 0 (DAG_STATUS_OK)
01/26/17 16:16:55 Of 21 nodes total:
01/26/17 16:16:55  Done     Pre   Queued    Post   Ready   Un-Ready   Failed
01/26/17 16:16:55   ===     ===      ===     ===     ===        ===      ===
01/26/17 16:16:55     9       0        1       1       0         10        0
01/26/17 16:16:55 0 job proc(s) currently held
01/26/17 16:16:55 Initializing user log writer for /home/ubuntu/wikiflow/ok/9_0_wikiflow_1sh_1s_noannot_prim/dags/ubuntu/pegasus/example_workflow/20170126T160925+0000/./example_workflow-0.dag.nodes.log, (11321.0.0)
01/26/17 16:17:00 Currently monitoring 1 Condor log file(s)
01/26/17 16:17:00 Event: ULOG_POST_SCRIPT_TERMINATED for Condor Node clean_up_local_level_3_0 (11321.0.0)
01/26/17 16:17:00 POST Script of Node clean_up_local_level_3_0 completed successfully.
01/26/17 16:17:00 DAG status: 0 (DAG_STATUS_OK)
01/26/17 16:17:00 Of 21 nodes total:
01/26/17 16:17:00  Done     Pre   Queued    Post   Ready   Un-Ready   Failed
01/26/17 16:17:00   ===     ===      ===     ===     ===        ===      ===
01/26/17 16:17:00    10       0        1       0       0         10        0
01/26/17 16:17:00 0 job proc(s) currently held
01/26/17 16:27:01 601 seconds since last log event
01/26/17 16:27:01 Pending DAG nodes:
01/26/17 16:27:01   Node computeusergroup_0_ID0000002, Condor ID 11322, status STATUS_SUBMITTED
01/26/17 16:37:01 1201 seconds since last log event
01/26/17 16:37:01 Pending DAG nodes:
01/26/17 16:37:01   Node computeusergroup_0_ID0000002, Condor ID 11322, status STATUS_SUBMITTED
01/26/17 16:47:02 1802 seconds since last log event
01/26/17 16:47:02 Pending DAG nodes:
01/26/17 16:47:02   Node computeusergroup_0_ID0000002, Condor ID 11322, status STATUS_SUBMITTED
01/26/17 16:57:02 2402 seconds since last log event
01/26/17 16:57:02 Pending DAG nodes:
01/26/17 16:57:02   Node computeusergroup_0_ID0000002, Condor ID 11322, status STATUS_SUBMITTED
01/26/17 17:07:03 3003 seconds since last log event
01/26/17 17:07:03 Pending DAG nodes:
01/26/17 17:07:03   Node computeusergroup_0_ID0000002, Condor ID 11322, status STATUS_SUBMITTED
01/26/17 17:11:33 Currently monitoring 1 Condor log file(s)
01/26/17 17:11:33 Event: ULOG_JOB_TERMINATED for Condor Node computeusergroup_0_ID0000002 (11322.0.0)
01/26/17 17:11:33 Number of idle job procs: 0
01/26/17 17:11:33 Node computeusergroup_0_ID0000002 job proc (11322.0.0) completed successfully.
01/26/17 17:11:33 Node computeusergroup_0_ID0000002 job completed
01/26/17 17:11:33 Running POST script of Node computeusergroup_0_ID0000002...
01/26/17 17:11:33 Warning: mysin has length 0 (ignore if produced by DAGMan; see gittrac #4987, #5031)
01/26/17 17:11:33 DAG status: 0 (DAG_STATUS_OK)
01/26/17 17:11:33 Of 21 nodes total:
01/26/17 17:11:33  Done     Pre   Queued    Post   Ready   Un-Ready   Failed
01/26/17 17:11:33   ===     ===      ===     ===     ===        ===      ===
01/26/17 17:11:33    10       0        0       1       0         10        0
01/26/17 17:11:33 0 job proc(s) currently held
01/26/17 17:11:33 Initializing user log writer for /home/ubuntu/wikiflow/ok/9_0_wikiflow_1sh_1s_noannot_prim/dags/ubuntu/pegasus/example_workflow/20170126T160925+0000/./example_workflow-0.dag.nodes.log, (11322.0.0)
01/26/17 17:11:38 Currently monitoring 1 Condor log file(s)
01/26/17 17:11:38 Event: ULOG_POST_SCRIPT_TERMINATED for Condor Node computeusergroup_0_ID0000002 (11322.0.0)
01/26/17 17:11:38 POST Script of Node computeusergroup_0_ID0000002 completed successfully.
01/26/17 17:11:38 DAG status: 0 (DAG_STATUS_OK)
01/26/17 17:11:38 Of 21 nodes total:
01/26/17 17:11:38  Done     Pre   Queued    Post   Ready   Un-Ready   Failed
01/26/17 17:11:38   ===     ===      ===     ===     ===        ===      ===
01/26/17 17:11:38    11       0        0       0       3          7        0
01/26/17 17:11:38 0 job proc(s) currently held
01/26/17 17:11:43 Submitting Condor Node clean_up_local_level_4_0 job(s)...
01/26/17 17:11:43 Adding a DAGMan workflow log /home/ubuntu/wikiflow/ok/9_0_wikiflow_1sh_1s_noannot_prim/dags/ubuntu/pegasus/example_workflow/20170126T160925+0000/./example_workflow-0.dag.nodes.log
01/26/17 17:11:43 Masking the events recorded in the DAGMAN workflow log
01/26/17 17:11:43 Mask for workflow log is 0,1,2,4,5,7,9,10,11,12,13,16,17,24,27
01/26/17 17:11:43 submitting: /usr/bin/condor_submit -a dag_node_name' '=' 'clean_up_local_level_4_0 -a +DAGManJobId' '=' '11311 -a DAGManJobId' '=' '11311 -a submit_event_notes' '=' 'DAG' 'Node:' 'clean_up_local_level_4_0 -a dagman_log' '=' '/home/ubuntu/wikiflow/ok/9_0_wikiflow_1sh_1s_noannot_prim/dags/ubuntu/pegasus/example_workflow/20170126T160925+0000/./example_workflow-0.dag.nodes.log -a +DAGManNodesMask' '=' '"0,1,2,4,5,7,9,10,11,12,13,16,17,24,27" -a DAG_STATUS' '=' '0 -a FAILED_COUNT' '=' '0 -a +DAGParentNodeNames' '=' '"computeusergroup_0_ID0000002" -a +KeepClaimIdle' '=' '20 -a notification' '=' 'never 00/00/clean_up_local_level_4_0.sub
01/26/17 17:11:44 From submit: Submitting job(s).
01/26/17 17:11:44 From submit: 1 job(s) submitted to cluster 11323.
01/26/17 17:11:44 	assigned Condor ID (11323.0.0)
01/26/17 17:11:44 Submitting Condor Node stage_out_local_local_1_0 job(s)...
01/26/17 17:11:44 Adding a DAGMan workflow log /home/ubuntu/wikiflow/ok/9_0_wikiflow_1sh_1s_noannot_prim/dags/ubuntu/pegasus/example_workflow/20170126T160925+0000/./example_workflow-0.dag.nodes.log
01/26/17 17:11:44 Masking the events recorded in the DAGMAN workflow log
01/26/17 17:11:44 Mask for workflow log is 0,1,2,4,5,7,9,10,11,12,13,16,17,24,27
01/26/17 17:11:44 submitting: /usr/bin/condor_submit -a dag_node_name' '=' 'stage_out_local_local_1_0 -a +DAGManJobId' '=' '11311 -a DAGManJobId' '=' '11311 -a submit_event_notes' '=' 'DAG' 'Node:' 'stage_out_local_local_1_0 -a dagman_log' '=' '/home/ubuntu/wikiflow/ok/9_0_wikiflow_1sh_1s_noannot_prim/dags/ubuntu/pegasus/example_workflow/20170126T160925+0000/./example_workflow-0.dag.nodes.log -a +DAGManNodesMask' '=' '"0,1,2,4,5,7,9,10,11,12,13,16,17,24,27" -a DAG_STATUS' '=' '0 -a FAILED_COUNT' '=' '0 -a +DAGParentNodeNames' '=' '"computeusergroup_0_ID0000002" -a +KeepClaimIdle' '=' '20 -a notification' '=' 'never 00/00/stage_out_local_local_1_0.sub
01/26/17 17:11:44 From submit: Submitting job(s).
01/26/17 17:11:44 From submit: 1 job(s) submitted to cluster 11324.
01/26/17 17:11:44 	assigned Condor ID (11324.0.0)
01/26/17 17:11:44 Submitting Condor Node sessioncompute_0_ID0000003 job(s)...
01/26/17 17:11:44 Adding a DAGMan workflow log /home/ubuntu/wikiflow/ok/9_0_wikiflow_1sh_1s_noannot_prim/dags/ubuntu/pegasus/example_workflow/20170126T160925+0000/./example_workflow-0.dag.nodes.log
01/26/17 17:11:44 Masking the events recorded in the DAGMAN workflow log
01/26/17 17:11:44 Mask for workflow log is 0,1,2,4,5,7,9,10,11,12,13,16,17,24,27
01/26/17 17:11:44 submitting: /usr/bin/condor_submit -a dag_node_name' '=' 'sessioncompute_0_ID0000003 -a +DAGManJobId' '=' '11311 -a DAGManJobId' '=' '11311 -a submit_event_notes' '=' 'DAG' 'Node:' 'sessioncompute_0_ID0000003 -a dagman_log' '=' '/home/ubuntu/wikiflow/ok/9_0_wikiflow_1sh_1s_noannot_prim/dags/ubuntu/pegasus/example_workflow/20170126T160925+0000/./example_workflow-0.dag.nodes.log -a +DAGManNodesMask' '=' '"0,1,2,4,5,7,9,10,11,12,13,16,17,24,27" -a DAG_STATUS' '=' '0 -a FAILED_COUNT' '=' '0 -a +DAGParentNodeNames' '=' '"stage_in_local_local_2_0,computeusergroup_0_ID0000002" -a +KeepClaimIdle' '=' '20 -a notification' '=' 'never 00/00/sessioncompute_0_ID0000003.sub
01/26/17 17:11:44 From submit: Submitting job(s).
01/26/17 17:11:44 From submit: 1 job(s) submitted to cluster 11325.
01/26/17 17:11:44 	assigned Condor ID (11325.0.0)
01/26/17 17:11:44 Just submitted 3 jobs this cycle...
01/26/17 17:11:44 Currently monitoring 1 Condor log file(s)
01/26/17 17:11:44 Reassigning the id of job clean_up_local_level_4_0 from (11323.0.0) to (11323.0.0)
01/26/17 17:11:44 Event: ULOG_SUBMIT for Condor Node clean_up_local_level_4_0 (11323.0.0)
01/26/17 17:11:44 Number of idle job procs: 1
01/26/17 17:11:44 Event: ULOG_EXECUTE for Condor Node clean_up_local_level_4_0 (11323.0.0)
01/26/17 17:11:44 Number of idle job procs: 0
01/26/17 17:11:44 Reassigning the id of job stage_out_local_local_1_0 from (11324.0.0) to (11324.0.0)
01/26/17 17:11:44 Event: ULOG_SUBMIT for Condor Node stage_out_local_local_1_0 (11324.0.0)
01/26/17 17:11:44 Number of idle job procs: 1
01/26/17 17:11:44 Reassigning the id of job sessioncompute_0_ID0000003 from (11325.0.0) to (11325.0.0)
01/26/17 17:11:44 Event: ULOG_SUBMIT for Condor Node sessioncompute_0_ID0000003 (11325.0.0)
01/26/17 17:11:44 Number of idle job procs: 2
01/26/17 17:11:44 DAG status: 0 (DAG_STATUS_OK)
01/26/17 17:11:44 Of 21 nodes total:
01/26/17 17:11:44  Done     Pre   Queued    Post   Ready   Un-Ready   Failed
01/26/17 17:11:44   ===     ===      ===     ===     ===        ===      ===
01/26/17 17:11:44    11       0        3       0       0          7        0
01/26/17 17:11:44 0 job proc(s) currently held
01/26/17 17:11:49 Currently monitoring 1 Condor log file(s)
01/26/17 17:11:49 Event: ULOG_JOB_TERMINATED for Condor Node clean_up_local_level_4_0 (11323.0.0)
01/26/17 17:11:49 Number of idle job procs: 2
01/26/17 17:11:49 Node clean_up_local_level_4_0 job proc (11323.0.0) completed successfully.
01/26/17 17:11:49 Node clean_up_local_level_4_0 job completed
01/26/17 17:11:49 Running POST script of Node clean_up_local_level_4_0...
01/26/17 17:11:49 Warning: mysin has length 0 (ignore if produced by DAGMan; see gittrac #4987, #5031)
01/26/17 17:11:49 Event: ULOG_EXECUTE for Condor Node stage_out_local_local_1_0 (11324.0.0)
01/26/17 17:11:49 Number of idle job procs: 1
01/26/17 17:11:49 DAG status: 0 (DAG_STATUS_OK)
01/26/17 17:11:49 Of 21 nodes total:
01/26/17 17:11:49  Done     Pre   Queued    Post   Ready   Un-Ready   Failed
01/26/17 17:11:49   ===     ===      ===     ===     ===        ===      ===
01/26/17 17:11:49    11       0        2       1       0          7        0
01/26/17 17:11:49 0 job proc(s) currently held
01/26/17 17:11:49 Initializing user log writer for /home/ubuntu/wikiflow/ok/9_0_wikiflow_1sh_1s_noannot_prim/dags/ubuntu/pegasus/example_workflow/20170126T160925+0000/./example_workflow-0.dag.nodes.log, (11323.0.0)
01/26/17 17:11:54 Currently monitoring 1 Condor log file(s)
01/26/17 17:11:54 Event: ULOG_POST_SCRIPT_TERMINATED for Condor Node clean_up_local_level_4_0 (11323.0.0)
01/26/17 17:11:54 POST Script of Node clean_up_local_level_4_0 completed successfully.
01/26/17 17:11:54 Event: ULOG_JOB_TERMINATED for Condor Node stage_out_local_local_1_0 (11324.0.0)
01/26/17 17:11:54 Number of idle job procs: 1
01/26/17 17:11:54 Node stage_out_local_local_1_0 job proc (11324.0.0) completed successfully.
01/26/17 17:11:54 Node stage_out_local_local_1_0 job completed
01/26/17 17:11:54 Running POST script of Node stage_out_local_local_1_0...
01/26/17 17:11:54 Warning: mysin has length 0 (ignore if produced by DAGMan; see gittrac #4987, #5031)
01/26/17 17:11:54 DAG status: 0 (DAG_STATUS_OK)
01/26/17 17:11:54 Of 21 nodes total:
01/26/17 17:11:54  Done     Pre   Queued    Post   Ready   Un-Ready   Failed
01/26/17 17:11:54   ===     ===      ===     ===     ===        ===      ===
01/26/17 17:11:54    12       0        1       1       0          7        0
01/26/17 17:11:54 0 job proc(s) currently held
01/26/17 17:11:54 Initializing user log writer for /home/ubuntu/wikiflow/ok/9_0_wikiflow_1sh_1s_noannot_prim/dags/ubuntu/pegasus/example_workflow/20170126T160925+0000/./example_workflow-0.dag.nodes.log, (11324.0.0)
01/26/17 17:11:59 Currently monitoring 1 Condor log file(s)
01/26/17 17:11:59 Event: ULOG_POST_SCRIPT_TERMINATED for Condor Node stage_out_local_local_1_0 (11324.0.0)
01/26/17 17:11:59 POST Script of Node stage_out_local_local_1_0 completed successfully.
01/26/17 17:11:59 DAG status: 0 (DAG_STATUS_OK)
01/26/17 17:11:59 Of 21 nodes total:
01/26/17 17:11:59  Done     Pre   Queued    Post   Ready   Un-Ready   Failed
01/26/17 17:11:59   ===     ===      ===     ===     ===        ===      ===
01/26/17 17:11:59    13       0        1       0       0          7        0
01/26/17 17:11:59 0 job proc(s) currently held
01/26/17 17:12:09 Currently monitoring 1 Condor log file(s)
01/26/17 17:12:09 Event: ULOG_EXECUTE for Condor Node sessioncompute_0_ID0000003 (11325.0.0)
01/26/17 17:12:09 Number of idle job procs: 0
01/26/17 17:22:10 601 seconds since last log event
01/26/17 17:22:10 Pending DAG nodes:
01/26/17 17:22:10   Node sessioncompute_0_ID0000003, Condor ID 11325, status STATUS_SUBMITTED
01/26/17 17:32:11 1202 seconds since last log event
01/26/17 17:32:11 Pending DAG nodes:
01/26/17 17:32:11   Node sessioncompute_0_ID0000003, Condor ID 11325, status STATUS_SUBMITTED
01/26/17 17:42:11 1802 seconds since last log event
01/26/17 17:42:11 Pending DAG nodes:
01/26/17 17:42:11   Node sessioncompute_0_ID0000003, Condor ID 11325, status STATUS_SUBMITTED
01/26/17 17:52:02 Currently monitoring 1 Condor log file(s)
01/26/17 17:52:02 Event: ULOG_JOB_TERMINATED for Condor Node sessioncompute_0_ID0000003 (11325.0.0)
01/26/17 17:52:02 Number of idle job procs: 0
01/26/17 17:52:02 Node sessioncompute_0_ID0000003 job proc (11325.0.0) completed successfully.
01/26/17 17:52:02 Node sessioncompute_0_ID0000003 job completed
01/26/17 17:52:02 Running POST script of Node sessioncompute_0_ID0000003...
01/26/17 17:52:02 Warning: mysin has length 0 (ignore if produced by DAGMan; see gittrac #4987, #5031)
01/26/17 17:52:02 DAG status: 0 (DAG_STATUS_OK)
01/26/17 17:52:02 Of 21 nodes total:
01/26/17 17:52:02  Done     Pre   Queued    Post   Ready   Un-Ready   Failed
01/26/17 17:52:02   ===     ===      ===     ===     ===        ===      ===
01/26/17 17:52:02    13       0        0       1       0          7        0
01/26/17 17:52:02 0 job proc(s) currently held
01/26/17 17:52:02 Initializing user log writer for /home/ubuntu/wikiflow/ok/9_0_wikiflow_1sh_1s_noannot_prim/dags/ubuntu/pegasus/example_workflow/20170126T160925+0000/./example_workflow-0.dag.nodes.log, (11325.0.0)
01/26/17 17:52:07 Currently monitoring 1 Condor log file(s)
01/26/17 17:52:07 Event: ULOG_POST_SCRIPT_TERMINATED for Condor Node sessioncompute_0_ID0000003 (11325.0.0)
01/26/17 17:52:07 POST Script of Node sessioncompute_0_ID0000003 completed successfully.
01/26/17 17:52:07 DAG status: 0 (DAG_STATUS_OK)
01/26/17 17:52:07 Of 21 nodes total:
01/26/17 17:52:07  Done     Pre   Queued    Post   Ready   Un-Ready   Failed
01/26/17 17:52:07   ===     ===      ===     ===     ===        ===      ===
01/26/17 17:52:07    14       0        0       0       3          4        0
01/26/17 17:52:07 0 job proc(s) currently held
01/26/17 17:52:12 Submitting Condor Node longestsession_0_ID0000004 job(s)...
01/26/17 17:52:12 Adding a DAGMan workflow log /home/ubuntu/wikiflow/ok/9_0_wikiflow_1sh_1s_noannot_prim/dags/ubuntu/pegasus/example_workflow/20170126T160925+0000/./example_workflow-0.dag.nodes.log
01/26/17 17:52:12 Masking the events recorded in the DAGMAN workflow log
01/26/17 17:52:12 Mask for workflow log is 0,1,2,4,5,7,9,10,11,12,13,16,17,24,27
01/26/17 17:52:12 submitting: /usr/bin/condor_submit -a dag_node_name' '=' 'longestsession_0_ID0000004 -a +DAGManJobId' '=' '11311 -a DAGManJobId' '=' '11311 -a submit_event_notes' '=' 'DAG' 'Node:' 'longestsession_0_ID0000004 -a dagman_log' '=' '/home/ubuntu/wikiflow/ok/9_0_wikiflow_1sh_1s_noannot_prim/dags/ubuntu/pegasus/example_workflow/20170126T160925+0000/./example_workflow-0.dag.nodes.log -a +DAGManNodesMask' '=' '"0,1,2,4,5,7,9,10,11,12,13,16,17,24,27" -a DAG_STATUS' '=' '0 -a FAILED_COUNT' '=' '0 -a +DAGParentNodeNames' '=' '"stage_in_local_local_3_0,stage_in_remote_local_3_0,sessioncompute_0_ID0000003" -a +KeepClaimIdle' '=' '20 -a notification' '=' 'never 00/00/longestsession_0_ID0000004.sub
01/26/17 17:52:12 From submit: Submitting job(s).
01/26/17 17:52:12 From submit: 1 job(s) submitted to cluster 11326.
01/26/17 17:52:12 	assigned Condor ID (11326.0.0)
01/26/17 17:52:12 Submitting Condor Node clean_up_local_level_5_0 job(s)...
01/26/17 17:52:12 Adding a DAGMan workflow log /home/ubuntu/wikiflow/ok/9_0_wikiflow_1sh_1s_noannot_prim/dags/ubuntu/pegasus/example_workflow/20170126T160925+0000/./example_workflow-0.dag.nodes.log
01/26/17 17:52:12 Masking the events recorded in the DAGMAN workflow log
01/26/17 17:52:12 Mask for workflow log is 0,1,2,4,5,7,9,10,11,12,13,16,17,24,27
01/26/17 17:52:12 submitting: /usr/bin/condor_submit -a dag_node_name' '=' 'clean_up_local_level_5_0 -a +DAGManJobId' '=' '11311 -a DAGManJobId' '=' '11311 -a submit_event_notes' '=' 'DAG' 'Node:' 'clean_up_local_level_5_0 -a dagman_log' '=' '/home/ubuntu/wikiflow/ok/9_0_wikiflow_1sh_1s_noannot_prim/dags/ubuntu/pegasus/example_workflow/20170126T160925+0000/./example_workflow-0.dag.nodes.log -a +DAGManNodesMask' '=' '"0,1,2,4,5,7,9,10,11,12,13,16,17,24,27" -a DAG_STATUS' '=' '0 -a FAILED_COUNT' '=' '0 -a +DAGParentNodeNames' '=' '"stage_out_local_local_1_0,sessioncompute_0_ID0000003" -a +KeepClaimIdle' '=' '20 -a notification' '=' 'never 00/00/clean_up_local_level_5_0.sub
01/26/17 17:52:12 From submit: Submitting job(s).
01/26/17 17:52:12 From submit: 1 job(s) submitted to cluster 11327.
01/26/17 17:52:12 	assigned Condor ID (11327.0.0)
01/26/17 17:52:12 Submitting Condor Node clean_up_local_level_5_1 job(s)...
01/26/17 17:52:12 Adding a DAGMan workflow log /home/ubuntu/wikiflow/ok/9_0_wikiflow_1sh_1s_noannot_prim/dags/ubuntu/pegasus/example_workflow/20170126T160925+0000/./example_workflow-0.dag.nodes.log
01/26/17 17:52:12 Masking the events recorded in the DAGMAN workflow log
01/26/17 17:52:12 Mask for workflow log is 0,1,2,4,5,7,9,10,11,12,13,16,17,24,27
01/26/17 17:52:12 submitting: /usr/bin/condor_submit -a dag_node_name' '=' 'clean_up_local_level_5_1 -a +DAGManJobId' '=' '11311 -a DAGManJobId' '=' '11311 -a submit_event_notes' '=' 'DAG' 'Node:' 'clean_up_local_level_5_1 -a dagman_log' '=' '/home/ubuntu/wikiflow/ok/9_0_wikiflow_1sh_1s_noannot_prim/dags/ubuntu/pegasus/example_workflow/20170126T160925+0000/./example_workflow-0.dag.nodes.log -a +DAGManNodesMask' '=' '"0,1,2,4,5,7,9,10,11,12,13,16,17,24,27" -a DAG_STATUS' '=' '0 -a FAILED_COUNT' '=' '0 -a +DAGParentNodeNames' '=' '"sessioncompute_0_ID0000003" -a +KeepClaimIdle' '=' '20 -a notification' '=' 'never 00/00/clean_up_local_level_5_1.sub
01/26/17 17:52:12 From submit: Submitting job(s).
01/26/17 17:52:12 From submit: 1 job(s) submitted to cluster 11328.
01/26/17 17:52:12 	assigned Condor ID (11328.0.0)
01/26/17 17:52:12 Just submitted 3 jobs this cycle...
01/26/17 17:52:12 Currently monitoring 1 Condor log file(s)
01/26/17 17:52:12 Reassigning the id of job longestsession_0_ID0000004 from (11326.0.0) to (11326.0.0)
01/26/17 17:52:12 Event: ULOG_SUBMIT for Condor Node longestsession_0_ID0000004 (11326.0.0)
01/26/17 17:52:12 Number of idle job procs: 1
01/26/17 17:52:12 Reassigning the id of job clean_up_local_level_5_0 from (11327.0.0) to (11327.0.0)
01/26/17 17:52:12 Event: ULOG_SUBMIT for Condor Node clean_up_local_level_5_0 (11327.0.0)
01/26/17 17:52:12 Number of idle job procs: 2
01/26/17 17:52:12 Reassigning the id of job clean_up_local_level_5_1 from (11328.0.0) to (11328.0.0)
01/26/17 17:52:12 Event: ULOG_SUBMIT for Condor Node clean_up_local_level_5_1 (11328.0.0)
01/26/17 17:52:12 Number of idle job procs: 3
01/26/17 17:52:12 DAG status: 0 (DAG_STATUS_OK)
01/26/17 17:52:12 Of 21 nodes total:
01/26/17 17:52:12  Done     Pre   Queued    Post   Ready   Un-Ready   Failed
01/26/17 17:52:12   ===     ===      ===     ===     ===        ===      ===
01/26/17 17:52:12    14       0        3       0       0          4        0
01/26/17 17:52:12 0 job proc(s) currently held
01/26/17 17:52:23 Currently monitoring 1 Condor log file(s)
01/26/17 17:52:23 Event: ULOG_EXECUTE for Condor Node clean_up_local_level_5_1 (11328.0.0)
01/26/17 17:52:23 Number of idle job procs: 2
01/26/17 17:52:23 Event: ULOG_EXECUTE for Condor Node clean_up_local_level_5_0 (11327.0.0)
01/26/17 17:52:23 Number of idle job procs: 1
01/26/17 17:52:23 Event: ULOG_JOB_TERMINATED for Condor Node clean_up_local_level_5_1 (11328.0.0)
01/26/17 17:52:23 Number of idle job procs: 1
01/26/17 17:52:23 Node clean_up_local_level_5_1 job proc (11328.0.0) completed successfully.
01/26/17 17:52:23 Node clean_up_local_level_5_1 job completed
01/26/17 17:52:23 Running POST script of Node clean_up_local_level_5_1...
01/26/17 17:52:23 Warning: mysin has length 0 (ignore if produced by DAGMan; see gittrac #4987, #5031)
01/26/17 17:52:23 Event: ULOG_JOB_TERMINATED for Condor Node clean_up_local_level_5_0 (11327.0.0)
01/26/17 17:52:23 Number of idle job procs: 1
01/26/17 17:52:23 Node clean_up_local_level_5_0 job proc (11327.0.0) completed successfully.
01/26/17 17:52:23 Node clean_up_local_level_5_0 job completed
01/26/17 17:52:23 Running POST script of Node clean_up_local_level_5_0...
01/26/17 17:52:23 Warning: mysin has length 0 (ignore if produced by DAGMan; see gittrac #4987, #5031)
01/26/17 17:52:23 DAG status: 0 (DAG_STATUS_OK)
01/26/17 17:52:23 Of 21 nodes total:
01/26/17 17:52:23  Done     Pre   Queued    Post   Ready   Un-Ready   Failed
01/26/17 17:52:23   ===     ===      ===     ===     ===        ===      ===
01/26/17 17:52:23    14       0        1       2       0          4        0
01/26/17 17:52:23 0 job proc(s) currently held
01/26/17 17:52:23 Initializing user log writer for /home/ubuntu/wikiflow/ok/9_0_wikiflow_1sh_1s_noannot_prim/dags/ubuntu/pegasus/example_workflow/20170126T160925+0000/./example_workflow-0.dag.nodes.log, (11328.0.0)
01/26/17 17:52:23 Initializing user log writer for /home/ubuntu/wikiflow/ok/9_0_wikiflow_1sh_1s_noannot_prim/dags/ubuntu/pegasus/example_workflow/20170126T160925+0000/./example_workflow-0.dag.nodes.log, (11327.0.0)
01/26/17 17:52:28 Currently monitoring 1 Condor log file(s)
01/26/17 17:52:28 Event: ULOG_POST_SCRIPT_TERMINATED for Condor Node clean_up_local_level_5_1 (11328.0.0)
01/26/17 17:52:28 POST Script of Node clean_up_local_level_5_1 completed successfully.
01/26/17 17:52:28 Event: ULOG_POST_SCRIPT_TERMINATED for Condor Node clean_up_local_level_5_0 (11327.0.0)
01/26/17 17:52:28 POST Script of Node clean_up_local_level_5_0 completed successfully.
01/26/17 17:52:28 Event: ULOG_EXECUTE for Condor Node longestsession_0_ID0000004 (11326.0.0)
01/26/17 17:52:28 Number of idle job procs: 0
01/26/17 17:52:28 DAG status: 0 (DAG_STATUS_OK)
01/26/17 17:52:28 Of 21 nodes total:
01/26/17 17:52:28  Done     Pre   Queued    Post   Ready   Un-Ready   Failed
01/26/17 17:52:28   ===     ===      ===     ===     ===        ===      ===
01/26/17 17:52:28    16       0        1       0       0          4        0
01/26/17 17:52:28 0 job proc(s) currently held
01/26/17 17:52:53 Currently monitoring 1 Condor log file(s)
01/26/17 17:52:53 Event: ULOG_JOB_TERMINATED for Condor Node longestsession_0_ID0000004 (11326.0.0)
01/26/17 17:52:53 Number of idle job procs: 0
01/26/17 17:52:53 Node longestsession_0_ID0000004 job proc (11326.0.0) completed successfully.
01/26/17 17:52:53 Node longestsession_0_ID0000004 job completed
01/26/17 17:52:53 Running POST script of Node longestsession_0_ID0000004...
01/26/17 17:52:53 Warning: mysin has length 0 (ignore if produced by DAGMan; see gittrac #4987, #5031)
01/26/17 17:52:53 DAG status: 0 (DAG_STATUS_OK)
01/26/17 17:52:53 Of 21 nodes total:
01/26/17 17:52:53  Done     Pre   Queued    Post   Ready   Un-Ready   Failed
01/26/17 17:52:53   ===     ===      ===     ===     ===        ===      ===
01/26/17 17:52:53    16       0        0       1       0          4        0
01/26/17 17:52:53 0 job proc(s) currently held
01/26/17 17:52:53 Initializing user log writer for /home/ubuntu/wikiflow/ok/9_0_wikiflow_1sh_1s_noannot_prim/dags/ubuntu/pegasus/example_workflow/20170126T160925+0000/./example_workflow-0.dag.nodes.log, (11326.0.0)
01/26/17 17:52:58 Currently monitoring 1 Condor log file(s)
01/26/17 17:52:58 Event: ULOG_POST_SCRIPT_TERMINATED for Condor Node longestsession_0_ID0000004 (11326.0.0)
01/26/17 17:52:58 POST Script of Node longestsession_0_ID0000004 completed successfully.
01/26/17 17:52:58 DAG status: 0 (DAG_STATUS_OK)
01/26/17 17:52:58 Of 21 nodes total:
01/26/17 17:52:58  Done     Pre   Queued    Post   Ready   Un-Ready   Failed
01/26/17 17:52:58   ===     ===      ===     ===     ===        ===      ===
01/26/17 17:52:58    17       0        0       0       2          2        0
01/26/17 17:52:58 0 job proc(s) currently held
01/26/17 17:53:03 Submitting Condor Node terminate_0_ID0000005 job(s)...
01/26/17 17:53:03 Adding a DAGMan workflow log /home/ubuntu/wikiflow/ok/9_0_wikiflow_1sh_1s_noannot_prim/dags/ubuntu/pegasus/example_workflow/20170126T160925+0000/./example_workflow-0.dag.nodes.log
01/26/17 17:53:03 Masking the events recorded in the DAGMAN workflow log
01/26/17 17:53:03 Mask for workflow log is 0,1,2,4,5,7,9,10,11,12,13,16,17,24,27
01/26/17 17:53:03 submitting: /usr/bin/condor_submit -a dag_node_name' '=' 'terminate_0_ID0000005 -a +DAGManJobId' '=' '11311 -a DAGManJobId' '=' '11311 -a submit_event_notes' '=' 'DAG' 'Node:' 'terminate_0_ID0000005 -a dagman_log' '=' '/home/ubuntu/wikiflow/ok/9_0_wikiflow_1sh_1s_noannot_prim/dags/ubuntu/pegasus/example_workflow/20170126T160925+0000/./example_workflow-0.dag.nodes.log -a +DAGManNodesMask' '=' '"0,1,2,4,5,7,9,10,11,12,13,16,17,24,27" -a DAG_STATUS' '=' '0 -a FAILED_COUNT' '=' '0 -a +DAGParentNodeNames' '=' '"stage_in_local_local_4_0,longestsession_0_ID0000004" -a +KeepClaimIdle' '=' '20 -a notification' '=' 'never 00/00/terminate_0_ID0000005.sub
01/26/17 17:53:03 From submit: Submitting job(s).
01/26/17 17:53:03 From submit: 1 job(s) submitted to cluster 11329.
01/26/17 17:53:03 	assigned Condor ID (11329.0.0)
01/26/17 17:53:03 Submitting Condor Node clean_up_local_level_6_0 job(s)...
01/26/17 17:53:03 Adding a DAGMan workflow log /home/ubuntu/wikiflow/ok/9_0_wikiflow_1sh_1s_noannot_prim/dags/ubuntu/pegasus/example_workflow/20170126T160925+0000/./example_workflow-0.dag.nodes.log
01/26/17 17:53:03 Masking the events recorded in the DAGMAN workflow log
01/26/17 17:53:03 Mask for workflow log is 0,1,2,4,5,7,9,10,11,12,13,16,17,24,27
01/26/17 17:53:03 submitting: /usr/bin/condor_submit -a dag_node_name' '=' 'clean_up_local_level_6_0 -a +DAGManJobId' '=' '11311 -a DAGManJobId' '=' '11311 -a submit_event_notes' '=' 'DAG' 'Node:' 'clean_up_local_level_6_0 -a dagman_log' '=' '/home/ubuntu/wikiflow/ok/9_0_wikiflow_1sh_1s_noannot_prim/dags/ubuntu/pegasus/example_workflow/20170126T160925+0000/./example_workflow-0.dag.nodes.log -a +DAGManNodesMask' '=' '"0,1,2,4,5,7,9,10,11,12,13,16,17,24,27" -a DAG_STATUS' '=' '0 -a FAILED_COUNT' '=' '0 -a +DAGParentNodeNames' '=' '"longestsession_0_ID0000004" -a +KeepClaimIdle' '=' '20 -a notification' '=' 'never 00/00/clean_up_local_level_6_0.sub
01/26/17 17:53:03 From submit: Submitting job(s).
01/26/17 17:53:03 From submit: 1 job(s) submitted to cluster 11330.
01/26/17 17:53:03 	assigned Condor ID (11330.0.0)
01/26/17 17:53:03 Just submitted 2 jobs this cycle...
01/26/17 17:53:03 Currently monitoring 1 Condor log file(s)
01/26/17 17:53:03 Reassigning the id of job terminate_0_ID0000005 from (11329.0.0) to (11329.0.0)
01/26/17 17:53:03 Event: ULOG_SUBMIT for Condor Node terminate_0_ID0000005 (11329.0.0)
01/26/17 17:53:03 Number of idle job procs: 1
01/26/17 17:53:03 Reassigning the id of job clean_up_local_level_6_0 from (11330.0.0) to (11330.0.0)
01/26/17 17:53:03 Event: ULOG_SUBMIT for Condor Node clean_up_local_level_6_0 (11330.0.0)
01/26/17 17:53:03 Number of idle job procs: 2
01/26/17 17:53:03 DAG status: 0 (DAG_STATUS_OK)
01/26/17 17:53:03 Of 21 nodes total:
01/26/17 17:53:03  Done     Pre   Queued    Post   Ready   Un-Ready   Failed
01/26/17 17:53:03   ===     ===      ===     ===     ===        ===      ===
01/26/17 17:53:03    17       0        2       0       0          2        0
01/26/17 17:53:03 0 job proc(s) currently held
01/26/17 17:53:08 Currently monitoring 1 Condor log file(s)
01/26/17 17:53:08 Event: ULOG_EXECUTE for Condor Node terminate_0_ID0000005 (11329.0.0)
01/26/17 17:53:08 Number of idle job procs: 1
01/26/17 17:53:08 Event: ULOG_JOB_TERMINATED for Condor Node terminate_0_ID0000005 (11329.0.0)
01/26/17 17:53:08 Number of idle job procs: 1
01/26/17 17:53:08 Node terminate_0_ID0000005 job proc (11329.0.0) completed successfully.
01/26/17 17:53:08 Node terminate_0_ID0000005 job completed
01/26/17 17:53:08 Running POST script of Node terminate_0_ID0000005...
01/26/17 17:53:08 Warning: mysin has length 0 (ignore if produced by DAGMan; see gittrac #4987, #5031)
01/26/17 17:53:08 DAG status: 0 (DAG_STATUS_OK)
01/26/17 17:53:08 Of 21 nodes total:
01/26/17 17:53:08  Done     Pre   Queued    Post   Ready   Un-Ready   Failed
01/26/17 17:53:08   ===     ===      ===     ===     ===        ===      ===
01/26/17 17:53:08    17       0        1       1       0          2        0
01/26/17 17:53:08 0 job proc(s) currently held
01/26/17 17:53:08 Initializing user log writer for /home/ubuntu/wikiflow/ok/9_0_wikiflow_1sh_1s_noannot_prim/dags/ubuntu/pegasus/example_workflow/20170126T160925+0000/./example_workflow-0.dag.nodes.log, (11329.0.0)
01/26/17 17:53:13 Currently monitoring 1 Condor log file(s)
01/26/17 17:53:13 Event: ULOG_POST_SCRIPT_TERMINATED for Condor Node terminate_0_ID0000005 (11329.0.0)
01/26/17 17:53:13 POST Script of Node terminate_0_ID0000005 completed successfully.
01/26/17 17:53:13 Event: ULOG_EXECUTE for Condor Node clean_up_local_level_6_0 (11330.0.0)
01/26/17 17:53:13 Number of idle job procs: 0
01/26/17 17:53:13 DAG status: 0 (DAG_STATUS_OK)
01/26/17 17:53:13 Of 21 nodes total:
01/26/17 17:53:13  Done     Pre   Queued    Post   Ready   Un-Ready   Failed
01/26/17 17:53:13   ===     ===      ===     ===     ===        ===      ===
01/26/17 17:53:13    18       0        1       0       1          1        0
01/26/17 17:53:13 0 job proc(s) currently held
01/26/17 17:53:18 Submitting Condor Node clean_up_local_level_7_0 job(s)...
01/26/17 17:53:18 Adding a DAGMan workflow log /home/ubuntu/wikiflow/ok/9_0_wikiflow_1sh_1s_noannot_prim/dags/ubuntu/pegasus/example_workflow/20170126T160925+0000/./example_workflow-0.dag.nodes.log
01/26/17 17:53:18 Masking the events recorded in the DAGMAN workflow log
01/26/17 17:53:18 Mask for workflow log is 0,1,2,4,5,7,9,10,11,12,13,16,17,24,27
01/26/17 17:53:18 submitting: /usr/bin/condor_submit -a dag_node_name' '=' 'clean_up_local_level_7_0 -a +DAGManJobId' '=' '11311 -a DAGManJobId' '=' '11311 -a submit_event_notes' '=' 'DAG' 'Node:' 'clean_up_local_level_7_0 -a dagman_log' '=' '/home/ubuntu/wikiflow/ok/9_0_wikiflow_1sh_1s_noannot_prim/dags/ubuntu/pegasus/example_workflow/20170126T160925+0000/./example_workflow-0.dag.nodes.log -a +DAGManNodesMask' '=' '"0,1,2,4,5,7,9,10,11,12,13,16,17,24,27" -a DAG_STATUS' '=' '0 -a FAILED_COUNT' '=' '0 -a +DAGParentNodeNames' '=' '"terminate_0_ID0000005" -a +KeepClaimIdle' '=' '20 -a notification' '=' 'never 00/00/clean_up_local_level_7_0.sub
01/26/17 17:53:18 From submit: Submitting job(s).
01/26/17 17:53:18 From submit: 1 job(s) submitted to cluster 11331.
01/26/17 17:53:18 	assigned Condor ID (11331.0.0)
01/26/17 17:53:18 Just submitted 1 job this cycle...
01/26/17 17:53:18 Currently monitoring 1 Condor log file(s)
01/26/17 17:53:18 Event: ULOG_JOB_TERMINATED for Condor Node clean_up_local_level_6_0 (11330.0.0)
01/26/17 17:53:18 Number of idle job procs: 0
01/26/17 17:53:18 Node clean_up_local_level_6_0 job proc (11330.0.0) completed successfully.
01/26/17 17:53:18 Node clean_up_local_level_6_0 job completed
01/26/17 17:53:18 Running POST script of Node clean_up_local_level_6_0...
01/26/17 17:53:18 Warning: mysin has length 0 (ignore if produced by DAGMan; see gittrac #4987, #5031)
01/26/17 17:53:18 Reassigning the id of job clean_up_local_level_7_0 from (11331.0.0) to (11331.0.0)
01/26/17 17:53:18 Event: ULOG_SUBMIT for Condor Node clean_up_local_level_7_0 (11331.0.0)
01/26/17 17:53:18 Number of idle job procs: 1
01/26/17 17:53:18 DAG status: 0 (DAG_STATUS_OK)
01/26/17 17:53:18 Of 21 nodes total:
01/26/17 17:53:18  Done     Pre   Queued    Post   Ready   Un-Ready   Failed
01/26/17 17:53:18   ===     ===      ===     ===     ===        ===      ===
01/26/17 17:53:18    18       0        1       1       0          1        0
01/26/17 17:53:18 0 job proc(s) currently held
01/26/17 17:53:19 Initializing user log writer for /home/ubuntu/wikiflow/ok/9_0_wikiflow_1sh_1s_noannot_prim/dags/ubuntu/pegasus/example_workflow/20170126T160925+0000/./example_workflow-0.dag.nodes.log, (11330.0.0)
01/26/17 17:53:23 Currently monitoring 1 Condor log file(s)
01/26/17 17:53:23 Event: ULOG_EXECUTE for Condor Node clean_up_local_level_7_0 (11331.0.0)
01/26/17 17:53:23 Number of idle job procs: 0
01/26/17 17:53:23 Event: ULOG_POST_SCRIPT_TERMINATED for Condor Node clean_up_local_level_6_0 (11330.0.0)
01/26/17 17:53:23 POST Script of Node clean_up_local_level_6_0 completed successfully.
01/26/17 17:53:23 Event: ULOG_JOB_TERMINATED for Condor Node clean_up_local_level_7_0 (11331.0.0)
01/26/17 17:53:23 Number of idle job procs: 0
01/26/17 17:53:23 Node clean_up_local_level_7_0 job proc (11331.0.0) completed successfully.
01/26/17 17:53:23 Node clean_up_local_level_7_0 job completed
01/26/17 17:53:23 Running POST script of Node clean_up_local_level_7_0...
01/26/17 17:53:23 Warning: mysin has length 0 (ignore if produced by DAGMan; see gittrac #4987, #5031)
01/26/17 17:53:23 DAG status: 0 (DAG_STATUS_OK)
01/26/17 17:53:23 Of 21 nodes total:
01/26/17 17:53:23  Done     Pre   Queued    Post   Ready   Un-Ready   Failed
01/26/17 17:53:23   ===     ===      ===     ===     ===        ===      ===
01/26/17 17:53:23    19       0        0       1       0          1        0
01/26/17 17:53:23 0 job proc(s) currently held
01/26/17 17:53:23 Initializing user log writer for /home/ubuntu/wikiflow/ok/9_0_wikiflow_1sh_1s_noannot_prim/dags/ubuntu/pegasus/example_workflow/20170126T160925+0000/./example_workflow-0.dag.nodes.log, (11331.0.0)
01/26/17 17:53:28 Currently monitoring 1 Condor log file(s)
01/26/17 17:53:28 Event: ULOG_POST_SCRIPT_TERMINATED for Condor Node clean_up_local_level_7_0 (11331.0.0)
01/26/17 17:53:28 POST Script of Node clean_up_local_level_7_0 completed successfully.
01/26/17 17:53:28 DAG status: 0 (DAG_STATUS_OK)
01/26/17 17:53:28 Of 21 nodes total:
01/26/17 17:53:28  Done     Pre   Queued    Post   Ready   Un-Ready   Failed
01/26/17 17:53:28   ===     ===      ===     ===     ===        ===      ===
01/26/17 17:53:28    20       0        0       0       1          0        0
01/26/17 17:53:28 0 job proc(s) currently held
01/26/17 17:53:33 Submitting Condor Node cleanup_example_workflow_0_local job(s)...
01/26/17 17:53:33 Adding a DAGMan workflow log /home/ubuntu/wikiflow/ok/9_0_wikiflow_1sh_1s_noannot_prim/dags/ubuntu/pegasus/example_workflow/20170126T160925+0000/./example_workflow-0.dag.nodes.log
01/26/17 17:53:33 Masking the events recorded in the DAGMAN workflow log
01/26/17 17:53:33 Mask for workflow log is 0,1,2,4,5,7,9,10,11,12,13,16,17,24,27
01/26/17 17:53:33 submitting: /usr/bin/condor_submit -a dag_node_name' '=' 'cleanup_example_workflow_0_local -a +DAGManJobId' '=' '11311 -a DAGManJobId' '=' '11311 -a submit_event_notes' '=' 'DAG' 'Node:' 'cleanup_example_workflow_0_local -a dagman_log' '=' '/home/ubuntu/wikiflow/ok/9_0_wikiflow_1sh_1s_noannot_prim/dags/ubuntu/pegasus/example_workflow/20170126T160925+0000/./example_workflow-0.dag.nodes.log -a +DAGManNodesMask' '=' '"0,1,2,4,5,7,9,10,11,12,13,16,17,24,27" -a DAG_STATUS' '=' '0 -a FAILED_COUNT' '=' '0 -a +DAGParentNodeNames' '=' '"clean_up_local_level_3_0,clean_up_local_level_4_0,clean_up_local_level_5_0,clean_up_local_level_5_1,clean_up_local_level_6_0,clean_up_local_level_7_0" -a notification' '=' 'never 00/00/cleanup_example_workflow_0_local.sub
01/26/17 17:53:33 From submit: Submitting job(s).
01/26/17 17:53:33 From submit: 1 job(s) submitted to cluster 11332.
01/26/17 17:53:33 	assigned Condor ID (11332.0.0)
01/26/17 17:53:33 Just submitted 1 job this cycle...
01/26/17 17:53:33 Currently monitoring 1 Condor log file(s)
01/26/17 17:53:33 Reassigning the id of job cleanup_example_workflow_0_local from (11332.0.0) to (11332.0.0)
01/26/17 17:53:33 Event: ULOG_SUBMIT for Condor Node cleanup_example_workflow_0_local (11332.0.0)
01/26/17 17:53:33 Number of idle job procs: 1
01/26/17 17:53:33 DAG status: 0 (DAG_STATUS_OK)
01/26/17 17:53:33 Of 21 nodes total:
01/26/17 17:53:33  Done     Pre   Queued    Post   Ready   Un-Ready   Failed
01/26/17 17:53:33   ===     ===      ===     ===     ===        ===      ===
01/26/17 17:53:33    20       0        1       0       0          0        0
01/26/17 17:53:33 0 job proc(s) currently held
01/26/17 17:53:38 Currently monitoring 1 Condor log file(s)
01/26/17 17:53:38 Event: ULOG_EXECUTE for Condor Node cleanup_example_workflow_0_local (11332.0.0)
01/26/17 17:53:38 Number of idle job procs: 0
01/26/17 17:53:38 Event: ULOG_JOB_TERMINATED for Condor Node cleanup_example_workflow_0_local (11332.0.0)
01/26/17 17:53:38 Number of idle job procs: 0
01/26/17 17:53:38 Node cleanup_example_workflow_0_local job proc (11332.0.0) completed successfully.
01/26/17 17:53:38 Node cleanup_example_workflow_0_local job completed
01/26/17 17:53:38 DAG status: 0 (DAG_STATUS_OK)
01/26/17 17:53:38 Of 21 nodes total:
01/26/17 17:53:38  Done     Pre   Queued    Post   Ready   Un-Ready   Failed
01/26/17 17:53:38   ===     ===      ===     ===     ===        ===      ===
01/26/17 17:53:38    21       0        0       0       0          0        0
01/26/17 17:53:38 0 job proc(s) currently held
01/26/17 17:53:38 All jobs Completed!
01/26/17 17:53:38 Note: 0 total job deferrals because of -MaxJobs limit (0)
01/26/17 17:53:38 Note: 0 total job deferrals because of -MaxIdle limit (1000)
01/26/17 17:53:38 Note: 0 total job deferrals because of node category throttles
01/26/17 17:53:38 Note: 0 total PRE script deferrals because of -MaxPre limit (20) or DEFER
01/26/17 17:53:38 Note: 0 total POST script deferrals because of -MaxPost limit (20) or DEFER
01/26/17 17:53:38 DAG status: 0 (DAG_STATUS_OK)
01/26/17 17:53:38 Of 21 nodes total:
01/26/17 17:53:38  Done     Pre   Queued    Post   Ready   Un-Ready   Failed
01/26/17 17:53:38   ===     ===      ===     ===     ===        ===      ===
01/26/17 17:53:38    21       0        0       0       0          0        0
01/26/17 17:53:38 0 job proc(s) currently held
01/26/17 17:53:38 Wrote metrics file example_workflow-0.dag.metrics.
01/26/17 17:53:38 Reporting metrics to Pegasus metrics server(s); output is in example_workflow-0.dag.metrics.out.
01/26/17 17:53:38 Running command </usr/lib/condor/libexec/condor_dagman_metrics_reporter -f example_workflow-0.dag.metrics -t 100>
01/26/17 17:53:38 Warning: mysin has length 0 (ignore if produced by DAGMan; see gittrac #4987, #5031)
01/26/17 17:53:38 **** condor_scheduniv_exec.11311.0 (condor_DAGMAN) pid 158328 EXITING WITH STATUS 0
