000 (6997.000.000) 11/27 17:14:15 Job submitted from host: <54.67.10.246:28831?addrs=54.67.10.246-28831>
    DAG Node: create_dir_example_workflow_0_local
    pool:local
...
001 (6997.000.000) 11/27 17:14:16 Job executing on host: <54.67.10.246:10133?addrs=54.67.10.246-10133>
...
005 (6997.000.000) 11/27 17:14:18 Job terminated.
	(1) Normal termination (return value 0)
		Usr 0 00:00:00, Sys 0 00:00:00  -  Run Remote Usage
		Usr 0 00:00:00, Sys 0 00:00:00  -  Run Local Usage
		Usr 0 00:00:00, Sys 0 00:00:00  -  Total Remote Usage
		Usr 0 00:00:00, Sys 0 00:00:00  -  Total Local Usage
	0  -  Run Bytes Sent By Job
	0  -  Run Bytes Received By Job
	0  -  Total Bytes Sent By Job
	0  -  Total Bytes Received By Job
...
016 (6997.000.000) 11/27 17:14:20 POST Script terminated.
	(1) Normal termination (return value 0)
    DAG Node: create_dir_example_workflow_0_local
...
000 (6998.000.000) 11/27 17:14:30 Job submitted from host: <54.67.10.246:28831?addrs=54.67.10.246-28831>
    DAG Node: stage_in_local_local_0_0
    pool:local
...
001 (6998.000.000) 11/27 17:14:30 Job executing on host: <54.67.10.246:26602?addrs=54.67.10.246-26602>
...
000 (6999.000.000) 11/27 17:14:30 Job submitted from host: <54.67.10.246:28831?addrs=54.67.10.246-28831>
    DAG Node: stage_in_remote_local_2_1
    pool:local
...
000 (7000.000.000) 11/27 17:14:31 Job submitted from host: <54.67.10.246:28831?addrs=54.67.10.246-28831>
    DAG Node: stage_in_local_local_6_0
    pool:local
...
000 (7001.000.000) 11/27 17:14:31 Job submitted from host: <54.67.10.246:28831?addrs=54.67.10.246-28831>
    DAG Node: stage_in_remote_local_5_1
    pool:local
...
000 (7002.000.000) 11/27 17:14:31 Job submitted from host: <54.67.10.246:28831?addrs=54.67.10.246-28831>
    DAG Node: stage_in_remote_local_5_0
    pool:local
...
005 (6998.000.000) 11/27 17:14:33 Job terminated.
	(1) Normal termination (return value 0)
		Usr 0 00:00:00, Sys 0 00:00:00  -  Run Remote Usage
		Usr 0 00:00:00, Sys 0 00:00:00  -  Run Local Usage
		Usr 0 00:00:00, Sys 0 00:00:00  -  Total Remote Usage
		Usr 0 00:00:00, Sys 0 00:00:00  -  Total Local Usage
	0  -  Run Bytes Sent By Job
	0  -  Run Bytes Received By Job
	0  -  Total Bytes Sent By Job
	0  -  Total Bytes Received By Job
...
001 (6999.000.000) 11/27 17:14:33 Job executing on host: <54.67.10.246:35904?addrs=54.67.10.246-35904>
...
001 (7002.000.000) 11/27 17:14:33 Job executing on host: <54.67.10.246:7688?addrs=54.67.10.246-7688>
...
001 (7001.000.000) 11/27 17:14:33 Job executing on host: <54.67.10.246:30835?addrs=54.67.10.246-30835>
...
001 (7000.000.000) 11/27 17:14:33 Job executing on host: <54.67.10.246:19255?addrs=54.67.10.246-19255>
...
005 (7000.000.000) 11/27 17:14:35 Job terminated.
	(1) Normal termination (return value 0)
		Usr 0 00:00:00, Sys 0 00:00:00  -  Run Remote Usage
		Usr 0 00:00:00, Sys 0 00:00:00  -  Run Local Usage
		Usr 0 00:00:00, Sys 0 00:00:00  -  Total Remote Usage
		Usr 0 00:00:00, Sys 0 00:00:00  -  Total Local Usage
	0  -  Run Bytes Sent By Job
	0  -  Run Bytes Received By Job
	0  -  Total Bytes Sent By Job
	0  -  Total Bytes Received By Job
...
005 (6999.000.000) 11/27 17:14:35 Job terminated.
	(1) Normal termination (return value 0)
		Usr 0 00:00:00, Sys 0 00:00:00  -  Run Remote Usage
		Usr 0 00:00:00, Sys 0 00:00:00  -  Run Local Usage
		Usr 0 00:00:00, Sys 0 00:00:00  -  Total Remote Usage
		Usr 0 00:00:00, Sys 0 00:00:00  -  Total Local Usage
	0  -  Run Bytes Sent By Job
	0  -  Run Bytes Received By Job
	0  -  Total Bytes Sent By Job
	0  -  Total Bytes Received By Job
...
000 (7003.000.000) 11/27 17:14:36 Job submitted from host: <54.67.10.246:28831?addrs=54.67.10.246-28831>
    DAG Node: stage_in_local_local_2_0
    pool:local
...
000 (7004.000.000) 11/27 17:14:36 Job submitted from host: <54.67.10.246:28831?addrs=54.67.10.246-28831>
    DAG Node: stage_in_local_local_2_1
    pool:local
...
000 (7005.000.000) 11/27 17:14:36 Job submitted from host: <54.67.10.246:28831?addrs=54.67.10.246-28831>
    DAG Node: stage_in_remote_local_1_0
    pool:local
...
000 (7006.000.000) 11/27 17:14:36 Job submitted from host: <54.67.10.246:28831?addrs=54.67.10.246-28831>
    DAG Node: stage_in_local_local_3_1
    pool:local
...
000 (7007.000.000) 11/27 17:14:36 Job submitted from host: <54.67.10.246:28831?addrs=54.67.10.246-28831>
    DAG Node: stage_in_local_local_5_0
    pool:local
...
016 (6998.000.000) 11/27 17:14:36 POST Script terminated.
	(1) Normal termination (return value 0)
    DAG Node: stage_in_local_local_0_0
...
016 (7000.000.000) 11/27 17:14:36 POST Script terminated.
	(1) Normal termination (return value 0)
    DAG Node: stage_in_local_local_6_0
...
016 (6999.000.000) 11/27 17:14:36 POST Script terminated.
	(1) Normal termination (return value 0)
    DAG Node: stage_in_remote_local_2_1
...
005 (7001.000.000) 11/27 17:14:37 Job terminated.
	(1) Normal termination (return value 0)
		Usr 0 00:00:00, Sys 0 00:00:00  -  Run Remote Usage
		Usr 0 00:00:00, Sys 0 00:00:00  -  Run Local Usage
		Usr 0 00:00:00, Sys 0 00:00:00  -  Total Remote Usage
		Usr 0 00:00:00, Sys 0 00:00:00  -  Total Local Usage
	0  -  Run Bytes Sent By Job
	0  -  Run Bytes Received By Job
	0  -  Total Bytes Sent By Job
	0  -  Total Bytes Received By Job
...
005 (7002.000.000) 11/27 17:14:37 Job terminated.
	(1) Normal termination (return value 0)
		Usr 0 00:00:00, Sys 0 00:00:00  -  Run Remote Usage
		Usr 0 00:00:00, Sys 0 00:00:00  -  Run Local Usage
		Usr 0 00:00:00, Sys 0 00:00:00  -  Total Remote Usage
		Usr 0 00:00:00, Sys 0 00:00:00  -  Total Local Usage
	0  -  Run Bytes Sent By Job
	0  -  Run Bytes Received By Job
	0  -  Total Bytes Sent By Job
	0  -  Total Bytes Received By Job
...
001 (7005.000.000) 11/27 17:14:37 Job executing on host: <54.67.10.246:16333?addrs=54.67.10.246-16333>
...
001 (7004.000.000) 11/27 17:14:37 Job executing on host: <54.67.10.246:32126?addrs=54.67.10.246-32126>
...
001 (7006.000.000) 11/27 17:14:37 Job executing on host: <54.67.10.246:14582?addrs=54.67.10.246-14582>
...
001 (7007.000.000) 11/27 17:14:37 Job executing on host: <54.67.10.246:43721?addrs=54.67.10.246-43721>
...
001 (7003.000.000) 11/27 17:14:37 Job executing on host: <54.67.10.246:58301?addrs=54.67.10.246-58301>
...
005 (7005.000.000) 11/27 17:14:40 Job terminated.
	(1) Normal termination (return value 0)
		Usr 0 00:00:00, Sys 0 00:00:00  -  Run Remote Usage
		Usr 0 00:00:00, Sys 0 00:00:00  -  Run Local Usage
		Usr 0 00:00:00, Sys 0 00:00:00  -  Total Remote Usage
		Usr 0 00:00:00, Sys 0 00:00:00  -  Total Local Usage
	0  -  Run Bytes Sent By Job
	0  -  Run Bytes Received By Job
	0  -  Total Bytes Sent By Job
	0  -  Total Bytes Received By Job
...
005 (7004.000.000) 11/27 17:14:40 Job terminated.
	(1) Normal termination (return value 0)
		Usr 0 00:00:00, Sys 0 00:00:00  -  Run Remote Usage
		Usr 0 00:00:00, Sys 0 00:00:00  -  Run Local Usage
		Usr 0 00:00:00, Sys 0 00:00:00  -  Total Remote Usage
		Usr 0 00:00:00, Sys 0 00:00:00  -  Total Local Usage
	0  -  Run Bytes Sent By Job
	0  -  Run Bytes Received By Job
	0  -  Total Bytes Sent By Job
	0  -  Total Bytes Received By Job
...
000 (7008.000.000) 11/27 17:14:41 Job submitted from host: <54.67.10.246:28831?addrs=54.67.10.246-28831>
    DAG Node: stage_in_local_local_3_0
    pool:local
...
000 (7009.000.000) 11/27 17:14:41 Job submitted from host: <54.67.10.246:28831?addrs=54.67.10.246-28831>
    DAG Node: stage_in_local_local_5_1
    pool:local
...
000 (7010.000.000) 11/27 17:14:41 Job submitted from host: <54.67.10.246:28831?addrs=54.67.10.246-28831>
    DAG Node: stage_in_local_local_4_0
    pool:local
...
000 (7011.000.000) 11/27 17:14:41 Job submitted from host: <54.67.10.246:28831?addrs=54.67.10.246-28831>
    DAG Node: stage_in_local_local_7_0
    pool:local
...
000 (7012.000.000) 11/27 17:14:41 Job submitted from host: <54.67.10.246:28831?addrs=54.67.10.246-28831>
    DAG Node: stage_in_local_local_4_1
    pool:local
...
016 (7002.000.000) 11/27 17:14:42 POST Script terminated.
	(1) Normal termination (return value 0)
    DAG Node: stage_in_remote_local_5_0
...
005 (7006.000.000) 11/27 17:14:42 Job terminated.
	(1) Normal termination (return value 0)
		Usr 0 00:00:00, Sys 0 00:00:00  -  Run Remote Usage
		Usr 0 00:00:00, Sys 0 00:00:00  -  Run Local Usage
		Usr 0 00:00:00, Sys 0 00:00:00  -  Total Remote Usage
		Usr 0 00:00:00, Sys 0 00:00:00  -  Total Local Usage
	0  -  Run Bytes Sent By Job
	0  -  Run Bytes Received By Job
	0  -  Total Bytes Sent By Job
	0  -  Total Bytes Received By Job
...
005 (7003.000.000) 11/27 17:14:42 Job terminated.
	(1) Normal termination (return value 0)
		Usr 0 00:00:00, Sys 0 00:00:00  -  Run Remote Usage
		Usr 0 00:00:00, Sys 0 00:00:00  -  Run Local Usage
		Usr 0 00:00:00, Sys 0 00:00:00  -  Total Remote Usage
		Usr 0 00:00:00, Sys 0 00:00:00  -  Total Local Usage
	0  -  Run Bytes Sent By Job
	0  -  Run Bytes Received By Job
	0  -  Total Bytes Sent By Job
	0  -  Total Bytes Received By Job
...
005 (7007.000.000) 11/27 17:14:42 Job terminated.
	(1) Normal termination (return value 0)
		Usr 0 00:00:00, Sys 0 00:00:00  -  Run Remote Usage
		Usr 0 00:00:00, Sys 0 00:00:00  -  Run Local Usage
		Usr 0 00:00:00, Sys 0 00:00:00  -  Total Remote Usage
		Usr 0 00:00:00, Sys 0 00:00:00  -  Total Local Usage
	0  -  Run Bytes Sent By Job
	0  -  Run Bytes Received By Job
	0  -  Total Bytes Sent By Job
	0  -  Total Bytes Received By Job
...
001 (7009.000.000) 11/27 17:14:42 Job executing on host: <54.67.10.246:39436?addrs=54.67.10.246-39436>
...
001 (7008.000.000) 11/27 17:14:42 Job executing on host: <54.67.10.246:45460?addrs=54.67.10.246-45460>
...
001 (7012.000.000) 11/27 17:14:42 Job executing on host: <54.67.10.246:13372?addrs=54.67.10.246-13372>
...
001 (7011.000.000) 11/27 17:14:42 Job executing on host: <54.67.10.246:1823?addrs=54.67.10.246-1823>
...
001 (7010.000.000) 11/27 17:14:42 Job executing on host: <54.67.10.246:51483?addrs=54.67.10.246-51483>
...
016 (7005.000.000) 11/27 17:14:43 POST Script terminated.
	(1) Normal termination (return value 0)
    DAG Node: stage_in_remote_local_1_0
...
016 (7001.000.000) 11/27 17:14:43 POST Script terminated.
	(1) Normal termination (return value 0)
    DAG Node: stage_in_remote_local_5_1
...
016 (7004.000.000) 11/27 17:14:43 POST Script terminated.
	(1) Normal termination (return value 0)
    DAG Node: stage_in_local_local_2_1
...
005 (7011.000.000) 11/27 17:14:45 Job terminated.
	(1) Normal termination (return value 0)
		Usr 0 00:00:00, Sys 0 00:00:00  -  Run Remote Usage
		Usr 0 00:00:00, Sys 0 00:00:00  -  Run Local Usage
		Usr 0 00:00:00, Sys 0 00:00:00  -  Total Remote Usage
		Usr 0 00:00:00, Sys 0 00:00:00  -  Total Local Usage
	0  -  Run Bytes Sent By Job
	0  -  Run Bytes Received By Job
	0  -  Total Bytes Sent By Job
	0  -  Total Bytes Received By Job
...
000 (7013.000.000) 11/27 17:14:47 Job submitted from host: <54.67.10.246:28831?addrs=54.67.10.246-28831>
    DAG Node: stage_in_local_local_1_0
    pool:local
...
000 (7014.000.000) 11/27 17:14:47 Job submitted from host: <54.67.10.246:28831?addrs=54.67.10.246-28831>
    DAG Node: stage_in_remote_local_4_1
    pool:local
...
000 (7015.000.000) 11/27 17:14:47 Job submitted from host: <54.67.10.246:28831?addrs=54.67.10.246-28831>
    DAG Node: stage_in_remote_local_4_0
    pool:local
...
000 (7016.000.000) 11/27 17:14:47 Job submitted from host: <54.67.10.246:28831?addrs=54.67.10.246-28831>
    DAG Node: stage_in_remote_local_2_0
    pool:local
...
000 (7017.000.000) 11/27 17:14:47 Job submitted from host: <54.67.10.246:28831?addrs=54.67.10.246-28831>
    DAG Node: stage_in_remote_local_3_1
    pool:local
...
005 (7010.000.000) 11/27 17:14:47 Job terminated.
	(1) Normal termination (return value 0)
		Usr 0 00:00:00, Sys 0 00:00:00  -  Run Remote Usage
		Usr 0 00:00:00, Sys 0 00:00:00  -  Run Local Usage
		Usr 0 00:00:00, Sys 0 00:00:00  -  Total Remote Usage
		Usr 0 00:00:00, Sys 0 00:00:00  -  Total Local Usage
	0  -  Run Bytes Sent By Job
	0  -  Run Bytes Received By Job
	0  -  Total Bytes Sent By Job
	0  -  Total Bytes Received By Job
...
005 (7009.000.000) 11/27 17:14:47 Job terminated.
	(1) Normal termination (return value 0)
		Usr 0 00:00:00, Sys 0 00:00:00  -  Run Remote Usage
		Usr 0 00:00:00, Sys 0 00:00:00  -  Run Local Usage
		Usr 0 00:00:00, Sys 0 00:00:00  -  Total Remote Usage
		Usr 0 00:00:00, Sys 0 00:00:00  -  Total Local Usage
	0  -  Run Bytes Sent By Job
	0  -  Run Bytes Received By Job
	0  -  Total Bytes Sent By Job
	0  -  Total Bytes Received By Job
...
005 (7008.000.000) 11/27 17:14:47 Job terminated.
	(1) Normal termination (return value 0)
		Usr 0 00:00:00, Sys 0 00:00:00  -  Run Remote Usage
		Usr 0 00:00:00, Sys 0 00:00:00  -  Run Local Usage
		Usr 0 00:00:00, Sys 0 00:00:00  -  Total Remote Usage
		Usr 0 00:00:00, Sys 0 00:00:00  -  Total Local Usage
	0  -  Run Bytes Sent By Job
	0  -  Run Bytes Received By Job
	0  -  Total Bytes Sent By Job
	0  -  Total Bytes Received By Job
...
005 (7012.000.000) 11/27 17:14:47 Job terminated.
	(1) Normal termination (return value 0)
		Usr 0 00:00:00, Sys 0 00:00:00  -  Run Remote Usage
		Usr 0 00:00:00, Sys 0 00:00:00  -  Run Local Usage
		Usr 0 00:00:00, Sys 0 00:00:00  -  Total Remote Usage
		Usr 0 00:00:00, Sys 0 00:00:00  -  Total Local Usage
	0  -  Run Bytes Sent By Job
	0  -  Run Bytes Received By Job
	0  -  Total Bytes Sent By Job
	0  -  Total Bytes Received By Job
...
001 (7014.000.000) 11/27 17:14:47 Job executing on host: <54.67.10.246:14335?addrs=54.67.10.246-14335>
...
001 (7015.000.000) 11/27 17:14:47 Job executing on host: <54.67.10.246:60577?addrs=54.67.10.246-60577>
...
001 (7017.000.000) 11/27 17:14:47 Job executing on host: <54.67.10.246:54245?addrs=54.67.10.246-54245>
...
001 (7013.000.000) 11/27 17:14:47 Job executing on host: <54.67.10.246:13729?addrs=54.67.10.246-13729>
...
001 (7016.000.000) 11/27 17:14:47 Job executing on host: <54.67.10.246:7920?addrs=54.67.10.246-7920>
...
016 (7006.000.000) 11/27 17:14:48 POST Script terminated.
	(1) Normal termination (return value 0)
    DAG Node: stage_in_local_local_3_1
...
016 (7007.000.000) 11/27 17:14:48 POST Script terminated.
	(1) Normal termination (return value 0)
    DAG Node: stage_in_local_local_5_0
...
016 (7011.000.000) 11/27 17:14:49 POST Script terminated.
	(1) Normal termination (return value 0)
    DAG Node: stage_in_local_local_7_0
...
016 (7003.000.000) 11/27 17:14:49 POST Script terminated.
	(1) Normal termination (return value 0)
    DAG Node: stage_in_local_local_2_0
...
005 (7013.000.000) 11/27 17:14:50 Job terminated.
	(1) Normal termination (return value 0)
		Usr 0 00:00:00, Sys 0 00:00:00  -  Run Remote Usage
		Usr 0 00:00:00, Sys 0 00:00:00  -  Run Local Usage
		Usr 0 00:00:00, Sys 0 00:00:00  -  Total Remote Usage
		Usr 0 00:00:00, Sys 0 00:00:00  -  Total Local Usage
	0  -  Run Bytes Sent By Job
	0  -  Run Bytes Received By Job
	0  -  Total Bytes Sent By Job
	0  -  Total Bytes Received By Job
...
000 (7018.000.000) 11/27 17:14:52 Job submitted from host: <54.67.10.246:28831?addrs=54.67.10.246-28831>
    DAG Node: stage_in_remote_local_3_0
    pool:local
...
000 (7019.000.000) 11/27 17:14:52 Job submitted from host: <54.67.10.246:28831?addrs=54.67.10.246-28831>
    DAG Node: stage_in_remote_local_6_0
    pool:local
...
000 (7020.000.000) 11/27 17:14:52 Job submitted from host: <54.67.10.246:28831?addrs=54.67.10.246-28831>
    DAG Node: init_0_ID0000001
    pool:condorpool
...
005 (7014.000.000) 11/27 17:14:52 Job terminated.
	(1) Normal termination (return value 0)
		Usr 0 00:00:00, Sys 0 00:00:00  -  Run Remote Usage
		Usr 0 00:00:00, Sys 0 00:00:00  -  Run Local Usage
		Usr 0 00:00:00, Sys 0 00:00:00  -  Total Remote Usage
		Usr 0 00:00:00, Sys 0 00:00:00  -  Total Local Usage
	0  -  Run Bytes Sent By Job
	0  -  Run Bytes Received By Job
	0  -  Total Bytes Sent By Job
	0  -  Total Bytes Received By Job
...
001 (7018.000.000) 11/27 17:14:52 Job executing on host: <54.67.10.246:31105?addrs=54.67.10.246-31105>
...
001 (7019.000.000) 11/27 17:14:52 Job executing on host: <54.67.10.246:19300?addrs=54.67.10.246-19300>
...
005 (7015.000.000) 11/27 17:14:53 Job terminated.
	(1) Normal termination (return value 0)
		Usr 0 00:00:00, Sys 0 00:00:00  -  Run Remote Usage
		Usr 0 00:00:00, Sys 0 00:00:00  -  Run Local Usage
		Usr 0 00:00:00, Sys 0 00:00:00  -  Total Remote Usage
		Usr 0 00:00:00, Sys 0 00:00:00  -  Total Local Usage
	0  -  Run Bytes Sent By Job
	0  -  Run Bytes Received By Job
	0  -  Total Bytes Sent By Job
	0  -  Total Bytes Received By Job
...
005 (7017.000.000) 11/27 17:14:53 Job terminated.
	(1) Normal termination (return value 0)
		Usr 0 00:00:00, Sys 0 00:00:00  -  Run Remote Usage
		Usr 0 00:00:00, Sys 0 00:00:00  -  Run Local Usage
		Usr 0 00:00:00, Sys 0 00:00:00  -  Total Remote Usage
		Usr 0 00:00:00, Sys 0 00:00:00  -  Total Local Usage
	0  -  Run Bytes Sent By Job
	0  -  Run Bytes Received By Job
	0  -  Total Bytes Sent By Job
	0  -  Total Bytes Received By Job
...
005 (7016.000.000) 11/27 17:14:53 Job terminated.
	(1) Normal termination (return value 0)
		Usr 0 00:00:00, Sys 0 00:00:00  -  Run Remote Usage
		Usr 0 00:00:00, Sys 0 00:00:00  -  Run Local Usage
		Usr 0 00:00:00, Sys 0 00:00:00  -  Total Remote Usage
		Usr 0 00:00:00, Sys 0 00:00:00  -  Total Local Usage
	0  -  Run Bytes Sent By Job
	0  -  Run Bytes Received By Job
	0  -  Total Bytes Sent By Job
	0  -  Total Bytes Received By Job
...
016 (7013.000.000) 11/27 17:14:52 POST Script terminated.
	(1) Normal termination (return value 0)
    DAG Node: stage_in_local_local_1_0
...
016 (7008.000.000) 11/27 17:14:53 POST Script terminated.
	(1) Normal termination (return value 0)
    DAG Node: stage_in_local_local_3_0
...
016 (7009.000.000) 11/27 17:14:53 POST Script terminated.
	(1) Normal termination (return value 0)
    DAG Node: stage_in_local_local_5_1
...
016 (7012.000.000) 11/27 17:14:53 POST Script terminated.
	(1) Normal termination (return value 0)
    DAG Node: stage_in_local_local_4_1
...
016 (7010.000.000) 11/27 17:14:53 POST Script terminated.
	(1) Normal termination (return value 0)
    DAG Node: stage_in_local_local_4_0
...
005 (7019.000.000) 11/27 17:14:55 Job terminated.
	(1) Normal termination (return value 0)
		Usr 0 00:00:00, Sys 0 00:00:00  -  Run Remote Usage
		Usr 0 00:00:00, Sys 0 00:00:00  -  Run Local Usage
		Usr 0 00:00:00, Sys 0 00:00:00  -  Total Remote Usage
		Usr 0 00:00:00, Sys 0 00:00:00  -  Total Local Usage
	0  -  Run Bytes Sent By Job
	0  -  Run Bytes Received By Job
	0  -  Total Bytes Sent By Job
	0  -  Total Bytes Received By Job
...
005 (7018.000.000) 11/27 17:14:57 Job terminated.
	(1) Normal termination (return value 0)
		Usr 0 00:00:00, Sys 0 00:00:00  -  Run Remote Usage
		Usr 0 00:00:00, Sys 0 00:00:00  -  Run Local Usage
		Usr 0 00:00:00, Sys 0 00:00:00  -  Total Remote Usage
		Usr 0 00:00:00, Sys 0 00:00:00  -  Total Local Usage
	0  -  Run Bytes Sent By Job
	0  -  Run Bytes Received By Job
	0  -  Total Bytes Sent By Job
	0  -  Total Bytes Received By Job
...
016 (7014.000.000) 11/27 17:14:58 POST Script terminated.
	(1) Normal termination (return value 0)
    DAG Node: stage_in_remote_local_4_1
...
016 (7018.000.000) 11/27 17:14:58 POST Script terminated.
	(1) Normal termination (return value 0)
    DAG Node: stage_in_remote_local_3_0
...
016 (7019.000.000) 11/27 17:14:58 POST Script terminated.
	(1) Normal termination (return value 0)
    DAG Node: stage_in_remote_local_6_0
...
016 (7015.000.000) 11/27 17:14:58 POST Script terminated.
	(1) Normal termination (return value 0)
    DAG Node: stage_in_remote_local_4_0
...
016 (7016.000.000) 11/27 17:14:58 POST Script terminated.
	(1) Normal termination (return value 0)
    DAG Node: stage_in_remote_local_2_0
...
016 (7017.000.000) 11/27 17:14:58 POST Script terminated.
	(1) Normal termination (return value 0)
    DAG Node: stage_in_remote_local_3_1
...
001 (7020.000.000) 11/27 17:15:11 Job executing on host: <54.213.17.0:8127?addrs=54.213.17.0-8127&noUDP>
...
005 (7020.000.000) 11/27 17:22:08 Job terminated.
	(1) Normal termination (return value 0)
		Usr 0 00:00:00, Sys 0 00:00:00  -  Run Remote Usage
		Usr 0 00:00:00, Sys 0 00:00:00  -  Run Local Usage
		Usr 0 00:00:00, Sys 0 00:00:00  -  Total Remote Usage
		Usr 0 00:00:00, Sys 0 00:00:00  -  Total Local Usage
	4460  -  Run Bytes Sent By Job
	3170345  -  Run Bytes Received By Job
	4460  -  Total Bytes Sent By Job
	3170345  -  Total Bytes Received By Job
	Partitionable Resources :    Usage  Request Allocated
	   Cpus                 :                 1         1
	   Disk (KB)            :     6106     3250  27753392
	   Memory (MB)          :       15        1      3764
...
016 (7020.000.000) 11/27 17:22:12 POST Script terminated.
	(1) Normal termination (return value 0)
    DAG Node: init_0_ID0000001
...
000 (7021.000.000) 11/27 17:22:22 Job submitted from host: <54.67.10.246:28831?addrs=54.67.10.246-28831>
    DAG Node: clean_up_local_level_3_0
    pool:local
...
001 (7021.000.000) 11/27 17:22:22 Job executing on host: <54.67.10.246:32984?addrs=54.67.10.246-32984>
...
000 (7022.000.000) 11/27 17:22:23 Job submitted from host: <54.67.10.246:28831?addrs=54.67.10.246-28831>
    DAG Node: generalinfo_0_ID0000002
    pool:condorpool
...
001 (7022.000.000) 11/27 17:22:23 Job executing on host: <54.213.17.0:8127?addrs=54.213.17.0-8127&noUDP>
...
005 (7021.000.000) 11/27 17:22:25 Job terminated.
	(1) Normal termination (return value 0)
		Usr 0 00:00:00, Sys 0 00:00:00  -  Run Remote Usage
		Usr 0 00:00:00, Sys 0 00:00:00  -  Run Local Usage
		Usr 0 00:00:00, Sys 0 00:00:00  -  Total Remote Usage
		Usr 0 00:00:00, Sys 0 00:00:00  -  Total Local Usage
	0  -  Run Bytes Sent By Job
	0  -  Run Bytes Received By Job
	0  -  Total Bytes Sent By Job
	0  -  Total Bytes Received By Job
...
016 (7021.000.000) 11/27 17:22:28 POST Script terminated.
	(1) Normal termination (return value 0)
    DAG Node: clean_up_local_level_3_0
...
005 (7022.000.000) 11/27 18:24:28 Job terminated.
	(1) Normal termination (return value 0)
		Usr 0 00:51:55, Sys 0 00:00:37  -  Run Remote Usage
		Usr 0 00:00:00, Sys 0 00:00:00  -  Run Local Usage
		Usr 0 00:51:55, Sys 0 00:00:37  -  Total Remote Usage
		Usr 0 00:00:00, Sys 0 00:00:00  -  Total Local Usage
	5882  -  Run Bytes Sent By Job
	3169156  -  Run Bytes Received By Job
	5882  -  Total Bytes Sent By Job
	3169156  -  Total Bytes Received By Job
	Partitionable Resources :    Usage  Request Allocated
	   Cpus                 :                 1         1
	   Disk (KB)            :     6107     3250  27753392
	   Memory (MB)          :      141        1      3764
...
016 (7022.000.000) 11/27 18:24:32 POST Script terminated.
	(1) Normal termination (return value 0)
    DAG Node: generalinfo_0_ID0000002
...
000 (7023.000.000) 11/27 18:24:42 Job submitted from host: <54.67.10.246:28831?addrs=54.67.10.246-28831>
    DAG Node: clean_up_local_level_4_0
    pool:local
...
001 (7023.000.000) 11/27 18:24:42 Job executing on host: <54.67.10.246:3173?addrs=54.67.10.246-3173>
...
000 (7024.000.000) 11/27 18:24:42 Job submitted from host: <54.67.10.246:28831?addrs=54.67.10.246-28831>
    DAG Node: statscpumemory_0_ID0000003
    pool:condorpool
...
000 (7025.000.000) 11/27 18:24:42 Job submitted from host: <54.67.10.246:28831?addrs=54.67.10.246-28831>
    DAG Node: medianmemory_0_ID0000005
    pool:condorpool
...
000 (7026.000.000) 11/27 18:24:42 Job submitted from host: <54.67.10.246:28831?addrs=54.67.10.246-28831>
    DAG Node: mediancpu_0_ID0000004
    pool:condorpool
...
005 (7023.000.000) 11/27 18:24:46 Job terminated.
	(1) Normal termination (return value 0)
		Usr 0 00:00:00, Sys 0 00:00:00  -  Run Remote Usage
		Usr 0 00:00:00, Sys 0 00:00:00  -  Run Local Usage
		Usr 0 00:00:00, Sys 0 00:00:00  -  Total Remote Usage
		Usr 0 00:00:00, Sys 0 00:00:00  -  Total Local Usage
	0  -  Run Bytes Sent By Job
	0  -  Run Bytes Received By Job
	0  -  Total Bytes Sent By Job
	0  -  Total Bytes Received By Job
...
016 (7023.000.000) 11/27 18:24:48 POST Script terminated.
	(1) Normal termination (return value 0)
    DAG Node: clean_up_local_level_4_0
...
001 (7024.000.000) 11/27 18:25:03 Job executing on host: <54.213.17.0:8127?addrs=54.213.17.0-8127&noUDP>
...
001 (7026.000.000) 11/27 18:25:03 Job executing on host: <54.201.173.21:12532?addrs=54.201.173.21-12532&noUDP>
...
001 (7025.000.000) 11/27 18:25:03 Job executing on host: <54.200.31.33:26015?addrs=54.200.31.33-26015&noUDP>
...
005 (7024.000.000) 11/27 20:38:43 Job terminated.
	(1) Normal termination (return value 0)
		Usr 0 01:51:23, Sys 0 00:01:12  -  Run Remote Usage
		Usr 0 00:00:00, Sys 0 00:00:00  -  Run Local Usage
		Usr 0 01:51:23, Sys 0 00:01:12  -  Total Remote Usage
		Usr 0 00:00:00, Sys 0 00:00:00  -  Total Local Usage
	6583  -  Run Bytes Sent By Job
	3171328  -  Run Bytes Received By Job
	6583  -  Total Bytes Sent By Job
	3171328  -  Total Bytes Received By Job
	Partitionable Resources :    Usage  Request Allocated
	   Cpus                 :                 1         1
	   Disk (KB)            :     6110     3250  27754048
	   Memory (MB)          :      140        1      3764
...
016 (7024.000.000) 11/27 20:38:45 POST Script terminated.
	(1) Normal termination (return value 0)
    DAG Node: statscpumemory_0_ID0000003
...
005 (7025.000.000) 11/27 20:40:26 Job terminated.
	(1) Normal termination (return value 0)
		Usr 0 01:57:07, Sys 0 00:01:30  -  Run Remote Usage
		Usr 0 00:00:00, Sys 0 00:00:00  -  Run Local Usage
		Usr 0 01:57:07, Sys 0 00:01:30  -  Total Remote Usage
		Usr 0 00:00:00, Sys 0 00:00:00  -  Total Local Usage
	379307  -  Run Bytes Sent By Job
	3169051  -  Run Bytes Received By Job
	379307  -  Total Bytes Sent By Job
	3169051  -  Total Bytes Received By Job
	Partitionable Resources :    Usage  Request Allocated
	   Cpus                 :                 1         1
	   Disk (KB)            :  5910482     3250  27758224
	   Memory (MB)          :      162        1      3764
...
016 (7025.000.000) 11/27 20:40:30 POST Script terminated.
	(1) Normal termination (return value 0)
    DAG Node: medianmemory_0_ID0000005
...
000 (7027.000.000) 11/27 20:40:40 Job submitted from host: <54.67.10.246:28831?addrs=54.67.10.246-28831>
    DAG Node: clean_up_local_level_5_0
    pool:local
...
001 (7027.000.000) 11/27 20:40:40 Job executing on host: <54.67.10.246:51154?addrs=54.67.10.246-51154>
...
005 (7027.000.000) 11/27 20:40:49 Job terminated.
	(1) Normal termination (return value 0)
		Usr 0 00:00:00, Sys 0 00:00:00  -  Run Remote Usage
		Usr 0 00:00:00, Sys 0 00:00:00  -  Run Local Usage
		Usr 0 00:00:00, Sys 0 00:00:00  -  Total Remote Usage
		Usr 0 00:00:00, Sys 0 00:00:00  -  Total Local Usage
	0  -  Run Bytes Sent By Job
	0  -  Run Bytes Received By Job
	0  -  Total Bytes Sent By Job
	0  -  Total Bytes Received By Job
...
016 (7027.000.000) 11/27 20:40:51 POST Script terminated.
	(1) Normal termination (return value 0)
    DAG Node: clean_up_local_level_5_0
...
005 (7026.000.000) 11/27 20:40:52 Job terminated.
	(1) Normal termination (return value 0)
		Usr 0 01:55:34, Sys 0 00:01:33  -  Run Remote Usage
		Usr 0 00:00:00, Sys 0 00:00:00  -  Run Local Usage
		Usr 0 01:55:34, Sys 0 00:01:33  -  Total Remote Usage
		Usr 0 00:00:00, Sys 0 00:00:00  -  Total Local Usage
	381761  -  Run Bytes Sent By Job
	3169015  -  Run Bytes Received By Job
	381761  -  Total Bytes Sent By Job
	3169015  -  Total Bytes Received By Job
	Partitionable Resources :    Usage  Request Allocated
	   Cpus                 :                 1         1
	   Disk (KB)            :  5780490     3250  27756080
	   Memory (MB)          :      164        1      3764
...
016 (7026.000.000) 11/27 20:40:55 POST Script terminated.
	(1) Normal termination (return value 0)
    DAG Node: mediancpu_0_ID0000004
...
000 (7028.000.000) 11/27 20:41:05 Job submitted from host: <54.67.10.246:28831?addrs=54.67.10.246-28831>
    DAG Node: taskevent_6_ID0000012
    pool:condorpool
...
000 (7029.000.000) 11/27 20:41:05 Job submitted from host: <54.67.10.246:28831?addrs=54.67.10.246-28831>
    DAG Node: taskevent_0_ID0000006
    pool:condorpool
...
000 (7030.000.000) 11/27 20:41:05 Job submitted from host: <54.67.10.246:28831?addrs=54.67.10.246-28831>
    DAG Node: taskevent_3_ID0000009
    pool:condorpool
...
000 (7031.000.000) 11/27 20:41:05 Job submitted from host: <54.67.10.246:28831?addrs=54.67.10.246-28831>
    DAG Node: taskevent_1_ID0000007
    pool:condorpool
...
000 (7032.000.000) 11/27 20:41:05 Job submitted from host: <54.67.10.246:28831?addrs=54.67.10.246-28831>
    DAG Node: taskevent_5_ID0000011
    pool:condorpool
...
001 (7028.000.000) 11/27 20:41:06 Job executing on host: <54.213.17.0:8127?addrs=54.213.17.0-8127&noUDP>
...
005 (7028.000.000) 11/27 20:41:08 Job terminated.
	(1) Normal termination (return value 0)
		Usr 0 00:00:00, Sys 0 00:00:00  -  Run Remote Usage
		Usr 0 00:00:00, Sys 0 00:00:00  -  Run Local Usage
		Usr 0 00:00:00, Sys 0 00:00:00  -  Total Remote Usage
		Usr 0 00:00:00, Sys 0 00:00:00  -  Total Local Usage
	8700  -  Run Bytes Sent By Job
	3175789  -  Run Bytes Received By Job
	8700  -  Total Bytes Sent By Job
	3175789  -  Total Bytes Received By Job
	Partitionable Resources :    Usage  Request Allocated
	   Cpus                 :                 1         1
	   Disk (KB)            :     6119     3250  27753448
	   Memory (MB)          :        0        1      3764
...
001 (7029.000.000) 11/27 20:41:08 Job executing on host: <54.213.17.0:8127?addrs=54.213.17.0-8127&noUDP>
...
000 (7033.000.000) 11/27 20:41:10 Job submitted from host: <54.67.10.246:28831?addrs=54.67.10.246-28831>
    DAG Node: taskevent_4_ID0000010
    pool:condorpool
...
000 (7034.000.000) 11/27 20:41:10 Job submitted from host: <54.67.10.246:28831?addrs=54.67.10.246-28831>
    DAG Node: taskevent_2_ID0000008
    pool:condorpool
...
000 (7035.000.000) 11/27 20:41:10 Job submitted from host: <54.67.10.246:28831?addrs=54.67.10.246-28831>
    DAG Node: taskevent_8_ID0000014
    pool:condorpool
...
000 (7036.000.000) 11/27 20:41:10 Job submitted from host: <54.67.10.246:28831?addrs=54.67.10.246-28831>
    DAG Node: taskevent_7_ID0000013
    pool:condorpool
...
000 (7037.000.000) 11/27 20:41:10 Job submitted from host: <54.67.10.246:28831?addrs=54.67.10.246-28831>
    DAG Node: clean_up_local_level_5_1
    pool:local
...
016 (7028.000.000) 11/27 20:41:10 POST Script terminated.
	(1) Normal termination (return value 0)
    DAG Node: taskevent_6_ID0000012
...
001 (7037.000.000) 11/27 20:41:17 Job executing on host: <54.67.10.246:58093?addrs=54.67.10.246-58093>
...
005 (7037.000.000) 11/27 20:41:21 Job terminated.
	(1) Normal termination (return value 0)
		Usr 0 00:00:00, Sys 0 00:00:00  -  Run Remote Usage
		Usr 0 00:00:00, Sys 0 00:00:00  -  Run Local Usage
		Usr 0 00:00:00, Sys 0 00:00:00  -  Total Remote Usage
		Usr 0 00:00:00, Sys 0 00:00:00  -  Total Local Usage
	0  -  Run Bytes Sent By Job
	0  -  Run Bytes Received By Job
	0  -  Total Bytes Sent By Job
	0  -  Total Bytes Received By Job
...
016 (7037.000.000) 11/27 20:41:26 POST Script terminated.
	(1) Normal termination (return value 0)
    DAG Node: clean_up_local_level_5_1
...
001 (7031.000.000) 11/27 20:41:26 Job executing on host: <54.201.173.21:12532?addrs=54.201.173.21-12532&noUDP>
...
001 (7034.000.000) 11/27 20:41:26 Job executing on host: <54.214.127.179:23217?addrs=54.214.127.179-23217&noUDP>
...
001 (7033.000.000) 11/27 20:41:26 Job executing on host: <54.218.67.200:24516?addrs=54.218.67.200-24516&noUDP>
...
001 (7035.000.000) 11/27 20:41:26 Job executing on host: <54.187.184.72:41367?addrs=54.187.184.72-41367&noUDP>
...
001 (7030.000.000) 11/27 20:41:26 Job executing on host: <54.200.31.33:26015?addrs=54.200.31.33-26015&noUDP>
...
001 (7032.000.000) 11/27 20:41:26 Job executing on host: <54.218.67.255:43996?addrs=54.218.67.255-43996&noUDP>
...
001 (7036.000.000) 11/27 20:41:27 Job executing on host: <54.218.71.145:5408?addrs=54.218.71.145-5408&noUDP>
...
005 (7036.000.000) 11/27 20:41:29 Job terminated.
	(1) Normal termination (return value 0)
		Usr 0 00:00:00, Sys 0 00:00:00  -  Run Remote Usage
		Usr 0 00:00:00, Sys 0 00:00:00  -  Run Local Usage
		Usr 0 00:00:00, Sys 0 00:00:00  -  Total Remote Usage
		Usr 0 00:00:00, Sys 0 00:00:00  -  Total Local Usage
	8699  -  Run Bytes Sent By Job
	3175789  -  Run Bytes Received By Job
	8699  -  Total Bytes Sent By Job
	3175789  -  Total Bytes Received By Job
	Partitionable Resources :    Usage  Request Allocated
	   Cpus                 :                 1         1
	   Disk (KB)            :     6119     3250  27757728
	   Memory (MB)          :        0        1      3764
...
016 (7036.000.000) 11/27 20:41:31 POST Script terminated.
	(1) Normal termination (return value 0)
    DAG Node: taskevent_7_ID0000013
...
005 (7035.000.000) 11/27 21:00:45 Job terminated.
	(1) Normal termination (return value 0)
		Usr 0 00:00:50, Sys 0 00:00:01  -  Run Remote Usage
		Usr 0 00:00:00, Sys 0 00:00:00  -  Run Local Usage
		Usr 0 00:00:50, Sys 0 00:00:01  -  Total Remote Usage
		Usr 0 00:00:00, Sys 0 00:00:00  -  Total Local Usage
	8712  -  Run Bytes Sent By Job
	3175789  -  Run Bytes Received By Job
	8712  -  Total Bytes Sent By Job
	3175789  -  Total Bytes Received By Job
	Partitionable Resources :    Usage  Request Allocated
	   Cpus                 :                 1         1
	   Disk (KB)            :     6119     3250  27757876
	   Memory (MB)          :      127        1      3764
...
016 (7035.000.000) 11/27 21:00:46 POST Script terminated.
	(1) Normal termination (return value 0)
    DAG Node: taskevent_8_ID0000014
...
005 (7034.000.000) 11/27 21:05:06 Job terminated.
	(1) Normal termination (return value 0)
		Usr 0 00:04:04, Sys 0 00:00:03  -  Run Remote Usage
		Usr 0 00:00:00, Sys 0 00:00:00  -  Run Local Usage
		Usr 0 00:04:04, Sys 0 00:00:03  -  Total Remote Usage
		Usr 0 00:00:00, Sys 0 00:00:00  -  Total Local Usage
	8715  -  Run Bytes Sent By Job
	3175789  -  Run Bytes Received By Job
	8715  -  Total Bytes Sent By Job
	3175789  -  Total Bytes Received By Job
	Partitionable Resources :    Usage  Request Allocated
	   Cpus                 :                 1         1
	   Disk (KB)            :     6119     3250  27753796
	   Memory (MB)          :      133        1      3764
...
016 (7034.000.000) 11/27 21:05:07 POST Script terminated.
	(1) Normal termination (return value 0)
    DAG Node: taskevent_2_ID0000008
...
005 (7032.000.000) 11/27 21:10:11 Job terminated.
	(1) Normal termination (return value 0)
		Usr 0 00:08:07, Sys 0 00:00:07  -  Run Remote Usage
		Usr 0 00:00:00, Sys 0 00:00:00  -  Run Local Usage
		Usr 0 00:08:07, Sys 0 00:00:07  -  Total Remote Usage
		Usr 0 00:00:00, Sys 0 00:00:00  -  Total Local Usage
	8716  -  Run Bytes Sent By Job
	3175789  -  Run Bytes Received By Job
	8716  -  Total Bytes Sent By Job
	3175789  -  Total Bytes Received By Job
	Partitionable Resources :    Usage  Request Allocated
	   Cpus                 :                 1         1
	   Disk (KB)            :     6119     3250  27759124
	   Memory (MB)          :      134        1      3764
...
016 (7032.000.000) 11/27 21:10:12 POST Script terminated.
	(1) Normal termination (return value 0)
    DAG Node: taskevent_5_ID0000011
...
005 (7030.000.000) 11/27 21:15:24 Job terminated.
	(1) Normal termination (return value 0)
		Usr 0 00:12:02, Sys 0 00:00:09  -  Run Remote Usage
		Usr 0 00:00:00, Sys 0 00:00:00  -  Run Local Usage
		Usr 0 00:12:02, Sys 0 00:00:09  -  Total Remote Usage
		Usr 0 00:00:00, Sys 0 00:00:00  -  Total Local Usage
	8721  -  Run Bytes Sent By Job
	3175789  -  Run Bytes Received By Job
	8721  -  Total Bytes Sent By Job
	3175789  -  Total Bytes Received By Job
	Partitionable Resources :    Usage  Request Allocated
	   Cpus                 :                 1         1
	   Disk (KB)            :     6119     3250  27757376
	   Memory (MB)          :      133        1      3764
...
016 (7030.000.000) 11/27 21:15:28 POST Script terminated.
	(1) Normal termination (return value 0)
    DAG Node: taskevent_3_ID0000009
...
005 (7033.000.000) 11/27 21:18:47 Job terminated.
	(1) Normal termination (return value 0)
		Usr 0 00:14:31, Sys 0 00:00:12  -  Run Remote Usage
		Usr 0 00:00:00, Sys 0 00:00:00  -  Run Local Usage
		Usr 0 00:14:31, Sys 0 00:00:12  -  Total Remote Usage
		Usr 0 00:00:00, Sys 0 00:00:00  -  Total Local Usage
	8717  -  Run Bytes Sent By Job
	3175789  -  Run Bytes Received By Job
	8717  -  Total Bytes Sent By Job
	3175789  -  Total Bytes Received By Job
	Partitionable Resources :    Usage  Request Allocated
	   Cpus                 :                 1         1
	   Disk (KB)            :     6119     3250  27783704
	   Memory (MB)          :      131        1      3764
...
016 (7033.000.000) 11/27 21:18:48 POST Script terminated.
	(1) Normal termination (return value 0)
    DAG Node: taskevent_4_ID0000010
...
000 (7038.000.000) 11/27 21:18:58 Job submitted from host: <54.67.10.246:28831?addrs=54.67.10.246-28831>
    DAG Node: clean_up_local_level_6_1
    pool:local
...
001 (7038.000.000) 11/27 21:18:58 Job executing on host: <54.67.10.246:45551?addrs=54.67.10.246-45551>
...
005 (7038.000.000) 11/27 21:19:14 Job terminated.
	(1) Normal termination (return value 0)
		Usr 0 00:00:00, Sys 0 00:00:00  -  Run Remote Usage
		Usr 0 00:00:00, Sys 0 00:00:00  -  Run Local Usage
		Usr 0 00:00:00, Sys 0 00:00:00  -  Total Remote Usage
		Usr 0 00:00:00, Sys 0 00:00:00  -  Total Local Usage
	0  -  Run Bytes Sent By Job
	0  -  Run Bytes Received By Job
	0  -  Total Bytes Sent By Job
	0  -  Total Bytes Received By Job
...
016 (7038.000.000) 11/27 21:19:18 POST Script terminated.
	(1) Normal termination (return value 0)
    DAG Node: clean_up_local_level_6_1
...
005 (7031.000.000) 11/27 21:50:55 Job terminated.
	(1) Normal termination (return value 0)
		Usr 0 00:39:26, Sys 0 00:00:32  -  Run Remote Usage
		Usr 0 00:00:00, Sys 0 00:00:00  -  Run Local Usage
		Usr 0 00:39:26, Sys 0 00:00:32  -  Total Remote Usage
		Usr 0 00:00:00, Sys 0 00:00:00  -  Total Local Usage
	8723  -  Run Bytes Sent By Job
	3175789  -  Run Bytes Received By Job
	8723  -  Total Bytes Sent By Job
	3175789  -  Total Bytes Received By Job
	Partitionable Resources :    Usage  Request Allocated
	   Cpus                 :                 1         1
	   Disk (KB)            :     6119     3250  27755460
	   Memory (MB)          :      131        1      3764
...
005 (7029.000.000) 11/27 21:50:56 Job terminated.
	(1) Normal termination (return value 0)
		Usr 0 00:38:55, Sys 0 00:00:32  -  Run Remote Usage
		Usr 0 00:00:00, Sys 0 00:00:00  -  Run Local Usage
		Usr 0 00:38:55, Sys 0 00:00:32  -  Total Remote Usage
		Usr 0 00:00:00, Sys 0 00:00:00  -  Total Local Usage
	8719  -  Run Bytes Sent By Job
	3175789  -  Run Bytes Received By Job
	8719  -  Total Bytes Sent By Job
	3175789  -  Total Bytes Received By Job
	Partitionable Resources :    Usage  Request Allocated
	   Cpus                 :                 1         1
	   Disk (KB)            :     6119     3250  27753448
	   Memory (MB)          :      137        1      3764
...
016 (7029.000.000) 11/27 21:51:00 POST Script terminated.
	(1) Normal termination (return value 0)
    DAG Node: taskevent_0_ID0000006
...
016 (7031.000.000) 11/27 21:51:01 POST Script terminated.
	(1) Normal termination (return value 0)
    DAG Node: taskevent_1_ID0000007
...
000 (7039.000.000) 11/27 21:51:10 Job submitted from host: <54.67.10.246:28831?addrs=54.67.10.246-28831>
    DAG Node: clean_up_local_level_6_0
    pool:local
...
000 (7040.000.000) 11/27 21:51:10 Job submitted from host: <54.67.10.246:28831?addrs=54.67.10.246-28831>
    DAG Node: calculateratio_8_ID0000023
    pool:condorpool
...
001 (7039.000.000) 11/27 21:51:10 Job executing on host: <54.67.10.246:59746?addrs=54.67.10.246-59746>
...
000 (7041.000.000) 11/27 21:51:10 Job submitted from host: <54.67.10.246:28831?addrs=54.67.10.246-28831>
    DAG Node: calculateratio_6_ID0000021
    pool:condorpool
...
000 (7042.000.000) 11/27 21:51:10 Job submitted from host: <54.67.10.246:28831?addrs=54.67.10.246-28831>
    DAG Node: calculateratio_7_ID0000022
    pool:condorpool
...
000 (7043.000.000) 11/27 21:51:10 Job submitted from host: <54.67.10.246:28831?addrs=54.67.10.246-28831>
    DAG Node: calculateratio_5_ID0000020
    pool:condorpool
...
000 (7044.000.000) 11/27 21:51:15 Job submitted from host: <54.67.10.246:28831?addrs=54.67.10.246-28831>
    DAG Node: calculateratio_1_ID0000016
    pool:condorpool
...
000 (7045.000.000) 11/27 21:51:15 Job submitted from host: <54.67.10.246:28831?addrs=54.67.10.246-28831>
    DAG Node: calculateratio_4_ID0000019
    pool:condorpool
...
000 (7046.000.000) 11/27 21:51:15 Job submitted from host: <54.67.10.246:28831?addrs=54.67.10.246-28831>
    DAG Node: calculateratio_3_ID0000018
    pool:condorpool
...
000 (7047.000.000) 11/27 21:51:15 Job submitted from host: <54.67.10.246:28831?addrs=54.67.10.246-28831>
    DAG Node: calculateratio_2_ID0000017
    pool:condorpool
...
000 (7048.000.000) 11/27 21:51:15 Job submitted from host: <54.67.10.246:28831?addrs=54.67.10.246-28831>
    DAG Node: calculateratio_0_ID0000015
    pool:condorpool
...
001 (7042.000.000) 11/27 21:51:21 Job executing on host: <54.201.173.21:12532?addrs=54.201.173.21-12532&noUDP>
...
001 (7044.000.000) 11/27 21:51:21 Job executing on host: <54.218.67.200:24516?addrs=54.218.67.200-24516&noUDP>
...
001 (7040.000.000) 11/27 21:51:21 Job executing on host: <54.213.17.0:8127?addrs=54.213.17.0-8127&noUDP>
...
001 (7041.000.000) 11/27 21:51:21 Job executing on host: <54.200.31.33:26015?addrs=54.200.31.33-26015&noUDP>
...
001 (7045.000.000) 11/27 21:51:21 Job executing on host: <54.214.127.179:23217?addrs=54.214.127.179-23217&noUDP>
...
001 (7047.000.000) 11/27 21:51:21 Job executing on host: <54.218.71.145:5408?addrs=54.218.71.145-5408&noUDP>
...
001 (7043.000.000) 11/27 21:51:21 Job executing on host: <54.218.67.255:43996?addrs=54.218.67.255-43996&noUDP>
...
001 (7046.000.000) 11/27 21:51:21 Job executing on host: <54.187.184.72:41367?addrs=54.187.184.72-41367&noUDP>
...
001 (7048.000.000) 11/27 21:51:21 Job executing on host: <54.218.1.79:17193?addrs=54.218.1.79-17193&noUDP>
...
005 (7042.000.000) 11/27 21:51:22 Job terminated.
	(1) Normal termination (return value 0)
		Usr 0 00:00:00, Sys 0 00:00:00  -  Run Remote Usage
		Usr 0 00:00:00, Sys 0 00:00:00  -  Run Local Usage
		Usr 0 00:00:00, Sys 0 00:00:00  -  Total Remote Usage
		Usr 0 00:00:00, Sys 0 00:00:00  -  Total Local Usage
	13072  -  Run Bytes Sent By Job
	3174672  -  Run Bytes Received By Job
	13072  -  Total Bytes Sent By Job
	3174672  -  Total Bytes Received By Job
	Partitionable Resources :    Usage  Request Allocated
	   Cpus                 :                 1         1
	   Disk (KB)            :     6123     3250  27755140
	   Memory (MB)          :        0        1      3764
...
005 (7044.000.000) 11/27 21:51:22 Job terminated.
	(1) Normal termination (return value 0)
		Usr 0 00:00:00, Sys 0 00:00:00  -  Run Remote Usage
		Usr 0 00:00:00, Sys 0 00:00:00  -  Run Local Usage
		Usr 0 00:00:00, Sys 0 00:00:00  -  Total Remote Usage
		Usr 0 00:00:00, Sys 0 00:00:00  -  Total Local Usage
	13072  -  Run Bytes Sent By Job
	3174672  -  Run Bytes Received By Job
	13072  -  Total Bytes Sent By Job
	3174672  -  Total Bytes Received By Job
	Partitionable Resources :    Usage  Request Allocated
	   Cpus                 :                 1         1
	   Disk (KB)            :     6122     3250  27783488
	   Memory (MB)          :        0        1      3764
...
005 (7041.000.000) 11/27 21:51:22 Job terminated.
	(1) Normal termination (return value 0)
		Usr 0 00:00:00, Sys 0 00:00:00  -  Run Remote Usage
		Usr 0 00:00:00, Sys 0 00:00:00  -  Run Local Usage
		Usr 0 00:00:00, Sys 0 00:00:00  -  Total Remote Usage
		Usr 0 00:00:00, Sys 0 00:00:00  -  Total Local Usage
	13060  -  Run Bytes Sent By Job
	3174668  -  Run Bytes Received By Job
	13060  -  Total Bytes Sent By Job
	3174668  -  Total Bytes Received By Job
	Partitionable Resources :    Usage  Request Allocated
	   Cpus                 :                 1         1
	   Disk (KB)            :     6122     3250  27758148
	   Memory (MB)          :        0        1      3764
...
005 (7040.000.000) 11/27 21:51:22 Job terminated.
	(1) Normal termination (return value 0)
		Usr 0 00:00:00, Sys 0 00:00:00  -  Run Remote Usage
		Usr 0 00:00:00, Sys 0 00:00:00  -  Run Local Usage
		Usr 0 00:00:00, Sys 0 00:00:00  -  Total Remote Usage
		Usr 0 00:00:00, Sys 0 00:00:00  -  Total Local Usage
	13072  -  Run Bytes Sent By Job
	3174672  -  Run Bytes Received By Job
	13072  -  Total Bytes Sent By Job
	3174672  -  Total Bytes Received By Job
	Partitionable Resources :    Usage  Request Allocated
	   Cpus                 :                 1         1
	   Disk (KB)            :     6122     3250  27746148
	   Memory (MB)          :        0        1      3764
...
005 (7045.000.000) 11/27 21:51:22 Job terminated.
	(1) Normal termination (return value 0)
		Usr 0 00:00:00, Sys 0 00:00:00  -  Run Remote Usage
		Usr 0 00:00:00, Sys 0 00:00:00  -  Run Local Usage
		Usr 0 00:00:00, Sys 0 00:00:00  -  Total Remote Usage
		Usr 0 00:00:00, Sys 0 00:00:00  -  Total Local Usage
	13072  -  Run Bytes Sent By Job
	3174672  -  Run Bytes Received By Job
	13072  -  Total Bytes Sent By Job
	3174672  -  Total Bytes Received By Job
	Partitionable Resources :    Usage  Request Allocated
	   Cpus                 :                 1         1
	   Disk (KB)            :     6122     3250  27753584
	   Memory (MB)          :        0        1      3764
...
005 (7047.000.000) 11/27 21:51:22 Job terminated.
	(1) Normal termination (return value 0)
		Usr 0 00:00:00, Sys 0 00:00:00  -  Run Remote Usage
		Usr 0 00:00:00, Sys 0 00:00:00  -  Run Local Usage
		Usr 0 00:00:00, Sys 0 00:00:00  -  Total Remote Usage
		Usr 0 00:00:00, Sys 0 00:00:00  -  Total Local Usage
	13072  -  Run Bytes Sent By Job
	3174672  -  Run Bytes Received By Job
	13072  -  Total Bytes Sent By Job
	3174672  -  Total Bytes Received By Job
	Partitionable Resources :    Usage  Request Allocated
	   Cpus                 :                 1         1
	   Disk (KB)            :     6122     3250  27757556
	   Memory (MB)          :        0        1      3764
...
005 (7043.000.000) 11/27 21:51:22 Job terminated.
	(1) Normal termination (return value 0)
		Usr 0 00:00:00, Sys 0 00:00:00  -  Run Remote Usage
		Usr 0 00:00:00, Sys 0 00:00:00  -  Run Local Usage
		Usr 0 00:00:00, Sys 0 00:00:00  -  Total Remote Usage
		Usr 0 00:00:00, Sys 0 00:00:00  -  Total Local Usage
	13072  -  Run Bytes Sent By Job
	3174672  -  Run Bytes Received By Job
	13072  -  Total Bytes Sent By Job
	3174672  -  Total Bytes Received By Job
	Partitionable Resources :    Usage  Request Allocated
	   Cpus                 :                 1         1
	   Disk (KB)            :     6122     3250  27758908
	   Memory (MB)          :        0        1      3764
...
005 (7046.000.000) 11/27 21:51:22 Job terminated.
	(1) Normal termination (return value 0)
		Usr 0 00:00:00, Sys 0 00:00:00  -  Run Remote Usage
		Usr 0 00:00:00, Sys 0 00:00:00  -  Run Local Usage
		Usr 0 00:00:00, Sys 0 00:00:00  -  Total Remote Usage
		Usr 0 00:00:00, Sys 0 00:00:00  -  Total Local Usage
	13060  -  Run Bytes Sent By Job
	3174668  -  Run Bytes Received By Job
	13060  -  Total Bytes Sent By Job
	3174668  -  Total Bytes Received By Job
	Partitionable Resources :    Usage  Request Allocated
	   Cpus                 :                 1         1
	   Disk (KB)            :     6122     3250  27757668
	   Memory (MB)          :        0        1      3764
...
005 (7048.000.000) 11/27 21:51:22 Job terminated.
	(1) Normal termination (return value 0)
		Usr 0 00:00:00, Sys 0 00:00:00  -  Run Remote Usage
		Usr 0 00:00:00, Sys 0 00:00:00  -  Run Local Usage
		Usr 0 00:00:00, Sys 0 00:00:00  -  Total Remote Usage
		Usr 0 00:00:00, Sys 0 00:00:00  -  Total Local Usage
	13060  -  Run Bytes Sent By Job
	3174668  -  Run Bytes Received By Job
	13060  -  Total Bytes Sent By Job
	3174668  -  Total Bytes Received By Job
	Partitionable Resources :    Usage  Request Allocated
	   Cpus                 :                 1         1
	   Disk (KB)            :     6122     3250  27759220
	   Memory (MB)          :        0        1      3764
...
005 (7039.000.000) 11/27 21:51:25 Job terminated.
	(1) Normal termination (return value 0)
		Usr 0 00:00:00, Sys 0 00:00:00  -  Run Remote Usage
		Usr 0 00:00:00, Sys 0 00:00:00  -  Run Local Usage
		Usr 0 00:00:00, Sys 0 00:00:00  -  Total Remote Usage
		Usr 0 00:00:00, Sys 0 00:00:00  -  Total Local Usage
	0  -  Run Bytes Sent By Job
	0  -  Run Bytes Received By Job
	0  -  Total Bytes Sent By Job
	0  -  Total Bytes Received By Job
...
016 (7040.000.000) 11/27 21:51:26 POST Script terminated.
	(1) Normal termination (return value 0)
    DAG Node: calculateratio_8_ID0000023
...
016 (7039.000.000) 11/27 21:51:26 POST Script terminated.
	(1) Normal termination (return value 0)
    DAG Node: clean_up_local_level_6_0
...
016 (7042.000.000) 11/27 21:51:26 POST Script terminated.
	(1) Normal termination (return value 0)
    DAG Node: calculateratio_7_ID0000022
...
016 (7044.000.000) 11/27 21:51:27 POST Script terminated.
	(1) Normal termination (return value 0)
    DAG Node: calculateratio_1_ID0000016
...
016 (7041.000.000) 11/27 21:51:27 POST Script terminated.
	(1) Normal termination (return value 0)
    DAG Node: calculateratio_6_ID0000021
...
016 (7046.000.000) 11/27 21:51:27 POST Script terminated.
	(1) Normal termination (return value 0)
    DAG Node: calculateratio_3_ID0000018
...
016 (7047.000.000) 11/27 21:51:27 POST Script terminated.
	(1) Normal termination (return value 0)
    DAG Node: calculateratio_2_ID0000017
...
016 (7043.000.000) 11/27 21:51:27 POST Script terminated.
	(1) Normal termination (return value 0)
    DAG Node: calculateratio_5_ID0000020
...
016 (7045.000.000) 11/27 21:51:27 POST Script terminated.
	(1) Normal termination (return value 0)
    DAG Node: calculateratio_4_ID0000019
...
016 (7048.000.000) 11/27 21:51:27 POST Script terminated.
	(1) Normal termination (return value 0)
    DAG Node: calculateratio_0_ID0000015
...
000 (7049.000.000) 11/27 21:51:36 Job submitted from host: <54.67.10.246:28831?addrs=54.67.10.246-28831>
    DAG Node: clean_up_local_level_7_0
    pool:local
...
001 (7049.000.000) 11/27 21:51:36 Job executing on host: <54.67.10.246:50437?addrs=54.67.10.246-50437>
...
000 (7050.000.000) 11/27 21:51:36 Job submitted from host: <54.67.10.246:28831?addrs=54.67.10.246-28831>
    DAG Node: clean_up_local_level_7_1
    pool:local
...
000 (7051.000.000) 11/27 21:51:36 Job submitted from host: <54.67.10.246:28831?addrs=54.67.10.246-28831>
    DAG Node: averageratioevent_1_ID0000025
    pool:condorpool
...
000 (7052.000.000) 11/27 21:51:36 Job submitted from host: <54.67.10.246:28831?addrs=54.67.10.246-28831>
    DAG Node: averageratioevent_3_ID0000027
    pool:condorpool
...
000 (7053.000.000) 11/27 21:51:36 Job submitted from host: <54.67.10.246:28831?addrs=54.67.10.246-28831>
    DAG Node: averageratioevent_0_ID0000024
    pool:condorpool
...
001 (7052.000.000) 11/27 21:51:37 Job executing on host: <54.187.184.72:41367?addrs=54.187.184.72-41367&noUDP>
...
001 (7053.000.000) 11/27 21:51:37 Job executing on host: <54.200.31.33:26015?addrs=54.200.31.33-26015&noUDP>
...
001 (7051.000.000) 11/27 21:51:37 Job executing on host: <54.218.1.79:17193?addrs=54.218.1.79-17193&noUDP>
...
005 (7052.000.000) 11/27 21:51:38 Job terminated.
	(1) Normal termination (return value 0)
		Usr 0 00:00:00, Sys 0 00:00:00  -  Run Remote Usage
		Usr 0 00:00:00, Sys 0 00:00:00  -  Run Local Usage
		Usr 0 00:00:00, Sys 0 00:00:00  -  Total Remote Usage
		Usr 0 00:00:00, Sys 0 00:00:00  -  Total Local Usage
	5980  -  Run Bytes Sent By Job
	3169626  -  Run Bytes Received By Job
	5980  -  Total Bytes Sent By Job
	3169626  -  Total Bytes Received By Job
	Partitionable Resources :    Usage  Request Allocated
	   Cpus                 :                 1         1
	   Disk (KB)            :     6108     3250  27757668
	   Memory (MB)          :        0        1      3764
...
005 (7053.000.000) 11/27 21:51:38 Job terminated.
	(1) Normal termination (return value 0)
		Usr 0 00:00:00, Sys 0 00:00:00  -  Run Remote Usage
		Usr 0 00:00:00, Sys 0 00:00:00  -  Run Local Usage
		Usr 0 00:00:00, Sys 0 00:00:00  -  Total Remote Usage
		Usr 0 00:00:00, Sys 0 00:00:00  -  Total Local Usage
	5980  -  Run Bytes Sent By Job
	3169626  -  Run Bytes Received By Job
	5980  -  Total Bytes Sent By Job
	3169626  -  Total Bytes Received By Job
	Partitionable Resources :    Usage  Request Allocated
	   Cpus                 :                 1         1
	   Disk (KB)            :     6108     3250  27758148
	   Memory (MB)          :        0        1      3764
...
005 (7051.000.000) 11/27 21:51:38 Job terminated.
	(1) Normal termination (return value 0)
		Usr 0 00:00:00, Sys 0 00:00:00  -  Run Remote Usage
		Usr 0 00:00:00, Sys 0 00:00:00  -  Run Local Usage
		Usr 0 00:00:00, Sys 0 00:00:00  -  Total Remote Usage
		Usr 0 00:00:00, Sys 0 00:00:00  -  Total Local Usage
	5979  -  Run Bytes Sent By Job
	3169626  -  Run Bytes Received By Job
	5979  -  Total Bytes Sent By Job
	3169626  -  Total Bytes Received By Job
	Partitionable Resources :    Usage  Request Allocated
	   Cpus                 :                 1         1
	   Disk (KB)            :     6108     3250  27759220
	   Memory (MB)          :        0        1      3764
...
001 (7050.000.000) 11/27 21:51:41 Job executing on host: <54.67.10.246:21802?addrs=54.67.10.246-21802>
...
000 (7054.000.000) 11/27 21:51:41 Job submitted from host: <54.67.10.246:28831?addrs=54.67.10.246-28831>
    DAG Node: averageratioevent_2_ID0000026
    pool:condorpool
...
016 (7051.000.000) 11/27 21:51:42 POST Script terminated.
	(1) Normal termination (return value 0)
    DAG Node: averageratioevent_1_ID0000025
...
016 (7053.000.000) 11/27 21:51:42 POST Script terminated.
	(1) Normal termination (return value 0)
    DAG Node: averageratioevent_0_ID0000024
...
016 (7052.000.000) 11/27 21:51:42 POST Script terminated.
	(1) Normal termination (return value 0)
    DAG Node: averageratioevent_3_ID0000027
...
001 (7054.000.000) 11/27 21:51:42 Job executing on host: <54.218.1.79:17193?addrs=54.218.1.79-17193&noUDP>
...
005 (7054.000.000) 11/27 21:51:43 Job terminated.
	(1) Normal termination (return value 0)
		Usr 0 00:00:00, Sys 0 00:00:00  -  Run Remote Usage
		Usr 0 00:00:00, Sys 0 00:00:00  -  Run Local Usage
		Usr 0 00:00:00, Sys 0 00:00:00  -  Total Remote Usage
		Usr 0 00:00:00, Sys 0 00:00:00  -  Total Local Usage
	5980  -  Run Bytes Sent By Job
	3169626  -  Run Bytes Received By Job
	5980  -  Total Bytes Sent By Job
	3169626  -  Total Bytes Received By Job
	Partitionable Resources :    Usage  Request Allocated
	   Cpus                 :                 1         1
	   Disk (KB)            :     6108     3250  27759220
	   Memory (MB)          :        0        1      3764
...
016 (7054.000.000) 11/27 21:51:46 POST Script terminated.
	(1) Normal termination (return value 0)
    DAG Node: averageratioevent_2_ID0000026
...
005 (7049.000.000) 11/27 21:51:50 Job terminated.
	(1) Normal termination (return value 0)
		Usr 0 00:00:00, Sys 0 00:00:00  -  Run Remote Usage
		Usr 0 00:00:00, Sys 0 00:00:00  -  Run Local Usage
		Usr 0 00:00:00, Sys 0 00:00:00  -  Total Remote Usage
		Usr 0 00:00:00, Sys 0 00:00:00  -  Total Local Usage
	0  -  Run Bytes Sent By Job
	0  -  Run Bytes Received By Job
	0  -  Total Bytes Sent By Job
	0  -  Total Bytes Received By Job
...
000 (7055.000.000) 11/27 21:51:51 Job submitted from host: <54.67.10.246:28831?addrs=54.67.10.246-28831>
    DAG Node: clean_up_local_level_8_0
    pool:local
...
001 (7055.000.000) 11/27 21:51:51 Job executing on host: <54.67.10.246:40705?addrs=54.67.10.246-40705>
...
016 (7049.000.000) 11/27 21:51:51 POST Script terminated.
	(1) Normal termination (return value 0)
    DAG Node: clean_up_local_level_7_0
...
000 (7056.000.000) 11/27 21:51:56 Job submitted from host: <54.67.10.246:28831?addrs=54.67.10.246-28831>
    DAG Node: analysisevent_0_ID0000028
    pool:condorpool
...
000 (7057.000.000) 11/27 21:51:56 Job submitted from host: <54.67.10.246:28831?addrs=54.67.10.246-28831>
    DAG Node: clean_up_local_level_8_1
    pool:local
...
001 (7056.000.000) 11/27 21:51:57 Job executing on host: <54.218.1.79:17193?addrs=54.218.1.79-17193&noUDP>
...
005 (7050.000.000) 11/27 21:51:57 Job terminated.
	(1) Normal termination (return value 0)
		Usr 0 00:00:00, Sys 0 00:00:00  -  Run Remote Usage
		Usr 0 00:00:00, Sys 0 00:00:00  -  Run Local Usage
		Usr 0 00:00:00, Sys 0 00:00:00  -  Total Remote Usage
		Usr 0 00:00:00, Sys 0 00:00:00  -  Total Local Usage
	0  -  Run Bytes Sent By Job
	0  -  Run Bytes Received By Job
	0  -  Total Bytes Sent By Job
	0  -  Total Bytes Received By Job
...
001 (7057.000.000) 11/27 21:51:57 Job executing on host: <54.67.10.246:3849?addrs=54.67.10.246-3849>
...
005 (7056.000.000) 11/27 21:51:58 Job terminated.
	(1) Normal termination (return value 0)
		Usr 0 00:00:00, Sys 0 00:00:00  -  Run Remote Usage
		Usr 0 00:00:00, Sys 0 00:00:00  -  Run Local Usage
		Usr 0 00:00:00, Sys 0 00:00:00  -  Total Remote Usage
		Usr 0 00:00:00, Sys 0 00:00:00  -  Total Local Usage
	5938  -  Run Bytes Sent By Job
	3169438  -  Run Bytes Received By Job
	5938  -  Total Bytes Sent By Job
	3169438  -  Total Bytes Received By Job
	Partitionable Resources :    Usage  Request Allocated
	   Cpus                 :                 1         1
	   Disk (KB)            :     6108     3250  27759220
	   Memory (MB)          :        0        1      3764
...
005 (7055.000.000) 11/27 21:51:59 Job terminated.
	(1) Normal termination (return value 0)
		Usr 0 00:00:00, Sys 0 00:00:00  -  Run Remote Usage
		Usr 0 00:00:00, Sys 0 00:00:00  -  Run Local Usage
		Usr 0 00:00:00, Sys 0 00:00:00  -  Total Remote Usage
		Usr 0 00:00:00, Sys 0 00:00:00  -  Total Local Usage
	0  -  Run Bytes Sent By Job
	0  -  Run Bytes Received By Job
	0  -  Total Bytes Sent By Job
	0  -  Total Bytes Received By Job
...
016 (7050.000.000) 11/27 21:52:02 POST Script terminated.
	(1) Normal termination (return value 0)
    DAG Node: clean_up_local_level_7_1
...
016 (7056.000.000) 11/27 21:52:02 POST Script terminated.
	(1) Normal termination (return value 0)
    DAG Node: analysisevent_0_ID0000028
...
016 (7055.000.000) 11/27 21:52:02 POST Script terminated.
	(1) Normal termination (return value 0)
    DAG Node: clean_up_local_level_8_0
...
005 (7057.000.000) 11/27 21:52:05 Job terminated.
	(1) Normal termination (return value 0)
		Usr 0 00:00:00, Sys 0 00:00:00  -  Run Remote Usage
		Usr 0 00:00:00, Sys 0 00:00:00  -  Run Local Usage
		Usr 0 00:00:00, Sys 0 00:00:00  -  Total Remote Usage
		Usr 0 00:00:00, Sys 0 00:00:00  -  Total Local Usage
	0  -  Run Bytes Sent By Job
	0  -  Run Bytes Received By Job
	0  -  Total Bytes Sent By Job
	0  -  Total Bytes Received By Job
...
016 (7057.000.000) 11/27 21:52:06 POST Script terminated.
	(1) Normal termination (return value 0)
    DAG Node: clean_up_local_level_8_1
...
000 (7058.000.000) 11/27 21:52:11 Job submitted from host: <54.67.10.246:28831?addrs=54.67.10.246-28831>
    DAG Node: terminate_0_ID0000029
    pool:condorpool
...
000 (7059.000.000) 11/27 21:52:11 Job submitted from host: <54.67.10.246:28831?addrs=54.67.10.246-28831>
    DAG Node: clean_up_local_level_9_0
    pool:local
...
001 (7058.000.000) 11/27 21:52:12 Job executing on host: <54.218.1.79:17193?addrs=54.218.1.79-17193&noUDP>
...
005 (7058.000.000) 11/27 21:52:13 Job terminated.
	(1) Normal termination (return value 0)
		Usr 0 00:00:00, Sys 0 00:00:00  -  Run Remote Usage
		Usr 0 00:00:00, Sys 0 00:00:00  -  Run Local Usage
		Usr 0 00:00:00, Sys 0 00:00:00  -  Total Remote Usage
		Usr 0 00:00:00, Sys 0 00:00:00  -  Total Local Usage
	4464  -  Run Bytes Sent By Job
	3168051  -  Run Bytes Received By Job
	4464  -  Total Bytes Sent By Job
	3168051  -  Total Bytes Received By Job
	Partitionable Resources :    Usage  Request Allocated
	   Cpus                 :                 1         1
	   Disk (KB)            :     6104     3250  27759220
	   Memory (MB)          :        0        1      3764
...
001 (7059.000.000) 11/27 21:52:16 Job executing on host: <54.67.10.246:6438?addrs=54.67.10.246-6438>
...
016 (7058.000.000) 11/27 21:52:16 POST Script terminated.
	(1) Normal termination (return value 0)
    DAG Node: terminate_0_ID0000029
...
005 (7059.000.000) 11/27 21:52:20 Job terminated.
	(1) Normal termination (return value 0)
		Usr 0 00:00:00, Sys 0 00:00:00  -  Run Remote Usage
		Usr 0 00:00:00, Sys 0 00:00:00  -  Run Local Usage
		Usr 0 00:00:00, Sys 0 00:00:00  -  Total Remote Usage
		Usr 0 00:00:00, Sys 0 00:00:00  -  Total Local Usage
	0  -  Run Bytes Sent By Job
	0  -  Run Bytes Received By Job
	0  -  Total Bytes Sent By Job
	0  -  Total Bytes Received By Job
...
016 (7059.000.000) 11/27 21:52:21 POST Script terminated.
	(1) Normal termination (return value 0)
    DAG Node: clean_up_local_level_9_0
...
000 (7060.000.000) 11/27 21:52:26 Job submitted from host: <54.67.10.246:28831?addrs=54.67.10.246-28831>
    DAG Node: clean_up_local_level_10_0
    pool:local
...
001 (7060.000.000) 11/27 21:52:26 Job executing on host: <54.67.10.246:24216?addrs=54.67.10.246-24216>
...
005 (7060.000.000) 11/27 21:52:29 Job terminated.
	(1) Normal termination (return value 0)
		Usr 0 00:00:00, Sys 0 00:00:00  -  Run Remote Usage
		Usr 0 00:00:00, Sys 0 00:00:00  -  Run Local Usage
		Usr 0 00:00:00, Sys 0 00:00:00  -  Total Remote Usage
		Usr 0 00:00:00, Sys 0 00:00:00  -  Total Local Usage
	0  -  Run Bytes Sent By Job
	0  -  Run Bytes Received By Job
	0  -  Total Bytes Sent By Job
	0  -  Total Bytes Received By Job
...
016 (7060.000.000) 11/27 21:52:31 POST Script terminated.
	(1) Normal termination (return value 0)
    DAG Node: clean_up_local_level_10_0
...
000 (7061.000.000) 11/27 21:52:42 Job submitted from host: <54.67.10.246:28831?addrs=54.67.10.246-28831>
    DAG Node: cleanup_example_workflow_0_local
    pool:local
...
001 (7061.000.000) 11/27 21:52:42 Job executing on host: <54.67.10.246:5918?addrs=54.67.10.246-5918>
...
005 (7061.000.000) 11/27 21:52:44 Job terminated.
	(1) Normal termination (return value 0)
		Usr 0 00:00:00, Sys 0 00:00:00  -  Run Remote Usage
		Usr 0 00:00:00, Sys 0 00:00:00  -  Run Local Usage
		Usr 0 00:00:00, Sys 0 00:00:00  -  Total Remote Usage
		Usr 0 00:00:00, Sys 0 00:00:00  -  Total Local Usage
	0  -  Run Bytes Sent By Job
	0  -  Run Bytes Received By Job
	0  -  Total Bytes Sent By Job
	0  -  Total Bytes Received By Job
...
