000 (3183.000.000) 11/08 13:57:07 Job submitted from host: <54.193.36.194:26489?addrs=54.193.36.194-26489>
    DAG Node: create_dir_example_workflow_0_local
    pool:local
...
001 (3183.000.000) 11/08 13:57:08 Job executing on host: <54.193.36.194:37138?addrs=54.193.36.194-37138>
...
005 (3183.000.000) 11/08 13:57:10 Job terminated.
	(1) Normal termination (return value 0)
		Usr 0 00:00:00, Sys 0 00:00:00  -  Run Remote Usage
		Usr 0 00:00:00, Sys 0 00:00:00  -  Run Local Usage
		Usr 0 00:00:00, Sys 0 00:00:00  -  Total Remote Usage
		Usr 0 00:00:00, Sys 0 00:00:00  -  Total Local Usage
	0  -  Run Bytes Sent By Job
	0  -  Run Bytes Received By Job
	0  -  Total Bytes Sent By Job
	0  -  Total Bytes Received By Job
...
016 (3183.000.000) 11/08 13:57:12 POST Script terminated.
	(1) Normal termination (return value 0)
    DAG Node: create_dir_example_workflow_0_local
...
000 (3184.000.000) 11/08 13:57:22 Job submitted from host: <54.193.36.194:26489?addrs=54.193.36.194-26489>
    DAG Node: stage_in_local_local_0_0
    pool:local
...
001 (3184.000.000) 11/08 13:57:22 Job executing on host: <54.193.36.194:64465?addrs=54.193.36.194-64465>
...
000 (3185.000.000) 11/08 13:57:22 Job submitted from host: <54.193.36.194:26489?addrs=54.193.36.194-26489>
    DAG Node: stage_in_remote_local_2_1
    pool:local
...
000 (3186.000.000) 11/08 13:57:22 Job submitted from host: <54.193.36.194:26489?addrs=54.193.36.194-26489>
    DAG Node: stage_in_local_local_6_0
    pool:local
...
000 (3187.000.000) 11/08 13:57:22 Job submitted from host: <54.193.36.194:26489?addrs=54.193.36.194-26489>
    DAG Node: stage_in_remote_local_5_1
    pool:local
...
000 (3188.000.000) 11/08 13:57:22 Job submitted from host: <54.193.36.194:26489?addrs=54.193.36.194-26489>
    DAG Node: stage_in_remote_local_5_0
    pool:local
...
005 (3184.000.000) 11/08 13:57:24 Job terminated.
	(1) Normal termination (return value 0)
		Usr 0 00:00:00, Sys 0 00:00:00  -  Run Remote Usage
		Usr 0 00:00:00, Sys 0 00:00:00  -  Run Local Usage
		Usr 0 00:00:00, Sys 0 00:00:00  -  Total Remote Usage
		Usr 0 00:00:00, Sys 0 00:00:00  -  Total Local Usage
	0  -  Run Bytes Sent By Job
	0  -  Run Bytes Received By Job
	0  -  Total Bytes Sent By Job
	0  -  Total Bytes Received By Job
...
001 (3188.000.000) 11/08 13:57:25 Job executing on host: <54.193.36.194:56521?addrs=54.193.36.194-56521>
...
001 (3185.000.000) 11/08 13:57:25 Job executing on host: <54.193.36.194:59352?addrs=54.193.36.194-59352>
...
001 (3187.000.000) 11/08 13:57:25 Job executing on host: <54.193.36.194:28387?addrs=54.193.36.194-28387>
...
001 (3186.000.000) 11/08 13:57:25 Job executing on host: <54.193.36.194:24704?addrs=54.193.36.194-24704>
...
005 (3185.000.000) 11/08 13:57:27 Job terminated.
	(1) Normal termination (return value 0)
		Usr 0 00:00:00, Sys 0 00:00:00  -  Run Remote Usage
		Usr 0 00:00:00, Sys 0 00:00:00  -  Run Local Usage
		Usr 0 00:00:00, Sys 0 00:00:00  -  Total Remote Usage
		Usr 0 00:00:00, Sys 0 00:00:00  -  Total Local Usage
	0  -  Run Bytes Sent By Job
	0  -  Run Bytes Received By Job
	0  -  Total Bytes Sent By Job
	0  -  Total Bytes Received By Job
...
005 (3186.000.000) 11/08 13:57:27 Job terminated.
	(1) Normal termination (return value 0)
		Usr 0 00:00:00, Sys 0 00:00:00  -  Run Remote Usage
		Usr 0 00:00:00, Sys 0 00:00:00  -  Run Local Usage
		Usr 0 00:00:00, Sys 0 00:00:00  -  Total Remote Usage
		Usr 0 00:00:00, Sys 0 00:00:00  -  Total Local Usage
	0  -  Run Bytes Sent By Job
	0  -  Run Bytes Received By Job
	0  -  Total Bytes Sent By Job
	0  -  Total Bytes Received By Job
...
000 (3189.000.000) 11/08 13:57:28 Job submitted from host: <54.193.36.194:26489?addrs=54.193.36.194-26489>
    DAG Node: stage_in_local_local_2_0
    pool:local
...
000 (3190.000.000) 11/08 13:57:28 Job submitted from host: <54.193.36.194:26489?addrs=54.193.36.194-26489>
    DAG Node: stage_in_local_local_2_1
    pool:local
...
000 (3191.000.000) 11/08 13:57:28 Job submitted from host: <54.193.36.194:26489?addrs=54.193.36.194-26489>
    DAG Node: stage_in_remote_local_1_0
    pool:local
...
000 (3192.000.000) 11/08 13:57:28 Job submitted from host: <54.193.36.194:26489?addrs=54.193.36.194-26489>
    DAG Node: stage_in_local_local_3_1
    pool:local
...
000 (3193.000.000) 11/08 13:57:28 Job submitted from host: <54.193.36.194:26489?addrs=54.193.36.194-26489>
    DAG Node: stage_in_local_local_5_0
    pool:local
...
016 (3185.000.000) 11/08 13:57:28 POST Script terminated.
	(1) Normal termination (return value 0)
    DAG Node: stage_in_remote_local_2_1
...
016 (3184.000.000) 11/08 13:57:28 POST Script terminated.
	(1) Normal termination (return value 0)
    DAG Node: stage_in_local_local_0_0
...
016 (3186.000.000) 11/08 13:57:28 POST Script terminated.
	(1) Normal termination (return value 0)
    DAG Node: stage_in_local_local_6_0
...
005 (3187.000.000) 11/08 13:57:29 Job terminated.
	(1) Normal termination (return value 0)
		Usr 0 00:00:00, Sys 0 00:00:00  -  Run Remote Usage
		Usr 0 00:00:00, Sys 0 00:00:00  -  Run Local Usage
		Usr 0 00:00:00, Sys 0 00:00:00  -  Total Remote Usage
		Usr 0 00:00:00, Sys 0 00:00:00  -  Total Local Usage
	0  -  Run Bytes Sent By Job
	0  -  Run Bytes Received By Job
	0  -  Total Bytes Sent By Job
	0  -  Total Bytes Received By Job
...
005 (3188.000.000) 11/08 13:57:29 Job terminated.
	(1) Normal termination (return value 0)
		Usr 0 00:00:00, Sys 0 00:00:00  -  Run Remote Usage
		Usr 0 00:00:00, Sys 0 00:00:00  -  Run Local Usage
		Usr 0 00:00:00, Sys 0 00:00:00  -  Total Remote Usage
		Usr 0 00:00:00, Sys 0 00:00:00  -  Total Local Usage
	0  -  Run Bytes Sent By Job
	0  -  Run Bytes Received By Job
	0  -  Total Bytes Sent By Job
	0  -  Total Bytes Received By Job
...
001 (3190.000.000) 11/08 13:57:29 Job executing on host: <54.193.36.194:63776?addrs=54.193.36.194-63776>
...
001 (3189.000.000) 11/08 13:57:29 Job executing on host: <54.193.36.194:31998?addrs=54.193.36.194-31998>
...
001 (3192.000.000) 11/08 13:57:29 Job executing on host: <54.193.36.194:49488?addrs=54.193.36.194-49488>
...
001 (3193.000.000) 11/08 13:57:29 Job executing on host: <54.193.36.194:16690?addrs=54.193.36.194-16690>
...
001 (3191.000.000) 11/08 13:57:29 Job executing on host: <54.193.36.194:59763?addrs=54.193.36.194-59763>
...
005 (3190.000.000) 11/08 13:57:32 Job terminated.
	(1) Normal termination (return value 0)
		Usr 0 00:00:00, Sys 0 00:00:00  -  Run Remote Usage
		Usr 0 00:00:00, Sys 0 00:00:00  -  Run Local Usage
		Usr 0 00:00:00, Sys 0 00:00:00  -  Total Remote Usage
		Usr 0 00:00:00, Sys 0 00:00:00  -  Total Local Usage
	0  -  Run Bytes Sent By Job
	0  -  Run Bytes Received By Job
	0  -  Total Bytes Sent By Job
	0  -  Total Bytes Received By Job
...
005 (3191.000.000) 11/08 13:57:32 Job terminated.
	(1) Normal termination (return value 0)
		Usr 0 00:00:00, Sys 0 00:00:00  -  Run Remote Usage
		Usr 0 00:00:00, Sys 0 00:00:00  -  Run Local Usage
		Usr 0 00:00:00, Sys 0 00:00:00  -  Total Remote Usage
		Usr 0 00:00:00, Sys 0 00:00:00  -  Total Local Usage
	0  -  Run Bytes Sent By Job
	0  -  Run Bytes Received By Job
	0  -  Total Bytes Sent By Job
	0  -  Total Bytes Received By Job
...
000 (3194.000.000) 11/08 13:57:33 Job submitted from host: <54.193.36.194:26489?addrs=54.193.36.194-26489>
    DAG Node: stage_in_local_local_3_0
    pool:local
...
000 (3195.000.000) 11/08 13:57:33 Job submitted from host: <54.193.36.194:26489?addrs=54.193.36.194-26489>
    DAG Node: stage_in_local_local_5_1
    pool:local
...
000 (3196.000.000) 11/08 13:57:33 Job submitted from host: <54.193.36.194:26489?addrs=54.193.36.194-26489>
    DAG Node: stage_in_local_local_4_0
    pool:local
...
000 (3197.000.000) 11/08 13:57:33 Job submitted from host: <54.193.36.194:26489?addrs=54.193.36.194-26489>
    DAG Node: stage_in_local_local_7_0
    pool:local
...
000 (3198.000.000) 11/08 13:57:33 Job submitted from host: <54.193.36.194:26489?addrs=54.193.36.194-26489>
    DAG Node: stage_in_local_local_4_1
    pool:local
...
005 (3192.000.000) 11/08 13:57:34 Job terminated.
	(1) Normal termination (return value 0)
		Usr 0 00:00:00, Sys 0 00:00:00  -  Run Remote Usage
		Usr 0 00:00:00, Sys 0 00:00:00  -  Run Local Usage
		Usr 0 00:00:00, Sys 0 00:00:00  -  Total Remote Usage
		Usr 0 00:00:00, Sys 0 00:00:00  -  Total Local Usage
	0  -  Run Bytes Sent By Job
	0  -  Run Bytes Received By Job
	0  -  Total Bytes Sent By Job
	0  -  Total Bytes Received By Job
...
016 (3187.000.000) 11/08 13:57:34 POST Script terminated.
	(1) Normal termination (return value 0)
    DAG Node: stage_in_remote_local_5_1
...
016 (3188.000.000) 11/08 13:57:34 POST Script terminated.
	(1) Normal termination (return value 0)
    DAG Node: stage_in_remote_local_5_0
...
016 (3191.000.000) 11/08 13:57:34 POST Script terminated.
	(1) Normal termination (return value 0)
    DAG Node: stage_in_remote_local_1_0
...
016 (3190.000.000) 11/08 13:57:34 POST Script terminated.
	(1) Normal termination (return value 0)
    DAG Node: stage_in_local_local_2_1
...
005 (3193.000.000) 11/08 13:57:34 Job terminated.
	(1) Normal termination (return value 0)
		Usr 0 00:00:00, Sys 0 00:00:00  -  Run Remote Usage
		Usr 0 00:00:00, Sys 0 00:00:00  -  Run Local Usage
		Usr 0 00:00:00, Sys 0 00:00:00  -  Total Remote Usage
		Usr 0 00:00:00, Sys 0 00:00:00  -  Total Local Usage
	0  -  Run Bytes Sent By Job
	0  -  Run Bytes Received By Job
	0  -  Total Bytes Sent By Job
	0  -  Total Bytes Received By Job
...
001 (3194.000.000) 11/08 13:57:34 Job executing on host: <54.193.36.194:4481?addrs=54.193.36.194-4481>
...
001 (3195.000.000) 11/08 13:57:34 Job executing on host: <54.193.36.194:59618?addrs=54.193.36.194-59618>
...
001 (3197.000.000) 11/08 13:57:34 Job executing on host: <54.193.36.194:21690?addrs=54.193.36.194-21690>
...
005 (3189.000.000) 11/08 13:57:34 Job terminated.
	(1) Normal termination (return value 0)
		Usr 0 00:00:00, Sys 0 00:00:00  -  Run Remote Usage
		Usr 0 00:00:00, Sys 0 00:00:00  -  Run Local Usage
		Usr 0 00:00:00, Sys 0 00:00:00  -  Total Remote Usage
		Usr 0 00:00:00, Sys 0 00:00:00  -  Total Local Usage
	0  -  Run Bytes Sent By Job
	0  -  Run Bytes Received By Job
	0  -  Total Bytes Sent By Job
	0  -  Total Bytes Received By Job
...
001 (3196.000.000) 11/08 13:57:34 Job executing on host: <54.193.36.194:10607?addrs=54.193.36.194-10607>
...
001 (3198.000.000) 11/08 13:57:34 Job executing on host: <54.193.36.194:41267?addrs=54.193.36.194-41267>
...
005 (3197.000.000) 11/08 13:57:37 Job terminated.
	(1) Normal termination (return value 0)
		Usr 0 00:00:00, Sys 0 00:00:00  -  Run Remote Usage
		Usr 0 00:00:00, Sys 0 00:00:00  -  Run Local Usage
		Usr 0 00:00:00, Sys 0 00:00:00  -  Total Remote Usage
		Usr 0 00:00:00, Sys 0 00:00:00  -  Total Local Usage
	0  -  Run Bytes Sent By Job
	0  -  Run Bytes Received By Job
	0  -  Total Bytes Sent By Job
	0  -  Total Bytes Received By Job
...
000 (3199.000.000) 11/08 13:57:38 Job submitted from host: <54.193.36.194:26489?addrs=54.193.36.194-26489>
    DAG Node: stage_in_local_local_1_0
    pool:local
...
001 (3199.000.000) 11/08 13:57:38 Job executing on host: <54.193.36.194:34821?addrs=54.193.36.194-34821>
...
000 (3200.000.000) 11/08 13:57:38 Job submitted from host: <54.193.36.194:26489?addrs=54.193.36.194-26489>
    DAG Node: stage_in_remote_local_4_1
    pool:local
...
000 (3201.000.000) 11/08 13:57:38 Job submitted from host: <54.193.36.194:26489?addrs=54.193.36.194-26489>
    DAG Node: stage_in_remote_local_4_0
    pool:local
...
001 (3200.000.000) 11/08 13:57:38 Job executing on host: <54.193.36.194:47928?addrs=54.193.36.194-47928>
...
001 (3201.000.000) 11/08 13:57:38 Job executing on host: <54.193.36.194:34966?addrs=54.193.36.194-34966>
...
000 (3202.000.000) 11/08 13:57:38 Job submitted from host: <54.193.36.194:26489?addrs=54.193.36.194-26489>
    DAG Node: stage_in_remote_local_2_0
    pool:local
...
000 (3203.000.000) 11/08 13:57:38 Job submitted from host: <54.193.36.194:26489?addrs=54.193.36.194-26489>
    DAG Node: stage_in_remote_local_3_1
    pool:local
...
001 (3203.000.000) 11/08 13:57:39 Job executing on host: <54.193.36.194:7848?addrs=54.193.36.194-7848>
...
001 (3202.000.000) 11/08 13:57:39 Job executing on host: <54.193.36.194:37761?addrs=54.193.36.194-37761>
...
005 (3194.000.000) 11/08 13:57:39 Job terminated.
	(1) Normal termination (return value 0)
		Usr 0 00:00:00, Sys 0 00:00:00  -  Run Remote Usage
		Usr 0 00:00:00, Sys 0 00:00:00  -  Run Local Usage
		Usr 0 00:00:00, Sys 0 00:00:00  -  Total Remote Usage
		Usr 0 00:00:00, Sys 0 00:00:00  -  Total Local Usage
	0  -  Run Bytes Sent By Job
	0  -  Run Bytes Received By Job
	0  -  Total Bytes Sent By Job
	0  -  Total Bytes Received By Job
...
005 (3195.000.000) 11/08 13:57:39 Job terminated.
	(1) Normal termination (return value 0)
		Usr 0 00:00:00, Sys 0 00:00:00  -  Run Remote Usage
		Usr 0 00:00:00, Sys 0 00:00:00  -  Run Local Usage
		Usr 0 00:00:00, Sys 0 00:00:00  -  Total Remote Usage
		Usr 0 00:00:00, Sys 0 00:00:00  -  Total Local Usage
	0  -  Run Bytes Sent By Job
	0  -  Run Bytes Received By Job
	0  -  Total Bytes Sent By Job
	0  -  Total Bytes Received By Job
...
005 (3196.000.000) 11/08 13:57:39 Job terminated.
	(1) Normal termination (return value 0)
		Usr 0 00:00:00, Sys 0 00:00:00  -  Run Remote Usage
		Usr 0 00:00:00, Sys 0 00:00:00  -  Run Local Usage
		Usr 0 00:00:00, Sys 0 00:00:00  -  Total Remote Usage
		Usr 0 00:00:00, Sys 0 00:00:00  -  Total Local Usage
	0  -  Run Bytes Sent By Job
	0  -  Run Bytes Received By Job
	0  -  Total Bytes Sent By Job
	0  -  Total Bytes Received By Job
...
005 (3198.000.000) 11/08 13:57:39 Job terminated.
	(1) Normal termination (return value 0)
		Usr 0 00:00:00, Sys 0 00:00:00  -  Run Remote Usage
		Usr 0 00:00:00, Sys 0 00:00:00  -  Run Local Usage
		Usr 0 00:00:00, Sys 0 00:00:00  -  Total Remote Usage
		Usr 0 00:00:00, Sys 0 00:00:00  -  Total Local Usage
	0  -  Run Bytes Sent By Job
	0  -  Run Bytes Received By Job
	0  -  Total Bytes Sent By Job
	0  -  Total Bytes Received By Job
...
016 (3192.000.000) 11/08 13:57:40 POST Script terminated.
	(1) Normal termination (return value 0)
    DAG Node: stage_in_local_local_3_1
...
016 (3193.000.000) 11/08 13:57:40 POST Script terminated.
	(1) Normal termination (return value 0)
    DAG Node: stage_in_local_local_5_0
...
016 (3197.000.000) 11/08 13:57:40 POST Script terminated.
	(1) Normal termination (return value 0)
    DAG Node: stage_in_local_local_7_0
...
016 (3189.000.000) 11/08 13:57:40 POST Script terminated.
	(1) Normal termination (return value 0)
    DAG Node: stage_in_local_local_2_0
...
005 (3199.000.000) 11/08 13:57:41 Job terminated.
	(1) Normal termination (return value 0)
		Usr 0 00:00:00, Sys 0 00:00:00  -  Run Remote Usage
		Usr 0 00:00:00, Sys 0 00:00:00  -  Run Local Usage
		Usr 0 00:00:00, Sys 0 00:00:00  -  Total Remote Usage
		Usr 0 00:00:00, Sys 0 00:00:00  -  Total Local Usage
	0  -  Run Bytes Sent By Job
	0  -  Run Bytes Received By Job
	0  -  Total Bytes Sent By Job
	0  -  Total Bytes Received By Job
...
005 (3200.000.000) 11/08 13:57:43 Job terminated.
	(1) Normal termination (return value 0)
		Usr 0 00:00:00, Sys 0 00:00:00  -  Run Remote Usage
		Usr 0 00:00:00, Sys 0 00:00:00  -  Run Local Usage
		Usr 0 00:00:00, Sys 0 00:00:00  -  Total Remote Usage
		Usr 0 00:00:00, Sys 0 00:00:00  -  Total Local Usage
	0  -  Run Bytes Sent By Job
	0  -  Run Bytes Received By Job
	0  -  Total Bytes Sent By Job
	0  -  Total Bytes Received By Job
...
005 (3201.000.000) 11/08 13:57:43 Job terminated.
	(1) Normal termination (return value 0)
		Usr 0 00:00:00, Sys 0 00:00:00  -  Run Remote Usage
		Usr 0 00:00:00, Sys 0 00:00:00  -  Run Local Usage
		Usr 0 00:00:00, Sys 0 00:00:00  -  Total Remote Usage
		Usr 0 00:00:00, Sys 0 00:00:00  -  Total Local Usage
	0  -  Run Bytes Sent By Job
	0  -  Run Bytes Received By Job
	0  -  Total Bytes Sent By Job
	0  -  Total Bytes Received By Job
...
005 (3202.000.000) 11/08 13:57:43 Job terminated.
	(1) Normal termination (return value 0)
		Usr 0 00:00:00, Sys 0 00:00:00  -  Run Remote Usage
		Usr 0 00:00:00, Sys 0 00:00:00  -  Run Local Usage
		Usr 0 00:00:00, Sys 0 00:00:00  -  Total Remote Usage
		Usr 0 00:00:00, Sys 0 00:00:00  -  Total Local Usage
	0  -  Run Bytes Sent By Job
	0  -  Run Bytes Received By Job
	0  -  Total Bytes Sent By Job
	0  -  Total Bytes Received By Job
...
005 (3203.000.000) 11/08 13:57:44 Job terminated.
	(1) Normal termination (return value 0)
		Usr 0 00:00:00, Sys 0 00:00:00  -  Run Remote Usage
		Usr 0 00:00:00, Sys 0 00:00:00  -  Run Local Usage
		Usr 0 00:00:00, Sys 0 00:00:00  -  Total Remote Usage
		Usr 0 00:00:00, Sys 0 00:00:00  -  Total Local Usage
	0  -  Run Bytes Sent By Job
	0  -  Run Bytes Received By Job
	0  -  Total Bytes Sent By Job
	0  -  Total Bytes Received By Job
...
000 (3204.000.000) 11/08 13:57:44 Job submitted from host: <54.193.36.194:26489?addrs=54.193.36.194-26489>
    DAG Node: stage_in_remote_local_3_0
    pool:local
...
000 (3205.000.000) 11/08 13:57:44 Job submitted from host: <54.193.36.194:26489?addrs=54.193.36.194-26489>
    DAG Node: stage_in_remote_local_6_0
    pool:local
...
001 (3204.000.000) 11/08 13:57:44 Job executing on host: <54.193.36.194:3336?addrs=54.193.36.194-3336>
...
000 (3206.000.000) 11/08 13:57:44 Job submitted from host: <54.193.36.194:26489?addrs=54.193.36.194-26489>
    DAG Node: init_0_ID0000001
    pool:condorpool
...
016 (3199.000.000) 11/08 13:57:45 POST Script terminated.
	(1) Normal termination (return value 0)
    DAG Node: stage_in_local_local_1_0
...
016 (3200.000.000) 11/08 13:57:45 POST Script terminated.
	(1) Normal termination (return value 0)
    DAG Node: stage_in_remote_local_4_1
...
016 (3194.000.000) 11/08 13:57:45 POST Script terminated.
	(1) Normal termination (return value 0)
    DAG Node: stage_in_local_local_3_0
...
016 (3195.000.000) 11/08 13:57:45 POST Script terminated.
	(1) Normal termination (return value 0)
    DAG Node: stage_in_local_local_5_1
...
016 (3196.000.000) 11/08 13:57:45 POST Script terminated.
	(1) Normal termination (return value 0)
    DAG Node: stage_in_local_local_4_0
...
016 (3201.000.000) 11/08 13:57:45 POST Script terminated.
	(1) Normal termination (return value 0)
    DAG Node: stage_in_remote_local_4_0
...
016 (3203.000.000) 11/08 13:57:45 POST Script terminated.
	(1) Normal termination (return value 0)
    DAG Node: stage_in_remote_local_3_1
...
016 (3202.000.000) 11/08 13:57:45 POST Script terminated.
	(1) Normal termination (return value 0)
    DAG Node: stage_in_remote_local_2_0
...
016 (3198.000.000) 11/08 13:57:46 POST Script terminated.
	(1) Normal termination (return value 0)
    DAG Node: stage_in_local_local_4_1
...
005 (3204.000.000) 11/08 13:57:48 Job terminated.
	(1) Normal termination (return value 0)
		Usr 0 00:00:00, Sys 0 00:00:00  -  Run Remote Usage
		Usr 0 00:00:00, Sys 0 00:00:00  -  Run Local Usage
		Usr 0 00:00:00, Sys 0 00:00:00  -  Total Remote Usage
		Usr 0 00:00:00, Sys 0 00:00:00  -  Total Local Usage
	0  -  Run Bytes Sent By Job
	0  -  Run Bytes Received By Job
	0  -  Total Bytes Sent By Job
	0  -  Total Bytes Received By Job
...
001 (3205.000.000) 11/08 13:57:48 Job executing on host: <54.193.36.194:42044?addrs=54.193.36.194-42044>
...
016 (3204.000.000) 11/08 13:57:49 POST Script terminated.
	(1) Normal termination (return value 0)
    DAG Node: stage_in_remote_local_3_0
...
005 (3205.000.000) 11/08 13:57:50 Job terminated.
	(1) Normal termination (return value 0)
		Usr 0 00:00:00, Sys 0 00:00:00  -  Run Remote Usage
		Usr 0 00:00:00, Sys 0 00:00:00  -  Run Local Usage
		Usr 0 00:00:00, Sys 0 00:00:00  -  Total Remote Usage
		Usr 0 00:00:00, Sys 0 00:00:00  -  Total Local Usage
	0  -  Run Bytes Sent By Job
	0  -  Run Bytes Received By Job
	0  -  Total Bytes Sent By Job
	0  -  Total Bytes Received By Job
...
016 (3205.000.000) 11/08 13:57:54 POST Script terminated.
	(1) Normal termination (return value 0)
    DAG Node: stage_in_remote_local_6_0
...
001 (3206.000.000) 11/08 13:58:03 Job executing on host: <54.200.57.163:59896?addrs=54.200.57.163-59896&noUDP>
...
005 (3206.000.000) 11/08 13:58:18 Job terminated.
	(1) Normal termination (return value 1)
		Usr 0 00:00:00, Sys 0 00:00:00  -  Run Remote Usage
		Usr 0 00:00:00, Sys 0 00:00:00  -  Run Local Usage
		Usr 0 00:00:00, Sys 0 00:00:00  -  Total Remote Usage
		Usr 0 00:00:00, Sys 0 00:00:00  -  Total Local Usage
	9178  -  Run Bytes Sent By Job
	3170225  -  Run Bytes Received By Job
	9178  -  Total Bytes Sent By Job
	3170225  -  Total Bytes Received By Job
	Partitionable Resources :    Usage  Request Allocated
	   Cpus                 :                 1         1
	   Disk (KB)            :     6110     3250  27637588
	   Memory (MB)          :       15        1      3764
...
016 (3206.000.000) 11/08 13:58:19 POST Script terminated.
	(1) Normal termination (return value 1)
    DAG Node: init_0_ID0000001
...
000 (3207.000.000) 11/08 13:58:29 Job submitted from host: <54.193.36.194:26489?addrs=54.193.36.194-26489>
    DAG Node: init_0_ID0000001
    pool:condorpool
...
001 (3207.000.000) 11/08 13:58:30 Job executing on host: <54.200.57.163:59896?addrs=54.200.57.163-59896&noUDP>
...
005 (3207.000.000) 11/08 13:58:31 Job terminated.
	(1) Normal termination (return value 0)
		Usr 0 00:00:00, Sys 0 00:00:00  -  Run Remote Usage
		Usr 0 00:00:00, Sys 0 00:00:00  -  Run Local Usage
		Usr 0 00:00:00, Sys 0 00:00:00  -  Total Remote Usage
		Usr 0 00:00:00, Sys 0 00:00:00  -  Total Local Usage
	4455  -  Run Bytes Sent By Job
	3170225  -  Run Bytes Received By Job
	4455  -  Total Bytes Sent By Job
	3170225  -  Total Bytes Received By Job
	Partitionable Resources :    Usage  Request Allocated
	   Cpus                 :                 1         1
	   Disk (KB)            :     6106     3250  27637588
	   Memory (MB)          :        0        1      3764
...
016 (3207.000.000) 11/08 13:58:34 POST Script terminated.
	(1) Normal termination (return value 0)
    DAG Node: init_0_ID0000001
...
000 (3208.000.000) 11/08 13:58:44 Job submitted from host: <54.193.36.194:26489?addrs=54.193.36.194-26489>
    DAG Node: clean_up_local_level_3_0
    pool:local
...
001 (3208.000.000) 11/08 13:58:44 Job executing on host: <54.193.36.194:42395?addrs=54.193.36.194-42395>
...
000 (3209.000.000) 11/08 13:58:44 Job submitted from host: <54.193.36.194:26489?addrs=54.193.36.194-26489>
    DAG Node: generalinfo_0_ID0000002
    pool:condorpool
...
001 (3209.000.000) 11/08 13:58:45 Job executing on host: <54.200.57.163:59896?addrs=54.200.57.163-59896&noUDP>
...
005 (3208.000.000) 11/08 13:58:47 Job terminated.
	(1) Normal termination (return value 0)
		Usr 0 00:00:00, Sys 0 00:00:00  -  Run Remote Usage
		Usr 0 00:00:00, Sys 0 00:00:00  -  Run Local Usage
		Usr 0 00:00:00, Sys 0 00:00:00  -  Total Remote Usage
		Usr 0 00:00:00, Sys 0 00:00:00  -  Total Local Usage
	0  -  Run Bytes Sent By Job
	0  -  Run Bytes Received By Job
	0  -  Total Bytes Sent By Job
	0  -  Total Bytes Received By Job
...
016 (3208.000.000) 11/08 13:58:50 POST Script terminated.
	(1) Normal termination (return value 0)
    DAG Node: clean_up_local_level_3_0
...
005 (3209.000.000) 11/08 14:02:58 Job terminated.
	(1) Normal termination (return value 0)
		Usr 0 00:03:13, Sys 0 00:00:02  -  Run Remote Usage
		Usr 0 00:00:00, Sys 0 00:00:00  -  Run Local Usage
		Usr 0 00:03:13, Sys 0 00:00:02  -  Total Remote Usage
		Usr 0 00:00:00, Sys 0 00:00:00  -  Total Local Usage
	5875  -  Run Bytes Sent By Job
	3169156  -  Run Bytes Received By Job
	5875  -  Total Bytes Sent By Job
	3169156  -  Total Bytes Received By Job
	Partitionable Resources :    Usage  Request Allocated
	   Cpus                 :                 1         1
	   Disk (KB)            :     6107     3250  27637588
	   Memory (MB)          :        2        1      3764
...
016 (3209.000.000) 11/08 14:02:59 POST Script terminated.
	(1) Normal termination (return value 0)
    DAG Node: generalinfo_0_ID0000002
...
000 (3210.000.000) 11/08 14:03:09 Job submitted from host: <54.193.36.194:26489?addrs=54.193.36.194-26489>
    DAG Node: clean_up_local_level_4_0
    pool:local
...
001 (3210.000.000) 11/08 14:03:09 Job executing on host: <54.193.36.194:15712?addrs=54.193.36.194-15712>
...
000 (3211.000.000) 11/08 14:03:09 Job submitted from host: <54.193.36.194:26489?addrs=54.193.36.194-26489>
    DAG Node: statscpumemory_0_ID0000003
    pool:condorpool
...
000 (3212.000.000) 11/08 14:03:09 Job submitted from host: <54.193.36.194:26489?addrs=54.193.36.194-26489>
    DAG Node: medianmemory_0_ID0000005
    pool:condorpool
...
000 (3213.000.000) 11/08 14:03:09 Job submitted from host: <54.193.36.194:26489?addrs=54.193.36.194-26489>
    DAG Node: mediancpu_0_ID0000004
    pool:condorpool
...
001 (3211.000.000) 11/08 14:03:10 Job executing on host: <54.200.57.163:59896?addrs=54.200.57.163-59896&noUDP>
...
005 (3210.000.000) 11/08 14:03:13 Job terminated.
	(1) Normal termination (return value 0)
		Usr 0 00:00:00, Sys 0 00:00:00  -  Run Remote Usage
		Usr 0 00:00:00, Sys 0 00:00:00  -  Run Local Usage
		Usr 0 00:00:00, Sys 0 00:00:00  -  Total Remote Usage
		Usr 0 00:00:00, Sys 0 00:00:00  -  Total Local Usage
	0  -  Run Bytes Sent By Job
	0  -  Run Bytes Received By Job
	0  -  Total Bytes Sent By Job
	0  -  Total Bytes Received By Job
...
016 (3210.000.000) 11/08 14:03:15 POST Script terminated.
	(1) Normal termination (return value 0)
    DAG Node: clean_up_local_level_4_0
...
001 (3212.000.000) 11/08 14:03:30 Job executing on host: <54.203.21.96:39975?addrs=54.203.21.96-39975&noUDP>
...
001 (3213.000.000) 11/08 14:03:30 Job executing on host: <54.213.178.100:11571?addrs=54.213.178.100-11571&noUDP>
...
005 (3211.000.000) 11/08 14:12:08 Job terminated.
	(1) Normal termination (return value 0)
		Usr 0 00:07:03, Sys 0 00:00:05  -  Run Remote Usage
		Usr 0 00:00:00, Sys 0 00:00:00  -  Run Local Usage
		Usr 0 00:07:03, Sys 0 00:00:05  -  Total Remote Usage
		Usr 0 00:00:00, Sys 0 00:00:00  -  Total Local Usage
	6576  -  Run Bytes Sent By Job
	3171328  -  Run Bytes Received By Job
	6576  -  Total Bytes Sent By Job
	3171328  -  Total Bytes Received By Job
	Partitionable Resources :    Usage  Request Allocated
	   Cpus                 :                 1         1
	   Disk (KB)            :     6110     3250  27637588
	   Memory (MB)          :      139        1      3764
...
016 (3211.000.000) 11/08 14:12:09 POST Script terminated.
	(1) Normal termination (return value 0)
    DAG Node: statscpumemory_0_ID0000003
...
005 (3212.000.000) 11/08 14:12:24 Job terminated.
	(1) Normal termination (return value 0)
		Usr 0 00:07:10, Sys 0 00:00:05  -  Run Remote Usage
		Usr 0 00:00:00, Sys 0 00:00:00  -  Run Local Usage
		Usr 0 00:07:10, Sys 0 00:00:05  -  Total Remote Usage
		Usr 0 00:00:00, Sys 0 00:00:00  -  Total Local Usage
	378214  -  Run Bytes Sent By Job
	3169051  -  Run Bytes Received By Job
	378214  -  Total Bytes Sent By Job
	3169051  -  Total Bytes Received By Job
	Partitionable Resources :    Usage  Request Allocated
	   Cpus                 :                 1         1
	   Disk (KB)            :   400086     3250  27637880
	   Memory (MB)          :      138        1      3764
...
016 (3212.000.000) 11/08 14:12:29 POST Script terminated.
	(1) Normal termination (return value 0)
    DAG Node: medianmemory_0_ID0000005
...
005 (3213.000.000) 11/08 14:12:33 Job terminated.
	(1) Normal termination (return value 0)
		Usr 0 00:07:14, Sys 0 00:00:05  -  Run Remote Usage
		Usr 0 00:00:00, Sys 0 00:00:00  -  Run Local Usage
		Usr 0 00:07:14, Sys 0 00:00:05  -  Total Remote Usage
		Usr 0 00:00:00, Sys 0 00:00:00  -  Total Local Usage
	381258  -  Run Bytes Sent By Job
	3169015  -  Run Bytes Received By Job
	381258  -  Total Bytes Sent By Job
	3169015  -  Total Bytes Received By Job
	Partitionable Resources :    Usage  Request Allocated
	   Cpus                 :                 1         1
	   Disk (KB)            :   391570     3250  27639172
	   Memory (MB)          :      128        1      3764
...
016 (3213.000.000) 11/08 14:12:35 POST Script terminated.
	(1) Normal termination (return value 0)
    DAG Node: mediancpu_0_ID0000004
...
000 (3214.000.000) 11/08 14:12:39 Job submitted from host: <54.193.36.194:26489?addrs=54.193.36.194-26489>
    DAG Node: clean_up_local_level_5_0
    pool:local
...
001 (3214.000.000) 11/08 14:12:39 Job executing on host: <54.193.36.194:14443?addrs=54.193.36.194-14443>
...
000 (3215.000.000) 11/08 14:12:44 Job submitted from host: <54.193.36.194:26489?addrs=54.193.36.194-26489>
    DAG Node: taskevent_6_ID0000012
    pool:condorpool
...
000 (3216.000.000) 11/08 14:12:44 Job submitted from host: <54.193.36.194:26489?addrs=54.193.36.194-26489>
    DAG Node: taskevent_0_ID0000006
    pool:condorpool
...
000 (3217.000.000) 11/08 14:12:44 Job submitted from host: <54.193.36.194:26489?addrs=54.193.36.194-26489>
    DAG Node: taskevent_3_ID0000009
    pool:condorpool
...
000 (3218.000.000) 11/08 14:12:44 Job submitted from host: <54.193.36.194:26489?addrs=54.193.36.194-26489>
    DAG Node: taskevent_1_ID0000007
    pool:condorpool
...
000 (3219.000.000) 11/08 14:12:44 Job submitted from host: <54.193.36.194:26489?addrs=54.193.36.194-26489>
    DAG Node: taskevent_5_ID0000011
    pool:condorpool
...
001 (3216.000.000) 11/08 14:12:45 Job executing on host: <54.203.21.96:39975?addrs=54.203.21.96-39975&noUDP>
...
001 (3215.000.000) 11/08 14:12:45 Job executing on host: <54.213.178.100:11571?addrs=54.213.178.100-11571&noUDP>
...
005 (3214.000.000) 11/08 14:12:47 Job terminated.
	(1) Normal termination (return value 0)
		Usr 0 00:00:00, Sys 0 00:00:00  -  Run Remote Usage
		Usr 0 00:00:00, Sys 0 00:00:00  -  Run Local Usage
		Usr 0 00:00:00, Sys 0 00:00:00  -  Total Remote Usage
		Usr 0 00:00:00, Sys 0 00:00:00  -  Total Local Usage
	0  -  Run Bytes Sent By Job
	0  -  Run Bytes Received By Job
	0  -  Total Bytes Sent By Job
	0  -  Total Bytes Received By Job
...
000 (3220.000.000) 11/08 14:12:50 Job submitted from host: <54.193.36.194:26489?addrs=54.193.36.194-26489>
    DAG Node: taskevent_4_ID0000010
    pool:condorpool
...
000 (3221.000.000) 11/08 14:12:50 Job submitted from host: <54.193.36.194:26489?addrs=54.193.36.194-26489>
    DAG Node: taskevent_2_ID0000008
    pool:condorpool
...
000 (3222.000.000) 11/08 14:12:50 Job submitted from host: <54.193.36.194:26489?addrs=54.193.36.194-26489>
    DAG Node: taskevent_8_ID0000014
    pool:condorpool
...
000 (3223.000.000) 11/08 14:12:50 Job submitted from host: <54.193.36.194:26489?addrs=54.193.36.194-26489>
    DAG Node: taskevent_7_ID0000013
    pool:condorpool
...
000 (3224.000.000) 11/08 14:12:50 Job submitted from host: <54.193.36.194:26489?addrs=54.193.36.194-26489>
    DAG Node: clean_up_local_level_5_1
    pool:local
...
016 (3214.000.000) 11/08 14:12:50 POST Script terminated.
	(1) Normal termination (return value 0)
    DAG Node: clean_up_local_level_5_0
...
001 (3224.000.000) 11/08 14:12:55 Job executing on host: <54.193.36.194:4975?addrs=54.193.36.194-4975>
...
005 (3215.000.000) 11/08 14:12:57 Job terminated.
	(1) Normal termination (return value 0)
		Usr 0 00:00:00, Sys 0 00:00:00  -  Run Remote Usage
		Usr 0 00:00:00, Sys 0 00:00:00  -  Run Local Usage
		Usr 0 00:00:00, Sys 0 00:00:00  -  Total Remote Usage
		Usr 0 00:00:00, Sys 0 00:00:00  -  Total Local Usage
	8701  -  Run Bytes Sent By Job
	3175789  -  Run Bytes Received By Job
	8701  -  Total Bytes Sent By Job
	3175789  -  Total Bytes Received By Job
	Partitionable Resources :    Usage  Request Allocated
	   Cpus                 :                 1         1
	   Disk (KB)            :     6119     3250  27639172
	   Memory (MB)          :        2        1      3764
...
001 (3217.000.000) 11/08 14:12:58 Job executing on host: <54.213.178.100:11571?addrs=54.213.178.100-11571&noUDP>
...
005 (3224.000.000) 11/08 14:12:59 Job terminated.
	(1) Normal termination (return value 0)
		Usr 0 00:00:00, Sys 0 00:00:00  -  Run Remote Usage
		Usr 0 00:00:00, Sys 0 00:00:00  -  Run Local Usage
		Usr 0 00:00:00, Sys 0 00:00:00  -  Total Remote Usage
		Usr 0 00:00:00, Sys 0 00:00:00  -  Total Local Usage
	0  -  Run Bytes Sent By Job
	0  -  Run Bytes Received By Job
	0  -  Total Bytes Sent By Job
	0  -  Total Bytes Received By Job
...
016 (3224.000.000) 11/08 14:13:01 POST Script terminated.
	(1) Normal termination (return value 0)
    DAG Node: clean_up_local_level_5_1
...
016 (3215.000.000) 11/08 14:13:01 POST Script terminated.
	(1) Normal termination (return value 0)
    DAG Node: taskevent_6_ID0000012
...
001 (3222.000.000) 11/08 14:13:10 Job executing on host: <54.213.172.44:55300?addrs=54.213.172.44-55300&noUDP>
...
001 (3223.000.000) 11/08 14:13:10 Job executing on host: <54.187.178.99:18162?addrs=54.187.178.99-18162&noUDP>
...
001 (3219.000.000) 11/08 14:13:10 Job executing on host: <54.213.165.101:47304?addrs=54.213.165.101-47304&noUDP>
...
001 (3218.000.000) 11/08 14:13:10 Job executing on host: <54.200.57.163:59896?addrs=54.200.57.163-59896&noUDP>
...
001 (3220.000.000) 11/08 14:13:10 Job executing on host: <54.203.100.129:17367?addrs=54.203.100.129-17367&noUDP>
...
001 (3221.000.000) 11/08 14:13:10 Job executing on host: <54.213.131.229:3248?addrs=54.213.131.229-3248&noUDP>
...
005 (3223.000.000) 11/08 14:13:41 Job terminated.
	(1) Normal termination (return value 0)
		Usr 0 00:00:00, Sys 0 00:00:00  -  Run Remote Usage
		Usr 0 00:00:00, Sys 0 00:00:00  -  Run Local Usage
		Usr 0 00:00:00, Sys 0 00:00:00  -  Total Remote Usage
		Usr 0 00:00:00, Sys 0 00:00:00  -  Total Local Usage
	8700  -  Run Bytes Sent By Job
	3175789  -  Run Bytes Received By Job
	8700  -  Total Bytes Sent By Job
	3175789  -  Total Bytes Received By Job
	Partitionable Resources :    Usage  Request Allocated
	   Cpus                 :                 1         1
	   Disk (KB)            :     6119     3250  27664396
	   Memory (MB)          :        2        1      3764
...
016 (3223.000.000) 11/08 14:13:45 POST Script terminated.
	(1) Normal termination (return value 0)
    DAG Node: taskevent_7_ID0000013
...
005 (3217.000.000) 11/08 14:14:17 Job terminated.
	(1) Normal termination (return value 0)
		Usr 0 00:00:10, Sys 0 00:00:00  -  Run Remote Usage
		Usr 0 00:00:00, Sys 0 00:00:00  -  Run Local Usage
		Usr 0 00:00:10, Sys 0 00:00:00  -  Total Remote Usage
		Usr 0 00:00:00, Sys 0 00:00:00  -  Total Local Usage
	8705  -  Run Bytes Sent By Job
	3175789  -  Run Bytes Received By Job
	8705  -  Total Bytes Sent By Job
	3175789  -  Total Bytes Received By Job
	Partitionable Resources :    Usage  Request Allocated
	   Cpus                 :                 1         1
	   Disk (KB)            :     6119     3250  27639172
	   Memory (MB)          :       16        1      3764
...
016 (3217.000.000) 11/08 14:14:20 POST Script terminated.
	(1) Normal termination (return value 0)
    DAG Node: taskevent_3_ID0000009
...
005 (3222.000.000) 11/08 14:14:36 Job terminated.
	(1) Normal termination (return value 0)
		Usr 0 00:00:10, Sys 0 00:00:00  -  Run Remote Usage
		Usr 0 00:00:00, Sys 0 00:00:00  -  Run Local Usage
		Usr 0 00:00:10, Sys 0 00:00:00  -  Total Remote Usage
		Usr 0 00:00:00, Sys 0 00:00:00  -  Total Local Usage
	8705  -  Run Bytes Sent By Job
	3175789  -  Run Bytes Received By Job
	8705  -  Total Bytes Sent By Job
	3175789  -  Total Bytes Received By Job
	Partitionable Resources :    Usage  Request Allocated
	   Cpus                 :                 1         1
	   Disk (KB)            :     6119     3250  27639408
	   Memory (MB)          :        2        1      3764
...
005 (3221.000.000) 11/08 14:14:40 Job terminated.
	(1) Normal termination (return value 0)
		Usr 0 00:00:20, Sys 0 00:00:00  -  Run Remote Usage
		Usr 0 00:00:00, Sys 0 00:00:00  -  Run Local Usage
		Usr 0 00:00:20, Sys 0 00:00:00  -  Total Remote Usage
		Usr 0 00:00:00, Sys 0 00:00:00  -  Total Local Usage
	8705  -  Run Bytes Sent By Job
	3175789  -  Run Bytes Received By Job
	8705  -  Total Bytes Sent By Job
	3175789  -  Total Bytes Received By Job
	Partitionable Resources :    Usage  Request Allocated
	   Cpus                 :                 1         1
	   Disk (KB)            :     6119     3250  27638516
	   Memory (MB)          :        2        1      3764
...
016 (3222.000.000) 11/08 14:14:40 POST Script terminated.
	(1) Normal termination (return value 0)
    DAG Node: taskevent_8_ID0000014
...
016 (3221.000.000) 11/08 14:14:40 POST Script terminated.
	(1) Normal termination (return value 0)
    DAG Node: taskevent_2_ID0000008
...
005 (3219.000.000) 11/08 14:15:16 Job terminated.
	(1) Normal termination (return value 0)
		Usr 0 00:00:42, Sys 0 00:00:00  -  Run Remote Usage
		Usr 0 00:00:00, Sys 0 00:00:00  -  Run Local Usage
		Usr 0 00:00:42, Sys 0 00:00:00  -  Total Remote Usage
		Usr 0 00:00:00, Sys 0 00:00:00  -  Total Local Usage
	8709  -  Run Bytes Sent By Job
	3175789  -  Run Bytes Received By Job
	8709  -  Total Bytes Sent By Job
	3175789  -  Total Bytes Received By Job
	Partitionable Resources :    Usage  Request Allocated
	   Cpus                 :                 1         1
	   Disk (KB)            :     6119     3250  27639784
	   Memory (MB)          :        2        1      3764
...
016 (3219.000.000) 11/08 14:15:21 POST Script terminated.
	(1) Normal termination (return value 0)
    DAG Node: taskevent_5_ID0000011
...
005 (3220.000.000) 11/08 14:15:57 Job terminated.
	(1) Normal termination (return value 0)
		Usr 0 00:01:06, Sys 0 00:00:01  -  Run Remote Usage
		Usr 0 00:00:00, Sys 0 00:00:00  -  Run Local Usage
		Usr 0 00:01:06, Sys 0 00:00:01  -  Total Remote Usage
		Usr 0 00:00:00, Sys 0 00:00:00  -  Total Local Usage
	8709  -  Run Bytes Sent By Job
	3175789  -  Run Bytes Received By Job
	8709  -  Total Bytes Sent By Job
	3175789  -  Total Bytes Received By Job
	Partitionable Resources :    Usage  Request Allocated
	   Cpus                 :                 1         1
	   Disk (KB)            :     6119     3250  27639508
	   Memory (MB)          :        2        1      3764
...
016 (3220.000.000) 11/08 14:16:00 POST Script terminated.
	(1) Normal termination (return value 0)
    DAG Node: taskevent_4_ID0000010
...
000 (3225.000.000) 11/08 14:16:10 Job submitted from host: <54.193.36.194:26489?addrs=54.193.36.194-26489>
    DAG Node: clean_up_local_level_6_1
    pool:local
...
001 (3225.000.000) 11/08 14:16:10 Job executing on host: <54.193.36.194:50636?addrs=54.193.36.194-50636>
...
005 (3225.000.000) 11/08 14:16:26 Job terminated.
	(1) Normal termination (return value 0)
		Usr 0 00:00:00, Sys 0 00:00:00  -  Run Remote Usage
		Usr 0 00:00:00, Sys 0 00:00:00  -  Run Local Usage
		Usr 0 00:00:00, Sys 0 00:00:00  -  Total Remote Usage
		Usr 0 00:00:00, Sys 0 00:00:00  -  Total Local Usage
	0  -  Run Bytes Sent By Job
	0  -  Run Bytes Received By Job
	0  -  Total Bytes Sent By Job
	0  -  Total Bytes Received By Job
...
016 (3225.000.000) 11/08 14:16:30 POST Script terminated.
	(1) Normal termination (return value 0)
    DAG Node: clean_up_local_level_6_1
...
005 (3216.000.000) 11/08 14:17:23 Job terminated.
	(1) Normal termination (return value 0)
		Usr 0 00:02:23, Sys 0 00:00:02  -  Run Remote Usage
		Usr 0 00:00:00, Sys 0 00:00:00  -  Run Local Usage
		Usr 0 00:02:23, Sys 0 00:00:02  -  Total Remote Usage
		Usr 0 00:00:00, Sys 0 00:00:00  -  Total Local Usage
	8711  -  Run Bytes Sent By Job
	3175789  -  Run Bytes Received By Job
	8711  -  Total Bytes Sent By Job
	3175789  -  Total Bytes Received By Job
	Partitionable Resources :    Usage  Request Allocated
	   Cpus                 :                 1         1
	   Disk (KB)            :     6119     3250  27637880
	   Memory (MB)          :        2        1      3764
...
016 (3216.000.000) 11/08 14:17:25 POST Script terminated.
	(1) Normal termination (return value 0)
    DAG Node: taskevent_0_ID0000006
...
005 (3218.000.000) 11/08 14:17:34 Job terminated.
	(1) Normal termination (return value 0)
		Usr 0 00:02:15, Sys 0 00:00:02  -  Run Remote Usage
		Usr 0 00:00:00, Sys 0 00:00:00  -  Run Local Usage
		Usr 0 00:02:15, Sys 0 00:00:02  -  Total Remote Usage
		Usr 0 00:00:00, Sys 0 00:00:00  -  Total Local Usage
	8711  -  Run Bytes Sent By Job
	3175789  -  Run Bytes Received By Job
	8711  -  Total Bytes Sent By Job
	3175789  -  Total Bytes Received By Job
	Partitionable Resources :    Usage  Request Allocated
	   Cpus                 :                 1         1
	   Disk (KB)            :     6119     3250  27637468
	   Memory (MB)          :        2        1      3764
...
016 (3218.000.000) 11/08 14:17:35 POST Script terminated.
	(1) Normal termination (return value 0)
    DAG Node: taskevent_1_ID0000007
...
000 (3226.000.000) 11/08 14:17:45 Job submitted from host: <54.193.36.194:26489?addrs=54.193.36.194-26489>
    DAG Node: clean_up_local_level_6_0
    pool:local
...
001 (3226.000.000) 11/08 14:17:46 Job executing on host: <54.193.36.194:43946?addrs=54.193.36.194-43946>
...
000 (3227.000.000) 11/08 14:17:46 Job submitted from host: <54.193.36.194:26489?addrs=54.193.36.194-26489>
    DAG Node: calculateratio_8_ID0000023
    pool:condorpool
...
000 (3228.000.000) 11/08 14:17:46 Job submitted from host: <54.193.36.194:26489?addrs=54.193.36.194-26489>
    DAG Node: calculateratio_6_ID0000021
    pool:condorpool
...
000 (3229.000.000) 11/08 14:17:46 Job submitted from host: <54.193.36.194:26489?addrs=54.193.36.194-26489>
    DAG Node: calculateratio_7_ID0000022
    pool:condorpool
...
000 (3230.000.000) 11/08 14:17:46 Job submitted from host: <54.193.36.194:26489?addrs=54.193.36.194-26489>
    DAG Node: calculateratio_5_ID0000020
    pool:condorpool
...
001 (3227.000.000) 11/08 14:17:46 Job executing on host: <54.200.57.163:59896?addrs=54.200.57.163-59896&noUDP>
...
000 (3231.000.000) 11/08 14:17:51 Job submitted from host: <54.193.36.194:26489?addrs=54.193.36.194-26489>
    DAG Node: calculateratio_1_ID0000016
    pool:condorpool
...
000 (3232.000.000) 11/08 14:17:51 Job submitted from host: <54.193.36.194:26489?addrs=54.193.36.194-26489>
    DAG Node: calculateratio_4_ID0000019
    pool:condorpool
...
000 (3233.000.000) 11/08 14:17:51 Job submitted from host: <54.193.36.194:26489?addrs=54.193.36.194-26489>
    DAG Node: calculateratio_3_ID0000018
    pool:condorpool
...
000 (3234.000.000) 11/08 14:17:51 Job submitted from host: <54.193.36.194:26489?addrs=54.193.36.194-26489>
    DAG Node: calculateratio_2_ID0000017
    pool:condorpool
...
000 (3235.000.000) 11/08 14:17:51 Job submitted from host: <54.193.36.194:26489?addrs=54.193.36.194-26489>
    DAG Node: calculateratio_0_ID0000015
    pool:condorpool
...
005 (3226.000.000) 11/08 14:18:00 Job terminated.
	(1) Normal termination (return value 0)
		Usr 0 00:00:00, Sys 0 00:00:00  -  Run Remote Usage
		Usr 0 00:00:00, Sys 0 00:00:00  -  Run Local Usage
		Usr 0 00:00:00, Sys 0 00:00:00  -  Total Remote Usage
		Usr 0 00:00:00, Sys 0 00:00:00  -  Total Local Usage
	0  -  Run Bytes Sent By Job
	0  -  Run Bytes Received By Job
	0  -  Total Bytes Sent By Job
	0  -  Total Bytes Received By Job
...
016 (3226.000.000) 11/08 14:18:01 POST Script terminated.
	(1) Normal termination (return value 0)
    DAG Node: clean_up_local_level_6_0
...
001 (3228.000.000) 11/08 14:18:11 Job executing on host: <54.203.21.96:39975?addrs=54.203.21.96-39975&noUDP>
...
001 (3230.000.000) 11/08 14:18:11 Job executing on host: <54.213.165.101:47304?addrs=54.213.165.101-47304&noUDP>
...
001 (3233.000.000) 11/08 14:18:11 Job executing on host: <54.213.172.44:55300?addrs=54.213.172.44-55300&noUDP>
...
001 (3235.000.000) 11/08 14:18:11 Job executing on host: <54.201.222.218:52232?addrs=54.201.222.218-52232&noUDP>
...
001 (3234.000.000) 11/08 14:18:11 Job executing on host: <54.187.178.99:18162?addrs=54.187.178.99-18162&noUDP>
...
001 (3229.000.000) 11/08 14:18:11 Job executing on host: <54.213.178.100:11571?addrs=54.213.178.100-11571&noUDP>
...
001 (3231.000.000) 11/08 14:18:11 Job executing on host: <54.203.100.129:17367?addrs=54.203.100.129-17367&noUDP>
...
001 (3232.000.000) 11/08 14:18:11 Job executing on host: <54.213.131.229:3248?addrs=54.213.131.229-3248&noUDP>
...
005 (3227.000.000) 11/08 14:23:41 Job terminated.
	(1) Normal termination (return value 0)
		Usr 0 00:00:52, Sys 0 00:00:02  -  Run Remote Usage
		Usr 0 00:00:00, Sys 0 00:00:00  -  Run Local Usage
		Usr 0 00:00:52, Sys 0 00:00:02  -  Total Remote Usage
		Usr 0 00:00:00, Sys 0 00:00:00  -  Total Local Usage
	360090  -  Run Bytes Sent By Job
	3174677  -  Run Bytes Received By Job
	360090  -  Total Bytes Sent By Job
	3174677  -  Total Bytes Received By Job
	Partitionable Resources :    Usage  Request Allocated
	   Cpus                 :                 1         1
	   Disk (KB)            :     6462     3250  27637468
	   Memory (MB)          :      136        1      3764
...
016 (3227.000.000) 11/08 14:23:42 POST Script terminated.
	(1) Normal termination (return value 0)
    DAG Node: calculateratio_8_ID0000023
...
005 (3231.000.000) 11/08 14:23:45 Job terminated.
	(1) Normal termination (return value 0)
		Usr 0 00:00:45, Sys 0 00:00:02  -  Run Remote Usage
		Usr 0 00:00:00, Sys 0 00:00:00  -  Run Local Usage
		Usr 0 00:00:45, Sys 0 00:00:02  -  Total Remote Usage
		Usr 0 00:00:00, Sys 0 00:00:00  -  Total Local Usage
	360285  -  Run Bytes Sent By Job
	3174675  -  Run Bytes Received By Job
	360285  -  Total Bytes Sent By Job
	3174675  -  Total Bytes Received By Job
	Partitionable Resources :    Usage  Request Allocated
	   Cpus                 :                 1         1
	   Disk (KB)            :     6462     3250  27639464
	   Memory (MB)          :      151        1      3764
...
016 (3231.000.000) 11/08 14:23:47 POST Script terminated.
	(1) Normal termination (return value 0)
    DAG Node: calculateratio_1_ID0000016
...
005 (3229.000.000) 11/08 14:23:51 Job terminated.
	(1) Normal termination (return value 0)
		Usr 0 00:00:47, Sys 0 00:00:02  -  Run Remote Usage
		Usr 0 00:00:00, Sys 0 00:00:00  -  Run Local Usage
		Usr 0 00:00:47, Sys 0 00:00:02  -  Total Remote Usage
		Usr 0 00:00:00, Sys 0 00:00:00  -  Total Local Usage
	360338  -  Run Bytes Sent By Job
	3174677  -  Run Bytes Received By Job
	360338  -  Total Bytes Sent By Job
	3174677  -  Total Bytes Received By Job
	Partitionable Resources :    Usage  Request Allocated
	   Cpus                 :                 1         1
	   Disk (KB)            :     6462     3250  27639064
	   Memory (MB)          :      151        1      3764
...
016 (3229.000.000) 11/08 14:23:52 POST Script terminated.
	(1) Normal termination (return value 0)
    DAG Node: calculateratio_7_ID0000022
...
005 (3228.000.000) 11/08 14:23:59 Job terminated.
	(1) Normal termination (return value 0)
		Usr 0 00:00:47, Sys 0 00:00:02  -  Run Remote Usage
		Usr 0 00:00:00, Sys 0 00:00:00  -  Run Local Usage
		Usr 0 00:00:47, Sys 0 00:00:02  -  Total Remote Usage
		Usr 0 00:00:00, Sys 0 00:00:00  -  Total Local Usage
	110138  -  Run Bytes Sent By Job
	3174677  -  Run Bytes Received By Job
	110138  -  Total Bytes Sent By Job
	3174677  -  Total Bytes Received By Job
	Partitionable Resources :    Usage  Request Allocated
	   Cpus                 :                 1         1
	   Disk (KB)            :     6217     3250  27637764
	   Memory (MB)          :      153        1      3764
...
016 (3228.000.000) 11/08 14:24:02 POST Script terminated.
	(1) Normal termination (return value 0)
    DAG Node: calculateratio_6_ID0000021
...
005 (3235.000.000) 11/08 14:24:09 Job terminated.
	(1) Normal termination (return value 0)
		Usr 0 00:00:49, Sys 0 00:00:02  -  Run Remote Usage
		Usr 0 00:00:00, Sys 0 00:00:00  -  Run Local Usage
		Usr 0 00:00:49, Sys 0 00:00:02  -  Total Remote Usage
		Usr 0 00:00:00, Sys 0 00:00:00  -  Total Local Usage
	326700  -  Run Bytes Sent By Job
	3174671  -  Run Bytes Received By Job
	326700  -  Total Bytes Sent By Job
	3174671  -  Total Bytes Received By Job
	Partitionable Resources :    Usage  Request Allocated
	   Cpus                 :                 1         1
	   Disk (KB)            :     6429     3250  27638780
	   Memory (MB)          :      146        1      3764
...
005 (3234.000.000) 11/08 14:24:12 Job terminated.
	(1) Normal termination (return value 0)
		Usr 0 00:00:51, Sys 0 00:00:02  -  Run Remote Usage
		Usr 0 00:00:00, Sys 0 00:00:00  -  Run Local Usage
		Usr 0 00:00:51, Sys 0 00:00:02  -  Total Remote Usage
		Usr 0 00:00:00, Sys 0 00:00:00  -  Total Local Usage
	360100  -  Run Bytes Sent By Job
	3174675  -  Run Bytes Received By Job
	360100  -  Total Bytes Sent By Job
	3174675  -  Total Bytes Received By Job
	Partitionable Resources :    Usage  Request Allocated
	   Cpus                 :                 1         1
	   Disk (KB)            :     6462     3250  27664360
	   Memory (MB)          :      154        1      3764
...
016 (3235.000.000) 11/08 14:24:13 POST Script terminated.
	(1) Normal termination (return value 0)
    DAG Node: calculateratio_0_ID0000015
...
016 (3234.000.000) 11/08 14:24:13 POST Script terminated.
	(1) Normal termination (return value 0)
    DAG Node: calculateratio_2_ID0000017
...
005 (3232.000.000) 11/08 14:24:18 Job terminated.
	(1) Normal termination (return value 0)
		Usr 0 00:00:52, Sys 0 00:00:02  -  Run Remote Usage
		Usr 0 00:00:00, Sys 0 00:00:00  -  Run Local Usage
		Usr 0 00:00:52, Sys 0 00:00:02  -  Total Remote Usage
		Usr 0 00:00:00, Sys 0 00:00:00  -  Total Local Usage
	359493  -  Run Bytes Sent By Job
	3174677  -  Run Bytes Received By Job
	359493  -  Total Bytes Sent By Job
	3174677  -  Total Bytes Received By Job
	Partitionable Resources :    Usage  Request Allocated
	   Cpus                 :                 1         1
	   Disk (KB)            :     6461     3250  27638464
	   Memory (MB)          :      151        1      3764
...
016 (3232.000.000) 11/08 14:24:22 POST Script terminated.
	(1) Normal termination (return value 0)
    DAG Node: calculateratio_4_ID0000019
...
005 (3230.000.000) 11/08 14:24:32 Job terminated.
	(1) Normal termination (return value 0)
		Usr 0 00:00:52, Sys 0 00:00:02  -  Run Remote Usage
		Usr 0 00:00:00, Sys 0 00:00:00  -  Run Local Usage
		Usr 0 00:00:52, Sys 0 00:00:02  -  Total Remote Usage
		Usr 0 00:00:00, Sys 0 00:00:00  -  Total Local Usage
	360816  -  Run Bytes Sent By Job
	3174677  -  Run Bytes Received By Job
	360816  -  Total Bytes Sent By Job
	3174677  -  Total Bytes Received By Job
	Partitionable Resources :    Usage  Request Allocated
	   Cpus                 :                 1         1
	   Disk (KB)            :     6462     3250  27639728
	   Memory (MB)          :      153        1      3764
...
016 (3230.000.000) 11/08 14:24:32 POST Script terminated.
	(1) Normal termination (return value 0)
    DAG Node: calculateratio_5_ID0000020
...
000 (3236.000.000) 11/08 14:24:42 Job submitted from host: <54.193.36.194:26489?addrs=54.193.36.194-26489>
    DAG Node: clean_up_local_level_7_0
    pool:local
...
001 (3236.000.000) 11/08 14:24:42 Job executing on host: <54.193.36.194:2925?addrs=54.193.36.194-2925>
...
005 (3236.000.000) 11/08 14:24:56 Job terminated.
	(1) Normal termination (return value 0)
		Usr 0 00:00:00, Sys 0 00:00:00  -  Run Remote Usage
		Usr 0 00:00:00, Sys 0 00:00:00  -  Run Local Usage
		Usr 0 00:00:00, Sys 0 00:00:00  -  Total Remote Usage
		Usr 0 00:00:00, Sys 0 00:00:00  -  Total Local Usage
	0  -  Run Bytes Sent By Job
	0  -  Run Bytes Received By Job
	0  -  Total Bytes Sent By Job
	0  -  Total Bytes Received By Job
...
016 (3236.000.000) 11/08 14:24:57 POST Script terminated.
	(1) Normal termination (return value 0)
    DAG Node: clean_up_local_level_7_0
...
005 (3233.000.000) 11/08 14:25:00 Job terminated.
	(1) Normal termination (return value 0)
		Usr 0 00:00:55, Sys 0 00:00:02  -  Run Remote Usage
		Usr 0 00:00:00, Sys 0 00:00:00  -  Run Local Usage
		Usr 0 00:00:55, Sys 0 00:00:02  -  Total Remote Usage
		Usr 0 00:00:00, Sys 0 00:00:00  -  Total Local Usage
	359966  -  Run Bytes Sent By Job
	3174676  -  Run Bytes Received By Job
	359966  -  Total Bytes Sent By Job
	3174676  -  Total Bytes Received By Job
	Partitionable Resources :    Usage  Request Allocated
	   Cpus                 :                 1         1
	   Disk (KB)            :     6461     3250  27639356
	   Memory (MB)          :      149        1      3764
...
016 (3233.000.000) 11/08 14:25:03 POST Script terminated.
	(1) Normal termination (return value 0)
    DAG Node: calculateratio_3_ID0000018
...
000 (3237.000.000) 11/08 14:25:12 Job submitted from host: <54.193.36.194:26489?addrs=54.193.36.194-26489>
    DAG Node: clean_up_local_level_7_1
    pool:local
...
001 (3237.000.000) 11/08 14:25:12 Job executing on host: <54.193.36.194:38240?addrs=54.193.36.194-38240>
...
000 (3238.000.000) 11/08 14:25:12 Job submitted from host: <54.193.36.194:26489?addrs=54.193.36.194-26489>
    DAG Node: averageratioevent_1_ID0000025
    pool:condorpool
...
000 (3239.000.000) 11/08 14:25:12 Job submitted from host: <54.193.36.194:26489?addrs=54.193.36.194-26489>
    DAG Node: averageratioevent_3_ID0000027
    pool:condorpool
...
000 (3240.000.000) 11/08 14:25:12 Job submitted from host: <54.193.36.194:26489?addrs=54.193.36.194-26489>
    DAG Node: averageratioevent_0_ID0000024
    pool:condorpool
...
000 (3241.000.000) 11/08 14:25:12 Job submitted from host: <54.193.36.194:26489?addrs=54.193.36.194-26489>
    DAG Node: averageratioevent_2_ID0000026
    pool:condorpool
...
001 (3238.000.000) 11/08 14:25:12 Job executing on host: <54.213.172.44:55300?addrs=54.213.172.44-55300&noUDP>
...
005 (3238.000.000) 11/08 14:25:21 Job terminated.
	(1) Normal termination (return value 0)
		Usr 0 00:00:00, Sys 0 00:00:00  -  Run Remote Usage
		Usr 0 00:00:00, Sys 0 00:00:00  -  Run Local Usage
		Usr 0 00:00:00, Sys 0 00:00:00  -  Total Remote Usage
		Usr 0 00:00:00, Sys 0 00:00:00  -  Total Local Usage
	266691  -  Run Bytes Sent By Job
	3169626  -  Run Bytes Received By Job
	266691  -  Total Bytes Sent By Job
	3169626  -  Total Bytes Received By Job
	Partitionable Resources :    Usage  Request Allocated
	   Cpus                 :                 1         1
	   Disk (KB)            :     6363     3250  27639356
	   Memory (MB)          :        0        1      3764
...
001 (3239.000.000) 11/08 14:25:21 Job executing on host: <54.213.172.44:55300?addrs=54.213.172.44-55300&noUDP>
...
016 (3238.000.000) 11/08 14:25:22 POST Script terminated.
	(1) Normal termination (return value 0)
    DAG Node: averageratioevent_1_ID0000025
...
005 (3239.000.000) 11/08 14:25:22 Job terminated.
	(1) Normal termination (return value 0)
		Usr 0 00:00:00, Sys 0 00:00:00  -  Run Remote Usage
		Usr 0 00:00:00, Sys 0 00:00:00  -  Run Local Usage
		Usr 0 00:00:00, Sys 0 00:00:00  -  Total Remote Usage
		Usr 0 00:00:00, Sys 0 00:00:00  -  Total Local Usage
	5979  -  Run Bytes Sent By Job
	3169626  -  Run Bytes Received By Job
	5979  -  Total Bytes Sent By Job
	3169626  -  Total Bytes Received By Job
	Partitionable Resources :    Usage  Request Allocated
	   Cpus                 :                 1         1
	   Disk (KB)            :     6108     3250  27639356
	   Memory (MB)          :        0        1      3764
...
001 (3240.000.000) 11/08 14:25:23 Job executing on host: <54.213.172.44:55300?addrs=54.213.172.44-55300&noUDP>
...
016 (3239.000.000) 11/08 14:25:27 POST Script terminated.
	(1) Normal termination (return value 0)
    DAG Node: averageratioevent_3_ID0000027
...
005 (3237.000.000) 11/08 14:25:28 Job terminated.
	(1) Normal termination (return value 0)
		Usr 0 00:00:00, Sys 0 00:00:00  -  Run Remote Usage
		Usr 0 00:00:00, Sys 0 00:00:00  -  Run Local Usage
		Usr 0 00:00:00, Sys 0 00:00:00  -  Total Remote Usage
		Usr 0 00:00:00, Sys 0 00:00:00  -  Total Local Usage
	0  -  Run Bytes Sent By Job
	0  -  Run Bytes Received By Job
	0  -  Total Bytes Sent By Job
	0  -  Total Bytes Received By Job
...
016 (3237.000.000) 11/08 14:25:33 POST Script terminated.
	(1) Normal termination (return value 0)
    DAG Node: clean_up_local_level_7_1
...
001 (3241.000.000) 11/08 14:25:33 Job executing on host: <54.200.57.163:59896?addrs=54.200.57.163-59896&noUDP>
...
000 (3242.000.000) 11/08 14:25:37 Job submitted from host: <54.193.36.194:26489?addrs=54.193.36.194-26489>
    DAG Node: clean_up_local_level_8_0
    pool:local
...
001 (3242.000.000) 11/08 14:25:38 Job executing on host: <54.193.36.194:28196?addrs=54.193.36.194-28196>
...
005 (3240.000.000) 11/08 14:25:38 Job terminated.
	(1) Normal termination (return value 0)
		Usr 0 00:00:02, Sys 0 00:00:00  -  Run Remote Usage
		Usr 0 00:00:00, Sys 0 00:00:00  -  Run Local Usage
		Usr 0 00:00:02, Sys 0 00:00:00  -  Total Remote Usage
		Usr 0 00:00:00, Sys 0 00:00:00  -  Total Local Usage
	266694  -  Run Bytes Sent By Job
	3169626  -  Run Bytes Received By Job
	266694  -  Total Bytes Sent By Job
	3169626  -  Total Bytes Received By Job
	Partitionable Resources :    Usage  Request Allocated
	   Cpus                 :                 1         1
	   Disk (KB)            :     7231     3250  27639356
	   Memory (MB)          :      131        1      3764
...
016 (3240.000.000) 11/08 14:25:42 POST Script terminated.
	(1) Normal termination (return value 0)
    DAG Node: averageratioevent_0_ID0000024
...
005 (3242.000.000) 11/08 14:25:46 Job terminated.
	(1) Normal termination (return value 0)
		Usr 0 00:00:00, Sys 0 00:00:00  -  Run Remote Usage
		Usr 0 00:00:00, Sys 0 00:00:00  -  Run Local Usage
		Usr 0 00:00:00, Sys 0 00:00:00  -  Total Remote Usage
		Usr 0 00:00:00, Sys 0 00:00:00  -  Total Local Usage
	0  -  Run Bytes Sent By Job
	0  -  Run Bytes Received By Job
	0  -  Total Bytes Sent By Job
	0  -  Total Bytes Received By Job
...
016 (3242.000.000) 11/08 14:25:47 POST Script terminated.
	(1) Normal termination (return value 0)
    DAG Node: clean_up_local_level_8_0
...
005 (3241.000.000) 11/08 14:26:19 Job terminated.
	(1) Normal termination (return value 0)
		Usr 0 00:00:28, Sys 0 00:00:00  -  Run Remote Usage
		Usr 0 00:00:00, Sys 0 00:00:00  -  Run Local Usage
		Usr 0 00:00:28, Sys 0 00:00:00  -  Total Remote Usage
		Usr 0 00:00:00, Sys 0 00:00:00  -  Total Local Usage
	266699  -  Run Bytes Sent By Job
	3169626  -  Run Bytes Received By Job
	266699  -  Total Bytes Sent By Job
	3169626  -  Total Bytes Received By Job
	Partitionable Resources :    Usage  Request Allocated
	   Cpus                 :                 1         1
	   Disk (KB)            :     7223     3250  27637264
	   Memory (MB)          :        2        1      3764
...
016 (3241.000.000) 11/08 14:26:22 POST Script terminated.
	(1) Normal termination (return value 0)
    DAG Node: averageratioevent_2_ID0000026
...
000 (3243.000.000) 11/08 14:26:32 Job submitted from host: <54.193.36.194:26489?addrs=54.193.36.194-26489>
    DAG Node: analysisevent_0_ID0000028
    pool:condorpool
...
000 (3244.000.000) 11/08 14:26:32 Job submitted from host: <54.193.36.194:26489?addrs=54.193.36.194-26489>
    DAG Node: clean_up_local_level_8_1
    pool:local
...
001 (3243.000.000) 11/08 14:26:33 Job executing on host: <54.200.57.163:59896?addrs=54.200.57.163-59896&noUDP>
...
005 (3243.000.000) 11/08 14:26:34 Job terminated.
	(1) Normal termination (return value 0)
		Usr 0 00:00:00, Sys 0 00:00:00  -  Run Remote Usage
		Usr 0 00:00:00, Sys 0 00:00:00  -  Run Local Usage
		Usr 0 00:00:00, Sys 0 00:00:00  -  Total Remote Usage
		Usr 0 00:00:00, Sys 0 00:00:00  -  Total Local Usage
	5937  -  Run Bytes Sent By Job
	3169438  -  Run Bytes Received By Job
	5937  -  Total Bytes Sent By Job
	3169438  -  Total Bytes Received By Job
	Partitionable Resources :    Usage  Request Allocated
	   Cpus                 :                 1         1
	   Disk (KB)            :     6108     3250  27637264
	   Memory (MB)          :        0        1      3764
...
016 (3243.000.000) 11/08 14:26:37 POST Script terminated.
	(1) Normal termination (return value 0)
    DAG Node: analysisevent_0_ID0000028
...
001 (3244.000.000) 11/08 14:26:38 Job executing on host: <54.193.36.194:7932?addrs=54.193.36.194-7932>
...
005 (3244.000.000) 11/08 14:26:47 Job terminated.
	(1) Normal termination (return value 0)
		Usr 0 00:00:00, Sys 0 00:00:00  -  Run Remote Usage
		Usr 0 00:00:00, Sys 0 00:00:00  -  Run Local Usage
		Usr 0 00:00:00, Sys 0 00:00:00  -  Total Remote Usage
		Usr 0 00:00:00, Sys 0 00:00:00  -  Total Local Usage
	0  -  Run Bytes Sent By Job
	0  -  Run Bytes Received By Job
	0  -  Total Bytes Sent By Job
	0  -  Total Bytes Received By Job
...
000 (3245.000.000) 11/08 14:26:47 Job submitted from host: <54.193.36.194:26489?addrs=54.193.36.194-26489>
    DAG Node: terminate_0_ID0000029
    pool:condorpool
...
000 (3246.000.000) 11/08 14:26:48 Job submitted from host: <54.193.36.194:26489?addrs=54.193.36.194-26489>
    DAG Node: clean_up_local_level_9_0
    pool:local
...
016 (3244.000.000) 11/08 14:26:48 POST Script terminated.
	(1) Normal termination (return value 0)
    DAG Node: clean_up_local_level_8_1
...
001 (3245.000.000) 11/08 14:26:48 Job executing on host: <54.200.57.163:59896?addrs=54.200.57.163-59896&noUDP>
...
005 (3245.000.000) 11/08 14:26:49 Job terminated.
	(1) Normal termination (return value 0)
		Usr 0 00:00:00, Sys 0 00:00:00  -  Run Remote Usage
		Usr 0 00:00:00, Sys 0 00:00:00  -  Run Local Usage
		Usr 0 00:00:00, Sys 0 00:00:00  -  Total Remote Usage
		Usr 0 00:00:00, Sys 0 00:00:00  -  Total Local Usage
	4463  -  Run Bytes Sent By Job
	3167897  -  Run Bytes Received By Job
	4463  -  Total Bytes Sent By Job
	3167897  -  Total Bytes Received By Job
	Partitionable Resources :    Usage  Request Allocated
	   Cpus                 :                 1         1
	   Disk (KB)            :     6104     3250  27637264
	   Memory (MB)          :        0        1      3764
...
001 (3246.000.000) 11/08 14:26:53 Job executing on host: <54.193.36.194:5895?addrs=54.193.36.194-5895>
...
016 (3245.000.000) 11/08 14:26:53 POST Script terminated.
	(1) Normal termination (return value 0)
    DAG Node: terminate_0_ID0000029
...
005 (3246.000.000) 11/08 14:26:57 Job terminated.
	(1) Normal termination (return value 0)
		Usr 0 00:00:00, Sys 0 00:00:00  -  Run Remote Usage
		Usr 0 00:00:00, Sys 0 00:00:00  -  Run Local Usage
		Usr 0 00:00:00, Sys 0 00:00:00  -  Total Remote Usage
		Usr 0 00:00:00, Sys 0 00:00:00  -  Total Local Usage
	0  -  Run Bytes Sent By Job
	0  -  Run Bytes Received By Job
	0  -  Total Bytes Sent By Job
	0  -  Total Bytes Received By Job
...
016 (3246.000.000) 11/08 14:26:58 POST Script terminated.
	(1) Normal termination (return value 0)
    DAG Node: clean_up_local_level_9_0
...
000 (3247.000.000) 11/08 14:27:03 Job submitted from host: <54.193.36.194:26489?addrs=54.193.36.194-26489>
    DAG Node: clean_up_local_level_10_0
    pool:local
...
001 (3247.000.000) 11/08 14:27:03 Job executing on host: <54.193.36.194:38811?addrs=54.193.36.194-38811>
...
005 (3247.000.000) 11/08 14:27:05 Job terminated.
	(1) Normal termination (return value 0)
		Usr 0 00:00:00, Sys 0 00:00:00  -  Run Remote Usage
		Usr 0 00:00:00, Sys 0 00:00:00  -  Run Local Usage
		Usr 0 00:00:00, Sys 0 00:00:00  -  Total Remote Usage
		Usr 0 00:00:00, Sys 0 00:00:00  -  Total Local Usage
	0  -  Run Bytes Sent By Job
	0  -  Run Bytes Received By Job
	0  -  Total Bytes Sent By Job
	0  -  Total Bytes Received By Job
...
016 (3247.000.000) 11/08 14:27:08 POST Script terminated.
	(1) Normal termination (return value 0)
    DAG Node: clean_up_local_level_10_0
...
000 (3248.000.000) 11/08 14:27:18 Job submitted from host: <54.193.36.194:26489?addrs=54.193.36.194-26489>
    DAG Node: cleanup_example_workflow_0_local
    pool:local
...
001 (3248.000.000) 11/08 14:27:18 Job executing on host: <54.193.36.194:43889?addrs=54.193.36.194-43889>
...
005 (3248.000.000) 11/08 14:27:21 Job terminated.
	(1) Normal termination (return value 0)
		Usr 0 00:00:00, Sys 0 00:00:00  -  Run Remote Usage
		Usr 0 00:00:00, Sys 0 00:00:00  -  Run Local Usage
		Usr 0 00:00:00, Sys 0 00:00:00  -  Total Remote Usage
		Usr 0 00:00:00, Sys 0 00:00:00  -  Total Local Usage
	0  -  Run Bytes Sent By Job
	0  -  Run Bytes Received By Job
	0  -  Total Bytes Sent By Job
	0  -  Total Bytes Received By Job
...
