000 (3508.000.000) 05/18 22:32:09 Job submitted from host: <10.240.0.3:31139?addrs=10.240.0.3-31139>
    DAG Node: create_dir_example_workflow_0_local
    pool:local
...
000 (3509.000.000) 05/18 22:32:09 Job submitted from host: <10.240.0.3:31139?addrs=10.240.0.3-31139>
    DAG Node: stage_worker_local_example_workflow_0_local
    pool:local
...
001 (3509.000.000) 05/18 22:32:10 Job executing on host: <10.240.0.3:60518?addrs=10.240.0.3-60518>
...
001 (3508.000.000) 05/18 22:32:10 Job executing on host: <10.240.0.3:45540?addrs=10.240.0.3-45540>
...
005 (3509.000.000) 05/18 22:32:12 Job terminated.
	(1) Normal termination (return value 0)
		Usr 0 00:00:00, Sys 0 00:00:00  -  Run Remote Usage
		Usr 0 00:00:00, Sys 0 00:00:00  -  Run Local Usage
		Usr 0 00:00:00, Sys 0 00:00:00  -  Total Remote Usage
		Usr 0 00:00:00, Sys 0 00:00:00  -  Total Local Usage
	0  -  Run Bytes Sent By Job
	0  -  Run Bytes Received By Job
	0  -  Total Bytes Sent By Job
	0  -  Total Bytes Received By Job
...
005 (3508.000.000) 05/18 22:32:12 Job terminated.
	(1) Normal termination (return value 0)
		Usr 0 00:00:00, Sys 0 00:00:00  -  Run Remote Usage
		Usr 0 00:00:00, Sys 0 00:00:00  -  Run Local Usage
		Usr 0 00:00:00, Sys 0 00:00:00  -  Total Remote Usage
		Usr 0 00:00:00, Sys 0 00:00:00  -  Total Local Usage
	0  -  Run Bytes Sent By Job
	0  -  Run Bytes Received By Job
	0  -  Total Bytes Sent By Job
	0  -  Total Bytes Received By Job
...
000 (3510.000.000) 05/18 22:32:24 Job submitted from host: <10.240.0.3:31139?addrs=10.240.0.3-31139>
    DAG Node: stage_in_local_local_0_0
    pool:local
...
001 (3510.000.000) 05/18 22:32:24 Job executing on host: <10.240.0.3:39106?addrs=10.240.0.3-39106>
...
000 (3511.000.000) 05/18 22:32:24 Job submitted from host: <10.240.0.3:31139?addrs=10.240.0.3-31139>
    DAG Node: stage_in_remote_local_2_1
    pool:local
...
000 (3512.000.000) 05/18 22:32:24 Job submitted from host: <10.240.0.3:31139?addrs=10.240.0.3-31139>
    DAG Node: stage_in_local_local_1_1
    pool:local
...
000 (3513.000.000) 05/18 22:32:24 Job submitted from host: <10.240.0.3:31139?addrs=10.240.0.3-31139>
    DAG Node: stage_in_local_local_4_0
    pool:local
...
000 (3514.000.000) 05/18 22:32:24 Job submitted from host: <10.240.0.3:31139?addrs=10.240.0.3-31139>
    DAG Node: stage_in_local_local_1_0
    pool:local
...
005 (3510.000.000) 05/18 22:32:26 Job terminated.
	(1) Normal termination (return value 0)
		Usr 0 00:00:00, Sys 0 00:00:00  -  Run Remote Usage
		Usr 0 00:00:00, Sys 0 00:00:00  -  Run Local Usage
		Usr 0 00:00:00, Sys 0 00:00:00  -  Total Remote Usage
		Usr 0 00:00:00, Sys 0 00:00:00  -  Total Local Usage
	0  -  Run Bytes Sent By Job
	0  -  Run Bytes Received By Job
	0  -  Total Bytes Sent By Job
	0  -  Total Bytes Received By Job
...
001 (3512.000.000) 05/18 22:32:27 Job executing on host: <10.240.0.3:59338?addrs=10.240.0.3-59338>
...
001 (3511.000.000) 05/18 22:32:27 Job executing on host: <10.240.0.3:46078?addrs=10.240.0.3-46078>
...
001 (3514.000.000) 05/18 22:32:27 Job executing on host: <10.240.0.3:16283?addrs=10.240.0.3-16283>
...
001 (3513.000.000) 05/18 22:32:27 Job executing on host: <10.240.0.3:54434?addrs=10.240.0.3-54434>
...
005 (3512.000.000) 05/18 22:32:29 Job terminated.
	(1) Normal termination (return value 0)
		Usr 0 00:00:00, Sys 0 00:00:00  -  Run Remote Usage
		Usr 0 00:00:00, Sys 0 00:00:00  -  Run Local Usage
		Usr 0 00:00:00, Sys 0 00:00:00  -  Total Remote Usage
		Usr 0 00:00:00, Sys 0 00:00:00  -  Total Local Usage
	0  -  Run Bytes Sent By Job
	0  -  Run Bytes Received By Job
	0  -  Total Bytes Sent By Job
	0  -  Total Bytes Received By Job
...
005 (3513.000.000) 05/18 22:32:29 Job terminated.
	(1) Normal termination (return value 0)
		Usr 0 00:00:00, Sys 0 00:00:00  -  Run Remote Usage
		Usr 0 00:00:00, Sys 0 00:00:00  -  Run Local Usage
		Usr 0 00:00:00, Sys 0 00:00:00  -  Total Remote Usage
		Usr 0 00:00:00, Sys 0 00:00:00  -  Total Local Usage
	0  -  Run Bytes Sent By Job
	0  -  Run Bytes Received By Job
	0  -  Total Bytes Sent By Job
	0  -  Total Bytes Received By Job
...
000 (3515.000.000) 05/18 22:32:29 Job submitted from host: <10.240.0.3:31139?addrs=10.240.0.3-31139>
    DAG Node: stage_in_local_local_2_0
    pool:local
...
001 (3515.000.000) 05/18 22:32:29 Job executing on host: <10.240.0.3:14121?addrs=10.240.0.3-14121>
...
000 (3516.000.000) 05/18 22:32:29 Job submitted from host: <10.240.0.3:31139?addrs=10.240.0.3-31139>
    DAG Node: stage_in_remote_local_1_1
    pool:local
...
001 (3516.000.000) 05/18 22:32:30 Job executing on host: <10.240.0.3:23669?addrs=10.240.0.3-23669>
...
000 (3517.000.000) 05/18 22:32:30 Job submitted from host: <10.240.0.3:31139?addrs=10.240.0.3-31139>
    DAG Node: stage_in_remote_local_4_0
    pool:local
...
000 (3518.000.000) 05/18 22:32:30 Job submitted from host: <10.240.0.3:31139?addrs=10.240.0.3-31139>
    DAG Node: stage_in_remote_local_1_0
    pool:local
...
000 (3519.000.000) 05/18 22:32:30 Job submitted from host: <10.240.0.3:31139?addrs=10.240.0.3-31139>
    DAG Node: stage_in_local_local_3_0
    pool:local
...
005 (3511.000.000) 05/18 22:32:31 Job terminated.
	(1) Normal termination (return value 0)
		Usr 0 00:00:00, Sys 0 00:00:00  -  Run Remote Usage
		Usr 0 00:00:00, Sys 0 00:00:00  -  Run Local Usage
		Usr 0 00:00:00, Sys 0 00:00:00  -  Total Remote Usage
		Usr 0 00:00:00, Sys 0 00:00:00  -  Total Local Usage
	0  -  Run Bytes Sent By Job
	0  -  Run Bytes Received By Job
	0  -  Total Bytes Sent By Job
	0  -  Total Bytes Received By Job
...
005 (3514.000.000) 05/18 22:32:31 Job terminated.
	(1) Normal termination (return value 0)
		Usr 0 00:00:00, Sys 0 00:00:00  -  Run Remote Usage
		Usr 0 00:00:00, Sys 0 00:00:00  -  Run Local Usage
		Usr 0 00:00:00, Sys 0 00:00:00  -  Total Remote Usage
		Usr 0 00:00:00, Sys 0 00:00:00  -  Total Local Usage
	0  -  Run Bytes Sent By Job
	0  -  Run Bytes Received By Job
	0  -  Total Bytes Sent By Job
	0  -  Total Bytes Received By Job
...
001 (3518.000.000) 05/18 22:32:31 Job executing on host: <10.240.0.3:28975?addrs=10.240.0.3-28975>
...
001 (3517.000.000) 05/18 22:32:31 Job executing on host: <10.240.0.3:30071?addrs=10.240.0.3-30071>
...
001 (3519.000.000) 05/18 22:32:31 Job executing on host: <10.240.0.3:16391?addrs=10.240.0.3-16391>
...
005 (3515.000.000) 05/18 22:32:32 Job terminated.
	(1) Normal termination (return value 0)
		Usr 0 00:00:00, Sys 0 00:00:00  -  Run Remote Usage
		Usr 0 00:00:00, Sys 0 00:00:00  -  Run Local Usage
		Usr 0 00:00:00, Sys 0 00:00:00  -  Total Remote Usage
		Usr 0 00:00:00, Sys 0 00:00:00  -  Total Local Usage
	0  -  Run Bytes Sent By Job
	0  -  Run Bytes Received By Job
	0  -  Total Bytes Sent By Job
	0  -  Total Bytes Received By Job
...
005 (3516.000.000) 05/18 22:32:32 Job terminated.
	(1) Normal termination (return value 0)
		Usr 0 00:00:00, Sys 0 00:00:00  -  Run Remote Usage
		Usr 0 00:00:00, Sys 0 00:00:00  -  Run Local Usage
		Usr 0 00:00:00, Sys 0 00:00:00  -  Total Remote Usage
		Usr 0 00:00:00, Sys 0 00:00:00  -  Total Local Usage
	0  -  Run Bytes Sent By Job
	0  -  Run Bytes Received By Job
	0  -  Total Bytes Sent By Job
	0  -  Total Bytes Received By Job
...
005 (3517.000.000) 05/18 22:32:33 Job terminated.
	(1) Normal termination (return value 0)
		Usr 0 00:00:00, Sys 0 00:00:00  -  Run Remote Usage
		Usr 0 00:00:00, Sys 0 00:00:00  -  Run Local Usage
		Usr 0 00:00:00, Sys 0 00:00:00  -  Total Remote Usage
		Usr 0 00:00:00, Sys 0 00:00:00  -  Total Local Usage
	0  -  Run Bytes Sent By Job
	0  -  Run Bytes Received By Job
	0  -  Total Bytes Sent By Job
	0  -  Total Bytes Received By Job
...
005 (3519.000.000) 05/18 22:32:33 Job terminated.
	(1) Normal termination (return value 0)
		Usr 0 00:00:00, Sys 0 00:00:00  -  Run Remote Usage
		Usr 0 00:00:00, Sys 0 00:00:00  -  Run Local Usage
		Usr 0 00:00:00, Sys 0 00:00:00  -  Total Remote Usage
		Usr 0 00:00:00, Sys 0 00:00:00  -  Total Local Usage
	0  -  Run Bytes Sent By Job
	0  -  Run Bytes Received By Job
	0  -  Total Bytes Sent By Job
	0  -  Total Bytes Received By Job
...
000 (3520.000.000) 05/18 22:32:35 Job submitted from host: <10.240.0.3:31139?addrs=10.240.0.3-31139>
    DAG Node: stage_in_remote_local_2_0
    pool:local
...
000 (3521.000.000) 05/18 22:32:35 Job submitted from host: <10.240.0.3:31139?addrs=10.240.0.3-31139>
    DAG Node: stage_in_remote_local_3_0
    pool:local
...
005 (3518.000.000) 05/18 22:32:35 Job terminated.
	(1) Normal termination (return value 0)
		Usr 0 00:00:00, Sys 0 00:00:00  -  Run Remote Usage
		Usr 0 00:00:00, Sys 0 00:00:00  -  Run Local Usage
		Usr 0 00:00:00, Sys 0 00:00:00  -  Total Remote Usage
		Usr 0 00:00:00, Sys 0 00:00:00  -  Total Local Usage
	0  -  Run Bytes Sent By Job
	0  -  Run Bytes Received By Job
	0  -  Total Bytes Sent By Job
	0  -  Total Bytes Received By Job
...
001 (3521.000.000) 05/18 22:32:35 Job executing on host: <10.240.0.3:9276?addrs=10.240.0.3-9276>
...
001 (3520.000.000) 05/18 22:32:35 Job executing on host: <10.240.0.3:56039?addrs=10.240.0.3-56039>
...
005 (3521.000.000) 05/18 22:32:37 Job terminated.
	(1) Normal termination (return value 0)
		Usr 0 00:00:00, Sys 0 00:00:00  -  Run Remote Usage
		Usr 0 00:00:00, Sys 0 00:00:00  -  Run Local Usage
		Usr 0 00:00:00, Sys 0 00:00:00  -  Total Remote Usage
		Usr 0 00:00:00, Sys 0 00:00:00  -  Total Local Usage
	0  -  Run Bytes Sent By Job
	0  -  Run Bytes Received By Job
	0  -  Total Bytes Sent By Job
	0  -  Total Bytes Received By Job
...
005 (3520.000.000) 05/18 22:32:39 Job terminated.
	(1) Normal termination (return value 0)
		Usr 0 00:00:00, Sys 0 00:00:00  -  Run Remote Usage
		Usr 0 00:00:00, Sys 0 00:00:00  -  Run Local Usage
		Usr 0 00:00:00, Sys 0 00:00:00  -  Total Remote Usage
		Usr 0 00:00:00, Sys 0 00:00:00  -  Total Local Usage
	0  -  Run Bytes Sent By Job
	0  -  Run Bytes Received By Job
	0  -  Total Bytes Sent By Job
	0  -  Total Bytes Received By Job
...
000 (3522.000.000) 05/18 22:32:40 Job submitted from host: <10.240.0.3:31139?addrs=10.240.0.3-31139>
    DAG Node: init_0_ID0000001
    pool:condorpool
...
001 (3522.000.000) 05/18 22:33:06 Job executing on host: <10.240.0.74:6024?addrs=10.240.0.74-6024>
...
006 (3522.000.000) 05/18 22:33:07 Image size of job updated: 2
	0  -  MemoryUsage of job (MB)
	0  -  ResidentSetSize of job (KB)
...
005 (3522.000.000) 05/18 22:33:08 Job terminated.
	(1) Normal termination (return value 0)
		Usr 0 00:00:00, Sys 0 00:00:00  -  Run Remote Usage
		Usr 0 00:00:00, Sys 0 00:00:00  -  Run Local Usage
		Usr 0 00:00:00, Sys 0 00:00:00  -  Total Remote Usage
		Usr 0 00:00:00, Sys 0 00:00:00  -  Total Local Usage
	4045  -  Run Bytes Sent By Job
	1662367  -  Run Bytes Received By Job
	4045  -  Total Bytes Sent By Job
	1662367  -  Total Bytes Received By Job
	Partitionable Resources :    Usage  Request Allocated
	   Cpus                 :                 1         1
	   Disk (KB)            :     7002     1750   7219680
	   Memory (MB)          :        0        1      3700
...
000 (3523.000.000) 05/18 22:33:20 Job submitted from host: <10.240.0.3:31139?addrs=10.240.0.3-31139>
    DAG Node: mediancpu_0_ID0000002
    pool:condorpool
...
000 (3524.000.000) 05/18 22:33:20 Job submitted from host: <10.240.0.3:31139?addrs=10.240.0.3-31139>
    DAG Node: clean_up_local_level_3_0
    pool:local
...
000 (3525.000.000) 05/18 22:33:20 Job submitted from host: <10.240.0.3:31139?addrs=10.240.0.3-31139>
    DAG Node: averagecpu_0_ID0000004
    pool:condorpool
...
000 (3526.000.000) 05/18 22:33:20 Job submitted from host: <10.240.0.3:31139?addrs=10.240.0.3-31139>
    DAG Node: maxmincpu_0_ID0000003
    pool:condorpool
...
001 (3523.000.000) 05/18 22:33:23 Job executing on host: <10.240.0.74:6024?addrs=10.240.0.74-6024>
...
001 (3524.000.000) 05/18 22:33:25 Job executing on host: <10.240.0.3:7128?addrs=10.240.0.3-7128>
...
005 (3524.000.000) 05/18 22:33:27 Job terminated.
	(1) Normal termination (return value 0)
		Usr 0 00:00:00, Sys 0 00:00:00  -  Run Remote Usage
		Usr 0 00:00:00, Sys 0 00:00:00  -  Run Local Usage
		Usr 0 00:00:00, Sys 0 00:00:00  -  Total Remote Usage
		Usr 0 00:00:00, Sys 0 00:00:00  -  Total Local Usage
	0  -  Run Bytes Sent By Job
	0  -  Run Bytes Received By Job
	0  -  Total Bytes Sent By Job
	0  -  Total Bytes Received By Job
...
006 (3523.000.000) 05/18 22:33:31 Image size of job updated: 2
	3  -  MemoryUsage of job (MB)
	2824  -  ResidentSetSize of job (KB)
...
001 (3525.000.000) 05/18 22:33:47 Job executing on host: <10.240.0.75:8637?addrs=10.240.0.75-8637>
...
001 (3526.000.000) 05/18 22:33:47 Job executing on host: <10.240.0.79:55619?addrs=10.240.0.79-55619>
...
006 (3525.000.000) 05/18 22:33:55 Image size of job updated: 2
	3  -  MemoryUsage of job (MB)
	2788  -  ResidentSetSize of job (KB)
...
006 (3526.000.000) 05/18 22:33:55 Image size of job updated: 2
	3  -  MemoryUsage of job (MB)
	2768  -  ResidentSetSize of job (KB)
...
006 (3526.000.000) 05/18 22:35:53 Image size of job updated: 364248
	3  -  MemoryUsage of job (MB)
	2768  -  ResidentSetSize of job (KB)
...
005 (3526.000.000) 05/18 22:35:54 Job terminated.
	(1) Normal termination (return value 0)
		Usr 0 00:01:50, Sys 0 00:00:01  -  Run Remote Usage
		Usr 0 00:00:00, Sys 0 00:00:00  -  Run Local Usage
		Usr 0 00:01:50, Sys 0 00:00:01  -  Total Remote Usage
		Usr 0 00:00:00, Sys 0 00:00:00  -  Total Local Usage
	4555  -  Run Bytes Sent By Job
	1662050  -  Run Bytes Received By Job
	4555  -  Total Bytes Sent By Job
	1662050  -  Total Bytes Received By Job
	Partitionable Resources :    Usage  Request Allocated
	   Cpus                 :                 1         1
	   Disk (KB)            :     7004     1750   7334896
	   Memory (MB)          :        3        1      3700
...
000 (3527.000.000) 05/18 22:36:05 Job submitted from host: <10.240.0.3:31139?addrs=10.240.0.3-31139>
    DAG Node: clean_up_local_level_4_1
    pool:local
...
001 (3527.000.000) 05/18 22:36:05 Job executing on host: <10.240.0.3:24041?addrs=10.240.0.3-24041>
...
005 (3527.000.000) 05/18 22:36:10 Job terminated.
	(1) Normal termination (return value 0)
		Usr 0 00:00:00, Sys 0 00:00:00  -  Run Remote Usage
		Usr 0 00:00:00, Sys 0 00:00:00  -  Run Local Usage
		Usr 0 00:00:00, Sys 0 00:00:00  -  Total Remote Usage
		Usr 0 00:00:00, Sys 0 00:00:00  -  Total Local Usage
	0  -  Run Bytes Sent By Job
	0  -  Run Bytes Received By Job
	0  -  Total Bytes Sent By Job
	0  -  Total Bytes Received By Job
...
006 (3523.000.000) 05/18 22:38:14 Image size of job updated: 497700
	3  -  MemoryUsage of job (MB)
	2824  -  ResidentSetSize of job (KB)
...
005 (3523.000.000) 05/18 22:38:16 Job terminated.
	(1) Normal termination (return value 0)
		Usr 0 00:04:22, Sys 0 00:00:03  -  Run Remote Usage
		Usr 0 00:00:00, Sys 0 00:00:00  -  Run Local Usage
		Usr 0 00:04:22, Sys 0 00:00:03  -  Total Remote Usage
		Usr 0 00:00:00, Sys 0 00:00:00  -  Total Local Usage
	381636  -  Run Bytes Sent By Job
	1661912  -  Run Bytes Received By Job
	381636  -  Total Bytes Sent By Job
	1661912  -  Total Bytes Received By Job
	Partitionable Resources :    Usage  Request Allocated
	   Cpus                 :                 1         1
	   Disk (KB)            :    21788     1750   7219680
	   Memory (MB)          :        3        1      3700
...
006 (3525.000.000) 05/18 22:38:55 Image size of job updated: 495148
	113  -  MemoryUsage of job (MB)
	114956  -  ResidentSetSize of job (KB)
...
005 (3525.000.000) 05/18 22:39:27 Job terminated.
	(1) Normal termination (return value 0)
		Usr 0 00:05:12, Sys 0 00:00:03  -  Run Remote Usage
		Usr 0 00:00:00, Sys 0 00:00:00  -  Run Local Usage
		Usr 0 00:05:12, Sys 0 00:00:03  -  Total Remote Usage
		Usr 0 00:00:00, Sys 0 00:00:00  -  Total Local Usage
	381715  -  Run Bytes Sent By Job
	1662538  -  Run Bytes Received By Job
	381715  -  Total Bytes Sent By Job
	1662538  -  Total Bytes Received By Job
	Partitionable Resources :    Usage  Request Allocated
	   Cpus                 :                 1         1
	   Disk (KB)            :   709060     1750   7219680
	   Memory (MB)          :      113        1      3700
...
000 (3528.000.000) 05/18 22:39:41 Job submitted from host: <10.240.0.3:31139?addrs=10.240.0.3-31139>
    DAG Node: clean_up_local_level_4_0
    pool:local
...
001 (3528.000.000) 05/18 22:39:41 Job executing on host: <10.240.0.3:45771?addrs=10.240.0.3-45771>
...
000 (3529.000.000) 05/18 22:39:41 Job submitted from host: <10.240.0.3:31139?addrs=10.240.0.3-31139>
    DAG Node: calculateratio_0_ID0000005
    pool:condorpool
...
001 (3529.000.000) 05/18 22:39:44 Job executing on host: <10.240.0.75:8637?addrs=10.240.0.75-8637>
...
005 (3528.000.000) 05/18 22:39:49 Job terminated.
	(1) Normal termination (return value 0)
		Usr 0 00:00:00, Sys 0 00:00:00  -  Run Remote Usage
		Usr 0 00:00:00, Sys 0 00:00:00  -  Run Local Usage
		Usr 0 00:00:00, Sys 0 00:00:00  -  Total Remote Usage
		Usr 0 00:00:00, Sys 0 00:00:00  -  Total Local Usage
	0  -  Run Bytes Sent By Job
	0  -  Run Bytes Received By Job
	0  -  Total Bytes Sent By Job
	0  -  Total Bytes Received By Job
...
006 (3529.000.000) 05/18 22:39:53 Image size of job updated: 2
	3  -  MemoryUsage of job (MB)
	2780  -  ResidentSetSize of job (KB)
...
006 (3529.000.000) 05/18 22:44:54 Image size of job updated: 1379052
	109  -  MemoryUsage of job (MB)
	111500  -  ResidentSetSize of job (KB)
...
006 (3529.000.000) 05/18 22:49:54 Image size of job updated: 1383156
	155  -  MemoryUsage of job (MB)
	158564  -  ResidentSetSize of job (KB)
...
006 (3529.000.000) 05/18 22:54:56 Image size of job updated: 1387916
	157  -  MemoryUsage of job (MB)
	160076  -  ResidentSetSize of job (KB)
...
006 (3529.000.000) 05/19 00:10:02 Image size of job updated: 1390228
	157  -  MemoryUsage of job (MB)
	160076  -  ResidentSetSize of job (KB)
...
006 (3529.000.000) 05/19 00:25:04 Image size of job updated: 1392420
	157  -  MemoryUsage of job (MB)
	160076  -  ResidentSetSize of job (KB)
...
006 (3529.000.000) 05/19 00:45:06 Image size of job updated: 1395512
	157  -  MemoryUsage of job (MB)
	160076  -  ResidentSetSize of job (KB)
...
005 (3529.000.000) 05/19 01:38:18 Job terminated.
	(1) Normal termination (return value 0)
		Usr 0 01:05:55, Sys 0 00:22:06  -  Run Remote Usage
		Usr 0 00:00:00, Sys 0 00:00:00  -  Run Local Usage
		Usr 0 01:05:55, Sys 0 00:22:06  -  Total Remote Usage
		Usr 0 00:00:00, Sys 0 00:00:00  -  Total Local Usage
	291105  -  Run Bytes Sent By Job
	1665058  -  Run Bytes Received By Job
	291105  -  Total Bytes Sent By Job
	1665058  -  Total Bytes Received By Job
	Partitionable Resources :    Usage  Request Allocated
	   Cpus                 :                 1         1
	   Disk (KB)            :   476713     1750   7219680
	   Memory (MB)          :      157        1      3700
...
000 (3530.000.000) 05/19 01:38:31 Job submitted from host: <10.240.0.3:31139?addrs=10.240.0.3-31139>
    DAG Node: averageratio_0_ID0000006
    pool:condorpool
...
000 (3531.000.000) 05/19 01:38:31 Job submitted from host: <10.240.0.3:31139?addrs=10.240.0.3-31139>
    DAG Node: clean_up_local_level_5_0
    pool:local
...
001 (3530.000.000) 05/19 01:38:34 Job executing on host: <10.240.0.74:6024?addrs=10.240.0.74-6024>
...
001 (3531.000.000) 05/19 01:38:36 Job executing on host: <10.240.0.3:45052?addrs=10.240.0.3-45052>
...
006 (3530.000.000) 05/19 01:38:42 Image size of job updated: 2
	3  -  MemoryUsage of job (MB)
	2892  -  ResidentSetSize of job (KB)
...
005 (3531.000.000) 05/19 01:38:46 Job terminated.
	(1) Normal termination (return value 0)
		Usr 0 00:00:00, Sys 0 00:00:00  -  Run Remote Usage
		Usr 0 00:00:00, Sys 0 00:00:00  -  Run Local Usage
		Usr 0 00:00:00, Sys 0 00:00:00  -  Total Remote Usage
		Usr 0 00:00:00, Sys 0 00:00:00  -  Total Local Usage
	0  -  Run Bytes Sent By Job
	0  -  Run Bytes Received By Job
	0  -  Total Bytes Sent By Job
	0  -  Total Bytes Received By Job
...
006 (3530.000.000) 05/19 01:41:41 Image size of job updated: 356464
	3  -  MemoryUsage of job (MB)
	2892  -  ResidentSetSize of job (KB)
...
005 (3530.000.000) 05/19 01:41:42 Job terminated.
	(1) Normal termination (return value 0)
		Usr 0 00:02:04, Sys 0 00:00:02  -  Run Remote Usage
		Usr 0 00:00:00, Sys 0 00:00:00  -  Run Local Usage
		Usr 0 00:02:04, Sys 0 00:00:02  -  Total Remote Usage
		Usr 0 00:00:00, Sys 0 00:00:00  -  Total Local Usage
	7376  -  Run Bytes Sent By Job
	1662401  -  Run Bytes Received By Job
	7376  -  Total Bytes Sent By Job
	1662401  -  Total Bytes Received By Job
	Partitionable Resources :    Usage  Request Allocated
	   Cpus                 :                 1         1
	   Disk (KB)            :     7007     1750   7219368
	   Memory (MB)          :        3        1      3700
...
000 (3532.000.000) 05/19 01:41:56 Job submitted from host: <10.240.0.3:31139?addrs=10.240.0.3-31139>
    DAG Node: maxminratio_0_ID0000007
    pool:condorpool
...
000 (3533.000.000) 05/19 01:41:56 Job submitted from host: <10.240.0.3:31139?addrs=10.240.0.3-31139>
    DAG Node: clean_up_local_level_6_0
    pool:local
...
001 (3532.000.000) 05/19 01:41:59 Job executing on host: <10.240.0.74:6024?addrs=10.240.0.74-6024>
...
006 (3532.000.000) 05/19 01:42:00 Image size of job updated: 2
	0  -  MemoryUsage of job (MB)
	0  -  ResidentSetSize of job (KB)
...
005 (3532.000.000) 05/19 01:42:01 Job terminated.
	(1) Normal termination (return value 0)
		Usr 0 00:00:00, Sys 0 00:00:00  -  Run Remote Usage
		Usr 0 00:00:00, Sys 0 00:00:00  -  Run Local Usage
		Usr 0 00:00:00, Sys 0 00:00:00  -  Total Remote Usage
		Usr 0 00:00:00, Sys 0 00:00:00  -  Total Local Usage
	6938  -  Run Bytes Sent By Job
	1662193  -  Run Bytes Received By Job
	6938  -  Total Bytes Sent By Job
	1662193  -  Total Bytes Received By Job
	Partitionable Resources :    Usage  Request Allocated
	   Cpus                 :                 1         1
	   Disk (KB)            :     7006     1750   7219368
	   Memory (MB)          :        0        1      3700
...
001 (3533.000.000) 05/19 01:42:02 Job executing on host: <10.240.0.3:9476?addrs=10.240.0.3-9476>
...
005 (3533.000.000) 05/19 01:42:06 Job terminated.
	(1) Normal termination (return value 0)
		Usr 0 00:00:00, Sys 0 00:00:00  -  Run Remote Usage
		Usr 0 00:00:00, Sys 0 00:00:00  -  Run Local Usage
		Usr 0 00:00:00, Sys 0 00:00:00  -  Total Remote Usage
		Usr 0 00:00:00, Sys 0 00:00:00  -  Total Local Usage
	0  -  Run Bytes Sent By Job
	0  -  Run Bytes Received By Job
	0  -  Total Bytes Sent By Job
	0  -  Total Bytes Received By Job
...
000 (3534.000.000) 05/19 01:42:11 Job submitted from host: <10.240.0.3:31139?addrs=10.240.0.3-31139>
    DAG Node: clean_up_local_level_7_0
    pool:local
...
001 (3534.000.000) 05/19 01:42:11 Job executing on host: <10.240.0.3:24906?addrs=10.240.0.3-24906>
...
005 (3534.000.000) 05/19 01:42:16 Job terminated.
	(1) Normal termination (return value 0)
		Usr 0 00:00:00, Sys 0 00:00:00  -  Run Remote Usage
		Usr 0 00:00:00, Sys 0 00:00:00  -  Run Local Usage
		Usr 0 00:00:00, Sys 0 00:00:00  -  Total Remote Usage
		Usr 0 00:00:00, Sys 0 00:00:00  -  Total Local Usage
	0  -  Run Bytes Sent By Job
	0  -  Run Bytes Received By Job
	0  -  Total Bytes Sent By Job
	0  -  Total Bytes Received By Job
...
000 (3535.000.000) 05/19 01:42:31 Job submitted from host: <10.240.0.3:31139?addrs=10.240.0.3-31139>
    DAG Node: cleanup_example_workflow_0_local
    pool:local
...
001 (3535.000.000) 05/19 01:42:31 Job executing on host: <10.240.0.3:9032?addrs=10.240.0.3-9032>
...
005 (3535.000.000) 05/19 01:42:33 Job terminated.
	(1) Normal termination (return value 0)
		Usr 0 00:00:00, Sys 0 00:00:00  -  Run Remote Usage
		Usr 0 00:00:00, Sys 0 00:00:00  -  Run Local Usage
		Usr 0 00:00:00, Sys 0 00:00:00  -  Total Remote Usage
		Usr 0 00:00:00, Sys 0 00:00:00  -  Total Local Usage
	0  -  Run Bytes Sent By Job
	0  -  Run Bytes Received By Job
	0  -  Total Bytes Sent By Job
	0  -  Total Bytes Received By Job
...
