{"name": ".//00/01/create_dir_example_workflow_0_local.out", "timestamp": "2016-11-23T23:31:39.665864", "exitcode": 0, "app_exitcode": 0, "retry": 0, "std_out": "", "std_err": ""}
{"name": ".//00/00/stage_in_remote_local_2_1.out", "timestamp": "2016-11-23T23:31:55.525929", "exitcode": 0, "app_exitcode": 0, "retry": 0, "std_out": "", "std_err": ""}
{"name": ".//00/00/stage_in_local_local_0_0.out", "timestamp": "2016-11-23T23:31:55.646719", "exitcode": 0, "app_exitcode": 0, "retry": 0, "std_out": "", "std_err": ""}
{"name": ".//00/01/stage_in_local_local_6_0.out", "timestamp": "2016-11-23T23:31:55.636795", "exitcode": 0, "app_exitcode": 0, "retry": 0, "std_out": "", "std_err": ""}
{"name": ".//00/00/stage_in_remote_local_1_0.out", "timestamp": "2016-11-23T23:32:01.431638", "exitcode": 0, "app_exitcode": 0, "retry": 0, "std_out": "", "std_err": ""}
{"name": ".//00/00/stage_in_local_local_2_1.out", "timestamp": "2016-11-23T23:32:01.531134", "exitcode": 0, "app_exitcode": 0, "retry": 0, "std_out": "", "std_err": ""}
{"name": ".//00/01/stage_in_remote_local_5_0.out", "timestamp": "2016-11-23T23:32:01.942199", "exitcode": 0, "app_exitcode": 0, "retry": 0, "std_out": "", "std_err": ""}
{"name": ".//00/01/stage_in_remote_local_5_1.out", "timestamp": "2016-11-23T23:32:02.194479", "exitcode": 0, "app_exitcode": 0, "retry": 0, "std_out": "", "std_err": ""}
{"name": ".//00/01/stage_in_local_local_7_0.out", "timestamp": "2016-11-23T23:32:06.345163", "exitcode": 0, "app_exitcode": 0, "retry": 0, "std_out": "", "std_err": ""}
{"name": ".//00/00/stage_in_local_local_3_1.out", "timestamp": "2016-11-23T23:32:07.059168", "exitcode": 0, "app_exitcode": 0, "retry": 0, "std_out": "", "std_err": ""}
{"name": ".//00/00/stage_in_local_local_5_0.out", "timestamp": "2016-11-23T23:32:07.076180", "exitcode": 0, "app_exitcode": 0, "retry": 0, "std_out": "", "std_err": ""}
{"name": ".//00/00/stage_in_local_local_2_0.out", "timestamp": "2016-11-23T23:32:07.093695", "exitcode": 0, "app_exitcode": 0, "retry": 0, "std_out": "", "std_err": ""}
{"name": ".//00/00/stage_in_local_local_5_1.out", "timestamp": "2016-11-23T23:32:11.403312", "exitcode": 0, "app_exitcode": 0, "retry": 0, "std_out": "", "std_err": ""}
{"name": ".//00/00/stage_in_local_local_4_1.out", "timestamp": "2016-11-23T23:32:11.472264", "exitcode": 0, "app_exitcode": 0, "retry": 0, "std_out": "", "std_err": ""}
{"name": ".//00/00/stage_in_local_local_3_0.out", "timestamp": "2016-11-23T23:32:11.511291", "exitcode": 0, "app_exitcode": 0, "retry": 0, "std_out": "", "std_err": ""}
{"name": ".//00/00/stage_in_remote_local_4_0.out", "timestamp": "2016-11-23T23:32:11.666039", "exitcode": 0, "app_exitcode": 0, "retry": 0, "std_out": "", "std_err": ""}
{"name": ".//00/00/stage_in_local_local_4_0.out", "timestamp": "2016-11-23T23:32:11.735491", "exitcode": 0, "app_exitcode": 0, "retry": 0, "std_out": "", "std_err": ""}
{"name": ".//00/00/stage_in_local_local_1_0.out", "timestamp": "2016-11-23T23:32:11.748491", "exitcode": 0, "app_exitcode": 0, "retry": 0, "std_out": "", "std_err": ""}
{"name": ".//00/00/stage_in_remote_local_4_1.out", "timestamp": "2016-11-23T23:32:11.716264", "exitcode": 0, "app_exitcode": 0, "retry": 0, "std_out": "", "std_err": ""}
{"name": ".//00/00/stage_in_remote_local_2_0.out", "timestamp": "2016-11-23T23:32:16.212432", "exitcode": 0, "app_exitcode": 0, "retry": 0, "std_out": "", "std_err": ""}
{"name": ".//00/00/stage_in_remote_local_3_1.out", "timestamp": "2016-11-23T23:32:16.200425", "exitcode": 0, "app_exitcode": 0, "retry": 0, "std_out": "", "std_err": ""}
{"name": ".//00/00/stage_in_remote_local_3_0.out", "timestamp": "2016-11-23T23:32:16.318915", "exitcode": 0, "app_exitcode": 0, "retry": 0, "std_out": "", "std_err": ""}
{"name": ".//00/01/stage_in_remote_local_6_0.out", "timestamp": "2016-11-23T23:32:16.335649", "exitcode": 0, "app_exitcode": 0, "retry": 0, "std_out": "", "std_err": ""}
{"name": ".//00/00/init_0_ID0000001.out", "timestamp": "2016-11-23T23:32:35.495886", "exitcode": 1, "app_exitcode": null, "retry": 0, "std_out": "", "std_err": "Success message missing from output\n"}
{"name": ".//00/00/init_0_ID0000001.out", "timestamp": "2016-11-23T23:32:50.744359", "exitcode": 0, "app_exitcode": 0, "retry": 1, "std_out": "", "std_err": ""}
{"name": ".//00/01/clean_up_local_level_3_0.out", "timestamp": "2016-11-23T23:33:06.168928", "exitcode": 0, "app_exitcode": 0, "retry": 0, "std_out": "", "std_err": ""}
{"name": ".//00/00/generalinfo_0_ID0000002.out", "timestamp": "2016-11-24T00:36:50.477717", "exitcode": 0, "app_exitcode": 0, "retry": 0, "std_out": "", "std_err": ""}
{"name": ".//00/01/clean_up_local_level_4_0.out", "timestamp": "2016-11-24T00:37:06.034804", "exitcode": 0, "app_exitcode": 0, "retry": 0, "std_out": "", "std_err": ""}
{"name": ".//00/00/statscpumemory_0_ID0000003.out", "timestamp": "2016-11-24T02:48:03.222880", "exitcode": 0, "app_exitcode": 0, "retry": 0, "std_out": "", "std_err": ""}
{"name": ".//00/00/medianmemory_0_ID0000005.out", "timestamp": "2016-11-24T02:51:18.568618", "exitcode": 0, "app_exitcode": 0, "retry": 0, "std_out": "", "std_err": ""}
{"name": ".//00/01/clean_up_local_level_5_0.out", "timestamp": "2016-11-24T02:51:38.927028", "exitcode": 0, "app_exitcode": 0, "retry": 0, "std_out": "", "std_err": ""}
{"name": ".//00/00/mediancpu_0_ID0000004.out", "timestamp": "2016-11-24T02:52:14.100159", "exitcode": 0, "app_exitcode": 0, "retry": 0, "std_out": "", "std_err": ""}
{"name": ".//00/00/taskevent_6_ID0000012.out", "timestamp": "2016-11-24T02:52:29.150349", "exitcode": 0, "app_exitcode": 0, "retry": 0, "std_out": "", "std_err": ""}
{"name": ".//00/01/clean_up_local_level_5_1.out", "timestamp": "2016-11-24T02:52:39.305572", "exitcode": 0, "app_exitcode": 0, "retry": 0, "std_out": "", "std_err": ""}
{"name": ".//00/00/taskevent_7_ID0000013.out", "timestamp": "2016-11-24T02:53:14.498077", "exitcode": 0, "app_exitcode": 0, "retry": 0, "std_out": "", "std_err": ""}
{"name": ".//00/00/taskevent_8_ID0000014.out", "timestamp": "2016-11-24T03:08:00.545346", "exitcode": 0, "app_exitcode": 0, "retry": 0, "std_out": "", "std_err": ""}
{"name": ".//00/00/taskevent_2_ID0000008.out", "timestamp": "2016-11-24T03:12:20.954297", "exitcode": 0, "app_exitcode": 0, "retry": 0, "std_out": "", "std_err": ""}
{"name": ".//00/00/taskevent_5_ID0000011.out", "timestamp": "2016-11-24T03:17:36.429520", "exitcode": 0, "app_exitcode": 0, "retry": 0, "std_out": "", "std_err": ""}
{"name": ".//00/00/taskevent_3_ID0000009.out", "timestamp": "2016-11-24T03:21:01.779715", "exitcode": 0, "app_exitcode": 0, "retry": 0, "std_out": "", "std_err": ""}
{"name": ".//00/00/taskevent_4_ID0000010.out", "timestamp": "2016-11-24T03:24:47.151690", "exitcode": 0, "app_exitcode": 0, "retry": 0, "std_out": "", "std_err": ""}
{"name": ".//00/01/clean_up_local_level_6_1.out", "timestamp": "2016-11-24T03:25:17.425060", "exitcode": 0, "app_exitcode": 0, "retry": 0, "std_out": "", "std_err": ""}
{"name": ".//00/00/taskevent_1_ID0000007.out", "timestamp": "2016-11-24T03:55:19.458078", "exitcode": 0, "app_exitcode": 0, "retry": 0, "std_out": "", "std_err": ""}
{"name": ".//00/00/taskevent_0_ID0000006.out", "timestamp": "2016-11-24T03:55:19.522066", "exitcode": 0, "app_exitcode": 0, "retry": 0, "std_out": "", "std_err": ""}
{"name": ".//00/00/calculateratio_1_ID0000016.out", "timestamp": "2016-11-24T03:55:46.083148", "exitcode": 0, "app_exitcode": 0, "retry": 0, "std_out": "", "std_err": ""}
{"name": ".//00/00/calculateratio_8_ID0000023.out", "timestamp": "2016-11-24T03:55:46.300667", "exitcode": 0, "app_exitcode": 0, "retry": 0, "std_out": "", "std_err": ""}
{"name": ".//00/00/calculateratio_5_ID0000020.out", "timestamp": "2016-11-24T03:55:46.401168", "exitcode": 0, "app_exitcode": 0, "retry": 0, "std_out": "", "std_err": ""}
{"name": ".//00/00/calculateratio_0_ID0000015.out", "timestamp": "2016-11-24T03:55:46.553103", "exitcode": 0, "app_exitcode": 0, "retry": 0, "std_out": "", "std_err": ""}
{"name": ".//00/01/clean_up_local_level_6_0.out", "timestamp": "2016-11-24T03:55:46.510512", "exitcode": 0, "app_exitcode": 0, "retry": 0, "std_out": "", "std_err": ""}
{"name": ".//00/00/calculateratio_2_ID0000017.out", "timestamp": "2016-11-24T03:55:46.632054", "exitcode": 0, "app_exitcode": 0, "retry": 0, "std_out": "", "std_err": ""}
{"name": ".//00/00/calculateratio_4_ID0000019.out", "timestamp": "2016-11-24T03:55:46.636459", "exitcode": 0, "app_exitcode": 0, "retry": 0, "std_out": "", "std_err": ""}
{"name": ".//00/00/calculateratio_3_ID0000018.out", "timestamp": "2016-11-24T03:55:46.673471", "exitcode": 0, "app_exitcode": 0, "retry": 0, "std_out": "", "std_err": ""}
{"name": ".//00/00/calculateratio_7_ID0000022.out", "timestamp": "2016-11-24T03:55:46.711510", "exitcode": 0, "app_exitcode": 0, "retry": 0, "std_out": "", "std_err": ""}
{"name": ".//00/00/calculateratio_6_ID0000021.out", "timestamp": "2016-11-24T03:55:46.696874", "exitcode": 0, "app_exitcode": 0, "retry": 0, "std_out": "", "std_err": ""}
{"name": ".//00/00/averageratioevent_3_ID0000027.out", "timestamp": "2016-11-24T03:56:01.825207", "exitcode": 0, "app_exitcode": 0, "retry": 0, "std_out": "", "std_err": ""}
{"name": ".//00/00/averageratioevent_1_ID0000025.out", "timestamp": "2016-11-24T03:56:01.888813", "exitcode": 0, "app_exitcode": 0, "retry": 0, "std_out": "", "std_err": ""}
{"name": ".//00/00/averageratioevent_0_ID0000024.out", "timestamp": "2016-11-24T03:56:01.917241", "exitcode": 0, "app_exitcode": 0, "retry": 0, "std_out": "", "std_err": ""}
{"name": ".//00/00/averageratioevent_2_ID0000026.out", "timestamp": "2016-11-24T03:56:07.052489", "exitcode": 0, "app_exitcode": 0, "retry": 0, "std_out": "", "std_err": ""}
{"name": ".//00/01/clean_up_local_level_7_0.out", "timestamp": "2016-11-24T03:56:16.506520", "exitcode": 0, "app_exitcode": 0, "retry": 0, "std_out": "", "std_err": ""}
{"name": ".//00/01/clean_up_local_level_7_1.out", "timestamp": "2016-11-24T03:56:16.565438", "exitcode": 0, "app_exitcode": 0, "retry": 0, "std_out": "", "std_err": ""}
{"name": ".//00/01/clean_up_local_level_8_0.out", "timestamp": "2016-11-24T03:56:21.793919", "exitcode": 0, "app_exitcode": 0, "retry": 0, "std_out": "", "std_err": ""}
{"name": ".//00/00/analysisevent_0_ID0000028.out", "timestamp": "2016-11-24T03:56:21.831643", "exitcode": 0, "app_exitcode": 0, "retry": 0, "std_out": "", "std_err": ""}
{"name": ".//00/01/clean_up_local_level_8_1.out", "timestamp": "2016-11-24T03:56:32.115095", "exitcode": 0, "app_exitcode": 0, "retry": 0, "std_out": "", "std_err": ""}
{"name": ".//00/01/terminate_0_ID0000029.out", "timestamp": "2016-11-24T03:56:36.259274", "exitcode": 1, "app_exitcode": null, "retry": 0, "std_out": "", "std_err": "Success message missing from output\n"}
{"name": ".//00/01/clean_up_local_level_9_0.out", "timestamp": "2016-11-24T03:56:46.504718", "exitcode": 0, "app_exitcode": 0, "retry": 0, "std_out": "", "std_err": ""}
{"name": ".//00/01/terminate_0_ID0000029.out", "timestamp": "2016-11-24T03:56:51.655759", "exitcode": 1, "app_exitcode": null, "retry": 1, "std_out": "", "std_err": "Success message missing from output\n"}
