2017-01-23 21:33:18,826:INFO:pegasus-monitord(68): pegasus-monitord starting - pid 124389 
2017-01-23 21:33:18,844:INFO:pegasus-monitord(319): Final Command line options are: ['-N', 'example_workflow-0.dag.dagman.out']
Created Pegasus database in: sqlite:////home/ubuntu/wikiflow/ok/9_2_wikiflow_1sh_1s_noannot_wmj/dags/ubuntu/pegasus/example_workflow/20170123T213313+0000/example_workflow-0.stampede.db
2017-01-23 21:33:19,261:INFO:Pegasus.monitoring.event_output(315): output type=DB namespace=stampede. name=sqlite:////home/ubuntu/wikiflow/ok/9_2_wikiflow_1sh_1s_noannot_wmj/dags/ubuntu/pegasus/example_workflow/20170123T213313+0000/example_workflow-0.stampede.db
2017-01-23 21:33:19,315:INFO:Pegasus.monitoring.event_output(315): output type=DB namespace=dashboard. name=sqlite:////home/ubuntu/.pegasus/workflow.db
2017-01-23 21:33:19,315:INFO:pegasus-monitord(1010): monitord started in fast start mode
2017-01-23 21:33:19,331:INFO:Pegasus.monitoring.workflow(360): cannot open state file /home/ubuntu/wikiflow/ok/9_2_wikiflow_1sh_1s_noannot_wmj/dags/ubuntu/pegasus/example_workflow/20170123T213313+0000/monitord.info, continuing without state...
2017-01-23 21:33:19,332:INFO:Pegasus.monitoring.workflow(937): creating new file /home/ubuntu/wikiflow/ok/9_2_wikiflow_1sh_1s_noannot_wmj/dags/ubuntu/pegasus/example_workflow/20170123T213313+0000/jobstate.log
2017-01-23 21:33:19,332:INFO:Pegasus.monitoring.workflow(945): Appending to exisitng jobstate.log replay_mode 0 previous_processed_line 0
2017-01-23 21:33:19,332:INFO:Pegasus.monitoring.notifications(394): loading notifications from /home/ubuntu/wikiflow/ok/9_2_wikiflow_1sh_1s_noannot_wmj/dags/ubuntu/pegasus/example_workflow/20170123T213313+0000/example_workflow-0.notify
2017-01-23 21:33:19,517:INFO:pegasus-monitord(773): Using DAGMan version 8.4.8 80408
2017-01-23 21:33:19,517:INFO:pegasus-monitord(753): DAGMan runs at pid 124388
2017-01-23 21:33:19,520:INFO:pegasus-monitord(759): using dag example_workflow-0.dag
2017-01-23 21:33:19,520:INFO:Pegasus.monitoring.workflow(675): DAGMan starting with condor id 10620.0
2017-01-24 01:09:27,424:INFO:pegasus-monitord(733): DAGMan example_workflow-0.dag finished with exit code 0
2017-01-24 01:09:28,438:INFO:pegasus-monitord(1169): workflow /home/ubuntu/wikiflow/ok/9_2_wikiflow_1sh_1s_noannot_wmj/dags/ubuntu/pegasus/example_workflow/20170123T213313+0000/example_workflow-0.dag.dagman.out ended
2017-01-24 01:09:28,438:INFO:Pegasus.monitoring.workflow(1111): recovery file deleted: /home/ubuntu/wikiflow/ok/9_2_wikiflow_1sh_1s_noannot_wmj/dags/ubuntu/pegasus/example_workflow/20170123T213313+0000/monitord.recover
2017-01-24 01:09:28,438:INFO:pegasus-monitord(1343): finishing workflow: /home/ubuntu/wikiflow/ok/9_2_wikiflow_1sh_1s_noannot_wmj/dags/ubuntu/pegasus/example_workflow/20170123T213313+0000/example_workflow-0.dag.dagman.out
2017-01-24 01:09:28,438:INFO:pegasus-monitord(1395): finishing notifications...
2017-01-24 01:09:28,439:INFO:pegasus-monitord(1400): monitord process 124389 exiting with 0
2017-01-24 01:09:28,439:INFO:pegasus-monitord(182): DB flushing beginning
2017-01-24 01:09:28,439:INFO:Pegasus.db.workflow_loader.WorkflowLoader(1052): Executing final flush
2017-01-24 01:09:28,484:INFO:Pegasus.db.dashboard_loader.DashboardLoader(343): Executing final flush
2017-01-24 01:09:28,485:INFO:pegasus-monitord(196): DB flushing ended
