000 (8600.000.000) 11/18 12:39:58 Job submitted from host: <54.183.141.51:26685?addrs=54.183.141.51-26685>
    DAG Node: create_dir_example_workflow_0_local
    pool:local
...
001 (8600.000.000) 11/18 12:39:59 Job executing on host: <54.183.141.51:50459?addrs=54.183.141.51-50459>
...
005 (8600.000.000) 11/18 12:40:02 Job terminated.
	(1) Normal termination (return value 0)
		Usr 0 00:00:00, Sys 0 00:00:00  -  Run Remote Usage
		Usr 0 00:00:00, Sys 0 00:00:00  -  Run Local Usage
		Usr 0 00:00:00, Sys 0 00:00:00  -  Total Remote Usage
		Usr 0 00:00:00, Sys 0 00:00:00  -  Total Local Usage
	0  -  Run Bytes Sent By Job
	0  -  Run Bytes Received By Job
	0  -  Total Bytes Sent By Job
	0  -  Total Bytes Received By Job
...
016 (8600.000.000) 11/18 12:40:03 POST Script terminated.
	(1) Normal termination (return value 0)
    DAG Node: create_dir_example_workflow_0_local
...
000 (8601.000.000) 11/18 12:40:13 Job submitted from host: <54.183.141.51:26685?addrs=54.183.141.51-26685>
    DAG Node: stage_in_local_local_0_0
    pool:local
...
000 (8602.000.000) 11/18 12:40:13 Job submitted from host: <54.183.141.51:26685?addrs=54.183.141.51-26685>
    DAG Node: stage_in_local_local_6_0
    pool:local
...
001 (8601.000.000) 11/18 12:40:13 Job executing on host: <54.183.141.51:19596?addrs=54.183.141.51-19596>
...
000 (8603.000.000) 11/18 12:40:13 Job submitted from host: <54.183.141.51:26685?addrs=54.183.141.51-26685>
    DAG Node: stage_in_remote_local_2_1
    pool:local
...
000 (8604.000.000) 11/18 12:40:13 Job submitted from host: <54.183.141.51:26685?addrs=54.183.141.51-26685>
    DAG Node: stage_in_remote_local_5_1
    pool:local
...
000 (8605.000.000) 11/18 12:40:13 Job submitted from host: <54.183.141.51:26685?addrs=54.183.141.51-26685>
    DAG Node: stage_in_remote_local_5_0
    pool:local
...
005 (8601.000.000) 11/18 12:40:15 Job terminated.
	(1) Normal termination (return value 0)
		Usr 0 00:00:00, Sys 0 00:00:00  -  Run Remote Usage
		Usr 0 00:00:00, Sys 0 00:00:00  -  Run Local Usage
		Usr 0 00:00:00, Sys 0 00:00:00  -  Total Remote Usage
		Usr 0 00:00:00, Sys 0 00:00:00  -  Total Local Usage
	0  -  Run Bytes Sent By Job
	0  -  Run Bytes Received By Job
	0  -  Total Bytes Sent By Job
	0  -  Total Bytes Received By Job
...
001 (8602.000.000) 11/18 12:40:15 Job executing on host: <54.183.141.51:30131?addrs=54.183.141.51-30131>
...
001 (8605.000.000) 11/18 12:40:15 Job executing on host: <54.183.141.51:63430?addrs=54.183.141.51-63430>
...
001 (8604.000.000) 11/18 12:40:15 Job executing on host: <54.183.141.51:34915?addrs=54.183.141.51-34915>
...
001 (8603.000.000) 11/18 12:40:15 Job executing on host: <54.183.141.51:62759?addrs=54.183.141.51-62759>
...
005 (8602.000.000) 11/18 12:40:18 Job terminated.
	(1) Normal termination (return value 0)
		Usr 0 00:00:00, Sys 0 00:00:00  -  Run Remote Usage
		Usr 0 00:00:00, Sys 0 00:00:00  -  Run Local Usage
		Usr 0 00:00:00, Sys 0 00:00:00  -  Total Remote Usage
		Usr 0 00:00:00, Sys 0 00:00:00  -  Total Local Usage
	0  -  Run Bytes Sent By Job
	0  -  Run Bytes Received By Job
	0  -  Total Bytes Sent By Job
	0  -  Total Bytes Received By Job
...
005 (8603.000.000) 11/18 12:40:18 Job terminated.
	(1) Normal termination (return value 0)
		Usr 0 00:00:00, Sys 0 00:00:00  -  Run Remote Usage
		Usr 0 00:00:00, Sys 0 00:00:00  -  Run Local Usage
		Usr 0 00:00:00, Sys 0 00:00:00  -  Total Remote Usage
		Usr 0 00:00:00, Sys 0 00:00:00  -  Total Local Usage
	0  -  Run Bytes Sent By Job
	0  -  Run Bytes Received By Job
	0  -  Total Bytes Sent By Job
	0  -  Total Bytes Received By Job
...
005 (8604.000.000) 11/18 12:40:18 Job terminated.
	(1) Normal termination (return value 0)
		Usr 0 00:00:00, Sys 0 00:00:00  -  Run Remote Usage
		Usr 0 00:00:00, Sys 0 00:00:00  -  Run Local Usage
		Usr 0 00:00:00, Sys 0 00:00:00  -  Total Remote Usage
		Usr 0 00:00:00, Sys 0 00:00:00  -  Total Local Usage
	0  -  Run Bytes Sent By Job
	0  -  Run Bytes Received By Job
	0  -  Total Bytes Sent By Job
	0  -  Total Bytes Received By Job
...
000 (8606.000.000) 11/18 12:40:18 Job submitted from host: <54.183.141.51:26685?addrs=54.183.141.51-26685>
    DAG Node: stage_in_local_local_2_0
    pool:local
...
001 (8606.000.000) 11/18 12:40:18 Job executing on host: <54.183.141.51:13795?addrs=54.183.141.51-13795>
...
000 (8607.000.000) 11/18 12:40:18 Job submitted from host: <54.183.141.51:26685?addrs=54.183.141.51-26685>
    DAG Node: stage_in_local_local_2_1
    pool:local
...
001 (8607.000.000) 11/18 12:40:18 Job executing on host: <54.183.141.51:24977?addrs=54.183.141.51-24977>
...
000 (8608.000.000) 11/18 12:40:18 Job submitted from host: <54.183.141.51:26685?addrs=54.183.141.51-26685>
    DAG Node: stage_in_local_local_3_1
    pool:local
...
001 (8608.000.000) 11/18 12:40:18 Job executing on host: <54.183.141.51:65177?addrs=54.183.141.51-65177>
...
000 (8609.000.000) 11/18 12:40:18 Job submitted from host: <54.183.141.51:26685?addrs=54.183.141.51-26685>
    DAG Node: stage_in_remote_local_1_0
    pool:local
...
000 (8610.000.000) 11/18 12:40:19 Job submitted from host: <54.183.141.51:26685?addrs=54.183.141.51-26685>
    DAG Node: stage_in_local_local_3_0
    pool:local
...
016 (8603.000.000) 11/18 12:40:19 POST Script terminated.
	(1) Normal termination (return value 0)
    DAG Node: stage_in_remote_local_2_1
...
016 (8604.000.000) 11/18 12:40:19 POST Script terminated.
	(1) Normal termination (return value 0)
    DAG Node: stage_in_remote_local_5_1
...
016 (8601.000.000) 11/18 12:40:19 POST Script terminated.
	(1) Normal termination (return value 0)
    DAG Node: stage_in_local_local_0_0
...
016 (8602.000.000) 11/18 12:40:19 POST Script terminated.
	(1) Normal termination (return value 0)
    DAG Node: stage_in_local_local_6_0
...
005 (8605.000.000) 11/18 12:40:20 Job terminated.
	(1) Normal termination (return value 0)
		Usr 0 00:00:00, Sys 0 00:00:00  -  Run Remote Usage
		Usr 0 00:00:00, Sys 0 00:00:00  -  Run Local Usage
		Usr 0 00:00:00, Sys 0 00:00:00  -  Total Remote Usage
		Usr 0 00:00:00, Sys 0 00:00:00  -  Total Local Usage
	0  -  Run Bytes Sent By Job
	0  -  Run Bytes Received By Job
	0  -  Total Bytes Sent By Job
	0  -  Total Bytes Received By Job
...
001 (8610.000.000) 11/18 12:40:20 Job executing on host: <54.183.141.51:55099?addrs=54.183.141.51-55099>
...
001 (8609.000.000) 11/18 12:40:20 Job executing on host: <54.183.141.51:19280?addrs=54.183.141.51-19280>
...
005 (8607.000.000) 11/18 12:40:21 Job terminated.
	(1) Normal termination (return value 0)
		Usr 0 00:00:00, Sys 0 00:00:00  -  Run Remote Usage
		Usr 0 00:00:00, Sys 0 00:00:00  -  Run Local Usage
		Usr 0 00:00:00, Sys 0 00:00:00  -  Total Remote Usage
		Usr 0 00:00:00, Sys 0 00:00:00  -  Total Local Usage
	0  -  Run Bytes Sent By Job
	0  -  Run Bytes Received By Job
	0  -  Total Bytes Sent By Job
	0  -  Total Bytes Received By Job
...
005 (8608.000.000) 11/18 12:40:21 Job terminated.
	(1) Normal termination (return value 0)
		Usr 0 00:00:00, Sys 0 00:00:00  -  Run Remote Usage
		Usr 0 00:00:00, Sys 0 00:00:00  -  Run Local Usage
		Usr 0 00:00:00, Sys 0 00:00:00  -  Total Remote Usage
		Usr 0 00:00:00, Sys 0 00:00:00  -  Total Local Usage
	0  -  Run Bytes Sent By Job
	0  -  Run Bytes Received By Job
	0  -  Total Bytes Sent By Job
	0  -  Total Bytes Received By Job
...
005 (8609.000.000) 11/18 12:40:22 Job terminated.
	(1) Normal termination (return value 0)
		Usr 0 00:00:00, Sys 0 00:00:00  -  Run Remote Usage
		Usr 0 00:00:00, Sys 0 00:00:00  -  Run Local Usage
		Usr 0 00:00:00, Sys 0 00:00:00  -  Total Remote Usage
		Usr 0 00:00:00, Sys 0 00:00:00  -  Total Local Usage
	0  -  Run Bytes Sent By Job
	0  -  Run Bytes Received By Job
	0  -  Total Bytes Sent By Job
	0  -  Total Bytes Received By Job
...
005 (8606.000.000) 11/18 12:40:22 Job terminated.
	(1) Normal termination (return value 0)
		Usr 0 00:00:00, Sys 0 00:00:00  -  Run Remote Usage
		Usr 0 00:00:00, Sys 0 00:00:00  -  Run Local Usage
		Usr 0 00:00:00, Sys 0 00:00:00  -  Total Remote Usage
		Usr 0 00:00:00, Sys 0 00:00:00  -  Total Local Usage
	0  -  Run Bytes Sent By Job
	0  -  Run Bytes Received By Job
	0  -  Total Bytes Sent By Job
	0  -  Total Bytes Received By Job
...
005 (8610.000.000) 11/18 12:40:24 Job terminated.
	(1) Normal termination (return value 0)
		Usr 0 00:00:00, Sys 0 00:00:00  -  Run Remote Usage
		Usr 0 00:00:00, Sys 0 00:00:00  -  Run Local Usage
		Usr 0 00:00:00, Sys 0 00:00:00  -  Total Remote Usage
		Usr 0 00:00:00, Sys 0 00:00:00  -  Total Local Usage
	0  -  Run Bytes Sent By Job
	0  -  Run Bytes Received By Job
	0  -  Total Bytes Sent By Job
	0  -  Total Bytes Received By Job
...
000 (8611.000.000) 11/18 12:40:24 Job submitted from host: <54.183.141.51:26685?addrs=54.183.141.51-26685>
    DAG Node: stage_in_local_local_5_0
    pool:local
...
000 (8612.000.000) 11/18 12:40:24 Job submitted from host: <54.183.141.51:26685?addrs=54.183.141.51-26685>
    DAG Node: stage_in_local_local_5_1
    pool:local
...
001 (8611.000.000) 11/18 12:40:24 Job executing on host: <54.183.141.51:16050?addrs=54.183.141.51-16050>
...
000 (8613.000.000) 11/18 12:40:24 Job submitted from host: <54.183.141.51:26685?addrs=54.183.141.51-26685>
    DAG Node: stage_in_local_local_4_0
    pool:local
...
000 (8614.000.000) 11/18 12:40:24 Job submitted from host: <54.183.141.51:26685?addrs=54.183.141.51-26685>
    DAG Node: stage_in_local_local_1_0
    pool:local
...
000 (8615.000.000) 11/18 12:40:25 Job submitted from host: <54.183.141.51:26685?addrs=54.183.141.51-26685>
    DAG Node: stage_in_local_local_7_0
    pool:local
...
016 (8610.000.000) 11/18 12:40:25 POST Script terminated.
	(1) Normal termination (return value 0)
    DAG Node: stage_in_local_local_3_0
...
016 (8606.000.000) 11/18 12:40:25 POST Script terminated.
	(1) Normal termination (return value 0)
    DAG Node: stage_in_local_local_2_0
...
016 (8605.000.000) 11/18 12:40:25 POST Script terminated.
	(1) Normal termination (return value 0)
    DAG Node: stage_in_remote_local_5_0
...
016 (8608.000.000) 11/18 12:40:25 POST Script terminated.
	(1) Normal termination (return value 0)
    DAG Node: stage_in_local_local_3_1
...
016 (8607.000.000) 11/18 12:40:25 POST Script terminated.
	(1) Normal termination (return value 0)
    DAG Node: stage_in_local_local_2_1
...
016 (8609.000.000) 11/18 12:40:25 POST Script terminated.
	(1) Normal termination (return value 0)
    DAG Node: stage_in_remote_local_1_0
...
005 (8611.000.000) 11/18 12:40:29 Job terminated.
	(1) Normal termination (return value 0)
		Usr 0 00:00:00, Sys 0 00:00:00  -  Run Remote Usage
		Usr 0 00:00:00, Sys 0 00:00:00  -  Run Local Usage
		Usr 0 00:00:00, Sys 0 00:00:00  -  Total Remote Usage
		Usr 0 00:00:00, Sys 0 00:00:00  -  Total Local Usage
	0  -  Run Bytes Sent By Job
	0  -  Run Bytes Received By Job
	0  -  Total Bytes Sent By Job
	0  -  Total Bytes Received By Job
...
001 (8614.000.000) 11/18 12:40:29 Job executing on host: <54.183.141.51:63040?addrs=54.183.141.51-63040>
...
001 (8613.000.000) 11/18 12:40:29 Job executing on host: <54.183.141.51:55211?addrs=54.183.141.51-55211>
...
001 (8612.000.000) 11/18 12:40:29 Job executing on host: <54.183.141.51:28095?addrs=54.183.141.51-28095>
...
001 (8615.000.000) 11/18 12:40:29 Job executing on host: <54.183.141.51:15557?addrs=54.183.141.51-15557>
...
000 (8616.000.000) 11/18 12:40:31 Job submitted from host: <54.183.141.51:26685?addrs=54.183.141.51-26685>
    DAG Node: stage_in_local_local_4_1
    pool:local
...
001 (8616.000.000) 11/18 12:40:31 Job executing on host: <54.183.141.51:59472?addrs=54.183.141.51-59472>
...
000 (8617.000.000) 11/18 12:40:31 Job submitted from host: <54.183.141.51:26685?addrs=54.183.141.51-26685>
    DAG Node: stage_in_remote_local_4_1
    pool:local
...
000 (8618.000.000) 11/18 12:40:31 Job submitted from host: <54.183.141.51:26685?addrs=54.183.141.51-26685>
    DAG Node: stage_in_remote_local_4_0
    pool:local
...
000 (8619.000.000) 11/18 12:40:31 Job submitted from host: <54.183.141.51:26685?addrs=54.183.141.51-26685>
    DAG Node: stage_in_remote_local_2_0
    pool:local
...
000 (8620.000.000) 11/18 12:40:31 Job submitted from host: <54.183.141.51:26685?addrs=54.183.141.51-26685>
    DAG Node: stage_in_remote_local_3_1
    pool:local
...
016 (8611.000.000) 11/18 12:40:31 POST Script terminated.
	(1) Normal termination (return value 0)
    DAG Node: stage_in_local_local_5_0
...
005 (8614.000.000) 11/18 12:40:31 Job terminated.
	(1) Normal termination (return value 0)
		Usr 0 00:00:00, Sys 0 00:00:00  -  Run Remote Usage
		Usr 0 00:00:00, Sys 0 00:00:00  -  Run Local Usage
		Usr 0 00:00:00, Sys 0 00:00:00  -  Total Remote Usage
		Usr 0 00:00:00, Sys 0 00:00:00  -  Total Local Usage
	0  -  Run Bytes Sent By Job
	0  -  Run Bytes Received By Job
	0  -  Total Bytes Sent By Job
	0  -  Total Bytes Received By Job
...
001 (8618.000.000) 11/18 12:40:31 Job executing on host: <54.183.141.51:63463?addrs=54.183.141.51-63463>
...
001 (8617.000.000) 11/18 12:40:31 Job executing on host: <54.183.141.51:52329?addrs=54.183.141.51-52329>
...
001 (8620.000.000) 11/18 12:40:31 Job executing on host: <54.183.141.51:18806?addrs=54.183.141.51-18806>
...
001 (8619.000.000) 11/18 12:40:31 Job executing on host: <54.183.141.51:57541?addrs=54.183.141.51-57541>
...
005 (8612.000.000) 11/18 12:40:31 Job terminated.
	(1) Normal termination (return value 0)
		Usr 0 00:00:00, Sys 0 00:00:00  -  Run Remote Usage
		Usr 0 00:00:00, Sys 0 00:00:00  -  Run Local Usage
		Usr 0 00:00:00, Sys 0 00:00:00  -  Total Remote Usage
		Usr 0 00:00:00, Sys 0 00:00:00  -  Total Local Usage
	0  -  Run Bytes Sent By Job
	0  -  Run Bytes Received By Job
	0  -  Total Bytes Sent By Job
	0  -  Total Bytes Received By Job
...
005 (8615.000.000) 11/18 12:40:32 Job terminated.
	(1) Normal termination (return value 0)
		Usr 0 00:00:00, Sys 0 00:00:00  -  Run Remote Usage
		Usr 0 00:00:00, Sys 0 00:00:00  -  Run Local Usage
		Usr 0 00:00:00, Sys 0 00:00:00  -  Total Remote Usage
		Usr 0 00:00:00, Sys 0 00:00:00  -  Total Local Usage
	0  -  Run Bytes Sent By Job
	0  -  Run Bytes Received By Job
	0  -  Total Bytes Sent By Job
	0  -  Total Bytes Received By Job
...
005 (8616.000.000) 11/18 12:40:33 Job terminated.
	(1) Normal termination (return value 0)
		Usr 0 00:00:00, Sys 0 00:00:00  -  Run Remote Usage
		Usr 0 00:00:00, Sys 0 00:00:00  -  Run Local Usage
		Usr 0 00:00:00, Sys 0 00:00:00  -  Total Remote Usage
		Usr 0 00:00:00, Sys 0 00:00:00  -  Total Local Usage
	0  -  Run Bytes Sent By Job
	0  -  Run Bytes Received By Job
	0  -  Total Bytes Sent By Job
	0  -  Total Bytes Received By Job
...
005 (8613.000.000) 11/18 12:40:33 Job terminated.
	(1) Normal termination (return value 0)
		Usr 0 00:00:00, Sys 0 00:00:00  -  Run Remote Usage
		Usr 0 00:00:00, Sys 0 00:00:00  -  Run Local Usage
		Usr 0 00:00:00, Sys 0 00:00:00  -  Total Remote Usage
		Usr 0 00:00:00, Sys 0 00:00:00  -  Total Local Usage
	0  -  Run Bytes Sent By Job
	0  -  Run Bytes Received By Job
	0  -  Total Bytes Sent By Job
	0  -  Total Bytes Received By Job
...
005 (8618.000.000) 11/18 12:40:36 Job terminated.
	(1) Normal termination (return value 0)
		Usr 0 00:00:00, Sys 0 00:00:00  -  Run Remote Usage
		Usr 0 00:00:00, Sys 0 00:00:00  -  Run Local Usage
		Usr 0 00:00:00, Sys 0 00:00:00  -  Total Remote Usage
		Usr 0 00:00:00, Sys 0 00:00:00  -  Total Local Usage
	0  -  Run Bytes Sent By Job
	0  -  Run Bytes Received By Job
	0  -  Total Bytes Sent By Job
	0  -  Total Bytes Received By Job
...
005 (8620.000.000) 11/18 12:40:36 Job terminated.
	(1) Normal termination (return value 0)
		Usr 0 00:00:00, Sys 0 00:00:00  -  Run Remote Usage
		Usr 0 00:00:00, Sys 0 00:00:00  -  Run Local Usage
		Usr 0 00:00:00, Sys 0 00:00:00  -  Total Remote Usage
		Usr 0 00:00:00, Sys 0 00:00:00  -  Total Local Usage
	0  -  Run Bytes Sent By Job
	0  -  Run Bytes Received By Job
	0  -  Total Bytes Sent By Job
	0  -  Total Bytes Received By Job
...
005 (8619.000.000) 11/18 12:40:36 Job terminated.
	(1) Normal termination (return value 0)
		Usr 0 00:00:00, Sys 0 00:00:00  -  Run Remote Usage
		Usr 0 00:00:00, Sys 0 00:00:00  -  Run Local Usage
		Usr 0 00:00:00, Sys 0 00:00:00  -  Total Remote Usage
		Usr 0 00:00:00, Sys 0 00:00:00  -  Total Local Usage
	0  -  Run Bytes Sent By Job
	0  -  Run Bytes Received By Job
	0  -  Total Bytes Sent By Job
	0  -  Total Bytes Received By Job
...
005 (8617.000.000) 11/18 12:40:36 Job terminated.
	(1) Normal termination (return value 0)
		Usr 0 00:00:00, Sys 0 00:00:00  -  Run Remote Usage
		Usr 0 00:00:00, Sys 0 00:00:00  -  Run Local Usage
		Usr 0 00:00:00, Sys 0 00:00:00  -  Total Remote Usage
		Usr 0 00:00:00, Sys 0 00:00:00  -  Total Local Usage
	0  -  Run Bytes Sent By Job
	0  -  Run Bytes Received By Job
	0  -  Total Bytes Sent By Job
	0  -  Total Bytes Received By Job
...
000 (8621.000.000) 11/18 12:40:36 Job submitted from host: <54.183.141.51:26685?addrs=54.183.141.51-26685>
    DAG Node: stage_in_remote_local_3_0
    pool:local
...
001 (8621.000.000) 11/18 12:40:36 Job executing on host: <54.183.141.51:42458?addrs=54.183.141.51-42458>
...
000 (8622.000.000) 11/18 12:40:36 Job submitted from host: <54.183.141.51:26685?addrs=54.183.141.51-26685>
    DAG Node: stage_in_remote_local_6_0
    pool:local
...
001 (8622.000.000) 11/18 12:40:36 Job executing on host: <54.183.141.51:29297?addrs=54.183.141.51-29297>
...
000 (8623.000.000) 11/18 12:40:36 Job submitted from host: <54.183.141.51:26685?addrs=54.183.141.51-26685>
    DAG Node: init_0_ID0000001
    pool:condorpool
...
016 (8616.000.000) 11/18 12:40:38 POST Script terminated.
	(1) Normal termination (return value 0)
    DAG Node: stage_in_local_local_4_1
...
016 (8612.000.000) 11/18 12:40:38 POST Script terminated.
	(1) Normal termination (return value 0)
    DAG Node: stage_in_local_local_5_1
...
016 (8614.000.000) 11/18 12:40:38 POST Script terminated.
	(1) Normal termination (return value 0)
    DAG Node: stage_in_local_local_1_0
...
016 (8620.000.000) 11/18 12:40:38 POST Script terminated.
	(1) Normal termination (return value 0)
    DAG Node: stage_in_remote_local_3_1
...
016 (8619.000.000) 11/18 12:40:38 POST Script terminated.
	(1) Normal termination (return value 0)
    DAG Node: stage_in_remote_local_2_0
...
016 (8618.000.000) 11/18 12:40:38 POST Script terminated.
	(1) Normal termination (return value 0)
    DAG Node: stage_in_remote_local_4_0
...
016 (8613.000.000) 11/18 12:40:38 POST Script terminated.
	(1) Normal termination (return value 0)
    DAG Node: stage_in_local_local_4_0
...
016 (8615.000.000) 11/18 12:40:38 POST Script terminated.
	(1) Normal termination (return value 0)
    DAG Node: stage_in_local_local_7_0
...
016 (8617.000.000) 11/18 12:40:38 POST Script terminated.
	(1) Normal termination (return value 0)
    DAG Node: stage_in_remote_local_4_1
...
005 (8622.000.000) 11/18 12:40:39 Job terminated.
	(1) Normal termination (return value 0)
		Usr 0 00:00:00, Sys 0 00:00:00  -  Run Remote Usage
		Usr 0 00:00:00, Sys 0 00:00:00  -  Run Local Usage
		Usr 0 00:00:00, Sys 0 00:00:00  -  Total Remote Usage
		Usr 0 00:00:00, Sys 0 00:00:00  -  Total Local Usage
	0  -  Run Bytes Sent By Job
	0  -  Run Bytes Received By Job
	0  -  Total Bytes Sent By Job
	0  -  Total Bytes Received By Job
...
005 (8621.000.000) 11/18 12:40:40 Job terminated.
	(1) Normal termination (return value 0)
		Usr 0 00:00:00, Sys 0 00:00:00  -  Run Remote Usage
		Usr 0 00:00:00, Sys 0 00:00:00  -  Run Local Usage
		Usr 0 00:00:00, Sys 0 00:00:00  -  Total Remote Usage
		Usr 0 00:00:00, Sys 0 00:00:00  -  Total Local Usage
	0  -  Run Bytes Sent By Job
	0  -  Run Bytes Received By Job
	0  -  Total Bytes Sent By Job
	0  -  Total Bytes Received By Job
...
016 (8622.000.000) 11/18 12:40:42 POST Script terminated.
	(1) Normal termination (return value 0)
    DAG Node: stage_in_remote_local_6_0
...
016 (8621.000.000) 11/18 12:40:42 POST Script terminated.
	(1) Normal termination (return value 0)
    DAG Node: stage_in_remote_local_3_0
...
001 (8623.000.000) 11/18 12:40:54 Job executing on host: <54.244.4.105:48775?addrs=54.244.4.105-48775&noUDP>
...
005 (8623.000.000) 11/18 12:55:51 Job terminated.
	(1) Normal termination (return value 0)
		Usr 0 00:00:00, Sys 0 00:00:00  -  Run Remote Usage
		Usr 0 00:00:00, Sys 0 00:00:00  -  Run Local Usage
		Usr 0 00:00:00, Sys 0 00:00:00  -  Total Remote Usage
		Usr 0 00:00:00, Sys 0 00:00:00  -  Total Local Usage
	4458  -  Run Bytes Sent By Job
	3169837  -  Run Bytes Received By Job
	4458  -  Total Bytes Sent By Job
	3169837  -  Total Bytes Received By Job
	Partitionable Resources :    Usage  Request Allocated
	   Cpus                 :                 1         1
	   Disk (KB)            :     6105     3250  27708772
	   Memory (MB)          :       15        1      3764
...
016 (8623.000.000) 11/18 12:55:53 POST Script terminated.
	(1) Normal termination (return value 0)
    DAG Node: init_0_ID0000001
...
000 (8624.000.000) 11/18 12:56:03 Job submitted from host: <54.183.141.51:26685?addrs=54.183.141.51-26685>
    DAG Node: clean_up_local_level_3_0
    pool:local
...
001 (8624.000.000) 11/18 12:56:03 Job executing on host: <54.183.141.51:32056?addrs=54.183.141.51-32056>
...
000 (8625.000.000) 11/18 12:56:03 Job submitted from host: <54.183.141.51:26685?addrs=54.183.141.51-26685>
    DAG Node: generalinfo_0_ID0000002
    pool:condorpool
...
001 (8625.000.000) 11/18 12:56:04 Job executing on host: <54.244.4.105:48775?addrs=54.244.4.105-48775&noUDP>
...
005 (8624.000.000) 11/18 12:56:06 Job terminated.
	(1) Normal termination (return value 0)
		Usr 0 00:00:00, Sys 0 00:00:00  -  Run Remote Usage
		Usr 0 00:00:00, Sys 0 00:00:00  -  Run Local Usage
		Usr 0 00:00:00, Sys 0 00:00:00  -  Total Remote Usage
		Usr 0 00:00:00, Sys 0 00:00:00  -  Total Local Usage
	0  -  Run Bytes Sent By Job
	0  -  Run Bytes Received By Job
	0  -  Total Bytes Sent By Job
	0  -  Total Bytes Received By Job
...
016 (8624.000.000) 11/18 12:56:09 POST Script terminated.
	(1) Normal termination (return value 0)
    DAG Node: clean_up_local_level_3_0
...
005 (8625.000.000) 11/18 14:00:15 Job terminated.
	(1) Normal termination (return value 0)
		Usr 0 01:00:48, Sys 0 00:00:41  -  Run Remote Usage
		Usr 0 00:00:00, Sys 0 00:00:00  -  Run Local Usage
		Usr 0 01:00:48, Sys 0 00:00:41  -  Total Remote Usage
		Usr 0 00:00:00, Sys 0 00:00:00  -  Total Local Usage
	5018  -  Run Bytes Sent By Job
	3168725  -  Run Bytes Received By Job
	5018  -  Total Bytes Sent By Job
	3168725  -  Total Bytes Received By Job
	Partitionable Resources :    Usage  Request Allocated
	   Cpus                 :                 1         1
	   Disk (KB)            :     6106     3250  27708772
	   Memory (MB)          :      129        1      3764
...
016 (8625.000.000) 11/18 14:00:18 POST Script terminated.
	(1) Normal termination (return value 0)
    DAG Node: generalinfo_0_ID0000002
...
000 (8626.000.000) 11/18 14:00:28 Job submitted from host: <54.183.141.51:26685?addrs=54.183.141.51-26685>
    DAG Node: clean_up_local_level_4_0
    pool:local
...
000 (8627.000.000) 11/18 14:00:28 Job submitted from host: <54.183.141.51:26685?addrs=54.183.141.51-26685>
    DAG Node: statscpumemory_0_ID0000003
    pool:condorpool
...
001 (8626.000.000) 11/18 14:00:28 Job executing on host: <54.183.141.51:43907?addrs=54.183.141.51-43907>
...
000 (8628.000.000) 11/18 14:00:28 Job submitted from host: <54.183.141.51:26685?addrs=54.183.141.51-26685>
    DAG Node: medianmemory_0_ID0000005
    pool:condorpool
...
000 (8629.000.000) 11/18 14:00:28 Job submitted from host: <54.183.141.51:26685?addrs=54.183.141.51-26685>
    DAG Node: mediancpu_0_ID0000004
    pool:condorpool
...
005 (8626.000.000) 11/18 14:00:32 Job terminated.
	(1) Normal termination (return value 0)
		Usr 0 00:00:00, Sys 0 00:00:00  -  Run Remote Usage
		Usr 0 00:00:00, Sys 0 00:00:00  -  Run Local Usage
		Usr 0 00:00:00, Sys 0 00:00:00  -  Total Remote Usage
		Usr 0 00:00:00, Sys 0 00:00:00  -  Total Local Usage
	0  -  Run Bytes Sent By Job
	0  -  Run Bytes Received By Job
	0  -  Total Bytes Sent By Job
	0  -  Total Bytes Received By Job
...
016 (8626.000.000) 11/18 14:00:33 POST Script terminated.
	(1) Normal termination (return value 0)
    DAG Node: clean_up_local_level_4_0
...
001 (8627.000.000) 11/18 14:00:36 Job executing on host: <54.244.4.105:48775?addrs=54.244.4.105-48775&noUDP>
...
001 (8628.000.000) 11/18 14:00:36 Job executing on host: <54.212.221.17:55041?addrs=54.212.221.17-55041&noUDP>
...
001 (8629.000.000) 11/18 14:00:36 Job executing on host: <54.201.255.95:37526?addrs=54.201.255.95-37526&noUDP>
...
005 (8628.000.000) 11/18 16:11:30 Job terminated.
	(1) Normal termination (return value 0)
		Usr 0 02:04:05, Sys 0 00:02:07  -  Run Remote Usage
		Usr 0 00:00:00, Sys 0 00:00:00  -  Run Local Usage
		Usr 0 02:04:05, Sys 0 00:02:07  -  Total Remote Usage
		Usr 0 00:00:00, Sys 0 00:00:00  -  Total Local Usage
	379625  -  Run Bytes Sent By Job
	3168620  -  Run Bytes Received By Job
	379625  -  Total Bytes Sent By Job
	3168620  -  Total Bytes Received By Job
	Partitionable Resources :    Usage  Request Allocated
	   Cpus                 :                 1         1
	   Disk (KB)            :  5910481     3250  27706480
	   Memory (MB)          :      148        1      3764
...
016 (8628.000.000) 11/18 16:11:32 POST Script terminated.
	(1) Normal termination (return value 0)
    DAG Node: medianmemory_0_ID0000005
...
005 (8629.000.000) 11/18 16:12:14 Job terminated.
	(1) Normal termination (return value 0)
		Usr 0 02:05:20, Sys 0 00:01:35  -  Run Remote Usage
		Usr 0 00:00:00, Sys 0 00:00:00  -  Run Local Usage
		Usr 0 02:05:20, Sys 0 00:01:35  -  Total Remote Usage
		Usr 0 00:00:00, Sys 0 00:00:00  -  Total Local Usage
	382108  -  Run Bytes Sent By Job
	3168584  -  Run Bytes Received By Job
	382108  -  Total Bytes Sent By Job
	3168584  -  Total Bytes Received By Job
	Partitionable Resources :    Usage  Request Allocated
	   Cpus                 :                 1         1
	   Disk (KB)            :  5780489     3250  27707488
	   Memory (MB)          :      155        1      3764
...
016 (8629.000.000) 11/18 16:12:17 POST Script terminated.
	(1) Normal termination (return value 0)
    DAG Node: mediancpu_0_ID0000004
...
000 (8630.000.000) 11/18 16:12:27 Job submitted from host: <54.183.141.51:26685?addrs=54.183.141.51-26685>
    DAG Node: clean_up_local_level_5_1
    pool:local
...
001 (8630.000.000) 11/18 16:12:27 Job executing on host: <54.183.141.51:17470?addrs=54.183.141.51-17470>
...
005 (8630.000.000) 11/18 16:12:31 Job terminated.
	(1) Normal termination (return value 0)
		Usr 0 00:00:00, Sys 0 00:00:00  -  Run Remote Usage
		Usr 0 00:00:00, Sys 0 00:00:00  -  Run Local Usage
		Usr 0 00:00:00, Sys 0 00:00:00  -  Total Remote Usage
		Usr 0 00:00:00, Sys 0 00:00:00  -  Total Local Usage
	0  -  Run Bytes Sent By Job
	0  -  Run Bytes Received By Job
	0  -  Total Bytes Sent By Job
	0  -  Total Bytes Received By Job
...
016 (8630.000.000) 11/18 16:12:32 POST Script terminated.
	(1) Normal termination (return value 0)
    DAG Node: clean_up_local_level_5_1
...
005 (8627.000.000) 11/18 16:13:39 Job terminated.
	(1) Normal termination (return value 0)
		Usr 0 02:06:24, Sys 0 00:01:23  -  Run Remote Usage
		Usr 0 00:00:00, Sys 0 00:00:00  -  Run Local Usage
		Usr 0 02:06:24, Sys 0 00:01:23  -  Total Remote Usage
		Usr 0 00:00:00, Sys 0 00:00:00  -  Total Local Usage
	5289  -  Run Bytes Sent By Job
	3170897  -  Run Bytes Received By Job
	5289  -  Total Bytes Sent By Job
	3170897  -  Total Bytes Received By Job
	Partitionable Resources :    Usage  Request Allocated
	   Cpus                 :                 1         1
	   Disk (KB)            :     6108     3250  27708056
	   Memory (MB)          :      136        1      3764
...
016 (8627.000.000) 11/18 16:13:42 POST Script terminated.
	(1) Normal termination (return value 0)
    DAG Node: statscpumemory_0_ID0000003
...
000 (8631.000.000) 11/18 16:13:53 Job submitted from host: <54.183.141.51:26685?addrs=54.183.141.51-26685>
    DAG Node: clean_up_local_level_5_0
    pool:local
...
001 (8631.000.000) 11/18 16:13:53 Job executing on host: <54.183.141.51:43671?addrs=54.183.141.51-43671>
...
000 (8632.000.000) 11/18 16:13:53 Job submitted from host: <54.183.141.51:26685?addrs=54.183.141.51-26685>
    DAG Node: taskevent_0_ID0000006
    pool:condorpool
...
000 (8633.000.000) 11/18 16:13:53 Job submitted from host: <54.183.141.51:26685?addrs=54.183.141.51-26685>
    DAG Node: taskevent_1_ID0000007
    pool:condorpool
...
000 (8634.000.000) 11/18 16:13:53 Job submitted from host: <54.183.141.51:26685?addrs=54.183.141.51-26685>
    DAG Node: taskevent_2_ID0000008
    pool:condorpool
...
005 (8631.000.000) 11/18 16:14:01 Job terminated.
	(1) Normal termination (return value 0)
		Usr 0 00:00:00, Sys 0 00:00:00  -  Run Remote Usage
		Usr 0 00:00:00, Sys 0 00:00:00  -  Run Local Usage
		Usr 0 00:00:00, Sys 0 00:00:00  -  Total Remote Usage
		Usr 0 00:00:00, Sys 0 00:00:00  -  Total Local Usage
	0  -  Run Bytes Sent By Job
	0  -  Run Bytes Received By Job
	0  -  Total Bytes Sent By Job
	0  -  Total Bytes Received By Job
...
016 (8631.000.000) 11/18 16:14:03 POST Script terminated.
	(1) Normal termination (return value 0)
    DAG Node: clean_up_local_level_5_0
...
001 (8632.000.000) 11/18 16:14:14 Job executing on host: <54.244.4.105:48775?addrs=54.244.4.105-48775&noUDP>
...
001 (8633.000.000) 11/18 16:14:14 Job executing on host: <54.212.221.17:55041?addrs=54.212.221.17-55041&noUDP>
...
001 (8634.000.000) 11/18 16:14:14 Job executing on host: <54.201.255.95:37526?addrs=54.201.255.95-37526&noUDP>
...
005 (8634.000.000) 11/18 16:25:50 Job terminated.
	(1) Normal termination (return value 0)
		Usr 0 00:00:51, Sys 0 00:00:00  -  Run Remote Usage
		Usr 0 00:00:00, Sys 0 00:00:00  -  Run Local Usage
		Usr 0 00:00:51, Sys 0 00:00:00  -  Total Remote Usage
		Usr 0 00:00:00, Sys 0 00:00:00  -  Total Local Usage
	8053  -  Run Bytes Sent By Job
	3174504  -  Run Bytes Received By Job
	8053  -  Total Bytes Sent By Job
	3174504  -  Total Bytes Received By Job
	Partitionable Resources :    Usage  Request Allocated
	   Cpus                 :                 1         1
	   Disk (KB)            :     6115     3250  27706296
	   Memory (MB)          :      129        1      3764
...
016 (8634.000.000) 11/18 16:25:54 POST Script terminated.
	(1) Normal termination (return value 0)
    DAG Node: taskevent_2_ID0000008
...
000 (8635.000.000) 11/18 16:26:04 Job submitted from host: <54.183.141.51:26685?addrs=54.183.141.51-26685>
    DAG Node: clean_up_local_level_6_1
    pool:local
...
001 (8635.000.000) 11/18 16:26:04 Job executing on host: <54.183.141.51:6191?addrs=54.183.141.51-6191>
...
005 (8635.000.000) 11/18 16:26:12 Job terminated.
	(1) Normal termination (return value 0)
		Usr 0 00:00:00, Sys 0 00:00:00  -  Run Remote Usage
		Usr 0 00:00:00, Sys 0 00:00:00  -  Run Local Usage
		Usr 0 00:00:00, Sys 0 00:00:00  -  Total Remote Usage
		Usr 0 00:00:00, Sys 0 00:00:00  -  Total Local Usage
	0  -  Run Bytes Sent By Job
	0  -  Run Bytes Received By Job
	0  -  Total Bytes Sent By Job
	0  -  Total Bytes Received By Job
...
016 (8635.000.000) 11/18 16:26:14 POST Script terminated.
	(1) Normal termination (return value 0)
    DAG Node: clean_up_local_level_6_1
...
005 (8633.000.000) 11/18 17:19:59 Job terminated.
	(1) Normal termination (return value 0)
		Usr 0 00:38:59, Sys 0 00:00:28  -  Run Remote Usage
		Usr 0 00:00:00, Sys 0 00:00:00  -  Run Local Usage
		Usr 0 00:38:59, Sys 0 00:00:28  -  Total Remote Usage
		Usr 0 00:00:00, Sys 0 00:00:00  -  Total Local Usage
	8061  -  Run Bytes Sent By Job
	3174504  -  Run Bytes Received By Job
	8061  -  Total Bytes Sent By Job
	3174504  -  Total Bytes Received By Job
	Partitionable Resources :    Usage  Request Allocated
	   Cpus                 :                 1         1
	   Disk (KB)            :     6115     3250  27705296
	   Memory (MB)          :      129        1      3764
...
016 (8633.000.000) 11/18 17:20:02 POST Script terminated.
	(1) Normal termination (return value 0)
    DAG Node: taskevent_1_ID0000007
...
005 (8632.000.000) 11/18 18:14:27 Job terminated.
	(1) Normal termination (return value 0)
		Usr 0 01:32:31, Sys 0 00:00:59  -  Run Remote Usage
		Usr 0 00:00:00, Sys 0 00:00:00  -  Run Local Usage
		Usr 0 01:32:31, Sys 0 00:00:59  -  Total Remote Usage
		Usr 0 00:00:00, Sys 0 00:00:00  -  Total Local Usage
	8059  -  Run Bytes Sent By Job
	3174504  -  Run Bytes Received By Job
	8059  -  Total Bytes Sent By Job
	3174504  -  Total Bytes Received By Job
	Partitionable Resources :    Usage  Request Allocated
	   Cpus                 :                 1         1
	   Disk (KB)            :     6115     3250  27706872
	   Memory (MB)          :      134        1      3764
...
016 (8632.000.000) 11/18 18:14:30 POST Script terminated.
	(1) Normal termination (return value 0)
    DAG Node: taskevent_0_ID0000006
...
000 (8636.000.000) 11/18 18:14:40 Job submitted from host: <54.183.141.51:26685?addrs=54.183.141.51-26685>
    DAG Node: clean_up_local_level_6_0
    pool:local
...
001 (8636.000.000) 11/18 18:14:40 Job executing on host: <54.183.141.51:14148?addrs=54.183.141.51-14148>
...
000 (8637.000.000) 11/18 18:14:40 Job submitted from host: <54.183.141.51:26685?addrs=54.183.141.51-26685>
    DAG Node: calculateratio_2_ID0000011
    pool:condorpool
...
000 (8638.000.000) 11/18 18:14:40 Job submitted from host: <54.183.141.51:26685?addrs=54.183.141.51-26685>
    DAG Node: calculateratio_1_ID0000010
    pool:condorpool
...
000 (8639.000.000) 11/18 18:14:41 Job submitted from host: <54.183.141.51:26685?addrs=54.183.141.51-26685>
    DAG Node: calculateratio_0_ID0000009
    pool:condorpool
...
005 (8636.000.000) 11/18 18:14:57 Job terminated.
	(1) Normal termination (return value 0)
		Usr 0 00:00:00, Sys 0 00:00:00  -  Run Remote Usage
		Usr 0 00:00:00, Sys 0 00:00:00  -  Run Local Usage
		Usr 0 00:00:00, Sys 0 00:00:00  -  Total Remote Usage
		Usr 0 00:00:00, Sys 0 00:00:00  -  Total Local Usage
	0  -  Run Bytes Sent By Job
	0  -  Run Bytes Received By Job
	0  -  Total Bytes Sent By Job
	0  -  Total Bytes Received By Job
...
001 (8638.000.000) 11/18 18:14:57 Job executing on host: <54.212.221.17:55041?addrs=54.212.221.17-55041&noUDP>
...
001 (8637.000.000) 11/18 18:14:57 Job executing on host: <54.244.4.105:48775?addrs=54.244.4.105-48775&noUDP>
...
001 (8639.000.000) 11/18 18:14:57 Job executing on host: <54.201.255.95:37526?addrs=54.201.255.95-37526&noUDP>
...
016 (8636.000.000) 11/18 18:15:01 POST Script terminated.
	(1) Normal termination (return value 0)
    DAG Node: clean_up_local_level_6_0
...
005 (8637.000.000) 11/18 19:26:36 Job terminated.
	(1) Normal termination (return value 0)
		Usr 0 00:37:40, Sys 0 00:01:24  -  Run Remote Usage
		Usr 0 00:00:00, Sys 0 00:00:00  -  Run Local Usage
		Usr 0 00:37:40, Sys 0 00:01:24  -  Total Remote Usage
		Usr 0 00:00:00, Sys 0 00:00:00  -  Total Local Usage
	359351  -  Run Bytes Sent By Job
	3173378  -  Run Bytes Received By Job
	359351  -  Total Bytes Sent By Job
	3173378  -  Total Bytes Received By Job
	Partitionable Resources :    Usage  Request Allocated
	   Cpus                 :                 1         1
	   Disk (KB)            :     6458     3250  27705788
	   Memory (MB)          :      149        1      3764
...
016 (8637.000.000) 11/18 19:26:40 POST Script terminated.
	(1) Normal termination (return value 0)
    DAG Node: calculateratio_2_ID0000011
...
005 (8638.000.000) 11/18 19:32:27 Job terminated.
	(1) Normal termination (return value 0)
		Usr 0 00:38:42, Sys 0 00:01:29  -  Run Remote Usage
		Usr 0 00:00:00, Sys 0 00:00:00  -  Run Local Usage
		Usr 0 00:38:42, Sys 0 00:01:29  -  Total Remote Usage
		Usr 0 00:00:00, Sys 0 00:00:00  -  Total Local Usage
	360280  -  Run Bytes Sent By Job
	3173378  -  Run Bytes Received By Job
	360280  -  Total Bytes Sent By Job
	3173378  -  Total Bytes Received By Job
	Partitionable Resources :    Usage  Request Allocated
	   Cpus                 :                 1         1
	   Disk (KB)            :     6459     3250  27704328
	   Memory (MB)          :      150        1      3764
...
016 (8638.000.000) 11/18 19:32:31 POST Script terminated.
	(1) Normal termination (return value 0)
    DAG Node: calculateratio_1_ID0000010
...
000 (8640.000.000) 11/18 19:32:41 Job submitted from host: <54.183.141.51:26685?addrs=54.183.141.51-26685>
    DAG Node: clean_up_local_level_7_0
    pool:local
...
001 (8640.000.000) 11/18 19:32:48 Job executing on host: <54.183.141.51:5102?addrs=54.183.141.51-5102>
...
005 (8640.000.000) 11/18 19:33:04 Job terminated.
	(1) Normal termination (return value 0)
		Usr 0 00:00:00, Sys 0 00:00:00  -  Run Remote Usage
		Usr 0 00:00:00, Sys 0 00:00:00  -  Run Local Usage
		Usr 0 00:00:00, Sys 0 00:00:00  -  Total Remote Usage
		Usr 0 00:00:00, Sys 0 00:00:00  -  Total Local Usage
	0  -  Run Bytes Sent By Job
	0  -  Run Bytes Received By Job
	0  -  Total Bytes Sent By Job
	0  -  Total Bytes Received By Job
...
016 (8640.000.000) 11/18 19:33:08 POST Script terminated.
	(1) Normal termination (return value 0)
    DAG Node: clean_up_local_level_7_0
...
005 (8639.000.000) 11/18 19:33:57 Job terminated.
	(1) Normal termination (return value 0)
		Usr 0 00:38:24, Sys 0 00:01:29  -  Run Remote Usage
		Usr 0 00:00:00, Sys 0 00:00:00  -  Run Local Usage
		Usr 0 00:38:24, Sys 0 00:01:29  -  Total Remote Usage
		Usr 0 00:00:00, Sys 0 00:00:00  -  Total Local Usage
	360216  -  Run Bytes Sent By Job
	3173378  -  Run Bytes Received By Job
	360216  -  Total Bytes Sent By Job
	3173378  -  Total Bytes Received By Job
	Partitionable Resources :    Usage  Request Allocated
	   Cpus                 :                 1         1
	   Disk (KB)            :     6459     3250  27705416
	   Memory (MB)          :      147        1      3764
...
016 (8639.000.000) 11/18 19:33:58 POST Script terminated.
	(1) Normal termination (return value 0)
    DAG Node: calculateratio_0_ID0000009
...
000 (8641.000.000) 11/18 19:34:08 Job submitted from host: <54.183.141.51:26685?addrs=54.183.141.51-26685>
    DAG Node: clean_up_local_level_7_1
    pool:local
...
001 (8641.000.000) 11/18 19:34:08 Job executing on host: <54.183.141.51:32389?addrs=54.183.141.51-32389>
...
000 (8642.000.000) 11/18 19:34:08 Job submitted from host: <54.183.141.51:26685?addrs=54.183.141.51-26685>
    DAG Node: averageratioevent_1_ID0000013
    pool:condorpool
...
000 (8643.000.000) 11/18 19:34:08 Job submitted from host: <54.183.141.51:26685?addrs=54.183.141.51-26685>
    DAG Node: averageratioevent_0_ID0000012
    pool:condorpool
...
000 (8644.000.000) 11/18 19:34:09 Job submitted from host: <54.183.141.51:26685?addrs=54.183.141.51-26685>
    DAG Node: averageratioevent_2_ID0000014
    pool:condorpool
...
005 (8641.000.000) 11/18 19:34:17 Job terminated.
	(1) Normal termination (return value 0)
		Usr 0 00:00:00, Sys 0 00:00:00  -  Run Remote Usage
		Usr 0 00:00:00, Sys 0 00:00:00  -  Run Local Usage
		Usr 0 00:00:00, Sys 0 00:00:00  -  Total Remote Usage
		Usr 0 00:00:00, Sys 0 00:00:00  -  Total Local Usage
	0  -  Run Bytes Sent By Job
	0  -  Run Bytes Received By Job
	0  -  Total Bytes Sent By Job
	0  -  Total Bytes Received By Job
...
016 (8641.000.000) 11/18 19:34:19 POST Script terminated.
	(1) Normal termination (return value 0)
    DAG Node: clean_up_local_level_7_1
...
001 (8644.000.000) 11/18 19:34:28 Job executing on host: <54.201.255.95:37526?addrs=54.201.255.95-37526&noUDP>
...
001 (8642.000.000) 11/18 19:34:28 Job executing on host: <54.244.4.105:48775?addrs=54.244.4.105-48775&noUDP>
...
001 (8643.000.000) 11/18 19:34:28 Job executing on host: <54.212.221.17:55041?addrs=54.212.221.17-55041&noUDP>
...
005 (8644.000.000) 11/18 19:34:30 Job terminated.
	(1) Normal termination (return value 0)
		Usr 0 00:00:00, Sys 0 00:00:00  -  Run Remote Usage
		Usr 0 00:00:00, Sys 0 00:00:00  -  Run Local Usage
		Usr 0 00:00:00, Sys 0 00:00:00  -  Total Remote Usage
		Usr 0 00:00:00, Sys 0 00:00:00  -  Total Local Usage
	83700  -  Run Bytes Sent By Job
	3169195  -  Run Bytes Received By Job
	83700  -  Total Bytes Sent By Job
	3169195  -  Total Bytes Received By Job
	Partitionable Resources :    Usage  Request Allocated
	   Cpus                 :                 1         1
	   Disk (KB)            :     6183     3250  27705664
	   Memory (MB)          :        0        1      3764
...
016 (8644.000.000) 11/18 19:34:34 POST Script terminated.
	(1) Normal termination (return value 0)
    DAG Node: averageratioevent_2_ID0000014
...
000 (8645.000.000) 11/18 19:34:44 Job submitted from host: <54.183.141.51:26685?addrs=54.183.141.51-26685>
    DAG Node: clean_up_local_level_8_1
    pool:local
...
001 (8645.000.000) 11/18 19:34:44 Job executing on host: <54.183.141.51:19432?addrs=54.183.141.51-19432>
...
005 (8645.000.000) 11/18 19:34:48 Job terminated.
	(1) Normal termination (return value 0)
		Usr 0 00:00:00, Sys 0 00:00:00  -  Run Remote Usage
		Usr 0 00:00:00, Sys 0 00:00:00  -  Run Local Usage
		Usr 0 00:00:00, Sys 0 00:00:00  -  Total Remote Usage
		Usr 0 00:00:00, Sys 0 00:00:00  -  Total Local Usage
	0  -  Run Bytes Sent By Job
	0  -  Run Bytes Received By Job
	0  -  Total Bytes Sent By Job
	0  -  Total Bytes Received By Job
...
016 (8645.000.000) 11/18 19:34:49 POST Script terminated.
	(1) Normal termination (return value 0)
    DAG Node: clean_up_local_level_8_1
...
005 (8642.000.000) 11/18 19:43:33 Job terminated.
	(1) Normal termination (return value 0)
		Usr 0 00:07:36, Sys 0 00:00:05  -  Run Remote Usage
		Usr 0 00:00:00, Sys 0 00:00:00  -  Run Local Usage
		Usr 0 00:07:36, Sys 0 00:00:05  -  Total Remote Usage
		Usr 0 00:00:00, Sys 0 00:00:00  -  Total Local Usage
	266705  -  Run Bytes Sent By Job
	3169195  -  Run Bytes Received By Job
	266705  -  Total Bytes Sent By Job
	3169195  -  Total Bytes Received By Job
	Partitionable Resources :    Usage  Request Allocated
	   Cpus                 :                 1         1
	   Disk (KB)            :    56266     3250  27706120
	   Memory (MB)          :      106        1      3764
...
016 (8642.000.000) 11/18 19:43:35 POST Script terminated.
	(1) Normal termination (return value 0)
    DAG Node: averageratioevent_1_ID0000013
...
005 (8643.000.000) 11/18 19:46:22 Job terminated.
	(1) Normal termination (return value 0)
		Usr 0 00:08:09, Sys 0 00:00:06  -  Run Remote Usage
		Usr 0 00:00:00, Sys 0 00:00:00  -  Run Local Usage
		Usr 0 00:08:09, Sys 0 00:00:06  -  Total Remote Usage
		Usr 0 00:00:00, Sys 0 00:00:00  -  Total Local Usage
	266704  -  Run Bytes Sent By Job
	3169199  -  Run Bytes Received By Job
	266704  -  Total Bytes Sent By Job
	3169199  -  Total Bytes Received By Job
	Partitionable Resources :    Usage  Request Allocated
	   Cpus                 :                 1         1
	   Disk (KB)            :    85814     3250  27704584
	   Memory (MB)          :      136        1      3764
...
016 (8643.000.000) 11/18 19:46:25 POST Script terminated.
	(1) Normal termination (return value 0)
    DAG Node: averageratioevent_0_ID0000012
...
000 (8646.000.000) 11/18 19:46:35 Job submitted from host: <54.183.141.51:26685?addrs=54.183.141.51-26685>
    DAG Node: clean_up_local_level_8_0
    pool:local
...
000 (8647.000.000) 11/18 19:46:35 Job submitted from host: <54.183.141.51:26685?addrs=54.183.141.51-26685>
    DAG Node: analysisevent_0_ID0000015
    pool:condorpool
...
001 (8646.000.000) 11/18 19:46:35 Job executing on host: <54.183.141.51:12936?addrs=54.183.141.51-12936>
...
001 (8647.000.000) 11/18 19:46:36 Job executing on host: <54.212.221.17:55041?addrs=54.212.221.17-55041&noUDP>
...
005 (8647.000.000) 11/18 19:46:37 Job terminated.
	(1) Normal termination (return value 0)
		Usr 0 00:00:00, Sys 0 00:00:00  -  Run Remote Usage
		Usr 0 00:00:00, Sys 0 00:00:00  -  Run Local Usage
		Usr 0 00:00:00, Sys 0 00:00:00  -  Total Remote Usage
		Usr 0 00:00:00, Sys 0 00:00:00  -  Total Local Usage
	5072  -  Run Bytes Sent By Job
	3169007  -  Run Bytes Received By Job
	5072  -  Total Bytes Sent By Job
	3169007  -  Total Bytes Received By Job
	Partitionable Resources :    Usage  Request Allocated
	   Cpus                 :                 1         1
	   Disk (KB)            :     6106     3250  27704584
	   Memory (MB)          :        0        1      3764
...
016 (8647.000.000) 11/18 19:46:41 POST Script terminated.
	(1) Normal termination (return value 0)
    DAG Node: analysisevent_0_ID0000015
...
005 (8646.000.000) 11/18 19:46:44 Job terminated.
	(1) Normal termination (return value 0)
		Usr 0 00:00:00, Sys 0 00:00:00  -  Run Remote Usage
		Usr 0 00:00:00, Sys 0 00:00:00  -  Run Local Usage
		Usr 0 00:00:00, Sys 0 00:00:00  -  Total Remote Usage
		Usr 0 00:00:00, Sys 0 00:00:00  -  Total Local Usage
	0  -  Run Bytes Sent By Job
	0  -  Run Bytes Received By Job
	0  -  Total Bytes Sent By Job
	0  -  Total Bytes Received By Job
...
016 (8646.000.000) 11/18 19:46:45 POST Script terminated.
	(1) Normal termination (return value 0)
    DAG Node: clean_up_local_level_8_0
...
000 (8648.000.000) 11/18 19:46:50 Job submitted from host: <54.183.141.51:26685?addrs=54.183.141.51-26685>
    DAG Node: terminate_0_ID0000016
    pool:condorpool
...
000 (8649.000.000) 11/18 19:46:50 Job submitted from host: <54.183.141.51:26685?addrs=54.183.141.51-26685>
    DAG Node: clean_up_local_level_9_0
    pool:local
...
001 (8648.000.000) 11/18 19:46:50 Job executing on host: <54.212.221.17:55041?addrs=54.212.221.17-55041&noUDP>
...
005 (8648.000.000) 11/18 19:46:51 Job terminated.
	(1) Normal termination (return value 0)
		Usr 0 00:00:00, Sys 0 00:00:00  -  Run Remote Usage
		Usr 0 00:00:00, Sys 0 00:00:00  -  Run Local Usage
		Usr 0 00:00:00, Sys 0 00:00:00  -  Total Remote Usage
		Usr 0 00:00:00, Sys 0 00:00:00  -  Total Local Usage
	4460  -  Run Bytes Sent By Job
	3167619  -  Run Bytes Received By Job
	4460  -  Total Bytes Sent By Job
	3167619  -  Total Bytes Received By Job
	Partitionable Resources :    Usage  Request Allocated
	   Cpus                 :                 1         1
	   Disk (KB)            :     6103     3250  27704584
	   Memory (MB)          :        0        1      3764
...
001 (8649.000.000) 11/18 19:46:55 Job executing on host: <54.183.141.51:25284?addrs=54.183.141.51-25284>
...
016 (8648.000.000) 11/18 19:46:55 POST Script terminated.
	(1) Normal termination (return value 0)
    DAG Node: terminate_0_ID0000016
...
005 (8649.000.000) 11/18 19:46:59 Job terminated.
	(1) Normal termination (return value 0)
		Usr 0 00:00:00, Sys 0 00:00:00  -  Run Remote Usage
		Usr 0 00:00:00, Sys 0 00:00:00  -  Run Local Usage
		Usr 0 00:00:00, Sys 0 00:00:00  -  Total Remote Usage
		Usr 0 00:00:00, Sys 0 00:00:00  -  Total Local Usage
	0  -  Run Bytes Sent By Job
	0  -  Run Bytes Received By Job
	0  -  Total Bytes Sent By Job
	0  -  Total Bytes Received By Job
...
016 (8649.000.000) 11/18 19:47:00 POST Script terminated.
	(1) Normal termination (return value 0)
    DAG Node: clean_up_local_level_9_0
...
000 (8650.000.000) 11/18 19:47:05 Job submitted from host: <54.183.141.51:26685?addrs=54.183.141.51-26685>
    DAG Node: clean_up_local_level_10_0
    pool:local
...
001 (8650.000.000) 11/18 19:47:05 Job executing on host: <54.183.141.51:34457?addrs=54.183.141.51-34457>
...
005 (8650.000.000) 11/18 19:47:07 Job terminated.
	(1) Normal termination (return value 0)
		Usr 0 00:00:00, Sys 0 00:00:00  -  Run Remote Usage
		Usr 0 00:00:00, Sys 0 00:00:00  -  Run Local Usage
		Usr 0 00:00:00, Sys 0 00:00:00  -  Total Remote Usage
		Usr 0 00:00:00, Sys 0 00:00:00  -  Total Local Usage
	0  -  Run Bytes Sent By Job
	0  -  Run Bytes Received By Job
	0  -  Total Bytes Sent By Job
	0  -  Total Bytes Received By Job
...
016 (8650.000.000) 11/18 19:47:10 POST Script terminated.
	(1) Normal termination (return value 0)
    DAG Node: clean_up_local_level_10_0
...
000 (8651.000.000) 11/18 19:47:20 Job submitted from host: <54.183.141.51:26685?addrs=54.183.141.51-26685>
    DAG Node: cleanup_example_workflow_0_local
    pool:local
...
001 (8651.000.000) 11/18 19:47:21 Job executing on host: <54.183.141.51:33906?addrs=54.183.141.51-33906>
...
005 (8651.000.000) 11/18 19:47:23 Job terminated.
	(1) Normal termination (return value 0)
		Usr 0 00:00:00, Sys 0 00:00:00  -  Run Remote Usage
		Usr 0 00:00:00, Sys 0 00:00:00  -  Run Local Usage
		Usr 0 00:00:00, Sys 0 00:00:00  -  Total Remote Usage
		Usr 0 00:00:00, Sys 0 00:00:00  -  Total Local Usage
	0  -  Run Bytes Sent By Job
	0  -  Run Bytes Received By Job
	0  -  Total Bytes Sent By Job
	0  -  Total Bytes Received By Job
...
