000 (2533.000.000) 11/07 20:05:10 Job submitted from host: <54.193.36.194:26489?addrs=54.193.36.194-26489>
    DAG Node: create_dir_example_workflow_0_local
    pool:local
...
001 (2533.000.000) 11/07 20:05:11 Job executing on host: <54.193.36.194:8690?addrs=54.193.36.194-8690>
...
005 (2533.000.000) 11/07 20:05:13 Job terminated.
	(1) Normal termination (return value 0)
		Usr 0 00:00:00, Sys 0 00:00:00  -  Run Remote Usage
		Usr 0 00:00:00, Sys 0 00:00:00  -  Run Local Usage
		Usr 0 00:00:00, Sys 0 00:00:00  -  Total Remote Usage
		Usr 0 00:00:00, Sys 0 00:00:00  -  Total Local Usage
	0  -  Run Bytes Sent By Job
	0  -  Run Bytes Received By Job
	0  -  Total Bytes Sent By Job
	0  -  Total Bytes Received By Job
...
016 (2533.000.000) 11/07 20:05:15 POST Script terminated.
	(1) Normal termination (return value 0)
    DAG Node: create_dir_example_workflow_0_local
...
000 (2534.000.000) 11/07 20:05:25 Job submitted from host: <54.193.36.194:26489?addrs=54.193.36.194-26489>
    DAG Node: stage_in_local_local_0_0
    pool:local
...
000 (2535.000.000) 11/07 20:05:25 Job submitted from host: <54.193.36.194:26489?addrs=54.193.36.194-26489>
    DAG Node: stage_in_remote_local_2_1
    pool:local
...
001 (2534.000.000) 11/07 20:05:25 Job executing on host: <54.193.36.194:8370?addrs=54.193.36.194-8370>
...
000 (2536.000.000) 11/07 20:05:25 Job submitted from host: <54.193.36.194:26489?addrs=54.193.36.194-26489>
    DAG Node: stage_in_local_local_6_0
    pool:local
...
000 (2537.000.000) 11/07 20:05:26 Job submitted from host: <54.193.36.194:26489?addrs=54.193.36.194-26489>
    DAG Node: stage_in_remote_local_5_1
    pool:local
...
000 (2538.000.000) 11/07 20:05:26 Job submitted from host: <54.193.36.194:26489?addrs=54.193.36.194-26489>
    DAG Node: stage_in_remote_local_5_0
    pool:local
...
005 (2534.000.000) 11/07 20:05:28 Job terminated.
	(1) Normal termination (return value 0)
		Usr 0 00:00:00, Sys 0 00:00:00  -  Run Remote Usage
		Usr 0 00:00:00, Sys 0 00:00:00  -  Run Local Usage
		Usr 0 00:00:00, Sys 0 00:00:00  -  Total Remote Usage
		Usr 0 00:00:00, Sys 0 00:00:00  -  Total Local Usage
	0  -  Run Bytes Sent By Job
	0  -  Run Bytes Received By Job
	0  -  Total Bytes Sent By Job
	0  -  Total Bytes Received By Job
...
001 (2535.000.000) 11/07 20:05:28 Job executing on host: <54.193.36.194:59439?addrs=54.193.36.194-59439>
...
001 (2536.000.000) 11/07 20:05:28 Job executing on host: <54.193.36.194:28061?addrs=54.193.36.194-28061>
...
001 (2537.000.000) 11/07 20:05:28 Job executing on host: <54.193.36.194:54830?addrs=54.193.36.194-54830>
...
001 (2538.000.000) 11/07 20:05:28 Job executing on host: <54.193.36.194:26610?addrs=54.193.36.194-26610>
...
005 (2535.000.000) 11/07 20:05:30 Job terminated.
	(1) Normal termination (return value 0)
		Usr 0 00:00:00, Sys 0 00:00:00  -  Run Remote Usage
		Usr 0 00:00:00, Sys 0 00:00:00  -  Run Local Usage
		Usr 0 00:00:00, Sys 0 00:00:00  -  Total Remote Usage
		Usr 0 00:00:00, Sys 0 00:00:00  -  Total Local Usage
	0  -  Run Bytes Sent By Job
	0  -  Run Bytes Received By Job
	0  -  Total Bytes Sent By Job
	0  -  Total Bytes Received By Job
...
005 (2536.000.000) 11/07 20:05:30 Job terminated.
	(1) Normal termination (return value 0)
		Usr 0 00:00:00, Sys 0 00:00:00  -  Run Remote Usage
		Usr 0 00:00:00, Sys 0 00:00:00  -  Run Local Usage
		Usr 0 00:00:00, Sys 0 00:00:00  -  Total Remote Usage
		Usr 0 00:00:00, Sys 0 00:00:00  -  Total Local Usage
	0  -  Run Bytes Sent By Job
	0  -  Run Bytes Received By Job
	0  -  Total Bytes Sent By Job
	0  -  Total Bytes Received By Job
...
000 (2539.000.000) 11/07 20:05:31 Job submitted from host: <54.193.36.194:26489?addrs=54.193.36.194-26489>
    DAG Node: stage_in_local_local_2_0
    pool:local
...
000 (2540.000.000) 11/07 20:05:31 Job submitted from host: <54.193.36.194:26489?addrs=54.193.36.194-26489>
    DAG Node: stage_in_local_local_2_1
    pool:local
...
000 (2541.000.000) 11/07 20:05:31 Job submitted from host: <54.193.36.194:26489?addrs=54.193.36.194-26489>
    DAG Node: stage_in_remote_local_1_0
    pool:local
...
000 (2542.000.000) 11/07 20:05:31 Job submitted from host: <54.193.36.194:26489?addrs=54.193.36.194-26489>
    DAG Node: stage_in_local_local_3_1
    pool:local
...
000 (2543.000.000) 11/07 20:05:31 Job submitted from host: <54.193.36.194:26489?addrs=54.193.36.194-26489>
    DAG Node: stage_in_local_local_5_0
    pool:local
...
016 (2536.000.000) 11/07 20:05:31 POST Script terminated.
	(1) Normal termination (return value 0)
    DAG Node: stage_in_local_local_6_0
...
016 (2534.000.000) 11/07 20:05:31 POST Script terminated.
	(1) Normal termination (return value 0)
    DAG Node: stage_in_local_local_0_0
...
016 (2535.000.000) 11/07 20:05:31 POST Script terminated.
	(1) Normal termination (return value 0)
    DAG Node: stage_in_remote_local_2_1
...
005 (2537.000.000) 11/07 20:05:32 Job terminated.
	(1) Normal termination (return value 0)
		Usr 0 00:00:00, Sys 0 00:00:00  -  Run Remote Usage
		Usr 0 00:00:00, Sys 0 00:00:00  -  Run Local Usage
		Usr 0 00:00:00, Sys 0 00:00:00  -  Total Remote Usage
		Usr 0 00:00:00, Sys 0 00:00:00  -  Total Local Usage
	0  -  Run Bytes Sent By Job
	0  -  Run Bytes Received By Job
	0  -  Total Bytes Sent By Job
	0  -  Total Bytes Received By Job
...
001 (2539.000.000) 11/07 20:05:32 Job executing on host: <54.193.36.194:20688?addrs=54.193.36.194-20688>
...
001 (2540.000.000) 11/07 20:05:32 Job executing on host: <54.193.36.194:20202?addrs=54.193.36.194-20202>
...
005 (2538.000.000) 11/07 20:05:32 Job terminated.
	(1) Normal termination (return value 0)
		Usr 0 00:00:00, Sys 0 00:00:00  -  Run Remote Usage
		Usr 0 00:00:00, Sys 0 00:00:00  -  Run Local Usage
		Usr 0 00:00:00, Sys 0 00:00:00  -  Total Remote Usage
		Usr 0 00:00:00, Sys 0 00:00:00  -  Total Local Usage
	0  -  Run Bytes Sent By Job
	0  -  Run Bytes Received By Job
	0  -  Total Bytes Sent By Job
	0  -  Total Bytes Received By Job
...
001 (2541.000.000) 11/07 20:05:32 Job executing on host: <54.193.36.194:11521?addrs=54.193.36.194-11521>
...
001 (2542.000.000) 11/07 20:05:32 Job executing on host: <54.193.36.194:5256?addrs=54.193.36.194-5256>
...
001 (2543.000.000) 11/07 20:05:33 Job executing on host: <54.193.36.194:22424?addrs=54.193.36.194-22424>
...
005 (2540.000.000) 11/07 20:05:35 Job terminated.
	(1) Normal termination (return value 0)
		Usr 0 00:00:00, Sys 0 00:00:00  -  Run Remote Usage
		Usr 0 00:00:00, Sys 0 00:00:00  -  Run Local Usage
		Usr 0 00:00:00, Sys 0 00:00:00  -  Total Remote Usage
		Usr 0 00:00:00, Sys 0 00:00:00  -  Total Local Usage
	0  -  Run Bytes Sent By Job
	0  -  Run Bytes Received By Job
	0  -  Total Bytes Sent By Job
	0  -  Total Bytes Received By Job
...
005 (2541.000.000) 11/07 20:05:35 Job terminated.
	(1) Normal termination (return value 0)
		Usr 0 00:00:00, Sys 0 00:00:00  -  Run Remote Usage
		Usr 0 00:00:00, Sys 0 00:00:00  -  Run Local Usage
		Usr 0 00:00:00, Sys 0 00:00:00  -  Total Remote Usage
		Usr 0 00:00:00, Sys 0 00:00:00  -  Total Local Usage
	0  -  Run Bytes Sent By Job
	0  -  Run Bytes Received By Job
	0  -  Total Bytes Sent By Job
	0  -  Total Bytes Received By Job
...
000 (2544.000.000) 11/07 20:05:36 Job submitted from host: <54.193.36.194:26489?addrs=54.193.36.194-26489>
    DAG Node: stage_in_local_local_3_0
    pool:local
...
000 (2545.000.000) 11/07 20:05:36 Job submitted from host: <54.193.36.194:26489?addrs=54.193.36.194-26489>
    DAG Node: stage_in_local_local_5_1
    pool:local
...
000 (2546.000.000) 11/07 20:05:36 Job submitted from host: <54.193.36.194:26489?addrs=54.193.36.194-26489>
    DAG Node: stage_in_local_local_4_0
    pool:local
...
000 (2547.000.000) 11/07 20:05:36 Job submitted from host: <54.193.36.194:26489?addrs=54.193.36.194-26489>
    DAG Node: stage_in_local_local_7_0
    pool:local
...
000 (2548.000.000) 11/07 20:05:36 Job submitted from host: <54.193.36.194:26489?addrs=54.193.36.194-26489>
    DAG Node: stage_in_local_local_4_1
    pool:local
...
016 (2540.000.000) 11/07 20:05:37 POST Script terminated.
	(1) Normal termination (return value 0)
    DAG Node: stage_in_local_local_2_1
...
016 (2541.000.000) 11/07 20:05:37 POST Script terminated.
	(1) Normal termination (return value 0)
    DAG Node: stage_in_remote_local_1_0
...
016 (2538.000.000) 11/07 20:05:37 POST Script terminated.
	(1) Normal termination (return value 0)
    DAG Node: stage_in_remote_local_5_0
...
016 (2537.000.000) 11/07 20:05:37 POST Script terminated.
	(1) Normal termination (return value 0)
    DAG Node: stage_in_remote_local_5_1
...
005 (2539.000.000) 11/07 20:05:37 Job terminated.
	(1) Normal termination (return value 0)
		Usr 0 00:00:00, Sys 0 00:00:00  -  Run Remote Usage
		Usr 0 00:00:00, Sys 0 00:00:00  -  Run Local Usage
		Usr 0 00:00:00, Sys 0 00:00:00  -  Total Remote Usage
		Usr 0 00:00:00, Sys 0 00:00:00  -  Total Local Usage
	0  -  Run Bytes Sent By Job
	0  -  Run Bytes Received By Job
	0  -  Total Bytes Sent By Job
	0  -  Total Bytes Received By Job
...
005 (2543.000.000) 11/07 20:05:37 Job terminated.
	(1) Normal termination (return value 0)
		Usr 0 00:00:00, Sys 0 00:00:00  -  Run Remote Usage
		Usr 0 00:00:00, Sys 0 00:00:00  -  Run Local Usage
		Usr 0 00:00:00, Sys 0 00:00:00  -  Total Remote Usage
		Usr 0 00:00:00, Sys 0 00:00:00  -  Total Local Usage
	0  -  Run Bytes Sent By Job
	0  -  Run Bytes Received By Job
	0  -  Total Bytes Sent By Job
	0  -  Total Bytes Received By Job
...
005 (2542.000.000) 11/07 20:05:37 Job terminated.
	(1) Normal termination (return value 0)
		Usr 0 00:00:00, Sys 0 00:00:00  -  Run Remote Usage
		Usr 0 00:00:00, Sys 0 00:00:00  -  Run Local Usage
		Usr 0 00:00:00, Sys 0 00:00:00  -  Total Remote Usage
		Usr 0 00:00:00, Sys 0 00:00:00  -  Total Local Usage
	0  -  Run Bytes Sent By Job
	0  -  Run Bytes Received By Job
	0  -  Total Bytes Sent By Job
	0  -  Total Bytes Received By Job
...
001 (2546.000.000) 11/07 20:05:37 Job executing on host: <54.193.36.194:21947?addrs=54.193.36.194-21947>
...
001 (2547.000.000) 11/07 20:05:37 Job executing on host: <54.193.36.194:63458?addrs=54.193.36.194-63458>
...
001 (2544.000.000) 11/07 20:05:37 Job executing on host: <54.193.36.194:50340?addrs=54.193.36.194-50340>
...
001 (2548.000.000) 11/07 20:05:37 Job executing on host: <54.193.36.194:11872?addrs=54.193.36.194-11872>
...
001 (2545.000.000) 11/07 20:05:37 Job executing on host: <54.193.36.194:9159?addrs=54.193.36.194-9159>
...
005 (2547.000.000) 11/07 20:05:40 Job terminated.
	(1) Normal termination (return value 0)
		Usr 0 00:00:00, Sys 0 00:00:00  -  Run Remote Usage
		Usr 0 00:00:00, Sys 0 00:00:00  -  Run Local Usage
		Usr 0 00:00:00, Sys 0 00:00:00  -  Total Remote Usage
		Usr 0 00:00:00, Sys 0 00:00:00  -  Total Local Usage
	0  -  Run Bytes Sent By Job
	0  -  Run Bytes Received By Job
	0  -  Total Bytes Sent By Job
	0  -  Total Bytes Received By Job
...
005 (2546.000.000) 11/07 20:05:42 Job terminated.
	(1) Normal termination (return value 0)
		Usr 0 00:00:00, Sys 0 00:00:00  -  Run Remote Usage
		Usr 0 00:00:00, Sys 0 00:00:00  -  Run Local Usage
		Usr 0 00:00:00, Sys 0 00:00:00  -  Total Remote Usage
		Usr 0 00:00:00, Sys 0 00:00:00  -  Total Local Usage
	0  -  Run Bytes Sent By Job
	0  -  Run Bytes Received By Job
	0  -  Total Bytes Sent By Job
	0  -  Total Bytes Received By Job
...
000 (2549.000.000) 11/07 20:05:42 Job submitted from host: <54.193.36.194:26489?addrs=54.193.36.194-26489>
    DAG Node: stage_in_local_local_1_0
    pool:local
...
001 (2549.000.000) 11/07 20:05:42 Job executing on host: <54.193.36.194:51842?addrs=54.193.36.194-51842>
...
000 (2550.000.000) 11/07 20:05:42 Job submitted from host: <54.193.36.194:26489?addrs=54.193.36.194-26489>
    DAG Node: stage_in_remote_local_4_1
    pool:local
...
005 (2544.000.000) 11/07 20:05:42 Job terminated.
	(1) Normal termination (return value 0)
		Usr 0 00:00:00, Sys 0 00:00:00  -  Run Remote Usage
		Usr 0 00:00:00, Sys 0 00:00:00  -  Run Local Usage
		Usr 0 00:00:00, Sys 0 00:00:00  -  Total Remote Usage
		Usr 0 00:00:00, Sys 0 00:00:00  -  Total Local Usage
	0  -  Run Bytes Sent By Job
	0  -  Run Bytes Received By Job
	0  -  Total Bytes Sent By Job
	0  -  Total Bytes Received By Job
...
005 (2545.000.000) 11/07 20:05:42 Job terminated.
	(1) Normal termination (return value 0)
		Usr 0 00:00:00, Sys 0 00:00:00  -  Run Remote Usage
		Usr 0 00:00:00, Sys 0 00:00:00  -  Run Local Usage
		Usr 0 00:00:00, Sys 0 00:00:00  -  Total Remote Usage
		Usr 0 00:00:00, Sys 0 00:00:00  -  Total Local Usage
	0  -  Run Bytes Sent By Job
	0  -  Run Bytes Received By Job
	0  -  Total Bytes Sent By Job
	0  -  Total Bytes Received By Job
...
005 (2548.000.000) 11/07 20:05:42 Job terminated.
	(1) Normal termination (return value 0)
		Usr 0 00:00:00, Sys 0 00:00:00  -  Run Remote Usage
		Usr 0 00:00:00, Sys 0 00:00:00  -  Run Local Usage
		Usr 0 00:00:00, Sys 0 00:00:00  -  Total Remote Usage
		Usr 0 00:00:00, Sys 0 00:00:00  -  Total Local Usage
	0  -  Run Bytes Sent By Job
	0  -  Run Bytes Received By Job
	0  -  Total Bytes Sent By Job
	0  -  Total Bytes Received By Job
...
000 (2551.000.000) 11/07 20:05:42 Job submitted from host: <54.193.36.194:26489?addrs=54.193.36.194-26489>
    DAG Node: stage_in_remote_local_4_0
    pool:local
...
001 (2550.000.000) 11/07 20:05:42 Job executing on host: <54.193.36.194:15775?addrs=54.193.36.194-15775>
...
001 (2551.000.000) 11/07 20:05:43 Job executing on host: <54.193.36.194:40062?addrs=54.193.36.194-40062>
...
000 (2552.000.000) 11/07 20:05:43 Job submitted from host: <54.193.36.194:26489?addrs=54.193.36.194-26489>
    DAG Node: stage_in_remote_local_2_0
    pool:local
...
001 (2552.000.000) 11/07 20:05:43 Job executing on host: <54.193.36.194:61117?addrs=54.193.36.194-61117>
...
000 (2553.000.000) 11/07 20:05:43 Job submitted from host: <54.193.36.194:26489?addrs=54.193.36.194-26489>
    DAG Node: stage_in_remote_local_3_1
    pool:local
...
016 (2548.000.000) 11/07 20:05:44 POST Script terminated.
	(1) Normal termination (return value 0)
    DAG Node: stage_in_local_local_4_1
...
016 (2543.000.000) 11/07 20:05:44 POST Script terminated.
	(1) Normal termination (return value 0)
    DAG Node: stage_in_local_local_5_0
...
016 (2542.000.000) 11/07 20:05:44 POST Script terminated.
	(1) Normal termination (return value 0)
    DAG Node: stage_in_local_local_3_1
...
016 (2545.000.000) 11/07 20:05:44 POST Script terminated.
	(1) Normal termination (return value 0)
    DAG Node: stage_in_local_local_5_1
...
016 (2539.000.000) 11/07 20:05:44 POST Script terminated.
	(1) Normal termination (return value 0)
    DAG Node: stage_in_local_local_2_0
...
016 (2544.000.000) 11/07 20:05:44 POST Script terminated.
	(1) Normal termination (return value 0)
    DAG Node: stage_in_local_local_3_0
...
016 (2546.000.000) 11/07 20:05:44 POST Script terminated.
	(1) Normal termination (return value 0)
    DAG Node: stage_in_local_local_4_0
...
016 (2547.000.000) 11/07 20:05:44 POST Script terminated.
	(1) Normal termination (return value 0)
    DAG Node: stage_in_local_local_7_0
...
005 (2549.000.000) 11/07 20:05:44 Job terminated.
	(1) Normal termination (return value 0)
		Usr 0 00:00:00, Sys 0 00:00:00  -  Run Remote Usage
		Usr 0 00:00:00, Sys 0 00:00:00  -  Run Local Usage
		Usr 0 00:00:00, Sys 0 00:00:00  -  Total Remote Usage
		Usr 0 00:00:00, Sys 0 00:00:00  -  Total Local Usage
	0  -  Run Bytes Sent By Job
	0  -  Run Bytes Received By Job
	0  -  Total Bytes Sent By Job
	0  -  Total Bytes Received By Job
...
001 (2553.000.000) 11/07 20:05:45 Job executing on host: <54.193.36.194:60200?addrs=54.193.36.194-60200>
...
005 (2550.000.000) 11/07 20:05:47 Job terminated.
	(1) Normal termination (return value 0)
		Usr 0 00:00:00, Sys 0 00:00:00  -  Run Remote Usage
		Usr 0 00:00:00, Sys 0 00:00:00  -  Run Local Usage
		Usr 0 00:00:00, Sys 0 00:00:00  -  Total Remote Usage
		Usr 0 00:00:00, Sys 0 00:00:00  -  Total Local Usage
	0  -  Run Bytes Sent By Job
	0  -  Run Bytes Received By Job
	0  -  Total Bytes Sent By Job
	0  -  Total Bytes Received By Job
...
005 (2551.000.000) 11/07 20:05:47 Job terminated.
	(1) Normal termination (return value 0)
		Usr 0 00:00:00, Sys 0 00:00:00  -  Run Remote Usage
		Usr 0 00:00:00, Sys 0 00:00:00  -  Run Local Usage
		Usr 0 00:00:00, Sys 0 00:00:00  -  Total Remote Usage
		Usr 0 00:00:00, Sys 0 00:00:00  -  Total Local Usage
	0  -  Run Bytes Sent By Job
	0  -  Run Bytes Received By Job
	0  -  Total Bytes Sent By Job
	0  -  Total Bytes Received By Job
...
005 (2552.000.000) 11/07 20:05:47 Job terminated.
	(1) Normal termination (return value 0)
		Usr 0 00:00:00, Sys 0 00:00:00  -  Run Remote Usage
		Usr 0 00:00:00, Sys 0 00:00:00  -  Run Local Usage
		Usr 0 00:00:00, Sys 0 00:00:00  -  Total Remote Usage
		Usr 0 00:00:00, Sys 0 00:00:00  -  Total Local Usage
	0  -  Run Bytes Sent By Job
	0  -  Run Bytes Received By Job
	0  -  Total Bytes Sent By Job
	0  -  Total Bytes Received By Job
...
000 (2554.000.000) 11/07 20:05:48 Job submitted from host: <54.193.36.194:26489?addrs=54.193.36.194-26489>
    DAG Node: stage_in_remote_local_3_0
    pool:local
...
000 (2555.000.000) 11/07 20:05:48 Job submitted from host: <54.193.36.194:26489?addrs=54.193.36.194-26489>
    DAG Node: stage_in_remote_local_6_0
    pool:local
...
000 (2556.000.000) 11/07 20:05:48 Job submitted from host: <54.193.36.194:26489?addrs=54.193.36.194-26489>
    DAG Node: init_0_ID0000001
    pool:condorpool
...
005 (2553.000.000) 11/07 20:05:49 Job terminated.
	(1) Normal termination (return value 0)
		Usr 0 00:00:00, Sys 0 00:00:00  -  Run Remote Usage
		Usr 0 00:00:00, Sys 0 00:00:00  -  Run Local Usage
		Usr 0 00:00:00, Sys 0 00:00:00  -  Total Remote Usage
		Usr 0 00:00:00, Sys 0 00:00:00  -  Total Local Usage
	0  -  Run Bytes Sent By Job
	0  -  Run Bytes Received By Job
	0  -  Total Bytes Sent By Job
	0  -  Total Bytes Received By Job
...
016 (2550.000.000) 11/07 20:05:49 POST Script terminated.
	(1) Normal termination (return value 0)
    DAG Node: stage_in_remote_local_4_1
...
001 (2554.000.000) 11/07 20:05:49 Job executing on host: <54.193.36.194:14338?addrs=54.193.36.194-14338>
...
001 (2555.000.000) 11/07 20:05:49 Job executing on host: <54.193.36.194:6632?addrs=54.193.36.194-6632>
...
016 (2552.000.000) 11/07 20:05:49 POST Script terminated.
	(1) Normal termination (return value 0)
    DAG Node: stage_in_remote_local_2_0
...
016 (2549.000.000) 11/07 20:05:49 POST Script terminated.
	(1) Normal termination (return value 0)
    DAG Node: stage_in_local_local_1_0
...
016 (2551.000.000) 11/07 20:05:49 POST Script terminated.
	(1) Normal termination (return value 0)
    DAG Node: stage_in_remote_local_4_0
...
005 (2555.000.000) 11/07 20:05:51 Job terminated.
	(1) Normal termination (return value 0)
		Usr 0 00:00:00, Sys 0 00:00:00  -  Run Remote Usage
		Usr 0 00:00:00, Sys 0 00:00:00  -  Run Local Usage
		Usr 0 00:00:00, Sys 0 00:00:00  -  Total Remote Usage
		Usr 0 00:00:00, Sys 0 00:00:00  -  Total Local Usage
	0  -  Run Bytes Sent By Job
	0  -  Run Bytes Received By Job
	0  -  Total Bytes Sent By Job
	0  -  Total Bytes Received By Job
...
005 (2554.000.000) 11/07 20:05:53 Job terminated.
	(1) Normal termination (return value 0)
		Usr 0 00:00:00, Sys 0 00:00:00  -  Run Remote Usage
		Usr 0 00:00:00, Sys 0 00:00:00  -  Run Local Usage
		Usr 0 00:00:00, Sys 0 00:00:00  -  Total Remote Usage
		Usr 0 00:00:00, Sys 0 00:00:00  -  Total Local Usage
	0  -  Run Bytes Sent By Job
	0  -  Run Bytes Received By Job
	0  -  Total Bytes Sent By Job
	0  -  Total Bytes Received By Job
...
016 (2555.000.000) 11/07 20:05:54 POST Script terminated.
	(1) Normal termination (return value 0)
    DAG Node: stage_in_remote_local_6_0
...
016 (2553.000.000) 11/07 20:05:54 POST Script terminated.
	(1) Normal termination (return value 0)
    DAG Node: stage_in_remote_local_3_1
...
016 (2554.000.000) 11/07 20:05:54 POST Script terminated.
	(1) Normal termination (return value 0)
    DAG Node: stage_in_remote_local_3_0
...
001 (2556.000.000) 11/07 20:06:06 Job executing on host: <54.200.57.163:59896?addrs=54.200.57.163-59896&noUDP>
...
005 (2556.000.000) 11/07 20:06:08 Job terminated.
	(1) Normal termination (return value 0)
		Usr 0 00:00:00, Sys 0 00:00:00  -  Run Remote Usage
		Usr 0 00:00:00, Sys 0 00:00:00  -  Run Local Usage
		Usr 0 00:00:00, Sys 0 00:00:00  -  Total Remote Usage
		Usr 0 00:00:00, Sys 0 00:00:00  -  Total Local Usage
	4455  -  Run Bytes Sent By Job
	3170225  -  Run Bytes Received By Job
	4455  -  Total Bytes Sent By Job
	3170225  -  Total Bytes Received By Job
	Partitionable Resources :    Usage  Request Allocated
	   Cpus                 :                 1         1
	   Disk (KB)            :     6106     3250  27636912
	   Memory (MB)          :        0        1      3764
...
016 (2556.000.000) 11/07 20:06:08 POST Script terminated.
	(1) Normal termination (return value 0)
    DAG Node: init_0_ID0000001
...
000 (2557.000.000) 11/07 20:06:18 Job submitted from host: <54.193.36.194:26489?addrs=54.193.36.194-26489>
    DAG Node: clean_up_local_level_3_0
    pool:local
...
000 (2558.000.000) 11/07 20:06:18 Job submitted from host: <54.193.36.194:26489?addrs=54.193.36.194-26489>
    DAG Node: generalinfo_0_ID0000002
    pool:condorpool
...
001 (2557.000.000) 11/07 20:06:18 Job executing on host: <54.193.36.194:8117?addrs=54.193.36.194-8117>
...
001 (2558.000.000) 11/07 20:06:19 Job executing on host: <54.200.57.163:59896?addrs=54.200.57.163-59896&noUDP>
...
005 (2557.000.000) 11/07 20:06:20 Job terminated.
	(1) Normal termination (return value 0)
		Usr 0 00:00:00, Sys 0 00:00:00  -  Run Remote Usage
		Usr 0 00:00:00, Sys 0 00:00:00  -  Run Local Usage
		Usr 0 00:00:00, Sys 0 00:00:00  -  Total Remote Usage
		Usr 0 00:00:00, Sys 0 00:00:00  -  Total Local Usage
	0  -  Run Bytes Sent By Job
	0  -  Run Bytes Received By Job
	0  -  Total Bytes Sent By Job
	0  -  Total Bytes Received By Job
...
016 (2557.000.000) 11/07 20:06:23 POST Script terminated.
	(1) Normal termination (return value 0)
    DAG Node: clean_up_local_level_3_0
...
005 (2558.000.000) 11/07 20:10:23 Job terminated.
	(1) Normal termination (return value 0)
		Usr 0 00:03:18, Sys 0 00:00:02  -  Run Remote Usage
		Usr 0 00:00:00, Sys 0 00:00:00  -  Run Local Usage
		Usr 0 00:03:18, Sys 0 00:00:02  -  Total Remote Usage
		Usr 0 00:00:00, Sys 0 00:00:00  -  Total Local Usage
	5909  -  Run Bytes Sent By Job
	3169158  -  Run Bytes Received By Job
	5909  -  Total Bytes Sent By Job
	3169158  -  Total Bytes Received By Job
	Partitionable Resources :    Usage  Request Allocated
	   Cpus                 :                 1         1
	   Disk (KB)            :     6108     3250  27636912
	   Memory (MB)          :       45        1      3764
...
016 (2558.000.000) 11/07 20:10:24 POST Script terminated.
	(1) Normal termination (return value 0)
    DAG Node: generalinfo_0_ID0000002
...
000 (2559.000.000) 11/07 20:10:34 Job submitted from host: <54.193.36.194:26489?addrs=54.193.36.194-26489>
    DAG Node: clean_up_local_level_4_0
    pool:local
...
001 (2559.000.000) 11/07 20:10:34 Job executing on host: <54.193.36.194:24869?addrs=54.193.36.194-24869>
...
000 (2560.000.000) 11/07 20:10:34 Job submitted from host: <54.193.36.194:26489?addrs=54.193.36.194-26489>
    DAG Node: statscpumemory_0_ID0000003
    pool:condorpool
...
000 (2561.000.000) 11/07 20:10:34 Job submitted from host: <54.193.36.194:26489?addrs=54.193.36.194-26489>
    DAG Node: medianmemory_0_ID0000005
    pool:condorpool
...
000 (2562.000.000) 11/07 20:10:34 Job submitted from host: <54.193.36.194:26489?addrs=54.193.36.194-26489>
    DAG Node: mediancpu_0_ID0000004
    pool:condorpool
...
001 (2560.000.000) 11/07 20:10:34 Job executing on host: <54.200.57.163:59896?addrs=54.200.57.163-59896&noUDP>
...
005 (2559.000.000) 11/07 20:10:38 Job terminated.
	(1) Normal termination (return value 0)
		Usr 0 00:00:00, Sys 0 00:00:00  -  Run Remote Usage
		Usr 0 00:00:00, Sys 0 00:00:00  -  Run Local Usage
		Usr 0 00:00:00, Sys 0 00:00:00  -  Total Remote Usage
		Usr 0 00:00:00, Sys 0 00:00:00  -  Total Local Usage
	0  -  Run Bytes Sent By Job
	0  -  Run Bytes Received By Job
	0  -  Total Bytes Sent By Job
	0  -  Total Bytes Received By Job
...
016 (2559.000.000) 11/07 20:10:39 POST Script terminated.
	(1) Normal termination (return value 0)
    DAG Node: clean_up_local_level_4_0
...
001 (2562.000.000) 11/07 20:10:47 Job executing on host: <54.213.178.100:11571?addrs=54.213.178.100-11571&noUDP>
...
001 (2561.000.000) 11/07 20:10:47 Job executing on host: <54.203.21.96:39975?addrs=54.203.21.96-39975&noUDP>
...
005 (2560.000.000) 11/07 20:19:05 Job terminated.
	(1) Normal termination (return value 0)
		Usr 0 00:06:46, Sys 0 00:00:05  -  Run Remote Usage
		Usr 0 00:00:00, Sys 0 00:00:00  -  Run Local Usage
		Usr 0 00:06:46, Sys 0 00:00:05  -  Total Remote Usage
		Usr 0 00:00:00, Sys 0 00:00:00  -  Total Local Usage
	6627  -  Run Bytes Sent By Job
	3171330  -  Run Bytes Received By Job
	6627  -  Total Bytes Sent By Job
	3171330  -  Total Bytes Received By Job
	Partitionable Resources :    Usage  Request Allocated
	   Cpus                 :                 1         1
	   Disk (KB)            :     6110     3250  27636912
	   Memory (MB)          :      134        1      3764
...
016 (2560.000.000) 11/07 20:19:05 POST Script terminated.
	(1) Normal termination (return value 0)
    DAG Node: statscpumemory_0_ID0000003
...
005 (2561.000.000) 11/07 20:19:42 Job terminated.
	(1) Normal termination (return value 0)
		Usr 0 00:07:16, Sys 0 00:00:05  -  Run Remote Usage
		Usr 0 00:00:00, Sys 0 00:00:00  -  Run Local Usage
		Usr 0 00:07:16, Sys 0 00:00:05  -  Total Remote Usage
		Usr 0 00:00:00, Sys 0 00:00:00  -  Total Local Usage
	378169  -  Run Bytes Sent By Job
	3169055  -  Run Bytes Received By Job
	378169  -  Total Bytes Sent By Job
	3169055  -  Total Bytes Received By Job
	Partitionable Resources :    Usage  Request Allocated
	   Cpus                 :                 1         1
	   Disk (KB)            :   400086     3250  27636644
	   Memory (MB)          :      140        1      3764
...
016 (2561.000.000) 11/07 20:19:45 POST Script terminated.
	(1) Normal termination (return value 0)
    DAG Node: medianmemory_0_ID0000005
...
000 (2563.000.000) 11/07 20:19:55 Job submitted from host: <54.193.36.194:26489?addrs=54.193.36.194-26489>
    DAG Node: clean_up_local_level_5_0
    pool:local
...
001 (2563.000.000) 11/07 20:19:55 Job executing on host: <54.193.36.194:42789?addrs=54.193.36.194-42789>
...
005 (2562.000.000) 11/07 20:19:55 Job terminated.
	(1) Normal termination (return value 0)
		Usr 0 00:07:27, Sys 0 00:00:05  -  Run Remote Usage
		Usr 0 00:00:00, Sys 0 00:00:00  -  Run Local Usage
		Usr 0 00:07:27, Sys 0 00:00:05  -  Total Remote Usage
		Usr 0 00:00:00, Sys 0 00:00:00  -  Total Local Usage
	381243  -  Run Bytes Sent By Job
	3169019  -  Run Bytes Received By Job
	381243  -  Total Bytes Sent By Job
	3169019  -  Total Bytes Received By Job
	Partitionable Resources :    Usage  Request Allocated
	   Cpus                 :                 1         1
	   Disk (KB)            :   391570     3250  27637932
	   Memory (MB)          :      105        1      3764
...
016 (2562.000.000) 11/07 20:20:01 POST Script terminated.
	(1) Normal termination (return value 0)
    DAG Node: mediancpu_0_ID0000004
...
005 (2563.000.000) 11/07 20:20:04 Job terminated.
	(1) Normal termination (return value 0)
		Usr 0 00:00:00, Sys 0 00:00:00  -  Run Remote Usage
		Usr 0 00:00:00, Sys 0 00:00:00  -  Run Local Usage
		Usr 0 00:00:00, Sys 0 00:00:00  -  Total Remote Usage
		Usr 0 00:00:00, Sys 0 00:00:00  -  Total Local Usage
	0  -  Run Bytes Sent By Job
	0  -  Run Bytes Received By Job
	0  -  Total Bytes Sent By Job
	0  -  Total Bytes Received By Job
...
016 (2563.000.000) 11/07 20:20:05 POST Script terminated.
	(1) Normal termination (return value 0)
    DAG Node: clean_up_local_level_5_0
...
000 (2564.000.000) 11/07 20:20:10 Job submitted from host: <54.193.36.194:26489?addrs=54.193.36.194-26489>
    DAG Node: taskevent_6_ID0000012
    pool:condorpool
...
000 (2565.000.000) 11/07 20:20:10 Job submitted from host: <54.193.36.194:26489?addrs=54.193.36.194-26489>
    DAG Node: taskevent_0_ID0000006
    pool:condorpool
...
000 (2566.000.000) 11/07 20:20:10 Job submitted from host: <54.193.36.194:26489?addrs=54.193.36.194-26489>
    DAG Node: taskevent_3_ID0000009
    pool:condorpool
...
000 (2567.000.000) 11/07 20:20:10 Job submitted from host: <54.193.36.194:26489?addrs=54.193.36.194-26489>
    DAG Node: taskevent_1_ID0000007
    pool:condorpool
...
000 (2568.000.000) 11/07 20:20:10 Job submitted from host: <54.193.36.194:26489?addrs=54.193.36.194-26489>
    DAG Node: taskevent_5_ID0000011
    pool:condorpool
...
001 (2564.000.000) 11/07 20:20:11 Job executing on host: <54.213.178.100:11571?addrs=54.213.178.100-11571&noUDP>
...
000 (2569.000.000) 11/07 20:20:16 Job submitted from host: <54.193.36.194:26489?addrs=54.193.36.194-26489>
    DAG Node: taskevent_4_ID0000010
    pool:condorpool
...
000 (2570.000.000) 11/07 20:20:16 Job submitted from host: <54.193.36.194:26489?addrs=54.193.36.194-26489>
    DAG Node: taskevent_2_ID0000008
    pool:condorpool
...
000 (2571.000.000) 11/07 20:20:16 Job submitted from host: <54.193.36.194:26489?addrs=54.193.36.194-26489>
    DAG Node: taskevent_8_ID0000014
    pool:condorpool
...
000 (2572.000.000) 11/07 20:20:16 Job submitted from host: <54.193.36.194:26489?addrs=54.193.36.194-26489>
    DAG Node: taskevent_7_ID0000013
    pool:condorpool
...
000 (2573.000.000) 11/07 20:20:16 Job submitted from host: <54.193.36.194:26489?addrs=54.193.36.194-26489>
    DAG Node: clean_up_local_level_5_1
    pool:local
...
001 (2573.000.000) 11/07 20:20:20 Job executing on host: <54.193.36.194:29202?addrs=54.193.36.194-29202>
...
005 (2564.000.000) 11/07 20:20:21 Job terminated.
	(1) Normal termination (return value 0)
		Usr 0 00:00:00, Sys 0 00:00:00  -  Run Remote Usage
		Usr 0 00:00:00, Sys 0 00:00:00  -  Run Local Usage
		Usr 0 00:00:00, Sys 0 00:00:00  -  Total Remote Usage
		Usr 0 00:00:00, Sys 0 00:00:00  -  Total Local Usage
	8783  -  Run Bytes Sent By Job
	3175795  -  Run Bytes Received By Job
	8783  -  Total Bytes Sent By Job
	3175795  -  Total Bytes Received By Job
	Partitionable Resources :    Usage  Request Allocated
	   Cpus                 :                 1         1
	   Disk (KB)            :     6119     3250  27637932
	   Memory (MB)          :        2        1      3764
...
001 (2565.000.000) 11/07 20:20:22 Job executing on host: <54.213.178.100:11571?addrs=54.213.178.100-11571&noUDP>
...
005 (2573.000.000) 11/07 20:20:24 Job terminated.
	(1) Normal termination (return value 0)
		Usr 0 00:00:00, Sys 0 00:00:00  -  Run Remote Usage
		Usr 0 00:00:00, Sys 0 00:00:00  -  Run Local Usage
		Usr 0 00:00:00, Sys 0 00:00:00  -  Total Remote Usage
		Usr 0 00:00:00, Sys 0 00:00:00  -  Total Local Usage
	0  -  Run Bytes Sent By Job
	0  -  Run Bytes Received By Job
	0  -  Total Bytes Sent By Job
	0  -  Total Bytes Received By Job
...
016 (2573.000.000) 11/07 20:20:26 POST Script terminated.
	(1) Normal termination (return value 0)
    DAG Node: clean_up_local_level_5_1
...
016 (2564.000.000) 11/07 20:20:26 POST Script terminated.
	(1) Normal termination (return value 0)
    DAG Node: taskevent_6_ID0000012
...
001 (2569.000.000) 11/07 20:20:27 Job executing on host: <54.203.100.129:17367?addrs=54.203.100.129-17367&noUDP>
...
001 (2566.000.000) 11/07 20:20:27 Job executing on host: <54.200.57.163:59896?addrs=54.200.57.163-59896&noUDP>
...
001 (2568.000.000) 11/07 20:20:27 Job executing on host: <54.213.165.101:47304?addrs=54.213.165.101-47304&noUDP>
...
001 (2567.000.000) 11/07 20:20:27 Job executing on host: <54.203.21.96:39975?addrs=54.203.21.96-39975&noUDP>
...
001 (2572.000.000) 11/07 20:20:27 Job executing on host: <54.187.178.99:18162?addrs=54.187.178.99-18162&noUDP>
...
001 (2570.000.000) 11/07 20:20:27 Job executing on host: <54.213.131.229:3248?addrs=54.213.131.229-3248&noUDP>
...
001 (2571.000.000) 11/07 20:20:27 Job executing on host: <54.213.172.44:55300?addrs=54.213.172.44-55300&noUDP>
...
005 (2572.000.000) 11/07 20:20:40 Job terminated.
	(1) Normal termination (return value 0)
		Usr 0 00:00:00, Sys 0 00:00:00  -  Run Remote Usage
		Usr 0 00:00:00, Sys 0 00:00:00  -  Run Local Usage
		Usr 0 00:00:00, Sys 0 00:00:00  -  Total Remote Usage
		Usr 0 00:00:00, Sys 0 00:00:00  -  Total Local Usage
	8786  -  Run Bytes Sent By Job
	3175795  -  Run Bytes Received By Job
	8786  -  Total Bytes Sent By Job
	3175795  -  Total Bytes Received By Job
	Partitionable Resources :    Usage  Request Allocated
	   Cpus                 :                 1         1
	   Disk (KB)            :     6119     3250  27664016
	   Memory (MB)          :        2        1      3764
...
016 (2572.000.000) 11/07 20:20:41 POST Script terminated.
	(1) Normal termination (return value 0)
    DAG Node: taskevent_7_ID0000013
...
005 (2571.000.000) 11/07 20:21:20 Job terminated.
	(1) Normal termination (return value 0)
		Usr 0 00:00:10, Sys 0 00:00:00  -  Run Remote Usage
		Usr 0 00:00:00, Sys 0 00:00:00  -  Run Local Usage
		Usr 0 00:00:10, Sys 0 00:00:00  -  Total Remote Usage
		Usr 0 00:00:00, Sys 0 00:00:00  -  Total Local Usage
	8813  -  Run Bytes Sent By Job
	3175795  -  Run Bytes Received By Job
	8813  -  Total Bytes Sent By Job
	3175795  -  Total Bytes Received By Job
	Partitionable Resources :    Usage  Request Allocated
	   Cpus                 :                 1         1
	   Disk (KB)            :     6119     3250  27638204
	   Memory (MB)          :        2        1      3764
...
016 (2571.000.000) 11/07 20:21:22 POST Script terminated.
	(1) Normal termination (return value 0)
    DAG Node: taskevent_8_ID0000014
...
005 (2566.000.000) 11/07 20:21:27 Job terminated.
	(1) Normal termination (return value 0)
		Usr 0 00:00:10, Sys 0 00:00:00  -  Run Remote Usage
		Usr 0 00:00:00, Sys 0 00:00:00  -  Run Local Usage
		Usr 0 00:00:10, Sys 0 00:00:00  -  Total Remote Usage
		Usr 0 00:00:00, Sys 0 00:00:00  -  Total Local Usage
	8790  -  Run Bytes Sent By Job
	3175795  -  Run Bytes Received By Job
	8790  -  Total Bytes Sent By Job
	3175795  -  Total Bytes Received By Job
	Partitionable Resources :    Usage  Request Allocated
	   Cpus                 :                 1         1
	   Disk (KB)            :     6119     3250  27636812
	   Memory (MB)          :        2        1      3764
...
016 (2566.000.000) 11/07 20:21:31 POST Script terminated.
	(1) Normal termination (return value 0)
    DAG Node: taskevent_3_ID0000009
...
005 (2570.000.000) 11/07 20:21:33 Job terminated.
	(1) Normal termination (return value 0)
		Usr 0 00:00:15, Sys 0 00:00:00  -  Run Remote Usage
		Usr 0 00:00:00, Sys 0 00:00:00  -  Run Local Usage
		Usr 0 00:00:15, Sys 0 00:00:00  -  Total Remote Usage
		Usr 0 00:00:00, Sys 0 00:00:00  -  Total Local Usage
	8790  -  Run Bytes Sent By Job
	3175795  -  Run Bytes Received By Job
	8790  -  Total Bytes Sent By Job
	3175795  -  Total Bytes Received By Job
	Partitionable Resources :    Usage  Request Allocated
	   Cpus                 :                 1         1
	   Disk (KB)            :     6119     3250  27637984
	   Memory (MB)          :        2        1      3764
...
016 (2570.000.000) 11/07 20:21:36 POST Script terminated.
	(1) Normal termination (return value 0)
    DAG Node: taskevent_2_ID0000008
...
005 (2568.000.000) 11/07 20:22:10 Job terminated.
	(1) Normal termination (return value 0)
		Usr 0 00:00:36, Sys 0 00:00:00  -  Run Remote Usage
		Usr 0 00:00:00, Sys 0 00:00:00  -  Run Local Usage
		Usr 0 00:00:36, Sys 0 00:00:00  -  Total Remote Usage
		Usr 0 00:00:00, Sys 0 00:00:00  -  Total Local Usage
	8794  -  Run Bytes Sent By Job
	3175795  -  Run Bytes Received By Job
	8794  -  Total Bytes Sent By Job
	3175795  -  Total Bytes Received By Job
	Partitionable Resources :    Usage  Request Allocated
	   Cpus                 :                 1         1
	   Disk (KB)            :     6119     3250  27638192
	   Memory (MB)          :        2        1      3764
...
016 (2568.000.000) 11/07 20:22:11 POST Script terminated.
	(1) Normal termination (return value 0)
    DAG Node: taskevent_5_ID0000011
...
005 (2569.000.000) 11/07 20:22:40 Job terminated.
	(1) Normal termination (return value 0)
		Usr 0 00:01:04, Sys 0 00:00:01  -  Run Remote Usage
		Usr 0 00:00:00, Sys 0 00:00:00  -  Run Local Usage
		Usr 0 00:01:04, Sys 0 00:00:01  -  Total Remote Usage
		Usr 0 00:00:00, Sys 0 00:00:00  -  Total Local Usage
	8793  -  Run Bytes Sent By Job
	3175795  -  Run Bytes Received By Job
	8793  -  Total Bytes Sent By Job
	3175795  -  Total Bytes Received By Job
	Partitionable Resources :    Usage  Request Allocated
	   Cpus                 :                 1         1
	   Disk (KB)            :     6119     3250  27637844
	   Memory (MB)          :       16        1      3764
...
016 (2569.000.000) 11/07 20:22:41 POST Script terminated.
	(1) Normal termination (return value 0)
    DAG Node: taskevent_4_ID0000010
...
000 (2574.000.000) 11/07 20:22:51 Job submitted from host: <54.193.36.194:26489?addrs=54.193.36.194-26489>
    DAG Node: clean_up_local_level_6_1
    pool:local
...
001 (2574.000.000) 11/07 20:22:51 Job executing on host: <54.193.36.194:44053?addrs=54.193.36.194-44053>
...
005 (2574.000.000) 11/07 20:23:08 Job terminated.
	(1) Normal termination (return value 0)
		Usr 0 00:00:00, Sys 0 00:00:00  -  Run Remote Usage
		Usr 0 00:00:00, Sys 0 00:00:00  -  Run Local Usage
		Usr 0 00:00:00, Sys 0 00:00:00  -  Total Remote Usage
		Usr 0 00:00:00, Sys 0 00:00:00  -  Total Local Usage
	0  -  Run Bytes Sent By Job
	0  -  Run Bytes Received By Job
	0  -  Total Bytes Sent By Job
	0  -  Total Bytes Received By Job
...
016 (2574.000.000) 11/07 20:23:12 POST Script terminated.
	(1) Normal termination (return value 0)
    DAG Node: clean_up_local_level_6_1
...
005 (2567.000.000) 11/07 20:24:17 Job terminated.
	(1) Normal termination (return value 0)
		Usr 0 00:02:22, Sys 0 00:00:02  -  Run Remote Usage
		Usr 0 00:00:00, Sys 0 00:00:00  -  Run Local Usage
		Usr 0 00:02:22, Sys 0 00:00:02  -  Total Remote Usage
		Usr 0 00:00:00, Sys 0 00:00:00  -  Total Local Usage
	8796  -  Run Bytes Sent By Job
	3175795  -  Run Bytes Received By Job
	8796  -  Total Bytes Sent By Job
	3175795  -  Total Bytes Received By Job
	Partitionable Resources :    Usage  Request Allocated
	   Cpus                 :                 1         1
	   Disk (KB)            :     6119     3250  27636580
	   Memory (MB)          :        2        1      3764
...
016 (2567.000.000) 11/07 20:24:21 POST Script terminated.
	(1) Normal termination (return value 0)
    DAG Node: taskevent_1_ID0000007
...
005 (2565.000.000) 11/07 20:24:26 Job terminated.
	(1) Normal termination (return value 0)
		Usr 0 00:02:34, Sys 0 00:00:02  -  Run Remote Usage
		Usr 0 00:00:00, Sys 0 00:00:00  -  Run Local Usage
		Usr 0 00:02:34, Sys 0 00:00:02  -  Total Remote Usage
		Usr 0 00:00:00, Sys 0 00:00:00  -  Total Local Usage
	8796  -  Run Bytes Sent By Job
	3175795  -  Run Bytes Received By Job
	8796  -  Total Bytes Sent By Job
	3175795  -  Total Bytes Received By Job
	Partitionable Resources :    Usage  Request Allocated
	   Cpus                 :                 1         1
	   Disk (KB)            :     6119     3250  27637932
	   Memory (MB)          :      105        1      3764
...
016 (2565.000.000) 11/07 20:24:26 POST Script terminated.
	(1) Normal termination (return value 0)
    DAG Node: taskevent_0_ID0000006
...
000 (2575.000.000) 11/07 20:24:36 Job submitted from host: <54.193.36.194:26489?addrs=54.193.36.194-26489>
    DAG Node: clean_up_local_level_6_0
    pool:local
...
000 (2576.000.000) 11/07 20:24:36 Job submitted from host: <54.193.36.194:26489?addrs=54.193.36.194-26489>
    DAG Node: calculateratio_8_ID0000023
    pool:condorpool
...
001 (2575.000.000) 11/07 20:24:36 Job executing on host: <54.193.36.194:38833?addrs=54.193.36.194-38833>
...
000 (2577.000.000) 11/07 20:24:36 Job submitted from host: <54.193.36.194:26489?addrs=54.193.36.194-26489>
    DAG Node: calculateratio_6_ID0000021
    pool:condorpool
...
000 (2578.000.000) 11/07 20:24:36 Job submitted from host: <54.193.36.194:26489?addrs=54.193.36.194-26489>
    DAG Node: calculateratio_7_ID0000022
    pool:condorpool
...
000 (2579.000.000) 11/07 20:24:36 Job submitted from host: <54.193.36.194:26489?addrs=54.193.36.194-26489>
    DAG Node: calculateratio_5_ID0000020
    pool:condorpool
...
001 (2576.000.000) 11/07 20:24:37 Job executing on host: <54.203.21.96:39975?addrs=54.203.21.96-39975&noUDP>
...
001 (2577.000.000) 11/07 20:24:37 Job executing on host: <54.213.178.100:11571?addrs=54.213.178.100-11571&noUDP>
...
000 (2580.000.000) 11/07 20:24:41 Job submitted from host: <54.193.36.194:26489?addrs=54.193.36.194-26489>
    DAG Node: calculateratio_1_ID0000016
    pool:condorpool
...
000 (2581.000.000) 11/07 20:24:42 Job submitted from host: <54.193.36.194:26489?addrs=54.193.36.194-26489>
    DAG Node: calculateratio_4_ID0000019
    pool:condorpool
...
000 (2582.000.000) 11/07 20:24:42 Job submitted from host: <54.193.36.194:26489?addrs=54.193.36.194-26489>
    DAG Node: calculateratio_3_ID0000018
    pool:condorpool
...
000 (2583.000.000) 11/07 20:24:42 Job submitted from host: <54.193.36.194:26489?addrs=54.193.36.194-26489>
    DAG Node: calculateratio_2_ID0000017
    pool:condorpool
...
000 (2584.000.000) 11/07 20:24:42 Job submitted from host: <54.193.36.194:26489?addrs=54.193.36.194-26489>
    DAG Node: calculateratio_0_ID0000015
    pool:condorpool
...
005 (2575.000.000) 11/07 20:24:50 Job terminated.
	(1) Normal termination (return value 0)
		Usr 0 00:00:00, Sys 0 00:00:00  -  Run Remote Usage
		Usr 0 00:00:00, Sys 0 00:00:00  -  Run Local Usage
		Usr 0 00:00:00, Sys 0 00:00:00  -  Total Remote Usage
		Usr 0 00:00:00, Sys 0 00:00:00  -  Total Local Usage
	0  -  Run Bytes Sent By Job
	0  -  Run Bytes Received By Job
	0  -  Total Bytes Sent By Job
	0  -  Total Bytes Received By Job
...
016 (2575.000.000) 11/07 20:24:52 POST Script terminated.
	(1) Normal termination (return value 0)
    DAG Node: clean_up_local_level_6_0
...
001 (2578.000.000) 11/07 20:24:56 Job executing on host: <54.200.57.163:59896?addrs=54.200.57.163-59896&noUDP>
...
001 (2580.000.000) 11/07 20:24:56 Job executing on host: <54.203.100.129:17367?addrs=54.203.100.129-17367&noUDP>
...
001 (2579.000.000) 11/07 20:24:56 Job executing on host: <54.213.165.101:47304?addrs=54.213.165.101-47304&noUDP>
...
001 (2584.000.000) 11/07 20:24:56 Job executing on host: <54.201.222.218:52232?addrs=54.201.222.218-52232&noUDP>
...
001 (2583.000.000) 11/07 20:24:56 Job executing on host: <54.187.178.99:18162?addrs=54.187.178.99-18162&noUDP>
...
001 (2581.000.000) 11/07 20:24:57 Job executing on host: <54.213.131.229:3248?addrs=54.213.131.229-3248&noUDP>
...
001 (2582.000.000) 11/07 20:24:57 Job executing on host: <54.213.172.44:55300?addrs=54.213.172.44-55300&noUDP>
...
005 (2577.000.000) 11/07 20:27:52 Job terminated.
	(1) Normal termination (return value 0)
		Usr 0 00:00:47, Sys 0 00:00:02  -  Run Remote Usage
		Usr 0 00:00:00, Sys 0 00:00:00  -  Run Local Usage
		Usr 0 00:00:47, Sys 0 00:00:02  -  Total Remote Usage
		Usr 0 00:00:00, Sys 0 00:00:00  -  Total Local Usage
	110547  -  Run Bytes Sent By Job
	3174683  -  Run Bytes Received By Job
	110547  -  Total Bytes Sent By Job
	3174683  -  Total Bytes Received By Job
	Partitionable Resources :    Usage  Request Allocated
	   Cpus                 :                 1         1
	   Disk (KB)            :     6218     3250  27637932
	   Memory (MB)          :       16        1      3764
...
016 (2577.000.000) 11/07 20:27:57 POST Script terminated.
	(1) Normal termination (return value 0)
    DAG Node: calculateratio_6_ID0000021
...
005 (2580.000.000) 11/07 20:28:12 Job terminated.
	(1) Normal termination (return value 0)
		Usr 0 00:00:46, Sys 0 00:00:02  -  Run Remote Usage
		Usr 0 00:00:00, Sys 0 00:00:00  -  Run Local Usage
		Usr 0 00:00:46, Sys 0 00:00:02  -  Total Remote Usage
		Usr 0 00:00:00, Sys 0 00:00:00  -  Total Local Usage
	360269  -  Run Bytes Sent By Job
	3174681  -  Run Bytes Received By Job
	360269  -  Total Bytes Sent By Job
	3174681  -  Total Bytes Received By Job
	Partitionable Resources :    Usage  Request Allocated
	   Cpus                 :                 1         1
	   Disk (KB)            :     6462     3250  27637776
	   Memory (MB)          :        2        1      3764
...
016 (2580.000.000) 11/07 20:28:12 POST Script terminated.
	(1) Normal termination (return value 0)
    DAG Node: calculateratio_1_ID0000016
...
005 (2578.000.000) 11/07 20:28:20 Job terminated.
	(1) Normal termination (return value 0)
		Usr 0 00:00:46, Sys 0 00:00:02  -  Run Remote Usage
		Usr 0 00:00:00, Sys 0 00:00:00  -  Run Local Usage
		Usr 0 00:00:46, Sys 0 00:00:02  -  Total Remote Usage
		Usr 0 00:00:00, Sys 0 00:00:00  -  Total Local Usage
	360488  -  Run Bytes Sent By Job
	3174683  -  Run Bytes Received By Job
	360488  -  Total Bytes Sent By Job
	3174683  -  Total Bytes Received By Job
	Partitionable Resources :    Usage  Request Allocated
	   Cpus                 :                 1         1
	   Disk (KB)            :     6462     3250  27636768
	   Memory (MB)          :        2        1      3764
...
016 (2578.000.000) 11/07 20:28:22 POST Script terminated.
	(1) Normal termination (return value 0)
    DAG Node: calculateratio_7_ID0000022
...
005 (2576.000.000) 11/07 20:28:25 Job terminated.
	(1) Normal termination (return value 0)
		Usr 0 00:00:53, Sys 0 00:00:02  -  Run Remote Usage
		Usr 0 00:00:00, Sys 0 00:00:00  -  Run Local Usage
		Usr 0 00:00:53, Sys 0 00:00:02  -  Total Remote Usage
		Usr 0 00:00:00, Sys 0 00:00:00  -  Total Local Usage
	360056  -  Run Bytes Sent By Job
	3174683  -  Run Bytes Received By Job
	360056  -  Total Bytes Sent By Job
	3174683  -  Total Bytes Received By Job
	Partitionable Resources :    Usage  Request Allocated
	   Cpus                 :                 1         1
	   Disk (KB)            :     6462     3250  27636580
	   Memory (MB)          :        2        1      3764
...
016 (2576.000.000) 11/07 20:28:27 POST Script terminated.
	(1) Normal termination (return value 0)
    DAG Node: calculateratio_8_ID0000023
...
005 (2584.000.000) 11/07 20:28:39 Job terminated.
	(1) Normal termination (return value 0)
		Usr 0 00:00:48, Sys 0 00:00:02  -  Run Remote Usage
		Usr 0 00:00:00, Sys 0 00:00:00  -  Run Local Usage
		Usr 0 00:00:48, Sys 0 00:00:02  -  Total Remote Usage
		Usr 0 00:00:00, Sys 0 00:00:00  -  Total Local Usage
	327031  -  Run Bytes Sent By Job
	3174677  -  Run Bytes Received By Job
	327031  -  Total Bytes Sent By Job
	3174677  -  Total Bytes Received By Job
	Partitionable Resources :    Usage  Request Allocated
	   Cpus                 :                 1         1
	   Disk (KB)            :     6429     3250  27638040
	   Memory (MB)          :        2        1      3764
...
005 (2583.000.000) 11/07 20:28:41 Job terminated.
	(1) Normal termination (return value 0)
		Usr 0 00:00:50, Sys 0 00:00:02  -  Run Remote Usage
		Usr 0 00:00:00, Sys 0 00:00:00  -  Run Local Usage
		Usr 0 00:00:50, Sys 0 00:00:02  -  Total Remote Usage
		Usr 0 00:00:00, Sys 0 00:00:00  -  Total Local Usage
	360189  -  Run Bytes Sent By Job
	3174681  -  Run Bytes Received By Job
	360189  -  Total Bytes Sent By Job
	3174681  -  Total Bytes Received By Job
	Partitionable Resources :    Usage  Request Allocated
	   Cpus                 :                 1         1
	   Disk (KB)            :     6462     3250  27663956
	   Memory (MB)          :        2        1      3764
...
016 (2584.000.000) 11/07 20:28:42 POST Script terminated.
	(1) Normal termination (return value 0)
    DAG Node: calculateratio_0_ID0000015
...
016 (2583.000.000) 11/07 20:28:42 POST Script terminated.
	(1) Normal termination (return value 0)
    DAG Node: calculateratio_2_ID0000017
...
005 (2581.000.000) 11/07 20:29:01 Job terminated.
	(1) Normal termination (return value 0)
		Usr 0 00:00:51, Sys 0 00:00:02  -  Run Remote Usage
		Usr 0 00:00:00, Sys 0 00:00:00  -  Run Local Usage
		Usr 0 00:00:51, Sys 0 00:00:02  -  Total Remote Usage
		Usr 0 00:00:00, Sys 0 00:00:00  -  Total Local Usage
	359669  -  Run Bytes Sent By Job
	3174683  -  Run Bytes Received By Job
	359669  -  Total Bytes Sent By Job
	3174683  -  Total Bytes Received By Job
	Partitionable Resources :    Usage  Request Allocated
	   Cpus                 :                 1         1
	   Disk (KB)            :     6461     3250  27637952
	   Memory (MB)          :        2        1      3764
...
016 (2581.000.000) 11/07 20:29:02 POST Script terminated.
	(1) Normal termination (return value 0)
    DAG Node: calculateratio_4_ID0000019
...
005 (2579.000.000) 11/07 20:29:21 Job terminated.
	(1) Normal termination (return value 0)
		Usr 0 00:00:53, Sys 0 00:00:02  -  Run Remote Usage
		Usr 0 00:00:00, Sys 0 00:00:00  -  Run Local Usage
		Usr 0 00:00:53, Sys 0 00:00:02  -  Total Remote Usage
		Usr 0 00:00:00, Sys 0 00:00:00  -  Total Local Usage
	360811  -  Run Bytes Sent By Job
	3174683  -  Run Bytes Received By Job
	360811  -  Total Bytes Sent By Job
	3174683  -  Total Bytes Received By Job
	Partitionable Resources :    Usage  Request Allocated
	   Cpus                 :                 1         1
	   Disk (KB)            :     6462     3250  27638148
	   Memory (MB)          :        2        1      3764
...
016 (2579.000.000) 11/07 20:29:22 POST Script terminated.
	(1) Normal termination (return value 0)
    DAG Node: calculateratio_5_ID0000020
...
000 (2585.000.000) 11/07 20:29:32 Job submitted from host: <54.193.36.194:26489?addrs=54.193.36.194-26489>
    DAG Node: clean_up_local_level_7_0
    pool:local
...
001 (2585.000.000) 11/07 20:29:32 Job executing on host: <54.193.36.194:3194?addrs=54.193.36.194-3194>
...
005 (2582.000.000) 11/07 20:29:39 Job terminated.
	(1) Normal termination (return value 0)
		Usr 0 00:00:53, Sys 0 00:00:02  -  Run Remote Usage
		Usr 0 00:00:00, Sys 0 00:00:00  -  Run Local Usage
		Usr 0 00:00:53, Sys 0 00:00:02  -  Total Remote Usage
		Usr 0 00:00:00, Sys 0 00:00:00  -  Total Local Usage
	360116  -  Run Bytes Sent By Job
	3174682  -  Run Bytes Received By Job
	360116  -  Total Bytes Sent By Job
	3174682  -  Total Bytes Received By Job
	Partitionable Resources :    Usage  Request Allocated
	   Cpus                 :                 1         1
	   Disk (KB)            :     6462     3250  27638176
	   Memory (MB)          :        2        1      3764
...
016 (2582.000.000) 11/07 20:29:43 POST Script terminated.
	(1) Normal termination (return value 0)
    DAG Node: calculateratio_3_ID0000018
...
005 (2585.000.000) 11/07 20:29:47 Job terminated.
	(1) Normal termination (return value 0)
		Usr 0 00:00:00, Sys 0 00:00:00  -  Run Remote Usage
		Usr 0 00:00:00, Sys 0 00:00:00  -  Run Local Usage
		Usr 0 00:00:00, Sys 0 00:00:00  -  Total Remote Usage
		Usr 0 00:00:00, Sys 0 00:00:00  -  Total Local Usage
	0  -  Run Bytes Sent By Job
	0  -  Run Bytes Received By Job
	0  -  Total Bytes Sent By Job
	0  -  Total Bytes Received By Job
...
000 (2586.000.000) 11/07 20:29:52 Job submitted from host: <54.193.36.194:26489?addrs=54.193.36.194-26489>
    DAG Node: clean_up_local_level_7_1
    pool:local
...
001 (2586.000.000) 11/07 20:29:52 Job executing on host: <54.193.36.194:28868?addrs=54.193.36.194-28868>
...
000 (2587.000.000) 11/07 20:29:52 Job submitted from host: <54.193.36.194:26489?addrs=54.193.36.194-26489>
    DAG Node: averageratioevent_1_ID0000025
    pool:condorpool
...
000 (2588.000.000) 11/07 20:29:52 Job submitted from host: <54.193.36.194:26489?addrs=54.193.36.194-26489>
    DAG Node: averageratioevent_3_ID0000027
    pool:condorpool
...
000 (2589.000.000) 11/07 20:29:52 Job submitted from host: <54.193.36.194:26489?addrs=54.193.36.194-26489>
    DAG Node: averageratioevent_0_ID0000024
    pool:condorpool
...
000 (2590.000.000) 11/07 20:29:52 Job submitted from host: <54.193.36.194:26489?addrs=54.193.36.194-26489>
    DAG Node: averageratioevent_2_ID0000026
    pool:condorpool
...
016 (2585.000.000) 11/07 20:29:52 POST Script terminated.
	(1) Normal termination (return value 0)
    DAG Node: clean_up_local_level_7_0
...
001 (2587.000.000) 11/07 20:29:53 Job executing on host: <54.213.172.44:55300?addrs=54.213.172.44-55300&noUDP>
...
005 (2587.000.000) 11/07 20:30:06 Job terminated.
	(1) Normal termination (return value 0)
		Usr 0 00:00:00, Sys 0 00:00:00  -  Run Remote Usage
		Usr 0 00:00:00, Sys 0 00:00:00  -  Run Local Usage
		Usr 0 00:00:00, Sys 0 00:00:00  -  Total Remote Usage
		Usr 0 00:00:00, Sys 0 00:00:00  -  Total Local Usage
	266694  -  Run Bytes Sent By Job
	3169628  -  Run Bytes Received By Job
	266694  -  Total Bytes Sent By Job
	3169628  -  Total Bytes Received By Job
	Partitionable Resources :    Usage  Request Allocated
	   Cpus                 :                 1         1
	   Disk (KB)            :     6667     3250  27638176
	   Memory (MB)          :        2        1      3764
...
001 (2588.000.000) 11/07 20:30:07 Job executing on host: <54.213.172.44:55300?addrs=54.213.172.44-55300&noUDP>
...
016 (2587.000.000) 11/07 20:30:07 POST Script terminated.
	(1) Normal termination (return value 0)
    DAG Node: averageratioevent_1_ID0000025
...
005 (2586.000.000) 11/07 20:30:08 Job terminated.
	(1) Normal termination (return value 0)
		Usr 0 00:00:00, Sys 0 00:00:00  -  Run Remote Usage
		Usr 0 00:00:00, Sys 0 00:00:00  -  Run Local Usage
		Usr 0 00:00:00, Sys 0 00:00:00  -  Total Remote Usage
		Usr 0 00:00:00, Sys 0 00:00:00  -  Total Local Usage
	0  -  Run Bytes Sent By Job
	0  -  Run Bytes Received By Job
	0  -  Total Bytes Sent By Job
	0  -  Total Bytes Received By Job
...
005 (2588.000.000) 11/07 20:30:10 Job terminated.
	(1) Normal termination (return value 0)
		Usr 0 00:00:00, Sys 0 00:00:00  -  Run Remote Usage
		Usr 0 00:00:00, Sys 0 00:00:00  -  Run Local Usage
		Usr 0 00:00:00, Sys 0 00:00:00  -  Total Remote Usage
		Usr 0 00:00:00, Sys 0 00:00:00  -  Total Local Usage
	6014  -  Run Bytes Sent By Job
	3169628  -  Run Bytes Received By Job
	6014  -  Total Bytes Sent By Job
	3169628  -  Total Bytes Received By Job
	Partitionable Resources :    Usage  Request Allocated
	   Cpus                 :                 1         1
	   Disk (KB)            :     6109     3250  27638176
	   Memory (MB)          :        0        1      3764
...
001 (2589.000.000) 11/07 20:30:10 Job executing on host: <54.213.172.44:55300?addrs=54.213.172.44-55300&noUDP>
...
001 (2590.000.000) 11/07 20:30:12 Job executing on host: <54.200.57.163:59896?addrs=54.200.57.163-59896&noUDP>
...
016 (2588.000.000) 11/07 20:30:13 POST Script terminated.
	(1) Normal termination (return value 0)
    DAG Node: averageratioevent_3_ID0000027
...
016 (2586.000.000) 11/07 20:30:13 POST Script terminated.
	(1) Normal termination (return value 0)
    DAG Node: clean_up_local_level_7_1
...
000 (2591.000.000) 11/07 20:30:22 Job submitted from host: <54.193.36.194:26489?addrs=54.193.36.194-26489>
    DAG Node: clean_up_local_level_8_0
    pool:local
...
001 (2591.000.000) 11/07 20:30:22 Job executing on host: <54.193.36.194:18472?addrs=54.193.36.194-18472>
...
005 (2589.000.000) 11/07 20:30:29 Job terminated.
	(1) Normal termination (return value 0)
		Usr 0 00:00:05, Sys 0 00:00:00  -  Run Remote Usage
		Usr 0 00:00:00, Sys 0 00:00:00  -  Run Local Usage
		Usr 0 00:00:05, Sys 0 00:00:00  -  Total Remote Usage
		Usr 0 00:00:00, Sys 0 00:00:00  -  Total Local Usage
	266696  -  Run Bytes Sent By Job
	3169628  -  Run Bytes Received By Job
	266696  -  Total Bytes Sent By Job
	3169628  -  Total Bytes Received By Job
	Partitionable Resources :    Usage  Request Allocated
	   Cpus                 :                 1         1
	   Disk (KB)            :     6663     3250  27638176
	   Memory (MB)          :        2        1      3764
...
005 (2591.000.000) 11/07 20:30:30 Job terminated.
	(1) Normal termination (return value 0)
		Usr 0 00:00:00, Sys 0 00:00:00  -  Run Remote Usage
		Usr 0 00:00:00, Sys 0 00:00:00  -  Run Local Usage
		Usr 0 00:00:00, Sys 0 00:00:00  -  Total Remote Usage
		Usr 0 00:00:00, Sys 0 00:00:00  -  Total Local Usage
	0  -  Run Bytes Sent By Job
	0  -  Run Bytes Received By Job
	0  -  Total Bytes Sent By Job
	0  -  Total Bytes Received By Job
...
016 (2591.000.000) 11/07 20:30:32 POST Script terminated.
	(1) Normal termination (return value 0)
    DAG Node: clean_up_local_level_8_0
...
016 (2589.000.000) 11/07 20:30:32 POST Script terminated.
	(1) Normal termination (return value 0)
    DAG Node: averageratioevent_0_ID0000024
...
005 (2590.000.000) 11/07 20:31:02 Job terminated.
	(1) Normal termination (return value 0)
		Usr 0 00:00:28, Sys 0 00:00:00  -  Run Remote Usage
		Usr 0 00:00:00, Sys 0 00:00:00  -  Run Local Usage
		Usr 0 00:00:28, Sys 0 00:00:00  -  Total Remote Usage
		Usr 0 00:00:00, Sys 0 00:00:00  -  Total Local Usage
	266699  -  Run Bytes Sent By Job
	3169628  -  Run Bytes Received By Job
	266699  -  Total Bytes Sent By Job
	3169628  -  Total Bytes Received By Job
	Partitionable Resources :    Usage  Request Allocated
	   Cpus                 :                 1         1
	   Disk (KB)            :     6867     3250  27636616
	   Memory (MB)          :        2        1      3764
...
016 (2590.000.000) 11/07 20:31:07 POST Script terminated.
	(1) Normal termination (return value 0)
    DAG Node: averageratioevent_2_ID0000026
...
000 (2592.000.000) 11/07 20:31:17 Job submitted from host: <54.193.36.194:26489?addrs=54.193.36.194-26489>
    DAG Node: analysisevent_0_ID0000028
    pool:condorpool
...
000 (2593.000.000) 11/07 20:31:17 Job submitted from host: <54.193.36.194:26489?addrs=54.193.36.194-26489>
    DAG Node: clean_up_local_level_8_1
    pool:local
...
001 (2592.000.000) 11/07 20:31:18 Job executing on host: <54.200.57.163:59896?addrs=54.200.57.163-59896&noUDP>
...
005 (2592.000.000) 11/07 20:31:19 Job terminated.
	(1) Normal termination (return value 0)
		Usr 0 00:00:00, Sys 0 00:00:00  -  Run Remote Usage
		Usr 0 00:00:00, Sys 0 00:00:00  -  Run Local Usage
		Usr 0 00:00:00, Sys 0 00:00:00  -  Total Remote Usage
		Usr 0 00:00:00, Sys 0 00:00:00  -  Total Local Usage
	5971  -  Run Bytes Sent By Job
	3169440  -  Run Bytes Received By Job
	5971  -  Total Bytes Sent By Job
	3169440  -  Total Bytes Received By Job
	Partitionable Resources :    Usage  Request Allocated
	   Cpus                 :                 1         1
	   Disk (KB)            :     6108     3250  27636616
	   Memory (MB)          :        0        1      3764
...
016 (2592.000.000) 11/07 20:31:23 POST Script terminated.
	(1) Normal termination (return value 0)
    DAG Node: analysisevent_0_ID0000028
...
001 (2593.000.000) 11/07 20:31:23 Job executing on host: <54.193.36.194:12418?addrs=54.193.36.194-12418>
...
000 (2594.000.000) 11/07 20:31:32 Job submitted from host: <54.193.36.194:26489?addrs=54.193.36.194-26489>
    DAG Node: terminate_0_ID0000029
    pool:condorpool
...
005 (2593.000.000) 11/07 20:31:32 Job terminated.
	(1) Normal termination (return value 0)
		Usr 0 00:00:00, Sys 0 00:00:00  -  Run Remote Usage
		Usr 0 00:00:00, Sys 0 00:00:00  -  Run Local Usage
		Usr 0 00:00:00, Sys 0 00:00:00  -  Total Remote Usage
		Usr 0 00:00:00, Sys 0 00:00:00  -  Total Local Usage
	0  -  Run Bytes Sent By Job
	0  -  Run Bytes Received By Job
	0  -  Total Bytes Sent By Job
	0  -  Total Bytes Received By Job
...
000 (2595.000.000) 11/07 20:31:32 Job submitted from host: <54.193.36.194:26489?addrs=54.193.36.194-26489>
    DAG Node: clean_up_local_level_9_0
    pool:local
...
001 (2595.000.000) 11/07 20:31:32 Job executing on host: <54.193.36.194:59650?addrs=54.193.36.194-59650>
...
016 (2593.000.000) 11/07 20:31:32 POST Script terminated.
	(1) Normal termination (return value 0)
    DAG Node: clean_up_local_level_8_1
...
001 (2594.000.000) 11/07 20:31:32 Job executing on host: <54.200.57.163:59896?addrs=54.200.57.163-59896&noUDP>
...
005 (2594.000.000) 11/07 20:31:33 Job terminated.
	(1) Normal termination (return value 0)
		Usr 0 00:00:00, Sys 0 00:00:00  -  Run Remote Usage
		Usr 0 00:00:00, Sys 0 00:00:00  -  Run Local Usage
		Usr 0 00:00:00, Sys 0 00:00:00  -  Total Remote Usage
		Usr 0 00:00:00, Sys 0 00:00:00  -  Total Local Usage
	4464  -  Run Bytes Sent By Job
	3167897  -  Run Bytes Received By Job
	4464  -  Total Bytes Sent By Job
	3167897  -  Total Bytes Received By Job
	Partitionable Resources :    Usage  Request Allocated
	   Cpus                 :                 1         1
	   Disk (KB)            :     6104     3250  27636616
	   Memory (MB)          :        0        1      3764
...
005 (2595.000.000) 11/07 20:31:36 Job terminated.
	(1) Normal termination (return value 0)
		Usr 0 00:00:00, Sys 0 00:00:00  -  Run Remote Usage
		Usr 0 00:00:00, Sys 0 00:00:00  -  Run Local Usage
		Usr 0 00:00:00, Sys 0 00:00:00  -  Total Remote Usage
		Usr 0 00:00:00, Sys 0 00:00:00  -  Total Local Usage
	0  -  Run Bytes Sent By Job
	0  -  Run Bytes Received By Job
	0  -  Total Bytes Sent By Job
	0  -  Total Bytes Received By Job
...
016 (2595.000.000) 11/07 20:31:37 POST Script terminated.
	(1) Normal termination (return value 0)
    DAG Node: clean_up_local_level_9_0
...
016 (2594.000.000) 11/07 20:31:37 POST Script terminated.
	(1) Normal termination (return value 0)
    DAG Node: terminate_0_ID0000029
...
000 (2596.000.000) 11/07 20:31:47 Job submitted from host: <54.193.36.194:26489?addrs=54.193.36.194-26489>
    DAG Node: clean_up_local_level_10_0
    pool:local
...
001 (2596.000.000) 11/07 20:31:47 Job executing on host: <54.193.36.194:12560?addrs=54.193.36.194-12560>
...
005 (2596.000.000) 11/07 20:31:50 Job terminated.
	(1) Normal termination (return value 0)
		Usr 0 00:00:00, Sys 0 00:00:00  -  Run Remote Usage
		Usr 0 00:00:00, Sys 0 00:00:00  -  Run Local Usage
		Usr 0 00:00:00, Sys 0 00:00:00  -  Total Remote Usage
		Usr 0 00:00:00, Sys 0 00:00:00  -  Total Local Usage
	0  -  Run Bytes Sent By Job
	0  -  Run Bytes Received By Job
	0  -  Total Bytes Sent By Job
	0  -  Total Bytes Received By Job
...
016 (2596.000.000) 11/07 20:31:53 POST Script terminated.
	(1) Normal termination (return value 0)
    DAG Node: clean_up_local_level_10_0
...
000 (2597.000.000) 11/07 20:32:02 Job submitted from host: <54.193.36.194:26489?addrs=54.193.36.194-26489>
    DAG Node: cleanup_example_workflow_0_local
    pool:local
...
001 (2597.000.000) 11/07 20:32:02 Job executing on host: <54.193.36.194:50991?addrs=54.193.36.194-50991>
...
005 (2597.000.000) 11/07 20:32:04 Job terminated.
	(1) Normal termination (return value 0)
		Usr 0 00:00:00, Sys 0 00:00:00  -  Run Remote Usage
		Usr 0 00:00:00, Sys 0 00:00:00  -  Run Local Usage
		Usr 0 00:00:00, Sys 0 00:00:00  -  Total Remote Usage
		Usr 0 00:00:00, Sys 0 00:00:00  -  Total Local Usage
	0  -  Run Bytes Sent By Job
	0  -  Run Bytes Received By Job
	0  -  Total Bytes Sent By Job
	0  -  Total Bytes Received By Job
...
