000 (11037.000.000) 01/19 18:06:45 Job submitted from host: <52.53.186.156:50814?addrs=52.53.186.156-50814>
    DAG Node: create_dir_example_workflow_0_local
    pool:local
...
001 (11037.000.000) 01/19 18:06:46 Job executing on host: <52.53.186.156:28837?addrs=52.53.186.156-28837>
...
005 (11037.000.000) 01/19 18:06:48 Job terminated.
	(1) Normal termination (return value 0)
		Usr 0 00:00:00, Sys 0 00:00:00  -  Run Remote Usage
		Usr 0 00:00:00, Sys 0 00:00:00  -  Run Local Usage
		Usr 0 00:00:00, Sys 0 00:00:00  -  Total Remote Usage
		Usr 0 00:00:00, Sys 0 00:00:00  -  Total Local Usage
	0  -  Run Bytes Sent By Job
	0  -  Run Bytes Received By Job
	0  -  Total Bytes Sent By Job
	0  -  Total Bytes Received By Job
...
016 (11037.000.000) 01/19 18:06:51 POST Script terminated.
	(1) Normal termination (return value 0)
    DAG Node: create_dir_example_workflow_0_local
...
000 (11038.000.000) 01/19 18:07:00 Job submitted from host: <52.53.186.156:50814?addrs=52.53.186.156-50814>
    DAG Node: stage_in_local_local_0_0
    pool:local
...
001 (11038.000.000) 01/19 18:07:00 Job executing on host: <52.53.186.156:46310?addrs=52.53.186.156-46310>
...
000 (11039.000.000) 01/19 18:07:00 Job submitted from host: <52.53.186.156:50814?addrs=52.53.186.156-50814>
    DAG Node: stage_in_local_local_4_0
    pool:local
...
000 (11040.000.000) 01/19 18:07:00 Job submitted from host: <52.53.186.156:50814?addrs=52.53.186.156-50814>
    DAG Node: stage_in_local_local_1_0
    pool:local
...
000 (11041.000.000) 01/19 18:07:00 Job submitted from host: <52.53.186.156:50814?addrs=52.53.186.156-50814>
    DAG Node: stage_in_local_local_2_0
    pool:local
...
000 (11042.000.000) 01/19 18:07:00 Job submitted from host: <52.53.186.156:50814?addrs=52.53.186.156-50814>
    DAG Node: stage_in_remote_local_1_0
    pool:local
...
005 (11038.000.000) 01/19 18:07:02 Job terminated.
	(1) Normal termination (return value 0)
		Usr 0 00:00:00, Sys 0 00:00:00  -  Run Remote Usage
		Usr 0 00:00:00, Sys 0 00:00:00  -  Run Local Usage
		Usr 0 00:00:00, Sys 0 00:00:00  -  Total Remote Usage
		Usr 0 00:00:00, Sys 0 00:00:00  -  Total Local Usage
	0  -  Run Bytes Sent By Job
	0  -  Run Bytes Received By Job
	0  -  Total Bytes Sent By Job
	0  -  Total Bytes Received By Job
...
001 (11039.000.000) 01/19 18:07:02 Job executing on host: <52.53.186.156:11764?addrs=52.53.186.156-11764>
...
001 (11042.000.000) 01/19 18:07:02 Job executing on host: <52.53.186.156:36160?addrs=52.53.186.156-36160>
...
001 (11040.000.000) 01/19 18:07:02 Job executing on host: <52.53.186.156:35805?addrs=52.53.186.156-35805>
...
001 (11041.000.000) 01/19 18:07:02 Job executing on host: <52.53.186.156:55934?addrs=52.53.186.156-55934>
...
005 (11041.000.000) 01/19 18:07:05 Job terminated.
	(1) Normal termination (return value 0)
		Usr 0 00:00:00, Sys 0 00:00:00  -  Run Remote Usage
		Usr 0 00:00:00, Sys 0 00:00:00  -  Run Local Usage
		Usr 0 00:00:00, Sys 0 00:00:00  -  Total Remote Usage
		Usr 0 00:00:00, Sys 0 00:00:00  -  Total Local Usage
	0  -  Run Bytes Sent By Job
	0  -  Run Bytes Received By Job
	0  -  Total Bytes Sent By Job
	0  -  Total Bytes Received By Job
...
005 (11040.000.000) 01/19 18:07:05 Job terminated.
	(1) Normal termination (return value 0)
		Usr 0 00:00:00, Sys 0 00:00:00  -  Run Remote Usage
		Usr 0 00:00:00, Sys 0 00:00:00  -  Run Local Usage
		Usr 0 00:00:00, Sys 0 00:00:00  -  Total Remote Usage
		Usr 0 00:00:00, Sys 0 00:00:00  -  Total Local Usage
	0  -  Run Bytes Sent By Job
	0  -  Run Bytes Received By Job
	0  -  Total Bytes Sent By Job
	0  -  Total Bytes Received By Job
...
005 (11039.000.000) 01/19 18:07:05 Job terminated.
	(1) Normal termination (return value 0)
		Usr 0 00:00:00, Sys 0 00:00:00  -  Run Remote Usage
		Usr 0 00:00:00, Sys 0 00:00:00  -  Run Local Usage
		Usr 0 00:00:00, Sys 0 00:00:00  -  Total Remote Usage
		Usr 0 00:00:00, Sys 0 00:00:00  -  Total Local Usage
	0  -  Run Bytes Sent By Job
	0  -  Run Bytes Received By Job
	0  -  Total Bytes Sent By Job
	0  -  Total Bytes Received By Job
...
005 (11042.000.000) 01/19 18:07:05 Job terminated.
	(1) Normal termination (return value 0)
		Usr 0 00:00:00, Sys 0 00:00:00  -  Run Remote Usage
		Usr 0 00:00:00, Sys 0 00:00:00  -  Run Local Usage
		Usr 0 00:00:00, Sys 0 00:00:00  -  Total Remote Usage
		Usr 0 00:00:00, Sys 0 00:00:00  -  Total Local Usage
	0  -  Run Bytes Sent By Job
	0  -  Run Bytes Received By Job
	0  -  Total Bytes Sent By Job
	0  -  Total Bytes Received By Job
...
000 (11043.000.000) 01/19 18:07:05 Job submitted from host: <52.53.186.156:50814?addrs=52.53.186.156-50814>
    DAG Node: stage_in_local_local_3_0
    pool:local
...
001 (11043.000.000) 01/19 18:07:05 Job executing on host: <52.53.186.156:57041?addrs=52.53.186.156-57041>
...
000 (11044.000.000) 01/19 18:07:05 Job submitted from host: <52.53.186.156:50814?addrs=52.53.186.156-50814>
    DAG Node: stage_in_remote_local_3_0
    pool:local
...
001 (11044.000.000) 01/19 18:07:05 Job executing on host: <52.53.186.156:10325?addrs=52.53.186.156-10325>
...
016 (11041.000.000) 01/19 18:07:06 POST Script terminated.
	(1) Normal termination (return value 0)
    DAG Node: stage_in_local_local_2_0
...
016 (11042.000.000) 01/19 18:07:06 POST Script terminated.
	(1) Normal termination (return value 0)
    DAG Node: stage_in_remote_local_1_0
...
016 (11038.000.000) 01/19 18:07:06 POST Script terminated.
	(1) Normal termination (return value 0)
    DAG Node: stage_in_local_local_0_0
...
016 (11040.000.000) 01/19 18:07:06 POST Script terminated.
	(1) Normal termination (return value 0)
    DAG Node: stage_in_local_local_1_0
...
016 (11039.000.000) 01/19 18:07:06 POST Script terminated.
	(1) Normal termination (return value 0)
    DAG Node: stage_in_local_local_4_0
...
005 (11044.000.000) 01/19 18:07:08 Job terminated.
	(1) Normal termination (return value 0)
		Usr 0 00:00:00, Sys 0 00:00:00  -  Run Remote Usage
		Usr 0 00:00:00, Sys 0 00:00:00  -  Run Local Usage
		Usr 0 00:00:00, Sys 0 00:00:00  -  Total Remote Usage
		Usr 0 00:00:00, Sys 0 00:00:00  -  Total Local Usage
	0  -  Run Bytes Sent By Job
	0  -  Run Bytes Received By Job
	0  -  Total Bytes Sent By Job
	0  -  Total Bytes Received By Job
...
005 (11043.000.000) 01/19 18:07:08 Job terminated.
	(1) Normal termination (return value 0)
		Usr 0 00:00:00, Sys 0 00:00:00  -  Run Remote Usage
		Usr 0 00:00:00, Sys 0 00:00:00  -  Run Local Usage
		Usr 0 00:00:00, Sys 0 00:00:00  -  Total Remote Usage
		Usr 0 00:00:00, Sys 0 00:00:00  -  Total Local Usage
	0  -  Run Bytes Sent By Job
	0  -  Run Bytes Received By Job
	0  -  Total Bytes Sent By Job
	0  -  Total Bytes Received By Job
...
016 (11044.000.000) 01/19 18:07:11 POST Script terminated.
	(1) Normal termination (return value 0)
    DAG Node: stage_in_remote_local_3_0
...
016 (11043.000.000) 01/19 18:07:11 POST Script terminated.
	(1) Normal termination (return value 0)
    DAG Node: stage_in_local_local_3_0
...
000 (11045.000.000) 01/19 18:07:15 Job submitted from host: <52.53.186.156:50814?addrs=52.53.186.156-50814>
    DAG Node: init_0_ID0000001
    pool:condorpool
...
001 (11045.000.000) 01/19 18:07:21 Job executing on host: <54.201.168.39:41677?addrs=54.201.168.39-41677&noUDP>
...
005 (11045.000.000) 01/19 18:16:03 Job terminated.
	(1) Normal termination (return value 0)
		Usr 0 00:00:00, Sys 0 00:00:00  -  Run Remote Usage
		Usr 0 00:00:00, Sys 0 00:00:00  -  Run Local Usage
		Usr 0 00:00:00, Sys 0 00:00:00  -  Total Remote Usage
		Usr 0 00:00:00, Sys 0 00:00:00  -  Total Local Usage
	4447  -  Run Bytes Sent By Job
	3168430  -  Run Bytes Received By Job
	4447  -  Total Bytes Sent By Job
	3168430  -  Total Bytes Received By Job
	Partitionable Resources :    Usage  Request Allocated
	   Cpus                 :                 1         1
	   Disk (KB)            :     6104     3250  27734608
	   Memory (MB)          :       15        1      3764
...
016 (11045.000.000) 01/19 18:16:05 POST Script terminated.
	(1) Normal termination (return value 0)
    DAG Node: init_0_ID0000001
...
000 (11046.000.000) 01/19 18:16:15 Job submitted from host: <52.53.186.156:50814?addrs=52.53.186.156-50814>
    DAG Node: clean_up_local_level_3_0
    pool:local
...
001 (11046.000.000) 01/19 18:16:15 Job executing on host: <52.53.186.156:57516?addrs=52.53.186.156-57516>
...
000 (11047.000.000) 01/19 18:16:15 Job submitted from host: <52.53.186.156:50814?addrs=52.53.186.156-50814>
    DAG Node: computeusergroup_0_ID0000002
    pool:condorpool
...
001 (11047.000.000) 01/19 18:16:16 Job executing on host: <54.201.168.39:41677?addrs=54.201.168.39-41677&noUDP>
...
005 (11046.000.000) 01/19 18:16:18 Job terminated.
	(1) Normal termination (return value 0)
		Usr 0 00:00:00, Sys 0 00:00:00  -  Run Remote Usage
		Usr 0 00:00:00, Sys 0 00:00:00  -  Run Local Usage
		Usr 0 00:00:00, Sys 0 00:00:00  -  Total Remote Usage
		Usr 0 00:00:00, Sys 0 00:00:00  -  Total Local Usage
	0  -  Run Bytes Sent By Job
	0  -  Run Bytes Received By Job
	0  -  Total Bytes Sent By Job
	0  -  Total Bytes Received By Job
...
016 (11046.000.000) 01/19 18:16:21 POST Script terminated.
	(1) Normal termination (return value 0)
    DAG Node: clean_up_local_level_3_0
...
005 (11047.000.000) 01/19 19:16:44 Job terminated.
	(1) Normal termination (return value 0)
		Usr 0 00:04:53, Sys 0 00:00:15  -  Run Remote Usage
		Usr 0 00:00:00, Sys 0 00:00:00  -  Run Local Usage
		Usr 0 00:04:53, Sys 0 00:00:15  -  Total Remote Usage
		Usr 0 00:00:00, Sys 0 00:00:00  -  Total Local Usage
	518087  -  Run Bytes Sent By Job
	3170658  -  Run Bytes Received By Job
	518087  -  Total Bytes Sent By Job
	3170658  -  Total Bytes Received By Job
	Partitionable Resources :    Usage  Request Allocated
	   Cpus                 :                 1         1
	   Disk (KB)            :    81635     3250  27734608
	   Memory (MB)          :      562        1      3764
...
016 (11047.000.000) 01/19 19:16:45 POST Script terminated.
	(1) Normal termination (return value 0)
    DAG Node: computeusergroup_0_ID0000002
...
000 (11048.000.000) 01/19 19:16:55 Job submitted from host: <52.53.186.156:50814?addrs=52.53.186.156-50814>
    DAG Node: clean_up_local_level_4_0
    pool:local
...
000 (11049.000.000) 01/19 19:16:55 Job submitted from host: <52.53.186.156:50814?addrs=52.53.186.156-50814>
    DAG Node: stage_out_local_local_1_0
    pool:local
...
001 (11048.000.000) 01/19 19:16:55 Job executing on host: <52.53.186.156:52944?addrs=52.53.186.156-52944>
...
000 (11050.000.000) 01/19 19:16:55 Job submitted from host: <52.53.186.156:50814?addrs=52.53.186.156-50814>
    DAG Node: sessioncompute_0_ID0000003
    pool:condorpool
...
005 (11048.000.000) 01/19 19:16:59 Job terminated.
	(1) Normal termination (return value 0)
		Usr 0 00:00:00, Sys 0 00:00:00  -  Run Remote Usage
		Usr 0 00:00:00, Sys 0 00:00:00  -  Run Local Usage
		Usr 0 00:00:00, Sys 0 00:00:00  -  Total Remote Usage
		Usr 0 00:00:00, Sys 0 00:00:00  -  Total Local Usage
	0  -  Run Bytes Sent By Job
	0  -  Run Bytes Received By Job
	0  -  Total Bytes Sent By Job
	0  -  Total Bytes Received By Job
...
001 (11049.000.000) 01/19 19:16:59 Job executing on host: <52.53.186.156:13782?addrs=52.53.186.156-13782>
...
016 (11048.000.000) 01/19 19:17:01 POST Script terminated.
	(1) Normal termination (return value 0)
    DAG Node: clean_up_local_level_4_0
...
005 (11049.000.000) 01/19 19:17:02 Job terminated.
	(1) Normal termination (return value 0)
		Usr 0 00:00:00, Sys 0 00:00:00  -  Run Remote Usage
		Usr 0 00:00:00, Sys 0 00:00:00  -  Run Local Usage
		Usr 0 00:00:00, Sys 0 00:00:00  -  Total Remote Usage
		Usr 0 00:00:00, Sys 0 00:00:00  -  Total Local Usage
	0  -  Run Bytes Sent By Job
	0  -  Run Bytes Received By Job
	0  -  Total Bytes Sent By Job
	0  -  Total Bytes Received By Job
...
016 (11049.000.000) 01/19 19:17:05 POST Script terminated.
	(1) Normal termination (return value 0)
    DAG Node: stage_out_local_local_1_0
...
001 (11050.000.000) 01/19 19:17:16 Job executing on host: <54.201.168.39:41677?addrs=54.201.168.39-41677&noUDP>
...
005 (11050.000.000) 01/19 19:37:33 Job terminated.
	(1) Normal termination (return value 0)
		Usr 0 00:15:31, Sys 0 00:00:06  -  Run Remote Usage
		Usr 0 00:00:00, Sys 0 00:00:00  -  Run Local Usage
		Usr 0 00:15:31, Sys 0 00:00:06  -  Total Remote Usage
		Usr 0 00:00:00, Sys 0 00:00:00  -  Total Local Usage
	359049  -  Run Bytes Sent By Job
	3311279  -  Run Bytes Received By Job
	359049  -  Total Bytes Sent By Job
	3311279  -  Total Bytes Received By Job
	Partitionable Resources :    Usage  Request Allocated
	   Cpus                 :                 1         1
	   Disk (KB)            :    35015     3250  27734328
	   Memory (MB)          :       92        1      3764
...
016 (11050.000.000) 01/19 19:37:36 POST Script terminated.
	(1) Normal termination (return value 0)
    DAG Node: sessioncompute_0_ID0000003
...
000 (11051.000.000) 01/19 19:37:46 Job submitted from host: <52.53.186.156:50814?addrs=52.53.186.156-50814>
    DAG Node: longestsession_0_ID0000004
    pool:condorpool
...
000 (11052.000.000) 01/19 19:37:46 Job submitted from host: <52.53.186.156:50814?addrs=52.53.186.156-50814>
    DAG Node: clean_up_local_level_5_0
    pool:local
...
000 (11053.000.000) 01/19 19:37:46 Job submitted from host: <52.53.186.156:50814?addrs=52.53.186.156-50814>
    DAG Node: clean_up_local_level_5_1
    pool:local
...
001 (11051.000.000) 01/19 19:37:47 Job executing on host: <54.201.168.39:41677?addrs=54.201.168.39-41677&noUDP>
...
001 (11053.000.000) 01/19 19:37:52 Job executing on host: <52.53.186.156:33230?addrs=52.53.186.156-33230>
...
001 (11052.000.000) 01/19 19:37:52 Job executing on host: <52.53.186.156:21392?addrs=52.53.186.156-21392>
...
005 (11053.000.000) 01/19 19:37:54 Job terminated.
	(1) Normal termination (return value 0)
		Usr 0 00:00:00, Sys 0 00:00:00  -  Run Remote Usage
		Usr 0 00:00:00, Sys 0 00:00:00  -  Run Local Usage
		Usr 0 00:00:00, Sys 0 00:00:00  -  Total Remote Usage
		Usr 0 00:00:00, Sys 0 00:00:00  -  Total Local Usage
	0  -  Run Bytes Sent By Job
	0  -  Run Bytes Received By Job
	0  -  Total Bytes Sent By Job
	0  -  Total Bytes Received By Job
...
005 (11052.000.000) 01/19 19:37:54 Job terminated.
	(1) Normal termination (return value 0)
		Usr 0 00:00:00, Sys 0 00:00:00  -  Run Remote Usage
		Usr 0 00:00:00, Sys 0 00:00:00  -  Run Local Usage
		Usr 0 00:00:00, Sys 0 00:00:00  -  Total Remote Usage
		Usr 0 00:00:00, Sys 0 00:00:00  -  Total Local Usage
	0  -  Run Bytes Sent By Job
	0  -  Run Bytes Received By Job
	0  -  Total Bytes Sent By Job
	0  -  Total Bytes Received By Job
...
016 (11053.000.000) 01/19 19:37:57 POST Script terminated.
	(1) Normal termination (return value 0)
    DAG Node: clean_up_local_level_5_1
...
016 (11052.000.000) 01/19 19:37:57 POST Script terminated.
	(1) Normal termination (return value 0)
    DAG Node: clean_up_local_level_5_0
...
005 (11051.000.000) 01/19 19:38:06 Job terminated.
	(1) Normal termination (return value 0)
		Usr 0 00:00:04, Sys 0 00:00:00  -  Run Remote Usage
		Usr 0 00:00:00, Sys 0 00:00:00  -  Run Local Usage
		Usr 0 00:00:04, Sys 0 00:00:00  -  Total Remote Usage
		Usr 0 00:00:00, Sys 0 00:00:00  -  Total Local Usage
	108622  -  Run Bytes Sent By Job
	3172415  -  Run Bytes Received By Job
	108622  -  Total Bytes Sent By Job
	3172415  -  Total Bytes Received By Job
	Partitionable Resources :    Usage  Request Allocated
	   Cpus                 :                 1         1
	   Disk (KB)            :     6212     3250  27728372
	   Memory (MB)          :        2        1      3764
...
016 (11051.000.000) 01/19 19:38:06 POST Script terminated.
	(1) Normal termination (return value 0)
    DAG Node: longestsession_0_ID0000004
...
000 (11054.000.000) 01/19 19:38:16 Job submitted from host: <52.53.186.156:50814?addrs=52.53.186.156-50814>
    DAG Node: terminate_0_ID0000005
    pool:condorpool
...
000 (11055.000.000) 01/19 19:38:16 Job submitted from host: <52.53.186.156:50814?addrs=52.53.186.156-50814>
    DAG Node: clean_up_local_level_6_0
    pool:local
...
001 (11054.000.000) 01/19 19:38:16 Job executing on host: <54.201.168.39:41677?addrs=54.201.168.39-41677&noUDP>
...
005 (11054.000.000) 01/19 19:38:17 Job terminated.
	(1) Normal termination (return value 0)
		Usr 0 00:00:00, Sys 0 00:00:00  -  Run Remote Usage
		Usr 0 00:00:00, Sys 0 00:00:00  -  Run Local Usage
		Usr 0 00:00:00, Sys 0 00:00:00  -  Total Remote Usage
		Usr 0 00:00:00, Sys 0 00:00:00  -  Total Local Usage
	4450  -  Run Bytes Sent By Job
	3167636  -  Run Bytes Received By Job
	4450  -  Total Bytes Sent By Job
	3167636  -  Total Bytes Received By Job
	Partitionable Resources :    Usage  Request Allocated
	   Cpus                 :                 1         1
	   Disk (KB)            :     6103     3250  27728372
	   Memory (MB)          :        0        1      3764
...
001 (11055.000.000) 01/19 19:38:21 Job executing on host: <52.53.186.156:50389?addrs=52.53.186.156-50389>
...
016 (11054.000.000) 01/19 19:38:21 POST Script terminated.
	(1) Normal termination (return value 0)
    DAG Node: terminate_0_ID0000005
...
005 (11055.000.000) 01/19 19:38:25 Job terminated.
	(1) Normal termination (return value 0)
		Usr 0 00:00:00, Sys 0 00:00:00  -  Run Remote Usage
		Usr 0 00:00:00, Sys 0 00:00:00  -  Run Local Usage
		Usr 0 00:00:00, Sys 0 00:00:00  -  Total Remote Usage
		Usr 0 00:00:00, Sys 0 00:00:00  -  Total Local Usage
	0  -  Run Bytes Sent By Job
	0  -  Run Bytes Received By Job
	0  -  Total Bytes Sent By Job
	0  -  Total Bytes Received By Job
...
016 (11055.000.000) 01/19 19:38:26 POST Script terminated.
	(1) Normal termination (return value 0)
    DAG Node: clean_up_local_level_6_0
...
000 (11056.000.000) 01/19 19:38:31 Job submitted from host: <52.53.186.156:50814?addrs=52.53.186.156-50814>
    DAG Node: clean_up_local_level_7_0
    pool:local
...
001 (11056.000.000) 01/19 19:38:32 Job executing on host: <52.53.186.156:35306?addrs=52.53.186.156-35306>
...
005 (11056.000.000) 01/19 19:38:34 Job terminated.
	(1) Normal termination (return value 0)
		Usr 0 00:00:00, Sys 0 00:00:00  -  Run Remote Usage
		Usr 0 00:00:00, Sys 0 00:00:00  -  Run Local Usage
		Usr 0 00:00:00, Sys 0 00:00:00  -  Total Remote Usage
		Usr 0 00:00:00, Sys 0 00:00:00  -  Total Local Usage
	0  -  Run Bytes Sent By Job
	0  -  Run Bytes Received By Job
	0  -  Total Bytes Sent By Job
	0  -  Total Bytes Received By Job
...
016 (11056.000.000) 01/19 19:38:37 POST Script terminated.
	(1) Normal termination (return value 0)
    DAG Node: clean_up_local_level_7_0
...
000 (11057.000.000) 01/19 19:38:47 Job submitted from host: <52.53.186.156:50814?addrs=52.53.186.156-50814>
    DAG Node: cleanup_example_workflow_0_local
    pool:local
...
001 (11057.000.000) 01/19 19:38:47 Job executing on host: <52.53.186.156:25840?addrs=52.53.186.156-25840>
...
005 (11057.000.000) 01/19 19:38:49 Job terminated.
	(1) Normal termination (return value 0)
		Usr 0 00:00:00, Sys 0 00:00:00  -  Run Remote Usage
		Usr 0 00:00:00, Sys 0 00:00:00  -  Run Local Usage
		Usr 0 00:00:00, Sys 0 00:00:00  -  Total Remote Usage
		Usr 0 00:00:00, Sys 0 00:00:00  -  Total Local Usage
	0  -  Run Bytes Sent By Job
	0  -  Run Bytes Received By Job
	0  -  Total Bytes Sent By Job
	0  -  Total Bytes Received By Job
...
