01/19/17 18:06:41 ******************************************************
01/19/17 18:06:41 ** condor_scheduniv_exec.11036.0 (CONDOR_DAGMAN) STARTING UP
01/19/17 18:06:41 ** /usr/bin/condor_dagman
01/19/17 18:06:41 ** SubsystemInfo: name=DAGMAN type=DAGMAN(10) class=DAEMON(1)
01/19/17 18:06:41 ** Configuration: subsystem:DAGMAN local:<NONE> class:DAEMON
01/19/17 18:06:41 ** $CondorVersion: 8.4.8 Jun 30 2016 BuildID: 373513 $
01/19/17 18:06:41 ** $CondorPlatform: x86_64_Ubuntu14 $
01/19/17 18:06:41 ** PID = 82274
01/19/17 18:06:41 ** Log last touched time unavailable (No such file or directory)
01/19/17 18:06:41 ******************************************************
01/19/17 18:06:41 Using config source: /etc/condor/condor_config
01/19/17 18:06:41 Using local config sources: 
01/19/17 18:06:41    /etc/condor/condor_config.local
01/19/17 18:06:41 config Macros = 63, Sorted = 63, StringBytes = 1977, TablesBytes = 2308
01/19/17 18:06:41 CLASSAD_CACHING is ENABLED
01/19/17 18:06:41 Daemon Log is logging: D_ALWAYS D_ERROR
01/19/17 18:06:41 DaemonCore: No command port requested.
01/19/17 18:06:41 DAGMAN_USE_STRICT setting: 1
01/19/17 18:06:41 DAGMAN_VERBOSITY setting: 3
01/19/17 18:06:41 DAGMAN_DEBUG_CACHE_SIZE setting: 5242880
01/19/17 18:06:41 DAGMAN_DEBUG_CACHE_ENABLE setting: False
01/19/17 18:06:41 DAGMAN_SUBMIT_DELAY setting: 0
01/19/17 18:06:41 DAGMAN_MAX_SUBMIT_ATTEMPTS setting: 6
01/19/17 18:06:41 DAGMAN_STARTUP_CYCLE_DETECT setting: False
01/19/17 18:06:41 DAGMAN_MAX_SUBMITS_PER_INTERVAL setting: 5
01/19/17 18:06:41 DAGMAN_USER_LOG_SCAN_INTERVAL setting: 5
01/19/17 18:06:41 DAGMAN_DEFAULT_PRIORITY setting: 0
01/19/17 18:06:41 DAGMAN_SUPPRESS_NOTIFICATION setting: True
01/19/17 18:06:41 allow_events (DAGMAN_ALLOW_EVENTS) setting: 114
01/19/17 18:06:41 DAGMAN_RETRY_SUBMIT_FIRST setting: True
01/19/17 18:06:41 DAGMAN_RETRY_NODE_FIRST setting: False
01/19/17 18:06:41 DAGMAN_MAX_JOBS_IDLE setting: 1000
01/19/17 18:06:41 DAGMAN_MAX_JOBS_SUBMITTED setting: 0
01/19/17 18:06:41 DAGMAN_MAX_PRE_SCRIPTS setting: 20
01/19/17 18:06:41 DAGMAN_MAX_POST_SCRIPTS setting: 20
01/19/17 18:06:41 DAGMAN_ALLOW_LOG_ERROR setting: False
01/19/17 18:06:41 DAGMAN_MUNGE_NODE_NAMES setting: True
01/19/17 18:06:41 DAGMAN_PROHIBIT_MULTI_JOBS setting: False
01/19/17 18:06:41 DAGMAN_SUBMIT_DEPTH_FIRST setting: False
01/19/17 18:06:41 DAGMAN_ALWAYS_RUN_POST setting: True
01/19/17 18:06:41 DAGMAN_ABORT_DUPLICATES setting: True
01/19/17 18:06:41 DAGMAN_ABORT_ON_SCARY_SUBMIT setting: True
01/19/17 18:06:41 DAGMAN_PENDING_REPORT_INTERVAL setting: 600
01/19/17 18:06:41 DAGMAN_AUTO_RESCUE setting: True
01/19/17 18:06:41 DAGMAN_MAX_RESCUE_NUM setting: 100
01/19/17 18:06:41 DAGMAN_WRITE_PARTIAL_RESCUE setting: True
01/19/17 18:06:41 DAGMAN_DEFAULT_NODE_LOG setting: @(DAG_DIR)/@(DAG_FILE).nodes.log
01/19/17 18:06:41 DAGMAN_GENERATE_SUBDAG_SUBMITS setting: True
01/19/17 18:06:41 DAGMAN_MAX_JOB_HOLDS setting: 100
01/19/17 18:06:41 DAGMAN_HOLD_CLAIM_TIME setting: 20
01/19/17 18:06:41 ALL_DEBUG setting: 
01/19/17 18:06:41 DAGMAN_DEBUG setting: 
01/19/17 18:06:41 DAGMAN_SUPPRESS_JOB_LOGS setting: False
01/19/17 18:06:41 argv[0] == "condor_scheduniv_exec.11036.0"
01/19/17 18:06:41 argv[1] == "-Lockfile"
01/19/17 18:06:41 argv[2] == "example_workflow-0.dag.lock"
01/19/17 18:06:41 argv[3] == "-AutoRescue"
01/19/17 18:06:41 argv[4] == "1"
01/19/17 18:06:41 argv[5] == "-DoRescueFrom"
01/19/17 18:06:41 argv[6] == "0"
01/19/17 18:06:41 argv[7] == "-Dag"
01/19/17 18:06:41 argv[8] == "example_workflow-0.dag"
01/19/17 18:06:41 argv[9] == "-MaxPost"
01/19/17 18:06:41 argv[10] == "20"
01/19/17 18:06:41 argv[11] == "-Suppress_notification"
01/19/17 18:06:41 argv[12] == "-CsdVersion"
01/19/17 18:06:41 argv[13] == "$CondorVersion: 8.4.8 Jun 30 2016 BuildID: 373513 $"
01/19/17 18:06:41 argv[14] == "-Dagman"
01/19/17 18:06:41 argv[15] == "/usr/bin/condor_dagman"
01/19/17 18:06:41 Warning: failed to get attribute DAGNodeName
01/19/17 18:06:41 DAGMAN_LOG_ON_NFS_IS_ERROR setting: False
01/19/17 18:06:41 Default node log file is: </home/ubuntu/wikiflow/7_0_wikiflow_1sh_1s_noannot_prim/dags/ubuntu/pegasus/example_workflow/20170119T180637+0000/./example_workflow-0.dag.nodes.log>
01/19/17 18:06:41 DAG Lockfile will be written to example_workflow-0.dag.lock
01/19/17 18:06:41 DAG Input file is example_workflow-0.dag
01/19/17 18:06:41 Parsing 1 dagfiles
01/19/17 18:06:41 Parsing example_workflow-0.dag ...
01/19/17 18:06:41 Warning: category stage-out has no throttle value set
01/19/17 18:06:41 Warning: category stage-in has no throttle value set
01/19/17 18:06:41 Dag contains 21 total jobs
01/19/17 18:06:41 Sleeping for 3 seconds to ensure ProcessId uniqueness
01/19/17 18:06:44 Bootstrapping...
01/19/17 18:06:44 Number of pre-completed nodes: 0
01/19/17 18:06:44 MultiLogFiles: truncating log file /home/ubuntu/wikiflow/7_0_wikiflow_1sh_1s_noannot_prim/dags/ubuntu/pegasus/example_workflow/20170119T180637+0000/./example_workflow-0.dag.nodes.log
01/19/17 18:06:44 DAG status: 0 (DAG_STATUS_OK)
01/19/17 18:06:44 Of 21 nodes total:
01/19/17 18:06:44  Done     Pre   Queued    Post   Ready   Un-Ready   Failed
01/19/17 18:06:44   ===     ===      ===     ===     ===        ===      ===
01/19/17 18:06:44     0       0        0       0       1         20        0
01/19/17 18:06:44 0 job proc(s) currently held
01/19/17 18:06:44 Registering condor_event_timer...
01/19/17 18:06:45 Submitting Condor Node create_dir_example_workflow_0_local job(s)...
01/19/17 18:06:45 Adding a DAGMan workflow log /home/ubuntu/wikiflow/7_0_wikiflow_1sh_1s_noannot_prim/dags/ubuntu/pegasus/example_workflow/20170119T180637+0000/./example_workflow-0.dag.nodes.log
01/19/17 18:06:45 Masking the events recorded in the DAGMAN workflow log
01/19/17 18:06:45 Mask for workflow log is 0,1,2,4,5,7,9,10,11,12,13,16,17,24,27
01/19/17 18:06:45 submitting: /usr/bin/condor_submit -a dag_node_name' '=' 'create_dir_example_workflow_0_local -a +DAGManJobId' '=' '11036 -a DAGManJobId' '=' '11036 -a submit_event_notes' '=' 'DAG' 'Node:' 'create_dir_example_workflow_0_local -a dagman_log' '=' '/home/ubuntu/wikiflow/7_0_wikiflow_1sh_1s_noannot_prim/dags/ubuntu/pegasus/example_workflow/20170119T180637+0000/./example_workflow-0.dag.nodes.log -a +DAGManNodesMask' '=' '"0,1,2,4,5,7,9,10,11,12,13,16,17,24,27" -a DAG_STATUS' '=' '0 -a FAILED_COUNT' '=' '0 -a +DAGParentNodeNames' '=' '"" -a +KeepClaimIdle' '=' '20 -a notification' '=' 'never 00/00/create_dir_example_workflow_0_local.sub
01/19/17 18:06:45 From submit: Submitting job(s).
01/19/17 18:06:45 From submit: 1 job(s) submitted to cluster 11037.
01/19/17 18:06:45 	assigned Condor ID (11037.0.0)
01/19/17 18:06:45 Just submitted 1 job this cycle...
01/19/17 18:06:45 Currently monitoring 1 Condor log file(s)
01/19/17 18:06:45 Reassigning the id of job create_dir_example_workflow_0_local from (11037.0.0) to (11037.0.0)
01/19/17 18:06:45 Event: ULOG_SUBMIT for Condor Node create_dir_example_workflow_0_local (11037.0.0)
01/19/17 18:06:45 Number of idle job procs: 1
01/19/17 18:06:45 DAG status: 0 (DAG_STATUS_OK)
01/19/17 18:06:45 Of 21 nodes total:
01/19/17 18:06:45  Done     Pre   Queued    Post   Ready   Un-Ready   Failed
01/19/17 18:06:45   ===     ===      ===     ===     ===        ===      ===
01/19/17 18:06:45     0       0        1       0       0         20        0
01/19/17 18:06:45 0 job proc(s) currently held
01/19/17 18:06:50 Currently monitoring 1 Condor log file(s)
01/19/17 18:06:50 Event: ULOG_EXECUTE for Condor Node create_dir_example_workflow_0_local (11037.0.0)
01/19/17 18:06:50 Number of idle job procs: 0
01/19/17 18:06:50 Event: ULOG_JOB_TERMINATED for Condor Node create_dir_example_workflow_0_local (11037.0.0)
01/19/17 18:06:50 Number of idle job procs: 0
01/19/17 18:06:50 Node create_dir_example_workflow_0_local job proc (11037.0.0) completed successfully.
01/19/17 18:06:50 Node create_dir_example_workflow_0_local job completed
01/19/17 18:06:50 Running POST script of Node create_dir_example_workflow_0_local...
01/19/17 18:06:50 Warning: mysin has length 0 (ignore if produced by DAGMan; see gittrac #4987, #5031)
01/19/17 18:06:50 DAG status: 0 (DAG_STATUS_OK)
01/19/17 18:06:50 Of 21 nodes total:
01/19/17 18:06:50  Done     Pre   Queued    Post   Ready   Un-Ready   Failed
01/19/17 18:06:50   ===     ===      ===     ===     ===        ===      ===
01/19/17 18:06:50     0       0        0       1       0         20        0
01/19/17 18:06:50 0 job proc(s) currently held
01/19/17 18:06:51 Initializing user log writer for /home/ubuntu/wikiflow/7_0_wikiflow_1sh_1s_noannot_prim/dags/ubuntu/pegasus/example_workflow/20170119T180637+0000/./example_workflow-0.dag.nodes.log, (11037.0.0)
01/19/17 18:06:55 Currently monitoring 1 Condor log file(s)
01/19/17 18:06:55 Event: ULOG_POST_SCRIPT_TERMINATED for Condor Node create_dir_example_workflow_0_local (11037.0.0)
01/19/17 18:06:55 POST Script of Node create_dir_example_workflow_0_local completed successfully.
01/19/17 18:06:55 DAG status: 0 (DAG_STATUS_OK)
01/19/17 18:06:55 Of 21 nodes total:
01/19/17 18:06:55  Done     Pre   Queued    Post   Ready   Un-Ready   Failed
01/19/17 18:06:55   ===     ===      ===     ===     ===        ===      ===
01/19/17 18:06:55     1       0        0       0       7         13        0
01/19/17 18:06:55 0 job proc(s) currently held
01/19/17 18:07:00 Submitting Condor Node stage_in_local_local_0_0 job(s)...
01/19/17 18:07:00 Adding a DAGMan workflow log /home/ubuntu/wikiflow/7_0_wikiflow_1sh_1s_noannot_prim/dags/ubuntu/pegasus/example_workflow/20170119T180637+0000/./example_workflow-0.dag.nodes.log
01/19/17 18:07:00 Masking the events recorded in the DAGMAN workflow log
01/19/17 18:07:00 Mask for workflow log is 0,1,2,4,5,7,9,10,11,12,13,16,17,24,27
01/19/17 18:07:00 submitting: /usr/bin/condor_submit -a dag_node_name' '=' 'stage_in_local_local_0_0 -a +DAGManJobId' '=' '11036 -a DAGManJobId' '=' '11036 -a submit_event_notes' '=' 'DAG' 'Node:' 'stage_in_local_local_0_0 -a dagman_log' '=' '/home/ubuntu/wikiflow/7_0_wikiflow_1sh_1s_noannot_prim/dags/ubuntu/pegasus/example_workflow/20170119T180637+0000/./example_workflow-0.dag.nodes.log -a +DAGManNodesMask' '=' '"0,1,2,4,5,7,9,10,11,12,13,16,17,24,27" -a DAG_STATUS' '=' '0 -a FAILED_COUNT' '=' '0 -a +DAGParentNodeNames' '=' '"create_dir_example_workflow_0_local" -a +KeepClaimIdle' '=' '20 -a notification' '=' 'never 00/00/stage_in_local_local_0_0.sub
01/19/17 18:07:00 From submit: Submitting job(s).
01/19/17 18:07:00 From submit: 1 job(s) submitted to cluster 11038.
01/19/17 18:07:00 	assigned Condor ID (11038.0.0)
01/19/17 18:07:00 Submitting Condor Node stage_in_local_local_4_0 job(s)...
01/19/17 18:07:00 Adding a DAGMan workflow log /home/ubuntu/wikiflow/7_0_wikiflow_1sh_1s_noannot_prim/dags/ubuntu/pegasus/example_workflow/20170119T180637+0000/./example_workflow-0.dag.nodes.log
01/19/17 18:07:00 Masking the events recorded in the DAGMAN workflow log
01/19/17 18:07:00 Mask for workflow log is 0,1,2,4,5,7,9,10,11,12,13,16,17,24,27
01/19/17 18:07:00 submitting: /usr/bin/condor_submit -a dag_node_name' '=' 'stage_in_local_local_4_0 -a +DAGManJobId' '=' '11036 -a DAGManJobId' '=' '11036 -a submit_event_notes' '=' 'DAG' 'Node:' 'stage_in_local_local_4_0 -a dagman_log' '=' '/home/ubuntu/wikiflow/7_0_wikiflow_1sh_1s_noannot_prim/dags/ubuntu/pegasus/example_workflow/20170119T180637+0000/./example_workflow-0.dag.nodes.log -a +DAGManNodesMask' '=' '"0,1,2,4,5,7,9,10,11,12,13,16,17,24,27" -a DAG_STATUS' '=' '0 -a FAILED_COUNT' '=' '0 -a +DAGParentNodeNames' '=' '"create_dir_example_workflow_0_local" -a +KeepClaimIdle' '=' '20 -a notification' '=' 'never 00/00/stage_in_local_local_4_0.sub
01/19/17 18:07:00 From submit: Submitting job(s).
01/19/17 18:07:00 From submit: 1 job(s) submitted to cluster 11039.
01/19/17 18:07:00 	assigned Condor ID (11039.0.0)
01/19/17 18:07:00 Submitting Condor Node stage_in_local_local_1_0 job(s)...
01/19/17 18:07:00 Adding a DAGMan workflow log /home/ubuntu/wikiflow/7_0_wikiflow_1sh_1s_noannot_prim/dags/ubuntu/pegasus/example_workflow/20170119T180637+0000/./example_workflow-0.dag.nodes.log
01/19/17 18:07:00 Masking the events recorded in the DAGMAN workflow log
01/19/17 18:07:00 Mask for workflow log is 0,1,2,4,5,7,9,10,11,12,13,16,17,24,27
01/19/17 18:07:00 submitting: /usr/bin/condor_submit -a dag_node_name' '=' 'stage_in_local_local_1_0 -a +DAGManJobId' '=' '11036 -a DAGManJobId' '=' '11036 -a submit_event_notes' '=' 'DAG' 'Node:' 'stage_in_local_local_1_0 -a dagman_log' '=' '/home/ubuntu/wikiflow/7_0_wikiflow_1sh_1s_noannot_prim/dags/ubuntu/pegasus/example_workflow/20170119T180637+0000/./example_workflow-0.dag.nodes.log -a +DAGManNodesMask' '=' '"0,1,2,4,5,7,9,10,11,12,13,16,17,24,27" -a DAG_STATUS' '=' '0 -a FAILED_COUNT' '=' '0 -a +DAGParentNodeNames' '=' '"create_dir_example_workflow_0_local" -a +KeepClaimIdle' '=' '20 -a notification' '=' 'never 00/00/stage_in_local_local_1_0.sub
01/19/17 18:07:00 From submit: Submitting job(s).
01/19/17 18:07:00 From submit: 1 job(s) submitted to cluster 11040.
01/19/17 18:07:00 	assigned Condor ID (11040.0.0)
01/19/17 18:07:00 Submitting Condor Node stage_in_local_local_2_0 job(s)...
01/19/17 18:07:00 Adding a DAGMan workflow log /home/ubuntu/wikiflow/7_0_wikiflow_1sh_1s_noannot_prim/dags/ubuntu/pegasus/example_workflow/20170119T180637+0000/./example_workflow-0.dag.nodes.log
01/19/17 18:07:00 Masking the events recorded in the DAGMAN workflow log
01/19/17 18:07:00 Mask for workflow log is 0,1,2,4,5,7,9,10,11,12,13,16,17,24,27
01/19/17 18:07:00 submitting: /usr/bin/condor_submit -a dag_node_name' '=' 'stage_in_local_local_2_0 -a +DAGManJobId' '=' '11036 -a DAGManJobId' '=' '11036 -a submit_event_notes' '=' 'DAG' 'Node:' 'stage_in_local_local_2_0 -a dagman_log' '=' '/home/ubuntu/wikiflow/7_0_wikiflow_1sh_1s_noannot_prim/dags/ubuntu/pegasus/example_workflow/20170119T180637+0000/./example_workflow-0.dag.nodes.log -a +DAGManNodesMask' '=' '"0,1,2,4,5,7,9,10,11,12,13,16,17,24,27" -a DAG_STATUS' '=' '0 -a FAILED_COUNT' '=' '0 -a +DAGParentNodeNames' '=' '"create_dir_example_workflow_0_local" -a +KeepClaimIdle' '=' '20 -a notification' '=' 'never 00/00/stage_in_local_local_2_0.sub
01/19/17 18:07:00 From submit: Submitting job(s).
01/19/17 18:07:00 From submit: 1 job(s) submitted to cluster 11041.
01/19/17 18:07:00 	assigned Condor ID (11041.0.0)
01/19/17 18:07:00 Submitting Condor Node stage_in_remote_local_1_0 job(s)...
01/19/17 18:07:00 Adding a DAGMan workflow log /home/ubuntu/wikiflow/7_0_wikiflow_1sh_1s_noannot_prim/dags/ubuntu/pegasus/example_workflow/20170119T180637+0000/./example_workflow-0.dag.nodes.log
01/19/17 18:07:00 Masking the events recorded in the DAGMAN workflow log
01/19/17 18:07:00 Mask for workflow log is 0,1,2,4,5,7,9,10,11,12,13,16,17,24,27
01/19/17 18:07:00 submitting: /usr/bin/condor_submit -a dag_node_name' '=' 'stage_in_remote_local_1_0 -a +DAGManJobId' '=' '11036 -a DAGManJobId' '=' '11036 -a submit_event_notes' '=' 'DAG' 'Node:' 'stage_in_remote_local_1_0 -a dagman_log' '=' '/home/ubuntu/wikiflow/7_0_wikiflow_1sh_1s_noannot_prim/dags/ubuntu/pegasus/example_workflow/20170119T180637+0000/./example_workflow-0.dag.nodes.log -a +DAGManNodesMask' '=' '"0,1,2,4,5,7,9,10,11,12,13,16,17,24,27" -a DAG_STATUS' '=' '0 -a FAILED_COUNT' '=' '0 -a +DAGParentNodeNames' '=' '"create_dir_example_workflow_0_local" -a +KeepClaimIdle' '=' '20 -a notification' '=' 'never 00/00/stage_in_remote_local_1_0.sub
01/19/17 18:07:00 From submit: Submitting job(s).
01/19/17 18:07:00 From submit: 1 job(s) submitted to cluster 11042.
01/19/17 18:07:00 	assigned Condor ID (11042.0.0)
01/19/17 18:07:00 Just submitted 5 jobs this cycle...
01/19/17 18:07:00 Currently monitoring 1 Condor log file(s)
01/19/17 18:07:00 Reassigning the id of job stage_in_local_local_0_0 from (11038.0.0) to (11038.0.0)
01/19/17 18:07:00 Event: ULOG_SUBMIT for Condor Node stage_in_local_local_0_0 (11038.0.0)
01/19/17 18:07:00 Number of idle job procs: 1
01/19/17 18:07:00 Event: ULOG_EXECUTE for Condor Node stage_in_local_local_0_0 (11038.0.0)
01/19/17 18:07:00 Number of idle job procs: 0
01/19/17 18:07:00 Reassigning the id of job stage_in_local_local_4_0 from (11039.0.0) to (11039.0.0)
01/19/17 18:07:00 Event: ULOG_SUBMIT for Condor Node stage_in_local_local_4_0 (11039.0.0)
01/19/17 18:07:00 Number of idle job procs: 1
01/19/17 18:07:00 Reassigning the id of job stage_in_local_local_1_0 from (11040.0.0) to (11040.0.0)
01/19/17 18:07:00 Event: ULOG_SUBMIT for Condor Node stage_in_local_local_1_0 (11040.0.0)
01/19/17 18:07:00 Number of idle job procs: 2
01/19/17 18:07:00 Reassigning the id of job stage_in_local_local_2_0 from (11041.0.0) to (11041.0.0)
01/19/17 18:07:00 Event: ULOG_SUBMIT for Condor Node stage_in_local_local_2_0 (11041.0.0)
01/19/17 18:07:00 Number of idle job procs: 3
01/19/17 18:07:00 Reassigning the id of job stage_in_remote_local_1_0 from (11042.0.0) to (11042.0.0)
01/19/17 18:07:00 Event: ULOG_SUBMIT for Condor Node stage_in_remote_local_1_0 (11042.0.0)
01/19/17 18:07:00 Number of idle job procs: 4
01/19/17 18:07:00 DAG status: 0 (DAG_STATUS_OK)
01/19/17 18:07:00 Of 21 nodes total:
01/19/17 18:07:00  Done     Pre   Queued    Post   Ready   Un-Ready   Failed
01/19/17 18:07:00   ===     ===      ===     ===     ===        ===      ===
01/19/17 18:07:00     1       0        5       0       2         13        0
01/19/17 18:07:00 0 job proc(s) currently held
01/19/17 18:07:05 Submitting Condor Node stage_in_local_local_3_0 job(s)...
01/19/17 18:07:05 Adding a DAGMan workflow log /home/ubuntu/wikiflow/7_0_wikiflow_1sh_1s_noannot_prim/dags/ubuntu/pegasus/example_workflow/20170119T180637+0000/./example_workflow-0.dag.nodes.log
01/19/17 18:07:05 Masking the events recorded in the DAGMAN workflow log
01/19/17 18:07:05 Mask for workflow log is 0,1,2,4,5,7,9,10,11,12,13,16,17,24,27
01/19/17 18:07:05 submitting: /usr/bin/condor_submit -a dag_node_name' '=' 'stage_in_local_local_3_0 -a +DAGManJobId' '=' '11036 -a DAGManJobId' '=' '11036 -a submit_event_notes' '=' 'DAG' 'Node:' 'stage_in_local_local_3_0 -a dagman_log' '=' '/home/ubuntu/wikiflow/7_0_wikiflow_1sh_1s_noannot_prim/dags/ubuntu/pegasus/example_workflow/20170119T180637+0000/./example_workflow-0.dag.nodes.log -a +DAGManNodesMask' '=' '"0,1,2,4,5,7,9,10,11,12,13,16,17,24,27" -a DAG_STATUS' '=' '0 -a FAILED_COUNT' '=' '0 -a +DAGParentNodeNames' '=' '"create_dir_example_workflow_0_local" -a +KeepClaimIdle' '=' '20 -a notification' '=' 'never 00/00/stage_in_local_local_3_0.sub
01/19/17 18:07:05 From submit: Submitting job(s).
01/19/17 18:07:05 From submit: 1 job(s) submitted to cluster 11043.
01/19/17 18:07:05 	assigned Condor ID (11043.0.0)
01/19/17 18:07:05 Submitting Condor Node stage_in_remote_local_3_0 job(s)...
01/19/17 18:07:05 Adding a DAGMan workflow log /home/ubuntu/wikiflow/7_0_wikiflow_1sh_1s_noannot_prim/dags/ubuntu/pegasus/example_workflow/20170119T180637+0000/./example_workflow-0.dag.nodes.log
01/19/17 18:07:05 Masking the events recorded in the DAGMAN workflow log
01/19/17 18:07:05 Mask for workflow log is 0,1,2,4,5,7,9,10,11,12,13,16,17,24,27
01/19/17 18:07:05 submitting: /usr/bin/condor_submit -a dag_node_name' '=' 'stage_in_remote_local_3_0 -a +DAGManJobId' '=' '11036 -a DAGManJobId' '=' '11036 -a submit_event_notes' '=' 'DAG' 'Node:' 'stage_in_remote_local_3_0 -a dagman_log' '=' '/home/ubuntu/wikiflow/7_0_wikiflow_1sh_1s_noannot_prim/dags/ubuntu/pegasus/example_workflow/20170119T180637+0000/./example_workflow-0.dag.nodes.log -a +DAGManNodesMask' '=' '"0,1,2,4,5,7,9,10,11,12,13,16,17,24,27" -a DAG_STATUS' '=' '0 -a FAILED_COUNT' '=' '0 -a +DAGParentNodeNames' '=' '"create_dir_example_workflow_0_local" -a +KeepClaimIdle' '=' '20 -a notification' '=' 'never 00/00/stage_in_remote_local_3_0.sub
01/19/17 18:07:05 From submit: Submitting job(s).
01/19/17 18:07:05 From submit: 1 job(s) submitted to cluster 11044.
01/19/17 18:07:05 	assigned Condor ID (11044.0.0)
01/19/17 18:07:05 Just submitted 2 jobs this cycle...
01/19/17 18:07:05 Currently monitoring 1 Condor log file(s)
01/19/17 18:07:05 Event: ULOG_JOB_TERMINATED for Condor Node stage_in_local_local_0_0 (11038.0.0)
01/19/17 18:07:05 Number of idle job procs: 4
01/19/17 18:07:05 Node stage_in_local_local_0_0 job proc (11038.0.0) completed successfully.
01/19/17 18:07:05 Node stage_in_local_local_0_0 job completed
01/19/17 18:07:05 Running POST script of Node stage_in_local_local_0_0...
01/19/17 18:07:05 Warning: mysin has length 0 (ignore if produced by DAGMan; see gittrac #4987, #5031)
01/19/17 18:07:05 Event: ULOG_EXECUTE for Condor Node stage_in_local_local_4_0 (11039.0.0)
01/19/17 18:07:05 Number of idle job procs: 3
01/19/17 18:07:05 Event: ULOG_EXECUTE for Condor Node stage_in_remote_local_1_0 (11042.0.0)
01/19/17 18:07:05 Number of idle job procs: 2
01/19/17 18:07:05 Event: ULOG_EXECUTE for Condor Node stage_in_local_local_1_0 (11040.0.0)
01/19/17 18:07:05 Number of idle job procs: 1
01/19/17 18:07:05 Event: ULOG_EXECUTE for Condor Node stage_in_local_local_2_0 (11041.0.0)
01/19/17 18:07:05 Number of idle job procs: 0
01/19/17 18:07:05 Event: ULOG_JOB_TERMINATED for Condor Node stage_in_local_local_2_0 (11041.0.0)
01/19/17 18:07:05 Number of idle job procs: 0
01/19/17 18:07:05 Node stage_in_local_local_2_0 job proc (11041.0.0) completed successfully.
01/19/17 18:07:05 Node stage_in_local_local_2_0 job completed
01/19/17 18:07:05 Running POST script of Node stage_in_local_local_2_0...
01/19/17 18:07:05 Warning: mysin has length 0 (ignore if produced by DAGMan; see gittrac #4987, #5031)
01/19/17 18:07:05 Event: ULOG_JOB_TERMINATED for Condor Node stage_in_local_local_1_0 (11040.0.0)
01/19/17 18:07:05 Number of idle job procs: 0
01/19/17 18:07:05 Node stage_in_local_local_1_0 job proc (11040.0.0) completed successfully.
01/19/17 18:07:05 Node stage_in_local_local_1_0 job completed
01/19/17 18:07:05 Running POST script of Node stage_in_local_local_1_0...
01/19/17 18:07:05 Warning: mysin has length 0 (ignore if produced by DAGMan; see gittrac #4987, #5031)
01/19/17 18:07:05 Event: ULOG_JOB_TERMINATED for Condor Node stage_in_local_local_4_0 (11039.0.0)
01/19/17 18:07:05 Number of idle job procs: 0
01/19/17 18:07:05 Node stage_in_local_local_4_0 job proc (11039.0.0) completed successfully.
01/19/17 18:07:05 Node stage_in_local_local_4_0 job completed
01/19/17 18:07:05 Running POST script of Node stage_in_local_local_4_0...
01/19/17 18:07:05 Warning: mysin has length 0 (ignore if produced by DAGMan; see gittrac #4987, #5031)
01/19/17 18:07:05 Event: ULOG_JOB_TERMINATED for Condor Node stage_in_remote_local_1_0 (11042.0.0)
01/19/17 18:07:05 Number of idle job procs: 0
01/19/17 18:07:05 Node stage_in_remote_local_1_0 job proc (11042.0.0) completed successfully.
01/19/17 18:07:05 Node stage_in_remote_local_1_0 job completed
01/19/17 18:07:05 Running POST script of Node stage_in_remote_local_1_0...
01/19/17 18:07:05 Warning: mysin has length 0 (ignore if produced by DAGMan; see gittrac #4987, #5031)
01/19/17 18:07:05 Reassigning the id of job stage_in_local_local_3_0 from (11043.0.0) to (11043.0.0)
01/19/17 18:07:05 Event: ULOG_SUBMIT for Condor Node stage_in_local_local_3_0 (11043.0.0)
01/19/17 18:07:05 Number of idle job procs: 1
01/19/17 18:07:05 Event: ULOG_EXECUTE for Condor Node stage_in_local_local_3_0 (11043.0.0)
01/19/17 18:07:05 Number of idle job procs: 0
01/19/17 18:07:05 Reassigning the id of job stage_in_remote_local_3_0 from (11044.0.0) to (11044.0.0)
01/19/17 18:07:05 Event: ULOG_SUBMIT for Condor Node stage_in_remote_local_3_0 (11044.0.0)
01/19/17 18:07:05 Number of idle job procs: 1
01/19/17 18:07:05 DAG status: 0 (DAG_STATUS_OK)
01/19/17 18:07:05 Of 21 nodes total:
01/19/17 18:07:05  Done     Pre   Queued    Post   Ready   Un-Ready   Failed
01/19/17 18:07:05   ===     ===      ===     ===     ===        ===      ===
01/19/17 18:07:05     1       0        2       5       0         13        0
01/19/17 18:07:05 0 job proc(s) currently held
01/19/17 18:07:06 Initializing user log writer for /home/ubuntu/wikiflow/7_0_wikiflow_1sh_1s_noannot_prim/dags/ubuntu/pegasus/example_workflow/20170119T180637+0000/./example_workflow-0.dag.nodes.log, (11041.0.0)
01/19/17 18:07:06 Initializing user log writer for /home/ubuntu/wikiflow/7_0_wikiflow_1sh_1s_noannot_prim/dags/ubuntu/pegasus/example_workflow/20170119T180637+0000/./example_workflow-0.dag.nodes.log, (11042.0.0)
01/19/17 18:07:06 Initializing user log writer for /home/ubuntu/wikiflow/7_0_wikiflow_1sh_1s_noannot_prim/dags/ubuntu/pegasus/example_workflow/20170119T180637+0000/./example_workflow-0.dag.nodes.log, (11038.0.0)
01/19/17 18:07:06 Initializing user log writer for /home/ubuntu/wikiflow/7_0_wikiflow_1sh_1s_noannot_prim/dags/ubuntu/pegasus/example_workflow/20170119T180637+0000/./example_workflow-0.dag.nodes.log, (11040.0.0)
01/19/17 18:07:06 Initializing user log writer for /home/ubuntu/wikiflow/7_0_wikiflow_1sh_1s_noannot_prim/dags/ubuntu/pegasus/example_workflow/20170119T180637+0000/./example_workflow-0.dag.nodes.log, (11039.0.0)
01/19/17 18:07:10 Currently monitoring 1 Condor log file(s)
01/19/17 18:07:10 Event: ULOG_EXECUTE for Condor Node stage_in_remote_local_3_0 (11044.0.0)
01/19/17 18:07:10 Number of idle job procs: 0
01/19/17 18:07:10 Event: ULOG_POST_SCRIPT_TERMINATED for Condor Node stage_in_local_local_2_0 (11041.0.0)
01/19/17 18:07:10 POST Script of Node stage_in_local_local_2_0 completed successfully.
01/19/17 18:07:10 Event: ULOG_POST_SCRIPT_TERMINATED for Condor Node stage_in_remote_local_1_0 (11042.0.0)
01/19/17 18:07:10 POST Script of Node stage_in_remote_local_1_0 completed successfully.
01/19/17 18:07:10 Event: ULOG_POST_SCRIPT_TERMINATED for Condor Node stage_in_local_local_0_0 (11038.0.0)
01/19/17 18:07:10 POST Script of Node stage_in_local_local_0_0 completed successfully.
01/19/17 18:07:10 Event: ULOG_POST_SCRIPT_TERMINATED for Condor Node stage_in_local_local_1_0 (11040.0.0)
01/19/17 18:07:10 POST Script of Node stage_in_local_local_1_0 completed successfully.
01/19/17 18:07:10 Event: ULOG_POST_SCRIPT_TERMINATED for Condor Node stage_in_local_local_4_0 (11039.0.0)
01/19/17 18:07:10 POST Script of Node stage_in_local_local_4_0 completed successfully.
01/19/17 18:07:10 Event: ULOG_JOB_TERMINATED for Condor Node stage_in_remote_local_3_0 (11044.0.0)
01/19/17 18:07:10 Number of idle job procs: 0
01/19/17 18:07:10 Node stage_in_remote_local_3_0 job proc (11044.0.0) completed successfully.
01/19/17 18:07:10 Node stage_in_remote_local_3_0 job completed
01/19/17 18:07:10 Running POST script of Node stage_in_remote_local_3_0...
01/19/17 18:07:10 Warning: mysin has length 0 (ignore if produced by DAGMan; see gittrac #4987, #5031)
01/19/17 18:07:10 Event: ULOG_JOB_TERMINATED for Condor Node stage_in_local_local_3_0 (11043.0.0)
01/19/17 18:07:10 Number of idle job procs: 0
01/19/17 18:07:10 Node stage_in_local_local_3_0 job proc (11043.0.0) completed successfully.
01/19/17 18:07:10 Node stage_in_local_local_3_0 job completed
01/19/17 18:07:10 Running POST script of Node stage_in_local_local_3_0...
01/19/17 18:07:10 Warning: mysin has length 0 (ignore if produced by DAGMan; see gittrac #4987, #5031)
01/19/17 18:07:10 DAG status: 0 (DAG_STATUS_OK)
01/19/17 18:07:10 Of 21 nodes total:
01/19/17 18:07:10  Done     Pre   Queued    Post   Ready   Un-Ready   Failed
01/19/17 18:07:10   ===     ===      ===     ===     ===        ===      ===
01/19/17 18:07:10     6       0        0       2       1         12        0
01/19/17 18:07:10 0 job proc(s) currently held
01/19/17 18:07:11 Initializing user log writer for /home/ubuntu/wikiflow/7_0_wikiflow_1sh_1s_noannot_prim/dags/ubuntu/pegasus/example_workflow/20170119T180637+0000/./example_workflow-0.dag.nodes.log, (11044.0.0)
01/19/17 18:07:11 Initializing user log writer for /home/ubuntu/wikiflow/7_0_wikiflow_1sh_1s_noannot_prim/dags/ubuntu/pegasus/example_workflow/20170119T180637+0000/./example_workflow-0.dag.nodes.log, (11043.0.0)
01/19/17 18:07:15 Submitting Condor Node init_0_ID0000001 job(s)...
01/19/17 18:07:15 Adding a DAGMan workflow log /home/ubuntu/wikiflow/7_0_wikiflow_1sh_1s_noannot_prim/dags/ubuntu/pegasus/example_workflow/20170119T180637+0000/./example_workflow-0.dag.nodes.log
01/19/17 18:07:15 Masking the events recorded in the DAGMAN workflow log
01/19/17 18:07:15 Mask for workflow log is 0,1,2,4,5,7,9,10,11,12,13,16,17,24,27
01/19/17 18:07:15 submitting: /usr/bin/condor_submit -a dag_node_name' '=' 'init_0_ID0000001 -a +DAGManJobId' '=' '11036 -a DAGManJobId' '=' '11036 -a submit_event_notes' '=' 'DAG' 'Node:' 'init_0_ID0000001 -a dagman_log' '=' '/home/ubuntu/wikiflow/7_0_wikiflow_1sh_1s_noannot_prim/dags/ubuntu/pegasus/example_workflow/20170119T180637+0000/./example_workflow-0.dag.nodes.log -a +DAGManNodesMask' '=' '"0,1,2,4,5,7,9,10,11,12,13,16,17,24,27" -a DAG_STATUS' '=' '0 -a FAILED_COUNT' '=' '0 -a +DAGParentNodeNames' '=' '"stage_in_local_local_0_0" -a +KeepClaimIdle' '=' '20 -a notification' '=' 'never 00/00/init_0_ID0000001.sub
01/19/17 18:07:15 From submit: Submitting job(s).
01/19/17 18:07:15 From submit: 1 job(s) submitted to cluster 11045.
01/19/17 18:07:15 	assigned Condor ID (11045.0.0)
01/19/17 18:07:15 Just submitted 1 job this cycle...
01/19/17 18:07:15 Currently monitoring 1 Condor log file(s)
01/19/17 18:07:15 Event: ULOG_POST_SCRIPT_TERMINATED for Condor Node stage_in_remote_local_3_0 (11044.0.0)
01/19/17 18:07:15 POST Script of Node stage_in_remote_local_3_0 completed successfully.
01/19/17 18:07:15 Event: ULOG_POST_SCRIPT_TERMINATED for Condor Node stage_in_local_local_3_0 (11043.0.0)
01/19/17 18:07:15 POST Script of Node stage_in_local_local_3_0 completed successfully.
01/19/17 18:07:15 Reassigning the id of job init_0_ID0000001 from (11045.0.0) to (11045.0.0)
01/19/17 18:07:15 Event: ULOG_SUBMIT for Condor Node init_0_ID0000001 (11045.0.0)
01/19/17 18:07:15 Number of idle job procs: 1
01/19/17 18:07:15 DAG status: 0 (DAG_STATUS_OK)
01/19/17 18:07:15 Of 21 nodes total:
01/19/17 18:07:15  Done     Pre   Queued    Post   Ready   Un-Ready   Failed
01/19/17 18:07:15   ===     ===      ===     ===     ===        ===      ===
01/19/17 18:07:15     8       0        1       0       0         12        0
01/19/17 18:07:15 0 job proc(s) currently held
01/19/17 18:07:25 Currently monitoring 1 Condor log file(s)
01/19/17 18:07:25 Event: ULOG_EXECUTE for Condor Node init_0_ID0000001 (11045.0.0)
01/19/17 18:07:25 Number of idle job procs: 0
01/19/17 18:16:05 Currently monitoring 1 Condor log file(s)
01/19/17 18:16:05 Event: ULOG_JOB_TERMINATED for Condor Node init_0_ID0000001 (11045.0.0)
01/19/17 18:16:05 Number of idle job procs: 0
01/19/17 18:16:05 Node init_0_ID0000001 job proc (11045.0.0) completed successfully.
01/19/17 18:16:05 Node init_0_ID0000001 job completed
01/19/17 18:16:05 Running POST script of Node init_0_ID0000001...
01/19/17 18:16:05 Warning: mysin has length 0 (ignore if produced by DAGMan; see gittrac #4987, #5031)
01/19/17 18:16:05 DAG status: 0 (DAG_STATUS_OK)
01/19/17 18:16:05 Of 21 nodes total:
01/19/17 18:16:05  Done     Pre   Queued    Post   Ready   Un-Ready   Failed
01/19/17 18:16:05   ===     ===      ===     ===     ===        ===      ===
01/19/17 18:16:05     8       0        0       1       0         12        0
01/19/17 18:16:05 0 job proc(s) currently held
01/19/17 18:16:05 Initializing user log writer for /home/ubuntu/wikiflow/7_0_wikiflow_1sh_1s_noannot_prim/dags/ubuntu/pegasus/example_workflow/20170119T180637+0000/./example_workflow-0.dag.nodes.log, (11045.0.0)
01/19/17 18:16:10 Currently monitoring 1 Condor log file(s)
01/19/17 18:16:10 Event: ULOG_POST_SCRIPT_TERMINATED for Condor Node init_0_ID0000001 (11045.0.0)
01/19/17 18:16:10 POST Script of Node init_0_ID0000001 completed successfully.
01/19/17 18:16:10 DAG status: 0 (DAG_STATUS_OK)
01/19/17 18:16:10 Of 21 nodes total:
01/19/17 18:16:10  Done     Pre   Queued    Post   Ready   Un-Ready   Failed
01/19/17 18:16:10   ===     ===      ===     ===     ===        ===      ===
01/19/17 18:16:10     9       0        0       0       2         10        0
01/19/17 18:16:10 0 job proc(s) currently held
01/19/17 18:16:15 Submitting Condor Node clean_up_local_level_3_0 job(s)...
01/19/17 18:16:15 Adding a DAGMan workflow log /home/ubuntu/wikiflow/7_0_wikiflow_1sh_1s_noannot_prim/dags/ubuntu/pegasus/example_workflow/20170119T180637+0000/./example_workflow-0.dag.nodes.log
01/19/17 18:16:15 Masking the events recorded in the DAGMAN workflow log
01/19/17 18:16:15 Mask for workflow log is 0,1,2,4,5,7,9,10,11,12,13,16,17,24,27
01/19/17 18:16:15 submitting: /usr/bin/condor_submit -a dag_node_name' '=' 'clean_up_local_level_3_0 -a +DAGManJobId' '=' '11036 -a DAGManJobId' '=' '11036 -a submit_event_notes' '=' 'DAG' 'Node:' 'clean_up_local_level_3_0 -a dagman_log' '=' '/home/ubuntu/wikiflow/7_0_wikiflow_1sh_1s_noannot_prim/dags/ubuntu/pegasus/example_workflow/20170119T180637+0000/./example_workflow-0.dag.nodes.log -a +DAGManNodesMask' '=' '"0,1,2,4,5,7,9,10,11,12,13,16,17,24,27" -a DAG_STATUS' '=' '0 -a FAILED_COUNT' '=' '0 -a +DAGParentNodeNames' '=' '"init_0_ID0000001" -a +KeepClaimIdle' '=' '20 -a notification' '=' 'never 00/00/clean_up_local_level_3_0.sub
01/19/17 18:16:15 From submit: Submitting job(s).
01/19/17 18:16:15 From submit: 1 job(s) submitted to cluster 11046.
01/19/17 18:16:15 	assigned Condor ID (11046.0.0)
01/19/17 18:16:15 Submitting Condor Node computeusergroup_0_ID0000002 job(s)...
01/19/17 18:16:15 Adding a DAGMan workflow log /home/ubuntu/wikiflow/7_0_wikiflow_1sh_1s_noannot_prim/dags/ubuntu/pegasus/example_workflow/20170119T180637+0000/./example_workflow-0.dag.nodes.log
01/19/17 18:16:15 Masking the events recorded in the DAGMAN workflow log
01/19/17 18:16:15 Mask for workflow log is 0,1,2,4,5,7,9,10,11,12,13,16,17,24,27
01/19/17 18:16:15 submitting: /usr/bin/condor_submit -a dag_node_name' '=' 'computeusergroup_0_ID0000002 -a +DAGManJobId' '=' '11036 -a DAGManJobId' '=' '11036 -a submit_event_notes' '=' 'DAG' 'Node:' 'computeusergroup_0_ID0000002 -a dagman_log' '=' '/home/ubuntu/wikiflow/7_0_wikiflow_1sh_1s_noannot_prim/dags/ubuntu/pegasus/example_workflow/20170119T180637+0000/./example_workflow-0.dag.nodes.log -a +DAGManNodesMask' '=' '"0,1,2,4,5,7,9,10,11,12,13,16,17,24,27" -a DAG_STATUS' '=' '0 -a FAILED_COUNT' '=' '0 -a +DAGParentNodeNames' '=' '"stage_in_local_local_1_0,stage_in_remote_local_1_0,init_0_ID0000001" -a +KeepClaimIdle' '=' '20 -a notification' '=' 'never 00/00/computeusergroup_0_ID0000002.sub
01/19/17 18:16:15 From submit: Submitting job(s).
01/19/17 18:16:15 From submit: 1 job(s) submitted to cluster 11047.
01/19/17 18:16:16 	assigned Condor ID (11047.0.0)
01/19/17 18:16:16 Just submitted 2 jobs this cycle...
01/19/17 18:16:16 Currently monitoring 1 Condor log file(s)
01/19/17 18:16:16 Reassigning the id of job clean_up_local_level_3_0 from (11046.0.0) to (11046.0.0)
01/19/17 18:16:16 Event: ULOG_SUBMIT for Condor Node clean_up_local_level_3_0 (11046.0.0)
01/19/17 18:16:16 Number of idle job procs: 1
01/19/17 18:16:16 Event: ULOG_EXECUTE for Condor Node clean_up_local_level_3_0 (11046.0.0)
01/19/17 18:16:16 Number of idle job procs: 0
01/19/17 18:16:16 Reassigning the id of job computeusergroup_0_ID0000002 from (11047.0.0) to (11047.0.0)
01/19/17 18:16:16 Event: ULOG_SUBMIT for Condor Node computeusergroup_0_ID0000002 (11047.0.0)
01/19/17 18:16:16 Number of idle job procs: 1
01/19/17 18:16:16 DAG status: 0 (DAG_STATUS_OK)
01/19/17 18:16:16 Of 21 nodes total:
01/19/17 18:16:16  Done     Pre   Queued    Post   Ready   Un-Ready   Failed
01/19/17 18:16:16   ===     ===      ===     ===     ===        ===      ===
01/19/17 18:16:16     9       0        2       0       0         10        0
01/19/17 18:16:16 0 job proc(s) currently held
01/19/17 18:16:21 Currently monitoring 1 Condor log file(s)
01/19/17 18:16:21 Event: ULOG_EXECUTE for Condor Node computeusergroup_0_ID0000002 (11047.0.0)
01/19/17 18:16:21 Number of idle job procs: 0
01/19/17 18:16:21 Event: ULOG_JOB_TERMINATED for Condor Node clean_up_local_level_3_0 (11046.0.0)
01/19/17 18:16:21 Number of idle job procs: 0
01/19/17 18:16:21 Node clean_up_local_level_3_0 job proc (11046.0.0) completed successfully.
01/19/17 18:16:21 Node clean_up_local_level_3_0 job completed
01/19/17 18:16:21 Running POST script of Node clean_up_local_level_3_0...
01/19/17 18:16:21 Warning: mysin has length 0 (ignore if produced by DAGMan; see gittrac #4987, #5031)
01/19/17 18:16:21 DAG status: 0 (DAG_STATUS_OK)
01/19/17 18:16:21 Of 21 nodes total:
01/19/17 18:16:21  Done     Pre   Queued    Post   Ready   Un-Ready   Failed
01/19/17 18:16:21   ===     ===      ===     ===     ===        ===      ===
01/19/17 18:16:21     9       0        1       1       0         10        0
01/19/17 18:16:21 0 job proc(s) currently held
01/19/17 18:16:21 Initializing user log writer for /home/ubuntu/wikiflow/7_0_wikiflow_1sh_1s_noannot_prim/dags/ubuntu/pegasus/example_workflow/20170119T180637+0000/./example_workflow-0.dag.nodes.log, (11046.0.0)
01/19/17 18:16:26 Currently monitoring 1 Condor log file(s)
01/19/17 18:16:26 Event: ULOG_POST_SCRIPT_TERMINATED for Condor Node clean_up_local_level_3_0 (11046.0.0)
01/19/17 18:16:26 POST Script of Node clean_up_local_level_3_0 completed successfully.
01/19/17 18:16:26 DAG status: 0 (DAG_STATUS_OK)
01/19/17 18:16:26 Of 21 nodes total:
01/19/17 18:16:26  Done     Pre   Queued    Post   Ready   Un-Ready   Failed
01/19/17 18:16:26   ===     ===      ===     ===     ===        ===      ===
01/19/17 18:16:26    10       0        1       0       0         10        0
01/19/17 18:16:26 0 job proc(s) currently held
01/19/17 18:26:26 600 seconds since last log event
01/19/17 18:26:26 Pending DAG nodes:
01/19/17 18:26:26   Node computeusergroup_0_ID0000002, Condor ID 11047, status STATUS_SUBMITTED
01/19/17 18:36:27 1201 seconds since last log event
01/19/17 18:36:27 Pending DAG nodes:
01/19/17 18:36:27   Node computeusergroup_0_ID0000002, Condor ID 11047, status STATUS_SUBMITTED
01/19/17 18:46:28 1802 seconds since last log event
01/19/17 18:46:28 Pending DAG nodes:
01/19/17 18:46:28   Node computeusergroup_0_ID0000002, Condor ID 11047, status STATUS_SUBMITTED
01/19/17 18:56:28 2402 seconds since last log event
01/19/17 18:56:28 Pending DAG nodes:
01/19/17 18:56:28   Node computeusergroup_0_ID0000002, Condor ID 11047, status STATUS_SUBMITTED
01/19/17 19:06:29 3003 seconds since last log event
01/19/17 19:06:29 Pending DAG nodes:
01/19/17 19:06:29   Node computeusergroup_0_ID0000002, Condor ID 11047, status STATUS_SUBMITTED
01/19/17 19:16:30 3604 seconds since last log event
01/19/17 19:16:30 Pending DAG nodes:
01/19/17 19:16:30   Node computeusergroup_0_ID0000002, Condor ID 11047, status STATUS_SUBMITTED
01/19/17 19:16:45 Currently monitoring 1 Condor log file(s)
01/19/17 19:16:45 Event: ULOG_JOB_TERMINATED for Condor Node computeusergroup_0_ID0000002 (11047.0.0)
01/19/17 19:16:45 Number of idle job procs: 0
01/19/17 19:16:45 Node computeusergroup_0_ID0000002 job proc (11047.0.0) completed successfully.
01/19/17 19:16:45 Node computeusergroup_0_ID0000002 job completed
01/19/17 19:16:45 Running POST script of Node computeusergroup_0_ID0000002...
01/19/17 19:16:45 Warning: mysin has length 0 (ignore if produced by DAGMan; see gittrac #4987, #5031)
01/19/17 19:16:45 DAG status: 0 (DAG_STATUS_OK)
01/19/17 19:16:45 Of 21 nodes total:
01/19/17 19:16:45  Done     Pre   Queued    Post   Ready   Un-Ready   Failed
01/19/17 19:16:45   ===     ===      ===     ===     ===        ===      ===
01/19/17 19:16:45    10       0        0       1       0         10        0
01/19/17 19:16:45 0 job proc(s) currently held
01/19/17 19:16:45 Initializing user log writer for /home/ubuntu/wikiflow/7_0_wikiflow_1sh_1s_noannot_prim/dags/ubuntu/pegasus/example_workflow/20170119T180637+0000/./example_workflow-0.dag.nodes.log, (11047.0.0)
01/19/17 19:16:50 Currently monitoring 1 Condor log file(s)
01/19/17 19:16:50 Event: ULOG_POST_SCRIPT_TERMINATED for Condor Node computeusergroup_0_ID0000002 (11047.0.0)
01/19/17 19:16:50 POST Script of Node computeusergroup_0_ID0000002 completed successfully.
01/19/17 19:16:50 DAG status: 0 (DAG_STATUS_OK)
01/19/17 19:16:50 Of 21 nodes total:
01/19/17 19:16:50  Done     Pre   Queued    Post   Ready   Un-Ready   Failed
01/19/17 19:16:50   ===     ===      ===     ===     ===        ===      ===
01/19/17 19:16:50    11       0        0       0       3          7        0
01/19/17 19:16:50 0 job proc(s) currently held
01/19/17 19:16:55 Submitting Condor Node clean_up_local_level_4_0 job(s)...
01/19/17 19:16:55 Adding a DAGMan workflow log /home/ubuntu/wikiflow/7_0_wikiflow_1sh_1s_noannot_prim/dags/ubuntu/pegasus/example_workflow/20170119T180637+0000/./example_workflow-0.dag.nodes.log
01/19/17 19:16:55 Masking the events recorded in the DAGMAN workflow log
01/19/17 19:16:55 Mask for workflow log is 0,1,2,4,5,7,9,10,11,12,13,16,17,24,27
01/19/17 19:16:55 submitting: /usr/bin/condor_submit -a dag_node_name' '=' 'clean_up_local_level_4_0 -a +DAGManJobId' '=' '11036 -a DAGManJobId' '=' '11036 -a submit_event_notes' '=' 'DAG' 'Node:' 'clean_up_local_level_4_0 -a dagman_log' '=' '/home/ubuntu/wikiflow/7_0_wikiflow_1sh_1s_noannot_prim/dags/ubuntu/pegasus/example_workflow/20170119T180637+0000/./example_workflow-0.dag.nodes.log -a +DAGManNodesMask' '=' '"0,1,2,4,5,7,9,10,11,12,13,16,17,24,27" -a DAG_STATUS' '=' '0 -a FAILED_COUNT' '=' '0 -a +DAGParentNodeNames' '=' '"computeusergroup_0_ID0000002" -a +KeepClaimIdle' '=' '20 -a notification' '=' 'never 00/00/clean_up_local_level_4_0.sub
01/19/17 19:16:55 From submit: Submitting job(s).
01/19/17 19:16:55 From submit: 1 job(s) submitted to cluster 11048.
01/19/17 19:16:55 	assigned Condor ID (11048.0.0)
01/19/17 19:16:55 Submitting Condor Node stage_out_local_local_1_0 job(s)...
01/19/17 19:16:55 Adding a DAGMan workflow log /home/ubuntu/wikiflow/7_0_wikiflow_1sh_1s_noannot_prim/dags/ubuntu/pegasus/example_workflow/20170119T180637+0000/./example_workflow-0.dag.nodes.log
01/19/17 19:16:55 Masking the events recorded in the DAGMAN workflow log
01/19/17 19:16:55 Mask for workflow log is 0,1,2,4,5,7,9,10,11,12,13,16,17,24,27
01/19/17 19:16:55 submitting: /usr/bin/condor_submit -a dag_node_name' '=' 'stage_out_local_local_1_0 -a +DAGManJobId' '=' '11036 -a DAGManJobId' '=' '11036 -a submit_event_notes' '=' 'DAG' 'Node:' 'stage_out_local_local_1_0 -a dagman_log' '=' '/home/ubuntu/wikiflow/7_0_wikiflow_1sh_1s_noannot_prim/dags/ubuntu/pegasus/example_workflow/20170119T180637+0000/./example_workflow-0.dag.nodes.log -a +DAGManNodesMask' '=' '"0,1,2,4,5,7,9,10,11,12,13,16,17,24,27" -a DAG_STATUS' '=' '0 -a FAILED_COUNT' '=' '0 -a +DAGParentNodeNames' '=' '"computeusergroup_0_ID0000002" -a +KeepClaimIdle' '=' '20 -a notification' '=' 'never 00/00/stage_out_local_local_1_0.sub
01/19/17 19:16:55 From submit: Submitting job(s).
01/19/17 19:16:55 From submit: 1 job(s) submitted to cluster 11049.
01/19/17 19:16:55 	assigned Condor ID (11049.0.0)
01/19/17 19:16:55 Submitting Condor Node sessioncompute_0_ID0000003 job(s)...
01/19/17 19:16:55 Adding a DAGMan workflow log /home/ubuntu/wikiflow/7_0_wikiflow_1sh_1s_noannot_prim/dags/ubuntu/pegasus/example_workflow/20170119T180637+0000/./example_workflow-0.dag.nodes.log
01/19/17 19:16:55 Masking the events recorded in the DAGMAN workflow log
01/19/17 19:16:55 Mask for workflow log is 0,1,2,4,5,7,9,10,11,12,13,16,17,24,27
01/19/17 19:16:55 submitting: /usr/bin/condor_submit -a dag_node_name' '=' 'sessioncompute_0_ID0000003 -a +DAGManJobId' '=' '11036 -a DAGManJobId' '=' '11036 -a submit_event_notes' '=' 'DAG' 'Node:' 'sessioncompute_0_ID0000003 -a dagman_log' '=' '/home/ubuntu/wikiflow/7_0_wikiflow_1sh_1s_noannot_prim/dags/ubuntu/pegasus/example_workflow/20170119T180637+0000/./example_workflow-0.dag.nodes.log -a +DAGManNodesMask' '=' '"0,1,2,4,5,7,9,10,11,12,13,16,17,24,27" -a DAG_STATUS' '=' '0 -a FAILED_COUNT' '=' '0 -a +DAGParentNodeNames' '=' '"stage_in_local_local_2_0,computeusergroup_0_ID0000002" -a +KeepClaimIdle' '=' '20 -a notification' '=' 'never 00/00/sessioncompute_0_ID0000003.sub
01/19/17 19:16:55 From submit: Submitting job(s).
01/19/17 19:16:55 From submit: 1 job(s) submitted to cluster 11050.
01/19/17 19:16:55 	assigned Condor ID (11050.0.0)
01/19/17 19:16:55 Just submitted 3 jobs this cycle...
01/19/17 19:16:55 Currently monitoring 1 Condor log file(s)
01/19/17 19:16:55 Reassigning the id of job clean_up_local_level_4_0 from (11048.0.0) to (11048.0.0)
01/19/17 19:16:55 Event: ULOG_SUBMIT for Condor Node clean_up_local_level_4_0 (11048.0.0)
01/19/17 19:16:55 Number of idle job procs: 1
01/19/17 19:16:55 Reassigning the id of job stage_out_local_local_1_0 from (11049.0.0) to (11049.0.0)
01/19/17 19:16:55 Event: ULOG_SUBMIT for Condor Node stage_out_local_local_1_0 (11049.0.0)
01/19/17 19:16:55 Number of idle job procs: 2
01/19/17 19:16:55 Event: ULOG_EXECUTE for Condor Node clean_up_local_level_4_0 (11048.0.0)
01/19/17 19:16:55 Number of idle job procs: 1
01/19/17 19:16:55 Reassigning the id of job sessioncompute_0_ID0000003 from (11050.0.0) to (11050.0.0)
01/19/17 19:16:55 Event: ULOG_SUBMIT for Condor Node sessioncompute_0_ID0000003 (11050.0.0)
01/19/17 19:16:55 Number of idle job procs: 2
01/19/17 19:16:55 DAG status: 0 (DAG_STATUS_OK)
01/19/17 19:16:55 Of 21 nodes total:
01/19/17 19:16:55  Done     Pre   Queued    Post   Ready   Un-Ready   Failed
01/19/17 19:16:55   ===     ===      ===     ===     ===        ===      ===
01/19/17 19:16:55    11       0        3       0       0          7        0
01/19/17 19:16:55 0 job proc(s) currently held
01/19/17 19:17:00 Currently monitoring 1 Condor log file(s)
01/19/17 19:17:00 Event: ULOG_JOB_TERMINATED for Condor Node clean_up_local_level_4_0 (11048.0.0)
01/19/17 19:17:00 Number of idle job procs: 2
01/19/17 19:17:00 Node clean_up_local_level_4_0 job proc (11048.0.0) completed successfully.
01/19/17 19:17:00 Node clean_up_local_level_4_0 job completed
01/19/17 19:17:00 Running POST script of Node clean_up_local_level_4_0...
01/19/17 19:17:00 Warning: mysin has length 0 (ignore if produced by DAGMan; see gittrac #4987, #5031)
01/19/17 19:17:00 Event: ULOG_EXECUTE for Condor Node stage_out_local_local_1_0 (11049.0.0)
01/19/17 19:17:00 Number of idle job procs: 1
01/19/17 19:17:00 DAG status: 0 (DAG_STATUS_OK)
01/19/17 19:17:00 Of 21 nodes total:
01/19/17 19:17:00  Done     Pre   Queued    Post   Ready   Un-Ready   Failed
01/19/17 19:17:00   ===     ===      ===     ===     ===        ===      ===
01/19/17 19:17:00    11       0        2       1       0          7        0
01/19/17 19:17:00 0 job proc(s) currently held
01/19/17 19:17:01 Initializing user log writer for /home/ubuntu/wikiflow/7_0_wikiflow_1sh_1s_noannot_prim/dags/ubuntu/pegasus/example_workflow/20170119T180637+0000/./example_workflow-0.dag.nodes.log, (11048.0.0)
01/19/17 19:17:05 Currently monitoring 1 Condor log file(s)
01/19/17 19:17:05 Event: ULOG_POST_SCRIPT_TERMINATED for Condor Node clean_up_local_level_4_0 (11048.0.0)
01/19/17 19:17:05 POST Script of Node clean_up_local_level_4_0 completed successfully.
01/19/17 19:17:05 Event: ULOG_JOB_TERMINATED for Condor Node stage_out_local_local_1_0 (11049.0.0)
01/19/17 19:17:05 Number of idle job procs: 1
01/19/17 19:17:05 Node stage_out_local_local_1_0 job proc (11049.0.0) completed successfully.
01/19/17 19:17:05 Node stage_out_local_local_1_0 job completed
01/19/17 19:17:05 Running POST script of Node stage_out_local_local_1_0...
01/19/17 19:17:05 Warning: mysin has length 0 (ignore if produced by DAGMan; see gittrac #4987, #5031)
01/19/17 19:17:05 DAG status: 0 (DAG_STATUS_OK)
01/19/17 19:17:05 Of 21 nodes total:
01/19/17 19:17:05  Done     Pre   Queued    Post   Ready   Un-Ready   Failed
01/19/17 19:17:05   ===     ===      ===     ===     ===        ===      ===
01/19/17 19:17:05    12       0        1       1       0          7        0
01/19/17 19:17:05 0 job proc(s) currently held
01/19/17 19:17:05 Initializing user log writer for /home/ubuntu/wikiflow/7_0_wikiflow_1sh_1s_noannot_prim/dags/ubuntu/pegasus/example_workflow/20170119T180637+0000/./example_workflow-0.dag.nodes.log, (11049.0.0)
01/19/17 19:17:10 Currently monitoring 1 Condor log file(s)
01/19/17 19:17:10 Event: ULOG_POST_SCRIPT_TERMINATED for Condor Node stage_out_local_local_1_0 (11049.0.0)
01/19/17 19:17:10 POST Script of Node stage_out_local_local_1_0 completed successfully.
01/19/17 19:17:10 DAG status: 0 (DAG_STATUS_OK)
01/19/17 19:17:10 Of 21 nodes total:
01/19/17 19:17:10  Done     Pre   Queued    Post   Ready   Un-Ready   Failed
01/19/17 19:17:10   ===     ===      ===     ===     ===        ===      ===
01/19/17 19:17:10    13       0        1       0       0          7        0
01/19/17 19:17:10 0 job proc(s) currently held
01/19/17 19:17:20 Currently monitoring 1 Condor log file(s)
01/19/17 19:17:20 Event: ULOG_EXECUTE for Condor Node sessioncompute_0_ID0000003 (11050.0.0)
01/19/17 19:17:20 Number of idle job procs: 0
01/19/17 19:27:20 600 seconds since last log event
01/19/17 19:27:20 Pending DAG nodes:
01/19/17 19:27:20   Node sessioncompute_0_ID0000003, Condor ID 11050, status STATUS_SUBMITTED
01/19/17 19:37:21 1201 seconds since last log event
01/19/17 19:37:21 Pending DAG nodes:
01/19/17 19:37:21   Node sessioncompute_0_ID0000003, Condor ID 11050, status STATUS_SUBMITTED
01/19/17 19:37:36 Currently monitoring 1 Condor log file(s)
01/19/17 19:37:36 Event: ULOG_JOB_TERMINATED for Condor Node sessioncompute_0_ID0000003 (11050.0.0)
01/19/17 19:37:36 Number of idle job procs: 0
01/19/17 19:37:36 Node sessioncompute_0_ID0000003 job proc (11050.0.0) completed successfully.
01/19/17 19:37:36 Node sessioncompute_0_ID0000003 job completed
01/19/17 19:37:36 Running POST script of Node sessioncompute_0_ID0000003...
01/19/17 19:37:36 Warning: mysin has length 0 (ignore if produced by DAGMan; see gittrac #4987, #5031)
01/19/17 19:37:36 DAG status: 0 (DAG_STATUS_OK)
01/19/17 19:37:36 Of 21 nodes total:
01/19/17 19:37:36  Done     Pre   Queued    Post   Ready   Un-Ready   Failed
01/19/17 19:37:36   ===     ===      ===     ===     ===        ===      ===
01/19/17 19:37:36    13       0        0       1       0          7        0
01/19/17 19:37:36 0 job proc(s) currently held
01/19/17 19:37:36 Initializing user log writer for /home/ubuntu/wikiflow/7_0_wikiflow_1sh_1s_noannot_prim/dags/ubuntu/pegasus/example_workflow/20170119T180637+0000/./example_workflow-0.dag.nodes.log, (11050.0.0)
01/19/17 19:37:41 Currently monitoring 1 Condor log file(s)
01/19/17 19:37:41 Event: ULOG_POST_SCRIPT_TERMINATED for Condor Node sessioncompute_0_ID0000003 (11050.0.0)
01/19/17 19:37:41 POST Script of Node sessioncompute_0_ID0000003 completed successfully.
01/19/17 19:37:41 DAG status: 0 (DAG_STATUS_OK)
01/19/17 19:37:41 Of 21 nodes total:
01/19/17 19:37:41  Done     Pre   Queued    Post   Ready   Un-Ready   Failed
01/19/17 19:37:41   ===     ===      ===     ===     ===        ===      ===
01/19/17 19:37:41    14       0        0       0       3          4        0
01/19/17 19:37:41 0 job proc(s) currently held
01/19/17 19:37:46 Submitting Condor Node longestsession_0_ID0000004 job(s)...
01/19/17 19:37:46 Adding a DAGMan workflow log /home/ubuntu/wikiflow/7_0_wikiflow_1sh_1s_noannot_prim/dags/ubuntu/pegasus/example_workflow/20170119T180637+0000/./example_workflow-0.dag.nodes.log
01/19/17 19:37:46 Masking the events recorded in the DAGMAN workflow log
01/19/17 19:37:46 Mask for workflow log is 0,1,2,4,5,7,9,10,11,12,13,16,17,24,27
01/19/17 19:37:46 submitting: /usr/bin/condor_submit -a dag_node_name' '=' 'longestsession_0_ID0000004 -a +DAGManJobId' '=' '11036 -a DAGManJobId' '=' '11036 -a submit_event_notes' '=' 'DAG' 'Node:' 'longestsession_0_ID0000004 -a dagman_log' '=' '/home/ubuntu/wikiflow/7_0_wikiflow_1sh_1s_noannot_prim/dags/ubuntu/pegasus/example_workflow/20170119T180637+0000/./example_workflow-0.dag.nodes.log -a +DAGManNodesMask' '=' '"0,1,2,4,5,7,9,10,11,12,13,16,17,24,27" -a DAG_STATUS' '=' '0 -a FAILED_COUNT' '=' '0 -a +DAGParentNodeNames' '=' '"stage_in_local_local_3_0,stage_in_remote_local_3_0,sessioncompute_0_ID0000003" -a +KeepClaimIdle' '=' '20 -a notification' '=' 'never 00/00/longestsession_0_ID0000004.sub
01/19/17 19:37:46 From submit: Submitting job(s).
01/19/17 19:37:46 From submit: 1 job(s) submitted to cluster 11051.
01/19/17 19:37:46 	assigned Condor ID (11051.0.0)
01/19/17 19:37:46 Submitting Condor Node clean_up_local_level_5_0 job(s)...
01/19/17 19:37:46 Adding a DAGMan workflow log /home/ubuntu/wikiflow/7_0_wikiflow_1sh_1s_noannot_prim/dags/ubuntu/pegasus/example_workflow/20170119T180637+0000/./example_workflow-0.dag.nodes.log
01/19/17 19:37:46 Masking the events recorded in the DAGMAN workflow log
01/19/17 19:37:46 Mask for workflow log is 0,1,2,4,5,7,9,10,11,12,13,16,17,24,27
01/19/17 19:37:46 submitting: /usr/bin/condor_submit -a dag_node_name' '=' 'clean_up_local_level_5_0 -a +DAGManJobId' '=' '11036 -a DAGManJobId' '=' '11036 -a submit_event_notes' '=' 'DAG' 'Node:' 'clean_up_local_level_5_0 -a dagman_log' '=' '/home/ubuntu/wikiflow/7_0_wikiflow_1sh_1s_noannot_prim/dags/ubuntu/pegasus/example_workflow/20170119T180637+0000/./example_workflow-0.dag.nodes.log -a +DAGManNodesMask' '=' '"0,1,2,4,5,7,9,10,11,12,13,16,17,24,27" -a DAG_STATUS' '=' '0 -a FAILED_COUNT' '=' '0 -a +DAGParentNodeNames' '=' '"stage_out_local_local_1_0,sessioncompute_0_ID0000003" -a +KeepClaimIdle' '=' '20 -a notification' '=' 'never 00/00/clean_up_local_level_5_0.sub
01/19/17 19:37:46 From submit: Submitting job(s).
01/19/17 19:37:46 From submit: 1 job(s) submitted to cluster 11052.
01/19/17 19:37:46 	assigned Condor ID (11052.0.0)
01/19/17 19:37:46 Submitting Condor Node clean_up_local_level_5_1 job(s)...
01/19/17 19:37:46 Adding a DAGMan workflow log /home/ubuntu/wikiflow/7_0_wikiflow_1sh_1s_noannot_prim/dags/ubuntu/pegasus/example_workflow/20170119T180637+0000/./example_workflow-0.dag.nodes.log
01/19/17 19:37:46 Masking the events recorded in the DAGMAN workflow log
01/19/17 19:37:46 Mask for workflow log is 0,1,2,4,5,7,9,10,11,12,13,16,17,24,27
01/19/17 19:37:46 submitting: /usr/bin/condor_submit -a dag_node_name' '=' 'clean_up_local_level_5_1 -a +DAGManJobId' '=' '11036 -a DAGManJobId' '=' '11036 -a submit_event_notes' '=' 'DAG' 'Node:' 'clean_up_local_level_5_1 -a dagman_log' '=' '/home/ubuntu/wikiflow/7_0_wikiflow_1sh_1s_noannot_prim/dags/ubuntu/pegasus/example_workflow/20170119T180637+0000/./example_workflow-0.dag.nodes.log -a +DAGManNodesMask' '=' '"0,1,2,4,5,7,9,10,11,12,13,16,17,24,27" -a DAG_STATUS' '=' '0 -a FAILED_COUNT' '=' '0 -a +DAGParentNodeNames' '=' '"sessioncompute_0_ID0000003" -a +KeepClaimIdle' '=' '20 -a notification' '=' 'never 00/00/clean_up_local_level_5_1.sub
01/19/17 19:37:46 From submit: Submitting job(s).
01/19/17 19:37:46 From submit: 1 job(s) submitted to cluster 11053.
01/19/17 19:37:46 	assigned Condor ID (11053.0.0)
01/19/17 19:37:46 Just submitted 3 jobs this cycle...
01/19/17 19:37:46 Currently monitoring 1 Condor log file(s)
01/19/17 19:37:46 Reassigning the id of job longestsession_0_ID0000004 from (11051.0.0) to (11051.0.0)
01/19/17 19:37:46 Event: ULOG_SUBMIT for Condor Node longestsession_0_ID0000004 (11051.0.0)
01/19/17 19:37:46 Number of idle job procs: 1
01/19/17 19:37:46 Reassigning the id of job clean_up_local_level_5_0 from (11052.0.0) to (11052.0.0)
01/19/17 19:37:46 Event: ULOG_SUBMIT for Condor Node clean_up_local_level_5_0 (11052.0.0)
01/19/17 19:37:46 Number of idle job procs: 2
01/19/17 19:37:46 Reassigning the id of job clean_up_local_level_5_1 from (11053.0.0) to (11053.0.0)
01/19/17 19:37:46 Event: ULOG_SUBMIT for Condor Node clean_up_local_level_5_1 (11053.0.0)
01/19/17 19:37:46 Number of idle job procs: 3
01/19/17 19:37:46 DAG status: 0 (DAG_STATUS_OK)
01/19/17 19:37:46 Of 21 nodes total:
01/19/17 19:37:46  Done     Pre   Queued    Post   Ready   Un-Ready   Failed
01/19/17 19:37:46   ===     ===      ===     ===     ===        ===      ===
01/19/17 19:37:46    14       0        3       0       0          4        0
01/19/17 19:37:46 0 job proc(s) currently held
01/19/17 19:37:51 Currently monitoring 1 Condor log file(s)
01/19/17 19:37:51 Event: ULOG_EXECUTE for Condor Node longestsession_0_ID0000004 (11051.0.0)
01/19/17 19:37:51 Number of idle job procs: 2
01/19/17 19:37:56 Currently monitoring 1 Condor log file(s)
01/19/17 19:37:56 Event: ULOG_EXECUTE for Condor Node clean_up_local_level_5_1 (11053.0.0)
01/19/17 19:37:56 Number of idle job procs: 1
01/19/17 19:37:56 Event: ULOG_EXECUTE for Condor Node clean_up_local_level_5_0 (11052.0.0)
01/19/17 19:37:56 Number of idle job procs: 0
01/19/17 19:37:56 Event: ULOG_JOB_TERMINATED for Condor Node clean_up_local_level_5_1 (11053.0.0)
01/19/17 19:37:56 Number of idle job procs: 0
01/19/17 19:37:56 Node clean_up_local_level_5_1 job proc (11053.0.0) completed successfully.
01/19/17 19:37:56 Node clean_up_local_level_5_1 job completed
01/19/17 19:37:56 Running POST script of Node clean_up_local_level_5_1...
01/19/17 19:37:56 Warning: mysin has length 0 (ignore if produced by DAGMan; see gittrac #4987, #5031)
01/19/17 19:37:56 Event: ULOG_JOB_TERMINATED for Condor Node clean_up_local_level_5_0 (11052.0.0)
01/19/17 19:37:56 Number of idle job procs: 0
01/19/17 19:37:56 Node clean_up_local_level_5_0 job proc (11052.0.0) completed successfully.
01/19/17 19:37:56 Node clean_up_local_level_5_0 job completed
01/19/17 19:37:56 Running POST script of Node clean_up_local_level_5_0...
01/19/17 19:37:56 Warning: mysin has length 0 (ignore if produced by DAGMan; see gittrac #4987, #5031)
01/19/17 19:37:56 DAG status: 0 (DAG_STATUS_OK)
01/19/17 19:37:56 Of 21 nodes total:
01/19/17 19:37:56  Done     Pre   Queued    Post   Ready   Un-Ready   Failed
01/19/17 19:37:56   ===     ===      ===     ===     ===        ===      ===
01/19/17 19:37:56    14       0        1       2       0          4        0
01/19/17 19:37:56 0 job proc(s) currently held
01/19/17 19:37:57 Initializing user log writer for /home/ubuntu/wikiflow/7_0_wikiflow_1sh_1s_noannot_prim/dags/ubuntu/pegasus/example_workflow/20170119T180637+0000/./example_workflow-0.dag.nodes.log, (11053.0.0)
01/19/17 19:37:57 Initializing user log writer for /home/ubuntu/wikiflow/7_0_wikiflow_1sh_1s_noannot_prim/dags/ubuntu/pegasus/example_workflow/20170119T180637+0000/./example_workflow-0.dag.nodes.log, (11052.0.0)
01/19/17 19:38:01 Currently monitoring 1 Condor log file(s)
01/19/17 19:38:01 Event: ULOG_POST_SCRIPT_TERMINATED for Condor Node clean_up_local_level_5_1 (11053.0.0)
01/19/17 19:38:01 POST Script of Node clean_up_local_level_5_1 completed successfully.
01/19/17 19:38:01 Event: ULOG_POST_SCRIPT_TERMINATED for Condor Node clean_up_local_level_5_0 (11052.0.0)
01/19/17 19:38:01 POST Script of Node clean_up_local_level_5_0 completed successfully.
01/19/17 19:38:01 DAG status: 0 (DAG_STATUS_OK)
01/19/17 19:38:01 Of 21 nodes total:
01/19/17 19:38:01  Done     Pre   Queued    Post   Ready   Un-Ready   Failed
01/19/17 19:38:01   ===     ===      ===     ===     ===        ===      ===
01/19/17 19:38:01    16       0        1       0       0          4        0
01/19/17 19:38:01 0 job proc(s) currently held
01/19/17 19:38:06 Currently monitoring 1 Condor log file(s)
01/19/17 19:38:06 Event: ULOG_JOB_TERMINATED for Condor Node longestsession_0_ID0000004 (11051.0.0)
01/19/17 19:38:06 Number of idle job procs: 0
01/19/17 19:38:06 Node longestsession_0_ID0000004 job proc (11051.0.0) completed successfully.
01/19/17 19:38:06 Node longestsession_0_ID0000004 job completed
01/19/17 19:38:06 Running POST script of Node longestsession_0_ID0000004...
01/19/17 19:38:06 Warning: mysin has length 0 (ignore if produced by DAGMan; see gittrac #4987, #5031)
01/19/17 19:38:06 DAG status: 0 (DAG_STATUS_OK)
01/19/17 19:38:06 Of 21 nodes total:
01/19/17 19:38:06  Done     Pre   Queued    Post   Ready   Un-Ready   Failed
01/19/17 19:38:06   ===     ===      ===     ===     ===        ===      ===
01/19/17 19:38:06    16       0        0       1       0          4        0
01/19/17 19:38:06 0 job proc(s) currently held
01/19/17 19:38:06 Initializing user log writer for /home/ubuntu/wikiflow/7_0_wikiflow_1sh_1s_noannot_prim/dags/ubuntu/pegasus/example_workflow/20170119T180637+0000/./example_workflow-0.dag.nodes.log, (11051.0.0)
01/19/17 19:38:11 Currently monitoring 1 Condor log file(s)
01/19/17 19:38:11 Event: ULOG_POST_SCRIPT_TERMINATED for Condor Node longestsession_0_ID0000004 (11051.0.0)
01/19/17 19:38:11 POST Script of Node longestsession_0_ID0000004 completed successfully.
01/19/17 19:38:11 DAG status: 0 (DAG_STATUS_OK)
01/19/17 19:38:11 Of 21 nodes total:
01/19/17 19:38:11  Done     Pre   Queued    Post   Ready   Un-Ready   Failed
01/19/17 19:38:11   ===     ===      ===     ===     ===        ===      ===
01/19/17 19:38:11    17       0        0       0       2          2        0
01/19/17 19:38:11 0 job proc(s) currently held
01/19/17 19:38:16 Submitting Condor Node terminate_0_ID0000005 job(s)...
01/19/17 19:38:16 Adding a DAGMan workflow log /home/ubuntu/wikiflow/7_0_wikiflow_1sh_1s_noannot_prim/dags/ubuntu/pegasus/example_workflow/20170119T180637+0000/./example_workflow-0.dag.nodes.log
01/19/17 19:38:16 Masking the events recorded in the DAGMAN workflow log
01/19/17 19:38:16 Mask for workflow log is 0,1,2,4,5,7,9,10,11,12,13,16,17,24,27
01/19/17 19:38:16 submitting: /usr/bin/condor_submit -a dag_node_name' '=' 'terminate_0_ID0000005 -a +DAGManJobId' '=' '11036 -a DAGManJobId' '=' '11036 -a submit_event_notes' '=' 'DAG' 'Node:' 'terminate_0_ID0000005 -a dagman_log' '=' '/home/ubuntu/wikiflow/7_0_wikiflow_1sh_1s_noannot_prim/dags/ubuntu/pegasus/example_workflow/20170119T180637+0000/./example_workflow-0.dag.nodes.log -a +DAGManNodesMask' '=' '"0,1,2,4,5,7,9,10,11,12,13,16,17,24,27" -a DAG_STATUS' '=' '0 -a FAILED_COUNT' '=' '0 -a +DAGParentNodeNames' '=' '"stage_in_local_local_4_0,longestsession_0_ID0000004" -a +KeepClaimIdle' '=' '20 -a notification' '=' 'never 00/00/terminate_0_ID0000005.sub
01/19/17 19:38:16 From submit: Submitting job(s).
01/19/17 19:38:16 From submit: 1 job(s) submitted to cluster 11054.
01/19/17 19:38:16 	assigned Condor ID (11054.0.0)
01/19/17 19:38:16 Submitting Condor Node clean_up_local_level_6_0 job(s)...
01/19/17 19:38:16 Adding a DAGMan workflow log /home/ubuntu/wikiflow/7_0_wikiflow_1sh_1s_noannot_prim/dags/ubuntu/pegasus/example_workflow/20170119T180637+0000/./example_workflow-0.dag.nodes.log
01/19/17 19:38:16 Masking the events recorded in the DAGMAN workflow log
01/19/17 19:38:16 Mask for workflow log is 0,1,2,4,5,7,9,10,11,12,13,16,17,24,27
01/19/17 19:38:16 submitting: /usr/bin/condor_submit -a dag_node_name' '=' 'clean_up_local_level_6_0 -a +DAGManJobId' '=' '11036 -a DAGManJobId' '=' '11036 -a submit_event_notes' '=' 'DAG' 'Node:' 'clean_up_local_level_6_0 -a dagman_log' '=' '/home/ubuntu/wikiflow/7_0_wikiflow_1sh_1s_noannot_prim/dags/ubuntu/pegasus/example_workflow/20170119T180637+0000/./example_workflow-0.dag.nodes.log -a +DAGManNodesMask' '=' '"0,1,2,4,5,7,9,10,11,12,13,16,17,24,27" -a DAG_STATUS' '=' '0 -a FAILED_COUNT' '=' '0 -a +DAGParentNodeNames' '=' '"longestsession_0_ID0000004" -a +KeepClaimIdle' '=' '20 -a notification' '=' 'never 00/00/clean_up_local_level_6_0.sub
01/19/17 19:38:16 From submit: Submitting job(s).
01/19/17 19:38:16 From submit: 1 job(s) submitted to cluster 11055.
01/19/17 19:38:16 	assigned Condor ID (11055.0.0)
01/19/17 19:38:16 Just submitted 2 jobs this cycle...
01/19/17 19:38:16 Currently monitoring 1 Condor log file(s)
01/19/17 19:38:16 Reassigning the id of job terminate_0_ID0000005 from (11054.0.0) to (11054.0.0)
01/19/17 19:38:16 Event: ULOG_SUBMIT for Condor Node terminate_0_ID0000005 (11054.0.0)
01/19/17 19:38:16 Number of idle job procs: 1
01/19/17 19:38:16 Reassigning the id of job clean_up_local_level_6_0 from (11055.0.0) to (11055.0.0)
01/19/17 19:38:16 Event: ULOG_SUBMIT for Condor Node clean_up_local_level_6_0 (11055.0.0)
01/19/17 19:38:16 Number of idle job procs: 2
01/19/17 19:38:16 DAG status: 0 (DAG_STATUS_OK)
01/19/17 19:38:16 Of 21 nodes total:
01/19/17 19:38:16  Done     Pre   Queued    Post   Ready   Un-Ready   Failed
01/19/17 19:38:16   ===     ===      ===     ===     ===        ===      ===
01/19/17 19:38:16    17       0        2       0       0          2        0
01/19/17 19:38:16 0 job proc(s) currently held
01/19/17 19:38:21 Currently monitoring 1 Condor log file(s)
01/19/17 19:38:21 Event: ULOG_EXECUTE for Condor Node terminate_0_ID0000005 (11054.0.0)
01/19/17 19:38:21 Number of idle job procs: 1
01/19/17 19:38:21 Event: ULOG_JOB_TERMINATED for Condor Node terminate_0_ID0000005 (11054.0.0)
01/19/17 19:38:21 Number of idle job procs: 1
01/19/17 19:38:21 Node terminate_0_ID0000005 job proc (11054.0.0) completed successfully.
01/19/17 19:38:21 Node terminate_0_ID0000005 job completed
01/19/17 19:38:21 Running POST script of Node terminate_0_ID0000005...
01/19/17 19:38:21 Warning: mysin has length 0 (ignore if produced by DAGMan; see gittrac #4987, #5031)
01/19/17 19:38:21 DAG status: 0 (DAG_STATUS_OK)
01/19/17 19:38:21 Of 21 nodes total:
01/19/17 19:38:21  Done     Pre   Queued    Post   Ready   Un-Ready   Failed
01/19/17 19:38:21   ===     ===      ===     ===     ===        ===      ===
01/19/17 19:38:21    17       0        1       1       0          2        0
01/19/17 19:38:21 0 job proc(s) currently held
01/19/17 19:38:21 Initializing user log writer for /home/ubuntu/wikiflow/7_0_wikiflow_1sh_1s_noannot_prim/dags/ubuntu/pegasus/example_workflow/20170119T180637+0000/./example_workflow-0.dag.nodes.log, (11054.0.0)
01/19/17 19:38:26 Currently monitoring 1 Condor log file(s)
01/19/17 19:38:26 Event: ULOG_EXECUTE for Condor Node clean_up_local_level_6_0 (11055.0.0)
01/19/17 19:38:26 Number of idle job procs: 0
01/19/17 19:38:26 Event: ULOG_POST_SCRIPT_TERMINATED for Condor Node terminate_0_ID0000005 (11054.0.0)
01/19/17 19:38:26 POST Script of Node terminate_0_ID0000005 completed successfully.
01/19/17 19:38:26 Event: ULOG_JOB_TERMINATED for Condor Node clean_up_local_level_6_0 (11055.0.0)
01/19/17 19:38:26 Number of idle job procs: 0
01/19/17 19:38:26 Node clean_up_local_level_6_0 job proc (11055.0.0) completed successfully.
01/19/17 19:38:26 Node clean_up_local_level_6_0 job completed
01/19/17 19:38:26 Running POST script of Node clean_up_local_level_6_0...
01/19/17 19:38:26 Warning: mysin has length 0 (ignore if produced by DAGMan; see gittrac #4987, #5031)
01/19/17 19:38:26 DAG status: 0 (DAG_STATUS_OK)
01/19/17 19:38:26 Of 21 nodes total:
01/19/17 19:38:26  Done     Pre   Queued    Post   Ready   Un-Ready   Failed
01/19/17 19:38:26   ===     ===      ===     ===     ===        ===      ===
01/19/17 19:38:26    18       0        0       1       1          1        0
01/19/17 19:38:26 0 job proc(s) currently held
01/19/17 19:38:26 Initializing user log writer for /home/ubuntu/wikiflow/7_0_wikiflow_1sh_1s_noannot_prim/dags/ubuntu/pegasus/example_workflow/20170119T180637+0000/./example_workflow-0.dag.nodes.log, (11055.0.0)
01/19/17 19:38:31 Submitting Condor Node clean_up_local_level_7_0 job(s)...
01/19/17 19:38:31 Adding a DAGMan workflow log /home/ubuntu/wikiflow/7_0_wikiflow_1sh_1s_noannot_prim/dags/ubuntu/pegasus/example_workflow/20170119T180637+0000/./example_workflow-0.dag.nodes.log
01/19/17 19:38:31 Masking the events recorded in the DAGMAN workflow log
01/19/17 19:38:31 Mask for workflow log is 0,1,2,4,5,7,9,10,11,12,13,16,17,24,27
01/19/17 19:38:31 submitting: /usr/bin/condor_submit -a dag_node_name' '=' 'clean_up_local_level_7_0 -a +DAGManJobId' '=' '11036 -a DAGManJobId' '=' '11036 -a submit_event_notes' '=' 'DAG' 'Node:' 'clean_up_local_level_7_0 -a dagman_log' '=' '/home/ubuntu/wikiflow/7_0_wikiflow_1sh_1s_noannot_prim/dags/ubuntu/pegasus/example_workflow/20170119T180637+0000/./example_workflow-0.dag.nodes.log -a +DAGManNodesMask' '=' '"0,1,2,4,5,7,9,10,11,12,13,16,17,24,27" -a DAG_STATUS' '=' '0 -a FAILED_COUNT' '=' '0 -a +DAGParentNodeNames' '=' '"terminate_0_ID0000005" -a +KeepClaimIdle' '=' '20 -a notification' '=' 'never 00/00/clean_up_local_level_7_0.sub
01/19/17 19:38:31 From submit: Submitting job(s).
01/19/17 19:38:31 From submit: 1 job(s) submitted to cluster 11056.
01/19/17 19:38:31 	assigned Condor ID (11056.0.0)
01/19/17 19:38:31 Just submitted 1 job this cycle...
01/19/17 19:38:31 Currently monitoring 1 Condor log file(s)
01/19/17 19:38:31 Event: ULOG_POST_SCRIPT_TERMINATED for Condor Node clean_up_local_level_6_0 (11055.0.0)
01/19/17 19:38:31 POST Script of Node clean_up_local_level_6_0 completed successfully.
01/19/17 19:38:31 Reassigning the id of job clean_up_local_level_7_0 from (11056.0.0) to (11056.0.0)
01/19/17 19:38:31 Event: ULOG_SUBMIT for Condor Node clean_up_local_level_7_0 (11056.0.0)
01/19/17 19:38:31 Number of idle job procs: 1
01/19/17 19:38:31 DAG status: 0 (DAG_STATUS_OK)
01/19/17 19:38:31 Of 21 nodes total:
01/19/17 19:38:31  Done     Pre   Queued    Post   Ready   Un-Ready   Failed
01/19/17 19:38:31   ===     ===      ===     ===     ===        ===      ===
01/19/17 19:38:31    19       0        1       0       0          1        0
01/19/17 19:38:31 0 job proc(s) currently held
01/19/17 19:38:37 Currently monitoring 1 Condor log file(s)
01/19/17 19:38:37 Event: ULOG_EXECUTE for Condor Node clean_up_local_level_7_0 (11056.0.0)
01/19/17 19:38:37 Number of idle job procs: 0
01/19/17 19:38:37 Event: ULOG_JOB_TERMINATED for Condor Node clean_up_local_level_7_0 (11056.0.0)
01/19/17 19:38:37 Number of idle job procs: 0
01/19/17 19:38:37 Node clean_up_local_level_7_0 job proc (11056.0.0) completed successfully.
01/19/17 19:38:37 Node clean_up_local_level_7_0 job completed
01/19/17 19:38:37 Running POST script of Node clean_up_local_level_7_0...
01/19/17 19:38:37 Warning: mysin has length 0 (ignore if produced by DAGMan; see gittrac #4987, #5031)
01/19/17 19:38:37 DAG status: 0 (DAG_STATUS_OK)
01/19/17 19:38:37 Of 21 nodes total:
01/19/17 19:38:37  Done     Pre   Queued    Post   Ready   Un-Ready   Failed
01/19/17 19:38:37   ===     ===      ===     ===     ===        ===      ===
01/19/17 19:38:37    19       0        0       1       0          1        0
01/19/17 19:38:37 0 job proc(s) currently held
01/19/17 19:38:37 Initializing user log writer for /home/ubuntu/wikiflow/7_0_wikiflow_1sh_1s_noannot_prim/dags/ubuntu/pegasus/example_workflow/20170119T180637+0000/./example_workflow-0.dag.nodes.log, (11056.0.0)
01/19/17 19:38:42 Currently monitoring 1 Condor log file(s)
01/19/17 19:38:42 Event: ULOG_POST_SCRIPT_TERMINATED for Condor Node clean_up_local_level_7_0 (11056.0.0)
01/19/17 19:38:42 POST Script of Node clean_up_local_level_7_0 completed successfully.
01/19/17 19:38:42 DAG status: 0 (DAG_STATUS_OK)
01/19/17 19:38:42 Of 21 nodes total:
01/19/17 19:38:42  Done     Pre   Queued    Post   Ready   Un-Ready   Failed
01/19/17 19:38:42   ===     ===      ===     ===     ===        ===      ===
01/19/17 19:38:42    20       0        0       0       1          0        0
01/19/17 19:38:42 0 job proc(s) currently held
01/19/17 19:38:47 Submitting Condor Node cleanup_example_workflow_0_local job(s)...
01/19/17 19:38:47 Adding a DAGMan workflow log /home/ubuntu/wikiflow/7_0_wikiflow_1sh_1s_noannot_prim/dags/ubuntu/pegasus/example_workflow/20170119T180637+0000/./example_workflow-0.dag.nodes.log
01/19/17 19:38:47 Masking the events recorded in the DAGMAN workflow log
01/19/17 19:38:47 Mask for workflow log is 0,1,2,4,5,7,9,10,11,12,13,16,17,24,27
01/19/17 19:38:47 submitting: /usr/bin/condor_submit -a dag_node_name' '=' 'cleanup_example_workflow_0_local -a +DAGManJobId' '=' '11036 -a DAGManJobId' '=' '11036 -a submit_event_notes' '=' 'DAG' 'Node:' 'cleanup_example_workflow_0_local -a dagman_log' '=' '/home/ubuntu/wikiflow/7_0_wikiflow_1sh_1s_noannot_prim/dags/ubuntu/pegasus/example_workflow/20170119T180637+0000/./example_workflow-0.dag.nodes.log -a +DAGManNodesMask' '=' '"0,1,2,4,5,7,9,10,11,12,13,16,17,24,27" -a DAG_STATUS' '=' '0 -a FAILED_COUNT' '=' '0 -a +DAGParentNodeNames' '=' '"clean_up_local_level_3_0,clean_up_local_level_4_0,clean_up_local_level_5_0,clean_up_local_level_5_1,clean_up_local_level_6_0,clean_up_local_level_7_0" -a notification' '=' 'never 00/00/cleanup_example_workflow_0_local.sub
01/19/17 19:38:47 From submit: Submitting job(s).
01/19/17 19:38:47 From submit: 1 job(s) submitted to cluster 11057.
01/19/17 19:38:47 	assigned Condor ID (11057.0.0)
01/19/17 19:38:47 Just submitted 1 job this cycle...
01/19/17 19:38:47 Currently monitoring 1 Condor log file(s)
01/19/17 19:38:47 Reassigning the id of job cleanup_example_workflow_0_local from (11057.0.0) to (11057.0.0)
01/19/17 19:38:47 Event: ULOG_SUBMIT for Condor Node cleanup_example_workflow_0_local (11057.0.0)
01/19/17 19:38:47 Number of idle job procs: 1
01/19/17 19:38:47 DAG status: 0 (DAG_STATUS_OK)
01/19/17 19:38:47 Of 21 nodes total:
01/19/17 19:38:47  Done     Pre   Queued    Post   Ready   Un-Ready   Failed
01/19/17 19:38:47   ===     ===      ===     ===     ===        ===      ===
01/19/17 19:38:47    20       0        1       0       0          0        0
01/19/17 19:38:47 0 job proc(s) currently held
01/19/17 19:38:52 Currently monitoring 1 Condor log file(s)
01/19/17 19:38:52 Event: ULOG_EXECUTE for Condor Node cleanup_example_workflow_0_local (11057.0.0)
01/19/17 19:38:52 Number of idle job procs: 0
01/19/17 19:38:52 Event: ULOG_JOB_TERMINATED for Condor Node cleanup_example_workflow_0_local (11057.0.0)
01/19/17 19:38:52 Number of idle job procs: 0
01/19/17 19:38:52 Node cleanup_example_workflow_0_local job proc (11057.0.0) completed successfully.
01/19/17 19:38:52 Node cleanup_example_workflow_0_local job completed
01/19/17 19:38:52 DAG status: 0 (DAG_STATUS_OK)
01/19/17 19:38:52 Of 21 nodes total:
01/19/17 19:38:52  Done     Pre   Queued    Post   Ready   Un-Ready   Failed
01/19/17 19:38:52   ===     ===      ===     ===     ===        ===      ===
01/19/17 19:38:52    21       0        0       0       0          0        0
01/19/17 19:38:52 0 job proc(s) currently held
01/19/17 19:38:52 All jobs Completed!
01/19/17 19:38:52 Note: 0 total job deferrals because of -MaxJobs limit (0)
01/19/17 19:38:52 Note: 0 total job deferrals because of -MaxIdle limit (1000)
01/19/17 19:38:52 Note: 0 total job deferrals because of node category throttles
01/19/17 19:38:52 Note: 0 total PRE script deferrals because of -MaxPre limit (20) or DEFER
01/19/17 19:38:52 Note: 0 total POST script deferrals because of -MaxPost limit (20) or DEFER
01/19/17 19:38:52 DAG status: 0 (DAG_STATUS_OK)
01/19/17 19:38:52 Of 21 nodes total:
01/19/17 19:38:52  Done     Pre   Queued    Post   Ready   Un-Ready   Failed
01/19/17 19:38:52   ===     ===      ===     ===     ===        ===      ===
01/19/17 19:38:52    21       0        0       0       0          0        0
01/19/17 19:38:52 0 job proc(s) currently held
01/19/17 19:38:52 Wrote metrics file example_workflow-0.dag.metrics.
01/19/17 19:38:52 Reporting metrics to Pegasus metrics server(s); output is in example_workflow-0.dag.metrics.out.
01/19/17 19:38:52 Running command </usr/lib/condor/libexec/condor_dagman_metrics_reporter -f example_workflow-0.dag.metrics -t 100>
01/19/17 19:38:52 Warning: mysin has length 0 (ignore if produced by DAGMan; see gittrac #4987, #5031)
01/19/17 19:38:52 **** condor_scheduniv_exec.11036.0 (condor_DAGMAN) pid 82274 EXITING WITH STATUS 0
