{"name": ".//00/00/create_dir_example_workflow_0_local.out", "timestamp": "2016-10-25T02:26:19.778842", "exitcode": 0, "app_exitcode": 0, "retry": 0, "std_out": "", "std_err": ""}
{"name": ".//00/00/stage_in_remote_local_2_1.out", "timestamp": "2016-10-25T02:26:35.768987", "exitcode": 0, "app_exitcode": 0, "retry": 0, "std_out": "", "std_err": ""}
{"name": ".//00/00/stage_in_remote_local_5_1.out", "timestamp": "2016-10-25T02:26:36.041926", "exitcode": 0, "app_exitcode": 0, "retry": 0, "std_out": "", "std_err": ""}
{"name": ".//00/00/stage_in_local_local_6_0.out", "timestamp": "2016-10-25T02:26:36.075301", "exitcode": 0, "app_exitcode": 0, "retry": 0, "std_out": "", "std_err": ""}
{"name": ".//00/00/stage_in_local_local_0_0.out", "timestamp": "2016-10-25T02:26:36.082872", "exitcode": 0, "app_exitcode": 0, "retry": 0, "std_out": "", "std_err": ""}
{"name": ".//00/00/stage_in_remote_local_5_0.out", "timestamp": "2016-10-25T02:26:40.615630", "exitcode": 0, "app_exitcode": 0, "retry": 0, "std_out": "", "std_err": ""}
{"name": ".//00/00/stage_in_remote_local_1_0.out", "timestamp": "2016-10-25T02:26:40.837051", "exitcode": 0, "app_exitcode": 0, "retry": 0, "std_out": "", "std_err": ""}
{"name": ".//00/00/stage_in_local_local_2_1.out", "timestamp": "2016-10-25T02:26:40.854023", "exitcode": 0, "app_exitcode": 0, "retry": 0, "std_out": "", "std_err": ""}
{"name": ".//00/00/stage_in_local_local_3_1.out", "timestamp": "2016-10-25T02:26:40.875297", "exitcode": 0, "app_exitcode": 0, "retry": 0, "std_out": "", "std_err": ""}
{"name": ".//00/00/stage_in_local_local_3_0.out", "timestamp": "2016-10-25T02:26:46.954413", "exitcode": 0, "app_exitcode": 0, "retry": 0, "std_out": "", "std_err": ""}
{"name": ".//00/00/stage_in_local_local_1_0.out", "timestamp": "2016-10-25T02:26:46.990164", "exitcode": 0, "app_exitcode": 0, "retry": 0, "std_out": "", "std_err": ""}
{"name": ".//00/00/stage_in_local_local_5_1.out", "timestamp": "2016-10-25T02:26:47.391822", "exitcode": 0, "app_exitcode": 0, "retry": 0, "std_out": "", "std_err": ""}
{"name": ".//00/00/stage_in_local_local_2_0.out", "timestamp": "2016-10-25T02:26:47.706538", "exitcode": 0, "app_exitcode": 0, "retry": 0, "std_out": "", "std_err": ""}
{"name": ".//00/00/stage_in_local_local_7_0.out", "timestamp": "2016-10-25T02:26:47.817338", "exitcode": 0, "app_exitcode": 0, "retry": 0, "std_out": "", "std_err": ""}
{"name": ".//00/00/stage_in_local_local_5_0.out", "timestamp": "2016-10-25T02:26:53.230640", "exitcode": 0, "app_exitcode": 0, "retry": 0, "std_out": "", "std_err": ""}
{"name": ".//00/00/stage_in_remote_local_4_0.out", "timestamp": "2016-10-25T02:26:53.258945", "exitcode": 0, "app_exitcode": 0, "retry": 0, "std_out": "", "std_err": ""}
{"name": ".//00/00/stage_in_local_local_4_1.out", "timestamp": "2016-10-25T02:26:53.233560", "exitcode": 0, "app_exitcode": 0, "retry": 0, "std_out": "", "std_err": ""}
{"name": ".//00/00/stage_in_local_local_4_0.out", "timestamp": "2016-10-25T02:26:53.324782", "exitcode": 0, "app_exitcode": 0, "retry": 0, "std_out": "", "std_err": ""}
{"name": ".//00/00/stage_in_remote_local_3_1.out", "timestamp": "2016-10-25T02:26:53.394640", "exitcode": 0, "app_exitcode": 0, "retry": 0, "std_out": "", "std_err": ""}
{"name": ".//00/00/stage_in_remote_local_2_0.out", "timestamp": "2016-10-25T02:26:53.416125", "exitcode": 0, "app_exitcode": 0, "retry": 0, "std_out": "", "std_err": ""}
{"name": ".//00/00/stage_in_remote_local_4_1.out", "timestamp": "2016-10-25T02:26:53.436321", "exitcode": 0, "app_exitcode": 0, "retry": 0, "std_out": "", "std_err": ""}
{"name": ".//00/00/stage_in_remote_local_3_0.out", "timestamp": "2016-10-25T02:26:57.710251", "exitcode": 0, "app_exitcode": 0, "retry": 0, "std_out": "", "std_err": ""}
{"name": ".//00/00/stage_in_remote_local_6_0.out", "timestamp": "2016-10-25T02:26:57.730921", "exitcode": 0, "app_exitcode": 0, "retry": 0, "std_out": "", "std_err": ""}
{"name": ".//00/00/init_0_ID0000001.out", "timestamp": "2016-10-25T02:27:57.939660", "exitcode": 0, "app_exitcode": 0, "retry": 0, "std_out": "", "std_err": ""}
{"name": ".//00/01/clean_up_local_level_3_0.out", "timestamp": "2016-10-25T02:28:13.318006", "exitcode": 0, "app_exitcode": 0, "retry": 0, "std_out": "", "std_err": ""}
{"name": ".//00/00/generalinfo_0_ID0000002.out", "timestamp": "2016-10-25T02:32:18.727913", "exitcode": 0, "app_exitcode": 0, "retry": 0, "std_out": "", "std_err": ""}
{"name": ".//00/01/clean_up_local_level_4_0.out", "timestamp": "2016-10-25T02:32:34.299073", "exitcode": 0, "app_exitcode": 0, "retry": 0, "std_out": "", "std_err": ""}
{"name": ".//00/00/statscpumemory_0_ID0000003.out", "timestamp": "2016-10-25T02:41:09.981822", "exitcode": 0, "app_exitcode": 0, "retry": 0, "std_out": "", "std_err": ""}
{"name": ".//00/00/medianmemory_0_ID0000005.out", "timestamp": "2016-10-25T02:41:35.157777", "exitcode": 0, "app_exitcode": 0, "retry": 0, "std_out": "", "std_err": ""}
{"name": ".//00/00/mediancpu_0_ID0000004.out", "timestamp": "2016-10-25T02:41:50.652219", "exitcode": 0, "app_exitcode": 0, "retry": 0, "std_out": "", "std_err": ""}
{"name": ".//00/01/clean_up_local_level_5_0.out", "timestamp": "2016-10-25T02:41:55.797692", "exitcode": 0, "app_exitcode": 0, "retry": 0, "std_out": "", "std_err": ""}
{"name": ".//00/01/clean_up_local_level_5_1.out", "timestamp": "2016-10-25T02:42:11.529414", "exitcode": 0, "app_exitcode": 0, "retry": 0, "std_out": "", "std_err": ""}
{"name": ".//00/00/taskevent_2_ID0000008.out", "timestamp": "2016-10-25T02:46:06.924816", "exitcode": 0, "app_exitcode": 0, "retry": 0, "std_out": "", "std_err": ""}
{"name": ".//00/01/clean_up_local_level_6_1.out", "timestamp": "2016-10-25T02:46:27.175796", "exitcode": 0, "app_exitcode": 0, "retry": 0, "std_out": "", "std_err": ""}
{"name": ".//00/00/taskevent_1_ID0000007.out", "timestamp": "2016-10-25T02:48:32.444445", "exitcode": 0, "app_exitcode": 0, "retry": 0, "std_out": "", "std_err": ""}
{"name": ".//00/00/taskevent_0_ID0000006.out", "timestamp": "2016-10-25T02:51:32.782444", "exitcode": 0, "app_exitcode": 0, "retry": 0, "std_out": "", "std_err": ""}
{"name": ".//00/01/clean_up_local_level_6_0.out", "timestamp": "2016-10-25T02:52:03.413144", "exitcode": 0, "app_exitcode": 0, "retry": 0, "std_out": "", "std_err": ""}
{"name": ".//00/00/calculateratio_2_ID0000011.out", "timestamp": "2016-10-25T02:56:28.838119", "exitcode": 0, "app_exitcode": 0, "retry": 0, "std_out": "", "std_err": ""}
{"name": ".//00/00/calculateratio_0_ID0000009.out", "timestamp": "2016-10-25T02:56:49.010717", "exitcode": 0, "app_exitcode": 0, "retry": 0, "std_out": "", "std_err": ""}
{"name": ".//00/00/clean_up_local_level_7_1.out", "timestamp": "2016-10-25T02:57:08.267608", "exitcode": 0, "app_exitcode": 0, "retry": 0, "std_out": "", "std_err": ""}
{"name": ".//00/00/calculateratio_1_ID0000010.out", "timestamp": "2016-10-25T02:57:18.417905", "exitcode": 0, "app_exitcode": 0, "retry": 0, "std_out": "", "std_err": ""}
{"name": ".//00/00/averageratioevent_2_ID0000014.out", "timestamp": "2016-10-25T02:57:44.021730", "exitcode": 0, "app_exitcode": 0, "retry": 0, "std_out": "", "std_err": ""}
{"name": ".//00/00/clean_up_local_level_7_0.out", "timestamp": "2016-10-25T02:57:48.171150", "exitcode": 0, "app_exitcode": 0, "retry": 0, "std_out": "", "std_err": ""}
{"name": ".//00/00/clean_up_local_level_8_1.out", "timestamp": "2016-10-25T02:57:58.403797", "exitcode": 0, "app_exitcode": 0, "retry": 0, "std_out": "", "std_err": ""}
{"name": ".//00/00/averageratioevent_0_ID0000012.out", "timestamp": "2016-10-25T02:58:03.550213", "exitcode": 0, "app_exitcode": 0, "retry": 0, "std_out": "", "std_err": ""}
{"name": ".//00/00/averageratioevent_1_ID0000013.out", "timestamp": "2016-10-25T02:58:13.713643", "exitcode": 0, "app_exitcode": 0, "retry": 0, "std_out": "", "std_err": ""}
{"name": ".//00/00/analysisevent_0_ID0000015.out", "timestamp": "2016-10-25T02:58:29.131816", "exitcode": 0, "app_exitcode": 0, "retry": 0, "std_out": "", "std_err": ""}
{"name": ".//00/00/clean_up_local_level_8_0.out", "timestamp": "2016-10-25T02:58:34.273707", "exitcode": 0, "app_exitcode": 0, "retry": 0, "std_out": "", "std_err": ""}
{"name": ".//00/00/terminate_0_ID0000016.out", "timestamp": "2016-10-25T02:58:44.721566", "exitcode": 0, "app_exitcode": 0, "retry": 0, "std_out": "", "std_err": ""}
{"name": ".//00/00/clean_up_local_level_9_0.out", "timestamp": "2016-10-25T02:58:49.880776", "exitcode": 0, "app_exitcode": 0, "retry": 0, "std_out": "", "std_err": ""}
{"name": ".//00/00/clean_up_local_level_10_0.out", "timestamp": "2016-10-25T02:59:00.119106", "exitcode": 0, "app_exitcode": 0, "retry": 0, "std_out": "", "std_err": ""}
